# Starting date:             2014-12-15 14:58:41
# Cluster job name:          fribourg.20t1200m2_2_of_5_1
# Cluster job ID:            181597
# Cluster node:              hnode37
# Cluster queue:             mpi.q
# Complementation algorithm: fribourg
# Data:                      20.03_of_10.tar.gz
# Memory limit (Java heap):  2G
# Timeout (CPU time):        1200s
states	t_out	m_out	real_t	tcpu_t	ucpu_t	scpu_t	dt	da	file
25919	N	N	90.160	98.982	98.378	0.604	1.4	0.3	s20_t1.4_a0.3_001.gff
1895	N	N	3.061	5.786	5.528	0.258	1.4	0.3	s20_t1.4_a0.3_002.gff
27846	N	N	105.840	115.666	114.981	0.685	1.4	0.3	s20_t1.4_a0.3_003.gff
22393	N	N	70.792	79.013	78.455	0.558	1.4	0.3	s20_t1.4_a0.3_004.gff
23120	N	N	71.240	79.412	78.810	0.602	1.4	0.3	s20_t1.4_a0.3_005.gff
18489	N	N	53.448	60.047	59.501	0.546	1.4	0.3	s20_t1.4_a0.3_006.gff
12865	N	N	27.576	33.338	32.831	0.507	1.4	0.3	s20_t1.4_a0.3_007.gff
22827	N	N	82.816	90.330	89.760	0.570	1.4	0.3	s20_t1.4_a0.3_008.gff
11357	N	N	22.562	27.133	26.686	0.447	1.4	0.3	s20_t1.4_a0.3_009.gff
7209	N	N	11.432	15.624	15.200	0.424	1.4	0.3	s20_t1.4_a0.3_010.gff
2569	N	N	3.989	6.903	6.613	0.290	1.4	0.3	s20_t1.4_a0.3_011.gff
6903	N	N	10.794	15.088	14.706	0.382	1.4	0.3	s20_t1.4_a0.3_012.gff
NA	Y	N	1207.734	1202.598	1201.332	1.266	1.4	0.3	s20_t1.4_a0.3_013.gff
NA	Y	N	1203.162	1202.521	1201.291	1.230	1.4	0.3	s20_t1.4_a0.3_014.gff
12643	N	N	27.464	33.542	33.025	0.517	1.4	0.3	s20_t1.4_a0.3_015.gff
7621	N	N	12.866	16.759	16.338	0.421	1.4	0.3	s20_t1.4_a0.3_016.gff
13555	N	N	30.851	35.967	35.419	0.548	1.4	0.3	s20_t1.4_a0.3_017.gff
2164	N	N	3.599	6.882	6.601	0.281	1.4	0.3	s20_t1.4_a0.3_018.gff
6828	N	N	10.804	15.137	14.708	0.429	1.4	0.3	s20_t1.4_a0.3_019.gff
4866	N	N	7.192	11.134	10.763	0.371	1.4	0.3	s20_t1.4_a0.3_020.gff
6858	N	N	10.819	14.775	14.330	0.445	1.4	0.3	s20_t1.4_a0.3_021.gff
4130	N	N	6.395	10.501	10.116	0.385	1.4	0.3	s20_t1.4_a0.3_022.gff
59123	N	N	1103.181	1119.469	1117.805	1.664	1.4	0.3	s20_t1.4_a0.3_023.gff
43603	N	N	449.362	462.019	461.149	0.870	1.4	0.3	s20_t1.4_a0.3_024.gff
7071	N	N	11.310	15.510	15.098	0.412	1.4	0.3	s20_t1.4_a0.3_025.gff
16222	N	N	41.789	47.496	46.962	0.534	1.4	0.3	s20_t1.4_a0.3_026.gff
2229	N	N	3.530	7.465	7.177	0.288	1.4	0.3	s20_t1.4_a0.3_027.gff
14552	N	N	33.536	38.640	38.149	0.491	1.4	0.3	s20_t1.4_a0.3_028.gff
2716	N	N	4.235	8.408	8.124	0.284	1.4	0.3	s20_t1.4_a0.3_029.gff
3993	N	N	6.059	9.571	9.199	0.372	1.4	0.3	s20_t1.4_a0.3_030.gff
28235	N	N	136.373	144.713	144.078	0.635	1.4	0.3	s20_t1.4_a0.3_031.gff
7750	N	N	13.005	17.461	16.995	0.466	1.4	0.3	s20_t1.4_a0.3_032.gff
32345	N	N	235.907	245.540	244.806	0.734	1.4	0.3	s20_t1.4_a0.3_033.gff
15430	N	N	37.820	43.279	42.763	0.516	1.4	0.3	s20_t1.4_a0.3_034.gff
15017	N	N	36.735	42.162	41.668	0.494	1.4	0.3	s20_t1.4_a0.3_035.gff
13701	N	N	30.718	36.464	35.989	0.475	1.4	0.3	s20_t1.4_a0.3_036.gff
997	N	N	2.411	4.284	4.101	0.183	1.4	0.3	s20_t1.4_a0.3_037.gff
NA	Y	N	1204.674	1202.610	1201.565	1.045	1.4	0.3	s20_t1.4_a0.3_038.gff
4668	N	N	7.055	12.374	11.993	0.381	1.4	0.3	s20_t1.4_a0.3_039.gff
NA	Y	N	1204.772	1202.537	1201.294	1.243	1.4	0.3	s20_t1.4_a0.3_040.gff
6946	N	N	11.433	15.557	15.163	0.394	1.4	0.3	s20_t1.4_a0.3_041.gff
31810	N	N	156.158	164.438	163.756	0.682	1.4	0.3	s20_t1.4_a0.3_042.gff
9901	N	N	18.527	23.103	22.602	0.501	1.4	0.3	s20_t1.4_a0.3_043.gff
9546	N	N	17.394	21.837	21.388	0.449	1.4	0.3	s20_t1.4_a0.3_044.gff
6174	N	N	9.170	14.524	14.131	0.393	1.4	0.3	s20_t1.4_a0.3_045.gff
33446	N	N	175.526	184.330	183.697	0.633	1.4	0.3	s20_t1.4_a0.3_046.gff
NA	Y	N	1203.634	1202.573	1201.303	1.270	1.4	0.3	s20_t1.4_a0.3_047.gff
5971	N	N	9.199	13.360	12.968	0.392	1.4	0.3	s20_t1.4_a0.3_048.gff
46437	N	N	542.967	555.117	554.191	0.926	1.4	0.3	s20_t1.4_a0.3_049.gff
20763	N	N	72.333	80.478	79.902	0.576	1.4	0.3	s20_t1.4_a0.3_050.gff
37324	N	N	285.474	297.721	296.978	0.743	1.4	0.3	s20_t1.4_a0.3_051.gff
9299	N	N	16.227	20.467	20.049	0.418	1.4	0.3	s20_t1.4_a0.3_052.gff
7869	N	N	12.328	16.700	16.274	0.426	1.4	0.3	s20_t1.4_a0.3_053.gff
48851	N	N	688.176	701.973	700.903	1.070	1.4	0.3	s20_t1.4_a0.3_054.gff
5024	N	N	7.531	11.691	11.306	0.385	1.4	0.3	s20_t1.4_a0.3_055.gff
5167	N	N	7.929	11.881	11.478	0.403	1.4	0.3	s20_t1.4_a0.3_056.gff
NA	Y	N	1206.120	1202.561	1201.604	0.957	1.4	0.3	s20_t1.4_a0.3_057.gff
6112	N	N	9.351	13.478	13.052	0.426	1.4	0.3	s20_t1.4_a0.3_058.gff
10284	N	N	19.651	24.357	23.862	0.495	1.4	0.3	s20_t1.4_a0.3_059.gff
5473	N	N	8.161	12.440	12.050	0.390	1.4	0.3	s20_t1.4_a0.3_060.gff
3645	N	N	5.541	9.855	9.438	0.417	1.4	0.3	s20_t1.4_a0.3_061.gff
25365	N	N	149.611	157.570	156.926	0.644	1.4	0.3	s20_t1.4_a0.3_062.gff
NA	Y	N	1202.859	1202.589	1201.199	1.390	1.4	0.3	s20_t1.4_a0.3_063.gff
7382	N	N	12.094	16.211	15.737	0.474	1.4	0.3	s20_t1.4_a0.3_064.gff
NA	Y	N	1203.121	1202.568	1201.247	1.321	1.4	0.3	s20_t1.4_a0.3_065.gff
5988	N	N	8.941	14.109	13.703	0.406	1.4	0.3	s20_t1.4_a0.3_066.gff
10604	N	N	20.276	24.758	24.311	0.447	1.4	0.3	s20_t1.4_a0.3_067.gff
26193	N	N	130.429	138.657	138.057	0.600	1.4	0.3	s20_t1.4_a0.3_068.gff
NA	Y	N	1202.271	1202.598	1201.566	1.032	1.4	0.3	s20_t1.4_a0.3_069.gff
24886	N	N	88.279	94.713	94.097	0.616	1.4	0.3	s20_t1.4_a0.3_070.gff
8406	N	N	14.245	18.413	17.977	0.436	1.4	0.3	s20_t1.4_a0.3_071.gff
31699	N	N	187.792	197.337	196.593	0.744	1.4	0.3	s20_t1.4_a0.3_072.gff
27335	N	N	112.714	120.998	120.340	0.658	1.4	0.3	s20_t1.4_a0.3_073.gff
39441	N	N	396.699	407.759	406.936	0.823	1.4	0.3	s20_t1.4_a0.3_074.gff
18638	N	N	52.676	60.680	60.145	0.535	1.4	0.3	s20_t1.4_a0.3_075.gff
16203	N	N	40.502	44.627	44.092	0.535	1.4	0.3	s20_t1.4_a0.3_076.gff
7269	N	N	11.335	15.808	15.329	0.479	1.4	0.3	s20_t1.4_a0.3_077.gff
25716	N	N	92.602	100.678	100.056	0.622	1.4	0.3	s20_t1.4_a0.3_078.gff
57394	N	N	1013.788	1028.608	1027.545	1.063	1.4	0.3	s20_t1.4_a0.3_079.gff
19357	N	N	57.650	65.990	65.377	0.613	1.4	0.3	s20_t1.4_a0.3_080.gff
44122	N	N	472.677	484.273	483.378	0.895	1.4	0.3	s20_t1.4_a0.3_081.gff
14514	N	N	34.701	39.446	38.881	0.565	1.4	0.3	s20_t1.4_a0.3_082.gff
13605	N	N	29.490	33.985	33.489	0.496	1.4	0.3	s20_t1.4_a0.3_083.gff
2938	N	N	4.142	7.462	7.130	0.332	1.4	0.3	s20_t1.4_a0.3_084.gff
28555	N	N	116.112	126.178	125.519	0.659	1.4	0.3	s20_t1.4_a0.3_085.gff
35423	N	N	244.442	254.893	254.158	0.735	1.4	0.3	s20_t1.4_a0.3_086.gff
NA	Y	N	1202.724	1202.675	1201.624	1.051	1.4	0.3	s20_t1.4_a0.3_087.gff
13615	N	N	30.191	36.583	36.062	0.521	1.4	0.3	s20_t1.4_a0.3_088.gff
6769	N	N	10.611	15.667	15.279	0.388	1.4	0.3	s20_t1.4_a0.3_089.gff
38950	N	N	332.129	343.409	342.629	0.780	1.4	0.3	s20_t1.4_a0.3_090.gff
17017	N	N	47.308	54.308	53.790	0.518	1.4	0.3	s20_t1.4_a0.3_091.gff
50157	N	N	615.635	627.980	627.041	0.939	1.4	0.3	s20_t1.4_a0.3_092.gff
28968	N	N	125.845	136.405	135.727	0.678	1.4	0.3	s20_t1.4_a0.3_093.gff
15876	N	N	40.560	45.744	45.199	0.545	1.4	0.3	s20_t1.4_a0.3_094.gff
20018	N	N	58.583	65.778	65.204	0.574	1.4	0.3	s20_t1.4_a0.3_095.gff
47296	N	N	563.684	577.489	576.628	0.861	1.4	0.3	s20_t1.4_a0.3_096.gff
5	N	N	1.548	2.410	2.279	0.131	1.4	0.3	s20_t1.4_a0.3_097.gff
NA	Y	N	1203.611	1202.689	1201.628	1.061	1.4	0.3	s20_t1.4_a0.3_098.gff
20611	N	N	63.790	72.069	71.465	0.604	1.4	0.3	s20_t1.4_a0.3_099.gff
17989	N	N	48.898	55.809	55.243	0.566	1.4	0.3	s20_t1.4_a0.3_100.gff
49628	N	N	617.604	629.966	628.987	0.979	1.4	0.4	s20_t1.4_a0.4_001.gff
45586	N	N	509.674	522.054	521.096	0.958	1.4	0.4	s20_t1.4_a0.4_002.gff
50040	N	N	725.089	739.688	738.672	1.016	1.4	0.4	s20_t1.4_a0.4_003.gff
10420	N	N	19.704	23.938	23.498	0.440	1.4	0.4	s20_t1.4_a0.4_004.gff
3261	N	N	4.565	9.035	8.703	0.332	1.4	0.4	s20_t1.4_a0.4_005.gff
53372	N	N	734.087	750.756	749.783	0.973	1.4	0.4	s20_t1.4_a0.4_006.gff
32985	N	N	255.393	266.469	265.701	0.768	1.4	0.4	s20_t1.4_a0.4_007.gff
38366	N	N	349.632	359.632	358.804	0.828	1.4	0.4	s20_t1.4_a0.4_008.gff
25998	N	N	118.960	128.012	127.326	0.686	1.4	0.4	s20_t1.4_a0.4_009.gff
16785	N	N	43.146	48.987	48.455	0.532	1.4	0.4	s20_t1.4_a0.4_010.gff
29770	N	N	158.487	168.267	167.591	0.676	1.4	0.4	s20_t1.4_a0.4_011.gff
8836	N	N	16.084	19.564	19.054	0.510	1.4	0.4	s20_t1.4_a0.4_012.gff
41766	N	N	489.913	502.292	501.445	0.847	1.4	0.4	s20_t1.4_a0.4_013.gff
3819	N	N	5.623	9.713	9.299	0.414	1.4	0.4	s20_t1.4_a0.4_014.gff
37928	N	N	306.882	318.552	317.730	0.822	1.4	0.4	s20_t1.4_a0.4_015.gff
18661	N	N	52.749	59.807	59.201	0.606	1.4	0.4	s20_t1.4_a0.4_016.gff
14257	N	N	34.280	39.806	39.275	0.531	1.4	0.4	s20_t1.4_a0.4_017.gff
19524	N	N	60.922	67.848	67.278	0.570	1.4	0.4	s20_t1.4_a0.4_018.gff
1718	N	N	3.861	6.208	5.926	0.282	1.4	0.4	s20_t1.4_a0.4_019.gff
8961	N	N	15.199	19.440	18.954	0.486	1.4	0.4	s20_t1.4_a0.4_020.gff
4621	N	N	6.893	11.108	10.727	0.381	1.4	0.4	s20_t1.4_a0.4_021.gff
NA	Y	N	1201.603	1202.622	1201.506	1.116	1.4	0.4	s20_t1.4_a0.4_022.gff
52149	N	N	1005.151	1022.023	1020.873	1.150	1.4	0.4	s20_t1.4_a0.4_023.gff
20801	N	N	70.482	78.575	77.945	0.630	1.4	0.4	s20_t1.4_a0.4_024.gff
8107	N	N	13.000	17.001	16.536	0.465	1.4	0.4	s20_t1.4_a0.4_025.gff
9698	N	N	17.546	21.207	20.773	0.434	1.4	0.4	s20_t1.4_a0.4_026.gff
12079	N	N	24.864	30.264	29.751	0.513	1.4	0.4	s20_t1.4_a0.4_027.gff
3923	N	N	5.843	11.137	10.732	0.405	1.4	0.4	s20_t1.4_a0.4_028.gff
21654	N	N	65.880	75.010	74.422	0.588	1.4	0.4	s20_t1.4_a0.4_029.gff
39998	N	N	318.825	332.328	331.497	0.831	1.4	0.4	s20_t1.4_a0.4_030.gff
20204	N	N	56.086	64.512	63.923	0.589	1.4	0.4	s20_t1.4_a0.4_031.gff
NA	Y	N	1201.894	1202.612	1201.585	1.027	1.4	0.4	s20_t1.4_a0.4_032.gff
7404	N	N	12.091	16.488	16.055	0.433	1.4	0.4	s20_t1.4_a0.4_033.gff
31515	N	N	159.493	168.841	168.142	0.699	1.4	0.4	s20_t1.4_a0.4_034.gff
3380	N	N	5.132	9.062	8.642	0.420	1.4	0.4	s20_t1.4_a0.4_035.gff
NA	Y	N	1202.244	1202.556	1201.419	1.137	1.4	0.4	s20_t1.4_a0.4_036.gff
16947	N	N	44.464	50.251	49.735	0.516	1.4	0.4	s20_t1.4_a0.4_037.gff
16084	N	N	40.807	47.054	46.530	0.524	1.4	0.4	s20_t1.4_a0.4_038.gff
20317	N	N	65.927	74.809	74.157	0.652	1.4	0.4	s20_t1.4_a0.4_039.gff
19171	N	N	56.716	65.354	64.727	0.627	1.4	0.4	s20_t1.4_a0.4_040.gff
4689	N	N	8.406	11.497	11.103	0.394	1.4	0.4	s20_t1.4_a0.4_041.gff
10800	N	N	20.542	25.856	25.394	0.462	1.4	0.4	s20_t1.4_a0.4_042.gff
NA	Y	N	1201.512	1202.501	1201.430	1.071	1.4	0.4	s20_t1.4_a0.4_043.gff
10695	N	N	19.941	24.375	23.867	0.508	1.4	0.4	s20_t1.4_a0.4_044.gff
5253	N	N	7.773	12.990	12.586	0.404	1.4	0.4	s20_t1.4_a0.4_045.gff
3080	N	N	4.588	7.928	7.553	0.375	1.4	0.4	s20_t1.4_a0.4_046.gff
38459	N	N	283.160	295.961	295.137	0.824	1.4	0.4	s20_t1.4_a0.4_047.gff
16341	N	N	41.464	47.481	46.907	0.574	1.4	0.4	s20_t1.4_a0.4_048.gff
6344	N	N	9.767	13.899	13.495	0.404	1.4	0.4	s20_t1.4_a0.4_049.gff
3721	N	N	5.498	9.852	9.429	0.423	1.4	0.4	s20_t1.4_a0.4_050.gff
22161	N	N	73.978	82.530	81.898	0.632	1.4	0.4	s20_t1.4_a0.4_051.gff
6182	N	N	9.420	14.469	14.075	0.394	1.4	0.4	s20_t1.4_a0.4_052.gff
41727	N	N	381.839	394.439	393.656	0.783	1.4	0.4	s20_t1.4_a0.4_053.gff
861	N	N	3.279	4.721	4.505	0.216	1.4	0.4	s20_t1.4_a0.4_054.gff
11641	N	N	22.662	27.251	26.753	0.498	1.4	0.4	s20_t1.4_a0.4_055.gff
18036	N	N	49.388	57.399	56.808	0.591	1.4	0.4	s20_t1.4_a0.4_056.gff
8025	N	N	13.576	17.749	17.324	0.425	1.4	0.4	s20_t1.4_a0.4_057.gff
NA	Y	N	1206.353	1202.660	1201.523	1.137	1.4	0.4	s20_t1.4_a0.4_058.gff
326	N	N	1.752	3.290	3.151	0.139	1.4	0.4	s20_t1.4_a0.4_059.gff
50529	N	N	660.615	675.773	674.785	0.988	1.4	0.4	s20_t1.4_a0.4_060.gff
33918	N	N	247.393	258.587	257.830	0.757	1.4	0.4	s20_t1.4_a0.4_061.gff
19420	N	N	53.093	60.603	60.024	0.579	1.4	0.4	s20_t1.4_a0.4_062.gff
8549	N	N	14.479	18.726	18.315	0.411	1.4	0.4	s20_t1.4_a0.4_063.gff
10210	N	N	19.388	24.968	24.456	0.512	1.4	0.4	s20_t1.4_a0.4_064.gff
20037	N	N	59.685	66.965	66.411	0.554	1.4	0.4	s20_t1.4_a0.4_065.gff
3151	N	N	4.595	8.744	8.389	0.355	1.4	0.4	s20_t1.4_a0.4_066.gff
18132	N	N	46.907	53.376	52.827	0.549	1.4	0.4	s20_t1.4_a0.4_067.gff
2614	N	N	4.029	7.332	7.000	0.332	1.4	0.4	s20_t1.4_a0.4_068.gff
25867	N	N	99.111	106.898	106.284	0.614	1.4	0.4	s20_t1.4_a0.4_069.gff
7923	N	N	13.007	16.959	16.564	0.395	1.4	0.4	s20_t1.4_a0.4_070.gff
5735	N	N	8.623	12.745	12.346	0.399	1.4	0.4	s20_t1.4_a0.4_071.gff
46038	N	N	564.230	579.176	578.276	0.900	1.4	0.4	s20_t1.4_a0.4_072.gff
24523	N	N	101.767	110.130	109.455	0.675	1.4	0.4	s20_t1.4_a0.4_073.gff
5835	N	N	8.656	12.776	12.366	0.410	1.4	0.4	s20_t1.4_a0.4_074.gff
22945	N	N	76.201	84.166	83.510	0.656	1.4	0.4	s20_t1.4_a0.4_075.gff
33248	N	N	292.110	303.887	303.099	0.788	1.4	0.4	s20_t1.4_a0.4_076.gff
24909	N	N	103.366	111.859	111.156	0.703	1.4	0.4	s20_t1.4_a0.4_077.gff
40182	N	N	411.815	425.889	424.397	1.492	1.4	0.4	s20_t1.4_a0.4_078.gff
51178	N	N	744.387	759.587	758.551	1.036	1.4	0.4	s20_t1.4_a0.4_079.gff
27095	N	N	110.728	120.080	119.361	0.719	1.4	0.4	s20_t1.4_a0.4_080.gff
39383	N	N	329.463	340.090	339.280	0.810	1.4	0.4	s20_t1.4_a0.4_081.gff
3154	N	N	4.793	8.088	7.715	0.373	1.4	0.4	s20_t1.4_a0.4_082.gff
5152	N	N	8.206	11.840	11.427	0.413	1.4	0.4	s20_t1.4_a0.4_083.gff
3321	N	N	4.935	8.613	8.211	0.402	1.4	0.4	s20_t1.4_a0.4_084.gff
17918	N	N	48.438	55.943	55.394	0.549	1.4	0.4	s20_t1.4_a0.4_085.gff
18128	N	N	52.729	60.105	59.553	0.552	1.4	0.4	s20_t1.4_a0.4_086.gff
9186	N	N	15.828	19.546	19.109	0.437	1.4	0.4	s20_t1.4_a0.4_087.gff
6485	N	N	9.868	13.918	13.479	0.439	1.4	0.4	s20_t1.4_a0.4_088.gff
7437	N	N	11.693	16.069	15.585	0.484	1.4	0.4	s20_t1.4_a0.4_089.gff
6785	N	N	10.383	14.515	14.108	0.407	1.4	0.4	s20_t1.4_a0.4_090.gff
9205	N	N	16.320	20.569	20.095	0.474	1.4	0.4	s20_t1.4_a0.4_091.gff
23221	N	N	77.547	85.664	85.066	0.598	1.4	0.4	s20_t1.4_a0.4_092.gff
41577	N	N	397.208	408.789	407.866	0.923	1.4	0.4	s20_t1.4_a0.4_093.gff
41259	N	N	394.043	407.810	406.991	0.819	1.4	0.4	s20_t1.4_a0.4_094.gff
14674	N	N	33.127	38.316	37.808	0.508	1.4	0.4	s20_t1.4_a0.4_095.gff
16519	N	N	42.078	48.259	47.715	0.544	1.4	0.4	s20_t1.4_a0.4_096.gff
19346	N	N	56.299	63.332	62.736	0.596	1.4	0.4	s20_t1.4_a0.4_097.gff
5861	N	N	9.090	12.976	12.570	0.406	1.4	0.4	s20_t1.4_a0.4_098.gff
32775	N	N	253.366	264.586	263.810	0.776	1.4	0.4	s20_t1.4_a0.4_099.gff
13868	N	N	31.200	36.241	35.724	0.517	1.4	0.4	s20_t1.4_a0.4_100.gff
22459	N	N	71.638	80.328	79.722	0.606	1.4	0.5	s20_t1.4_a0.5_001.gff
29391	N	N	131.834	141.149	140.494	0.655	1.4	0.5	s20_t1.4_a0.5_002.gff
19819	N	N	65.334	72.588	71.993	0.595	1.4	0.5	s20_t1.4_a0.5_003.gff
12171	N	N	25.620	30.625	30.136	0.489	1.4	0.5	s20_t1.4_a0.5_004.gff
39806	N	N	365.512	379.698	378.851	0.847	1.4	0.5	s20_t1.4_a0.5_005.gff
25231	N	N	100.273	108.619	108.025	0.594	1.4	0.5	s20_t1.4_a0.5_006.gff
29705	N	N	198.757	208.873	208.194	0.679	1.4	0.5	s20_t1.4_a0.5_007.gff
1177	N	N	2.674	5.375	5.154	0.221	1.4	0.5	s20_t1.4_a0.5_008.gff
9529	N	N	16.998	22.492	22.046	0.446	1.4	0.5	s20_t1.4_a0.5_009.gff
4961	N	N	7.136	10.868	10.459	0.409	1.4	0.5	s20_t1.4_a0.5_010.gff
32599	N	N	220.119	230.548	229.813	0.735	1.4	0.5	s20_t1.4_a0.5_011.gff
13966	N	N	31.454	36.499	36.028	0.471	1.4	0.5	s20_t1.4_a0.5_012.gff
27708	N	N	117.734	125.852	125.171	0.681	1.4	0.5	s20_t1.4_a0.5_013.gff
18174	N	N	54.915	62.213	61.639	0.574	1.4	0.5	s20_t1.4_a0.5_014.gff
NA	Y	N	1203.040	1202.658	1201.618	1.040	1.4	0.5	s20_t1.4_a0.5_015.gff
NA	Y	N	1202.739	1202.641	1201.566	1.075	1.4	0.5	s20_t1.4_a0.5_016.gff
53768	N	N	825.240	840.645	839.579	1.066	1.4	0.5	s20_t1.4_a0.5_017.gff
NA	Y	N	1204.762	1202.584	1201.503	1.081	1.4	0.5	s20_t1.4_a0.5_018.gff
4952	N	N	7.354	11.234	10.843	0.391	1.4	0.5	s20_t1.4_a0.5_019.gff
11709	N	N	22.547	27.913	27.377	0.536	1.4	0.5	s20_t1.4_a0.5_020.gff
42995	N	N	487.105	499.170	498.324	0.846	1.4	0.5	s20_t1.4_a0.5_021.gff
4434	N	N	6.638	11.419	10.979	0.440	1.4	0.5	s20_t1.4_a0.5_022.gff
7994	N	N	13.377	18.325	17.835	0.490	1.4	0.5	s20_t1.4_a0.5_023.gff
5178	N	N	7.566	12.719	12.311	0.408	1.4	0.5	s20_t1.4_a0.5_024.gff
38636	N	N	335.614	347.514	346.643	0.871	1.4	0.5	s20_t1.4_a0.5_025.gff
1386	N	N	2.754	5.677	5.414	0.263	1.4	0.5	s20_t1.4_a0.5_026.gff
42286	N	N	464.213	478.112	477.233	0.879	1.4	0.5	s20_t1.4_a0.5_027.gff
11717	N	N	23.194	28.954	28.450	0.504	1.4	0.5	s20_t1.4_a0.5_028.gff
11651	N	N	22.646	27.357	26.863	0.494	1.4	0.5	s20_t1.4_a0.5_029.gff
16816	N	N	42.677	50.323	49.742	0.581	1.4	0.5	s20_t1.4_a0.5_030.gff
40163	N	N	479.425	492.524	491.702	0.822	1.4	0.5	s20_t1.4_a0.5_031.gff
27390	N	N	117.315	127.900	127.233	0.667	1.4	0.5	s20_t1.4_a0.5_032.gff
6965	N	N	10.819	14.646	14.202	0.444	1.4	0.5	s20_t1.4_a0.5_033.gff
9948	N	N	17.996	23.906	23.404	0.502	1.4	0.5	s20_t1.4_a0.5_034.gff
34990	N	N	206.820	218.209	217.484	0.725	1.4	0.5	s20_t1.4_a0.5_035.gff
16036	N	N	41.316	48.158	47.595	0.563	1.4	0.5	s20_t1.4_a0.5_036.gff
856	N	N	2.070	3.848	3.663	0.185	1.4	0.5	s20_t1.4_a0.5_037.gff
2594	N	N	3.878	6.969	6.623	0.346	1.4	0.5	s20_t1.4_a0.5_038.gff
13309	N	N	28.474	33.698	33.174	0.524	1.4	0.5	s20_t1.4_a0.5_039.gff
32779	N	N	168.577	179.487	178.745	0.742	1.4	0.5	s20_t1.4_a0.5_040.gff
37162	N	N	278.665	289.513	288.707	0.806	1.4	0.5	s20_t1.4_a0.5_041.gff
12952	N	N	28.069	33.027	32.577	0.450	1.4	0.5	s20_t1.4_a0.5_042.gff
4532	N	N	6.617	10.717	10.261	0.456	1.4	0.5	s20_t1.4_a0.5_043.gff
NA	Y	N	1202.487	1202.513	1201.471	1.042	1.4	0.5	s20_t1.4_a0.5_044.gff
2671	N	N	3.911	7.330	6.984	0.346	1.4	0.5	s20_t1.4_a0.5_045.gff
4399	N	N	6.568	9.996	9.604	0.392	1.4	0.5	s20_t1.4_a0.5_046.gff
NA	Y	N	1200.716	1202.624	1201.425	1.199	1.4	0.5	s20_t1.4_a0.5_047.gff
55042	N	N	868.553	884.678	883.637	1.041	1.4	0.5	s20_t1.4_a0.5_048.gff
NA	Y	N	1202.180	1202.646	1201.543	1.103	1.4	0.5	s20_t1.4_a0.5_049.gff
7610	N	N	12.487	16.454	15.991	0.463	1.4	0.5	s20_t1.4_a0.5_050.gff
4807	N	N	6.831	10.811	10.403	0.408	1.4	0.5	s20_t1.4_a0.5_051.gff
38340	N	N	319.142	331.579	330.781	0.798	1.4	0.5	s20_t1.4_a0.5_052.gff
5905	N	N	8.494	12.348	11.958	0.390	1.4	0.5	s20_t1.4_a0.5_053.gff
45536	N	N	472.381	485.628	484.677	0.951	1.4	0.5	s20_t1.4_a0.5_054.gff
NA	Y	N	1202.091	1202.631	1201.519	1.112	1.4	0.5	s20_t1.4_a0.5_055.gff
12401	N	N	25.838	30.681	30.150	0.531	1.4	0.5	s20_t1.4_a0.5_056.gff
2409	N	N	3.772	7.088	6.770	0.318	1.4	0.5	s20_t1.4_a0.5_057.gff
40154	N	N	326.747	339.937	339.120	0.817	1.4	0.5	s20_t1.4_a0.5_058.gff
7841	N	N	12.771	17.180	16.709	0.471	1.4	0.5	s20_t1.4_a0.5_059.gff
17740	N	N	44.494	51.737	51.194	0.543	1.4	0.5	s20_t1.4_a0.5_060.gff
11448	N	N	21.924	27.764	27.284	0.480	1.4	0.5	s20_t1.4_a0.5_061.gff
15813	N	N	38.515	43.777	43.211	0.566	1.4	0.5	s20_t1.4_a0.5_062.gff
NA	Y	N	1201.639	1202.549	1201.480	1.069	1.4	0.5	s20_t1.4_a0.5_063.gff
17680	N	N	49.758	56.383	55.794	0.589	1.4	0.5	s20_t1.4_a0.5_064.gff
55474	N	N	839.950	855.797	854.814	0.983	1.4	0.5	s20_t1.4_a0.5_065.gff
7130	N	N	11.442	16.563	16.096	0.467	1.4	0.5	s20_t1.4_a0.5_066.gff
5050	N	N	7.460	12.693	12.272	0.421	1.4	0.5	s20_t1.4_a0.5_067.gff
27750	N	N	114.943	124.884	124.198	0.686	1.4	0.5	s20_t1.4_a0.5_068.gff
2079	N	N	3.134	6.286	6.002	0.284	1.4	0.5	s20_t1.4_a0.5_069.gff
29771	N	N	134.842	144.550	143.784	0.766	1.4	0.5	s20_t1.4_a0.5_070.gff
45984	N	N	512.623	525.359	524.367	0.992	1.4	0.5	s20_t1.4_a0.5_071.gff
5594	N	N	8.435	13.598	13.189	0.409	1.4	0.5	s20_t1.4_a0.5_072.gff
NA	Y	N	1202.442	1202.578	1201.421	1.157	1.4	0.5	s20_t1.4_a0.5_073.gff
25122	N	N	110.391	120.535	119.893	0.642	1.4	0.5	s20_t1.4_a0.5_074.gff
30127	N	N	150.786	160.189	159.407	0.782	1.4	0.5	s20_t1.4_a0.5_075.gff
17047	N	N	44.962	53.493	52.883	0.610	1.4	0.5	s20_t1.4_a0.5_076.gff
7390	N	N	12.337	17.180	16.722	0.458	1.4	0.5	s20_t1.4_a0.5_077.gff
15323	N	N	35.500	41.836	41.330	0.506	1.4	0.5	s20_t1.4_a0.5_078.gff
5935	N	N	8.841	13.255	12.826	0.429	1.4	0.5	s20_t1.4_a0.5_079.gff
NA	Y	N	1202.779	1202.620	1201.465	1.155	1.4	0.5	s20_t1.4_a0.5_080.gff
21873	N	N	74.691	82.963	82.340	0.623	1.4	0.5	s20_t1.4_a0.5_081.gff
NA	Y	N	1203.509	1202.630	1201.463	1.167	1.4	0.5	s20_t1.4_a0.5_082.gff
7903	N	N	13.239	18.361	17.921	0.440	1.4	0.5	s20_t1.4_a0.5_083.gff
13776	N	N	29.839	36.108	35.629	0.479	1.4	0.5	s20_t1.4_a0.5_084.gff
9999	N	N	18.039	22.659	22.183	0.476	1.4	0.5	s20_t1.4_a0.5_085.gff
33175	N	N	193.880	204.464	203.689	0.775	1.4	0.5	s20_t1.4_a0.5_086.gff
28389	N	N	123.340	134.556	133.882	0.674	1.4	0.5	s20_t1.4_a0.5_087.gff
13743	N	N	29.987	36.502	35.994	0.508	1.4	0.5	s20_t1.4_a0.5_088.gff
10159	N	N	18.696	23.596	23.114	0.482	1.4	0.5	s20_t1.4_a0.5_089.gff
5341	N	N	7.889	12.106	11.747	0.359	1.4	0.5	s20_t1.4_a0.5_090.gff
NA	Y	N	1203.684	1202.604	1201.513	1.091	1.4	0.5	s20_t1.4_a0.5_091.gff
6909	N	N	10.465	15.086	14.616	0.470	1.4	0.5	s20_t1.4_a0.5_092.gff
11024	N	N	20.571	26.460	25.942	0.518	1.4	0.5	s20_t1.4_a0.5_093.gff
17845	N	N	47.786	55.300	54.730	0.570	1.4	0.5	s20_t1.4_a0.5_094.gff
35814	N	N	240.173	251.391	250.663	0.728	1.4	0.5	s20_t1.4_a0.5_095.gff
9826	N	N	17.445	21.745	21.230	0.515	1.4	0.5	s20_t1.4_a0.5_096.gff
NA	Y	N	1202.904	1202.633	1201.582	1.051	1.4	0.5	s20_t1.4_a0.5_097.gff
6388	N	N	9.569	13.553	13.150	0.403	1.4	0.5	s20_t1.4_a0.5_098.gff
14685	N	N	33.522	39.404	38.900	0.504	1.4	0.5	s20_t1.4_a0.5_099.gff
3213	N	N	4.892	9.709	9.311	0.398	1.4	0.5	s20_t1.4_a0.5_100.gff
1143	N	N	2.471	5.068	4.866	0.202	1.4	0.6	s20_t1.4_a0.6_001.gff
2064	N	N	3.218	6.515	6.223	0.292	1.4	0.6	s20_t1.4_a0.6_002.gff
6207	N	N	9.203	13.402	13.006	0.396	1.4	0.6	s20_t1.4_a0.6_003.gff
3851	N	N	5.720	9.799	9.390	0.409	1.4	0.6	s20_t1.4_a0.6_004.gff
12090	N	N	23.376	29.118	28.631	0.487	1.4	0.6	s20_t1.4_a0.6_005.gff
9256	N	N	16.091	20.364	19.902	0.462	1.4	0.6	s20_t1.4_a0.6_006.gff
10812	N	N	19.653	25.096	24.578	0.518	1.4	0.6	s20_t1.4_a0.6_007.gff
26607	N	N	105.086	115.958	115.256	0.702	1.4	0.6	s20_t1.4_a0.6_008.gff
NA	Y	N	1202.256	1202.702	1201.541	1.161	1.4	0.6	s20_t1.4_a0.6_009.gff
5149	N	N	7.746	11.765	11.329	0.436	1.4	0.6	s20_t1.4_a0.6_010.gff
37684	N	N	279.988	291.179	290.427	0.752	1.4	0.6	s20_t1.4_a0.6_011.gff
NA	Y	N	1202.879	1202.663	1201.556	1.107	1.4	0.6	s20_t1.4_a0.6_012.gff
18578	N	N	50.033	58.896	58.292	0.604	1.4	0.6	s20_t1.4_a0.6_013.gff
28164	N	N	109.111	118.183	117.577	0.606	1.4	0.6	s20_t1.4_a0.6_014.gff
14153	N	N	30.913	37.304	36.805	0.499	1.4	0.6	s20_t1.4_a0.6_015.gff
5528	N	N	8.183	12.287	11.822	0.465	1.4	0.6	s20_t1.4_a0.6_016.gff
9321	N	N	16.058	21.295	20.873	0.422	1.4	0.6	s20_t1.4_a0.6_017.gff
5874	N	N	8.483	13.201	12.808	0.393	1.4	0.6	s20_t1.4_a0.6_018.gff
1820	N	N	2.772	5.478	5.244	0.234	1.4	0.6	s20_t1.4_a0.6_019.gff
6070	N	N	8.882	12.950	12.552	0.398	1.4	0.6	s20_t1.4_a0.6_020.gff
NA	Y	N	1204.227	1202.613	1200.924	1.689	1.4	0.6	s20_t1.4_a0.6_021.gff
25267	N	N	96.774	106.587	105.914	0.673	1.4	0.6	s20_t1.4_a0.6_022.gff
9929	N	N	18.480	24.031	23.531	0.500	1.4	0.6	s20_t1.4_a0.6_023.gff
7599	N	N	12.244	17.249	16.766	0.483	1.4	0.6	s20_t1.4_a0.6_024.gff
33	N	N	1.338	2.434	2.286	0.148	1.4	0.6	s20_t1.4_a0.6_025.gff
NA	Y	N	1201.756	1202.665	1201.561	1.104	1.4	0.6	s20_t1.4_a0.6_026.gff
45467	N	N	433.421	447.359	446.434	0.925	1.4	0.6	s20_t1.4_a0.6_027.gff
NA	Y	N	1208.394	1203.079	1201.939	1.140	1.4	0.6	s20_t1.4_a0.6_028.gff
10075	N	N	18.641	23.937	23.451	0.486	1.4	0.6	s20_t1.4_a0.6_029.gff
11499	N	N	22.319	26.863	26.379	0.484	1.4	0.6	s20_t1.4_a0.6_030.gff
546	N	N	2.137	4.275	4.065	0.210	1.4	0.6	s20_t1.4_a0.6_031.gff
148	N	N	1.484	2.740	2.620	0.120	1.4	0.6	s20_t1.4_a0.6_032.gff
15856	N	N	39.231	45.616	45.058	0.558	1.4	0.6	s20_t1.4_a0.6_033.gff
NA	Y	N	1203.393	1202.629	1201.564	1.065	1.4	0.6	s20_t1.4_a0.6_034.gff
1536	N	N	3.430	5.988	5.709	0.279	1.4	0.6	s20_t1.4_a0.6_035.gff
15776	N	N	38.324	45.262	44.756	0.506	1.4	0.6	s20_t1.4_a0.6_036.gff
6423	N	N	9.891	15.002	14.565	0.437	1.4	0.6	s20_t1.4_a0.6_037.gff
11667	N	N	23.477	29.615	29.088	0.527	1.4	0.6	s20_t1.4_a0.6_038.gff
12605	N	N	25.286	30.400	29.873	0.527	1.4	0.6	s20_t1.4_a0.6_039.gff
39871	N	N	312.850	326.244	325.341	0.903	1.4	0.6	s20_t1.4_a0.6_040.gff
2990	N	N	4.984	8.237	7.869	0.368	1.4	0.6	s20_t1.4_a0.6_041.gff
11786	N	N	22.929	27.451	27.008	0.443	1.4	0.6	s20_t1.4_a0.6_042.gff
19466	N	N	60.061	66.906	66.316	0.590	1.4	0.6	s20_t1.4_a0.6_043.gff
5996	N	N	9.008	12.566	12.159	0.407	1.4	0.6	s20_t1.4_a0.6_044.gff
8055	N	N	13.531	17.723	17.288	0.435	1.4	0.6	s20_t1.4_a0.6_045.gff
3007	N	N	4.474	8.164	7.846	0.318	1.4	0.6	s20_t1.4_a0.6_046.gff
2636	N	N	3.900	7.282	6.945	0.337	1.4	0.6	s20_t1.4_a0.6_047.gff
11628	N	N	22.424	26.870	26.419	0.451	1.4	0.6	s20_t1.4_a0.6_048.gff
NA	Y	N	1202.148	1202.692	1201.673	1.019	1.4	0.6	s20_t1.4_a0.6_049.gff
10867	N	N	21.140	27.028	26.494	0.534	1.4	0.6	s20_t1.4_a0.6_050.gff
3348	N	N	4.994	8.850	8.462	0.388	1.4	0.6	s20_t1.4_a0.6_051.gff
25305	N	N	106.113	115.676	115.003	0.673	1.4	0.6	s20_t1.4_a0.6_052.gff
5589	N	N	8.423	13.620	13.180	0.440	1.4	0.6	s20_t1.4_a0.6_053.gff
6536	N	N	9.935	14.030	13.596	0.434	1.4	0.6	s20_t1.4_a0.6_054.gff
1545	N	N	2.730	5.735	5.496	0.239	1.4	0.6	s20_t1.4_a0.6_055.gff
20190	N	N	61.857	69.338	68.757	0.581	1.4	0.6	s20_t1.4_a0.6_056.gff
4261	N	N	6.502	10.420	10.013	0.407	1.4	0.6	s20_t1.4_a0.6_057.gff
1114	N	N	2.386	4.943	4.725	0.218	1.4	0.6	s20_t1.4_a0.6_058.gff
4646	N	N	6.851	12.146	11.759	0.387	1.4	0.6	s20_t1.4_a0.6_059.gff
NA	Y	N	1201.790	1202.667	1201.476	1.191	1.4	0.6	s20_t1.4_a0.6_060.gff
8051	N	N	13.322	18.326	17.890	0.436	1.4	0.6	s20_t1.4_a0.6_061.gff
NA	Y	N	1203.184	1202.608	1201.426	1.182	1.4	0.6	s20_t1.4_a0.6_062.gff
19833	N	N	66.498	74.965	74.265	0.700	1.4	0.6	s20_t1.4_a0.6_063.gff
16257	N	N	40.601	46.099	45.505	0.594	1.4	0.6	s20_t1.4_a0.6_064.gff
6637	N	N	13.130	14.091	13.636	0.455	1.4	0.6	s20_t1.4_a0.6_065.gff
59385	N	N	1085.932	1103.659	1102.259	1.400	1.4	0.6	s20_t1.4_a0.6_066.gff
2703	N	N	4.381	6.985	6.697	0.288	1.4	0.6	s20_t1.4_a0.6_067.gff
3311	N	N	4.655	8.376	8.036	0.340	1.4	0.6	s20_t1.4_a0.6_068.gff
4705	N	N	6.651	11.266	10.877	0.389	1.4	0.6	s20_t1.4_a0.6_069.gff
15535	N	N	37.592	43.571	43.037	0.534	1.4	0.6	s20_t1.4_a0.6_070.gff
9455	N	N	16.556	21.000	20.480	0.520	1.4	0.6	s20_t1.4_a0.6_071.gff
24101	N	N	89.296	97.192	96.516	0.676	1.4	0.6	s20_t1.4_a0.6_072.gff
6892	N	N	10.365	14.596	14.181	0.415	1.4	0.6	s20_t1.4_a0.6_073.gff
4296	N	N	6.231	10.220	9.837	0.383	1.4	0.6	s20_t1.4_a0.6_074.gff
6615	N	N	10.280	14.550	14.137	0.413	1.4	0.6	s20_t1.4_a0.6_075.gff
22276	N	N	77.803	85.943	85.319	0.624	1.4	0.6	s20_t1.4_a0.6_076.gff
21859	N	N	73.597	80.942	80.276	0.666	1.4	0.6	s20_t1.4_a0.6_077.gff
4189	N	N	8.067	10.102	9.708	0.394	1.4	0.6	s20_t1.4_a0.6_078.gff
NA	Y	N	1202.186	1202.659	1201.554	1.105	1.4	0.6	s20_t1.4_a0.6_079.gff
43903	N	N	447.198	460.326	459.465	0.861	1.4	0.6	s20_t1.4_a0.6_080.gff
2275	N	N	3.565	6.904	6.559	0.345	1.4	0.6	s20_t1.4_a0.6_081.gff
32185	N	N	212.088	222.713	221.979	0.734	1.4	0.6	s20_t1.4_a0.6_082.gff
19488	N	N	54.383	61.774	61.160	0.614	1.4	0.6	s20_t1.4_a0.6_083.gff
59471	N	N	1087.697	1105.693	1104.449	1.244	1.4	0.6	s20_t1.4_a0.6_084.gff
1077	N	N	2.683	5.146	4.936	0.210	1.4	0.6	s20_t1.4_a0.6_085.gff
36009	N	N	292.484	303.409	302.612	0.797	1.4	0.6	s20_t1.4_a0.6_086.gff
702	N	N	2.118	3.945	3.761	0.184	1.4	0.6	s20_t1.4_a0.6_087.gff
NA	Y	N	1202.747	1202.567	1201.359	1.208	1.4	0.6	s20_t1.4_a0.6_088.gff
12693	N	N	26.014	30.432	29.970	0.462	1.4	0.6	s20_t1.4_a0.6_089.gff
3045	N	N	4.587	8.328	7.966	0.362	1.4	0.6	s20_t1.4_a0.6_090.gff
7912	N	N	13.080	17.260	16.786	0.474	1.4	0.6	s20_t1.4_a0.6_091.gff
10665	N	N	20.497	25.072	24.597	0.475	1.4	0.6	s20_t1.4_a0.6_092.gff
853	N	N	2.095	3.840	3.658	0.182	1.4	0.6	s20_t1.4_a0.6_093.gff
12071	N	N	24.594	30.963	30.436	0.527	1.4	0.6	s20_t1.4_a0.6_094.gff
NA	Y	N	1209.404	1202.667	1201.614	1.053	1.4	0.6	s20_t1.4_a0.6_095.gff
6326	N	N	10.214	13.838	13.420	0.418	1.4	0.6	s20_t1.4_a0.6_096.gff
21391	N	N	69.476	77.039	76.450	0.589	1.4	0.6	s20_t1.4_a0.6_097.gff
9167	N	N	16.586	20.368	19.947	0.421	1.4	0.6	s20_t1.4_a0.6_098.gff
918	N	N	2.316	4.902	4.660	0.242	1.4	0.6	s20_t1.4_a0.6_099.gff
8205	N	N	13.647	18.497	18.063	0.434	1.4	0.6	s20_t1.4_a0.6_100.gff
38218	N	N	267.422	279.101	278.282	0.819	1.4	0.7	s20_t1.4_a0.7_001.gff
NA	Y	N	1206.011	1202.720	1201.606	1.114	1.4	0.7	s20_t1.4_a0.7_002.gff
2294	N	N	3.607	7.332	7.055	0.277	1.4	0.7	s20_t1.4_a0.7_003.gff
20078	N	N	56.277	63.902	63.341	0.561	1.4	0.7	s20_t1.4_a0.7_004.gff
NA	Y	N	1201.671	1202.608	1201.425	1.183	1.4	0.7	s20_t1.4_a0.7_005.gff
11114	N	N	20.419	24.678	24.208	0.470	1.4	0.7	s20_t1.4_a0.7_006.gff
NA	Y	N	1203.437	1202.664	1201.533	1.131	1.4	0.7	s20_t1.4_a0.7_007.gff
1495	N	N	2.940	5.812	5.553	0.259	1.4	0.7	s20_t1.4_a0.7_008.gff
10725	N	N	20.269	26.358	25.818	0.540	1.4	0.7	s20_t1.4_a0.7_009.gff
7763	N	N	12.840	16.910	16.437	0.473	1.4	0.7	s20_t1.4_a0.7_010.gff
11172	N	N	20.872	26.835	26.387	0.448	1.4	0.7	s20_t1.4_a0.7_011.gff
5254	N	N	7.917	11.585	11.179	0.406	1.4	0.7	s20_t1.4_a0.7_012.gff
8659	N	N	14.097	18.346	17.925	0.421	1.4	0.7	s20_t1.4_a0.7_013.gff
907	N	N	2.301	4.735	4.515	0.220	1.4	0.7	s20_t1.4_a0.7_014.gff
13827	N	N	29.241	34.441	33.943	0.498	1.4	0.7	s20_t1.4_a0.7_015.gff
22243	N	N	69.318	77.682	77.056	0.626	1.4	0.7	s20_t1.4_a0.7_016.gff
1283	N	N	2.724	5.679	5.451	0.228	1.4	0.7	s20_t1.4_a0.7_017.gff
59944	N	N	1007.488	1024.849	1023.702	1.147	1.4	0.7	s20_t1.4_a0.7_018.gff
13263	N	N	27.214	32.996	32.451	0.545	1.4	0.7	s20_t1.4_a0.7_019.gff
15493	N	N	38.264	44.240	43.727	0.513	1.4	0.7	s20_t1.4_a0.7_020.gff
3206	N	N	5.103	8.516	8.127	0.389	1.4	0.7	s20_t1.4_a0.7_021.gff
1643	N	N	2.785	5.799	5.547	0.252	1.4	0.7	s20_t1.4_a0.7_022.gff
NA	Y	N	1203.589	1202.634	1201.595	1.039	1.4	0.7	s20_t1.4_a0.7_023.gff
NA	Y	N	1204.999	1202.615	1201.499	1.116	1.4	0.7	s20_t1.4_a0.7_024.gff
8943	N	N	15.367	19.367	18.830	0.537	1.4	0.7	s20_t1.4_a0.7_025.gff
42921	N	N	479.966	493.181	492.237	0.944	1.4	0.7	s20_t1.4_a0.7_026.gff
3285	N	N	4.806	8.188	7.805	0.383	1.4	0.7	s20_t1.4_a0.7_027.gff
22061	N	N	77.287	85.942	85.363	0.579	1.4	0.7	s20_t1.4_a0.7_028.gff
2186	N	N	4.621	6.760	6.436	0.324	1.4	0.7	s20_t1.4_a0.7_029.gff
29760	N	N	187.244	197.201	196.513	0.688	1.4	0.7	s20_t1.4_a0.7_030.gff
26704	N	N	121.604	131.170	130.482	0.688	1.4	0.7	s20_t1.4_a0.7_031.gff
15979	N	N	40.784	47.483	46.909	0.574	1.4	0.7	s20_t1.4_a0.7_032.gff
19773	N	N	57.652	64.521	63.911	0.610	1.4	0.7	s20_t1.4_a0.7_033.gff
35867	N	N	318.085	327.919	327.111	0.808	1.4	0.7	s20_t1.4_a0.7_034.gff
3171	N	N	4.800	8.651	8.256	0.395	1.4	0.7	s20_t1.4_a0.7_035.gff
1063	N	N	2.339	4.976	4.775	0.201	1.4	0.7	s20_t1.4_a0.7_036.gff
3584	N	N	5.233	9.195	8.756	0.439	1.4	0.7	s20_t1.4_a0.7_037.gff
10311	N	N	18.842	23.591	23.092	0.499	1.4	0.7	s20_t1.4_a0.7_038.gff
23222	N	N	79.315	87.035	86.385	0.650	1.4	0.7	s20_t1.4_a0.7_039.gff
9382	N	N	16.613	21.970	21.549	0.421	1.4	0.7	s20_t1.4_a0.7_040.gff
2859	N	N	4.053	7.348	7.047	0.301	1.4	0.7	s20_t1.4_a0.7_041.gff
1216	N	N	2.541	5.453	5.212	0.241	1.4	0.7	s20_t1.4_a0.7_042.gff
7949	N	N	13.209	17.233	16.777	0.456	1.4	0.7	s20_t1.4_a0.7_043.gff
10047	N	N	18.068	22.339	21.879	0.460	1.4	0.7	s20_t1.4_a0.7_044.gff
16521	N	N	43.071	49.254	48.714	0.540	1.4	0.7	s20_t1.4_a0.7_045.gff
30458	N	N	184.167	196.370	195.623	0.747	1.4	0.7	s20_t1.4_a0.7_046.gff
16239	N	N	39.978	45.419	44.877	0.542	1.4	0.7	s20_t1.4_a0.7_047.gff
24841	N	N	89.984	98.526	97.945	0.581	1.4	0.7	s20_t1.4_a0.7_048.gff
12126	N	N	24.105	28.687	28.214	0.473	1.4	0.7	s20_t1.4_a0.7_049.gff
12862	N	N	27.939	33.424	32.868	0.556	1.4	0.7	s20_t1.4_a0.7_050.gff
4046	N	N	6.050	11.020	10.588	0.432	1.4	0.7	s20_t1.4_a0.7_051.gff
11068	N	N	20.065	25.082	24.595	0.487	1.4	0.7	s20_t1.4_a0.7_052.gff
12786	N	N	26.287	32.834	32.324	0.510	1.4	0.7	s20_t1.4_a0.7_053.gff
19314	N	N	52.518	59.527	58.965	0.562	1.4	0.7	s20_t1.4_a0.7_054.gff
17105	N	N	42.254	49.190	48.606	0.584	1.4	0.7	s20_t1.4_a0.7_055.gff
21356	N	N	63.537	71.216	70.642	0.574	1.4	0.7	s20_t1.4_a0.7_056.gff
2201	N	N	3.767	6.776	6.485	0.291	1.4	0.7	s20_t1.4_a0.7_057.gff
2578	N	N	3.944	8.357	7.995	0.362	1.4	0.7	s20_t1.4_a0.7_058.gff
5424	N	N	8.099	12.218	11.785	0.433	1.4	0.7	s20_t1.4_a0.7_059.gff
28420	N	N	141.257	151.121	150.400	0.721	1.4	0.7	s20_t1.4_a0.7_060.gff
342	N	N	1.793	3.387	3.221	0.166	1.4	0.7	s20_t1.4_a0.7_061.gff
6761	N	N	10.387	14.447	13.983	0.464	1.4	0.7	s20_t1.4_a0.7_062.gff
27607	N	N	122.546	132.488	131.773	0.715	1.4	0.7	s20_t1.4_a0.7_063.gff
18080	N	N	48.932	56.287	55.761	0.526	1.4	0.7	s20_t1.4_a0.7_064.gff
NA	Y	N	1205.366	1202.591	1201.472	1.119	1.4	0.7	s20_t1.4_a0.7_065.gff
5876	N	N	8.821	13.758	13.329	0.429	1.4	0.7	s20_t1.4_a0.7_066.gff
7647	N	N	12.840	18.088	17.599	0.489	1.4	0.7	s20_t1.4_a0.7_067.gff
2959	N	N	4.563	9.249	8.859	0.390	1.4	0.7	s20_t1.4_a0.7_068.gff
11604	N	N	22.536	27.054	26.557	0.497	1.4	0.7	s20_t1.4_a0.7_069.gff
2924	N	N	4.362	8.011	7.668	0.343	1.4	0.7	s20_t1.4_a0.7_070.gff
20320	N	N	63.093	71.879	71.288	0.591	1.4	0.7	s20_t1.4_a0.7_071.gff
255	N	N	1.641	3.117	2.964	0.153	1.4	0.7	s20_t1.4_a0.7_072.gff
5527	N	N	8.372	13.025	12.617	0.408	1.4	0.7	s20_t1.4_a0.7_073.gff
487	N	N	1.857	3.575	3.410	0.165	1.4	0.7	s20_t1.4_a0.7_074.gff
NA	Y	N	1202.732	1202.561	1201.500	1.061	1.4	0.7	s20_t1.4_a0.7_075.gff
4945	N	N	7.672	11.164	10.756	0.408	1.4	0.7	s20_t1.4_a0.7_076.gff
2836	N	N	4.426	7.957	7.592	0.365	1.4	0.7	s20_t1.4_a0.7_077.gff
2981	N	N	4.405	9.341	8.968	0.373	1.4	0.7	s20_t1.4_a0.7_078.gff
34000	N	N	185.497	195.164	194.381	0.783	1.4	0.7	s20_t1.4_a0.7_079.gff
49018	N	N	522.750	535.478	534.558	0.920	1.4	0.7	s20_t1.4_a0.7_080.gff
3989	N	N	6.165	9.895	9.502	0.393	1.4	0.7	s20_t1.4_a0.7_081.gff
9304	N	N	16.730	20.991	20.526	0.465	1.4	0.7	s20_t1.4_a0.7_082.gff
11320	N	N	22.114	26.447	25.959	0.488	1.4	0.7	s20_t1.4_a0.7_083.gff
18754	N	N	55.842	63.892	63.297	0.595	1.4	0.7	s20_t1.4_a0.7_084.gff
3563	N	N	5.292	9.243	8.822	0.421	1.4	0.7	s20_t1.4_a0.7_085.gff
1030	N	N	2.405	5.190	4.977	0.213	1.4	0.7	s20_t1.4_a0.7_086.gff
6218	N	N	9.733	14.701	14.223	0.478	1.4	0.7	s20_t1.4_a0.7_087.gff
14009	N	N	31.671	37.334	36.781	0.553	1.4	0.7	s20_t1.4_a0.7_088.gff
2620	N	N	3.937	8.351	8.020	0.331	1.4	0.7	s20_t1.4_a0.7_089.gff
12601	N	N	25.718	32.018	31.487	0.531	1.4	0.7	s20_t1.4_a0.7_090.gff
NA	Y	N	1202.074	1202.698	1201.530	1.168	1.4	0.7	s20_t1.4_a0.7_091.gff
31515	N	N	149.657	160.830	160.094	0.736	1.4	0.7	s20_t1.4_a0.7_092.gff
12858	N	N	27.086	32.131	31.650	0.481	1.4	0.7	s20_t1.4_a0.7_093.gff
20818	N	N	61.159	68.001	67.423	0.578	1.4	0.7	s20_t1.4_a0.7_094.gff
16326	N	N	41.580	47.400	46.838	0.562	1.4	0.7	s20_t1.4_a0.7_095.gff
3383	N	N	4.937	9.188	8.798	0.390	1.4	0.7	s20_t1.4_a0.7_096.gff
19222	N	N	60.957	67.872	67.344	0.528	1.4	0.7	s20_t1.4_a0.7_097.gff
NA	Y	N	1203.023	1202.575	1201.567	1.008	1.4	0.7	s20_t1.4_a0.7_098.gff
17259	N	N	49.554	57.353	56.799	0.554	1.4	0.7	s20_t1.4_a0.7_099.gff
10785	N	N	20.160	25.483	24.990	0.493	1.4	0.7	s20_t1.4_a0.7_100.gff
15141	N	N	36.168	43.232	42.635	0.597	1.4	0.8	s20_t1.4_a0.8_001.gff
38948	N	N	278.603	289.804	289.021	0.783	1.4	0.8	s20_t1.4_a0.8_002.gff
3963	N	N	5.872	11.049	10.615	0.434	1.4	0.8	s20_t1.4_a0.8_003.gff
25734	N	N	91.400	101.627	100.939	0.688	1.4	0.8	s20_t1.4_a0.8_004.gff
83	N	N	1.533	2.698	2.554	0.144	1.4	0.8	s20_t1.4_a0.8_005.gff
1444	N	N	2.672	5.628	5.385	0.243	1.4	0.8	s20_t1.4_a0.8_006.gff
2510	N	N	3.705	7.905	7.595	0.310	1.4	0.8	s20_t1.4_a0.8_007.gff
16262	N	N	40.389	46.508	45.979	0.529	1.4	0.8	s20_t1.4_a0.8_008.gff
4643	N	N	7.129	10.631	10.246	0.385	1.4	0.8	s20_t1.4_a0.8_009.gff
2476	N	N	3.758	7.490	7.195	0.295	1.4	0.8	s20_t1.4_a0.8_010.gff
2597	N	N	4.024	7.698	7.379	0.319	1.4	0.8	s20_t1.4_a0.8_011.gff
4076	N	N	5.991	10.214	9.794	0.420	1.4	0.8	s20_t1.4_a0.8_012.gff
2063	N	N	3.184	6.500	6.234	0.266	1.4	0.8	s20_t1.4_a0.8_013.gff
10186	N	N	18.071	22.502	22.036	0.466	1.4	0.8	s20_t1.4_a0.8_014.gff
2015	N	N	3.367	7.015	6.737	0.278	1.4	0.8	s20_t1.4_a0.8_015.gff
16880	N	N	42.161	48.118	47.587	0.531	1.4	0.8	s20_t1.4_a0.8_016.gff
17529	N	N	44.553	50.580	50.014	0.566	1.4	0.8	s20_t1.4_a0.8_017.gff
4316	N	N	6.487	11.731	11.288	0.443	1.4	0.8	s20_t1.4_a0.8_018.gff
25709	N	N	101.759	111.041	110.382	0.659	1.4	0.8	s20_t1.4_a0.8_019.gff
NA	Y	N	1204.039	1202.659	1201.480	1.179	1.4	0.8	s20_t1.4_a0.8_020.gff
1363	N	N	3.027	5.948	5.717	0.231	1.4	0.8	s20_t1.4_a0.8_021.gff
NA	Y	N	1202.829	1203.026	1201.833	1.193	1.4	0.8	s20_t1.4_a0.8_022.gff
21081	N	N	62.882	71.994	71.399	0.595	1.4	0.8	s20_t1.4_a0.8_023.gff
8487	N	N	14.546	18.680	18.242	0.438	1.4	0.8	s20_t1.4_a0.8_024.gff
1442	N	N	2.660	5.662	5.416	0.246	1.4	0.8	s20_t1.4_a0.8_025.gff
NA	Y	N	1200.843	1202.569	1201.501	1.068	1.4	0.8	s20_t1.4_a0.8_026.gff
40861	N	N	389.107	401.730	400.845	0.885	1.4	0.8	s20_t1.4_a0.8_027.gff
26300	N	N	97.247	106.378	105.773	0.605	1.4	0.8	s20_t1.4_a0.8_028.gff
NA	Y	N	1202.648	1202.704	1201.664	1.040	1.4	0.8	s20_t1.4_a0.8_029.gff
7596	N	N	12.343	16.191	15.763	0.428	1.4	0.8	s20_t1.4_a0.8_030.gff
16415	N	N	39.257	46.659	46.148	0.511	1.4	0.8	s20_t1.4_a0.8_031.gff
NA	Y	N	1203.113	1202.617	1201.523	1.094	1.4	0.8	s20_t1.4_a0.8_032.gff
11398	N	N	22.147	27.698	27.165	0.533	1.4	0.8	s20_t1.4_a0.8_033.gff
9678	N	N	17.523	22.022	21.542	0.480	1.4	0.8	s20_t1.4_a0.8_034.gff
NA	Y	N	1209.362	1202.700	1201.654	1.046	1.4	0.8	s20_t1.4_a0.8_035.gff
NA	Y	N	1201.980	1202.661	1201.521	1.140	1.4	0.8	s20_t1.4_a0.8_036.gff
NA	Y	N	1203.162	1202.601	1201.510	1.091	1.4	0.8	s20_t1.4_a0.8_037.gff
11030	N	N	21.281	26.954	26.463	0.491	1.4	0.8	s20_t1.4_a0.8_038.gff
21749	N	N	65.693	73.315	72.705	0.610	1.4	0.8	s20_t1.4_a0.8_039.gff
19310	N	N	52.394	59.089	58.508	0.581	1.4	0.8	s20_t1.4_a0.8_040.gff
33918	N	N	179.196	190.921	190.214	0.707	1.4	0.8	s20_t1.4_a0.8_041.gff
14843	N	N	34.255	39.753	39.214	0.539	1.4	0.8	s20_t1.4_a0.8_042.gff
1503	N	N	2.709	5.853	5.615	0.238	1.4	0.8	s20_t1.4_a0.8_043.gff
19548	N	N	55.147	62.082	61.519	0.563	1.4	0.8	s20_t1.4_a0.8_044.gff
56863	N	N	1058.353	1073.933	1072.833	1.100	1.4	0.8	s20_t1.4_a0.8_045.gff
7546	N	N	12.194	16.406	15.936	0.470	1.4	0.8	s20_t1.4_a0.8_046.gff
20025	N	N	59.892	67.654	67.073	0.581	1.4	0.8	s20_t1.4_a0.8_047.gff
9871	N	N	18.037	22.321	21.841	0.480	1.4	0.8	s20_t1.4_a0.8_048.gff
3141	N	N	4.625	9.592	9.259	0.333	1.4	0.8	s20_t1.4_a0.8_049.gff
NA	Y	N	1202.610	1202.664	1201.598	1.066	1.4	0.8	s20_t1.4_a0.8_050.gff
10987	N	N	21.374	25.884	25.430	0.454	1.4	0.8	s20_t1.4_a0.8_051.gff
2196	N	N	3.506	6.657	6.374	0.283	1.4	0.8	s20_t1.4_a0.8_052.gff
42870	N	N	393.941	405.921	405.061	0.860	1.4	0.8	s20_t1.4_a0.8_053.gff
11091	N	N	22.044	26.556	26.070	0.486	1.4	0.8	s20_t1.4_a0.8_054.gff
5460	N	N	8.004	11.832	11.423	0.409	1.4	0.8	s20_t1.4_a0.8_055.gff
10796	N	N	20.662	25.126	24.674	0.452	1.4	0.8	s20_t1.4_a0.8_056.gff
3711	N	N	5.569	9.389	9.000	0.389	1.4	0.8	s20_t1.4_a0.8_057.gff
10332	N	N	19.182	25.090	24.588	0.502	1.4	0.8	s20_t1.4_a0.8_058.gff
745	N	N	1.995	3.775	3.602	0.173	1.4	0.8	s20_t1.4_a0.8_059.gff
2357	N	N	3.704	7.198	6.861	0.337	1.4	0.8	s20_t1.4_a0.8_060.gff
13694	N	N	29.048	35.517	34.995	0.522	1.4	0.8	s20_t1.4_a0.8_061.gff
398	N	N	1.780	3.402	3.239	0.163	1.4	0.8	s20_t1.4_a0.8_062.gff
2530	N	N	4.061	8.517	8.195	0.322	1.4	0.8	s20_t1.4_a0.8_063.gff
46570	N	N	589.906	603.416	602.437	0.979	1.4	0.8	s20_t1.4_a0.8_064.gff
NA	Y	N	1203.769	1202.610	1201.543	1.067	1.4	0.8	s20_t1.4_a0.8_065.gff
16062	N	N	39.512	46.315	45.792	0.523	1.4	0.8	s20_t1.4_a0.8_066.gff
40026	N	N	375.707	389.652	388.753	0.899	1.4	0.8	s20_t1.4_a0.8_067.gff
5469	N	N	8.115	11.741	11.313	0.428	1.4	0.8	s20_t1.4_a0.8_068.gff
16982	N	N	42.881	49.196	48.636	0.560	1.4	0.8	s20_t1.4_a0.8_069.gff
17837	N	N	46.502	53.101	52.523	0.578	1.4	0.8	s20_t1.4_a0.8_070.gff
15291	N	N	35.691	41.494	40.976	0.518	1.4	0.8	s20_t1.4_a0.8_071.gff
13070	N	N	26.366	31.326	30.831	0.495	1.4	0.8	s20_t1.4_a0.8_072.gff
3903	N	N	5.613	9.400	8.989	0.411	1.4	0.8	s20_t1.4_a0.8_073.gff
NA	Y	N	1201.978	1202.586	1201.567	1.019	1.4	0.8	s20_t1.4_a0.8_074.gff
2421	N	N	3.989	7.540	7.226	0.314	1.4	0.8	s20_t1.4_a0.8_075.gff
390	N	N	1.744	3.303	3.130	0.173	1.4	0.8	s20_t1.4_a0.8_076.gff
3698	N	N	5.464	9.576	9.175	0.401	1.4	0.8	s20_t1.4_a0.8_077.gff
3643	N	N	7.315	9.486	9.109	0.377	1.4	0.8	s20_t1.4_a0.8_078.gff
6866	N	N	11.068	16.243	15.807	0.436	1.4	0.8	s20_t1.4_a0.8_079.gff
9924	N	N	17.676	22.081	21.593	0.488	1.4	0.8	s20_t1.4_a0.8_080.gff
1502	N	N	2.681	5.751	5.490	0.261	1.4	0.8	s20_t1.4_a0.8_081.gff
16365	N	N	40.546	46.306	45.773	0.533	1.4	0.8	s20_t1.4_a0.8_082.gff
7860	N	N	13.214	16.825	16.348	0.477	1.4	0.8	s20_t1.4_a0.8_083.gff
11845	N	N	24.047	28.873	28.337	0.536	1.4	0.8	s20_t1.4_a0.8_084.gff
14553	N	N	33.555	38.740	38.196	0.544	1.4	0.8	s20_t1.4_a0.8_085.gff
NA	Y	N	1202.109	1202.564	1201.439	1.125	1.4	0.8	s20_t1.4_a0.8_086.gff
37748	N	N	272.161	283.224	282.418	0.806	1.4	0.8	s20_t1.4_a0.8_087.gff
291	N	N	1.775	3.174	3.030	0.144	1.4	0.8	s20_t1.4_a0.8_088.gff
1323	N	N	2.675	5.770	5.495	0.275	1.4	0.8	s20_t1.4_a0.8_089.gff
7132	N	N	11.806	16.021	15.580	0.441	1.4	0.8	s20_t1.4_a0.8_090.gff
5260	N	N	7.914	11.725	11.311	0.414	1.4	0.8	s20_t1.4_a0.8_091.gff
30676	N	N	151.843	162.762	162.034	0.728	1.4	0.8	s20_t1.4_a0.8_092.gff
4649	N	N	6.909	10.783	10.356	0.427	1.4	0.8	s20_t1.4_a0.8_093.gff
NA	Y	N	1203.021	1202.684	1201.534	1.150	1.4	0.8	s20_t1.4_a0.8_094.gff
2495	N	N	3.859	7.531	7.200	0.331	1.4	0.8	s20_t1.4_a0.8_095.gff
1953	N	N	3.078	6.386	6.140	0.246	1.4	0.8	s20_t1.4_a0.8_096.gff
12333	N	N	26.000	31.134	30.631	0.503	1.4	0.8	s20_t1.4_a0.8_097.gff
3309	N	N	4.967	8.955	8.529	0.426	1.4	0.8	s20_t1.4_a0.8_098.gff
23347	N	N	82.834	90.129	89.524	0.605	1.4	0.8	s20_t1.4_a0.8_099.gff
5176	N	N	7.675	11.320	10.939	0.381	1.4	0.8	s20_t1.4_a0.8_100.gff
2059	N	N	3.314	6.875	6.595	0.280	1.4	0.9	s20_t1.4_a0.9_001.gff
20265	N	N	67.010	74.003	73.451	0.552	1.4	0.9	s20_t1.4_a0.9_002.gff
4178	N	N	6.458	10.272	9.893	0.379	1.4	0.9	s20_t1.4_a0.9_003.gff
9717	N	N	17.179	20.994	20.563	0.431	1.4	0.9	s20_t1.4_a0.9_004.gff
1689	N	N	2.970	6.395	6.147	0.248	1.4	0.9	s20_t1.4_a0.9_005.gff
45	N	N	1.389	2.539	2.406	0.133	1.4	0.9	s20_t1.4_a0.9_006.gff
2449	N	N	3.852	6.950	6.601	0.349	1.4	0.9	s20_t1.4_a0.9_007.gff
2386	N	N	3.813	7.373	7.065	0.308	1.4	0.9	s20_t1.4_a0.9_008.gff
7017	N	N	11.212	16.423	16.002	0.421	1.4	0.9	s20_t1.4_a0.9_009.gff
13591	N	N	29.460	35.276	34.810	0.466	1.4	0.9	s20_t1.4_a0.9_010.gff
NA	Y	N	1203.439	1202.570	1201.526	1.044	1.4	0.9	s20_t1.4_a0.9_011.gff
32042	N	N	178.936	189.495	188.771	0.724	1.4	0.9	s20_t1.4_a0.9_012.gff
14148	N	N	32.823	38.120	37.584	0.536	1.4	0.9	s20_t1.4_a0.9_013.gff
9122	N	N	15.849	21.236	20.794	0.442	1.4	0.9	s20_t1.4_a0.9_014.gff
7489	N	N	11.696	15.378	14.911	0.467	1.4	0.9	s20_t1.4_a0.9_015.gff
14564	N	N	34.062	39.260	38.736	0.524	1.4	0.9	s20_t1.4_a0.9_016.gff
4365	N	N	6.458	10.367	9.985	0.382	1.4	0.9	s20_t1.4_a0.9_017.gff
5419	N	N	7.885	11.392	11.003	0.389	1.4	0.9	s20_t1.4_a0.9_018.gff
1338	N	N	2.696	5.791	5.538	0.253	1.4	0.9	s20_t1.4_a0.9_019.gff
NA	Y	N	1204.771	1202.559	1201.538	1.021	1.4	0.9	s20_t1.4_a0.9_020.gff
NA	Y	N	1202.293	1202.611	1201.591	1.020	1.4	0.9	s20_t1.4_a0.9_021.gff
557	N	N	1.882	3.558	3.386	0.172	1.4	0.9	s20_t1.4_a0.9_022.gff
12657	N	N	25.510	31.907	31.367	0.540	1.4	0.9	s20_t1.4_a0.9_023.gff
7588	N	N	11.690	16.938	16.482	0.456	1.4	0.9	s20_t1.4_a0.9_024.gff
32897	N	N	144.024	155.803	155.113	0.690	1.4	0.9	s20_t1.4_a0.9_025.gff
7450	N	N	12.160	15.716	15.261	0.455	1.4	0.9	s20_t1.4_a0.9_026.gff
864	N	N	2.084	3.874	3.715	0.159	1.4	0.9	s20_t1.4_a0.9_027.gff
3279	N	N	4.455	8.232	7.912	0.320	1.4	0.9	s20_t1.4_a0.9_028.gff
10787	N	N	20.863	23.813	23.364	0.449	1.4	0.9	s20_t1.4_a0.9_029.gff
4061	N	N	5.750	9.751	9.352	0.399	1.4	0.9	s20_t1.4_a0.9_030.gff
7646	N	N	12.914	17.973	17.570	0.403	1.4	0.9	s20_t1.4_a0.9_031.gff
133	N	N	1.552	2.830	2.686	0.144	1.4	0.9	s20_t1.4_a0.9_032.gff
1805	N	N	3.138	6.625	6.360	0.265	1.4	0.9	s20_t1.4_a0.9_033.gff
16878	N	N	43.608	49.605	49.045	0.560	1.4	0.9	s20_t1.4_a0.9_034.gff
11856	N	N	22.155	26.979	26.495	0.484	1.4	0.9	s20_t1.4_a0.9_035.gff
2883	N	N	4.275	8.688	8.336	0.352	1.4	0.9	s20_t1.4_a0.9_036.gff
355	N	N	1.782	3.265	3.109	0.156	1.4	0.9	s20_t1.4_a0.9_037.gff
39705	N	N	247.202	258.937	258.148	0.789	1.4	0.9	s20_t1.4_a0.9_038.gff
7974	N	N	13.096	17.137	16.730	0.407	1.4	0.9	s20_t1.4_a0.9_039.gff
11093	N	N	20.183	24.707	24.259	0.448	1.4	0.9	s20_t1.4_a0.9_040.gff
NA	Y	N	1202.806	1202.568	1201.532	1.036	1.4	0.9	s20_t1.4_a0.9_041.gff
4024	N	N	5.831	9.321	8.946	0.375	1.4	0.9	s20_t1.4_a0.9_042.gff
NA	Y	N	1203.544	1202.612	1201.581	1.031	1.4	0.9	s20_t1.4_a0.9_043.gff
1475	N	N	2.832	5.917	5.671	0.246	1.4	0.9	s20_t1.4_a0.9_044.gff
6210	N	N	9.144	12.883	12.489	0.394	1.4	0.9	s20_t1.4_a0.9_045.gff
3439	N	N	5.055	8.364	7.985	0.379	1.4	0.9	s20_t1.4_a0.9_046.gff
1565	N	N	2.723	5.892	5.628	0.264	1.4	0.9	s20_t1.4_a0.9_047.gff
170	N	N	1.510	2.853	2.723	0.130	1.4	0.9	s20_t1.4_a0.9_048.gff
3799	N	N	5.562	10.635	10.220	0.415	1.4	0.9	s20_t1.4_a0.9_049.gff
4408	N	N	6.523	10.316	9.946	0.370	1.4	0.9	s20_t1.4_a0.9_050.gff
2285	N	N	5.247	7.862	7.521	0.341	1.4	0.9	s20_t1.4_a0.9_051.gff
3354	N	N	4.917	9.564	9.186	0.378	1.4	0.9	s20_t1.4_a0.9_052.gff
39485	N	N	269.355	280.797	280.018	0.779	1.4	0.9	s20_t1.4_a0.9_053.gff
40489	N	N	266.763	278.019	277.276	0.743	1.4	0.9	s20_t1.4_a0.9_054.gff
NA	Y	N	1202.781	1202.662	1201.633	1.029	1.4	0.9	s20_t1.4_a0.9_055.gff
606	N	N	2.078	3.679	3.500	0.179	1.4	0.9	s20_t1.4_a0.9_056.gff
192	N	N	1.559	2.907	2.759	0.148	1.4	0.9	s20_t1.4_a0.9_057.gff
14252	N	N	30.350	36.337	35.831	0.506	1.4	0.9	s20_t1.4_a0.9_058.gff
2861	N	N	4.103	7.655	7.324	0.331	1.4	0.9	s20_t1.4_a0.9_059.gff
6251	N	N	9.305	13.090	12.672	0.418	1.4	0.9	s20_t1.4_a0.9_060.gff
6195	N	N	10.028	14.538	14.102	0.436	1.4	0.9	s20_t1.4_a0.9_061.gff
47212	N	N	401.808	414.011	413.116	0.895	1.4	0.9	s20_t1.4_a0.9_062.gff
8652	N	N	14.836	18.856	18.401	0.455	1.4	0.9	s20_t1.4_a0.9_063.gff
9351	N	N	15.931	19.898	19.488	0.410	1.4	0.9	s20_t1.4_a0.9_064.gff
3308	N	N	4.622	8.349	8.007	0.342	1.4	0.9	s20_t1.4_a0.9_065.gff
2825	N	N	3.980	7.155	6.866	0.289	1.4	0.9	s20_t1.4_a0.9_066.gff
6879	N	N	11.208	16.153	15.713	0.440	1.4	0.9	s20_t1.4_a0.9_067.gff
8855	N	N	15.178	19.110	18.687	0.423	1.4	0.9	s20_t1.4_a0.9_068.gff
1886	N	N	3.020	6.270	6.016	0.254	1.4	0.9	s20_t1.4_a0.9_069.gff
541	N	N	1.945	3.651	3.505	0.146	1.4	0.9	s20_t1.4_a0.9_070.gff
3613	N	N	5.360	10.216	9.777	0.439	1.4	0.9	s20_t1.4_a0.9_071.gff
11944	N	N	23.158	27.847	27.375	0.472	1.4	0.9	s20_t1.4_a0.9_072.gff
5650	N	N	8.341	13.007	12.591	0.416	1.4	0.9	s20_t1.4_a0.9_073.gff
4429	N	N	6.574	10.491	10.147	0.344	1.4	0.9	s20_t1.4_a0.9_074.gff
4448	N	N	6.814	10.120	9.759	0.361	1.4	0.9	s20_t1.4_a0.9_075.gff
13384	N	N	27.482	32.355	31.873	0.482	1.4	0.9	s20_t1.4_a0.9_076.gff
32692	N	N	155.074	165.683	165.006	0.677	1.4	0.9	s20_t1.4_a0.9_077.gff
2071	N	N	3.155	6.461	6.186	0.275	1.4	0.9	s20_t1.4_a0.9_078.gff
1793	N	N	2.924	6.272	5.999	0.273	1.4	0.9	s20_t1.4_a0.9_079.gff
1681	N	N	3.088	5.880	5.605	0.275	1.4	0.9	s20_t1.4_a0.9_080.gff
NA	Y	N	1204.086	1202.516	1201.061	1.455	1.4	0.9	s20_t1.4_a0.9_081.gff
3838	N	N	5.979	9.585	9.209	0.376	1.4	0.9	s20_t1.4_a0.9_082.gff
1437	N	N	2.651	5.661	5.427	0.234	1.4	0.9	s20_t1.4_a0.9_083.gff
18744	N	N	46.975	55.548	54.968	0.580	1.4	0.9	s20_t1.4_a0.9_084.gff
6647	N	N	10.034	14.000	13.575	0.425	1.4	0.9	s20_t1.4_a0.9_085.gff
1566	N	N	2.729	5.648	5.379	0.269	1.4	0.9	s20_t1.4_a0.9_086.gff
27170	N	N	107.861	116.116	115.353	0.763	1.4	0.9	s20_t1.4_a0.9_087.gff
1252	N	N	2.799	5.566	5.323	0.243	1.4	0.9	s20_t1.4_a0.9_088.gff
3880	N	N	6.075	10.355	9.924	0.431	1.4	0.9	s20_t1.4_a0.9_089.gff
53596	N	N	884.488	897.665	896.599	1.066	1.4	0.9	s20_t1.4_a0.9_090.gff
212	N	N	2.929	3.059	2.919	0.140	1.4	0.9	s20_t1.4_a0.9_091.gff
7905	N	N	13.318	17.390	16.947	0.443	1.4	0.9	s20_t1.4_a0.9_092.gff
29930	N	N	133.593	141.191	140.511	0.680	1.4	0.9	s20_t1.4_a0.9_093.gff
NA	Y	N	1204.304	1202.635	1201.612	1.023	1.4	0.9	s20_t1.4_a0.9_094.gff
1297	N	N	2.851	5.670	5.428	0.242	1.4	0.9	s20_t1.4_a0.9_095.gff
5167	N	N	8.598	11.402	10.992	0.410	1.4	0.9	s20_t1.4_a0.9_096.gff
12281	N	N	25.033	29.927	29.394	0.533	1.4	0.9	s20_t1.4_a0.9_097.gff
15842	N	N	35.382	40.516	40.009	0.507	1.4	0.9	s20_t1.4_a0.9_098.gff
12522	N	N	24.128	29.877	29.443	0.434	1.4	0.9	s20_t1.4_a0.9_099.gff
11211	N	N	21.027	26.415	25.892	0.523	1.4	0.9	s20_t1.4_a0.9_100.gff
264	N	N	2.057	3.141	2.985	0.156	1.4	1.0	s20_t1.4_a1.0_001.gff
112	N	N	1.522	2.791	2.635	0.156	1.4	1.0	s20_t1.4_a1.0_002.gff
327	N	N	1.723	3.234	3.094	0.140	1.4	1.0	s20_t1.4_a1.0_003.gff
344	N	N	1.740	3.127	2.979	0.148	1.4	1.0	s20_t1.4_a1.0_004.gff
413	N	N	1.846	3.520	3.351	0.169	1.4	1.0	s20_t1.4_a1.0_005.gff
948	N	N	2.351	4.660	4.436	0.224	1.4	1.0	s20_t1.4_a1.0_006.gff
632	N	N	2.078	4.199	4.013	0.186	1.4	1.0	s20_t1.4_a1.0_007.gff
314	N	N	1.713	3.166	3.015	0.151	1.4	1.0	s20_t1.4_a1.0_008.gff
674	N	N	2.079	4.176	3.991	0.185	1.4	1.0	s20_t1.4_a1.0_009.gff
682	N	N	2.104	4.248	4.041	0.207	1.4	1.0	s20_t1.4_a1.0_010.gff
1166	N	N	2.584	4.961	4.735	0.226	1.4	1.0	s20_t1.4_a1.0_011.gff
172	N	N	1.558	2.893	2.752	0.141	1.4	1.0	s20_t1.4_a1.0_012.gff
266	N	N	1.694	3.144	2.981	0.163	1.4	1.0	s20_t1.4_a1.0_013.gff
366	N	N	1.735	3.199	3.045	0.154	1.4	1.0	s20_t1.4_a1.0_014.gff
466	N	N	1.855	3.498	3.333	0.165	1.4	1.0	s20_t1.4_a1.0_015.gff
536	N	N	2.028	4.129	3.944	0.185	1.4	1.0	s20_t1.4_a1.0_016.gff
566	N	N	2.047	4.178	3.987	0.191	1.4	1.0	s20_t1.4_a1.0_017.gff
149	N	N	1.574	2.848	2.697	0.151	1.4	1.0	s20_t1.4_a1.0_018.gff
657	N	N	2.086	4.191	3.991	0.200	1.4	1.0	s20_t1.4_a1.0_019.gff
150	N	N	1.547	2.857	2.716	0.141	1.4	1.0	s20_t1.4_a1.0_020.gff
496	N	N	1.886	3.597	3.425	0.172	1.4	1.0	s20_t1.4_a1.0_021.gff
245	N	N	1.667	3.030	2.893	0.137	1.4	1.0	s20_t1.4_a1.0_022.gff
120	N	N	1.535	2.827	2.684	0.143	1.4	1.0	s20_t1.4_a1.0_023.gff
504	N	N	1.899	3.559	3.413	0.146	1.4	1.0	s20_t1.4_a1.0_024.gff
258	N	N	1.651	3.064	2.904	0.160	1.4	1.0	s20_t1.4_a1.0_025.gff
54	N	N	1.390	2.566	2.436	0.130	1.4	1.0	s20_t1.4_a1.0_026.gff
614	N	N	2.090	4.180	3.981	0.199	1.4	1.0	s20_t1.4_a1.0_027.gff
418	N	N	1.829	3.533	3.395	0.138	1.4	1.0	s20_t1.4_a1.0_028.gff
170	N	N	1.583	2.911	2.761	0.150	1.4	1.0	s20_t1.4_a1.0_029.gff
364	N	N	1.786	3.221	3.054	0.167	1.4	1.0	s20_t1.4_a1.0_030.gff
415	N	N	1.831	3.539	3.370	0.169	1.4	1.0	s20_t1.4_a1.0_031.gff
198	N	N	1.602	2.975	2.842	0.133	1.4	1.0	s20_t1.4_a1.0_032.gff
304	N	N	1.694	3.125	2.967	0.158	1.4	1.0	s20_t1.4_a1.0_033.gff
182	N	N	1.561	2.937	2.812	0.125	1.4	1.0	s20_t1.4_a1.0_034.gff
321	N	N	1.709	3.154	3.001	0.153	1.4	1.0	s20_t1.4_a1.0_035.gff
324	N	N	1.731	3.279	3.115	0.164	1.4	1.0	s20_t1.4_a1.0_036.gff
477	N	N	1.991	4.066	3.868	0.198	1.4	1.0	s20_t1.4_a1.0_037.gff
373	N	N	1.821	3.476	3.322	0.154	1.4	1.0	s20_t1.4_a1.0_038.gff
673	N	N	2.050	4.101	3.889	0.212	1.4	1.0	s20_t1.4_a1.0_039.gff
197	N	N	1.701	2.932	2.788	0.144	1.4	1.0	s20_t1.4_a1.0_040.gff
374	N	N	1.837	3.432	3.247	0.185	1.4	1.0	s20_t1.4_a1.0_041.gff
415	N	N	1.841	3.461	3.302	0.159	1.4	1.0	s20_t1.4_a1.0_042.gff
680	N	N	2.077	4.132	3.942	0.190	1.4	1.0	s20_t1.4_a1.0_043.gff
328	N	N	1.756	3.208	3.050	0.158	1.4	1.0	s20_t1.4_a1.0_044.gff
272	N	N	1.671	3.093	2.925	0.168	1.4	1.0	s20_t1.4_a1.0_045.gff
534	N	N	2.033	4.176	3.960	0.216	1.4	1.0	s20_t1.4_a1.0_046.gff
918	N	N	2.271	4.558	4.368	0.190	1.4	1.0	s20_t1.4_a1.0_047.gff
382	N	N	1.781	3.350	3.201	0.149	1.4	1.0	s20_t1.4_a1.0_048.gff
298	N	N	1.681	3.112	2.947	0.165	1.4	1.0	s20_t1.4_a1.0_049.gff
904	N	N	2.272	4.475	4.272	0.203	1.4	1.0	s20_t1.4_a1.0_050.gff
154	N	N	1.530	2.865	2.698	0.167	1.4	1.0	s20_t1.4_a1.0_051.gff
361	N	N	1.762	3.365	3.216	0.149	1.4	1.0	s20_t1.4_a1.0_052.gff
345	N	N	1.781	3.308	3.133	0.175	1.4	1.0	s20_t1.4_a1.0_053.gff
520	N	N	2.007	4.101	3.919	0.182	1.4	1.0	s20_t1.4_a1.0_054.gff
437	N	N	1.893	3.560	3.372	0.188	1.4	1.0	s20_t1.4_a1.0_055.gff
208	N	N	1.643	2.961	2.796	0.165	1.4	1.0	s20_t1.4_a1.0_056.gff
65	N	N	1.414	2.632	2.497	0.135	1.4	1.0	s20_t1.4_a1.0_057.gff
181	N	N	1.605	2.918	2.746	0.172	1.4	1.0	s20_t1.4_a1.0_058.gff
382	N	N	1.772	3.341	3.170	0.171	1.4	1.0	s20_t1.4_a1.0_059.gff
186	N	N	1.620	2.943	2.787	0.156	1.4	1.0	s20_t1.4_a1.0_060.gff
287	N	N	1.748	3.275	3.122	0.153	1.4	1.0	s20_t1.4_a1.0_061.gff
680	N	N	2.083	4.146	3.951	0.195	1.4	1.0	s20_t1.4_a1.0_062.gff
379	N	N	1.822	3.359	3.201	0.158	1.4	1.0	s20_t1.4_a1.0_063.gff
251	N	N	1.664	3.075	2.927	0.148	1.4	1.0	s20_t1.4_a1.0_064.gff
122	N	N	1.480	2.742	2.609	0.133	1.4	1.0	s20_t1.4_a1.0_065.gff
226	N	N	1.655	3.035	2.893	0.142	1.4	1.0	s20_t1.4_a1.0_066.gff
176	N	N	1.557	2.879	2.724	0.155	1.4	1.0	s20_t1.4_a1.0_067.gff
254	N	N	1.699	3.107	2.958	0.149	1.4	1.0	s20_t1.4_a1.0_068.gff
468	N	N	2.009	4.041	3.853	0.188	1.4	1.0	s20_t1.4_a1.0_069.gff
111	N	N	1.479	2.748	2.608	0.140	1.4	1.0	s20_t1.4_a1.0_070.gff
260	N	N	1.674	3.103	2.958	0.145	1.4	1.0	s20_t1.4_a1.0_071.gff
330	N	N	1.754	3.298	3.142	0.156	1.4	1.0	s20_t1.4_a1.0_072.gff
344	N	N	1.729	3.256	3.112	0.144	1.4	1.0	s20_t1.4_a1.0_073.gff
524	N	N	2.065	4.096	3.896	0.200	1.4	1.0	s20_t1.4_a1.0_074.gff
488	N	N	1.901	3.577	3.410	0.167	1.4	1.0	s20_t1.4_a1.0_075.gff
374	N	N	1.850	3.492	3.313	0.179	1.4	1.0	s20_t1.4_a1.0_076.gff
2160	N	N	3.916	6.954	6.669	0.285	1.4	1.0	s20_t1.4_a1.0_077.gff
233	N	N	1.660	3.054	2.915	0.139	1.4	1.0	s20_t1.4_a1.0_078.gff
310	N	N	1.719	3.135	2.978	0.157	1.4	1.0	s20_t1.4_a1.0_079.gff
384	N	N	1.786	3.349	3.193	0.156	1.4	1.0	s20_t1.4_a1.0_080.gff
470	N	N	1.903	3.579	3.416	0.163	1.4	1.0	s20_t1.4_a1.0_081.gff
91	N	N	1.494	2.704	2.566	0.138	1.4	1.0	s20_t1.4_a1.0_082.gff
657	N	N	2.117	4.211	4.002	0.209	1.4	1.0	s20_t1.4_a1.0_083.gff
213	N	N	1.595	2.991	2.840	0.151	1.4	1.0	s20_t1.4_a1.0_084.gff
205	N	N	1.600	2.970	2.812	0.158	1.4	1.0	s20_t1.4_a1.0_085.gff
142	N	N	1.504	2.776	2.631	0.145	1.4	1.0	s20_t1.4_a1.0_086.gff
228	N	N	1.606	3.013	2.857	0.156	1.4	1.0	s20_t1.4_a1.0_087.gff
373	N	N	1.778	3.225	3.061	0.164	1.4	1.0	s20_t1.4_a1.0_088.gff
121	N	N	1.501	2.784	2.640	0.144	1.4	1.0	s20_t1.4_a1.0_089.gff
316	N	N	1.736	3.184	3.016	0.168	1.4	1.0	s20_t1.4_a1.0_090.gff
216	N	N	1.584	2.924	2.775	0.149	1.4	1.0	s20_t1.4_a1.0_091.gff
327	N	N	1.776	3.190	3.038	0.152	1.4	1.0	s20_t1.4_a1.0_092.gff
668	N	N	2.131	4.254	4.044	0.210	1.4	1.0	s20_t1.4_a1.0_093.gff
336	N	N	1.758	3.271	3.108	0.163	1.4	1.0	s20_t1.4_a1.0_094.gff
305	N	N	1.691	3.122	2.964	0.158	1.4	1.0	s20_t1.4_a1.0_095.gff
510	N	N	2.068	4.198	4.015	0.183	1.4	1.0	s20_t1.4_a1.0_096.gff
724	N	N	2.117	4.279	4.064	0.215	1.4	1.0	s20_t1.4_a1.0_097.gff
277	N	N	1.721	3.113	2.959	0.154	1.4	1.0	s20_t1.4_a1.0_098.gff
312	N	N	1.706	3.140	3.005	0.135	1.4	1.0	s20_t1.4_a1.0_099.gff
480	N	N	1.880	3.516	3.343	0.173	1.4	1.0	s20_t1.4_a1.0_100.gff
12110	N	N	23.660	28.392	27.922	0.470	1.6	0.1	s20_t1.6_a0.1_001.gff
4833	N	N	7.141	12.350	11.917	0.433	1.6	0.1	s20_t1.6_a0.1_002.gff
32700	N	N	135.795	143.976	143.299	0.677	1.6	0.1	s20_t1.6_a0.1_003.gff
19084	N	N	48.204	54.450	53.931	0.519	1.6	0.1	s20_t1.6_a0.1_004.gff
40637	N	N	217.695	226.747	226.041	0.706	1.6	0.1	s20_t1.6_a0.1_005.gff
23788	N	N	70.775	78.014	77.429	0.585	1.6	0.1	s20_t1.6_a0.1_006.gff
58174	N	N	652.024	666.152	665.161	0.991	1.6	0.1	s20_t1.6_a0.1_007.gff
NA	Y	N	1209.353	1202.690	1201.630	1.060	1.6	0.1	s20_t1.6_a0.1_008.gff
25028	N	N	79.508	86.746	86.159	0.587	1.6	0.1	s20_t1.6_a0.1_009.gff
8579	N	N	14.605	18.532	18.091	0.441	1.6	0.1	s20_t1.6_a0.1_010.gff
610	N	N	2.269	4.701	4.504	0.197	1.6	0.1	s20_t1.6_a0.1_011.gff
43706	N	N	294.299	306.300	305.490	0.810	1.6	0.1	s20_t1.6_a0.1_012.gff
5061	N	N	7.610	11.312	10.928	0.384	1.6	0.1	s20_t1.6_a0.1_013.gff
29066	N	N	106.157	114.075	113.483	0.592	1.6	0.1	s20_t1.6_a0.1_014.gff
13577	N	N	29.781	34.428	33.955	0.473	1.6	0.1	s20_t1.6_a0.1_015.gff
47171	N	N	352.915	363.185	362.363	0.822	1.6	0.1	s20_t1.6_a0.1_016.gff
1891	N	N	3.204	6.411	6.133	0.278	1.6	0.1	s20_t1.6_a0.1_017.gff
35695	N	N	162.278	170.692	170.000	0.692	1.6	0.1	s20_t1.6_a0.1_018.gff
3688	N	N	5.627	9.088	8.731	0.357	1.6	0.1	s20_t1.6_a0.1_019.gff
15571	N	N	36.438	41.916	41.436	0.480	1.6	0.1	s20_t1.6_a0.1_020.gff
NA	Y	N	1204.092	1202.423	1201.042	1.381	1.6	0.1	s20_t1.6_a0.1_021.gff
9492	N	N	16.798	20.184	19.768	0.416	1.6	0.1	s20_t1.6_a0.1_022.gff
4362	N	N	6.198	10.107	9.701	0.406	1.6	0.1	s20_t1.6_a0.1_023.gff
55602	N	N	573.520	587.508	586.576	0.932	1.6	0.1	s20_t1.6_a0.1_024.gff
4613	N	N	6.872	10.421	10.032	0.389	1.6	0.1	s20_t1.6_a0.1_025.gff
7823	N	N	12.269	16.794	16.353	0.441	1.6	0.1	s20_t1.6_a0.1_026.gff
58821	N	N	748.768	764.190	763.149	1.041	1.6	0.1	s20_t1.6_a0.1_027.gff
9181	N	N	16.000	19.552	19.113	0.439	1.6	0.1	s20_t1.6_a0.1_028.gff
4154	N	N	6.246	9.661	9.271	0.390	1.6	0.1	s20_t1.6_a0.1_029.gff
8230	N	N	14.777	17.611	17.186	0.425	1.6	0.1	s20_t1.6_a0.1_030.gff
10966	N	N	21.308	27.007	26.544	0.463	1.6	0.1	s20_t1.6_a0.1_031.gff
2277	N	N	3.689	6.854	6.525	0.329	1.6	0.1	s20_t1.6_a0.1_032.gff
21729	N	N	64.425	70.999	70.449	0.550	1.6	0.1	s20_t1.6_a0.1_033.gff
11681	N	N	23.104	28.468	28.019	0.449	1.6	0.1	s20_t1.6_a0.1_034.gff
7222	N	N	11.221	15.249	14.823	0.426	1.6	0.1	s20_t1.6_a0.1_035.gff
25940	N	N	86.748	95.020	94.386	0.634	1.6	0.1	s20_t1.6_a0.1_036.gff
21139	N	N	61.449	67.918	67.417	0.501	1.6	0.1	s20_t1.6_a0.1_037.gff
NA	Y	N	1207.958	1202.695	1201.642	1.053	1.6	0.1	s20_t1.6_a0.1_038.gff
19657	N	N	51.722	59.089	58.535	0.554	1.6	0.1	s20_t1.6_a0.1_039.gff
14887	N	N	32.389	37.804	37.261	0.543	1.6	0.1	s20_t1.6_a0.1_040.gff
10128	N	N	17.549	22.798	22.328	0.470	1.6	0.1	s20_t1.6_a0.1_041.gff
32003	N	N	132.067	141.627	140.950	0.677	1.6	0.1	s20_t1.6_a0.1_042.gff
36466	N	N	176.039	185.786	185.031	0.755	1.6	0.1	s20_t1.6_a0.1_043.gff
24701	N	N	78.613	86.419	85.843	0.576	1.6	0.1	s20_t1.6_a0.1_044.gff
21569	N	N	64.035	71.112	70.543	0.569	1.6	0.1	s20_t1.6_a0.1_045.gff
4888	N	N	7.320	11.302	10.925	0.377	1.6	0.1	s20_t1.6_a0.1_046.gff
4446	N	N	6.691	11.864	11.442	0.422	1.6	0.1	s20_t1.6_a0.1_047.gff
30701	N	N	122.357	130.258	129.634	0.624	1.6	0.1	s20_t1.6_a0.1_048.gff
7702	N	N	13.256	16.189	15.765	0.424	1.6	0.1	s20_t1.6_a0.1_049.gff
1009	N	N	2.433	5.299	5.074	0.225	1.6	0.1	s20_t1.6_a0.1_050.gff
NA	Y	N	1205.326	1203.012	1202.108	0.904	1.6	0.1	s20_t1.6_a0.1_051.gff
5695	N	N	8.417	11.902	11.501	0.401	1.6	0.1	s20_t1.6_a0.1_052.gff
26905	N	N	86.812	94.192	93.601	0.591	1.6	0.1	s20_t1.6_a0.1_053.gff
NA	Y	N	1203.673	1202.624	1201.468	1.156	1.6	0.1	s20_t1.6_a0.1_054.gff
6893	N	N	10.787	14.835	14.409	0.426	1.6	0.1	s20_t1.6_a0.1_055.gff
12567	N	N	25.772	31.583	31.091	0.492	1.6	0.1	s20_t1.6_a0.1_056.gff
6907	N	N	10.641	14.559	14.118	0.441	1.6	0.1	s20_t1.6_a0.1_057.gff
5503	N	N	8.164	11.856	11.478	0.378	1.6	0.1	s20_t1.6_a0.1_058.gff
17992	N	N	44.192	49.935	49.403	0.532	1.6	0.1	s20_t1.6_a0.1_059.gff
22206	N	N	63.099	70.228	69.674	0.554	1.6	0.1	s20_t1.6_a0.1_060.gff
55733	N	N	594.660	606.203	605.332	0.871	1.6	0.1	s20_t1.6_a0.1_061.gff
15263	N	N	35.860	41.025	40.537	0.488	1.6	0.1	s20_t1.6_a0.1_062.gff
20828	N	N	62.927	69.188	68.675	0.513	1.6	0.1	s20_t1.6_a0.1_063.gff
6611	N	N	10.068	14.239	13.832	0.407	1.6	0.1	s20_t1.6_a0.1_064.gff
14812	N	N	33.234	38.420	37.917	0.503	1.6	0.1	s20_t1.6_a0.1_065.gff
3980	N	N	6.020	9.811	9.408	0.403	1.6	0.1	s20_t1.6_a0.1_066.gff
15201	N	N	35.686	41.350	40.812	0.538	1.6	0.1	s20_t1.6_a0.1_067.gff
6023	N	N	9.066	12.519	12.102	0.417	1.6	0.1	s20_t1.6_a0.1_068.gff
9896	N	N	16.965	21.219	20.793	0.426	1.6	0.1	s20_t1.6_a0.1_069.gff
15325	N	N	34.155	39.293	38.785	0.508	1.6	0.1	s20_t1.6_a0.1_070.gff
7239	N	N	11.722	15.250	14.848	0.402	1.6	0.1	s20_t1.6_a0.1_071.gff
67718	N	N	1164.241	1180.487	1179.154	1.333	1.6	0.1	s20_t1.6_a0.1_072.gff
16177	N	N	38.502	43.867	43.346	0.521	1.6	0.1	s20_t1.6_a0.1_073.gff
19483	N	N	46.924	53.517	52.958	0.559	1.6	0.1	s20_t1.6_a0.1_074.gff
22595	N	N	67.150	73.760	73.197	0.563	1.6	0.1	s20_t1.6_a0.1_075.gff
6219	N	N	9.729	14.674	14.226	0.448	1.6	0.1	s20_t1.6_a0.1_076.gff
17804	N	N	44.455	50.485	49.939	0.546	1.6	0.1	s20_t1.6_a0.1_077.gff
NA	Y	N	1206.918	1202.668	1201.589	1.079	1.6	0.1	s20_t1.6_a0.1_078.gff
6348	N	N	10.751	13.492	13.042	0.450	1.6	0.1	s20_t1.6_a0.1_079.gff
56208	N	N	848.714	863.293	862.246	1.047	1.6	0.1	s20_t1.6_a0.1_080.gff
31748	N	N	161.216	167.298	166.566	0.732	1.6	0.1	s20_t1.6_a0.1_081.gff
38342	N	N	233.575	241.944	241.241	0.703	1.6	0.1	s20_t1.6_a0.1_082.gff
10708	N	N	20.334	25.429	24.993	0.436	1.6	0.1	s20_t1.6_a0.1_083.gff
7418	N	N	11.971	15.645	15.280	0.365	1.6	0.1	s20_t1.6_a0.1_084.gff
17212	N	N	43.831	49.356	48.829	0.527	1.6	0.1	s20_t1.6_a0.1_085.gff
6457	N	N	9.536	13.740	13.350	0.390	1.6	0.1	s20_t1.6_a0.1_086.gff
41295	N	N	330.506	341.636	340.832	0.804	1.6	0.1	s20_t1.6_a0.1_087.gff
50404	N	N	637.128	648.050	645.842	2.208	1.6	0.1	s20_t1.6_a0.1_088.gff
5203	N	N	8.402	11.699	11.187	0.512	1.6	0.1	s20_t1.6_a0.1_089.gff
44404	N	N	367.581	376.999	376.229	0.770	1.6	0.1	s20_t1.6_a0.1_090.gff
46039	N	N	291.831	302.381	301.570	0.811	1.6	0.1	s20_t1.6_a0.1_091.gff
8832	N	N	15.142	18.805	18.406	0.399	1.6	0.1	s20_t1.6_a0.1_092.gff
29207	N	N	108.581	116.708	116.082	0.626	1.6	0.1	s20_t1.6_a0.1_093.gff
27704	N	N	99.757	107.472	106.817	0.655	1.6	0.1	s20_t1.6_a0.1_094.gff
NA	Y	N	1205.522	1202.666	1201.621	1.045	1.6	0.1	s20_t1.6_a0.1_095.gff
7067	N	N	11.473	14.969	14.590	0.379	1.6	0.1	s20_t1.6_a0.1_096.gff
12735	N	N	24.580	29.194	28.695	0.499	1.6	0.1	s20_t1.6_a0.1_097.gff
15444	N	N	36.730	42.749	42.224	0.525	1.6	0.1	s20_t1.6_a0.1_098.gff
8463	N	N	13.994	17.422	16.998	0.424	1.6	0.1	s20_t1.6_a0.1_099.gff
9544	N	N	16.715	20.981	20.521	0.460	1.6	0.1	s20_t1.6_a0.1_100.gff
8791	N	N	15.588	19.951	19.530	0.421	1.6	0.2	s20_t1.6_a0.2_001.gff
20690	N	N	60.817	67.055	66.492	0.563	1.6	0.2	s20_t1.6_a0.2_002.gff
33384	N	N	149.629	157.478	156.791	0.687	1.6	0.2	s20_t1.6_a0.2_003.gff
48593	N	N	450.354	462.107	461.155	0.952	1.6	0.2	s20_t1.6_a0.2_004.gff
29810	N	N	112.596	121.679	121.032	0.647	1.6	0.2	s20_t1.6_a0.2_005.gff
1189	N	N	2.678	5.526	5.274	0.252	1.6	0.2	s20_t1.6_a0.2_006.gff
6325	N	N	9.389	13.485	13.096	0.389	1.6	0.2	s20_t1.6_a0.2_007.gff
4213	N	N	6.216	9.726	9.349	0.377	1.6	0.2	s20_t1.6_a0.2_008.gff
38211	N	N	191.709	200.196	199.476	0.720	1.6	0.2	s20_t1.6_a0.2_009.gff
18679	N	N	49.401	54.958	54.497	0.461	1.6	0.2	s20_t1.6_a0.2_010.gff
NA	Y	N	1205.791	1202.526	1201.456	1.070	1.6	0.2	s20_t1.6_a0.2_011.gff
28379	N	N	102.539	110.983	110.300	0.683	1.6	0.2	s20_t1.6_a0.2_012.gff
17032	N	N	41.226	46.236	45.723	0.513	1.6	0.2	s20_t1.6_a0.2_013.gff
59802	N	N	722.154	736.580	735.593	0.987	1.6	0.2	s20_t1.6_a0.2_014.gff
46487	N	N	337.038	348.972	348.175	0.797	1.6	0.2	s20_t1.6_a0.2_015.gff
28981	N	N	102.510	110.019	109.414	0.605	1.6	0.2	s20_t1.6_a0.2_016.gff
11618	N	N	21.478	25.814	25.422	0.392	1.6	0.2	s20_t1.6_a0.2_017.gff
22952	N	N	68.820	77.165	76.620	0.545	1.6	0.2	s20_t1.6_a0.2_018.gff
17149	N	N	44.932	50.487	49.972	0.515	1.6	0.2	s20_t1.6_a0.2_019.gff
15672	N	N	39.850	44.079	43.572	0.507	1.6	0.2	s20_t1.6_a0.2_020.gff
NA	Y	N	1203.629	1202.489	1201.464	1.025	1.6	0.2	s20_t1.6_a0.2_021.gff
8469	N	N	13.796	17.999	17.560	0.439	1.6	0.2	s20_t1.6_a0.2_022.gff
20442	N	N	55.749	61.660	61.120	0.540	1.6	0.2	s20_t1.6_a0.2_023.gff
NA	Y	N	1205.952	1202.587	1201.409	1.178	1.6	0.2	s20_t1.6_a0.2_024.gff
4627	N	N	7.093	11.884	11.507	0.377	1.6	0.2	s20_t1.6_a0.2_025.gff
8701	N	N	15.220	19.052	18.641	0.411	1.6	0.2	s20_t1.6_a0.2_026.gff
31925	N	N	148.722	158.293	157.643	0.650	1.6	0.2	s20_t1.6_a0.2_027.gff
5038	N	N	7.522	11.151	10.745	0.406	1.6	0.2	s20_t1.6_a0.2_028.gff
328	N	N	1.754	3.345	3.204	0.141	1.6	0.2	s20_t1.6_a0.2_029.gff
13322	N	N	30.150	34.784	34.312	0.472	1.6	0.2	s20_t1.6_a0.2_030.gff
51051	N	N	550.311	561.132	559.769	1.363	1.6	0.2	s20_t1.6_a0.2_031.gff
11727	N	N	23.794	27.804	27.352	0.452	1.6	0.2	s20_t1.6_a0.2_032.gff
14634	N	N	32.930	37.945	37.438	0.507	1.6	0.2	s20_t1.6_a0.2_033.gff
21112	N	N	62.833	69.393	68.866	0.527	1.6	0.2	s20_t1.6_a0.2_034.gff
19764	N	N	55.151	61.994	61.435	0.559	1.6	0.2	s20_t1.6_a0.2_035.gff
4803	N	N	7.285	11.197	10.809	0.388	1.6	0.2	s20_t1.6_a0.2_036.gff
8746	N	N	14.883	18.952	18.520	0.432	1.6	0.2	s20_t1.6_a0.2_037.gff
8300	N	N	14.072	18.645	18.191	0.454	1.6	0.2	s20_t1.6_a0.2_038.gff
30791	N	N	127.114	135.771	135.121	0.650	1.6	0.2	s20_t1.6_a0.2_039.gff
9379	N	N	16.431	20.738	20.282	0.456	1.6	0.2	s20_t1.6_a0.2_040.gff
28040	N	N	105.644	114.735	114.128	0.607	1.6	0.2	s20_t1.6_a0.2_041.gff
14062	N	N	29.127	33.908	33.471	0.437	1.6	0.2	s20_t1.6_a0.2_042.gff
16620	N	N	39.563	45.528	45.014	0.514	1.6	0.2	s20_t1.6_a0.2_043.gff
6424	N	N	9.962	14.132	13.702	0.430	1.6	0.2	s20_t1.6_a0.2_044.gff
8221	N	N	13.570	17.663	17.213	0.450	1.6	0.2	s20_t1.6_a0.2_045.gff
8148	N	N	13.385	18.341	17.918	0.423	1.6	0.2	s20_t1.6_a0.2_046.gff
6998	N	N	11.140	15.019	14.638	0.381	1.6	0.2	s20_t1.6_a0.2_047.gff
26181	N	N	91.797	100.114	99.494	0.620	1.6	0.2	s20_t1.6_a0.2_048.gff
14314	N	N	32.404	37.681	37.158	0.523	1.6	0.2	s20_t1.6_a0.2_049.gff
6496	N	N	9.697	13.519	13.081	0.438	1.6	0.2	s20_t1.6_a0.2_050.gff
8672	N	N	14.460	18.280	17.863	0.417	1.6	0.2	s20_t1.6_a0.2_051.gff
10905	N	N	21.554	25.876	25.402	0.474	1.6	0.2	s20_t1.6_a0.2_052.gff
15424	N	N	34.514	40.117	39.587	0.530	1.6	0.2	s20_t1.6_a0.2_053.gff
2843	N	N	4.769	8.115	7.714	0.401	1.6	0.2	s20_t1.6_a0.2_054.gff
7898	N	N	12.865	16.839	16.456	0.383	1.6	0.2	s20_t1.6_a0.2_055.gff
7951	N	N	13.571	17.150	16.732	0.418	1.6	0.2	s20_t1.6_a0.2_056.gff
4729	N	N	7.095	12.339	11.943	0.396	1.6	0.2	s20_t1.6_a0.2_057.gff
4411	N	N	6.565	10.416	10.041	0.375	1.6	0.2	s20_t1.6_a0.2_058.gff
23719	N	N	77.269	84.386	83.761	0.625	1.6	0.2	s20_t1.6_a0.2_059.gff
20647	N	N	59.798	67.490	66.933	0.557	1.6	0.2	s20_t1.6_a0.2_060.gff
31666	N	N	151.479	162.144	161.453	0.691	1.6	0.2	s20_t1.6_a0.2_061.gff
12125	N	N	24.672	30.913	30.389	0.524	1.6	0.2	s20_t1.6_a0.2_062.gff
51440	N	N	499.824	514.772	513.773	0.999	1.6	0.2	s20_t1.6_a0.2_063.gff
10014	N	N	18.161	22.493	22.045	0.448	1.6	0.2	s20_t1.6_a0.2_064.gff
10486	N	N	19.481	23.596	23.156	0.440	1.6	0.2	s20_t1.6_a0.2_065.gff
22559	N	N	72.965	80.356	79.750	0.606	1.6	0.2	s20_t1.6_a0.2_066.gff
7749	N	N	12.943	16.652	16.259	0.393	1.6	0.2	s20_t1.6_a0.2_067.gff
2023	N	N	3.293	6.604	6.329	0.275	1.6	0.2	s20_t1.6_a0.2_068.gff
NA	Y	N	1203.012	1202.663	1201.512	1.151	1.6	0.2	s20_t1.6_a0.2_069.gff
26301	N	N	84.912	91.448	90.884	0.564	1.6	0.2	s20_t1.6_a0.2_070.gff
11995	N	N	23.919	29.496	29.009	0.487	1.6	0.2	s20_t1.6_a0.2_071.gff
20142	N	N	57.417	63.761	63.235	0.526	1.6	0.2	s20_t1.6_a0.2_072.gff
3761	N	N	6.841	10.016	9.641	0.375	1.6	0.2	s20_t1.6_a0.2_073.gff
7253	N	N	11.084	15.389	14.966	0.423	1.6	0.2	s20_t1.6_a0.2_074.gff
8944	N	N	14.990	20.308	19.861	0.447	1.6	0.2	s20_t1.6_a0.2_075.gff
7953	N	N	12.935	18.024	17.607	0.417	1.6	0.2	s20_t1.6_a0.2_076.gff
8262	N	N	13.731	17.937	17.518	0.419	1.6	0.2	s20_t1.6_a0.2_077.gff
52937	N	N	602.133	615.753	614.741	1.012	1.6	0.2	s20_t1.6_a0.2_078.gff
21836	N	N	62.458	69.713	69.154	0.559	1.6	0.2	s20_t1.6_a0.2_079.gff
21929	N	N	60.843	66.790	66.254	0.536	1.6	0.2	s20_t1.6_a0.2_080.gff
24745	N	N	78.173	84.885	84.300	0.585	1.6	0.2	s20_t1.6_a0.2_081.gff
26364	N	N	90.218	96.480	95.874	0.606	1.6	0.2	s20_t1.6_a0.2_082.gff
22265	N	N	66.354	72.941	72.364	0.577	1.6	0.2	s20_t1.6_a0.2_083.gff
5501	N	N	8.042	11.786	11.429	0.357	1.6	0.2	s20_t1.6_a0.2_084.gff
10034	N	N	18.097	23.302	22.868	0.434	1.6	0.2	s20_t1.6_a0.2_085.gff
9357	N	N	15.605	19.802	19.374	0.428	1.6	0.2	s20_t1.6_a0.2_086.gff
12945	N	N	25.857	30.713	30.241	0.472	1.6	0.2	s20_t1.6_a0.2_087.gff
58321	N	N	751.091	765.249	764.335	0.914	1.6	0.2	s20_t1.6_a0.2_088.gff
46503	N	N	348.909	359.818	358.992	0.826	1.6	0.2	s20_t1.6_a0.2_089.gff
NA	Y	N	1203.645	1202.590	1201.536	1.054	1.6	0.2	s20_t1.6_a0.2_090.gff
49274	N	N	445.059	455.630	454.775	0.855	1.6	0.2	s20_t1.6_a0.2_091.gff
45681	N	N	325.548	334.550	333.766	0.784	1.6	0.2	s20_t1.6_a0.2_092.gff
15729	N	N	37.153	43.523	43.018	0.505	1.6	0.2	s20_t1.6_a0.2_093.gff
10651	N	N	19.287	23.846	23.402	0.444	1.6	0.2	s20_t1.6_a0.2_094.gff
24549	N	N	82.226	90.156	89.575	0.581	1.6	0.2	s20_t1.6_a0.2_095.gff
15331	N	N	35.217	40.921	40.425	0.496	1.6	0.2	s20_t1.6_a0.2_096.gff
4538	N	N	6.744	11.583	11.169	0.414	1.6	0.2	s20_t1.6_a0.2_097.gff
6952	N	N	10.384	14.401	13.961	0.440	1.6	0.2	s20_t1.6_a0.2_098.gff
10632	N	N	19.634	24.068	23.634	0.434	1.6	0.2	s20_t1.6_a0.2_099.gff
62841	N	N	1096.422	1112.813	1111.682	1.131	1.6	0.2	s20_t1.6_a0.2_100.gff
1419	N	N	2.742	5.683	5.452	0.231	1.6	0.3	s20_t1.6_a0.3_001.gff
21428	N	N	65.146	72.963	72.381	0.582	1.6	0.3	s20_t1.6_a0.3_002.gff
25920	N	N	86.306	93.989	93.361	0.628	1.6	0.3	s20_t1.6_a0.3_003.gff
10457	N	N	20.487	24.318	23.927	0.391	1.6	0.3	s20_t1.6_a0.3_004.gff
39468	N	N	222.189	233.308	232.480	0.828	1.6	0.3	s20_t1.6_a0.3_005.gff
7616	N	N	12.780	17.528	17.122	0.406	1.6	0.3	s20_t1.6_a0.3_006.gff
55935	N	N	644.358	659.128	658.067	1.061	1.6	0.3	s20_t1.6_a0.3_007.gff
53930	N	N	714.521	729.354	728.224	1.130	1.6	0.3	s20_t1.6_a0.3_008.gff
6643	N	N	10.386	14.120	13.687	0.433	1.6	0.3	s20_t1.6_a0.3_009.gff
38499	N	N	192.924	201.834	201.094	0.740	1.6	0.3	s20_t1.6_a0.3_010.gff
60177	N	N	742.799	756.622	755.517	1.105	1.6	0.3	s20_t1.6_a0.3_011.gff
31602	N	N	120.101	130.305	129.559	0.746	1.6	0.3	s20_t1.6_a0.3_012.gff
43253	N	N	245.244	253.661	252.970	0.691	1.6	0.3	s20_t1.6_a0.3_013.gff
42928	N	N	256.027	265.160	264.378	0.782	1.6	0.3	s20_t1.6_a0.3_014.gff
8220	N	N	13.416	18.708	18.261	0.447	1.6	0.3	s20_t1.6_a0.3_015.gff
35554	N	N	174.028	183.860	183.017	0.843	1.6	0.3	s20_t1.6_a0.3_016.gff
6139	N	N	9.574	14.274	13.837	0.437	1.6	0.3	s20_t1.6_a0.3_017.gff
10218	N	N	18.710	22.753	22.308	0.445	1.6	0.3	s20_t1.6_a0.3_018.gff
18827	N	N	50.809	58.017	57.423	0.594	1.6	0.3	s20_t1.6_a0.3_019.gff
3070	N	N	4.412	8.017	7.653	0.364	1.6	0.3	s20_t1.6_a0.3_020.gff
5944	N	N	8.816	13.352	12.914	0.438	1.6	0.3	s20_t1.6_a0.3_021.gff
32392	N	N	128.894	138.974	138.240	0.734	1.6	0.3	s20_t1.6_a0.3_022.gff
11679	N	N	22.136	26.571	26.141	0.430	1.6	0.3	s20_t1.6_a0.3_023.gff
8326	N	N	13.108	16.988	16.542	0.446	1.6	0.3	s20_t1.6_a0.3_024.gff
2906	N	N	4.339	7.557	7.264	0.293	1.6	0.3	s20_t1.6_a0.3_025.gff
37781	N	N	167.871	179.004	178.122	0.882	1.6	0.3	s20_t1.6_a0.3_026.gff
NA	Y	N	1202.626	1202.662	1201.183	1.479	1.6	0.3	s20_t1.6_a0.3_027.gff
14865	N	N	36.583	41.466	40.974	0.492	1.6	0.3	s20_t1.6_a0.3_028.gff
46218	N	N	587.476	600.760	599.607	1.153	1.6	0.3	s20_t1.6_a0.3_029.gff
17552	N	N	50.162	57.402	56.889	0.513	1.6	0.3	s20_t1.6_a0.3_030.gff
18098	N	N	50.314	56.808	56.272	0.536	1.6	0.3	s20_t1.6_a0.3_031.gff
15526	N	N	39.211	44.774	44.264	0.510	1.6	0.3	s20_t1.6_a0.3_032.gff
5832	N	N	9.116	12.574	12.181	0.393	1.6	0.3	s20_t1.6_a0.3_033.gff
8172	N	N	13.863	17.722	17.339	0.383	1.6	0.3	s20_t1.6_a0.3_034.gff
11871	N	N	24.837	29.197	28.732	0.465	1.6	0.3	s20_t1.6_a0.3_035.gff
14098	N	N	32.148	37.734	37.174	0.560	1.6	0.3	s20_t1.6_a0.3_036.gff
28054	N	N	118.153	127.085	126.304	0.781	1.6	0.3	s20_t1.6_a0.3_037.gff
29701	N	N	142.688	151.725	150.976	0.749	1.6	0.3	s20_t1.6_a0.3_038.gff
13231	N	N	28.486	33.764	33.227	0.537	1.6	0.3	s20_t1.6_a0.3_039.gff
16332	N	N	39.835	45.646	45.138	0.508	1.6	0.3	s20_t1.6_a0.3_040.gff
14029	N	N	31.154	36.768	36.257	0.511	1.6	0.3	s20_t1.6_a0.3_041.gff
NA	Y	N	1202.609	1202.590	1201.513	1.077	1.6	0.3	s20_t1.6_a0.3_042.gff
24871	N	N	93.027	100.844	100.227	0.617	1.6	0.3	s20_t1.6_a0.3_043.gff
10649	N	N	21.107	26.489	25.996	0.493	1.6	0.3	s20_t1.6_a0.3_044.gff
6965	N	N	11.463	15.306	14.901	0.405	1.6	0.3	s20_t1.6_a0.3_045.gff
20111	N	N	61.373	67.775	67.271	0.504	1.6	0.3	s20_t1.6_a0.3_046.gff
22101	N	N	75.232	82.840	82.238	0.602	1.6	0.3	s20_t1.6_a0.3_047.gff
49104	N	N	732.123	746.332	745.352	0.980	1.6	0.3	s20_t1.6_a0.3_048.gff
22285	N	N	74.560	81.791	81.188	0.603	1.6	0.3	s20_t1.6_a0.3_049.gff
28041	N	N	123.827	132.308	131.668	0.640	1.6	0.3	s20_t1.6_a0.3_050.gff
5226	N	N	7.965	12.394	12.007	0.387	1.6	0.3	s20_t1.6_a0.3_051.gff
29323	N	N	134.880	145.800	145.135	0.665	1.6	0.3	s20_t1.6_a0.3_052.gff
6679	N	N	10.778	14.767	14.315	0.452	1.6	0.3	s20_t1.6_a0.3_053.gff
1934	N	N	3.194	6.392	6.078	0.314	1.6	0.3	s20_t1.6_a0.3_054.gff
5504	N	N	8.418	11.990	11.614	0.376	1.6	0.3	s20_t1.6_a0.3_055.gff
15477	N	N	39.810	45.415	44.900	0.515	1.6	0.3	s20_t1.6_a0.3_056.gff
NA	Y	N	1204.721	1202.485	1201.408	1.077	1.6	0.3	s20_t1.6_a0.3_057.gff
12955	N	N	29.009	33.167	32.703	0.464	1.6	0.3	s20_t1.6_a0.3_058.gff
13676	N	N	31.232	36.054	35.575	0.479	1.6	0.3	s20_t1.6_a0.3_059.gff
11214	N	N	22.719	27.036	26.546	0.490	1.6	0.3	s20_t1.6_a0.3_060.gff
9380	N	N	16.736	21.279	20.795	0.484	1.6	0.3	s20_t1.6_a0.3_061.gff
11018	N	N	22.472	27.613	27.113	0.500	1.6	0.3	s20_t1.6_a0.3_062.gff
15525	N	N	37.659	44.327	43.831	0.496	1.6	0.3	s20_t1.6_a0.3_063.gff
7734	N	N	13.046	17.217	16.727	0.490	1.6	0.3	s20_t1.6_a0.3_064.gff
8009	N	N	12.752	16.404	15.987	0.417	1.6	0.3	s20_t1.6_a0.3_065.gff
10409	N	N	19.367	24.672	24.219	0.453	1.6	0.3	s20_t1.6_a0.3_066.gff
17534	N	N	48.723	55.198	54.617	0.581	1.6	0.3	s20_t1.6_a0.3_067.gff
2363	N	N	4.923	6.610	6.322	0.288	1.6	0.3	s20_t1.6_a0.3_068.gff
40712	N	N	436.449	444.433	443.549	0.884	1.6	0.3	s20_t1.6_a0.3_069.gff
5131	N	N	10.080	11.638	11.248	0.390	1.6	0.3	s20_t1.6_a0.3_070.gff
6546	N	N	10.265	14.549	14.143	0.406	1.6	0.3	s20_t1.6_a0.3_071.gff
8678	N	N	15.757	19.948	19.467	0.481	1.6	0.3	s20_t1.6_a0.3_072.gff
45366	N	N	532.131	544.246	543.399	0.847	1.6	0.3	s20_t1.6_a0.3_073.gff
42837	N	N	334.141	346.391	345.482	0.909	1.6	0.3	s20_t1.6_a0.3_074.gff
1946	N	N	3.543	6.104	5.833	0.271	1.6	0.3	s20_t1.6_a0.3_075.gff
23343	N	N	75.232	84.966	84.336	0.630	1.6	0.3	s20_t1.6_a0.3_076.gff
6280	N	N	10.334	13.488	13.077	0.411	1.6	0.3	s20_t1.6_a0.3_077.gff
6731	N	N	10.541	14.283	13.892	0.391	1.6	0.3	s20_t1.6_a0.3_078.gff
10037	N	N	18.717	22.925	22.494	0.431	1.6	0.3	s20_t1.6_a0.3_079.gff
5004	N	N	7.460	12.220	11.840	0.380	1.6	0.3	s20_t1.6_a0.3_080.gff
16348	N	N	40.517	46.170	45.661	0.509	1.6	0.3	s20_t1.6_a0.3_081.gff
36821	N	N	221.690	234.611	233.731	0.880	1.6	0.3	s20_t1.6_a0.3_082.gff
11415	N	N	22.368	26.868	26.423	0.445	1.6	0.3	s20_t1.6_a0.3_083.gff
8526	N	N	14.225	18.203	17.788	0.415	1.6	0.3	s20_t1.6_a0.3_084.gff
1596	N	N	2.821	5.759	5.504	0.255	1.6	0.3	s20_t1.6_a0.3_085.gff
15145	N	N	36.679	42.890	42.348	0.542	1.6	0.3	s20_t1.6_a0.3_086.gff
3317	N	N	6.994	8.012	7.670	0.342	1.6	0.3	s20_t1.6_a0.3_087.gff
40538	N	N	256.091	270.212	269.398	0.814	1.6	0.3	s20_t1.6_a0.3_088.gff
8069	N	N	12.840	16.798	16.370	0.428	1.6	0.3	s20_t1.6_a0.3_089.gff
23538	N	N	80.384	89.896	89.296	0.600	1.6	0.3	s20_t1.6_a0.3_090.gff
10872	N	N	20.766	24.965	24.562	0.403	1.6	0.3	s20_t1.6_a0.3_091.gff
NA	Y	N	1203.416	1202.569	1201.408	1.161	1.6	0.3	s20_t1.6_a0.3_092.gff
5971	N	N	9.240	13.478	13.115	0.363	1.6	0.3	s20_t1.6_a0.3_093.gff
15781	N	N	40.607	47.615	47.053	0.562	1.6	0.3	s20_t1.6_a0.3_094.gff
5324	N	N	7.867	11.133	10.777	0.356	1.6	0.3	s20_t1.6_a0.3_095.gff
28073	N	N	127.173	136.895	136.258	0.637	1.6	0.3	s20_t1.6_a0.3_096.gff
43575	N	N	423.385	436.252	435.349	0.903	1.6	0.3	s20_t1.6_a0.3_097.gff
16928	N	N	43.620	49.944	49.385	0.559	1.6	0.3	s20_t1.6_a0.3_098.gff
18905	N	N	54.123	62.131	61.574	0.557	1.6	0.3	s20_t1.6_a0.3_099.gff
6305	N	N	9.865	13.452	13.051	0.401	1.6	0.3	s20_t1.6_a0.3_100.gff
