Start: 2014-12-15 14:58:41 (1418651921)
1. 2014-12-15 14:58:41: s20_t1.4_a0.3_001.gff
2. 2014-12-15 15:00:11: s20_t1.4_a0.3_002.gff
3. 2014-12-15 15:00:14: s20_t1.4_a0.3_003.gff
4. 2014-12-15 15:02:00: s20_t1.4_a0.3_004.gff
5. 2014-12-15 15:03:11: s20_t1.4_a0.3_005.gff
6. 2014-12-15 15:04:22: s20_t1.4_a0.3_006.gff
7. 2014-12-15 15:05:15: s20_t1.4_a0.3_007.gff
8. 2014-12-15 15:05:43: s20_t1.4_a0.3_008.gff
9. 2014-12-15 15:07:06: s20_t1.4_a0.3_009.gff
10. 2014-12-15 15:07:29: s20_t1.4_a0.3_010.gff
11. 2014-12-15 15:07:40: s20_t1.4_a0.3_011.gff
12. 2014-12-15 15:07:44: s20_t1.4_a0.3_012.gff
13. 2014-12-15 15:07:55: s20_t1.4_a0.3_013.gff
/scratch/local/181597.1.mpi.q/GOAL/gc: line 24:  8740 CPU time limit exceeded (core dumped) java ${JVMARGS} -Djava.awt.headless=true -DapplicationRoot="${DIR}" -Dorg.java.plugin.boot.pluginsRepositories="${DIR}/plugins" -Djpf.boot.config="${DIR}/boot_cmd.properties" -Dorg.apache.commons.logging.Log=org.apache.commons.logging.impl.SimpleLog -Dorg.apache.commons.logging.simplelog.log.org.java.plugin=fatal $DOCK -jar "${DIR}/lib/jpf-boot.jar" "$@"

real	20m7.734s
user	20m1.332s
sys	0m1.266s
==> This was a timeout
14. 2014-12-15 15:28:03: s20_t1.4_a0.3_014.gff
/scratch/local/181597.1.mpi.q/GOAL/gc: line 24:  9017 CPU time limit exceeded (core dumped) java ${JVMARGS} -Djava.awt.headless=true -DapplicationRoot="${DIR}" -Dorg.java.plugin.boot.pluginsRepositories="${DIR}/plugins" -Djpf.boot.config="${DIR}/boot_cmd.properties" -Dorg.apache.commons.logging.Log=org.apache.commons.logging.impl.SimpleLog -Dorg.apache.commons.logging.simplelog.log.org.java.plugin=fatal $DOCK -jar "${DIR}/lib/jpf-boot.jar" "$@"

real	20m3.162s
user	20m1.291s
sys	0m1.230s
==> This was a timeout
15. 2014-12-15 15:48:06: s20_t1.4_a0.3_015.gff
16. 2014-12-15 15:48:33: s20_t1.4_a0.3_016.gff
17. 2014-12-15 15:48:46: s20_t1.4_a0.3_017.gff
18. 2014-12-15 15:49:17: s20_t1.4_a0.3_018.gff
19. 2014-12-15 15:49:21: s20_t1.4_a0.3_019.gff
20. 2014-12-15 15:49:32: s20_t1.4_a0.3_020.gff
21. 2014-12-15 15:49:39: s20_t1.4_a0.3_021.gff
22. 2014-12-15 15:49:50: s20_t1.4_a0.3_022.gff
23. 2014-12-15 15:49:56: s20_t1.4_a0.3_023.gff
24. 2014-12-15 16:08:19: s20_t1.4_a0.3_024.gff
25. 2014-12-15 16:15:49: s20_t1.4_a0.3_025.gff
26. 2014-12-15 16:16:00: s20_t1.4_a0.3_026.gff
27. 2014-12-15 16:16:42: s20_t1.4_a0.3_027.gff
28. 2014-12-15 16:16:46: s20_t1.4_a0.3_028.gff
29. 2014-12-15 16:17:19: s20_t1.4_a0.3_029.gff
30. 2014-12-15 16:17:23: s20_t1.4_a0.3_030.gff
31. 2014-12-15 16:17:29: s20_t1.4_a0.3_031.gff
32. 2014-12-15 16:19:46: s20_t1.4_a0.3_032.gff
33. 2014-12-15 16:19:59: s20_t1.4_a0.3_033.gff
34. 2014-12-15 16:23:55: s20_t1.4_a0.3_034.gff
35. 2014-12-15 16:24:33: s20_t1.4_a0.3_035.gff
36. 2014-12-15 16:25:10: s20_t1.4_a0.3_036.gff
37. 2014-12-15 16:25:40: s20_t1.4_a0.3_037.gff
38. 2014-12-15 16:25:43: s20_t1.4_a0.3_038.gff
/scratch/local/181597.1.mpi.q/GOAL/gc: line 24: 12874 CPU time limit exceeded (core dumped) java ${JVMARGS} -Djava.awt.headless=true -DapplicationRoot="${DIR}" -Dorg.java.plugin.boot.pluginsRepositories="${DIR}/plugins" -Djpf.boot.config="${DIR}/boot_cmd.properties" -Dorg.apache.commons.logging.Log=org.apache.commons.logging.impl.SimpleLog -Dorg.apache.commons.logging.simplelog.log.org.java.plugin=fatal $DOCK -jar "${DIR}/lib/jpf-boot.jar" "$@"

real	20m4.674s
user	20m1.565s
sys	0m1.045s
==> This was a timeout
39. 2014-12-15 16:45:47: s20_t1.4_a0.3_039.gff
40. 2014-12-15 16:45:55: s20_t1.4_a0.3_040.gff
/scratch/local/181597.1.mpi.q/GOAL/gc: line 24: 13434 CPU time limit exceeded (core dumped) java ${JVMARGS} -Djava.awt.headless=true -DapplicationRoot="${DIR}" -Dorg.java.plugin.boot.pluginsRepositories="${DIR}/plugins" -Djpf.boot.config="${DIR}/boot_cmd.properties" -Dorg.apache.commons.logging.Log=org.apache.commons.logging.impl.SimpleLog -Dorg.apache.commons.logging.simplelog.log.org.java.plugin=fatal $DOCK -jar "${DIR}/lib/jpf-boot.jar" "$@"

real	20m4.772s
user	20m1.294s
sys	0m1.243s
==> This was a timeout
41. 2014-12-15 17:05:59: s20_t1.4_a0.3_041.gff
42. 2014-12-15 17:06:11: s20_t1.4_a0.3_042.gff
43. 2014-12-15 17:08:47: s20_t1.4_a0.3_043.gff
44. 2014-12-15 17:09:06: s20_t1.4_a0.3_044.gff
45. 2014-12-15 17:09:23: s20_t1.4_a0.3_045.gff
46. 2014-12-15 17:09:32: s20_t1.4_a0.3_046.gff
47. 2014-12-15 17:12:28: s20_t1.4_a0.3_047.gff
/scratch/local/181597.1.mpi.q/GOAL/gc: line 24: 15786 CPU time limit exceeded (core dumped) java ${JVMARGS} -Djava.awt.headless=true -DapplicationRoot="${DIR}" -Dorg.java.plugin.boot.pluginsRepositories="${DIR}/plugins" -Djpf.boot.config="${DIR}/boot_cmd.properties" -Dorg.apache.commons.logging.Log=org.apache.commons.logging.impl.SimpleLog -Dorg.apache.commons.logging.simplelog.log.org.java.plugin=fatal $DOCK -jar "${DIR}/lib/jpf-boot.jar" "$@"

real	20m3.634s
user	20m1.303s
sys	0m1.270s
==> This was a timeout
48. 2014-12-15 17:32:31: s20_t1.4_a0.3_048.gff
49. 2014-12-15 17:32:41: s20_t1.4_a0.3_049.gff
50. 2014-12-15 17:41:44: s20_t1.4_a0.3_050.gff
51. 2014-12-15 17:42:56: s20_t1.4_a0.3_051.gff
52. 2014-12-15 17:47:42: s20_t1.4_a0.3_052.gff
53. 2014-12-15 17:47:58: s20_t1.4_a0.3_053.gff
54. 2014-12-15 17:48:10: s20_t1.4_a0.3_054.gff
55. 2014-12-15 17:59:39: s20_t1.4_a0.3_055.gff
56. 2014-12-15 17:59:46: s20_t1.4_a0.3_056.gff
57. 2014-12-15 17:59:54: s20_t1.4_a0.3_057.gff
/scratch/local/181597.1.mpi.q/GOAL/gc: line 24: 18912 CPU time limit exceeded (core dumped) java ${JVMARGS} -Djava.awt.headless=true -DapplicationRoot="${DIR}" -Dorg.java.plugin.boot.pluginsRepositories="${DIR}/plugins" -Djpf.boot.config="${DIR}/boot_cmd.properties" -Dorg.apache.commons.logging.Log=org.apache.commons.logging.impl.SimpleLog -Dorg.apache.commons.logging.simplelog.log.org.java.plugin=fatal $DOCK -jar "${DIR}/lib/jpf-boot.jar" "$@"

real	20m6.120s
user	20m1.604s
sys	0m0.957s
==> This was a timeout
58. 2014-12-15 18:20:00: s20_t1.4_a0.3_058.gff
59. 2014-12-15 18:20:10: s20_t1.4_a0.3_059.gff
60. 2014-12-15 18:20:29: s20_t1.4_a0.3_060.gff
61. 2014-12-15 18:20:38: s20_t1.4_a0.3_061.gff
62. 2014-12-15 18:20:43: s20_t1.4_a0.3_062.gff
63. 2014-12-15 18:23:13: s20_t1.4_a0.3_063.gff
/scratch/local/181597.1.mpi.q/GOAL/gc: line 24: 21165 CPU time limit exceeded (core dumped) java ${JVMARGS} -Djava.awt.headless=true -DapplicationRoot="${DIR}" -Dorg.java.plugin.boot.pluginsRepositories="${DIR}/plugins" -Djpf.boot.config="${DIR}/boot_cmd.properties" -Dorg.apache.commons.logging.Log=org.apache.commons.logging.impl.SimpleLog -Dorg.apache.commons.logging.simplelog.log.org.java.plugin=fatal $DOCK -jar "${DIR}/lib/jpf-boot.jar" "$@"

real	20m2.859s
user	20m1.199s
sys	0m1.390s
==> This was a timeout
64. 2014-12-15 18:43:16: s20_t1.4_a0.3_064.gff
65. 2014-12-15 18:43:28: s20_t1.4_a0.3_065.gff
/scratch/local/181597.1.mpi.q/GOAL/gc: line 24: 22313 CPU time limit exceeded (core dumped) java ${JVMARGS} -Djava.awt.headless=true -DapplicationRoot="${DIR}" -Dorg.java.plugin.boot.pluginsRepositories="${DIR}/plugins" -Djpf.boot.config="${DIR}/boot_cmd.properties" -Dorg.apache.commons.logging.Log=org.apache.commons.logging.impl.SimpleLog -Dorg.apache.commons.logging.simplelog.log.org.java.plugin=fatal $DOCK -jar "${DIR}/lib/jpf-boot.jar" "$@"

real	20m3.121s
user	20m1.247s
sys	0m1.321s
==> This was a timeout
66. 2014-12-15 19:03:31: s20_t1.4_a0.3_066.gff
67. 2014-12-15 19:03:40: s20_t1.4_a0.3_067.gff
68. 2014-12-15 19:04:00: s20_t1.4_a0.3_068.gff
69. 2014-12-15 19:06:11: s20_t1.4_a0.3_069.gff
/scratch/local/181597.1.mpi.q/GOAL/gc: line 24: 24026 CPU time limit exceeded (core dumped) java ${JVMARGS} -Djava.awt.headless=true -DapplicationRoot="${DIR}" -Dorg.java.plugin.boot.pluginsRepositories="${DIR}/plugins" -Djpf.boot.config="${DIR}/boot_cmd.properties" -Dorg.apache.commons.logging.Log=org.apache.commons.logging.impl.SimpleLog -Dorg.apache.commons.logging.simplelog.log.org.java.plugin=fatal $DOCK -jar "${DIR}/lib/jpf-boot.jar" "$@"

real	20m2.271s
user	20m1.566s
sys	0m1.032s
==> This was a timeout
70. 2014-12-15 19:26:13: s20_t1.4_a0.3_070.gff
71. 2014-12-15 19:27:41: s20_t1.4_a0.3_071.gff
72. 2014-12-15 19:27:56: s20_t1.4_a0.3_072.gff
73. 2014-12-15 19:31:04: s20_t1.4_a0.3_073.gff
74. 2014-12-15 19:32:56: s20_t1.4_a0.3_074.gff
75. 2014-12-15 19:39:33: s20_t1.4_a0.3_075.gff
76. 2014-12-15 19:40:26: s20_t1.4_a0.3_076.gff
77. 2014-12-15 19:41:06: s20_t1.4_a0.3_077.gff
78. 2014-12-15 19:41:18: s20_t1.4_a0.3_078.gff
79. 2014-12-15 19:42:50: s20_t1.4_a0.3_079.gff
80. 2014-12-15 19:59:44: s20_t1.4_a0.3_080.gff
81. 2014-12-15 20:00:42: s20_t1.4_a0.3_081.gff
82. 2014-12-15 20:08:35: s20_t1.4_a0.3_082.gff
83. 2014-12-15 20:09:09: s20_t1.4_a0.3_083.gff
84. 2014-12-15 20:09:39: s20_t1.4_a0.3_084.gff
85. 2014-12-15 20:09:43: s20_t1.4_a0.3_085.gff
86. 2014-12-15 20:11:39: s20_t1.4_a0.3_086.gff
87. 2014-12-15 20:15:44: s20_t1.4_a0.3_087.gff
/scratch/local/181597.1.mpi.q/GOAL/gc: line 24: 24206 CPU time limit exceeded (core dumped) java ${JVMARGS} -Djava.awt.headless=true -DapplicationRoot="${DIR}" -Dorg.java.plugin.boot.pluginsRepositories="${DIR}/plugins" -Djpf.boot.config="${DIR}/boot_cmd.properties" -Dorg.apache.commons.logging.Log=org.apache.commons.logging.impl.SimpleLog -Dorg.apache.commons.logging.simplelog.log.org.java.plugin=fatal $DOCK -jar "${DIR}/lib/jpf-boot.jar" "$@"

real	20m2.724s
user	20m1.624s
sys	0m1.051s
==> This was a timeout
88. 2014-12-15 20:35:47: s20_t1.4_a0.3_088.gff
89. 2014-12-15 20:36:17: s20_t1.4_a0.3_089.gff
90. 2014-12-15 20:36:27: s20_t1.4_a0.3_090.gff
91. 2014-12-15 20:42:00: s20_t1.4_a0.3_091.gff
92. 2014-12-15 20:42:47: s20_t1.4_a0.3_092.gff
93. 2014-12-15 20:53:03: s20_t1.4_a0.3_093.gff
94. 2014-12-15 20:55:09: s20_t1.4_a0.3_094.gff
95. 2014-12-15 20:55:49: s20_t1.4_a0.3_095.gff
96. 2014-12-15 20:56:48: s20_t1.4_a0.3_096.gff
97. 2014-12-15 21:06:12: s20_t1.4_a0.3_097.gff
98. 2014-12-15 21:06:13: s20_t1.4_a0.3_098.gff
/scratch/local/181597.1.mpi.q/GOAL/gc: line 24:  4878 CPU time limit exceeded (core dumped) java ${JVMARGS} -Djava.awt.headless=true -DapplicationRoot="${DIR}" -Dorg.java.plugin.boot.pluginsRepositories="${DIR}/plugins" -Djpf.boot.config="${DIR}/boot_cmd.properties" -Dorg.apache.commons.logging.Log=org.apache.commons.logging.impl.SimpleLog -Dorg.apache.commons.logging.simplelog.log.org.java.plugin=fatal $DOCK -jar "${DIR}/lib/jpf-boot.jar" "$@"

real	20m3.611s
user	20m1.628s
sys	0m1.061s
==> This was a timeout
99. 2014-12-15 21:26:17: s20_t1.4_a0.3_099.gff
100. 2014-12-15 21:27:21: s20_t1.4_a0.3_100.gff
101. 2014-12-15 21:28:10: s20_t1.4_a0.4_001.gff
102. 2014-12-15 21:38:27: s20_t1.4_a0.4_002.gff
103. 2014-12-15 21:46:57: s20_t1.4_a0.4_003.gff
104. 2014-12-15 21:59:02: s20_t1.4_a0.4_004.gff
105. 2014-12-15 21:59:22: s20_t1.4_a0.4_005.gff
106. 2014-12-15 21:59:27: s20_t1.4_a0.4_006.gff
107. 2014-12-15 22:11:41: s20_t1.4_a0.4_007.gff
108. 2014-12-15 22:15:56: s20_t1.4_a0.4_008.gff
109. 2014-12-15 22:21:46: s20_t1.4_a0.4_009.gff
110. 2014-12-15 22:23:45: s20_t1.4_a0.4_010.gff
111. 2014-12-15 22:24:28: s20_t1.4_a0.4_011.gff
112. 2014-12-15 22:27:07: s20_t1.4_a0.4_012.gff
113. 2014-12-15 22:27:23: s20_t1.4_a0.4_013.gff
114. 2014-12-15 22:35:33: s20_t1.4_a0.4_014.gff
115. 2014-12-15 22:35:38: s20_t1.4_a0.4_015.gff
116. 2014-12-15 22:40:45: s20_t1.4_a0.4_016.gff
117. 2014-12-15 22:41:39: s20_t1.4_a0.4_017.gff
118. 2014-12-15 22:42:13: s20_t1.4_a0.4_018.gff
119. 2014-12-15 22:43:14: s20_t1.4_a0.4_019.gff
120. 2014-12-15 22:43:18: s20_t1.4_a0.4_020.gff
121. 2014-12-15 22:43:33: s20_t1.4_a0.4_021.gff
122. 2014-12-15 22:43:40: s20_t1.4_a0.4_022.gff
/scratch/local/181597.1.mpi.q/GOAL/gc: line 24: 30098 CPU time limit exceeded (core dumped) java ${JVMARGS} -Djava.awt.headless=true -DapplicationRoot="${DIR}" -Dorg.java.plugin.boot.pluginsRepositories="${DIR}/plugins" -Djpf.boot.config="${DIR}/boot_cmd.properties" -Dorg.apache.commons.logging.Log=org.apache.commons.logging.impl.SimpleLog -Dorg.apache.commons.logging.simplelog.log.org.java.plugin=fatal $DOCK -jar "${DIR}/lib/jpf-boot.jar" "$@"

real	20m1.603s
user	20m1.506s
sys	0m1.116s
==> This was a timeout
123. 2014-12-15 23:03:42: s20_t1.4_a0.4_023.gff
124. 2014-12-15 23:20:27: s20_t1.4_a0.4_024.gff
125. 2014-12-15 23:21:37: s20_t1.4_a0.4_025.gff
126. 2014-12-15 23:21:50: s20_t1.4_a0.4_026.gff
127. 2014-12-15 23:22:08: s20_t1.4_a0.4_027.gff
128. 2014-12-15 23:22:33: s20_t1.4_a0.4_028.gff
129. 2014-12-15 23:22:39: s20_t1.4_a0.4_029.gff
130. 2014-12-15 23:23:45: s20_t1.4_a0.4_030.gff
131. 2014-12-15 23:29:04: s20_t1.4_a0.4_031.gff
132. 2014-12-15 23:30:00: s20_t1.4_a0.4_032.gff
/scratch/local/181597.1.mpi.q/GOAL/gc: line 24:  7685 CPU time limit exceeded (core dumped) java ${JVMARGS} -Djava.awt.headless=true -DapplicationRoot="${DIR}" -Dorg.java.plugin.boot.pluginsRepositories="${DIR}/plugins" -Djpf.boot.config="${DIR}/boot_cmd.properties" -Dorg.apache.commons.logging.Log=org.apache.commons.logging.impl.SimpleLog -Dorg.apache.commons.logging.simplelog.log.org.java.plugin=fatal $DOCK -jar "${DIR}/lib/jpf-boot.jar" "$@"

real	20m1.894s
user	20m1.585s
sys	0m1.027s
==> This was a timeout
133. 2014-12-15 23:50:02: s20_t1.4_a0.4_033.gff
134. 2014-12-15 23:50:14: s20_t1.4_a0.4_034.gff
135. 2014-12-15 23:52:53: s20_t1.4_a0.4_035.gff
136. 2014-12-15 23:52:59: s20_t1.4_a0.4_036.gff
/scratch/local/181597.1.mpi.q/GOAL/gc: line 24: 28667 CPU time limit exceeded (core dumped) java ${JVMARGS} -Djava.awt.headless=true -DapplicationRoot="${DIR}" -Dorg.java.plugin.boot.pluginsRepositories="${DIR}/plugins" -Djpf.boot.config="${DIR}/boot_cmd.properties" -Dorg.apache.commons.logging.Log=org.apache.commons.logging.impl.SimpleLog -Dorg.apache.commons.logging.simplelog.log.org.java.plugin=fatal $DOCK -jar "${DIR}/lib/jpf-boot.jar" "$@"

real	20m2.244s
user	20m1.419s
sys	0m1.137s
==> This was a timeout
137. 2014-12-16 00:13:01: s20_t1.4_a0.4_037.gff
138. 2014-12-16 00:13:45: s20_t1.4_a0.4_038.gff
139. 2014-12-16 00:14:26: s20_t1.4_a0.4_039.gff
140. 2014-12-16 00:15:32: s20_t1.4_a0.4_040.gff
141. 2014-12-16 00:16:29: s20_t1.4_a0.4_041.gff
142. 2014-12-16 00:16:37: s20_t1.4_a0.4_042.gff
143. 2014-12-16 00:16:58: s20_t1.4_a0.4_043.gff
/scratch/local/181597.1.mpi.q/GOAL/gc: line 24: 17780 CPU time limit exceeded (core dumped) java ${JVMARGS} -Djava.awt.headless=true -DapplicationRoot="${DIR}" -Dorg.java.plugin.boot.pluginsRepositories="${DIR}/plugins" -Djpf.boot.config="${DIR}/boot_cmd.properties" -Dorg.apache.commons.logging.Log=org.apache.commons.logging.impl.SimpleLog -Dorg.apache.commons.logging.simplelog.log.org.java.plugin=fatal $DOCK -jar "${DIR}/lib/jpf-boot.jar" "$@"

real	20m1.512s
user	20m1.430s
sys	0m1.071s
==> This was a timeout
144. 2014-12-16 00:36:59: s20_t1.4_a0.4_044.gff
145. 2014-12-16 00:37:19: s20_t1.4_a0.4_045.gff
146. 2014-12-16 00:37:27: s20_t1.4_a0.4_046.gff
147. 2014-12-16 00:37:32: s20_t1.4_a0.4_047.gff
148. 2014-12-16 00:42:15: s20_t1.4_a0.4_048.gff
149. 2014-12-16 00:42:57: s20_t1.4_a0.4_049.gff
150. 2014-12-16 00:43:06: s20_t1.4_a0.4_050.gff
151. 2014-12-16 00:43:12: s20_t1.4_a0.4_051.gff
152. 2014-12-16 00:44:26: s20_t1.4_a0.4_052.gff
153. 2014-12-16 00:44:35: s20_t1.4_a0.4_053.gff
154. 2014-12-16 00:50:57: s20_t1.4_a0.4_054.gff
155. 2014-12-16 00:51:01: s20_t1.4_a0.4_055.gff
156. 2014-12-16 00:51:23: s20_t1.4_a0.4_056.gff
157. 2014-12-16 00:52:13: s20_t1.4_a0.4_057.gff
158. 2014-12-16 00:52:26: s20_t1.4_a0.4_058.gff
/scratch/local/181597.1.mpi.q/GOAL/gc: line 24: 17720 CPU time limit exceeded (core dumped) java ${JVMARGS} -Djava.awt.headless=true -DapplicationRoot="${DIR}" -Dorg.java.plugin.boot.pluginsRepositories="${DIR}/plugins" -Djpf.boot.config="${DIR}/boot_cmd.properties" -Dorg.apache.commons.logging.Log=org.apache.commons.logging.impl.SimpleLog -Dorg.apache.commons.logging.simplelog.log.org.java.plugin=fatal $DOCK -jar "${DIR}/lib/jpf-boot.jar" "$@"

real	20m6.353s
user	20m1.523s
sys	0m1.137s
==> This was a timeout
159. 2014-12-16 01:12:33: s20_t1.4_a0.4_059.gff
160. 2014-12-16 01:12:35: s20_t1.4_a0.4_060.gff
161. 2014-12-16 01:23:35: s20_t1.4_a0.4_061.gff
162. 2014-12-16 01:27:43: s20_t1.4_a0.4_062.gff
163. 2014-12-16 01:28:36: s20_t1.4_a0.4_063.gff
164. 2014-12-16 01:28:50: s20_t1.4_a0.4_064.gff
165. 2014-12-16 01:29:10: s20_t1.4_a0.4_065.gff
166. 2014-12-16 01:30:10: s20_t1.4_a0.4_066.gff
167. 2014-12-16 01:30:14: s20_t1.4_a0.4_067.gff
168. 2014-12-16 01:31:01: s20_t1.4_a0.4_068.gff
169. 2014-12-16 01:31:05: s20_t1.4_a0.4_069.gff
170. 2014-12-16 01:32:44: s20_t1.4_a0.4_070.gff
171. 2014-12-16 01:32:57: s20_t1.4_a0.4_071.gff
172. 2014-12-16 01:33:06: s20_t1.4_a0.4_072.gff
173. 2014-12-16 01:42:30: s20_t1.4_a0.4_073.gff
174. 2014-12-16 01:44:12: s20_t1.4_a0.4_074.gff
175. 2014-12-16 01:44:21: s20_t1.4_a0.4_075.gff
176. 2014-12-16 01:45:37: s20_t1.4_a0.4_076.gff
177. 2014-12-16 01:50:29: s20_t1.4_a0.4_077.gff
178. 2014-12-16 01:52:13: s20_t1.4_a0.4_078.gff
179. 2014-12-16 01:59:05: s20_t1.4_a0.4_079.gff
180. 2014-12-16 02:11:29: s20_t1.4_a0.4_080.gff
181. 2014-12-16 02:13:20: s20_t1.4_a0.4_081.gff
182. 2014-12-16 02:18:49: s20_t1.4_a0.4_082.gff
183. 2014-12-16 02:18:54: s20_t1.4_a0.4_083.gff
184. 2014-12-16 02:19:02: s20_t1.4_a0.4_084.gff
185. 2014-12-16 02:19:07: s20_t1.4_a0.4_085.gff
186. 2014-12-16 02:19:56: s20_t1.4_a0.4_086.gff
187. 2014-12-16 02:20:49: s20_t1.4_a0.4_087.gff
188. 2014-12-16 02:21:05: s20_t1.4_a0.4_088.gff
189. 2014-12-16 02:21:14: s20_t1.4_a0.4_089.gff
190. 2014-12-16 02:21:26: s20_t1.4_a0.4_090.gff
191. 2014-12-16 02:21:37: s20_t1.4_a0.4_091.gff
192. 2014-12-16 02:21:53: s20_t1.4_a0.4_092.gff
193. 2014-12-16 02:23:11: s20_t1.4_a0.4_093.gff
194. 2014-12-16 02:29:48: s20_t1.4_a0.4_094.gff
195. 2014-12-16 02:36:22: s20_t1.4_a0.4_095.gff
196. 2014-12-16 02:36:55: s20_t1.4_a0.4_096.gff
197. 2014-12-16 02:37:37: s20_t1.4_a0.4_097.gff
198. 2014-12-16 02:38:34: s20_t1.4_a0.4_098.gff
199. 2014-12-16 02:38:43: s20_t1.4_a0.4_099.gff
200. 2014-12-16 02:42:56: s20_t1.4_a0.4_100.gff
201. 2014-12-16 02:43:27: s20_t1.4_a0.5_001.gff
202. 2014-12-16 02:44:39: s20_t1.4_a0.5_002.gff
203. 2014-12-16 02:46:51: s20_t1.4_a0.5_003.gff
204. 2014-12-16 02:47:56: s20_t1.4_a0.5_004.gff
205. 2014-12-16 02:48:22: s20_t1.4_a0.5_005.gff
206. 2014-12-16 02:54:28: s20_t1.4_a0.5_006.gff
207. 2014-12-16 02:56:08: s20_t1.4_a0.5_007.gff
208. 2014-12-16 02:59:27: s20_t1.4_a0.5_008.gff
209. 2014-12-16 02:59:29: s20_t1.4_a0.5_009.gff
210. 2014-12-16 02:59:47: s20_t1.4_a0.5_010.gff
211. 2014-12-16 02:59:54: s20_t1.4_a0.5_011.gff
212. 2014-12-16 03:03:34: s20_t1.4_a0.5_012.gff
213. 2014-12-16 03:04:05: s20_t1.4_a0.5_013.gff
214. 2014-12-16 03:06:03: s20_t1.4_a0.5_014.gff
215. 2014-12-16 03:06:58: s20_t1.4_a0.5_015.gff
/scratch/local/181597.1.mpi.q/GOAL/gc: line 24:  9902 CPU time limit exceeded (core dumped) java ${JVMARGS} -Djava.awt.headless=true -DapplicationRoot="${DIR}" -Dorg.java.plugin.boot.pluginsRepositories="${DIR}/plugins" -Djpf.boot.config="${DIR}/boot_cmd.properties" -Dorg.apache.commons.logging.Log=org.apache.commons.logging.impl.SimpleLog -Dorg.apache.commons.logging.simplelog.log.org.java.plugin=fatal $DOCK -jar "${DIR}/lib/jpf-boot.jar" "$@"

real	20m3.040s
user	20m1.618s
sys	0m1.040s
==> This was a timeout
216. 2014-12-16 03:27:01: s20_t1.4_a0.5_016.gff
/scratch/local/181597.1.mpi.q/GOAL/gc: line 24: 28397 CPU time limit exceeded (core dumped) java ${JVMARGS} -Djava.awt.headless=true -DapplicationRoot="${DIR}" -Dorg.java.plugin.boot.pluginsRepositories="${DIR}/plugins" -Djpf.boot.config="${DIR}/boot_cmd.properties" -Dorg.apache.commons.logging.Log=org.apache.commons.logging.impl.SimpleLog -Dorg.apache.commons.logging.simplelog.log.org.java.plugin=fatal $DOCK -jar "${DIR}/lib/jpf-boot.jar" "$@"

real	20m2.739s
user	20m1.566s
sys	0m1.075s
==> This was a timeout
217. 2014-12-16 03:47:04: s20_t1.4_a0.5_017.gff
218. 2014-12-16 04:00:49: s20_t1.4_a0.5_018.gff
/scratch/local/181597.1.mpi.q/GOAL/gc: line 24: 25147 CPU time limit exceeded (core dumped) java ${JVMARGS} -Djava.awt.headless=true -DapplicationRoot="${DIR}" -Dorg.java.plugin.boot.pluginsRepositories="${DIR}/plugins" -Djpf.boot.config="${DIR}/boot_cmd.properties" -Dorg.apache.commons.logging.Log=org.apache.commons.logging.impl.SimpleLog -Dorg.apache.commons.logging.simplelog.log.org.java.plugin=fatal $DOCK -jar "${DIR}/lib/jpf-boot.jar" "$@"

real	20m4.762s
user	20m1.503s
sys	0m1.081s
==> This was a timeout
219. 2014-12-16 04:20:54: s20_t1.4_a0.5_019.gff
220. 2014-12-16 04:21:02: s20_t1.4_a0.5_020.gff
221. 2014-12-16 04:21:24: s20_t1.4_a0.5_021.gff
222. 2014-12-16 04:29:31: s20_t1.4_a0.5_022.gff
223. 2014-12-16 04:29:38: s20_t1.4_a0.5_023.gff
224. 2014-12-16 04:29:51: s20_t1.4_a0.5_024.gff
225. 2014-12-16 04:29:59: s20_t1.4_a0.5_025.gff
226. 2014-12-16 04:35:35: s20_t1.4_a0.5_026.gff
227. 2014-12-16 04:35:37: s20_t1.4_a0.5_027.gff
228. 2014-12-16 04:43:22: s20_t1.4_a0.5_028.gff
229. 2014-12-16 04:43:45: s20_t1.4_a0.5_029.gff
230. 2014-12-16 04:44:08: s20_t1.4_a0.5_030.gff
231. 2014-12-16 04:44:50: s20_t1.4_a0.5_031.gff
232. 2014-12-16 04:52:50: s20_t1.4_a0.5_032.gff
233. 2014-12-16 04:54:47: s20_t1.4_a0.5_033.gff
234. 2014-12-16 04:54:58: s20_t1.4_a0.5_034.gff
235. 2014-12-16 04:55:16: s20_t1.4_a0.5_035.gff
236. 2014-12-16 04:58:43: s20_t1.4_a0.5_036.gff
237. 2014-12-16 04:59:24: s20_t1.4_a0.5_037.gff
238. 2014-12-16 04:59:27: s20_t1.4_a0.5_038.gff
239. 2014-12-16 04:59:30: s20_t1.4_a0.5_039.gff
240. 2014-12-16 04:59:59: s20_t1.4_a0.5_040.gff
241. 2014-12-16 05:02:48: s20_t1.4_a0.5_041.gff
242. 2014-12-16 05:07:26: s20_t1.4_a0.5_042.gff
243. 2014-12-16 05:07:54: s20_t1.4_a0.5_043.gff
244. 2014-12-16 05:08:01: s20_t1.4_a0.5_044.gff
/scratch/local/181597.1.mpi.q/GOAL/gc: line 24: 26727 CPU time limit exceeded (core dumped) java ${JVMARGS} -Djava.awt.headless=true -DapplicationRoot="${DIR}" -Dorg.java.plugin.boot.pluginsRepositories="${DIR}/plugins" -Djpf.boot.config="${DIR}/boot_cmd.properties" -Dorg.apache.commons.logging.Log=org.apache.commons.logging.impl.SimpleLog -Dorg.apache.commons.logging.simplelog.log.org.java.plugin=fatal $DOCK -jar "${DIR}/lib/jpf-boot.jar" "$@"

real	20m2.487s
user	20m1.471s
sys	0m1.042s
==> This was a timeout
245. 2014-12-16 05:28:04: s20_t1.4_a0.5_045.gff
246. 2014-12-16 05:28:08: s20_t1.4_a0.5_046.gff
247. 2014-12-16 05:28:14: s20_t1.4_a0.5_047.gff
/scratch/local/181597.1.mpi.q/GOAL/gc: line 24: 29923 CPU time limit exceeded (core dumped) java ${JVMARGS} -Djava.awt.headless=true -DapplicationRoot="${DIR}" -Dorg.java.plugin.boot.pluginsRepositories="${DIR}/plugins" -Djpf.boot.config="${DIR}/boot_cmd.properties" -Dorg.apache.commons.logging.Log=org.apache.commons.logging.impl.SimpleLog -Dorg.apache.commons.logging.simplelog.log.org.java.plugin=fatal $DOCK -jar "${DIR}/lib/jpf-boot.jar" "$@"

real	20m0.716s
user	20m1.425s
sys	0m1.199s
==> This was a timeout
248. 2014-12-16 05:48:15: s20_t1.4_a0.5_048.gff
249. 2014-12-16 06:02:44: s20_t1.4_a0.5_049.gff
/scratch/local/181597.1.mpi.q/GOAL/gc: line 24: 23991 CPU time limit exceeded (core dumped) java ${JVMARGS} -Djava.awt.headless=true -DapplicationRoot="${DIR}" -Dorg.java.plugin.boot.pluginsRepositories="${DIR}/plugins" -Djpf.boot.config="${DIR}/boot_cmd.properties" -Dorg.apache.commons.logging.Log=org.apache.commons.logging.impl.SimpleLog -Dorg.apache.commons.logging.simplelog.log.org.java.plugin=fatal $DOCK -jar "${DIR}/lib/jpf-boot.jar" "$@"

real	20m2.180s
user	20m1.543s
sys	0m1.103s
==> This was a timeout
250. 2014-12-16 06:22:46: s20_t1.4_a0.5_050.gff
251. 2014-12-16 06:22:58: s20_t1.4_a0.5_051.gff
252. 2014-12-16 06:23:05: s20_t1.4_a0.5_052.gff
253. 2014-12-16 06:28:24: s20_t1.4_a0.5_053.gff
254. 2014-12-16 06:28:33: s20_t1.4_a0.5_054.gff
255. 2014-12-16 06:36:25: s20_t1.4_a0.5_055.gff
/scratch/local/181597.1.mpi.q/GOAL/gc: line 24: 17022 CPU time limit exceeded (core dumped) java ${JVMARGS} -Djava.awt.headless=true -DapplicationRoot="${DIR}" -Dorg.java.plugin.boot.pluginsRepositories="${DIR}/plugins" -Djpf.boot.config="${DIR}/boot_cmd.properties" -Dorg.apache.commons.logging.Log=org.apache.commons.logging.impl.SimpleLog -Dorg.apache.commons.logging.simplelog.log.org.java.plugin=fatal $DOCK -jar "${DIR}/lib/jpf-boot.jar" "$@"

real	20m2.091s
user	20m1.519s
sys	0m1.112s
==> This was a timeout
256. 2014-12-16 06:56:27: s20_t1.4_a0.5_056.gff
257. 2014-12-16 06:56:53: s20_t1.4_a0.5_057.gff
258. 2014-12-16 06:56:57: s20_t1.4_a0.5_058.gff
259. 2014-12-16 07:02:24: s20_t1.4_a0.5_059.gff
260. 2014-12-16 07:02:37: s20_t1.4_a0.5_060.gff
261. 2014-12-16 07:03:21: s20_t1.4_a0.5_061.gff
262. 2014-12-16 07:03:43: s20_t1.4_a0.5_062.gff
263. 2014-12-16 07:04:22: s20_t1.4_a0.5_063.gff
/scratch/local/181597.1.mpi.q/GOAL/gc: line 24: 32496 CPU time limit exceeded (core dumped) java ${JVMARGS} -Djava.awt.headless=true -DapplicationRoot="${DIR}" -Dorg.java.plugin.boot.pluginsRepositories="${DIR}/plugins" -Djpf.boot.config="${DIR}/boot_cmd.properties" -Dorg.apache.commons.logging.Log=org.apache.commons.logging.impl.SimpleLog -Dorg.apache.commons.logging.simplelog.log.org.java.plugin=fatal $DOCK -jar "${DIR}/lib/jpf-boot.jar" "$@"

real	20m1.639s
user	20m1.480s
sys	0m1.069s
==> This was a timeout
264. 2014-12-16 07:24:24: s20_t1.4_a0.5_064.gff
265. 2014-12-16 07:25:13: s20_t1.4_a0.5_065.gff
266. 2014-12-16 07:39:13: s20_t1.4_a0.5_066.gff
267. 2014-12-16 07:39:25: s20_t1.4_a0.5_067.gff
268. 2014-12-16 07:39:32: s20_t1.4_a0.5_068.gff
269. 2014-12-16 07:41:27: s20_t1.4_a0.5_069.gff
270. 2014-12-16 07:41:31: s20_t1.4_a0.5_070.gff
271. 2014-12-16 07:43:45: s20_t1.4_a0.5_071.gff
272. 2014-12-16 07:52:18: s20_t1.4_a0.5_072.gff
273. 2014-12-16 07:52:27: s20_t1.4_a0.5_073.gff
/scratch/local/181597.1.mpi.q/GOAL/gc: line 24: 18491 CPU time limit exceeded (core dumped) java ${JVMARGS} -Djava.awt.headless=true -DapplicationRoot="${DIR}" -Dorg.java.plugin.boot.pluginsRepositories="${DIR}/plugins" -Djpf.boot.config="${DIR}/boot_cmd.properties" -Dorg.apache.commons.logging.Log=org.apache.commons.logging.impl.SimpleLog -Dorg.apache.commons.logging.simplelog.log.org.java.plugin=fatal $DOCK -jar "${DIR}/lib/jpf-boot.jar" "$@"

real	20m2.442s
user	20m1.421s
sys	0m1.157s
==> This was a timeout
274. 2014-12-16 08:12:29: s20_t1.4_a0.5_074.gff
275. 2014-12-16 08:14:20: s20_t1.4_a0.5_075.gff
276. 2014-12-16 08:16:50: s20_t1.4_a0.5_076.gff
277. 2014-12-16 08:17:35: s20_t1.4_a0.5_077.gff
278. 2014-12-16 08:17:48: s20_t1.4_a0.5_078.gff
279. 2014-12-16 08:18:23: s20_t1.4_a0.5_079.gff
280. 2014-12-16 08:18:32: s20_t1.4_a0.5_080.gff
/scratch/local/181597.1.mpi.q/GOAL/gc: line 24: 31575 CPU time limit exceeded (core dumped) java ${JVMARGS} -Djava.awt.headless=true -DapplicationRoot="${DIR}" -Dorg.java.plugin.boot.pluginsRepositories="${DIR}/plugins" -Djpf.boot.config="${DIR}/boot_cmd.properties" -Dorg.apache.commons.logging.Log=org.apache.commons.logging.impl.SimpleLog -Dorg.apache.commons.logging.simplelog.log.org.java.plugin=fatal $DOCK -jar "${DIR}/lib/jpf-boot.jar" "$@"

real	20m2.779s
user	20m1.465s
sys	0m1.155s
==> This was a timeout
281. 2014-12-16 08:38:35: s20_t1.4_a0.5_081.gff
282. 2014-12-16 08:39:50: s20_t1.4_a0.5_082.gff
/scratch/local/181597.1.mpi.q/GOAL/gc: line 24:  3013 CPU time limit exceeded (core dumped) java ${JVMARGS} -Djava.awt.headless=true -DapplicationRoot="${DIR}" -Dorg.java.plugin.boot.pluginsRepositories="${DIR}/plugins" -Djpf.boot.config="${DIR}/boot_cmd.properties" -Dorg.apache.commons.logging.Log=org.apache.commons.logging.impl.SimpleLog -Dorg.apache.commons.logging.simplelog.log.org.java.plugin=fatal $DOCK -jar "${DIR}/lib/jpf-boot.jar" "$@"

real	20m3.509s
user	20m1.463s
sys	0m1.167s
==> This was a timeout
283. 2014-12-16 08:59:53: s20_t1.4_a0.5_083.gff
284. 2014-12-16 09:00:07: s20_t1.4_a0.5_084.gff
285. 2014-12-16 09:00:36: s20_t1.4_a0.5_085.gff
286. 2014-12-16 09:00:55: s20_t1.4_a0.5_086.gff
287. 2014-12-16 09:04:08: s20_t1.4_a0.5_087.gff
288. 2014-12-16 09:06:12: s20_t1.4_a0.5_088.gff
289. 2014-12-16 09:06:42: s20_t1.4_a0.5_089.gff
290. 2014-12-16 09:07:01: s20_t1.4_a0.5_090.gff
291. 2014-12-16 09:07:09: s20_t1.4_a0.5_091.gff
/scratch/local/181597.1.mpi.q/GOAL/gc: line 24: 18837 CPU time limit exceeded (core dumped) java ${JVMARGS} -Djava.awt.headless=true -DapplicationRoot="${DIR}" -Dorg.java.plugin.boot.pluginsRepositories="${DIR}/plugins" -Djpf.boot.config="${DIR}/boot_cmd.properties" -Dorg.apache.commons.logging.Log=org.apache.commons.logging.impl.SimpleLog -Dorg.apache.commons.logging.simplelog.log.org.java.plugin=fatal $DOCK -jar "${DIR}/lib/jpf-boot.jar" "$@"

real	20m3.684s
user	20m1.513s
sys	0m1.091s
==> This was a timeout
292. 2014-12-16 09:27:12: s20_t1.4_a0.5_092.gff
293. 2014-12-16 09:27:23: s20_t1.4_a0.5_093.gff
294. 2014-12-16 09:27:43: s20_t1.4_a0.5_094.gff
295. 2014-12-16 09:28:31: s20_t1.4_a0.5_095.gff
296. 2014-12-16 09:32:31: s20_t1.4_a0.5_096.gff
297. 2014-12-16 09:32:49: s20_t1.4_a0.5_097.gff
/scratch/local/181597.1.mpi.q/GOAL/gc: line 24: 31207 CPU time limit exceeded (core dumped) java ${JVMARGS} -Djava.awt.headless=true -DapplicationRoot="${DIR}" -Dorg.java.plugin.boot.pluginsRepositories="${DIR}/plugins" -Djpf.boot.config="${DIR}/boot_cmd.properties" -Dorg.apache.commons.logging.Log=org.apache.commons.logging.impl.SimpleLog -Dorg.apache.commons.logging.simplelog.log.org.java.plugin=fatal $DOCK -jar "${DIR}/lib/jpf-boot.jar" "$@"

real	20m2.904s
user	20m1.582s
sys	0m1.051s
==> This was a timeout
298. 2014-12-16 09:52:52: s20_t1.4_a0.5_098.gff
299. 2014-12-16 09:53:02: s20_t1.4_a0.5_099.gff
300. 2014-12-16 09:53:35: s20_t1.4_a0.5_100.gff
301. 2014-12-16 09:53:40: s20_t1.4_a0.6_001.gff
302. 2014-12-16 09:53:43: s20_t1.4_a0.6_002.gff
303. 2014-12-16 09:53:46: s20_t1.4_a0.6_003.gff
304. 2014-12-16 09:53:55: s20_t1.4_a0.6_004.gff
305. 2014-12-16 09:54:01: s20_t1.4_a0.6_005.gff
306. 2014-12-16 09:54:24: s20_t1.4_a0.6_006.gff
307. 2014-12-16 09:54:40: s20_t1.4_a0.6_007.gff
308. 2014-12-16 09:55:00: s20_t1.4_a0.6_008.gff
309. 2014-12-16 09:56:45: s20_t1.4_a0.6_009.gff
/scratch/local/181597.1.mpi.q/GOAL/gc: line 24:  6746 CPU time limit exceeded (core dumped) java ${JVMARGS} -Djava.awt.headless=true -DapplicationRoot="${DIR}" -Dorg.java.plugin.boot.pluginsRepositories="${DIR}/plugins" -Djpf.boot.config="${DIR}/boot_cmd.properties" -Dorg.apache.commons.logging.Log=org.apache.commons.logging.impl.SimpleLog -Dorg.apache.commons.logging.simplelog.log.org.java.plugin=fatal $DOCK -jar "${DIR}/lib/jpf-boot.jar" "$@"

real	20m2.256s
user	20m1.541s
sys	0m1.161s
==> This was a timeout
310. 2014-12-16 10:16:47: s20_t1.4_a0.6_010.gff
311. 2014-12-16 10:16:55: s20_t1.4_a0.6_011.gff
312. 2014-12-16 10:21:35: s20_t1.4_a0.6_012.gff
/scratch/local/181597.1.mpi.q/GOAL/gc: line 24: 16745 CPU time limit exceeded (core dumped) java ${JVMARGS} -Djava.awt.headless=true -DapplicationRoot="${DIR}" -Dorg.java.plugin.boot.pluginsRepositories="${DIR}/plugins" -Djpf.boot.config="${DIR}/boot_cmd.properties" -Dorg.apache.commons.logging.Log=org.apache.commons.logging.impl.SimpleLog -Dorg.apache.commons.logging.simplelog.log.org.java.plugin=fatal $DOCK -jar "${DIR}/lib/jpf-boot.jar" "$@"

real	20m2.879s
user	20m1.556s
sys	0m1.107s
==> This was a timeout
313. 2014-12-16 10:41:38: s20_t1.4_a0.6_013.gff
314. 2014-12-16 10:42:28: s20_t1.4_a0.6_014.gff
315. 2014-12-16 10:44:17: s20_t1.4_a0.6_015.gff
316. 2014-12-16 10:44:48: s20_t1.4_a0.6_016.gff
317. 2014-12-16 10:44:57: s20_t1.4_a0.6_017.gff
318. 2014-12-16 10:45:13: s20_t1.4_a0.6_018.gff
319. 2014-12-16 10:45:21: s20_t1.4_a0.6_019.gff
320. 2014-12-16 10:45:24: s20_t1.4_a0.6_020.gff
321. 2014-12-16 10:45:33: s20_t1.4_a0.6_021.gff
/scratch/local/181597.1.mpi.q/GOAL/gc: line 24: 24700 CPU time limit exceeded (core dumped) java ${JVMARGS} -Djava.awt.headless=true -DapplicationRoot="${DIR}" -Dorg.java.plugin.boot.pluginsRepositories="${DIR}/plugins" -Djpf.boot.config="${DIR}/boot_cmd.properties" -Dorg.apache.commons.logging.Log=org.apache.commons.logging.impl.SimpleLog -Dorg.apache.commons.logging.simplelog.log.org.java.plugin=fatal $DOCK -jar "${DIR}/lib/jpf-boot.jar" "$@"

real	20m4.227s
user	20m0.924s
sys	0m1.689s
==> This was a timeout
322. 2014-12-16 11:05:37: s20_t1.4_a0.6_022.gff
323. 2014-12-16 11:07:14: s20_t1.4_a0.6_023.gff
324. 2014-12-16 11:07:33: s20_t1.4_a0.6_024.gff
325. 2014-12-16 11:07:45: s20_t1.4_a0.6_025.gff
326. 2014-12-16 11:07:46: s20_t1.4_a0.6_026.gff
/scratch/local/181597.1.mpi.q/GOAL/gc: line 24: 29686 CPU time limit exceeded (core dumped) java ${JVMARGS} -Djava.awt.headless=true -DapplicationRoot="${DIR}" -Dorg.java.plugin.boot.pluginsRepositories="${DIR}/plugins" -Djpf.boot.config="${DIR}/boot_cmd.properties" -Dorg.apache.commons.logging.Log=org.apache.commons.logging.impl.SimpleLog -Dorg.apache.commons.logging.simplelog.log.org.java.plugin=fatal $DOCK -jar "${DIR}/lib/jpf-boot.jar" "$@"

real	20m1.756s
user	20m1.561s
sys	0m1.104s
==> This was a timeout
327. 2014-12-16 11:27:48: s20_t1.4_a0.6_027.gff
328. 2014-12-16 11:35:02: s20_t1.4_a0.6_028.gff
/scratch/local/181597.1.mpi.q/GOAL/gc: line 24: 10516 CPU time limit exceeded (core dumped) java ${JVMARGS} -Djava.awt.headless=true -DapplicationRoot="${DIR}" -Dorg.java.plugin.boot.pluginsRepositories="${DIR}/plugins" -Djpf.boot.config="${DIR}/boot_cmd.properties" -Dorg.apache.commons.logging.Log=org.apache.commons.logging.impl.SimpleLog -Dorg.apache.commons.logging.simplelog.log.org.java.plugin=fatal $DOCK -jar "${DIR}/lib/jpf-boot.jar" "$@"

real	20m8.394s
user	20m1.939s
sys	0m1.140s
==> This was a timeout
329. 2014-12-16 11:55:10: s20_t1.4_a0.6_029.gff
330. 2014-12-16 11:55:29: s20_t1.4_a0.6_030.gff
331. 2014-12-16 11:55:51: s20_t1.4_a0.6_031.gff
332. 2014-12-16 11:55:53: s20_t1.4_a0.6_032.gff
333. 2014-12-16 11:55:55: s20_t1.4_a0.6_033.gff
334. 2014-12-16 11:56:34: s20_t1.4_a0.6_034.gff
/scratch/local/181597.1.mpi.q/GOAL/gc: line 24: 14001 CPU time limit exceeded (core dumped) java ${JVMARGS} -Djava.awt.headless=true -DapplicationRoot="${DIR}" -Dorg.java.plugin.boot.pluginsRepositories="${DIR}/plugins" -Djpf.boot.config="${DIR}/boot_cmd.properties" -Dorg.apache.commons.logging.Log=org.apache.commons.logging.impl.SimpleLog -Dorg.apache.commons.logging.simplelog.log.org.java.plugin=fatal $DOCK -jar "${DIR}/lib/jpf-boot.jar" "$@"

real	20m3.393s
user	20m1.564s
sys	0m1.065s
==> This was a timeout
335. 2014-12-16 12:16:37: s20_t1.4_a0.6_035.gff
336. 2014-12-16 12:16:41: s20_t1.4_a0.6_036.gff
337. 2014-12-16 12:17:19: s20_t1.4_a0.6_037.gff
338. 2014-12-16 12:17:29: s20_t1.4_a0.6_038.gff
339. 2014-12-16 12:17:53: s20_t1.4_a0.6_039.gff
340. 2014-12-16 12:18:18: s20_t1.4_a0.6_040.gff
341. 2014-12-16 12:23:31: s20_t1.4_a0.6_041.gff
342. 2014-12-16 12:23:36: s20_t1.4_a0.6_042.gff
343. 2014-12-16 12:23:59: s20_t1.4_a0.6_043.gff
344. 2014-12-16 12:24:59: s20_t1.4_a0.6_044.gff
345. 2014-12-16 12:25:08: s20_t1.4_a0.6_045.gff
346. 2014-12-16 12:25:22: s20_t1.4_a0.6_046.gff
347. 2014-12-16 12:25:26: s20_t1.4_a0.6_047.gff
348. 2014-12-16 12:25:30: s20_t1.4_a0.6_048.gff
349. 2014-12-16 12:25:53: s20_t1.4_a0.6_049.gff
/scratch/local/181597.1.mpi.q/GOAL/gc: line 24: 31114 CPU time limit exceeded (core dumped) java ${JVMARGS} -Djava.awt.headless=true -DapplicationRoot="${DIR}" -Dorg.java.plugin.boot.pluginsRepositories="${DIR}/plugins" -Djpf.boot.config="${DIR}/boot_cmd.properties" -Dorg.apache.commons.logging.Log=org.apache.commons.logging.impl.SimpleLog -Dorg.apache.commons.logging.simplelog.log.org.java.plugin=fatal $DOCK -jar "${DIR}/lib/jpf-boot.jar" "$@"

real	20m2.148s
user	20m1.673s
sys	0m1.019s
==> This was a timeout
350. 2014-12-16 12:45:55: s20_t1.4_a0.6_050.gff
351. 2014-12-16 12:46:16: s20_t1.4_a0.6_051.gff
352. 2014-12-16 12:46:21: s20_t1.4_a0.6_052.gff
353. 2014-12-16 12:48:07: s20_t1.4_a0.6_053.gff
354. 2014-12-16 12:48:16: s20_t1.4_a0.6_054.gff
355. 2014-12-16 12:48:26: s20_t1.4_a0.6_055.gff
356. 2014-12-16 12:48:28: s20_t1.4_a0.6_056.gff
357. 2014-12-16 12:49:30: s20_t1.4_a0.6_057.gff
358. 2014-12-16 12:49:37: s20_t1.4_a0.6_058.gff
359. 2014-12-16 12:49:39: s20_t1.4_a0.6_059.gff
360. 2014-12-16 12:49:46: s20_t1.4_a0.6_060.gff
/scratch/local/181597.1.mpi.q/GOAL/gc: line 24:  6793 CPU time limit exceeded (core dumped) java ${JVMARGS} -Djava.awt.headless=true -DapplicationRoot="${DIR}" -Dorg.java.plugin.boot.pluginsRepositories="${DIR}/plugins" -Djpf.boot.config="${DIR}/boot_cmd.properties" -Dorg.apache.commons.logging.Log=org.apache.commons.logging.impl.SimpleLog -Dorg.apache.commons.logging.simplelog.log.org.java.plugin=fatal $DOCK -jar "${DIR}/lib/jpf-boot.jar" "$@"

real	20m1.790s
user	20m1.476s
sys	0m1.191s
==> This was a timeout
361. 2014-12-16 13:09:48: s20_t1.4_a0.6_061.gff
362. 2014-12-16 13:10:01: s20_t1.4_a0.6_062.gff
/scratch/local/181597.1.mpi.q/GOAL/gc: line 24:  7487 CPU time limit exceeded (core dumped) java ${JVMARGS} -Djava.awt.headless=true -DapplicationRoot="${DIR}" -Dorg.java.plugin.boot.pluginsRepositories="${DIR}/plugins" -Djpf.boot.config="${DIR}/boot_cmd.properties" -Dorg.apache.commons.logging.Log=org.apache.commons.logging.impl.SimpleLog -Dorg.apache.commons.logging.simplelog.log.org.java.plugin=fatal $DOCK -jar "${DIR}/lib/jpf-boot.jar" "$@"

real	20m3.184s
user	20m1.426s
sys	0m1.182s
==> This was a timeout
363. 2014-12-16 13:30:04: s20_t1.4_a0.6_063.gff
364. 2014-12-16 13:31:11: s20_t1.4_a0.6_064.gff
365. 2014-12-16 13:31:52: s20_t1.4_a0.6_065.gff
366. 2014-12-16 13:32:05: s20_t1.4_a0.6_066.gff
367. 2014-12-16 13:50:11: s20_t1.4_a0.6_067.gff
368. 2014-12-16 13:50:15: s20_t1.4_a0.6_068.gff
369. 2014-12-16 13:50:20: s20_t1.4_a0.6_069.gff
370. 2014-12-16 13:50:27: s20_t1.4_a0.6_070.gff
371. 2014-12-16 13:51:04: s20_t1.4_a0.6_071.gff
372. 2014-12-16 13:51:21: s20_t1.4_a0.6_072.gff
373. 2014-12-16 13:52:50: s20_t1.4_a0.6_073.gff
374. 2014-12-16 13:53:01: s20_t1.4_a0.6_074.gff
375. 2014-12-16 13:53:07: s20_t1.4_a0.6_075.gff
376. 2014-12-16 13:53:17: s20_t1.4_a0.6_076.gff
377. 2014-12-16 13:54:35: s20_t1.4_a0.6_077.gff
378. 2014-12-16 13:55:49: s20_t1.4_a0.6_078.gff
379. 2014-12-16 13:55:57: s20_t1.4_a0.6_079.gff
/scratch/local/181597.1.mpi.q/GOAL/gc: line 24: 21657 CPU time limit exceeded (core dumped) java ${JVMARGS} -Djava.awt.headless=true -DapplicationRoot="${DIR}" -Dorg.java.plugin.boot.pluginsRepositories="${DIR}/plugins" -Djpf.boot.config="${DIR}/boot_cmd.properties" -Dorg.apache.commons.logging.Log=org.apache.commons.logging.impl.SimpleLog -Dorg.apache.commons.logging.simplelog.log.org.java.plugin=fatal $DOCK -jar "${DIR}/lib/jpf-boot.jar" "$@"

real	20m2.186s
user	20m1.554s
sys	0m1.105s
==> This was a timeout
380. 2014-12-16 14:15:59: s20_t1.4_a0.6_080.gff
381. 2014-12-16 14:23:26: s20_t1.4_a0.6_081.gff
382. 2014-12-16 14:23:30: s20_t1.4_a0.6_082.gff
383. 2014-12-16 14:27:02: s20_t1.4_a0.6_083.gff
384. 2014-12-16 14:27:57: s20_t1.4_a0.6_084.gff
385. 2014-12-16 14:46:04: s20_t1.4_a0.6_085.gff
386. 2014-12-16 14:46:07: s20_t1.4_a0.6_086.gff
387. 2014-12-16 14:51:00: s20_t1.4_a0.6_087.gff
388. 2014-12-16 14:51:02: s20_t1.4_a0.6_088.gff
/scratch/local/181597.1.mpi.q/GOAL/gc: line 24: 14971 CPU time limit exceeded (core dumped) java ${JVMARGS} -Djava.awt.headless=true -DapplicationRoot="${DIR}" -Dorg.java.plugin.boot.pluginsRepositories="${DIR}/plugins" -Djpf.boot.config="${DIR}/boot_cmd.properties" -Dorg.apache.commons.logging.Log=org.apache.commons.logging.impl.SimpleLog -Dorg.apache.commons.logging.simplelog.log.org.java.plugin=fatal $DOCK -jar "${DIR}/lib/jpf-boot.jar" "$@"

real	20m2.747s
user	20m1.359s
sys	0m1.208s
==> This was a timeout
389. 2014-12-16 15:11:04: s20_t1.4_a0.6_089.gff
390. 2014-12-16 15:11:31: s20_t1.4_a0.6_090.gff
391. 2014-12-16 15:11:35: s20_t1.4_a0.6_091.gff
392. 2014-12-16 15:11:48: s20_t1.4_a0.6_092.gff
393. 2014-12-16 15:12:09: s20_t1.4_a0.6_093.gff
394. 2014-12-16 15:12:11: s20_t1.4_a0.6_094.gff
395. 2014-12-16 15:12:36: s20_t1.4_a0.6_095.gff
/scratch/local/181597.1.mpi.q/GOAL/gc: line 24: 20355 CPU time limit exceeded (core dumped) java ${JVMARGS} -Djava.awt.headless=true -DapplicationRoot="${DIR}" -Dorg.java.plugin.boot.pluginsRepositories="${DIR}/plugins" -Djpf.boot.config="${DIR}/boot_cmd.properties" -Dorg.apache.commons.logging.Log=org.apache.commons.logging.impl.SimpleLog -Dorg.apache.commons.logging.simplelog.log.org.java.plugin=fatal $DOCK -jar "${DIR}/lib/jpf-boot.jar" "$@"

real	20m9.404s
user	20m1.614s
sys	0m1.053s
==> This was a timeout
396. 2014-12-16 15:32:45: s20_t1.4_a0.6_096.gff
397. 2014-12-16 15:32:55: s20_t1.4_a0.6_097.gff
398. 2014-12-16 15:34:05: s20_t1.4_a0.6_098.gff
399. 2014-12-16 15:34:21: s20_t1.4_a0.6_099.gff
400. 2014-12-16 15:34:24: s20_t1.4_a0.6_100.gff
401. 2014-12-16 15:34:37: s20_t1.4_a0.7_001.gff
402. 2014-12-16 15:39:05: s20_t1.4_a0.7_002.gff
/scratch/local/181597.1.mpi.q/GOAL/gc: line 24: 32084 CPU time limit exceeded (core dumped) java ${JVMARGS} -Djava.awt.headless=true -DapplicationRoot="${DIR}" -Dorg.java.plugin.boot.pluginsRepositories="${DIR}/plugins" -Djpf.boot.config="${DIR}/boot_cmd.properties" -Dorg.apache.commons.logging.Log=org.apache.commons.logging.impl.SimpleLog -Dorg.apache.commons.logging.simplelog.log.org.java.plugin=fatal $DOCK -jar "${DIR}/lib/jpf-boot.jar" "$@"

real	20m6.011s
user	20m1.606s
sys	0m1.114s
==> This was a timeout
403. 2014-12-16 15:59:11: s20_t1.4_a0.7_003.gff
404. 2014-12-16 15:59:15: s20_t1.4_a0.7_004.gff
405. 2014-12-16 16:00:11: s20_t1.4_a0.7_005.gff
/scratch/local/181597.1.mpi.q/GOAL/gc: line 24:  5803 CPU time limit exceeded (core dumped) java ${JVMARGS} -Djava.awt.headless=true -DapplicationRoot="${DIR}" -Dorg.java.plugin.boot.pluginsRepositories="${DIR}/plugins" -Djpf.boot.config="${DIR}/boot_cmd.properties" -Dorg.apache.commons.logging.Log=org.apache.commons.logging.impl.SimpleLog -Dorg.apache.commons.logging.simplelog.log.org.java.plugin=fatal $DOCK -jar "${DIR}/lib/jpf-boot.jar" "$@"

real	20m1.671s
user	20m1.425s
sys	0m1.183s
==> This was a timeout
406. 2014-12-16 16:20:13: s20_t1.4_a0.7_006.gff
407. 2014-12-16 16:20:33: s20_t1.4_a0.7_007.gff
/scratch/local/181597.1.mpi.q/GOAL/gc: line 24:  8200 CPU time limit exceeded (core dumped) java ${JVMARGS} -Djava.awt.headless=true -DapplicationRoot="${DIR}" -Dorg.java.plugin.boot.pluginsRepositories="${DIR}/plugins" -Djpf.boot.config="${DIR}/boot_cmd.properties" -Dorg.apache.commons.logging.Log=org.apache.commons.logging.impl.SimpleLog -Dorg.apache.commons.logging.simplelog.log.org.java.plugin=fatal $DOCK -jar "${DIR}/lib/jpf-boot.jar" "$@"

real	20m3.437s
user	20m1.533s
sys	0m1.131s
==> This was a timeout
408. 2014-12-16 16:40:37: s20_t1.4_a0.7_008.gff
409. 2014-12-16 16:40:40: s20_t1.4_a0.7_009.gff
410. 2014-12-16 16:41:00: s20_t1.4_a0.7_010.gff
411. 2014-12-16 16:41:13: s20_t1.4_a0.7_011.gff
412. 2014-12-16 16:41:34: s20_t1.4_a0.7_012.gff
413. 2014-12-16 16:41:42: s20_t1.4_a0.7_013.gff
414. 2014-12-16 16:41:56: s20_t1.4_a0.7_014.gff
415. 2014-12-16 16:41:58: s20_t1.4_a0.7_015.gff
416. 2014-12-16 16:42:27: s20_t1.4_a0.7_016.gff
417. 2014-12-16 16:43:37: s20_t1.4_a0.7_017.gff
418. 2014-12-16 16:43:40: s20_t1.4_a0.7_018.gff
419. 2014-12-16 17:00:27: s20_t1.4_a0.7_019.gff
420. 2014-12-16 17:00:54: s20_t1.4_a0.7_020.gff
421. 2014-12-16 17:01:33: s20_t1.4_a0.7_021.gff
422. 2014-12-16 17:01:38: s20_t1.4_a0.7_022.gff
423. 2014-12-16 17:01:41: s20_t1.4_a0.7_023.gff
/scratch/local/181597.1.mpi.q/GOAL/gc: line 24: 21732 CPU time limit exceeded (core dumped) java ${JVMARGS} -Djava.awt.headless=true -DapplicationRoot="${DIR}" -Dorg.java.plugin.boot.pluginsRepositories="${DIR}/plugins" -Djpf.boot.config="${DIR}/boot_cmd.properties" -Dorg.apache.commons.logging.Log=org.apache.commons.logging.impl.SimpleLog -Dorg.apache.commons.logging.simplelog.log.org.java.plugin=fatal $DOCK -jar "${DIR}/lib/jpf-boot.jar" "$@"

real	20m3.589s
user	20m1.595s
sys	0m1.039s
==> This was a timeout
424. 2014-12-16 17:21:44: s20_t1.4_a0.7_024.gff
/scratch/local/181597.1.mpi.q/GOAL/gc: line 24: 20966 CPU time limit exceeded (core dumped) java ${JVMARGS} -Djava.awt.headless=true -DapplicationRoot="${DIR}" -Dorg.java.plugin.boot.pluginsRepositories="${DIR}/plugins" -Djpf.boot.config="${DIR}/boot_cmd.properties" -Dorg.apache.commons.logging.Log=org.apache.commons.logging.impl.SimpleLog -Dorg.apache.commons.logging.simplelog.log.org.java.plugin=fatal $DOCK -jar "${DIR}/lib/jpf-boot.jar" "$@"

real	20m4.999s
user	20m1.499s
sys	0m1.116s
==> This was a timeout
425. 2014-12-16 17:41:49: s20_t1.4_a0.7_025.gff
426. 2014-12-16 17:42:05: s20_t1.4_a0.7_026.gff
427. 2014-12-16 17:50:05: s20_t1.4_a0.7_027.gff
428. 2014-12-16 17:50:10: s20_t1.4_a0.7_028.gff
429. 2014-12-16 17:51:27: s20_t1.4_a0.7_029.gff
430. 2014-12-16 17:51:32: s20_t1.4_a0.7_030.gff
431. 2014-12-16 17:54:39: s20_t1.4_a0.7_031.gff
432. 2014-12-16 17:56:41: s20_t1.4_a0.7_032.gff
433. 2014-12-16 17:57:21: s20_t1.4_a0.7_033.gff
434. 2014-12-16 17:58:19: s20_t1.4_a0.7_034.gff
435. 2014-12-16 18:03:37: s20_t1.4_a0.7_035.gff
436. 2014-12-16 18:03:42: s20_t1.4_a0.7_036.gff
437. 2014-12-16 18:03:44: s20_t1.4_a0.7_037.gff
438. 2014-12-16 18:03:50: s20_t1.4_a0.7_038.gff
439. 2014-12-16 18:04:09: s20_t1.4_a0.7_039.gff
440. 2014-12-16 18:05:28: s20_t1.4_a0.7_040.gff
441. 2014-12-16 18:05:45: s20_t1.4_a0.7_041.gff
442. 2014-12-16 18:05:49: s20_t1.4_a0.7_042.gff
443. 2014-12-16 18:05:51: s20_t1.4_a0.7_043.gff
444. 2014-12-16 18:06:05: s20_t1.4_a0.7_044.gff
445. 2014-12-16 18:06:23: s20_t1.4_a0.7_045.gff
446. 2014-12-16 18:07:06: s20_t1.4_a0.7_046.gff
447. 2014-12-16 18:10:10: s20_t1.4_a0.7_047.gff
448. 2014-12-16 18:10:50: s20_t1.4_a0.7_048.gff
449. 2014-12-16 18:12:20: s20_t1.4_a0.7_049.gff
450. 2014-12-16 18:12:44: s20_t1.4_a0.7_050.gff
451. 2014-12-16 18:13:12: s20_t1.4_a0.7_051.gff
452. 2014-12-16 18:13:18: s20_t1.4_a0.7_052.gff
453. 2014-12-16 18:13:38: s20_t1.4_a0.7_053.gff
454. 2014-12-16 18:14:05: s20_t1.4_a0.7_054.gff
455. 2014-12-16 18:14:57: s20_t1.4_a0.7_055.gff
456. 2014-12-16 18:15:40: s20_t1.4_a0.7_056.gff
457. 2014-12-16 18:16:43: s20_t1.4_a0.7_057.gff
458. 2014-12-16 18:16:47: s20_t1.4_a0.7_058.gff
459. 2014-12-16 18:16:51: s20_t1.4_a0.7_059.gff
460. 2014-12-16 18:16:59: s20_t1.4_a0.7_060.gff
461. 2014-12-16 18:19:20: s20_t1.4_a0.7_061.gff
462. 2014-12-16 18:19:22: s20_t1.4_a0.7_062.gff
463. 2014-12-16 18:19:33: s20_t1.4_a0.7_063.gff
464. 2014-12-16 18:21:35: s20_t1.4_a0.7_064.gff
465. 2014-12-16 18:22:24: s20_t1.4_a0.7_065.gff
/scratch/local/181597.1.mpi.q/GOAL/gc: line 24: 25615 CPU time limit exceeded (core dumped) java ${JVMARGS} -Djava.awt.headless=true -DapplicationRoot="${DIR}" -Dorg.java.plugin.boot.pluginsRepositories="${DIR}/plugins" -Djpf.boot.config="${DIR}/boot_cmd.properties" -Dorg.apache.commons.logging.Log=org.apache.commons.logging.impl.SimpleLog -Dorg.apache.commons.logging.simplelog.log.org.java.plugin=fatal $DOCK -jar "${DIR}/lib/jpf-boot.jar" "$@"

real	20m5.366s
user	20m1.472s
sys	0m1.119s
==> This was a timeout
466. 2014-12-16 18:42:30: s20_t1.4_a0.7_066.gff
467. 2014-12-16 18:42:38: s20_t1.4_a0.7_067.gff
468. 2014-12-16 18:42:51: s20_t1.4_a0.7_068.gff
469. 2014-12-16 18:42:56: s20_t1.4_a0.7_069.gff
470. 2014-12-16 18:43:19: s20_t1.4_a0.7_070.gff
471. 2014-12-16 18:43:23: s20_t1.4_a0.7_071.gff
472. 2014-12-16 18:44:26: s20_t1.4_a0.7_072.gff
473. 2014-12-16 18:44:28: s20_t1.4_a0.7_073.gff
474. 2014-12-16 18:44:36: s20_t1.4_a0.7_074.gff
475. 2014-12-16 18:44:38: s20_t1.4_a0.7_075.gff
/scratch/local/181597.1.mpi.q/GOAL/gc: line 24: 30022 CPU time limit exceeded (core dumped) java ${JVMARGS} -Djava.awt.headless=true -DapplicationRoot="${DIR}" -Dorg.java.plugin.boot.pluginsRepositories="${DIR}/plugins" -Djpf.boot.config="${DIR}/boot_cmd.properties" -Dorg.apache.commons.logging.Log=org.apache.commons.logging.impl.SimpleLog -Dorg.apache.commons.logging.simplelog.log.org.java.plugin=fatal $DOCK -jar "${DIR}/lib/jpf-boot.jar" "$@"

real	20m2.732s
user	20m1.500s
sys	0m1.061s
==> This was a timeout
476. 2014-12-16 19:04:41: s20_t1.4_a0.7_076.gff
477. 2014-12-16 19:04:49: s20_t1.4_a0.7_077.gff
478. 2014-12-16 19:04:53: s20_t1.4_a0.7_078.gff
479. 2014-12-16 19:04:57: s20_t1.4_a0.7_079.gff
480. 2014-12-16 19:08:03: s20_t1.4_a0.7_080.gff
481. 2014-12-16 19:16:46: s20_t1.4_a0.7_081.gff
482. 2014-12-16 19:16:52: s20_t1.4_a0.7_082.gff
483. 2014-12-16 19:17:09: s20_t1.4_a0.7_083.gff
484. 2014-12-16 19:17:31: s20_t1.4_a0.7_084.gff
485. 2014-12-16 19:18:27: s20_t1.4_a0.7_085.gff
486. 2014-12-16 19:18:32: s20_t1.4_a0.7_086.gff
487. 2014-12-16 19:18:35: s20_t1.4_a0.7_087.gff
488. 2014-12-16 19:18:44: s20_t1.4_a0.7_088.gff
489. 2014-12-16 19:19:16: s20_t1.4_a0.7_089.gff
490. 2014-12-16 19:19:20: s20_t1.4_a0.7_090.gff
491. 2014-12-16 19:19:46: s20_t1.4_a0.7_091.gff
/scratch/local/181597.1.mpi.q/GOAL/gc: line 24: 22596 CPU time limit exceeded (core dumped) java ${JVMARGS} -Djava.awt.headless=true -DapplicationRoot="${DIR}" -Dorg.java.plugin.boot.pluginsRepositories="${DIR}/plugins" -Djpf.boot.config="${DIR}/boot_cmd.properties" -Dorg.apache.commons.logging.Log=org.apache.commons.logging.impl.SimpleLog -Dorg.apache.commons.logging.simplelog.log.org.java.plugin=fatal $DOCK -jar "${DIR}/lib/jpf-boot.jar" "$@"

real	20m2.074s
user	20m1.530s
sys	0m1.168s
==> This was a timeout
492. 2014-12-16 19:39:48: s20_t1.4_a0.7_092.gff
493. 2014-12-16 19:42:18: s20_t1.4_a0.7_093.gff
494. 2014-12-16 19:42:45: s20_t1.4_a0.7_094.gff
495. 2014-12-16 19:43:46: s20_t1.4_a0.7_095.gff
496. 2014-12-16 19:44:28: s20_t1.4_a0.7_096.gff
497. 2014-12-16 19:44:33: s20_t1.4_a0.7_097.gff
498. 2014-12-16 19:45:34: s20_t1.4_a0.7_098.gff
/scratch/local/181597.1.mpi.q/GOAL/gc: line 24: 26201 CPU time limit exceeded (core dumped) java ${JVMARGS} -Djava.awt.headless=true -DapplicationRoot="${DIR}" -Dorg.java.plugin.boot.pluginsRepositories="${DIR}/plugins" -Djpf.boot.config="${DIR}/boot_cmd.properties" -Dorg.apache.commons.logging.Log=org.apache.commons.logging.impl.SimpleLog -Dorg.apache.commons.logging.simplelog.log.org.java.plugin=fatal $DOCK -jar "${DIR}/lib/jpf-boot.jar" "$@"

real	20m3.023s
user	20m1.567s
sys	0m1.008s
==> This was a timeout
499. 2014-12-16 20:05:37: s20_t1.4_a0.7_099.gff
500. 2014-12-16 20:06:26: s20_t1.4_a0.7_100.gff
501. 2014-12-16 20:06:46: s20_t1.4_a0.8_001.gff
502. 2014-12-16 20:07:23: s20_t1.4_a0.8_002.gff
503. 2014-12-16 20:12:01: s20_t1.4_a0.8_003.gff
504. 2014-12-16 20:12:07: s20_t1.4_a0.8_004.gff
505. 2014-12-16 20:13:39: s20_t1.4_a0.8_005.gff
506. 2014-12-16 20:13:40: s20_t1.4_a0.8_006.gff
507. 2014-12-16 20:13:43: s20_t1.4_a0.8_007.gff
508. 2014-12-16 20:13:47: s20_t1.4_a0.8_008.gff
509. 2014-12-16 20:14:27: s20_t1.4_a0.8_009.gff
510. 2014-12-16 20:14:34: s20_t1.4_a0.8_010.gff
511. 2014-12-16 20:14:38: s20_t1.4_a0.8_011.gff
512. 2014-12-16 20:14:42: s20_t1.4_a0.8_012.gff
513. 2014-12-16 20:14:48: s20_t1.4_a0.8_013.gff
514. 2014-12-16 20:14:51: s20_t1.4_a0.8_014.gff
515. 2014-12-16 20:15:09: s20_t1.4_a0.8_015.gff
516. 2014-12-16 20:15:13: s20_t1.4_a0.8_016.gff
517. 2014-12-16 20:15:55: s20_t1.4_a0.8_017.gff
518. 2014-12-16 20:16:40: s20_t1.4_a0.8_018.gff
519. 2014-12-16 20:16:46: s20_t1.4_a0.8_019.gff
520. 2014-12-16 20:18:28: s20_t1.4_a0.8_020.gff
/scratch/local/181597.1.mpi.q/GOAL/gc: line 24: 22427 CPU time limit exceeded (core dumped) java ${JVMARGS} -Djava.awt.headless=true -DapplicationRoot="${DIR}" -Dorg.java.plugin.boot.pluginsRepositories="${DIR}/plugins" -Djpf.boot.config="${DIR}/boot_cmd.properties" -Dorg.apache.commons.logging.Log=org.apache.commons.logging.impl.SimpleLog -Dorg.apache.commons.logging.simplelog.log.org.java.plugin=fatal $DOCK -jar "${DIR}/lib/jpf-boot.jar" "$@"

real	20m4.039s
user	20m1.480s
sys	0m1.179s
==> This was a timeout
521. 2014-12-16 20:38:32: s20_t1.4_a0.8_021.gff
522. 2014-12-16 20:38:35: s20_t1.4_a0.8_022.gff
/scratch/local/181597.1.mpi.q/GOAL/gc: line 24:  6314 CPU time limit exceeded (core dumped) java ${JVMARGS} -Djava.awt.headless=true -DapplicationRoot="${DIR}" -Dorg.java.plugin.boot.pluginsRepositories="${DIR}/plugins" -Djpf.boot.config="${DIR}/boot_cmd.properties" -Dorg.apache.commons.logging.Log=org.apache.commons.logging.impl.SimpleLog -Dorg.apache.commons.logging.simplelog.log.org.java.plugin=fatal $DOCK -jar "${DIR}/lib/jpf-boot.jar" "$@"

real	20m2.829s
user	20m1.833s
sys	0m1.193s
==> This was a timeout
523. 2014-12-16 20:58:38: s20_t1.4_a0.8_023.gff
524. 2014-12-16 20:59:41: s20_t1.4_a0.8_024.gff
525. 2014-12-16 20:59:55: s20_t1.4_a0.8_025.gff
526. 2014-12-16 20:59:58: s20_t1.4_a0.8_026.gff
/scratch/local/181597.1.mpi.q/GOAL/gc: line 24: 24793 CPU time limit exceeded (core dumped) java ${JVMARGS} -Djava.awt.headless=true -DapplicationRoot="${DIR}" -Dorg.java.plugin.boot.pluginsRepositories="${DIR}/plugins" -Djpf.boot.config="${DIR}/boot_cmd.properties" -Dorg.apache.commons.logging.Log=org.apache.commons.logging.impl.SimpleLog -Dorg.apache.commons.logging.simplelog.log.org.java.plugin=fatal $DOCK -jar "${DIR}/lib/jpf-boot.jar" "$@"

real	20m0.843s
user	20m1.501s
sys	0m1.068s
==> This was a timeout
527. 2014-12-16 21:19:59: s20_t1.4_a0.8_027.gff
528. 2014-12-16 21:26:28: s20_t1.4_a0.8_028.gff
529. 2014-12-16 21:28:06: s20_t1.4_a0.8_029.gff
/scratch/local/181597.1.mpi.q/GOAL/gc: line 24: 16313 CPU time limit exceeded (core dumped) java ${JVMARGS} -Djava.awt.headless=true -DapplicationRoot="${DIR}" -Dorg.java.plugin.boot.pluginsRepositories="${DIR}/plugins" -Djpf.boot.config="${DIR}/boot_cmd.properties" -Dorg.apache.commons.logging.Log=org.apache.commons.logging.impl.SimpleLog -Dorg.apache.commons.logging.simplelog.log.org.java.plugin=fatal $DOCK -jar "${DIR}/lib/jpf-boot.jar" "$@"

real	20m2.648s
user	20m1.664s
sys	0m1.040s
==> This was a timeout
530. 2014-12-16 21:48:08: s20_t1.4_a0.8_030.gff
531. 2014-12-16 21:48:21: s20_t1.4_a0.8_031.gff
532. 2014-12-16 21:49:00: s20_t1.4_a0.8_032.gff
/scratch/local/181597.1.mpi.q/GOAL/gc: line 24:  1216 CPU time limit exceeded (core dumped) java ${JVMARGS} -Djava.awt.headless=true -DapplicationRoot="${DIR}" -Dorg.java.plugin.boot.pluginsRepositories="${DIR}/plugins" -Djpf.boot.config="${DIR}/boot_cmd.properties" -Dorg.apache.commons.logging.Log=org.apache.commons.logging.impl.SimpleLog -Dorg.apache.commons.logging.simplelog.log.org.java.plugin=fatal $DOCK -jar "${DIR}/lib/jpf-boot.jar" "$@"

real	20m3.113s
user	20m1.523s
sys	0m1.094s
==> This was a timeout
533. 2014-12-16 22:09:03: s20_t1.4_a0.8_033.gff
534. 2014-12-16 22:09:25: s20_t1.4_a0.8_034.gff
535. 2014-12-16 22:09:43: s20_t1.4_a0.8_035.gff
/scratch/local/181597.1.mpi.q/GOAL/gc: line 24: 18535 CPU time limit exceeded (core dumped) java ${JVMARGS} -Djava.awt.headless=true -DapplicationRoot="${DIR}" -Dorg.java.plugin.boot.pluginsRepositories="${DIR}/plugins" -Djpf.boot.config="${DIR}/boot_cmd.properties" -Dorg.apache.commons.logging.Log=org.apache.commons.logging.impl.SimpleLog -Dorg.apache.commons.logging.simplelog.log.org.java.plugin=fatal $DOCK -jar "${DIR}/lib/jpf-boot.jar" "$@"

real	20m9.362s
user	20m1.654s
sys	0m1.046s
==> This was a timeout
536. 2014-12-16 22:29:52: s20_t1.4_a0.8_036.gff
/scratch/local/181597.1.mpi.q/GOAL/gc: line 24:  2177 CPU time limit exceeded (core dumped) java ${JVMARGS} -Djava.awt.headless=true -DapplicationRoot="${DIR}" -Dorg.java.plugin.boot.pluginsRepositories="${DIR}/plugins" -Djpf.boot.config="${DIR}/boot_cmd.properties" -Dorg.apache.commons.logging.Log=org.apache.commons.logging.impl.SimpleLog -Dorg.apache.commons.logging.simplelog.log.org.java.plugin=fatal $DOCK -jar "${DIR}/lib/jpf-boot.jar" "$@"

real	20m1.980s
user	20m1.521s
sys	0m1.140s
==> This was a timeout
537. 2014-12-16 22:49:54: s20_t1.4_a0.8_037.gff
/scratch/local/181597.1.mpi.q/GOAL/gc: line 24: 18873 CPU time limit exceeded (core dumped) java ${JVMARGS} -Djava.awt.headless=true -DapplicationRoot="${DIR}" -Dorg.java.plugin.boot.pluginsRepositories="${DIR}/plugins" -Djpf.boot.config="${DIR}/boot_cmd.properties" -Dorg.apache.commons.logging.Log=org.apache.commons.logging.impl.SimpleLog -Dorg.apache.commons.logging.simplelog.log.org.java.plugin=fatal $DOCK -jar "${DIR}/lib/jpf-boot.jar" "$@"

real	20m3.162s
user	20m1.510s
sys	0m1.091s
==> This was a timeout
538. 2014-12-16 23:09:57: s20_t1.4_a0.8_038.gff
539. 2014-12-16 23:10:19: s20_t1.4_a0.8_039.gff
540. 2014-12-16 23:11:24: s20_t1.4_a0.8_040.gff
541. 2014-12-16 23:12:17: s20_t1.4_a0.8_041.gff
542. 2014-12-16 23:15:16: s20_t1.4_a0.8_042.gff
543. 2014-12-16 23:15:50: s20_t1.4_a0.8_043.gff
544. 2014-12-16 23:15:53: s20_t1.4_a0.8_044.gff
545. 2014-12-16 23:16:48: s20_t1.4_a0.8_045.gff
546. 2014-12-16 23:34:27: s20_t1.4_a0.8_046.gff
547. 2014-12-16 23:34:39: s20_t1.4_a0.8_047.gff
548. 2014-12-16 23:35:39: s20_t1.4_a0.8_048.gff
549. 2014-12-16 23:35:57: s20_t1.4_a0.8_049.gff
550. 2014-12-16 23:36:02: s20_t1.4_a0.8_050.gff
/scratch/local/181597.1.mpi.q/GOAL/gc: line 24: 25048 CPU time limit exceeded (core dumped) java ${JVMARGS} -Djava.awt.headless=true -DapplicationRoot="${DIR}" -Dorg.java.plugin.boot.pluginsRepositories="${DIR}/plugins" -Djpf.boot.config="${DIR}/boot_cmd.properties" -Dorg.apache.commons.logging.Log=org.apache.commons.logging.impl.SimpleLog -Dorg.apache.commons.logging.simplelog.log.org.java.plugin=fatal $DOCK -jar "${DIR}/lib/jpf-boot.jar" "$@"

real	20m2.610s
user	20m1.598s
sys	0m1.066s
==> This was a timeout
551. 2014-12-16 23:56:04: s20_t1.4_a0.8_051.gff
552. 2014-12-16 23:56:26: s20_t1.4_a0.8_052.gff
553. 2014-12-16 23:56:29: s20_t1.4_a0.8_053.gff
554. 2014-12-17 00:03:03: s20_t1.4_a0.8_054.gff
555. 2014-12-17 00:03:25: s20_t1.4_a0.8_055.gff
556. 2014-12-17 00:03:34: s20_t1.4_a0.8_056.gff
557. 2014-12-17 00:03:54: s20_t1.4_a0.8_057.gff
558. 2014-12-17 00:04:00: s20_t1.4_a0.8_058.gff
559. 2014-12-17 00:04:19: s20_t1.4_a0.8_059.gff
560. 2014-12-17 00:04:21: s20_t1.4_a0.8_060.gff
561. 2014-12-17 00:04:25: s20_t1.4_a0.8_061.gff
562. 2014-12-17 00:04:54: s20_t1.4_a0.8_062.gff
563. 2014-12-17 00:04:56: s20_t1.4_a0.8_063.gff
564. 2014-12-17 00:05:00: s20_t1.4_a0.8_064.gff
565. 2014-12-17 00:14:50: s20_t1.4_a0.8_065.gff
/scratch/local/181597.1.mpi.q/GOAL/gc: line 24: 26813 CPU time limit exceeded (core dumped) java ${JVMARGS} -Djava.awt.headless=true -DapplicationRoot="${DIR}" -Dorg.java.plugin.boot.pluginsRepositories="${DIR}/plugins" -Djpf.boot.config="${DIR}/boot_cmd.properties" -Dorg.apache.commons.logging.Log=org.apache.commons.logging.impl.SimpleLog -Dorg.apache.commons.logging.simplelog.log.org.java.plugin=fatal $DOCK -jar "${DIR}/lib/jpf-boot.jar" "$@"

real	20m3.769s
user	20m1.543s
sys	0m1.067s
==> This was a timeout
566. 2014-12-17 00:34:54: s20_t1.4_a0.8_066.gff
567. 2014-12-17 00:35:33: s20_t1.4_a0.8_067.gff
568. 2014-12-17 00:41:49: s20_t1.4_a0.8_068.gff
569. 2014-12-17 00:41:57: s20_t1.4_a0.8_069.gff
570. 2014-12-17 00:42:40: s20_t1.4_a0.8_070.gff
571. 2014-12-17 00:43:27: s20_t1.4_a0.8_071.gff
572. 2014-12-17 00:44:02: s20_t1.4_a0.8_072.gff
573. 2014-12-17 00:44:29: s20_t1.4_a0.8_073.gff
574. 2014-12-17 00:44:34: s20_t1.4_a0.8_074.gff
/scratch/local/181597.1.mpi.q/GOAL/gc: line 24: 19759 CPU time limit exceeded (core dumped) java ${JVMARGS} -Djava.awt.headless=true -DapplicationRoot="${DIR}" -Dorg.java.plugin.boot.pluginsRepositories="${DIR}/plugins" -Djpf.boot.config="${DIR}/boot_cmd.properties" -Dorg.apache.commons.logging.Log=org.apache.commons.logging.impl.SimpleLog -Dorg.apache.commons.logging.simplelog.log.org.java.plugin=fatal $DOCK -jar "${DIR}/lib/jpf-boot.jar" "$@"

real	20m1.978s
user	20m1.567s
sys	0m1.019s
==> This was a timeout
575. 2014-12-17 01:04:36: s20_t1.4_a0.8_075.gff
576. 2014-12-17 01:04:40: s20_t1.4_a0.8_076.gff
577. 2014-12-17 01:04:42: s20_t1.4_a0.8_077.gff
578. 2014-12-17 01:04:48: s20_t1.4_a0.8_078.gff
579. 2014-12-17 01:04:55: s20_t1.4_a0.8_079.gff
580. 2014-12-17 01:05:06: s20_t1.4_a0.8_080.gff
581. 2014-12-17 01:05:24: s20_t1.4_a0.8_081.gff
582. 2014-12-17 01:05:27: s20_t1.4_a0.8_082.gff
583. 2014-12-17 01:06:07: s20_t1.4_a0.8_083.gff
584. 2014-12-17 01:06:20: s20_t1.4_a0.8_084.gff
585. 2014-12-17 01:06:44: s20_t1.4_a0.8_085.gff
586. 2014-12-17 01:07:18: s20_t1.4_a0.8_086.gff
/scratch/local/181597.1.mpi.q/GOAL/gc: line 24:  8452 CPU time limit exceeded (core dumped) java ${JVMARGS} -Djava.awt.headless=true -DapplicationRoot="${DIR}" -Dorg.java.plugin.boot.pluginsRepositories="${DIR}/plugins" -Djpf.boot.config="${DIR}/boot_cmd.properties" -Dorg.apache.commons.logging.Log=org.apache.commons.logging.impl.SimpleLog -Dorg.apache.commons.logging.simplelog.log.org.java.plugin=fatal $DOCK -jar "${DIR}/lib/jpf-boot.jar" "$@"

real	20m2.109s
user	20m1.439s
sys	0m1.125s
==> This was a timeout
587. 2014-12-17 01:27:20: s20_t1.4_a0.8_087.gff
588. 2014-12-17 01:31:52: s20_t1.4_a0.8_088.gff
589. 2014-12-17 01:31:54: s20_t1.4_a0.8_089.gff
590. 2014-12-17 01:31:57: s20_t1.4_a0.8_090.gff
591. 2014-12-17 01:32:09: s20_t1.4_a0.8_091.gff
592. 2014-12-17 01:32:17: s20_t1.4_a0.8_092.gff
593. 2014-12-17 01:34:49: s20_t1.4_a0.8_093.gff
594. 2014-12-17 01:34:56: s20_t1.4_a0.8_094.gff
/scratch/local/181597.1.mpi.q/GOAL/gc: line 24: 30991 CPU time limit exceeded (core dumped) java ${JVMARGS} -Djava.awt.headless=true -DapplicationRoot="${DIR}" -Dorg.java.plugin.boot.pluginsRepositories="${DIR}/plugins" -Djpf.boot.config="${DIR}/boot_cmd.properties" -Dorg.apache.commons.logging.Log=org.apache.commons.logging.impl.SimpleLog -Dorg.apache.commons.logging.simplelog.log.org.java.plugin=fatal $DOCK -jar "${DIR}/lib/jpf-boot.jar" "$@"

real	20m3.021s
user	20m1.534s
sys	0m1.150s
==> This was a timeout
595. 2014-12-17 01:54:59: s20_t1.4_a0.8_095.gff
596. 2014-12-17 01:55:03: s20_t1.4_a0.8_096.gff
597. 2014-12-17 01:55:06: s20_t1.4_a0.8_097.gff
598. 2014-12-17 01:55:32: s20_t1.4_a0.8_098.gff
599. 2014-12-17 01:55:37: s20_t1.4_a0.8_099.gff
600. 2014-12-17 01:57:00: s20_t1.4_a0.8_100.gff
601. 2014-12-17 01:57:07: s20_t1.4_a0.9_001.gff
602. 2014-12-17 01:57:11: s20_t1.4_a0.9_002.gff
603. 2014-12-17 01:58:18: s20_t1.4_a0.9_003.gff
604. 2014-12-17 01:58:24: s20_t1.4_a0.9_004.gff
605. 2014-12-17 01:58:41: s20_t1.4_a0.9_005.gff
606. 2014-12-17 01:58:44: s20_t1.4_a0.9_006.gff
607. 2014-12-17 01:58:46: s20_t1.4_a0.9_007.gff
608. 2014-12-17 01:58:50: s20_t1.4_a0.9_008.gff
609. 2014-12-17 01:58:54: s20_t1.4_a0.9_009.gff
610. 2014-12-17 01:59:05: s20_t1.4_a0.9_010.gff
611. 2014-12-17 01:59:34: s20_t1.4_a0.9_011.gff
/scratch/local/181597.1.mpi.q/GOAL/gc: line 24: 22145 CPU time limit exceeded (core dumped) java ${JVMARGS} -Djava.awt.headless=true -DapplicationRoot="${DIR}" -Dorg.java.plugin.boot.pluginsRepositories="${DIR}/plugins" -Djpf.boot.config="${DIR}/boot_cmd.properties" -Dorg.apache.commons.logging.Log=org.apache.commons.logging.impl.SimpleLog -Dorg.apache.commons.logging.simplelog.log.org.java.plugin=fatal $DOCK -jar "${DIR}/lib/jpf-boot.jar" "$@"

real	20m3.439s
user	20m1.526s
sys	0m1.044s
==> This was a timeout
612. 2014-12-17 02:19:38: s20_t1.4_a0.9_012.gff
613. 2014-12-17 02:22:37: s20_t1.4_a0.9_013.gff
614. 2014-12-17 02:23:10: s20_t1.4_a0.9_014.gff
615. 2014-12-17 02:23:26: s20_t1.4_a0.9_015.gff
616. 2014-12-17 02:23:37: s20_t1.4_a0.9_016.gff
617. 2014-12-17 02:24:11: s20_t1.4_a0.9_017.gff
618. 2014-12-17 02:24:18: s20_t1.4_a0.9_018.gff
619. 2014-12-17 02:24:26: s20_t1.4_a0.9_019.gff
620. 2014-12-17 02:24:29: s20_t1.4_a0.9_020.gff
/scratch/local/181597.1.mpi.q/GOAL/gc: line 24: 10488 CPU time limit exceeded (core dumped) java ${JVMARGS} -Djava.awt.headless=true -DapplicationRoot="${DIR}" -Dorg.java.plugin.boot.pluginsRepositories="${DIR}/plugins" -Djpf.boot.config="${DIR}/boot_cmd.properties" -Dorg.apache.commons.logging.Log=org.apache.commons.logging.impl.SimpleLog -Dorg.apache.commons.logging.simplelog.log.org.java.plugin=fatal $DOCK -jar "${DIR}/lib/jpf-boot.jar" "$@"

real	20m4.771s
user	20m1.538s
sys	0m1.021s
==> This was a timeout
621. 2014-12-17 02:44:33: s20_t1.4_a0.9_021.gff
/scratch/local/181597.1.mpi.q/GOAL/gc: line 24: 27997 CPU time limit exceeded (core dumped) java ${JVMARGS} -Djava.awt.headless=true -DapplicationRoot="${DIR}" -Dorg.java.plugin.boot.pluginsRepositories="${DIR}/plugins" -Djpf.boot.config="${DIR}/boot_cmd.properties" -Dorg.apache.commons.logging.Log=org.apache.commons.logging.impl.SimpleLog -Dorg.apache.commons.logging.simplelog.log.org.java.plugin=fatal $DOCK -jar "${DIR}/lib/jpf-boot.jar" "$@"

real	20m2.293s
user	20m1.591s
sys	0m1.020s
==> This was a timeout
622. 2014-12-17 03:04:36: s20_t1.4_a0.9_022.gff
623. 2014-12-17 03:04:38: s20_t1.4_a0.9_023.gff
624. 2014-12-17 03:05:03: s20_t1.4_a0.9_024.gff
625. 2014-12-17 03:05:15: s20_t1.4_a0.9_025.gff
626. 2014-12-17 03:07:39: s20_t1.4_a0.9_026.gff
627. 2014-12-17 03:07:51: s20_t1.4_a0.9_027.gff
628. 2014-12-17 03:07:53: s20_t1.4_a0.9_028.gff
629. 2014-12-17 03:07:58: s20_t1.4_a0.9_029.gff
630. 2014-12-17 03:08:19: s20_t1.4_a0.9_030.gff
631. 2014-12-17 03:08:25: s20_t1.4_a0.9_031.gff
632. 2014-12-17 03:08:37: s20_t1.4_a0.9_032.gff
633. 2014-12-17 03:08:39: s20_t1.4_a0.9_033.gff
634. 2014-12-17 03:08:42: s20_t1.4_a0.9_034.gff
635. 2014-12-17 03:09:26: s20_t1.4_a0.9_035.gff
636. 2014-12-17 03:09:48: s20_t1.4_a0.9_036.gff
637. 2014-12-17 03:09:52: s20_t1.4_a0.9_037.gff
638. 2014-12-17 03:09:54: s20_t1.4_a0.9_038.gff
639. 2014-12-17 03:14:02: s20_t1.4_a0.9_039.gff
640. 2014-12-17 03:14:15: s20_t1.4_a0.9_040.gff
641. 2014-12-17 03:14:35: s20_t1.4_a0.9_041.gff
/scratch/local/181597.1.mpi.q/GOAL/gc: line 24: 24235 CPU time limit exceeded (core dumped) java ${JVMARGS} -Djava.awt.headless=true -DapplicationRoot="${DIR}" -Dorg.java.plugin.boot.pluginsRepositories="${DIR}/plugins" -Djpf.boot.config="${DIR}/boot_cmd.properties" -Dorg.apache.commons.logging.Log=org.apache.commons.logging.impl.SimpleLog -Dorg.apache.commons.logging.simplelog.log.org.java.plugin=fatal $DOCK -jar "${DIR}/lib/jpf-boot.jar" "$@"

real	20m2.806s
user	20m1.532s
sys	0m1.036s
==> This was a timeout
642. 2014-12-17 03:34:38: s20_t1.4_a0.9_042.gff
643. 2014-12-17 03:34:44: s20_t1.4_a0.9_043.gff
/scratch/local/181597.1.mpi.q/GOAL/gc: line 24: 13168 CPU time limit exceeded (core dumped) java ${JVMARGS} -Djava.awt.headless=true -DapplicationRoot="${DIR}" -Dorg.java.plugin.boot.pluginsRepositories="${DIR}/plugins" -Djpf.boot.config="${DIR}/boot_cmd.properties" -Dorg.apache.commons.logging.Log=org.apache.commons.logging.impl.SimpleLog -Dorg.apache.commons.logging.simplelog.log.org.java.plugin=fatal $DOCK -jar "${DIR}/lib/jpf-boot.jar" "$@"

real	20m3.544s
user	20m1.581s
sys	0m1.031s
==> This was a timeout
644. 2014-12-17 03:54:47: s20_t1.4_a0.9_044.gff
645. 2014-12-17 03:54:50: s20_t1.4_a0.9_045.gff
646. 2014-12-17 03:54:59: s20_t1.4_a0.9_046.gff
647. 2014-12-17 03:55:04: s20_t1.4_a0.9_047.gff
648. 2014-12-17 03:55:07: s20_t1.4_a0.9_048.gff
649. 2014-12-17 03:55:09: s20_t1.4_a0.9_049.gff
650. 2014-12-17 03:55:14: s20_t1.4_a0.9_050.gff
651. 2014-12-17 03:55:21: s20_t1.4_a0.9_051.gff
652. 2014-12-17 03:55:26: s20_t1.4_a0.9_052.gff
653. 2014-12-17 03:55:31: s20_t1.4_a0.9_053.gff
654. 2014-12-17 04:00:00: s20_t1.4_a0.9_054.gff
655. 2014-12-17 04:04:27: s20_t1.4_a0.9_055.gff
/scratch/local/181597.1.mpi.q/GOAL/gc: line 24:  5539 CPU time limit exceeded (core dumped) java ${JVMARGS} -Djava.awt.headless=true -DapplicationRoot="${DIR}" -Dorg.java.plugin.boot.pluginsRepositories="${DIR}/plugins" -Djpf.boot.config="${DIR}/boot_cmd.properties" -Dorg.apache.commons.logging.Log=org.apache.commons.logging.impl.SimpleLog -Dorg.apache.commons.logging.simplelog.log.org.java.plugin=fatal $DOCK -jar "${DIR}/lib/jpf-boot.jar" "$@"

real	20m2.781s
user	20m1.633s
sys	0m1.029s
==> This was a timeout
656. 2014-12-17 04:24:30: s20_t1.4_a0.9_056.gff
657. 2014-12-17 04:24:32: s20_t1.4_a0.9_057.gff
658. 2014-12-17 04:24:34: s20_t1.4_a0.9_058.gff
659. 2014-12-17 04:25:04: s20_t1.4_a0.9_059.gff
660. 2014-12-17 04:25:08: s20_t1.4_a0.9_060.gff
661. 2014-12-17 04:25:18: s20_t1.4_a0.9_061.gff
662. 2014-12-17 04:25:28: s20_t1.4_a0.9_062.gff
663. 2014-12-17 04:32:10: s20_t1.4_a0.9_063.gff
664. 2014-12-17 04:32:25: s20_t1.4_a0.9_064.gff
665. 2014-12-17 04:32:41: s20_t1.4_a0.9_065.gff
666. 2014-12-17 04:32:45: s20_t1.4_a0.9_066.gff
667. 2014-12-17 04:32:49: s20_t1.4_a0.9_067.gff
668. 2014-12-17 04:33:01: s20_t1.4_a0.9_068.gff
669. 2014-12-17 04:33:16: s20_t1.4_a0.9_069.gff
670. 2014-12-17 04:33:19: s20_t1.4_a0.9_070.gff
671. 2014-12-17 04:33:21: s20_t1.4_a0.9_071.gff
672. 2014-12-17 04:33:26: s20_t1.4_a0.9_072.gff
673. 2014-12-17 04:33:49: s20_t1.4_a0.9_073.gff
674. 2014-12-17 04:33:58: s20_t1.4_a0.9_074.gff
675. 2014-12-17 04:34:04: s20_t1.4_a0.9_075.gff
676. 2014-12-17 04:34:11: s20_t1.4_a0.9_076.gff
677. 2014-12-17 04:34:39: s20_t1.4_a0.9_077.gff
678. 2014-12-17 04:37:14: s20_t1.4_a0.9_078.gff
679. 2014-12-17 04:37:17: s20_t1.4_a0.9_079.gff
680. 2014-12-17 04:37:20: s20_t1.4_a0.9_080.gff
681. 2014-12-17 04:37:23: s20_t1.4_a0.9_081.gff
/scratch/local/181597.1.mpi.q/GOAL/gc: line 24: 20231 CPU time limit exceeded (core dumped) java ${JVMARGS} -Djava.awt.headless=true -DapplicationRoot="${DIR}" -Dorg.java.plugin.boot.pluginsRepositories="${DIR}/plugins" -Djpf.boot.config="${DIR}/boot_cmd.properties" -Dorg.apache.commons.logging.Log=org.apache.commons.logging.impl.SimpleLog -Dorg.apache.commons.logging.simplelog.log.org.java.plugin=fatal $DOCK -jar "${DIR}/lib/jpf-boot.jar" "$@"

real	20m4.086s
user	20m1.061s
sys	0m1.455s
==> This was a timeout
682. 2014-12-17 04:57:27: s20_t1.4_a0.9_082.gff
683. 2014-12-17 04:57:33: s20_t1.4_a0.9_083.gff
684. 2014-12-17 04:57:36: s20_t1.4_a0.9_084.gff
685. 2014-12-17 04:58:23: s20_t1.4_a0.9_085.gff
686. 2014-12-17 04:58:33: s20_t1.4_a0.9_086.gff
687. 2014-12-17 04:58:36: s20_t1.4_a0.9_087.gff
688. 2014-12-17 05:00:24: s20_t1.4_a0.9_088.gff
689. 2014-12-17 05:00:27: s20_t1.4_a0.9_089.gff
690. 2014-12-17 05:00:33: s20_t1.4_a0.9_090.gff
691. 2014-12-17 05:15:17: s20_t1.4_a0.9_091.gff
692. 2014-12-17 05:15:21: s20_t1.4_a0.9_092.gff
693. 2014-12-17 05:15:34: s20_t1.4_a0.9_093.gff
694. 2014-12-17 05:17:48: s20_t1.4_a0.9_094.gff
/scratch/local/181597.1.mpi.q/GOAL/gc: line 24: 28718 CPU time limit exceeded (core dumped) java ${JVMARGS} -Djava.awt.headless=true -DapplicationRoot="${DIR}" -Dorg.java.plugin.boot.pluginsRepositories="${DIR}/plugins" -Djpf.boot.config="${DIR}/boot_cmd.properties" -Dorg.apache.commons.logging.Log=org.apache.commons.logging.impl.SimpleLog -Dorg.apache.commons.logging.simplelog.log.org.java.plugin=fatal $DOCK -jar "${DIR}/lib/jpf-boot.jar" "$@"

real	20m4.304s
user	20m1.612s
sys	0m1.023s
==> This was a timeout
695. 2014-12-17 05:37:52: s20_t1.4_a0.9_095.gff
696. 2014-12-17 05:37:55: s20_t1.4_a0.9_096.gff
697. 2014-12-17 05:38:03: s20_t1.4_a0.9_097.gff
698. 2014-12-17 05:38:29: s20_t1.4_a0.9_098.gff
699. 2014-12-17 05:39:04: s20_t1.4_a0.9_099.gff
700. 2014-12-17 05:39:28: s20_t1.4_a0.9_100.gff
701. 2014-12-17 05:39:49: s20_t1.4_a1.0_001.gff
702. 2014-12-17 05:39:51: s20_t1.4_a1.0_002.gff
703. 2014-12-17 05:39:53: s20_t1.4_a1.0_003.gff
704. 2014-12-17 05:39:55: s20_t1.4_a1.0_004.gff
705. 2014-12-17 05:39:56: s20_t1.4_a1.0_005.gff
706. 2014-12-17 05:39:58: s20_t1.4_a1.0_006.gff
707. 2014-12-17 05:40:01: s20_t1.4_a1.0_007.gff
708. 2014-12-17 05:40:03: s20_t1.4_a1.0_008.gff
709. 2014-12-17 05:40:05: s20_t1.4_a1.0_009.gff
710. 2014-12-17 05:40:07: s20_t1.4_a1.0_010.gff
711. 2014-12-17 05:40:09: s20_t1.4_a1.0_011.gff
712. 2014-12-17 05:40:11: s20_t1.4_a1.0_012.gff
713. 2014-12-17 05:40:13: s20_t1.4_a1.0_013.gff
714. 2014-12-17 05:40:15: s20_t1.4_a1.0_014.gff
715. 2014-12-17 05:40:16: s20_t1.4_a1.0_015.gff
716. 2014-12-17 05:40:18: s20_t1.4_a1.0_016.gff
717. 2014-12-17 05:40:20: s20_t1.4_a1.0_017.gff
718. 2014-12-17 05:40:23: s20_t1.4_a1.0_018.gff
719. 2014-12-17 05:40:24: s20_t1.4_a1.0_019.gff
720. 2014-12-17 05:40:26: s20_t1.4_a1.0_020.gff
721. 2014-12-17 05:40:28: s20_t1.4_a1.0_021.gff
722. 2014-12-17 05:40:30: s20_t1.4_a1.0_022.gff
723. 2014-12-17 05:40:31: s20_t1.4_a1.0_023.gff
724. 2014-12-17 05:40:33: s20_t1.4_a1.0_024.gff
725. 2014-12-17 05:40:35: s20_t1.4_a1.0_025.gff
726. 2014-12-17 05:40:37: s20_t1.4_a1.0_026.gff
727. 2014-12-17 05:40:38: s20_t1.4_a1.0_027.gff
728. 2014-12-17 05:40:40: s20_t1.4_a1.0_028.gff
729. 2014-12-17 05:40:42: s20_t1.4_a1.0_029.gff
730. 2014-12-17 05:40:44: s20_t1.4_a1.0_030.gff
731. 2014-12-17 05:40:45: s20_t1.4_a1.0_031.gff
732. 2014-12-17 05:40:47: s20_t1.4_a1.0_032.gff
733. 2014-12-17 05:40:49: s20_t1.4_a1.0_033.gff
734. 2014-12-17 05:40:51: s20_t1.4_a1.0_034.gff
735. 2014-12-17 05:40:52: s20_t1.4_a1.0_035.gff
736. 2014-12-17 05:40:54: s20_t1.4_a1.0_036.gff
737. 2014-12-17 05:40:56: s20_t1.4_a1.0_037.gff
738. 2014-12-17 05:40:58: s20_t1.4_a1.0_038.gff
739. 2014-12-17 05:41:00: s20_t1.4_a1.0_039.gff
740. 2014-12-17 05:41:02: s20_t1.4_a1.0_040.gff
741. 2014-12-17 05:41:03: s20_t1.4_a1.0_041.gff
742. 2014-12-17 05:41:05: s20_t1.4_a1.0_042.gff
743. 2014-12-17 05:41:07: s20_t1.4_a1.0_043.gff
744. 2014-12-17 05:41:09: s20_t1.4_a1.0_044.gff
745. 2014-12-17 05:41:11: s20_t1.4_a1.0_045.gff
746. 2014-12-17 05:41:13: s20_t1.4_a1.0_046.gff
747. 2014-12-17 05:41:15: s20_t1.4_a1.0_047.gff
748. 2014-12-17 05:41:17: s20_t1.4_a1.0_048.gff
749. 2014-12-17 05:41:19: s20_t1.4_a1.0_049.gff
750. 2014-12-17 05:41:21: s20_t1.4_a1.0_050.gff
751. 2014-12-17 05:41:23: s20_t1.4_a1.0_051.gff
752. 2014-12-17 05:41:25: s20_t1.4_a1.0_052.gff
753. 2014-12-17 05:41:26: s20_t1.4_a1.0_053.gff
754. 2014-12-17 05:41:28: s20_t1.4_a1.0_054.gff
755. 2014-12-17 05:41:30: s20_t1.4_a1.0_055.gff
756. 2014-12-17 05:41:32: s20_t1.4_a1.0_056.gff
757. 2014-12-17 05:41:34: s20_t1.4_a1.0_057.gff
758. 2014-12-17 05:41:35: s20_t1.4_a1.0_058.gff
759. 2014-12-17 05:41:37: s20_t1.4_a1.0_059.gff
760. 2014-12-17 05:41:39: s20_t1.4_a1.0_060.gff
761. 2014-12-17 05:41:40: s20_t1.4_a1.0_061.gff
762. 2014-12-17 05:41:42: s20_t1.4_a1.0_062.gff
763. 2014-12-17 05:41:44: s20_t1.4_a1.0_063.gff
764. 2014-12-17 05:41:46: s20_t1.4_a1.0_064.gff
765. 2014-12-17 05:41:48: s20_t1.4_a1.0_065.gff
766. 2014-12-17 05:41:49: s20_t1.4_a1.0_066.gff
767. 2014-12-17 05:41:51: s20_t1.4_a1.0_067.gff
768. 2014-12-17 05:41:53: s20_t1.4_a1.0_068.gff
769. 2014-12-17 05:41:54: s20_t1.4_a1.0_069.gff
770. 2014-12-17 05:41:56: s20_t1.4_a1.0_070.gff
771. 2014-12-17 05:41:58: s20_t1.4_a1.0_071.gff
772. 2014-12-17 05:42:00: s20_t1.4_a1.0_072.gff
773. 2014-12-17 05:42:01: s20_t1.4_a1.0_073.gff
774. 2014-12-17 05:42:03: s20_t1.4_a1.0_074.gff
775. 2014-12-17 05:42:05: s20_t1.4_a1.0_075.gff
776. 2014-12-17 05:42:07: s20_t1.4_a1.0_076.gff
777. 2014-12-17 05:42:09: s20_t1.4_a1.0_077.gff
778. 2014-12-17 05:42:13: s20_t1.4_a1.0_078.gff
779. 2014-12-17 05:42:15: s20_t1.4_a1.0_079.gff
780. 2014-12-17 05:42:16: s20_t1.4_a1.0_080.gff
781. 2014-12-17 05:42:18: s20_t1.4_a1.0_081.gff
782. 2014-12-17 05:42:20: s20_t1.4_a1.0_082.gff
783. 2014-12-17 05:42:22: s20_t1.4_a1.0_083.gff
784. 2014-12-17 05:42:24: s20_t1.4_a1.0_084.gff
785. 2014-12-17 05:42:26: s20_t1.4_a1.0_085.gff
786. 2014-12-17 05:42:27: s20_t1.4_a1.0_086.gff
787. 2014-12-17 05:42:29: s20_t1.4_a1.0_087.gff
788. 2014-12-17 05:42:30: s20_t1.4_a1.0_088.gff
789. 2014-12-17 05:42:32: s20_t1.4_a1.0_089.gff
790. 2014-12-17 05:42:34: s20_t1.4_a1.0_090.gff
791. 2014-12-17 05:42:35: s20_t1.4_a1.0_091.gff
792. 2014-12-17 05:42:37: s20_t1.4_a1.0_092.gff
793. 2014-12-17 05:42:39: s20_t1.4_a1.0_093.gff
794. 2014-12-17 05:42:41: s20_t1.4_a1.0_094.gff
795. 2014-12-17 05:42:43: s20_t1.4_a1.0_095.gff
796. 2014-12-17 05:42:45: s20_t1.4_a1.0_096.gff
797. 2014-12-17 05:42:47: s20_t1.4_a1.0_097.gff
798. 2014-12-17 05:42:49: s20_t1.4_a1.0_098.gff
799. 2014-12-17 05:42:51: s20_t1.4_a1.0_099.gff
800. 2014-12-17 05:42:52: s20_t1.4_a1.0_100.gff
801. 2014-12-17 05:42:54: s20_t1.6_a0.1_001.gff
802. 2014-12-17 05:43:18: s20_t1.6_a0.1_002.gff
803. 2014-12-17 05:43:25: s20_t1.6_a0.1_003.gff
804. 2014-12-17 05:45:41: s20_t1.6_a0.1_004.gff
805. 2014-12-17 05:46:29: s20_t1.6_a0.1_005.gff
806. 2014-12-17 05:50:07: s20_t1.6_a0.1_006.gff
807. 2014-12-17 05:51:18: s20_t1.6_a0.1_007.gff
808. 2014-12-17 06:02:10: s20_t1.6_a0.1_008.gff
/scratch/local/181597.1.mpi.q/GOAL/gc: line 24:  8794 CPU time limit exceeded (core dumped) java ${JVMARGS} -Djava.awt.headless=true -DapplicationRoot="${DIR}" -Dorg.java.plugin.boot.pluginsRepositories="${DIR}/plugins" -Djpf.boot.config="${DIR}/boot_cmd.properties" -Dorg.apache.commons.logging.Log=org.apache.commons.logging.impl.SimpleLog -Dorg.apache.commons.logging.simplelog.log.org.java.plugin=fatal $DOCK -jar "${DIR}/lib/jpf-boot.jar" "$@"

real	20m9.353s
user	20m1.630s
sys	0m1.060s
==> This was a timeout
809. 2014-12-17 06:22:19: s20_t1.6_a0.1_009.gff
810. 2014-12-17 06:23:39: s20_t1.6_a0.1_010.gff
811. 2014-12-17 06:23:54: s20_t1.6_a0.1_011.gff
812. 2014-12-17 06:23:56: s20_t1.6_a0.1_012.gff
813. 2014-12-17 06:28:50: s20_t1.6_a0.1_013.gff
814. 2014-12-17 06:28:58: s20_t1.6_a0.1_014.gff
815. 2014-12-17 06:30:44: s20_t1.6_a0.1_015.gff
816. 2014-12-17 06:31:14: s20_t1.6_a0.1_016.gff
817. 2014-12-17 06:37:07: s20_t1.6_a0.1_017.gff
818. 2014-12-17 06:37:10: s20_t1.6_a0.1_018.gff
819. 2014-12-17 06:39:53: s20_t1.6_a0.1_019.gff
820. 2014-12-17 06:39:58: s20_t1.6_a0.1_020.gff
821. 2014-12-17 06:40:35: s20_t1.6_a0.1_021.gff
/scratch/local/181597.1.mpi.q/GOAL/gc: line 24: 11699 CPU time limit exceeded (core dumped) java ${JVMARGS} -Djava.awt.headless=true -DapplicationRoot="${DIR}" -Dorg.java.plugin.boot.pluginsRepositories="${DIR}/plugins" -Djpf.boot.config="${DIR}/boot_cmd.properties" -Dorg.apache.commons.logging.Log=org.apache.commons.logging.impl.SimpleLog -Dorg.apache.commons.logging.simplelog.log.org.java.plugin=fatal $DOCK -jar "${DIR}/lib/jpf-boot.jar" "$@"

real	20m4.092s
user	20m1.042s
sys	0m1.381s
==> This was a timeout
822. 2014-12-17 07:00:39: s20_t1.6_a0.1_022.gff
823. 2014-12-17 07:00:56: s20_t1.6_a0.1_023.gff
824. 2014-12-17 07:01:02: s20_t1.6_a0.1_024.gff
825. 2014-12-17 07:10:36: s20_t1.6_a0.1_025.gff
826. 2014-12-17 07:10:42: s20_t1.6_a0.1_026.gff
827. 2014-12-17 07:10:55: s20_t1.6_a0.1_027.gff
828. 2014-12-17 07:23:24: s20_t1.6_a0.1_028.gff
829. 2014-12-17 07:23:40: s20_t1.6_a0.1_029.gff
830. 2014-12-17 07:23:46: s20_t1.6_a0.1_030.gff
831. 2014-12-17 07:24:01: s20_t1.6_a0.1_031.gff
832. 2014-12-17 07:24:22: s20_t1.6_a0.1_032.gff
833. 2014-12-17 07:24:26: s20_t1.6_a0.1_033.gff
834. 2014-12-17 07:25:30: s20_t1.6_a0.1_034.gff
835. 2014-12-17 07:25:54: s20_t1.6_a0.1_035.gff
836. 2014-12-17 07:26:05: s20_t1.6_a0.1_036.gff
837. 2014-12-17 07:27:32: s20_t1.6_a0.1_037.gff
838. 2014-12-17 07:28:33: s20_t1.6_a0.1_038.gff
/scratch/local/181597.1.mpi.q/GOAL/gc: line 24: 15250 CPU time limit exceeded (core dumped) java ${JVMARGS} -Djava.awt.headless=true -DapplicationRoot="${DIR}" -Dorg.java.plugin.boot.pluginsRepositories="${DIR}/plugins" -Djpf.boot.config="${DIR}/boot_cmd.properties" -Dorg.apache.commons.logging.Log=org.apache.commons.logging.impl.SimpleLog -Dorg.apache.commons.logging.simplelog.log.org.java.plugin=fatal $DOCK -jar "${DIR}/lib/jpf-boot.jar" "$@"

real	20m7.958s
user	20m1.642s
sys	0m1.053s
==> This was a timeout
839. 2014-12-17 07:48:41: s20_t1.6_a0.1_039.gff
840. 2014-12-17 07:49:33: s20_t1.6_a0.1_040.gff
841. 2014-12-17 07:50:05: s20_t1.6_a0.1_041.gff
842. 2014-12-17 07:50:23: s20_t1.6_a0.1_042.gff
843. 2014-12-17 07:52:35: s20_t1.6_a0.1_043.gff
844. 2014-12-17 07:55:31: s20_t1.6_a0.1_044.gff
845. 2014-12-17 07:56:50: s20_t1.6_a0.1_045.gff
846. 2014-12-17 07:57:54: s20_t1.6_a0.1_046.gff
847. 2014-12-17 07:58:01: s20_t1.6_a0.1_047.gff
848. 2014-12-17 07:58:08: s20_t1.6_a0.1_048.gff
849. 2014-12-17 08:00:10: s20_t1.6_a0.1_049.gff
850. 2014-12-17 08:00:24: s20_t1.6_a0.1_050.gff
851. 2014-12-17 08:00:26: s20_t1.6_a0.1_051.gff
/scratch/local/181597.1.mpi.q/GOAL/gc: line 24: 16976 CPU time limit exceeded (core dumped) java ${JVMARGS} -Djava.awt.headless=true -DapplicationRoot="${DIR}" -Dorg.java.plugin.boot.pluginsRepositories="${DIR}/plugins" -Djpf.boot.config="${DIR}/boot_cmd.properties" -Dorg.apache.commons.logging.Log=org.apache.commons.logging.impl.SimpleLog -Dorg.apache.commons.logging.simplelog.log.org.java.plugin=fatal $DOCK -jar "${DIR}/lib/jpf-boot.jar" "$@"

real	20m5.326s
user	20m2.108s
sys	0m0.904s
==> This was a timeout
852. 2014-12-17 08:20:32: s20_t1.6_a0.1_052.gff
853. 2014-12-17 08:20:40: s20_t1.6_a0.1_053.gff
854. 2014-12-17 08:22:07: s20_t1.6_a0.1_054.gff
/scratch/local/181597.1.mpi.q/GOAL/gc: line 24: 18960 CPU time limit exceeded (core dumped) java ${JVMARGS} -Djava.awt.headless=true -DapplicationRoot="${DIR}" -Dorg.java.plugin.boot.pluginsRepositories="${DIR}/plugins" -Djpf.boot.config="${DIR}/boot_cmd.properties" -Dorg.apache.commons.logging.Log=org.apache.commons.logging.impl.SimpleLog -Dorg.apache.commons.logging.simplelog.log.org.java.plugin=fatal $DOCK -jar "${DIR}/lib/jpf-boot.jar" "$@"

real	20m3.673s
user	20m1.468s
sys	0m1.156s
==> This was a timeout
855. 2014-12-17 08:42:11: s20_t1.6_a0.1_055.gff
856. 2014-12-17 08:42:21: s20_t1.6_a0.1_056.gff
857. 2014-12-17 08:42:47: s20_t1.6_a0.1_057.gff
858. 2014-12-17 08:42:58: s20_t1.6_a0.1_058.gff
859. 2014-12-17 08:43:06: s20_t1.6_a0.1_059.gff
860. 2014-12-17 08:43:50: s20_t1.6_a0.1_060.gff
861. 2014-12-17 08:44:54: s20_t1.6_a0.1_061.gff
862. 2014-12-17 08:54:48: s20_t1.6_a0.1_062.gff
863. 2014-12-17 08:55:24: s20_t1.6_a0.1_063.gff
864. 2014-12-17 08:56:27: s20_t1.6_a0.1_064.gff
865. 2014-12-17 08:56:37: s20_t1.6_a0.1_065.gff
866. 2014-12-17 08:57:11: s20_t1.6_a0.1_066.gff
867. 2014-12-17 08:57:17: s20_t1.6_a0.1_067.gff
868. 2014-12-17 08:57:52: s20_t1.6_a0.1_068.gff
869. 2014-12-17 08:58:02: s20_t1.6_a0.1_069.gff
870. 2014-12-17 08:58:19: s20_t1.6_a0.1_070.gff
871. 2014-12-17 08:58:53: s20_t1.6_a0.1_071.gff
872. 2014-12-17 08:59:05: s20_t1.6_a0.1_072.gff
873. 2014-12-17 09:18:29: s20_t1.6_a0.1_073.gff
874. 2014-12-17 09:19:07: s20_t1.6_a0.1_074.gff
875. 2014-12-17 09:19:54: s20_t1.6_a0.1_075.gff
876. 2014-12-17 09:21:02: s20_t1.6_a0.1_076.gff
877. 2014-12-17 09:21:11: s20_t1.6_a0.1_077.gff
878. 2014-12-17 09:21:56: s20_t1.6_a0.1_078.gff
/scratch/local/181597.1.mpi.q/GOAL/gc: line 24: 21691 CPU time limit exceeded (core dumped) java ${JVMARGS} -Djava.awt.headless=true -DapplicationRoot="${DIR}" -Dorg.java.plugin.boot.pluginsRepositories="${DIR}/plugins" -Djpf.boot.config="${DIR}/boot_cmd.properties" -Dorg.apache.commons.logging.Log=org.apache.commons.logging.impl.SimpleLog -Dorg.apache.commons.logging.simplelog.log.org.java.plugin=fatal $DOCK -jar "${DIR}/lib/jpf-boot.jar" "$@"

real	20m6.918s
user	20m1.589s
sys	0m1.079s
==> This was a timeout
879. 2014-12-17 09:42:03: s20_t1.6_a0.1_079.gff
880. 2014-12-17 09:42:14: s20_t1.6_a0.1_080.gff
881. 2014-12-17 09:56:22: s20_t1.6_a0.1_081.gff
882. 2014-12-17 09:59:04: s20_t1.6_a0.1_082.gff
883. 2014-12-17 10:02:57: s20_t1.6_a0.1_083.gff
884. 2014-12-17 10:03:18: s20_t1.6_a0.1_084.gff
885. 2014-12-17 10:03:30: s20_t1.6_a0.1_085.gff
886. 2014-12-17 10:04:14: s20_t1.6_a0.1_086.gff
887. 2014-12-17 10:04:23: s20_t1.6_a0.1_087.gff
888. 2014-12-17 10:09:54: s20_t1.6_a0.1_088.gff
889. 2014-12-17 10:20:31: s20_t1.6_a0.1_089.gff
890. 2014-12-17 10:20:40: s20_t1.6_a0.1_090.gff
891. 2014-12-17 10:26:47: s20_t1.6_a0.1_091.gff
892. 2014-12-17 10:31:39: s20_t1.6_a0.1_092.gff
893. 2014-12-17 10:31:54: s20_t1.6_a0.1_093.gff
894. 2014-12-17 10:33:43: s20_t1.6_a0.1_094.gff
895. 2014-12-17 10:35:23: s20_t1.6_a0.1_095.gff
/scratch/local/181597.1.mpi.q/GOAL/gc: line 24:  7788 CPU time limit exceeded (core dumped) java ${JVMARGS} -Djava.awt.headless=true -DapplicationRoot="${DIR}" -Dorg.java.plugin.boot.pluginsRepositories="${DIR}/plugins" -Djpf.boot.config="${DIR}/boot_cmd.properties" -Dorg.apache.commons.logging.Log=org.apache.commons.logging.impl.SimpleLog -Dorg.apache.commons.logging.simplelog.log.org.java.plugin=fatal $DOCK -jar "${DIR}/lib/jpf-boot.jar" "$@"

real	20m5.522s
user	20m1.621s
sys	0m1.045s
==> This was a timeout
896. 2014-12-17 10:55:28: s20_t1.6_a0.1_096.gff
897. 2014-12-17 10:55:40: s20_t1.6_a0.1_097.gff
898. 2014-12-17 10:56:05: s20_t1.6_a0.1_098.gff
899. 2014-12-17 10:56:41: s20_t1.6_a0.1_099.gff
900. 2014-12-17 10:56:55: s20_t1.6_a0.1_100.gff
901. 2014-12-17 10:57:12: s20_t1.6_a0.2_001.gff
902. 2014-12-17 10:57:28: s20_t1.6_a0.2_002.gff
903. 2014-12-17 10:58:29: s20_t1.6_a0.2_003.gff
904. 2014-12-17 11:00:58: s20_t1.6_a0.2_004.gff
905. 2014-12-17 11:08:29: s20_t1.6_a0.2_005.gff
906. 2014-12-17 11:10:21: s20_t1.6_a0.2_006.gff
907. 2014-12-17 11:10:24: s20_t1.6_a0.2_007.gff
908. 2014-12-17 11:10:34: s20_t1.6_a0.2_008.gff
909. 2014-12-17 11:10:40: s20_t1.6_a0.2_009.gff
910. 2014-12-17 11:13:52: s20_t1.6_a0.2_010.gff
911. 2014-12-17 11:14:41: s20_t1.6_a0.2_011.gff
/scratch/local/181597.1.mpi.q/GOAL/gc: line 24: 11999 CPU time limit exceeded (core dumped) java ${JVMARGS} -Djava.awt.headless=true -DapplicationRoot="${DIR}" -Dorg.java.plugin.boot.pluginsRepositories="${DIR}/plugins" -Djpf.boot.config="${DIR}/boot_cmd.properties" -Dorg.apache.commons.logging.Log=org.apache.commons.logging.impl.SimpleLog -Dorg.apache.commons.logging.simplelog.log.org.java.plugin=fatal $DOCK -jar "${DIR}/lib/jpf-boot.jar" "$@"

real	20m5.791s
user	20m1.456s
sys	0m1.070s
==> This was a timeout
912. 2014-12-17 11:34:47: s20_t1.6_a0.2_012.gff
913. 2014-12-17 11:36:29: s20_t1.6_a0.2_013.gff
914. 2014-12-17 11:37:11: s20_t1.6_a0.2_014.gff
915. 2014-12-17 11:49:13: s20_t1.6_a0.2_015.gff
916. 2014-12-17 11:54:50: s20_t1.6_a0.2_016.gff
917. 2014-12-17 11:56:33: s20_t1.6_a0.2_017.gff
918. 2014-12-17 11:56:54: s20_t1.6_a0.2_018.gff
919. 2014-12-17 11:58:03: s20_t1.6_a0.2_019.gff
920. 2014-12-17 11:58:48: s20_t1.6_a0.2_020.gff
921. 2014-12-17 11:59:28: s20_t1.6_a0.2_021.gff
/scratch/local/181597.1.mpi.q/GOAL/gc: line 24: 13431 CPU time limit exceeded (core dumped) java ${JVMARGS} -Djava.awt.headless=true -DapplicationRoot="${DIR}" -Dorg.java.plugin.boot.pluginsRepositories="${DIR}/plugins" -Djpf.boot.config="${DIR}/boot_cmd.properties" -Dorg.apache.commons.logging.Log=org.apache.commons.logging.impl.SimpleLog -Dorg.apache.commons.logging.simplelog.log.org.java.plugin=fatal $DOCK -jar "${DIR}/lib/jpf-boot.jar" "$@"

real	20m3.629s
user	20m1.464s
sys	0m1.025s
==> This was a timeout
922. 2014-12-17 12:19:32: s20_t1.6_a0.2_022.gff
923. 2014-12-17 12:19:46: s20_t1.6_a0.2_023.gff
924. 2014-12-17 12:20:41: s20_t1.6_a0.2_024.gff
/scratch/local/181597.1.mpi.q/GOAL/gc: line 24: 13903 CPU time limit exceeded (core dumped) java ${JVMARGS} -Djava.awt.headless=true -DapplicationRoot="${DIR}" -Dorg.java.plugin.boot.pluginsRepositories="${DIR}/plugins" -Djpf.boot.config="${DIR}/boot_cmd.properties" -Dorg.apache.commons.logging.Log=org.apache.commons.logging.impl.SimpleLog -Dorg.apache.commons.logging.simplelog.log.org.java.plugin=fatal $DOCK -jar "${DIR}/lib/jpf-boot.jar" "$@"

real	20m5.952s
user	20m1.409s
sys	0m1.178s
==> This was a timeout
925. 2014-12-17 12:40:47: s20_t1.6_a0.2_025.gff
926. 2014-12-17 12:40:54: s20_t1.6_a0.2_026.gff
927. 2014-12-17 12:41:10: s20_t1.6_a0.2_027.gff
928. 2014-12-17 12:43:39: s20_t1.6_a0.2_028.gff
929. 2014-12-17 12:43:46: s20_t1.6_a0.2_029.gff
930. 2014-12-17 12:43:48: s20_t1.6_a0.2_030.gff
931. 2014-12-17 12:44:18: s20_t1.6_a0.2_031.gff
932. 2014-12-17 12:53:29: s20_t1.6_a0.2_032.gff
933. 2014-12-17 12:53:52: s20_t1.6_a0.2_033.gff
934. 2014-12-17 12:54:25: s20_t1.6_a0.2_034.gff
935. 2014-12-17 12:55:28: s20_t1.6_a0.2_035.gff
936. 2014-12-17 12:56:23: s20_t1.6_a0.2_036.gff
937. 2014-12-17 12:56:31: s20_t1.6_a0.2_037.gff
938. 2014-12-17 12:56:46: s20_t1.6_a0.2_038.gff
939. 2014-12-17 12:57:00: s20_t1.6_a0.2_039.gff
940. 2014-12-17 12:59:07: s20_t1.6_a0.2_040.gff
941. 2014-12-17 12:59:23: s20_t1.6_a0.2_041.gff
942. 2014-12-17 13:01:09: s20_t1.6_a0.2_042.gff
943. 2014-12-17 13:01:38: s20_t1.6_a0.2_043.gff
944. 2014-12-17 13:02:18: s20_t1.6_a0.2_044.gff
945. 2014-12-17 13:02:28: s20_t1.6_a0.2_045.gff
946. 2014-12-17 13:02:42: s20_t1.6_a0.2_046.gff
947. 2014-12-17 13:02:55: s20_t1.6_a0.2_047.gff
948. 2014-12-17 13:03:06: s20_t1.6_a0.2_048.gff
949. 2014-12-17 13:04:38: s20_t1.6_a0.2_049.gff
950. 2014-12-17 13:05:11: s20_t1.6_a0.2_050.gff
951. 2014-12-17 13:05:20: s20_t1.6_a0.2_051.gff
952. 2014-12-17 13:05:35: s20_t1.6_a0.2_052.gff
953. 2014-12-17 13:05:56: s20_t1.6_a0.2_053.gff
954. 2014-12-17 13:06:31: s20_t1.6_a0.2_054.gff
955. 2014-12-17 13:06:36: s20_t1.6_a0.2_055.gff
956. 2014-12-17 13:06:49: s20_t1.6_a0.2_056.gff
957. 2014-12-17 13:07:02: s20_t1.6_a0.2_057.gff
958. 2014-12-17 13:07:09: s20_t1.6_a0.2_058.gff
959. 2014-12-17 13:07:16: s20_t1.6_a0.2_059.gff
960. 2014-12-17 13:08:33: s20_t1.6_a0.2_060.gff
961. 2014-12-17 13:09:33: s20_t1.6_a0.2_061.gff
962. 2014-12-17 13:12:05: s20_t1.6_a0.2_062.gff
963. 2014-12-17 13:12:30: s20_t1.6_a0.2_063.gff
964. 2014-12-17 13:20:49: s20_t1.6_a0.2_064.gff
965. 2014-12-17 13:21:08: s20_t1.6_a0.2_065.gff
966. 2014-12-17 13:21:27: s20_t1.6_a0.2_066.gff
967. 2014-12-17 13:22:40: s20_t1.6_a0.2_067.gff
968. 2014-12-17 13:22:53: s20_t1.6_a0.2_068.gff
969. 2014-12-17 13:22:57: s20_t1.6_a0.2_069.gff
/scratch/local/181597.1.mpi.q/GOAL/gc: line 24: 20023 CPU time limit exceeded (core dumped) java ${JVMARGS} -Djava.awt.headless=true -DapplicationRoot="${DIR}" -Dorg.java.plugin.boot.pluginsRepositories="${DIR}/plugins" -Djpf.boot.config="${DIR}/boot_cmd.properties" -Dorg.apache.commons.logging.Log=org.apache.commons.logging.impl.SimpleLog -Dorg.apache.commons.logging.simplelog.log.org.java.plugin=fatal $DOCK -jar "${DIR}/lib/jpf-boot.jar" "$@"

real	20m3.012s
user	20m1.512s
sys	0m1.151s
==> This was a timeout
970. 2014-12-17 13:43:00: s20_t1.6_a0.2_070.gff
971. 2014-12-17 13:44:25: s20_t1.6_a0.2_071.gff
972. 2014-12-17 13:44:49: s20_t1.6_a0.2_072.gff
973. 2014-12-17 13:45:46: s20_t1.6_a0.2_073.gff
974. 2014-12-17 13:45:53: s20_t1.6_a0.2_074.gff
975. 2014-12-17 13:46:04: s20_t1.6_a0.2_075.gff
976. 2014-12-17 13:46:19: s20_t1.6_a0.2_076.gff
977. 2014-12-17 13:46:32: s20_t1.6_a0.2_077.gff
978. 2014-12-17 13:46:46: s20_t1.6_a0.2_078.gff
979. 2014-12-17 13:56:48: s20_t1.6_a0.2_079.gff
980. 2014-12-17 13:57:51: s20_t1.6_a0.2_080.gff
981. 2014-12-17 13:58:51: s20_t1.6_a0.2_081.gff
982. 2014-12-17 14:00:10: s20_t1.6_a0.2_082.gff
983. 2014-12-17 14:01:40: s20_t1.6_a0.2_083.gff
984. 2014-12-17 14:02:46: s20_t1.6_a0.2_084.gff
985. 2014-12-17 14:02:55: s20_t1.6_a0.2_085.gff
986. 2014-12-17 14:03:13: s20_t1.6_a0.2_086.gff
987. 2014-12-17 14:03:28: s20_t1.6_a0.2_087.gff
988. 2014-12-17 14:03:54: s20_t1.6_a0.2_088.gff
989. 2014-12-17 14:16:25: s20_t1.6_a0.2_089.gff
990. 2014-12-17 14:22:14: s20_t1.6_a0.2_090.gff
/scratch/local/181597.1.mpi.q/GOAL/gc: line 24: 23780 CPU time limit exceeded (core dumped) java ${JVMARGS} -Djava.awt.headless=true -DapplicationRoot="${DIR}" -Dorg.java.plugin.boot.pluginsRepositories="${DIR}/plugins" -Djpf.boot.config="${DIR}/boot_cmd.properties" -Dorg.apache.commons.logging.Log=org.apache.commons.logging.impl.SimpleLog -Dorg.apache.commons.logging.simplelog.log.org.java.plugin=fatal $DOCK -jar "${DIR}/lib/jpf-boot.jar" "$@"

real	20m3.645s
user	20m1.536s
sys	0m1.054s
==> This was a timeout
991. 2014-12-17 14:42:18: s20_t1.6_a0.2_091.gff
992. 2014-12-17 14:49:43: s20_t1.6_a0.2_092.gff
993. 2014-12-17 14:55:09: s20_t1.6_a0.2_093.gff
994. 2014-12-17 14:55:46: s20_t1.6_a0.2_094.gff
995. 2014-12-17 14:56:05: s20_t1.6_a0.2_095.gff
996. 2014-12-17 14:57:28: s20_t1.6_a0.2_096.gff
997. 2014-12-17 14:58:03: s20_t1.6_a0.2_097.gff
998. 2014-12-17 14:58:10: s20_t1.6_a0.2_098.gff
999. 2014-12-17 14:58:20: s20_t1.6_a0.2_099.gff
1000. 2014-12-17 14:58:40: s20_t1.6_a0.2_100.gff
1001. 2014-12-17 15:16:56: s20_t1.6_a0.3_001.gff
1002. 2014-12-17 15:16:59: s20_t1.6_a0.3_002.gff
1003. 2014-12-17 15:18:04: s20_t1.6_a0.3_003.gff
1004. 2014-12-17 15:19:31: s20_t1.6_a0.3_004.gff
1005. 2014-12-17 15:19:51: s20_t1.6_a0.3_005.gff
1006. 2014-12-17 15:23:34: s20_t1.6_a0.3_006.gff
1007. 2014-12-17 15:23:46: s20_t1.6_a0.3_007.gff
1008. 2014-12-17 15:34:31: s20_t1.6_a0.3_008.gff
1009. 2014-12-17 15:46:25: s20_t1.6_a0.3_009.gff
1010. 2014-12-17 15:46:36: s20_t1.6_a0.3_010.gff
1011. 2014-12-17 15:49:49: s20_t1.6_a0.3_011.gff
1012. 2014-12-17 16:02:12: s20_t1.6_a0.3_012.gff
1013. 2014-12-17 16:04:12: s20_t1.6_a0.3_013.gff
1014. 2014-12-17 16:08:17: s20_t1.6_a0.3_014.gff
1015. 2014-12-17 16:12:33: s20_t1.6_a0.3_015.gff
1016. 2014-12-17 16:12:47: s20_t1.6_a0.3_016.gff
1017. 2014-12-17 16:15:41: s20_t1.6_a0.3_017.gff
1018. 2014-12-17 16:15:50: s20_t1.6_a0.3_018.gff
1019. 2014-12-17 16:16:09: s20_t1.6_a0.3_019.gff
1020. 2014-12-17 16:17:00: s20_t1.6_a0.3_020.gff
1021. 2014-12-17 16:17:05: s20_t1.6_a0.3_021.gff
1022. 2014-12-17 16:17:14: s20_t1.6_a0.3_022.gff
1023. 2014-12-17 16:19:23: s20_t1.6_a0.3_023.gff
1024. 2014-12-17 16:19:45: s20_t1.6_a0.3_024.gff
1025. 2014-12-17 16:19:58: s20_t1.6_a0.3_025.gff
1026. 2014-12-17 16:20:02: s20_t1.6_a0.3_026.gff
1027. 2014-12-17 16:22:50: s20_t1.6_a0.3_027.gff
/scratch/local/181597.1.mpi.q/GOAL/gc: line 24: 19188 CPU time limit exceeded (core dumped) java ${JVMARGS} -Djava.awt.headless=true -DapplicationRoot="${DIR}" -Dorg.java.plugin.boot.pluginsRepositories="${DIR}/plugins" -Djpf.boot.config="${DIR}/boot_cmd.properties" -Dorg.apache.commons.logging.Log=org.apache.commons.logging.impl.SimpleLog -Dorg.apache.commons.logging.simplelog.log.org.java.plugin=fatal $DOCK -jar "${DIR}/lib/jpf-boot.jar" "$@"

real	20m2.626s
user	20m1.183s
sys	0m1.479s
==> This was a timeout
1028. 2014-12-17 16:42:53: s20_t1.6_a0.3_028.gff
1029. 2014-12-17 16:43:30: s20_t1.6_a0.3_029.gff
1030. 2014-12-17 16:53:17: s20_t1.6_a0.3_030.gff
1031. 2014-12-17 16:54:07: s20_t1.6_a0.3_031.gff
1032. 2014-12-17 16:54:58: s20_t1.6_a0.3_032.gff
1033. 2014-12-17 16:55:37: s20_t1.6_a0.3_033.gff
1034. 2014-12-17 16:55:46: s20_t1.6_a0.3_034.gff
1035. 2014-12-17 16:56:00: s20_t1.6_a0.3_035.gff
1036. 2014-12-17 16:56:25: s20_t1.6_a0.3_036.gff
1037. 2014-12-17 16:56:57: s20_t1.6_a0.3_037.gff
1038. 2014-12-17 16:58:55: s20_t1.6_a0.3_038.gff
1039. 2014-12-17 17:01:18: s20_t1.6_a0.3_039.gff
1040. 2014-12-17 17:01:47: s20_t1.6_a0.3_040.gff
1041. 2014-12-17 17:02:26: s20_t1.6_a0.3_041.gff
1042. 2014-12-17 17:02:58: s20_t1.6_a0.3_042.gff
/scratch/local/181597.1.mpi.q/GOAL/gc: line 24: 16576 CPU time limit exceeded (core dumped) java ${JVMARGS} -Djava.awt.headless=true -DapplicationRoot="${DIR}" -Dorg.java.plugin.boot.pluginsRepositories="${DIR}/plugins" -Djpf.boot.config="${DIR}/boot_cmd.properties" -Dorg.apache.commons.logging.Log=org.apache.commons.logging.impl.SimpleLog -Dorg.apache.commons.logging.simplelog.log.org.java.plugin=fatal $DOCK -jar "${DIR}/lib/jpf-boot.jar" "$@"

real	20m2.609s
user	20m1.513s
sys	0m1.077s
==> This was a timeout
1043. 2014-12-17 17:23:00: s20_t1.6_a0.3_043.gff
1044. 2014-12-17 17:24:33: s20_t1.6_a0.3_044.gff
1045. 2014-12-17 17:24:55: s20_t1.6_a0.3_045.gff
1046. 2014-12-17 17:25:06: s20_t1.6_a0.3_046.gff
1047. 2014-12-17 17:26:07: s20_t1.6_a0.3_047.gff
1048. 2014-12-17 17:27:23: s20_t1.6_a0.3_048.gff
1049. 2014-12-17 17:39:35: s20_t1.6_a0.3_049.gff
1050. 2014-12-17 17:40:50: s20_t1.6_a0.3_050.gff
1051. 2014-12-17 17:42:54: s20_t1.6_a0.3_051.gff
1052. 2014-12-17 17:43:02: s20_t1.6_a0.3_052.gff
1053. 2014-12-17 17:45:16: s20_t1.6_a0.3_053.gff
1054. 2014-12-17 17:45:27: s20_t1.6_a0.3_054.gff
1055. 2014-12-17 17:45:31: s20_t1.6_a0.3_055.gff
1056. 2014-12-17 17:45:39: s20_t1.6_a0.3_056.gff
1057. 2014-12-17 17:46:19: s20_t1.6_a0.3_057.gff
/scratch/local/181597.1.mpi.q/GOAL/gc: line 24: 22955 CPU time limit exceeded (core dumped) java ${JVMARGS} -Djava.awt.headless=true -DapplicationRoot="${DIR}" -Dorg.java.plugin.boot.pluginsRepositories="${DIR}/plugins" -Djpf.boot.config="${DIR}/boot_cmd.properties" -Dorg.apache.commons.logging.Log=org.apache.commons.logging.impl.SimpleLog -Dorg.apache.commons.logging.simplelog.log.org.java.plugin=fatal $DOCK -jar "${DIR}/lib/jpf-boot.jar" "$@"

real	20m4.721s
user	20m1.408s
sys	0m1.077s
==> This was a timeout
1058. 2014-12-17 18:06:24: s20_t1.6_a0.3_058.gff
1059. 2014-12-17 18:06:53: s20_t1.6_a0.3_059.gff
1060. 2014-12-17 18:07:24: s20_t1.6_a0.3_060.gff
1061. 2014-12-17 18:07:47: s20_t1.6_a0.3_061.gff
1062. 2014-12-17 18:08:04: s20_t1.6_a0.3_062.gff
1063. 2014-12-17 18:08:26: s20_t1.6_a0.3_063.gff
1064. 2014-12-17 18:09:04: s20_t1.6_a0.3_064.gff
1065. 2014-12-17 18:09:17: s20_t1.6_a0.3_065.gff
1066. 2014-12-17 18:09:30: s20_t1.6_a0.3_066.gff
1067. 2014-12-17 18:09:49: s20_t1.6_a0.3_067.gff
1068. 2014-12-17 18:10:38: s20_t1.6_a0.3_068.gff
1069. 2014-12-17 18:10:43: s20_t1.6_a0.3_069.gff
1070. 2014-12-17 18:17:59: s20_t1.6_a0.3_070.gff
1071. 2014-12-17 18:18:10: s20_t1.6_a0.3_071.gff
1072. 2014-12-17 18:18:20: s20_t1.6_a0.3_072.gff
1073. 2014-12-17 18:18:36: s20_t1.6_a0.3_073.gff
1074. 2014-12-17 18:27:28: s20_t1.6_a0.3_074.gff
1075. 2014-12-17 18:33:02: s20_t1.6_a0.3_075.gff
1076. 2014-12-17 18:33:06: s20_t1.6_a0.3_076.gff
1077. 2014-12-17 18:34:21: s20_t1.6_a0.3_077.gff
1078. 2014-12-17 18:34:31: s20_t1.6_a0.3_078.gff
1079. 2014-12-17 18:34:42: s20_t1.6_a0.3_079.gff
1080. 2014-12-17 18:35:01: s20_t1.6_a0.3_080.gff
1081. 2014-12-17 18:35:08: s20_t1.6_a0.3_081.gff
1082. 2014-12-17 18:35:49: s20_t1.6_a0.3_082.gff
1083. 2014-12-17 18:39:30: s20_t1.6_a0.3_083.gff
1084. 2014-12-17 18:39:53: s20_t1.6_a0.3_084.gff
1085. 2014-12-17 18:40:07: s20_t1.6_a0.3_085.gff
1086. 2014-12-17 18:40:10: s20_t1.6_a0.3_086.gff
1087. 2014-12-17 18:40:47: s20_t1.6_a0.3_087.gff
1088. 2014-12-17 18:40:54: s20_t1.6_a0.3_088.gff
1089. 2014-12-17 18:45:10: s20_t1.6_a0.3_089.gff
1090. 2014-12-17 18:45:23: s20_t1.6_a0.3_090.gff
1091. 2014-12-17 18:46:43: s20_t1.6_a0.3_091.gff
1092. 2014-12-17 18:47:04: s20_t1.6_a0.3_092.gff
/scratch/local/181597.1.mpi.q/GOAL/gc: line 24: 16971 CPU time limit exceeded (core dumped) java ${JVMARGS} -Djava.awt.headless=true -DapplicationRoot="${DIR}" -Dorg.java.plugin.boot.pluginsRepositories="${DIR}/plugins" -Djpf.boot.config="${DIR}/boot_cmd.properties" -Dorg.apache.commons.logging.Log=org.apache.commons.logging.impl.SimpleLog -Dorg.apache.commons.logging.simplelog.log.org.java.plugin=fatal $DOCK -jar "${DIR}/lib/jpf-boot.jar" "$@"

real	20m3.416s
user	20m1.408s
sys	0m1.161s
==> This was a timeout
1093. 2014-12-17 19:07:07: s20_t1.6_a0.3_093.gff
1094. 2014-12-17 19:07:17: s20_t1.6_a0.3_094.gff
1095. 2014-12-17 19:07:57: s20_t1.6_a0.3_095.gff
1096. 2014-12-17 19:08:05: s20_t1.6_a0.3_096.gff
1097. 2014-12-17 19:10:13: s20_t1.6_a0.3_097.gff
1098. 2014-12-17 19:17:16: s20_t1.6_a0.3_098.gff
1099. 2014-12-17 19:18:00: s20_t1.6_a0.3_099.gff
1100. 2014-12-17 19:18:54: s20_t1.6_a0.3_100.gff
End: 2014-12-17 19:19:04 (1418840344)
Duration (wallclock): 52h 20min 23sec
                      188423sec
