# Starting date:             2014-12-15 13:46:56
# Cluster job name:          rank.tr.ro.15_02_of_10
# Cluster job ID:            181154
# Cluster node:              hnode26
# Cluster queue:             mpi.q
# Complementation algorithm: rank -tr -ro
# Data:                      15.02_of_10.tar.gz
# Memory limit (Java heap):  1G
# Timeout (CPU time):        600s
states	t_out	m_out	real_t	tcpu_t	ucpu_t	scpu_t	dt	da	file
79122	N	N	113.681	150.785	149.557	1.228	1.2	0.2	s15_t1.2_a0.2_001.gff
NA	Y	N	587.752	601.548	600.439	1.109	1.2	0.2	s15_t1.2_a0.2_002.gff
2693	N	N	3.743	7.094	6.779	0.315	1.2	0.2	s15_t1.2_a0.2_003.gff
NA	Y	N	579.697	601.843	598.361	3.482	1.2	0.2	s15_t1.2_a0.2_004.gff
7374	N	N	7.386	13.424	13.065	0.359	1.2	0.2	s15_t1.2_a0.2_005.gff
NA	Y	N	379.951	601.887	600.542	1.345	1.2	0.2	s15_t1.2_a0.2_006.gff
9258	N	N	11.101	17.201	16.858	0.343	1.2	0.2	s15_t1.2_a0.2_007.gff
NA	Y	N	599.167	601.631	600.610	1.021	1.2	0.2	s15_t1.2_a0.2_008.gff
NA	N	Y	178.193	230.615	229.317	1.298	1.2	0.2	s15_t1.2_a0.2_009.gff
NA	Y	N	377.928	601.840	600.044	1.796	1.2	0.2	s15_t1.2_a0.2_010.gff
5784	N	N	7.107	10.009	9.679	0.330	1.2	0.2	s15_t1.2_a0.2_011.gff
20740	N	N	21.458	29.895	29.143	0.752	1.2	0.2	s15_t1.2_a0.2_012.gff
21133	N	N	14.113	22.318	21.844	0.474	1.2	0.2	s15_t1.2_a0.2_013.gff
60289	N	N	105.779	141.552	140.479	1.073	1.2	0.2	s15_t1.2_a0.2_014.gff
44254	N	N	43.426	57.253	56.517	0.736	1.2	0.2	s15_t1.2_a0.2_015.gff
NA	Y	N	599.771	601.572	600.326	1.246	1.2	0.2	s15_t1.2_a0.2_016.gff
NA	Y	N	550.891	601.329	599.731	1.598	1.2	0.2	s15_t1.2_a0.2_017.gff
44079	N	N	45.454	58.530	57.778	0.752	1.2	0.2	s15_t1.2_a0.2_018.gff
NA	Y	N	603.313	602.090	600.635	1.455	1.2	0.2	s15_t1.2_a0.2_019.gff
NA	Y	N	318.413	602.252	600.993	1.259	1.2	0.2	s15_t1.2_a0.2_020.gff
NA	Y	N	608.437	601.897	600.683	1.214	1.2	0.2	s15_t1.2_a0.2_021.gff
NA	Y	N	332.951	601.971	599.976	1.995	1.2	0.2	s15_t1.2_a0.2_022.gff
NA	Y	N	428.810	601.878	600.427	1.451	1.2	0.2	s15_t1.2_a0.2_023.gff
8117	N	N	7.613	13.890	13.565	0.325	1.2	0.2	s15_t1.2_a0.2_024.gff
NA	N	Y	225.507	278.269	277.245	1.024	1.2	0.2	s15_t1.2_a0.2_025.gff
NA	Y	N	587.303	602.273	600.759	1.514	1.2	0.2	s15_t1.2_a0.2_026.gff
NA	Y	N	325.988	602.064	600.657	1.407	1.2	0.2	s15_t1.2_a0.2_027.gff
NA	N	Y	256.042	366.411	365.027	1.384	1.2	0.2	s15_t1.2_a0.2_028.gff
NA	Y	N	597.694	601.875	600.766	1.109	1.2	0.2	s15_t1.2_a0.2_029.gff
1579	N	N	3.125	5.910	5.665	0.245	1.2	0.2	s15_t1.2_a0.2_030.gff
NA	Y	N	596.280	602.050	600.721	1.329	1.2	0.2	s15_t1.2_a0.2_031.gff
23655	N	N	30.613	40.426	39.928	0.498	1.2	0.2	s15_t1.2_a0.2_032.gff
2786	N	N	3.971	6.738	6.462	0.276	1.2	0.2	s15_t1.2_a0.2_033.gff
NA	N	Y	234.239	301.993	300.910	1.083	1.2	0.2	s15_t1.2_a0.2_034.gff
7241	N	N	5.951	10.550	10.239	0.311	1.2	0.2	s15_t1.2_a0.2_035.gff
NA	Y	N	567.166	601.662	600.487	1.175	1.2	0.2	s15_t1.2_a0.2_036.gff
16	N	N	1.419	2.469	2.303	0.166	1.2	0.2	s15_t1.2_a0.2_037.gff
735	N	N	2.315	4.605	4.369	0.236	1.2	0.2	s15_t1.2_a0.2_038.gff
33310	N	N	39.893	52.708	52.094	0.614	1.2	0.2	s15_t1.2_a0.2_039.gff
NA	Y	N	470.796	601.921	599.747	2.174	1.2	0.2	s15_t1.2_a0.2_040.gff
NA	Y	N	600.055	601.644	600.518	1.126	1.2	0.2	s15_t1.2_a0.2_041.gff
6616	N	N	6.535	11.633	11.275	0.358	1.2	0.2	s15_t1.2_a0.2_042.gff
NA	Y	N	507.185	601.807	600.261	1.546	1.2	0.2	s15_t1.2_a0.2_043.gff
NA	Y	N	584.036	602.377	601.005	1.372	1.2	0.2	s15_t1.2_a0.2_044.gff
NA	Y	N	379.731	601.706	600.132	1.574	1.2	0.2	s15_t1.2_a0.2_045.gff
NA	Y	N	597.427	601.957	601.015	0.942	1.2	0.2	s15_t1.2_a0.2_046.gff
1711	N	N	2.978	5.480	5.248	0.232	1.2	0.2	s15_t1.2_a0.2_047.gff
NA	Y	N	525.244	602.086	600.503	1.583	1.2	0.2	s15_t1.2_a0.2_048.gff
NA	Y	N	241.045	601.768	600.367	1.401	1.2	0.2	s15_t1.2_a0.2_049.gff
NA	Y	N	587.090	602.366	601.149	1.217	1.2	0.2	s15_t1.2_a0.2_050.gff
NA	Y	N	589.156	601.974	600.718	1.256	1.2	0.2	s15_t1.2_a0.2_051.gff
NA	Y	N	579.132	601.548	600.375	1.173	1.2	0.2	s15_t1.2_a0.2_052.gff
NA	N	Y	155.195	200.281	199.306	0.975	1.2	0.2	s15_t1.2_a0.2_053.gff
NA	Y	N	490.455	601.709	600.409	1.300	1.2	0.2	s15_t1.2_a0.2_054.gff
NA	Y	N	444.341	602.278	600.866	1.412	1.2	0.2	s15_t1.2_a0.2_055.gff
372	N	N	1.887	3.315	3.147	0.168	1.2	0.2	s15_t1.2_a0.2_056.gff
NA	Y	N	594.557	602.182	601.080	1.102	1.2	0.2	s15_t1.2_a0.2_057.gff
5848	N	N	5.513	9.691	9.368	0.323	1.2	0.2	s15_t1.2_a0.2_058.gff
61	N	N	1.356	2.442	2.282	0.160	1.2	0.2	s15_t1.2_a0.2_059.gff
50592	N	N	66.955	86.081	85.258	0.823	1.2	0.2	s15_t1.2_a0.2_060.gff
3401	N	N	3.803	7.498	7.234	0.264	1.2	0.2	s15_t1.2_a0.2_061.gff
29085	N	N	28.081	38.931	38.333	0.598	1.2	0.2	s15_t1.2_a0.2_062.gff
535	N	N	2.403	4.663	4.430	0.233	1.2	0.2	s15_t1.2_a0.2_063.gff
NA	Y	N	592.954	602.119	600.858	1.261	1.2	0.2	s15_t1.2_a0.2_064.gff
57693	N	N	71.584	90.928	89.999	0.929	1.2	0.2	s15_t1.2_a0.2_065.gff
NA	Y	N	304.506	602.075	600.883	1.192	1.2	0.2	s15_t1.2_a0.2_066.gff
56484	N	N	52.747	69.960	69.002	0.958	1.2	0.2	s15_t1.2_a0.2_067.gff
2785	N	N	3.836	6.695	6.418	0.277	1.2	0.2	s15_t1.2_a0.2_068.gff
NA	Y	N	419.654	601.583	600.354	1.229	1.2	0.2	s15_t1.2_a0.2_069.gff
NA	Y	N	583.061	602.053	600.908	1.145	1.2	0.2	s15_t1.2_a0.2_070.gff
NA	Y	N	566.804	601.635	600.270	1.365	1.2	0.2	s15_t1.2_a0.2_071.gff
20646	N	N	28.220	37.027	36.492	0.535	1.2	0.2	s15_t1.2_a0.2_072.gff
1012	N	N	2.577	5.023	4.771	0.252	1.2	0.2	s15_t1.2_a0.2_073.gff
NA	Y	N	340.998	601.897	600.592	1.305	1.2	0.2	s15_t1.2_a0.2_074.gff
NA	Y	N	543.194	601.807	600.550	1.257	1.2	0.2	s15_t1.2_a0.2_075.gff
81849	N	N	179.543	219.565	218.428	1.137	1.2	0.2	s15_t1.2_a0.2_076.gff
NA	Y	N	581.089	601.643	600.300	1.343	1.2	0.2	s15_t1.2_a0.2_077.gff
76808	N	N	145.323	180.627	179.546	1.081	1.2	0.2	s15_t1.2_a0.2_078.gff
NA	N	Y	199.793	268.364	264.927	3.437	1.2	0.2	s15_t1.2_a0.2_079.gff
NA	Y	N	476.573	601.611	599.811	1.800	1.2	0.2	s15_t1.2_a0.2_080.gff
3409	N	N	5.431	8.992	8.682	0.310	1.2	0.2	s15_t1.2_a0.2_081.gff
NA	Y	N	503.708	601.717	599.516	2.201	1.2	0.2	s15_t1.2_a0.2_082.gff
38942	N	N	59.392	81.916	81.029	0.887	1.2	0.2	s15_t1.2_a0.2_083.gff
NA	Y	N	543.540	602.086	600.905	1.181	1.2	0.2	s15_t1.2_a0.2_084.gff
NA	Y	N	597.384	602.481	601.349	1.132	1.2	0.2	s15_t1.2_a0.2_085.gff
NA	Y	N	600.718	602.072	600.949	1.123	1.2	0.2	s15_t1.2_a0.2_086.gff
NA	Y	N	580.168	601.988	600.722	1.266	1.2	0.2	s15_t1.2_a0.2_087.gff
NA	Y	N	451.676	601.884	600.593	1.291	1.2	0.2	s15_t1.2_a0.2_088.gff
NA	Y	N	569.880	601.701	600.432	1.269	1.2	0.2	s15_t1.2_a0.2_089.gff
NA	Y	N	495.644	601.712	600.448	1.264	1.2	0.2	s15_t1.2_a0.2_090.gff
116248	N	N	175.422	229.462	228.276	1.186	1.2	0.2	s15_t1.2_a0.2_091.gff
NA	Y	N	597.316	601.594	600.614	0.980	1.2	0.2	s15_t1.2_a0.2_092.gff
NA	Y	N	285.575	601.825	600.499	1.326	1.2	0.2	s15_t1.2_a0.2_093.gff
27353	N	N	24.334	34.137	33.621	0.516	1.2	0.2	s15_t1.2_a0.2_094.gff
108081	N	N	150.548	188.027	186.954	1.073	1.2	0.2	s15_t1.2_a0.2_095.gff
5677	N	N	6.896	11.821	11.497	0.324	1.2	0.2	s15_t1.2_a0.2_096.gff
4791	N	N	4.856	8.553	8.262	0.291	1.2	0.2	s15_t1.2_a0.2_097.gff
NA	Y	N	198.514	602.395	600.880	1.515	1.2	0.2	s15_t1.2_a0.2_098.gff
10	N	N	1.411	2.428	2.290	0.138	1.2	0.2	s15_t1.2_a0.2_099.gff
11293	N	N	12.552	21.507	21.094	0.413	1.2	0.2	s15_t1.2_a0.2_100.gff
12629	N	N	9.458	16.352	15.969	0.383	1.2	0.3	s15_t1.2_a0.3_001.gff
NA	Y	N	363.167	601.728	599.975	1.753	1.2	0.3	s15_t1.2_a0.3_002.gff
97201	N	N	302.288	358.229	354.959	3.270	1.2	0.3	s15_t1.2_a0.3_003.gff
645	N	N	3.044	4.403	4.178	0.225	1.2	0.3	s15_t1.2_a0.3_004.gff
28917	N	N	24.795	34.283	33.774	0.509	1.2	0.3	s15_t1.2_a0.3_005.gff
28611	N	N	32.336	44.892	44.316	0.576	1.2	0.3	s15_t1.2_a0.3_006.gff
NA	Y	N	503.946	601.795	600.439	1.356	1.2	0.3	s15_t1.2_a0.3_007.gff
NA	Y	N	567.157	602.130	600.624	1.506	1.2	0.3	s15_t1.2_a0.3_008.gff
2516	N	N	4.231	6.985	6.725	0.260	1.2	0.3	s15_t1.2_a0.3_009.gff
1943	N	N	3.744	7.031	6.736	0.295	1.2	0.3	s15_t1.2_a0.3_010.gff
42658	N	N	37.200	48.762	48.117	0.645	1.2	0.3	s15_t1.2_a0.3_011.gff
405	N	N	1.979	4.037	3.837	0.200	1.2	0.3	s15_t1.2_a0.3_012.gff
NA	Y	N	303.170	602.729	600.907	1.822	1.2	0.3	s15_t1.2_a0.3_013.gff
4172	N	N	4.949	9.478	9.159	0.319	1.2	0.3	s15_t1.2_a0.3_014.gff
NA	Y	N	401.868	601.853	599.782	2.071	1.2	0.3	s15_t1.2_a0.3_015.gff
669	N	N	2.928	5.279	5.033	0.246	1.2	0.3	s15_t1.2_a0.3_016.gff
17667	N	N	23.635	31.695	31.206	0.489	1.2	0.3	s15_t1.2_a0.3_017.gff
660	N	N	2.242	4.464	4.255	0.209	1.2	0.3	s15_t1.2_a0.3_018.gff
14038	N	N	11.217	19.620	19.208	0.412	1.2	0.3	s15_t1.2_a0.3_019.gff
NA	Y	N	327.742	602.004	600.444	1.560	1.2	0.3	s15_t1.2_a0.3_020.gff
461	N	N	2.250	4.391	4.164	0.227	1.2	0.3	s15_t1.2_a0.3_021.gff
20123	N	N	20.432	29.421	28.917	0.504	1.2	0.3	s15_t1.2_a0.3_022.gff
15662	N	N	17.267	25.330	24.886	0.444	1.2	0.3	s15_t1.2_a0.3_023.gff
1862	N	N	3.022	5.748	5.476	0.272	1.2	0.3	s15_t1.2_a0.3_024.gff
NA	Y	N	292.314	602.000	600.666	1.334	1.2	0.3	s15_t1.2_a0.3_025.gff
9484	N	N	7.987	14.291	13.899	0.392	1.2	0.3	s15_t1.2_a0.3_026.gff
163	N	N	1.608	2.977	2.810	0.167	1.2	0.3	s15_t1.2_a0.3_027.gff
72750	N	N	110.461	149.017	147.954	1.063	1.2	0.3	s15_t1.2_a0.3_028.gff
547	N	N	2.337	4.155	3.949	0.206	1.2	0.3	s15_t1.2_a0.3_029.gff
6834	N	N	10.874	18.186	17.757	0.429	1.2	0.3	s15_t1.2_a0.3_030.gff
NA	Y	N	580.582	602.027	600.517	1.510	1.2	0.3	s15_t1.2_a0.3_031.gff
NA	Y	N	587.577	602.256	600.902	1.354	1.2	0.3	s15_t1.2_a0.3_032.gff
28017	N	N	27.374	39.015	38.381	0.634	1.2	0.3	s15_t1.2_a0.3_033.gff
NA	Y	N	531.312	601.779	598.890	2.889	1.2	0.3	s15_t1.2_a0.3_034.gff
NA	N	Y	197.752	255.532	254.394	1.138	1.2	0.3	s15_t1.2_a0.3_035.gff
3926	N	N	4.546	8.505	8.194	0.311	1.2	0.3	s15_t1.2_a0.3_036.gff
NA	Y	N	561.190	601.774	600.534	1.240	1.2	0.3	s15_t1.2_a0.3_037.gff
2675	N	N	4.177	7.421	7.147	0.274	1.2	0.3	s15_t1.2_a0.3_038.gff
2118	N	N	2.852	5.697	5.425	0.272	1.2	0.3	s15_t1.2_a0.3_039.gff
NA	Y	N	430.775	601.670	600.360	1.310	1.2	0.3	s15_t1.2_a0.3_040.gff
33392	N	N	40.166	55.164	54.460	0.704	1.2	0.3	s15_t1.2_a0.3_041.gff
404	N	N	2.052	3.962	3.764	0.198	1.2	0.3	s15_t1.2_a0.3_042.gff
1998	N	N	5.054	9.088	8.772	0.316	1.2	0.3	s15_t1.2_a0.3_043.gff
NA	Y	N	576.306	602.353	600.773	1.580	1.2	0.3	s15_t1.2_a0.3_044.gff
43201	N	N	52.873	71.708	70.846	0.862	1.2	0.3	s15_t1.2_a0.3_045.gff
1193	N	N	3.419	6.859	6.585	0.274	1.2	0.3	s15_t1.2_a0.3_046.gff
6116	N	N	5.477	9.632	9.316	0.316	1.2	0.3	s15_t1.2_a0.3_047.gff
714	N	N	2.390	4.748	4.490	0.258	1.2	0.3	s15_t1.2_a0.3_048.gff
1477	N	N	2.676	5.374	5.102	0.272	1.2	0.3	s15_t1.2_a0.3_049.gff
23398	N	N	21.658	31.574	31.025	0.549	1.2	0.3	s15_t1.2_a0.3_050.gff
33506	N	N	43.124	55.700	55.011	0.689	1.2	0.3	s15_t1.2_a0.3_051.gff
NA	Y	N	587.102	602.131	600.738	1.393	1.2	0.3	s15_t1.2_a0.3_052.gff
NA	Y	N	500.928	601.727	600.261	1.466	1.2	0.3	s15_t1.2_a0.3_053.gff
31637	N	N	26.362	35.679	35.171	0.508	1.2	0.3	s15_t1.2_a0.3_054.gff
NA	N	Y	271.677	585.596	581.892	3.704	1.2	0.3	s15_t1.2_a0.3_055.gff
15598	N	N	12.511	21.551	21.118	0.433	1.2	0.3	s15_t1.2_a0.3_056.gff
4494	N	N	4.398	8.225	7.928	0.297	1.2	0.3	s15_t1.2_a0.3_057.gff
25547	N	N	44.476	56.614	55.935	0.679	1.2	0.3	s15_t1.2_a0.3_058.gff
26554	N	N	21.367	29.650	29.175	0.475	1.2	0.3	s15_t1.2_a0.3_059.gff
11697	N	N	15.768	22.657	22.223	0.434	1.2	0.3	s15_t1.2_a0.3_060.gff
23630	N	N	60.569	77.694	76.793	0.901	1.2	0.3	s15_t1.2_a0.3_061.gff
21462	N	N	16.405	25.555	25.145	0.410	1.2	0.3	s15_t1.2_a0.3_062.gff
70092	N	N	108.317	148.788	147.736	1.052	1.2	0.3	s15_t1.2_a0.3_063.gff
7907	N	N	8.965	15.906	15.495	0.411	1.2	0.3	s15_t1.2_a0.3_064.gff
38547	N	N	62.752	80.559	79.695	0.864	1.2	0.3	s15_t1.2_a0.3_065.gff
NA	Y	N	446.076	602.546	600.891	1.655	1.2	0.3	s15_t1.2_a0.3_066.gff
23295	N	N	21.229	29.810	29.325	0.485	1.2	0.3	s15_t1.2_a0.3_067.gff
152	N	N	2.220	2.884	2.738	0.146	1.2	0.3	s15_t1.2_a0.3_068.gff
685	N	N	2.480	4.646	4.412	0.234	1.2	0.3	s15_t1.2_a0.3_069.gff
NA	N	Y	221.634	303.236	301.891	1.345	1.2	0.3	s15_t1.2_a0.3_070.gff
5602	N	N	6.596	10.911	10.577	0.334	1.2	0.3	s15_t1.2_a0.3_071.gff
NA	Y	N	289.231	601.734	600.267	1.467	1.2	0.3	s15_t1.2_a0.3_072.gff
NA	Y	N	233.879	602.138	600.613	1.525	1.2	0.3	s15_t1.2_a0.3_073.gff
5412	N	N	6.623	11.295	10.979	0.316	1.2	0.3	s15_t1.2_a0.3_074.gff
17057	N	N	13.254	21.957	21.523	0.434	1.2	0.3	s15_t1.2_a0.3_075.gff
8772	N	N	10.701	17.952	17.563	0.389	1.2	0.3	s15_t1.2_a0.3_076.gff
NA	Y	N	554.489	601.981	599.432	2.549	1.2	0.3	s15_t1.2_a0.3_077.gff
NA	N	Y	215.689	281.005	279.758	1.247	1.2	0.3	s15_t1.2_a0.3_078.gff
368	N	N	1.834	3.590	3.426	0.164	1.2	0.3	s15_t1.2_a0.3_079.gff
NA	Y	N	316.145	601.970	600.492	1.478	1.2	0.3	s15_t1.2_a0.3_080.gff
151	N	N	1.625	2.923	2.761	0.162	1.2	0.3	s15_t1.2_a0.3_081.gff
NA	Y	N	286.863	602.476	600.740	1.736	1.2	0.3	s15_t1.2_a0.3_082.gff
NA	Y	N	545.723	601.763	599.501	2.262	1.2	0.3	s15_t1.2_a0.3_083.gff
NA	Y	N	427.512	601.690	600.294	1.396	1.2	0.3	s15_t1.2_a0.3_084.gff
NA	Y	N	599.242	602.123	601.072	1.051	1.2	0.3	s15_t1.2_a0.3_085.gff
NA	Y	N	515.248	601.781	600.277	1.504	1.2	0.3	s15_t1.2_a0.3_086.gff
NA	Y	N	567.688	601.549	600.250	1.299	1.2	0.3	s15_t1.2_a0.3_087.gff
NA	N	Y	131.043	201.342	200.323	1.019	1.2	0.3	s15_t1.2_a0.3_088.gff
NA	Y	N	549.115	601.585	599.481	2.104	1.2	0.3	s15_t1.2_a0.3_089.gff
NA	N	Y	228.341	307.328	305.931	1.397	1.2	0.3	s15_t1.2_a0.3_090.gff
211	N	N	2.783	3.026	2.835	0.191	1.2	0.3	s15_t1.2_a0.3_091.gff
270	N	N	1.735	3.202	3.052	0.150	1.2	0.3	s15_t1.2_a0.3_092.gff
22511	N	N	15.962	25.945	25.482	0.463	1.2	0.3	s15_t1.2_a0.3_093.gff
11187	N	N	8.966	15.345	14.973	0.372	1.2	0.3	s15_t1.2_a0.3_094.gff
22751	N	N	28.374	39.697	39.132	0.565	1.2	0.3	s15_t1.2_a0.3_095.gff
NA	Y	N	593.681	601.551	600.369	1.182	1.2	0.3	s15_t1.2_a0.3_096.gff
NA	Y	N	546.408	601.740	600.540	1.200	1.2	0.3	s15_t1.2_a0.3_097.gff
5810	N	N	6.071	11.354	11.023	0.331	1.2	0.3	s15_t1.2_a0.3_098.gff
83753	N	N	134.950	183.285	182.163	1.122	1.2	0.3	s15_t1.2_a0.3_099.gff
16220	N	N	12.165	19.341	18.937	0.404	1.2	0.3	s15_t1.2_a0.3_100.gff
479	N	N	2.183	4.516	4.290	0.226	1.2	0.4	s15_t1.2_a0.4_001.gff
8490	N	N	8.719	15.232	14.836	0.396	1.2	0.4	s15_t1.2_a0.4_002.gff
34680	N	N	33.381	44.816	44.168	0.648	1.2	0.4	s15_t1.2_a0.4_003.gff
43893	N	N	65.478	83.248	82.333	0.915	1.2	0.4	s15_t1.2_a0.4_004.gff
16907	N	N	15.702	24.575	24.129	0.446	1.2	0.4	s15_t1.2_a0.4_005.gff
NA	Y	N	309.137	601.955	600.479	1.476	1.2	0.4	s15_t1.2_a0.4_006.gff
1039	N	N	2.686	5.059	4.811	0.248	1.2	0.4	s15_t1.2_a0.4_007.gff
13393	N	N	10.580	16.966	16.586	0.380	1.2	0.4	s15_t1.2_a0.4_008.gff
5108	N	N	5.152	9.094	8.778	0.316	1.2	0.4	s15_t1.2_a0.4_009.gff
10637	N	N	13.325	21.760	21.373	0.387	1.2	0.4	s15_t1.2_a0.4_010.gff
NA	Y	N	319.710	601.813	600.415	1.398	1.2	0.4	s15_t1.2_a0.4_011.gff
18238	N	N	44.311	56.999	56.313	0.686	1.2	0.4	s15_t1.2_a0.4_012.gff
1929	N	N	3.121	5.815	5.556	0.259	1.2	0.4	s15_t1.2_a0.4_013.gff
3425	N	N	5.165	9.435	9.140	0.295	1.2	0.4	s15_t1.2_a0.4_014.gff
32159	N	N	70.491	90.231	89.345	0.886	1.2	0.4	s15_t1.2_a0.4_015.gff
39213	N	N	56.774	77.667	76.810	0.857	1.2	0.4	s15_t1.2_a0.4_016.gff
11836	N	N	13.304	19.612	19.216	0.396	1.2	0.4	s15_t1.2_a0.4_017.gff
22	N	N	1.391	2.447	2.309	0.138	1.2	0.4	s15_t1.2_a0.4_018.gff
NA	N	Y	142.748	213.463	212.286	1.177	1.2	0.4	s15_t1.2_a0.4_019.gff
2673	N	N	5.464	7.753	7.454	0.299	1.2	0.4	s15_t1.2_a0.4_020.gff
2686	N	N	5.726	8.854	8.526	0.328	1.2	0.4	s15_t1.2_a0.4_021.gff
30996	N	N	55.151	71.122	70.219	0.903	1.2	0.4	s15_t1.2_a0.4_022.gff
3143	N	N	4.362	7.548	7.251	0.297	1.2	0.4	s15_t1.2_a0.4_023.gff
8	N	N	1.520	2.400	2.260	0.140	1.2	0.4	s15_t1.2_a0.4_024.gff
5676	N	N	6.396	11.327	11.016	0.311	1.2	0.4	s15_t1.2_a0.4_025.gff
384	N	N	2.038	4.107	3.916	0.191	1.2	0.4	s15_t1.2_a0.4_026.gff
16061	N	N	21.741	30.701	30.221	0.480	1.2	0.4	s15_t1.2_a0.4_027.gff
220	N	N	1.975	3.078	2.914	0.164	1.2	0.4	s15_t1.2_a0.4_028.gff
524	N	N	2.076	4.236	4.034	0.202	1.2	0.4	s15_t1.2_a0.4_029.gff
NA	Y	N	550.395	601.822	600.117	1.705	1.2	0.4	s15_t1.2_a0.4_030.gff
8407	N	N	8.093	14.672	14.337	0.335	1.2	0.4	s15_t1.2_a0.4_031.gff
71329	N	N	106.101	137.730	136.768	0.962	1.2	0.4	s15_t1.2_a0.4_032.gff
38991	N	N	52.887	63.721	62.995	0.726	1.2	0.4	s15_t1.2_a0.4_033.gff
2111	N	N	5.038	7.051	6.751	0.300	1.2	0.4	s15_t1.2_a0.4_034.gff
454	N	N	2.545	4.151	3.929	0.222	1.2	0.4	s15_t1.2_a0.4_035.gff
924	N	N	3.802	5.410	5.165	0.245	1.2	0.4	s15_t1.2_a0.4_036.gff
NA	Y	N	247.064	602.132	600.433	1.699	1.2	0.4	s15_t1.2_a0.4_037.gff
6979	N	N	5.100	9.420	9.101	0.319	1.2	0.4	s15_t1.2_a0.4_038.gff
1844	N	N	2.938	5.373	5.120	0.253	1.2	0.4	s15_t1.2_a0.4_039.gff
29189	N	N	38.795	52.877	52.221	0.656	1.2	0.4	s15_t1.2_a0.4_040.gff
25179	N	N	29.367	37.467	36.920	0.547	1.2	0.4	s15_t1.2_a0.4_041.gff
599	N	N	2.194	4.348	4.131	0.217	1.2	0.4	s15_t1.2_a0.4_042.gff
18028	N	N	17.412	24.869	24.449	0.420	1.2	0.4	s15_t1.2_a0.4_043.gff
10892	N	N	9.627	16.591	16.246	0.345	1.2	0.4	s15_t1.2_a0.4_044.gff
26339	N	N	43.367	54.857	54.214	0.643	1.2	0.4	s15_t1.2_a0.4_045.gff
1590	N	N	3.181	5.674	5.451	0.223	1.2	0.4	s15_t1.2_a0.4_046.gff
8448	N	N	8.617	14.705	14.362	0.343	1.2	0.4	s15_t1.2_a0.4_047.gff
44477	N	N	46.578	59.596	58.911	0.685	1.2	0.4	s15_t1.2_a0.4_048.gff
1026	N	N	2.455	5.028	4.766	0.262	1.2	0.4	s15_t1.2_a0.4_049.gff
1318	N	N	2.980	5.924	5.645	0.279	1.2	0.4	s15_t1.2_a0.4_050.gff
62650	N	N	82.102	100.534	99.683	0.851	1.2	0.4	s15_t1.2_a0.4_051.gff
63048	N	N	105.373	144.109	142.681	1.428	1.2	0.4	s15_t1.2_a0.4_052.gff
NA	Y	N	317.825	601.946	600.484	1.462	1.2	0.4	s15_t1.2_a0.4_053.gff
229	N	N	1.800	3.255	3.083	0.172	1.2	0.4	s15_t1.2_a0.4_054.gff
NA	Y	N	598.682	601.747	600.503	1.244	1.2	0.4	s15_t1.2_a0.4_055.gff
1686	N	N	3.022	5.883	5.600	0.283	1.2	0.4	s15_t1.2_a0.4_056.gff
1735	N	N	3.484	6.329	6.093	0.236	1.2	0.4	s15_t1.2_a0.4_057.gff
1211	N	N	2.705	5.242	4.985	0.257	1.2	0.4	s15_t1.2_a0.4_058.gff
3095	N	N	4.547	8.939	8.612	0.327	1.2	0.4	s15_t1.2_a0.4_059.gff
2592	N	N	4.262	8.093	7.798	0.295	1.2	0.4	s15_t1.2_a0.4_060.gff
7677	N	N	9.266	16.300	15.968	0.332	1.2	0.4	s15_t1.2_a0.4_061.gff
3947	N	N	5.523	9.276	8.974	0.302	1.2	0.4	s15_t1.2_a0.4_062.gff
19118	N	N	26.240	35.591	35.125	0.466	1.2	0.4	s15_t1.2_a0.4_063.gff
2619	N	N	4.138	7.271	6.989	0.282	1.2	0.4	s15_t1.2_a0.4_064.gff
28484	N	N	30.723	41.940	41.417	0.523	1.2	0.4	s15_t1.2_a0.4_065.gff
21038	N	N	28.931	38.083	37.524	0.559	1.2	0.4	s15_t1.2_a0.4_066.gff
19105	N	N	44.941	57.510	56.847	0.663	1.2	0.4	s15_t1.2_a0.4_067.gff
30959	N	N	29.140	39.267	38.749	0.518	1.2	0.4	s15_t1.2_a0.4_068.gff
457	N	N	2.023	4.088	3.882	0.206	1.2	0.4	s15_t1.2_a0.4_069.gff
1500	N	N	3.114	6.131	5.861	0.270	1.2	0.4	s15_t1.2_a0.4_070.gff
417	N	N	1.902	3.838	3.646	0.192	1.2	0.4	s15_t1.2_a0.4_071.gff
13507	N	N	16.916	22.479	22.128	0.351	1.2	0.4	s15_t1.2_a0.4_072.gff
4940	N	N	6.401	11.718	11.423	0.295	1.2	0.4	s15_t1.2_a0.4_073.gff
15109	N	N	20.175	29.262	28.811	0.451	1.2	0.4	s15_t1.2_a0.4_074.gff
9958	N	N	8.421	15.191	14.839	0.352	1.2	0.4	s15_t1.2_a0.4_075.gff
1859	N	N	3.795	6.831	6.547	0.284	1.2	0.4	s15_t1.2_a0.4_076.gff
27545	N	N	45.316	61.172	60.458	0.714	1.2	0.4	s15_t1.2_a0.4_077.gff
3113	N	N	4.851	9.090	8.799	0.291	1.2	0.4	s15_t1.2_a0.4_078.gff
834	N	N	2.526	5.255	4.989	0.266	1.2	0.4	s15_t1.2_a0.4_079.gff
19813	N	N	39.255	51.098	50.431	0.667	1.2	0.4	s15_t1.2_a0.4_080.gff
936	N	N	2.484	4.918	4.664	0.254	1.2	0.4	s15_t1.2_a0.4_081.gff
25091	N	N	21.822	30.951	30.482	0.469	1.2	0.4	s15_t1.2_a0.4_082.gff
376	N	N	1.916	3.799	3.613	0.186	1.2	0.4	s15_t1.2_a0.4_083.gff
NA	Y	N	448.661	602.053	600.524	1.529	1.2	0.4	s15_t1.2_a0.4_084.gff
37903	N	N	31.579	44.026	43.421	0.605	1.2	0.4	s15_t1.2_a0.4_085.gff
1281	N	N	2.685	5.297	5.042	0.255	1.2	0.4	s15_t1.2_a0.4_086.gff
15212	N	N	15.837	22.770	22.398	0.372	1.2	0.4	s15_t1.2_a0.4_087.gff
2183	N	N	3.555	6.512	6.231	0.281	1.2	0.4	s15_t1.2_a0.4_088.gff
38269	N	N	41.265	52.981	52.376	0.605	1.2	0.4	s15_t1.2_a0.4_089.gff
674	N	N	2.093	4.173	3.955	0.218	1.2	0.4	s15_t1.2_a0.4_090.gff
NA	Y	N	538.066	601.880	600.528	1.352	1.2	0.4	s15_t1.2_a0.4_091.gff
7	N	N	1.356	2.321	2.186	0.135	1.2	0.4	s15_t1.2_a0.4_092.gff
NA	Y	N	239.198	601.813	600.316	1.497	1.2	0.4	s15_t1.2_a0.4_093.gff
5885	N	N	7.143	12.003	11.661	0.342	1.2	0.4	s15_t1.2_a0.4_094.gff
4938	N	N	5.708	10.048	9.736	0.312	1.2	0.4	s15_t1.2_a0.4_095.gff
6540	N	N	6.795	11.348	11.001	0.347	1.2	0.4	s15_t1.2_a0.4_096.gff
216	N	N	1.818	3.099	2.934	0.165	1.2	0.4	s15_t1.2_a0.4_097.gff
16703	N	N	14.267	23.377	22.953	0.424	1.2	0.4	s15_t1.2_a0.4_098.gff
1750	N	N	3.002	6.961	6.654	0.307	1.2	0.4	s15_t1.2_a0.4_099.gff
NA	Y	N	305.382	601.708	600.331	1.377	1.2	0.4	s15_t1.2_a0.4_100.gff
2001	N	N	3.570	6.216	5.954	0.262	1.2	0.5	s15_t1.2_a0.5_001.gff
3256	N	N	3.991	7.758	7.501	0.257	1.2	0.5	s15_t1.2_a0.5_002.gff
833	N	N	2.353	4.757	4.516	0.241	1.2	0.5	s15_t1.2_a0.5_003.gff
241	N	N	1.714	3.080	2.923	0.157	1.2	0.5	s15_t1.2_a0.5_004.gff
3082	N	N	5.161	9.546	9.244	0.302	1.2	0.5	s15_t1.2_a0.5_005.gff
919	N	N	2.432	4.930	4.680	0.250	1.2	0.5	s15_t1.2_a0.5_006.gff
770	N	N	2.133	4.289	4.074	0.215	1.2	0.5	s15_t1.2_a0.5_007.gff
1455	N	N	2.676	5.205	4.958	0.247	1.2	0.5	s15_t1.2_a0.5_008.gff
2580	N	N	3.403	6.199	5.937	0.262	1.2	0.5	s15_t1.2_a0.5_009.gff
4381	N	N	6.423	11.292	10.941	0.351	1.2	0.5	s15_t1.2_a0.5_010.gff
845	N	N	2.786	5.287	5.057	0.230	1.2	0.5	s15_t1.2_a0.5_011.gff
4519	N	N	5.981	10.028	9.747	0.281	1.2	0.5	s15_t1.2_a0.5_012.gff
264	N	N	1.779	3.535	3.387	0.148	1.2	0.5	s15_t1.2_a0.5_013.gff
974	N	N	2.427	4.967	4.720	0.247	1.2	0.5	s15_t1.2_a0.5_014.gff
3321	N	N	4.654	8.817	8.512	0.305	1.2	0.5	s15_t1.2_a0.5_015.gff
4237	N	N	4.601	8.666	8.363	0.303	1.2	0.5	s15_t1.2_a0.5_016.gff
568	N	N	2.430	4.523	4.284	0.239	1.2	0.5	s15_t1.2_a0.5_017.gff
1574	N	N	3.380	6.543	6.249	0.294	1.2	0.5	s15_t1.2_a0.5_018.gff
3759	N	N	4.104	7.706	7.408	0.298	1.2	0.5	s15_t1.2_a0.5_019.gff
52	N	N	1.381	2.463	2.333	0.130	1.2	0.5	s15_t1.2_a0.5_020.gff
575	N	N	2.055	4.239	4.029	0.210	1.2	0.5	s15_t1.2_a0.5_021.gff
15808	N	N	15.236	25.043	24.566	0.477	1.2	0.5	s15_t1.2_a0.5_022.gff
247	N	N	1.792	3.611	3.443	0.168	1.2	0.5	s15_t1.2_a0.5_023.gff
1010	N	N	2.554	4.824	4.577	0.247	1.2	0.5	s15_t1.2_a0.5_024.gff
301	N	N	1.720	3.487	3.322	0.165	1.2	0.5	s15_t1.2_a0.5_025.gff
487	N	N	2.049	4.059	3.847	0.212	1.2	0.5	s15_t1.2_a0.5_026.gff
89	N	N	1.407	2.519	2.371	0.148	1.2	0.5	s15_t1.2_a0.5_027.gff
575	N	N	2.033	4.062	3.856	0.206	1.2	0.5	s15_t1.2_a0.5_028.gff
802	N	N	2.526	4.911	4.644	0.267	1.2	0.5	s15_t1.2_a0.5_029.gff
9546	N	N	8.004	14.490	14.141	0.349	1.2	0.5	s15_t1.2_a0.5_030.gff
1536	N	N	2.861	5.456	5.205	0.251	1.2	0.5	s15_t1.2_a0.5_031.gff
8373	N	N	9.296	17.330	16.961	0.369	1.2	0.5	s15_t1.2_a0.5_032.gff
2113	N	N	3.732	6.891	6.599	0.292	1.2	0.5	s15_t1.2_a0.5_033.gff
3480	N	N	4.548	8.689	8.407	0.282	1.2	0.5	s15_t1.2_a0.5_034.gff
619	N	N	2.262	4.432	4.194	0.238	1.2	0.5	s15_t1.2_a0.5_035.gff
924	N	N	2.285	4.694	4.459	0.235	1.2	0.5	s15_t1.2_a0.5_036.gff
1917	N	N	3.638	6.496	6.227	0.269	1.2	0.5	s15_t1.2_a0.5_037.gff
12570	N	N	12.462	21.526	21.152	0.374	1.2	0.5	s15_t1.2_a0.5_038.gff
278	N	N	1.806	3.621	3.445	0.176	1.2	0.5	s15_t1.2_a0.5_039.gff
3438	N	N	4.995	8.850	8.556	0.294	1.2	0.5	s15_t1.2_a0.5_040.gff
9334	N	N	15.392	23.462	23.037	0.425	1.2	0.5	s15_t1.2_a0.5_041.gff
4744	N	N	5.682	9.650	9.349	0.301	1.2	0.5	s15_t1.2_a0.5_042.gff
2768	N	N	4.356	7.280	7.024	0.256	1.2	0.5	s15_t1.2_a0.5_043.gff
1743	N	N	6.550	5.971	5.643	0.328	1.2	0.5	s15_t1.2_a0.5_044.gff
117	N	N	1.496	2.716	2.562	0.154	1.2	0.5	s15_t1.2_a0.5_045.gff
5479	N	N	4.963	9.658	9.315	0.343	1.2	0.5	s15_t1.2_a0.5_046.gff
1811	N	N	3.490	7.088	6.789	0.299	1.2	0.5	s15_t1.2_a0.5_047.gff
688	N	N	2.262	4.384	4.177	0.207	1.2	0.5	s15_t1.2_a0.5_048.gff
477	N	N	2.219	4.241	4.007	0.234	1.2	0.5	s15_t1.2_a0.5_049.gff
2730	N	N	3.759	6.441	6.169	0.272	1.2	0.5	s15_t1.2_a0.5_050.gff
4725	N	N	5.369	9.817	9.504	0.313	1.2	0.5	s15_t1.2_a0.5_051.gff
1879	N	N	3.185	5.733	5.456	0.277	1.2	0.5	s15_t1.2_a0.5_052.gff
53	N	N	1.351	2.416	2.299	0.117	1.2	0.5	s15_t1.2_a0.5_053.gff
4915	N	N	6.863	11.545	11.230	0.315	1.2	0.5	s15_t1.2_a0.5_054.gff
486	N	N	2.080	4.189	4.000	0.189	1.2	0.5	s15_t1.2_a0.5_055.gff
536	N	N	2.148	4.427	4.203	0.224	1.2	0.5	s15_t1.2_a0.5_056.gff
3771	N	N	4.554	9.170	8.893	0.277	1.2	0.5	s15_t1.2_a0.5_057.gff
1936	N	N	2.845	5.290	5.045	0.245	1.2	0.5	s15_t1.2_a0.5_058.gff
5832	N	N	4.556	7.909	7.619	0.290	1.2	0.5	s15_t1.2_a0.5_059.gff
3121	N	N	5.046	9.216	8.933	0.283	1.2	0.5	s15_t1.2_a0.5_060.gff
341	N	N	1.929	3.852	3.666	0.186	1.2	0.5	s15_t1.2_a0.5_061.gff
2741	N	N	5.796	9.815	9.529	0.286	1.2	0.5	s15_t1.2_a0.5_062.gff
12458	N	N	12.288	21.419	21.006	0.413	1.2	0.5	s15_t1.2_a0.5_063.gff
10587	N	N	9.142	16.747	16.349	0.398	1.2	0.5	s15_t1.2_a0.5_064.gff
175	N	N	1.678	3.263	3.109	0.154	1.2	0.5	s15_t1.2_a0.5_065.gff
1694	N	N	2.862	5.568	5.318	0.250	1.2	0.5	s15_t1.2_a0.5_066.gff
5341	N	N	6.365	10.764	10.475	0.289	1.2	0.5	s15_t1.2_a0.5_067.gff
2096	N	N	3.935	7.728	7.427	0.301	1.2	0.5	s15_t1.2_a0.5_068.gff
830	N	N	2.210	4.310	4.076	0.234	1.2	0.5	s15_t1.2_a0.5_069.gff
815	N	N	2.452	4.728	4.489	0.239	1.2	0.5	s15_t1.2_a0.5_070.gff
214	N	N	1.668	3.245	3.080	0.165	1.2	0.5	s15_t1.2_a0.5_071.gff
874	N	N	2.712	5.221	4.951	0.270	1.2	0.5	s15_t1.2_a0.5_072.gff
687	N	N	2.263	4.557	4.333	0.224	1.2	0.5	s15_t1.2_a0.5_073.gff
794	N	N	2.183	4.313	4.082	0.231	1.2	0.5	s15_t1.2_a0.5_074.gff
1411	N	N	2.941	5.569	5.347	0.222	1.2	0.5	s15_t1.2_a0.5_075.gff
1710	N	N	3.808	7.021	6.750	0.271	1.2	0.5	s15_t1.2_a0.5_076.gff
516	N	N	2.037	4.040	3.843	0.197	1.2	0.5	s15_t1.2_a0.5_077.gff
438	N	N	2.109	4.156	3.926	0.230	1.2	0.5	s15_t1.2_a0.5_078.gff
195	N	N	1.667	3.338	3.181	0.157	1.2	0.5	s15_t1.2_a0.5_079.gff
486	N	N	2.083	4.313	4.106	0.207	1.2	0.5	s15_t1.2_a0.5_080.gff
2037	N	N	3.552	6.402	6.129	0.273	1.2	0.5	s15_t1.2_a0.5_081.gff
1072	N	N	2.827	5.443	5.209	0.234	1.2	0.5	s15_t1.2_a0.5_082.gff
8231	N	N	10.877	18.891	18.496	0.395	1.2	0.5	s15_t1.2_a0.5_083.gff
770	N	N	2.335	4.496	4.253	0.243	1.2	0.5	s15_t1.2_a0.5_084.gff
29	N	N	1.301	2.361	2.225	0.136	1.2	0.5	s15_t1.2_a0.5_085.gff
269	N	N	1.735	3.478	3.315	0.163	1.2	0.5	s15_t1.2_a0.5_086.gff
2585	N	N	3.376	6.108	5.832	0.276	1.2	0.5	s15_t1.2_a0.5_087.gff
285	N	N	1.863	3.724	3.563	0.161	1.2	0.5	s15_t1.2_a0.5_088.gff
6797	N	N	5.608	9.538	9.239	0.299	1.2	0.5	s15_t1.2_a0.5_089.gff
246	N	N	1.807	3.659	3.489	0.170	1.2	0.5	s15_t1.2_a0.5_090.gff
1214	N	N	3.143	6.036	5.779	0.257	1.2	0.5	s15_t1.2_a0.5_091.gff
222	N	N	1.713	3.344	3.161	0.183	1.2	0.5	s15_t1.2_a0.5_092.gff
467	N	N	2.033	4.050	3.853	0.197	1.2	0.5	s15_t1.2_a0.5_093.gff
573	N	N	2.088	4.140	3.930	0.210	1.2	0.5	s15_t1.2_a0.5_094.gff
407	N	N	1.995	4.066	3.860	0.206	1.2	0.5	s15_t1.2_a0.5_095.gff
7632	N	N	8.755	15.372	14.969	0.403	1.2	0.5	s15_t1.2_a0.5_096.gff
317	N	N	1.778	3.526	3.360	0.166	1.2	0.5	s15_t1.2_a0.5_097.gff
660	N	N	2.185	4.312	4.075	0.237	1.2	0.5	s15_t1.2_a0.5_098.gff
680	N	N	2.200	4.529	4.306	0.223	1.2	0.5	s15_t1.2_a0.5_099.gff
114	N	N	1.460	2.670	2.528	0.142	1.2	0.5	s15_t1.2_a0.5_100.gff
128	N	N	1.498	2.748	2.613	0.135	1.2	0.6	s15_t1.2_a0.6_001.gff
234	N	N	1.713	3.406	3.222	0.184	1.2	0.6	s15_t1.2_a0.6_002.gff
252	N	N	1.756	3.524	3.368	0.156	1.2	0.6	s15_t1.2_a0.6_003.gff
661	N	N	2.167	4.478	4.265	0.213	1.2	0.6	s15_t1.2_a0.6_004.gff
445	N	N	1.924	3.950	3.763	0.187	1.2	0.6	s15_t1.2_a0.6_005.gff
229	N	N	1.709	3.354	3.199	0.155	1.2	0.6	s15_t1.2_a0.6_006.gff
331	N	N	1.831	3.637	3.456	0.181	1.2	0.6	s15_t1.2_a0.6_007.gff
146	N	N	1.545	2.868	2.733	0.135	1.2	0.6	s15_t1.2_a0.6_008.gff
6595	N	N	7.191	11.951	11.638	0.313	1.2	0.6	s15_t1.2_a0.6_009.gff
838	N	N	2.394	4.644	4.404	0.240	1.2	0.6	s15_t1.2_a0.6_010.gff
4863	N	N	6.612	10.914	10.592	0.322	1.2	0.6	s15_t1.2_a0.6_011.gff
506	N	N	1.905	3.844	3.649	0.195	1.2	0.6	s15_t1.2_a0.6_012.gff
263	N	N	1.733	3.451	3.281	0.170	1.2	0.6	s15_t1.2_a0.6_013.gff
1889	N	N	3.079	5.794	5.567	0.227	1.2	0.6	s15_t1.2_a0.6_014.gff
308	N	N	1.808	3.585	3.426	0.159	1.2	0.6	s15_t1.2_a0.6_015.gff
2949	N	N	4.807	9.364	9.065	0.299	1.2	0.6	s15_t1.2_a0.6_016.gff
124	N	N	1.498	2.744	2.598	0.146	1.2	0.6	s15_t1.2_a0.6_017.gff
3230	N	N	3.833	7.084	6.813	0.271	1.2	0.6	s15_t1.2_a0.6_018.gff
23	N	N	1.309	2.372	2.237	0.135	1.2	0.6	s15_t1.2_a0.6_019.gff
108	N	N	1.492	2.749	2.594	0.155	1.2	0.6	s15_t1.2_a0.6_020.gff
121	N	N	1.493	2.754	2.593	0.161	1.2	0.6	s15_t1.2_a0.6_021.gff
161	N	N	1.724	3.268	3.117	0.151	1.2	0.6	s15_t1.2_a0.6_022.gff
509	N	N	1.959	3.967	3.766	0.201	1.2	0.6	s15_t1.2_a0.6_023.gff
829	N	N	2.402	4.594	4.355	0.239	1.2	0.6	s15_t1.2_a0.6_024.gff
814	N	N	2.532	4.753	4.503	0.250	1.2	0.6	s15_t1.2_a0.6_025.gff
1422	N	N	2.783	5.432	5.174	0.258	1.2	0.6	s15_t1.2_a0.6_026.gff
101	N	N	1.476	2.685	2.526	0.159	1.2	0.6	s15_t1.2_a0.6_027.gff
24869	N	N	20.426	30.501	29.998	0.503	1.2	0.6	s15_t1.2_a0.6_028.gff
130	N	N	1.610	2.782	2.623	0.159	1.2	0.6	s15_t1.2_a0.6_029.gff
1811	N	N	3.532	6.473	6.241	0.232	1.2	0.6	s15_t1.2_a0.6_030.gff
1453	N	N	3.372	6.111	5.841	0.270	1.2	0.6	s15_t1.2_a0.6_031.gff
2084	N	N	3.544	6.397	6.121	0.276	1.2	0.6	s15_t1.2_a0.6_032.gff
533	N	N	2.173	4.115	3.901	0.214	1.2	0.6	s15_t1.2_a0.6_033.gff
413	N	N	1.926	3.931	3.744	0.187	1.2	0.6	s15_t1.2_a0.6_034.gff
4261	N	N	3.840	6.856	6.609	0.247	1.2	0.6	s15_t1.2_a0.6_035.gff
839	N	N	2.497	4.773	4.529	0.244	1.2	0.6	s15_t1.2_a0.6_036.gff
96	N	N	1.436	2.577	2.417	0.160	1.2	0.6	s15_t1.2_a0.6_037.gff
7316	N	N	7.926	14.302	13.932	0.370	1.2	0.6	s15_t1.2_a0.6_038.gff
114	N	N	1.499	2.811	2.664	0.147	1.2	0.6	s15_t1.2_a0.6_039.gff
244	N	N	1.700	3.342	3.184	0.158	1.2	0.6	s15_t1.2_a0.6_040.gff
717	N	N	2.203	4.489	4.274	0.215	1.2	0.6	s15_t1.2_a0.6_041.gff
621	N	N	2.042	4.050	3.840	0.210	1.2	0.6	s15_t1.2_a0.6_042.gff
1266	N	N	2.812	5.260	5.046	0.214	1.2	0.6	s15_t1.2_a0.6_043.gff
467	N	N	2.012	4.161	3.967	0.194	1.2	0.6	s15_t1.2_a0.6_044.gff
303	N	N	1.751	3.407	3.241	0.166	1.2	0.6	s15_t1.2_a0.6_045.gff
7173	N	N	7.891	14.376	14.028	0.348	1.2	0.6	s15_t1.2_a0.6_046.gff
908	N	N	2.311	4.637	4.401	0.236	1.2	0.6	s15_t1.2_a0.6_047.gff
219	N	N	1.753	3.415	3.234	0.181	1.2	0.6	s15_t1.2_a0.6_048.gff
483	N	N	2.003	3.946	3.769	0.177	1.2	0.6	s15_t1.2_a0.6_049.gff
93	N	N	1.412	2.531	2.396	0.135	1.2	0.6	s15_t1.2_a0.6_050.gff
98	N	N	1.441	2.601	2.457	0.144	1.2	0.6	s15_t1.2_a0.6_051.gff
3641	N	N	4.769	8.842	8.535	0.307	1.2	0.6	s15_t1.2_a0.6_052.gff
4	N	N	1.255	2.268	2.138	0.130	1.2	0.6	s15_t1.2_a0.6_053.gff
408	N	N	2.115	4.279	4.063	0.216	1.2	0.6	s15_t1.2_a0.6_054.gff
5188	N	N	8.870	15.386	15.011	0.375	1.2	0.6	s15_t1.2_a0.6_055.gff
71	N	N	1.406	2.536	2.413	0.123	1.2	0.6	s15_t1.2_a0.6_056.gff
134	N	N	1.664	3.248	3.090	0.158	1.2	0.6	s15_t1.2_a0.6_057.gff
1809	N	N	4.603	8.699	8.413	0.286	1.2	0.6	s15_t1.2_a0.6_058.gff
1792	N	N	3.626	6.380	6.125	0.255	1.2	0.6	s15_t1.2_a0.6_059.gff
743	N	N	2.122	4.329	4.138	0.191	1.2	0.6	s15_t1.2_a0.6_060.gff
9	N	N	1.253	2.286	2.145	0.141	1.2	0.6	s15_t1.2_a0.6_061.gff
1358	N	N	3.326	6.659	6.392	0.267	1.2	0.6	s15_t1.2_a0.6_062.gff
261	N	N	1.778	3.546	3.355	0.191	1.2	0.6	s15_t1.2_a0.6_063.gff
224	N	N	1.728	3.368	3.192	0.176	1.2	0.6	s15_t1.2_a0.6_064.gff
10538	N	N	9.663	16.242	15.839	0.403	1.2	0.6	s15_t1.2_a0.6_065.gff
3594	N	N	4.397	7.726	7.463	0.263	1.2	0.6	s15_t1.2_a0.6_066.gff
274	N	N	1.900	3.841	3.643	0.198	1.2	0.6	s15_t1.2_a0.6_067.gff
5734	N	N	5.358	9.348	9.065	0.283	1.2	0.6	s15_t1.2_a0.6_068.gff
217	N	N	1.644	3.066	2.915	0.151	1.2	0.6	s15_t1.2_a0.6_069.gff
3116	N	N	4.077	7.298	7.017	0.281	1.2	0.6	s15_t1.2_a0.6_070.gff
215	N	N	1.748	3.463	3.306	0.157	1.2	0.6	s15_t1.2_a0.6_071.gff
98	N	N	1.461	2.592	2.435	0.157	1.2	0.6	s15_t1.2_a0.6_072.gff
2038	N	N	3.572	6.497	6.241	0.256	1.2	0.6	s15_t1.2_a0.6_073.gff
761	N	N	2.309	4.511	4.270	0.241	1.2	0.6	s15_t1.2_a0.6_074.gff
456	N	N	2.016	4.034	3.842	0.192	1.2	0.6	s15_t1.2_a0.6_075.gff
410	N	N	1.867	3.702	3.515	0.187	1.2	0.6	s15_t1.2_a0.6_076.gff
342	N	N	1.806	3.552	3.387	0.165	1.2	0.6	s15_t1.2_a0.6_077.gff
456	N	N	2.073	4.106	3.924	0.182	1.2	0.6	s15_t1.2_a0.6_078.gff
173	N	N	1.686	3.171	2.999	0.172	1.2	0.6	s15_t1.2_a0.6_079.gff
464	N	N	2.019	4.032	3.821	0.211	1.2	0.6	s15_t1.2_a0.6_080.gff
74	N	N	1.529	2.867	2.722	0.145	1.2	0.6	s15_t1.2_a0.6_081.gff
930	N	N	2.565	5.051	4.827	0.224	1.2	0.6	s15_t1.2_a0.6_082.gff
102	N	N	1.498	2.782	2.659	0.123	1.2	0.6	s15_t1.2_a0.6_083.gff
679	N	N	2.332	4.786	4.552	0.234	1.2	0.6	s15_t1.2_a0.6_084.gff
3087	N	N	4.196	7.671	7.406	0.265	1.2	0.6	s15_t1.2_a0.6_085.gff
36	N	N	1.289	2.310	2.167	0.143	1.2	0.6	s15_t1.2_a0.6_086.gff
2154	N	N	3.486	7.076	6.799	0.277	1.2	0.6	s15_t1.2_a0.6_087.gff
910	N	N	2.529	4.880	4.661	0.219	1.2	0.6	s15_t1.2_a0.6_088.gff
192	N	N	1.696	3.204	3.031	0.173	1.2	0.6	s15_t1.2_a0.6_089.gff
4904	N	N	6.721	12.363	12.020	0.343	1.2	0.6	s15_t1.2_a0.6_090.gff
1012	N	N	3.036	5.787	5.556	0.231	1.2	0.6	s15_t1.2_a0.6_091.gff
2350	N	N	4.850	8.056	7.784	0.272	1.2	0.6	s15_t1.2_a0.6_092.gff
868	N	N	2.665	5.007	4.760	0.247	1.2	0.6	s15_t1.2_a0.6_093.gff
1153	N	N	3.120	5.478	5.234	0.244	1.2	0.6	s15_t1.2_a0.6_094.gff
113	N	N	1.657	2.721	2.571	0.150	1.2	0.6	s15_t1.2_a0.6_095.gff
119	N	N	1.775	2.895	2.747	0.148	1.2	0.6	s15_t1.2_a0.6_096.gff
490	N	N	2.247	4.387	4.188	0.199	1.2	0.6	s15_t1.2_a0.6_097.gff
283	N	N	1.782	3.617	3.455	0.162	1.2	0.6	s15_t1.2_a0.6_098.gff
491	N	N	2.100	4.179	3.987	0.192	1.2	0.6	s15_t1.2_a0.6_099.gff
1605	N	N	3.319	6.083	5.843	0.240	1.2	0.6	s15_t1.2_a0.6_100.gff
431	N	N	1.877	3.766	3.593	0.173	1.2	0.7	s15_t1.2_a0.7_001.gff
359	N	N	1.904	3.806	3.641	0.165	1.2	0.7	s15_t1.2_a0.7_002.gff
169	N	N	1.662	3.192	3.035	0.157	1.2	0.7	s15_t1.2_a0.7_003.gff
85	N	N	1.453	2.665	2.523	0.142	1.2	0.7	s15_t1.2_a0.7_004.gff
149	N	N	1.587	2.899	2.750	0.149	1.2	0.7	s15_t1.2_a0.7_005.gff
152	N	N	1.581	2.960	2.810	0.150	1.2	0.7	s15_t1.2_a0.7_006.gff
258	N	N	1.708	3.371	3.210	0.161	1.2	0.7	s15_t1.2_a0.7_007.gff
320	N	N	1.881	3.792	3.613	0.179	1.2	0.7	s15_t1.2_a0.7_008.gff
437	N	N	2.173	4.194	4.006	0.188	1.2	0.7	s15_t1.2_a0.7_009.gff
581	N	N	2.031	4.136	3.962	0.174	1.2	0.7	s15_t1.2_a0.7_010.gff
125	N	N	1.508	2.844	2.700	0.144	1.2	0.7	s15_t1.2_a0.7_011.gff
842	N	N	2.219	4.465	4.248	0.217	1.2	0.7	s15_t1.2_a0.7_012.gff
53	N	N	1.346	2.451	2.315	0.136	1.2	0.7	s15_t1.2_a0.7_013.gff
108	N	N	1.472	2.654	2.502	0.152	1.2	0.7	s15_t1.2_a0.7_014.gff
422	N	N	1.989	3.859	3.626	0.233	1.2	0.7	s15_t1.2_a0.7_015.gff
123	N	N	1.553	2.927	2.775	0.152	1.2	0.7	s15_t1.2_a0.7_016.gff
231	N	N	1.722	3.333	3.176	0.157	1.2	0.7	s15_t1.2_a0.7_017.gff
993	N	N	2.540	5.030	4.790	0.240	1.2	0.7	s15_t1.2_a0.7_018.gff
7	N	N	1.258	2.279	2.147	0.132	1.2	0.7	s15_t1.2_a0.7_019.gff
83	N	N	1.448	2.606	2.466	0.140	1.2	0.7	s15_t1.2_a0.7_020.gff
131	N	N	1.878	2.838	2.699	0.139	1.2	0.7	s15_t1.2_a0.7_021.gff
161	N	N	1.798	3.324	3.157	0.167	1.2	0.7	s15_t1.2_a0.7_022.gff
271	N	N	1.826	3.674	3.492	0.182	1.2	0.7	s15_t1.2_a0.7_023.gff
44	N	N	1.347	2.460	2.307	0.153	1.2	0.7	s15_t1.2_a0.7_024.gff
237	N	N	1.723	3.349	3.181	0.168	1.2	0.7	s15_t1.2_a0.7_025.gff
659	N	N	2.259	4.616	4.360	0.256	1.2	0.7	s15_t1.2_a0.7_026.gff
61	N	N	1.649	2.678	2.529	0.149	1.2	0.7	s15_t1.2_a0.7_027.gff
11	N	N	1.287	2.331	2.191	0.140	1.2	0.7	s15_t1.2_a0.7_028.gff
38	N	N	1.371	2.447	2.308	0.139	1.2	0.7	s15_t1.2_a0.7_029.gff
787	N	N	2.123	4.258	4.036	0.222	1.2	0.7	s15_t1.2_a0.7_030.gff
699	N	N	2.391	4.628	4.377	0.251	1.2	0.7	s15_t1.2_a0.7_031.gff
394	N	N	1.914	3.870	3.674	0.196	1.2	0.7	s15_t1.2_a0.7_032.gff
125	N	N	1.522	2.789	2.645	0.144	1.2	0.7	s15_t1.2_a0.7_033.gff
331	N	N	1.880	3.761	3.590	0.171	1.2	0.7	s15_t1.2_a0.7_034.gff
108	N	N	1.490	2.739	2.586	0.153	1.2	0.7	s15_t1.2_a0.7_035.gff
107	N	N	1.525	2.822	2.682	0.140	1.2	0.7	s15_t1.2_a0.7_036.gff
203	N	N	1.755	3.418	3.264	0.154	1.2	0.7	s15_t1.2_a0.7_037.gff
455	N	N	2.055	4.063	3.857	0.206	1.2	0.7	s15_t1.2_a0.7_038.gff
156	N	N	1.563	2.887	2.741	0.146	1.2	0.7	s15_t1.2_a0.7_039.gff
623	N	N	2.161	4.276	4.069	0.207	1.2	0.7	s15_t1.2_a0.7_040.gff
106	N	N	1.516	2.812	2.666	0.146	1.2	0.7	s15_t1.2_a0.7_041.gff
177	N	N	1.698	3.262	3.086	0.176	1.2	0.7	s15_t1.2_a0.7_042.gff
431	N	N	2.028	4.189	3.982	0.207	1.2	0.7	s15_t1.2_a0.7_043.gff
514	N	N	2.179	4.511	4.255	0.256	1.2	0.7	s15_t1.2_a0.7_044.gff
970	N	N	2.454	4.723	4.485	0.238	1.2	0.7	s15_t1.2_a0.7_045.gff
309	N	N	1.811	3.662	3.482	0.180	1.2	0.7	s15_t1.2_a0.7_046.gff
211	N	N	1.586	2.939	2.800	0.139	1.2	0.7	s15_t1.2_a0.7_047.gff
1098	N	N	2.539	4.960	4.731	0.229	1.2	0.7	s15_t1.2_a0.7_048.gff
267	N	N	1.678	3.084	2.918	0.166	1.2	0.7	s15_t1.2_a0.7_049.gff
249	N	N	1.811	3.511	3.321	0.190	1.2	0.7	s15_t1.2_a0.7_050.gff
117	N	N	1.466	2.665	2.523	0.142	1.2	0.7	s15_t1.2_a0.7_051.gff
133	N	N	1.540	2.837	2.690	0.147	1.2	0.7	s15_t1.2_a0.7_052.gff
415	N	N	1.831	3.684	3.507	0.177	1.2	0.7	s15_t1.2_a0.7_053.gff
167	N	N	1.647	3.209	3.056	0.153	1.2	0.7	s15_t1.2_a0.7_054.gff
1630	N	N	2.978	5.853	5.588	0.265	1.2	0.7	s15_t1.2_a0.7_055.gff
113	N	N	1.450	2.624	2.494	0.130	1.2	0.7	s15_t1.2_a0.7_056.gff
121	N	N	1.482	2.720	2.573	0.147	1.2	0.7	s15_t1.2_a0.7_057.gff
148	N	N	1.516	2.799	2.654	0.145	1.2	0.7	s15_t1.2_a0.7_058.gff
470	N	N	1.881	3.755	3.571	0.184	1.2	0.7	s15_t1.2_a0.7_059.gff
97	N	N	1.433	2.555	2.414	0.141	1.2	0.7	s15_t1.2_a0.7_060.gff
107	N	N	1.428	2.562	2.419	0.143	1.2	0.7	s15_t1.2_a0.7_061.gff
142	N	N	1.531	2.829	2.680	0.149	1.2	0.7	s15_t1.2_a0.7_062.gff
310	N	N	1.898	3.866	3.649	0.217	1.2	0.7	s15_t1.2_a0.7_063.gff
66	N	N	1.413	2.548	2.371	0.177	1.2	0.7	s15_t1.2_a0.7_064.gff
182	N	N	1.559	2.888	2.725	0.163	1.2	0.7	s15_t1.2_a0.7_065.gff
454	N	N	2.281	4.510	4.289	0.221	1.2	0.7	s15_t1.2_a0.7_066.gff
375	N	N	1.930	3.873	3.680	0.193	1.2	0.7	s15_t1.2_a0.7_067.gff
532	N	N	2.148	4.399	4.169	0.230	1.2	0.7	s15_t1.2_a0.7_068.gff
320	N	N	1.806	3.557	3.367	0.190	1.2	0.7	s15_t1.2_a0.7_069.gff
324	N	N	1.859	3.729	3.552	0.177	1.2	0.7	s15_t1.2_a0.7_070.gff
291	N	N	1.788	3.536	3.350	0.186	1.2	0.7	s15_t1.2_a0.7_071.gff
168	N	N	1.563	2.894	2.741	0.153	1.2	0.7	s15_t1.2_a0.7_072.gff
179	N	N	1.608	2.976	2.841	0.135	1.2	0.7	s15_t1.2_a0.7_073.gff
1823	N	N	3.350	6.387	6.123	0.264	1.2	0.7	s15_t1.2_a0.7_074.gff
117	N	N	1.454	2.605	2.457	0.148	1.2	0.7	s15_t1.2_a0.7_075.gff
19	N	N	1.296	2.341	2.195	0.146	1.2	0.7	s15_t1.2_a0.7_076.gff
119	N	N	1.531	2.849	2.684	0.165	1.2	0.7	s15_t1.2_a0.7_077.gff
92	N	N	1.447	2.585	2.446	0.139	1.2	0.7	s15_t1.2_a0.7_078.gff
234	N	N	1.752	3.539	3.377	0.162	1.2	0.7	s15_t1.2_a0.7_079.gff
3994	N	N	4.216	7.756	7.487	0.269	1.2	0.7	s15_t1.2_a0.7_080.gff
165	N	N	1.607	2.970	2.813	0.157	1.2	0.7	s15_t1.2_a0.7_081.gff
175	N	N	1.726	3.341	3.154	0.187	1.2	0.7	s15_t1.2_a0.7_082.gff
104	N	N	1.502	2.801	2.645	0.156	1.2	0.7	s15_t1.2_a0.7_083.gff
66	N	N	1.394	2.541	2.404	0.137	1.2	0.7	s15_t1.2_a0.7_084.gff
214	N	N	1.705	3.330	3.158	0.172	1.2	0.7	s15_t1.2_a0.7_085.gff
94	N	N	1.552	2.930	2.774	0.156	1.2	0.7	s15_t1.2_a0.7_086.gff
126	N	N	1.595	3.072	2.923	0.149	1.2	0.7	s15_t1.2_a0.7_087.gff
57	N	N	1.359	2.477	2.334	0.143	1.2	0.7	s15_t1.2_a0.7_088.gff
349	N	N	1.868	3.740	3.560	0.180	1.2	0.7	s15_t1.2_a0.7_089.gff
76	N	N	1.484	2.747	2.603	0.144	1.2	0.7	s15_t1.2_a0.7_090.gff
1569	N	N	2.813	5.492	5.247	0.245	1.2	0.7	s15_t1.2_a0.7_091.gff
483	N	N	2.081	4.247	4.043	0.204	1.2	0.7	s15_t1.2_a0.7_092.gff
167	N	N	1.567	2.853	2.704	0.149	1.2	0.7	s15_t1.2_a0.7_093.gff
374	N	N	1.851	3.705	3.539	0.166	1.2	0.7	s15_t1.2_a0.7_094.gff
120	N	N	1.485	2.732	2.581	0.151	1.2	0.7	s15_t1.2_a0.7_095.gff
268	N	N	1.764	3.475	3.312	0.163	1.2	0.7	s15_t1.2_a0.7_096.gff
212	N	N	1.630	3.033	2.882	0.151	1.2	0.7	s15_t1.2_a0.7_097.gff
105	N	N	1.587	2.931	2.769	0.162	1.2	0.7	s15_t1.2_a0.7_098.gff
196	N	N	1.740	3.438	3.256	0.182	1.2	0.7	s15_t1.2_a0.7_099.gff
994	N	N	3.865	5.257	5.003	0.254	1.2	0.7	s15_t1.2_a0.7_100.gff
359	N	N	1.833	3.596	3.421	0.175	1.2	0.8	s15_t1.2_a0.8_001.gff
180	N	N	1.585	2.969	2.819	0.150	1.2	0.8	s15_t1.2_a0.8_002.gff
86	N	N	1.487	2.777	2.624	0.153	1.2	0.8	s15_t1.2_a0.8_003.gff
407	N	N	2.095	4.229	4.018	0.211	1.2	0.8	s15_t1.2_a0.8_004.gff
259	N	N	1.724	3.313	3.125	0.188	1.2	0.8	s15_t1.2_a0.8_005.gff
349	N	N	1.954	3.948	3.771	0.177	1.2	0.8	s15_t1.2_a0.8_006.gff
195	N	N	1.638	2.935	2.780	0.155	1.2	0.8	s15_t1.2_a0.8_007.gff
159	N	N	1.571	2.953	2.797	0.156	1.2	0.8	s15_t1.2_a0.8_008.gff
212	N	N	1.700	3.210	3.023	0.187	1.2	0.8	s15_t1.2_a0.8_009.gff
105	N	N	1.538	2.858	2.713	0.145	1.2	0.8	s15_t1.2_a0.8_010.gff
172	N	N	1.590	3.011	2.846	0.165	1.2	0.8	s15_t1.2_a0.8_011.gff
99	N	N	1.432	2.569	2.425	0.144	1.2	0.8	s15_t1.2_a0.8_012.gff
28	N	N	1.303	2.334	2.188	0.146	1.2	0.8	s15_t1.2_a0.8_013.gff
88	N	N	1.383	2.498	2.361	0.137	1.2	0.8	s15_t1.2_a0.8_014.gff
57	N	N	1.412	2.539	2.376	0.163	1.2	0.8	s15_t1.2_a0.8_015.gff
129	N	N	1.573	2.847	2.710	0.137	1.2	0.8	s15_t1.2_a0.8_016.gff
198	N	N	1.691	2.922	2.772	0.150	1.2	0.8	s15_t1.2_a0.8_017.gff
102	N	N	1.510	2.720	2.573	0.147	1.2	0.8	s15_t1.2_a0.8_018.gff
238	N	N	1.712	3.262	3.092	0.170	1.2	0.8	s15_t1.2_a0.8_019.gff
173	N	N	1.591	2.856	2.709	0.147	1.2	0.8	s15_t1.2_a0.8_020.gff
125	N	N	1.502	2.710	2.562	0.148	1.2	0.8	s15_t1.2_a0.8_021.gff
41	N	N	1.343	2.425	2.296	0.129	1.2	0.8	s15_t1.2_a0.8_022.gff
78	N	N	1.440	2.602	2.472	0.130	1.2	0.8	s15_t1.2_a0.8_023.gff
270	N	N	1.728	3.326	3.154	0.172	1.2	0.8	s15_t1.2_a0.8_024.gff
63	N	N	1.322	2.357	2.220	0.137	1.2	0.8	s15_t1.2_a0.8_025.gff
67	N	N	1.361	2.436	2.288	0.148	1.2	0.8	s15_t1.2_a0.8_026.gff
3	N	N	1.237	2.241	2.123	0.118	1.2	0.8	s15_t1.2_a0.8_027.gff
318	N	N	1.799	3.636	3.460	0.176	1.2	0.8	s15_t1.2_a0.8_028.gff
113	N	N	1.494	2.768	2.635	0.133	1.2	0.8	s15_t1.2_a0.8_029.gff
44	N	N	1.351	2.473	2.349	0.124	1.2	0.8	s15_t1.2_a0.8_030.gff
233	N	N	1.733	3.417	3.249	0.168	1.2	0.8	s15_t1.2_a0.8_031.gff
223	N	N	1.684	3.219	3.068	0.151	1.2	0.8	s15_t1.2_a0.8_032.gff
23	N	N	1.332	2.348	2.224	0.124	1.2	0.8	s15_t1.2_a0.8_033.gff
84	N	N	1.563	2.683	2.514	0.169	1.2	0.8	s15_t1.2_a0.8_034.gff
52	N	N	1.387	2.538	2.374	0.164	1.2	0.8	s15_t1.2_a0.8_035.gff
463	N	N	2.015	4.119	3.913	0.206	1.2	0.8	s15_t1.2_a0.8_036.gff
168	N	N	1.618	2.851	2.717	0.134	1.2	0.8	s15_t1.2_a0.8_037.gff
273	N	N	1.812	3.499	3.313	0.186	1.2	0.8	s15_t1.2_a0.8_038.gff
207	N	N	1.629	2.948	2.807	0.141	1.2	0.8	s15_t1.2_a0.8_039.gff
127	N	N	1.465	2.567	2.421	0.146	1.2	0.8	s15_t1.2_a0.8_040.gff
8	N	N	1.334	2.325	2.205	0.120	1.2	0.8	s15_t1.2_a0.8_041.gff
351	N	N	1.824	3.623	3.453	0.170	1.2	0.8	s15_t1.2_a0.8_042.gff
87	N	N	1.444	2.541	2.418	0.123	1.2	0.8	s15_t1.2_a0.8_043.gff
202	N	N	1.605	2.946	2.792	0.154	1.2	0.8	s15_t1.2_a0.8_044.gff
1032	N	N	2.521	5.153	4.885	0.268	1.2	0.8	s15_t1.2_a0.8_045.gff
283	N	N	1.691	3.310	3.157	0.153	1.2	0.8	s15_t1.2_a0.8_046.gff
86	N	N	1.453	2.633	2.501	0.132	1.2	0.8	s15_t1.2_a0.8_047.gff
148	N	N	1.516	2.807	2.663	0.144	1.2	0.8	s15_t1.2_a0.8_048.gff
438	N	N	1.849	3.636	3.470	0.166	1.2	0.8	s15_t1.2_a0.8_049.gff
98	N	N	1.475	2.668	2.511	0.157	1.2	0.8	s15_t1.2_a0.8_050.gff
169	N	N	1.591	2.895	2.738	0.157	1.2	0.8	s15_t1.2_a0.8_051.gff
202	N	N	1.584	2.955	2.821	0.134	1.2	0.8	s15_t1.2_a0.8_052.gff
218	N	N	1.622	3.031	2.871	0.160	1.2	0.8	s15_t1.2_a0.8_053.gff
97	N	N	1.676	3.026	2.881	0.145	1.2	0.8	s15_t1.2_a0.8_054.gff
206	N	N	1.544	2.836	2.697	0.139	1.2	0.8	s15_t1.2_a0.8_055.gff
89	N	N	1.444	2.593	2.457	0.136	1.2	0.8	s15_t1.2_a0.8_056.gff
128	N	N	1.514	2.803	2.670	0.133	1.2	0.8	s15_t1.2_a0.8_057.gff
278	N	N	1.774	3.549	3.381	0.168	1.2	0.8	s15_t1.2_a0.8_058.gff
352	N	N	1.887	3.871	3.697	0.174	1.2	0.8	s15_t1.2_a0.8_059.gff
99	N	N	1.451	2.670	2.544	0.126	1.2	0.8	s15_t1.2_a0.8_060.gff
82	N	N	1.459	2.593	2.450	0.143	1.2	0.8	s15_t1.2_a0.8_061.gff
292	N	N	1.803	3.502	3.349	0.153	1.2	0.8	s15_t1.2_a0.8_062.gff
157	N	N	1.567	2.873	2.720	0.153	1.2	0.8	s15_t1.2_a0.8_063.gff
259	N	N	1.827	3.643	3.457	0.186	1.2	0.8	s15_t1.2_a0.8_064.gff
64	N	N	1.414	2.544	2.411	0.133	1.2	0.8	s15_t1.2_a0.8_065.gff
105	N	N	1.414	2.539	2.400	0.139	1.2	0.8	s15_t1.2_a0.8_066.gff
372	N	N	1.896	3.808	3.616	0.192	1.2	0.8	s15_t1.2_a0.8_067.gff
661	N	N	2.208	4.430	4.234	0.196	1.2	0.8	s15_t1.2_a0.8_068.gff
343	N	N	1.900	3.811	3.631	0.180	1.2	0.8	s15_t1.2_a0.8_069.gff
245	N	N	1.735	3.287	3.152	0.135	1.2	0.8	s15_t1.2_a0.8_070.gff
227	N	N	1.745	3.467	3.290	0.177	1.2	0.8	s15_t1.2_a0.8_071.gff
324	N	N	1.888	3.805	3.628	0.177	1.2	0.8	s15_t1.2_a0.8_072.gff
196	N	N	1.563	2.897	2.766	0.131	1.2	0.8	s15_t1.2_a0.8_073.gff
184	N	N	1.646	3.189	3.027	0.162	1.2	0.8	s15_t1.2_a0.8_074.gff
917	N	N	2.506	5.070	4.839	0.231	1.2	0.8	s15_t1.2_a0.8_075.gff
297	N	N	1.737	3.379	3.207	0.172	1.2	0.8	s15_t1.2_a0.8_076.gff
141	N	N	1.514	2.826	2.679	0.147	1.2	0.8	s15_t1.2_a0.8_077.gff
256	N	N	1.736	3.403	3.204	0.199	1.2	0.8	s15_t1.2_a0.8_078.gff
276	N	N	1.751	3.407	3.243	0.164	1.2	0.8	s15_t1.2_a0.8_079.gff
34	N	N	1.343	2.408	2.270	0.138	1.2	0.8	s15_t1.2_a0.8_080.gff
486	N	N	1.975	3.995	3.799	0.196	1.2	0.8	s15_t1.2_a0.8_081.gff
1023	N	N	2.515	5.037	4.798	0.239	1.2	0.8	s15_t1.2_a0.8_082.gff
50	N	N	1.348	2.450	2.332	0.118	1.2	0.8	s15_t1.2_a0.8_083.gff
199	N	N	1.549	2.905	2.758	0.147	1.2	0.8	s15_t1.2_a0.8_084.gff
77	N	N	1.440	2.603	2.462	0.141	1.2	0.8	s15_t1.2_a0.8_085.gff
104	N	N	1.519	2.806	2.639	0.167	1.2	0.8	s15_t1.2_a0.8_086.gff
282	N	N	1.808	3.498	3.309	0.189	1.2	0.8	s15_t1.2_a0.8_087.gff
58	N	N	1.441	2.611	2.477	0.134	1.2	0.8	s15_t1.2_a0.8_088.gff
99	N	N	1.505	2.722	2.593	0.129	1.2	0.8	s15_t1.2_a0.8_089.gff
63	N	N	1.509	2.797	2.628	0.169	1.2	0.8	s15_t1.2_a0.8_090.gff
66	N	N	1.461	2.666	2.502	0.164	1.2	0.8	s15_t1.2_a0.8_091.gff
143	N	N	1.528	2.823	2.673	0.150	1.2	0.8	s15_t1.2_a0.8_092.gff
113	N	N	1.536	2.781	2.630	0.151	1.2	0.8	s15_t1.2_a0.8_093.gff
551	N	N	2.208	4.467	4.220	0.247	1.2	0.8	s15_t1.2_a0.8_094.gff
791	N	N	2.273	4.995	4.748	0.247	1.2	0.8	s15_t1.2_a0.8_095.gff
122	N	N	1.586	2.936	2.764	0.172	1.2	0.8	s15_t1.2_a0.8_096.gff
57	N	N	1.424	2.535	2.389	0.146	1.2	0.8	s15_t1.2_a0.8_097.gff
230	N	N	1.730	3.402	3.218	0.184	1.2	0.8	s15_t1.2_a0.8_098.gff
77	N	N	1.384	2.490	2.347	0.143	1.2	0.8	s15_t1.2_a0.8_099.gff
29	N	N	1.317	2.420	2.283	0.137	1.2	0.8	s15_t1.2_a0.8_100.gff
154	N	N	1.501	2.767	2.622	0.145	1.2	0.9	s15_t1.2_a0.9_001.gff
109	N	N	1.475	2.719	2.579	0.140	1.2	0.9	s15_t1.2_a0.9_002.gff
78	N	N	1.397	2.532	2.382	0.150	1.2	0.9	s15_t1.2_a0.9_003.gff
115	N	N	1.430	2.593	2.454	0.139	1.2	0.9	s15_t1.2_a0.9_004.gff
222	N	N	1.694	3.224	3.067	0.157	1.2	0.9	s15_t1.2_a0.9_005.gff
241	N	N	1.722	3.309	3.163	0.146	1.2	0.9	s15_t1.2_a0.9_006.gff
117	N	N	1.479	2.698	2.552	0.146	1.2	0.9	s15_t1.2_a0.9_007.gff
358	N	N	1.912	3.551	3.358	0.193	1.2	0.9	s15_t1.2_a0.9_008.gff
153	N	N	1.507	2.768	2.644	0.124	1.2	0.9	s15_t1.2_a0.9_009.gff
67	N	N	1.405	2.519	2.376	0.143	1.2	0.9	s15_t1.2_a0.9_010.gff
112	N	N	1.508	2.783	2.651	0.132	1.2	0.9	s15_t1.2_a0.9_011.gff
67	N	N	1.372	2.464	2.337	0.127	1.2	0.9	s15_t1.2_a0.9_012.gff
136	N	N	1.430	2.597	2.446	0.151	1.2	0.9	s15_t1.2_a0.9_013.gff
54	N	N	1.342	2.436	2.309	0.127	1.2	0.9	s15_t1.2_a0.9_014.gff
102	N	N	1.461	2.565	2.410	0.155	1.2	0.9	s15_t1.2_a0.9_015.gff
141	N	N	1.688	2.859	2.714	0.145	1.2	0.9	s15_t1.2_a0.9_016.gff
35	N	N	1.316	2.367	2.223	0.144	1.2	0.9	s15_t1.2_a0.9_017.gff
317	N	N	1.715	3.332	3.164	0.168	1.2	0.9	s15_t1.2_a0.9_018.gff
150	N	N	1.532	2.697	2.542	0.155	1.2	0.9	s15_t1.2_a0.9_019.gff
67	N	N	1.377	2.509	2.361	0.148	1.2	0.9	s15_t1.2_a0.9_020.gff
61	N	N	1.353	2.428	2.301	0.127	1.2	0.9	s15_t1.2_a0.9_021.gff
121	N	N	1.495	2.622	2.494	0.128	1.2	0.9	s15_t1.2_a0.9_022.gff
36	N	N	1.307	2.388	2.251	0.137	1.2	0.9	s15_t1.2_a0.9_023.gff
73	N	N	1.573	2.600	2.437	0.163	1.2	0.9	s15_t1.2_a0.9_024.gff
153	N	N	1.522	2.814	2.673	0.141	1.2	0.9	s15_t1.2_a0.9_025.gff
41	N	N	1.323	2.377	2.252	0.125	1.2	0.9	s15_t1.2_a0.9_026.gff
47	N	N	1.435	2.406	2.276	0.130	1.2	0.9	s15_t1.2_a0.9_027.gff
76	N	N	1.392	2.513	2.364	0.149	1.2	0.9	s15_t1.2_a0.9_028.gff
93	N	N	1.583	2.659	2.500	0.159	1.2	0.9	s15_t1.2_a0.9_029.gff
124	N	N	1.498	2.674	2.547	0.127	1.2	0.9	s15_t1.2_a0.9_030.gff
77	N	N	1.401	2.523	2.398	0.125	1.2	0.9	s15_t1.2_a0.9_031.gff
170	N	N	1.558	2.830	2.684	0.146	1.2	0.9	s15_t1.2_a0.9_032.gff
180	N	N	1.535	2.860	2.697	0.163	1.2	0.9	s15_t1.2_a0.9_033.gff
60	N	N	1.738	2.589	2.445	0.144	1.2	0.9	s15_t1.2_a0.9_034.gff
59	N	N	1.365	2.454	2.320	0.134	1.2	0.9	s15_t1.2_a0.9_035.gff
22	N	N	1.283	2.349	2.220	0.129	1.2	0.9	s15_t1.2_a0.9_036.gff
188	N	N	1.572	2.896	2.755	0.141	1.2	0.9	s15_t1.2_a0.9_037.gff
26	N	N	1.408	2.350	2.227	0.123	1.2	0.9	s15_t1.2_a0.9_038.gff
54	N	N	1.378	2.417	2.275	0.142	1.2	0.9	s15_t1.2_a0.9_039.gff
203	N	N	1.629	3.102	2.946	0.156	1.2	0.9	s15_t1.2_a0.9_040.gff
83	N	N	1.455	2.641	2.512	0.129	1.2	0.9	s15_t1.2_a0.9_041.gff
225	N	N	1.596	2.929	2.793	0.136	1.2	0.9	s15_t1.2_a0.9_042.gff
71	N	N	1.398	2.501	2.359	0.142	1.2	0.9	s15_t1.2_a0.9_043.gff
137	N	N	1.640	2.748	2.594	0.154	1.2	0.9	s15_t1.2_a0.9_044.gff
181	N	N	1.615	3.083	2.925	0.158	1.2	0.9	s15_t1.2_a0.9_045.gff
90	N	N	1.482	2.647	2.485	0.162	1.2	0.9	s15_t1.2_a0.9_046.gff
20	N	N	1.345	2.455	2.310	0.145	1.2	0.9	s15_t1.2_a0.9_047.gff
99	N	N	1.411	2.581	2.433	0.148	1.2	0.9	s15_t1.2_a0.9_048.gff
478	N	N	2.019	4.099	3.914	0.185	1.2	0.9	s15_t1.2_a0.9_049.gff
174	N	N	1.527	2.875	2.715	0.160	1.2	0.9	s15_t1.2_a0.9_050.gff
11	N	N	1.622	2.355	2.235	0.120	1.2	0.9	s15_t1.2_a0.9_051.gff
445	N	N	1.903	3.848	3.669	0.179	1.2	0.9	s15_t1.2_a0.9_052.gff
150	N	N	1.506	2.751	2.602	0.149	1.2	0.9	s15_t1.2_a0.9_053.gff
69	N	N	1.368	2.466	2.332	0.134	1.2	0.9	s15_t1.2_a0.9_054.gff
96	N	N	1.459	2.623	2.470	0.153	1.2	0.9	s15_t1.2_a0.9_055.gff
121	N	N	1.466	2.641	2.509	0.132	1.2	0.9	s15_t1.2_a0.9_056.gff
279	N	N	1.808	3.536	3.363	0.173	1.2	0.9	s15_t1.2_a0.9_057.gff
78	N	N	1.408	2.562	2.411	0.151	1.2	0.9	s15_t1.2_a0.9_058.gff
53	N	N	1.571	2.514	2.385	0.129	1.2	0.9	s15_t1.2_a0.9_059.gff
112	N	N	1.427	2.576	2.447	0.129	1.2	0.9	s15_t1.2_a0.9_060.gff
731	N	N	2.185	4.294	4.064	0.230	1.2	0.9	s15_t1.2_a0.9_061.gff
143	N	N	1.552	2.938	2.782	0.156	1.2	0.9	s15_t1.2_a0.9_062.gff
401	N	N	1.869	3.722	3.509	0.213	1.2	0.9	s15_t1.2_a0.9_063.gff
137	N	N	1.585	2.893	2.746	0.147	1.2	0.9	s15_t1.2_a0.9_064.gff
32	N	N	1.391	2.383	2.252	0.131	1.2	0.9	s15_t1.2_a0.9_065.gff
50	N	N	1.447	2.606	2.456	0.150	1.2	0.9	s15_t1.2_a0.9_066.gff
109	N	N	1.465	2.662	2.507	0.155	1.2	0.9	s15_t1.2_a0.9_067.gff
154	N	N	1.581	2.938	2.801	0.137	1.2	0.9	s15_t1.2_a0.9_068.gff
122	N	N	1.487	2.778	2.644	0.134	1.2	0.9	s15_t1.2_a0.9_069.gff
82	N	N	1.400	2.515	2.390	0.125	1.2	0.9	s15_t1.2_a0.9_070.gff
175	N	N	1.533	2.869	2.723	0.146	1.2	0.9	s15_t1.2_a0.9_071.gff
75	N	N	1.398	2.538	2.390	0.148	1.2	0.9	s15_t1.2_a0.9_072.gff
96	N	N	1.433	2.592	2.466	0.126	1.2	0.9	s15_t1.2_a0.9_073.gff
34	N	N	1.317	2.371	2.243	0.128	1.2	0.9	s15_t1.2_a0.9_074.gff
124	N	N	1.449	2.593	2.432	0.161	1.2	0.9	s15_t1.2_a0.9_075.gff
146	N	N	1.527	2.816	2.665	0.151	1.2	0.9	s15_t1.2_a0.9_076.gff
121	N	N	1.468	2.681	2.549	0.132	1.2	0.9	s15_t1.2_a0.9_077.gff
48	N	N	1.360	2.465	2.332	0.133	1.2	0.9	s15_t1.2_a0.9_078.gff
49	N	N	1.350	2.432	2.285	0.147	1.2	0.9	s15_t1.2_a0.9_079.gff
100	N	N	1.431	2.607	2.471	0.136	1.2	0.9	s15_t1.2_a0.9_080.gff
285	N	N	1.787	3.468	3.305	0.163	1.2	0.9	s15_t1.2_a0.9_081.gff
81	N	N	1.387	2.527	2.391	0.136	1.2	0.9	s15_t1.2_a0.9_082.gff
362	N	N	1.899	3.747	3.568	0.179	1.2	0.9	s15_t1.2_a0.9_083.gff
90	N	N	1.462	2.656	2.513	0.143	1.2	0.9	s15_t1.2_a0.9_084.gff
618	N	N	2.147	4.397	4.163	0.234	1.2	0.9	s15_t1.2_a0.9_085.gff
41	N	N	1.311	2.379	2.261	0.118	1.2	0.9	s15_t1.2_a0.9_086.gff
266	N	N	1.694	3.283	3.126	0.157	1.2	0.9	s15_t1.2_a0.9_087.gff
45	N	N	1.337	2.457	2.315	0.142	1.2	0.9	s15_t1.2_a0.9_088.gff
182	N	N	1.608	3.125	2.962	0.163	1.2	0.9	s15_t1.2_a0.9_089.gff
71	N	N	1.428	2.546	2.400	0.146	1.2	0.9	s15_t1.2_a0.9_090.gff
48	N	N	1.360	2.471	2.359	0.112	1.2	0.9	s15_t1.2_a0.9_091.gff
126	N	N	1.491	2.691	2.529	0.162	1.2	0.9	s15_t1.2_a0.9_092.gff
104	N	N	1.468	2.671	2.540	0.131	1.2	0.9	s15_t1.2_a0.9_093.gff
278	N	N	1.692	3.291	3.136	0.155	1.2	0.9	s15_t1.2_a0.9_094.gff
91	N	N	1.409	2.536	2.389	0.147	1.2	0.9	s15_t1.2_a0.9_095.gff
64	N	N	1.349	2.412	2.271	0.141	1.2	0.9	s15_t1.2_a0.9_096.gff
41	N	N	1.308	2.355	2.232	0.123	1.2	0.9	s15_t1.2_a0.9_097.gff
146	N	N	1.506	2.845	2.719	0.126	1.2	0.9	s15_t1.2_a0.9_098.gff
63	N	N	1.363	2.455	2.313	0.142	1.2	0.9	s15_t1.2_a0.9_099.gff
381	N	N	1.803	3.593	3.429	0.164	1.2	0.9	s15_t1.2_a0.9_100.gff
24	N	N	1.287	2.318	2.191	0.127	1.2	1.0	s15_t1.2_a1.0_001.gff
190	N	N	1.511	2.757	2.629	0.128	1.2	1.0	s15_t1.2_a1.0_002.gff
69	N	N	1.389	2.507	2.374	0.133	1.2	1.0	s15_t1.2_a1.0_003.gff
41	N	N	1.347	2.440	2.294	0.146	1.2	1.0	s15_t1.2_a1.0_004.gff
34	N	N	1.322	2.387	2.242	0.145	1.2	1.0	s15_t1.2_a1.0_005.gff
38	N	N	1.330	2.449	2.318	0.131	1.2	1.0	s15_t1.2_a1.0_006.gff
115	N	N	1.417	2.553	2.426	0.127	1.2	1.0	s15_t1.2_a1.0_007.gff
42	N	N	1.648	2.416	2.283	0.133	1.2	1.0	s15_t1.2_a1.0_008.gff
147	N	N	1.470	2.687	2.516	0.171	1.2	1.0	s15_t1.2_a1.0_009.gff
2	N	N	1.258	2.270	2.142	0.128	1.2	1.0	s15_t1.2_a1.0_010.gff
46	N	N	1.323	2.406	2.269	0.137	1.2	1.0	s15_t1.2_a1.0_011.gff
42	N	N	1.318	2.379	2.244	0.135	1.2	1.0	s15_t1.2_a1.0_012.gff
20	N	N	1.297	2.380	2.241	0.139	1.2	1.0	s15_t1.2_a1.0_013.gff
15	N	N	1.276	2.300	2.174	0.126	1.2	1.0	s15_t1.2_a1.0_014.gff
37	N	N	1.308	2.392	2.270	0.122	1.2	1.0	s15_t1.2_a1.0_015.gff
59	N	N	1.358	2.477	2.337	0.140	1.2	1.0	s15_t1.2_a1.0_016.gff
26	N	N	1.294	2.345	2.209	0.136	1.2	1.0	s15_t1.2_a1.0_017.gff
137	N	N	1.426	2.587	2.427	0.160	1.2	1.0	s15_t1.2_a1.0_018.gff
38	N	N	1.307	2.389	2.268	0.121	1.2	1.0	s15_t1.2_a1.0_019.gff
30	N	N	1.296	2.376	2.245	0.131	1.2	1.0	s15_t1.2_a1.0_020.gff
39	N	N	1.325	2.404	2.284	0.120	1.2	1.0	s15_t1.2_a1.0_021.gff
70	N	N	1.371	2.502	2.363	0.139	1.2	1.0	s15_t1.2_a1.0_022.gff
103	N	N	1.412	2.575	2.433	0.142	1.2	1.0	s15_t1.2_a1.0_023.gff
67	N	N	1.356	2.434	2.311	0.123	1.2	1.0	s15_t1.2_a1.0_024.gff
68	N	N	1.362	2.454	2.308	0.146	1.2	1.0	s15_t1.2_a1.0_025.gff
137	N	N	1.490	2.736	2.596	0.140	1.2	1.0	s15_t1.2_a1.0_026.gff
152	N	N	1.477	2.742	2.600	0.142	1.2	1.0	s15_t1.2_a1.0_027.gff
174	N	N	1.473	2.703	2.560	0.143	1.2	1.0	s15_t1.2_a1.0_028.gff
44	N	N	1.333	2.423	2.298	0.125	1.2	1.0	s15_t1.2_a1.0_029.gff
37	N	N	1.299	2.348	2.216	0.132	1.2	1.0	s15_t1.2_a1.0_030.gff
27	N	N	1.298	2.408	2.277	0.131	1.2	1.0	s15_t1.2_a1.0_031.gff
40	N	N	1.323	2.422	2.283	0.139	1.2	1.0	s15_t1.2_a1.0_032.gff
50	N	N	1.327	2.429	2.289	0.140	1.2	1.0	s15_t1.2_a1.0_033.gff
57	N	N	1.545	2.569	2.430	0.139	1.2	1.0	s15_t1.2_a1.0_034.gff
27	N	N	1.298	2.372	2.228	0.144	1.2	1.0	s15_t1.2_a1.0_035.gff
121	N	N	1.415	2.567	2.430	0.137	1.2	1.0	s15_t1.2_a1.0_036.gff
134	N	N	1.461	2.668	2.540	0.128	1.2	1.0	s15_t1.2_a1.0_037.gff
128	N	N	1.427	2.627	2.486	0.141	1.2	1.0	s15_t1.2_a1.0_038.gff
63	N	N	1.365	2.471	2.338	0.133	1.2	1.0	s15_t1.2_a1.0_039.gff
33	N	N	1.311	2.389	2.280	0.109	1.2	1.0	s15_t1.2_a1.0_040.gff
91	N	N	1.401	2.546	2.391	0.155	1.2	1.0	s15_t1.2_a1.0_041.gff
6	N	N	1.263	2.288	2.149	0.139	1.2	1.0	s15_t1.2_a1.0_042.gff
63	N	N	1.363	2.458	2.331	0.127	1.2	1.0	s15_t1.2_a1.0_043.gff
91	N	N	1.376	2.483	2.340	0.143	1.2	1.0	s15_t1.2_a1.0_044.gff
101	N	N	1.400	2.551	2.413	0.138	1.2	1.0	s15_t1.2_a1.0_045.gff
22	N	N	1.290	2.337	2.193	0.144	1.2	1.0	s15_t1.2_a1.0_046.gff
48	N	N	1.354	2.464	2.329	0.135	1.2	1.0	s15_t1.2_a1.0_047.gff
25	N	N	1.330	2.434	2.297	0.137	1.2	1.0	s15_t1.2_a1.0_048.gff
35	N	N	1.326	2.392	2.274	0.118	1.2	1.0	s15_t1.2_a1.0_049.gff
121	N	N	1.421	2.583	2.437	0.146	1.2	1.0	s15_t1.2_a1.0_050.gff
116	N	N	1.405	2.552	2.420	0.132	1.2	1.0	s15_t1.2_a1.0_051.gff
52	N	N	1.324	2.413	2.276	0.137	1.2	1.0	s15_t1.2_a1.0_052.gff
35	N	N	1.318	2.392	2.268	0.124	1.2	1.0	s15_t1.2_a1.0_053.gff
41	N	N	1.320	2.401	2.281	0.120	1.2	1.0	s15_t1.2_a1.0_054.gff
38	N	N	1.311	2.398	2.269	0.129	1.2	1.0	s15_t1.2_a1.0_055.gff
116	N	N	1.396	2.549	2.423	0.126	1.2	1.0	s15_t1.2_a1.0_056.gff
49	N	N	1.321	2.412	2.280	0.132	1.2	1.0	s15_t1.2_a1.0_057.gff
25	N	N	1.299	2.375	2.240	0.135	1.2	1.0	s15_t1.2_a1.0_058.gff
51	N	N	1.341	2.392	2.260	0.132	1.2	1.0	s15_t1.2_a1.0_059.gff
37	N	N	1.310	2.352	2.230	0.122	1.2	1.0	s15_t1.2_a1.0_060.gff
77	N	N	1.373	2.481	2.359	0.122	1.2	1.0	s15_t1.2_a1.0_061.gff
114	N	N	1.407	2.545	2.420	0.125	1.2	1.0	s15_t1.2_a1.0_062.gff
91	N	N	1.373	2.469	2.340	0.129	1.2	1.0	s15_t1.2_a1.0_063.gff
66	N	N	1.682	2.562	2.422	0.140	1.2	1.0	s15_t1.2_a1.0_064.gff
193	N	N	1.493	2.767	2.641	0.126	1.2	1.0	s15_t1.2_a1.0_065.gff
167	N	N	1.474	2.722	2.604	0.118	1.2	1.0	s15_t1.2_a1.0_066.gff
36	N	N	1.308	2.379	2.245	0.134	1.2	1.0	s15_t1.2_a1.0_067.gff
106	N	N	1.421	2.571	2.447	0.124	1.2	1.0	s15_t1.2_a1.0_068.gff
35	N	N	1.298	2.354	2.217	0.137	1.2	1.0	s15_t1.2_a1.0_069.gff
142	N	N	1.449	2.664	2.517	0.147	1.2	1.0	s15_t1.2_a1.0_070.gff
37	N	N	1.309	2.393	2.263	0.130	1.2	1.0	s15_t1.2_a1.0_071.gff
68	N	N	1.370	2.495	2.383	0.112	1.2	1.0	s15_t1.2_a1.0_072.gff
28	N	N	1.300	2.356	2.224	0.132	1.2	1.0	s15_t1.2_a1.0_073.gff
53	N	N	1.329	2.406	2.270	0.136	1.2	1.0	s15_t1.2_a1.0_074.gff
21	N	N	1.291	2.366	2.235	0.131	1.2	1.0	s15_t1.2_a1.0_075.gff
35	N	N	1.303	2.384	2.238	0.146	1.2	1.0	s15_t1.2_a1.0_076.gff
59	N	N	1.339	2.416	2.294	0.122	1.2	1.0	s15_t1.2_a1.0_077.gff
33	N	N	1.294	2.402	2.249	0.153	1.2	1.0	s15_t1.2_a1.0_078.gff
78	N	N	1.452	2.508	2.388	0.120	1.2	1.0	s15_t1.2_a1.0_079.gff
50	N	N	1.322	2.382	2.260	0.122	1.2	1.0	s15_t1.2_a1.0_080.gff
54	N	N	1.341	2.445	2.306	0.139	1.2	1.0	s15_t1.2_a1.0_081.gff
110	N	N	1.425	2.612	2.478	0.134	1.2	1.0	s15_t1.2_a1.0_082.gff
110	N	N	2.189	2.584	2.439	0.145	1.2	1.0	s15_t1.2_a1.0_083.gff
45	N	N	1.540	2.449	2.320	0.129	1.2	1.0	s15_t1.2_a1.0_084.gff
168	N	N	1.466	2.695	2.567	0.128	1.2	1.0	s15_t1.2_a1.0_085.gff
128	N	N	1.417	2.570	2.442	0.128	1.2	1.0	s15_t1.2_a1.0_086.gff
65	N	N	1.377	2.450	2.321	0.129	1.2	1.0	s15_t1.2_a1.0_087.gff
112	N	N	1.442	2.660	2.527	0.133	1.2	1.0	s15_t1.2_a1.0_088.gff
52	N	N	1.353	2.455	2.315	0.140	1.2	1.0	s15_t1.2_a1.0_089.gff
54	N	N	1.338	2.423	2.290	0.133	1.2	1.0	s15_t1.2_a1.0_090.gff
85	N	N	1.379	2.466	2.330	0.136	1.2	1.0	s15_t1.2_a1.0_091.gff
30	N	N	1.864	2.403	2.277	0.126	1.2	1.0	s15_t1.2_a1.0_092.gff
52	N	N	1.337	2.396	2.272	0.124	1.2	1.0	s15_t1.2_a1.0_093.gff
46	N	N	1.321	2.402	2.275	0.127	1.2	1.0	s15_t1.2_a1.0_094.gff
57	N	N	1.330	2.391	2.265	0.126	1.2	1.0	s15_t1.2_a1.0_095.gff
168	N	N	2.197	2.738	2.597	0.141	1.2	1.0	s15_t1.2_a1.0_096.gff
58	N	N	1.342	2.447	2.313	0.134	1.2	1.0	s15_t1.2_a1.0_097.gff
63	N	N	1.346	2.410	2.288	0.122	1.2	1.0	s15_t1.2_a1.0_098.gff
13	N	N	1.269	2.307	2.161	0.146	1.2	1.0	s15_t1.2_a1.0_099.gff
53	N	N	1.514	2.480	2.356	0.124	1.2	1.0	s15_t1.2_a1.0_100.gff
NA	Y	N	598.266	602.043	600.781	1.262	1.4	0.1	s15_t1.4_a0.1_001.gff
NA	Y	N	601.068	601.574	600.573	1.001	1.4	0.1	s15_t1.4_a0.1_002.gff
NA	Y	N	573.319	601.642	600.516	1.126	1.4	0.1	s15_t1.4_a0.1_003.gff
NA	Y	N	599.200	602.070	600.628	1.442	1.4	0.1	s15_t1.4_a0.1_004.gff
NA	N	Y	177.927	320.027	317.266	2.761	1.4	0.1	s15_t1.4_a0.1_005.gff
NA	Y	N	593.669	602.612	601.457	1.155	1.4	0.1	s15_t1.4_a0.1_006.gff
NA	Y	N	591.625	602.870	601.424	1.446	1.4	0.1	s15_t1.4_a0.1_007.gff
NA	Y	N	603.442	602.033	600.889	1.144	1.4	0.1	s15_t1.4_a0.1_008.gff
NA	Y	N	472.055	602.173	600.149	2.024	1.4	0.1	s15_t1.4_a0.1_009.gff
NA	Y	N	583.659	602.268	600.893	1.375	1.4	0.1	s15_t1.4_a0.1_010.gff
NA	Y	N	584.158	602.137	601.017	1.120	1.4	0.1	s15_t1.4_a0.1_011.gff
NA	Y	N	579.697	602.302	601.207	1.095	1.4	0.1	s15_t1.4_a0.1_012.gff
NA	Y	N	579.540	602.188	601.020	1.168	1.4	0.1	s15_t1.4_a0.1_013.gff
NA	Y	N	585.545	602.155	601.020	1.135	1.4	0.1	s15_t1.4_a0.1_014.gff
NA	Y	N	558.287	601.848	598.327	3.521	1.4	0.1	s15_t1.4_a0.1_015.gff
NA	Y	N	584.831	601.521	600.596	0.925	1.4	0.1	s15_t1.4_a0.1_016.gff
NA	Y	N	581.247	601.974	600.591	1.383	1.4	0.1	s15_t1.4_a0.1_017.gff
NA	Y	N	584.031	601.984	600.764	1.220	1.4	0.1	s15_t1.4_a0.1_018.gff
NA	Y	N	528.330	601.758	600.695	1.063	1.4	0.1	s15_t1.4_a0.1_019.gff
NA	Y	N	600.358	601.525	600.674	0.851	1.4	0.1	s15_t1.4_a0.1_020.gff
NA	Y	N	592.079	601.841	600.850	0.991	1.4	0.1	s15_t1.4_a0.1_021.gff
NA	Y	N	320.977	602.411	601.068	1.343	1.4	0.1	s15_t1.4_a0.1_022.gff
NA	Y	N	390.378	602.239	600.883	1.356	1.4	0.1	s15_t1.4_a0.1_023.gff
NA	Y	N	595.786	601.761	600.751	1.010	1.4	0.1	s15_t1.4_a0.1_024.gff
NA	Y	N	591.773	601.983	601.036	0.947	1.4	0.1	s15_t1.4_a0.1_025.gff
NA	Y	N	583.964	601.958	600.752	1.206	1.4	0.1	s15_t1.4_a0.1_026.gff
NA	Y	N	581.474	601.612	600.568	1.044	1.4	0.1	s15_t1.4_a0.1_027.gff
NA	Y	N	586.345	602.034	600.869	1.165	1.4	0.1	s15_t1.4_a0.1_028.gff
NA	Y	N	305.087	602.268	600.953	1.315	1.4	0.1	s15_t1.4_a0.1_029.gff
NA	Y	N	586.932	602.118	601.033	1.085	1.4	0.1	s15_t1.4_a0.1_030.gff
NA	Y	N	585.508	601.899	600.577	1.322	1.4	0.1	s15_t1.4_a0.1_031.gff
NA	Y	N	296.069	602.185	600.839	1.346	1.4	0.1	s15_t1.4_a0.1_032.gff
NA	Y	N	601.300	601.511	600.766	0.745	1.4	0.1	s15_t1.4_a0.1_033.gff
NA	Y	N	543.995	601.700	600.512	1.188	1.4	0.1	s15_t1.4_a0.1_034.gff
NA	Y	N	579.098	602.208	601.078	1.130	1.4	0.1	s15_t1.4_a0.1_035.gff
NA	Y	N	601.624	601.489	600.835	0.654	1.4	0.1	s15_t1.4_a0.1_036.gff
NA	Y	N	349.327	602.931	601.623	1.308	1.4	0.1	s15_t1.4_a0.1_037.gff
NA	Y	N	584.806	602.046	600.805	1.241	1.4	0.1	s15_t1.4_a0.1_038.gff
164	N	N	1.697	3.016	2.863	0.153	1.4	0.1	s15_t1.4_a0.1_039.gff
NA	Y	N	489.266	601.563	600.394	1.169	1.4	0.1	s15_t1.4_a0.1_040.gff
NA	Y	N	598.839	601.768	600.780	0.988	1.4	0.1	s15_t1.4_a0.1_041.gff
NA	Y	N	574.150	601.830	600.587	1.243	1.4	0.1	s15_t1.4_a0.1_042.gff
NA	Y	N	591.459	601.823	600.925	0.898	1.4	0.1	s15_t1.4_a0.1_043.gff
NA	Y	N	598.460	601.605	600.638	0.967	1.4	0.1	s15_t1.4_a0.1_044.gff
NA	Y	N	563.137	601.837	598.910	2.927	1.4	0.1	s15_t1.4_a0.1_045.gff
NA	Y	N	599.461	601.598	600.747	0.851	1.4	0.1	s15_t1.4_a0.1_046.gff
NA	Y	N	579.630	601.651	600.623	1.028	1.4	0.1	s15_t1.4_a0.1_047.gff
89364	N	N	127.042	149.976	149.111	0.865	1.4	0.1	s15_t1.4_a0.1_048.gff
NA	Y	N	565.456	601.560	600.474	1.086	1.4	0.1	s15_t1.4_a0.1_049.gff
NA	Y	N	586.095	601.893	600.698	1.195	1.4	0.1	s15_t1.4_a0.1_050.gff
NA	Y	N	566.130	601.654	600.626	1.028	1.4	0.1	s15_t1.4_a0.1_051.gff
NA	Y	N	569.915	601.757	600.062	1.695	1.4	0.1	s15_t1.4_a0.1_052.gff
NA	Y	N	517.904	602.081	600.870	1.211	1.4	0.1	s15_t1.4_a0.1_053.gff
NA	Y	N	587.976	602.002	600.959	1.043	1.4	0.1	s15_t1.4_a0.1_054.gff
NA	Y	N	580.966	601.639	599.817	1.822	1.4	0.1	s15_t1.4_a0.1_055.gff
NA	Y	N	592.435	601.892	600.527	1.365	1.4	0.1	s15_t1.4_a0.1_056.gff
NA	Y	N	565.981	601.679	599.485	2.194	1.4	0.1	s15_t1.4_a0.1_057.gff
NA	Y	N	240.104	602.164	601.062	1.102	1.4	0.1	s15_t1.4_a0.1_058.gff
NA	Y	N	468.009	601.979	600.652	1.327	1.4	0.1	s15_t1.4_a0.1_059.gff
NA	Y	N	601.050	601.765	600.989	0.776	1.4	0.1	s15_t1.4_a0.1_060.gff
NA	Y	N	592.665	601.765	600.674	1.091	1.4	0.1	s15_t1.4_a0.1_061.gff
NA	Y	N	591.069	601.841	600.744	1.097	1.4	0.1	s15_t1.4_a0.1_062.gff
NA	Y	N	298.341	602.312	601.102	1.210	1.4	0.1	s15_t1.4_a0.1_063.gff
NA	Y	N	581.103	602.225	600.925	1.300	1.4	0.1	s15_t1.4_a0.1_064.gff
NA	Y	N	567.621	601.804	600.601	1.203	1.4	0.1	s15_t1.4_a0.1_065.gff
NA	Y	N	598.128	601.686	600.928	0.758	1.4	0.1	s15_t1.4_a0.1_066.gff
NA	Y	N	254.520	602.443	601.157	1.286	1.4	0.1	s15_t1.4_a0.1_067.gff
NA	Y	N	602.763	601.467	600.857	0.610	1.4	0.1	s15_t1.4_a0.1_068.gff
NA	Y	N	388.797	601.966	600.750	1.216	1.4	0.1	s15_t1.4_a0.1_069.gff
NA	Y	N	598.628	601.800	600.921	0.879	1.4	0.1	s15_t1.4_a0.1_070.gff
NA	Y	N	578.106	602.408	601.209	1.199	1.4	0.1	s15_t1.4_a0.1_071.gff
NA	Y	N	599.655	601.445	600.419	1.026	1.4	0.1	s15_t1.4_a0.1_072.gff
NA	Y	N	397.887	601.769	600.182	1.587	1.4	0.1	s15_t1.4_a0.1_073.gff
NA	Y	N	545.621	601.519	600.115	1.404	1.4	0.1	s15_t1.4_a0.1_074.gff
NA	Y	N	587.860	602.297	600.948	1.349	1.4	0.1	s15_t1.4_a0.1_075.gff
NA	Y	N	583.564	602.372	601.120	1.252	1.4	0.1	s15_t1.4_a0.1_076.gff
NA	Y	N	444.375	602.007	600.841	1.166	1.4	0.1	s15_t1.4_a0.1_077.gff
44932	N	N	66.785	84.481	83.717	0.764	1.4	0.1	s15_t1.4_a0.1_078.gff
NA	Y	N	409.196	602.132	600.908	1.224	1.4	0.1	s15_t1.4_a0.1_079.gff
NA	Y	N	593.522	602.039	600.807	1.232	1.4	0.1	s15_t1.4_a0.1_080.gff
NA	Y	N	560.135	601.767	600.198	1.569	1.4	0.1	s15_t1.4_a0.1_081.gff
NA	Y	N	434.513	602.340	600.915	1.425	1.4	0.1	s15_t1.4_a0.1_082.gff
NA	Y	N	552.734	601.814	600.642	1.172	1.4	0.1	s15_t1.4_a0.1_083.gff
NA	Y	N	574.558	601.763	599.159	2.604	1.4	0.1	s15_t1.4_a0.1_084.gff
NA	Y	N	602.067	601.525	600.733	0.792	1.4	0.1	s15_t1.4_a0.1_085.gff
NA	Y	N	596.306	601.850	600.836	1.014	1.4	0.1	s15_t1.4_a0.1_086.gff
NA	Y	N	598.328	601.624	600.883	0.741	1.4	0.1	s15_t1.4_a0.1_087.gff
NA	Y	N	494.361	601.823	600.692	1.131	1.4	0.1	s15_t1.4_a0.1_088.gff
NA	Y	N	590.011	601.924	600.800	1.124	1.4	0.1	s15_t1.4_a0.1_089.gff
NA	Y	N	314.425	602.708	601.454	1.254	1.4	0.1	s15_t1.4_a0.1_090.gff
NA	Y	N	599.202	601.557	600.628	0.929	1.4	0.1	s15_t1.4_a0.1_091.gff
NA	Y	N	579.866	602.209	600.951	1.258	1.4	0.1	s15_t1.4_a0.1_092.gff
NA	Y	N	546.718	601.834	600.636	1.198	1.4	0.1	s15_t1.4_a0.1_093.gff
NA	Y	N	549.324	601.763	600.451	1.312	1.4	0.1	s15_t1.4_a0.1_094.gff
NA	Y	N	585.174	601.957	601.034	0.923	1.4	0.1	s15_t1.4_a0.1_095.gff
NA	Y	N	400.059	602.292	601.153	1.139	1.4	0.1	s15_t1.4_a0.1_096.gff
NA	Y	N	569.394	601.677	600.544	1.133	1.4	0.1	s15_t1.4_a0.1_097.gff
62675	N	N	76.378	98.278	97.445	0.833	1.4	0.1	s15_t1.4_a0.1_098.gff
NA	Y	N	581.479	602.105	601.105	1.000	1.4	0.1	s15_t1.4_a0.1_099.gff
NA	Y	N	533.203	601.809	600.751	1.058	1.4	0.1	s15_t1.4_a0.1_100.gff
NA	Y	N	583.677	602.028	601.038	0.990	1.4	0.2	s15_t1.4_a0.2_001.gff
NA	Y	N	599.672	601.480	600.683	0.797	1.4	0.2	s15_t1.4_a0.2_002.gff
NA	Y	N	585.083	601.911	600.679	1.232	1.4	0.2	s15_t1.4_a0.2_003.gff
NA	Y	N	599.597	601.233	600.246	0.987	1.4	0.2	s15_t1.4_a0.2_004.gff
NA	Y	N	583.556	602.067	600.537	1.530	1.4	0.2	s15_t1.4_a0.2_005.gff
NA	Y	N	584.988	601.912	600.887	1.025	1.4	0.2	s15_t1.4_a0.2_006.gff
NA	Y	N	559.333	601.773	600.574	1.199	1.4	0.2	s15_t1.4_a0.2_007.gff
NA	Y	N	579.392	602.073	600.568	1.505	1.4	0.2	s15_t1.4_a0.2_008.gff
NA	Y	N	477.872	601.889	600.574	1.315	1.4	0.2	s15_t1.4_a0.2_009.gff
2257	N	N	3.494	5.963	5.706	0.257	1.4	0.2	s15_t1.4_a0.2_010.gff
NA	Y	N	314.510	602.609	601.211	1.398	1.4	0.2	s15_t1.4_a0.2_011.gff
2413	N	N	3.472	6.632	6.382	0.250	1.4	0.2	s15_t1.4_a0.2_012.gff
NA	Y	N	580.735	602.112	601.034	1.078	1.4	0.2	s15_t1.4_a0.2_013.gff
18588	N	N	40.292	50.329	49.740	0.589	1.4	0.2	s15_t1.4_a0.2_014.gff
92717	N	N	245.412	282.970	282.032	0.938	1.4	0.2	s15_t1.4_a0.2_015.gff
NA	Y	N	578.545	602.116	601.109	1.007	1.4	0.2	s15_t1.4_a0.2_016.gff
NA	Y	N	555.152	601.722	600.626	1.096	1.4	0.2	s15_t1.4_a0.2_017.gff
NA	Y	N	597.667	601.610	600.697	0.913	1.4	0.2	s15_t1.4_a0.2_018.gff
NA	Y	N	582.713	602.029	601.052	0.977	1.4	0.2	s15_t1.4_a0.2_019.gff
NA	Y	N	601.172	601.408	600.687	0.721	1.4	0.2	s15_t1.4_a0.2_020.gff
NA	Y	N	317.657	602.589	601.361	1.228	1.4	0.2	s15_t1.4_a0.2_021.gff
NA	Y	N	589.180	601.747	600.657	1.090	1.4	0.2	s15_t1.4_a0.2_022.gff
NA	Y	N	557.291	601.805	598.209	3.596	1.4	0.2	s15_t1.4_a0.2_023.gff
NA	Y	N	583.912	601.707	600.477	1.230	1.4	0.2	s15_t1.4_a0.2_024.gff
NA	Y	N	373.805	602.083	599.990	2.093	1.4	0.2	s15_t1.4_a0.2_025.gff
NA	Y	N	561.823	601.720	600.513	1.207	1.4	0.2	s15_t1.4_a0.2_026.gff
NA	Y	N	561.061	601.903	600.547	1.356	1.4	0.2	s15_t1.4_a0.2_027.gff
NA	Y	N	568.552	601.571	599.545	2.026	1.4	0.2	s15_t1.4_a0.2_028.gff
NA	Y	N	596.659	601.515	600.423	1.092	1.4	0.2	s15_t1.4_a0.2_029.gff
24492	N	N	17.187	25.405	25.019	0.386	1.4	0.2	s15_t1.4_a0.2_030.gff
NA	Y	N	574.113	602.133	600.773	1.360	1.4	0.2	s15_t1.4_a0.2_031.gff
NA	Y	N	590.827	601.573	600.494	1.079	1.4	0.2	s15_t1.4_a0.2_032.gff
NA	Y	N	449.317	602.255	601.062	1.193	1.4	0.2	s15_t1.4_a0.2_033.gff
NA	Y	N	445.665	602.128	600.861	1.267	1.4	0.2	s15_t1.4_a0.2_034.gff
NA	Y	N	578.365	602.185	601.100	1.085	1.4	0.2	s15_t1.4_a0.2_035.gff
44132	N	N	52.273	64.982	64.278	0.704	1.4	0.2	s15_t1.4_a0.2_036.gff
62464	N	N	96.143	123.453	122.527	0.926	1.4	0.2	s15_t1.4_a0.2_037.gff
NA	Y	N	583.216	601.826	600.530	1.296	1.4	0.2	s15_t1.4_a0.2_038.gff
NA	Y	N	457.174	602.438	600.923	1.515	1.4	0.2	s15_t1.4_a0.2_039.gff
NA	Y	N	585.708	601.763	600.565	1.198	1.4	0.2	s15_t1.4_a0.2_040.gff
NA	Y	N	582.607	602.007	600.771	1.236	1.4	0.2	s15_t1.4_a0.2_041.gff
NA	Y	N	444.497	601.998	600.709	1.289	1.4	0.2	s15_t1.4_a0.2_042.gff
NA	Y	N	539.247	601.803	600.439	1.364	1.4	0.2	s15_t1.4_a0.2_043.gff
NA	Y	N	438.876	602.231	600.770	1.461	1.4	0.2	s15_t1.4_a0.2_044.gff
NA	Y	N	283.263	602.608	601.339	1.269	1.4	0.2	s15_t1.4_a0.2_045.gff
NA	Y	N	398.320	602.158	599.984	2.174	1.4	0.2	s15_t1.4_a0.2_046.gff
NA	Y	N	599.998	601.456	600.816	0.640	1.4	0.2	s15_t1.4_a0.2_047.gff
NA	Y	N	575.128	602.040	600.666	1.374	1.4	0.2	s15_t1.4_a0.2_048.gff
NA	Y	N	385.214	602.278	601.063	1.215	1.4	0.2	s15_t1.4_a0.2_049.gff
NA	Y	N	599.550	601.316	600.368	0.948	1.4	0.2	s15_t1.4_a0.2_050.gff
NA	Y	N	577.111	601.952	600.444	1.508	1.4	0.2	s15_t1.4_a0.2_051.gff
NA	Y	N	284.117	602.756	601.214	1.542	1.4	0.2	s15_t1.4_a0.2_052.gff
NA	Y	N	363.582	602.403	601.101	1.302	1.4	0.2	s15_t1.4_a0.2_053.gff
5	N	N	1.608	2.406	2.272	0.134	1.4	0.2	s15_t1.4_a0.2_054.gff
6305	N	N	7.050	11.550	11.233	0.317	1.4	0.2	s15_t1.4_a0.2_055.gff
NA	Y	N	574.881	601.711	600.640	1.071	1.4	0.2	s15_t1.4_a0.2_056.gff
NA	Y	N	580.051	602.038	600.864	1.174	1.4	0.2	s15_t1.4_a0.2_057.gff
NA	Y	N	481.282	601.772	600.683	1.089	1.4	0.2	s15_t1.4_a0.2_058.gff
NA	Y	N	574.613	602.058	600.518	1.540	1.4	0.2	s15_t1.4_a0.2_059.gff
NA	Y	N	576.640	602.045	600.834	1.211	1.4	0.2	s15_t1.4_a0.2_060.gff
120481	N	N	183.852	230.832	229.798	1.034	1.4	0.2	s15_t1.4_a0.2_061.gff
NA	Y	N	584.283	601.855	600.761	1.094	1.4	0.2	s15_t1.4_a0.2_062.gff
NA	Y	N	558.794	601.916	598.498	3.418	1.4	0.2	s15_t1.4_a0.2_063.gff
NA	Y	N	584.485	602.012	601.064	0.948	1.4	0.2	s15_t1.4_a0.2_064.gff
NA	Y	N	367.434	602.046	600.791	1.255	1.4	0.2	s15_t1.4_a0.2_065.gff
NA	Y	N	337.715	602.139	600.292	1.847	1.4	0.2	s15_t1.4_a0.2_066.gff
NA	Y	N	373.001	602.007	600.248	1.759	1.4	0.2	s15_t1.4_a0.2_067.gff
NA	Y	N	327.221	602.189	600.966	1.223	1.4	0.2	s15_t1.4_a0.2_068.gff
NA	N	Y	326.525	525.613	524.251	1.362	1.4	0.2	s15_t1.4_a0.2_069.gff
32608	N	N	64.256	81.014	80.213	0.801	1.4	0.2	s15_t1.4_a0.2_070.gff
NA	Y	N	588.612	601.676	600.776	0.900	1.4	0.2	s15_t1.4_a0.2_071.gff
NA	Y	N	583.292	601.813	600.481	1.332	1.4	0.2	s15_t1.4_a0.2_072.gff
NA	Y	N	588.807	601.783	600.680	1.103	1.4	0.2	s15_t1.4_a0.2_073.gff
NA	Y	N	485.190	601.796	600.736	1.060	1.4	0.2	s15_t1.4_a0.2_074.gff
5295	N	N	6.395	12.935	12.618	0.317	1.4	0.2	s15_t1.4_a0.2_075.gff
NA	Y	N	582.983	601.850	600.533	1.317	1.4	0.2	s15_t1.4_a0.2_076.gff
NA	Y	N	285.263	602.472	600.884	1.588	1.4	0.2	s15_t1.4_a0.2_077.gff
NA	Y	N	591.838	601.622	600.665	0.957	1.4	0.2	s15_t1.4_a0.2_078.gff
NA	Y	N	553.235	602.138	600.814	1.324	1.4	0.2	s15_t1.4_a0.2_079.gff
NA	Y	N	509.845	602.027	600.539	1.488	1.4	0.2	s15_t1.4_a0.2_080.gff
24368	N	N	21.757	30.991	30.491	0.500	1.4	0.2	s15_t1.4_a0.2_081.gff
NA	Y	N	580.679	602.056	600.947	1.109	1.4	0.2	s15_t1.4_a0.2_082.gff
NA	Y	N	597.512	601.510	600.563	0.947	1.4	0.2	s15_t1.4_a0.2_083.gff
NA	Y	N	582.267	601.629	599.393	2.236	1.4	0.2	s15_t1.4_a0.2_084.gff
2275	N	N	4.037	7.040	6.748	0.292	1.4	0.2	s15_t1.4_a0.2_085.gff
NA	Y	N	563.783	601.716	599.867	1.849	1.4	0.2	s15_t1.4_a0.2_086.gff
NA	Y	N	381.547	602.132	600.563	1.569	1.4	0.2	s15_t1.4_a0.2_087.gff
NA	Y	N	410.992	602.222	600.399	1.823	1.4	0.2	s15_t1.4_a0.2_088.gff
NA	Y	N	585.697	601.731	600.610	1.121	1.4	0.2	s15_t1.4_a0.2_089.gff
NA	Y	N	449.350	602.017	600.781	1.236	1.4	0.2	s15_t1.4_a0.2_090.gff
NA	Y	N	332.329	603.518	602.117	1.401	1.4	0.2	s15_t1.4_a0.2_091.gff
41	N	N	1.854	2.489	2.333	0.156	1.4	0.2	s15_t1.4_a0.2_092.gff
NA	Y	N	434.386	602.116	600.881	1.235	1.4	0.2	s15_t1.4_a0.2_093.gff
NA	Y	N	572.653	601.955	600.756	1.199	1.4	0.2	s15_t1.4_a0.2_094.gff
NA	Y	N	577.941	602.065	600.853	1.212	1.4	0.2	s15_t1.4_a0.2_095.gff
NA	Y	N	598.141	601.488	600.396	1.092	1.4	0.2	s15_t1.4_a0.2_096.gff
NA	Y	N	575.708	602.169	600.966	1.203	1.4	0.2	s15_t1.4_a0.2_097.gff
NA	Y	N	601.270	601.381	600.589	0.792	1.4	0.2	s15_t1.4_a0.2_098.gff
NA	Y	N	543.348	601.860	600.597	1.263	1.4	0.2	s15_t1.4_a0.2_099.gff
NA	Y	N	555.592	601.751	600.520	1.231	1.4	0.2	s15_t1.4_a0.2_100.gff
