# Starting date:             2014-12-15 13:46:56
# Cluster job name:          rank.tr.ro.15_01_of_10
# Cluster job ID:            181153
# Cluster node:              hnode26
# Cluster queue:             mpi.q
# Complementation algorithm: rank -tr -ro
# Data:                      15.01_of_10.tar.gz
# Memory limit (Java heap):  1G
# Timeout (CPU time):        600s
states	t_out	m_out	real_t	tcpu_t	ucpu_t	scpu_t	dt	da	file
104653	N	N	116.053	150.023	149.019	1.004	1.0	0.1	s15_t1.0_a0.1_001.gff
NA	N	Y	138.610	187.973	186.931	1.042	1.0	0.1	s15_t1.0_a0.1_002.gff
180	N	N	3.127	3.006	2.846	0.160	1.0	0.1	s15_t1.0_a0.1_003.gff
NA	Y	N	334.901	601.869	600.432	1.437	1.0	0.1	s15_t1.0_a0.1_004.gff
NA	Y	N	515.330	601.731	600.142	1.589	1.0	0.1	s15_t1.0_a0.1_005.gff
152	N	N	1.611	2.838	2.707	0.131	1.0	0.1	s15_t1.0_a0.1_006.gff
23923	N	N	21.969	28.461	28.033	0.428	1.0	0.1	s15_t1.0_a0.1_007.gff
213	N	N	1.669	2.972	2.818	0.154	1.0	0.1	s15_t1.0_a0.1_008.gff
NA	Y	N	596.012	601.851	600.468	1.383	1.0	0.1	s15_t1.0_a0.1_009.gff
100407	N	N	126.849	171.799	170.764	1.035	1.0	0.1	s15_t1.0_a0.1_010.gff
134	N	N	1.704	2.909	2.765	0.144	1.0	0.1	s15_t1.0_a0.1_011.gff
1446	N	N	2.842	6.008	5.730	0.278	1.0	0.1	s15_t1.0_a0.1_012.gff
38	N	N	1.347	2.472	2.330	0.142	1.0	0.1	s15_t1.0_a0.1_013.gff
NA	Y	N	579.213	602.465	600.886	1.579	1.0	0.1	s15_t1.0_a0.1_014.gff
251	N	N	1.706	3.090	2.951	0.139	1.0	0.1	s15_t1.0_a0.1_015.gff
9074	N	N	8.383	14.396	14.002	0.394	1.0	0.1	s15_t1.0_a0.1_016.gff
3977	N	N	5.337	8.386	8.090	0.296	1.0	0.1	s15_t1.0_a0.1_017.gff
115	N	N	2.579	3.153	2.953	0.200	1.0	0.1	s15_t1.0_a0.1_018.gff
37	N	N	1.607	2.452	2.311	0.141	1.0	0.1	s15_t1.0_a0.1_019.gff
NA	Y	N	405.239	601.812	600.070	1.742	1.0	0.1	s15_t1.0_a0.1_020.gff
NA	Y	N	589.202	602.197	600.738	1.459	1.0	0.1	s15_t1.0_a0.1_021.gff
908	N	N	2.301	5.043	4.802	0.241	1.0	0.1	s15_t1.0_a0.1_022.gff
41	N	N	1.326	2.428	2.285	0.143	1.0	0.1	s15_t1.0_a0.1_023.gff
2214	N	N	3.185	6.581	6.307	0.274	1.0	0.1	s15_t1.0_a0.1_024.gff
168	N	N	1.850	2.969	2.815	0.154	1.0	0.1	s15_t1.0_a0.1_025.gff
1527	N	N	2.839	5.663	5.408	0.255	1.0	0.1	s15_t1.0_a0.1_026.gff
2323	N	N	3.616	7.053	6.774	0.279	1.0	0.1	s15_t1.0_a0.1_027.gff
25134	N	N	22.660	31.320	30.848	0.472	1.0	0.1	s15_t1.0_a0.1_028.gff
14615	N	N	8.191	14.610	14.228	0.382	1.0	0.1	s15_t1.0_a0.1_029.gff
NA	Y	N	559.316	601.629	600.315	1.314	1.0	0.1	s15_t1.0_a0.1_030.gff
NA	N	Y	194.763	439.653	437.785	1.868	1.0	0.1	s15_t1.0_a0.1_031.gff
158	N	N	1.699	3.097	2.932	0.165	1.0	0.1	s15_t1.0_a0.1_032.gff
41698	N	N	31.225	44.684	43.977	0.707	1.0	0.1	s15_t1.0_a0.1_033.gff
NA	Y	N	284.185	603.012	600.506	2.506	1.0	0.1	s15_t1.0_a0.1_034.gff
NA	Y	N	588.924	601.769	597.800	3.969	1.0	0.1	s15_t1.0_a0.1_035.gff
NA	Y	N	386.807	602.002	600.722	1.280	1.0	0.1	s15_t1.0_a0.1_036.gff
55	N	N	1.495	2.525	2.389	0.136	1.0	0.1	s15_t1.0_a0.1_037.gff
32909	N	N	32.198	42.422	41.817	0.605	1.0	0.1	s15_t1.0_a0.1_038.gff
104	N	N	1.498	2.771	2.629	0.142	1.0	0.1	s15_t1.0_a0.1_039.gff
378	N	N	1.998	4.030	3.837	0.193	1.0	0.1	s15_t1.0_a0.1_040.gff
318	N	N	1.667	3.089	2.943	0.146	1.0	0.1	s15_t1.0_a0.1_041.gff
2763	N	N	4.586	8.660	8.364	0.296	1.0	0.1	s15_t1.0_a0.1_042.gff
NA	Y	N	531.708	601.729	600.528	1.201	1.0	0.1	s15_t1.0_a0.1_043.gff
15528	N	N	15.812	24.047	23.606	0.441	1.0	0.1	s15_t1.0_a0.1_044.gff
7168	N	N	6.100	10.559	10.257	0.302	1.0	0.1	s15_t1.0_a0.1_045.gff
NA	N	Y	178.094	219.675	218.680	0.995	1.0	0.1	s15_t1.0_a0.1_046.gff
NA	Y	N	568.952	601.622	597.595	4.027	1.0	0.1	s15_t1.0_a0.1_047.gff
NA	Y	N	584.543	601.778	600.694	1.084	1.0	0.1	s15_t1.0_a0.1_048.gff
7178	N	N	5.643	9.733	9.421	0.312	1.0	0.1	s15_t1.0_a0.1_049.gff
80933	N	N	167.086	191.965	190.691	1.274	1.0	0.1	s15_t1.0_a0.1_050.gff
256	N	N	2.327	3.975	3.772	0.203	1.0	0.1	s15_t1.0_a0.1_051.gff
684	N	N	2.099	4.296	4.062	0.234	1.0	0.1	s15_t1.0_a0.1_052.gff
1988	N	N	3.825	6.968	6.602	0.366	1.0	0.1	s15_t1.0_a0.1_053.gff
65	N	N	1.470	2.606	2.400	0.206	1.0	0.1	s15_t1.0_a0.1_054.gff
4125	N	N	4.806	9.153	8.793	0.360	1.0	0.1	s15_t1.0_a0.1_055.gff
91668	N	N	130.300	158.054	157.156	0.898	1.0	0.1	s15_t1.0_a0.1_056.gff
NA	Y	N	579.231	601.732	600.598	1.134	1.0	0.1	s15_t1.0_a0.1_057.gff
NA	Y	N	440.157	601.799	600.553	1.246	1.0	0.1	s15_t1.0_a0.1_058.gff
17809	N	N	22.688	28.853	28.372	0.481	1.0	0.1	s15_t1.0_a0.1_059.gff
309	N	N	2.004	3.245	3.068	0.177	1.0	0.1	s15_t1.0_a0.1_060.gff
13275	N	N	13.314	20.108	19.723	0.385	1.0	0.1	s15_t1.0_a0.1_061.gff
NA	Y	N	523.704	601.867	600.778	1.089	1.0	0.1	s15_t1.0_a0.1_062.gff
NA	N	Y	139.558	217.674	214.773	2.901	1.0	0.1	s15_t1.0_a0.1_063.gff
4457	N	N	4.463	8.008	7.729	0.279	1.0	0.1	s15_t1.0_a0.1_064.gff
NA	Y	N	599.293	601.596	599.577	2.019	1.0	0.1	s15_t1.0_a0.1_065.gff
6	N	N	1.636	2.396	2.263	0.133	1.0	0.1	s15_t1.0_a0.1_066.gff
34002	N	N	32.080	44.439	43.813	0.626	1.0	0.1	s15_t1.0_a0.1_067.gff
2177	N	N	4.492	7.169	6.885	0.284	1.0	0.1	s15_t1.0_a0.1_068.gff
NA	Y	N	352.206	601.842	598.314	3.528	1.0	0.1	s15_t1.0_a0.1_069.gff
122	N	N	1.576	2.654	2.498	0.156	1.0	0.1	s15_t1.0_a0.1_070.gff
52	N	N	1.359	2.477	2.340	0.137	1.0	0.1	s15_t1.0_a0.1_071.gff
3913	N	N	3.848	8.301	8.013	0.288	1.0	0.1	s15_t1.0_a0.1_072.gff
NA	Y	N	601.137	601.545	600.842	0.703	1.0	0.1	s15_t1.0_a0.1_073.gff
212	N	N	1.686	3.089	2.940	0.149	1.0	0.1	s15_t1.0_a0.1_074.gff
11177	N	N	10.273	16.023	15.626	0.397	1.0	0.1	s15_t1.0_a0.1_075.gff
NA	Y	N	592.471	602.091	600.902	1.189	1.0	0.1	s15_t1.0_a0.1_076.gff
22128	N	N	19.318	27.017	26.552	0.465	1.0	0.1	s15_t1.0_a0.1_077.gff
98094	N	N	173.272	210.885	209.821	1.064	1.0	0.1	s15_t1.0_a0.1_078.gff
87	N	N	1.572	2.597	2.431	0.166	1.0	0.1	s15_t1.0_a0.1_079.gff
2988	N	N	3.425	7.234	6.931	0.303	1.0	0.1	s15_t1.0_a0.1_080.gff
558	N	N	2.089	4.180	3.986	0.194	1.0	0.1	s15_t1.0_a0.1_081.gff
26402	N	N	22.615	31.509	30.973	0.536	1.0	0.1	s15_t1.0_a0.1_082.gff
81739	N	N	109.567	143.039	142.098	0.941	1.0	0.1	s15_t1.0_a0.1_083.gff
1114	N	N	2.815	4.931	4.685	0.246	1.0	0.1	s15_t1.0_a0.1_084.gff
NA	Y	N	451.484	601.661	600.100	1.561	1.0	0.1	s15_t1.0_a0.1_085.gff
88	N	N	2.070	2.694	2.548	0.146	1.0	0.1	s15_t1.0_a0.1_086.gff
99	N	N	1.883	2.688	2.537	0.151	1.0	0.1	s15_t1.0_a0.1_087.gff
9810	N	N	8.919	12.346	12.023	0.323	1.0	0.1	s15_t1.0_a0.1_088.gff
NA	Y	N	546.714	601.781	598.918	2.863	1.0	0.1	s15_t1.0_a0.1_089.gff
2383	N	N	3.806	8.747	8.427	0.320	1.0	0.1	s15_t1.0_a0.1_090.gff
50942	N	N	45.018	63.784	62.951	0.833	1.0	0.1	s15_t1.0_a0.1_091.gff
11783	N	N	8.255	14.208	13.836	0.372	1.0	0.1	s15_t1.0_a0.1_092.gff
94797	N	N	217.712	272.680	271.450	1.230	1.0	0.1	s15_t1.0_a0.1_093.gff
NA	Y	N	301.422	601.719	600.410	1.309	1.0	0.1	s15_t1.0_a0.1_094.gff
NA	Y	N	546.489	601.547	599.773	1.774	1.0	0.1	s15_t1.0_a0.1_095.gff
10973	N	N	12.420	20.975	20.573	0.402	1.0	0.1	s15_t1.0_a0.1_096.gff
6	N	N	1.405	2.316	2.174	0.142	1.0	0.1	s15_t1.0_a0.1_097.gff
1250	N	N	2.563	5.319	5.047	0.272	1.0	0.1	s15_t1.0_a0.1_098.gff
806	N	N	2.761	5.453	5.211	0.242	1.0	0.1	s15_t1.0_a0.1_099.gff
143	N	N	1.550	2.923	2.775	0.148	1.0	0.1	s15_t1.0_a0.1_100.gff
677	N	N	2.460	4.350	4.145	0.205	1.0	0.2	s15_t1.0_a0.2_001.gff
4252	N	N	3.759	6.796	6.515	0.281	1.0	0.2	s15_t1.0_a0.2_002.gff
17	N	N	1.278	2.300	2.160	0.140	1.0	0.2	s15_t1.0_a0.2_003.gff
10413	N	N	10.201	17.646	17.238	0.408	1.0	0.2	s15_t1.0_a0.2_004.gff
1128	N	N	2.357	4.929	4.685	0.244	1.0	0.2	s15_t1.0_a0.2_005.gff
410	N	N	1.834	3.687	3.506	0.181	1.0	0.2	s15_t1.0_a0.2_006.gff
260	N	N	1.970	3.703	3.523	0.180	1.0	0.2	s15_t1.0_a0.2_007.gff
10854	N	N	11.369	18.083	17.722	0.361	1.0	0.2	s15_t1.0_a0.2_008.gff
3258	N	N	4.693	8.764	8.487	0.277	1.0	0.2	s15_t1.0_a0.2_009.gff
96	N	N	1.446	2.616	2.462	0.154	1.0	0.2	s15_t1.0_a0.2_010.gff
2672	N	N	3.684	6.818	6.567	0.251	1.0	0.2	s15_t1.0_a0.2_011.gff
15343	N	N	13.238	21.903	21.430	0.473	1.0	0.2	s15_t1.0_a0.2_012.gff
236	N	N	1.614	3.014	2.876	0.138	1.0	0.2	s15_t1.0_a0.2_013.gff
48	N	N	1.338	2.454	2.311	0.143	1.0	0.2	s15_t1.0_a0.2_014.gff
2812	N	N	3.930	7.317	7.030	0.287	1.0	0.2	s15_t1.0_a0.2_015.gff
522	N	N	2.068	4.221	4.015	0.206	1.0	0.2	s15_t1.0_a0.2_016.gff
3405	N	N	5.023	9.374	9.065	0.309	1.0	0.2	s15_t1.0_a0.2_017.gff
NA	Y	N	596.943	601.586	600.655	0.931	1.0	0.2	s15_t1.0_a0.2_018.gff
318	N	N	1.966	3.727	3.547	0.180	1.0	0.2	s15_t1.0_a0.2_019.gff
67	N	N	1.405	2.565	2.422	0.143	1.0	0.2	s15_t1.0_a0.2_020.gff
6620	N	N	6.113	10.390	10.075	0.315	1.0	0.2	s15_t1.0_a0.2_021.gff
86094	N	N	185.785	242.492	241.452	1.040	1.0	0.2	s15_t1.0_a0.2_022.gff
14399	N	N	15.597	23.934	23.319	0.615	1.0	0.2	s15_t1.0_a0.2_023.gff
26444	N	N	26.231	36.339	35.824	0.515	1.0	0.2	s15_t1.0_a0.2_024.gff
393	N	N	1.937	3.430	3.266	0.164	1.0	0.2	s15_t1.0_a0.2_025.gff
471	N	N	1.947	4.080	3.899	0.181	1.0	0.2	s15_t1.0_a0.2_026.gff
23542	N	N	14.972	23.537	23.107	0.430	1.0	0.2	s15_t1.0_a0.2_027.gff
20133	N	N	20.010	27.813	27.392	0.421	1.0	0.2	s15_t1.0_a0.2_028.gff
39	N	N	1.271	2.289	2.169	0.120	1.0	0.2	s15_t1.0_a0.2_029.gff
10	N	N	1.505	2.260	2.133	0.127	1.0	0.2	s15_t1.0_a0.2_030.gff
NA	Y	N	273.897	602.060	600.612	1.448	1.0	0.2	s15_t1.0_a0.2_031.gff
84051	N	N	166.884	202.957	201.904	1.053	1.0	0.2	s15_t1.0_a0.2_032.gff
1677	N	N	2.724	5.150	4.908	0.242	1.0	0.2	s15_t1.0_a0.2_033.gff
12630	N	N	10.807	18.316	17.936	0.380	1.0	0.2	s15_t1.0_a0.2_034.gff
NA	Y	N	509.096	601.692	600.321	1.371	1.0	0.2	s15_t1.0_a0.2_035.gff
4218	N	N	5.060	10.137	9.831	0.306	1.0	0.2	s15_t1.0_a0.2_036.gff
143	N	N	1.518	2.842	2.667	0.175	1.0	0.2	s15_t1.0_a0.2_037.gff
4831	N	N	4.380	8.713	8.437	0.276	1.0	0.2	s15_t1.0_a0.2_038.gff
10181	N	N	7.740	12.398	12.040	0.358	1.0	0.2	s15_t1.0_a0.2_039.gff
NA	N	Y	205.223	255.746	254.715	1.031	1.0	0.2	s15_t1.0_a0.2_040.gff
3388	N	N	4.266	7.149	6.862	0.287	1.0	0.2	s15_t1.0_a0.2_041.gff
17	N	N	1.391	2.320	2.196	0.124	1.0	0.2	s15_t1.0_a0.2_042.gff
1288	N	N	2.582	5.034	4.795	0.239	1.0	0.2	s15_t1.0_a0.2_043.gff
1167	N	N	2.445	4.948	4.687	0.261	1.0	0.2	s15_t1.0_a0.2_044.gff
3843	N	N	4.019	7.965	7.687	0.278	1.0	0.2	s15_t1.0_a0.2_045.gff
NA	Y	N	602.061	601.554	600.670	0.884	1.0	0.2	s15_t1.0_a0.2_046.gff
3065	N	N	3.945	6.677	6.417	0.260	1.0	0.2	s15_t1.0_a0.2_047.gff
28	N	N	1.279	2.373	2.252	0.121	1.0	0.2	s15_t1.0_a0.2_048.gff
15505	N	N	10.269	15.904	15.524	0.380	1.0	0.2	s15_t1.0_a0.2_049.gff
NA	Y	N	586.642	602.387	601.211	1.176	1.0	0.2	s15_t1.0_a0.2_050.gff
4217	N	N	4.138	7.305	7.028	0.277	1.0	0.2	s15_t1.0_a0.2_051.gff
1161	N	N	2.364	4.718	4.469	0.249	1.0	0.2	s15_t1.0_a0.2_052.gff
1793	N	N	2.588	5.335	5.081	0.254	1.0	0.2	s15_t1.0_a0.2_053.gff
NA	Y	N	500.485	601.648	600.326	1.322	1.0	0.2	s15_t1.0_a0.2_054.gff
1844	N	N	2.976	5.353	5.109	0.244	1.0	0.2	s15_t1.0_a0.2_055.gff
2391	N	N	4.214	7.525	7.244	0.281	1.0	0.2	s15_t1.0_a0.2_056.gff
677	N	N	2.014	4.048	3.851	0.197	1.0	0.2	s15_t1.0_a0.2_057.gff
3469	N	N	5.179	9.694	9.417	0.277	1.0	0.2	s15_t1.0_a0.2_058.gff
52	N	N	1.357	2.442	2.322	0.120	1.0	0.2	s15_t1.0_a0.2_059.gff
87876	N	N	85.558	104.629	103.750	0.879	1.0	0.2	s15_t1.0_a0.2_060.gff
387	N	N	1.866	3.719	3.547	0.172	1.0	0.2	s15_t1.0_a0.2_061.gff
384	N	N	1.726	3.197	3.023	0.174	1.0	0.2	s15_t1.0_a0.2_062.gff
2314	N	N	3.122	6.168	5.906	0.262	1.0	0.2	s15_t1.0_a0.2_063.gff
441	N	N	1.964	4.013	3.807	0.206	1.0	0.2	s15_t1.0_a0.2_064.gff
165	N	N	1.501	2.801	2.654	0.147	1.0	0.2	s15_t1.0_a0.2_065.gff
5995	N	N	5.402	9.448	9.146	0.302	1.0	0.2	s15_t1.0_a0.2_066.gff
2292	N	N	2.836	5.732	5.476	0.256	1.0	0.2	s15_t1.0_a0.2_067.gff
683	N	N	2.221	4.498	4.272	0.226	1.0	0.2	s15_t1.0_a0.2_068.gff
430	N	N	1.850	3.741	3.560	0.181	1.0	0.2	s15_t1.0_a0.2_069.gff
4032	N	N	4.960	10.656	10.373	0.283	1.0	0.2	s15_t1.0_a0.2_070.gff
160	N	N	1.459	2.698	2.569	0.129	1.0	0.2	s15_t1.0_a0.2_071.gff
1172	N	N	2.408	4.946	4.678	0.268	1.0	0.2	s15_t1.0_a0.2_072.gff
8	N	N	1.390	2.310	2.168	0.142	1.0	0.2	s15_t1.0_a0.2_073.gff
1479	N	N	2.504	4.948	4.685	0.263	1.0	0.2	s15_t1.0_a0.2_074.gff
NA	Y	N	380.527	602.253	600.876	1.377	1.0	0.2	s15_t1.0_a0.2_075.gff
2790	N	N	3.270	5.986	5.745	0.241	1.0	0.2	s15_t1.0_a0.2_076.gff
4818	N	N	4.703	8.768	8.491	0.277	1.0	0.2	s15_t1.0_a0.2_077.gff
21000	N	N	17.919	26.318	25.833	0.485	1.0	0.2	s15_t1.0_a0.2_078.gff
327	N	N	1.997	3.824	3.649	0.175	1.0	0.2	s15_t1.0_a0.2_079.gff
NA	Y	N	568.145	601.650	600.466	1.184	1.0	0.2	s15_t1.0_a0.2_080.gff
37541	N	N	24.436	35.987	35.465	0.522	1.0	0.2	s15_t1.0_a0.2_081.gff
5134	N	N	5.630	9.511	9.219	0.292	1.0	0.2	s15_t1.0_a0.2_082.gff
1782	N	N	2.850	5.472	5.213	0.259	1.0	0.2	s15_t1.0_a0.2_083.gff
1949	N	N	3.023	5.842	5.603	0.239	1.0	0.2	s15_t1.0_a0.2_084.gff
135	N	N	1.532	2.902	2.762	0.140	1.0	0.2	s15_t1.0_a0.2_085.gff
39102	N	N	35.781	49.944	49.253	0.691	1.0	0.2	s15_t1.0_a0.2_086.gff
27051	N	N	26.152	38.000	37.421	0.579	1.0	0.2	s15_t1.0_a0.2_087.gff
NA	Y	N	277.033	601.808	600.006	1.802	1.0	0.2	s15_t1.0_a0.2_088.gff
14751	N	N	15.106	21.766	21.355	0.411	1.0	0.2	s15_t1.0_a0.2_089.gff
41	N	N	1.301	2.373	2.236	0.137	1.0	0.2	s15_t1.0_a0.2_090.gff
NA	Y	N	198.747	601.737	600.371	1.366	1.0	0.2	s15_t1.0_a0.2_091.gff
942	N	N	2.480	4.777	4.547	0.230	1.0	0.2	s15_t1.0_a0.2_092.gff
91181	N	N	125.320	164.958	163.877	1.081	1.0	0.2	s15_t1.0_a0.2_093.gff
4400	N	N	6.013	9.262	8.982	0.280	1.0	0.2	s15_t1.0_a0.2_094.gff
NA	Y	N	599.687	602.139	600.959	1.180	1.0	0.2	s15_t1.0_a0.2_095.gff
721	N	N	2.354	4.665	4.440	0.225	1.0	0.2	s15_t1.0_a0.2_096.gff
NA	Y	N	594.193	602.035	600.930	1.105	1.0	0.2	s15_t1.0_a0.2_097.gff
2726	N	N	3.457	6.343	6.061	0.282	1.0	0.2	s15_t1.0_a0.2_098.gff
358	N	N	1.921	3.757	3.590	0.167	1.0	0.2	s15_t1.0_a0.2_099.gff
444	N	N	1.942	3.837	3.660	0.177	1.0	0.2	s15_t1.0_a0.2_100.gff
81	N	N	1.402	2.521	2.384	0.137	1.0	0.3	s15_t1.0_a0.3_001.gff
252	N	N	1.755	3.464	3.299	0.165	1.0	0.3	s15_t1.0_a0.3_002.gff
13084	N	N	13.303	20.209	19.800	0.409	1.0	0.3	s15_t1.0_a0.3_003.gff
2336	N	N	3.060	6.151	5.889	0.262	1.0	0.3	s15_t1.0_a0.3_004.gff
NA	Y	N	494.611	601.849	600.438	1.411	1.0	0.3	s15_t1.0_a0.3_005.gff
3346	N	N	4.195	7.309	7.030	0.279	1.0	0.3	s15_t1.0_a0.3_006.gff
246	N	N	1.806	3.684	3.501	0.183	1.0	0.3	s15_t1.0_a0.3_007.gff
415	N	N	1.955	3.918	3.726	0.192	1.0	0.3	s15_t1.0_a0.3_008.gff
3320	N	N	4.006	7.629	7.339	0.290	1.0	0.3	s15_t1.0_a0.3_009.gff
18782	N	N	18.969	26.582	26.166	0.416	1.0	0.3	s15_t1.0_a0.3_010.gff
221	N	N	2.002	3.040	2.900	0.140	1.0	0.3	s15_t1.0_a0.3_011.gff
39	N	N	1.329	2.437	2.311	0.126	1.0	0.3	s15_t1.0_a0.3_012.gff
403	N	N	1.950	3.964	3.788	0.176	1.0	0.3	s15_t1.0_a0.3_013.gff
10058	N	N	13.464	18.968	18.590	0.378	1.0	0.3	s15_t1.0_a0.3_014.gff
25603	N	N	27.249	36.279	35.757	0.522	1.0	0.3	s15_t1.0_a0.3_015.gff
172	N	N	1.750	3.088	2.921	0.167	1.0	0.3	s15_t1.0_a0.3_016.gff
58	N	N	1.338	2.465	2.330	0.135	1.0	0.3	s15_t1.0_a0.3_017.gff
2778	N	N	3.183	6.108	5.837	0.271	1.0	0.3	s15_t1.0_a0.3_018.gff
36414	N	N	53.234	64.603	63.958	0.645	1.0	0.3	s15_t1.0_a0.3_019.gff
8	N	N	1.397	2.322	2.177	0.145	1.0	0.3	s15_t1.0_a0.3_020.gff
7	N	N	1.237	2.263	2.155	0.108	1.0	0.3	s15_t1.0_a0.3_021.gff
22	N	N	1.271	2.337	2.195	0.142	1.0	0.3	s15_t1.0_a0.3_022.gff
107	N	N	1.387	2.454	2.333	0.121	1.0	0.3	s15_t1.0_a0.3_023.gff
32	N	N	1.266	2.307	2.184	0.123	1.0	0.3	s15_t1.0_a0.3_024.gff
NA	Y	N	447.326	602.200	600.787	1.413	1.0	0.3	s15_t1.0_a0.3_025.gff
16984	N	N	10.281	16.685	16.342	0.343	1.0	0.3	s15_t1.0_a0.3_026.gff
196	N	N	1.771	3.526	3.353	0.173	1.0	0.3	s15_t1.0_a0.3_027.gff
2902	N	N	3.812	6.926	6.680	0.246	1.0	0.3	s15_t1.0_a0.3_028.gff
410	N	N	1.916	3.798	3.601	0.197	1.0	0.3	s15_t1.0_a0.3_029.gff
13	N	N	1.253	2.276	2.127	0.149	1.0	0.3	s15_t1.0_a0.3_030.gff
4370	N	N	5.525	9.867	9.595	0.272	1.0	0.3	s15_t1.0_a0.3_031.gff
18	N	N	1.258	2.317	2.200	0.117	1.0	0.3	s15_t1.0_a0.3_032.gff
NA	Y	N	365.726	601.719	600.172	1.547	1.0	0.3	s15_t1.0_a0.3_033.gff
368	N	N	1.885	3.747	3.564	0.183	1.0	0.3	s15_t1.0_a0.3_034.gff
2497	N	N	3.461	6.422	6.144	0.278	1.0	0.3	s15_t1.0_a0.3_035.gff
33185	N	N	44.492	59.003	58.300	0.703	1.0	0.3	s15_t1.0_a0.3_036.gff
111	N	N	1.698	2.689	2.540	0.149	1.0	0.3	s15_t1.0_a0.3_037.gff
NA	Y	N	590.543	601.359	600.303	1.056	1.0	0.3	s15_t1.0_a0.3_038.gff
13	N	N	1.430	2.335	2.200	0.135	1.0	0.3	s15_t1.0_a0.3_039.gff
13750	N	N	15.515	22.383	22.029	0.354	1.0	0.3	s15_t1.0_a0.3_040.gff
14384	N	N	12.081	20.212	19.761	0.451	1.0	0.3	s15_t1.0_a0.3_041.gff
332	N	N	1.691	3.206	3.031	0.175	1.0	0.3	s15_t1.0_a0.3_042.gff
427	N	N	1.936	3.948	3.763	0.185	1.0	0.3	s15_t1.0_a0.3_043.gff
117	N	N	1.436	2.585	2.434	0.151	1.0	0.3	s15_t1.0_a0.3_044.gff
133	N	N	1.471	2.749	2.599	0.150	1.0	0.3	s15_t1.0_a0.3_045.gff
375	N	N	2.022	4.116	3.924	0.192	1.0	0.3	s15_t1.0_a0.3_046.gff
709	N	N	2.223	4.420	4.206	0.214	1.0	0.3	s15_t1.0_a0.3_047.gff
28	N	N	1.334	2.438	2.304	0.134	1.0	0.3	s15_t1.0_a0.3_048.gff
20979	N	N	23.834	33.075	32.565	0.510	1.0	0.3	s15_t1.0_a0.3_049.gff
448	N	N	2.124	4.103	3.891	0.212	1.0	0.3	s15_t1.0_a0.3_050.gff
28	N	N	1.325	2.403	2.253	0.150	1.0	0.3	s15_t1.0_a0.3_051.gff
1058	N	N	2.406	4.793	4.532	0.261	1.0	0.3	s15_t1.0_a0.3_052.gff
92	N	N	1.606	2.543	2.415	0.128	1.0	0.3	s15_t1.0_a0.3_053.gff
2502	N	N	3.125	5.993	5.729	0.264	1.0	0.3	s15_t1.0_a0.3_054.gff
160	N	N	1.513	2.796	2.674	0.122	1.0	0.3	s15_t1.0_a0.3_055.gff
2248	N	N	2.814	5.411	5.159	0.252	1.0	0.3	s15_t1.0_a0.3_056.gff
6918	N	N	5.182	9.239	8.940	0.299	1.0	0.3	s15_t1.0_a0.3_057.gff
669	N	N	2.422	4.136	3.928	0.208	1.0	0.3	s15_t1.0_a0.3_058.gff
4511	N	N	5.203	9.365	9.075	0.290	1.0	0.3	s15_t1.0_a0.3_059.gff
1217	N	N	2.421	4.946	4.708	0.238	1.0	0.3	s15_t1.0_a0.3_060.gff
26662	N	N	19.680	29.697	29.221	0.476	1.0	0.3	s15_t1.0_a0.3_061.gff
22	N	N	1.257	2.320	2.212	0.108	1.0	0.3	s15_t1.0_a0.3_062.gff
566	N	N	1.987	3.932	3.745	0.187	1.0	0.3	s15_t1.0_a0.3_063.gff
906	N	N	2.297	4.499	4.282	0.217	1.0	0.3	s15_t1.0_a0.3_064.gff
214	N	N	1.640	3.121	2.982	0.139	1.0	0.3	s15_t1.0_a0.3_065.gff
3188	N	N	3.746	6.787	6.511	0.276	1.0	0.3	s15_t1.0_a0.3_066.gff
5	N	N	1.257	2.268	2.150	0.118	1.0	0.3	s15_t1.0_a0.3_067.gff
1089	N	N	2.294	4.765	4.551	0.214	1.0	0.3	s15_t1.0_a0.3_068.gff
18835	N	N	14.184	20.111	19.732	0.379	1.0	0.3	s15_t1.0_a0.3_069.gff
62	N	N	1.348	2.451	2.304	0.147	1.0	0.3	s15_t1.0_a0.3_070.gff
27598	N	N	27.423	39.416	38.864	0.552	1.0	0.3	s15_t1.0_a0.3_071.gff
NA	Y	N	578.542	602.161	600.767	1.394	1.0	0.3	s15_t1.0_a0.3_072.gff
44944	N	N	51.175	64.415	63.716	0.699	1.0	0.3	s15_t1.0_a0.3_073.gff
152	N	N	1.705	2.914	2.761	0.153	1.0	0.3	s15_t1.0_a0.3_074.gff
834	N	N	2.706	5.256	4.981	0.275	1.0	0.3	s15_t1.0_a0.3_075.gff
67	N	N	1.833	2.600	2.449	0.151	1.0	0.3	s15_t1.0_a0.3_076.gff
7422	N	N	7.897	14.016	13.667	0.349	1.0	0.3	s15_t1.0_a0.3_077.gff
96746	N	N	126.847	157.518	156.505	1.013	1.0	0.3	s15_t1.0_a0.3_078.gff
4188	N	N	4.230	7.123	6.845	0.278	1.0	0.3	s15_t1.0_a0.3_079.gff
2010	N	N	4.901	5.220	4.955	0.265	1.0	0.3	s15_t1.0_a0.3_080.gff
1681	N	N	2.911	5.650	5.424	0.226	1.0	0.3	s15_t1.0_a0.3_081.gff
NA	Y	N	377.771	602.064	599.551	2.513	1.0	0.3	s15_t1.0_a0.3_082.gff
20489	N	N	15.493	24.519	24.070	0.449	1.0	0.3	s15_t1.0_a0.3_083.gff
68	N	N	1.353	2.473	2.355	0.118	1.0	0.3	s15_t1.0_a0.3_084.gff
792	N	N	2.878	5.992	5.734	0.258	1.0	0.3	s15_t1.0_a0.3_085.gff
215	N	N	1.649	3.206	3.060	0.146	1.0	0.3	s15_t1.0_a0.3_086.gff
28	N	N	1.298	2.343	2.222	0.121	1.0	0.3	s15_t1.0_a0.3_087.gff
107	N	N	1.485	2.767	2.626	0.141	1.0	0.3	s15_t1.0_a0.3_088.gff
51	N	N	1.304	2.375	2.246	0.129	1.0	0.3	s15_t1.0_a0.3_089.gff
82535	N	N	203.611	240.472	239.387	1.085	1.0	0.3	s15_t1.0_a0.3_090.gff
53	N	N	1.392	2.461	2.311	0.150	1.0	0.3	s15_t1.0_a0.3_091.gff
538	N	N	2.120	4.286	4.068	0.218	1.0	0.3	s15_t1.0_a0.3_092.gff
4653	N	N	4.887	8.979	8.682	0.297	1.0	0.3	s15_t1.0_a0.3_093.gff
765	N	N	2.355	4.586	4.368	0.218	1.0	0.3	s15_t1.0_a0.3_094.gff
2726	N	N	3.417	6.459	6.187	0.272	1.0	0.3	s15_t1.0_a0.3_095.gff
709	N	N	2.260	4.566	4.357	0.209	1.0	0.3	s15_t1.0_a0.3_096.gff
5229	N	N	4.499	8.716	8.433	0.283	1.0	0.3	s15_t1.0_a0.3_097.gff
89	N	N	1.393	2.526	2.385	0.141	1.0	0.3	s15_t1.0_a0.3_098.gff
318	N	N	1.880	3.839	3.683	0.156	1.0	0.3	s15_t1.0_a0.3_099.gff
209	N	N	1.564	2.946	2.799	0.147	1.0	0.3	s15_t1.0_a0.3_100.gff
330	N	N	1.802	3.608	3.424	0.184	1.0	0.4	s15_t1.0_a0.4_001.gff
13175	N	N	12.553	18.219	17.753	0.466	1.0	0.4	s15_t1.0_a0.4_002.gff
123	N	N	1.481	2.799	2.621	0.178	1.0	0.4	s15_t1.0_a0.4_003.gff
726	N	N	2.237	4.340	4.085	0.255	1.0	0.4	s15_t1.0_a0.4_004.gff
26	N	N	1.543	2.338	2.182	0.156	1.0	0.4	s15_t1.0_a0.4_005.gff
4057	N	N	8.524	14.690	14.344	0.346	1.0	0.4	s15_t1.0_a0.4_006.gff
34	N	N	1.306	2.404	2.266	0.138	1.0	0.4	s15_t1.0_a0.4_007.gff
48	N	N	1.513	2.470	2.345	0.125	1.0	0.4	s15_t1.0_a0.4_008.gff
1844	N	N	2.875	5.485	5.249	0.236	1.0	0.4	s15_t1.0_a0.4_009.gff
8	N	N	1.254	2.264	2.141	0.123	1.0	0.4	s15_t1.0_a0.4_010.gff
15	N	N	1.290	2.341	2.211	0.130	1.0	0.4	s15_t1.0_a0.4_011.gff
1629	N	N	3.042	5.737	5.472	0.265	1.0	0.4	s15_t1.0_a0.4_012.gff
173	N	N	1.546	2.838	2.706	0.132	1.0	0.4	s15_t1.0_a0.4_013.gff
2236	N	N	3.064	5.678	5.438	0.240	1.0	0.4	s15_t1.0_a0.4_014.gff
1361	N	N	2.603	5.250	4.980	0.270	1.0	0.4	s15_t1.0_a0.4_015.gff
967	N	N	2.259	4.493	4.279	0.214	1.0	0.4	s15_t1.0_a0.4_016.gff
11	N	N	1.397	2.312	2.179	0.133	1.0	0.4	s15_t1.0_a0.4_017.gff
789	N	N	2.222	4.427	4.191	0.236	1.0	0.4	s15_t1.0_a0.4_018.gff
11577	N	N	15.317	23.489	23.089	0.400	1.0	0.4	s15_t1.0_a0.4_019.gff
1963	N	N	3.869	6.339	6.070	0.269	1.0	0.4	s15_t1.0_a0.4_020.gff
3891	N	N	4.679	8.955	8.665	0.290	1.0	0.4	s15_t1.0_a0.4_021.gff
192	N	N	1.556	2.906	2.771	0.135	1.0	0.4	s15_t1.0_a0.4_022.gff
103	N	N	1.399	2.528	2.397	0.131	1.0	0.4	s15_t1.0_a0.4_023.gff
630	N	N	2.270	4.503	4.277	0.226	1.0	0.4	s15_t1.0_a0.4_024.gff
881	N	N	2.291	4.742	4.530	0.212	1.0	0.4	s15_t1.0_a0.4_025.gff
152	N	N	1.509	2.851	2.704	0.147	1.0	0.4	s15_t1.0_a0.4_026.gff
25585	N	N	33.915	45.855	45.258	0.597	1.0	0.4	s15_t1.0_a0.4_027.gff
1450	N	N	3.075	5.756	5.494	0.262	1.0	0.4	s15_t1.0_a0.4_028.gff
341	N	N	1.789	3.640	3.475	0.165	1.0	0.4	s15_t1.0_a0.4_029.gff
24	N	N	1.302	2.384	2.249	0.135	1.0	0.4	s15_t1.0_a0.4_030.gff
2227	N	N	3.764	6.771	6.542	0.229	1.0	0.4	s15_t1.0_a0.4_031.gff
22	N	N	1.485	2.439	2.300	0.139	1.0	0.4	s15_t1.0_a0.4_032.gff
1702	N	N	3.662	6.458	6.212	0.246	1.0	0.4	s15_t1.0_a0.4_033.gff
500	N	N	2.002	3.949	3.764	0.185	1.0	0.4	s15_t1.0_a0.4_034.gff
85104	N	N	115.800	151.635	150.650	0.985	1.0	0.4	s15_t1.0_a0.4_035.gff
NA	Y	N	454.637	601.790	600.513	1.277	1.0	0.4	s15_t1.0_a0.4_036.gff
4	N	N	1.329	2.294	2.158	0.136	1.0	0.4	s15_t1.0_a0.4_037.gff
237	N	N	1.789	3.547	3.364	0.183	1.0	0.4	s15_t1.0_a0.4_038.gff
392	N	N	1.739	3.306	3.161	0.145	1.0	0.4	s15_t1.0_a0.4_039.gff
22	N	N	1.367	2.346	2.214	0.132	1.0	0.4	s15_t1.0_a0.4_040.gff
241	N	N	1.576	2.913	2.762	0.151	1.0	0.4	s15_t1.0_a0.4_041.gff
252	N	N	1.681	3.317	3.155	0.162	1.0	0.4	s15_t1.0_a0.4_042.gff
22	N	N	1.271	2.331	2.224	0.107	1.0	0.4	s15_t1.0_a0.4_043.gff
1745	N	N	3.084	6.347	6.100	0.247	1.0	0.4	s15_t1.0_a0.4_044.gff
7808	N	N	5.991	10.554	10.243	0.311	1.0	0.4	s15_t1.0_a0.4_045.gff
539	N	N	2.162	4.274	4.070	0.204	1.0	0.4	s15_t1.0_a0.4_046.gff
933	N	N	2.709	5.452	5.214	0.238	1.0	0.4	s15_t1.0_a0.4_047.gff
325	N	N	1.792	3.565	3.416	0.149	1.0	0.4	s15_t1.0_a0.4_048.gff
207	N	N	1.690	3.175	3.024	0.151	1.0	0.4	s15_t1.0_a0.4_049.gff
192	N	N	1.475	2.766	2.626	0.140	1.0	0.4	s15_t1.0_a0.4_050.gff
80	N	N	1.348	2.446	2.306	0.140	1.0	0.4	s15_t1.0_a0.4_051.gff
139	N	N	1.554	3.008	2.871	0.137	1.0	0.4	s15_t1.0_a0.4_052.gff
60	N	N	1.355	2.457	2.326	0.131	1.0	0.4	s15_t1.0_a0.4_053.gff
178	N	N	1.551	2.881	2.727	0.154	1.0	0.4	s15_t1.0_a0.4_054.gff
411	N	N	1.938	3.642	3.496	0.146	1.0	0.4	s15_t1.0_a0.4_055.gff
5371	N	N	5.429	9.411	9.091	0.320	1.0	0.4	s15_t1.0_a0.4_056.gff
25	N	N	1.276	2.352	2.228	0.124	1.0	0.4	s15_t1.0_a0.4_057.gff
125	N	N	1.505	2.779	2.630	0.149	1.0	0.4	s15_t1.0_a0.4_058.gff
3005	N	N	4.081	7.540	7.260	0.280	1.0	0.4	s15_t1.0_a0.4_059.gff
5664	N	N	5.054	9.439	9.152	0.287	1.0	0.4	s15_t1.0_a0.4_060.gff
6	N	N	1.234	2.260	2.121	0.139	1.0	0.4	s15_t1.0_a0.4_061.gff
221	N	N	1.606	3.008	2.848	0.160	1.0	0.4	s15_t1.0_a0.4_062.gff
1295	N	N	2.829	5.585	5.307	0.278	1.0	0.4	s15_t1.0_a0.4_063.gff
822	N	N	2.212	4.552	4.329	0.223	1.0	0.4	s15_t1.0_a0.4_064.gff
149	N	N	1.464	2.749	2.605	0.144	1.0	0.4	s15_t1.0_a0.4_065.gff
72678	N	N	176.769	212.791	211.758	1.033	1.0	0.4	s15_t1.0_a0.4_066.gff
366	N	N	1.984	3.723	3.559	0.164	1.0	0.4	s15_t1.0_a0.4_067.gff
635	N	N	2.187	4.682	4.459	0.223	1.0	0.4	s15_t1.0_a0.4_068.gff
696	N	N	2.069	4.221	4.027	0.194	1.0	0.4	s15_t1.0_a0.4_069.gff
637	N	N	2.193	4.337	4.125	0.212	1.0	0.4	s15_t1.0_a0.4_070.gff
118	N	N	1.450	2.597	2.443	0.154	1.0	0.4	s15_t1.0_a0.4_071.gff
10585	N	N	11.771	18.877	18.461	0.416	1.0	0.4	s15_t1.0_a0.4_072.gff
1339	N	N	2.715	5.443	5.199	0.244	1.0	0.4	s15_t1.0_a0.4_073.gff
23425	N	N	34.229	42.187	41.689	0.498	1.0	0.4	s15_t1.0_a0.4_074.gff
270	N	N	1.974	3.585	3.391	0.194	1.0	0.4	s15_t1.0_a0.4_075.gff
87	N	N	1.648	2.680	2.555	0.125	1.0	0.4	s15_t1.0_a0.4_076.gff
77	N	N	1.609	2.591	2.442	0.149	1.0	0.4	s15_t1.0_a0.4_077.gff
598	N	N	2.457	4.635	4.408	0.227	1.0	0.4	s15_t1.0_a0.4_078.gff
2845	N	N	3.902	6.573	6.278	0.295	1.0	0.4	s15_t1.0_a0.4_079.gff
267	N	N	2.166	3.259	3.107	0.152	1.0	0.4	s15_t1.0_a0.4_080.gff
130	N	N	1.956	3.046	2.891	0.155	1.0	0.4	s15_t1.0_a0.4_081.gff
19972	N	N	22.845	27.189	26.672	0.517	1.0	0.4	s15_t1.0_a0.4_082.gff
78	N	N	1.390	2.484	2.335	0.149	1.0	0.4	s15_t1.0_a0.4_083.gff
113	N	N	1.533	2.685	2.441	0.244	1.0	0.4	s15_t1.0_a0.4_084.gff
133	N	N	1.490	2.753	2.620	0.133	1.0	0.4	s15_t1.0_a0.4_085.gff
4653	N	N	4.667	8.962	8.668	0.294	1.0	0.4	s15_t1.0_a0.4_086.gff
37	N	N	1.318	2.393	2.265	0.128	1.0	0.4	s15_t1.0_a0.4_087.gff
46	N	N	1.332	2.376	2.232	0.144	1.0	0.4	s15_t1.0_a0.4_088.gff
2904	N	N	3.249	6.016	5.751	0.265	1.0	0.4	s15_t1.0_a0.4_089.gff
30	N	N	1.291	2.334	2.191	0.143	1.0	0.4	s15_t1.0_a0.4_090.gff
10043	N	N	11.373	17.486	17.113	0.373	1.0	0.4	s15_t1.0_a0.4_091.gff
172	N	N	1.539	2.885	2.741	0.144	1.0	0.4	s15_t1.0_a0.4_092.gff
1253	N	N	2.462	5.197	4.969	0.228	1.0	0.4	s15_t1.0_a0.4_093.gff
164	N	N	1.497	2.794	2.670	0.124	1.0	0.4	s15_t1.0_a0.4_094.gff
19	N	N	1.291	2.392	2.269	0.123	1.0	0.4	s15_t1.0_a0.4_095.gff
4350	N	N	4.203	6.920	6.667	0.253	1.0	0.4	s15_t1.0_a0.4_096.gff
25795	N	N	19.414	26.650	26.204	0.446	1.0	0.4	s15_t1.0_a0.4_097.gff
129	N	N	1.522	2.849	2.698	0.151	1.0	0.4	s15_t1.0_a0.4_098.gff
13	N	N	1.273	2.335	2.213	0.122	1.0	0.4	s15_t1.0_a0.4_099.gff
14858	N	N	15.614	22.842	22.464	0.378	1.0	0.4	s15_t1.0_a0.4_100.gff
120	N	N	1.495	2.638	2.514	0.124	1.0	0.5	s15_t1.0_a0.5_001.gff
178	N	N	1.547	2.865	2.716	0.149	1.0	0.5	s15_t1.0_a0.5_002.gff
16396	N	N	17.099	26.815	26.353	0.462	1.0	0.5	s15_t1.0_a0.5_003.gff
146	N	N	1.482	2.712	2.590	0.122	1.0	0.5	s15_t1.0_a0.5_004.gff
875	N	N	2.273	4.516	4.293	0.223	1.0	0.5	s15_t1.0_a0.5_005.gff
4303	N	N	5.726	9.791	9.500	0.291	1.0	0.5	s15_t1.0_a0.5_006.gff
6444	N	N	6.111	10.582	10.294	0.288	1.0	0.5	s15_t1.0_a0.5_007.gff
618	N	N	2.086	4.267	4.062	0.205	1.0	0.5	s15_t1.0_a0.5_008.gff
60	N	N	1.389	2.501	2.367	0.134	1.0	0.5	s15_t1.0_a0.5_009.gff
140	N	N	1.511	2.797	2.656	0.141	1.0	0.5	s15_t1.0_a0.5_010.gff
243	N	N	1.701	3.428	3.275	0.153	1.0	0.5	s15_t1.0_a0.5_011.gff
63	N	N	1.339	2.426	2.282	0.144	1.0	0.5	s15_t1.0_a0.5_012.gff
132	N	N	1.462	2.601	2.469	0.132	1.0	0.5	s15_t1.0_a0.5_013.gff
8	N	N	1.265	2.284	2.154	0.130	1.0	0.5	s15_t1.0_a0.5_014.gff
80	N	N	1.397	2.534	2.374	0.160	1.0	0.5	s15_t1.0_a0.5_015.gff
101	N	N	1.453	2.546	2.418	0.128	1.0	0.5	s15_t1.0_a0.5_016.gff
129	N	N	1.456	2.667	2.519	0.148	1.0	0.5	s15_t1.0_a0.5_017.gff
17	N	N	1.283	2.337	2.217	0.120	1.0	0.5	s15_t1.0_a0.5_018.gff
1041	N	N	2.417	4.836	4.581	0.255	1.0	0.5	s15_t1.0_a0.5_019.gff
38	N	N	1.364	2.512	2.377	0.135	1.0	0.5	s15_t1.0_a0.5_020.gff
165	N	N	1.535	2.842	2.699	0.143	1.0	0.5	s15_t1.0_a0.5_021.gff
140	N	N	1.491	2.767	2.638	0.129	1.0	0.5	s15_t1.0_a0.5_022.gff
207	N	N	1.593	3.015	2.880	0.135	1.0	0.5	s15_t1.0_a0.5_023.gff
597	N	N	2.186	4.488	4.286	0.202	1.0	0.5	s15_t1.0_a0.5_024.gff
83	N	N	1.436	2.682	2.549	0.133	1.0	0.5	s15_t1.0_a0.5_025.gff
1232	N	N	2.670	5.394	5.139	0.255	1.0	0.5	s15_t1.0_a0.5_026.gff
135	N	N	1.494	2.793	2.665	0.128	1.0	0.5	s15_t1.0_a0.5_027.gff
27	N	N	1.298	2.382	2.262	0.120	1.0	0.5	s15_t1.0_a0.5_028.gff
172	N	N	1.586	2.914	2.767	0.147	1.0	0.5	s15_t1.0_a0.5_029.gff
721	N	N	2.167	4.382	4.160	0.222	1.0	0.5	s15_t1.0_a0.5_030.gff
62	N	N	1.404	2.512	2.379	0.133	1.0	0.5	s15_t1.0_a0.5_031.gff
620	N	N	1.985	3.981	3.795	0.186	1.0	0.5	s15_t1.0_a0.5_032.gff
142	N	N	1.544	2.867	2.699	0.168	1.0	0.5	s15_t1.0_a0.5_033.gff
51	N	N	1.334	2.450	2.321	0.129	1.0	0.5	s15_t1.0_a0.5_034.gff
156	N	N	1.520	2.811	2.659	0.152	1.0	0.5	s15_t1.0_a0.5_035.gff
205	N	N	1.717	3.245	3.094	0.151	1.0	0.5	s15_t1.0_a0.5_036.gff
133	N	N	1.613	3.086	2.923	0.163	1.0	0.5	s15_t1.0_a0.5_037.gff
234	N	N	1.653	3.232	3.066	0.166	1.0	0.5	s15_t1.0_a0.5_038.gff
2127	N	N	3.432	6.063	5.817	0.246	1.0	0.5	s15_t1.0_a0.5_039.gff
1135	N	N	2.643	5.085	4.839	0.246	1.0	0.5	s15_t1.0_a0.5_040.gff
245	N	N	1.737	3.445	3.298	0.147	1.0	0.5	s15_t1.0_a0.5_041.gff
4742	N	N	5.156	9.543	9.217	0.326	1.0	0.5	s15_t1.0_a0.5_042.gff
686	N	N	2.151	4.344	4.137	0.207	1.0	0.5	s15_t1.0_a0.5_043.gff
2878	N	N	3.403	6.500	6.228	0.272	1.0	0.5	s15_t1.0_a0.5_044.gff
70	N	N	1.432	2.523	2.380	0.143	1.0	0.5	s15_t1.0_a0.5_045.gff
686	N	N	2.274	4.622	4.403	0.219	1.0	0.5	s15_t1.0_a0.5_046.gff
2940	N	N	4.121	7.434	7.154	0.280	1.0	0.5	s15_t1.0_a0.5_047.gff
115	N	N	1.498	2.884	2.744	0.140	1.0	0.5	s15_t1.0_a0.5_048.gff
236	N	N	1.602	2.999	2.860	0.139	1.0	0.5	s15_t1.0_a0.5_049.gff
9	N	N	1.267	2.302	2.155	0.147	1.0	0.5	s15_t1.0_a0.5_050.gff
311	N	N	1.765	3.589	3.413	0.176	1.0	0.5	s15_t1.0_a0.5_051.gff
50	N	N	1.337	2.455	2.305	0.150	1.0	0.5	s15_t1.0_a0.5_052.gff
133	N	N	1.481	2.780	2.642	0.138	1.0	0.5	s15_t1.0_a0.5_053.gff
751	N	N	2.297	4.591	4.384	0.207	1.0	0.5	s15_t1.0_a0.5_054.gff
46	N	N	1.286	2.325	2.200	0.125	1.0	0.5	s15_t1.0_a0.5_055.gff
113	N	N	1.467	2.709	2.583	0.126	1.0	0.5	s15_t1.0_a0.5_056.gff
62	N	N	1.350	2.475	2.352	0.123	1.0	0.5	s15_t1.0_a0.5_057.gff
343	N	N	1.879	3.940	3.760	0.180	1.0	0.5	s15_t1.0_a0.5_058.gff
1476	N	N	3.097	5.704	5.442	0.262	1.0	0.5	s15_t1.0_a0.5_059.gff
337	N	N	1.865	3.606	3.401	0.205	1.0	0.5	s15_t1.0_a0.5_060.gff
746	N	N	2.368	5.012	4.755	0.257	1.0	0.5	s15_t1.0_a0.5_061.gff
314	N	N	1.679	3.125	2.952	0.173	1.0	0.5	s15_t1.0_a0.5_062.gff
1617	N	N	3.036	5.851	5.594	0.257	1.0	0.5	s15_t1.0_a0.5_063.gff
104	N	N	1.474	2.665	2.513	0.152	1.0	0.5	s15_t1.0_a0.5_064.gff
291	N	N	1.767	3.431	3.287	0.144	1.0	0.5	s15_t1.0_a0.5_065.gff
322	N	N	1.877	3.937	3.777	0.160	1.0	0.5	s15_t1.0_a0.5_066.gff
147	N	N	1.480	2.768	2.651	0.117	1.0	0.5	s15_t1.0_a0.5_067.gff
42	N	N	1.296	2.349	2.229	0.120	1.0	0.5	s15_t1.0_a0.5_068.gff
717	N	N	1.975	3.961	3.780	0.181	1.0	0.5	s15_t1.0_a0.5_069.gff
121	N	N	1.406	2.552	2.417	0.135	1.0	0.5	s15_t1.0_a0.5_070.gff
77	N	N	1.429	2.694	2.542	0.152	1.0	0.5	s15_t1.0_a0.5_071.gff
76	N	N	1.404	2.562	2.434	0.128	1.0	0.5	s15_t1.0_a0.5_072.gff
130	N	N	1.449	2.633	2.492	0.141	1.0	0.5	s15_t1.0_a0.5_073.gff
1951	N	N	3.426	6.336	6.104	0.232	1.0	0.5	s15_t1.0_a0.5_074.gff
6	N	N	1.235	2.254	2.127	0.127	1.0	0.5	s15_t1.0_a0.5_075.gff
209	N	N	1.660	3.318	3.173	0.145	1.0	0.5	s15_t1.0_a0.5_076.gff
73	N	N	1.371	2.485	2.357	0.128	1.0	0.5	s15_t1.0_a0.5_077.gff
684	N	N	2.014	4.151	3.953	0.198	1.0	0.5	s15_t1.0_a0.5_078.gff
116	N	N	1.557	2.884	2.740	0.144	1.0	0.5	s15_t1.0_a0.5_079.gff
24	N	N	1.309	2.408	2.300	0.108	1.0	0.5	s15_t1.0_a0.5_080.gff
99	N	N	1.469	2.597	2.458	0.139	1.0	0.5	s15_t1.0_a0.5_081.gff
108	N	N	1.533	2.801	2.664	0.137	1.0	0.5	s15_t1.0_a0.5_082.gff
517	N	N	1.987	3.985	3.796	0.189	1.0	0.5	s15_t1.0_a0.5_083.gff
192	N	N	1.857	3.083	2.948	0.135	1.0	0.5	s15_t1.0_a0.5_084.gff
992	N	N	2.639	5.042	4.790	0.252	1.0	0.5	s15_t1.0_a0.5_085.gff
49	N	N	1.702	2.617	2.473	0.144	1.0	0.5	s15_t1.0_a0.5_086.gff
535	N	N	2.209	4.174	3.970	0.204	1.0	0.5	s15_t1.0_a0.5_087.gff
113	N	N	1.770	2.804	2.641	0.163	1.0	0.5	s15_t1.0_a0.5_088.gff
433	N	N	2.055	3.696	3.521	0.175	1.0	0.5	s15_t1.0_a0.5_089.gff
6735	N	N	7.514	12.755	12.452	0.303	1.0	0.5	s15_t1.0_a0.5_090.gff
1608	N	N	2.721	5.504	5.251	0.253	1.0	0.5	s15_t1.0_a0.5_091.gff
253	N	N	1.654	3.119	2.980	0.139	1.0	0.5	s15_t1.0_a0.5_092.gff
138	N	N	1.521	2.864	2.713	0.151	1.0	0.5	s15_t1.0_a0.5_093.gff
46	N	N	1.342	2.456	2.304	0.152	1.0	0.5	s15_t1.0_a0.5_094.gff
8	N	N	1.261	2.293	2.163	0.130	1.0	0.5	s15_t1.0_a0.5_095.gff
472	N	N	1.920	3.869	3.678	0.191	1.0	0.5	s15_t1.0_a0.5_096.gff
175	N	N	1.634	3.264	3.126	0.138	1.0	0.5	s15_t1.0_a0.5_097.gff
72	N	N	1.517	2.505	2.368	0.137	1.0	0.5	s15_t1.0_a0.5_098.gff
181	N	N	1.681	3.321	3.163	0.158	1.0	0.5	s15_t1.0_a0.5_099.gff
453	N	N	1.956	3.949	3.766	0.183	1.0	0.5	s15_t1.0_a0.5_100.gff
39	N	N	1.777	2.551	2.411	0.140	1.0	0.6	s15_t1.0_a0.6_001.gff
33	N	N	1.299	2.351	2.221	0.130	1.0	0.6	s15_t1.0_a0.6_002.gff
328	N	N	1.769	3.387	3.229	0.158	1.0	0.6	s15_t1.0_a0.6_003.gff
433	N	N	2.040	4.044	3.866	0.178	1.0	0.6	s15_t1.0_a0.6_004.gff
29	N	N	1.298	2.378	2.246	0.132	1.0	0.6	s15_t1.0_a0.6_005.gff
113	N	N	1.451	2.686	2.530	0.156	1.0	0.6	s15_t1.0_a0.6_006.gff
104	N	N	1.482	2.780	2.633	0.147	1.0	0.6	s15_t1.0_a0.6_007.gff
25	N	N	1.306	2.342	2.209	0.133	1.0	0.6	s15_t1.0_a0.6_008.gff
29	N	N	1.276	2.368	2.241	0.127	1.0	0.6	s15_t1.0_a0.6_009.gff
223	N	N	1.668	3.312	3.153	0.159	1.0	0.6	s15_t1.0_a0.6_010.gff
319	N	N	1.909	3.866	3.689	0.177	1.0	0.6	s15_t1.0_a0.6_011.gff
11	N	N	1.265	2.320	2.177	0.143	1.0	0.6	s15_t1.0_a0.6_012.gff
38	N	N	1.355	2.466	2.352	0.114	1.0	0.6	s15_t1.0_a0.6_013.gff
131	N	N	1.597	2.779	2.618	0.161	1.0	0.6	s15_t1.0_a0.6_014.gff
82	N	N	1.412	2.546	2.408	0.138	1.0	0.6	s15_t1.0_a0.6_015.gff
940	N	N	2.450	4.715	4.476	0.239	1.0	0.6	s15_t1.0_a0.6_016.gff
8	N	N	1.254	2.286	2.152	0.134	1.0	0.6	s15_t1.0_a0.6_017.gff
5	N	N	1.267	2.291	2.138	0.153	1.0	0.6	s15_t1.0_a0.6_018.gff
57	N	N	1.344	2.434	2.304	0.130	1.0	0.6	s15_t1.0_a0.6_019.gff
1226	N	N	2.481	5.182	4.927	0.255	1.0	0.6	s15_t1.0_a0.6_020.gff
566	N	N	2.016	3.983	3.808	0.175	1.0	0.6	s15_t1.0_a0.6_021.gff
119	N	N	1.449	2.645	2.505	0.140	1.0	0.6	s15_t1.0_a0.6_022.gff
321	N	N	1.784	3.631	3.464	0.167	1.0	0.6	s15_t1.0_a0.6_023.gff
18	N	N	1.289	2.335	2.203	0.132	1.0	0.6	s15_t1.0_a0.6_024.gff
152	N	N	1.517	2.832	2.699	0.133	1.0	0.6	s15_t1.0_a0.6_025.gff
36	N	N	1.312	2.400	2.265	0.135	1.0	0.6	s15_t1.0_a0.6_026.gff
336	N	N	1.732	3.418	3.261	0.157	1.0	0.6	s15_t1.0_a0.6_027.gff
6	N	N	1.358	2.343	2.214	0.129	1.0	0.6	s15_t1.0_a0.6_028.gff
40	N	N	1.315	2.384	2.255	0.129	1.0	0.6	s15_t1.0_a0.6_029.gff
210	N	N	1.686	3.140	2.971	0.169	1.0	0.6	s15_t1.0_a0.6_030.gff
43	N	N	1.346	2.434	2.292	0.142	1.0	0.6	s15_t1.0_a0.6_031.gff
578	N	N	2.165	4.423	4.244	0.179	1.0	0.6	s15_t1.0_a0.6_032.gff
134	N	N	1.513	2.750	2.618	0.132	1.0	0.6	s15_t1.0_a0.6_033.gff
480	N	N	1.988	4.034	3.834	0.200	1.0	0.6	s15_t1.0_a0.6_034.gff
46	N	N	1.307	2.372	2.223	0.149	1.0	0.6	s15_t1.0_a0.6_035.gff
101	N	N	1.463	2.685	2.560	0.125	1.0	0.6	s15_t1.0_a0.6_036.gff
11	N	N	1.256	2.309	2.177	0.132	1.0	0.6	s15_t1.0_a0.6_037.gff
206	N	N	1.766	3.550	3.363	0.187	1.0	0.6	s15_t1.0_a0.6_038.gff
6914	N	N	5.120	8.996	8.701	0.295	1.0	0.6	s15_t1.0_a0.6_039.gff
29	N	N	1.581	2.405	2.281	0.124	1.0	0.6	s15_t1.0_a0.6_040.gff
151	N	N	1.535	2.837	2.692	0.145	1.0	0.6	s15_t1.0_a0.6_041.gff
315	N	N	1.746	3.424	3.240	0.184	1.0	0.6	s15_t1.0_a0.6_042.gff
250	N	N	1.802	3.583	3.397	0.186	1.0	0.6	s15_t1.0_a0.6_043.gff
49	N	N	1.555	2.452	2.310	0.142	1.0	0.6	s15_t1.0_a0.6_044.gff
656	N	N	2.263	4.579	4.364	0.215	1.0	0.6	s15_t1.0_a0.6_045.gff
274	N	N	1.836	3.659	3.475	0.184	1.0	0.6	s15_t1.0_a0.6_046.gff
293	N	N	1.726	3.398	3.228	0.170	1.0	0.6	s15_t1.0_a0.6_047.gff
53	N	N	1.365	2.473	2.352	0.121	1.0	0.6	s15_t1.0_a0.6_048.gff
486	N	N	1.916	3.906	3.719	0.187	1.0	0.6	s15_t1.0_a0.6_049.gff
522	N	N	2.231	4.360	4.137	0.223	1.0	0.6	s15_t1.0_a0.6_050.gff
78	N	N	1.411	2.578	2.439	0.139	1.0	0.6	s15_t1.0_a0.6_051.gff
83	N	N	1.431	2.617	2.470	0.147	1.0	0.6	s15_t1.0_a0.6_052.gff
640	N	N	2.102	4.318	4.101	0.217	1.0	0.6	s15_t1.0_a0.6_053.gff
200	N	N	1.734	3.320	3.159	0.161	1.0	0.6	s15_t1.0_a0.6_054.gff
372	N	N	1.864	3.783	3.605	0.178	1.0	0.6	s15_t1.0_a0.6_055.gff
2751	N	N	4.742	7.853	7.567	0.286	1.0	0.6	s15_t1.0_a0.6_056.gff
11	N	N	1.334	2.363	2.228	0.135	1.0	0.6	s15_t1.0_a0.6_057.gff
147	N	N	1.586	2.902	2.747	0.155	1.0	0.6	s15_t1.0_a0.6_058.gff
593	N	N	2.174	4.381	4.146	0.235	1.0	0.6	s15_t1.0_a0.6_059.gff
413	N	N	2.181	4.372	4.129	0.243	1.0	0.6	s15_t1.0_a0.6_060.gff
17	N	N	1.324	2.353	2.231	0.122	1.0	0.6	s15_t1.0_a0.6_061.gff
372	N	N	1.900	3.831	3.667	0.164	1.0	0.6	s15_t1.0_a0.6_062.gff
84	N	N	1.386	2.537	2.398	0.139	1.0	0.6	s15_t1.0_a0.6_063.gff
301	N	N	1.776	3.552	3.371	0.181	1.0	0.6	s15_t1.0_a0.6_064.gff
111	N	N	1.425	2.543	2.400	0.143	1.0	0.6	s15_t1.0_a0.6_065.gff
191	N	N	1.609	2.992	2.851	0.141	1.0	0.6	s15_t1.0_a0.6_066.gff
141	N	N	1.501	2.781	2.629	0.152	1.0	0.6	s15_t1.0_a0.6_067.gff
69	N	N	1.415	2.516	2.378	0.138	1.0	0.6	s15_t1.0_a0.6_068.gff
58	N	N	1.361	2.434	2.300	0.134	1.0	0.6	s15_t1.0_a0.6_069.gff
28	N	N	1.296	2.367	2.239	0.128	1.0	0.6	s15_t1.0_a0.6_070.gff
41	N	N	1.480	2.428	2.286	0.142	1.0	0.6	s15_t1.0_a0.6_071.gff
421	N	N	2.234	4.189	3.965	0.224	1.0	0.6	s15_t1.0_a0.6_072.gff
106	N	N	1.524	2.830	2.681	0.149	1.0	0.6	s15_t1.0_a0.6_073.gff
147	N	N	1.575	2.982	2.848	0.134	1.0	0.6	s15_t1.0_a0.6_074.gff
210	N	N	1.670	3.281	3.125	0.156	1.0	0.6	s15_t1.0_a0.6_075.gff
416	N	N	1.991	4.001	3.802	0.199	1.0	0.6	s15_t1.0_a0.6_076.gff
60	N	N	1.426	2.598	2.447	0.151	1.0	0.6	s15_t1.0_a0.6_077.gff
35	N	N	1.342	2.445	2.285	0.160	1.0	0.6	s15_t1.0_a0.6_078.gff
79	N	N	1.432	2.610	2.466	0.144	1.0	0.6	s15_t1.0_a0.6_079.gff
63	N	N	1.395	2.554	2.414	0.140	1.0	0.6	s15_t1.0_a0.6_080.gff
84	N	N	1.488	2.642	2.475	0.167	1.0	0.6	s15_t1.0_a0.6_081.gff
1052	N	N	2.443	5.225	4.955	0.270	1.0	0.6	s15_t1.0_a0.6_082.gff
4	N	N	1.268	2.332	2.211	0.121	1.0	0.6	s15_t1.0_a0.6_083.gff
155	N	N	1.514	2.837	2.688	0.149	1.0	0.6	s15_t1.0_a0.6_084.gff
2353	N	N	4.008	7.190	6.935	0.255	1.0	0.6	s15_t1.0_a0.6_085.gff
109	N	N	1.439	2.675	2.534	0.141	1.0	0.6	s15_t1.0_a0.6_086.gff
255	N	N	1.729	3.503	3.338	0.165	1.0	0.6	s15_t1.0_a0.6_087.gff
160	N	N	1.504	2.780	2.647	0.133	1.0	0.6	s15_t1.0_a0.6_088.gff
71	N	N	1.371	2.482	2.346	0.136	1.0	0.6	s15_t1.0_a0.6_089.gff
126	N	N	1.472	2.738	2.593	0.145	1.0	0.6	s15_t1.0_a0.6_090.gff
226	N	N	1.607	3.018	2.856	0.162	1.0	0.6	s15_t1.0_a0.6_091.gff
68	N	N	1.386	2.527	2.391	0.136	1.0	0.6	s15_t1.0_a0.6_092.gff
1135	N	N	2.576	5.163	4.924	0.239	1.0	0.6	s15_t1.0_a0.6_093.gff
115	N	N	1.989	2.792	2.642	0.150	1.0	0.6	s15_t1.0_a0.6_094.gff
33	N	N	1.305	2.392	2.255	0.137	1.0	0.6	s15_t1.0_a0.6_095.gff
184	N	N	1.569	2.936	2.800	0.136	1.0	0.6	s15_t1.0_a0.6_096.gff
348	N	N	1.881	3.864	3.710	0.154	1.0	0.6	s15_t1.0_a0.6_097.gff
55	N	N	1.488	2.553	2.412	0.141	1.0	0.6	s15_t1.0_a0.6_098.gff
80	N	N	1.405	2.563	2.428	0.135	1.0	0.6	s15_t1.0_a0.6_099.gff
5	N	N	1.248	2.257	2.127	0.130	1.0	0.6	s15_t1.0_a0.6_100.gff
158	N	N	1.514	2.805	2.668	0.137	1.0	0.7	s15_t1.0_a0.7_001.gff
56	N	N	1.417	2.565	2.443	0.122	1.0	0.7	s15_t1.0_a0.7_002.gff
69	N	N	1.371	2.471	2.330	0.141	1.0	0.7	s15_t1.0_a0.7_003.gff
142	N	N	1.498	2.834	2.701	0.133	1.0	0.7	s15_t1.0_a0.7_004.gff
203	N	N	1.562	2.988	2.836	0.152	1.0	0.7	s15_t1.0_a0.7_005.gff
59	N	N	1.339	2.452	2.312	0.140	1.0	0.7	s15_t1.0_a0.7_006.gff
35	N	N	1.327	2.384	2.257	0.127	1.0	0.7	s15_t1.0_a0.7_007.gff
5	N	N	1.268	2.312	2.188	0.124	1.0	0.7	s15_t1.0_a0.7_008.gff
72	N	N	1.367	2.514	2.374	0.140	1.0	0.7	s15_t1.0_a0.7_009.gff
12	N	N	1.268	2.333	2.181	0.152	1.0	0.7	s15_t1.0_a0.7_010.gff
439	N	N	2.017	4.025	3.825	0.200	1.0	0.7	s15_t1.0_a0.7_011.gff
88	N	N	1.396	2.513	2.356	0.157	1.0	0.7	s15_t1.0_a0.7_012.gff
482	N	N	1.921	3.931	3.759	0.172	1.0	0.7	s15_t1.0_a0.7_013.gff
104	N	N	1.423	2.617	2.477	0.140	1.0	0.7	s15_t1.0_a0.7_014.gff
76	N	N	1.387	2.513	2.382	0.131	1.0	0.7	s15_t1.0_a0.7_015.gff
57	N	N	1.392	2.527	2.399	0.128	1.0	0.7	s15_t1.0_a0.7_016.gff
60	N	N	1.423	2.607	2.457	0.150	1.0	0.7	s15_t1.0_a0.7_017.gff
248	N	N	1.787	3.619	3.457	0.162	1.0	0.7	s15_t1.0_a0.7_018.gff
49	N	N	1.321	2.421	2.258	0.163	1.0	0.7	s15_t1.0_a0.7_019.gff
9	N	N	1.257	2.285	2.163	0.122	1.0	0.7	s15_t1.0_a0.7_020.gff
68	N	N	1.367	2.524	2.372	0.152	1.0	0.7	s15_t1.0_a0.7_021.gff
452	N	N	1.877	3.824	3.664	0.160	1.0	0.7	s15_t1.0_a0.7_022.gff
154	N	N	2.032	2.950	2.799	0.151	1.0	0.7	s15_t1.0_a0.7_023.gff
117	N	N	1.812	2.732	2.594	0.138	1.0	0.7	s15_t1.0_a0.7_024.gff
219	N	N	2.137	3.221	3.060	0.161	1.0	0.7	s15_t1.0_a0.7_025.gff
73	N	N	1.361	2.447	2.327	0.120	1.0	0.7	s15_t1.0_a0.7_026.gff
326	N	N	1.835	3.736	3.567	0.169	1.0	0.7	s15_t1.0_a0.7_027.gff
277	N	N	1.697	3.336	3.188	0.148	1.0	0.7	s15_t1.0_a0.7_028.gff
99	N	N	1.405	2.559	2.425	0.134	1.0	0.7	s15_t1.0_a0.7_029.gff
576	N	N	2.019	4.070	3.868	0.202	1.0	0.7	s15_t1.0_a0.7_030.gff
90	N	N	1.425	2.598	2.457	0.141	1.0	0.7	s15_t1.0_a0.7_031.gff
35	N	N	1.295	2.341	2.217	0.124	1.0	0.7	s15_t1.0_a0.7_032.gff
266	N	N	1.629	3.041	2.882	0.159	1.0	0.7	s15_t1.0_a0.7_033.gff
233	N	N	1.753	3.364	3.213	0.151	1.0	0.7	s15_t1.0_a0.7_034.gff
15	N	N	1.284	2.333	2.233	0.100	1.0	0.7	s15_t1.0_a0.7_035.gff
10	N	N	1.264	2.314	2.173	0.141	1.0	0.7	s15_t1.0_a0.7_036.gff
59	N	N	1.404	2.575	2.436	0.139	1.0	0.7	s15_t1.0_a0.7_037.gff
238	N	N	1.672	3.234	3.064	0.170	1.0	0.7	s15_t1.0_a0.7_038.gff
55	N	N	1.348	2.428	2.291	0.137	1.0	0.7	s15_t1.0_a0.7_039.gff
313	N	N	1.643	3.082	2.906	0.176	1.0	0.7	s15_t1.0_a0.7_040.gff
490	N	N	1.861	3.692	3.536	0.156	1.0	0.7	s15_t1.0_a0.7_041.gff
206	N	N	1.587	2.979	2.821	0.158	1.0	0.7	s15_t1.0_a0.7_042.gff
73	N	N	1.391	2.544	2.420	0.124	1.0	0.7	s15_t1.0_a0.7_043.gff
57	N	N	1.324	2.395	2.268	0.127	1.0	0.7	s15_t1.0_a0.7_044.gff
32	N	N	1.300	2.360	2.217	0.143	1.0	0.7	s15_t1.0_a0.7_045.gff
103	N	N	1.425	2.544	2.405	0.139	1.0	0.7	s15_t1.0_a0.7_046.gff
253	N	N	1.704	3.340	3.163	0.177	1.0	0.7	s15_t1.0_a0.7_047.gff
36	N	N	1.334	2.453	2.308	0.145	1.0	0.7	s15_t1.0_a0.7_048.gff
80	N	N	1.402	2.556	2.418	0.138	1.0	0.7	s15_t1.0_a0.7_049.gff
61	N	N	1.374	2.485	2.345	0.140	1.0	0.7	s15_t1.0_a0.7_050.gff
63	N	N	1.563	2.511	2.388	0.123	1.0	0.7	s15_t1.0_a0.7_051.gff
4	N	N	1.254	2.290	2.164	0.126	1.0	0.7	s15_t1.0_a0.7_052.gff
173	N	N	1.724	3.027	2.867	0.160	1.0	0.7	s15_t1.0_a0.7_053.gff
215	N	N	1.600	2.998	2.856	0.142	1.0	0.7	s15_t1.0_a0.7_054.gff
164	N	N	1.596	2.959	2.820	0.139	1.0	0.7	s15_t1.0_a0.7_055.gff
235	N	N	1.637	3.084	2.918	0.166	1.0	0.7	s15_t1.0_a0.7_056.gff
60	N	N	1.354	2.444	2.321	0.123	1.0	0.7	s15_t1.0_a0.7_057.gff
79	N	N	1.419	2.590	2.452	0.138	1.0	0.7	s15_t1.0_a0.7_058.gff
83	N	N	1.387	2.495	2.335	0.160	1.0	0.7	s15_t1.0_a0.7_059.gff
102	N	N	1.453	2.583	2.458	0.125	1.0	0.7	s15_t1.0_a0.7_060.gff
231	N	N	1.659	3.117	2.943	0.174	1.0	0.7	s15_t1.0_a0.7_061.gff
33	N	N	1.352	2.475	2.318	0.157	1.0	0.7	s15_t1.0_a0.7_062.gff
65	N	N	1.362	2.460	2.318	0.142	1.0	0.7	s15_t1.0_a0.7_063.gff
83	N	N	1.496	2.678	2.479	0.199	1.0	0.7	s15_t1.0_a0.7_064.gff
41	N	N	1.425	2.513	2.305	0.208	1.0	0.7	s15_t1.0_a0.7_065.gff
119	N	N	1.561	2.954	2.778	0.176	1.0	0.7	s15_t1.0_a0.7_066.gff
138	N	N	1.503	2.759	2.601	0.158	1.0	0.7	s15_t1.0_a0.7_067.gff
35	N	N	1.335	2.410	2.270	0.140	1.0	0.7	s15_t1.0_a0.7_068.gff
32	N	N	1.332	2.417	2.239	0.178	1.0	0.7	s15_t1.0_a0.7_069.gff
87	N	N	1.450	2.567	2.400	0.167	1.0	0.7	s15_t1.0_a0.7_070.gff
166	N	N	1.537	2.891	2.745	0.146	1.0	0.7	s15_t1.0_a0.7_071.gff
56	N	N	1.431	2.550	2.421	0.129	1.0	0.7	s15_t1.0_a0.7_072.gff
239	N	N	1.649	3.135	3.002	0.133	1.0	0.7	s15_t1.0_a0.7_073.gff
31	N	N	1.335	2.424	2.278	0.146	1.0	0.7	s15_t1.0_a0.7_074.gff
46	N	N	1.350	2.458	2.333	0.125	1.0	0.7	s15_t1.0_a0.7_075.gff
112	N	N	1.481	2.680	2.541	0.139	1.0	0.7	s15_t1.0_a0.7_076.gff
26	N	N	1.352	2.456	2.307	0.149	1.0	0.7	s15_t1.0_a0.7_077.gff
65	N	N	1.426	2.567	2.439	0.128	1.0	0.7	s15_t1.0_a0.7_078.gff
19	N	N	1.292	2.397	2.247	0.150	1.0	0.7	s15_t1.0_a0.7_079.gff
42	N	N	1.311	2.373	2.235	0.138	1.0	0.7	s15_t1.0_a0.7_080.gff
65	N	N	1.371	2.487	2.327	0.160	1.0	0.7	s15_t1.0_a0.7_081.gff
239	N	N	1.749	3.414	3.259	0.155	1.0	0.7	s15_t1.0_a0.7_082.gff
128	N	N	1.443	2.683	2.560	0.123	1.0	0.7	s15_t1.0_a0.7_083.gff
45	N	N	1.290	2.352	2.214	0.138	1.0	0.7	s15_t1.0_a0.7_084.gff
83	N	N	1.383	2.536	2.395	0.141	1.0	0.7	s15_t1.0_a0.7_085.gff
32	N	N	1.315	2.411	2.277	0.134	1.0	0.7	s15_t1.0_a0.7_086.gff
86	N	N	1.440	2.601	2.453	0.148	1.0	0.7	s15_t1.0_a0.7_087.gff
59	N	N	1.359	2.496	2.363	0.133	1.0	0.7	s15_t1.0_a0.7_088.gff
262	N	N	1.690	3.366	3.187	0.179	1.0	0.7	s15_t1.0_a0.7_089.gff
15	N	N	1.261	2.323	2.173	0.150	1.0	0.7	s15_t1.0_a0.7_090.gff
161	N	N	1.563	2.877	2.719	0.158	1.0	0.7	s15_t1.0_a0.7_091.gff
226	N	N	1.697	3.431	3.261	0.170	1.0	0.7	s15_t1.0_a0.7_092.gff
17	N	N	1.262	2.308	2.189	0.119	1.0	0.7	s15_t1.0_a0.7_093.gff
159	N	N	1.602	3.008	2.851	0.157	1.0	0.7	s15_t1.0_a0.7_094.gff
73	N	N	1.420	2.590	2.453	0.137	1.0	0.7	s15_t1.0_a0.7_095.gff
79	N	N	1.397	2.515	2.367	0.148	1.0	0.7	s15_t1.0_a0.7_096.gff
205	N	N	1.601	3.050	2.904	0.146	1.0	0.7	s15_t1.0_a0.7_097.gff
67	N	N	1.405	2.519	2.361	0.158	1.0	0.7	s15_t1.0_a0.7_098.gff
118	N	N	1.462	2.705	2.582	0.123	1.0	0.7	s15_t1.0_a0.7_099.gff
25	N	N	1.280	2.337	2.219	0.118	1.0	0.7	s15_t1.0_a0.7_100.gff
47	N	N	1.328	2.403	2.260	0.143	1.0	0.8	s15_t1.0_a0.8_001.gff
58	N	N	1.355	2.459	2.320	0.139	1.0	0.8	s15_t1.0_a0.8_002.gff
184	N	N	1.525	2.869	2.714	0.155	1.0	0.8	s15_t1.0_a0.8_003.gff
54	N	N	1.551	2.526	2.402	0.124	1.0	0.8	s15_t1.0_a0.8_004.gff
68	N	N	1.354	2.514	2.384	0.130	1.0	0.8	s15_t1.0_a0.8_005.gff
50	N	N	1.323	2.480	2.351	0.129	1.0	0.8	s15_t1.0_a0.8_006.gff
56	N	N	1.353	2.453	2.327	0.126	1.0	0.8	s15_t1.0_a0.8_007.gff
17	N	N	1.245	2.300	2.175	0.125	1.0	0.8	s15_t1.0_a0.8_008.gff
23	N	N	1.266	2.365	2.230	0.135	1.0	0.8	s15_t1.0_a0.8_009.gff
8	N	N	1.246	2.288	2.134	0.154	1.0	0.8	s15_t1.0_a0.8_010.gff
122	N	N	1.411	2.553	2.426	0.127	1.0	0.8	s15_t1.0_a0.8_011.gff
12	N	N	1.246	2.255	2.128	0.127	1.0	0.8	s15_t1.0_a0.8_012.gff
117	N	N	1.442	2.539	2.407	0.132	1.0	0.8	s15_t1.0_a0.8_013.gff
190	N	N	1.550	2.901	2.749	0.152	1.0	0.8	s15_t1.0_a0.8_014.gff
65	N	N	1.374	2.485	2.337	0.148	1.0	0.8	s15_t1.0_a0.8_015.gff
99	N	N	1.438	2.581	2.450	0.131	1.0	0.8	s15_t1.0_a0.8_016.gff
27	N	N	1.341	2.399	2.265	0.134	1.0	0.8	s15_t1.0_a0.8_017.gff
15	N	N	1.284	2.299	2.178	0.121	1.0	0.8	s15_t1.0_a0.8_018.gff
77	N	N	1.396	2.554	2.423	0.131	1.0	0.8	s15_t1.0_a0.8_019.gff
104	N	N	1.428	2.593	2.448	0.145	1.0	0.8	s15_t1.0_a0.8_020.gff
57	N	N	1.359	2.528	2.392	0.136	1.0	0.8	s15_t1.0_a0.8_021.gff
263	N	N	1.654	3.247	3.090	0.157	1.0	0.8	s15_t1.0_a0.8_022.gff
66	N	N	1.347	2.446	2.310	0.136	1.0	0.8	s15_t1.0_a0.8_023.gff
24	N	N	1.287	2.335	2.205	0.130	1.0	0.8	s15_t1.0_a0.8_024.gff
8	N	N	1.246	2.300	2.177	0.123	1.0	0.8	s15_t1.0_a0.8_025.gff
86	N	N	1.426	2.514	2.372	0.142	1.0	0.8	s15_t1.0_a0.8_026.gff
142	N	N	1.479	2.757	2.637	0.120	1.0	0.8	s15_t1.0_a0.8_027.gff
59	N	N	1.369	2.442	2.288	0.154	1.0	0.8	s15_t1.0_a0.8_028.gff
35	N	N	1.298	2.385	2.240	0.145	1.0	0.8	s15_t1.0_a0.8_029.gff
24	N	N	1.270	2.384	2.247	0.137	1.0	0.8	s15_t1.0_a0.8_030.gff
21	N	N	1.334	2.393	2.254	0.139	1.0	0.8	s15_t1.0_a0.8_031.gff
43	N	N	1.338	2.466	2.324	0.142	1.0	0.8	s15_t1.0_a0.8_032.gff
124	N	N	1.510	2.776	2.623	0.153	1.0	0.8	s15_t1.0_a0.8_033.gff
45	N	N	1.360	2.495	2.336	0.159	1.0	0.8	s15_t1.0_a0.8_034.gff
5	N	N	1.298	2.366	2.226	0.140	1.0	0.8	s15_t1.0_a0.8_035.gff
179	N	N	1.538	2.815	2.677	0.138	1.0	0.8	s15_t1.0_a0.8_036.gff
5	N	N	1.329	2.377	2.244	0.133	1.0	0.8	s15_t1.0_a0.8_037.gff
60	N	N	1.411	2.571	2.445	0.126	1.0	0.8	s15_t1.0_a0.8_038.gff
25	N	N	1.333	2.419	2.293	0.126	1.0	0.8	s15_t1.0_a0.8_039.gff
41	N	N	1.318	2.435	2.280	0.155	1.0	0.8	s15_t1.0_a0.8_040.gff
23	N	N	1.247	2.315	2.186	0.129	1.0	0.8	s15_t1.0_a0.8_041.gff
150	N	N	1.518	2.769	2.637	0.132	1.0	0.8	s15_t1.0_a0.8_042.gff
18	N	N	1.259	2.342	2.215	0.127	1.0	0.8	s15_t1.0_a0.8_043.gff
54	N	N	1.346	2.441	2.305	0.136	1.0	0.8	s15_t1.0_a0.8_044.gff
19	N	N	1.249	2.308	2.177	0.131	1.0	0.8	s15_t1.0_a0.8_045.gff
45	N	N	1.343	2.438	2.291	0.147	1.0	0.8	s15_t1.0_a0.8_046.gff
15	N	N	1.260	2.264	2.144	0.120	1.0	0.8	s15_t1.0_a0.8_047.gff
198	N	N	1.625	3.153	2.995	0.158	1.0	0.8	s15_t1.0_a0.8_048.gff
163	N	N	1.590	2.935	2.776	0.159	1.0	0.8	s15_t1.0_a0.8_049.gff
28	N	N	1.308	2.364	2.237	0.127	1.0	0.8	s15_t1.0_a0.8_050.gff
216	N	N	1.551	2.906	2.734	0.172	1.0	0.8	s15_t1.0_a0.8_051.gff
28	N	N	1.269	2.314	2.176	0.138	1.0	0.8	s15_t1.0_a0.8_052.gff
67	N	N	1.375	2.477	2.325	0.152	1.0	0.8	s15_t1.0_a0.8_053.gff
60	N	N	1.342	2.450	2.314	0.136	1.0	0.8	s15_t1.0_a0.8_054.gff
50	N	N	1.326	2.397	2.248	0.149	1.0	0.8	s15_t1.0_a0.8_055.gff
88	N	N	2.071	2.601	2.459	0.142	1.0	0.8	s15_t1.0_a0.8_056.gff
24	N	N	1.285	2.361	2.232	0.129	1.0	0.8	s15_t1.0_a0.8_057.gff
13	N	N	1.273	2.337	2.214	0.123	1.0	0.8	s15_t1.0_a0.8_058.gff
108	N	N	1.461	2.602	2.464	0.138	1.0	0.8	s15_t1.0_a0.8_059.gff
176	N	N	1.626	3.009	2.855	0.154	1.0	0.8	s15_t1.0_a0.8_060.gff
170	N	N	1.536	2.883	2.733	0.150	1.0	0.8	s15_t1.0_a0.8_061.gff
19	N	N	1.273	2.320	2.196	0.124	1.0	0.8	s15_t1.0_a0.8_062.gff
48	N	N	1.328	2.426	2.287	0.139	1.0	0.8	s15_t1.0_a0.8_063.gff
33	N	N	1.319	2.423	2.293	0.130	1.0	0.8	s15_t1.0_a0.8_064.gff
99	N	N	1.468	2.740	2.617	0.123	1.0	0.8	s15_t1.0_a0.8_065.gff
11	N	N	1.273	2.299	2.160	0.139	1.0	0.8	s15_t1.0_a0.8_066.gff
62	N	N	1.376	2.481	2.344	0.137	1.0	0.8	s15_t1.0_a0.8_067.gff
56	N	N	1.370	2.512	2.384	0.128	1.0	0.8	s15_t1.0_a0.8_068.gff
105	N	N	1.398	2.523	2.392	0.131	1.0	0.8	s15_t1.0_a0.8_069.gff
64	N	N	1.413	2.579	2.453	0.126	1.0	0.8	s15_t1.0_a0.8_070.gff
26	N	N	1.336	2.475	2.339	0.136	1.0	0.8	s15_t1.0_a0.8_071.gff
46	N	N	1.342	2.439	2.299	0.140	1.0	0.8	s15_t1.0_a0.8_072.gff
4	N	N	1.266	2.304	2.166	0.138	1.0	0.8	s15_t1.0_a0.8_073.gff
51	N	N	1.358	2.477	2.316	0.161	1.0	0.8	s15_t1.0_a0.8_074.gff
100	N	N	1.528	2.878	2.730	0.148	1.0	0.8	s15_t1.0_a0.8_075.gff
101	N	N	1.476	2.687	2.527	0.160	1.0	0.8	s15_t1.0_a0.8_076.gff
38	N	N	1.319	2.406	2.275	0.131	1.0	0.8	s15_t1.0_a0.8_077.gff
155	N	N	1.516	2.844	2.695	0.149	1.0	0.8	s15_t1.0_a0.8_078.gff
96	N	N	1.428	2.584	2.434	0.150	1.0	0.8	s15_t1.0_a0.8_079.gff
22	N	N	1.309	2.405	2.255	0.150	1.0	0.8	s15_t1.0_a0.8_080.gff
250	N	N	1.768	3.381	3.217	0.164	1.0	0.8	s15_t1.0_a0.8_081.gff
24	N	N	1.426	2.341	2.221	0.120	1.0	0.8	s15_t1.0_a0.8_082.gff
57	N	N	1.355	2.419	2.274	0.145	1.0	0.8	s15_t1.0_a0.8_083.gff
174	N	N	1.612	3.133	2.999	0.134	1.0	0.8	s15_t1.0_a0.8_084.gff
58	N	N	1.385	2.539	2.387	0.152	1.0	0.8	s15_t1.0_a0.8_085.gff
74	N	N	1.427	2.694	2.584	0.110	1.0	0.8	s15_t1.0_a0.8_086.gff
180	N	N	1.530	2.883	2.758	0.125	1.0	0.8	s15_t1.0_a0.8_087.gff
25	N	N	1.295	2.337	2.215	0.122	1.0	0.8	s15_t1.0_a0.8_088.gff
40	N	N	1.321	2.407	2.276	0.131	1.0	0.8	s15_t1.0_a0.8_089.gff
122	N	N	1.543	2.886	2.766	0.120	1.0	0.8	s15_t1.0_a0.8_090.gff
103	N	N	1.433	2.570	2.426	0.144	1.0	0.8	s15_t1.0_a0.8_091.gff
406	N	N	1.912	3.916	3.740	0.176	1.0	0.8	s15_t1.0_a0.8_092.gff
208	N	N	1.546	2.845	2.711	0.134	1.0	0.8	s15_t1.0_a0.8_093.gff
35	N	N	1.293	2.356	2.224	0.132	1.0	0.8	s15_t1.0_a0.8_094.gff
13	N	N	1.273	2.323	2.191	0.132	1.0	0.8	s15_t1.0_a0.8_095.gff
38	N	N	1.324	2.397	2.260	0.137	1.0	0.8	s15_t1.0_a0.8_096.gff
82	N	N	1.373	2.458	2.331	0.127	1.0	0.8	s15_t1.0_a0.8_097.gff
55	N	N	1.365	2.513	2.381	0.132	1.0	0.8	s15_t1.0_a0.8_098.gff
133	N	N	1.505	2.736	2.605	0.131	1.0	0.8	s15_t1.0_a0.8_099.gff
152	N	N	1.589	2.961	2.803	0.158	1.0	0.8	s15_t1.0_a0.8_100.gff
101	N	N	1.448	2.570	2.456	0.114	1.0	0.9	s15_t1.0_a0.9_001.gff
24	N	N	1.334	2.424	2.286	0.138	1.0	0.9	s15_t1.0_a0.9_002.gff
34	N	N	1.301	2.355	2.226	0.129	1.0	0.9	s15_t1.0_a0.9_003.gff
18	N	N	1.269	2.291	2.168	0.123	1.0	0.9	s15_t1.0_a0.9_004.gff
86	N	N	1.388	2.533	2.404	0.129	1.0	0.9	s15_t1.0_a0.9_005.gff
52	N	N	1.352	2.440	2.311	0.129	1.0	0.9	s15_t1.0_a0.9_006.gff
84	N	N	1.355	2.437	2.319	0.118	1.0	0.9	s15_t1.0_a0.9_007.gff
111	N	N	1.443	2.631	2.505	0.126	1.0	0.9	s15_t1.0_a0.9_008.gff
67	N	N	1.358	2.429	2.309	0.120	1.0	0.9	s15_t1.0_a0.9_009.gff
60	N	N	1.354	2.478	2.349	0.129	1.0	0.9	s15_t1.0_a0.9_010.gff
108	N	N	1.405	2.576	2.441	0.135	1.0	0.9	s15_t1.0_a0.9_011.gff
65	N	N	1.352	2.407	2.278	0.129	1.0	0.9	s15_t1.0_a0.9_012.gff
27	N	N	1.304	2.388	2.253	0.135	1.0	0.9	s15_t1.0_a0.9_013.gff
35	N	N	1.527	2.403	2.262	0.141	1.0	0.9	s15_t1.0_a0.9_014.gff
36	N	N	1.275	2.299	2.153	0.146	1.0	0.9	s15_t1.0_a0.9_015.gff
105	N	N	1.437	2.665	2.524	0.141	1.0	0.9	s15_t1.0_a0.9_016.gff
14	N	N	1.254	2.259	2.128	0.131	1.0	0.9	s15_t1.0_a0.9_017.gff
105	N	N	1.437	2.642	2.496	0.146	1.0	0.9	s15_t1.0_a0.9_018.gff
28	N	N	1.272	2.352	2.219	0.133	1.0	0.9	s15_t1.0_a0.9_019.gff
58	N	N	1.338	2.425	2.295	0.130	1.0	0.9	s15_t1.0_a0.9_020.gff
18	N	N	1.302	2.343	2.219	0.124	1.0	0.9	s15_t1.0_a0.9_021.gff
36	N	N	1.292	2.313	2.181	0.132	1.0	0.9	s15_t1.0_a0.9_022.gff
6	N	N	1.287	2.310	2.182	0.128	1.0	0.9	s15_t1.0_a0.9_023.gff
121	N	N	1.541	2.692	2.579	0.113	1.0	0.9	s15_t1.0_a0.9_024.gff
72	N	N	1.360	2.466	2.325	0.141	1.0	0.9	s15_t1.0_a0.9_025.gff
63	N	N	1.393	2.431	2.308	0.123	1.0	0.9	s15_t1.0_a0.9_026.gff
7	N	N	1.248	2.281	2.151	0.130	1.0	0.9	s15_t1.0_a0.9_027.gff
47	N	N	1.292	2.362	2.230	0.132	1.0	0.9	s15_t1.0_a0.9_028.gff
88	N	N	1.357	2.494	2.362	0.132	1.0	0.9	s15_t1.0_a0.9_029.gff
216	N	N	1.592	2.924	2.780	0.144	1.0	0.9	s15_t1.0_a0.9_030.gff
29	N	N	1.284	2.381	2.252	0.129	1.0	0.9	s15_t1.0_a0.9_031.gff
44	N	N	1.285	2.318	2.186	0.132	1.0	0.9	s15_t1.0_a0.9_032.gff
16	N	N	1.251	2.305	2.179	0.126	1.0	0.9	s15_t1.0_a0.9_033.gff
25	N	N	1.258	2.295	2.152	0.143	1.0	0.9	s15_t1.0_a0.9_034.gff
75	N	N	1.363	2.493	2.355	0.138	1.0	0.9	s15_t1.0_a0.9_035.gff
16	N	N	1.258	2.286	2.173	0.113	1.0	0.9	s15_t1.0_a0.9_036.gff
196	N	N	1.559	2.850	2.708	0.142	1.0	0.9	s15_t1.0_a0.9_037.gff
169	N	N	1.487	2.750	2.616	0.134	1.0	0.9	s15_t1.0_a0.9_038.gff
130	N	N	1.456	2.630	2.495	0.135	1.0	0.9	s15_t1.0_a0.9_039.gff
24	N	N	1.266	2.332	2.207	0.125	1.0	0.9	s15_t1.0_a0.9_040.gff
53	N	N	1.359	2.423	2.287	0.136	1.0	0.9	s15_t1.0_a0.9_041.gff
21	N	N	1.269	2.322	2.189	0.133	1.0	0.9	s15_t1.0_a0.9_042.gff
131	N	N	1.456	2.624	2.495	0.129	1.0	0.9	s15_t1.0_a0.9_043.gff
116	N	N	1.430	2.584	2.433	0.151	1.0	0.9	s15_t1.0_a0.9_044.gff
289	N	N	1.653	3.091	2.937	0.154	1.0	0.9	s15_t1.0_a0.9_045.gff
31	N	N	1.324	2.398	2.259	0.139	1.0	0.9	s15_t1.0_a0.9_046.gff
96	N	N	1.392	2.509	2.385	0.124	1.0	0.9	s15_t1.0_a0.9_047.gff
160	N	N	1.527	2.853	2.696	0.157	1.0	0.9	s15_t1.0_a0.9_048.gff
3	N	N	1.261	2.314	2.186	0.128	1.0	0.9	s15_t1.0_a0.9_049.gff
131	N	N	1.482	2.701	2.556	0.145	1.0	0.9	s15_t1.0_a0.9_050.gff
10	N	N	1.257	2.282	2.147	0.135	1.0	0.9	s15_t1.0_a0.9_051.gff
245	N	N	1.606	3.003	2.840	0.163	1.0	0.9	s15_t1.0_a0.9_052.gff
104	N	N	1.443	2.609	2.456	0.153	1.0	0.9	s15_t1.0_a0.9_053.gff
54	N	N	1.332	2.408	2.264	0.144	1.0	0.9	s15_t1.0_a0.9_054.gff
47	N	N	1.328	2.427	2.308	0.119	1.0	0.9	s15_t1.0_a0.9_055.gff
34	N	N	1.303	2.397	2.256	0.141	1.0	0.9	s15_t1.0_a0.9_056.gff
153	N	N	1.473	2.669	2.537	0.132	1.0	0.9	s15_t1.0_a0.9_057.gff
49	N	N	1.347	2.401	2.271	0.130	1.0	0.9	s15_t1.0_a0.9_058.gff
229	N	N	1.622	3.033	2.888	0.145	1.0	0.9	s15_t1.0_a0.9_059.gff
116	N	N	1.436	2.602	2.476	0.126	1.0	0.9	s15_t1.0_a0.9_060.gff
25	N	N	1.288	2.372	2.241	0.131	1.0	0.9	s15_t1.0_a0.9_061.gff
31	N	N	1.328	2.407	2.247	0.160	1.0	0.9	s15_t1.0_a0.9_062.gff
39	N	N	1.326	2.392	2.264	0.128	1.0	0.9	s15_t1.0_a0.9_063.gff
53	N	N	1.436	2.625	2.499	0.126	1.0	0.9	s15_t1.0_a0.9_064.gff
215	N	N	1.756	3.029	2.885	0.144	1.0	0.9	s15_t1.0_a0.9_065.gff
148	N	N	1.574	2.954	2.811	0.143	1.0	0.9	s15_t1.0_a0.9_066.gff
52	N	N	1.359	2.499	2.379	0.120	1.0	0.9	s15_t1.0_a0.9_067.gff
7	N	N	1.271	2.302	2.181	0.121	1.0	0.9	s15_t1.0_a0.9_068.gff
27	N	N	1.290	2.379	2.261	0.118	1.0	0.9	s15_t1.0_a0.9_069.gff
19	N	N	1.274	2.322	2.192	0.130	1.0	0.9	s15_t1.0_a0.9_070.gff
39	N	N	2.043	2.390	2.261	0.129	1.0	0.9	s15_t1.0_a0.9_071.gff
47	N	N	1.522	2.463	2.350	0.113	1.0	0.9	s15_t1.0_a0.9_072.gff
44	N	N	1.297	2.360	2.232	0.128	1.0	0.9	s15_t1.0_a0.9_073.gff
110	N	N	1.472	2.683	2.544	0.139	1.0	0.9	s15_t1.0_a0.9_074.gff
94	N	N	1.433	2.572	2.403	0.169	1.0	0.9	s15_t1.0_a0.9_075.gff
10	N	N	1.271	2.344	2.220	0.124	1.0	0.9	s15_t1.0_a0.9_076.gff
35	N	N	1.292	2.382	2.260	0.122	1.0	0.9	s15_t1.0_a0.9_077.gff
55	N	N	1.325	2.399	2.270	0.129	1.0	0.9	s15_t1.0_a0.9_078.gff
244	N	N	1.592	3.006	2.847	0.159	1.0	0.9	s15_t1.0_a0.9_079.gff
30	N	N	1.295	2.373	2.245	0.128	1.0	0.9	s15_t1.0_a0.9_080.gff
14	N	N	1.267	2.331	2.210	0.121	1.0	0.9	s15_t1.0_a0.9_081.gff
90	N	N	1.379	2.498	2.348	0.150	1.0	0.9	s15_t1.0_a0.9_082.gff
55	N	N	1.412	2.547	2.405	0.142	1.0	0.9	s15_t1.0_a0.9_083.gff
30	N	N	1.324	2.423	2.288	0.135	1.0	0.9	s15_t1.0_a0.9_084.gff
97	N	N	1.435	2.612	2.467	0.145	1.0	0.9	s15_t1.0_a0.9_085.gff
80	N	N	1.444	2.588	2.461	0.127	1.0	0.9	s15_t1.0_a0.9_086.gff
224	N	N	1.603	3.019	2.882	0.137	1.0	0.9	s15_t1.0_a0.9_087.gff
34	N	N	1.296	2.360	2.219	0.141	1.0	0.9	s15_t1.0_a0.9_088.gff
4	N	N	1.250	2.280	2.146	0.134	1.0	0.9	s15_t1.0_a0.9_089.gff
26	N	N	1.295	2.342	2.219	0.123	1.0	0.9	s15_t1.0_a0.9_090.gff
19	N	N	1.274	2.342	2.209	0.133	1.0	0.9	s15_t1.0_a0.9_091.gff
108	N	N	1.457	2.690	2.546	0.144	1.0	0.9	s15_t1.0_a0.9_092.gff
84	N	N	1.426	2.587	2.460	0.127	1.0	0.9	s15_t1.0_a0.9_093.gff
98	N	N	1.396	2.552	2.418	0.134	1.0	0.9	s15_t1.0_a0.9_094.gff
115	N	N	1.555	2.598	2.454	0.144	1.0	0.9	s15_t1.0_a0.9_095.gff
21	N	N	1.272	2.324	2.199	0.125	1.0	0.9	s15_t1.0_a0.9_096.gff
62	N	N	1.376	2.471	2.341	0.130	1.0	0.9	s15_t1.0_a0.9_097.gff
93	N	N	1.424	2.601	2.460	0.141	1.0	0.9	s15_t1.0_a0.9_098.gff
7	N	N	1.256	2.317	2.186	0.131	1.0	0.9	s15_t1.0_a0.9_099.gff
93	N	N	1.384	2.545	2.414	0.131	1.0	0.9	s15_t1.0_a0.9_100.gff
53	N	N	1.329	2.430	2.311	0.119	1.0	1.0	s15_t1.0_a1.0_001.gff
64	N	N	1.350	2.409	2.277	0.132	1.0	1.0	s15_t1.0_a1.0_002.gff
35	N	N	1.301	2.357	2.229	0.128	1.0	1.0	s15_t1.0_a1.0_003.gff
18	N	N	1.262	2.307	2.182	0.125	1.0	1.0	s15_t1.0_a1.0_004.gff
24	N	N	1.286	2.352	2.231	0.121	1.0	1.0	s15_t1.0_a1.0_005.gff
13	N	N	1.303	2.392	2.257	0.135	1.0	1.0	s15_t1.0_a1.0_006.gff
48	N	N	1.832	2.458	2.324	0.134	1.0	1.0	s15_t1.0_a1.0_007.gff
27	N	N	1.311	2.405	2.271	0.134	1.0	1.0	s15_t1.0_a1.0_008.gff
62	N	N	1.354	2.488	2.357	0.131	1.0	1.0	s15_t1.0_a1.0_009.gff
88	N	N	1.364	2.501	2.363	0.138	1.0	1.0	s15_t1.0_a1.0_010.gff
22	N	N	1.282	2.361	2.217	0.144	1.0	1.0	s15_t1.0_a1.0_011.gff
30	N	N	1.265	2.290	2.166	0.124	1.0	1.0	s15_t1.0_a1.0_012.gff
22	N	N	1.278	2.352	2.229	0.123	1.0	1.0	s15_t1.0_a1.0_013.gff
58	N	N	1.317	2.385	2.257	0.128	1.0	1.0	s15_t1.0_a1.0_014.gff
6	N	N	1.258	2.305	2.173	0.132	1.0	1.0	s15_t1.0_a1.0_015.gff
38	N	N	1.286	2.353	2.221	0.132	1.0	1.0	s15_t1.0_a1.0_016.gff
20	N	N	1.268	2.332	2.222	0.110	1.0	1.0	s15_t1.0_a1.0_017.gff
51	N	N	1.298	2.364	2.240	0.124	1.0	1.0	s15_t1.0_a1.0_018.gff
7	N	N	1.255	2.269	2.149	0.120	1.0	1.0	s15_t1.0_a1.0_019.gff
27	N	N	1.277	2.367	2.234	0.133	1.0	1.0	s15_t1.0_a1.0_020.gff
154	N	N	1.439	2.650	2.527	0.123	1.0	1.0	s15_t1.0_a1.0_021.gff
48	N	N	1.311	2.414	2.265	0.149	1.0	1.0	s15_t1.0_a1.0_022.gff
23	N	N	1.329	2.330	2.210	0.120	1.0	1.0	s15_t1.0_a1.0_023.gff
89	N	N	1.373	2.518	2.386	0.132	1.0	1.0	s15_t1.0_a1.0_024.gff
35	N	N	1.272	2.307	2.183	0.124	1.0	1.0	s15_t1.0_a1.0_025.gff
80	N	N	1.354	2.466	2.337	0.129	1.0	1.0	s15_t1.0_a1.0_026.gff
35	N	N	1.322	2.386	2.268	0.118	1.0	1.0	s15_t1.0_a1.0_027.gff
28	N	N	1.288	2.335	2.212	0.123	1.0	1.0	s15_t1.0_a1.0_028.gff
16	N	N	1.270	2.334	2.214	0.120	1.0	1.0	s15_t1.0_a1.0_029.gff
24	N	N	1.537	2.404	2.262	0.142	1.0	1.0	s15_t1.0_a1.0_030.gff
81	N	N	1.365	2.484	2.349	0.135	1.0	1.0	s15_t1.0_a1.0_031.gff
91	N	N	1.379	2.519	2.378	0.141	1.0	1.0	s15_t1.0_a1.0_032.gff
45	N	N	1.324	2.474	2.347	0.127	1.0	1.0	s15_t1.0_a1.0_033.gff
11	N	N	1.990	2.366	2.217	0.149	1.0	1.0	s15_t1.0_a1.0_034.gff
90	N	N	1.379	2.489	2.356	0.133	1.0	1.0	s15_t1.0_a1.0_035.gff
39	N	N	1.269	2.300	2.170	0.130	1.0	1.0	s15_t1.0_a1.0_036.gff
127	N	N	3.935	2.540	2.410	0.130	1.0	1.0	s15_t1.0_a1.0_037.gff
34	N	N	1.293	2.325	2.216	0.109	1.0	1.0	s15_t1.0_a1.0_038.gff
42	N	N	1.341	2.419	2.293	0.126	1.0	1.0	s15_t1.0_a1.0_039.gff
40	N	N	1.301	2.370	2.260	0.110	1.0	1.0	s15_t1.0_a1.0_040.gff
22	N	N	1.286	2.312	2.189	0.123	1.0	1.0	s15_t1.0_a1.0_041.gff
24	N	N	1.279	2.294	2.180	0.114	1.0	1.0	s15_t1.0_a1.0_042.gff
59	N	N	1.345	2.419	2.288	0.131	1.0	1.0	s15_t1.0_a1.0_043.gff
73	N	N	1.353	2.464	2.323	0.141	1.0	1.0	s15_t1.0_a1.0_044.gff
54	N	N	1.346	2.377	2.250	0.127	1.0	1.0	s15_t1.0_a1.0_045.gff
21	N	N	1.661	2.363	2.242	0.121	1.0	1.0	s15_t1.0_a1.0_046.gff
59	N	N	1.515	2.455	2.325	0.130	1.0	1.0	s15_t1.0_a1.0_047.gff
35	N	N	1.551	2.423	2.297	0.126	1.0	1.0	s15_t1.0_a1.0_048.gff
26	N	N	1.288	2.349	2.213	0.136	1.0	1.0	s15_t1.0_a1.0_049.gff
15	N	N	1.448	2.382	2.239	0.143	1.0	1.0	s15_t1.0_a1.0_050.gff
39	N	N	1.304	2.350	2.229	0.121	1.0	1.0	s15_t1.0_a1.0_051.gff
36	N	N	1.416	2.449	2.310	0.139	1.0	1.0	s15_t1.0_a1.0_052.gff
42	N	N	1.301	2.350	2.199	0.151	1.0	1.0	s15_t1.0_a1.0_053.gff
39	N	N	1.320	2.344	2.218	0.126	1.0	1.0	s15_t1.0_a1.0_054.gff
23	N	N	1.526	2.429	2.295	0.134	1.0	1.0	s15_t1.0_a1.0_055.gff
43	N	N	1.310	2.394	2.246	0.148	1.0	1.0	s15_t1.0_a1.0_056.gff
23	N	N	1.532	2.409	2.280	0.129	1.0	1.0	s15_t1.0_a1.0_057.gff
21	N	N	1.273	2.328	2.200	0.128	1.0	1.0	s15_t1.0_a1.0_058.gff
45	N	N	1.298	2.331	2.194	0.137	1.0	1.0	s15_t1.0_a1.0_059.gff
12	N	N	1.416	2.360	2.220	0.140	1.0	1.0	s15_t1.0_a1.0_060.gff
58	N	N	1.296	2.338	2.214	0.124	1.0	1.0	s15_t1.0_a1.0_061.gff
17	N	N	1.249	2.292	2.160	0.132	1.0	1.0	s15_t1.0_a1.0_062.gff
35	N	N	1.495	2.478	2.345	0.133	1.0	1.0	s15_t1.0_a1.0_063.gff
6	N	N	1.223	2.240	2.112	0.128	1.0	1.0	s15_t1.0_a1.0_064.gff
14	N	N	1.253	2.285	2.153	0.132	1.0	1.0	s15_t1.0_a1.0_065.gff
40	N	N	1.469	2.385	2.259	0.126	1.0	1.0	s15_t1.0_a1.0_066.gff
36	N	N	1.273	2.294	2.163	0.131	1.0	1.0	s15_t1.0_a1.0_067.gff
25	N	N	1.269	2.315	2.191	0.124	1.0	1.0	s15_t1.0_a1.0_068.gff
55	N	N	1.426	2.373	2.251	0.122	1.0	1.0	s15_t1.0_a1.0_069.gff
17	N	N	1.409	2.382	2.258	0.124	1.0	1.0	s15_t1.0_a1.0_070.gff
83	N	N	1.523	2.575	2.433	0.142	1.0	1.0	s15_t1.0_a1.0_071.gff
17	N	N	1.434	2.368	2.245	0.123	1.0	1.0	s15_t1.0_a1.0_072.gff
73	N	N	1.320	2.409	2.283	0.126	1.0	1.0	s15_t1.0_a1.0_073.gff
30	N	N	1.272	2.320	2.203	0.117	1.0	1.0	s15_t1.0_a1.0_074.gff
16	N	N	1.254	2.272	2.151	0.121	1.0	1.0	s15_t1.0_a1.0_075.gff
7	N	N	1.370	2.290	2.147	0.143	1.0	1.0	s15_t1.0_a1.0_076.gff
9	N	N	1.246	2.326	2.198	0.128	1.0	1.0	s15_t1.0_a1.0_077.gff
12	N	N	1.245	2.306	2.171	0.135	1.0	1.0	s15_t1.0_a1.0_078.gff
57	N	N	1.593	2.451	2.313	0.138	1.0	1.0	s15_t1.0_a1.0_079.gff
32	N	N	1.280	2.313	2.174	0.139	1.0	1.0	s15_t1.0_a1.0_080.gff
34	N	N	1.426	2.399	2.234	0.165	1.0	1.0	s15_t1.0_a1.0_081.gff
23	N	N	1.260	2.338	2.208	0.130	1.0	1.0	s15_t1.0_a1.0_082.gff
21	N	N	1.244	2.271	2.137	0.134	1.0	1.0	s15_t1.0_a1.0_083.gff
42	N	N	1.361	2.365	2.241	0.124	1.0	1.0	s15_t1.0_a1.0_084.gff
9	N	N	1.249	2.309	2.191	0.118	1.0	1.0	s15_t1.0_a1.0_085.gff
47	N	N	1.291	2.328	2.198	0.130	1.0	1.0	s15_t1.0_a1.0_086.gff
38	N	N	1.496	2.439	2.316	0.123	1.0	1.0	s15_t1.0_a1.0_087.gff
47	N	N	1.312	2.391	2.251	0.140	1.0	1.0	s15_t1.0_a1.0_088.gff
77	N	N	1.332	2.405	2.302	0.103	1.0	1.0	s15_t1.0_a1.0_089.gff
31	N	N	1.282	2.306	2.183	0.123	1.0	1.0	s15_t1.0_a1.0_090.gff
17	N	N	1.468	2.418	2.260	0.158	1.0	1.0	s15_t1.0_a1.0_091.gff
40	N	N	1.422	2.454	2.328	0.126	1.0	1.0	s15_t1.0_a1.0_092.gff
12	N	N	1.244	2.272	2.160	0.112	1.0	1.0	s15_t1.0_a1.0_093.gff
34	N	N	1.538	2.386	2.254	0.132	1.0	1.0	s15_t1.0_a1.0_094.gff
19	N	N	1.271	2.336	2.215	0.121	1.0	1.0	s15_t1.0_a1.0_095.gff
43	N	N	1.268	2.300	2.176	0.124	1.0	1.0	s15_t1.0_a1.0_096.gff
114	N	N	1.382	2.501	2.362	0.139	1.0	1.0	s15_t1.0_a1.0_097.gff
34	N	N	1.296	2.374	2.257	0.117	1.0	1.0	s15_t1.0_a1.0_098.gff
27	N	N	1.526	2.493	2.350	0.143	1.0	1.0	s15_t1.0_a1.0_099.gff
43	N	N	1.467	2.376	2.237	0.139	1.0	1.0	s15_t1.0_a1.0_100.gff
NA	Y	N	593.897	602.331	601.150	1.181	1.2	0.1	s15_t1.2_a0.1_001.gff
3660	N	N	5.142	10.008	9.688	0.320	1.2	0.1	s15_t1.2_a0.1_002.gff
11740	N	N	9.584	17.156	16.766	0.390	1.2	0.1	s15_t1.2_a0.1_003.gff
NA	Y	N	602.324	602.170	601.062	1.108	1.2	0.1	s15_t1.2_a0.1_004.gff
NA	Y	N	606.291	601.800	600.303	1.497	1.2	0.1	s15_t1.2_a0.1_005.gff
NA	Y	N	534.015	601.666	600.328	1.338	1.2	0.1	s15_t1.2_a0.1_006.gff
NA	Y	N	599.700	601.705	600.589	1.116	1.2	0.1	s15_t1.2_a0.1_007.gff
NA	Y	N	598.748	602.429	600.945	1.484	1.2	0.1	s15_t1.2_a0.1_008.gff
21266	N	N	20.342	26.968	26.487	0.481	1.2	0.1	s15_t1.2_a0.1_009.gff
NA	Y	N	366.272	601.717	600.254	1.463	1.2	0.1	s15_t1.2_a0.1_010.gff
NA	Y	N	606.161	601.910	600.983	0.927	1.2	0.1	s15_t1.2_a0.1_011.gff
NA	Y	N	609.722	601.464	600.250	1.214	1.2	0.1	s15_t1.2_a0.1_012.gff
NA	Y	N	217.171	601.491	600.093	1.398	1.2	0.1	s15_t1.2_a0.1_013.gff
NA	Y	N	589.265	602.282	600.638	1.644	1.2	0.1	s15_t1.2_a0.1_014.gff
NA	Y	N	602.326	601.561	600.688	0.873	1.2	0.1	s15_t1.2_a0.1_015.gff
62463	N	N	65.482	89.185	88.068	1.117	1.2	0.1	s15_t1.2_a0.1_016.gff
NA	Y	N	594.121	602.281	601.091	1.190	1.2	0.1	s15_t1.2_a0.1_017.gff
NA	Y	N	508.170	601.627	600.325	1.302	1.2	0.1	s15_t1.2_a0.1_018.gff
NA	Y	N	585.803	602.347	600.837	1.510	1.2	0.1	s15_t1.2_a0.1_019.gff
3100	N	N	3.909	6.877	6.577	0.300	1.2	0.1	s15_t1.2_a0.1_020.gff
6029	N	N	6.332	11.190	10.829	0.361	1.2	0.1	s15_t1.2_a0.1_021.gff
40236	N	N	44.896	57.829	57.090	0.739	1.2	0.1	s15_t1.2_a0.1_022.gff
NA	Y	N	561.335	601.775	600.341	1.434	1.2	0.1	s15_t1.2_a0.1_023.gff
NA	Y	N	506.639	601.628	600.475	1.153	1.2	0.1	s15_t1.2_a0.1_024.gff
NA	Y	N	605.069	602.071	600.858	1.213	1.2	0.1	s15_t1.2_a0.1_025.gff
NA	Y	N	596.708	601.524	600.499	1.025	1.2	0.1	s15_t1.2_a0.1_026.gff
80	N	N	1.519	2.585	2.436	0.149	1.2	0.1	s15_t1.2_a0.1_027.gff
NA	Y	N	549.495	601.776	598.291	3.485	1.2	0.1	s15_t1.2_a0.1_028.gff
NA	Y	N	613.630	601.686	600.599	1.087	1.2	0.1	s15_t1.2_a0.1_029.gff
1801	N	N	3.103	6.299	6.024	0.275	1.2	0.1	s15_t1.2_a0.1_030.gff
NA	Y	N	519.818	601.986	598.869	3.117	1.2	0.1	s15_t1.2_a0.1_031.gff
541	N	N	2.217	4.484	4.263	0.221	1.2	0.1	s15_t1.2_a0.1_032.gff
4976	N	N	4.918	7.816	7.505	0.311	1.2	0.1	s15_t1.2_a0.1_033.gff
3731	N	N	3.707	7.503	7.214	0.289	1.2	0.1	s15_t1.2_a0.1_034.gff
13015	N	N	17.699	24.247	23.816	0.431	1.2	0.1	s15_t1.2_a0.1_035.gff
11314	N	N	8.691	16.068	15.685	0.383	1.2	0.1	s15_t1.2_a0.1_036.gff
4259	N	N	5.024	9.001	8.696	0.305	1.2	0.1	s15_t1.2_a0.1_037.gff
5659	N	N	5.442	9.473	9.161	0.312	1.2	0.1	s15_t1.2_a0.1_038.gff
13846	N	N	17.486	24.860	24.397	0.463	1.2	0.1	s15_t1.2_a0.1_039.gff
NA	Y	N	609.202	601.991	600.750	1.241	1.2	0.1	s15_t1.2_a0.1_040.gff
NA	Y	N	389.768	601.627	600.355	1.272	1.2	0.1	s15_t1.2_a0.1_041.gff
NA	Y	N	596.643	602.195	600.751	1.444	1.2	0.1	s15_t1.2_a0.1_042.gff
46660	N	N	51.246	71.066	70.201	0.865	1.2	0.1	s15_t1.2_a0.1_043.gff
11424	N	N	12.740	17.998	17.627	0.371	1.2	0.1	s15_t1.2_a0.1_044.gff
NA	Y	N	576.426	602.403	600.852	1.551	1.2	0.1	s15_t1.2_a0.1_045.gff
NA	Y	N	299.139	601.802	600.368	1.434	1.2	0.1	s15_t1.2_a0.1_046.gff
NA	Y	N	339.689	601.616	600.255	1.361	1.2	0.1	s15_t1.2_a0.1_047.gff
NA	Y	N	235.332	602.664	600.229	2.435	1.2	0.1	s15_t1.2_a0.1_048.gff
NA	Y	N	298.839	602.244	597.281	4.963	1.2	0.1	s15_t1.2_a0.1_049.gff
NA	Y	N	293.017	601.825	600.518	1.307	1.2	0.1	s15_t1.2_a0.1_050.gff
NA	Y	N	416.152	601.795	600.181	1.614	1.2	0.1	s15_t1.2_a0.1_051.gff
NA	Y	N	600.661	601.476	600.674	0.802	1.2	0.1	s15_t1.2_a0.1_052.gff
16545	N	N	10.160	17.437	17.052	0.385	1.2	0.1	s15_t1.2_a0.1_053.gff
NA	Y	N	482.998	601.426	600.141	1.285	1.2	0.1	s15_t1.2_a0.1_054.gff
4654	N	N	4.915	8.570	8.245	0.325	1.2	0.1	s15_t1.2_a0.1_055.gff
13702	N	N	14.748	21.006	20.613	0.393	1.2	0.1	s15_t1.2_a0.1_056.gff
NA	Y	N	569.436	601.780	600.082	1.698	1.2	0.1	s15_t1.2_a0.1_057.gff
NA	Y	N	524.027	601.545	599.647	1.898	1.2	0.1	s15_t1.2_a0.1_058.gff
NA	Y	N	292.380	602.482	600.060	2.422	1.2	0.1	s15_t1.2_a0.1_059.gff
13244	N	N	12.520	18.542	18.148	0.394	1.2	0.1	s15_t1.2_a0.1_060.gff
3722	N	N	4.337	7.596	7.269	0.327	1.2	0.1	s15_t1.2_a0.1_061.gff
26651	N	N	34.123	46.813	46.101	0.712	1.2	0.1	s15_t1.2_a0.1_062.gff
NA	Y	N	416.210	601.569	600.245	1.324	1.2	0.1	s15_t1.2_a0.1_063.gff
209	N	N	1.862	2.990	2.844	0.146	1.2	0.1	s15_t1.2_a0.1_064.gff
2482	N	N	3.285	6.207	5.967	0.240	1.2	0.1	s15_t1.2_a0.1_065.gff
NA	Y	N	362.133	602.122	600.156	1.966	1.2	0.1	s15_t1.2_a0.1_066.gff
NA	Y	N	530.723	601.450	600.352	1.098	1.2	0.1	s15_t1.2_a0.1_067.gff
NA	Y	N	555.437	601.491	600.346	1.145	1.2	0.1	s15_t1.2_a0.1_068.gff
34435	N	N	20.680	30.083	29.575	0.508	1.2	0.1	s15_t1.2_a0.1_069.gff
NA	Y	N	566.558	601.664	600.460	1.204	1.2	0.1	s15_t1.2_a0.1_070.gff
NA	Y	N	598.778	601.586	600.705	0.881	1.2	0.1	s15_t1.2_a0.1_071.gff
NA	Y	N	583.022	601.547	600.240	1.307	1.2	0.1	s15_t1.2_a0.1_072.gff
3953	N	N	4.026	9.026	8.728	0.298	1.2	0.1	s15_t1.2_a0.1_073.gff
NA	Y	N	280.730	601.807	597.919	3.888	1.2	0.1	s15_t1.2_a0.1_074.gff
9116	N	N	7.065	11.588	11.257	0.331	1.2	0.1	s15_t1.2_a0.1_075.gff
536	N	N	2.246	4.684	4.464	0.220	1.2	0.1	s15_t1.2_a0.1_076.gff
3939	N	N	5.142	10.034	9.703	0.331	1.2	0.1	s15_t1.2_a0.1_077.gff
25212	N	N	30.291	36.500	35.934	0.566	1.2	0.1	s15_t1.2_a0.1_078.gff
NA	Y	N	592.212	601.469	600.259	1.210	1.2	0.1	s15_t1.2_a0.1_079.gff
22852	N	N	21.289	28.983	28.463	0.520	1.2	0.1	s15_t1.2_a0.1_080.gff
43066	N	N	48.397	62.484	61.716	0.768	1.2	0.1	s15_t1.2_a0.1_081.gff
NA	Y	N	597.159	601.976	600.957	1.019	1.2	0.1	s15_t1.2_a0.1_082.gff
35282	N	N	52.587	69.097	68.253	0.844	1.2	0.1	s15_t1.2_a0.1_083.gff
NA	Y	N	554.594	601.572	600.424	1.148	1.2	0.1	s15_t1.2_a0.1_084.gff
NA	Y	N	365.875	601.656	600.287	1.369	1.2	0.1	s15_t1.2_a0.1_085.gff
NA	Y	N	504.210	601.668	600.427	1.241	1.2	0.1	s15_t1.2_a0.1_086.gff
NA	Y	N	598.823	601.630	600.655	0.975	1.2	0.1	s15_t1.2_a0.1_087.gff
NA	Y	N	407.178	601.716	600.406	1.310	1.2	0.1	s15_t1.2_a0.1_088.gff
NA	Y	N	212.066	601.584	600.139	1.445	1.2	0.1	s15_t1.2_a0.1_089.gff
42644	N	N	58.275	85.175	84.241	0.934	1.2	0.1	s15_t1.2_a0.1_090.gff
NA	Y	N	574.203	602.150	600.641	1.509	1.2	0.1	s15_t1.2_a0.1_091.gff
25414	N	N	25.740	35.496	34.911	0.585	1.2	0.1	s15_t1.2_a0.1_092.gff
21270	N	N	26.126	34.936	34.415	0.521	1.2	0.1	s15_t1.2_a0.1_093.gff
NA	Y	N	582.441	602.038	600.717	1.321	1.2	0.1	s15_t1.2_a0.1_094.gff
NA	Y	N	364.233	601.848	600.484	1.364	1.2	0.1	s15_t1.2_a0.1_095.gff
NA	N	Y	251.741	307.395	306.304	1.091	1.2	0.1	s15_t1.2_a0.1_096.gff
72635	N	N	65.187	80.370	79.568	0.802	1.2	0.1	s15_t1.2_a0.1_097.gff
27223	N	N	25.086	36.282	35.723	0.559	1.2	0.1	s15_t1.2_a0.1_098.gff
36433	N	N	30.249	40.424	39.847	0.577	1.2	0.1	s15_t1.2_a0.1_099.gff
120674	N	N	176.591	216.163	215.149	1.014	1.2	0.1	s15_t1.2_a0.1_100.gff
