Start: 2014-12-15 15:53:26 (1418655206)
1. 2014-12-15 15:53:26: s20_t1.6_a0.4_001.gff
2. 2014-12-15 15:54:45: s20_t1.6_a0.4_002.gff
3. 2014-12-15 16:01:02: s20_t1.6_a0.4_003.gff
4. 2014-12-15 16:01:38: s20_t1.6_a0.4_004.gff
5. 2014-12-15 16:02:30: s20_t1.6_a0.4_005.gff
6. 2014-12-15 16:02:34: s20_t1.6_a0.4_006.gff
7. 2014-12-15 16:02:42: s20_t1.6_a0.4_007.gff
8. 2014-12-15 16:05:22: s20_t1.6_a0.4_008.gff
9. 2014-12-15 16:05:31: s20_t1.6_a0.4_009.gff
10. 2014-12-15 16:06:18: s20_t1.6_a0.4_010.gff
11. 2014-12-15 16:14:23: s20_t1.6_a0.4_011.gff
/scratch/local/181620.1.mpi.q/GOAL/gc: line 24: 11402 CPU time limit exceeded (core dumped) java ${JVMARGS} -Djava.awt.headless=true -DapplicationRoot="${DIR}" -Dorg.java.plugin.boot.pluginsRepositories="${DIR}/plugins" -Djpf.boot.config="${DIR}/boot_cmd.properties" -Dorg.apache.commons.logging.Log=org.apache.commons.logging.impl.SimpleLog -Dorg.apache.commons.logging.simplelog.log.org.java.plugin=fatal $DOCK -jar "${DIR}/lib/jpf-boot.jar" "$@"

real	20m4.786s
user	20m1.385s
sys	0m1.100s
==> This was a timeout
12. 2014-12-15 16:34:28: s20_t1.6_a0.4_012.gff
13. 2014-12-15 16:35:05: s20_t1.6_a0.4_013.gff
14. 2014-12-15 16:54:15: s20_t1.6_a0.4_014.gff
15. 2014-12-15 16:54:23: s20_t1.6_a0.4_015.gff
16. 2014-12-15 16:55:04: s20_t1.6_a0.4_016.gff
17. 2014-12-15 16:55:11: s20_t1.6_a0.4_017.gff
18. 2014-12-15 16:55:39: s20_t1.6_a0.4_018.gff
19. 2014-12-15 16:55:49: s20_t1.6_a0.4_019.gff
20. 2014-12-15 16:56:03: s20_t1.6_a0.4_020.gff
21. 2014-12-15 16:57:05: s20_t1.6_a0.4_021.gff
22. 2014-12-15 16:57:30: s20_t1.6_a0.4_022.gff
23. 2014-12-15 16:57:36: s20_t1.6_a0.4_023.gff
24. 2014-12-15 16:57:45: s20_t1.6_a0.4_024.gff
25. 2014-12-15 16:58:13: s20_t1.6_a0.4_025.gff
26. 2014-12-15 16:58:56: s20_t1.6_a0.4_026.gff
27. 2014-12-15 16:59:29: s20_t1.6_a0.4_027.gff
28. 2014-12-15 17:00:07: s20_t1.6_a0.4_028.gff
29. 2014-12-15 17:00:57: s20_t1.6_a0.4_029.gff
30. 2014-12-15 17:04:35: s20_t1.6_a0.4_030.gff
/scratch/local/181620.1.mpi.q/GOAL/gc: line 24: 15111 CPU time limit exceeded (core dumped) java ${JVMARGS} -Djava.awt.headless=true -DapplicationRoot="${DIR}" -Dorg.java.plugin.boot.pluginsRepositories="${DIR}/plugins" -Djpf.boot.config="${DIR}/boot_cmd.properties" -Dorg.apache.commons.logging.Log=org.apache.commons.logging.impl.SimpleLog -Dorg.apache.commons.logging.simplelog.log.org.java.plugin=fatal $DOCK -jar "${DIR}/lib/jpf-boot.jar" "$@"

real	20m4.256s
user	20m1.471s
sys	0m1.150s
==> This was a timeout
31. 2014-12-15 17:24:40: s20_t1.6_a0.4_031.gff
32. 2014-12-15 17:29:49: s20_t1.6_a0.4_032.gff
33. 2014-12-15 17:31:47: s20_t1.6_a0.4_033.gff
34. 2014-12-15 17:32:13: s20_t1.6_a0.4_034.gff
35. 2014-12-15 17:32:32: s20_t1.6_a0.4_035.gff
36. 2014-12-15 17:33:04: s20_t1.6_a0.4_036.gff
37. 2014-12-15 17:33:08: s20_t1.6_a0.4_037.gff
38. 2014-12-15 17:33:27: s20_t1.6_a0.4_038.gff
39. 2014-12-15 17:34:19: s20_t1.6_a0.4_039.gff
40. 2014-12-15 17:36:04: s20_t1.6_a0.4_040.gff
41. 2014-12-15 17:36:51: s20_t1.6_a0.4_041.gff
42. 2014-12-15 17:38:07: s20_t1.6_a0.4_042.gff
43. 2014-12-15 17:39:10: s20_t1.6_a0.4_043.gff
44. 2014-12-15 17:39:25: s20_t1.6_a0.4_044.gff
45. 2014-12-15 17:39:41: s20_t1.6_a0.4_045.gff
46. 2014-12-15 17:45:31: s20_t1.6_a0.4_046.gff
47. 2014-12-15 17:45:39: s20_t1.6_a0.4_047.gff
48. 2014-12-15 17:46:07: s20_t1.6_a0.4_048.gff
49. 2014-12-15 17:46:14: s20_t1.6_a0.4_049.gff
50. 2014-12-15 17:46:22: s20_t1.6_a0.4_050.gff
51. 2014-12-15 17:47:30: s20_t1.6_a0.4_051.gff
/scratch/local/181620.1.mpi.q/GOAL/gc: line 24: 18273 CPU time limit exceeded (core dumped) java ${JVMARGS} -Djava.awt.headless=true -DapplicationRoot="${DIR}" -Dorg.java.plugin.boot.pluginsRepositories="${DIR}/plugins" -Djpf.boot.config="${DIR}/boot_cmd.properties" -Dorg.apache.commons.logging.Log=org.apache.commons.logging.impl.SimpleLog -Dorg.apache.commons.logging.simplelog.log.org.java.plugin=fatal $DOCK -jar "${DIR}/lib/jpf-boot.jar" "$@"

real	20m3.556s
user	20m1.276s
sys	0m1.268s
==> This was a timeout
52. 2014-12-15 18:07:33: s20_t1.6_a0.4_052.gff
53. 2014-12-15 18:07:40: s20_t1.6_a0.4_053.gff
54. 2014-12-15 18:08:35: s20_t1.6_a0.4_054.gff
55. 2014-12-15 18:09:26: s20_t1.6_a0.4_055.gff
56. 2014-12-15 18:09:28: s20_t1.6_a0.4_056.gff
57. 2014-12-15 18:09:49: s20_t1.6_a0.4_057.gff
58. 2014-12-15 18:09:58: s20_t1.6_a0.4_058.gff
59. 2014-12-15 18:10:09: s20_t1.6_a0.4_059.gff
60. 2014-12-15 18:10:24: s20_t1.6_a0.4_060.gff
61. 2014-12-15 18:14:40: s20_t1.6_a0.4_061.gff
62. 2014-12-15 18:14:56: s20_t1.6_a0.4_062.gff
63. 2014-12-15 18:28:13: s20_t1.6_a0.4_063.gff
64. 2014-12-15 18:28:44: s20_t1.6_a0.4_064.gff
65. 2014-12-15 18:29:23: s20_t1.6_a0.4_065.gff
66. 2014-12-15 18:29:36: s20_t1.6_a0.4_066.gff
67. 2014-12-15 18:30:22: s20_t1.6_a0.4_067.gff
68. 2014-12-15 18:30:35: s20_t1.6_a0.4_068.gff
69. 2014-12-15 18:32:04: s20_t1.6_a0.4_069.gff
70. 2014-12-15 18:32:28: s20_t1.6_a0.4_070.gff
71. 2014-12-15 18:33:26: s20_t1.6_a0.4_071.gff
/scratch/local/181620.1.mpi.q/GOAL/gc: line 24: 22045 CPU time limit exceeded (core dumped) java ${JVMARGS} -Djava.awt.headless=true -DapplicationRoot="${DIR}" -Dorg.java.plugin.boot.pluginsRepositories="${DIR}/plugins" -Djpf.boot.config="${DIR}/boot_cmd.properties" -Dorg.apache.commons.logging.Log=org.apache.commons.logging.impl.SimpleLog -Dorg.apache.commons.logging.simplelog.log.org.java.plugin=fatal $DOCK -jar "${DIR}/lib/jpf-boot.jar" "$@"

real	20m2.261s
user	20m1.457s
sys	0m1.152s
==> This was a timeout
72. 2014-12-15 18:53:28: s20_t1.6_a0.4_072.gff
73. 2014-12-15 18:55:08: s20_t1.6_a0.4_073.gff
74. 2014-12-15 18:58:32: s20_t1.6_a0.4_074.gff
75. 2014-12-15 19:04:56: s20_t1.6_a0.4_075.gff
76. 2014-12-15 19:05:09: s20_t1.6_a0.4_076.gff
77. 2014-12-15 19:05:34: s20_t1.6_a0.4_077.gff
78. 2014-12-15 19:05:36: s20_t1.6_a0.4_078.gff
79. 2014-12-15 19:05:56: s20_t1.6_a0.4_079.gff
80. 2014-12-15 19:06:26: s20_t1.6_a0.4_080.gff
81. 2014-12-15 19:12:36: s20_t1.6_a0.4_081.gff
/scratch/local/181620.1.mpi.q/GOAL/gc: line 24: 24259 CPU time limit exceeded (core dumped) java ${JVMARGS} -Djava.awt.headless=true -DapplicationRoot="${DIR}" -Dorg.java.plugin.boot.pluginsRepositories="${DIR}/plugins" -Djpf.boot.config="${DIR}/boot_cmd.properties" -Dorg.apache.commons.logging.Log=org.apache.commons.logging.impl.SimpleLog -Dorg.apache.commons.logging.simplelog.log.org.java.plugin=fatal $DOCK -jar "${DIR}/lib/jpf-boot.jar" "$@"

real	20m4.621s
user	20m1.961s
sys	0m0.954s
==> This was a timeout
82. 2014-12-15 19:32:41: s20_t1.6_a0.4_082.gff
83. 2014-12-15 19:42:27: s20_t1.6_a0.4_083.gff
84. 2014-12-15 19:42:45: s20_t1.6_a0.4_084.gff
85. 2014-12-15 19:42:59: s20_t1.6_a0.4_085.gff
86. 2014-12-15 19:43:20: s20_t1.6_a0.4_086.gff
87. 2014-12-15 19:43:52: s20_t1.6_a0.4_087.gff
88. 2014-12-15 19:44:11: s20_t1.6_a0.4_088.gff
89. 2014-12-15 19:44:49: s20_t1.6_a0.4_089.gff
90. 2014-12-15 19:44:57: s20_t1.6_a0.4_090.gff
91. 2014-12-15 19:45:04: s20_t1.6_a0.4_091.gff
92. 2014-12-15 19:45:28: s20_t1.6_a0.4_092.gff
93. 2014-12-15 19:45:39: s20_t1.6_a0.4_093.gff
94. 2014-12-15 19:54:16: s20_t1.6_a0.4_094.gff
95. 2014-12-15 19:58:23: s20_t1.6_a0.4_095.gff
96. 2014-12-15 19:58:53: s20_t1.6_a0.4_096.gff
97. 2014-12-15 20:10:47: s20_t1.6_a0.4_097.gff
98. 2014-12-15 20:10:50: s20_t1.6_a0.4_098.gff
/scratch/local/181620.1.mpi.q/GOAL/gc: line 24: 19813 CPU time limit exceeded (core dumped) java ${JVMARGS} -Djava.awt.headless=true -DapplicationRoot="${DIR}" -Dorg.java.plugin.boot.pluginsRepositories="${DIR}/plugins" -Djpf.boot.config="${DIR}/boot_cmd.properties" -Dorg.apache.commons.logging.Log=org.apache.commons.logging.impl.SimpleLog -Dorg.apache.commons.logging.simplelog.log.org.java.plugin=fatal $DOCK -jar "${DIR}/lib/jpf-boot.jar" "$@"

real	20m4.017s
user	20m1.598s
sys	0m1.033s
==> This was a timeout
99. 2014-12-15 20:30:54: s20_t1.6_a0.4_099.gff
100. 2014-12-15 20:36:23: s20_t1.6_a0.4_100.gff
101. 2014-12-15 20:41:40: s20_t1.6_a0.5_001.gff
102. 2014-12-15 20:42:16: s20_t1.6_a0.5_002.gff
103. 2014-12-15 20:42:57: s20_t1.6_a0.5_003.gff
104. 2014-12-15 20:43:19: s20_t1.6_a0.5_004.gff
/scratch/local/181620.1.mpi.q/GOAL/gc: line 24: 16754 CPU time limit exceeded (core dumped) java ${JVMARGS} -Djava.awt.headless=true -DapplicationRoot="${DIR}" -Dorg.java.plugin.boot.pluginsRepositories="${DIR}/plugins" -Djpf.boot.config="${DIR}/boot_cmd.properties" -Dorg.apache.commons.logging.Log=org.apache.commons.logging.impl.SimpleLog -Dorg.apache.commons.logging.simplelog.log.org.java.plugin=fatal $DOCK -jar "${DIR}/lib/jpf-boot.jar" "$@"

real	20m5.684s
user	20m1.558s
sys	0m1.072s
==> This was a timeout
105. 2014-12-15 21:03:25: s20_t1.6_a0.5_005.gff
106. 2014-12-15 21:04:37: s20_t1.6_a0.5_006.gff
107. 2014-12-15 21:04:42: s20_t1.6_a0.5_007.gff
108. 2014-12-15 21:10:51: s20_t1.6_a0.5_008.gff
109. 2014-12-15 21:11:37: s20_t1.6_a0.5_009.gff
110. 2014-12-15 21:11:51: s20_t1.6_a0.5_010.gff
111. 2014-12-15 21:14:20: s20_t1.6_a0.5_011.gff
112. 2014-12-15 21:14:26: s20_t1.6_a0.5_012.gff
113. 2014-12-15 21:14:30: s20_t1.6_a0.5_013.gff
114. 2014-12-15 21:16:46: s20_t1.6_a0.5_014.gff
115. 2014-12-15 21:17:13: s20_t1.6_a0.5_015.gff
116. 2014-12-15 21:21:46: s20_t1.6_a0.5_016.gff
117. 2014-12-15 21:21:51: s20_t1.6_a0.5_017.gff
118. 2014-12-15 21:38:17: s20_t1.6_a0.5_018.gff
119. 2014-12-15 21:38:30: s20_t1.6_a0.5_019.gff
120. 2014-12-15 21:39:59: s20_t1.6_a0.5_020.gff
121. 2014-12-15 21:40:24: s20_t1.6_a0.5_021.gff
122. 2014-12-15 21:41:34: s20_t1.6_a0.5_022.gff
123. 2014-12-15 21:52:16: s20_t1.6_a0.5_023.gff
124. 2014-12-15 21:52:22: s20_t1.6_a0.5_024.gff
125. 2014-12-15 21:52:37: s20_t1.6_a0.5_025.gff
126. 2014-12-15 21:52:44: s20_t1.6_a0.5_026.gff
127. 2014-12-15 21:53:37: s20_t1.6_a0.5_027.gff
128. 2014-12-15 21:53:54: s20_t1.6_a0.5_028.gff
129. 2014-12-15 21:54:21: s20_t1.6_a0.5_029.gff
130. 2014-12-15 21:56:00: s20_t1.6_a0.5_030.gff
/scratch/local/181620.1.mpi.q/GOAL/gc: line 24: 18009 CPU time limit exceeded (core dumped) java ${JVMARGS} -Djava.awt.headless=true -DapplicationRoot="${DIR}" -Dorg.java.plugin.boot.pluginsRepositories="${DIR}/plugins" -Djpf.boot.config="${DIR}/boot_cmd.properties" -Dorg.apache.commons.logging.Log=org.apache.commons.logging.impl.SimpleLog -Dorg.apache.commons.logging.simplelog.log.org.java.plugin=fatal $DOCK -jar "${DIR}/lib/jpf-boot.jar" "$@"

real	20m1.490s
user	20m1.562s
sys	0m1.085s
==> This was a timeout
131. 2014-12-15 22:16:02: s20_t1.6_a0.5_031.gff
132. 2014-12-15 22:16:08: s20_t1.6_a0.5_032.gff
133. 2014-12-15 22:18:40: s20_t1.6_a0.5_033.gff
134. 2014-12-15 22:18:42: s20_t1.6_a0.5_034.gff
135. 2014-12-15 22:25:48: s20_t1.6_a0.5_035.gff
136. 2014-12-15 22:26:01: s20_t1.6_a0.5_036.gff
137. 2014-12-15 22:26:09: s20_t1.6_a0.5_037.gff
138. 2014-12-15 22:26:21: s20_t1.6_a0.5_038.gff
/scratch/local/181620.1.mpi.q/GOAL/gc: line 24: 13170 CPU time limit exceeded (core dumped) java ${JVMARGS} -Djava.awt.headless=true -DapplicationRoot="${DIR}" -Dorg.java.plugin.boot.pluginsRepositories="${DIR}/plugins" -Djpf.boot.config="${DIR}/boot_cmd.properties" -Dorg.apache.commons.logging.Log=org.apache.commons.logging.impl.SimpleLog -Dorg.apache.commons.logging.simplelog.log.org.java.plugin=fatal $DOCK -jar "${DIR}/lib/jpf-boot.jar" "$@"

real	20m3.582s
user	20m1.434s
sys	0m1.103s
==> This was a timeout
139. 2014-12-15 22:46:24: s20_t1.6_a0.5_039.gff
140. 2014-12-15 22:47:58: s20_t1.6_a0.5_040.gff
141. 2014-12-15 22:52:16: s20_t1.6_a0.5_041.gff
142. 2014-12-15 22:52:25: s20_t1.6_a0.5_042.gff
143. 2014-12-15 22:54:12: s20_t1.6_a0.5_043.gff
144. 2014-12-15 22:54:59: s20_t1.6_a0.5_044.gff
/scratch/local/181620.1.mpi.q/GOAL/gc: line 24:  7673 CPU time limit exceeded (core dumped) java ${JVMARGS} -Djava.awt.headless=true -DapplicationRoot="${DIR}" -Dorg.java.plugin.boot.pluginsRepositories="${DIR}/plugins" -Djpf.boot.config="${DIR}/boot_cmd.properties" -Dorg.apache.commons.logging.Log=org.apache.commons.logging.impl.SimpleLog -Dorg.apache.commons.logging.simplelog.log.org.java.plugin=fatal $DOCK -jar "${DIR}/lib/jpf-boot.jar" "$@"

real	20m4.834s
user	20m1.574s
sys	0m1.086s
==> This was a timeout
145. 2014-12-15 23:15:04: s20_t1.6_a0.5_045.gff
146. 2014-12-15 23:15:22: s20_t1.6_a0.5_046.gff
147. 2014-12-15 23:15:51: s20_t1.6_a0.5_047.gff
148. 2014-12-15 23:23:24: s20_t1.6_a0.5_048.gff
149. 2014-12-15 23:31:04: s20_t1.6_a0.5_049.gff
150. 2014-12-15 23:35:00: s20_t1.6_a0.5_050.gff
151. 2014-12-15 23:35:13: s20_t1.6_a0.5_051.gff
152. 2014-12-15 23:35:55: s20_t1.6_a0.5_052.gff
153. 2014-12-15 23:36:03: s20_t1.6_a0.5_053.gff
154. 2014-12-15 23:38:47: s20_t1.6_a0.5_054.gff
155. 2014-12-15 23:47:00: s20_t1.6_a0.5_055.gff
/scratch/local/181620.1.mpi.q/GOAL/gc: line 24: 23112 CPU time limit exceeded (core dumped) java ${JVMARGS} -Djava.awt.headless=true -DapplicationRoot="${DIR}" -Dorg.java.plugin.boot.pluginsRepositories="${DIR}/plugins" -Djpf.boot.config="${DIR}/boot_cmd.properties" -Dorg.apache.commons.logging.Log=org.apache.commons.logging.impl.SimpleLog -Dorg.apache.commons.logging.simplelog.log.org.java.plugin=fatal $DOCK -jar "${DIR}/lib/jpf-boot.jar" "$@"

real	20m2.115s
user	20m0.806s
sys	0m1.780s
==> This was a timeout
156. 2014-12-16 00:07:02: s20_t1.6_a0.5_056.gff
157. 2014-12-16 00:07:41: s20_t1.6_a0.5_057.gff
/scratch/local/181620.1.mpi.q/GOAL/gc: line 24:  9011 CPU time limit exceeded (core dumped) java ${JVMARGS} -Djava.awt.headless=true -DapplicationRoot="${DIR}" -Dorg.java.plugin.boot.pluginsRepositories="${DIR}/plugins" -Djpf.boot.config="${DIR}/boot_cmd.properties" -Dorg.apache.commons.logging.Log=org.apache.commons.logging.impl.SimpleLog -Dorg.apache.commons.logging.simplelog.log.org.java.plugin=fatal $DOCK -jar "${DIR}/lib/jpf-boot.jar" "$@"

real	20m3.441s
user	20m1.588s
sys	0m1.080s
==> This was a timeout
158. 2014-12-16 00:27:44: s20_t1.6_a0.5_058.gff
/scratch/local/181620.1.mpi.q/GOAL/gc: line 24: 27003 CPU time limit exceeded (core dumped) java ${JVMARGS} -Djava.awt.headless=true -DapplicationRoot="${DIR}" -Dorg.java.plugin.boot.pluginsRepositories="${DIR}/plugins" -Djpf.boot.config="${DIR}/boot_cmd.properties" -Dorg.apache.commons.logging.Log=org.apache.commons.logging.impl.SimpleLog -Dorg.apache.commons.logging.simplelog.log.org.java.plugin=fatal $DOCK -jar "${DIR}/lib/jpf-boot.jar" "$@"

real	20m3.396s
user	20m1.585s
sys	0m1.123s
==> This was a timeout
159. 2014-12-16 00:47:48: s20_t1.6_a0.5_059.gff
160. 2014-12-16 00:48:42: s20_t1.6_a0.5_060.gff
161. 2014-12-16 00:49:13: s20_t1.6_a0.5_061.gff
162. 2014-12-16 00:49:52: s20_t1.6_a0.5_062.gff
163. 2014-12-16 00:51:56: s20_t1.6_a0.5_063.gff
164. 2014-12-16 00:52:06: s20_t1.6_a0.5_064.gff
165. 2014-12-16 00:52:17: s20_t1.6_a0.5_065.gff
/scratch/local/181620.1.mpi.q/GOAL/gc: line 24: 17480 CPU time limit exceeded (core dumped) java ${JVMARGS} -Djava.awt.headless=true -DapplicationRoot="${DIR}" -Dorg.java.plugin.boot.pluginsRepositories="${DIR}/plugins" -Djpf.boot.config="${DIR}/boot_cmd.properties" -Dorg.apache.commons.logging.Log=org.apache.commons.logging.impl.SimpleLog -Dorg.apache.commons.logging.simplelog.log.org.java.plugin=fatal $DOCK -jar "${DIR}/lib/jpf-boot.jar" "$@"

real	20m7.409s
user	20m1.655s
sys	0m1.124s
==> This was a timeout
166. 2014-12-16 01:12:25: s20_t1.6_a0.5_066.gff
/scratch/local/181620.1.mpi.q/GOAL/gc: line 24:  2715 CPU time limit exceeded (core dumped) java ${JVMARGS} -Djava.awt.headless=true -DapplicationRoot="${DIR}" -Dorg.java.plugin.boot.pluginsRepositories="${DIR}/plugins" -Djpf.boot.config="${DIR}/boot_cmd.properties" -Dorg.apache.commons.logging.Log=org.apache.commons.logging.impl.SimpleLog -Dorg.apache.commons.logging.simplelog.log.org.java.plugin=fatal $DOCK -jar "${DIR}/lib/jpf-boot.jar" "$@"

real	20m10.519s
user	20m1.537s
sys	0m1.080s
==> This was a timeout
167. 2014-12-16 01:32:35: s20_t1.6_a0.5_067.gff
168. 2014-12-16 01:33:50: s20_t1.6_a0.5_068.gff
169. 2014-12-16 01:34:25: s20_t1.6_a0.5_069.gff
170. 2014-12-16 01:34:43: s20_t1.6_a0.5_070.gff
171. 2014-12-16 01:35:38: s20_t1.6_a0.5_071.gff
/scratch/local/181620.1.mpi.q/GOAL/gc: line 24: 23950 CPU time limit exceeded (core dumped) java ${JVMARGS} -Djava.awt.headless=true -DapplicationRoot="${DIR}" -Dorg.java.plugin.boot.pluginsRepositories="${DIR}/plugins" -Djpf.boot.config="${DIR}/boot_cmd.properties" -Dorg.apache.commons.logging.Log=org.apache.commons.logging.impl.SimpleLog -Dorg.apache.commons.logging.simplelog.log.org.java.plugin=fatal $DOCK -jar "${DIR}/lib/jpf-boot.jar" "$@"

real	20m3.222s
user	20m1.613s
sys	0m0.999s
==> This was a timeout
172. 2014-12-16 01:55:41: s20_t1.6_a0.5_072.gff
173. 2014-12-16 01:55:51: s20_t1.6_a0.5_073.gff
174. 2014-12-16 01:56:03: s20_t1.6_a0.5_074.gff
175. 2014-12-16 01:57:12: s20_t1.6_a0.5_075.gff
176. 2014-12-16 01:58:03: s20_t1.6_a0.5_076.gff
177. 2014-12-16 02:01:55: s20_t1.6_a0.5_077.gff
178. 2014-12-16 02:02:16: s20_t1.6_a0.5_078.gff
179. 2014-12-16 02:04:22: s20_t1.6_a0.5_079.gff
180. 2014-12-16 02:04:31: s20_t1.6_a0.5_080.gff
181. 2014-12-16 02:16:02: s20_t1.6_a0.5_081.gff
182. 2014-12-16 02:16:25: s20_t1.6_a0.5_082.gff
183. 2014-12-16 02:16:48: s20_t1.6_a0.5_083.gff
184. 2014-12-16 02:17:10: s20_t1.6_a0.5_084.gff
185. 2014-12-16 02:17:41: s20_t1.6_a0.5_085.gff
186. 2014-12-16 02:33:08: s20_t1.6_a0.5_086.gff
187. 2014-12-16 02:33:24: s20_t1.6_a0.5_087.gff
188. 2014-12-16 02:33:34: s20_t1.6_a0.5_088.gff
189. 2014-12-16 02:33:54: s20_t1.6_a0.5_089.gff
190. 2014-12-16 02:34:18: s20_t1.6_a0.5_090.gff
191. 2014-12-16 02:37:15: s20_t1.6_a0.5_091.gff
192. 2014-12-16 02:42:30: s20_t1.6_a0.5_092.gff
193. 2014-12-16 02:46:55: s20_t1.6_a0.5_093.gff
194. 2014-12-16 02:47:12: s20_t1.6_a0.5_094.gff
195. 2014-12-16 02:52:54: s20_t1.6_a0.5_095.gff
196. 2014-12-16 02:53:11: s20_t1.6_a0.5_096.gff
197. 2014-12-16 02:53:29: s20_t1.6_a0.5_097.gff
198. 2014-12-16 02:54:10: s20_t1.6_a0.5_098.gff
199. 2014-12-16 02:54:45: s20_t1.6_a0.5_099.gff
200. 2014-12-16 02:55:07: s20_t1.6_a0.5_100.gff
201. 2014-12-16 02:56:02: s20_t1.6_a0.6_001.gff
202. 2014-12-16 02:56:20: s20_t1.6_a0.6_002.gff
203. 2014-12-16 03:03:04: s20_t1.6_a0.6_003.gff
204. 2014-12-16 03:04:39: s20_t1.6_a0.6_004.gff
205. 2014-12-16 03:04:45: s20_t1.6_a0.6_005.gff
206. 2014-12-16 03:05:51: s20_t1.6_a0.6_006.gff
207. 2014-12-16 03:12:03: s20_t1.6_a0.6_007.gff
208. 2014-12-16 03:16:46: s20_t1.6_a0.6_008.gff
209. 2014-12-16 03:18:53: s20_t1.6_a0.6_009.gff
210. 2014-12-16 03:18:59: s20_t1.6_a0.6_010.gff
211. 2014-12-16 03:19:24: s20_t1.6_a0.6_011.gff
212. 2014-12-16 03:25:46: s20_t1.6_a0.6_012.gff
213. 2014-12-16 03:26:08: s20_t1.6_a0.6_013.gff
214. 2014-12-16 03:26:12: s20_t1.6_a0.6_014.gff
215. 2014-12-16 03:29:23: s20_t1.6_a0.6_015.gff
216. 2014-12-16 03:29:31: s20_t1.6_a0.6_016.gff
217. 2014-12-16 03:29:34: s20_t1.6_a0.6_017.gff
218. 2014-12-16 03:29:43: s20_t1.6_a0.6_018.gff
219. 2014-12-16 03:40:07: s20_t1.6_a0.6_019.gff
220. 2014-12-16 03:41:09: s20_t1.6_a0.6_020.gff
221. 2014-12-16 03:43:45: s20_t1.6_a0.6_021.gff
222. 2014-12-16 03:43:49: s20_t1.6_a0.6_022.gff
223. 2014-12-16 03:44:13: s20_t1.6_a0.6_023.gff
/scratch/local/181620.1.mpi.q/GOAL/gc: line 24: 10864 CPU time limit exceeded (core dumped) java ${JVMARGS} -Djava.awt.headless=true -DapplicationRoot="${DIR}" -Dorg.java.plugin.boot.pluginsRepositories="${DIR}/plugins" -Djpf.boot.config="${DIR}/boot_cmd.properties" -Dorg.apache.commons.logging.Log=org.apache.commons.logging.impl.SimpleLog -Dorg.apache.commons.logging.simplelog.log.org.java.plugin=fatal $DOCK -jar "${DIR}/lib/jpf-boot.jar" "$@"

real	20m1.774s
user	20m1.623s
sys	0m1.028s
==> This was a timeout
224. 2014-12-16 04:04:15: s20_t1.6_a0.6_024.gff
225. 2014-12-16 04:04:30: s20_t1.6_a0.6_025.gff
226. 2014-12-16 04:04:45: s20_t1.6_a0.6_026.gff
227. 2014-12-16 04:04:56: s20_t1.6_a0.6_027.gff
228. 2014-12-16 04:05:09: s20_t1.6_a0.6_028.gff
229. 2014-12-16 04:16:03: s20_t1.6_a0.6_029.gff
230. 2014-12-16 04:17:04: s20_t1.6_a0.6_030.gff
231. 2014-12-16 04:30:15: s20_t1.6_a0.6_031.gff
232. 2014-12-16 04:31:14: s20_t1.6_a0.6_032.gff
233. 2014-12-16 04:43:32: s20_t1.6_a0.6_033.gff
234. 2014-12-16 04:43:44: s20_t1.6_a0.6_034.gff
235. 2014-12-16 04:43:47: s20_t1.6_a0.6_035.gff
236. 2014-12-16 04:44:02: s20_t1.6_a0.6_036.gff
237. 2014-12-16 04:44:07: s20_t1.6_a0.6_037.gff
238. 2014-12-16 04:44:32: s20_t1.6_a0.6_038.gff
239. 2014-12-16 04:44:40: s20_t1.6_a0.6_039.gff
240. 2014-12-16 04:45:25: s20_t1.6_a0.6_040.gff
241. 2014-12-16 04:52:52: s20_t1.6_a0.6_041.gff
242. 2014-12-16 05:09:04: s20_t1.6_a0.6_042.gff
243. 2014-12-16 05:10:32: s20_t1.6_a0.6_043.gff
244. 2014-12-16 05:10:34: s20_t1.6_a0.6_044.gff
245. 2014-12-16 05:10:37: s20_t1.6_a0.6_045.gff
246. 2014-12-16 05:10:47: s20_t1.6_a0.6_046.gff
247. 2014-12-16 05:18:47: s20_t1.6_a0.6_047.gff
248. 2014-12-16 05:19:53: s20_t1.6_a0.6_048.gff
249. 2014-12-16 05:20:21: s20_t1.6_a0.6_049.gff
250. 2014-12-16 05:20:45: s20_t1.6_a0.6_050.gff
251. 2014-12-16 05:21:05: s20_t1.6_a0.6_051.gff
252. 2014-12-16 05:21:16: s20_t1.6_a0.6_052.gff
253. 2014-12-16 05:23:38: s20_t1.6_a0.6_053.gff
254. 2014-12-16 05:24:15: s20_t1.6_a0.6_054.gff
/scratch/local/181620.1.mpi.q/GOAL/gc: line 24: 23032 CPU time limit exceeded (core dumped) java ${JVMARGS} -Djava.awt.headless=true -DapplicationRoot="${DIR}" -Dorg.java.plugin.boot.pluginsRepositories="${DIR}/plugins" -Djpf.boot.config="${DIR}/boot_cmd.properties" -Dorg.apache.commons.logging.Log=org.apache.commons.logging.impl.SimpleLog -Dorg.apache.commons.logging.simplelog.log.org.java.plugin=fatal $DOCK -jar "${DIR}/lib/jpf-boot.jar" "$@"

real	20m1.698s
user	20m1.538s
sys	0m1.111s
==> This was a timeout
255. 2014-12-16 05:44:16: s20_t1.6_a0.6_055.gff
256. 2014-12-16 05:45:03: s20_t1.6_a0.6_056.gff
/scratch/local/181620.1.mpi.q/GOAL/gc: line 24: 26214 CPU time limit exceeded (core dumped) java ${JVMARGS} -Djava.awt.headless=true -DapplicationRoot="${DIR}" -Dorg.java.plugin.boot.pluginsRepositories="${DIR}/plugins" -Djpf.boot.config="${DIR}/boot_cmd.properties" -Dorg.apache.commons.logging.Log=org.apache.commons.logging.impl.SimpleLog -Dorg.apache.commons.logging.simplelog.log.org.java.plugin=fatal $DOCK -jar "${DIR}/lib/jpf-boot.jar" "$@"

real	20m1.997s
user	20m1.507s
sys	0m1.151s
==> This was a timeout
257. 2014-12-16 06:05:05: s20_t1.6_a0.6_057.gff
258. 2014-12-16 06:05:11: s20_t1.6_a0.6_058.gff
259. 2014-12-16 06:05:19: s20_t1.6_a0.6_059.gff
260. 2014-12-16 06:06:01: s20_t1.6_a0.6_060.gff
261. 2014-12-16 06:07:04: s20_t1.6_a0.6_061.gff
262. 2014-12-16 06:07:12: s20_t1.6_a0.6_062.gff
/scratch/local/181620.1.mpi.q/GOAL/gc: line 24: 31902 CPU time limit exceeded (core dumped) java ${JVMARGS} -Djava.awt.headless=true -DapplicationRoot="${DIR}" -Dorg.java.plugin.boot.pluginsRepositories="${DIR}/plugins" -Djpf.boot.config="${DIR}/boot_cmd.properties" -Dorg.apache.commons.logging.Log=org.apache.commons.logging.impl.SimpleLog -Dorg.apache.commons.logging.simplelog.log.org.java.plugin=fatal $DOCK -jar "${DIR}/lib/jpf-boot.jar" "$@"

real	20m1.686s
user	20m1.442s
sys	0m1.128s
==> This was a timeout
263. 2014-12-16 06:27:14: s20_t1.6_a0.6_063.gff
264. 2014-12-16 06:35:12: s20_t1.6_a0.6_064.gff
265. 2014-12-16 06:52:00: s20_t1.6_a0.6_065.gff
266. 2014-12-16 06:52:02: s20_t1.6_a0.6_066.gff
267. 2014-12-16 06:52:31: s20_t1.6_a0.6_067.gff
268. 2014-12-16 06:52:49: s20_t1.6_a0.6_068.gff
269. 2014-12-16 06:53:03: s20_t1.6_a0.6_069.gff
270. 2014-12-16 06:53:19: s20_t1.6_a0.6_070.gff
271. 2014-12-16 06:53:24: s20_t1.6_a0.6_071.gff
272. 2014-12-16 06:53:28: s20_t1.6_a0.6_072.gff
273. 2014-12-16 06:58:59: s20_t1.6_a0.6_073.gff
274. 2014-12-16 06:59:38: s20_t1.6_a0.6_074.gff
275. 2014-12-16 07:00:08: s20_t1.6_a0.6_075.gff
276. 2014-12-16 07:00:25: s20_t1.6_a0.6_076.gff
277. 2014-12-16 07:04:36: s20_t1.6_a0.6_077.gff
278. 2014-12-16 07:06:20: s20_t1.6_a0.6_078.gff
279. 2014-12-16 07:06:50: s20_t1.6_a0.6_079.gff
280. 2014-12-16 07:09:56: s20_t1.6_a0.6_080.gff
281. 2014-12-16 07:12:20: s20_t1.6_a0.6_081.gff
282. 2014-12-16 07:18:22: s20_t1.6_a0.6_082.gff
283. 2014-12-16 07:21:07: s20_t1.6_a0.6_083.gff
284. 2014-12-16 07:22:37: s20_t1.6_a0.6_084.gff
285. 2014-12-16 07:31:13: s20_t1.6_a0.6_085.gff
286. 2014-12-16 07:31:16: s20_t1.6_a0.6_086.gff
287. 2014-12-16 07:31:29: s20_t1.6_a0.6_087.gff
288. 2014-12-16 07:31:43: s20_t1.6_a0.6_088.gff
289. 2014-12-16 07:31:56: s20_t1.6_a0.6_089.gff
290. 2014-12-16 07:32:10: s20_t1.6_a0.6_090.gff
291. 2014-12-16 07:32:15: s20_t1.6_a0.6_091.gff
292. 2014-12-16 07:34:34: s20_t1.6_a0.6_092.gff
/scratch/local/181620.1.mpi.q/GOAL/gc: line 24: 20366 CPU time limit exceeded (core dumped) java ${JVMARGS} -Djava.awt.headless=true -DapplicationRoot="${DIR}" -Dorg.java.plugin.boot.pluginsRepositories="${DIR}/plugins" -Djpf.boot.config="${DIR}/boot_cmd.properties" -Dorg.apache.commons.logging.Log=org.apache.commons.logging.impl.SimpleLog -Dorg.apache.commons.logging.simplelog.log.org.java.plugin=fatal $DOCK -jar "${DIR}/lib/jpf-boot.jar" "$@"

real	20m1.898s
user	20m1.531s
sys	0m1.140s
==> This was a timeout
293. 2014-12-16 07:54:36: s20_t1.6_a0.6_093.gff
294. 2014-12-16 07:54:43: s20_t1.6_a0.6_094.gff
295. 2014-12-16 07:55:25: s20_t1.6_a0.6_095.gff
296. 2014-12-16 07:56:08: s20_t1.6_a0.6_096.gff
297. 2014-12-16 07:56:27: s20_t1.6_a0.6_097.gff
298. 2014-12-16 07:57:35: s20_t1.6_a0.6_098.gff
299. 2014-12-16 07:57:40: s20_t1.6_a0.6_099.gff
300. 2014-12-16 07:58:15: s20_t1.6_a0.6_100.gff
301. 2014-12-16 07:58:35: s20_t1.6_a0.7_001.gff
302. 2014-12-16 07:58:41: s20_t1.6_a0.7_002.gff
303. 2014-12-16 08:00:01: s20_t1.6_a0.7_003.gff
304. 2014-12-16 08:00:05: s20_t1.6_a0.7_004.gff
305. 2014-12-16 08:00:11: s20_t1.6_a0.7_005.gff
306. 2014-12-16 08:00:19: s20_t1.6_a0.7_006.gff
307. 2014-12-16 08:00:40: s20_t1.6_a0.7_007.gff
308. 2014-12-16 08:00:49: s20_t1.6_a0.7_008.gff
309. 2014-12-16 08:02:07: s20_t1.6_a0.7_009.gff
310. 2014-12-16 08:02:11: s20_t1.6_a0.7_010.gff
311. 2014-12-16 08:02:28: s20_t1.6_a0.7_011.gff
312. 2014-12-16 08:02:43: s20_t1.6_a0.7_012.gff
313. 2014-12-16 08:02:54: s20_t1.6_a0.7_013.gff
314. 2014-12-16 08:08:57: s20_t1.6_a0.7_014.gff
/scratch/local/181620.1.mpi.q/GOAL/gc: line 24: 14821 CPU time limit exceeded (core dumped) java ${JVMARGS} -Djava.awt.headless=true -DapplicationRoot="${DIR}" -Dorg.java.plugin.boot.pluginsRepositories="${DIR}/plugins" -Djpf.boot.config="${DIR}/boot_cmd.properties" -Dorg.apache.commons.logging.Log=org.apache.commons.logging.impl.SimpleLog -Dorg.apache.commons.logging.simplelog.log.org.java.plugin=fatal $DOCK -jar "${DIR}/lib/jpf-boot.jar" "$@"

real	20m2.240s
user	20m1.530s
sys	0m1.069s
==> This was a timeout
315. 2014-12-16 08:28:59: s20_t1.6_a0.7_015.gff
316. 2014-12-16 08:29:43: s20_t1.6_a0.7_016.gff
317. 2014-12-16 08:30:18: s20_t1.6_a0.7_017.gff
318. 2014-12-16 08:30:33: s20_t1.6_a0.7_018.gff
319. 2014-12-16 08:31:56: s20_t1.6_a0.7_019.gff
320. 2014-12-16 08:32:07: s20_t1.6_a0.7_020.gff
321. 2014-12-16 08:32:18: s20_t1.6_a0.7_021.gff
/scratch/local/181620.1.mpi.q/GOAL/gc: line 24: 22855 CPU time limit exceeded (core dumped) java ${JVMARGS} -Djava.awt.headless=true -DapplicationRoot="${DIR}" -Dorg.java.plugin.boot.pluginsRepositories="${DIR}/plugins" -Djpf.boot.config="${DIR}/boot_cmd.properties" -Dorg.apache.commons.logging.Log=org.apache.commons.logging.impl.SimpleLog -Dorg.apache.commons.logging.simplelog.log.org.java.plugin=fatal $DOCK -jar "${DIR}/lib/jpf-boot.jar" "$@"

real	20m1.138s
user	20m1.560s
sys	0m1.171s
==> This was a timeout
322. 2014-12-16 08:52:19: s20_t1.6_a0.7_022.gff
323. 2014-12-16 09:00:51: s20_t1.6_a0.7_023.gff
324. 2014-12-16 09:01:24: s20_t1.6_a0.7_024.gff
325. 2014-12-16 09:05:01: s20_t1.6_a0.7_025.gff
326. 2014-12-16 09:05:06: s20_t1.6_a0.7_026.gff
327. 2014-12-16 09:05:19: s20_t1.6_a0.7_027.gff
328. 2014-12-16 09:05:32: s20_t1.6_a0.7_028.gff
329. 2014-12-16 09:17:13: s20_t1.6_a0.7_029.gff
330. 2014-12-16 09:17:21: s20_t1.6_a0.7_030.gff
331. 2014-12-16 09:17:27: s20_t1.6_a0.7_031.gff
332. 2014-12-16 09:21:58: s20_t1.6_a0.7_032.gff
333. 2014-12-16 09:22:44: s20_t1.6_a0.7_033.gff
334. 2014-12-16 09:22:52: s20_t1.6_a0.7_034.gff
335. 2014-12-16 09:22:54: s20_t1.6_a0.7_035.gff
336. 2014-12-16 09:23:22: s20_t1.6_a0.7_036.gff
337. 2014-12-16 09:25:33: s20_t1.6_a0.7_037.gff
338. 2014-12-16 09:25:41: s20_t1.6_a0.7_038.gff
339. 2014-12-16 09:25:53: s20_t1.6_a0.7_039.gff
340. 2014-12-16 09:26:01: s20_t1.6_a0.7_040.gff
341. 2014-12-16 09:26:06: s20_t1.6_a0.7_041.gff
342. 2014-12-16 09:29:33: s20_t1.6_a0.7_042.gff
343. 2014-12-16 09:29:53: s20_t1.6_a0.7_043.gff
344. 2014-12-16 09:30:00: s20_t1.6_a0.7_044.gff
345. 2014-12-16 09:30:15: s20_t1.6_a0.7_045.gff
346. 2014-12-16 09:30:18: s20_t1.6_a0.7_046.gff
347. 2014-12-16 09:30:23: s20_t1.6_a0.7_047.gff
348. 2014-12-16 09:30:28: s20_t1.6_a0.7_048.gff
349. 2014-12-16 09:37:54: s20_t1.6_a0.7_049.gff
350. 2014-12-16 09:38:41: s20_t1.6_a0.7_050.gff
351. 2014-12-16 09:39:34: s20_t1.6_a0.7_051.gff
352. 2014-12-16 09:40:28: s20_t1.6_a0.7_052.gff
/scratch/local/181620.1.mpi.q/GOAL/gc: line 24: 11995 CPU time limit exceeded (core dumped) java ${JVMARGS} -Djava.awt.headless=true -DapplicationRoot="${DIR}" -Dorg.java.plugin.boot.pluginsRepositories="${DIR}/plugins" -Djpf.boot.config="${DIR}/boot_cmd.properties" -Dorg.apache.commons.logging.Log=org.apache.commons.logging.impl.SimpleLog -Dorg.apache.commons.logging.simplelog.log.org.java.plugin=fatal $DOCK -jar "${DIR}/lib/jpf-boot.jar" "$@"

real	20m2.240s
user	20m1.527s
sys	0m1.109s
==> This was a timeout
353. 2014-12-16 10:00:30: s20_t1.6_a0.7_053.gff
354. 2014-12-16 10:00:33: s20_t1.6_a0.7_054.gff
355. 2014-12-16 10:00:41: s20_t1.6_a0.7_055.gff
356. 2014-12-16 10:00:45: s20_t1.6_a0.7_056.gff
357. 2014-12-16 10:00:48: s20_t1.6_a0.7_057.gff
/scratch/local/181620.1.mpi.q/GOAL/gc: line 24: 14273 CPU time limit exceeded (core dumped) java ${JVMARGS} -Djava.awt.headless=true -DapplicationRoot="${DIR}" -Dorg.java.plugin.boot.pluginsRepositories="${DIR}/plugins" -Djpf.boot.config="${DIR}/boot_cmd.properties" -Dorg.apache.commons.logging.Log=org.apache.commons.logging.impl.SimpleLog -Dorg.apache.commons.logging.simplelog.log.org.java.plugin=fatal $DOCK -jar "${DIR}/lib/jpf-boot.jar" "$@"

real	20m2.247s
user	20m1.565s
sys	0m1.071s
==> This was a timeout
358. 2014-12-16 10:20:50: s20_t1.6_a0.7_058.gff
359. 2014-12-16 10:25:48: s20_t1.6_a0.7_059.gff
360. 2014-12-16 10:25:50: s20_t1.6_a0.7_060.gff
361. 2014-12-16 10:26:00: s20_t1.6_a0.7_061.gff
362. 2014-12-16 10:26:06: s20_t1.6_a0.7_062.gff
363. 2014-12-16 10:26:30: s20_t1.6_a0.7_063.gff
364. 2014-12-16 10:27:50: s20_t1.6_a0.7_064.gff
365. 2014-12-16 10:30:32: s20_t1.6_a0.7_065.gff
/scratch/local/181620.1.mpi.q/GOAL/gc: line 24: 31461 CPU time limit exceeded (core dumped) java ${JVMARGS} -Djava.awt.headless=true -DapplicationRoot="${DIR}" -Dorg.java.plugin.boot.pluginsRepositories="${DIR}/plugins" -Djpf.boot.config="${DIR}/boot_cmd.properties" -Dorg.apache.commons.logging.Log=org.apache.commons.logging.impl.SimpleLog -Dorg.apache.commons.logging.simplelog.log.org.java.plugin=fatal $DOCK -jar "${DIR}/lib/jpf-boot.jar" "$@"

real	20m2.528s
user	20m1.547s
sys	0m1.118s
==> This was a timeout
366. 2014-12-16 10:50:34: s20_t1.6_a0.7_066.gff
367. 2014-12-16 10:52:26: s20_t1.6_a0.7_067.gff
368. 2014-12-16 10:53:29: s20_t1.6_a0.7_068.gff
369. 2014-12-16 10:54:06: s20_t1.6_a0.7_069.gff
/scratch/local/181620.1.mpi.q/GOAL/gc: line 24:  6906 CPU time limit exceeded (core dumped) java ${JVMARGS} -Djava.awt.headless=true -DapplicationRoot="${DIR}" -Dorg.java.plugin.boot.pluginsRepositories="${DIR}/plugins" -Djpf.boot.config="${DIR}/boot_cmd.properties" -Dorg.apache.commons.logging.Log=org.apache.commons.logging.impl.SimpleLog -Dorg.apache.commons.logging.simplelog.log.org.java.plugin=fatal $DOCK -jar "${DIR}/lib/jpf-boot.jar" "$@"

real	20m2.326s
user	20m1.549s
sys	0m1.096s
==> This was a timeout
370. 2014-12-16 11:14:08: s20_t1.6_a0.7_070.gff
371. 2014-12-16 11:14:15: s20_t1.6_a0.7_071.gff
372. 2014-12-16 11:14:38: s20_t1.6_a0.7_072.gff
373. 2014-12-16 11:14:41: s20_t1.6_a0.7_073.gff
374. 2014-12-16 11:14:52: s20_t1.6_a0.7_074.gff
/scratch/local/181620.1.mpi.q/GOAL/gc: line 24:  9274 CPU time limit exceeded (core dumped) java ${JVMARGS} -Djava.awt.headless=true -DapplicationRoot="${DIR}" -Dorg.java.plugin.boot.pluginsRepositories="${DIR}/plugins" -Djpf.boot.config="${DIR}/boot_cmd.properties" -Dorg.apache.commons.logging.Log=org.apache.commons.logging.impl.SimpleLog -Dorg.apache.commons.logging.simplelog.log.org.java.plugin=fatal $DOCK -jar "${DIR}/lib/jpf-boot.jar" "$@"

real	20m2.836s
user	20m1.605s
sys	0m1.078s
==> This was a timeout
375. 2014-12-16 11:34:54: s20_t1.6_a0.7_075.gff
/scratch/local/181620.1.mpi.q/GOAL/gc: line 24: 10180 CPU time limit exceeded (core dumped) java ${JVMARGS} -Djava.awt.headless=true -DapplicationRoot="${DIR}" -Dorg.java.plugin.boot.pluginsRepositories="${DIR}/plugins" -Djpf.boot.config="${DIR}/boot_cmd.properties" -Dorg.apache.commons.logging.Log=org.apache.commons.logging.impl.SimpleLog -Dorg.apache.commons.logging.simplelog.log.org.java.plugin=fatal $DOCK -jar "${DIR}/lib/jpf-boot.jar" "$@"

real	20m7.558s
user	20m1.504s
sys	0m1.191s
==> This was a timeout
376. 2014-12-16 11:55:02: s20_t1.6_a0.7_076.gff
377. 2014-12-16 11:55:45: s20_t1.6_a0.7_077.gff
378. 2014-12-16 11:55:52: s20_t1.6_a0.7_078.gff
379. 2014-12-16 11:55:57: s20_t1.6_a0.7_079.gff
380. 2014-12-16 11:56:21: s20_t1.6_a0.7_080.gff
381. 2014-12-16 11:56:34: s20_t1.6_a0.7_081.gff
382. 2014-12-16 11:56:46: s20_t1.6_a0.7_082.gff
383. 2014-12-16 11:57:27: s20_t1.6_a0.7_083.gff
384. 2014-12-16 11:57:31: s20_t1.6_a0.7_084.gff
385. 2014-12-16 11:57:34: s20_t1.6_a0.7_085.gff
386. 2014-12-16 11:57:58: s20_t1.6_a0.7_086.gff
387. 2014-12-16 11:58:06: s20_t1.6_a0.7_087.gff
388. 2014-12-16 11:58:16: s20_t1.6_a0.7_088.gff
389. 2014-12-16 11:58:32: s20_t1.6_a0.7_089.gff
390. 2014-12-16 11:59:22: s20_t1.6_a0.7_090.gff
391. 2014-12-16 11:59:24: s20_t1.6_a0.7_091.gff
/scratch/local/181620.1.mpi.q/GOAL/gc: line 24: 19358 CPU time limit exceeded (core dumped) java ${JVMARGS} -Djava.awt.headless=true -DapplicationRoot="${DIR}" -Dorg.java.plugin.boot.pluginsRepositories="${DIR}/plugins" -Djpf.boot.config="${DIR}/boot_cmd.properties" -Dorg.apache.commons.logging.Log=org.apache.commons.logging.impl.SimpleLog -Dorg.apache.commons.logging.simplelog.log.org.java.plugin=fatal $DOCK -jar "${DIR}/lib/jpf-boot.jar" "$@"

real	20m5.307s
user	20m1.486s
sys	0m1.144s
==> This was a timeout
392. 2014-12-16 12:19:30: s20_t1.6_a0.7_092.gff
393. 2014-12-16 12:19:42: s20_t1.6_a0.7_093.gff
394. 2014-12-16 12:20:43: s20_t1.6_a0.7_094.gff
/scratch/local/181620.1.mpi.q/GOAL/gc: line 24: 22430 CPU time limit exceeded (core dumped) java ${JVMARGS} -Djava.awt.headless=true -DapplicationRoot="${DIR}" -Dorg.java.plugin.boot.pluginsRepositories="${DIR}/plugins" -Djpf.boot.config="${DIR}/boot_cmd.properties" -Dorg.apache.commons.logging.Log=org.apache.commons.logging.impl.SimpleLog -Dorg.apache.commons.logging.simplelog.log.org.java.plugin=fatal $DOCK -jar "${DIR}/lib/jpf-boot.jar" "$@"

real	20m2.233s
user	20m1.589s
sys	0m1.069s
==> This was a timeout
395. 2014-12-16 12:40:46: s20_t1.6_a0.7_095.gff
396. 2014-12-16 12:40:56: s20_t1.6_a0.7_096.gff
397. 2014-12-16 12:42:10: s20_t1.6_a0.7_097.gff
398. 2014-12-16 12:42:24: s20_t1.6_a0.7_098.gff
399. 2014-12-16 12:42:50: s20_t1.6_a0.7_099.gff
400. 2014-12-16 12:42:58: s20_t1.6_a0.7_100.gff
/scratch/local/181620.1.mpi.q/GOAL/gc: line 24: 27178 CPU time limit exceeded (core dumped) java ${JVMARGS} -Djava.awt.headless=true -DapplicationRoot="${DIR}" -Dorg.java.plugin.boot.pluginsRepositories="${DIR}/plugins" -Djpf.boot.config="${DIR}/boot_cmd.properties" -Dorg.apache.commons.logging.Log=org.apache.commons.logging.impl.SimpleLog -Dorg.apache.commons.logging.simplelog.log.org.java.plugin=fatal $DOCK -jar "${DIR}/lib/jpf-boot.jar" "$@"

real	20m2.448s
user	20m1.468s
sys	0m1.136s
==> This was a timeout
401. 2014-12-16 13:03:01: s20_t1.6_a0.8_001.gff
402. 2014-12-16 13:03:11: s20_t1.6_a0.8_002.gff
403. 2014-12-16 13:03:28: s20_t1.6_a0.8_003.gff
404. 2014-12-16 13:03:48: s20_t1.6_a0.8_004.gff
405. 2014-12-16 13:03:52: s20_t1.6_a0.8_005.gff
406. 2014-12-16 13:03:54: s20_t1.6_a0.8_006.gff
407. 2014-12-16 13:03:58: s20_t1.6_a0.8_007.gff
408. 2014-12-16 13:06:00: s20_t1.6_a0.8_008.gff
409. 2014-12-16 13:06:19: s20_t1.6_a0.8_009.gff
410. 2014-12-16 13:07:19: s20_t1.6_a0.8_010.gff
411. 2014-12-16 13:07:22: s20_t1.6_a0.8_011.gff
/scratch/local/181620.1.mpi.q/GOAL/gc: line 24:  3345 CPU time limit exceeded (core dumped) java ${JVMARGS} -Djava.awt.headless=true -DapplicationRoot="${DIR}" -Dorg.java.plugin.boot.pluginsRepositories="${DIR}/plugins" -Djpf.boot.config="${DIR}/boot_cmd.properties" -Dorg.apache.commons.logging.Log=org.apache.commons.logging.impl.SimpleLog -Dorg.apache.commons.logging.simplelog.log.org.java.plugin=fatal $DOCK -jar "${DIR}/lib/jpf-boot.jar" "$@"

real	20m2.683s
user	20m1.503s
sys	0m1.114s
==> This was a timeout
412. 2014-12-16 13:27:25: s20_t1.6_a0.8_012.gff
413. 2014-12-16 13:27:32: s20_t1.6_a0.8_013.gff
414. 2014-12-16 13:27:37: s20_t1.6_a0.8_014.gff
415. 2014-12-16 13:27:45: s20_t1.6_a0.8_015.gff
416. 2014-12-16 13:28:05: s20_t1.6_a0.8_016.gff
417. 2014-12-16 13:28:58: s20_t1.6_a0.8_017.gff
418. 2014-12-16 13:29:37: s20_t1.6_a0.8_018.gff
419. 2014-12-16 13:29:40: s20_t1.6_a0.8_019.gff
420. 2014-12-16 13:29:50: s20_t1.6_a0.8_020.gff
421. 2014-12-16 13:29:56: s20_t1.6_a0.8_021.gff
422. 2014-12-16 13:30:12: s20_t1.6_a0.8_022.gff
423. 2014-12-16 13:31:14: s20_t1.6_a0.8_023.gff
424. 2014-12-16 13:33:44: s20_t1.6_a0.8_024.gff
425. 2014-12-16 13:33:48: s20_t1.6_a0.8_025.gff
426. 2014-12-16 13:33:56: s20_t1.6_a0.8_026.gff
427. 2014-12-16 13:34:59: s20_t1.6_a0.8_027.gff
428. 2014-12-16 13:35:03: s20_t1.6_a0.8_028.gff
429. 2014-12-16 13:36:39: s20_t1.6_a0.8_029.gff
430. 2014-12-16 13:39:05: s20_t1.6_a0.8_030.gff
431. 2014-12-16 13:39:07: s20_t1.6_a0.8_031.gff
432. 2014-12-16 13:40:53: s20_t1.6_a0.8_032.gff
433. 2014-12-16 13:40:55: s20_t1.6_a0.8_033.gff
434. 2014-12-16 13:40:58: s20_t1.6_a0.8_034.gff
435. 2014-12-16 13:41:05: s20_t1.6_a0.8_035.gff
436. 2014-12-16 13:41:11: s20_t1.6_a0.8_036.gff
437. 2014-12-16 13:41:48: s20_t1.6_a0.8_037.gff
438. 2014-12-16 13:42:06: s20_t1.6_a0.8_038.gff
439. 2014-12-16 13:42:15: s20_t1.6_a0.8_039.gff
440. 2014-12-16 13:42:24: s20_t1.6_a0.8_040.gff
441. 2014-12-16 13:43:52: s20_t1.6_a0.8_041.gff
442. 2014-12-16 13:43:55: s20_t1.6_a0.8_042.gff
443. 2014-12-16 13:44:09: s20_t1.6_a0.8_043.gff
444. 2014-12-16 13:45:59: s20_t1.6_a0.8_044.gff
445. 2014-12-16 13:46:06: s20_t1.6_a0.8_045.gff
446. 2014-12-16 13:47:32: s20_t1.6_a0.8_046.gff
447. 2014-12-16 13:47:39: s20_t1.6_a0.8_047.gff
448. 2014-12-16 13:47:59: s20_t1.6_a0.8_048.gff
449. 2014-12-16 13:48:19: s20_t1.6_a0.8_049.gff
/scratch/local/181620.1.mpi.q/GOAL/gc: line 24:  7878 CPU time limit exceeded (core dumped) java ${JVMARGS} -Djava.awt.headless=true -DapplicationRoot="${DIR}" -Dorg.java.plugin.boot.pluginsRepositories="${DIR}/plugins" -Djpf.boot.config="${DIR}/boot_cmd.properties" -Dorg.apache.commons.logging.Log=org.apache.commons.logging.impl.SimpleLog -Dorg.apache.commons.logging.simplelog.log.org.java.plugin=fatal $DOCK -jar "${DIR}/lib/jpf-boot.jar" "$@"

real	20m3.518s
user	20m1.442s
sys	0m1.132s
==> This was a timeout
450. 2014-12-16 14:08:23: s20_t1.6_a0.8_050.gff
451. 2014-12-16 14:08:27: s20_t1.6_a0.8_051.gff
452. 2014-12-16 14:08:44: s20_t1.6_a0.8_052.gff
453. 2014-12-16 14:09:00: s20_t1.6_a0.8_053.gff
454. 2014-12-16 14:15:36: s20_t1.6_a0.8_054.gff
455. 2014-12-16 14:15:46: s20_t1.6_a0.8_055.gff
456. 2014-12-16 14:16:05: s20_t1.6_a0.8_056.gff
457. 2014-12-16 14:16:43: s20_t1.6_a0.8_057.gff
458. 2014-12-16 14:19:23: s20_t1.6_a0.8_058.gff
459. 2014-12-16 14:19:48: s20_t1.6_a0.8_059.gff
460. 2014-12-16 14:20:05: s20_t1.6_a0.8_060.gff
461. 2014-12-16 14:23:25: s20_t1.6_a0.8_061.gff
462. 2014-12-16 14:23:32: s20_t1.6_a0.8_062.gff
463. 2014-12-16 14:26:13: s20_t1.6_a0.8_063.gff
464. 2014-12-16 14:27:24: s20_t1.6_a0.8_064.gff
465. 2014-12-16 14:27:28: s20_t1.6_a0.8_065.gff
466. 2014-12-16 14:29:08: s20_t1.6_a0.8_066.gff
467. 2014-12-16 14:29:22: s20_t1.6_a0.8_067.gff
468. 2014-12-16 14:29:53: s20_t1.6_a0.8_068.gff
469. 2014-12-16 14:30:12: s20_t1.6_a0.8_069.gff
470. 2014-12-16 14:30:34: s20_t1.6_a0.8_070.gff
471. 2014-12-16 14:30:41: s20_t1.6_a0.8_071.gff
472. 2014-12-16 14:31:10: s20_t1.6_a0.8_072.gff
473. 2014-12-16 14:31:16: s20_t1.6_a0.8_073.gff
474. 2014-12-16 14:32:22: s20_t1.6_a0.8_074.gff
/scratch/local/181620.1.mpi.q/GOAL/gc: line 24: 17006 CPU time limit exceeded (core dumped) java ${JVMARGS} -Djava.awt.headless=true -DapplicationRoot="${DIR}" -Dorg.java.plugin.boot.pluginsRepositories="${DIR}/plugins" -Djpf.boot.config="${DIR}/boot_cmd.properties" -Dorg.apache.commons.logging.Log=org.apache.commons.logging.impl.SimpleLog -Dorg.apache.commons.logging.simplelog.log.org.java.plugin=fatal $DOCK -jar "${DIR}/lib/jpf-boot.jar" "$@"

real	20m3.153s
user	20m1.594s
sys	0m1.038s
==> This was a timeout
475. 2014-12-16 14:52:25: s20_t1.6_a0.8_075.gff
476. 2014-12-16 14:52:52: s20_t1.6_a0.8_076.gff
477. 2014-12-16 14:53:32: s20_t1.6_a0.8_077.gff
478. 2014-12-16 14:55:22: s20_t1.6_a0.8_078.gff
479. 2014-12-16 14:55:29: s20_t1.6_a0.8_079.gff
480. 2014-12-16 14:55:56: s20_t1.6_a0.8_080.gff
481. 2014-12-16 14:56:13: s20_t1.6_a0.8_081.gff
482. 2014-12-16 15:01:03: s20_t1.6_a0.8_082.gff
483. 2014-12-16 15:01:46: s20_t1.6_a0.8_083.gff
484. 2014-12-16 15:02:01: s20_t1.6_a0.8_084.gff
485. 2014-12-16 15:02:06: s20_t1.6_a0.8_085.gff
486. 2014-12-16 15:02:13: s20_t1.6_a0.8_086.gff
487. 2014-12-16 15:02:25: s20_t1.6_a0.8_087.gff
488. 2014-12-16 15:03:21: s20_t1.6_a0.8_088.gff
489. 2014-12-16 15:03:33: s20_t1.6_a0.8_089.gff
490. 2014-12-16 15:03:53: s20_t1.6_a0.8_090.gff
491. 2014-12-16 15:03:55: s20_t1.6_a0.8_091.gff
492. 2014-12-16 15:04:10: s20_t1.6_a0.8_092.gff
493. 2014-12-16 15:04:14: s20_t1.6_a0.8_093.gff
494. 2014-12-16 15:10:23: s20_t1.6_a0.8_094.gff
495. 2014-12-16 15:11:11: s20_t1.6_a0.8_095.gff
496. 2014-12-16 15:11:14: s20_t1.6_a0.8_096.gff
497. 2014-12-16 15:11:16: s20_t1.6_a0.8_097.gff
498. 2014-12-16 15:11:21: s20_t1.6_a0.8_098.gff
499. 2014-12-16 15:11:25: s20_t1.6_a0.8_099.gff
500. 2014-12-16 15:11:34: s20_t1.6_a0.8_100.gff
501. 2014-12-16 15:11:41: s20_t1.6_a0.9_001.gff
502. 2014-12-16 15:11:43: s20_t1.6_a0.9_002.gff
503. 2014-12-16 15:12:24: s20_t1.6_a0.9_003.gff
504. 2014-12-16 15:12:26: s20_t1.6_a0.9_004.gff
505. 2014-12-16 15:14:42: s20_t1.6_a0.9_005.gff
506. 2014-12-16 15:14:46: s20_t1.6_a0.9_006.gff
507. 2014-12-16 15:14:49: s20_t1.6_a0.9_007.gff
508. 2014-12-16 15:14:56: s20_t1.6_a0.9_008.gff
509. 2014-12-16 15:15:05: s20_t1.6_a0.9_009.gff
510. 2014-12-16 15:15:08: s20_t1.6_a0.9_010.gff
511. 2014-12-16 15:15:10: s20_t1.6_a0.9_011.gff
512. 2014-12-16 15:15:15: s20_t1.6_a0.9_012.gff
513. 2014-12-16 15:15:36: s20_t1.6_a0.9_013.gff
514. 2014-12-16 15:16:34: s20_t1.6_a0.9_014.gff
515. 2014-12-16 15:17:24: s20_t1.6_a0.9_015.gff
516. 2014-12-16 15:17:27: s20_t1.6_a0.9_016.gff
/scratch/local/181620.1.mpi.q/GOAL/gc: line 24: 28970 CPU time limit exceeded (core dumped) java ${JVMARGS} -Djava.awt.headless=true -DapplicationRoot="${DIR}" -Dorg.java.plugin.boot.pluginsRepositories="${DIR}/plugins" -Djpf.boot.config="${DIR}/boot_cmd.properties" -Dorg.apache.commons.logging.Log=org.apache.commons.logging.impl.SimpleLog -Dorg.apache.commons.logging.simplelog.log.org.java.plugin=fatal $DOCK -jar "${DIR}/lib/jpf-boot.jar" "$@"

real	20m5.477s
user	20m1.621s
sys	0m1.043s
==> This was a timeout
517. 2014-12-16 15:37:33: s20_t1.6_a0.9_017.gff
518. 2014-12-16 15:37:36: s20_t1.6_a0.9_018.gff
519. 2014-12-16 15:37:38: s20_t1.6_a0.9_019.gff
520. 2014-12-16 15:38:45: s20_t1.6_a0.9_020.gff
521. 2014-12-16 15:38:49: s20_t1.6_a0.9_021.gff
522. 2014-12-16 15:39:36: s20_t1.6_a0.9_022.gff
523. 2014-12-16 15:39:42: s20_t1.6_a0.9_023.gff
524. 2014-12-16 15:40:21: s20_t1.6_a0.9_024.gff
525. 2014-12-16 15:40:23: s20_t1.6_a0.9_025.gff
526. 2014-12-16 15:40:28: s20_t1.6_a0.9_026.gff
527. 2014-12-16 15:40:30: s20_t1.6_a0.9_027.gff
528. 2014-12-16 15:40:33: s20_t1.6_a0.9_028.gff
529. 2014-12-16 15:40:39: s20_t1.6_a0.9_029.gff
530. 2014-12-16 15:40:44: s20_t1.6_a0.9_030.gff
531. 2014-12-16 15:40:46: s20_t1.6_a0.9_031.gff
532. 2014-12-16 15:41:22: s20_t1.6_a0.9_032.gff
533. 2014-12-16 15:41:26: s20_t1.6_a0.9_033.gff
534. 2014-12-16 15:41:54: s20_t1.6_a0.9_034.gff
535. 2014-12-16 15:41:56: s20_t1.6_a0.9_035.gff
536. 2014-12-16 15:42:18: s20_t1.6_a0.9_036.gff
537. 2014-12-16 15:42:25: s20_t1.6_a0.9_037.gff
538. 2014-12-16 15:42:27: s20_t1.6_a0.9_038.gff
539. 2014-12-16 15:42:59: s20_t1.6_a0.9_039.gff
540. 2014-12-16 15:43:12: s20_t1.6_a0.9_040.gff
541. 2014-12-16 15:43:25: s20_t1.6_a0.9_041.gff
542. 2014-12-16 15:43:38: s20_t1.6_a0.9_042.gff
543. 2014-12-16 15:43:41: s20_t1.6_a0.9_043.gff
544. 2014-12-16 15:44:20: s20_t1.6_a0.9_044.gff
545. 2014-12-16 15:44:32: s20_t1.6_a0.9_045.gff
546. 2014-12-16 15:44:44: s20_t1.6_a0.9_046.gff
547. 2014-12-16 15:45:23: s20_t1.6_a0.9_047.gff
548. 2014-12-16 15:45:27: s20_t1.6_a0.9_048.gff
549. 2014-12-16 15:45:28: s20_t1.6_a0.9_049.gff
550. 2014-12-16 15:45:33: s20_t1.6_a0.9_050.gff
551. 2014-12-16 15:48:39: s20_t1.6_a0.9_051.gff
552. 2014-12-16 15:48:55: s20_t1.6_a0.9_052.gff
553. 2014-12-16 15:49:53: s20_t1.6_a0.9_053.gff
554. 2014-12-16 15:55:40: s20_t1.6_a0.9_054.gff
555. 2014-12-16 15:55:47: s20_t1.6_a0.9_055.gff
556. 2014-12-16 15:56:29: s20_t1.6_a0.9_056.gff
557. 2014-12-16 15:56:34: s20_t1.6_a0.9_057.gff
558. 2014-12-16 15:56:37: s20_t1.6_a0.9_058.gff
559. 2014-12-16 15:56:44: s20_t1.6_a0.9_059.gff
560. 2014-12-16 15:56:46: s20_t1.6_a0.9_060.gff
561. 2014-12-16 15:57:02: s20_t1.6_a0.9_061.gff
562. 2014-12-16 15:57:06: s20_t1.6_a0.9_062.gff
563. 2014-12-16 15:57:10: s20_t1.6_a0.9_063.gff
564. 2014-12-16 15:57:15: s20_t1.6_a0.9_064.gff
565. 2014-12-16 15:57:23: s20_t1.6_a0.9_065.gff
566. 2014-12-16 15:58:04: s20_t1.6_a0.9_066.gff
567. 2014-12-16 15:58:10: s20_t1.6_a0.9_067.gff
568. 2014-12-16 15:59:04: s20_t1.6_a0.9_068.gff
569. 2014-12-16 15:59:11: s20_t1.6_a0.9_069.gff
570. 2014-12-16 15:59:19: s20_t1.6_a0.9_070.gff
571. 2014-12-16 15:59:25: s20_t1.6_a0.9_071.gff
572. 2014-12-16 15:59:30: s20_t1.6_a0.9_072.gff
573. 2014-12-16 15:59:34: s20_t1.6_a0.9_073.gff
574. 2014-12-16 15:59:41: s20_t1.6_a0.9_074.gff
575. 2014-12-16 16:02:16: s20_t1.6_a0.9_075.gff
576. 2014-12-16 16:02:57: s20_t1.6_a0.9_076.gff
577. 2014-12-16 16:03:09: s20_t1.6_a0.9_077.gff
578. 2014-12-16 16:03:11: s20_t1.6_a0.9_078.gff
579. 2014-12-16 16:04:10: s20_t1.6_a0.9_079.gff
580. 2014-12-16 16:04:18: s20_t1.6_a0.9_080.gff
581. 2014-12-16 16:04:28: s20_t1.6_a0.9_081.gff
582. 2014-12-16 16:06:13: s20_t1.6_a0.9_082.gff
583. 2014-12-16 16:06:15: s20_t1.6_a0.9_083.gff
584. 2014-12-16 16:06:18: s20_t1.6_a0.9_084.gff
585. 2014-12-16 16:06:20: s20_t1.6_a0.9_085.gff
586. 2014-12-16 16:06:24: s20_t1.6_a0.9_086.gff
587. 2014-12-16 16:06:26: s20_t1.6_a0.9_087.gff
588. 2014-12-16 16:07:04: s20_t1.6_a0.9_088.gff
589. 2014-12-16 16:07:06: s20_t1.6_a0.9_089.gff
590. 2014-12-16 16:07:09: s20_t1.6_a0.9_090.gff
591. 2014-12-16 16:07:17: s20_t1.6_a0.9_091.gff
592. 2014-12-16 16:07:56: s20_t1.6_a0.9_092.gff
593. 2014-12-16 16:08:34: s20_t1.6_a0.9_093.gff
594. 2014-12-16 16:08:36: s20_t1.6_a0.9_094.gff
595. 2014-12-16 16:08:38: s20_t1.6_a0.9_095.gff
596. 2014-12-16 16:12:27: s20_t1.6_a0.9_096.gff
597. 2014-12-16 16:12:30: s20_t1.6_a0.9_097.gff
598. 2014-12-16 16:19:11: s20_t1.6_a0.9_098.gff
599. 2014-12-16 16:29:02: s20_t1.6_a0.9_099.gff
600. 2014-12-16 16:29:08: s20_t1.6_a0.9_100.gff
601. 2014-12-16 16:29:22: s20_t1.6_a1.0_001.gff
602. 2014-12-16 16:29:24: s20_t1.6_a1.0_002.gff
603. 2014-12-16 16:29:26: s20_t1.6_a1.0_003.gff
604. 2014-12-16 16:29:28: s20_t1.6_a1.0_004.gff
605. 2014-12-16 16:29:29: s20_t1.6_a1.0_005.gff
606. 2014-12-16 16:29:31: s20_t1.6_a1.0_006.gff
607. 2014-12-16 16:29:33: s20_t1.6_a1.0_007.gff
608. 2014-12-16 16:29:34: s20_t1.6_a1.0_008.gff
609. 2014-12-16 16:29:36: s20_t1.6_a1.0_009.gff
610. 2014-12-16 16:29:38: s20_t1.6_a1.0_010.gff
611. 2014-12-16 16:29:40: s20_t1.6_a1.0_011.gff
612. 2014-12-16 16:29:41: s20_t1.6_a1.0_012.gff
613. 2014-12-16 16:29:43: s20_t1.6_a1.0_013.gff
614. 2014-12-16 16:29:45: s20_t1.6_a1.0_014.gff
615. 2014-12-16 16:29:47: s20_t1.6_a1.0_015.gff
616. 2014-12-16 16:29:48: s20_t1.6_a1.0_016.gff
617. 2014-12-16 16:29:50: s20_t1.6_a1.0_017.gff
618. 2014-12-16 16:29:52: s20_t1.6_a1.0_018.gff
619. 2014-12-16 16:29:54: s20_t1.6_a1.0_019.gff
620. 2014-12-16 16:29:56: s20_t1.6_a1.0_020.gff
621. 2014-12-16 16:29:58: s20_t1.6_a1.0_021.gff
622. 2014-12-16 16:29:59: s20_t1.6_a1.0_022.gff
623. 2014-12-16 16:30:01: s20_t1.6_a1.0_023.gff
624. 2014-12-16 16:30:03: s20_t1.6_a1.0_024.gff
625. 2014-12-16 16:30:05: s20_t1.6_a1.0_025.gff
626. 2014-12-16 16:30:06: s20_t1.6_a1.0_026.gff
627. 2014-12-16 16:30:09: s20_t1.6_a1.0_027.gff
628. 2014-12-16 16:30:10: s20_t1.6_a1.0_028.gff
629. 2014-12-16 16:30:12: s20_t1.6_a1.0_029.gff
630. 2014-12-16 16:30:14: s20_t1.6_a1.0_030.gff
631. 2014-12-16 16:30:16: s20_t1.6_a1.0_031.gff
632. 2014-12-16 16:30:18: s20_t1.6_a1.0_032.gff
633. 2014-12-16 16:30:19: s20_t1.6_a1.0_033.gff
634. 2014-12-16 16:30:21: s20_t1.6_a1.0_034.gff
635. 2014-12-16 16:30:24: s20_t1.6_a1.0_035.gff
636. 2014-12-16 16:30:26: s20_t1.6_a1.0_036.gff
637. 2014-12-16 16:30:27: s20_t1.6_a1.0_037.gff
638. 2014-12-16 16:30:29: s20_t1.6_a1.0_038.gff
639. 2014-12-16 16:30:31: s20_t1.6_a1.0_039.gff
640. 2014-12-16 16:30:33: s20_t1.6_a1.0_040.gff
641. 2014-12-16 16:30:35: s20_t1.6_a1.0_041.gff
642. 2014-12-16 16:30:37: s20_t1.6_a1.0_042.gff
643. 2014-12-16 16:30:39: s20_t1.6_a1.0_043.gff
644. 2014-12-16 16:30:41: s20_t1.6_a1.0_044.gff
645. 2014-12-16 16:30:42: s20_t1.6_a1.0_045.gff
646. 2014-12-16 16:30:44: s20_t1.6_a1.0_046.gff
647. 2014-12-16 16:30:46: s20_t1.6_a1.0_047.gff
648. 2014-12-16 16:30:48: s20_t1.6_a1.0_048.gff
649. 2014-12-16 16:30:50: s20_t1.6_a1.0_049.gff
650. 2014-12-16 16:30:51: s20_t1.6_a1.0_050.gff
651. 2014-12-16 16:30:53: s20_t1.6_a1.0_051.gff
652. 2014-12-16 16:30:55: s20_t1.6_a1.0_052.gff
653. 2014-12-16 16:30:57: s20_t1.6_a1.0_053.gff
654. 2014-12-16 16:30:59: s20_t1.6_a1.0_054.gff
655. 2014-12-16 16:31:01: s20_t1.6_a1.0_055.gff
656. 2014-12-16 16:31:03: s20_t1.6_a1.0_056.gff
657. 2014-12-16 16:31:04: s20_t1.6_a1.0_057.gff
658. 2014-12-16 16:31:06: s20_t1.6_a1.0_058.gff
659. 2014-12-16 16:31:08: s20_t1.6_a1.0_059.gff
660. 2014-12-16 16:31:10: s20_t1.6_a1.0_060.gff
661. 2014-12-16 16:31:12: s20_t1.6_a1.0_061.gff
662. 2014-12-16 16:31:14: s20_t1.6_a1.0_062.gff
663. 2014-12-16 16:31:16: s20_t1.6_a1.0_063.gff
664. 2014-12-16 16:31:18: s20_t1.6_a1.0_064.gff
665. 2014-12-16 16:31:20: s20_t1.6_a1.0_065.gff
666. 2014-12-16 16:31:21: s20_t1.6_a1.0_066.gff
667. 2014-12-16 16:31:24: s20_t1.6_a1.0_067.gff
668. 2014-12-16 16:31:25: s20_t1.6_a1.0_068.gff
669. 2014-12-16 16:31:27: s20_t1.6_a1.0_069.gff
670. 2014-12-16 16:31:29: s20_t1.6_a1.0_070.gff
671. 2014-12-16 16:31:31: s20_t1.6_a1.0_071.gff
672. 2014-12-16 16:31:33: s20_t1.6_a1.0_072.gff
673. 2014-12-16 16:31:35: s20_t1.6_a1.0_073.gff
674. 2014-12-16 16:31:36: s20_t1.6_a1.0_074.gff
675. 2014-12-16 16:31:38: s20_t1.6_a1.0_075.gff
676. 2014-12-16 16:31:40: s20_t1.6_a1.0_076.gff
677. 2014-12-16 16:31:42: s20_t1.6_a1.0_077.gff
678. 2014-12-16 16:31:44: s20_t1.6_a1.0_078.gff
679. 2014-12-16 16:31:46: s20_t1.6_a1.0_079.gff
680. 2014-12-16 16:31:48: s20_t1.6_a1.0_080.gff
681. 2014-12-16 16:31:50: s20_t1.6_a1.0_081.gff
682. 2014-12-16 16:31:51: s20_t1.6_a1.0_082.gff
683. 2014-12-16 16:31:53: s20_t1.6_a1.0_083.gff
684. 2014-12-16 16:31:55: s20_t1.6_a1.0_084.gff
685. 2014-12-16 16:31:57: s20_t1.6_a1.0_085.gff
686. 2014-12-16 16:31:58: s20_t1.6_a1.0_086.gff
687. 2014-12-16 16:32:00: s20_t1.6_a1.0_087.gff
688. 2014-12-16 16:32:02: s20_t1.6_a1.0_088.gff
689. 2014-12-16 16:32:04: s20_t1.6_a1.0_089.gff
690. 2014-12-16 16:32:06: s20_t1.6_a1.0_090.gff
691. 2014-12-16 16:32:08: s20_t1.6_a1.0_091.gff
692. 2014-12-16 16:32:10: s20_t1.6_a1.0_092.gff
693. 2014-12-16 16:32:11: s20_t1.6_a1.0_093.gff
694. 2014-12-16 16:32:13: s20_t1.6_a1.0_094.gff
695. 2014-12-16 16:32:15: s20_t1.6_a1.0_095.gff
696. 2014-12-16 16:32:17: s20_t1.6_a1.0_096.gff
697. 2014-12-16 16:32:19: s20_t1.6_a1.0_097.gff
698. 2014-12-16 16:32:21: s20_t1.6_a1.0_098.gff
699. 2014-12-16 16:32:23: s20_t1.6_a1.0_099.gff
700. 2014-12-16 16:32:26: s20_t1.6_a1.0_100.gff
701. 2014-12-16 16:32:28: s20_t1.8_a0.1_001.gff
702. 2014-12-16 16:32:31: s20_t1.8_a0.1_002.gff
703. 2014-12-16 16:32:34: s20_t1.8_a0.1_003.gff
704. 2014-12-16 16:32:58: s20_t1.8_a0.1_004.gff
705. 2014-12-16 16:33:14: s20_t1.8_a0.1_005.gff
706. 2014-12-16 16:33:23: s20_t1.8_a0.1_006.gff
707. 2014-12-16 16:33:28: s20_t1.8_a0.1_007.gff
708. 2014-12-16 16:33:34: s20_t1.8_a0.1_008.gff
709. 2014-12-16 16:33:45: s20_t1.8_a0.1_009.gff
710. 2014-12-16 16:33:51: s20_t1.8_a0.1_010.gff
711. 2014-12-16 16:34:03: s20_t1.8_a0.1_011.gff
712. 2014-12-16 16:43:27: s20_t1.8_a0.1_012.gff
713. 2014-12-16 16:43:38: s20_t1.8_a0.1_013.gff
714. 2014-12-16 16:43:41: s20_t1.8_a0.1_014.gff
715. 2014-12-16 16:43:56: s20_t1.8_a0.1_015.gff
716. 2014-12-16 16:44:09: s20_t1.8_a0.1_016.gff
717. 2014-12-16 16:44:14: s20_t1.8_a0.1_017.gff
718. 2014-12-16 16:44:44: s20_t1.8_a0.1_018.gff
719. 2014-12-16 16:45:02: s20_t1.8_a0.1_019.gff
720. 2014-12-16 16:45:19: s20_t1.8_a0.1_020.gff
721. 2014-12-16 16:45:31: s20_t1.8_a0.1_021.gff
722. 2014-12-16 16:45:55: s20_t1.8_a0.1_022.gff
723. 2014-12-16 16:46:09: s20_t1.8_a0.1_023.gff
724. 2014-12-16 16:46:17: s20_t1.8_a0.1_024.gff
725. 2014-12-16 16:46:21: s20_t1.8_a0.1_025.gff
726. 2014-12-16 16:46:34: s20_t1.8_a0.1_026.gff
727. 2014-12-16 16:46:45: s20_t1.8_a0.1_027.gff
728. 2014-12-16 16:46:54: s20_t1.8_a0.1_028.gff
729. 2014-12-16 16:47:54: s20_t1.8_a0.1_029.gff
730. 2014-12-16 16:47:57: s20_t1.8_a0.1_030.gff
731. 2014-12-16 16:48:00: s20_t1.8_a0.1_031.gff
732. 2014-12-16 16:48:30: s20_t1.8_a0.1_032.gff
733. 2014-12-16 16:48:38: s20_t1.8_a0.1_033.gff
734. 2014-12-16 16:48:48: s20_t1.8_a0.1_034.gff
735. 2014-12-16 16:56:52: s20_t1.8_a0.1_035.gff
736. 2014-12-16 16:56:56: s20_t1.8_a0.1_036.gff
737. 2014-12-16 16:57:07: s20_t1.8_a0.1_037.gff
738. 2014-12-16 16:57:14: s20_t1.8_a0.1_038.gff
739. 2014-12-16 16:57:21: s20_t1.8_a0.1_039.gff
740. 2014-12-16 16:58:05: s20_t1.8_a0.1_040.gff
741. 2014-12-16 17:00:05: s20_t1.8_a0.1_041.gff
742. 2014-12-16 17:00:25: s20_t1.8_a0.1_042.gff
/scratch/local/181620.1.mpi.q/GOAL/gc: line 24: 19458 CPU time limit exceeded (core dumped) java ${JVMARGS} -Djava.awt.headless=true -DapplicationRoot="${DIR}" -Dorg.java.plugin.boot.pluginsRepositories="${DIR}/plugins" -Djpf.boot.config="${DIR}/boot_cmd.properties" -Dorg.apache.commons.logging.Log=org.apache.commons.logging.impl.SimpleLog -Dorg.apache.commons.logging.simplelog.log.org.java.plugin=fatal $DOCK -jar "${DIR}/lib/jpf-boot.jar" "$@"

real	20m4.187s
user	20m1.566s
sys	0m1.113s
==> This was a timeout
743. 2014-12-16 17:20:29: s20_t1.8_a0.1_043.gff
744. 2014-12-16 17:20:40: s20_t1.8_a0.1_044.gff
/scratch/local/181620.1.mpi.q/GOAL/gc: line 24: 19515 CPU time limit exceeded (core dumped) java ${JVMARGS} -Djava.awt.headless=true -DapplicationRoot="${DIR}" -Dorg.java.plugin.boot.pluginsRepositories="${DIR}/plugins" -Djpf.boot.config="${DIR}/boot_cmd.properties" -Dorg.apache.commons.logging.Log=org.apache.commons.logging.impl.SimpleLog -Dorg.apache.commons.logging.simplelog.log.org.java.plugin=fatal $DOCK -jar "${DIR}/lib/jpf-boot.jar" "$@"

real	20m3.028s
user	20m1.581s
sys	0m1.100s
==> This was a timeout
745. 2014-12-16 17:40:43: s20_t1.8_a0.1_045.gff
746. 2014-12-16 17:40:52: s20_t1.8_a0.1_046.gff
747. 2014-12-16 17:41:00: s20_t1.8_a0.1_047.gff
748. 2014-12-16 17:41:56: s20_t1.8_a0.1_048.gff
749. 2014-12-16 17:41:59: s20_t1.8_a0.1_049.gff
750. 2014-12-16 17:42:03: s20_t1.8_a0.1_050.gff
751. 2014-12-16 17:42:10: s20_t1.8_a0.1_051.gff
752. 2014-12-16 17:42:56: s20_t1.8_a0.1_052.gff
753. 2014-12-16 17:43:09: s20_t1.8_a0.1_053.gff
754. 2014-12-16 17:44:42: s20_t1.8_a0.1_054.gff
755. 2014-12-16 17:44:52: s20_t1.8_a0.1_055.gff
756. 2014-12-16 17:45:02: s20_t1.8_a0.1_056.gff
757. 2014-12-16 17:45:33: s20_t1.8_a0.1_057.gff
/scratch/local/181620.1.mpi.q/GOAL/gc: line 24: 27288 CPU time limit exceeded (core dumped) java ${JVMARGS} -Djava.awt.headless=true -DapplicationRoot="${DIR}" -Dorg.java.plugin.boot.pluginsRepositories="${DIR}/plugins" -Djpf.boot.config="${DIR}/boot_cmd.properties" -Dorg.apache.commons.logging.Log=org.apache.commons.logging.impl.SimpleLog -Dorg.apache.commons.logging.simplelog.log.org.java.plugin=fatal $DOCK -jar "${DIR}/lib/jpf-boot.jar" "$@"

real	20m3.380s
user	20m1.531s
sys	0m1.080s
==> This was a timeout
758. 2014-12-16 18:05:37: s20_t1.8_a0.1_058.gff
759. 2014-12-16 18:05:49: s20_t1.8_a0.1_059.gff
760. 2014-12-16 18:07:10: s20_t1.8_a0.1_060.gff
761. 2014-12-16 18:08:08: s20_t1.8_a0.1_061.gff
762. 2014-12-16 18:08:18: s20_t1.8_a0.1_062.gff
763. 2014-12-16 18:08:37: s20_t1.8_a0.1_063.gff
764. 2014-12-16 18:08:40: s20_t1.8_a0.1_064.gff
765. 2014-12-16 18:10:22: s20_t1.8_a0.1_065.gff
766. 2014-12-16 18:10:29: s20_t1.8_a0.1_066.gff
767. 2014-12-16 18:10:39: s20_t1.8_a0.1_067.gff
768. 2014-12-16 18:10:43: s20_t1.8_a0.1_068.gff
769. 2014-12-16 18:11:14: s20_t1.8_a0.1_069.gff
770. 2014-12-16 18:11:17: s20_t1.8_a0.1_070.gff
771. 2014-12-16 18:12:43: s20_t1.8_a0.1_071.gff
772. 2014-12-16 18:17:46: s20_t1.8_a0.1_072.gff
773. 2014-12-16 18:17:50: s20_t1.8_a0.1_073.gff
774. 2014-12-16 18:17:55: s20_t1.8_a0.1_074.gff
775. 2014-12-16 18:18:29: s20_t1.8_a0.1_075.gff
776. 2014-12-16 18:18:31: s20_t1.8_a0.1_076.gff
777. 2014-12-16 18:18:42: s20_t1.8_a0.1_077.gff
778. 2014-12-16 18:18:48: s20_t1.8_a0.1_078.gff
779. 2014-12-16 18:19:32: s20_t1.8_a0.1_079.gff
780. 2014-12-16 18:20:18: s20_t1.8_a0.1_080.gff
781. 2014-12-16 18:20:44: s20_t1.8_a0.1_081.gff
782. 2014-12-16 18:21:17: s20_t1.8_a0.1_082.gff
783. 2014-12-16 18:21:21: s20_t1.8_a0.1_083.gff
784. 2014-12-16 18:21:26: s20_t1.8_a0.1_084.gff
785. 2014-12-16 18:21:41: s20_t1.8_a0.1_085.gff
786. 2014-12-16 18:21:50: s20_t1.8_a0.1_086.gff
787. 2014-12-16 18:22:00: s20_t1.8_a0.1_087.gff
788. 2014-12-16 18:22:05: s20_t1.8_a0.1_088.gff
789. 2014-12-16 18:22:22: s20_t1.8_a0.1_089.gff
790. 2014-12-16 18:22:38: s20_t1.8_a0.1_090.gff
791. 2014-12-16 18:22:56: s20_t1.8_a0.1_091.gff
792. 2014-12-16 18:23:00: s20_t1.8_a0.1_092.gff
793. 2014-12-16 18:23:29: s20_t1.8_a0.1_093.gff
794. 2014-12-16 18:23:38: s20_t1.8_a0.1_094.gff
795. 2014-12-16 18:23:49: s20_t1.8_a0.1_095.gff
796. 2014-12-16 18:24:01: s20_t1.8_a0.1_096.gff
797. 2014-12-16 18:25:36: s20_t1.8_a0.1_097.gff
798. 2014-12-16 18:25:39: s20_t1.8_a0.1_098.gff
799. 2014-12-16 18:25:58: s20_t1.8_a0.1_099.gff
800. 2014-12-16 18:26:04: s20_t1.8_a0.1_100.gff
801. 2014-12-16 18:26:15: s20_t1.8_a0.2_001.gff
/scratch/local/181620.1.mpi.q/GOAL/gc: line 24:   476 CPU time limit exceeded (core dumped) java ${JVMARGS} -Djava.awt.headless=true -DapplicationRoot="${DIR}" -Dorg.java.plugin.boot.pluginsRepositories="${DIR}/plugins" -Djpf.boot.config="${DIR}/boot_cmd.properties" -Dorg.apache.commons.logging.Log=org.apache.commons.logging.impl.SimpleLog -Dorg.apache.commons.logging.simplelog.log.org.java.plugin=fatal $DOCK -jar "${DIR}/lib/jpf-boot.jar" "$@"

real	20m1.514s
user	20m1.493s
sys	0m1.175s
==> This was a timeout
802. 2014-12-16 18:46:16: s20_t1.8_a0.2_002.gff
803. 2014-12-16 18:46:24: s20_t1.8_a0.2_003.gff
804. 2014-12-16 18:46:39: s20_t1.8_a0.2_004.gff
805. 2014-12-16 18:48:22: s20_t1.8_a0.2_005.gff
806. 2014-12-16 18:48:44: s20_t1.8_a0.2_006.gff
807. 2014-12-16 18:48:49: s20_t1.8_a0.2_007.gff
808. 2014-12-16 18:58:38: s20_t1.8_a0.2_008.gff
809. 2014-12-16 18:58:43: s20_t1.8_a0.2_009.gff
810. 2014-12-16 18:59:19: s20_t1.8_a0.2_010.gff
811. 2014-12-16 18:59:46: s20_t1.8_a0.2_011.gff
812. 2014-12-16 19:13:04: s20_t1.8_a0.2_012.gff
813. 2014-12-16 19:15:00: s20_t1.8_a0.2_013.gff
814. 2014-12-16 19:15:03: s20_t1.8_a0.2_014.gff
815. 2014-12-16 19:15:08: s20_t1.8_a0.2_015.gff
816. 2014-12-16 19:16:22: s20_t1.8_a0.2_016.gff
817. 2014-12-16 19:16:38: s20_t1.8_a0.2_017.gff
818. 2014-12-16 19:17:28: s20_t1.8_a0.2_018.gff
819. 2014-12-16 19:17:31: s20_t1.8_a0.2_019.gff
820. 2014-12-16 19:17:47: s20_t1.8_a0.2_020.gff
821. 2014-12-16 19:20:52: s20_t1.8_a0.2_021.gff
822. 2014-12-16 19:20:56: s20_t1.8_a0.2_022.gff
823. 2014-12-16 19:21:06: s20_t1.8_a0.2_023.gff
824. 2014-12-16 19:23:16: s20_t1.8_a0.2_024.gff
/scratch/local/181620.1.mpi.q/GOAL/gc: line 24: 28389 CPU time limit exceeded (core dumped) java ${JVMARGS} -Djava.awt.headless=true -DapplicationRoot="${DIR}" -Dorg.java.plugin.boot.pluginsRepositories="${DIR}/plugins" -Djpf.boot.config="${DIR}/boot_cmd.properties" -Dorg.apache.commons.logging.Log=org.apache.commons.logging.impl.SimpleLog -Dorg.apache.commons.logging.simplelog.log.org.java.plugin=fatal $DOCK -jar "${DIR}/lib/jpf-boot.jar" "$@"

real	20m5.446s
user	20m1.483s
sys	0m1.136s
==> This was a timeout
825. 2014-12-16 19:43:21: s20_t1.8_a0.2_025.gff
826. 2014-12-16 19:43:44: s20_t1.8_a0.2_026.gff
827. 2014-12-16 19:44:06: s20_t1.8_a0.2_027.gff
828. 2014-12-16 19:48:32: s20_t1.8_a0.2_028.gff
829. 2014-12-16 19:49:09: s20_t1.8_a0.2_029.gff
830. 2014-12-16 19:49:39: s20_t1.8_a0.2_030.gff
831. 2014-12-16 19:57:12: s20_t1.8_a0.2_031.gff
832. 2014-12-16 19:57:40: s20_t1.8_a0.2_032.gff
833. 2014-12-16 19:57:48: s20_t1.8_a0.2_033.gff
834. 2014-12-16 19:58:11: s20_t1.8_a0.2_034.gff
835. 2014-12-16 19:58:23: s20_t1.8_a0.2_035.gff
836. 2014-12-16 19:58:38: s20_t1.8_a0.2_036.gff
837. 2014-12-16 20:05:30: s20_t1.8_a0.2_037.gff
838. 2014-12-16 20:07:24: s20_t1.8_a0.2_038.gff
/scratch/local/181620.1.mpi.q/GOAL/gc: line 24: 12181 CPU time limit exceeded (core dumped) java ${JVMARGS} -Djava.awt.headless=true -DapplicationRoot="${DIR}" -Dorg.java.plugin.boot.pluginsRepositories="${DIR}/plugins" -Djpf.boot.config="${DIR}/boot_cmd.properties" -Dorg.apache.commons.logging.Log=org.apache.commons.logging.impl.SimpleLog -Dorg.apache.commons.logging.simplelog.log.org.java.plugin=fatal $DOCK -jar "${DIR}/lib/jpf-boot.jar" "$@"

real	20m3.428s
user	20m1.710s
sys	0m0.958s
==> This was a timeout
839. 2014-12-16 20:27:28: s20_t1.8_a0.2_039.gff
840. 2014-12-16 20:27:37: s20_t1.8_a0.2_040.gff
841. 2014-12-16 20:28:15: s20_t1.8_a0.2_041.gff
842. 2014-12-16 20:29:04: s20_t1.8_a0.2_042.gff
843. 2014-12-16 20:29:25: s20_t1.8_a0.2_043.gff
844. 2014-12-16 20:29:46: s20_t1.8_a0.2_044.gff
845. 2014-12-16 20:30:23: s20_t1.8_a0.2_045.gff
846. 2014-12-16 20:31:26: s20_t1.8_a0.2_046.gff
847. 2014-12-16 20:32:00: s20_t1.8_a0.2_047.gff
848. 2014-12-16 20:32:05: s20_t1.8_a0.2_048.gff
849. 2014-12-16 20:33:15: s20_t1.8_a0.2_049.gff
850. 2014-12-16 20:45:05: s20_t1.8_a0.2_050.gff
851. 2014-12-16 20:45:16: s20_t1.8_a0.2_051.gff
852. 2014-12-16 20:45:21: s20_t1.8_a0.2_052.gff
853. 2014-12-16 20:45:48: s20_t1.8_a0.2_053.gff
854. 2014-12-16 20:46:12: s20_t1.8_a0.2_054.gff
855. 2014-12-16 20:46:19: s20_t1.8_a0.2_055.gff
856. 2014-12-16 20:47:12: s20_t1.8_a0.2_056.gff
857. 2014-12-16 20:47:22: s20_t1.8_a0.2_057.gff
858. 2014-12-16 20:47:47: s20_t1.8_a0.2_058.gff
859. 2014-12-16 20:48:08: s20_t1.8_a0.2_059.gff
860. 2014-12-16 20:48:12: s20_t1.8_a0.2_060.gff
861. 2014-12-16 20:49:19: s20_t1.8_a0.2_061.gff
862. 2014-12-16 20:49:33: s20_t1.8_a0.2_062.gff
863. 2014-12-16 20:50:02: s20_t1.8_a0.2_063.gff
864. 2014-12-16 20:50:06: s20_t1.8_a0.2_064.gff
865. 2014-12-16 20:57:16: s20_t1.8_a0.2_065.gff
866. 2014-12-16 20:57:29: s20_t1.8_a0.2_066.gff
/scratch/local/181620.1.mpi.q/GOAL/gc: line 24: 22561 CPU time limit exceeded (core dumped) java ${JVMARGS} -Djava.awt.headless=true -DapplicationRoot="${DIR}" -Dorg.java.plugin.boot.pluginsRepositories="${DIR}/plugins" -Djpf.boot.config="${DIR}/boot_cmd.properties" -Dorg.apache.commons.logging.Log=org.apache.commons.logging.impl.SimpleLog -Dorg.apache.commons.logging.simplelog.log.org.java.plugin=fatal $DOCK -jar "${DIR}/lib/jpf-boot.jar" "$@"

real	20m2.309s
user	20m1.581s
sys	0m1.040s
==> This was a timeout
867. 2014-12-16 21:17:31: s20_t1.8_a0.2_067.gff
868. 2014-12-16 21:19:22: s20_t1.8_a0.2_068.gff
869. 2014-12-16 21:19:25: s20_t1.8_a0.2_069.gff
870. 2014-12-16 21:19:30: s20_t1.8_a0.2_070.gff
871. 2014-12-16 21:19:33: s20_t1.8_a0.2_071.gff
872. 2014-12-16 21:20:00: s20_t1.8_a0.2_072.gff
873. 2014-12-16 21:23:46: s20_t1.8_a0.2_073.gff
874. 2014-12-16 21:23:52: s20_t1.8_a0.2_074.gff
875. 2014-12-16 21:24:00: s20_t1.8_a0.2_075.gff
876. 2014-12-16 21:24:06: s20_t1.8_a0.2_076.gff
877. 2014-12-16 21:24:47: s20_t1.8_a0.2_077.gff
878. 2014-12-16 21:25:08: s20_t1.8_a0.2_078.gff
879. 2014-12-16 21:25:27: s20_t1.8_a0.2_079.gff
880. 2014-12-16 21:25:34: s20_t1.8_a0.2_080.gff
881. 2014-12-16 21:25:38: s20_t1.8_a0.2_081.gff
882. 2014-12-16 21:26:03: s20_t1.8_a0.2_082.gff
883. 2014-12-16 21:26:27: s20_t1.8_a0.2_083.gff
884. 2014-12-16 21:27:33: s20_t1.8_a0.2_084.gff
885. 2014-12-16 21:36:00: s20_t1.8_a0.2_085.gff
886. 2014-12-16 21:36:07: s20_t1.8_a0.2_086.gff
887. 2014-12-16 21:36:17: s20_t1.8_a0.2_087.gff
888. 2014-12-16 21:37:05: s20_t1.8_a0.2_088.gff
889. 2014-12-16 21:37:18: s20_t1.8_a0.2_089.gff
890. 2014-12-16 21:40:36: s20_t1.8_a0.2_090.gff
891. 2014-12-16 21:40:55: s20_t1.8_a0.2_091.gff
892. 2014-12-16 21:41:42: s20_t1.8_a0.2_092.gff
893. 2014-12-16 21:41:51: s20_t1.8_a0.2_093.gff
894. 2014-12-16 21:42:00: s20_t1.8_a0.2_094.gff
895. 2014-12-16 21:42:13: s20_t1.8_a0.2_095.gff
896. 2014-12-16 21:42:33: s20_t1.8_a0.2_096.gff
897. 2014-12-16 21:42:53: s20_t1.8_a0.2_097.gff
898. 2014-12-16 21:45:07: s20_t1.8_a0.2_098.gff
899. 2014-12-16 21:48:05: s20_t1.8_a0.2_099.gff
900. 2014-12-16 21:48:16: s20_t1.8_a0.2_100.gff
901. 2014-12-16 21:48:25: s20_t1.8_a0.3_001.gff
902. 2014-12-16 21:49:04: s20_t1.8_a0.3_002.gff
903. 2014-12-16 21:50:26: s20_t1.8_a0.3_003.gff
904. 2014-12-16 21:50:29: s20_t1.8_a0.3_004.gff
905. 2014-12-16 21:50:47: s20_t1.8_a0.3_005.gff
906. 2014-12-16 21:51:02: s20_t1.8_a0.3_006.gff
907. 2014-12-16 22:05:21: s20_t1.8_a0.3_007.gff
908. 2014-12-16 22:12:48: s20_t1.8_a0.3_008.gff
909. 2014-12-16 22:13:18: s20_t1.8_a0.3_009.gff
910. 2014-12-16 22:13:28: s20_t1.8_a0.3_010.gff
911. 2014-12-16 22:14:04: s20_t1.8_a0.3_011.gff
/scratch/local/181620.1.mpi.q/GOAL/gc: line 24: 22227 CPU time limit exceeded (core dumped) java ${JVMARGS} -Djava.awt.headless=true -DapplicationRoot="${DIR}" -Dorg.java.plugin.boot.pluginsRepositories="${DIR}/plugins" -Djpf.boot.config="${DIR}/boot_cmd.properties" -Dorg.apache.commons.logging.Log=org.apache.commons.logging.impl.SimpleLog -Dorg.apache.commons.logging.simplelog.log.org.java.plugin=fatal $DOCK -jar "${DIR}/lib/jpf-boot.jar" "$@"

real	20m2.224s
user	20m1.609s
sys	0m1.122s
==> This was a timeout
912. 2014-12-16 22:34:06: s20_t1.8_a0.3_012.gff
913. 2014-12-16 22:34:11: s20_t1.8_a0.3_013.gff
914. 2014-12-16 22:34:33: s20_t1.8_a0.3_014.gff
915. 2014-12-16 22:35:28: s20_t1.8_a0.3_015.gff
916. 2014-12-16 22:35:36: s20_t1.8_a0.3_016.gff
917. 2014-12-16 22:36:02: s20_t1.8_a0.3_017.gff
918. 2014-12-16 22:36:18: s20_t1.8_a0.3_018.gff
919. 2014-12-16 22:38:09: s20_t1.8_a0.3_019.gff
920. 2014-12-16 22:40:26: s20_t1.8_a0.3_020.gff
921. 2014-12-16 22:41:04: s20_t1.8_a0.3_021.gff
922. 2014-12-16 22:42:09: s20_t1.8_a0.3_022.gff
923. 2014-12-16 22:42:14: s20_t1.8_a0.3_023.gff
924. 2014-12-16 22:46:03: s20_t1.8_a0.3_024.gff
925. 2014-12-16 22:50:27: s20_t1.8_a0.3_025.gff
926. 2014-12-16 22:50:55: s20_t1.8_a0.3_026.gff
927. 2014-12-16 22:51:35: s20_t1.8_a0.3_027.gff
928. 2014-12-16 23:00:25: s20_t1.8_a0.3_028.gff
929. 2014-12-16 23:08:00: s20_t1.8_a0.3_029.gff
930. 2014-12-16 23:08:12: s20_t1.8_a0.3_030.gff
/scratch/local/181620.1.mpi.q/GOAL/gc: line 24:  1012 CPU time limit exceeded (core dumped) java ${JVMARGS} -Djava.awt.headless=true -DapplicationRoot="${DIR}" -Dorg.java.plugin.boot.pluginsRepositories="${DIR}/plugins" -Djpf.boot.config="${DIR}/boot_cmd.properties" -Dorg.apache.commons.logging.Log=org.apache.commons.logging.impl.SimpleLog -Dorg.apache.commons.logging.simplelog.log.org.java.plugin=fatal $DOCK -jar "${DIR}/lib/jpf-boot.jar" "$@"

real	20m2.182s
user	20m1.559s
sys	0m1.115s
==> This was a timeout
931. 2014-12-16 23:28:14: s20_t1.8_a0.3_031.gff
932. 2014-12-16 23:28:56: s20_t1.8_a0.3_032.gff
933. 2014-12-16 23:30:01: s20_t1.8_a0.3_033.gff
934. 2014-12-16 23:34:10: s20_t1.8_a0.3_034.gff
935. 2014-12-16 23:34:20: s20_t1.8_a0.3_035.gff
936. 2014-12-16 23:34:58: s20_t1.8_a0.3_036.gff
937. 2014-12-16 23:35:17: s20_t1.8_a0.3_037.gff
938. 2014-12-16 23:35:30: s20_t1.8_a0.3_038.gff
939. 2014-12-16 23:35:32: s20_t1.8_a0.3_039.gff
940. 2014-12-16 23:35:43: s20_t1.8_a0.3_040.gff
941. 2014-12-16 23:35:54: s20_t1.8_a0.3_041.gff
942. 2014-12-16 23:36:05: s20_t1.8_a0.3_042.gff
943. 2014-12-16 23:36:46: s20_t1.8_a0.3_043.gff
944. 2014-12-16 23:37:19: s20_t1.8_a0.3_044.gff
945. 2014-12-16 23:37:22: s20_t1.8_a0.3_045.gff
/scratch/local/181620.1.mpi.q/GOAL/gc: line 24: 26402 CPU time limit exceeded (core dumped) java ${JVMARGS} -Djava.awt.headless=true -DapplicationRoot="${DIR}" -Dorg.java.plugin.boot.pluginsRepositories="${DIR}/plugins" -Djpf.boot.config="${DIR}/boot_cmd.properties" -Dorg.apache.commons.logging.Log=org.apache.commons.logging.impl.SimpleLog -Dorg.apache.commons.logging.simplelog.log.org.java.plugin=fatal $DOCK -jar "${DIR}/lib/jpf-boot.jar" "$@"

real	20m4.201s
user	20m1.482s
sys	0m1.112s
==> This was a timeout
946. 2014-12-16 23:57:26: s20_t1.8_a0.3_046.gff
947. 2014-12-16 23:57:35: s20_t1.8_a0.3_047.gff
948. 2014-12-16 23:57:47: s20_t1.8_a0.3_048.gff
949. 2014-12-16 23:58:49: s20_t1.8_a0.3_049.gff
950. 2014-12-16 23:59:20: s20_t1.8_a0.3_050.gff
951. 2014-12-17 00:00:46: s20_t1.8_a0.3_051.gff
952. 2014-12-17 00:05:03: s20_t1.8_a0.3_052.gff
953. 2014-12-17 00:05:19: s20_t1.8_a0.3_053.gff
954. 2014-12-17 00:06:47: s20_t1.8_a0.3_054.gff
955. 2014-12-17 00:07:03: s20_t1.8_a0.3_055.gff
956. 2014-12-17 00:08:10: s20_t1.8_a0.3_056.gff
957. 2014-12-17 00:08:33: s20_t1.8_a0.3_057.gff
958. 2014-12-17 00:08:43: s20_t1.8_a0.3_058.gff
959. 2014-12-17 00:09:01: s20_t1.8_a0.3_059.gff
960. 2014-12-17 00:09:35: s20_t1.8_a0.3_060.gff
961. 2014-12-17 00:10:19: s20_t1.8_a0.3_061.gff
962. 2014-12-17 00:10:29: s20_t1.8_a0.3_062.gff
963. 2014-12-17 00:10:49: s20_t1.8_a0.3_063.gff
964. 2014-12-17 00:12:39: s20_t1.8_a0.3_064.gff
965. 2014-12-17 00:13:21: s20_t1.8_a0.3_065.gff
966. 2014-12-17 00:13:30: s20_t1.8_a0.3_066.gff
967. 2014-12-17 00:13:38: s20_t1.8_a0.3_067.gff
968. 2014-12-17 00:13:40: s20_t1.8_a0.3_068.gff
969. 2014-12-17 00:13:48: s20_t1.8_a0.3_069.gff
/scratch/local/181620.1.mpi.q/GOAL/gc: line 24: 25999 CPU time limit exceeded (core dumped) java ${JVMARGS} -Djava.awt.headless=true -DapplicationRoot="${DIR}" -Dorg.java.plugin.boot.pluginsRepositories="${DIR}/plugins" -Djpf.boot.config="${DIR}/boot_cmd.properties" -Dorg.apache.commons.logging.Log=org.apache.commons.logging.impl.SimpleLog -Dorg.apache.commons.logging.simplelog.log.org.java.plugin=fatal $DOCK -jar "${DIR}/lib/jpf-boot.jar" "$@"

real	20m3.633s
user	20m1.630s
sys	0m1.020s
==> This was a timeout
970. 2014-12-17 00:33:52: s20_t1.8_a0.3_070.gff
971. 2014-12-17 00:34:12: s20_t1.8_a0.3_071.gff
972. 2014-12-17 00:34:45: s20_t1.8_a0.3_072.gff
973. 2014-12-17 00:35:10: s20_t1.8_a0.3_073.gff
974. 2014-12-17 00:35:31: s20_t1.8_a0.3_074.gff
975. 2014-12-17 00:35:37: s20_t1.8_a0.3_075.gff
976. 2014-12-17 00:36:31: s20_t1.8_a0.3_076.gff
977. 2014-12-17 00:54:34: s20_t1.8_a0.3_077.gff
978. 2014-12-17 00:55:00: s20_t1.8_a0.3_078.gff
979. 2014-12-17 00:55:09: s20_t1.8_a0.3_079.gff
980. 2014-12-17 00:55:35: s20_t1.8_a0.3_080.gff
981. 2014-12-17 00:56:29: s20_t1.8_a0.3_081.gff
982. 2014-12-17 00:56:55: s20_t1.8_a0.3_082.gff
983. 2014-12-17 00:56:59: s20_t1.8_a0.3_083.gff
984. 2014-12-17 00:57:01: s20_t1.8_a0.3_084.gff
985. 2014-12-17 00:57:47: s20_t1.8_a0.3_085.gff
986. 2014-12-17 00:58:33: s20_t1.8_a0.3_086.gff
987. 2014-12-17 01:01:57: s20_t1.8_a0.3_087.gff
988. 2014-12-17 01:02:07: s20_t1.8_a0.3_088.gff
989. 2014-12-17 01:03:09: s20_t1.8_a0.3_089.gff
990. 2014-12-17 01:18:56: s20_t1.8_a0.3_090.gff
991. 2014-12-17 01:24:36: s20_t1.8_a0.3_091.gff
992. 2014-12-17 01:24:57: s20_t1.8_a0.3_092.gff
993. 2014-12-17 01:26:01: s20_t1.8_a0.3_093.gff
994. 2014-12-17 01:26:17: s20_t1.8_a0.3_094.gff
995. 2014-12-17 01:26:59: s20_t1.8_a0.3_095.gff
996. 2014-12-17 01:36:11: s20_t1.8_a0.3_096.gff
997. 2014-12-17 01:36:34: s20_t1.8_a0.3_097.gff
998. 2014-12-17 01:36:56: s20_t1.8_a0.3_098.gff
999. 2014-12-17 01:38:52: s20_t1.8_a0.3_099.gff
1000. 2014-12-17 01:39:02: s20_t1.8_a0.3_100.gff
1001. 2014-12-17 01:41:16: s20_t1.8_a0.4_001.gff
1002. 2014-12-17 01:41:21: s20_t1.8_a0.4_002.gff
1003. 2014-12-17 01:41:30: s20_t1.8_a0.4_003.gff
1004. 2014-12-17 01:41:48: s20_t1.8_a0.4_004.gff
1005. 2014-12-17 01:41:58: s20_t1.8_a0.4_005.gff
1006. 2014-12-17 01:42:02: s20_t1.8_a0.4_006.gff
1007. 2014-12-17 01:42:12: s20_t1.8_a0.4_007.gff
1008. 2014-12-17 01:43:03: s20_t1.8_a0.4_008.gff
1009. 2014-12-17 01:43:48: s20_t1.8_a0.4_009.gff
1010. 2014-12-17 01:44:00: s20_t1.8_a0.4_010.gff
1011. 2014-12-17 01:44:28: s20_t1.8_a0.4_011.gff
1012. 2014-12-17 01:44:48: s20_t1.8_a0.4_012.gff
1013. 2014-12-17 01:45:20: s20_t1.8_a0.4_013.gff
1014. 2014-12-17 01:45:27: s20_t1.8_a0.4_014.gff
1015. 2014-12-17 01:45:35: s20_t1.8_a0.4_015.gff
1016. 2014-12-17 01:46:07: s20_t1.8_a0.4_016.gff
1017. 2014-12-17 01:47:10: s20_t1.8_a0.4_017.gff
1018. 2014-12-17 01:47:19: s20_t1.8_a0.4_018.gff
1019. 2014-12-17 01:47:55: s20_t1.8_a0.4_019.gff
1020. 2014-12-17 01:48:00: s20_t1.8_a0.4_020.gff
1021. 2014-12-17 01:48:17: s20_t1.8_a0.4_021.gff
1022. 2014-12-17 01:49:27: s20_t1.8_a0.4_022.gff
1023. 2014-12-17 01:53:08: s20_t1.8_a0.4_023.gff
1024. 2014-12-17 01:54:38: s20_t1.8_a0.4_024.gff
1025. 2014-12-17 01:54:56: s20_t1.8_a0.4_025.gff
1026. 2014-12-17 01:56:46: s20_t1.8_a0.4_026.gff
/scratch/local/181620.1.mpi.q/GOAL/gc: line 24: 18822 CPU time limit exceeded (core dumped) java ${JVMARGS} -Djava.awt.headless=true -DapplicationRoot="${DIR}" -Dorg.java.plugin.boot.pluginsRepositories="${DIR}/plugins" -Djpf.boot.config="${DIR}/boot_cmd.properties" -Dorg.apache.commons.logging.Log=org.apache.commons.logging.impl.SimpleLog -Dorg.apache.commons.logging.simplelog.log.org.java.plugin=fatal $DOCK -jar "${DIR}/lib/jpf-boot.jar" "$@"

real	20m2.894s
user	20m1.534s
sys	0m1.153s
==> This was a timeout
1027. 2014-12-17 02:16:49: s20_t1.8_a0.4_027.gff
1028. 2014-12-17 02:21:53: s20_t1.8_a0.4_028.gff
1029. 2014-12-17 02:22:04: s20_t1.8_a0.4_029.gff
1030. 2014-12-17 02:22:59: s20_t1.8_a0.4_030.gff
1031. 2014-12-17 02:41:23: s20_t1.8_a0.4_031.gff
1032. 2014-12-17 02:41:28: s20_t1.8_a0.4_032.gff
1033. 2014-12-17 02:42:54: s20_t1.8_a0.4_033.gff
1034. 2014-12-17 02:43:22: s20_t1.8_a0.4_034.gff
1035. 2014-12-17 02:43:52: s20_t1.8_a0.4_035.gff
1036. 2014-12-17 02:44:08: s20_t1.8_a0.4_036.gff
1037. 2014-12-17 02:44:22: s20_t1.8_a0.4_037.gff
1038. 2014-12-17 02:53:51: s20_t1.8_a0.4_038.gff
1039. 2014-12-17 02:53:56: s20_t1.8_a0.4_039.gff
1040. 2014-12-17 02:57:03: s20_t1.8_a0.4_040.gff
1041. 2014-12-17 02:57:38: s20_t1.8_a0.4_041.gff
1042. 2014-12-17 03:04:14: s20_t1.8_a0.4_042.gff
1043. 2014-12-17 03:04:35: s20_t1.8_a0.4_043.gff
1044. 2014-12-17 03:04:40: s20_t1.8_a0.4_044.gff
1045. 2014-12-17 03:04:53: s20_t1.8_a0.4_045.gff
1046. 2014-12-17 03:04:56: s20_t1.8_a0.4_046.gff
1047. 2014-12-17 03:09:31: s20_t1.8_a0.4_047.gff
1048. 2014-12-17 03:11:46: s20_t1.8_a0.4_048.gff
1049. 2014-12-17 03:25:55: s20_t1.8_a0.4_049.gff
1050. 2014-12-17 03:26:34: s20_t1.8_a0.4_050.gff
1051. 2014-12-17 03:26:43: s20_t1.8_a0.4_051.gff
1052. 2014-12-17 03:30:02: s20_t1.8_a0.4_052.gff
1053. 2014-12-17 03:30:17: s20_t1.8_a0.4_053.gff
1054. 2014-12-17 03:30:23: s20_t1.8_a0.4_054.gff
1055. 2014-12-17 03:30:52: s20_t1.8_a0.4_055.gff
1056. 2014-12-17 03:30:59: s20_t1.8_a0.4_056.gff
1057. 2014-12-17 03:31:15: s20_t1.8_a0.4_057.gff
1058. 2014-12-17 03:31:28: s20_t1.8_a0.4_058.gff
1059. 2014-12-17 03:31:51: s20_t1.8_a0.4_059.gff
1060. 2014-12-17 03:32:29: s20_t1.8_a0.4_060.gff
1061. 2014-12-17 03:34:00: s20_t1.8_a0.4_061.gff
1062. 2014-12-17 03:34:07: s20_t1.8_a0.4_062.gff
1063. 2014-12-17 03:34:21: s20_t1.8_a0.4_063.gff
1064. 2014-12-17 03:34:27: s20_t1.8_a0.4_064.gff
1065. 2014-12-17 03:35:16: s20_t1.8_a0.4_065.gff
1066. 2014-12-17 03:35:41: s20_t1.8_a0.4_066.gff
1067. 2014-12-17 03:36:54: s20_t1.8_a0.4_067.gff
1068. 2014-12-17 03:38:41: s20_t1.8_a0.4_068.gff
1069. 2014-12-17 03:38:45: s20_t1.8_a0.4_069.gff
1070. 2014-12-17 03:53:15: s20_t1.8_a0.4_070.gff
1071. 2014-12-17 03:53:20: s20_t1.8_a0.4_071.gff
1072. 2014-12-17 03:55:26: s20_t1.8_a0.4_072.gff
1073. 2014-12-17 03:56:01: s20_t1.8_a0.4_073.gff
1074. 2014-12-17 03:57:15: s20_t1.8_a0.4_074.gff
1075. 2014-12-17 03:57:19: s20_t1.8_a0.4_075.gff
1076. 2014-12-17 03:58:29: s20_t1.8_a0.4_076.gff
1077. 2014-12-17 03:58:37: s20_t1.8_a0.4_077.gff
1078. 2014-12-17 04:00:12: s20_t1.8_a0.4_078.gff
1079. 2014-12-17 04:00:17: s20_t1.8_a0.4_079.gff
1080. 2014-12-17 04:00:23: s20_t1.8_a0.4_080.gff
1081. 2014-12-17 04:00:47: s20_t1.8_a0.4_081.gff
1082. 2014-12-17 04:03:12: s20_t1.8_a0.4_082.gff
1083. 2014-12-17 04:04:30: s20_t1.8_a0.4_083.gff
1084. 2014-12-17 04:04:44: s20_t1.8_a0.4_084.gff
1085. 2014-12-17 04:06:16: s20_t1.8_a0.4_085.gff
1086. 2014-12-17 04:07:36: s20_t1.8_a0.4_086.gff
1087. 2014-12-17 04:09:55: s20_t1.8_a0.4_087.gff
1088. 2014-12-17 04:09:56: s20_t1.8_a0.4_088.gff
1089. 2014-12-17 04:10:12: s20_t1.8_a0.4_089.gff
1090. 2014-12-17 04:10:25: s20_t1.8_a0.4_090.gff
1091. 2014-12-17 04:11:12: s20_t1.8_a0.4_091.gff
1092. 2014-12-17 04:11:28: s20_t1.8_a0.4_092.gff
/scratch/local/181620.1.mpi.q/GOAL/gc: line 24: 11495 CPU time limit exceeded (core dumped) java ${JVMARGS} -Djava.awt.headless=true -DapplicationRoot="${DIR}" -Dorg.java.plugin.boot.pluginsRepositories="${DIR}/plugins" -Djpf.boot.config="${DIR}/boot_cmd.properties" -Dorg.apache.commons.logging.Log=org.apache.commons.logging.impl.SimpleLog -Dorg.apache.commons.logging.simplelog.log.org.java.plugin=fatal $DOCK -jar "${DIR}/lib/jpf-boot.jar" "$@"

real	20m2.977s
user	20m1.682s
sys	0m1.043s
==> This was a timeout
1093. 2014-12-17 04:31:31: s20_t1.8_a0.4_093.gff
1094. 2014-12-17 04:32:22: s20_t1.8_a0.4_094.gff
1095. 2014-12-17 04:32:28: s20_t1.8_a0.4_095.gff
1096. 2014-12-17 04:32:45: s20_t1.8_a0.4_096.gff
1097. 2014-12-17 04:32:59: s20_t1.8_a0.4_097.gff
1098. 2014-12-17 04:33:04: s20_t1.8_a0.4_098.gff
1099. 2014-12-17 04:33:31: s20_t1.8_a0.4_099.gff
1100. 2014-12-17 04:36:55: s20_t1.8_a0.4_100.gff
End: 2014-12-17 04:37:06 (1418787426)
Duration (wallclock): 36h 43min 40sec
                      132220sec
