# Starting date:             2014-12-15 13:49:55
# Cluster job name:          rank.tr.ro.15_03_of_10
# Cluster job ID:            181155
# Cluster node:              hnode30
# Cluster queue:             mpi.q
# Complementation algorithm: rank -tr -ro
# Data:                      15.03_of_10.tar.gz
# Memory limit (Java heap):  1G
# Timeout (CPU time):        600s
states	t_out	m_out	real_t	tcpu_t	ucpu_t	scpu_t	dt	da	file
NA	Y	N	597.518	601.680	600.621	1.059	1.4	0.3	s15_t1.4_a0.3_001.gff
7750	N	N	10.970	17.631	17.273	0.358	1.4	0.3	s15_t1.4_a0.3_002.gff
NA	Y	N	372.751	601.951	600.455	1.496	1.4	0.3	s15_t1.4_a0.3_003.gff
14409	N	N	15.779	23.980	23.527	0.453	1.4	0.3	s15_t1.4_a0.3_004.gff
38755	N	N	40.822	52.603	51.965	0.638	1.4	0.3	s15_t1.4_a0.3_005.gff
90404	N	N	259.314	306.003	304.719	1.284	1.4	0.3	s15_t1.4_a0.3_006.gff
NA	Y	N	528.268	601.723	600.516	1.207	1.4	0.3	s15_t1.4_a0.3_007.gff
62734	N	N	91.329	118.251	117.354	0.897	1.4	0.3	s15_t1.4_a0.3_008.gff
14991	N	N	19.418	28.568	28.091	0.477	1.4	0.3	s15_t1.4_a0.3_009.gff
NA	Y	N	568.919	601.693	600.327	1.366	1.4	0.3	s15_t1.4_a0.3_010.gff
NA	Y	N	599.273	601.656	600.607	1.049	1.4	0.3	s15_t1.4_a0.3_011.gff
NA	Y	N	572.587	601.461	599.983	1.478	1.4	0.3	s15_t1.4_a0.3_012.gff
16489	N	N	28.444	38.344	37.813	0.531	1.4	0.3	s15_t1.4_a0.3_013.gff
NA	Y	N	459.716	602.236	599.871	2.365	1.4	0.3	s15_t1.4_a0.3_014.gff
NA	Y	N	331.567	602.873	601.311	1.562	1.4	0.3	s15_t1.4_a0.3_015.gff
NA	Y	N	600.623	601.496	600.645	0.851	1.4	0.3	s15_t1.4_a0.3_016.gff
2089	N	N	3.845	6.776	6.500	0.276	1.4	0.3	s15_t1.4_a0.3_017.gff
66684	N	N	89.240	122.839	121.840	0.999	1.4	0.3	s15_t1.4_a0.3_018.gff
NA	Y	N	580.873	601.816	600.064	1.752	1.4	0.3	s15_t1.4_a0.3_019.gff
NA	Y	N	584.955	601.858	600.525	1.333	1.4	0.3	s15_t1.4_a0.3_020.gff
NA	Y	N	425.693	602.283	600.863	1.420	1.4	0.3	s15_t1.4_a0.3_021.gff
4579	N	N	7.676	12.155	11.786	0.369	1.4	0.3	s15_t1.4_a0.3_022.gff
NA	Y	N	591.646	601.668	600.841	0.827	1.4	0.3	s15_t1.4_a0.3_023.gff
18	N	N	1.440	2.519	2.385	0.134	1.4	0.3	s15_t1.4_a0.3_024.gff
NA	N	Y	131.123	174.874	173.065	1.809	1.4	0.3	s15_t1.4_a0.3_025.gff
14613	N	N	15.224	22.982	22.562	0.420	1.4	0.3	s15_t1.4_a0.3_026.gff
NA	Y	N	550.920	601.680	600.440	1.240	1.4	0.3	s15_t1.4_a0.3_027.gff
NA	Y	N	579.653	601.920	600.340	1.580	1.4	0.3	s15_t1.4_a0.3_028.gff
12462	N	N	14.685	23.180	22.755	0.425	1.4	0.3	s15_t1.4_a0.3_029.gff
6621	N	N	10.362	16.452	16.082	0.370	1.4	0.3	s15_t1.4_a0.3_030.gff
NA	Y	N	433.126	602.227	600.857	1.370	1.4	0.3	s15_t1.4_a0.3_031.gff
1858	N	N	3.507	6.137	5.910	0.227	1.4	0.3	s15_t1.4_a0.3_032.gff
NA	Y	N	586.088	601.863	600.332	1.531	1.4	0.3	s15_t1.4_a0.3_033.gff
NA	Y	N	579.003	601.980	600.564	1.416	1.4	0.3	s15_t1.4_a0.3_034.gff
NA	Y	N	580.799	601.793	600.580	1.213	1.4	0.3	s15_t1.4_a0.3_035.gff
NA	Y	N	549.516	602.018	600.798	1.220	1.4	0.3	s15_t1.4_a0.3_036.gff
NA	Y	N	457.857	602.152	600.853	1.299	1.4	0.3	s15_t1.4_a0.3_037.gff
NA	Y	N	341.828	602.294	600.856	1.438	1.4	0.3	s15_t1.4_a0.3_038.gff
24251	N	N	21.516	28.501	28.020	0.481	1.4	0.3	s15_t1.4_a0.3_039.gff
NA	Y	N	565.014	601.827	600.377	1.450	1.4	0.3	s15_t1.4_a0.3_040.gff
NA	Y	N	564.534	601.750	600.618	1.132	1.4	0.3	s15_t1.4_a0.3_041.gff
NA	Y	N	322.192	602.171	600.861	1.310	1.4	0.3	s15_t1.4_a0.3_042.gff
NA	Y	N	331.525	602.045	600.700	1.345	1.4	0.3	s15_t1.4_a0.3_043.gff
5882	N	N	6.204	10.554	10.261	0.293	1.4	0.3	s15_t1.4_a0.3_044.gff
2420	N	N	5.282	6.767	6.461	0.306	1.4	0.3	s15_t1.4_a0.3_045.gff
NA	Y	N	421.950	602.064	600.760	1.304	1.4	0.3	s15_t1.4_a0.3_046.gff
NA	Y	N	572.279	601.818	600.525	1.293	1.4	0.3	s15_t1.4_a0.3_047.gff
14052	N	N	16.441	23.157	22.701	0.456	1.4	0.3	s15_t1.4_a0.3_048.gff
NA	Y	N	442.650	602.387	600.823	1.564	1.4	0.3	s15_t1.4_a0.3_049.gff
NA	Y	N	512.667	601.926	600.132	1.794	1.4	0.3	s15_t1.4_a0.3_050.gff
NA	Y	N	588.824	601.892	600.681	1.211	1.4	0.3	s15_t1.4_a0.3_051.gff
NA	Y	N	460.208	602.004	600.721	1.283	1.4	0.3	s15_t1.4_a0.3_052.gff
10870	N	N	9.228	15.845	15.462	0.383	1.4	0.3	s15_t1.4_a0.3_053.gff
NA	Y	N	428.916	601.866	598.927	2.939	1.4	0.3	s15_t1.4_a0.3_054.gff
NA	Y	N	545.039	601.710	600.146	1.564	1.4	0.3	s15_t1.4_a0.3_055.gff
27749	N	N	41.110	51.894	51.225	0.669	1.4	0.3	s15_t1.4_a0.3_056.gff
16723	N	N	23.695	32.776	32.256	0.520	1.4	0.3	s15_t1.4_a0.3_057.gff
116896	N	N	231.205	270.702	269.672	1.030	1.4	0.3	s15_t1.4_a0.3_058.gff
42413	N	N	67.281	82.535	81.777	0.758	1.4	0.3	s15_t1.4_a0.3_059.gff
20771	N	N	33.996	43.633	43.023	0.610	1.4	0.3	s15_t1.4_a0.3_060.gff
6088	N	N	7.962	13.219	12.868	0.351	1.4	0.3	s15_t1.4_a0.3_061.gff
NA	Y	N	360.098	602.315	600.951	1.364	1.4	0.3	s15_t1.4_a0.3_062.gff
32653	N	N	67.392	86.068	85.194	0.874	1.4	0.3	s15_t1.4_a0.3_063.gff
NA	Y	N	594.935	602.039	600.862	1.177	1.4	0.3	s15_t1.4_a0.3_064.gff
NA	Y	N	286.827	602.306	601.005	1.301	1.4	0.3	s15_t1.4_a0.3_065.gff
7266	N	N	13.654	22.558	22.144	0.414	1.4	0.3	s15_t1.4_a0.3_066.gff
16344	N	N	25.490	34.796	34.281	0.515	1.4	0.3	s15_t1.4_a0.3_067.gff
NA	Y	N	585.924	602.131	600.859	1.272	1.4	0.3	s15_t1.4_a0.3_068.gff
NA	Y	N	594.493	602.235	601.148	1.087	1.4	0.3	s15_t1.4_a0.3_069.gff
NA	Y	N	564.712	601.875	599.475	2.400	1.4	0.3	s15_t1.4_a0.3_070.gff
30092	N	N	45.629	56.487	55.829	0.658	1.4	0.3	s15_t1.4_a0.3_071.gff
NA	Y	N	592.216	601.997	600.864	1.133	1.4	0.3	s15_t1.4_a0.3_072.gff
6356	N	N	8.743	15.015	14.626	0.389	1.4	0.3	s15_t1.4_a0.3_073.gff
NA	Y	N	541.779	601.815	600.626	1.189	1.4	0.3	s15_t1.4_a0.3_074.gff
NA	Y	N	422.328	601.906	600.641	1.265	1.4	0.3	s15_t1.4_a0.3_075.gff
NA	N	Y	148.803	196.568	194.658	1.910	1.4	0.3	s15_t1.4_a0.3_076.gff
14125	N	N	24.285	31.629	31.162	0.467	1.4	0.3	s15_t1.4_a0.3_077.gff
NA	Y	N	545.127	601.874	598.667	3.207	1.4	0.3	s15_t1.4_a0.3_078.gff
25047	N	N	29.699	38.046	37.501	0.545	1.4	0.3	s15_t1.4_a0.3_079.gff
15362	N	N	14.072	21.330	20.938	0.392	1.4	0.3	s15_t1.4_a0.3_080.gff
30120	N	N	24.348	33.636	33.094	0.542	1.4	0.3	s15_t1.4_a0.3_081.gff
NA	Y	N	362.496	602.122	600.730	1.392	1.4	0.3	s15_t1.4_a0.3_082.gff
21099	N	N	34.042	44.207	43.569	0.638	1.4	0.3	s15_t1.4_a0.3_083.gff
63750	N	N	76.080	95.619	94.748	0.871	1.4	0.3	s15_t1.4_a0.3_084.gff
10308	N	N	15.092	21.989	21.555	0.434	1.4	0.3	s15_t1.4_a0.3_085.gff
17179	N	N	28.643	36.532	36.014	0.518	1.4	0.3	s15_t1.4_a0.3_086.gff
NA	Y	N	485.792	602.012	600.525	1.487	1.4	0.3	s15_t1.4_a0.3_087.gff
NA	Y	N	406.600	602.057	600.686	1.371	1.4	0.3	s15_t1.4_a0.3_088.gff
NA	Y	N	550.270	601.912	600.623	1.289	1.4	0.3	s15_t1.4_a0.3_089.gff
17462	N	N	42.132	54.993	54.374	0.619	1.4	0.3	s15_t1.4_a0.3_090.gff
89	N	N	1.616	2.668	2.520	0.148	1.4	0.3	s15_t1.4_a0.3_091.gff
NA	Y	N	335.597	602.134	600.745	1.389	1.4	0.3	s15_t1.4_a0.3_092.gff
NA	Y	N	313.595	602.719	600.543	2.176	1.4	0.3	s15_t1.4_a0.3_093.gff
NA	Y	N	476.101	601.993	600.693	1.300	1.4	0.3	s15_t1.4_a0.3_094.gff
3957	N	N	4.909	8.265	8.008	0.257	1.4	0.3	s15_t1.4_a0.3_095.gff
3772	N	N	4.445	8.726	8.464	0.262	1.4	0.3	s15_t1.4_a0.3_096.gff
NA	Y	N	552.299	601.828	600.267	1.561	1.4	0.3	s15_t1.4_a0.3_097.gff
NA	Y	N	325.522	602.029	599.618	2.411	1.4	0.3	s15_t1.4_a0.3_098.gff
20329	N	N	26.152	33.851	33.330	0.521	1.4	0.3	s15_t1.4_a0.3_099.gff
3407	N	N	6.228	10.431	10.119	0.312	1.4	0.3	s15_t1.4_a0.3_100.gff
NA	Y	N	547.008	601.740	600.408	1.332	1.4	0.4	s15_t1.4_a0.4_001.gff
10055	N	N	10.582	16.614	16.202	0.412	1.4	0.4	s15_t1.4_a0.4_002.gff
NA	N	Y	195.482	517.721	515.575	2.146	1.4	0.4	s15_t1.4_a0.4_003.gff
NA	Y	N	433.742	601.934	600.656	1.278	1.4	0.4	s15_t1.4_a0.4_004.gff
27655	N	N	51.916	62.490	61.784	0.706	1.4	0.4	s15_t1.4_a0.4_005.gff
10151	N	N	13.836	21.453	21.070	0.383	1.4	0.4	s15_t1.4_a0.4_006.gff
26502	N	N	22.961	29.904	29.467	0.437	1.4	0.4	s15_t1.4_a0.4_007.gff
NA	Y	N	324.133	601.805	600.465	1.340	1.4	0.4	s15_t1.4_a0.4_008.gff
NA	Y	N	594.713	602.041	600.741	1.300	1.4	0.4	s15_t1.4_a0.4_009.gff
55995	N	N	112.071	139.305	138.384	0.921	1.4	0.4	s15_t1.4_a0.4_010.gff
25050	N	N	40.281	50.965	50.303	0.662	1.4	0.4	s15_t1.4_a0.4_011.gff
894	N	N	2.600	4.966	4.702	0.264	1.4	0.4	s15_t1.4_a0.4_012.gff
54124	N	N	120.382	156.137	155.141	0.996	1.4	0.4	s15_t1.4_a0.4_013.gff
NA	Y	N	225.548	602.444	600.984	1.460	1.4	0.4	s15_t1.4_a0.4_014.gff
28385	N	N	46.657	55.870	55.196	0.674	1.4	0.4	s15_t1.4_a0.4_015.gff
NA	Y	N	296.855	601.975	600.595	1.380	1.4	0.4	s15_t1.4_a0.4_016.gff
NA	Y	N	559.958	601.943	600.616	1.327	1.4	0.4	s15_t1.4_a0.4_017.gff
5632	N	N	8.428	14.715	14.387	0.328	1.4	0.4	s15_t1.4_a0.4_018.gff
NA	Y	N	500.230	601.865	600.559	1.306	1.4	0.4	s15_t1.4_a0.4_019.gff
1395	N	N	3.493	6.720	6.445	0.275	1.4	0.4	s15_t1.4_a0.4_020.gff
47239	N	N	99.690	131.128	130.154	0.974	1.4	0.4	s15_t1.4_a0.4_021.gff
NA	Y	N	440.244	601.886	600.617	1.269	1.4	0.4	s15_t1.4_a0.4_022.gff
223	N	N	1.771	3.480	3.308	0.172	1.4	0.4	s15_t1.4_a0.4_023.gff
27164	N	N	39.126	49.842	49.212	0.630	1.4	0.4	s15_t1.4_a0.4_024.gff
66958	N	N	118.393	145.400	144.492	0.908	1.4	0.4	s15_t1.4_a0.4_025.gff
NA	Y	N	333.779	602.606	600.765	1.841	1.4	0.4	s15_t1.4_a0.4_026.gff
NA	Y	N	299.384	602.026	600.637	1.389	1.4	0.4	s15_t1.4_a0.4_027.gff
NA	N	Y	187.784	548.457	547.224	1.233	1.4	0.4	s15_t1.4_a0.4_028.gff
25557	N	N	32.198	42.178	41.541	0.637	1.4	0.4	s15_t1.4_a0.4_029.gff
NA	Y	N	472.434	601.793	600.443	1.350	1.4	0.4	s15_t1.4_a0.4_030.gff
2282	N	N	3.514	6.470	6.191	0.279	1.4	0.4	s15_t1.4_a0.4_031.gff
1490	N	N	3.478	7.074	6.785	0.289	1.4	0.4	s15_t1.4_a0.4_032.gff
42815	N	N	76.622	97.203	96.296	0.907	1.4	0.4	s15_t1.4_a0.4_033.gff
5960	N	N	7.633	12.113	11.750	0.363	1.4	0.4	s15_t1.4_a0.4_034.gff
NA	Y	N	225.112	603.130	601.535	1.595	1.4	0.4	s15_t1.4_a0.4_035.gff
12321	N	N	18.082	25.793	25.348	0.445	1.4	0.4	s15_t1.4_a0.4_036.gff
27870	N	N	25.420	34.971	34.378	0.593	1.4	0.4	s15_t1.4_a0.4_037.gff
22088	N	N	23.169	31.356	30.794	0.562	1.4	0.4	s15_t1.4_a0.4_038.gff
25341	N	N	56.861	67.597	66.880	0.717	1.4	0.4	s15_t1.4_a0.4_039.gff
24311	N	N	34.438	44.599	44.004	0.595	1.4	0.4	s15_t1.4_a0.4_040.gff
645	N	N	2.790	5.073	4.821	0.252	1.4	0.4	s15_t1.4_a0.4_041.gff
NA	Y	N	600.773	601.503	600.765	0.738	1.4	0.4	s15_t1.4_a0.4_042.gff
91931	N	N	146.944	188.082	186.931	1.151	1.4	0.4	s15_t1.4_a0.4_043.gff
NA	N	Y	195.990	240.352	239.371	0.981	1.4	0.4	s15_t1.4_a0.4_044.gff
7599	N	N	8.221	14.239	13.835	0.404	1.4	0.4	s15_t1.4_a0.4_045.gff
NA	Y	N	444.362	601.872	600.557	1.315	1.4	0.4	s15_t1.4_a0.4_046.gff
NA	Y	N	547.653	601.900	600.629	1.271	1.4	0.4	s15_t1.4_a0.4_047.gff
NA	Y	N	376.935	602.126	600.833	1.293	1.4	0.4	s15_t1.4_a0.4_048.gff
35696	N	N	95.642	118.747	117.794	0.953	1.4	0.4	s15_t1.4_a0.4_049.gff
NA	Y	N	402.904	602.217	600.809	1.408	1.4	0.4	s15_t1.4_a0.4_050.gff
NA	Y	N	448.832	602.225	600.754	1.471	1.4	0.4	s15_t1.4_a0.4_051.gff
3054	N	N	4.747	8.681	8.413	0.268	1.4	0.4	s15_t1.4_a0.4_052.gff
NA	Y	N	298.397	602.354	600.987	1.367	1.4	0.4	s15_t1.4_a0.4_053.gff
NA	N	Y	197.736	350.170	347.277	2.893	1.4	0.4	s15_t1.4_a0.4_054.gff
NA	Y	N	284.158	602.487	600.923	1.564	1.4	0.4	s15_t1.4_a0.4_055.gff
61100	N	N	130.777	161.182	160.188	0.994	1.4	0.4	s15_t1.4_a0.4_056.gff
40854	N	N	38.001	48.352	47.787	0.565	1.4	0.4	s15_t1.4_a0.4_057.gff
60002	N	N	96.556	131.941	130.147	1.794	1.4	0.4	s15_t1.4_a0.4_058.gff
4323	N	N	9.533	16.191	15.788	0.403	1.4	0.4	s15_t1.4_a0.4_059.gff
8649	N	N	9.253	16.042	15.680	0.362	1.4	0.4	s15_t1.4_a0.4_060.gff
9425	N	N	10.948	17.926	17.563	0.363	1.4	0.4	s15_t1.4_a0.4_061.gff
4431	N	N	5.448	9.339	9.037	0.302	1.4	0.4	s15_t1.4_a0.4_062.gff
NA	Y	N	543.905	601.798	600.544	1.254	1.4	0.4	s15_t1.4_a0.4_063.gff
31463	N	N	61.533	77.068	76.167	0.901	1.4	0.4	s15_t1.4_a0.4_064.gff
48300	N	N	70.501	94.380	93.464	0.916	1.4	0.4	s15_t1.4_a0.4_065.gff
NA	Y	N	390.400	602.372	600.429	1.943	1.4	0.4	s15_t1.4_a0.4_066.gff
NA	N	Y	206.724	253.782	252.440	1.342	1.4	0.4	s15_t1.4_a0.4_067.gff
493	N	N	2.152	4.084	3.877	0.207	1.4	0.4	s15_t1.4_a0.4_068.gff
42275	N	N	70.676	88.496	87.565	0.931	1.4	0.4	s15_t1.4_a0.4_069.gff
6638	N	N	6.638	10.581	10.243	0.338	1.4	0.4	s15_t1.4_a0.4_070.gff
NA	Y	N	491.707	602.135	600.926	1.209	1.4	0.4	s15_t1.4_a0.4_071.gff
NA	Y	N	513.419	602.008	600.715	1.293	1.4	0.4	s15_t1.4_a0.4_072.gff
NA	Y	N	302.648	602.373	600.806	1.567	1.4	0.4	s15_t1.4_a0.4_073.gff
11436	N	N	16.726	23.525	23.101	0.424	1.4	0.4	s15_t1.4_a0.4_074.gff
NA	Y	N	332.151	602.421	600.960	1.461	1.4	0.4	s15_t1.4_a0.4_075.gff
21784	N	N	30.326	40.634	40.069	0.565	1.4	0.4	s15_t1.4_a0.4_076.gff
1774	N	N	3.475	6.549	6.282	0.267	1.4	0.4	s15_t1.4_a0.4_077.gff
37679	N	N	65.426	81.199	80.308	0.891	1.4	0.4	s15_t1.4_a0.4_078.gff
NA	Y	N	453.622	602.070	600.553	1.517	1.4	0.4	s15_t1.4_a0.4_079.gff
37272	N	N	43.387	55.952	55.199	0.753	1.4	0.4	s15_t1.4_a0.4_080.gff
57974	N	N	80.794	106.957	106.044	0.913	1.4	0.4	s15_t1.4_a0.4_081.gff
NA	Y	N	345.538	602.093	600.676	1.417	1.4	0.4	s15_t1.4_a0.4_082.gff
NA	Y	N	596.698	601.983	600.879	1.104	1.4	0.4	s15_t1.4_a0.4_083.gff
47673	N	N	50.869	62.993	62.294	0.699	1.4	0.4	s15_t1.4_a0.4_084.gff
13805	N	N	13.108	22.293	21.891	0.402	1.4	0.4	s15_t1.4_a0.4_085.gff
60224	N	N	123.360	160.820	159.069	1.751	1.4	0.4	s15_t1.4_a0.4_086.gff
49542	N	N	86.021	105.682	104.771	0.911	1.4	0.4	s15_t1.4_a0.4_087.gff
45389	N	N	70.088	89.028	88.085	0.943	1.4	0.4	s15_t1.4_a0.4_088.gff
7846	N	N	8.398	14.297	13.912	0.385	1.4	0.4	s15_t1.4_a0.4_089.gff
NA	Y	N	278.114	602.309	600.917	1.392	1.4	0.4	s15_t1.4_a0.4_090.gff
1197	N	N	4.194	5.812	5.521	0.291	1.4	0.4	s15_t1.4_a0.4_091.gff
10529	N	N	10.667	17.827	17.454	0.373	1.4	0.4	s15_t1.4_a0.4_092.gff
39265	N	N	40.564	49.331	48.713	0.618	1.4	0.4	s15_t1.4_a0.4_093.gff
5879	N	N	8.378	14.804	14.455	0.349	1.4	0.4	s15_t1.4_a0.4_094.gff
32991	N	N	29.074	40.829	40.191	0.638	1.4	0.4	s15_t1.4_a0.4_095.gff
50647	N	N	90.653	119.438	118.533	0.905	1.4	0.4	s15_t1.4_a0.4_096.gff
42022	N	N	86.411	115.343	114.350	0.993	1.4	0.4	s15_t1.4_a0.4_097.gff
5614	N	N	8.298	14.980	14.614	0.366	1.4	0.4	s15_t1.4_a0.4_098.gff
9958	N	N	14.525	22.207	21.781	0.426	1.4	0.4	s15_t1.4_a0.4_099.gff
18873	N	N	30.923	40.903	40.385	0.518	1.4	0.4	s15_t1.4_a0.4_100.gff
4252	N	N	6.440	10.514	10.216	0.298	1.4	0.5	s15_t1.4_a0.5_001.gff
17272	N	N	20.840	30.349	29.901	0.448	1.4	0.5	s15_t1.4_a0.5_002.gff
1157	N	N	3.090	5.884	5.588	0.296	1.4	0.5	s15_t1.4_a0.5_003.gff
33984	N	N	34.163	44.961	44.357	0.604	1.4	0.5	s15_t1.4_a0.5_004.gff
8442	N	N	8.603	14.834	14.460	0.374	1.4	0.5	s15_t1.4_a0.5_005.gff
1330	N	N	3.716	6.560	6.312	0.248	1.4	0.5	s15_t1.4_a0.5_006.gff
35	N	N	1.363	2.477	2.324	0.153	1.4	0.5	s15_t1.4_a0.5_007.gff
25386	N	N	38.440	51.345	50.622	0.723	1.4	0.5	s15_t1.4_a0.5_008.gff
7852	N	N	13.254	19.906	19.546	0.360	1.4	0.5	s15_t1.4_a0.5_009.gff
1716	N	N	3.909	6.827	6.581	0.246	1.4	0.5	s15_t1.4_a0.5_010.gff
4930	N	N	10.510	16.807	16.460	0.347	1.4	0.5	s15_t1.4_a0.5_011.gff
157	N	N	1.674	2.982	2.838	0.144	1.4	0.5	s15_t1.4_a0.5_012.gff
435	N	N	1.966	3.981	3.781	0.200	1.4	0.5	s15_t1.4_a0.5_013.gff
888	N	N	2.605	5.037	4.785	0.252	1.4	0.5	s15_t1.4_a0.5_014.gff
231	N	N	1.990	3.832	3.657	0.175	1.4	0.5	s15_t1.4_a0.5_015.gff
4611	N	N	5.675	10.260	9.952	0.308	1.4	0.5	s15_t1.4_a0.5_016.gff
16716	N	N	37.364	48.416	47.803	0.613	1.4	0.5	s15_t1.4_a0.5_017.gff
655	N	N	2.407	4.776	4.538	0.238	1.4	0.5	s15_t1.4_a0.5_018.gff
3982	N	N	6.617	10.943	10.613	0.330	1.4	0.5	s15_t1.4_a0.5_019.gff
5388	N	N	8.303	14.255	13.897	0.358	1.4	0.5	s15_t1.4_a0.5_020.gff
292	N	N	2.036	3.997	3.791	0.206	1.4	0.5	s15_t1.4_a0.5_021.gff
7774	N	N	8.732	14.977	14.570	0.407	1.4	0.5	s15_t1.4_a0.5_022.gff
2234	N	N	4.585	7.525	7.255	0.270	1.4	0.5	s15_t1.4_a0.5_023.gff
15402	N	N	23.322	34.133	33.603	0.530	1.4	0.5	s15_t1.4_a0.5_024.gff
34326	N	N	68.316	85.065	84.231	0.834	1.4	0.5	s15_t1.4_a0.5_025.gff
43716	N	N	70.101	87.942	87.062	0.880	1.4	0.5	s15_t1.4_a0.5_026.gff
7144	N	N	6.451	10.853	10.541	0.312	1.4	0.5	s15_t1.4_a0.5_027.gff
6891	N	N	7.345	12.946	12.589	0.357	1.4	0.5	s15_t1.4_a0.5_028.gff
1421	N	N	3.216	5.788	5.525	0.263	1.4	0.5	s15_t1.4_a0.5_029.gff
4187	N	N	6.556	10.512	10.181	0.331	1.4	0.5	s15_t1.4_a0.5_030.gff
11705	N	N	19.876	29.031	28.552	0.479	1.4	0.5	s15_t1.4_a0.5_031.gff
1880	N	N	5.657	10.180	9.898	0.282	1.4	0.5	s15_t1.4_a0.5_032.gff
815	N	N	2.304	4.683	4.421	0.262	1.4	0.5	s15_t1.4_a0.5_033.gff
6973	N	N	9.676	16.099	15.720	0.379	1.4	0.5	s15_t1.4_a0.5_034.gff
12715	N	N	12.875	19.963	19.581	0.382	1.4	0.5	s15_t1.4_a0.5_035.gff
1442	N	N	2.983	5.555	5.307	0.248	1.4	0.5	s15_t1.4_a0.5_036.gff
6653	N	N	6.676	11.145	10.819	0.326	1.4	0.5	s15_t1.4_a0.5_037.gff
4453	N	N	5.013	9.674	9.376	0.298	1.4	0.5	s15_t1.4_a0.5_038.gff
458	N	N	2.215	4.560	4.328	0.232	1.4	0.5	s15_t1.4_a0.5_039.gff
12676	N	N	14.728	22.577	22.164	0.413	1.4	0.5	s15_t1.4_a0.5_040.gff
1165	N	N	2.786	5.328	5.068	0.260	1.4	0.5	s15_t1.4_a0.5_041.gff
23562	N	N	27.170	38.123	37.576	0.547	1.4	0.5	s15_t1.4_a0.5_042.gff
34748	N	N	77.370	94.250	93.356	0.894	1.4	0.5	s15_t1.4_a0.5_043.gff
2282	N	N	3.604	6.307	6.048	0.259	1.4	0.5	s15_t1.4_a0.5_044.gff
5719	N	N	14.953	23.684	23.289	0.395	1.4	0.5	s15_t1.4_a0.5_045.gff
5198	N	N	6.527	12.009	11.650	0.359	1.4	0.5	s15_t1.4_a0.5_046.gff
898	N	N	2.607	4.874	4.668	0.206	1.4	0.5	s15_t1.4_a0.5_047.gff
593	N	N	2.091	4.312	4.119	0.193	1.4	0.5	s15_t1.4_a0.5_048.gff
641	N	N	2.389	4.851	4.616	0.235	1.4	0.5	s15_t1.4_a0.5_049.gff
15694	N	N	16.933	24.162	23.757	0.405	1.4	0.5	s15_t1.4_a0.5_050.gff
23502	N	N	27.398	36.221	35.669	0.552	1.4	0.5	s15_t1.4_a0.5_051.gff
6246	N	N	9.802	15.996	15.610	0.386	1.4	0.5	s15_t1.4_a0.5_052.gff
141	N	N	1.606	2.878	2.711	0.167	1.4	0.5	s15_t1.4_a0.5_053.gff
2954	N	N	4.889	9.014	8.718	0.296	1.4	0.5	s15_t1.4_a0.5_054.gff
17956	N	N	16.136	23.788	23.375	0.413	1.4	0.5	s15_t1.4_a0.5_055.gff
1675	N	N	4.256	8.116	7.843	0.273	1.4	0.5	s15_t1.4_a0.5_056.gff
27579	N	N	32.858	42.270	41.735	0.535	1.4	0.5	s15_t1.4_a0.5_057.gff
6503	N	N	8.774	14.972	14.619	0.353	1.4	0.5	s15_t1.4_a0.5_058.gff
4035	N	N	5.681	9.720	9.423	0.297	1.4	0.5	s15_t1.4_a0.5_059.gff
2547	N	N	4.495	8.751	8.473	0.278	1.4	0.5	s15_t1.4_a0.5_060.gff
12622	N	N	13.482	20.515	20.136	0.379	1.4	0.5	s15_t1.4_a0.5_061.gff
39643	N	N	85.401	106.499	105.625	0.874	1.4	0.5	s15_t1.4_a0.5_062.gff
3167	N	N	5.488	9.729	9.431	0.298	1.4	0.5	s15_t1.4_a0.5_063.gff
1485	N	N	3.352	6.316	6.074	0.242	1.4	0.5	s15_t1.4_a0.5_064.gff
4970	N	N	12.090	18.468	18.121	0.347	1.4	0.5	s15_t1.4_a0.5_065.gff
2752	N	N	4.130	7.271	6.976	0.295	1.4	0.5	s15_t1.4_a0.5_066.gff
4731	N	N	7.629	13.071	12.708	0.363	1.4	0.5	s15_t1.4_a0.5_067.gff
494	N	N	2.160	4.413	4.200	0.213	1.4	0.5	s15_t1.4_a0.5_068.gff
901	N	N	2.652	4.982	4.703	0.279	1.4	0.5	s15_t1.4_a0.5_069.gff
40025	N	N	52.164	69.045	68.247	0.798	1.4	0.5	s15_t1.4_a0.5_070.gff
1001	N	N	2.748	5.285	5.023	0.262	1.4	0.5	s15_t1.4_a0.5_071.gff
7077	N	N	6.979	11.558	11.224	0.334	1.4	0.5	s15_t1.4_a0.5_072.gff
2697	N	N	4.673	8.093	7.792	0.301	1.4	0.5	s15_t1.4_a0.5_073.gff
625	N	N	2.381	4.240	3.999	0.241	1.4	0.5	s15_t1.4_a0.5_074.gff
7517	N	N	11.032	18.162	17.774	0.388	1.4	0.5	s15_t1.4_a0.5_075.gff
265	N	N	1.676	3.143	2.989	0.154	1.4	0.5	s15_t1.4_a0.5_076.gff
19095	N	N	25.200	35.418	34.857	0.561	1.4	0.5	s15_t1.4_a0.5_077.gff
NA	Y	N	213.027	602.225	600.769	1.456	1.4	0.5	s15_t1.4_a0.5_078.gff
2911	N	N	4.736	9.179	8.902	0.277	1.4	0.5	s15_t1.4_a0.5_079.gff
22383	N	N	22.709	31.247	30.737	0.510	1.4	0.5	s15_t1.4_a0.5_080.gff
1188	N	N	3.014	5.589	5.338	0.251	1.4	0.5	s15_t1.4_a0.5_081.gff
2882	N	N	4.685	8.669	8.376	0.293	1.4	0.5	s15_t1.4_a0.5_082.gff
NA	Y	N	254.775	602.174	600.817	1.357	1.4	0.5	s15_t1.4_a0.5_083.gff
32766	N	N	33.975	44.413	43.853	0.560	1.4	0.5	s15_t1.4_a0.5_084.gff
1087	N	N	2.923	5.491	5.243	0.248	1.4	0.5	s15_t1.4_a0.5_085.gff
NA	Y	N	281.069	602.456	601.023	1.433	1.4	0.5	s15_t1.4_a0.5_086.gff
3990	N	N	6.874	11.166	10.861	0.305	1.4	0.5	s15_t1.4_a0.5_087.gff
2160	N	N	4.669	8.655	8.360	0.295	1.4	0.5	s15_t1.4_a0.5_088.gff
1225	N	N	2.820	5.447	5.202	0.245	1.4	0.5	s15_t1.4_a0.5_089.gff
4007	N	N	5.160	9.243	8.963	0.280	1.4	0.5	s15_t1.4_a0.5_090.gff
7324	N	N	13.115	19.733	19.362	0.371	1.4	0.5	s15_t1.4_a0.5_091.gff
1727	N	N	3.862	6.767	6.496	0.271	1.4	0.5	s15_t1.4_a0.5_092.gff
7348	N	N	9.760	16.274	15.881	0.393	1.4	0.5	s15_t1.4_a0.5_093.gff
8961	N	N	12.653	18.805	18.425	0.380	1.4	0.5	s15_t1.4_a0.5_094.gff
2513	N	N	3.986	6.975	6.731	0.244	1.4	0.5	s15_t1.4_a0.5_095.gff
4239	N	N	5.651	10.679	10.371	0.308	1.4	0.5	s15_t1.4_a0.5_096.gff
3748	N	N	6.652	11.646	11.352	0.294	1.4	0.5	s15_t1.4_a0.5_097.gff
17825	N	N	25.202	35.225	34.707	0.518	1.4	0.5	s15_t1.4_a0.5_098.gff
2586	N	N	4.088	7.529	7.246	0.283	1.4	0.5	s15_t1.4_a0.5_099.gff
26688	N	N	37.421	48.691	48.014	0.677	1.4	0.5	s15_t1.4_a0.5_100.gff
629	N	N	2.497	4.955	4.705	0.250	1.4	0.6	s15_t1.4_a0.6_001.gff
10376	N	N	14.333	23.286	22.894	0.392	1.4	0.6	s15_t1.4_a0.6_002.gff
31364	N	N	53.323	66.067	65.323	0.744	1.4	0.6	s15_t1.4_a0.6_003.gff
23453	N	N	24.845	33.479	32.948	0.531	1.4	0.6	s15_t1.4_a0.6_004.gff
989	N	N	3.153	5.424	5.147	0.277	1.4	0.6	s15_t1.4_a0.6_005.gff
4001	N	N	4.685	8.785	8.485	0.300	1.4	0.6	s15_t1.4_a0.6_006.gff
10971	N	N	15.735	24.096	23.707	0.389	1.4	0.6	s15_t1.4_a0.6_007.gff
2983	N	N	5.244	9.204	8.913	0.291	1.4	0.6	s15_t1.4_a0.6_008.gff
3390	N	N	4.763	8.977	8.667	0.310	1.4	0.6	s15_t1.4_a0.6_009.gff
574	N	N	2.422	4.603	4.377	0.226	1.4	0.6	s15_t1.4_a0.6_010.gff
180	N	N	1.737	3.299	3.141	0.158	1.4	0.6	s15_t1.4_a0.6_011.gff
250	N	N	1.750	3.368	3.213	0.155	1.4	0.6	s15_t1.4_a0.6_012.gff
4438	N	N	7.353	12.111	11.793	0.318	1.4	0.6	s15_t1.4_a0.6_013.gff
672	N	N	2.427	4.753	4.507	0.246	1.4	0.6	s15_t1.4_a0.6_014.gff
8138	N	N	7.786	13.781	13.412	0.369	1.4	0.6	s15_t1.4_a0.6_015.gff
423	N	N	2.094	4.291	4.100	0.191	1.4	0.6	s15_t1.4_a0.6_016.gff
16073	N	N	11.840	18.621	18.200	0.421	1.4	0.6	s15_t1.4_a0.6_017.gff
7927	N	N	9.461	16.693	16.304	0.389	1.4	0.6	s15_t1.4_a0.6_018.gff
717	N	N	3.147	4.988	4.767	0.221	1.4	0.6	s15_t1.4_a0.6_019.gff
2543	N	N	5.629	10.127	9.821	0.306	1.4	0.6	s15_t1.4_a0.6_020.gff
301	N	N	1.949	3.933	3.729	0.204	1.4	0.6	s15_t1.4_a0.6_021.gff
10481	N	N	11.592	18.651	18.241	0.410	1.4	0.6	s15_t1.4_a0.6_022.gff
19890	N	N	21.290	29.910	29.420	0.490	1.4	0.6	s15_t1.4_a0.6_023.gff
7407	N	N	7.886	13.417	13.090	0.327	1.4	0.6	s15_t1.4_a0.6_024.gff
5213	N	N	5.019	9.348	9.035	0.313	1.4	0.6	s15_t1.4_a0.6_025.gff
985	N	N	2.574	5.264	4.985	0.279	1.4	0.6	s15_t1.4_a0.6_026.gff
3453	N	N	4.966	9.455	9.159	0.296	1.4	0.6	s15_t1.4_a0.6_027.gff
14398	N	N	15.075	21.573	21.131	0.442	1.4	0.6	s15_t1.4_a0.6_028.gff
835	N	N	2.612	5.104	4.848	0.256	1.4	0.6	s15_t1.4_a0.6_029.gff
11534	N	N	10.420	16.866	16.485	0.381	1.4	0.6	s15_t1.4_a0.6_030.gff
2525	N	N	6.101	10.780	10.473	0.307	1.4	0.6	s15_t1.4_a0.6_031.gff
8571	N	N	10.291	16.835	16.482	0.353	1.4	0.6	s15_t1.4_a0.6_032.gff
2269	N	N	4.129	7.470	7.185	0.285	1.4	0.6	s15_t1.4_a0.6_033.gff
6336	N	N	13.700	22.243	21.797	0.446	1.4	0.6	s15_t1.4_a0.6_034.gff
16787	N	N	25.458	36.032	35.490	0.542	1.4	0.6	s15_t1.4_a0.6_035.gff
3102	N	N	4.095	7.224	6.933	0.291	1.4	0.6	s15_t1.4_a0.6_036.gff
347	N	N	2.036	3.933	3.738	0.195	1.4	0.6	s15_t1.4_a0.6_037.gff
2253	N	N	7.172	11.414	11.117	0.297	1.4	0.6	s15_t1.4_a0.6_038.gff
166	N	N	1.657	3.053	2.912	0.141	1.4	0.6	s15_t1.4_a0.6_039.gff
1062	N	N	2.876	5.358	5.119	0.239	1.4	0.6	s15_t1.4_a0.6_040.gff
13453	N	N	12.294	21.203	20.762	0.441	1.4	0.6	s15_t1.4_a0.6_041.gff
367	N	N	2.123	4.361	4.148	0.213	1.4	0.6	s15_t1.4_a0.6_042.gff
2269	N	N	4.187	7.433	7.144	0.289	1.4	0.6	s15_t1.4_a0.6_043.gff
3214	N	N	4.965	9.492	9.186	0.306	1.4	0.6	s15_t1.4_a0.6_044.gff
14990	N	N	16.174	24.899	24.479	0.420	1.4	0.6	s15_t1.4_a0.6_045.gff
467	N	N	2.566	5.014	4.758	0.256	1.4	0.6	s15_t1.4_a0.6_046.gff
1455	N	N	3.925	7.158	6.885	0.273	1.4	0.6	s15_t1.4_a0.6_047.gff
471	N	N	2.426	4.767	4.551	0.216	1.4	0.6	s15_t1.4_a0.6_048.gff
4393	N	N	5.361	9.652	9.329	0.323	1.4	0.6	s15_t1.4_a0.6_049.gff
3465	N	N	5.049	9.322	9.058	0.264	1.4	0.6	s15_t1.4_a0.6_050.gff
31	N	N	1.415	2.436	2.319	0.117	1.4	0.6	s15_t1.4_a0.6_051.gff
211	N	N	1.695	3.276	3.100	0.176	1.4	0.6	s15_t1.4_a0.6_052.gff
379	N	N	2.054	4.218	4.022	0.196	1.4	0.6	s15_t1.4_a0.6_053.gff
3846	N	N	5.264	9.741	9.464	0.277	1.4	0.6	s15_t1.4_a0.6_054.gff
582	N	N	2.298	4.635	4.394	0.241	1.4	0.6	s15_t1.4_a0.6_055.gff
1650	N	N	5.122	6.759	6.471	0.288	1.4	0.6	s15_t1.4_a0.6_056.gff
1645	N	N	3.584	6.671	6.420	0.251	1.4	0.6	s15_t1.4_a0.6_057.gff
263	N	N	1.945	3.658	3.492	0.166	1.4	0.6	s15_t1.4_a0.6_058.gff
20795	N	N	21.549	31.551	31.048	0.503	1.4	0.6	s15_t1.4_a0.6_059.gff
164	N	N	1.683	3.261	3.092	0.169	1.4	0.6	s15_t1.4_a0.6_060.gff
1695	N	N	3.927	7.079	6.828	0.251	1.4	0.6	s15_t1.4_a0.6_061.gff
3248	N	N	6.480	11.026	10.723	0.303	1.4	0.6	s15_t1.4_a0.6_062.gff
55	N	N	1.430	2.566	2.426	0.140	1.4	0.6	s15_t1.4_a0.6_063.gff
167	N	N	1.591	2.963	2.803	0.160	1.4	0.6	s15_t1.4_a0.6_064.gff
449	N	N	2.342	4.622	4.390	0.232	1.4	0.6	s15_t1.4_a0.6_065.gff
1635	N	N	3.211	6.153	5.881	0.272	1.4	0.6	s15_t1.4_a0.6_066.gff
424	N	N	2.182	4.312	4.098	0.214	1.4	0.6	s15_t1.4_a0.6_067.gff
6765	N	N	7.876	13.377	13.025	0.352	1.4	0.6	s15_t1.4_a0.6_068.gff
1989	N	N	3.866	6.544	6.278	0.266	1.4	0.6	s15_t1.4_a0.6_069.gff
7526	N	N	12.950	20.920	20.526	0.394	1.4	0.6	s15_t1.4_a0.6_070.gff
2795	N	N	4.076	7.302	7.022	0.280	1.4	0.6	s15_t1.4_a0.6_071.gff
1649	N	N	3.510	6.485	6.197	0.288	1.4	0.6	s15_t1.4_a0.6_072.gff
1107	N	N	3.133	5.911	5.667	0.244	1.4	0.6	s15_t1.4_a0.6_073.gff
2584	N	N	4.574	8.089	7.790	0.299	1.4	0.6	s15_t1.4_a0.6_074.gff
2043	N	N	3.524	6.516	6.243	0.273	1.4	0.6	s15_t1.4_a0.6_075.gff
4318	N	N	6.037	10.586	10.273	0.313	1.4	0.6	s15_t1.4_a0.6_076.gff
3598	N	N	5.206	9.631	9.323	0.308	1.4	0.6	s15_t1.4_a0.6_077.gff
14588	N	N	10.565	16.892	16.526	0.366	1.4	0.6	s15_t1.4_a0.6_078.gff
697	N	N	2.573	4.783	4.555	0.228	1.4	0.6	s15_t1.4_a0.6_079.gff
542	N	N	2.301	4.565	4.344	0.221	1.4	0.6	s15_t1.4_a0.6_080.gff
2375	N	N	3.773	6.566	6.329	0.237	1.4	0.6	s15_t1.4_a0.6_081.gff
1360	N	N	3.297	6.141	5.876	0.265	1.4	0.6	s15_t1.4_a0.6_082.gff
7861	N	N	10.106	16.138	15.782	0.356	1.4	0.6	s15_t1.4_a0.6_083.gff
14308	N	N	14.595	22.201	21.812	0.389	1.4	0.6	s15_t1.4_a0.6_084.gff
526	N	N	2.217	4.398	4.155	0.243	1.4	0.6	s15_t1.4_a0.6_085.gff
6450	N	N	8.920	15.320	14.977	0.343	1.4	0.6	s15_t1.4_a0.6_086.gff
732	N	N	2.410	4.950	4.690	0.260	1.4	0.6	s15_t1.4_a0.6_087.gff
26696	N	N	32.932	42.223	41.625	0.598	1.4	0.6	s15_t1.4_a0.6_088.gff
3418	N	N	6.813	10.321	10.025	0.296	1.4	0.6	s15_t1.4_a0.6_089.gff
1210	N	N	2.995	5.607	5.366	0.241	1.4	0.6	s15_t1.4_a0.6_090.gff
453	N	N	2.012	4.087	3.879	0.208	1.4	0.6	s15_t1.4_a0.6_091.gff
3478	N	N	5.795	9.839	9.573	0.266	1.4	0.6	s15_t1.4_a0.6_092.gff
15513	N	N	21.303	31.504	30.982	0.522	1.4	0.6	s15_t1.4_a0.6_093.gff
17539	N	N	26.584	36.083	35.523	0.560	1.4	0.6	s15_t1.4_a0.6_094.gff
298	N	N	2.042	3.963	3.758	0.205	1.4	0.6	s15_t1.4_a0.6_095.gff
2881	N	N	4.838	8.643	8.327	0.316	1.4	0.6	s15_t1.4_a0.6_096.gff
448	N	N	2.104	4.297	4.081	0.216	1.4	0.6	s15_t1.4_a0.6_097.gff
725	N	N	2.395	4.870	4.632	0.238	1.4	0.6	s15_t1.4_a0.6_098.gff
8214	N	N	15.679	24.199	23.752	0.447	1.4	0.6	s15_t1.4_a0.6_099.gff
35519	N	N	40.812	54.432	53.733	0.699	1.4	0.6	s15_t1.4_a0.6_100.gff
306	N	N	2.182	4.258	4.053	0.205	1.4	0.7	s15_t1.4_a0.7_001.gff
159	N	N	1.668	3.176	3.011	0.165	1.4	0.7	s15_t1.4_a0.7_002.gff
1080	N	N	2.966	5.764	5.508	0.256	1.4	0.7	s15_t1.4_a0.7_003.gff
256	N	N	1.855	3.628	3.452	0.176	1.4	0.7	s15_t1.4_a0.7_004.gff
422	N	N	1.966	3.961	3.739	0.222	1.4	0.7	s15_t1.4_a0.7_005.gff
142	N	N	1.565	2.936	2.795	0.141	1.4	0.7	s15_t1.4_a0.7_006.gff
142	N	N	1.594	3.161	2.980	0.181	1.4	0.7	s15_t1.4_a0.7_007.gff
2828	N	N	4.373	7.928	7.641	0.287	1.4	0.7	s15_t1.4_a0.7_008.gff
220	N	N	1.716	3.301	3.128	0.173	1.4	0.7	s15_t1.4_a0.7_009.gff
508	N	N	2.331	4.725	4.503	0.222	1.4	0.7	s15_t1.4_a0.7_010.gff
225	N	N	1.658	3.188	3.020	0.168	1.4	0.7	s15_t1.4_a0.7_011.gff
502	N	N	2.351	4.697	4.448	0.249	1.4	0.7	s15_t1.4_a0.7_012.gff
189	N	N	1.781	3.568	3.400	0.168	1.4	0.7	s15_t1.4_a0.7_013.gff
601	N	N	2.382	4.609	4.381	0.228	1.4	0.7	s15_t1.4_a0.7_014.gff
695	N	N	2.361	4.526	4.289	0.237	1.4	0.7	s15_t1.4_a0.7_015.gff
88	N	N	1.530	2.845	2.711	0.134	1.4	0.7	s15_t1.4_a0.7_016.gff
454	N	N	2.087	4.078	3.865	0.213	1.4	0.7	s15_t1.4_a0.7_017.gff
459	N	N	2.120	4.339	4.125	0.214	1.4	0.7	s15_t1.4_a0.7_018.gff
990	N	N	2.990	5.667	5.389	0.278	1.4	0.7	s15_t1.4_a0.7_019.gff
240	N	N	1.876	3.728	3.544	0.184	1.4	0.7	s15_t1.4_a0.7_020.gff
2208	N	N	4.238	7.461	7.214	0.247	1.4	0.7	s15_t1.4_a0.7_021.gff
628	N	N	2.360	4.461	4.213	0.248	1.4	0.7	s15_t1.4_a0.7_022.gff
308	N	N	1.856	3.728	3.557	0.171	1.4	0.7	s15_t1.4_a0.7_023.gff
330	N	N	1.808	3.602	3.442	0.160	1.4	0.7	s15_t1.4_a0.7_024.gff
465	N	N	2.055	4.021	3.807	0.214	1.4	0.7	s15_t1.4_a0.7_025.gff
1107	N	N	2.677	5.254	4.979	0.275	1.4	0.7	s15_t1.4_a0.7_026.gff
696	N	N	2.344	4.622	4.379	0.243	1.4	0.7	s15_t1.4_a0.7_027.gff
10	N	N	1.291	2.362	2.239	0.123	1.4	0.7	s15_t1.4_a0.7_028.gff
556	N	N	2.153	4.309	4.080	0.229	1.4	0.7	s15_t1.4_a0.7_029.gff
515	N	N	2.203	4.502	4.285	0.217	1.4	0.7	s15_t1.4_a0.7_030.gff
1082	N	N	2.828	5.438	5.186	0.252	1.4	0.7	s15_t1.4_a0.7_031.gff
896	N	N	2.535	5.055	4.819	0.236	1.4	0.7	s15_t1.4_a0.7_032.gff
2288	N	N	3.632	6.489	6.218	0.271	1.4	0.7	s15_t1.4_a0.7_033.gff
1294	N	N	3.041	6.096	5.798	0.298	1.4	0.7	s15_t1.4_a0.7_034.gff
614	N	N	2.743	4.910	4.652	0.258	1.4	0.7	s15_t1.4_a0.7_035.gff
235	N	N	1.958	3.751	3.568	0.183	1.4	0.7	s15_t1.4_a0.7_036.gff
337	N	N	1.915	3.764	3.578	0.186	1.4	0.7	s15_t1.4_a0.7_037.gff
724	N	N	2.379	4.897	4.653	0.244	1.4	0.7	s15_t1.4_a0.7_038.gff
387	N	N	2.070	4.243	4.009	0.234	1.4	0.7	s15_t1.4_a0.7_039.gff
249	N	N	1.824	3.623	3.432	0.191	1.4	0.7	s15_t1.4_a0.7_040.gff
704	N	N	2.364	4.704	4.473	0.231	1.4	0.7	s15_t1.4_a0.7_041.gff
1106	N	N	3.149	6.113	5.837	0.276	1.4	0.7	s15_t1.4_a0.7_042.gff
462	N	N	2.120	4.267	4.057	0.210	1.4	0.7	s15_t1.4_a0.7_043.gff
350	N	N	1.884	3.868	3.680	0.188	1.4	0.7	s15_t1.4_a0.7_044.gff
568	N	N	2.426	4.593	4.353	0.240	1.4	0.7	s15_t1.4_a0.7_045.gff
676	N	N	2.477	4.447	4.213	0.234	1.4	0.7	s15_t1.4_a0.7_046.gff
278	N	N	1.842	3.695	3.501	0.194	1.4	0.7	s15_t1.4_a0.7_047.gff
484	N	N	2.004	4.167	3.979	0.188	1.4	0.7	s15_t1.4_a0.7_048.gff
1486	N	N	3.287	5.987	5.745	0.242	1.4	0.7	s15_t1.4_a0.7_049.gff
101	N	N	1.576	2.985	2.832	0.153	1.4	0.7	s15_t1.4_a0.7_050.gff
904	N	N	2.650	5.374	5.109	0.265	1.4	0.7	s15_t1.4_a0.7_051.gff
375	N	N	1.921	3.974	3.774	0.200	1.4	0.7	s15_t1.4_a0.7_052.gff
627	N	N	2.467	4.855	4.620	0.235	1.4	0.7	s15_t1.4_a0.7_053.gff
391	N	N	2.229	4.287	4.084	0.203	1.4	0.7	s15_t1.4_a0.7_054.gff
1063	N	N	2.777	5.247	4.987	0.260	1.4	0.7	s15_t1.4_a0.7_055.gff
190	N	N	1.701	3.247	3.083	0.164	1.4	0.7	s15_t1.4_a0.7_056.gff
556	N	N	2.124	4.098	3.911	0.187	1.4	0.7	s15_t1.4_a0.7_057.gff
311	N	N	1.892	3.888	3.705	0.183	1.4	0.7	s15_t1.4_a0.7_058.gff
229	N	N	1.775	3.535	3.357	0.178	1.4	0.7	s15_t1.4_a0.7_059.gff
1696	N	N	3.335	6.494	6.242	0.252	1.4	0.7	s15_t1.4_a0.7_060.gff
217	N	N	1.829	3.663	3.499	0.164	1.4	0.7	s15_t1.4_a0.7_061.gff
95	N	N	1.534	2.801	2.652	0.149	1.4	0.7	s15_t1.4_a0.7_062.gff
270	N	N	1.888	3.844	3.656	0.188	1.4	0.7	s15_t1.4_a0.7_063.gff
229	N	N	1.749	3.515	3.330	0.185	1.4	0.7	s15_t1.4_a0.7_064.gff
971	N	N	2.589	5.154	4.908	0.246	1.4	0.7	s15_t1.4_a0.7_065.gff
334	N	N	1.948	3.941	3.777	0.164	1.4	0.7	s15_t1.4_a0.7_066.gff
1427	N	N	3.479	6.426	6.176	0.250	1.4	0.7	s15_t1.4_a0.7_067.gff
600	N	N	2.217	4.485	4.257	0.228	1.4	0.7	s15_t1.4_a0.7_068.gff
262	N	N	1.848	3.574	3.404	0.170	1.4	0.7	s15_t1.4_a0.7_069.gff
165	N	N	1.625	3.006	2.862	0.144	1.4	0.7	s15_t1.4_a0.7_070.gff
356	N	N	1.932	3.895	3.713	0.182	1.4	0.7	s15_t1.4_a0.7_071.gff
408	N	N	1.966	3.896	3.718	0.178	1.4	0.7	s15_t1.4_a0.7_072.gff
478	N	N	2.191	4.255	4.012	0.243	1.4	0.7	s15_t1.4_a0.7_073.gff
393	N	N	1.966	3.961	3.751	0.210	1.4	0.7	s15_t1.4_a0.7_074.gff
163	N	N	1.660	3.158	2.995	0.163	1.4	0.7	s15_t1.4_a0.7_075.gff
2700	N	N	4.426	7.461	7.178	0.283	1.4	0.7	s15_t1.4_a0.7_076.gff
378	N	N	2.053	4.103	3.893	0.210	1.4	0.7	s15_t1.4_a0.7_077.gff
521	N	N	2.444	4.714	4.481	0.233	1.4	0.7	s15_t1.4_a0.7_078.gff
88	N	N	1.474	2.645	2.506	0.139	1.4	0.7	s15_t1.4_a0.7_079.gff
118	N	N	1.527	2.837	2.676	0.161	1.4	0.7	s15_t1.4_a0.7_080.gff
96	N	N	1.644	2.829	2.672	0.157	1.4	0.7	s15_t1.4_a0.7_081.gff
252	N	N	1.790	3.533	3.373	0.160	1.4	0.7	s15_t1.4_a0.7_082.gff
1325	N	N	2.892	5.587	5.316	0.271	1.4	0.7	s15_t1.4_a0.7_083.gff
403	N	N	2.250	4.264	4.051	0.213	1.4	0.7	s15_t1.4_a0.7_084.gff
274	N	N	1.920	3.360	3.218	0.142	1.4	0.7	s15_t1.4_a0.7_085.gff
325	N	N	2.168	3.838	3.672	0.166	1.4	0.7	s15_t1.4_a0.7_086.gff
253	N	N	1.943	3.410	3.250	0.160	1.4	0.7	s15_t1.4_a0.7_087.gff
586	N	N	2.480	4.679	4.429	0.250	1.4	0.7	s15_t1.4_a0.7_088.gff
71	N	N	1.682	2.551	2.427	0.124	1.4	0.7	s15_t1.4_a0.7_089.gff
733	N	N	2.765	5.020	4.758	0.262	1.4	0.7	s15_t1.4_a0.7_090.gff
73	N	N	1.722	2.637	2.453	0.184	1.4	0.7	s15_t1.4_a0.7_091.gff
671	N	N	2.711	4.819	4.558	0.261	1.4	0.7	s15_t1.4_a0.7_092.gff
303	N	N	2.235	4.081	3.852	0.229	1.4	0.7	s15_t1.4_a0.7_093.gff
717	N	N	2.728	4.772	4.503	0.269	1.4	0.7	s15_t1.4_a0.7_094.gff
602	N	N	2.487	4.651	4.439	0.212	1.4	0.7	s15_t1.4_a0.7_095.gff
248	N	N	1.803	3.496	3.323	0.173	1.4	0.7	s15_t1.4_a0.7_096.gff
985	N	N	2.781	5.175	4.932	0.243	1.4	0.7	s15_t1.4_a0.7_097.gff
179	N	N	1.711	3.305	3.131	0.174	1.4	0.7	s15_t1.4_a0.7_098.gff
266	N	N	1.886	3.827	3.644	0.183	1.4	0.7	s15_t1.4_a0.7_099.gff
312	N	N	1.879	3.822	3.644	0.178	1.4	0.7	s15_t1.4_a0.7_100.gff
597	N	N	2.290	4.578	4.364	0.214	1.4	0.8	s15_t1.4_a0.8_001.gff
283	N	N	1.879	3.785	3.586	0.199	1.4	0.8	s15_t1.4_a0.8_002.gff
72	N	N	1.470	2.671	2.534	0.137	1.4	0.8	s15_t1.4_a0.8_003.gff
164	N	N	1.678	3.258	3.072	0.186	1.4	0.8	s15_t1.4_a0.8_004.gff
128	N	N	1.623	3.103	2.942	0.161	1.4	0.8	s15_t1.4_a0.8_005.gff
724	N	N	2.250	4.646	4.422	0.224	1.4	0.8	s15_t1.4_a0.8_006.gff
241	N	N	1.724	3.358	3.197	0.161	1.4	0.8	s15_t1.4_a0.8_007.gff
172	N	N	1.688	3.274	3.077	0.197	1.4	0.8	s15_t1.4_a0.8_008.gff
396	N	N	2.040	4.122	3.929	0.193	1.4	0.8	s15_t1.4_a0.8_009.gff
212	N	N	1.759	3.467	3.304	0.163	1.4	0.8	s15_t1.4_a0.8_010.gff
251	N	N	1.758	3.368	3.175	0.193	1.4	0.8	s15_t1.4_a0.8_011.gff
142	N	N	1.583	2.989	2.830	0.159	1.4	0.8	s15_t1.4_a0.8_012.gff
293	N	N	1.853	3.648	3.479	0.169	1.4	0.8	s15_t1.4_a0.8_013.gff
337	N	N	1.825	3.599	3.443	0.156	1.4	0.8	s15_t1.4_a0.8_014.gff
86	N	N	1.499	2.775	2.620	0.155	1.4	0.8	s15_t1.4_a0.8_015.gff
3	N	N	1.288	2.331	2.187	0.144	1.4	0.8	s15_t1.4_a0.8_016.gff
147	N	N	1.578	2.936	2.779	0.157	1.4	0.8	s15_t1.4_a0.8_017.gff
393	N	N	2.078	4.161	3.952	0.209	1.4	0.8	s15_t1.4_a0.8_018.gff
494	N	N	2.167	4.304	4.078	0.226	1.4	0.8	s15_t1.4_a0.8_019.gff
343	N	N	1.947	3.765	3.583	0.182	1.4	0.8	s15_t1.4_a0.8_020.gff
945	N	N	2.686	5.292	5.059	0.233	1.4	0.8	s15_t1.4_a0.8_021.gff
113	N	N	1.513	2.715	2.590	0.125	1.4	0.8	s15_t1.4_a0.8_022.gff
276	N	N	1.849	3.623	3.455	0.168	1.4	0.8	s15_t1.4_a0.8_023.gff
182	N	N	1.630	2.984	2.819	0.165	1.4	0.8	s15_t1.4_a0.8_024.gff
84	N	N	1.492	2.623	2.490	0.133	1.4	0.8	s15_t1.4_a0.8_025.gff
366	N	N	2.049	4.193	3.968	0.225	1.4	0.8	s15_t1.4_a0.8_026.gff
806	N	N	2.659	5.243	4.999	0.244	1.4	0.8	s15_t1.4_a0.8_027.gff
180	N	N	1.704	3.280	3.123	0.157	1.4	0.8	s15_t1.4_a0.8_028.gff
497	N	N	2.210	4.443	4.188	0.255	1.4	0.8	s15_t1.4_a0.8_029.gff
114	N	N	1.499	2.762	2.616	0.146	1.4	0.8	s15_t1.4_a0.8_030.gff
428	N	N	2.253	4.231	4.002	0.229	1.4	0.8	s15_t1.4_a0.8_031.gff
170	N	N	2.470	2.918	2.769	0.149	1.4	0.8	s15_t1.4_a0.8_032.gff
73	N	N	1.426	2.575	2.437	0.138	1.4	0.8	s15_t1.4_a0.8_033.gff
184	N	N	1.609	2.974	2.821	0.153	1.4	0.8	s15_t1.4_a0.8_034.gff
85	N	N	1.450	2.613	2.474	0.139	1.4	0.8	s15_t1.4_a0.8_035.gff
129	N	N	1.551	2.831	2.686	0.145	1.4	0.8	s15_t1.4_a0.8_036.gff
692	N	N	2.294	4.659	4.405	0.254	1.4	0.8	s15_t1.4_a0.8_037.gff
202	N	N	1.831	3.578	3.396	0.182	1.4	0.8	s15_t1.4_a0.8_038.gff
287	N	N	1.722	3.241	3.094	0.147	1.4	0.8	s15_t1.4_a0.8_039.gff
63	N	N	1.434	2.577	2.435	0.142	1.4	0.8	s15_t1.4_a0.8_040.gff
390	N	N	2.061	4.206	3.999	0.207	1.4	0.8	s15_t1.4_a0.8_041.gff
149	N	N	1.627	3.090	2.933	0.157	1.4	0.8	s15_t1.4_a0.8_042.gff
212	N	N	1.690	3.255	3.091	0.164	1.4	0.8	s15_t1.4_a0.8_043.gff
27	N	N	1.287	2.310	2.181	0.129	1.4	0.8	s15_t1.4_a0.8_044.gff
182	N	N	1.689	3.265	3.119	0.146	1.4	0.8	s15_t1.4_a0.8_045.gff
341	N	N	1.944	3.871	3.674	0.197	1.4	0.8	s15_t1.4_a0.8_046.gff
207	N	N	1.702	3.278	3.120	0.158	1.4	0.8	s15_t1.4_a0.8_047.gff
472	N	N	2.231	4.627	4.402	0.225	1.4	0.8	s15_t1.4_a0.8_048.gff
159	N	N	1.652	3.232	3.063	0.169	1.4	0.8	s15_t1.4_a0.8_049.gff
156	N	N	1.595	3.039	2.885	0.154	1.4	0.8	s15_t1.4_a0.8_050.gff
471	N	N	2.230	4.471	4.275	0.196	1.4	0.8	s15_t1.4_a0.8_051.gff
52	N	N	1.433	2.581	2.432	0.149	1.4	0.8	s15_t1.4_a0.8_052.gff
395	N	N	1.985	4.106	3.938	0.168	1.4	0.8	s15_t1.4_a0.8_053.gff
121	N	N	1.612	3.073	2.937	0.136	1.4	0.8	s15_t1.4_a0.8_054.gff
333	N	N	1.819	3.604	3.446	0.158	1.4	0.8	s15_t1.4_a0.8_055.gff
243	N	N	1.718	3.362	3.205	0.157	1.4	0.8	s15_t1.4_a0.8_056.gff
87	N	N	1.491	2.830	2.664	0.166	1.4	0.8	s15_t1.4_a0.8_057.gff
127	N	N	1.601	3.008	2.855	0.153	1.4	0.8	s15_t1.4_a0.8_058.gff
285	N	N	1.809	3.557	3.382	0.175	1.4	0.8	s15_t1.4_a0.8_059.gff
161	N	N	1.680	3.265	3.099	0.166	1.4	0.8	s15_t1.4_a0.8_060.gff
314	N	N	1.902	3.803	3.611	0.192	1.4	0.8	s15_t1.4_a0.8_061.gff
621	N	N	2.174	4.297	4.080	0.217	1.4	0.8	s15_t1.4_a0.8_062.gff
50	N	N	1.401	2.565	2.432	0.133	1.4	0.8	s15_t1.4_a0.8_063.gff
364	N	N	1.933	3.933	3.732	0.201	1.4	0.8	s15_t1.4_a0.8_064.gff
159	N	N	1.559	2.908	2.759	0.149	1.4	0.8	s15_t1.4_a0.8_065.gff
218	N	N	1.683	3.301	3.131	0.170	1.4	0.8	s15_t1.4_a0.8_066.gff
298	N	N	1.837	3.668	3.485	0.183	1.4	0.8	s15_t1.4_a0.8_067.gff
347	N	N	2.059	3.994	3.767	0.227	1.4	0.8	s15_t1.4_a0.8_068.gff
283	N	N	1.814	3.658	3.485	0.173	1.4	0.8	s15_t1.4_a0.8_069.gff
148	N	N	1.657	3.170	3.020	0.150	1.4	0.8	s15_t1.4_a0.8_070.gff
209	N	N	1.739	3.337	3.193	0.144	1.4	0.8	s15_t1.4_a0.8_071.gff
70	N	N	1.467	2.668	2.528	0.140	1.4	0.8	s15_t1.4_a0.8_072.gff
168	N	N	1.596	2.916	2.772	0.144	1.4	0.8	s15_t1.4_a0.8_073.gff
243	N	N	1.921	3.978	3.794	0.184	1.4	0.8	s15_t1.4_a0.8_074.gff
330	N	N	1.925	3.819	3.635	0.184	1.4	0.8	s15_t1.4_a0.8_075.gff
87	N	N	1.504	2.749	2.621	0.128	1.4	0.8	s15_t1.4_a0.8_076.gff
42	N	N	1.417	2.541	2.399	0.142	1.4	0.8	s15_t1.4_a0.8_077.gff
139	N	N	1.551	2.842	2.693	0.149	1.4	0.8	s15_t1.4_a0.8_078.gff
146	N	N	1.651	3.234	3.066	0.168	1.4	0.8	s15_t1.4_a0.8_079.gff
464	N	N	2.099	4.297	4.075	0.222	1.4	0.8	s15_t1.4_a0.8_080.gff
127	N	N	1.573	2.978	2.832	0.146	1.4	0.8	s15_t1.4_a0.8_081.gff
249	N	N	1.738	3.358	3.188	0.170	1.4	0.8	s15_t1.4_a0.8_082.gff
424	N	N	2.165	4.453	4.212	0.241	1.4	0.8	s15_t1.4_a0.8_083.gff
244	N	N	1.747	3.383	3.224	0.159	1.4	0.8	s15_t1.4_a0.8_084.gff
265	N	N	1.757	3.411	3.253	0.158	1.4	0.8	s15_t1.4_a0.8_085.gff
354	N	N	1.939	3.658	3.479	0.179	1.4	0.8	s15_t1.4_a0.8_086.gff
1123	N	N	2.560	5.172	4.939	0.233	1.4	0.8	s15_t1.4_a0.8_087.gff
428	N	N	2.107	4.083	3.896	0.187	1.4	0.8	s15_t1.4_a0.8_088.gff
325	N	N	1.988	4.066	3.882	0.184	1.4	0.8	s15_t1.4_a0.8_089.gff
107	N	N	1.508	2.760	2.643	0.117	1.4	0.8	s15_t1.4_a0.8_090.gff
185	N	N	1.699	3.321	3.173	0.148	1.4	0.8	s15_t1.4_a0.8_091.gff
148	N	N	1.587	2.967	2.827	0.140	1.4	0.8	s15_t1.4_a0.8_092.gff
227	N	N	1.751	3.426	3.263	0.163	1.4	0.8	s15_t1.4_a0.8_093.gff
562	N	N	2.153	4.468	4.239	0.229	1.4	0.8	s15_t1.4_a0.8_094.gff
94	N	N	1.456	2.730	2.581	0.149	1.4	0.8	s15_t1.4_a0.8_095.gff
330	N	N	1.786	3.485	3.321	0.164	1.4	0.8	s15_t1.4_a0.8_096.gff
360	N	N	1.978	4.082	3.896	0.186	1.4	0.8	s15_t1.4_a0.8_097.gff
476	N	N	1.979	3.988	3.815	0.173	1.4	0.8	s15_t1.4_a0.8_098.gff
75	N	N	1.502	2.763	2.628	0.135	1.4	0.8	s15_t1.4_a0.8_099.gff
294	N	N	1.804	3.550	3.366	0.184	1.4	0.8	s15_t1.4_a0.8_100.gff
97	N	N	1.465	2.670	2.521	0.149	1.4	0.9	s15_t1.4_a0.9_001.gff
65	N	N	1.443	2.687	2.537	0.150	1.4	0.9	s15_t1.4_a0.9_002.gff
182	N	N	1.628	3.047	2.891	0.156	1.4	0.9	s15_t1.4_a0.9_003.gff
228	N	N	1.631	3.049	2.887	0.162	1.4	0.9	s15_t1.4_a0.9_004.gff
106	N	N	1.577	2.758	2.633	0.125	1.4	0.9	s15_t1.4_a0.9_005.gff
162	N	N	1.650	3.176	3.008	0.168	1.4	0.9	s15_t1.4_a0.9_006.gff
225	N	N	1.710	3.364	3.194	0.170	1.4	0.9	s15_t1.4_a0.9_007.gff
143	N	N	2.028	3.168	3.002	0.166	1.4	0.9	s15_t1.4_a0.9_008.gff
46	N	N	1.390	2.506	2.334	0.172	1.4	0.9	s15_t1.4_a0.9_009.gff
138	N	N	1.547	2.826	2.670	0.156	1.4	0.9	s15_t1.4_a0.9_010.gff
71	N	N	1.516	2.868	2.728	0.140	1.4	0.9	s15_t1.4_a0.9_011.gff
229	N	N	1.723	3.330	3.165	0.165	1.4	0.9	s15_t1.4_a0.9_012.gff
414	N	N	2.005	4.002	3.817	0.185	1.4	0.9	s15_t1.4_a0.9_013.gff
89	N	N	1.476	2.644	2.486	0.158	1.4	0.9	s15_t1.4_a0.9_014.gff
147	N	N	1.735	3.111	2.946	0.165	1.4	0.9	s15_t1.4_a0.9_015.gff
229	N	N	1.741	3.403	3.233	0.170	1.4	0.9	s15_t1.4_a0.9_016.gff
311	N	N	1.993	3.815	3.623	0.192	1.4	0.9	s15_t1.4_a0.9_017.gff
72	N	N	1.448	2.640	2.503	0.137	1.4	0.9	s15_t1.4_a0.9_018.gff
275	N	N	1.807	3.520	3.349	0.171	1.4	0.9	s15_t1.4_a0.9_019.gff
106	N	N	1.484	2.658	2.537	0.121	1.4	0.9	s15_t1.4_a0.9_020.gff
277	N	N	1.846	3.546	3.382	0.164	1.4	0.9	s15_t1.4_a0.9_021.gff
79	N	N	1.440	2.617	2.480	0.137	1.4	0.9	s15_t1.4_a0.9_022.gff
128	N	N	1.618	3.098	2.948	0.150	1.4	0.9	s15_t1.4_a0.9_023.gff
109	N	N	1.696	2.885	2.730	0.155	1.4	0.9	s15_t1.4_a0.9_024.gff
218	N	N	1.716	3.279	3.125	0.154	1.4	0.9	s15_t1.4_a0.9_025.gff
85	N	N	1.441	2.587	2.447	0.140	1.4	0.9	s15_t1.4_a0.9_026.gff
329	N	N	1.900	3.468	3.296	0.172	1.4	0.9	s15_t1.4_a0.9_027.gff
73	N	N	1.400	2.539	2.403	0.136	1.4	0.9	s15_t1.4_a0.9_028.gff
175	N	N	1.628	3.092	2.922	0.170	1.4	0.9	s15_t1.4_a0.9_029.gff
159	N	N	1.529	2.755	2.627	0.128	1.4	0.9	s15_t1.4_a0.9_030.gff
67	N	N	1.435	2.634	2.473	0.161	1.4	0.9	s15_t1.4_a0.9_031.gff
560	N	N	2.110	4.363	4.168	0.195	1.4	0.9	s15_t1.4_a0.9_032.gff
146	N	N	1.605	2.926	2.770	0.156	1.4	0.9	s15_t1.4_a0.9_033.gff
269	N	N	1.831	3.193	3.024	0.169	1.4	0.9	s15_t1.4_a0.9_034.gff
187	N	N	1.650	3.175	2.996	0.179	1.4	0.9	s15_t1.4_a0.9_035.gff
113	N	N	1.479	2.725	2.573	0.152	1.4	0.9	s15_t1.4_a0.9_036.gff
55	N	N	1.383	2.490	2.352	0.138	1.4	0.9	s15_t1.4_a0.9_037.gff
243	N	N	1.621	3.000	2.846	0.154	1.4	0.9	s15_t1.4_a0.9_038.gff
3	N	N	1.300	2.297	2.195	0.102	1.4	0.9	s15_t1.4_a0.9_039.gff
101	N	N	1.420	2.555	2.414	0.141	1.4	0.9	s15_t1.4_a0.9_040.gff
266	N	N	1.783	3.423	3.263	0.160	1.4	0.9	s15_t1.4_a0.9_041.gff
200	N	N	1.717	3.327	3.173	0.154	1.4	0.9	s15_t1.4_a0.9_042.gff
189	N	N	1.695	3.260	3.106	0.154	1.4	0.9	s15_t1.4_a0.9_043.gff
5	N	N	1.304	2.367	2.233	0.134	1.4	0.9	s15_t1.4_a0.9_044.gff
305	N	N	1.827	3.550	3.359	0.191	1.4	0.9	s15_t1.4_a0.9_045.gff
171	N	N	1.594	2.957	2.808	0.149	1.4	0.9	s15_t1.4_a0.9_046.gff
101	N	N	1.502	2.750	2.610	0.140	1.4	0.9	s15_t1.4_a0.9_047.gff
33	N	N	1.522	2.439	2.293	0.146	1.4	0.9	s15_t1.4_a0.9_048.gff
297	N	N	1.744	3.407	3.246	0.161	1.4	0.9	s15_t1.4_a0.9_049.gff
115	N	N	1.460	2.664	2.537	0.127	1.4	0.9	s15_t1.4_a0.9_050.gff
29	N	N	1.308	2.366	2.229	0.137	1.4	0.9	s15_t1.4_a0.9_051.gff
47	N	N	1.344	2.414	2.269	0.145	1.4	0.9	s15_t1.4_a0.9_052.gff
244	N	N	1.813	3.556	3.369	0.187	1.4	0.9	s15_t1.4_a0.9_053.gff
90	N	N	1.513	2.831	2.710	0.121	1.4	0.9	s15_t1.4_a0.9_054.gff
305	N	N	1.776	3.456	3.285	0.171	1.4	0.9	s15_t1.4_a0.9_055.gff
81	N	N	1.851	2.571	2.407	0.164	1.4	0.9	s15_t1.4_a0.9_056.gff
191	N	N	1.668	3.202	3.046	0.156	1.4	0.9	s15_t1.4_a0.9_057.gff
65	N	N	1.463	2.653	2.516	0.137	1.4	0.9	s15_t1.4_a0.9_058.gff
210	N	N	1.744	3.397	3.239	0.158	1.4	0.9	s15_t1.4_a0.9_059.gff
209	N	N	1.746	3.333	3.179	0.154	1.4	0.9	s15_t1.4_a0.9_060.gff
178	N	N	1.626	3.049	2.901	0.148	1.4	0.9	s15_t1.4_a0.9_061.gff
387	N	N	1.933	3.901	3.707	0.194	1.4	0.9	s15_t1.4_a0.9_062.gff
160	N	N	1.640	3.121	2.948	0.173	1.4	0.9	s15_t1.4_a0.9_063.gff
156	N	N	1.674	3.177	3.005	0.172	1.4	0.9	s15_t1.4_a0.9_064.gff
187	N	N	1.679	3.196	3.058	0.138	1.4	0.9	s15_t1.4_a0.9_065.gff
277	N	N	1.719	3.429	3.266	0.163	1.4	0.9	s15_t1.4_a0.9_066.gff
138	N	N	1.540	2.853	2.717	0.136	1.4	0.9	s15_t1.4_a0.9_067.gff
200	N	N	1.638	3.144	2.988	0.156	1.4	0.9	s15_t1.4_a0.9_068.gff
258	N	N	1.771	3.446	3.277	0.169	1.4	0.9	s15_t1.4_a0.9_069.gff
127	N	N	1.526	2.850	2.705	0.145	1.4	0.9	s15_t1.4_a0.9_070.gff
399	N	N	1.947	3.943	3.785	0.158	1.4	0.9	s15_t1.4_a0.9_071.gff
266	N	N	1.799	3.529	3.381	0.148	1.4	0.9	s15_t1.4_a0.9_072.gff
38	N	N	1.366	2.441	2.301	0.140	1.4	0.9	s15_t1.4_a0.9_073.gff
409	N	N	1.946	3.894	3.711	0.183	1.4	0.9	s15_t1.4_a0.9_074.gff
601	N	N	2.087	4.280	4.065	0.215	1.4	0.9	s15_t1.4_a0.9_075.gff
98	N	N	1.427	2.571	2.418	0.153	1.4	0.9	s15_t1.4_a0.9_076.gff
86	N	N	1.453	2.604	2.482	0.122	1.4	0.9	s15_t1.4_a0.9_077.gff
171	N	N	1.619	3.046	2.881	0.165	1.4	0.9	s15_t1.4_a0.9_078.gff
160	N	N	1.683	3.232	3.072	0.160	1.4	0.9	s15_t1.4_a0.9_079.gff
120	N	N	1.604	3.045	2.871	0.174	1.4	0.9	s15_t1.4_a0.9_080.gff
58	N	N	1.423	2.564	2.448	0.116	1.4	0.9	s15_t1.4_a0.9_081.gff
106	N	N	1.490	2.643	2.489	0.154	1.4	0.9	s15_t1.4_a0.9_082.gff
46	N	N	1.429	2.584	2.456	0.128	1.4	0.9	s15_t1.4_a0.9_083.gff
156	N	N	1.583	2.970	2.815	0.155	1.4	0.9	s15_t1.4_a0.9_084.gff
99	N	N	1.530	2.744	2.590	0.154	1.4	0.9	s15_t1.4_a0.9_085.gff
340	N	N	1.783	3.540	3.361	0.179	1.4	0.9	s15_t1.4_a0.9_086.gff
65	N	N	1.386	2.501	2.371	0.130	1.4	0.9	s15_t1.4_a0.9_087.gff
83	N	N	1.539	2.734	2.594	0.140	1.4	0.9	s15_t1.4_a0.9_088.gff
5	N	N	1.279	2.354	2.225	0.129	1.4	0.9	s15_t1.4_a0.9_089.gff
552	N	N	2.208	4.472	4.217	0.255	1.4	0.9	s15_t1.4_a0.9_090.gff
83	N	N	1.423	2.607	2.459	0.148	1.4	0.9	s15_t1.4_a0.9_091.gff
95	N	N	1.518	2.877	2.713	0.164	1.4	0.9	s15_t1.4_a0.9_092.gff
74	N	N	1.424	2.610	2.464	0.146	1.4	0.9	s15_t1.4_a0.9_093.gff
105	N	N	1.506	2.737	2.584	0.153	1.4	0.9	s15_t1.4_a0.9_094.gff
618	N	N	2.248	4.539	4.322	0.217	1.4	0.9	s15_t1.4_a0.9_095.gff
228	N	N	1.650	3.020	2.874	0.146	1.4	0.9	s15_t1.4_a0.9_096.gff
360	N	N	1.823	3.585	3.397	0.188	1.4	0.9	s15_t1.4_a0.9_097.gff
210	N	N	1.684	3.267	3.111	0.156	1.4	0.9	s15_t1.4_a0.9_098.gff
298	N	N	1.789	3.509	3.344	0.165	1.4	0.9	s15_t1.4_a0.9_099.gff
251	N	N	1.779	3.400	3.236	0.164	1.4	0.9	s15_t1.4_a0.9_100.gff
56	N	N	1.377	2.499	2.348	0.151	1.4	1.0	s15_t1.4_a1.0_001.gff
67	N	N	1.397	2.528	2.384	0.144	1.4	1.0	s15_t1.4_a1.0_002.gff
49	N	N	1.356	2.469	2.350	0.119	1.4	1.0	s15_t1.4_a1.0_003.gff
88	N	N	1.414	2.536	2.398	0.138	1.4	1.0	s15_t1.4_a1.0_004.gff
84	N	N	1.419	2.579	2.442	0.137	1.4	1.0	s15_t1.4_a1.0_005.gff
53	N	N	1.360	2.491	2.349	0.142	1.4	1.0	s15_t1.4_a1.0_006.gff
29	N	N	1.313	2.382	2.243	0.139	1.4	1.0	s15_t1.4_a1.0_007.gff
108	N	N	1.439	2.624	2.472	0.152	1.4	1.0	s15_t1.4_a1.0_008.gff
75	N	N	1.409	2.576	2.429	0.147	1.4	1.0	s15_t1.4_a1.0_009.gff
67	N	N	1.411	2.562	2.428	0.134	1.4	1.0	s15_t1.4_a1.0_010.gff
66	N	N	1.410	2.576	2.429	0.147	1.4	1.0	s15_t1.4_a1.0_011.gff
234	N	N	1.603	3.037	2.888	0.149	1.4	1.0	s15_t1.4_a1.0_012.gff
69	N	N	1.400	2.550	2.409	0.141	1.4	1.0	s15_t1.4_a1.0_013.gff
55	N	N	1.402	2.531	2.394	0.137	1.4	1.0	s15_t1.4_a1.0_014.gff
107	N	N	1.437	2.617	2.485	0.132	1.4	1.0	s15_t1.4_a1.0_015.gff
40	N	N	1.399	2.518	2.377	0.141	1.4	1.0	s15_t1.4_a1.0_016.gff
86	N	N	1.419	2.617	2.484	0.133	1.4	1.0	s15_t1.4_a1.0_017.gff
83	N	N	1.407	2.621	2.486	0.135	1.4	1.0	s15_t1.4_a1.0_018.gff
59	N	N	1.386	2.514	2.376	0.138	1.4	1.0	s15_t1.4_a1.0_019.gff
38	N	N	1.344	2.467	2.336	0.131	1.4	1.0	s15_t1.4_a1.0_020.gff
105	N	N	1.439	2.573	2.422	0.151	1.4	1.0	s15_t1.4_a1.0_021.gff
224	N	N	1.587	2.950	2.807	0.143	1.4	1.0	s15_t1.4_a1.0_022.gff
52	N	N	1.349	2.485	2.327	0.158	1.4	1.0	s15_t1.4_a1.0_023.gff
146	N	N	1.471	2.749	2.590	0.159	1.4	1.0	s15_t1.4_a1.0_024.gff
90	N	N	1.446	2.656	2.507	0.149	1.4	1.0	s15_t1.4_a1.0_025.gff
120	N	N	1.450	2.681	2.550	0.131	1.4	1.0	s15_t1.4_a1.0_026.gff
83	N	N	1.399	2.577	2.425	0.152	1.4	1.0	s15_t1.4_a1.0_027.gff
89	N	N	1.404	2.598	2.446	0.152	1.4	1.0	s15_t1.4_a1.0_028.gff
23	N	N	1.322	2.443	2.311	0.132	1.4	1.0	s15_t1.4_a1.0_029.gff
79	N	N	1.371	2.536	2.391	0.145	1.4	1.0	s15_t1.4_a1.0_030.gff
60	N	N	1.366	2.511	2.374	0.137	1.4	1.0	s15_t1.4_a1.0_031.gff
101	N	N	1.427	2.640	2.501	0.139	1.4	1.0	s15_t1.4_a1.0_032.gff
103	N	N	1.445	2.676	2.531	0.145	1.4	1.0	s15_t1.4_a1.0_033.gff
87	N	N	1.413	2.625	2.487	0.138	1.4	1.0	s15_t1.4_a1.0_034.gff
69	N	N	1.404	2.538	2.405	0.133	1.4	1.0	s15_t1.4_a1.0_035.gff
63	N	N	1.395	2.562	2.429	0.133	1.4	1.0	s15_t1.4_a1.0_036.gff
128	N	N	1.463	2.683	2.551	0.132	1.4	1.0	s15_t1.4_a1.0_037.gff
81	N	N	1.405	2.590	2.440	0.150	1.4	1.0	s15_t1.4_a1.0_038.gff
119	N	N	1.456	2.649	2.488	0.161	1.4	1.0	s15_t1.4_a1.0_039.gff
65	N	N	1.411	2.583	2.460	0.123	1.4	1.0	s15_t1.4_a1.0_040.gff
45	N	N	1.394	2.528	2.379	0.149	1.4	1.0	s15_t1.4_a1.0_041.gff
50	N	N	1.386	2.518	2.393	0.125	1.4	1.0	s15_t1.4_a1.0_042.gff
120	N	N	1.470	2.690	2.545	0.145	1.4	1.0	s15_t1.4_a1.0_043.gff
116	N	N	1.431	2.627	2.500	0.127	1.4	1.0	s15_t1.4_a1.0_044.gff
48	N	N	1.853	2.555	2.405	0.150	1.4	1.0	s15_t1.4_a1.0_045.gff
106	N	N	1.426	2.638	2.503	0.135	1.4	1.0	s15_t1.4_a1.0_046.gff
99	N	N	1.423	2.618	2.476	0.142	1.4	1.0	s15_t1.4_a1.0_047.gff
93	N	N	1.409	2.548	2.413	0.135	1.4	1.0	s15_t1.4_a1.0_048.gff
55	N	N	1.354	2.474	2.337	0.137	1.4	1.0	s15_t1.4_a1.0_049.gff
72	N	N	1.395	2.529	2.393	0.136	1.4	1.0	s15_t1.4_a1.0_050.gff
54	N	N	1.352	2.500	2.377	0.123	1.4	1.0	s15_t1.4_a1.0_051.gff
154	N	N	1.481	2.718	2.567	0.151	1.4	1.0	s15_t1.4_a1.0_052.gff
115	N	N	1.447	2.679	2.559	0.120	1.4	1.0	s15_t1.4_a1.0_053.gff
77	N	N	1.414	2.604	2.467	0.137	1.4	1.0	s15_t1.4_a1.0_054.gff
53	N	N	1.391	2.528	2.378	0.150	1.4	1.0	s15_t1.4_a1.0_055.gff
52	N	N	1.350	2.479	2.356	0.123	1.4	1.0	s15_t1.4_a1.0_056.gff
161	N	N	1.504	2.757	2.609	0.148	1.4	1.0	s15_t1.4_a1.0_057.gff
3	N	N	1.274	2.328	2.214	0.114	1.4	1.0	s15_t1.4_a1.0_058.gff
52	N	N	1.342	2.441	2.304	0.137	1.4	1.0	s15_t1.4_a1.0_059.gff
103	N	N	1.434	2.660	2.523	0.137	1.4	1.0	s15_t1.4_a1.0_060.gff
239	N	N	1.570	2.955	2.804	0.151	1.4	1.0	s15_t1.4_a1.0_061.gff
61	N	N	1.397	2.525	2.401	0.124	1.4	1.0	s15_t1.4_a1.0_062.gff
38	N	N	1.362	2.459	2.314	0.145	1.4	1.0	s15_t1.4_a1.0_063.gff
113	N	N	1.463	2.662	2.507	0.155	1.4	1.0	s15_t1.4_a1.0_064.gff
58	N	N	1.382	2.550	2.410	0.140	1.4	1.0	s15_t1.4_a1.0_065.gff
37	N	N	1.368	2.497	2.358	0.139	1.4	1.0	s15_t1.4_a1.0_066.gff
153	N	N	1.512	2.815	2.661	0.154	1.4	1.0	s15_t1.4_a1.0_067.gff
59	N	N	1.420	2.523	2.380	0.143	1.4	1.0	s15_t1.4_a1.0_068.gff
64	N	N	1.476	2.599	2.467	0.132	1.4	1.0	s15_t1.4_a1.0_069.gff
149	N	N	1.585	2.820	2.679	0.141	1.4	1.0	s15_t1.4_a1.0_070.gff
33	N	N	1.352	2.463	2.325	0.138	1.4	1.0	s15_t1.4_a1.0_071.gff
105	N	N	1.451	2.649	2.509	0.140	1.4	1.0	s15_t1.4_a1.0_072.gff
42	N	N	1.358	2.466	2.336	0.130	1.4	1.0	s15_t1.4_a1.0_073.gff
4	N	N	1.305	2.375	2.245	0.130	1.4	1.0	s15_t1.4_a1.0_074.gff
126	N	N	1.488	2.763	2.618	0.145	1.4	1.0	s15_t1.4_a1.0_075.gff
90	N	N	1.413	2.576	2.439	0.137	1.4	1.0	s15_t1.4_a1.0_076.gff
68	N	N	1.414	2.560	2.423	0.137	1.4	1.0	s15_t1.4_a1.0_077.gff
122	N	N	1.494	2.727	2.585	0.142	1.4	1.0	s15_t1.4_a1.0_078.gff
83	N	N	1.396	2.560	2.409	0.151	1.4	1.0	s15_t1.4_a1.0_079.gff
65	N	N	1.409	2.575	2.425	0.150	1.4	1.0	s15_t1.4_a1.0_080.gff
191	N	N	1.560	2.846	2.695	0.151	1.4	1.0	s15_t1.4_a1.0_081.gff
105	N	N	1.458	2.660	2.500	0.160	1.4	1.0	s15_t1.4_a1.0_082.gff
105	N	N	1.437	2.567	2.449	0.118	1.4	1.0	s15_t1.4_a1.0_083.gff
71	N	N	1.391	2.524	2.378	0.146	1.4	1.0	s15_t1.4_a1.0_084.gff
135	N	N	1.462	2.733	2.602	0.131	1.4	1.0	s15_t1.4_a1.0_085.gff
89	N	N	1.400	2.567	2.420	0.147	1.4	1.0	s15_t1.4_a1.0_086.gff
126	N	N	1.465	2.693	2.535	0.158	1.4	1.0	s15_t1.4_a1.0_087.gff
68	N	N	1.388	2.559	2.420	0.139	1.4	1.0	s15_t1.4_a1.0_088.gff
69	N	N	1.391	2.600	2.464	0.136	1.4	1.0	s15_t1.4_a1.0_089.gff
24	N	N	1.329	2.411	2.269	0.142	1.4	1.0	s15_t1.4_a1.0_090.gff
156	N	N	1.484	2.789	2.656	0.133	1.4	1.0	s15_t1.4_a1.0_091.gff
36	N	N	1.392	2.403	2.242	0.161	1.4	1.0	s15_t1.4_a1.0_092.gff
75	N	N	1.389	2.567	2.427	0.140	1.4	1.0	s15_t1.4_a1.0_093.gff
68	N	N	1.389	2.512	2.372	0.140	1.4	1.0	s15_t1.4_a1.0_094.gff
86	N	N	1.414	2.653	2.496	0.157	1.4	1.0	s15_t1.4_a1.0_095.gff
75	N	N	1.406	2.533	2.400	0.133	1.4	1.0	s15_t1.4_a1.0_096.gff
196	N	N	1.550	2.880	2.721	0.159	1.4	1.0	s15_t1.4_a1.0_097.gff
85	N	N	1.440	2.625	2.473	0.152	1.4	1.0	s15_t1.4_a1.0_098.gff
46	N	N	1.352	2.519	2.362	0.157	1.4	1.0	s15_t1.4_a1.0_099.gff
133	N	N	1.465	2.743	2.608	0.135	1.4	1.0	s15_t1.4_a1.0_100.gff
NA	Y	N	593.437	602.090	601.059	1.031	1.6	0.1	s15_t1.6_a0.1_001.gff
NA	Y	N	593.198	602.060	600.966	1.094	1.6	0.1	s15_t1.6_a0.1_002.gff
NA	Y	N	599.966	601.524	600.635	0.889	1.6	0.1	s15_t1.6_a0.1_003.gff
NA	Y	N	600.692	601.650	600.787	0.863	1.6	0.1	s15_t1.6_a0.1_004.gff
NA	Y	N	542.141	601.650	600.544	1.106	1.6	0.1	s15_t1.6_a0.1_005.gff
NA	Y	N	599.825	601.794	600.843	0.951	1.6	0.1	s15_t1.6_a0.1_006.gff
NA	Y	N	596.603	602.191	601.100	1.091	1.6	0.1	s15_t1.6_a0.1_007.gff
NA	Y	N	595.261	602.114	601.055	1.059	1.6	0.1	s15_t1.6_a0.1_008.gff
NA	Y	N	590.060	602.219	600.834	1.385	1.6	0.1	s15_t1.6_a0.1_009.gff
NA	Y	N	571.826	601.748	600.359	1.389	1.6	0.1	s15_t1.6_a0.1_010.gff
NA	Y	N	590.105	602.081	600.803	1.278	1.6	0.1	s15_t1.6_a0.1_011.gff
NA	Y	N	598.938	601.555	600.563	0.992	1.6	0.1	s15_t1.6_a0.1_012.gff
NA	Y	N	599.529	601.957	600.998	0.959	1.6	0.1	s15_t1.6_a0.1_013.gff
NA	Y	N	589.858	602.156	601.005	1.151	1.6	0.1	s15_t1.6_a0.1_014.gff
NA	Y	N	581.557	601.858	600.586	1.272	1.6	0.1	s15_t1.6_a0.1_015.gff
NA	Y	N	592.616	602.119	601.040	1.079	1.6	0.1	s15_t1.6_a0.1_016.gff
NA	Y	N	587.359	602.127	600.800	1.327	1.6	0.1	s15_t1.6_a0.1_017.gff
NA	Y	N	598.025	601.795	600.859	0.936	1.6	0.1	s15_t1.6_a0.1_018.gff
NA	Y	N	601.372	601.600	600.691	0.909	1.6	0.1	s15_t1.6_a0.1_019.gff
NA	Y	N	591.090	602.252	601.177	1.075	1.6	0.1	s15_t1.6_a0.1_020.gff
NA	Y	N	601.886	601.759	601.000	0.759	1.6	0.1	s15_t1.6_a0.1_021.gff
NA	Y	N	599.911	601.591	600.644	0.947	1.6	0.1	s15_t1.6_a0.1_022.gff
NA	Y	N	593.376	602.394	601.315	1.079	1.6	0.1	s15_t1.6_a0.1_023.gff
NA	Y	N	600.320	601.608	600.772	0.836	1.6	0.1	s15_t1.6_a0.1_024.gff
NA	Y	N	598.888	602.114	601.072	1.042	1.6	0.1	s15_t1.6_a0.1_025.gff
NA	Y	N	528.059	601.836	600.642	1.194	1.6	0.1	s15_t1.6_a0.1_026.gff
NA	Y	N	600.417	601.653	600.657	0.996	1.6	0.1	s15_t1.6_a0.1_027.gff
NA	Y	N	571.694	601.713	600.527	1.186	1.6	0.1	s15_t1.6_a0.1_028.gff
NA	Y	N	586.972	602.183	600.916	1.267	1.6	0.1	s15_t1.6_a0.1_029.gff
NA	Y	N	577.974	601.818	599.706	2.112	1.6	0.1	s15_t1.6_a0.1_030.gff
NA	Y	N	601.052	601.534	600.632	0.902	1.6	0.1	s15_t1.6_a0.1_031.gff
52523	N	N	55.827	76.123	75.196	0.927	1.6	0.1	s15_t1.6_a0.1_032.gff
NA	Y	N	598.805	601.812	600.914	0.898	1.6	0.1	s15_t1.6_a0.1_033.gff
NA	Y	N	600.527	602.186	601.315	0.871	1.6	0.1	s15_t1.6_a0.1_034.gff
NA	Y	N	597.852	601.927	600.927	1.000	1.6	0.1	s15_t1.6_a0.1_035.gff
NA	Y	N	590.109	601.959	600.689	1.270	1.6	0.1	s15_t1.6_a0.1_036.gff
NA	Y	N	592.691	602.133	600.962	1.171	1.6	0.1	s15_t1.6_a0.1_037.gff
NA	Y	N	558.745	601.805	600.593	1.212	1.6	0.1	s15_t1.6_a0.1_038.gff
NA	Y	N	599.850	602.014	601.089	0.925	1.6	0.1	s15_t1.6_a0.1_039.gff
NA	Y	N	590.281	602.148	600.799	1.349	1.6	0.1	s15_t1.6_a0.1_040.gff
NA	Y	N	237.311	602.381	600.974	1.407	1.6	0.1	s15_t1.6_a0.1_041.gff
NA	Y	N	600.860	601.814	601.034	0.780	1.6	0.1	s15_t1.6_a0.1_042.gff
NA	Y	N	499.355	601.916	600.671	1.245	1.6	0.1	s15_t1.6_a0.1_043.gff
NA	Y	N	576.964	601.663	600.504	1.159	1.6	0.1	s15_t1.6_a0.1_044.gff
NA	Y	N	602.951	601.539	600.613	0.926	1.6	0.1	s15_t1.6_a0.1_045.gff
NA	Y	N	353.978	602.060	600.802	1.258	1.6	0.1	s15_t1.6_a0.1_046.gff
NA	Y	N	415.996	601.880	600.587	1.293	1.6	0.1	s15_t1.6_a0.1_047.gff
NA	Y	N	562.223	601.895	599.776	2.119	1.6	0.1	s15_t1.6_a0.1_048.gff
NA	Y	N	591.313	602.211	601.067	1.144	1.6	0.1	s15_t1.6_a0.1_049.gff
NA	Y	N	600.819	601.530	600.715	0.815	1.6	0.1	s15_t1.6_a0.1_050.gff
NA	Y	N	601.692	601.466	600.743	0.723	1.6	0.1	s15_t1.6_a0.1_051.gff
NA	Y	N	527.385	601.775	600.606	1.169	1.6	0.1	s15_t1.6_a0.1_052.gff
NA	Y	N	599.197	602.007	601.006	1.001	1.6	0.1	s15_t1.6_a0.1_053.gff
NA	Y	N	595.111	601.930	600.737	1.193	1.6	0.1	s15_t1.6_a0.1_054.gff
NA	Y	N	569.591	601.994	600.613	1.381	1.6	0.1	s15_t1.6_a0.1_055.gff
NA	Y	N	592.959	602.378	601.204	1.174	1.6	0.1	s15_t1.6_a0.1_056.gff
NA	Y	N	584.521	602.201	600.826	1.375	1.6	0.1	s15_t1.6_a0.1_057.gff
NA	Y	N	602.008	601.446	600.702	0.744	1.6	0.1	s15_t1.6_a0.1_058.gff
NA	Y	N	594.254	602.367	601.231	1.136	1.6	0.1	s15_t1.6_a0.1_059.gff
NA	Y	N	592.530	602.207	600.859	1.348	1.6	0.1	s15_t1.6_a0.1_060.gff
NA	Y	N	589.254	602.265	600.952	1.313	1.6	0.1	s15_t1.6_a0.1_061.gff
NA	Y	N	594.274	602.140	601.085	1.055	1.6	0.1	s15_t1.6_a0.1_062.gff
NA	Y	N	590.748	602.169	600.996	1.173	1.6	0.1	s15_t1.6_a0.1_063.gff
NA	Y	N	599.924	601.676	600.759	0.917	1.6	0.1	s15_t1.6_a0.1_064.gff
NA	Y	N	593.358	602.075	600.901	1.174	1.6	0.1	s15_t1.6_a0.1_065.gff
NA	Y	N	603.005	601.479	600.736	0.743	1.6	0.1	s15_t1.6_a0.1_066.gff
NA	Y	N	301.954	602.067	600.061	2.006	1.6	0.1	s15_t1.6_a0.1_067.gff
NA	Y	N	545.941	601.697	599.117	2.580	1.6	0.1	s15_t1.6_a0.1_068.gff
NA	Y	N	324.090	601.952	600.732	1.220	1.6	0.1	s15_t1.6_a0.1_069.gff
NA	Y	N	588.162	602.064	601.026	1.038	1.6	0.1	s15_t1.6_a0.1_070.gff
NA	Y	N	594.166	601.904	600.788	1.116	1.6	0.1	s15_t1.6_a0.1_071.gff
NA	Y	N	553.222	601.872	600.371	1.501	1.6	0.1	s15_t1.6_a0.1_072.gff
NA	Y	N	585.806	602.327	600.967	1.360	1.6	0.1	s15_t1.6_a0.1_073.gff
NA	Y	N	599.851	602.295	601.293	1.002	1.6	0.1	s15_t1.6_a0.1_074.gff
NA	Y	N	598.999	601.552	600.598	0.954	1.6	0.1	s15_t1.6_a0.1_075.gff
NA	Y	N	598.221	601.850	600.836	1.014	1.6	0.1	s15_t1.6_a0.1_076.gff
NA	Y	N	330.471	601.935	600.688	1.247	1.6	0.1	s15_t1.6_a0.1_077.gff
NA	Y	N	574.369	601.890	600.625	1.265	1.6	0.1	s15_t1.6_a0.1_078.gff
NA	Y	N	592.604	602.272	600.918	1.354	1.6	0.1	s15_t1.6_a0.1_079.gff
NA	Y	N	586.812	602.215	600.915	1.300	1.6	0.1	s15_t1.6_a0.1_080.gff
NA	Y	N	596.901	601.855	600.798	1.057	1.6	0.1	s15_t1.6_a0.1_081.gff
NA	Y	N	587.046	602.261	600.999	1.262	1.6	0.1	s15_t1.6_a0.1_082.gff
NA	Y	N	392.428	601.941	600.780	1.161	1.6	0.1	s15_t1.6_a0.1_083.gff
NA	Y	N	593.505	602.142	601.056	1.086	1.6	0.1	s15_t1.6_a0.1_084.gff
NA	Y	N	602.733	602.015	601.217	0.798	1.6	0.1	s15_t1.6_a0.1_085.gff
NA	Y	N	590.326	602.387	601.105	1.282	1.6	0.1	s15_t1.6_a0.1_086.gff
NA	Y	N	558.542	601.648	598.929	2.719	1.6	0.1	s15_t1.6_a0.1_087.gff
NA	Y	N	596.843	601.828	600.901	0.927	1.6	0.1	s15_t1.6_a0.1_088.gff
NA	Y	N	587.033	602.187	600.924	1.263	1.6	0.1	s15_t1.6_a0.1_089.gff
NA	Y	N	593.911	602.288	601.144	1.144	1.6	0.1	s15_t1.6_a0.1_090.gff
NA	Y	N	579.076	602.233	600.953	1.280	1.6	0.1	s15_t1.6_a0.1_091.gff
NA	Y	N	598.529	601.924	601.187	0.737	1.6	0.1	s15_t1.6_a0.1_092.gff
NA	Y	N	588.360	602.217	601.210	1.007	1.6	0.1	s15_t1.6_a0.1_093.gff
NA	Y	N	570.540	601.704	600.462	1.242	1.6	0.1	s15_t1.6_a0.1_094.gff
NA	Y	N	588.443	601.968	600.837	1.131	1.6	0.1	s15_t1.6_a0.1_095.gff
NA	Y	N	595.302	602.102	601.156	0.946	1.6	0.1	s15_t1.6_a0.1_096.gff
NA	Y	N	568.653	601.778	600.244	1.534	1.6	0.1	s15_t1.6_a0.1_097.gff
NA	Y	N	588.773	601.757	600.226	1.531	1.6	0.1	s15_t1.6_a0.1_098.gff
NA	Y	N	404.779	602.338	600.989	1.349	1.6	0.1	s15_t1.6_a0.1_099.gff
NA	Y	N	582.463	601.858	600.213	1.645	1.6	0.1	s15_t1.6_a0.1_100.gff
NA	Y	N	390.546	602.258	600.972	1.286	1.6	0.2	s15_t1.6_a0.2_001.gff
NA	Y	N	501.900	601.895	600.477	1.418	1.6	0.2	s15_t1.6_a0.2_002.gff
NA	Y	N	593.393	601.690	600.707	0.983	1.6	0.2	s15_t1.6_a0.2_003.gff
NA	Y	N	581.519	601.939	600.497	1.442	1.6	0.2	s15_t1.6_a0.2_004.gff
NA	Y	N	603.699	601.424	600.051	1.373	1.6	0.2	s15_t1.6_a0.2_005.gff
NA	Y	N	581.107	602.002	600.867	1.135	1.6	0.2	s15_t1.6_a0.2_006.gff
NA	Y	N	585.098	601.911	600.361	1.550	1.6	0.2	s15_t1.6_a0.2_007.gff
NA	Y	N	560.458	601.826	600.061	1.765	1.6	0.2	s15_t1.6_a0.2_008.gff
NA	Y	N	430.251	601.918	600.437	1.481	1.6	0.2	s15_t1.6_a0.2_009.gff
NA	Y	N	582.811	601.809	600.241	1.568	1.6	0.2	s15_t1.6_a0.2_010.gff
NA	Y	N	587.166	601.770	600.027	1.743	1.6	0.2	s15_t1.6_a0.2_011.gff
NA	Y	N	583.399	601.766	600.244	1.522	1.6	0.2	s15_t1.6_a0.2_012.gff
NA	Y	N	588.675	601.900	600.845	1.055	1.6	0.2	s15_t1.6_a0.2_013.gff
NA	Y	N	520.777	602.015	600.754	1.261	1.6	0.2	s15_t1.6_a0.2_014.gff
NA	Y	N	290.921	602.386	600.899	1.487	1.6	0.2	s15_t1.6_a0.2_015.gff
NA	Y	N	580.863	602.275	600.943	1.332	1.6	0.2	s15_t1.6_a0.2_016.gff
NA	Y	N	586.416	602.063	600.623	1.440	1.6	0.2	s15_t1.6_a0.2_017.gff
NA	Y	N	424.809	602.049	600.531	1.518	1.6	0.2	s15_t1.6_a0.2_018.gff
NA	Y	N	579.438	602.117	600.878	1.239	1.6	0.2	s15_t1.6_a0.2_019.gff
NA	Y	N	592.774	601.701	600.769	0.932	1.6	0.2	s15_t1.6_a0.2_020.gff
NA	Y	N	582.370	602.024	600.616	1.408	1.6	0.2	s15_t1.6_a0.2_021.gff
NA	Y	N	560.528	602.176	598.433	3.743	1.6	0.2	s15_t1.6_a0.2_022.gff
NA	Y	N	575.830	602.110	600.867	1.243	1.6	0.2	s15_t1.6_a0.2_023.gff
NA	Y	N	593.337	601.622	600.533	1.089	1.6	0.2	s15_t1.6_a0.2_024.gff
NA	Y	N	580.149	602.064	600.811	1.253	1.6	0.2	s15_t1.6_a0.2_025.gff
NA	Y	N	574.586	601.883	600.139	1.744	1.6	0.2	s15_t1.6_a0.2_026.gff
NA	Y	N	576.308	602.104	600.925	1.179	1.6	0.2	s15_t1.6_a0.2_027.gff
NA	Y	N	433.397	602.091	600.761	1.330	1.6	0.2	s15_t1.6_a0.2_028.gff
NA	Y	N	584.688	601.814	600.577	1.237	1.6	0.2	s15_t1.6_a0.2_029.gff
NA	Y	N	588.714	601.810	600.684	1.126	1.6	0.2	s15_t1.6_a0.2_030.gff
NA	Y	N	567.841	601.776	600.598	1.178	1.6	0.2	s15_t1.6_a0.2_031.gff
NA	Y	N	576.284	602.172	600.798	1.374	1.6	0.2	s15_t1.6_a0.2_032.gff
NA	Y	N	579.489	601.970	600.639	1.331	1.6	0.2	s15_t1.6_a0.2_033.gff
NA	Y	N	506.312	601.981	600.670	1.311	1.6	0.2	s15_t1.6_a0.2_034.gff
NA	Y	N	550.720	601.824	600.459	1.365	1.6	0.2	s15_t1.6_a0.2_035.gff
NA	Y	N	598.424	601.296	600.168	1.128	1.6	0.2	s15_t1.6_a0.2_036.gff
NA	Y	N	600.576	601.354	600.307	1.047	1.6	0.2	s15_t1.6_a0.2_037.gff
NA	Y	N	579.505	602.160	600.912	1.248	1.6	0.2	s15_t1.6_a0.2_038.gff
NA	Y	N	439.849	602.124	600.820	1.304	1.6	0.2	s15_t1.6_a0.2_039.gff
NA	Y	N	577.052	602.128	600.852	1.276	1.6	0.2	s15_t1.6_a0.2_040.gff
NA	Y	N	590.422	601.696	600.564	1.132	1.6	0.2	s15_t1.6_a0.2_041.gff
NA	Y	N	597.279	601.518	600.434	1.084	1.6	0.2	s15_t1.6_a0.2_042.gff
NA	Y	N	570.021	601.776	599.661	2.115	1.6	0.2	s15_t1.6_a0.2_043.gff
NA	Y	N	582.784	602.115	600.723	1.392	1.6	0.2	s15_t1.6_a0.2_044.gff
NA	Y	N	591.876	601.799	600.716	1.083	1.6	0.2	s15_t1.6_a0.2_045.gff
NA	Y	N	413.769	602.474	600.950	1.524	1.6	0.2	s15_t1.6_a0.2_046.gff
NA	Y	N	581.864	602.006	600.872	1.134	1.6	0.2	s15_t1.6_a0.2_047.gff
NA	Y	N	580.408	602.207	600.793	1.414	1.6	0.2	s15_t1.6_a0.2_048.gff
NA	Y	N	591.923	601.790	600.615	1.175	1.6	0.2	s15_t1.6_a0.2_049.gff
NA	Y	N	579.662	602.001	600.505	1.496	1.6	0.2	s15_t1.6_a0.2_050.gff
NA	Y	N	584.034	601.691	600.527	1.164	1.6	0.2	s15_t1.6_a0.2_051.gff
NA	Y	N	585.340	601.788	600.518	1.270	1.6	0.2	s15_t1.6_a0.2_052.gff
NA	Y	N	583.082	601.923	600.676	1.247	1.6	0.2	s15_t1.6_a0.2_053.gff
NA	Y	N	580.998	601.726	600.292	1.434	1.6	0.2	s15_t1.6_a0.2_054.gff
NA	Y	N	595.463	601.488	600.660	0.828	1.6	0.2	s15_t1.6_a0.2_055.gff
NA	Y	N	579.153	602.142	601.082	1.060	1.6	0.2	s15_t1.6_a0.2_056.gff
15235	N	N	36.830	46.562	46.047	0.515	1.6	0.2	s15_t1.6_a0.2_057.gff
NA	Y	N	559.656	601.919	600.502	1.417	1.6	0.2	s15_t1.6_a0.2_058.gff
NA	Y	N	407.244	602.407	601.175	1.232	1.6	0.2	s15_t1.6_a0.2_059.gff
45517	N	N	112.991	138.871	136.897	1.974	1.6	0.2	s15_t1.6_a0.2_060.gff
NA	Y	N	578.615	601.813	600.285	1.528	1.6	0.2	s15_t1.6_a0.2_061.gff
NA	Y	N	366.263	602.274	600.817	1.457	1.6	0.2	s15_t1.6_a0.2_062.gff
NA	Y	N	585.073	601.762	600.565	1.197	1.6	0.2	s15_t1.6_a0.2_063.gff
NA	Y	N	542.906	601.777	600.508	1.269	1.6	0.2	s15_t1.6_a0.2_064.gff
NA	Y	N	602.460	601.407	600.656	0.751	1.6	0.2	s15_t1.6_a0.2_065.gff
NA	Y	N	424.952	602.285	600.964	1.321	1.6	0.2	s15_t1.6_a0.2_066.gff
NA	Y	N	582.684	602.027	600.786	1.241	1.6	0.2	s15_t1.6_a0.2_067.gff
NA	Y	N	579.488	601.986	600.646	1.340	1.6	0.2	s15_t1.6_a0.2_068.gff
NA	Y	N	579.675	602.050	600.851	1.199	1.6	0.2	s15_t1.6_a0.2_069.gff
NA	Y	N	583.458	601.843	600.362	1.481	1.6	0.2	s15_t1.6_a0.2_070.gff
NA	Y	N	585.113	601.882	600.872	1.010	1.6	0.2	s15_t1.6_a0.2_071.gff
NA	Y	N	584.279	601.980	600.791	1.189	1.6	0.2	s15_t1.6_a0.2_072.gff
NA	Y	N	584.790	601.821	600.827	0.994	1.6	0.2	s15_t1.6_a0.2_073.gff
NA	Y	N	419.998	602.028	600.971	1.057	1.6	0.2	s15_t1.6_a0.2_074.gff
NA	Y	N	581.626	602.462	600.947	1.515	1.6	0.2	s15_t1.6_a0.2_075.gff
NA	Y	N	585.838	602.022	601.070	0.952	1.6	0.2	s15_t1.6_a0.2_076.gff
NA	Y	N	440.896	602.370	600.160	2.210	1.6	0.2	s15_t1.6_a0.2_077.gff
NA	Y	N	584.660	601.939	600.935	1.004	1.6	0.2	s15_t1.6_a0.2_078.gff
NA	Y	N	566.965	601.905	600.008	1.897	1.6	0.2	s15_t1.6_a0.2_079.gff
NA	Y	N	541.680	601.767	600.521	1.246	1.6	0.2	s15_t1.6_a0.2_080.gff
NA	Y	N	583.145	601.931	600.451	1.480	1.6	0.2	s15_t1.6_a0.2_081.gff
NA	Y	N	580.080	601.991	600.690	1.301	1.6	0.2	s15_t1.6_a0.2_082.gff
NA	Y	N	560.332	601.689	600.244	1.445	1.6	0.2	s15_t1.6_a0.2_083.gff
NA	Y	N	600.501	601.488	600.728	0.760	1.6	0.2	s15_t1.6_a0.2_084.gff
NA	Y	N	582.556	601.975	600.737	1.238	1.6	0.2	s15_t1.6_a0.2_085.gff
NA	Y	N	532.124	601.945	600.149	1.796	1.6	0.2	s15_t1.6_a0.2_086.gff
NA	Y	N	587.616	601.762	600.745	1.017	1.6	0.2	s15_t1.6_a0.2_087.gff
NA	Y	N	595.044	601.491	600.505	0.986	1.6	0.2	s15_t1.6_a0.2_088.gff
NA	Y	N	585.435	601.811	600.547	1.264	1.6	0.2	s15_t1.6_a0.2_089.gff
NA	Y	N	601.393	601.473	600.729	0.744	1.6	0.2	s15_t1.6_a0.2_090.gff
NA	Y	N	377.834	602.461	601.203	1.258	1.6	0.2	s15_t1.6_a0.2_091.gff
NA	Y	N	579.722	601.718	599.329	2.389	1.6	0.2	s15_t1.6_a0.2_092.gff
NA	Y	N	584.736	601.887	600.712	1.175	1.6	0.2	s15_t1.6_a0.2_093.gff
NA	Y	N	582.694	601.957	600.607	1.350	1.6	0.2	s15_t1.6_a0.2_094.gff
NA	Y	N	585.044	601.908	600.876	1.032	1.6	0.2	s15_t1.6_a0.2_095.gff
NA	Y	N	589.522	601.761	600.911	0.850	1.6	0.2	s15_t1.6_a0.2_096.gff
NA	Y	N	435.332	602.335	600.145	2.190	1.6	0.2	s15_t1.6_a0.2_097.gff
NA	Y	N	579.679	602.074	600.777	1.297	1.6	0.2	s15_t1.6_a0.2_098.gff
NA	Y	N	581.793	601.948	600.486	1.462	1.6	0.2	s15_t1.6_a0.2_099.gff
NA	Y	N	599.025	601.621	600.573	1.048	1.6	0.2	s15_t1.6_a0.2_100.gff
NA	Y	N	586.852	601.763	600.434	1.329	1.6	0.3	s15_t1.6_a0.3_001.gff
48349	N	N	102.127	126.774	125.819	0.955	1.6	0.3	s15_t1.6_a0.3_002.gff
NA	Y	N	527.346	601.897	600.394	1.503	1.6	0.3	s15_t1.6_a0.3_003.gff
NA	Y	N	251.126	603.299	601.471	1.828	1.6	0.3	s15_t1.6_a0.3_004.gff
NA	Y	N	420.144	602.138	600.920	1.218	1.6	0.3	s15_t1.6_a0.3_005.gff
NA	Y	N	340.982	602.449	601.125	1.324	1.6	0.3	s15_t1.6_a0.3_006.gff
NA	Y	N	592.419	601.620	600.673	0.947	1.6	0.3	s15_t1.6_a0.3_007.gff
NA	Y	N	598.038	601.572	600.665	0.907	1.6	0.3	s15_t1.6_a0.3_008.gff
NA	Y	N	409.178	602.106	600.537	1.569	1.6	0.3	s15_t1.6_a0.3_009.gff
NA	Y	N	470.141	602.236	600.950	1.286	1.6	0.3	s15_t1.6_a0.3_010.gff
10938	N	N	14.035	20.816	20.439	0.377	1.6	0.3	s15_t1.6_a0.3_011.gff
NA	N	Y	132.074	187.604	186.073	1.531	1.6	0.3	s15_t1.6_a0.3_012.gff
42515	N	N	69.057	84.813	83.917	0.896	1.6	0.3	s15_t1.6_a0.3_013.gff
88494	N	N	268.740	313.599	312.508	1.091	1.6	0.3	s15_t1.6_a0.3_014.gff
NA	Y	N	456.294	601.968	600.648	1.320	1.6	0.3	s15_t1.6_a0.3_015.gff
NA	Y	N	303.221	602.123	600.944	1.179	1.6	0.3	s15_t1.6_a0.3_016.gff
NA	Y	N	560.373	601.839	600.286	1.553	1.6	0.3	s15_t1.6_a0.3_017.gff
NA	Y	N	261.578	602.869	601.420	1.449	1.6	0.3	s15_t1.6_a0.3_018.gff
NA	N	Y	199.145	420.295	418.106	2.189	1.6	0.3	s15_t1.6_a0.3_019.gff
NA	Y	N	578.504	601.858	600.306	1.552	1.6	0.3	s15_t1.6_a0.3_020.gff
NA	Y	N	598.773	601.594	600.655	0.939	1.6	0.3	s15_t1.6_a0.3_021.gff
NA	Y	N	457.727	602.045	600.528	1.517	1.6	0.3	s15_t1.6_a0.3_022.gff
NA	Y	N	581.521	602.010	600.715	1.295	1.6	0.3	s15_t1.6_a0.3_023.gff
13022	N	N	24.076	30.897	30.404	0.493	1.6	0.3	s15_t1.6_a0.3_024.gff
NA	Y	N	539.485	601.902	600.349	1.553	1.6	0.3	s15_t1.6_a0.3_025.gff
21120	N	N	41.167	51.269	50.656	0.613	1.6	0.3	s15_t1.6_a0.3_026.gff
NA	Y	N	362.603	602.447	601.081	1.366	1.6	0.3	s15_t1.6_a0.3_027.gff
NA	Y	N	464.623	602.429	601.015	1.414	1.6	0.3	s15_t1.6_a0.3_028.gff
NA	Y	N	585.986	601.673	600.252	1.421	1.6	0.3	s15_t1.6_a0.3_029.gff
NA	Y	N	338.297	602.466	601.170	1.296	1.6	0.3	s15_t1.6_a0.3_030.gff
NA	Y	N	321.100	602.413	601.148	1.265	1.6	0.3	s15_t1.6_a0.3_031.gff
NA	Y	N	524.541	601.853	600.313	1.540	1.6	0.3	s15_t1.6_a0.3_032.gff
NA	Y	N	559.997	601.947	599.308	2.639	1.6	0.3	s15_t1.6_a0.3_033.gff
NA	Y	N	582.783	601.831	600.396	1.435	1.6	0.3	s15_t1.6_a0.3_034.gff
NA	Y	N	318.985	602.368	600.819	1.549	1.6	0.3	s15_t1.6_a0.3_035.gff
NA	Y	N	596.894	601.532	600.368	1.164	1.6	0.3	s15_t1.6_a0.3_036.gff
NA	Y	N	562.174	601.926	600.383	1.543	1.6	0.3	s15_t1.6_a0.3_037.gff
29848	N	N	58.656	70.642	69.942	0.700	1.6	0.3	s15_t1.6_a0.3_038.gff
NA	Y	N	600.184	601.489	600.745	0.744	1.6	0.3	s15_t1.6_a0.3_039.gff
NA	Y	N	602.126	601.439	600.845	0.594	1.6	0.3	s15_t1.6_a0.3_040.gff
NA	Y	N	301.012	602.445	601.104	1.341	1.6	0.3	s15_t1.6_a0.3_041.gff
NA	Y	N	287.587	602.283	600.821	1.462	1.6	0.3	s15_t1.6_a0.3_042.gff
NA	Y	N	563.232	601.807	600.634	1.173	1.6	0.3	s15_t1.6_a0.3_043.gff
NA	Y	N	568.169	601.675	600.427	1.248	1.6	0.3	s15_t1.6_a0.3_044.gff
NA	Y	N	445.412	602.238	600.998	1.240	1.6	0.3	s15_t1.6_a0.3_045.gff
NA	Y	N	559.274	602.061	600.727	1.334	1.6	0.3	s15_t1.6_a0.3_046.gff
NA	Y	N	477.783	602.146	600.824	1.322	1.6	0.3	s15_t1.6_a0.3_047.gff
NA	Y	N	602.176	601.410	600.551	0.859	1.6	0.3	s15_t1.6_a0.3_048.gff
NA	Y	N	582.450	601.973	600.678	1.295	1.6	0.3	s15_t1.6_a0.3_049.gff
NA	Y	N	426.422	602.172	600.587	1.585	1.6	0.3	s15_t1.6_a0.3_050.gff
NA	Y	N	356.875	602.295	600.909	1.386	1.6	0.3	s15_t1.6_a0.3_051.gff
NA	Y	N	567.651	601.920	599.722	2.198	1.6	0.3	s15_t1.6_a0.3_052.gff
NA	Y	N	579.503	602.188	600.746	1.442	1.6	0.3	s15_t1.6_a0.3_053.gff
NA	Y	N	518.019	602.193	600.862	1.331	1.6	0.3	s15_t1.6_a0.3_054.gff
NA	Y	N	586.129	602.122	600.852	1.270	1.6	0.3	s15_t1.6_a0.3_055.gff
NA	Y	N	435.631	602.281	600.991	1.290	1.6	0.3	s15_t1.6_a0.3_056.gff
50196	N	N	76.095	97.098	96.204	0.894	1.6	0.3	s15_t1.6_a0.3_057.gff
NA	Y	N	333.826	602.438	601.093	1.345	1.6	0.3	s15_t1.6_a0.3_058.gff
NA	Y	N	494.451	602.168	600.740	1.428	1.6	0.3	s15_t1.6_a0.3_059.gff
45870	N	N	73.828	87.612	86.822	0.790	1.6	0.3	s15_t1.6_a0.3_060.gff
NA	Y	N	512.857	601.915	600.696	1.219	1.6	0.3	s15_t1.6_a0.3_061.gff
48660	N	N	88.780	111.754	110.830	0.924	1.6	0.3	s15_t1.6_a0.3_062.gff
NA	Y	N	584.559	602.148	600.784	1.364	1.6	0.3	s15_t1.6_a0.3_063.gff
NA	Y	N	605.031	601.601	600.683	0.918	1.6	0.3	s15_t1.6_a0.3_064.gff
NA	Y	N	582.255	602.236	600.923	1.313	1.6	0.3	s15_t1.6_a0.3_065.gff
NA	Y	N	406.083	602.255	600.930	1.325	1.6	0.3	s15_t1.6_a0.3_066.gff
NA	Y	N	562.107	602.023	600.573	1.450	1.6	0.3	s15_t1.6_a0.3_067.gff
NA	Y	N	330.659	602.514	600.975	1.539	1.6	0.3	s15_t1.6_a0.3_068.gff
NA	Y	N	584.876	602.260	601.059	1.201	1.6	0.3	s15_t1.6_a0.3_069.gff
NA	Y	N	564.480	601.913	600.094	1.819	1.6	0.3	s15_t1.6_a0.3_070.gff
NA	Y	N	408.347	602.176	601.052	1.124	1.6	0.3	s15_t1.6_a0.3_071.gff
NA	Y	N	292.644	602.834	601.593	1.241	1.6	0.3	s15_t1.6_a0.3_072.gff
NA	Y	N	602.920	601.691	600.976	0.715	1.6	0.3	s15_t1.6_a0.3_073.gff
NA	Y	N	428.005	602.042	600.870	1.172	1.6	0.3	s15_t1.6_a0.3_074.gff
NA	Y	N	470.687	602.194	600.058	2.136	1.6	0.3	s15_t1.6_a0.3_075.gff
NA	Y	N	585.555	602.067	600.911	1.156	1.6	0.3	s15_t1.6_a0.3_076.gff
NA	Y	N	588.328	602.129	600.998	1.131	1.6	0.3	s15_t1.6_a0.3_077.gff
21856	N	N	28.363	35.824	35.311	0.513	1.6	0.3	s15_t1.6_a0.3_078.gff
NA	Y	N	526.217	602.011	600.734	1.277	1.6	0.3	s15_t1.6_a0.3_079.gff
NA	Y	N	513.291	602.104	600.716	1.388	1.6	0.3	s15_t1.6_a0.3_080.gff
NA	Y	N	426.233	601.932	600.696	1.236	1.6	0.3	s15_t1.6_a0.3_081.gff
NA	Y	N	455.349	602.340	600.825	1.515	1.6	0.3	s15_t1.6_a0.3_082.gff
NA	Y	N	471.630	602.216	600.634	1.582	1.6	0.3	s15_t1.6_a0.3_083.gff
NA	Y	N	590.549	601.760	600.180	1.580	1.6	0.3	s15_t1.6_a0.3_084.gff
NA	Y	N	542.659	601.938	600.550	1.388	1.6	0.3	s15_t1.6_a0.3_085.gff
38108	N	N	88.468	107.678	106.784	0.894	1.6	0.3	s15_t1.6_a0.3_086.gff
NA	Y	N	581.199	602.235	600.774	1.461	1.6	0.3	s15_t1.6_a0.3_087.gff
75918	N	N	103.309	134.483	133.582	0.901	1.6	0.3	s15_t1.6_a0.3_088.gff
NA	Y	N	581.971	602.442	601.112	1.330	1.6	0.3	s15_t1.6_a0.3_089.gff
NA	Y	N	471.806	602.245	600.898	1.347	1.6	0.3	s15_t1.6_a0.3_090.gff
NA	Y	N	438.571	602.191	600.898	1.293	1.6	0.3	s15_t1.6_a0.3_091.gff
NA	Y	N	341.129	602.381	600.978	1.403	1.6	0.3	s15_t1.6_a0.3_092.gff
NA	Y	N	520.075	602.209	600.796	1.413	1.6	0.3	s15_t1.6_a0.3_093.gff
NA	Y	N	431.773	601.910	599.777	2.133	1.6	0.3	s15_t1.6_a0.3_094.gff
NA	Y	N	581.611	602.134	600.644	1.490	1.6	0.3	s15_t1.6_a0.3_095.gff
NA	Y	N	557.169	601.845	599.393	2.452	1.6	0.3	s15_t1.6_a0.3_096.gff
NA	Y	N	564.071	601.907	600.064	1.843	1.6	0.3	s15_t1.6_a0.3_097.gff
NA	Y	N	517.882	602.022	600.723	1.299	1.6	0.3	s15_t1.6_a0.3_098.gff
NA	Y	N	353.157	602.424	601.006	1.418	1.6	0.3	s15_t1.6_a0.3_099.gff
NA	Y	N	566.734	601.851	599.427	2.424	1.6	0.3	s15_t1.6_a0.3_100.gff
