2014-10-09 18:46:47: s15_t1.0_a0.1_001.gff
/scratch/local/9117059.1.mpi.q/GOAL/goal: line 19:   826 CPU time limit exceeded (core dumped) java ${JVMARGS} -DapplicationRoot="${DIR}" -Dorg.java.plugin.boot.pluginsRepositories="${DIR}/plugins" -Djpf.boot.config="${DIR}/boot.properties" -Dorg.apache.commons.logging.Log=org.apache.commons.logging.impl.SimpleLog -Dorg.apache.commons.logging.simplelog.log.org.java.plugin=fatal $DOCK -jar "${DIR}/lib/jpf-boot.jar" "$@"

real	4m50.169s
user	10m0.082s
sys	0m2.243s
==> This was a timeout
2014-10-09 18:51:37: s15_t1.0_a0.1_002.gff
/scratch/local/9117059.1.mpi.q/GOAL/goal: line 19:  2916 CPU time limit exceeded (core dumped) java ${JVMARGS} -DapplicationRoot="${DIR}" -Dorg.java.plugin.boot.pluginsRepositories="${DIR}/plugins" -Djpf.boot.config="${DIR}/boot.properties" -Dorg.apache.commons.logging.Log=org.apache.commons.logging.impl.SimpleLog -Dorg.apache.commons.logging.simplelog.log.org.java.plugin=fatal $DOCK -jar "${DIR}/lib/jpf-boot.jar" "$@"

real	9m40.755s
user	10m1.079s
sys	0m1.657s
==> This was a timeout
2014-10-09 19:01:18: s15_t1.0_a0.1_003.gff
/scratch/local/9117059.1.mpi.q/GOAL/goal: line 19:  3194 CPU time limit exceeded (core dumped) java ${JVMARGS} -DapplicationRoot="${DIR}" -Dorg.java.plugin.boot.pluginsRepositories="${DIR}/plugins" -Djpf.boot.config="${DIR}/boot.properties" -Dorg.apache.commons.logging.Log=org.apache.commons.logging.impl.SimpleLog -Dorg.apache.commons.logging.simplelog.log.org.java.plugin=fatal $DOCK -jar "${DIR}/lib/jpf-boot.jar" "$@"

real	9m58.846s
user	10m0.908s
sys	0m1.079s
==> This was a timeout
2014-10-09 19:11:17: s15_t1.0_a0.1_004.gff
/scratch/local/9117059.1.mpi.q/GOAL/goal: line 19:  3451 CPU time limit exceeded (core dumped) java ${JVMARGS} -DapplicationRoot="${DIR}" -Dorg.java.plugin.boot.pluginsRepositories="${DIR}/plugins" -Djpf.boot.config="${DIR}/boot.properties" -Dorg.apache.commons.logging.Log=org.apache.commons.logging.impl.SimpleLog -Dorg.apache.commons.logging.simplelog.log.org.java.plugin=fatal $DOCK -jar "${DIR}/lib/jpf-boot.jar" "$@"

real	4m32.113s
user	10m0.990s
sys	0m2.466s
==> This was a timeout
2014-10-09 19:15:49: s15_t1.0_a0.1_005.gff
/scratch/local/9117059.1.mpi.q/GOAL/goal: line 19:  3589 CPU time limit exceeded (core dumped) java ${JVMARGS} -DapplicationRoot="${DIR}" -Dorg.java.plugin.boot.pluginsRepositories="${DIR}/plugins" -Djpf.boot.config="${DIR}/boot.properties" -Dorg.apache.commons.logging.Log=org.apache.commons.logging.impl.SimpleLog -Dorg.apache.commons.logging.simplelog.log.org.java.plugin=fatal $DOCK -jar "${DIR}/lib/jpf-boot.jar" "$@"

real	9m17.477s
user	10m0.608s
sys	0m1.671s
==> This was a timeout
2014-10-09 19:25:06: s15_t1.0_a0.1_006.gff
/scratch/local/9117059.1.mpi.q/GOAL/goal: line 19:  3849 CPU time limit exceeded (core dumped) java ${JVMARGS} -DapplicationRoot="${DIR}" -Dorg.java.plugin.boot.pluginsRepositories="${DIR}/plugins" -Djpf.boot.config="${DIR}/boot.properties" -Dorg.apache.commons.logging.Log=org.apache.commons.logging.impl.SimpleLog -Dorg.apache.commons.logging.simplelog.log.org.java.plugin=fatal $DOCK -jar "${DIR}/lib/jpf-boot.jar" "$@"

real	9m59.547s
user	10m1.047s
sys	0m0.971s
==> This was a timeout
2014-10-09 19:35:06: s15_t1.0_a0.1_007.gff
/scratch/local/9117059.1.mpi.q/GOAL/goal: line 19:  4934 CPU time limit exceeded (core dumped) java ${JVMARGS} -DapplicationRoot="${DIR}" -Dorg.java.plugin.boot.pluginsRepositories="${DIR}/plugins" -Djpf.boot.config="${DIR}/boot.properties" -Dorg.apache.commons.logging.Log=org.apache.commons.logging.impl.SimpleLog -Dorg.apache.commons.logging.simplelog.log.org.java.plugin=fatal $DOCK -jar "${DIR}/lib/jpf-boot.jar" "$@"

real	9m56.114s
user	10m1.002s
sys	0m0.865s
==> This was a timeout
2014-10-09 19:45:02: s15_t1.0_a0.1_008.gff
/scratch/local/9117059.1.mpi.q/GOAL/goal: line 19:  5189 CPU time limit exceeded (core dumped) java ${JVMARGS} -DapplicationRoot="${DIR}" -Dorg.java.plugin.boot.pluginsRepositories="${DIR}/plugins" -Djpf.boot.config="${DIR}/boot.properties" -Dorg.apache.commons.logging.Log=org.apache.commons.logging.impl.SimpleLog -Dorg.apache.commons.logging.simplelog.log.org.java.plugin=fatal $DOCK -jar "${DIR}/lib/jpf-boot.jar" "$@"

real	9m51.954s
user	10m1.495s
sys	0m1.471s
==> This was a timeout
2014-10-09 19:54:54: s15_t1.0_a0.1_009.gff
/scratch/local/9117059.1.mpi.q/GOAL/goal: line 19:  5534 CPU time limit exceeded (core dumped) java ${JVMARGS} -DapplicationRoot="${DIR}" -Dorg.java.plugin.boot.pluginsRepositories="${DIR}/plugins" -Djpf.boot.config="${DIR}/boot.properties" -Dorg.apache.commons.logging.Log=org.apache.commons.logging.impl.SimpleLog -Dorg.apache.commons.logging.simplelog.log.org.java.plugin=fatal $DOCK -jar "${DIR}/lib/jpf-boot.jar" "$@"

real	10m3.096s
user	10m1.453s
sys	0m1.079s
==> This was a timeout
2014-10-09 20:04:57: s15_t1.0_a0.1_010.gff
/scratch/local/9117059.1.mpi.q/GOAL/goal: line 19:  5807 CPU time limit exceeded (core dumped) java ${JVMARGS} -DapplicationRoot="${DIR}" -Dorg.java.plugin.boot.pluginsRepositories="${DIR}/plugins" -Djpf.boot.config="${DIR}/boot.properties" -Dorg.apache.commons.logging.Log=org.apache.commons.logging.impl.SimpleLog -Dorg.apache.commons.logging.simplelog.log.org.java.plugin=fatal $DOCK -jar "${DIR}/lib/jpf-boot.jar" "$@"

real	9m56.873s
user	10m1.869s
sys	0m1.405s
==> This was a timeout
