<?xml version="1.0" encoding="UTF-8" standalone="no"?>
<Structure label-on="Transition" type="FiniteStateAutomaton">
    <Name/>
    <Description/>
    <Formula/>
    <Alphabet type="Classical">
        <Symbol>0</Symbol>
        <Symbol>1</Symbol>
    </Alphabet>
    <StateSet>
        <State sid="0">
            <Label>(({s0},-1))</Label>
            <Y>279</Y>
            <X>268</X>
            <Properties/>
        </State>
        <State sid="1">
            <Label>(({s6,s9},-1))</Label>
            <Y>325</Y>
            <X>84</X>
            <Properties/>
        </State>
        <State sid="2">
            <Label>(({s0,s4,s6,s9,s10},-1))</Label>
            <Y>99</Y>
            <X>438</X>
            <Properties/>
        </State>
        <State sid="3">
            <Label>(({s8,s10,s12,s14},-1))</Label>
            <Y>239</Y>
            <X>409</X>
            <Properties/>
        </State>
        <State sid="4">
            <Label>(({s0,s1,s2,s4,s5,s6,s7,s9,s10,s11,s13},-1))</Label>
            <Y>287</Y>
            <X>489</X>
            <Properties/>
        </State>
        <State sid="5">
            <Label>(({s0,s4,s6,s8,s9,s10,s11,s12,s14},-1))</Label>
            <Y>83</Y>
            <X>206</X>
            <Properties/>
        </State>
        <State sid="6">
            <Label>(({s0,s1,s2,s4,s5,s6,s7,s10,s12,s13},-1))</Label>
            <Y>293</Y>
            <X>336</X>
            <Properties/>
        </State>
        <State sid="7">
            <Label>(({s0,s1,s2,s3,s4,s5,s6,s7,s9,s10,s11,s13,s14},-1))</Label>
            <Y>77</Y>
            <X>463</X>
            <Properties/>
        </State>
        <State sid="8">
            <Label>(({s0,s1,s2,s3,s4,s5,s6,s7,s8,s9,s10,s11,s13,s14},-1))</Label>
            <Y>80</Y>
            <X>58</X>
            <Properties/>
        </State>
        <State sid="9">
            <Label>(({s0,s3,s4,s5,s6,s7,s8,s9,s10,s11,s12,s13,s14},-1))</Label>
            <Y>348</Y>
            <X>334</X>
            <Properties/>
        </State>
        <State sid="10">
            <Label>(({s0,s1,s2,s4,s5,s6,s7,s8,s9,s10,s11,s12,s13},-1))</Label>
            <Y>118</Y>
            <X>67</X>
            <Properties/>
        </State>
        <State sid="11">
            <Label>(({s0,s1,s2,s3,s4,s5,s6,s7,s8,s9,s10,s11,s12,s13,s14},-1))</Label>
            <Y>134</Y>
            <X>364</X>
            <Properties/>
        </State>
        <State sid="12">
            <Label>(({s0,s1,s3,s4,s5,s6,s7,s8,s9,s10,s11,s12,s13,s14},-1))</Label>
            <Y>273</Y>
            <X>180</X>
            <Properties/>
        </State>
        <State sid="13">
            <Label>(({s0,s2,s3,s4,s5,s6,s7,s8,s9,s10,s11,s12,s13,s14},-1))</Label>
            <Y>245</Y>
            <X>504</X>
            <Properties/>
        </State>
        <State sid="14">
            <Label>(({s6,s9},2))</Label>
            <Y>132</Y>
            <X>422</X>
            <Properties/>
        </State>
        <State sid="15">
            <Label>(({s0,s4,s6,s9,s10},2))</Label>
            <Y>103</Y>
            <X>418</X>
            <Properties/>
        </State>
        <State sid="16">
            <Label>(({s8,s10,s12,s14},2))</Label>
            <Y>84</Y>
            <X>450</X>
            <Properties/>
        </State>
        <State sid="17">
            <Label>(({s0,s1,s2,s4,s5,s6,s7,s9,s10,s11,s13},2))</Label>
            <Y>221</Y>
            <X>250</X>
            <Properties/>
        </State>
        <State sid="18">
            <Label>(({s0,s4,s6,s8,s9,s10,s11,s12,s14},2))</Label>
            <Y>64</Y>
            <X>58</X>
            <Properties/>
        </State>
        <State sid="19">
            <Label>(({s0,s1,s2,s4,s5,s6,s7,s10,s12,s13},2))</Label>
            <Y>78</Y>
            <X>205</X>
            <Properties/>
        </State>
        <State sid="20">
            <Label>(({s0,s1,s2,s3,s4,s5,s6,s7,s9,s10,s11,s13,s14},2))</Label>
            <Y>324</Y>
            <X>466</X>
            <Properties/>
        </State>
        <State sid="21">
            <Label>(({s0,s1,s2,s3,s4,s5,s6,s7,s8,s9,s10,s11,s13,s14},2))</Label>
            <Y>104</Y>
            <X>500</X>
            <Properties/>
        </State>
        <State sid="22">
            <Label>(({s0,s3,s4,s5,s6,s7,s8,s9,s10,s11,s12,s13,s14},2))</Label>
            <Y>84</Y>
            <X>330</X>
            <Properties/>
        </State>
        <State sid="23">
            <Label>(({s0,s1,s2,s4,s5,s6,s7,s8,s9,s10,s11,s12,s13},2))</Label>
            <Y>88</Y>
            <X>56</X>
            <Properties/>
        </State>
        <State sid="24">
            <Label>(({s0,s1,s2,s3,s4,s5,s6,s7,s8,s9,s10,s11,s12,s13,s14},2))</Label>
            <Y>113</Y>
            <X>221</X>
            <Properties/>
        </State>
        <State sid="25">
            <Label>(({s0,s1,s3,s4,s5,s6,s7,s8,s9,s10,s11,s12,s13,s14},2))</Label>
            <Y>321</Y>
            <X>108</X>
            <Properties/>
        </State>
        <State sid="26">
            <Label>(({s0,s2,s3,s4,s5,s6,s7,s8,s9,s10,s11,s12,s13,s14},2))</Label>
            <Y>261</Y>
            <X>190</X>
            <Properties/>
        </State>
    </StateSet>
    <InitialStateSet>
        <StateID>0</StateID>
    </InitialStateSet>
    <TransitionSet complete="true">
        <Transition tid="0">
            <From>0</From>
            <To>1</To>
            <Label>0</Label>
            <Properties/>
        </Transition>
        <Transition tid="1">
            <From>0</From>
            <To>1</To>
            <Label>1</Label>
            <Properties/>
        </Transition>
        <Transition tid="2">
            <From>1</From>
            <To>2</To>
            <Label>0</Label>
            <Properties/>
        </Transition>
        <Transition tid="3">
            <From>1</From>
            <To>3</To>
            <Label>1</Label>
            <Properties/>
        </Transition>
        <Transition tid="4">
            <From>2</From>
            <To>4</To>
            <Label>0</Label>
            <Properties/>
        </Transition>
        <Transition tid="5">
            <From>2</From>
            <To>5</To>
            <Label>1</Label>
            <Properties/>
        </Transition>
        <Transition tid="6">
            <From>3</From>
            <To>6</To>
            <Label>0</Label>
            <Properties/>
        </Transition>
        <Transition tid="7">
            <From>3</From>
            <To>7</To>
            <Label>1</Label>
            <Properties/>
        </Transition>
        <Transition tid="8">
            <From>4</From>
            <To>8</To>
            <Label>0</Label>
            <Properties/>
        </Transition>
        <Transition tid="9">
            <From>4</From>
            <To>9</To>
            <Label>1</Label>
            <Properties/>
        </Transition>
        <Transition tid="10">
            <From>5</From>
            <To>10</To>
            <Label>0</Label>
            <Properties/>
        </Transition>
        <Transition tid="11">
            <From>5</From>
            <To>11</To>
            <Label>1</Label>
            <Properties/>
        </Transition>
        <Transition tid="12">
            <From>6</From>
            <To>11</To>
            <Label>0</Label>
            <Properties/>
        </Transition>
        <Transition tid="13">
            <From>6</From>
            <To>12</To>
            <Label>1</Label>
            <Properties/>
        </Transition>
        <Transition tid="14">
            <From>7</From>
            <To>8</To>
            <Label>0</Label>
            <Properties/>
        </Transition>
        <Transition tid="15">
            <From>7</From>
            <To>13</To>
            <Label>1</Label>
            <Properties/>
        </Transition>
        <Transition tid="16">
            <From>8</From>
            <To>11</To>
            <Label>0</Label>
            <Properties/>
        </Transition>
        <Transition tid="17">
            <From>8</From>
            <To>13</To>
            <Label>1</Label>
            <Properties/>
        </Transition>
        <Transition tid="18">
            <From>9</From>
            <To>11</To>
            <Label>0</Label>
            <Properties/>
        </Transition>
        <Transition tid="19">
            <From>9</From>
            <To>11</To>
            <Label>1</Label>
            <Properties/>
        </Transition>
        <Transition tid="20">
            <From>10</From>
            <To>11</To>
            <Label>0</Label>
            <Properties/>
        </Transition>
        <Transition tid="21">
            <From>10</From>
            <To>11</To>
            <Label>1</Label>
            <Properties/>
        </Transition>
        <Transition tid="22">
            <From>11</From>
            <To>11</To>
            <Label>0</Label>
            <Properties/>
        </Transition>
        <Transition tid="23">
            <From>11</From>
            <To>11</To>
            <Label>1</Label>
            <Properties/>
        </Transition>
        <Transition tid="24">
            <From>12</From>
            <To>11</To>
            <Label>0</Label>
            <Properties/>
        </Transition>
        <Transition tid="25">
            <From>12</From>
            <To>11</To>
            <Label>1</Label>
            <Properties/>
        </Transition>
        <Transition tid="26">
            <From>13</From>
            <To>11</To>
            <Label>0</Label>
            <Properties/>
        </Transition>
        <Transition tid="27">
            <From>13</From>
            <To>11</To>
            <Label>1</Label>
            <Properties/>
        </Transition>
        <Transition tid="28">
            <From>0</From>
            <To>14</To>
            <Label>0</Label>
            <Properties/>
        </Transition>
        <Transition tid="29">
            <From>0</From>
            <To>14</To>
            <Label>1</Label>
            <Properties/>
        </Transition>
        <Transition tid="30">
            <From>1</From>
            <To>15</To>
            <Label>0</Label>
            <Properties/>
        </Transition>
        <Transition tid="31">
            <From>1</From>
            <To>16</To>
            <Label>1</Label>
            <Properties/>
        </Transition>
        <Transition tid="32">
            <From>2</From>
            <To>17</To>
            <Label>0</Label>
            <Properties/>
        </Transition>
        <Transition tid="33">
            <From>2</From>
            <To>18</To>
            <Label>1</Label>
            <Properties/>
        </Transition>
        <Transition tid="34">
            <From>3</From>
            <To>19</To>
            <Label>0</Label>
            <Properties/>
        </Transition>
        <Transition tid="35">
            <From>3</From>
            <To>20</To>
            <Label>1</Label>
            <Properties/>
        </Transition>
        <Transition tid="36">
            <From>4</From>
            <To>21</To>
            <Label>0</Label>
            <Properties/>
        </Transition>
        <Transition tid="37">
            <From>4</From>
            <To>22</To>
            <Label>1</Label>
            <Properties/>
        </Transition>
        <Transition tid="38">
            <From>5</From>
            <To>23</To>
            <Label>0</Label>
            <Properties/>
        </Transition>
        <Transition tid="39">
            <From>5</From>
            <To>24</To>
            <Label>1</Label>
            <Properties/>
        </Transition>
        <Transition tid="40">
            <From>6</From>
            <To>24</To>
            <Label>0</Label>
            <Properties/>
        </Transition>
        <Transition tid="41">
            <From>6</From>
            <To>25</To>
            <Label>1</Label>
            <Properties/>
        </Transition>
        <Transition tid="42">
            <From>7</From>
            <To>21</To>
            <Label>0</Label>
            <Properties/>
        </Transition>
        <Transition tid="43">
            <From>7</From>
            <To>26</To>
            <Label>1</Label>
            <Properties/>
        </Transition>
        <Transition tid="44">
            <From>8</From>
            <To>24</To>
            <Label>0</Label>
            <Properties/>
        </Transition>
        <Transition tid="45">
            <From>8</From>
            <To>26</To>
            <Label>1</Label>
            <Properties/>
        </Transition>
        <Transition tid="46">
            <From>9</From>
            <To>24</To>
            <Label>0</Label>
            <Properties/>
        </Transition>
        <Transition tid="47">
            <From>9</From>
            <To>24</To>
            <Label>1</Label>
            <Properties/>
        </Transition>
        <Transition tid="48">
            <From>10</From>
            <To>24</To>
            <Label>0</Label>
            <Properties/>
        </Transition>
        <Transition tid="49">
            <From>10</From>
            <To>24</To>
            <Label>1</Label>
            <Properties/>
        </Transition>
        <Transition tid="50">
            <From>11</From>
            <To>24</To>
            <Label>0</Label>
            <Properties/>
        </Transition>
        <Transition tid="51">
            <From>11</From>
            <To>24</To>
            <Label>1</Label>
            <Properties/>
        </Transition>
        <Transition tid="52">
            <From>12</From>
            <To>24</To>
            <Label>0</Label>
            <Properties/>
        </Transition>
        <Transition tid="53">
            <From>12</From>
            <To>24</To>
            <Label>1</Label>
            <Properties/>
        </Transition>
        <Transition tid="54">
            <From>13</From>
            <To>24</To>
            <Label>0</Label>
            <Properties/>
        </Transition>
        <Transition tid="55">
            <From>13</From>
            <To>24</To>
            <Label>1</Label>
            <Properties/>
        </Transition>
        <Transition tid="56">
            <From>14</From>
            <To>15</To>
            <Label>0</Label>
            <Properties/>
        </Transition>
        <Transition tid="57">
            <From>14</From>
            <To>16</To>
            <Label>1</Label>
            <Properties/>
        </Transition>
        <Transition tid="58">
            <From>15</From>
            <To>17</To>
            <Label>0</Label>
            <Properties/>
        </Transition>
        <Transition tid="59">
            <From>15</From>
            <To>18</To>
            <Label>1</Label>
            <Properties/>
        </Transition>
        <Transition tid="60">
            <From>16</From>
            <To>19</To>
            <Label>0</Label>
            <Properties/>
        </Transition>
        <Transition tid="61">
            <From>16</From>
            <To>20</To>
            <Label>1</Label>
            <Properties/>
        </Transition>
        <Transition tid="62">
            <From>17</From>
            <To>21</To>
            <Label>0</Label>
            <Properties/>
        </Transition>
        <Transition tid="63">
            <From>17</From>
            <To>22</To>
            <Label>1</Label>
            <Properties/>
        </Transition>
        <Transition tid="64">
            <From>18</From>
            <To>23</To>
            <Label>0</Label>
            <Properties/>
        </Transition>
        <Transition tid="65">
            <From>18</From>
            <To>24</To>
            <Label>1</Label>
            <Properties/>
        </Transition>
        <Transition tid="66">
            <From>19</From>
            <To>24</To>
            <Label>0</Label>
            <Properties/>
        </Transition>
        <Transition tid="67">
            <From>19</From>
            <To>25</To>
            <Label>1</Label>
            <Properties/>
        </Transition>
        <Transition tid="68">
            <From>20</From>
            <To>21</To>
            <Label>0</Label>
            <Properties/>
        </Transition>
        <Transition tid="69">
            <From>20</From>
            <To>26</To>
            <Label>1</Label>
            <Properties/>
        </Transition>
        <Transition tid="70">
            <From>21</From>
            <To>24</To>
            <Label>0</Label>
            <Properties/>
        </Transition>
        <Transition tid="71">
            <From>21</From>
            <To>26</To>
            <Label>1</Label>
            <Properties/>
        </Transition>
        <Transition tid="72">
            <From>22</From>
            <To>24</To>
            <Label>0</Label>
            <Properties/>
        </Transition>
        <Transition tid="73">
            <From>22</From>
            <To>24</To>
            <Label>1</Label>
            <Properties/>
        </Transition>
        <Transition tid="74">
            <From>23</From>
            <To>24</To>
            <Label>0</Label>
            <Properties/>
        </Transition>
        <Transition tid="75">
            <From>23</From>
            <To>24</To>
            <Label>1</Label>
            <Properties/>
        </Transition>
        <Transition tid="76">
            <From>24</From>
            <To>24</To>
            <Label>0</Label>
            <Properties/>
        </Transition>
        <Transition tid="77">
            <From>24</From>
            <To>24</To>
            <Label>1</Label>
            <Properties/>
        </Transition>
        <Transition tid="78">
            <From>25</From>
            <To>24</To>
            <Label>0</Label>
            <Properties/>
        </Transition>
        <Transition tid="79">
            <From>25</From>
            <To>24</To>
            <Label>1</Label>
            <Properties/>
        </Transition>
        <Transition tid="80">
            <From>26</From>
            <To>24</To>
            <Label>0</Label>
            <Properties/>
        </Transition>
        <Transition tid="81">
            <From>26</From>
            <To>24</To>
            <Label>1</Label>
            <Properties/>
        </Transition>
    </TransitionSet>
    <Acc type="Buchi"/>
    <Properties/>
</Structure>

