# Starting date:             2014-12-15 14:00:09
# Cluster job name:          rank.tr.ro.15_08_of_10
# Cluster job ID:            181160
# Cluster node:              hnode18
# Cluster queue:             mpi.q
# Complementation algorithm: rank -tr -ro
# Data:                      15.08_of_10.tar.gz
# Memory limit (Java heap):  1G
# Timeout (CPU time):        600s
states	t_out	m_out	real_t	tcpu_t	ucpu_t	scpu_t	dt	da	file
194	N	N	2.128	3.827	3.620	0.207	2.4	0.8	s15_t2.4_a0.8_001.gff
84	N	N	1.795	3.246	3.074	0.172	2.4	0.8	s15_t2.4_a0.8_002.gff
210	N	N	2.113	3.871	3.659	0.212	2.4	0.8	s15_t2.4_a0.8_003.gff
208	N	N	1.991	3.890	3.677	0.213	2.4	0.8	s15_t2.4_a0.8_004.gff
180	N	N	1.982	3.487	3.308	0.179	2.4	0.8	s15_t2.4_a0.8_005.gff
231	N	N	3.096	3.991	3.805	0.186	2.4	0.8	s15_t2.4_a0.8_006.gff
206	N	N	2.018	3.982	3.802	0.180	2.4	0.8	s15_t2.4_a0.8_007.gff
156	N	N	2.512	3.632	3.449	0.183	2.4	0.8	s15_t2.4_a0.8_008.gff
143	N	N	1.930	3.669	3.489	0.180	2.4	0.8	s15_t2.4_a0.8_009.gff
177	N	N	1.919	3.582	3.397	0.185	2.4	0.8	s15_t2.4_a0.8_010.gff
57	N	N	1.729	2.981	2.828	0.153	2.4	0.8	s15_t2.4_a0.8_011.gff
259	N	N	2.508	4.089	3.910	0.179	2.4	0.8	s15_t2.4_a0.8_012.gff
283	N	N	2.724	3.999	3.793	0.206	2.4	0.8	s15_t2.4_a0.8_013.gff
198	N	N	2.352	3.827	3.648	0.179	2.4	0.8	s15_t2.4_a0.8_014.gff
176	N	N	1.997	3.702	3.553	0.149	2.4	0.8	s15_t2.4_a0.8_015.gff
225	N	N	2.043	3.778	3.601	0.177	2.4	0.8	s15_t2.4_a0.8_016.gff
82	N	N	2.377	3.105	2.960	0.145	2.4	0.8	s15_t2.4_a0.8_017.gff
108	N	N	1.823	3.467	3.296	0.171	2.4	0.8	s15_t2.4_a0.8_018.gff
191	N	N	2.017	3.806	3.620	0.186	2.4	0.8	s15_t2.4_a0.8_019.gff
239	N	N	2.236	3.942	3.754	0.188	2.4	0.8	s15_t2.4_a0.8_020.gff
203	N	N	2.382	3.806	3.622	0.184	2.4	0.8	s15_t2.4_a0.8_021.gff
69	N	N	3.330	3.229	3.082	0.147	2.4	0.8	s15_t2.4_a0.8_022.gff
138	N	N	1.848	3.450	3.268	0.182	2.4	0.8	s15_t2.4_a0.8_023.gff
136	N	N	2.055	3.684	3.519	0.165	2.4	0.8	s15_t2.4_a0.8_024.gff
302	N	N	2.257	4.153	3.953	0.200	2.4	0.8	s15_t2.4_a0.8_025.gff
289	N	N	4.079	4.001	3.787	0.214	2.4	0.8	s15_t2.4_a0.8_026.gff
78	N	N	1.688	3.021	2.877	0.144	2.4	0.8	s15_t2.4_a0.8_027.gff
202	N	N	2.046	3.765	3.579	0.186	2.4	0.8	s15_t2.4_a0.8_028.gff
185	N	N	1.941	3.700	3.504	0.196	2.4	0.8	s15_t2.4_a0.8_029.gff
300	N	N	2.194	4.229	4.052	0.177	2.4	0.8	s15_t2.4_a0.8_030.gff
129	N	N	1.899	3.421	3.271	0.150	2.4	0.8	s15_t2.4_a0.8_031.gff
237	N	N	2.189	3.930	3.751	0.179	2.4	0.8	s15_t2.4_a0.8_032.gff
295	N	N	2.247	4.036	3.842	0.194	2.4	0.8	s15_t2.4_a0.8_033.gff
163	N	N	2.265	3.688	3.525	0.163	2.4	0.8	s15_t2.4_a0.8_034.gff
138	N	N	2.025	3.440	3.284	0.156	2.4	0.8	s15_t2.4_a0.8_035.gff
99	N	N	1.781	3.040	2.882	0.158	2.4	0.8	s15_t2.4_a0.8_036.gff
180	N	N	2.069	3.766	3.580	0.186	2.4	0.8	s15_t2.4_a0.8_037.gff
208	N	N	2.073	3.729	3.554	0.175	2.4	0.8	s15_t2.4_a0.8_038.gff
139	N	N	1.818	3.237	3.074	0.163	2.4	0.8	s15_t2.4_a0.8_039.gff
110	N	N	2.084	3.370	3.206	0.164	2.4	0.8	s15_t2.4_a0.8_040.gff
145	N	N	2.373	3.248	3.089	0.159	2.4	0.8	s15_t2.4_a0.8_041.gff
196	N	N	2.135	3.898	3.711	0.187	2.4	0.8	s15_t2.4_a0.8_042.gff
87	N	N	1.727	3.092	2.969	0.123	2.4	0.8	s15_t2.4_a0.8_043.gff
151	N	N	1.898	3.650	3.469	0.181	2.4	0.8	s15_t2.4_a0.8_044.gff
156	N	N	2.064	3.470	3.314	0.156	2.4	0.8	s15_t2.4_a0.8_045.gff
196	N	N	2.257	3.922	3.721	0.201	2.4	0.8	s15_t2.4_a0.8_046.gff
294	N	N	2.239	4.290	4.068	0.222	2.4	0.8	s15_t2.4_a0.8_047.gff
213	N	N	2.152	3.986	3.792	0.194	2.4	0.8	s15_t2.4_a0.8_048.gff
241	N	N	2.264	4.173	3.966	0.207	2.4	0.8	s15_t2.4_a0.8_049.gff
152	N	N	2.143	3.760	3.582	0.178	2.4	0.8	s15_t2.4_a0.8_050.gff
167	N	N	2.137	3.524	3.334	0.190	2.4	0.8	s15_t2.4_a0.8_051.gff
233	N	N	2.069	3.940	3.745	0.195	2.4	0.8	s15_t2.4_a0.8_052.gff
116	N	N	2.097	3.333	3.154	0.179	2.4	0.8	s15_t2.4_a0.8_053.gff
121	N	N	1.872	3.308	3.154	0.154	2.4	0.8	s15_t2.4_a0.8_054.gff
122	N	N	2.578	3.536	3.337	0.199	2.4	0.8	s15_t2.4_a0.8_055.gff
160	N	N	2.009	3.732	3.547	0.185	2.4	0.8	s15_t2.4_a0.8_056.gff
105	N	N	2.023	3.222	3.086	0.136	2.4	0.8	s15_t2.4_a0.8_057.gff
50	N	N	1.787	2.822	2.676	0.146	2.4	0.8	s15_t2.4_a0.8_058.gff
326	N	N	2.291	4.197	3.988	0.209	2.4	0.8	s15_t2.4_a0.8_059.gff
117	N	N	2.041	3.554	3.357	0.197	2.4	0.8	s15_t2.4_a0.8_060.gff
103	N	N	1.923	3.344	3.167	0.177	2.4	0.8	s15_t2.4_a0.8_061.gff
294	N	N	2.191	3.967	3.761	0.206	2.4	0.8	s15_t2.4_a0.8_062.gff
200	N	N	2.078	3.724	3.559	0.165	2.4	0.8	s15_t2.4_a0.8_063.gff
182	N	N	2.117	3.830	3.648	0.182	2.4	0.8	s15_t2.4_a0.8_064.gff
227	N	N	3.213	3.974	3.793	0.181	2.4	0.8	s15_t2.4_a0.8_065.gff
154	N	N	2.188	3.627	3.453	0.174	2.4	0.8	s15_t2.4_a0.8_066.gff
196	N	N	3.773	3.852	3.680	0.172	2.4	0.8	s15_t2.4_a0.8_067.gff
167	N	N	2.086	3.644	3.440	0.204	2.4	0.8	s15_t2.4_a0.8_068.gff
162	N	N	2.381	3.536	3.366	0.170	2.4	0.8	s15_t2.4_a0.8_069.gff
304	N	N	2.708	4.154	3.929	0.225	2.4	0.8	s15_t2.4_a0.8_070.gff
156	N	N	2.009	3.657	3.476	0.181	2.4	0.8	s15_t2.4_a0.8_071.gff
318	N	N	2.320	4.240	4.016	0.224	2.4	0.8	s15_t2.4_a0.8_072.gff
210	N	N	2.168	3.915	3.737	0.178	2.4	0.8	s15_t2.4_a0.8_073.gff
70	N	N	1.739	2.938	2.781	0.157	2.4	0.8	s15_t2.4_a0.8_074.gff
148	N	N	2.569	3.351	3.187	0.164	2.4	0.8	s15_t2.4_a0.8_075.gff
171	N	N	3.414	3.592	3.410	0.182	2.4	0.8	s15_t2.4_a0.8_076.gff
304	N	N	3.522	4.062	3.843	0.219	2.4	0.8	s15_t2.4_a0.8_077.gff
127	N	N	1.843	3.434	3.250	0.184	2.4	0.8	s15_t2.4_a0.8_078.gff
181	N	N	2.132	3.889	3.676	0.213	2.4	0.8	s15_t2.4_a0.8_079.gff
150	N	N	2.027	3.783	3.600	0.183	2.4	0.8	s15_t2.4_a0.8_080.gff
288	N	N	2.133	4.162	3.948	0.214	2.4	0.8	s15_t2.4_a0.8_081.gff
143	N	N	1.950	3.410	3.238	0.172	2.4	0.8	s15_t2.4_a0.8_082.gff
112	N	N	2.137	3.222	3.069	0.153	2.4	0.8	s15_t2.4_a0.8_083.gff
156	N	N	2.418	3.622	3.444	0.178	2.4	0.8	s15_t2.4_a0.8_084.gff
82	N	N	1.714	3.021	2.880	0.141	2.4	0.8	s15_t2.4_a0.8_085.gff
181	N	N	2.161	3.822	3.615	0.207	2.4	0.8	s15_t2.4_a0.8_086.gff
228	N	N	2.085	4.010	3.830	0.180	2.4	0.8	s15_t2.4_a0.8_087.gff
128	N	N	2.415	3.372	3.223	0.149	2.4	0.8	s15_t2.4_a0.8_088.gff
147	N	N	1.932	3.539	3.374	0.165	2.4	0.8	s15_t2.4_a0.8_089.gff
94	N	N	1.840	3.182	3.013	0.169	2.4	0.8	s15_t2.4_a0.8_090.gff
240	N	N	2.067	3.864	3.665	0.199	2.4	0.8	s15_t2.4_a0.8_091.gff
170	N	N	1.794	3.420	3.241	0.179	2.4	0.8	s15_t2.4_a0.8_092.gff
191	N	N	2.017	3.788	3.586	0.202	2.4	0.8	s15_t2.4_a0.8_093.gff
161	N	N	1.959	3.642	3.473	0.169	2.4	0.8	s15_t2.4_a0.8_094.gff
159	N	N	1.890	3.450	3.294	0.156	2.4	0.8	s15_t2.4_a0.8_095.gff
126	N	N	1.884	3.515	3.344	0.171	2.4	0.8	s15_t2.4_a0.8_096.gff
250	N	N	2.124	3.777	3.598	0.179	2.4	0.8	s15_t2.4_a0.8_097.gff
246	N	N	2.867	3.673	3.494	0.179	2.4	0.8	s15_t2.4_a0.8_098.gff
161	N	N	1.882	3.414	3.251	0.163	2.4	0.8	s15_t2.4_a0.8_099.gff
336	N	N	2.290	4.000	3.804	0.196	2.4	0.8	s15_t2.4_a0.8_100.gff
89	N	N	1.850	3.032	2.874	0.158	2.4	0.9	s15_t2.4_a0.9_001.gff
74	N	N	1.738	2.998	2.853	0.145	2.4	0.9	s15_t2.4_a0.9_002.gff
121	N	N	2.673	3.268	3.124	0.144	2.4	0.9	s15_t2.4_a0.9_003.gff
38	N	N	1.725	2.827	2.683	0.144	2.4	0.9	s15_t2.4_a0.9_004.gff
101	N	N	1.820	3.189	3.022	0.167	2.4	0.9	s15_t2.4_a0.9_005.gff
57	N	N	1.809	2.862	2.706	0.156	2.4	0.9	s15_t2.4_a0.9_006.gff
49	N	N	1.756	2.780	2.660	0.120	2.4	0.9	s15_t2.4_a0.9_007.gff
60	N	N	1.638	2.733	2.578	0.155	2.4	0.9	s15_t2.4_a0.9_008.gff
86	N	N	1.705	2.993	2.834	0.159	2.4	0.9	s15_t2.4_a0.9_009.gff
62	N	N	1.665	2.799	2.654	0.145	2.4	0.9	s15_t2.4_a0.9_010.gff
113	N	N	1.801	3.106	2.937	0.169	2.4	0.9	s15_t2.4_a0.9_011.gff
78	N	N	2.140	3.050	2.883	0.167	2.4	0.9	s15_t2.4_a0.9_012.gff
69	N	N	1.784	3.048	2.903	0.145	2.4	0.9	s15_t2.4_a0.9_013.gff
77	N	N	1.790	2.951	2.810	0.141	2.4	0.9	s15_t2.4_a0.9_014.gff
75	N	N	2.610	2.953	2.806	0.147	2.4	0.9	s15_t2.4_a0.9_015.gff
95	N	N	1.700	3.071	2.924	0.147	2.4	0.9	s15_t2.4_a0.9_016.gff
67	N	N	1.754	2.916	2.788	0.128	2.4	0.9	s15_t2.4_a0.9_017.gff
123	N	N	1.720	3.276	3.127	0.149	2.4	0.9	s15_t2.4_a0.9_018.gff
29	N	N	1.457	2.658	2.511	0.147	2.4	0.9	s15_t2.4_a0.9_019.gff
72	N	N	1.660	3.040	2.884	0.156	2.4	0.9	s15_t2.4_a0.9_020.gff
71	N	N	1.602	2.945	2.809	0.136	2.4	0.9	s15_t2.4_a0.9_021.gff
83	N	N	1.587	2.972	2.823	0.149	2.4	0.9	s15_t2.4_a0.9_022.gff
81	N	N	1.551	2.941	2.795	0.146	2.4	0.9	s15_t2.4_a0.9_023.gff
98	N	N	1.739	3.059	2.919	0.140	2.4	0.9	s15_t2.4_a0.9_024.gff
88	N	N	1.621	3.033	2.875	0.158	2.4	0.9	s15_t2.4_a0.9_025.gff
137	N	N	1.679	3.189	3.027	0.162	2.4	0.9	s15_t2.4_a0.9_026.gff
108	N	N	1.614	3.020	2.862	0.158	2.4	0.9	s15_t2.4_a0.9_027.gff
61	N	N	1.528	2.878	2.741	0.137	2.4	0.9	s15_t2.4_a0.9_028.gff
174	N	N	1.717	3.279	3.141	0.138	2.4	0.9	s15_t2.4_a0.9_029.gff
101	N	N	1.642	3.080	2.944	0.136	2.4	0.9	s15_t2.4_a0.9_030.gff
99	N	N	1.617	3.039	2.892	0.147	2.4	0.9	s15_t2.4_a0.9_031.gff
53	N	N	1.537	2.765	2.643	0.122	2.4	0.9	s15_t2.4_a0.9_032.gff
56	N	N	1.961	2.798	2.653	0.145	2.4	0.9	s15_t2.4_a0.9_033.gff
91	N	N	1.622	3.050	2.896	0.154	2.4	0.9	s15_t2.4_a0.9_034.gff
89	N	N	1.625	3.007	2.859	0.148	2.4	0.9	s15_t2.4_a0.9_035.gff
67	N	N	1.554	2.890	2.735	0.155	2.4	0.9	s15_t2.4_a0.9_036.gff
37	N	N	1.498	2.766	2.662	0.104	2.4	0.9	s15_t2.4_a0.9_037.gff
144	N	N	1.785	3.343	3.169	0.174	2.4	0.9	s15_t2.4_a0.9_038.gff
36	N	N	1.493	2.693	2.548	0.145	2.4	0.9	s15_t2.4_a0.9_039.gff
47	N	N	1.550	2.764	2.625	0.139	2.4	0.9	s15_t2.4_a0.9_040.gff
68	N	N	1.547	2.762	2.610	0.152	2.4	0.9	s15_t2.4_a0.9_041.gff
49	N	N	1.492	2.636	2.496	0.140	2.4	0.9	s15_t2.4_a0.9_042.gff
114	N	N	1.730	3.153	2.996	0.157	2.4	0.9	s15_t2.4_a0.9_043.gff
66	N	N	1.572	2.903	2.736	0.167	2.4	0.9	s15_t2.4_a0.9_044.gff
127	N	N	1.688	3.210	3.060	0.150	2.4	0.9	s15_t2.4_a0.9_045.gff
68	N	N	1.584	2.905	2.762	0.143	2.4	0.9	s15_t2.4_a0.9_046.gff
110	N	N	1.689	3.179	3.023	0.156	2.4	0.9	s15_t2.4_a0.9_047.gff
106	N	N	1.628	3.113	2.963	0.150	2.4	0.9	s15_t2.4_a0.9_048.gff
97	N	N	1.582	2.966	2.821	0.145	2.4	0.9	s15_t2.4_a0.9_049.gff
77	N	N	1.581	2.938	2.782	0.156	2.4	0.9	s15_t2.4_a0.9_050.gff
61	N	N	1.472	2.646	2.507	0.139	2.4	0.9	s15_t2.4_a0.9_051.gff
100	N	N	1.596	3.008	2.868	0.140	2.4	0.9	s15_t2.4_a0.9_052.gff
73	N	N	1.554	2.917	2.771	0.146	2.4	0.9	s15_t2.4_a0.9_053.gff
94	N	N	1.578	2.968	2.832	0.136	2.4	0.9	s15_t2.4_a0.9_054.gff
42	N	N	1.592	2.725	2.591	0.134	2.4	0.9	s15_t2.4_a0.9_055.gff
77	N	N	1.747	2.949	2.811	0.138	2.4	0.9	s15_t2.4_a0.9_056.gff
93	N	N	1.563	2.903	2.764	0.139	2.4	0.9	s15_t2.4_a0.9_057.gff
84	N	N	2.016	2.946	2.827	0.119	2.4	0.9	s15_t2.4_a0.9_058.gff
38	N	N	1.449	2.714	2.577	0.137	2.4	0.9	s15_t2.4_a0.9_059.gff
63	N	N	1.489	2.781	2.638	0.143	2.4	0.9	s15_t2.4_a0.9_060.gff
35	N	N	1.418	2.598	2.456	0.142	2.4	0.9	s15_t2.4_a0.9_061.gff
70	N	N	1.541	2.912	2.758	0.154	2.4	0.9	s15_t2.4_a0.9_062.gff
78	N	N	1.529	2.862	2.701	0.161	2.4	0.9	s15_t2.4_a0.9_063.gff
129	N	N	1.654	3.134	2.981	0.153	2.4	0.9	s15_t2.4_a0.9_064.gff
113	N	N	1.628	3.078	2.920	0.158	2.4	0.9	s15_t2.4_a0.9_065.gff
53	N	N	1.565	2.869	2.722	0.147	2.4	0.9	s15_t2.4_a0.9_066.gff
29	N	N	1.445	2.701	2.543	0.158	2.4	0.9	s15_t2.4_a0.9_067.gff
56	N	N	1.535	2.934	2.779	0.155	2.4	0.9	s15_t2.4_a0.9_068.gff
55	N	N	1.685	2.952	2.795	0.157	2.4	0.9	s15_t2.4_a0.9_069.gff
49	N	N	2.162	2.807	2.657	0.150	2.4	0.9	s15_t2.4_a0.9_070.gff
100	N	N	1.670	3.129	2.976	0.153	2.4	0.9	s15_t2.4_a0.9_071.gff
146	N	N	1.709	3.332	3.168	0.164	2.4	0.9	s15_t2.4_a0.9_072.gff
102	N	N	1.906	3.158	2.986	0.172	2.4	0.9	s15_t2.4_a0.9_073.gff
101	N	N	1.636	3.155	3.009	0.146	2.4	0.9	s15_t2.4_a0.9_074.gff
49	N	N	1.450	2.683	2.560	0.123	2.4	0.9	s15_t2.4_a0.9_075.gff
56	N	N	1.498	2.786	2.643	0.143	2.4	0.9	s15_t2.4_a0.9_076.gff
68	N	N	1.621	2.876	2.742	0.134	2.4	0.9	s15_t2.4_a0.9_077.gff
68	N	N	1.635	2.992	2.853	0.139	2.4	0.9	s15_t2.4_a0.9_078.gff
56	N	N	1.515	2.874	2.730	0.144	2.4	0.9	s15_t2.4_a0.9_079.gff
34	N	N	1.462	2.735	2.571	0.164	2.4	0.9	s15_t2.4_a0.9_080.gff
63	N	N	1.524	2.856	2.723	0.133	2.4	0.9	s15_t2.4_a0.9_081.gff
89	N	N	1.576	3.011	2.886	0.125	2.4	0.9	s15_t2.4_a0.9_082.gff
45	N	N	1.463	2.679	2.548	0.131	2.4	0.9	s15_t2.4_a0.9_083.gff
105	N	N	1.621	3.062	2.906	0.156	2.4	0.9	s15_t2.4_a0.9_084.gff
90	N	N	1.601	2.980	2.848	0.132	2.4	0.9	s15_t2.4_a0.9_085.gff
61	N	N	1.523	2.890	2.748	0.142	2.4	0.9	s15_t2.4_a0.9_086.gff
53	N	N	1.688	2.850	2.692	0.158	2.4	0.9	s15_t2.4_a0.9_087.gff
52	N	N	1.512	2.901	2.765	0.136	2.4	0.9	s15_t2.4_a0.9_088.gff
87	N	N	1.556	2.970	2.830	0.140	2.4	0.9	s15_t2.4_a0.9_089.gff
92	N	N	1.542	2.908	2.756	0.152	2.4	0.9	s15_t2.4_a0.9_090.gff
86	N	N	1.574	2.985	2.848	0.137	2.4	0.9	s15_t2.4_a0.9_091.gff
104	N	N	1.571	3.005	2.848	0.157	2.4	0.9	s15_t2.4_a0.9_092.gff
75	N	N	1.539	2.879	2.737	0.142	2.4	0.9	s15_t2.4_a0.9_093.gff
87	N	N	1.572	3.000	2.855	0.145	2.4	0.9	s15_t2.4_a0.9_094.gff
84	N	N	1.545	2.980	2.833	0.147	2.4	0.9	s15_t2.4_a0.9_095.gff
100	N	N	3.692	3.083	2.937	0.146	2.4	0.9	s15_t2.4_a0.9_096.gff
144	N	N	1.703	3.300	3.135	0.165	2.4	0.9	s15_t2.4_a0.9_097.gff
123	N	N	1.794	3.266	3.090	0.176	2.4	0.9	s15_t2.4_a0.9_098.gff
118	N	N	1.679	3.104	2.951	0.153	2.4	0.9	s15_t2.4_a0.9_099.gff
58	N	N	1.547	2.880	2.741	0.139	2.4	0.9	s15_t2.4_a0.9_100.gff
32	N	N	1.380	2.447	2.341	0.106	2.4	1.0	s15_t2.4_a1.0_001.gff
24	N	N	1.361	2.467	2.347	0.120	2.4	1.0	s15_t2.4_a1.0_002.gff
42	N	N	1.386	2.471	2.344	0.127	2.4	1.0	s15_t2.4_a1.0_003.gff
23	N	N	1.375	2.448	2.292	0.156	2.4	1.0	s15_t2.4_a1.0_004.gff
31	N	N	1.543	2.501	2.349	0.152	2.4	1.0	s15_t2.4_a1.0_005.gff
30	N	N	1.387	2.489	2.377	0.112	2.4	1.0	s15_t2.4_a1.0_006.gff
23	N	N	1.367	2.519	2.369	0.150	2.4	1.0	s15_t2.4_a1.0_007.gff
15	N	N	1.369	2.474	2.335	0.139	2.4	1.0	s15_t2.4_a1.0_008.gff
43	N	N	1.515	2.570	2.445	0.125	2.4	1.0	s15_t2.4_a1.0_009.gff
22	N	N	1.497	2.424	2.287	0.137	2.4	1.0	s15_t2.4_a1.0_010.gff
21	N	N	1.358	2.441	2.306	0.135	2.4	1.0	s15_t2.4_a1.0_011.gff
42	N	N	1.412	2.580	2.446	0.134	2.4	1.0	s15_t2.4_a1.0_012.gff
29	N	N	1.394	2.546	2.434	0.112	2.4	1.0	s15_t2.4_a1.0_013.gff
15	N	N	1.374	2.498	2.360	0.138	2.4	1.0	s15_t2.4_a1.0_014.gff
30	N	N	1.482	2.582	2.451	0.131	2.4	1.0	s15_t2.4_a1.0_015.gff
31	N	N	1.388	2.515	2.398	0.117	2.4	1.0	s15_t2.4_a1.0_016.gff
18	N	N	1.554	2.547	2.402	0.145	2.4	1.0	s15_t2.4_a1.0_017.gff
31	N	N	1.445	2.618	2.477	0.141	2.4	1.0	s15_t2.4_a1.0_018.gff
30	N	N	1.384	2.517	2.369	0.148	2.4	1.0	s15_t2.4_a1.0_019.gff
32	N	N	1.368	2.443	2.304	0.139	2.4	1.0	s15_t2.4_a1.0_020.gff
47	N	N	1.411	2.544	2.410	0.134	2.4	1.0	s15_t2.4_a1.0_021.gff
49	N	N	1.402	2.535	2.408	0.127	2.4	1.0	s15_t2.4_a1.0_022.gff
36	N	N	1.533	2.536	2.391	0.145	2.4	1.0	s15_t2.4_a1.0_023.gff
37	N	N	1.420	2.619	2.479	0.140	2.4	1.0	s15_t2.4_a1.0_024.gff
19	N	N	1.378	2.467	2.358	0.109	2.4	1.0	s15_t2.4_a1.0_025.gff
18	N	N	1.374	2.477	2.336	0.141	2.4	1.0	s15_t2.4_a1.0_026.gff
45	N	N	1.611	2.568	2.416	0.152	2.4	1.0	s15_t2.4_a1.0_027.gff
25	N	N	1.392	2.470	2.335	0.135	2.4	1.0	s15_t2.4_a1.0_028.gff
26	N	N	1.368	2.456	2.309	0.147	2.4	1.0	s15_t2.4_a1.0_029.gff
61	N	N	1.438	2.594	2.462	0.132	2.4	1.0	s15_t2.4_a1.0_030.gff
17	N	N	1.354	2.428	2.310	0.118	2.4	1.0	s15_t2.4_a1.0_031.gff
15	N	N	1.349	2.410	2.267	0.143	2.4	1.0	s15_t2.4_a1.0_032.gff
44	N	N	1.394	2.498	2.365	0.133	2.4	1.0	s15_t2.4_a1.0_033.gff
31	N	N	1.359	2.464	2.344	0.120	2.4	1.0	s15_t2.4_a1.0_034.gff
23	N	N	1.370	2.415	2.305	0.110	2.4	1.0	s15_t2.4_a1.0_035.gff
26	N	N	1.367	2.466	2.352	0.114	2.4	1.0	s15_t2.4_a1.0_036.gff
15	N	N	1.318	2.394	2.254	0.140	2.4	1.0	s15_t2.4_a1.0_037.gff
26	N	N	1.343	2.421	2.298	0.123	2.4	1.0	s15_t2.4_a1.0_038.gff
17	N	N	1.331	2.405	2.275	0.130	2.4	1.0	s15_t2.4_a1.0_039.gff
31	N	N	1.400	2.561	2.411	0.150	2.4	1.0	s15_t2.4_a1.0_040.gff
33	N	N	1.704	2.521	2.376	0.145	2.4	1.0	s15_t2.4_a1.0_041.gff
40	N	N	1.406	2.469	2.311	0.158	2.4	1.0	s15_t2.4_a1.0_042.gff
39	N	N	1.611	2.631	2.514	0.117	2.4	1.0	s15_t2.4_a1.0_043.gff
27	N	N	1.365	2.474	2.328	0.146	2.4	1.0	s15_t2.4_a1.0_044.gff
28	N	N	1.361	2.464	2.323	0.141	2.4	1.0	s15_t2.4_a1.0_045.gff
21	N	N	1.346	2.404	2.264	0.140	2.4	1.0	s15_t2.4_a1.0_046.gff
38	N	N	1.351	2.382	2.271	0.111	2.4	1.0	s15_t2.4_a1.0_047.gff
33	N	N	1.420	2.497	2.325	0.172	2.4	1.0	s15_t2.4_a1.0_048.gff
30	N	N	1.377	2.469	2.354	0.115	2.4	1.0	s15_t2.4_a1.0_049.gff
22	N	N	1.349	2.413	2.300	0.113	2.4	1.0	s15_t2.4_a1.0_050.gff
16	N	N	1.322	2.363	2.231	0.132	2.4	1.0	s15_t2.4_a1.0_051.gff
14	N	N	1.334	2.400	2.272	0.128	2.4	1.0	s15_t2.4_a1.0_052.gff
23	N	N	1.352	2.411	2.275	0.136	2.4	1.0	s15_t2.4_a1.0_053.gff
18	N	N	1.329	2.435	2.315	0.120	2.4	1.0	s15_t2.4_a1.0_054.gff
29	N	N	1.362	2.478	2.324	0.154	2.4	1.0	s15_t2.4_a1.0_055.gff
17	N	N	1.316	2.381	2.260	0.121	2.4	1.0	s15_t2.4_a1.0_056.gff
19	N	N	1.326	2.392	2.275	0.117	2.4	1.0	s15_t2.4_a1.0_057.gff
53	N	N	1.431	2.592	2.457	0.135	2.4	1.0	s15_t2.4_a1.0_058.gff
56	N	N	1.402	2.534	2.397	0.137	2.4	1.0	s15_t2.4_a1.0_059.gff
35	N	N	1.371	2.479	2.359	0.120	2.4	1.0	s15_t2.4_a1.0_060.gff
32	N	N	1.350	2.465	2.333	0.132	2.4	1.0	s15_t2.4_a1.0_061.gff
22	N	N	1.332	2.470	2.346	0.124	2.4	1.0	s15_t2.4_a1.0_062.gff
50	N	N	1.396	2.542	2.403	0.139	2.4	1.0	s15_t2.4_a1.0_063.gff
39	N	N	1.411	2.542	2.408	0.134	2.4	1.0	s15_t2.4_a1.0_064.gff
22	N	N	1.339	2.445	2.298	0.147	2.4	1.0	s15_t2.4_a1.0_065.gff
37	N	N	1.363	2.499	2.378	0.121	2.4	1.0	s15_t2.4_a1.0_066.gff
23	N	N	1.338	2.436	2.309	0.127	2.4	1.0	s15_t2.4_a1.0_067.gff
43	N	N	1.380	2.526	2.404	0.122	2.4	1.0	s15_t2.4_a1.0_068.gff
21	N	N	1.369	2.508	2.378	0.130	2.4	1.0	s15_t2.4_a1.0_069.gff
75	N	N	1.839	2.671	2.523	0.148	2.4	1.0	s15_t2.4_a1.0_070.gff
14	N	N	1.455	2.484	2.369	0.115	2.4	1.0	s15_t2.4_a1.0_071.gff
37	N	N	1.387	2.537	2.407	0.130	2.4	1.0	s15_t2.4_a1.0_072.gff
34	N	N	1.394	2.592	2.447	0.145	2.4	1.0	s15_t2.4_a1.0_073.gff
36	N	N	1.408	2.574	2.443	0.131	2.4	1.0	s15_t2.4_a1.0_074.gff
11	N	N	1.339	2.457	2.321	0.136	2.4	1.0	s15_t2.4_a1.0_075.gff
22	N	N	1.522	2.535	2.397	0.138	2.4	1.0	s15_t2.4_a1.0_076.gff
34	N	N	1.381	2.560	2.423	0.137	2.4	1.0	s15_t2.4_a1.0_077.gff
27	N	N	1.361	2.511	2.377	0.134	2.4	1.0	s15_t2.4_a1.0_078.gff
12	N	N	1.340	2.486	2.337	0.149	2.4	1.0	s15_t2.4_a1.0_079.gff
41	N	N	1.401	2.577	2.432	0.145	2.4	1.0	s15_t2.4_a1.0_080.gff
31	N	N	1.386	2.567	2.442	0.125	2.4	1.0	s15_t2.4_a1.0_081.gff
28	N	N	1.371	2.528	2.397	0.131	2.4	1.0	s15_t2.4_a1.0_082.gff
45	N	N	1.412	2.619	2.473	0.146	2.4	1.0	s15_t2.4_a1.0_083.gff
15	N	N	1.333	2.396	2.252	0.144	2.4	1.0	s15_t2.4_a1.0_084.gff
37	N	N	1.606	2.501	2.373	0.128	2.4	1.0	s15_t2.4_a1.0_085.gff
28	N	N	1.363	2.513	2.383	0.130	2.4	1.0	s15_t2.4_a1.0_086.gff
57	N	N	1.419	2.654	2.523	0.131	2.4	1.0	s15_t2.4_a1.0_087.gff
39	N	N	1.403	2.598	2.441	0.157	2.4	1.0	s15_t2.4_a1.0_088.gff
52	N	N	1.412	2.602	2.447	0.155	2.4	1.0	s15_t2.4_a1.0_089.gff
35	N	N	1.381	2.513	2.379	0.134	2.4	1.0	s15_t2.4_a1.0_090.gff
20	N	N	1.358	2.533	2.424	0.109	2.4	1.0	s15_t2.4_a1.0_091.gff
22	N	N	1.360	2.512	2.369	0.143	2.4	1.0	s15_t2.4_a1.0_092.gff
28	N	N	1.367	2.522	2.379	0.143	2.4	1.0	s15_t2.4_a1.0_093.gff
34	N	N	1.626	2.561	2.409	0.152	2.4	1.0	s15_t2.4_a1.0_094.gff
26	N	N	1.386	2.551	2.397	0.154	2.4	1.0	s15_t2.4_a1.0_095.gff
63	N	N	1.461	2.633	2.491	0.142	2.4	1.0	s15_t2.4_a1.0_096.gff
25	N	N	2.845	2.567	2.440	0.127	2.4	1.0	s15_t2.4_a1.0_097.gff
32	N	N	1.573	2.603	2.445	0.158	2.4	1.0	s15_t2.4_a1.0_098.gff
59	N	N	1.483	2.591	2.470	0.121	2.4	1.0	s15_t2.4_a1.0_099.gff
18	N	N	1.512	2.420	2.281	0.139	2.4	1.0	s15_t2.4_a1.0_100.gff
NA	Y	N	584.204	602.075	600.625	1.450	2.6	0.1	s15_t2.6_a0.1_001.gff
NA	Y	N	584.404	602.108	600.614	1.494	2.6	0.1	s15_t2.6_a0.1_002.gff
NA	Y	N	583.421	602.168	600.783	1.385	2.6	0.1	s15_t2.6_a0.1_003.gff
NA	Y	N	574.132	602.324	600.738	1.586	2.6	0.1	s15_t2.6_a0.1_004.gff
NA	Y	N	584.579	602.014	600.546	1.468	2.6	0.1	s15_t2.6_a0.1_005.gff
NA	Y	N	601.189	601.505	600.213	1.292	2.6	0.1	s15_t2.6_a0.1_006.gff
NA	Y	N	577.163	601.680	600.215	1.465	2.6	0.1	s15_t2.6_a0.1_007.gff
NA	Y	N	589.286	601.605	600.332	1.273	2.6	0.1	s15_t2.6_a0.1_008.gff
NA	Y	N	584.662	601.641	600.248	1.393	2.6	0.1	s15_t2.6_a0.1_009.gff
NA	Y	N	588.227	601.628	600.463	1.165	2.6	0.1	s15_t2.6_a0.1_010.gff
NA	Y	N	590.330	601.623	600.782	0.841	2.6	0.1	s15_t2.6_a0.1_011.gff
NA	Y	N	587.794	601.734	600.884	0.850	2.6	0.1	s15_t2.6_a0.1_012.gff
NA	Y	N	594.805	601.430	600.432	0.998	2.6	0.1	s15_t2.6_a0.1_013.gff
NA	Y	N	581.914	602.026	600.862	1.164	2.6	0.1	s15_t2.6_a0.1_014.gff
NA	Y	N	594.082	601.613	600.828	0.785	2.6	0.1	s15_t2.6_a0.1_015.gff
NA	Y	N	582.710	601.833	600.908	0.925	2.6	0.1	s15_t2.6_a0.1_016.gff
NA	Y	N	566.267	601.707	600.666	1.041	2.6	0.1	s15_t2.6_a0.1_017.gff
NA	Y	N	586.612	601.939	600.919	1.020	2.6	0.1	s15_t2.6_a0.1_018.gff
NA	Y	N	581.571	601.963	600.860	1.103	2.6	0.1	s15_t2.6_a0.1_019.gff
NA	Y	N	593.212	601.753	600.756	0.997	2.6	0.1	s15_t2.6_a0.1_020.gff
NA	Y	N	600.872	601.610	600.315	1.295	2.6	0.1	s15_t2.6_a0.1_021.gff
NA	Y	N	592.711	601.630	600.532	1.098	2.6	0.1	s15_t2.6_a0.1_022.gff
NA	Y	N	600.547	601.441	600.397	1.044	2.6	0.1	s15_t2.6_a0.1_023.gff
NA	Y	N	576.516	601.830	600.486	1.344	2.6	0.1	s15_t2.6_a0.1_024.gff
NA	Y	N	584.945	601.815	600.742	1.073	2.6	0.1	s15_t2.6_a0.1_025.gff
NA	Y	N	580.749	601.965	600.642	1.323	2.6	0.1	s15_t2.6_a0.1_026.gff
NA	Y	N	584.347	601.935	600.665	1.270	2.6	0.1	s15_t2.6_a0.1_027.gff
NA	Y	N	582.343	601.811	600.476	1.335	2.6	0.1	s15_t2.6_a0.1_028.gff
NA	Y	N	581.553	602.013	600.848	1.165	2.6	0.1	s15_t2.6_a0.1_029.gff
NA	Y	N	584.442	601.958	600.751	1.207	2.6	0.1	s15_t2.6_a0.1_030.gff
NA	Y	N	601.559	601.509	600.344	1.165	2.6	0.1	s15_t2.6_a0.1_031.gff
NA	Y	N	579.463	602.041	600.695	1.346	2.6	0.1	s15_t2.6_a0.1_032.gff
NA	Y	N	585.199	601.937	600.726	1.211	2.6	0.1	s15_t2.6_a0.1_033.gff
NA	Y	N	601.074	601.486	600.147	1.339	2.6	0.1	s15_t2.6_a0.1_034.gff
NA	Y	N	580.328	601.883	600.051	1.832	2.6	0.1	s15_t2.6_a0.1_035.gff
NA	Y	N	582.944	601.860	600.610	1.250	2.6	0.1	s15_t2.6_a0.1_036.gff
NA	Y	N	602.223	601.574	600.376	1.198	2.6	0.1	s15_t2.6_a0.1_037.gff
NA	Y	N	583.038	601.963	600.519	1.444	2.6	0.1	s15_t2.6_a0.1_038.gff
NA	Y	N	584.415	601.775	600.697	1.078	2.6	0.1	s15_t2.6_a0.1_039.gff
NA	Y	N	591.342	601.695	600.432	1.263	2.6	0.1	s15_t2.6_a0.1_040.gff
NA	Y	N	585.109	601.837	600.267	1.570	2.6	0.1	s15_t2.6_a0.1_041.gff
NA	Y	N	578.501	602.105	600.744	1.361	2.6	0.1	s15_t2.6_a0.1_042.gff
NA	Y	N	556.844	601.828	600.302	1.526	2.6	0.1	s15_t2.6_a0.1_043.gff
NA	Y	N	590.976	601.723	600.308	1.415	2.6	0.1	s15_t2.6_a0.1_044.gff
NA	Y	N	571.292	602.132	600.690	1.442	2.6	0.1	s15_t2.6_a0.1_045.gff
NA	Y	N	584.548	601.981	600.554	1.427	2.6	0.1	s15_t2.6_a0.1_046.gff
NA	Y	N	589.909	601.790	600.658	1.132	2.6	0.1	s15_t2.6_a0.1_047.gff
NA	Y	N	576.595	602.126	600.531	1.595	2.6	0.1	s15_t2.6_a0.1_048.gff
NA	Y	N	586.344	601.791	600.261	1.530	2.6	0.1	s15_t2.6_a0.1_049.gff
NA	Y	N	329.577	602.121	600.902	1.219	2.6	0.1	s15_t2.6_a0.1_050.gff
NA	Y	N	582.223	601.962	600.345	1.617	2.6	0.1	s15_t2.6_a0.1_051.gff
NA	Y	N	585.583	601.827	600.210	1.617	2.6	0.1	s15_t2.6_a0.1_052.gff
NA	Y	N	581.536	602.035	600.960	1.075	2.6	0.1	s15_t2.6_a0.1_053.gff
NA	Y	N	582.283	602.078	601.110	0.968	2.6	0.1	s15_t2.6_a0.1_054.gff
NA	Y	N	579.473	602.199	601.213	0.986	2.6	0.1	s15_t2.6_a0.1_055.gff
NA	Y	N	586.570	601.785	600.728	1.057	2.6	0.1	s15_t2.6_a0.1_056.gff
NA	Y	N	585.903	601.834	600.794	1.040	2.6	0.1	s15_t2.6_a0.1_057.gff
NA	Y	N	585.487	602.151	600.840	1.311	2.6	0.1	s15_t2.6_a0.1_058.gff
NA	Y	N	581.901	602.072	600.911	1.161	2.6	0.1	s15_t2.6_a0.1_059.gff
NA	Y	N	585.111	601.874	600.587	1.287	2.6	0.1	s15_t2.6_a0.1_060.gff
NA	Y	N	592.217	601.663	600.682	0.981	2.6	0.1	s15_t2.6_a0.1_061.gff
NA	Y	N	586.900	601.792	600.438	1.354	2.6	0.1	s15_t2.6_a0.1_062.gff
NA	Y	N	575.254	602.121	600.510	1.611	2.6	0.1	s15_t2.6_a0.1_063.gff
NA	Y	N	586.263	601.884	600.571	1.313	2.6	0.1	s15_t2.6_a0.1_064.gff
NA	Y	N	578.301	602.053	600.720	1.333	2.6	0.1	s15_t2.6_a0.1_065.gff
NA	Y	N	579.767	601.971	600.396	1.575	2.6	0.1	s15_t2.6_a0.1_066.gff
NA	Y	N	589.833	601.685	600.556	1.129	2.6	0.1	s15_t2.6_a0.1_067.gff
NA	Y	N	583.457	601.852	600.369	1.483	2.6	0.1	s15_t2.6_a0.1_068.gff
NA	Y	N	580.086	601.999	600.488	1.511	2.6	0.1	s15_t2.6_a0.1_069.gff
NA	Y	N	589.325	601.751	600.219	1.532	2.6	0.1	s15_t2.6_a0.1_070.gff
NA	Y	N	581.648	601.983	600.935	1.048	2.6	0.1	s15_t2.6_a0.1_071.gff
NA	Y	N	582.534	601.954	600.967	0.987	2.6	0.1	s15_t2.6_a0.1_072.gff
NA	Y	N	583.394	601.908	600.821	1.087	2.6	0.1	s15_t2.6_a0.1_073.gff
NA	Y	N	584.579	601.864	600.654	1.210	2.6	0.1	s15_t2.6_a0.1_074.gff
NA	Y	N	595.118	601.638	600.479	1.159	2.6	0.1	s15_t2.6_a0.1_075.gff
NA	Y	N	582.415	601.934	600.835	1.099	2.6	0.1	s15_t2.6_a0.1_076.gff
NA	Y	N	586.267	601.746	600.795	0.951	2.6	0.1	s15_t2.6_a0.1_077.gff
NA	Y	N	581.058	601.817	600.658	1.159	2.6	0.1	s15_t2.6_a0.1_078.gff
NA	Y	N	587.303	601.860	600.750	1.110	2.6	0.1	s15_t2.6_a0.1_079.gff
NA	Y	N	586.499	601.808	600.508	1.300	2.6	0.1	s15_t2.6_a0.1_080.gff
NA	Y	N	599.999	601.456	600.080	1.376	2.6	0.1	s15_t2.6_a0.1_081.gff
NA	Y	N	603.042	601.490	600.583	0.907	2.6	0.1	s15_t2.6_a0.1_082.gff
NA	Y	N	585.843	601.700	600.155	1.545	2.6	0.1	s15_t2.6_a0.1_083.gff
NA	Y	N	576.408	602.186	600.807	1.379	2.6	0.1	s15_t2.6_a0.1_084.gff
NA	Y	N	578.823	601.846	600.627	1.219	2.6	0.1	s15_t2.6_a0.1_085.gff
NA	Y	N	587.416	601.841	600.872	0.969	2.6	0.1	s15_t2.6_a0.1_086.gff
NA	Y	N	578.901	602.023	600.505	1.518	2.6	0.1	s15_t2.6_a0.1_087.gff
NA	Y	N	582.229	601.598	600.146	1.452	2.6	0.1	s15_t2.6_a0.1_088.gff
NA	Y	N	575.375	602.595	601.462	1.133	2.6	0.1	s15_t2.6_a0.1_089.gff
NA	Y	N	579.698	602.011	600.880	1.131	2.6	0.1	s15_t2.6_a0.1_090.gff
NA	Y	N	581.641	601.914	600.709	1.205	2.6	0.1	s15_t2.6_a0.1_091.gff
NA	Y	N	596.540	601.583	600.945	0.638	2.6	0.1	s15_t2.6_a0.1_092.gff
NA	Y	N	582.001	602.109	601.010	1.099	2.6	0.1	s15_t2.6_a0.1_093.gff
NA	Y	N	595.003	601.579	600.762	0.817	2.6	0.1	s15_t2.6_a0.1_094.gff
NA	Y	N	587.386	601.740	600.858	0.882	2.6	0.1	s15_t2.6_a0.1_095.gff
NA	Y	N	583.339	601.758	600.548	1.210	2.6	0.1	s15_t2.6_a0.1_096.gff
NA	Y	N	586.246	601.894	600.754	1.140	2.6	0.1	s15_t2.6_a0.1_097.gff
NA	Y	N	586.558	601.833	601.064	0.769	2.6	0.1	s15_t2.6_a0.1_098.gff
NA	Y	N	522.076	602.000	600.559	1.441	2.6	0.1	s15_t2.6_a0.1_099.gff
NA	Y	N	578.297	601.924	600.742	1.182	2.6	0.1	s15_t2.6_a0.1_100.gff
NA	Y	N	585.432	601.753	600.506	1.247	2.6	0.2	s15_t2.6_a0.2_001.gff
NA	Y	N	581.623	602.026	600.877	1.149	2.6	0.2	s15_t2.6_a0.2_002.gff
NA	Y	N	582.506	601.924	600.818	1.106	2.6	0.2	s15_t2.6_a0.2_003.gff
NA	Y	N	591.120	601.708	600.561	1.147	2.6	0.2	s15_t2.6_a0.2_004.gff
NA	Y	N	581.909	601.958	600.830	1.128	2.6	0.2	s15_t2.6_a0.2_005.gff
NA	Y	N	587.918	601.821	600.420	1.401	2.6	0.2	s15_t2.6_a0.2_006.gff
NA	Y	N	581.800	601.932	600.425	1.507	2.6	0.2	s15_t2.6_a0.2_007.gff
NA	Y	N	587.502	601.812	600.098	1.714	2.6	0.2	s15_t2.6_a0.2_008.gff
NA	Y	N	582.026	601.775	600.113	1.662	2.6	0.2	s15_t2.6_a0.2_009.gff
NA	Y	N	579.968	601.895	600.628	1.267	2.6	0.2	s15_t2.6_a0.2_010.gff
NA	Y	N	588.522	601.749	600.319	1.430	2.6	0.2	s15_t2.6_a0.2_011.gff
NA	Y	N	588.098	601.786	600.519	1.267	2.6	0.2	s15_t2.6_a0.2_012.gff
NA	Y	N	595.744	601.686	600.462	1.224	2.6	0.2	s15_t2.6_a0.2_013.gff
NA	Y	N	581.363	601.912	600.838	1.074	2.6	0.2	s15_t2.6_a0.2_014.gff
NA	Y	N	601.651	601.469	600.858	0.611	2.6	0.2	s15_t2.6_a0.2_015.gff
NA	Y	N	582.900	601.957	601.062	0.895	2.6	0.2	s15_t2.6_a0.2_016.gff
NA	Y	N	576.228	602.066	600.538	1.528	2.6	0.2	s15_t2.6_a0.2_017.gff
NA	Y	N	576.853	601.997	600.575	1.422	2.6	0.2	s15_t2.6_a0.2_018.gff
NA	Y	N	580.998	602.024	600.359	1.665	2.6	0.2	s15_t2.6_a0.2_019.gff
NA	Y	N	580.089	601.964	600.921	1.043	2.6	0.2	s15_t2.6_a0.2_020.gff
NA	Y	N	578.488	602.010	600.486	1.524	2.6	0.2	s15_t2.6_a0.2_021.gff
NA	Y	N	577.014	602.034	600.729	1.305	2.6	0.2	s15_t2.6_a0.2_022.gff
NA	Y	N	576.784	602.112	600.536	1.576	2.6	0.2	s15_t2.6_a0.2_023.gff
NA	Y	N	580.690	602.020	600.532	1.488	2.6	0.2	s15_t2.6_a0.2_024.gff
NA	Y	N	583.392	602.047	600.820	1.227	2.6	0.2	s15_t2.6_a0.2_025.gff
NA	Y	N	586.024	601.573	600.606	0.967	2.6	0.2	s15_t2.6_a0.2_026.gff
NA	Y	N	583.967	601.898	600.705	1.193	2.6	0.2	s15_t2.6_a0.2_027.gff
NA	Y	N	581.725	601.885	600.484	1.401	2.6	0.2	s15_t2.6_a0.2_028.gff
NA	Y	N	584.071	601.898	600.174	1.724	2.6	0.2	s15_t2.6_a0.2_029.gff
NA	Y	N	584.086	601.844	599.895	1.949	2.6	0.2	s15_t2.6_a0.2_030.gff
NA	Y	N	587.831	601.745	600.035	1.710	2.6	0.2	s15_t2.6_a0.2_031.gff
NA	Y	N	586.515	601.911	600.848	1.063	2.6	0.2	s15_t2.6_a0.2_032.gff
NA	Y	N	574.285	602.048	599.829	2.219	2.6	0.2	s15_t2.6_a0.2_033.gff
NA	Y	N	575.018	602.033	600.662	1.371	2.6	0.2	s15_t2.6_a0.2_034.gff
NA	Y	N	585.983	601.807	600.934	0.873	2.6	0.2	s15_t2.6_a0.2_035.gff
NA	Y	N	578.444	602.032	600.954	1.078	2.6	0.2	s15_t2.6_a0.2_036.gff
NA	Y	N	589.629	601.749	600.102	1.647	2.6	0.2	s15_t2.6_a0.2_037.gff
NA	Y	N	586.994	601.833	600.998	0.835	2.6	0.2	s15_t2.6_a0.2_038.gff
NA	Y	N	587.253	601.798	600.436	1.362	2.6	0.2	s15_t2.6_a0.2_039.gff
NA	Y	N	576.231	601.930	600.098	1.832	2.6	0.2	s15_t2.6_a0.2_040.gff
NA	Y	N	572.971	602.204	600.365	1.839	2.6	0.2	s15_t2.6_a0.2_041.gff
NA	Y	N	575.433	602.045	599.607	2.438	2.6	0.2	s15_t2.6_a0.2_042.gff
NA	Y	N	574.968	601.994	599.837	2.157	2.6	0.2	s15_t2.6_a0.2_043.gff
NA	Y	N	583.810	601.824	599.871	1.953	2.6	0.2	s15_t2.6_a0.2_044.gff
NA	Y	N	579.381	601.931	600.470	1.461	2.6	0.2	s15_t2.6_a0.2_045.gff
NA	Y	N	582.229	601.829	600.356	1.473	2.6	0.2	s15_t2.6_a0.2_046.gff
NA	Y	N	587.872	601.859	600.936	0.923	2.6	0.2	s15_t2.6_a0.2_047.gff
NA	Y	N	584.028	601.969	600.729	1.240	2.6	0.2	s15_t2.6_a0.2_048.gff
NA	Y	N	591.077	601.736	600.246	1.490	2.6	0.2	s15_t2.6_a0.2_049.gff
NA	Y	N	577.608	601.923	600.030	1.893	2.6	0.2	s15_t2.6_a0.2_050.gff
NA	Y	N	590.002	601.739	600.815	0.924	2.6	0.2	s15_t2.6_a0.2_051.gff
NA	Y	N	583.915	601.888	600.794	1.094	2.6	0.2	s15_t2.6_a0.2_052.gff
NA	Y	N	587.092	601.757	599.392	2.365	2.6	0.2	s15_t2.6_a0.2_053.gff
NA	Y	N	591.328	601.713	600.511	1.202	2.6	0.2	s15_t2.6_a0.2_054.gff
NA	Y	N	582.210	602.021	600.519	1.502	2.6	0.2	s15_t2.6_a0.2_055.gff
NA	Y	N	590.814	601.855	600.102	1.753	2.6	0.2	s15_t2.6_a0.2_056.gff
NA	Y	N	581.493	601.853	600.319	1.534	2.6	0.2	s15_t2.6_a0.2_057.gff
NA	Y	N	595.180	601.765	599.530	2.235	2.6	0.2	s15_t2.6_a0.2_058.gff
NA	Y	N	579.599	601.985	600.405	1.580	2.6	0.2	s15_t2.6_a0.2_059.gff
NA	Y	N	587.483	601.825	600.084	1.741	2.6	0.2	s15_t2.6_a0.2_060.gff
NA	Y	N	578.484	601.945	599.402	2.543	2.6	0.2	s15_t2.6_a0.2_061.gff
NA	Y	N	601.309	601.408	600.259	1.149	2.6	0.2	s15_t2.6_a0.2_062.gff
NA	Y	N	595.483	601.716	600.535	1.181	2.6	0.2	s15_t2.6_a0.2_063.gff
NA	Y	N	405.509	601.311	599.585	1.726	2.6	0.2	s15_t2.6_a0.2_064.gff
NA	Y	N	584.121	602.008	600.753	1.255	2.6	0.2	s15_t2.6_a0.2_065.gff
NA	Y	N	585.064	602.056	601.066	0.990	2.6	0.2	s15_t2.6_a0.2_066.gff
NA	Y	N	586.216	601.936	600.416	1.520	2.6	0.2	s15_t2.6_a0.2_067.gff
NA	Y	N	592.705	601.984	600.382	1.602	2.6	0.2	s15_t2.6_a0.2_068.gff
NA	Y	N	600.628	601.811	600.777	1.034	2.6	0.2	s15_t2.6_a0.2_069.gff
NA	Y	N	593.846	602.135	601.101	1.034	2.6	0.2	s15_t2.6_a0.2_070.gff
NA	Y	N	589.159	601.945	600.611	1.334	2.6	0.2	s15_t2.6_a0.2_071.gff
NA	Y	N	587.693	602.174	600.758	1.416	2.6	0.2	s15_t2.6_a0.2_072.gff
NA	Y	N	559.967	601.768	600.245	1.523	2.6	0.2	s15_t2.6_a0.2_073.gff
NA	Y	N	602.663	601.802	600.677	1.125	2.6	0.2	s15_t2.6_a0.2_074.gff
NA	Y	N	592.351	601.967	600.482	1.485	2.6	0.2	s15_t2.6_a0.2_075.gff
NA	Y	N	596.308	602.001	600.589	1.412	2.6	0.2	s15_t2.6_a0.2_076.gff
NA	Y	N	600.111	602.228	601.192	1.036	2.6	0.2	s15_t2.6_a0.2_077.gff
NA	Y	N	591.654	601.960	600.555	1.405	2.6	0.2	s15_t2.6_a0.2_078.gff
NA	Y	N	601.377	601.825	600.582	1.243	2.6	0.2	s15_t2.6_a0.2_079.gff
NA	Y	N	589.993	602.162	600.834	1.328	2.6	0.2	s15_t2.6_a0.2_080.gff
NA	Y	N	593.448	601.974	600.667	1.307	2.6	0.2	s15_t2.6_a0.2_081.gff
NA	Y	N	591.966	602.401	601.062	1.339	2.6	0.2	s15_t2.6_a0.2_082.gff
NA	Y	N	565.006	601.813	600.452	1.361	2.6	0.2	s15_t2.6_a0.2_083.gff
NA	Y	N	603.016	601.625	600.805	0.820	2.6	0.2	s15_t2.6_a0.2_084.gff
NA	Y	N	587.931	602.080	600.548	1.532	2.6	0.2	s15_t2.6_a0.2_085.gff
NA	Y	N	589.023	601.963	600.565	1.398	2.6	0.2	s15_t2.6_a0.2_086.gff
NA	Y	N	586.264	602.187	600.934	1.253	2.6	0.2	s15_t2.6_a0.2_087.gff
NA	Y	N	594.526	601.953	600.973	0.980	2.6	0.2	s15_t2.6_a0.2_088.gff
NA	Y	N	601.335	601.826	600.931	0.895	2.6	0.2	s15_t2.6_a0.2_089.gff
NA	Y	N	587.103	602.212	601.025	1.187	2.6	0.2	s15_t2.6_a0.2_090.gff
NA	Y	N	592.608	602.236	601.160	1.076	2.6	0.2	s15_t2.6_a0.2_091.gff
NA	Y	N	588.783	602.105	600.859	1.246	2.6	0.2	s15_t2.6_a0.2_092.gff
NA	Y	N	600.101	601.945	600.807	1.138	2.6	0.2	s15_t2.6_a0.2_093.gff
NA	Y	N	596.350	602.168	600.874	1.294	2.6	0.2	s15_t2.6_a0.2_094.gff
NA	Y	N	597.292	602.210	601.098	1.112	2.6	0.2	s15_t2.6_a0.2_095.gff
NA	Y	N	600.518	602.167	601.186	0.981	2.6	0.2	s15_t2.6_a0.2_096.gff
NA	Y	N	566.056	601.903	600.510	1.393	2.6	0.2	s15_t2.6_a0.2_097.gff
NA	Y	N	596.126	602.049	600.693	1.356	2.6	0.2	s15_t2.6_a0.2_098.gff
NA	Y	N	588.500	602.335	600.871	1.464	2.6	0.2	s15_t2.6_a0.2_099.gff
NA	Y	N	584.812	601.992	600.795	1.197	2.6	0.2	s15_t2.6_a0.2_100.gff
NA	Y	N	598.790	601.805	600.660	1.145	2.6	0.3	s15_t2.6_a0.3_001.gff
NA	Y	N	567.495	601.987	600.692	1.295	2.6	0.3	s15_t2.6_a0.3_002.gff
NA	Y	N	581.178	602.395	601.096	1.299	2.6	0.3	s15_t2.6_a0.3_003.gff
NA	Y	N	591.635	602.133	601.019	1.114	2.6	0.3	s15_t2.6_a0.3_004.gff
NA	Y	N	558.794	601.834	600.489	1.345	2.6	0.3	s15_t2.6_a0.3_005.gff
NA	Y	N	601.482	601.855	600.820	1.035	2.6	0.3	s15_t2.6_a0.3_006.gff
NA	Y	N	597.495	602.018	600.779	1.239	2.6	0.3	s15_t2.6_a0.3_007.gff
NA	Y	N	598.202	602.009	600.710	1.299	2.6	0.3	s15_t2.6_a0.3_008.gff
NA	Y	N	591.248	601.978	600.429	1.549	2.6	0.3	s15_t2.6_a0.3_009.gff
NA	Y	N	598.861	601.741	600.125	1.616	2.6	0.3	s15_t2.6_a0.3_010.gff
NA	Y	N	599.787	602.147	600.700	1.447	2.6	0.3	s15_t2.6_a0.3_011.gff
NA	Y	N	542.488	601.916	600.536	1.380	2.6	0.3	s15_t2.6_a0.3_012.gff
NA	Y	N	583.160	601.892	600.196	1.696	2.6	0.3	s15_t2.6_a0.3_013.gff
NA	Y	N	588.974	602.196	600.775	1.421	2.6	0.3	s15_t2.6_a0.3_014.gff
NA	Y	N	597.559	601.915	600.617	1.298	2.6	0.3	s15_t2.6_a0.3_015.gff
NA	Y	N	598.693	601.783	600.348	1.435	2.6	0.3	s15_t2.6_a0.3_016.gff
NA	Y	N	558.964	601.852	598.976	2.876	2.6	0.3	s15_t2.6_a0.3_017.gff
NA	Y	N	587.375	602.194	600.916	1.278	2.6	0.3	s15_t2.6_a0.3_018.gff
NA	Y	N	602.122	601.504	600.493	1.011	2.6	0.3	s15_t2.6_a0.3_019.gff
NA	Y	N	591.406	602.162	600.781	1.381	2.6	0.3	s15_t2.6_a0.3_020.gff
NA	Y	N	600.179	601.890	600.922	0.968	2.6	0.3	s15_t2.6_a0.3_021.gff
NA	Y	N	577.097	601.726	600.606	1.120	2.6	0.3	s15_t2.6_a0.3_022.gff
NA	Y	N	592.068	602.048	600.917	1.131	2.6	0.3	s15_t2.6_a0.3_023.gff
NA	Y	N	589.115	602.012	600.830	1.182	2.6	0.3	s15_t2.6_a0.3_024.gff
NA	Y	N	595.725	602.132	601.090	1.042	2.6	0.3	s15_t2.6_a0.3_025.gff
NA	Y	N	574.424	601.906	600.278	1.628	2.6	0.3	s15_t2.6_a0.3_026.gff
NA	Y	N	411.439	602.059	600.338	1.721	2.6	0.3	s15_t2.6_a0.3_027.gff
NA	Y	N	584.328	602.329	600.807	1.522	2.6	0.3	s15_t2.6_a0.3_028.gff
NA	Y	N	583.428	602.091	600.382	1.709	2.6	0.3	s15_t2.6_a0.3_029.gff
NA	Y	N	593.103	601.898	599.952	1.946	2.6	0.3	s15_t2.6_a0.3_030.gff
NA	Y	N	559.769	601.759	599.416	2.343	2.6	0.3	s15_t2.6_a0.3_031.gff
NA	Y	N	601.352	601.667	600.502	1.165	2.6	0.3	s15_t2.6_a0.3_032.gff
NA	Y	N	592.634	602.063	600.017	2.046	2.6	0.3	s15_t2.6_a0.3_033.gff
NA	Y	N	586.631	601.996	600.578	1.418	2.6	0.3	s15_t2.6_a0.3_034.gff
NA	Y	N	587.337	602.020	600.536	1.484	2.6	0.3	s15_t2.6_a0.3_035.gff
NA	Y	N	558.380	601.874	600.274	1.600	2.6	0.3	s15_t2.6_a0.3_036.gff
NA	Y	N	602.199	601.681	599.997	1.684	2.6	0.3	s15_t2.6_a0.3_037.gff
NA	Y	N	600.491	601.570	600.027	1.543	2.6	0.3	s15_t2.6_a0.3_038.gff
NA	Y	N	595.671	601.809	600.205	1.604	2.6	0.3	s15_t2.6_a0.3_039.gff
NA	Y	N	590.290	602.117	600.183	1.934	2.6	0.3	s15_t2.6_a0.3_040.gff
NA	Y	N	602.581	601.884	600.995	0.889	2.6	0.3	s15_t2.6_a0.3_041.gff
NA	Y	N	602.050	601.688	600.057	1.631	2.6	0.3	s15_t2.6_a0.3_042.gff
NA	Y	N	558.782	601.875	600.397	1.478	2.6	0.3	s15_t2.6_a0.3_043.gff
NA	Y	N	571.558	601.898	600.270	1.628	2.6	0.3	s15_t2.6_a0.3_044.gff
NA	Y	N	559.207	601.823	599.980	1.843	2.6	0.3	s15_t2.6_a0.3_045.gff
NA	Y	N	575.879	602.009	599.892	2.117	2.6	0.3	s15_t2.6_a0.3_046.gff
NA	Y	N	602.544	601.603	599.635	1.968	2.6	0.3	s15_t2.6_a0.3_047.gff
NA	Y	N	596.541	601.940	600.480	1.460	2.6	0.3	s15_t2.6_a0.3_048.gff
NA	Y	N	595.155	601.920	600.261	1.659	2.6	0.3	s15_t2.6_a0.3_049.gff
NA	Y	N	590.526	602.038	599.626	2.412	2.6	0.3	s15_t2.6_a0.3_050.gff
NA	Y	N	491.698	601.909	600.467	1.442	2.6	0.3	s15_t2.6_a0.3_051.gff
NA	Y	N	602.902	601.470	600.147	1.323	2.6	0.3	s15_t2.6_a0.3_052.gff
NA	Y	N	598.899	601.769	600.587	1.182	2.6	0.3	s15_t2.6_a0.3_053.gff
NA	Y	N	600.979	601.843	600.514	1.329	2.6	0.3	s15_t2.6_a0.3_054.gff
NA	Y	N	522.470	602.168	600.000	2.168	2.6	0.3	s15_t2.6_a0.3_055.gff
NA	Y	N	594.701	601.968	600.134	1.834	2.6	0.3	s15_t2.6_a0.3_056.gff
NA	Y	N	585.701	602.157	600.334	1.823	2.6	0.3	s15_t2.6_a0.3_057.gff
NA	Y	N	597.919	602.233	600.785	1.448	2.6	0.3	s15_t2.6_a0.3_058.gff
NA	Y	N	569.870	601.794	600.090	1.704	2.6	0.3	s15_t2.6_a0.3_059.gff
NA	Y	N	589.256	602.098	600.630	1.468	2.6	0.3	s15_t2.6_a0.3_060.gff
NA	Y	N	603.633	601.383	600.432	0.951	2.6	0.3	s15_t2.6_a0.3_061.gff
NA	Y	N	594.269	601.853	600.557	1.296	2.6	0.3	s15_t2.6_a0.3_062.gff
NA	Y	N	602.117	601.818	600.604	1.214	2.6	0.3	s15_t2.6_a0.3_063.gff
NA	Y	N	413.761	601.770	600.346	1.424	2.6	0.3	s15_t2.6_a0.3_064.gff
NA	Y	N	586.709	602.088	600.226	1.862	2.6	0.3	s15_t2.6_a0.3_065.gff
NA	Y	N	585.828	601.972	600.436	1.536	2.6	0.3	s15_t2.6_a0.3_066.gff
NA	Y	N	602.655	601.682	600.142	1.540	2.6	0.3	s15_t2.6_a0.3_067.gff
NA	Y	N	602.336	601.752	600.454	1.298	2.6	0.3	s15_t2.6_a0.3_068.gff
NA	Y	N	477.644	601.977	600.199	1.778	2.6	0.3	s15_t2.6_a0.3_069.gff
NA	Y	N	599.604	601.675	598.310	3.365	2.6	0.3	s15_t2.6_a0.3_070.gff
NA	Y	N	601.388	601.884	600.406	1.478	2.6	0.3	s15_t2.6_a0.3_071.gff
NA	Y	N	586.423	602.094	600.732	1.362	2.6	0.3	s15_t2.6_a0.3_072.gff
NA	Y	N	600.025	602.086	601.029	1.057	2.6	0.3	s15_t2.6_a0.3_073.gff
NA	Y	N	594.786	601.841	600.387	1.454	2.6	0.3	s15_t2.6_a0.3_074.gff
NA	Y	N	597.945	601.771	600.536	1.235	2.6	0.3	s15_t2.6_a0.3_075.gff
NA	Y	N	598.294	601.886	600.781	1.105	2.6	0.3	s15_t2.6_a0.3_076.gff
NA	Y	N	598.068	601.906	600.366	1.540	2.6	0.3	s15_t2.6_a0.3_077.gff
NA	Y	N	593.427	601.944	600.281	1.663	2.6	0.3	s15_t2.6_a0.3_078.gff
NA	Y	N	600.645	601.779	600.351	1.428	2.6	0.3	s15_t2.6_a0.3_079.gff
NA	Y	N	600.994	601.827	600.691	1.136	2.6	0.3	s15_t2.6_a0.3_080.gff
NA	Y	N	589.566	602.051	600.219	1.832	2.6	0.3	s15_t2.6_a0.3_081.gff
NA	Y	N	566.998	601.803	600.368	1.435	2.6	0.3	s15_t2.6_a0.3_082.gff
NA	Y	N	590.712	601.962	600.578	1.384	2.6	0.3	s15_t2.6_a0.3_083.gff
NA	Y	N	597.036	602.068	600.652	1.416	2.6	0.3	s15_t2.6_a0.3_084.gff
NA	Y	N	601.941	601.730	600.759	0.971	2.6	0.3	s15_t2.6_a0.3_085.gff
NA	Y	N	589.242	601.902	599.734	2.168	2.6	0.3	s15_t2.6_a0.3_086.gff
NA	Y	N	596.031	601.796	600.018	1.778	2.6	0.3	s15_t2.6_a0.3_087.gff
NA	Y	N	593.036	601.890	600.029	1.861	2.6	0.3	s15_t2.6_a0.3_088.gff
NA	Y	N	585.908	602.029	600.354	1.675	2.6	0.3	s15_t2.6_a0.3_089.gff
NA	Y	N	585.979	601.641	600.083	1.558	2.6	0.3	s15_t2.6_a0.3_090.gff
NA	Y	N	559.845	601.834	599.884	1.950	2.6	0.3	s15_t2.6_a0.3_091.gff
NA	Y	N	597.348	601.781	600.832	0.949	2.6	0.3	s15_t2.6_a0.3_092.gff
NA	Y	N	585.712	602.074	600.857	1.217	2.6	0.3	s15_t2.6_a0.3_093.gff
NA	Y	N	478.238	601.782	600.663	1.119	2.6	0.3	s15_t2.6_a0.3_094.gff
NA	Y	N	566.091	601.836	599.956	1.880	2.6	0.3	s15_t2.6_a0.3_095.gff
NA	Y	N	595.969	602.137	600.869	1.268	2.6	0.3	s15_t2.6_a0.3_096.gff
NA	Y	N	594.157	602.221	600.680	1.541	2.6	0.3	s15_t2.6_a0.3_097.gff
NA	Y	N	591.724	602.468	601.204	1.264	2.6	0.3	s15_t2.6_a0.3_098.gff
NA	Y	N	603.287	601.603	600.784	0.819	2.6	0.3	s15_t2.6_a0.3_099.gff
NA	Y	N	599.459	601.729	600.470	1.259	2.6	0.3	s15_t2.6_a0.3_100.gff
NA	Y	N	362.236	602.053	600.334	1.719	2.6	0.4	s15_t2.6_a0.4_001.gff
NA	Y	N	600.248	601.763	599.818	1.945	2.6	0.4	s15_t2.6_a0.4_002.gff
NA	Y	N	543.643	602.209	599.544	2.665	2.6	0.4	s15_t2.6_a0.4_003.gff
NA	Y	N	554.496	601.880	600.519	1.361	2.6	0.4	s15_t2.6_a0.4_004.gff
NA	Y	N	449.131	601.914	600.415	1.499	2.6	0.4	s15_t2.6_a0.4_005.gff
NA	Y	N	325.611	601.953	600.208	1.745	2.6	0.4	s15_t2.6_a0.4_006.gff
NA	Y	N	416.440	602.150	600.212	1.938	2.6	0.4	s15_t2.6_a0.4_007.gff
NA	Y	N	456.275	601.932	600.787	1.145	2.6	0.4	s15_t2.6_a0.4_008.gff
NA	Y	N	577.393	602.215	600.896	1.319	2.6	0.4	s15_t2.6_a0.4_009.gff
NA	Y	N	404.992	602.207	600.526	1.681	2.6	0.4	s15_t2.6_a0.4_010.gff
NA	Y	N	545.994	601.820	600.427	1.393	2.6	0.4	s15_t2.6_a0.4_011.gff
NA	Y	N	462.509	601.861	600.564	1.297	2.6	0.4	s15_t2.6_a0.4_012.gff
NA	Y	N	585.069	602.277	601.077	1.200	2.6	0.4	s15_t2.6_a0.4_013.gff
NA	Y	N	596.786	601.878	600.835	1.043	2.6	0.4	s15_t2.6_a0.4_014.gff
NA	Y	N	447.263	601.958	600.640	1.318	2.6	0.4	s15_t2.6_a0.4_015.gff
NA	Y	N	414.928	601.941	600.696	1.245	2.6	0.4	s15_t2.6_a0.4_016.gff
NA	Y	N	589.301	602.052	600.611	1.441	2.6	0.4	s15_t2.6_a0.4_017.gff
NA	Y	N	556.298	601.982	600.468	1.514	2.6	0.4	s15_t2.6_a0.4_018.gff
NA	Y	N	589.817	602.006	599.455	2.551	2.6	0.4	s15_t2.6_a0.4_019.gff
NA	Y	N	578.927	602.435	600.798	1.637	2.6	0.4	s15_t2.6_a0.4_020.gff
NA	Y	N	592.123	601.944	600.092	1.852	2.6	0.4	s15_t2.6_a0.4_021.gff
NA	Y	N	574.546	602.032	600.661	1.371	2.6	0.4	s15_t2.6_a0.4_022.gff
NA	Y	N	574.457	602.022	600.033	1.989	2.6	0.4	s15_t2.6_a0.4_023.gff
NA	Y	N	594.917	601.960	600.647	1.313	2.6	0.4	s15_t2.6_a0.4_024.gff
NA	Y	N	477.120	602.177	599.996	2.181	2.6	0.4	s15_t2.6_a0.4_025.gff
NA	Y	N	557.529	602.283	600.365	1.918	2.6	0.4	s15_t2.6_a0.4_026.gff
NA	Y	N	580.133	602.291	600.901	1.390	2.6	0.4	s15_t2.6_a0.4_027.gff
NA	Y	N	581.869	602.165	600.601	1.564	2.6	0.4	s15_t2.6_a0.4_028.gff
NA	Y	N	582.822	602.158	600.491	1.667	2.6	0.4	s15_t2.6_a0.4_029.gff
NA	Y	N	554.840	601.806	600.059	1.747	2.6	0.4	s15_t2.6_a0.4_030.gff
NA	Y	N	559.713	602.084	598.498	3.586	2.6	0.4	s15_t2.6_a0.4_031.gff
NA	Y	N	584.134	602.055	600.501	1.554	2.6	0.4	s15_t2.6_a0.4_032.gff
NA	Y	N	559.406	602.097	600.744	1.353	2.6	0.4	s15_t2.6_a0.4_033.gff
NA	Y	N	307.167	602.128	600.671	1.457	2.6	0.4	s15_t2.6_a0.4_034.gff
NA	Y	N	414.981	602.022	600.429	1.593	2.6	0.4	s15_t2.6_a0.4_035.gff
NA	Y	N	445.317	601.975	600.706	1.269	2.6	0.4	s15_t2.6_a0.4_036.gff
NA	Y	N	380.463	602.078	600.713	1.365	2.6	0.4	s15_t2.6_a0.4_037.gff
NA	Y	N	461.492	602.160	600.578	1.582	2.6	0.4	s15_t2.6_a0.4_038.gff
NA	Y	N	591.146	601.771	600.476	1.295	2.6	0.4	s15_t2.6_a0.4_039.gff
NA	Y	N	600.545	601.530	600.554	0.976	2.6	0.4	s15_t2.6_a0.4_040.gff
NA	Y	N	582.764	602.128	600.724	1.404	2.6	0.4	s15_t2.6_a0.4_041.gff
NA	Y	N	578.456	602.083	600.688	1.395	2.6	0.4	s15_t2.6_a0.4_042.gff
NA	Y	N	554.220	601.814	599.751	2.063	2.6	0.4	s15_t2.6_a0.4_043.gff
NA	Y	N	582.488	601.961	600.355	1.606	2.6	0.4	s15_t2.6_a0.4_044.gff
NA	Y	N	406.864	602.139	600.694	1.445	2.6	0.4	s15_t2.6_a0.4_045.gff
NA	Y	N	589.042	601.798	600.420	1.378	2.6	0.4	s15_t2.6_a0.4_046.gff
NA	Y	N	530.529	602.360	600.902	1.458	2.6	0.4	s15_t2.6_a0.4_047.gff
NA	Y	N	387.799	602.057	600.782	1.275	2.6	0.4	s15_t2.6_a0.4_048.gff
NA	Y	N	575.574	602.326	601.102	1.224	2.6	0.4	s15_t2.6_a0.4_049.gff
NA	Y	N	582.894	602.086	600.750	1.336	2.6	0.4	s15_t2.6_a0.4_050.gff
NA	Y	N	485.750	601.909	600.620	1.289	2.6	0.4	s15_t2.6_a0.4_051.gff
NA	Y	N	515.083	602.010	600.575	1.435	2.6	0.4	s15_t2.6_a0.4_052.gff
NA	Y	N	560.650	602.036	600.802	1.234	2.6	0.4	s15_t2.6_a0.4_053.gff
NA	Y	N	580.803	602.333	600.625	1.708	2.6	0.4	s15_t2.6_a0.4_054.gff
NA	Y	N	536.189	602.025	600.378	1.647	2.6	0.4	s15_t2.6_a0.4_055.gff
NA	Y	N	584.458	602.000	600.265	1.735	2.6	0.4	s15_t2.6_a0.4_056.gff
NA	Y	N	592.661	601.890	600.808	1.082	2.6	0.4	s15_t2.6_a0.4_057.gff
NA	Y	N	585.947	602.198	600.877	1.321	2.6	0.4	s15_t2.6_a0.4_058.gff
NA	Y	N	600.323	601.487	600.174	1.313	2.6	0.4	s15_t2.6_a0.4_059.gff
NA	Y	N	544.817	601.936	600.147	1.789	2.6	0.4	s15_t2.6_a0.4_060.gff
NA	Y	N	512.460	601.984	600.586	1.398	2.6	0.4	s15_t2.6_a0.4_061.gff
NA	Y	N	579.009	602.121	600.860	1.261	2.6	0.4	s15_t2.6_a0.4_062.gff
NA	Y	N	546.838	601.745	600.689	1.056	2.6	0.4	s15_t2.6_a0.4_063.gff
NA	Y	N	434.226	602.126	600.010	2.116	2.6	0.4	s15_t2.6_a0.4_064.gff
NA	Y	N	582.757	601.977	600.623	1.354	2.6	0.4	s15_t2.6_a0.4_065.gff
NA	Y	N	580.795	602.547	600.960	1.587	2.6	0.4	s15_t2.6_a0.4_066.gff
NA	Y	N	428.488	601.979	600.807	1.172	2.6	0.4	s15_t2.6_a0.4_067.gff
NA	Y	N	314.432	602.197	600.915	1.282	2.6	0.4	s15_t2.6_a0.4_068.gff
NA	Y	N	587.220	601.909	600.424	1.485	2.6	0.4	s15_t2.6_a0.4_069.gff
NA	Y	N	483.567	602.101	600.813	1.288	2.6	0.4	s15_t2.6_a0.4_070.gff
NA	Y	N	581.961	602.115	600.850	1.265	2.6	0.4	s15_t2.6_a0.4_071.gff
NA	Y	N	384.847	602.206	600.567	1.639	2.6	0.4	s15_t2.6_a0.4_072.gff
NA	Y	N	582.501	602.105	600.817	1.288	2.6	0.4	s15_t2.6_a0.4_073.gff
NA	Y	N	380.163	602.145	600.875	1.270	2.6	0.4	s15_t2.6_a0.4_074.gff
NA	Y	N	596.190	601.647	600.392	1.255	2.6	0.4	s15_t2.6_a0.4_075.gff
NA	Y	N	551.578	601.985	600.566	1.419	2.6	0.4	s15_t2.6_a0.4_076.gff
NA	Y	N	583.792	602.235	600.888	1.347	2.6	0.4	s15_t2.6_a0.4_077.gff
NA	Y	N	558.046	602.001	600.214	1.787	2.6	0.4	s15_t2.6_a0.4_078.gff
NA	Y	N	482.632	602.287	600.601	1.686	2.6	0.4	s15_t2.6_a0.4_079.gff
NA	Y	N	558.315	602.046	599.557	2.489	2.6	0.4	s15_t2.6_a0.4_080.gff
NA	Y	N	401.672	602.148	600.582	1.566	2.6	0.4	s15_t2.6_a0.4_081.gff
NA	Y	N	451.661	601.922	600.730	1.192	2.6	0.4	s15_t2.6_a0.4_082.gff
NA	Y	N	595.132	601.710	600.560	1.150	2.6	0.4	s15_t2.6_a0.4_083.gff
NA	Y	N	593.188	601.794	600.673	1.121	2.6	0.4	s15_t2.6_a0.4_084.gff
NA	Y	N	594.637	601.854	600.094	1.760	2.6	0.4	s15_t2.6_a0.4_085.gff
NA	Y	N	582.125	602.082	600.573	1.509	2.6	0.4	s15_t2.6_a0.4_086.gff
NA	Y	N	597.742	601.597	600.485	1.112	2.6	0.4	s15_t2.6_a0.4_087.gff
NA	Y	N	478.153	601.986	600.183	1.803	2.6	0.4	s15_t2.6_a0.4_088.gff
NA	Y	N	302.228	602.149	600.592	1.557	2.6	0.4	s15_t2.6_a0.4_089.gff
NA	Y	N	500.155	602.069	600.715	1.354	2.6	0.4	s15_t2.6_a0.4_090.gff
NA	Y	N	599.609	601.583	600.526	1.057	2.6	0.4	s15_t2.6_a0.4_091.gff
NA	Y	N	586.777	602.071	600.898	1.173	2.6	0.4	s15_t2.6_a0.4_092.gff
NA	Y	N	581.650	602.134	601.072	1.062	2.6	0.4	s15_t2.6_a0.4_093.gff
NA	Y	N	498.628	601.984	600.581	1.403	2.6	0.4	s15_t2.6_a0.4_094.gff
NA	Y	N	579.703	601.917	600.576	1.341	2.6	0.4	s15_t2.6_a0.4_095.gff
NA	Y	N	579.383	602.225	600.981	1.244	2.6	0.4	s15_t2.6_a0.4_096.gff
NA	Y	N	557.036	601.817	600.075	1.742	2.6	0.4	s15_t2.6_a0.4_097.gff
NA	Y	N	583.779	601.935	600.492	1.443	2.6	0.4	s15_t2.6_a0.4_098.gff
NA	Y	N	586.256	602.057	600.557	1.500	2.6	0.4	s15_t2.6_a0.4_099.gff
NA	Y	N	588.601	601.969	600.731	1.238	2.6	0.4	s15_t2.6_a0.4_100.gff
34254	N	N	115.103	136.050	134.624	1.426	2.6	0.5	s15_t2.6_a0.5_001.gff
27358	N	N	103.522	121.699	120.703	0.996	2.6	0.5	s15_t2.6_a0.5_002.gff
31497	N	N	78.141	93.328	92.478	0.850	2.6	0.5	s15_t2.6_a0.5_003.gff
36545	N	N	78.311	94.054	93.181	0.873	2.6	0.5	s15_t2.6_a0.5_004.gff
52880	N	N	159.999	212.970	211.937	1.033	2.6	0.5	s15_t2.6_a0.5_005.gff
NA	N	Y	243.680	501.705	500.061	1.644	2.6	0.5	s15_t2.6_a0.5_006.gff
17001	N	N	28.534	35.972	35.375	0.597	2.6	0.5	s15_t2.6_a0.5_007.gff
54430	N	N	154.938	217.129	215.044	2.085	2.6	0.5	s15_t2.6_a0.5_008.gff
8882	N	N	18.322	23.711	23.323	0.388	2.6	0.5	s15_t2.6_a0.5_009.gff
NA	Y	N	241.407	602.399	600.996	1.403	2.6	0.5	s15_t2.6_a0.5_010.gff
15171	N	N	75.938	91.376	90.565	0.811	2.6	0.5	s15_t2.6_a0.5_011.gff
NA	Y	N	210.608	602.876	601.602	1.274	2.6	0.5	s15_t2.6_a0.5_012.gff
NA	Y	N	220.184	602.497	601.148	1.349	2.6	0.5	s15_t2.6_a0.5_013.gff
5129	N	N	10.215	16.297	15.949	0.348	2.6	0.5	s15_t2.6_a0.5_014.gff
NA	Y	N	222.725	602.323	600.996	1.327	2.6	0.5	s15_t2.6_a0.5_015.gff
33441	N	N	83.213	98.991	98.188	0.803	2.6	0.5	s15_t2.6_a0.5_016.gff
21833	N	N	73.406	88.344	87.567	0.777	2.6	0.5	s15_t2.6_a0.5_017.gff
NA	Y	N	243.859	602.678	600.913	1.765	2.6	0.5	s15_t2.6_a0.5_018.gff
32316	N	N	75.458	91.666	90.826	0.840	2.6	0.5	s15_t2.6_a0.5_019.gff
NA	Y	N	201.623	602.503	601.077	1.426	2.6	0.5	s15_t2.6_a0.5_020.gff
5125	N	N	13.512	19.446	19.108	0.338	2.6	0.5	s15_t2.6_a0.5_021.gff
5427	N	N	13.131	19.772	19.411	0.361	2.6	0.5	s15_t2.6_a0.5_022.gff
7510	N	N	12.845	19.573	19.211	0.362	2.6	0.5	s15_t2.6_a0.5_023.gff
NA	Y	N	279.676	602.314	600.953	1.361	2.6	0.5	s15_t2.6_a0.5_024.gff
NA	Y	N	225.435	602.423	600.918	1.505	2.6	0.5	s15_t2.6_a0.5_025.gff
36614	N	N	102.697	125.688	124.801	0.887	2.6	0.5	s15_t2.6_a0.5_026.gff
34277	N	N	90.819	107.003	106.116	0.887	2.6	0.5	s15_t2.6_a0.5_027.gff
40560	N	N	127.785	160.389	159.419	0.970	2.6	0.5	s15_t2.6_a0.5_028.gff
37619	N	N	168.838	220.948	219.789	1.159	2.6	0.5	s15_t2.6_a0.5_029.gff
44570	N	N	142.248	190.310	187.864	2.446	2.6	0.5	s15_t2.6_a0.5_030.gff
14265	N	N	53.121	62.692	62.091	0.601	2.6	0.5	s15_t2.6_a0.5_031.gff
38802	N	N	99.591	121.882	120.873	1.009	2.6	0.5	s15_t2.6_a0.5_032.gff
2435	N	N	8.904	14.277	13.948	0.329	2.6	0.5	s15_t2.6_a0.5_033.gff
52175	N	N	180.551	232.640	231.601	1.039	2.6	0.5	s15_t2.6_a0.5_034.gff
NA	N	Y	190.984	422.534	421.194	1.340	2.6	0.5	s15_t2.6_a0.5_035.gff
47986	N	N	91.187	107.676	106.784	0.892	2.6	0.5	s15_t2.6_a0.5_036.gff
11142	N	N	18.427	24.665	24.292	0.373	2.6	0.5	s15_t2.6_a0.5_037.gff
4589	N	N	9.354	13.810	13.483	0.327	2.6	0.5	s15_t2.6_a0.5_038.gff
18328	N	N	61.376	72.215	71.503	0.712	2.6	0.5	s15_t2.6_a0.5_039.gff
51570	N	N	148.429	191.617	190.635	0.982	2.6	0.5	s15_t2.6_a0.5_040.gff
NA	Y	N	248.660	602.375	601.036	1.339	2.6	0.5	s15_t2.6_a0.5_041.gff
22280	N	N	113.088	135.170	134.217	0.953	2.6	0.5	s15_t2.6_a0.5_042.gff
44584	N	N	206.921	434.398	433.027	1.371	2.6	0.5	s15_t2.6_a0.5_043.gff
51180	N	N	145.106	189.316	187.278	2.038	2.6	0.5	s15_t2.6_a0.5_044.gff
NA	Y	N	201.837	602.431	600.900	1.531	2.6	0.5	s15_t2.6_a0.5_045.gff
42420	N	N	162.661	199.832	198.810	1.022	2.6	0.5	s15_t2.6_a0.5_046.gff
NA	Y	N	288.410	602.467	601.058	1.409	2.6	0.5	s15_t2.6_a0.5_047.gff
43960	N	N	155.401	179.823	178.747	1.076	2.6	0.5	s15_t2.6_a0.5_048.gff
NA	Y	N	227.265	603.072	601.618	1.454	2.6	0.5	s15_t2.6_a0.5_049.gff
NA	Y	N	240.927	603.368	600.850	2.518	2.6	0.5	s15_t2.6_a0.5_050.gff
NA	Y	N	224.600	603.089	601.600	1.489	2.6	0.5	s15_t2.6_a0.5_051.gff
34341	N	N	100.290	117.121	116.284	0.837	2.6	0.5	s15_t2.6_a0.5_052.gff
32227	N	N	66.151	78.304	77.599	0.705	2.6	0.5	s15_t2.6_a0.5_053.gff
NA	N	Y	200.497	405.926	403.583	2.343	2.6	0.5	s15_t2.6_a0.5_054.gff
28473	N	N	135.885	179.813	178.797	1.016	2.6	0.5	s15_t2.6_a0.5_055.gff
12932	N	N	23.888	32.044	31.562	0.482	2.6	0.5	s15_t2.6_a0.5_056.gff
73551	N	N	122.701	150.843	149.831	1.012	2.6	0.5	s15_t2.6_a0.5_057.gff
52811	N	N	226.504	273.707	271.407	2.300	2.6	0.5	s15_t2.6_a0.5_058.gff
47690	N	N	89.324	108.917	107.985	0.932	2.6	0.5	s15_t2.6_a0.5_059.gff
16157	N	N	44.979	54.335	53.710	0.625	2.6	0.5	s15_t2.6_a0.5_060.gff
26000	N	N	125.247	161.059	160.059	1.000	2.6	0.5	s15_t2.6_a0.5_061.gff
NA	Y	N	235.791	602.356	600.808	1.548	2.6	0.5	s15_t2.6_a0.5_062.gff
17860	N	N	56.262	66.621	65.951	0.670	2.6	0.5	s15_t2.6_a0.5_063.gff
51519	N	N	157.679	184.738	183.635	1.103	2.6	0.5	s15_t2.6_a0.5_064.gff
NA	N	Y	223.617	580.236	577.962	2.274	2.6	0.5	s15_t2.6_a0.5_065.gff
34992	N	N	150.634	185.796	184.726	1.070	2.6	0.5	s15_t2.6_a0.5_066.gff
23580	N	N	54.034	64.823	64.254	0.569	2.6	0.5	s15_t2.6_a0.5_067.gff
55396	N	N	138.512	177.082	176.106	0.976	2.6	0.5	s15_t2.6_a0.5_068.gff
29361	N	N	164.229	209.843	208.793	1.050	2.6	0.5	s15_t2.6_a0.5_069.gff
39558	N	N	113.784	135.464	134.529	0.935	2.6	0.5	s15_t2.6_a0.5_070.gff
51565	N	N	183.968	255.384	254.047	1.337	2.6	0.5	s15_t2.6_a0.5_071.gff
18329	N	N	74.310	89.349	88.496	0.853	2.6	0.5	s15_t2.6_a0.5_072.gff
13133	N	N	70.537	80.852	80.257	0.595	2.6	0.5	s15_t2.6_a0.5_073.gff
NA	N	Y	191.721	425.012	423.798	1.214	2.6	0.5	s15_t2.6_a0.5_074.gff
43043	N	N	175.021	249.064	246.311	2.753	2.6	0.5	s15_t2.6_a0.5_075.gff
8283	N	N	18.693	25.047	24.618	0.429	2.6	0.5	s15_t2.6_a0.5_076.gff
31719	N	N	75.288	90.366	89.538	0.828	2.6	0.5	s15_t2.6_a0.5_077.gff
NA	Y	N	232.382	602.384	600.883	1.501	2.6	0.5	s15_t2.6_a0.5_078.gff
27002	N	N	127.091	151.796	150.762	1.034	2.6	0.5	s15_t2.6_a0.5_079.gff
40698	N	N	115.824	137.482	136.594	0.888	2.6	0.5	s15_t2.6_a0.5_080.gff
25963	N	N	116.550	136.947	136.001	0.946	2.6	0.5	s15_t2.6_a0.5_081.gff
24534	N	N	71.265	77.631	76.993	0.638	2.6	0.5	s15_t2.6_a0.5_082.gff
38693	N	N	69.319	83.437	82.658	0.779	2.6	0.5	s15_t2.6_a0.5_083.gff
7846	N	N	14.181	19.129	18.745	0.384	2.6	0.5	s15_t2.6_a0.5_084.gff
55825	N	N	159.351	233.992	230.856	3.136	2.6	0.5	s15_t2.6_a0.5_085.gff
NA	N	Y	171.599	332.456	331.255	1.201	2.6	0.5	s15_t2.6_a0.5_086.gff
3491	N	N	12.244	17.220	16.843	0.377	2.6	0.5	s15_t2.6_a0.5_087.gff
30482	N	N	81.014	97.118	96.256	0.862	2.6	0.5	s15_t2.6_a0.5_088.gff
NA	N	Y	211.166	527.847	525.846	2.001	2.6	0.5	s15_t2.6_a0.5_089.gff
50037	N	N	217.478	427.902	426.285	1.617	2.6	0.5	s15_t2.6_a0.5_090.gff
43016	N	N	167.701	218.159	215.935	2.224	2.6	0.5	s15_t2.6_a0.5_091.gff
35960	N	N	79.950	92.699	91.863	0.836	2.6	0.5	s15_t2.6_a0.5_092.gff
42077	N	N	92.712	111.705	110.854	0.851	2.6	0.5	s15_t2.6_a0.5_093.gff
NA	N	Y	187.105	416.522	413.445	3.077	2.6	0.5	s15_t2.6_a0.5_094.gff
33243	N	N	130.967	166.836	165.874	0.962	2.6	0.5	s15_t2.6_a0.5_095.gff
NA	Y	N	230.662	602.448	601.102	1.346	2.6	0.5	s15_t2.6_a0.5_096.gff
9110	N	N	23.517	30.112	29.662	0.450	2.6	0.5	s15_t2.6_a0.5_097.gff
30538	N	N	114.502	122.660	121.632	1.028	2.6	0.5	s15_t2.6_a0.5_098.gff
18534	N	N	78.743	95.159	94.229	0.930	2.6	0.5	s15_t2.6_a0.5_099.gff
55244	N	N	158.028	219.302	217.337	1.965	2.6	0.5	s15_t2.6_a0.5_100.gff
7691	N	N	12.516	17.527	17.164	0.363	2.6	0.6	s15_t2.6_a0.6_001.gff
13622	N	N	22.356	29.434	29.008	0.426	2.6	0.6	s15_t2.6_a0.6_002.gff
9094	N	N	18.362	22.350	21.954	0.396	2.6	0.6	s15_t2.6_a0.6_003.gff
9149	N	N	35.272	42.916	42.425	0.491	2.6	0.6	s15_t2.6_a0.6_004.gff
3730	N	N	13.539	18.215	17.870	0.345	2.6	0.6	s15_t2.6_a0.6_005.gff
12078	N	N	19.186	26.017	25.595	0.422	2.6	0.6	s15_t2.6_a0.6_006.gff
1547	N	N	5.226	8.153	7.852	0.301	2.6	0.6	s15_t2.6_a0.6_007.gff
1686	N	N	12.742	17.209	16.865	0.344	2.6	0.6	s15_t2.6_a0.6_008.gff
9494	N	N	26.036	32.793	32.333	0.460	2.6	0.6	s15_t2.6_a0.6_009.gff
10542	N	N	20.079	25.030	24.582	0.448	2.6	0.6	s15_t2.6_a0.6_010.gff
1280	N	N	3.577	6.037	5.776	0.261	2.6	0.6	s15_t2.6_a0.6_011.gff
7913	N	N	26.989	33.635	33.163	0.472	2.6	0.6	s15_t2.6_a0.6_012.gff
5195	N	N	16.319	21.053	20.674	0.379	2.6	0.6	s15_t2.6_a0.6_013.gff
4140	N	N	12.856	18.454	18.110	0.344	2.6	0.6	s15_t2.6_a0.6_014.gff
8009	N	N	22.618	28.425	27.988	0.437	2.6	0.6	s15_t2.6_a0.6_015.gff
9580	N	N	25.627	32.175	31.741	0.434	2.6	0.6	s15_t2.6_a0.6_016.gff
5690	N	N	14.641	20.670	20.322	0.348	2.6	0.6	s15_t2.6_a0.6_017.gff
9523	N	N	15.800	21.502	21.065	0.437	2.6	0.6	s15_t2.6_a0.6_018.gff
2597	N	N	5.719	9.891	9.598	0.293	2.6	0.6	s15_t2.6_a0.6_019.gff
17870	N	N	33.336	42.177	41.573	0.604	2.6	0.6	s15_t2.6_a0.6_020.gff
9588	N	N	22.766	29.471	29.041	0.430	2.6	0.6	s15_t2.6_a0.6_021.gff
5868	N	N	14.612	21.173	20.764	0.409	2.6	0.6	s15_t2.6_a0.6_022.gff
5572	N	N	12.252	18.527	18.136	0.391	2.6	0.6	s15_t2.6_a0.6_023.gff
11167	N	N	21.452	28.502	28.004	0.498	2.6	0.6	s15_t2.6_a0.6_024.gff
4478	N	N	14.441	19.301	18.946	0.355	2.6	0.6	s15_t2.6_a0.6_025.gff
10970	N	N	29.189	37.437	36.854	0.583	2.6	0.6	s15_t2.6_a0.6_026.gff
5516	N	N	14.048	18.917	18.561	0.356	2.6	0.6	s15_t2.6_a0.6_027.gff
7820	N	N	12.951	18.394	18.015	0.379	2.6	0.6	s15_t2.6_a0.6_028.gff
3175	N	N	11.374	16.800	16.432	0.368	2.6	0.6	s15_t2.6_a0.6_029.gff
7508	N	N	13.161	21.099	20.680	0.419	2.6	0.6	s15_t2.6_a0.6_030.gff
8329	N	N	21.752	28.820	28.347	0.473	2.6	0.6	s15_t2.6_a0.6_031.gff
5216	N	N	9.444	15.326	14.926	0.400	2.6	0.6	s15_t2.6_a0.6_032.gff
9921	N	N	20.686	28.680	28.218	0.462	2.6	0.6	s15_t2.6_a0.6_033.gff
1638	N	N	5.158	8.217	7.927	0.290	2.6	0.6	s15_t2.6_a0.6_034.gff
7405	N	N	17.952	23.848	23.447	0.401	2.6	0.6	s15_t2.6_a0.6_035.gff
1597	N	N	4.785	7.873	7.620	0.253	2.6	0.6	s15_t2.6_a0.6_036.gff
15115	N	N	27.764	35.013	34.485	0.528	2.6	0.6	s15_t2.6_a0.6_037.gff
309	N	N	2.815	4.449	4.210	0.239	2.6	0.6	s15_t2.6_a0.6_038.gff
5079	N	N	14.879	20.542	20.137	0.405	2.6	0.6	s15_t2.6_a0.6_039.gff
5028	N	N	13.226	18.121	17.773	0.348	2.6	0.6	s15_t2.6_a0.6_040.gff
2344	N	N	8.448	13.236	12.933	0.303	2.6	0.6	s15_t2.6_a0.6_041.gff
3054	N	N	9.991	15.575	15.188	0.387	2.6	0.6	s15_t2.6_a0.6_042.gff
9858	N	N	19.413	25.242	24.787	0.455	2.6	0.6	s15_t2.6_a0.6_043.gff
14712	N	N	29.076	36.917	36.408	0.509	2.6	0.6	s15_t2.6_a0.6_044.gff
6532	N	N	19.982	27.154	26.730	0.424	2.6	0.6	s15_t2.6_a0.6_045.gff
14600	N	N	28.290	37.785	37.275	0.510	2.6	0.6	s15_t2.6_a0.6_046.gff
4185	N	N	10.674	15.978	15.645	0.333	2.6	0.6	s15_t2.6_a0.6_047.gff
12630	N	N	27.080	32.332	31.824	0.508	2.6	0.6	s15_t2.6_a0.6_048.gff
5186	N	N	14.424	19.751	19.376	0.375	2.6	0.6	s15_t2.6_a0.6_049.gff
9344	N	N	15.565	21.544	21.177	0.367	2.6	0.6	s15_t2.6_a0.6_050.gff
3487	N	N	13.397	19.401	19.068	0.333	2.6	0.6	s15_t2.6_a0.6_051.gff
3996	N	N	9.523	14.142	13.764	0.378	2.6	0.6	s15_t2.6_a0.6_052.gff
5314	N	N	16.922	23.597	23.178	0.419	2.6	0.6	s15_t2.6_a0.6_053.gff
12605	N	N	29.673	36.974	36.453	0.521	2.6	0.6	s15_t2.6_a0.6_054.gff
6960	N	N	18.060	24.007	23.581	0.426	2.6	0.6	s15_t2.6_a0.6_055.gff
2400	N	N	5.790	10.218	9.924	0.294	2.6	0.6	s15_t2.6_a0.6_056.gff
21852	N	N	42.434	52.545	51.956	0.589	2.6	0.6	s15_t2.6_a0.6_057.gff
7912	N	N	13.886	19.349	18.961	0.388	2.6	0.6	s15_t2.6_a0.6_058.gff
7896	N	N	20.486	27.323	26.849	0.474	2.6	0.6	s15_t2.6_a0.6_059.gff
8909	N	N	21.534	28.250	27.815	0.435	2.6	0.6	s15_t2.6_a0.6_060.gff
11447	N	N	26.249	34.073	33.616	0.457	2.6	0.6	s15_t2.6_a0.6_061.gff
8680	N	N	18.070	24.247	23.863	0.384	2.6	0.6	s15_t2.6_a0.6_062.gff
4749	N	N	12.014	17.463	17.050	0.413	2.6	0.6	s15_t2.6_a0.6_063.gff
5622	N	N	13.031	16.861	16.485	0.376	2.6	0.6	s15_t2.6_a0.6_064.gff
9799	N	N	16.408	22.301	21.906	0.395	2.6	0.6	s15_t2.6_a0.6_065.gff
7000	N	N	13.510	18.234	17.878	0.356	2.6	0.6	s15_t2.6_a0.6_066.gff
1286	N	N	5.467	6.856	6.599	0.257	2.6	0.6	s15_t2.6_a0.6_067.gff
6060	N	N	10.849	16.876	16.509	0.367	2.6	0.6	s15_t2.6_a0.6_068.gff
7428	N	N	12.585	17.759	17.434	0.325	2.6	0.6	s15_t2.6_a0.6_069.gff
8266	N	N	16.481	22.447	22.041	0.406	2.6	0.6	s15_t2.6_a0.6_070.gff
1202	N	N	4.545	7.512	7.253	0.259	2.6	0.6	s15_t2.6_a0.6_071.gff
859	N	N	3.277	5.605	5.357	0.248	2.6	0.6	s15_t2.6_a0.6_072.gff
12627	N	N	20.961	28.059	27.642	0.417	2.6	0.6	s15_t2.6_a0.6_073.gff
6179	N	N	10.703	16.580	16.250	0.330	2.6	0.6	s15_t2.6_a0.6_074.gff
1924	N	N	5.410	10.270	9.957	0.313	2.6	0.6	s15_t2.6_a0.6_075.gff
7222	N	N	12.284	17.640	17.298	0.342	2.6	0.6	s15_t2.6_a0.6_076.gff
6355	N	N	18.658	23.273	22.846	0.427	2.6	0.6	s15_t2.6_a0.6_077.gff
5212	N	N	13.044	18.384	17.984	0.400	2.6	0.6	s15_t2.6_a0.6_078.gff
8020	N	N	13.812	18.954	18.603	0.351	2.6	0.6	s15_t2.6_a0.6_079.gff
11740	N	N	32.113	40.039	39.577	0.462	2.6	0.6	s15_t2.6_a0.6_080.gff
5838	N	N	15.338	20.575	20.195	0.380	2.6	0.6	s15_t2.6_a0.6_081.gff
12210	N	N	24.284	30.860	30.426	0.434	2.6	0.6	s15_t2.6_a0.6_082.gff
7299	N	N	20.530	27.572	27.184	0.388	2.6	0.6	s15_t2.6_a0.6_083.gff
4029	N	N	12.245	17.829	17.448	0.381	2.6	0.6	s15_t2.6_a0.6_084.gff
9404	N	N	20.552	27.343	26.921	0.422	2.6	0.6	s15_t2.6_a0.6_085.gff
12322	N	N	24.955	31.161	30.649	0.512	2.6	0.6	s15_t2.6_a0.6_086.gff
4402	N	N	12.816	17.054	16.691	0.363	2.6	0.6	s15_t2.6_a0.6_087.gff
3767	N	N	8.491	13.105	12.780	0.325	2.6	0.6	s15_t2.6_a0.6_088.gff
12244	N	N	25.045	31.924	31.480	0.444	2.6	0.6	s15_t2.6_a0.6_089.gff
5419	N	N	10.873	16.701	16.278	0.423	2.6	0.6	s15_t2.6_a0.6_090.gff
10604	N	N	30.409	37.579	37.033	0.546	2.6	0.6	s15_t2.6_a0.6_091.gff
13917	N	N	18.512	25.182	24.764	0.418	2.6	0.6	s15_t2.6_a0.6_092.gff
4060	N	N	12.788	18.749	18.417	0.332	2.6	0.6	s15_t2.6_a0.6_093.gff
8410	N	N	18.079	24.646	24.290	0.356	2.6	0.6	s15_t2.6_a0.6_094.gff
10744	N	N	21.732	25.899	25.493	0.406	2.6	0.6	s15_t2.6_a0.6_095.gff
5694	N	N	14.449	20.375	19.997	0.378	2.6	0.6	s15_t2.6_a0.6_096.gff
14611	N	N	34.436	38.902	38.392	0.510	2.6	0.6	s15_t2.6_a0.6_097.gff
3114	N	N	12.145	18.096	17.780	0.316	2.6	0.6	s15_t2.6_a0.6_098.gff
14681	N	N	30.826	38.846	38.289	0.557	2.6	0.6	s15_t2.6_a0.6_099.gff
3979	N	N	8.706	12.490	12.138	0.352	2.6	0.6	s15_t2.6_a0.6_100.gff
223	N	N	2.544	4.413	4.142	0.271	2.6	0.7	s15_t2.6_a0.7_001.gff
540	N	N	4.022	5.242	4.965	0.277	2.6	0.7	s15_t2.6_a0.7_002.gff
303	N	N	2.612	4.524	4.296	0.228	2.6	0.7	s15_t2.6_a0.7_003.gff
559	N	N	2.915	4.788	4.533	0.255	2.6	0.7	s15_t2.6_a0.7_004.gff
467	N	N	2.892	4.768	4.534	0.234	2.6	0.7	s15_t2.6_a0.7_005.gff
64	N	N	1.841	3.148	3.013	0.135	2.6	0.7	s15_t2.6_a0.7_006.gff
202	N	N	2.473	3.980	3.791	0.189	2.6	0.7	s15_t2.6_a0.7_007.gff
579	N	N	2.824	4.512	4.285	0.227	2.6	0.7	s15_t2.6_a0.7_008.gff
568	N	N	2.765	4.939	4.715	0.224	2.6	0.7	s15_t2.6_a0.7_009.gff
852	N	N	3.791	5.771	5.514	0.257	2.6	0.7	s15_t2.6_a0.7_010.gff
779	N	N	4.203	5.696	5.453	0.243	2.6	0.7	s15_t2.6_a0.7_011.gff
613	N	N	3.851	4.924	4.674	0.250	2.6	0.7	s15_t2.6_a0.7_012.gff
386	N	N	3.652	4.549	4.296	0.253	2.6	0.7	s15_t2.6_a0.7_013.gff
413	N	N	2.861	4.826	4.579	0.247	2.6	0.7	s15_t2.6_a0.7_014.gff
369	N	N	3.290	4.329	4.061	0.268	2.6	0.7	s15_t2.6_a0.7_015.gff
367	N	N	2.700	4.681	4.420	0.261	2.6	0.7	s15_t2.6_a0.7_016.gff
241	N	N	2.536	3.994	3.782	0.212	2.6	0.7	s15_t2.6_a0.7_017.gff
1056	N	N	3.417	5.752	5.516	0.236	2.6	0.7	s15_t2.6_a0.7_018.gff
643	N	N	2.861	4.995	4.742	0.253	2.6	0.7	s15_t2.6_a0.7_019.gff
396	N	N	2.686	4.758	4.549	0.209	2.6	0.7	s15_t2.6_a0.7_020.gff
638	N	N	2.909	5.154	4.910	0.244	2.6	0.7	s15_t2.6_a0.7_021.gff
278	N	N	2.570	4.606	4.413	0.193	2.6	0.7	s15_t2.6_a0.7_022.gff
384	N	N	4.164	4.644	4.403	0.241	2.6	0.7	s15_t2.6_a0.7_023.gff
435	N	N	2.734	4.550	4.314	0.236	2.6	0.7	s15_t2.6_a0.7_024.gff
540	N	N	3.083	5.173	4.935	0.238	2.6	0.7	s15_t2.6_a0.7_025.gff
680	N	N	3.098	5.279	5.038	0.241	2.6	0.7	s15_t2.6_a0.7_026.gff
332	N	N	3.477	4.433	4.196	0.237	2.6	0.7	s15_t2.6_a0.7_027.gff
661	N	N	2.937	4.976	4.735	0.241	2.6	0.7	s15_t2.6_a0.7_028.gff
691	N	N	5.213	5.451	5.162	0.289	2.6	0.7	s15_t2.6_a0.7_029.gff
187	N	N	3.546	4.111	3.887	0.224	2.6	0.7	s15_t2.6_a0.7_030.gff
376	N	N	2.901	4.390	4.157	0.233	2.6	0.7	s15_t2.6_a0.7_031.gff
347	N	N	3.945	4.618	4.371	0.247	2.6	0.7	s15_t2.6_a0.7_032.gff
264	N	N	2.776	4.294	4.075	0.219	2.6	0.7	s15_t2.6_a0.7_033.gff
206	N	N	2.214	3.995	3.786	0.209	2.6	0.7	s15_t2.6_a0.7_034.gff
734	N	N	3.579	5.337	5.087	0.250	2.6	0.7	s15_t2.6_a0.7_035.gff
261	N	N	3.346	4.218	3.989	0.229	2.6	0.7	s15_t2.6_a0.7_036.gff
235	N	N	2.412	4.194	3.982	0.212	2.6	0.7	s15_t2.6_a0.7_037.gff
718	N	N	3.098	5.207	4.969	0.238	2.6	0.7	s15_t2.6_a0.7_038.gff
168	N	N	2.103	3.916	3.697	0.219	2.6	0.7	s15_t2.6_a0.7_039.gff
662	N	N	2.888	4.883	4.640	0.243	2.6	0.7	s15_t2.6_a0.7_040.gff
372	N	N	2.507	4.361	4.145	0.216	2.6	0.7	s15_t2.6_a0.7_041.gff
356	N	N	2.694	4.295	4.068	0.227	2.6	0.7	s15_t2.6_a0.7_042.gff
310	N	N	3.434	4.100	3.867	0.233	2.6	0.7	s15_t2.6_a0.7_043.gff
477	N	N	2.893	4.693	4.471	0.222	2.6	0.7	s15_t2.6_a0.7_044.gff
608	N	N	3.005	5.213	4.991	0.222	2.6	0.7	s15_t2.6_a0.7_045.gff
468	N	N	3.804	4.718	4.501	0.217	2.6	0.7	s15_t2.6_a0.7_046.gff
998	N	N	3.100	5.454	5.215	0.239	2.6	0.7	s15_t2.6_a0.7_047.gff
217	N	N	2.152	3.637	3.444	0.193	2.6	0.7	s15_t2.6_a0.7_048.gff
372	N	N	4.614	4.540	4.302	0.238	2.6	0.7	s15_t2.6_a0.7_049.gff
540	N	N	4.246	5.130	4.881	0.249	2.6	0.7	s15_t2.6_a0.7_050.gff
485	N	N	5.323	5.003	4.770	0.233	2.6	0.7	s15_t2.6_a0.7_051.gff
1139	N	N	6.359	6.597	6.355	0.242	2.6	0.7	s15_t2.6_a0.7_052.gff
352	N	N	2.615	4.497	4.257	0.240	2.6	0.7	s15_t2.6_a0.7_053.gff
404	N	N	3.345	4.854	4.615	0.239	2.6	0.7	s15_t2.6_a0.7_054.gff
333	N	N	5.508	4.132	3.913	0.219	2.6	0.7	s15_t2.6_a0.7_055.gff
952	N	N	3.413	5.935	5.681	0.254	2.6	0.7	s15_t2.6_a0.7_056.gff
314	N	N	2.642	4.494	4.241	0.253	2.6	0.7	s15_t2.6_a0.7_057.gff
289	N	N	2.409	4.147	3.912	0.235	2.6	0.7	s15_t2.6_a0.7_058.gff
237	N	N	3.365	3.956	3.743	0.213	2.6	0.7	s15_t2.6_a0.7_059.gff
275	N	N	3.881	4.137	3.923	0.214	2.6	0.7	s15_t2.6_a0.7_060.gff
239	N	N	2.687	4.232	4.015	0.217	2.6	0.7	s15_t2.6_a0.7_061.gff
347	N	N	2.404	4.330	4.085	0.245	2.6	0.7	s15_t2.6_a0.7_062.gff
143	N	N	2.031	3.664	3.499	0.165	2.6	0.7	s15_t2.6_a0.7_063.gff
517	N	N	6.175	4.690	4.458	0.232	2.6	0.7	s15_t2.6_a0.7_064.gff
479	N	N	3.021	5.011	4.747	0.264	2.6	0.7	s15_t2.6_a0.7_065.gff
329	N	N	2.687	4.459	4.207	0.252	2.6	0.7	s15_t2.6_a0.7_066.gff
242	N	N	2.588	4.380	4.156	0.224	2.6	0.7	s15_t2.6_a0.7_067.gff
359	N	N	2.239	4.259	4.044	0.215	2.6	0.7	s15_t2.6_a0.7_068.gff
431	N	N	2.396	4.328	4.123	0.205	2.6	0.7	s15_t2.6_a0.7_069.gff
613	N	N	2.788	4.771	4.548	0.223	2.6	0.7	s15_t2.6_a0.7_070.gff
479	N	N	2.438	4.560	4.328	0.232	2.6	0.7	s15_t2.6_a0.7_071.gff
479	N	N	2.719	4.651	4.425	0.226	2.6	0.7	s15_t2.6_a0.7_072.gff
409	N	N	5.733	4.432	4.200	0.232	2.6	0.7	s15_t2.6_a0.7_073.gff
361	N	N	5.019	4.266	4.032	0.234	2.6	0.7	s15_t2.6_a0.7_074.gff
412	N	N	2.465	4.752	4.531	0.221	2.6	0.7	s15_t2.6_a0.7_075.gff
481	N	N	2.770	4.631	4.358	0.273	2.6	0.7	s15_t2.6_a0.7_076.gff
1114	N	N	4.416	6.174	5.889	0.285	2.6	0.7	s15_t2.6_a0.7_077.gff
582	N	N	2.899	5.048	4.822	0.226	2.6	0.7	s15_t2.6_a0.7_078.gff
314	N	N	2.596	4.059	3.855	0.204	2.6	0.7	s15_t2.6_a0.7_079.gff
448	N	N	2.809	4.762	4.537	0.225	2.6	0.7	s15_t2.6_a0.7_080.gff
536	N	N	2.854	4.850	4.602	0.248	2.6	0.7	s15_t2.6_a0.7_081.gff
229	N	N	2.283	4.089	3.863	0.226	2.6	0.7	s15_t2.6_a0.7_082.gff
457	N	N	2.794	4.957	4.711	0.246	2.6	0.7	s15_t2.6_a0.7_083.gff
464	N	N	3.291	4.626	4.391	0.235	2.6	0.7	s15_t2.6_a0.7_084.gff
352	N	N	3.430	4.209	3.994	0.215	2.6	0.7	s15_t2.6_a0.7_085.gff
497	N	N	2.618	4.849	4.598	0.251	2.6	0.7	s15_t2.6_a0.7_086.gff
543	N	N	3.368	4.939	4.737	0.202	2.6	0.7	s15_t2.6_a0.7_087.gff
420	N	N	2.615	4.851	4.636	0.215	2.6	0.7	s15_t2.6_a0.7_088.gff
375	N	N	2.610	4.606	4.402	0.204	2.6	0.7	s15_t2.6_a0.7_089.gff
736	N	N	2.820	5.199	5.001	0.198	2.6	0.7	s15_t2.6_a0.7_090.gff
270	N	N	2.492	4.260	4.035	0.225	2.6	0.7	s15_t2.6_a0.7_091.gff
85	N	N	1.905	3.007	2.871	0.136	2.6	0.7	s15_t2.6_a0.7_092.gff
463	N	N	2.688	4.765	4.559	0.206	2.6	0.7	s15_t2.6_a0.7_093.gff
236	N	N	2.543	3.953	3.745	0.208	2.6	0.7	s15_t2.6_a0.7_094.gff
387	N	N	2.347	4.376	4.160	0.216	2.6	0.7	s15_t2.6_a0.7_095.gff
186	N	N	3.388	4.078	3.846	0.232	2.6	0.7	s15_t2.6_a0.7_096.gff
335	N	N	2.858	4.684	4.425	0.259	2.6	0.7	s15_t2.6_a0.7_097.gff
396	N	N	4.112	4.521	4.278	0.243	2.6	0.7	s15_t2.6_a0.7_098.gff
671	N	N	2.893	5.081	4.869	0.212	2.6	0.7	s15_t2.6_a0.7_099.gff
645	N	N	2.901	5.311	5.076	0.235	2.6	0.7	s15_t2.6_a0.7_100.gff
267	N	N	2.351	4.085	3.900	0.185	2.6	0.8	s15_t2.6_a0.8_001.gff
275	N	N	6.832	3.876	3.665	0.211	2.6	0.8	s15_t2.6_a0.8_002.gff
139	N	N	2.127	3.602	3.415	0.187	2.6	0.8	s15_t2.6_a0.8_003.gff
276	N	N	3.824	3.948	3.771	0.177	2.6	0.8	s15_t2.6_a0.8_004.gff
118	N	N	1.867	3.231	3.073	0.158	2.6	0.8	s15_t2.6_a0.8_005.gff
175	N	N	5.521	3.537	3.342	0.195	2.6	0.8	s15_t2.6_a0.8_006.gff
84	N	N	1.926	3.431	3.262	0.169	2.6	0.8	s15_t2.6_a0.8_007.gff
178	N	N	2.532	3.775	3.589	0.186	2.6	0.8	s15_t2.6_a0.8_008.gff
116	N	N	1.967	3.287	3.115	0.172	2.6	0.8	s15_t2.6_a0.8_009.gff
121	N	N	4.030	3.390	3.224	0.166	2.6	0.8	s15_t2.6_a0.8_010.gff
149	N	N	3.615	3.646	3.471	0.175	2.6	0.8	s15_t2.6_a0.8_011.gff
72	N	N	2.054	3.097	2.952	0.145	2.6	0.8	s15_t2.6_a0.8_012.gff
211	N	N	2.192	3.789	3.594	0.195	2.6	0.8	s15_t2.6_a0.8_013.gff
269	N	N	2.559	4.008	3.814	0.194	2.6	0.8	s15_t2.6_a0.8_014.gff
150	N	N	2.398	3.520	3.356	0.164	2.6	0.8	s15_t2.6_a0.8_015.gff
141	N	N	3.426	3.409	3.243	0.166	2.6	0.8	s15_t2.6_a0.8_016.gff
97	N	N	3.589	3.305	3.144	0.161	2.6	0.8	s15_t2.6_a0.8_017.gff
120	N	N	2.187	3.433	3.250	0.183	2.6	0.8	s15_t2.6_a0.8_018.gff
140	N	N	2.040	3.379	3.208	0.171	2.6	0.8	s15_t2.6_a0.8_019.gff
212	N	N	3.701	3.772	3.574	0.198	2.6	0.8	s15_t2.6_a0.8_020.gff
263	N	N	4.220	4.018	3.801	0.217	2.6	0.8	s15_t2.6_a0.8_021.gff
261	N	N	2.478	3.965	3.769	0.196	2.6	0.8	s15_t2.6_a0.8_022.gff
118	N	N	1.972	3.361	3.197	0.164	2.6	0.8	s15_t2.6_a0.8_023.gff
110	N	N	2.024	3.384	3.183	0.201	2.6	0.8	s15_t2.6_a0.8_024.gff
86	N	N	2.140	3.127	2.965	0.162	2.6	0.8	s15_t2.6_a0.8_025.gff
190	N	N	1.834	3.623	3.467	0.156	2.6	0.8	s15_t2.6_a0.8_026.gff
286	N	N	2.273	4.056	3.881	0.175	2.6	0.8	s15_t2.6_a0.8_027.gff
105	N	N	2.074	3.462	3.287	0.175	2.6	0.8	s15_t2.6_a0.8_028.gff
178	N	N	4.387	3.806	3.623	0.183	2.6	0.8	s15_t2.6_a0.8_029.gff
262	N	N	2.129	3.980	3.768	0.212	2.6	0.8	s15_t2.6_a0.8_030.gff
129	N	N	1.871	3.449	3.272	0.177	2.6	0.8	s15_t2.6_a0.8_031.gff
82	N	N	1.833	3.075	2.921	0.154	2.6	0.8	s15_t2.6_a0.8_032.gff
166	N	N	5.062	3.715	3.546	0.169	2.6	0.8	s15_t2.6_a0.8_033.gff
213	N	N	2.141	3.718	3.532	0.186	2.6	0.8	s15_t2.6_a0.8_034.gff
121	N	N	2.064	3.334	3.189	0.145	2.6	0.8	s15_t2.6_a0.8_035.gff
193	N	N	2.826	3.670	3.476	0.194	2.6	0.8	s15_t2.6_a0.8_036.gff
120	N	N	2.025	3.381	3.222	0.159	2.6	0.8	s15_t2.6_a0.8_037.gff
127	N	N	1.891	3.474	3.327	0.147	2.6	0.8	s15_t2.6_a0.8_038.gff
124	N	N	1.997	3.441	3.283	0.158	2.6	0.8	s15_t2.6_a0.8_039.gff
111	N	N	1.879	3.477	3.308	0.169	2.6	0.8	s15_t2.6_a0.8_040.gff
87	N	N	1.805	3.279	3.117	0.162	2.6	0.8	s15_t2.6_a0.8_041.gff
102	N	N	1.664	3.207	3.047	0.160	2.6	0.8	s15_t2.6_a0.8_042.gff
81	N	N	1.550	2.885	2.736	0.149	2.6	0.8	s15_t2.6_a0.8_043.gff
68	N	N	3.352	3.304	3.149	0.155	2.6	0.8	s15_t2.6_a0.8_044.gff
66	N	N	2.117	3.003	2.826	0.177	2.6	0.8	s15_t2.6_a0.8_045.gff
77	N	N	1.977	3.092	2.925	0.167	2.6	0.8	s15_t2.6_a0.8_046.gff
263	N	N	2.321	3.792	3.602	0.190	2.6	0.8	s15_t2.6_a0.8_047.gff
108	N	N	2.127	3.095	2.928	0.167	2.6	0.8	s15_t2.6_a0.8_048.gff
96	N	N	2.869	3.315	3.150	0.165	2.6	0.8	s15_t2.6_a0.8_049.gff
239	N	N	2.343	3.945	3.742	0.203	2.6	0.8	s15_t2.6_a0.8_050.gff
165	N	N	2.896	3.665	3.489	0.176	2.6	0.8	s15_t2.6_a0.8_051.gff
110	N	N	2.020	3.364	3.218	0.146	2.6	0.8	s15_t2.6_a0.8_052.gff
123	N	N	3.102	3.520	3.350	0.170	2.6	0.8	s15_t2.6_a0.8_053.gff
148	N	N	1.843	3.627	3.465	0.162	2.6	0.8	s15_t2.6_a0.8_054.gff
70	N	N	1.885	3.106	2.944	0.162	2.6	0.8	s15_t2.6_a0.8_055.gff
185	N	N	2.325	3.624	3.461	0.163	2.6	0.8	s15_t2.6_a0.8_056.gff
141	N	N	2.106	3.466	3.287	0.179	2.6	0.8	s15_t2.6_a0.8_057.gff
187	N	N	4.273	3.748	3.574	0.174	2.6	0.8	s15_t2.6_a0.8_058.gff
238	N	N	3.013	3.883	3.688	0.195	2.6	0.8	s15_t2.6_a0.8_059.gff
156	N	N	5.378	3.661	3.482	0.179	2.6	0.8	s15_t2.6_a0.8_060.gff
185	N	N	3.337	3.557	3.397	0.160	2.6	0.8	s15_t2.6_a0.8_061.gff
274	N	N	2.436	4.041	3.870	0.171	2.6	0.8	s15_t2.6_a0.8_062.gff
164	N	N	3.431	3.446	3.267	0.179	2.6	0.8	s15_t2.6_a0.8_063.gff
65	N	N	1.798	3.113	2.949	0.164	2.6	0.8	s15_t2.6_a0.8_064.gff
123	N	N	3.499	3.684	3.494	0.190	2.6	0.8	s15_t2.6_a0.8_065.gff
173	N	N	2.130	3.856	3.658	0.198	2.6	0.8	s15_t2.6_a0.8_066.gff
119	N	N	2.184	3.514	3.337	0.177	2.6	0.8	s15_t2.6_a0.8_067.gff
183	N	N	4.461	3.619	3.455	0.164	2.6	0.8	s15_t2.6_a0.8_068.gff
84	N	N	3.264	3.271	3.103	0.168	2.6	0.8	s15_t2.6_a0.8_069.gff
125	N	N	2.717	3.590	3.401	0.189	2.6	0.8	s15_t2.6_a0.8_070.gff
122	N	N	2.199	3.457	3.273	0.184	2.6	0.8	s15_t2.6_a0.8_071.gff
127	N	N	3.805	3.243	3.076	0.167	2.6	0.8	s15_t2.6_a0.8_072.gff
135	N	N	2.521	3.409	3.240	0.169	2.6	0.8	s15_t2.6_a0.8_073.gff
178	N	N	3.535	3.631	3.449	0.182	2.6	0.8	s15_t2.6_a0.8_074.gff
186	N	N	5.314	3.817	3.624	0.193	2.6	0.8	s15_t2.6_a0.8_075.gff
64	N	N	2.445	3.124	2.957	0.167	2.6	0.8	s15_t2.6_a0.8_076.gff
152	N	N	2.226	3.648	3.472	0.176	2.6	0.8	s15_t2.6_a0.8_077.gff
127	N	N	2.087	3.508	3.326	0.182	2.6	0.8	s15_t2.6_a0.8_078.gff
123	N	N	2.009	3.498	3.323	0.175	2.6	0.8	s15_t2.6_a0.8_079.gff
105	N	N	1.903	3.343	3.167	0.176	2.6	0.8	s15_t2.6_a0.8_080.gff
172	N	N	2.196	3.628	3.468	0.160	2.6	0.8	s15_t2.6_a0.8_081.gff
253	N	N	2.072	3.858	3.645	0.213	2.6	0.8	s15_t2.6_a0.8_082.gff
125	N	N	2.043	3.430	3.257	0.173	2.6	0.8	s15_t2.6_a0.8_083.gff
169	N	N	2.066	3.544	3.397	0.147	2.6	0.8	s15_t2.6_a0.8_084.gff
81	N	N	1.817	3.073	2.936	0.137	2.6	0.8	s15_t2.6_a0.8_085.gff
128	N	N	1.723	3.401	3.255	0.146	2.6	0.8	s15_t2.6_a0.8_086.gff
118	N	N	1.903	3.400	3.234	0.166	2.6	0.8	s15_t2.6_a0.8_087.gff
58	N	N	2.372	3.001	2.850	0.151	2.6	0.8	s15_t2.6_a0.8_088.gff
332	N	N	4.779	4.572	4.334	0.238	2.6	0.8	s15_t2.6_a0.8_089.gff
247	N	N	2.276	3.885	3.693	0.192	2.6	0.8	s15_t2.6_a0.8_090.gff
120	N	N	2.668	3.417	3.255	0.162	2.6	0.8	s15_t2.6_a0.8_091.gff
186	N	N	2.855	3.789	3.630	0.159	2.6	0.8	s15_t2.6_a0.8_092.gff
137	N	N	3.302	3.435	3.248	0.187	2.6	0.8	s15_t2.6_a0.8_093.gff
62	N	N	3.525	3.042	2.871	0.171	2.6	0.8	s15_t2.6_a0.8_094.gff
200	N	N	2.146	3.650	3.462	0.188	2.6	0.8	s15_t2.6_a0.8_095.gff
129	N	N	2.099	3.378	3.215	0.163	2.6	0.8	s15_t2.6_a0.8_096.gff
214	N	N	2.226	3.839	3.672	0.167	2.6	0.8	s15_t2.6_a0.8_097.gff
84	N	N	1.717	3.158	2.997	0.161	2.6	0.8	s15_t2.6_a0.8_098.gff
158	N	N	2.865	3.626	3.435	0.191	2.6	0.8	s15_t2.6_a0.8_099.gff
151	N	N	2.359	3.627	3.431	0.196	2.6	0.8	s15_t2.6_a0.8_100.gff
