# Starting date:             2014-12-15 13:50:48
# Cluster job name:          rank.tr.ro.15_07_of_10
# Cluster job ID:            181159
# Cluster node:              hnode28
# Cluster queue:             mpi.q
# Complementation algorithm: rank -tr -ro
# Data:                      15.07_of_10.tar.gz
# Memory limit (Java heap):  1G
# Timeout (CPU time):        600s
states	t_out	m_out	real_t	tcpu_t	ucpu_t	scpu_t	dt	da	file
395	N	N	2.802	4.622	4.379	0.243	2.2	0.7	s15_t2.2_a0.7_001.gff
488	N	N	3.499	5.451	5.191	0.260	2.2	0.7	s15_t2.2_a0.7_002.gff
440	N	N	2.659	4.471	4.255	0.216	2.2	0.7	s15_t2.2_a0.7_003.gff
675	N	N	2.666	4.974	4.726	0.248	2.2	0.7	s15_t2.2_a0.7_004.gff
467	N	N	2.424	4.600	4.385	0.215	2.2	0.7	s15_t2.2_a0.7_005.gff
658	N	N	2.948	5.391	5.141	0.250	2.2	0.7	s15_t2.2_a0.7_006.gff
912	N	N	3.127	6.192	5.909	0.283	2.2	0.7	s15_t2.2_a0.7_007.gff
485	N	N	2.463	4.693	4.462	0.231	2.2	0.7	s15_t2.2_a0.7_008.gff
137	N	N	3.053	3.533	3.348	0.185	2.2	0.7	s15_t2.2_a0.7_009.gff
566	N	N	2.732	4.811	4.546	0.265	2.2	0.7	s15_t2.2_a0.7_010.gff
314	N	N	2.134	4.127	3.899	0.228	2.2	0.7	s15_t2.2_a0.7_011.gff
393	N	N	2.472	4.905	4.643	0.262	2.2	0.7	s15_t2.2_a0.7_012.gff
616	N	N	2.790	5.326	5.089	0.237	2.2	0.7	s15_t2.2_a0.7_013.gff
676	N	N	2.823	5.157	4.912	0.245	2.2	0.7	s15_t2.2_a0.7_014.gff
365	N	N	2.558	4.450	4.213	0.237	2.2	0.7	s15_t2.2_a0.7_015.gff
978	N	N	3.280	5.930	5.683	0.247	2.2	0.7	s15_t2.2_a0.7_016.gff
205	N	N	1.913	3.811	3.612	0.199	2.2	0.7	s15_t2.2_a0.7_017.gff
641	N	N	2.560	5.031	4.800	0.231	2.2	0.7	s15_t2.2_a0.7_018.gff
770	N	N	3.036	5.954	5.677	0.277	2.2	0.7	s15_t2.2_a0.7_019.gff
492	N	N	2.458	4.708	4.451	0.257	2.2	0.7	s15_t2.2_a0.7_020.gff
764	N	N	2.959	5.504	5.244	0.260	2.2	0.7	s15_t2.2_a0.7_021.gff
492	N	N	2.564	5.063	4.834	0.229	2.2	0.7	s15_t2.2_a0.7_022.gff
533	N	N	2.576	5.059	4.787	0.272	2.2	0.7	s15_t2.2_a0.7_023.gff
348	N	N	2.452	4.656	4.450	0.206	2.2	0.7	s15_t2.2_a0.7_024.gff
519	N	N	2.771	4.931	4.700	0.231	2.2	0.7	s15_t2.2_a0.7_025.gff
642	N	N	2.816	5.280	5.029	0.251	2.2	0.7	s15_t2.2_a0.7_026.gff
632	N	N	3.026	5.451	5.213	0.238	2.2	0.7	s15_t2.2_a0.7_027.gff
407	N	N	2.504	4.938	4.676	0.262	2.2	0.7	s15_t2.2_a0.7_028.gff
489	N	N	2.510	4.832	4.574	0.258	2.2	0.7	s15_t2.2_a0.7_029.gff
310	N	N	2.213	4.388	4.153	0.235	2.2	0.7	s15_t2.2_a0.7_030.gff
463	N	N	3.073	5.156	4.884	0.272	2.2	0.7	s15_t2.2_a0.7_031.gff
317	N	N	2.087	4.248	4.048	0.200	2.2	0.7	s15_t2.2_a0.7_032.gff
190	N	N	2.004	3.789	3.602	0.187	2.2	0.7	s15_t2.2_a0.7_033.gff
207	N	N	1.917	3.858	3.664	0.194	2.2	0.7	s15_t2.2_a0.7_034.gff
440	N	N	2.437	4.711	4.470	0.241	2.2	0.7	s15_t2.2_a0.7_035.gff
689	N	N	2.901	5.305	5.018	0.287	2.2	0.7	s15_t2.2_a0.7_036.gff
195	N	N	1.915	3.821	3.636	0.185	2.2	0.7	s15_t2.2_a0.7_037.gff
360	N	N	1.968	3.896	3.702	0.194	2.2	0.7	s15_t2.2_a0.7_038.gff
297	N	N	2.507	4.304	4.075	0.229	2.2	0.7	s15_t2.2_a0.7_039.gff
673	N	N	2.696	5.082	4.845	0.237	2.2	0.7	s15_t2.2_a0.7_040.gff
1167	N	N	2.976	5.634	5.369	0.265	2.2	0.7	s15_t2.2_a0.7_041.gff
564	N	N	2.669	4.934	4.695	0.239	2.2	0.7	s15_t2.2_a0.7_042.gff
564	N	N	2.548	4.819	4.581	0.238	2.2	0.7	s15_t2.2_a0.7_043.gff
448	N	N	2.300	4.287	4.040	0.247	2.2	0.7	s15_t2.2_a0.7_044.gff
382	N	N	2.374	4.464	4.219	0.245	2.2	0.7	s15_t2.2_a0.7_045.gff
406	N	N	2.337	4.649	4.389	0.260	2.2	0.7	s15_t2.2_a0.7_046.gff
395	N	N	2.413	4.853	4.570	0.283	2.2	0.7	s15_t2.2_a0.7_047.gff
1334	N	N	4.151	7.014	6.758	0.256	2.2	0.7	s15_t2.2_a0.7_048.gff
128	N	N	1.783	3.519	3.345	0.174	2.2	0.7	s15_t2.2_a0.7_049.gff
708	N	N	2.678	5.207	4.946	0.261	2.2	0.7	s15_t2.2_a0.7_050.gff
1055	N	N	3.723	6.856	6.554	0.302	2.2	0.7	s15_t2.2_a0.7_051.gff
158	N	N	1.784	3.462	3.273	0.189	2.2	0.7	s15_t2.2_a0.7_052.gff
698	N	N	2.731	5.299	5.080	0.219	2.2	0.7	s15_t2.2_a0.7_053.gff
552	N	N	2.680	5.156	4.893	0.263	2.2	0.7	s15_t2.2_a0.7_054.gff
381	N	N	2.165	4.139	3.909	0.230	2.2	0.7	s15_t2.2_a0.7_055.gff
308	N	N	2.305	4.344	4.106	0.238	2.2	0.7	s15_t2.2_a0.7_056.gff
419	N	N	2.481	4.861	4.599	0.262	2.2	0.7	s15_t2.2_a0.7_057.gff
627	N	N	2.806	5.314	5.048	0.266	2.2	0.7	s15_t2.2_a0.7_058.gff
1018	N	N	3.153	5.765	5.490	0.275	2.2	0.7	s15_t2.2_a0.7_059.gff
1412	N	N	3.763	6.807	6.549	0.258	2.2	0.7	s15_t2.2_a0.7_060.gff
115	N	N	1.746	3.454	3.262	0.192	2.2	0.7	s15_t2.2_a0.7_061.gff
477	N	N	2.536	4.909	4.644	0.265	2.2	0.7	s15_t2.2_a0.7_062.gff
625	N	N	3.138	5.857	5.596	0.261	2.2	0.7	s15_t2.2_a0.7_063.gff
229	N	N	1.924	3.880	3.676	0.204	2.2	0.7	s15_t2.2_a0.7_064.gff
382	N	N	2.231	4.259	4.019	0.240	2.2	0.7	s15_t2.2_a0.7_065.gff
758	N	N	3.170	5.727	5.472	0.255	2.2	0.7	s15_t2.2_a0.7_066.gff
1417	N	N	3.564	6.118	5.848	0.270	2.2	0.7	s15_t2.2_a0.7_067.gff
502	N	N	2.323	4.730	4.475	0.255	2.2	0.7	s15_t2.2_a0.7_068.gff
1383	N	N	3.592	6.647	6.377	0.270	2.2	0.7	s15_t2.2_a0.7_069.gff
344	N	N	2.177	4.350	4.139	0.211	2.2	0.7	s15_t2.2_a0.7_070.gff
599	N	N	2.667	4.960	4.723	0.237	2.2	0.7	s15_t2.2_a0.7_071.gff
414	N	N	2.553	5.075	4.810	0.265	2.2	0.7	s15_t2.2_a0.7_072.gff
566	N	N	2.749	4.975	4.725	0.250	2.2	0.7	s15_t2.2_a0.7_073.gff
130	N	N	1.748	3.440	3.262	0.178	2.2	0.7	s15_t2.2_a0.7_074.gff
276	N	N	2.128	4.269	4.035	0.234	2.2	0.7	s15_t2.2_a0.7_075.gff
128	N	N	2.064	3.475	3.281	0.194	2.2	0.7	s15_t2.2_a0.7_076.gff
700	N	N	2.696	5.298	5.042	0.256	2.2	0.7	s15_t2.2_a0.7_077.gff
1009	N	N	3.436	6.064	5.832	0.232	2.2	0.7	s15_t2.2_a0.7_078.gff
409	N	N	2.467	4.772	4.529	0.243	2.2	0.7	s15_t2.2_a0.7_079.gff
425	N	N	2.317	4.401	4.154	0.247	2.2	0.7	s15_t2.2_a0.7_080.gff
1273	N	N	3.891	6.694	6.407	0.287	2.2	0.7	s15_t2.2_a0.7_081.gff
767	N	N	3.340	5.518	5.255	0.263	2.2	0.7	s15_t2.2_a0.7_082.gff
878	N	N	3.262	5.643	5.378	0.265	2.2	0.7	s15_t2.2_a0.7_083.gff
339	N	N	2.358	4.192	3.953	0.239	2.2	0.7	s15_t2.2_a0.7_084.gff
485	N	N	2.599	4.785	4.532	0.253	2.2	0.7	s15_t2.2_a0.7_085.gff
271	N	N	2.069	3.857	3.651	0.206	2.2	0.7	s15_t2.2_a0.7_086.gff
427	N	N	2.361	4.706	4.480	0.226	2.2	0.7	s15_t2.2_a0.7_087.gff
829	N	N	3.194	5.922	5.650	0.272	2.2	0.7	s15_t2.2_a0.7_088.gff
203	N	N	2.023	3.935	3.706	0.229	2.2	0.7	s15_t2.2_a0.7_089.gff
228	N	N	2.354	4.068	3.853	0.215	2.2	0.7	s15_t2.2_a0.7_090.gff
552	N	N	2.531	4.932	4.693	0.239	2.2	0.7	s15_t2.2_a0.7_091.gff
158	N	N	1.780	3.443	3.249	0.194	2.2	0.7	s15_t2.2_a0.7_092.gff
285	N	N	2.025	4.126	3.898	0.228	2.2	0.7	s15_t2.2_a0.7_093.gff
242	N	N	2.144	4.164	3.936	0.228	2.2	0.7	s15_t2.2_a0.7_094.gff
909	N	N	3.125	5.815	5.554	0.261	2.2	0.7	s15_t2.2_a0.7_095.gff
233	N	N	1.923	3.889	3.711	0.178	2.2	0.7	s15_t2.2_a0.7_096.gff
436	N	N	2.273	4.596	4.346	0.250	2.2	0.7	s15_t2.2_a0.7_097.gff
292	N	N	2.037	4.079	3.862	0.217	2.2	0.7	s15_t2.2_a0.7_098.gff
136	N	N	1.742	3.468	3.302	0.166	2.2	0.7	s15_t2.2_a0.7_099.gff
473	N	N	2.446	4.939	4.688	0.251	2.2	0.7	s15_t2.2_a0.7_100.gff
71	N	N	1.526	2.940	2.803	0.137	2.2	0.8	s15_t2.2_a0.8_001.gff
182	N	N	1.842	3.621	3.437	0.184	2.2	0.8	s15_t2.2_a0.8_002.gff
76	N	N	1.657	3.169	3.012	0.157	2.2	0.8	s15_t2.2_a0.8_003.gff
116	N	N	1.712	3.400	3.235	0.165	2.2	0.8	s15_t2.2_a0.8_004.gff
150	N	N	1.735	3.363	3.194	0.169	2.2	0.8	s15_t2.2_a0.8_005.gff
182	N	N	1.925	3.672	3.464	0.208	2.2	0.8	s15_t2.2_a0.8_006.gff
441	N	N	2.354	4.523	4.296	0.227	2.2	0.8	s15_t2.2_a0.8_007.gff
209	N	N	1.889	3.757	3.563	0.194	2.2	0.8	s15_t2.2_a0.8_008.gff
87	N	N	1.764	3.168	3.002	0.166	2.2	0.8	s15_t2.2_a0.8_009.gff
172	N	N	1.848	3.781	3.579	0.202	2.2	0.8	s15_t2.2_a0.8_010.gff
352	N	N	2.296	4.728	4.501	0.227	2.2	0.8	s15_t2.2_a0.8_011.gff
137	N	N	1.677	3.213	3.040	0.173	2.2	0.8	s15_t2.2_a0.8_012.gff
166	N	N	1.804	3.646	3.453	0.193	2.2	0.8	s15_t2.2_a0.8_013.gff
410	N	N	2.346	4.840	4.569	0.271	2.2	0.8	s15_t2.2_a0.8_014.gff
204	N	N	1.878	3.748	3.564	0.184	2.2	0.8	s15_t2.2_a0.8_015.gff
491	N	N	2.361	4.536	4.279	0.257	2.2	0.8	s15_t2.2_a0.8_016.gff
286	N	N	2.482	4.027	3.808	0.219	2.2	0.8	s15_t2.2_a0.8_017.gff
300	N	N	2.721	4.348	4.099	0.249	2.2	0.8	s15_t2.2_a0.8_018.gff
294	N	N	2.298	4.714	4.466	0.248	2.2	0.8	s15_t2.2_a0.8_019.gff
194	N	N	1.885	3.619	3.432	0.187	2.2	0.8	s15_t2.2_a0.8_020.gff
269	N	N	2.412	3.994	3.800	0.194	2.2	0.8	s15_t2.2_a0.8_021.gff
442	N	N	2.262	4.584	4.357	0.227	2.2	0.8	s15_t2.2_a0.8_022.gff
350	N	N	2.257	4.214	3.961	0.253	2.2	0.8	s15_t2.2_a0.8_023.gff
33	N	N	1.600	2.954	2.802	0.152	2.2	0.8	s15_t2.2_a0.8_024.gff
297	N	N	2.007	3.823	3.621	0.202	2.2	0.8	s15_t2.2_a0.8_025.gff
132	N	N	2.017	3.430	3.267	0.163	2.2	0.8	s15_t2.2_a0.8_026.gff
271	N	N	2.026	4.110	3.903	0.207	2.2	0.8	s15_t2.2_a0.8_027.gff
167	N	N	1.800	3.605	3.418	0.187	2.2	0.8	s15_t2.2_a0.8_028.gff
143	N	N	1.939	3.468	3.268	0.200	2.2	0.8	s15_t2.2_a0.8_029.gff
226	N	N	1.918	3.762	3.575	0.187	2.2	0.8	s15_t2.2_a0.8_030.gff
298	N	N	2.164	4.406	4.171	0.235	2.2	0.8	s15_t2.2_a0.8_031.gff
183	N	N	1.831	3.694	3.486	0.208	2.2	0.8	s15_t2.2_a0.8_032.gff
143	N	N	1.787	3.600	3.417	0.183	2.2	0.8	s15_t2.2_a0.8_033.gff
419	N	N	2.318	4.739	4.491	0.248	2.2	0.8	s15_t2.2_a0.8_034.gff
170	N	N	1.786	3.539	3.347	0.192	2.2	0.8	s15_t2.2_a0.8_035.gff
151	N	N	1.784	3.557	3.369	0.188	2.2	0.8	s15_t2.2_a0.8_036.gff
260	N	N	2.008	3.828	3.616	0.212	2.2	0.8	s15_t2.2_a0.8_037.gff
186	N	N	1.824	3.629	3.449	0.180	2.2	0.8	s15_t2.2_a0.8_038.gff
220	N	N	1.997	4.007	3.806	0.201	2.2	0.8	s15_t2.2_a0.8_039.gff
168	N	N	1.808	3.615	3.425	0.190	2.2	0.8	s15_t2.2_a0.8_040.gff
230	N	N	1.935	3.956	3.785	0.171	2.2	0.8	s15_t2.2_a0.8_041.gff
241	N	N	1.944	3.805	3.602	0.203	2.2	0.8	s15_t2.2_a0.8_042.gff
182	N	N	1.829	3.689	3.505	0.184	2.2	0.8	s15_t2.2_a0.8_043.gff
236	N	N	1.892	3.671	3.483	0.188	2.2	0.8	s15_t2.2_a0.8_044.gff
140	N	N	1.804	3.553	3.369	0.184	2.2	0.8	s15_t2.2_a0.8_045.gff
284	N	N	2.063	4.209	3.993	0.216	2.2	0.8	s15_t2.2_a0.8_046.gff
137	N	N	1.874	3.442	3.261	0.181	2.2	0.8	s15_t2.2_a0.8_047.gff
342	N	N	2.096	4.210	3.972	0.238	2.2	0.8	s15_t2.2_a0.8_048.gff
173	N	N	1.847	3.596	3.387	0.209	2.2	0.8	s15_t2.2_a0.8_049.gff
190	N	N	1.866	3.699	3.520	0.179	2.2	0.8	s15_t2.2_a0.8_050.gff
257	N	N	2.339	4.213	4.002	0.211	2.2	0.8	s15_t2.2_a0.8_051.gff
51	N	N	1.526	2.905	2.748	0.157	2.2	0.8	s15_t2.2_a0.8_052.gff
205	N	N	1.815	3.660	3.488	0.172	2.2	0.8	s15_t2.2_a0.8_053.gff
303	N	N	2.115	4.197	3.952	0.245	2.2	0.8	s15_t2.2_a0.8_054.gff
368	N	N	2.282	4.641	4.394	0.247	2.2	0.8	s15_t2.2_a0.8_055.gff
267	N	N	2.035	3.983	3.796	0.187	2.2	0.8	s15_t2.2_a0.8_056.gff
305	N	N	1.955	3.775	3.593	0.182	2.2	0.8	s15_t2.2_a0.8_057.gff
299	N	N	2.504	3.989	3.782	0.207	2.2	0.8	s15_t2.2_a0.8_058.gff
140	N	N	1.751	3.425	3.249	0.176	2.2	0.8	s15_t2.2_a0.8_059.gff
126	N	N	1.712	3.402	3.236	0.166	2.2	0.8	s15_t2.2_a0.8_060.gff
227	N	N	1.958	3.814	3.618	0.196	2.2	0.8	s15_t2.2_a0.8_061.gff
206	N	N	1.888	3.820	3.620	0.200	2.2	0.8	s15_t2.2_a0.8_062.gff
256	N	N	1.948	3.820	3.630	0.190	2.2	0.8	s15_t2.2_a0.8_063.gff
230	N	N	1.991	3.990	3.775	0.215	2.2	0.8	s15_t2.2_a0.8_064.gff
241	N	N	2.080	3.920	3.742	0.178	2.2	0.8	s15_t2.2_a0.8_065.gff
225	N	N	1.935	3.966	3.745	0.221	2.2	0.8	s15_t2.2_a0.8_066.gff
156	N	N	1.796	3.614	3.452	0.162	2.2	0.8	s15_t2.2_a0.8_067.gff
114	N	N	1.720	3.479	3.282	0.197	2.2	0.8	s15_t2.2_a0.8_068.gff
186	N	N	1.844	3.626	3.427	0.199	2.2	0.8	s15_t2.2_a0.8_069.gff
128	N	N	1.784	3.548	3.349	0.199	2.2	0.8	s15_t2.2_a0.8_070.gff
216	N	N	1.928	3.917	3.714	0.203	2.2	0.8	s15_t2.2_a0.8_071.gff
243	N	N	2.002	3.935	3.711	0.224	2.2	0.8	s15_t2.2_a0.8_072.gff
266	N	N	2.165	4.164	3.958	0.206	2.2	0.8	s15_t2.2_a0.8_073.gff
248	N	N	2.042	4.030	3.820	0.210	2.2	0.8	s15_t2.2_a0.8_074.gff
81	N	N	1.580	3.005	2.849	0.156	2.2	0.8	s15_t2.2_a0.8_075.gff
270	N	N	1.929	3.882	3.692	0.190	2.2	0.8	s15_t2.2_a0.8_076.gff
83	N	N	1.780	3.103	2.952	0.151	2.2	0.8	s15_t2.2_a0.8_077.gff
149	N	N	1.739	3.497	3.321	0.176	2.2	0.8	s15_t2.2_a0.8_078.gff
267	N	N	2.237	4.063	3.834	0.229	2.2	0.8	s15_t2.2_a0.8_079.gff
190	N	N	2.000	3.940	3.749	0.191	2.2	0.8	s15_t2.2_a0.8_080.gff
339	N	N	2.162	4.423	4.177	0.246	2.2	0.8	s15_t2.2_a0.8_081.gff
234	N	N	1.973	4.013	3.838	0.175	2.2	0.8	s15_t2.2_a0.8_082.gff
265	N	N	1.927	3.904	3.722	0.182	2.2	0.8	s15_t2.2_a0.8_083.gff
315	N	N	2.179	4.448	4.233	0.215	2.2	0.8	s15_t2.2_a0.8_084.gff
254	N	N	2.003	3.831	3.639	0.192	2.2	0.8	s15_t2.2_a0.8_085.gff
151	N	N	1.844	3.660	3.477	0.183	2.2	0.8	s15_t2.2_a0.8_086.gff
197	N	N	2.022	3.986	3.783	0.203	2.2	0.8	s15_t2.2_a0.8_087.gff
316	N	N	2.081	4.140	3.935	0.205	2.2	0.8	s15_t2.2_a0.8_088.gff
247	N	N	1.932	3.951	3.766	0.185	2.2	0.8	s15_t2.2_a0.8_089.gff
237	N	N	1.932	3.876	3.696	0.180	2.2	0.8	s15_t2.2_a0.8_090.gff
375	N	N	2.200	4.210	3.961	0.249	2.2	0.8	s15_t2.2_a0.8_091.gff
174	N	N	1.817	3.666	3.487	0.179	2.2	0.8	s15_t2.2_a0.8_092.gff
143	N	N	1.729	3.401	3.240	0.161	2.2	0.8	s15_t2.2_a0.8_093.gff
196	N	N	1.918	3.882	3.693	0.189	2.2	0.8	s15_t2.2_a0.8_094.gff
256	N	N	2.272	4.175	3.961	0.214	2.2	0.8	s15_t2.2_a0.8_095.gff
335	N	N	2.097	4.315	4.106	0.209	2.2	0.8	s15_t2.2_a0.8_096.gff
185	N	N	1.885	3.733	3.554	0.179	2.2	0.8	s15_t2.2_a0.8_097.gff
358	N	N	2.218	4.493	4.234	0.259	2.2	0.8	s15_t2.2_a0.8_098.gff
127	N	N	1.741	3.405	3.256	0.149	2.2	0.8	s15_t2.2_a0.8_099.gff
175	N	N	1.834	3.677	3.483	0.194	2.2	0.8	s15_t2.2_a0.8_100.gff
40	N	N	1.485	2.799	2.631	0.168	2.2	0.9	s15_t2.2_a0.9_001.gff
93	N	N	1.585	3.023	2.862	0.161	2.2	0.9	s15_t2.2_a0.9_002.gff
130	N	N	1.846	3.235	3.077	0.158	2.2	0.9	s15_t2.2_a0.9_003.gff
127	N	N	1.610	3.086	2.927	0.159	2.2	0.9	s15_t2.2_a0.9_004.gff
88	N	N	1.576	3.034	2.898	0.136	2.2	0.9	s15_t2.2_a0.9_005.gff
115	N	N	1.959	3.247	3.087	0.160	2.2	0.9	s15_t2.2_a0.9_006.gff
109	N	N	3.428	3.102	2.945	0.157	2.2	0.9	s15_t2.2_a0.9_007.gff
49	N	N	1.657	2.795	2.639	0.156	2.2	0.9	s15_t2.2_a0.9_008.gff
69	N	N	1.513	2.771	2.606	0.165	2.2	0.9	s15_t2.2_a0.9_009.gff
140	N	N	1.718	3.285	3.099	0.186	2.2	0.9	s15_t2.2_a0.9_010.gff
75	N	N	1.553	2.987	2.833	0.154	2.2	0.9	s15_t2.2_a0.9_011.gff
127	N	N	1.695	3.252	3.088	0.164	2.2	0.9	s15_t2.2_a0.9_012.gff
139	N	N	1.815	3.299	3.139	0.160	2.2	0.9	s15_t2.2_a0.9_013.gff
103	N	N	1.660	3.188	3.029	0.159	2.2	0.9	s15_t2.2_a0.9_014.gff
113	N	N	1.643	3.194	3.019	0.175	2.2	0.9	s15_t2.2_a0.9_015.gff
87	N	N	1.581	2.984	2.829	0.155	2.2	0.9	s15_t2.2_a0.9_016.gff
218	N	N	1.828	3.568	3.392	0.176	2.2	0.9	s15_t2.2_a0.9_017.gff
170	N	N	1.724	3.344	3.179	0.165	2.2	0.9	s15_t2.2_a0.9_018.gff
143	N	N	1.685	3.265	3.079	0.186	2.2	0.9	s15_t2.2_a0.9_019.gff
71	N	N	1.517	2.833	2.682	0.151	2.2	0.9	s15_t2.2_a0.9_020.gff
122	N	N	1.567	2.994	2.851	0.143	2.2	0.9	s15_t2.2_a0.9_021.gff
169	N	N	1.677	3.226	3.064	0.162	2.2	0.9	s15_t2.2_a0.9_022.gff
77	N	N	1.501	2.796	2.650	0.146	2.2	0.9	s15_t2.2_a0.9_023.gff
170	N	N	1.730	3.331	3.158	0.173	2.2	0.9	s15_t2.2_a0.9_024.gff
138	N	N	1.688	3.259	3.092	0.167	2.2	0.9	s15_t2.2_a0.9_025.gff
154	N	N	1.695	3.279	3.090	0.189	2.2	0.9	s15_t2.2_a0.9_026.gff
123	N	N	1.576	2.972	2.812	0.160	2.2	0.9	s15_t2.2_a0.9_027.gff
99	N	N	1.561	2.956	2.783	0.173	2.2	0.9	s15_t2.2_a0.9_028.gff
95	N	N	1.545	2.916	2.758	0.158	2.2	0.9	s15_t2.2_a0.9_029.gff
71	N	N	1.516	2.865	2.723	0.142	2.2	0.9	s15_t2.2_a0.9_030.gff
88	N	N	1.532	2.873	2.717	0.156	2.2	0.9	s15_t2.2_a0.9_031.gff
86	N	N	1.517	2.828	2.668	0.160	2.2	0.9	s15_t2.2_a0.9_032.gff
60	N	N	1.491	2.747	2.607	0.140	2.2	0.9	s15_t2.2_a0.9_033.gff
26	N	N	1.382	2.542	2.418	0.124	2.2	0.9	s15_t2.2_a0.9_034.gff
80	N	N	1.533	2.871	2.733	0.138	2.2	0.9	s15_t2.2_a0.9_035.gff
139	N	N	1.619	3.045	2.886	0.159	2.2	0.9	s15_t2.2_a0.9_036.gff
66	N	N	1.461	2.583	2.446	0.137	2.2	0.9	s15_t2.2_a0.9_037.gff
65	N	N	1.520	2.878	2.729	0.149	2.2	0.9	s15_t2.2_a0.9_038.gff
179	N	N	1.701	3.296	3.124	0.172	2.2	0.9	s15_t2.2_a0.9_039.gff
126	N	N	1.605	3.027	2.891	0.136	2.2	0.9	s15_t2.2_a0.9_040.gff
50	N	N	1.479	2.685	2.545	0.140	2.2	0.9	s15_t2.2_a0.9_041.gff
81	N	N	1.551	2.919	2.758	0.161	2.2	0.9	s15_t2.2_a0.9_042.gff
126	N	N	1.590	3.055	2.910	0.145	2.2	0.9	s15_t2.2_a0.9_043.gff
52	N	N	1.463	2.717	2.584	0.133	2.2	0.9	s15_t2.2_a0.9_044.gff
80	N	N	1.488	2.829	2.680	0.149	2.2	0.9	s15_t2.2_a0.9_045.gff
89	N	N	1.534	2.916	2.781	0.135	2.2	0.9	s15_t2.2_a0.9_046.gff
111	N	N	1.579	2.981	2.815	0.166	2.2	0.9	s15_t2.2_a0.9_047.gff
86	N	N	1.686	2.852	2.704	0.148	2.2	0.9	s15_t2.2_a0.9_048.gff
75	N	N	1.521	2.871	2.716	0.155	2.2	0.9	s15_t2.2_a0.9_049.gff
76	N	N	1.519	2.758	2.596	0.162	2.2	0.9	s15_t2.2_a0.9_050.gff
109	N	N	2.114	3.054	2.907	0.147	2.2	0.9	s15_t2.2_a0.9_051.gff
289	N	N	2.001	3.843	3.639	0.204	2.2	0.9	s15_t2.2_a0.9_052.gff
193	N	N	3.307	3.412	3.248	0.164	2.2	0.9	s15_t2.2_a0.9_053.gff
92	N	N	1.521	2.878	2.722	0.156	2.2	0.9	s15_t2.2_a0.9_054.gff
42	N	N	1.403	2.563	2.437	0.126	2.2	0.9	s15_t2.2_a0.9_055.gff
45	N	N	1.420	2.605	2.477	0.128	2.2	0.9	s15_t2.2_a0.9_056.gff
143	N	N	1.794	3.247	3.098	0.149	2.2	0.9	s15_t2.2_a0.9_057.gff
198	N	N	1.729	3.381	3.223	0.158	2.2	0.9	s15_t2.2_a0.9_058.gff
121	N	N	2.206	3.085	2.940	0.145	2.2	0.9	s15_t2.2_a0.9_059.gff
110	N	N	2.495	2.972	2.818	0.154	2.2	0.9	s15_t2.2_a0.9_060.gff
87	N	N	1.609	2.867	2.711	0.156	2.2	0.9	s15_t2.2_a0.9_061.gff
131	N	N	1.808	3.202	3.036	0.166	2.2	0.9	s15_t2.2_a0.9_062.gff
115	N	N	1.766	3.061	2.911	0.150	2.2	0.9	s15_t2.2_a0.9_063.gff
80	N	N	1.730	2.938	2.789	0.149	2.2	0.9	s15_t2.2_a0.9_064.gff
99	N	N	2.034	2.956	2.804	0.152	2.2	0.9	s15_t2.2_a0.9_065.gff
72	N	N	1.505	2.785	2.663	0.122	2.2	0.9	s15_t2.2_a0.9_066.gff
200	N	N	1.922	3.533	3.375	0.158	2.2	0.9	s15_t2.2_a0.9_067.gff
166	N	N	2.304	3.359	3.182	0.177	2.2	0.9	s15_t2.2_a0.9_068.gff
90	N	N	1.746	2.932	2.778	0.154	2.2	0.9	s15_t2.2_a0.9_069.gff
66	N	N	1.641	2.869	2.740	0.129	2.2	0.9	s15_t2.2_a0.9_070.gff
117	N	N	3.690	3.140	2.971	0.169	2.2	0.9	s15_t2.2_a0.9_071.gff
96	N	N	1.593	3.046	2.885	0.161	2.2	0.9	s15_t2.2_a0.9_072.gff
105	N	N	1.747	2.890	2.748	0.142	2.2	0.9	s15_t2.2_a0.9_073.gff
63	N	N	1.848	2.914	2.760	0.154	2.2	0.9	s15_t2.2_a0.9_074.gff
152	N	N	1.679	3.233	3.067	0.166	2.2	0.9	s15_t2.2_a0.9_075.gff
87	N	N	1.654	2.954	2.815	0.139	2.2	0.9	s15_t2.2_a0.9_076.gff
46	N	N	2.044	2.791	2.640	0.151	2.2	0.9	s15_t2.2_a0.9_077.gff
142	N	N	1.870	3.284	3.138	0.146	2.2	0.9	s15_t2.2_a0.9_078.gff
102	N	N	2.375	3.143	2.995	0.148	2.2	0.9	s15_t2.2_a0.9_079.gff
183	N	N	1.842	3.440	3.267	0.173	2.2	0.9	s15_t2.2_a0.9_080.gff
120	N	N	1.698	3.105	2.951	0.154	2.2	0.9	s15_t2.2_a0.9_081.gff
196	N	N	1.977	3.515	3.335	0.180	2.2	0.9	s15_t2.2_a0.9_082.gff
84	N	N	1.576	2.968	2.811	0.157	2.2	0.9	s15_t2.2_a0.9_083.gff
101	N	N	1.867	3.086	2.922	0.164	2.2	0.9	s15_t2.2_a0.9_084.gff
41	N	N	1.648	2.803	2.634	0.169	2.2	0.9	s15_t2.2_a0.9_085.gff
122	N	N	1.934	3.147	2.978	0.169	2.2	0.9	s15_t2.2_a0.9_086.gff
56	N	N	1.661	2.863	2.730	0.133	2.2	0.9	s15_t2.2_a0.9_087.gff
102	N	N	1.629	3.091	2.928	0.163	2.2	0.9	s15_t2.2_a0.9_088.gff
89	N	N	1.661	2.804	2.664	0.140	2.2	0.9	s15_t2.2_a0.9_089.gff
125	N	N	1.806	3.241	3.072	0.169	2.2	0.9	s15_t2.2_a0.9_090.gff
87	N	N	1.892	3.096	2.928	0.168	2.2	0.9	s15_t2.2_a0.9_091.gff
50	N	N	1.598	2.883	2.730	0.153	2.2	0.9	s15_t2.2_a0.9_092.gff
87	N	N	2.253	3.005	2.862	0.143	2.2	0.9	s15_t2.2_a0.9_093.gff
138	N	N	2.057	3.225	3.059	0.166	2.2	0.9	s15_t2.2_a0.9_094.gff
151	N	N	1.965	3.265	3.094	0.171	2.2	0.9	s15_t2.2_a0.9_095.gff
90	N	N	1.934	3.073	2.914	0.159	2.2	0.9	s15_t2.2_a0.9_096.gff
55	N	N	1.737	2.851	2.697	0.154	2.2	0.9	s15_t2.2_a0.9_097.gff
85	N	N	1.569	2.936	2.784	0.152	2.2	0.9	s15_t2.2_a0.9_098.gff
157	N	N	2.526	3.379	3.222	0.157	2.2	0.9	s15_t2.2_a0.9_099.gff
127	N	N	1.847	3.110	2.938	0.172	2.2	0.9	s15_t2.2_a0.9_100.gff
29	N	N	1.473	2.532	2.390	0.142	2.2	1.0	s15_t2.2_a1.0_001.gff
32	N	N	1.525	2.552	2.418	0.134	2.2	1.0	s15_t2.2_a1.0_002.gff
73	N	N	1.517	2.566	2.413	0.153	2.2	1.0	s15_t2.2_a1.0_003.gff
78	N	N	1.641	2.673	2.518	0.155	2.2	1.0	s15_t2.2_a1.0_004.gff
34	N	N	1.834	2.560	2.439	0.121	2.2	1.0	s15_t2.2_a1.0_005.gff
65	N	N	1.438	2.637	2.503	0.134	2.2	1.0	s15_t2.2_a1.0_006.gff
56	N	N	1.524	2.554	2.411	0.143	2.2	1.0	s15_t2.2_a1.0_007.gff
32	N	N	1.566	2.538	2.403	0.135	2.2	1.0	s15_t2.2_a1.0_008.gff
46	N	N	1.384	2.506	2.375	0.131	2.2	1.0	s15_t2.2_a1.0_009.gff
19	N	N	1.412	2.425	2.291	0.134	2.2	1.0	s15_t2.2_a1.0_010.gff
41	N	N	1.715	2.595	2.456	0.139	2.2	1.0	s15_t2.2_a1.0_011.gff
35	N	N	1.594	2.598	2.450	0.148	2.2	1.0	s15_t2.2_a1.0_012.gff
24	N	N	1.501	2.502	2.358	0.144	2.2	1.0	s15_t2.2_a1.0_013.gff
41	N	N	1.393	2.501	2.367	0.134	2.2	1.0	s15_t2.2_a1.0_014.gff
52	N	N	2.439	2.557	2.414	0.143	2.2	1.0	s15_t2.2_a1.0_015.gff
57	N	N	1.465	2.573	2.439	0.134	2.2	1.0	s15_t2.2_a1.0_016.gff
33	N	N	1.697	2.518	2.371	0.147	2.2	1.0	s15_t2.2_a1.0_017.gff
41	N	N	1.412	2.543	2.410	0.133	2.2	1.0	s15_t2.2_a1.0_018.gff
23	N	N	1.647	2.485	2.348	0.137	2.2	1.0	s15_t2.2_a1.0_019.gff
12	N	N	2.972	2.470	2.336	0.134	2.2	1.0	s15_t2.2_a1.0_020.gff
37	N	N	1.384	2.525	2.375	0.150	2.2	1.0	s15_t2.2_a1.0_021.gff
27	N	N	1.589	2.546	2.421	0.125	2.2	1.0	s15_t2.2_a1.0_022.gff
33	N	N	1.498	2.571	2.418	0.153	2.2	1.0	s15_t2.2_a1.0_023.gff
42	N	N	1.756	2.512	2.378	0.134	2.2	1.0	s15_t2.2_a1.0_024.gff
34	N	N	1.520	2.570	2.434	0.136	2.2	1.0	s15_t2.2_a1.0_025.gff
38	N	N	1.430	2.534	2.388	0.146	2.2	1.0	s15_t2.2_a1.0_026.gff
20	N	N	1.495	2.501	2.367	0.134	2.2	1.0	s15_t2.2_a1.0_027.gff
92	N	N	1.469	2.669	2.523	0.146	2.2	1.0	s15_t2.2_a1.0_028.gff
18	N	N	1.558	2.453	2.325	0.128	2.2	1.0	s15_t2.2_a1.0_029.gff
67	N	N	1.551	2.693	2.561	0.132	2.2	1.0	s15_t2.2_a1.0_030.gff
30	N	N	1.946	2.505	2.363	0.142	2.2	1.0	s15_t2.2_a1.0_031.gff
51	N	N	1.646	2.597	2.474	0.123	2.2	1.0	s15_t2.2_a1.0_032.gff
20	N	N	2.343	2.496	2.354	0.142	2.2	1.0	s15_t2.2_a1.0_033.gff
51	N	N	1.614	2.602	2.455	0.147	2.2	1.0	s15_t2.2_a1.0_034.gff
51	N	N	1.421	2.584	2.439	0.145	2.2	1.0	s15_t2.2_a1.0_035.gff
132	N	N	1.788	2.770	2.617	0.153	2.2	1.0	s15_t2.2_a1.0_036.gff
24	N	N	2.038	2.519	2.367	0.152	2.2	1.0	s15_t2.2_a1.0_037.gff
43	N	N	1.388	2.505	2.362	0.143	2.2	1.0	s15_t2.2_a1.0_038.gff
24	N	N	1.579	2.480	2.342	0.138	2.2	1.0	s15_t2.2_a1.0_039.gff
31	N	N	1.365	2.500	2.363	0.137	2.2	1.0	s15_t2.2_a1.0_040.gff
63	N	N	1.607	2.692	2.535	0.157	2.2	1.0	s15_t2.2_a1.0_041.gff
23	N	N	1.361	2.478	2.333	0.145	2.2	1.0	s15_t2.2_a1.0_042.gff
55	N	N	1.457	2.582	2.423	0.159	2.2	1.0	s15_t2.2_a1.0_043.gff
31	N	N	1.740	2.524	2.383	0.141	2.2	1.0	s15_t2.2_a1.0_044.gff
19	N	N	1.512	2.476	2.335	0.141	2.2	1.0	s15_t2.2_a1.0_045.gff
33	N	N	1.396	2.530	2.381	0.149	2.2	1.0	s15_t2.2_a1.0_046.gff
24	N	N	1.469	2.509	2.381	0.128	2.2	1.0	s15_t2.2_a1.0_047.gff
38	N	N	1.461	2.537	2.371	0.166	2.2	1.0	s15_t2.2_a1.0_048.gff
42	N	N	1.392	2.548	2.412	0.136	2.2	1.0	s15_t2.2_a1.0_049.gff
25	N	N	1.438	2.494	2.363	0.131	2.2	1.0	s15_t2.2_a1.0_050.gff
43	N	N	1.488	2.541	2.403	0.138	2.2	1.0	s15_t2.2_a1.0_051.gff
43	N	N	1.400	2.513	2.372	0.141	2.2	1.0	s15_t2.2_a1.0_052.gff
39	N	N	1.471	2.593	2.457	0.136	2.2	1.0	s15_t2.2_a1.0_053.gff
35	N	N	1.384	2.540	2.417	0.123	2.2	1.0	s15_t2.2_a1.0_054.gff
46	N	N	1.540	2.534	2.387	0.147	2.2	1.0	s15_t2.2_a1.0_055.gff
53	N	N	1.421	2.591	2.443	0.148	2.2	1.0	s15_t2.2_a1.0_056.gff
42	N	N	1.791	2.541	2.410	0.131	2.2	1.0	s15_t2.2_a1.0_057.gff
59	N	N	1.405	2.555	2.411	0.144	2.2	1.0	s15_t2.2_a1.0_058.gff
51	N	N	1.578	2.601	2.440	0.161	2.2	1.0	s15_t2.2_a1.0_059.gff
31	N	N	1.662	2.514	2.386	0.128	2.2	1.0	s15_t2.2_a1.0_060.gff
53	N	N	1.548	2.642	2.507	0.135	2.2	1.0	s15_t2.2_a1.0_061.gff
39	N	N	1.389	2.517	2.391	0.126	2.2	1.0	s15_t2.2_a1.0_062.gff
14	N	N	1.388	2.483	2.353	0.130	2.2	1.0	s15_t2.2_a1.0_063.gff
29	N	N	1.470	2.493	2.320	0.173	2.2	1.0	s15_t2.2_a1.0_064.gff
51	N	N	1.399	2.565	2.420	0.145	2.2	1.0	s15_t2.2_a1.0_065.gff
50	N	N	2.754	2.629	2.494	0.135	2.2	1.0	s15_t2.2_a1.0_066.gff
44	N	N	1.482	2.571	2.422	0.149	2.2	1.0	s15_t2.2_a1.0_067.gff
62	N	N	1.574	2.603	2.484	0.119	2.2	1.0	s15_t2.2_a1.0_068.gff
33	N	N	1.450	2.508	2.363	0.145	2.2	1.0	s15_t2.2_a1.0_069.gff
23	N	N	1.499	2.545	2.417	0.128	2.2	1.0	s15_t2.2_a1.0_070.gff
79	N	N	1.448	2.659	2.512	0.147	2.2	1.0	s15_t2.2_a1.0_071.gff
51	N	N	1.514	2.538	2.406	0.132	2.2	1.0	s15_t2.2_a1.0_072.gff
48	N	N	1.508	2.585	2.440	0.145	2.2	1.0	s15_t2.2_a1.0_073.gff
43	N	N	1.637	2.580	2.442	0.138	2.2	1.0	s15_t2.2_a1.0_074.gff
44	N	N	1.513	2.573	2.420	0.153	2.2	1.0	s15_t2.2_a1.0_075.gff
27	N	N	3.263	2.475	2.337	0.138	2.2	1.0	s15_t2.2_a1.0_076.gff
27	N	N	2.526	2.539	2.383	0.156	2.2	1.0	s15_t2.2_a1.0_077.gff
54	N	N	1.599	2.606	2.449	0.157	2.2	1.0	s15_t2.2_a1.0_078.gff
33	N	N	1.481	2.573	2.423	0.150	2.2	1.0	s15_t2.2_a1.0_079.gff
49	N	N	1.499	2.616	2.499	0.117	2.2	1.0	s15_t2.2_a1.0_080.gff
38	N	N	1.355	2.491	2.374	0.117	2.2	1.0	s15_t2.2_a1.0_081.gff
72	N	N	1.643	2.727	2.562	0.165	2.2	1.0	s15_t2.2_a1.0_082.gff
39	N	N	2.196	2.596	2.468	0.128	2.2	1.0	s15_t2.2_a1.0_083.gff
51	N	N	1.589	2.579	2.437	0.142	2.2	1.0	s15_t2.2_a1.0_084.gff
52	N	N	1.575	2.642	2.489	0.153	2.2	1.0	s15_t2.2_a1.0_085.gff
68	N	N	1.516	2.683	2.538	0.145	2.2	1.0	s15_t2.2_a1.0_086.gff
30	N	N	1.843	2.535	2.399	0.136	2.2	1.0	s15_t2.2_a1.0_087.gff
36	N	N	1.693	2.585	2.439	0.146	2.2	1.0	s15_t2.2_a1.0_088.gff
41	N	N	1.673	2.516	2.370	0.146	2.2	1.0	s15_t2.2_a1.0_089.gff
50	N	N	1.488	2.597	2.455	0.142	2.2	1.0	s15_t2.2_a1.0_090.gff
46	N	N	1.504	2.596	2.441	0.155	2.2	1.0	s15_t2.2_a1.0_091.gff
34	N	N	1.586	2.589	2.459	0.130	2.2	1.0	s15_t2.2_a1.0_092.gff
37	N	N	1.850	2.475	2.340	0.135	2.2	1.0	s15_t2.2_a1.0_093.gff
40	N	N	1.700	2.568	2.418	0.150	2.2	1.0	s15_t2.2_a1.0_094.gff
40	N	N	1.722	2.599	2.457	0.142	2.2	1.0	s15_t2.2_a1.0_095.gff
47	N	N	2.050	2.554	2.416	0.138	2.2	1.0	s15_t2.2_a1.0_096.gff
30	N	N	1.860	2.558	2.417	0.141	2.2	1.0	s15_t2.2_a1.0_097.gff
34	N	N	1.922	2.527	2.382	0.145	2.2	1.0	s15_t2.2_a1.0_098.gff
19	N	N	2.741	2.508	2.379	0.129	2.2	1.0	s15_t2.2_a1.0_099.gff
44	N	N	1.499	2.539	2.409	0.130	2.2	1.0	s15_t2.2_a1.0_100.gff
NA	Y	N	586.908	601.865	600.911	0.954	2.4	0.1	s15_t2.4_a0.1_001.gff
NA	Y	N	578.387	602.356	601.245	1.111	2.4	0.1	s15_t2.4_a0.1_002.gff
NA	Y	N	586.482	601.850	600.830	1.020	2.4	0.1	s15_t2.4_a0.1_003.gff
NA	Y	N	592.616	601.658	600.495	1.163	2.4	0.1	s15_t2.4_a0.1_004.gff
NA	Y	N	576.193	602.228	600.971	1.257	2.4	0.1	s15_t2.4_a0.1_005.gff
NA	Y	N	578.992	602.331	601.294	1.037	2.4	0.1	s15_t2.4_a0.1_006.gff
NA	Y	N	581.682	601.619	600.342	1.277	2.4	0.1	s15_t2.4_a0.1_007.gff
NA	Y	N	597.216	601.531	600.730	0.801	2.4	0.1	s15_t2.4_a0.1_008.gff
NA	Y	N	587.173	601.618	600.599	1.019	2.4	0.1	s15_t2.4_a0.1_009.gff
NA	Y	N	594.135	601.550	600.715	0.835	2.4	0.1	s15_t2.4_a0.1_010.gff
NA	Y	N	601.484	601.445	600.800	0.645	2.4	0.1	s15_t2.4_a0.1_011.gff
NA	Y	N	586.126	601.606	600.559	1.047	2.4	0.1	s15_t2.4_a0.1_012.gff
NA	Y	N	580.567	601.615	600.552	1.063	2.4	0.1	s15_t2.4_a0.1_013.gff
NA	Y	N	602.331	601.359	600.636	0.723	2.4	0.1	s15_t2.4_a0.1_014.gff
NA	Y	N	579.144	601.499	600.306	1.193	2.4	0.1	s15_t2.4_a0.1_015.gff
NA	Y	N	576.178	601.574	600.146	1.428	2.4	0.1	s15_t2.4_a0.1_016.gff
NA	Y	N	570.955	601.659	600.544	1.115	2.4	0.1	s15_t2.4_a0.1_017.gff
NA	Y	N	601.887	601.310	600.558	0.752	2.4	0.1	s15_t2.4_a0.1_018.gff
NA	Y	N	596.926	601.492	600.465	1.027	2.4	0.1	s15_t2.4_a0.1_019.gff
NA	Y	N	600.661	601.313	600.293	1.020	2.4	0.1	s15_t2.4_a0.1_020.gff
NA	Y	N	583.362	601.652	600.507	1.145	2.4	0.1	s15_t2.4_a0.1_021.gff
NA	Y	N	594.175	601.612	600.583	1.029	2.4	0.1	s15_t2.4_a0.1_022.gff
NA	Y	N	594.873	601.604	600.768	0.836	2.4	0.1	s15_t2.4_a0.1_023.gff
NA	Y	N	600.006	601.425	600.653	0.772	2.4	0.1	s15_t2.4_a0.1_024.gff
NA	Y	N	600.065	601.679	600.756	0.923	2.4	0.1	s15_t2.4_a0.1_025.gff
NA	Y	N	580.380	601.989	600.598	1.391	2.4	0.1	s15_t2.4_a0.1_026.gff
NA	Y	N	602.466	601.738	600.937	0.801	2.4	0.1	s15_t2.4_a0.1_027.gff
NA	Y	N	594.560	601.919	600.867	1.052	2.4	0.1	s15_t2.4_a0.1_028.gff
NA	Y	N	442.412	601.463	599.945	1.518	2.4	0.1	s15_t2.4_a0.1_029.gff
NA	Y	N	601.623	601.655	600.552	1.103	2.4	0.1	s15_t2.4_a0.1_030.gff
NA	Y	N	586.469	602.033	600.804	1.229	2.4	0.1	s15_t2.4_a0.1_031.gff
NA	Y	N	582.858	601.937	600.584	1.353	2.4	0.1	s15_t2.4_a0.1_032.gff
NA	Y	N	603.643	601.449	600.600	0.849	2.4	0.1	s15_t2.4_a0.1_033.gff
NA	Y	N	591.952	601.767	600.676	1.091	2.4	0.1	s15_t2.4_a0.1_034.gff
NA	Y	N	599.088	601.627	600.617	1.010	2.4	0.1	s15_t2.4_a0.1_035.gff
NA	Y	N	597.680	601.822	601.027	0.795	2.4	0.1	s15_t2.4_a0.1_036.gff
NA	Y	N	598.666	601.620	600.509	1.111	2.4	0.1	s15_t2.4_a0.1_037.gff
NA	Y	N	598.772	601.775	600.858	0.917	2.4	0.1	s15_t2.4_a0.1_038.gff
NA	Y	N	603.201	601.451	600.724	0.727	2.4	0.1	s15_t2.4_a0.1_039.gff
NA	Y	N	593.046	601.754	600.857	0.897	2.4	0.1	s15_t2.4_a0.1_040.gff
NA	Y	N	591.828	601.936	600.864	1.072	2.4	0.1	s15_t2.4_a0.1_041.gff
NA	Y	N	598.659	601.832	600.975	0.857	2.4	0.1	s15_t2.4_a0.1_042.gff
NA	Y	N	577.835	602.331	601.049	1.282	2.4	0.1	s15_t2.4_a0.1_043.gff
NA	Y	N	587.523	602.050	600.859	1.191	2.4	0.1	s15_t2.4_a0.1_044.gff
NA	Y	N	588.631	602.197	601.243	0.954	2.4	0.1	s15_t2.4_a0.1_045.gff
NA	Y	N	593.306	602.079	601.097	0.982	2.4	0.1	s15_t2.4_a0.1_046.gff
NA	Y	N	592.549	602.062	601.048	1.014	2.4	0.1	s15_t2.4_a0.1_047.gff
NA	Y	N	597.347	601.693	600.831	0.862	2.4	0.1	s15_t2.4_a0.1_048.gff
NA	Y	N	583.562	602.403	601.298	1.105	2.4	0.1	s15_t2.4_a0.1_049.gff
NA	Y	N	589.670	601.974	600.856	1.118	2.4	0.1	s15_t2.4_a0.1_050.gff
NA	Y	N	575.566	602.285	601.015	1.270	2.4	0.1	s15_t2.4_a0.1_051.gff
NA	Y	N	601.280	601.667	600.901	0.766	2.4	0.1	s15_t2.4_a0.1_052.gff
NA	Y	N	592.233	602.129	601.082	1.047	2.4	0.1	s15_t2.4_a0.1_053.gff
NA	Y	N	589.203	601.946	600.896	1.050	2.4	0.1	s15_t2.4_a0.1_054.gff
NA	Y	N	579.244	601.950	600.557	1.393	2.4	0.1	s15_t2.4_a0.1_055.gff
NA	Y	N	592.450	601.898	600.837	1.061	2.4	0.1	s15_t2.4_a0.1_056.gff
NA	Y	N	601.013	601.787	600.974	0.813	2.4	0.1	s15_t2.4_a0.1_057.gff
NA	Y	N	602.741	601.523	600.915	0.608	2.4	0.1	s15_t2.4_a0.1_058.gff
NA	Y	N	590.479	602.173	600.924	1.249	2.4	0.1	s15_t2.4_a0.1_059.gff
NA	Y	N	587.774	601.654	600.171	1.483	2.4	0.1	s15_t2.4_a0.1_060.gff
NA	Y	N	588.364	601.822	600.701	1.121	2.4	0.1	s15_t2.4_a0.1_061.gff
NA	Y	N	587.908	602.349	601.215	1.134	2.4	0.1	s15_t2.4_a0.1_062.gff
NA	Y	N	593.801	601.983	600.934	1.049	2.4	0.1	s15_t2.4_a0.1_063.gff
NA	Y	N	598.710	601.890	601.054	0.836	2.4	0.1	s15_t2.4_a0.1_064.gff
NA	Y	N	596.794	601.718	600.897	0.821	2.4	0.1	s15_t2.4_a0.1_065.gff
NA	Y	N	593.462	601.962	600.885	1.077	2.4	0.1	s15_t2.4_a0.1_066.gff
NA	Y	N	592.860	602.080	601.084	0.996	2.4	0.1	s15_t2.4_a0.1_067.gff
NA	Y	N	593.986	601.952	600.973	0.979	2.4	0.1	s15_t2.4_a0.1_068.gff
NA	Y	N	596.705	602.029	601.128	0.901	2.4	0.1	s15_t2.4_a0.1_069.gff
NA	Y	N	592.785	601.916	600.778	1.138	2.4	0.1	s15_t2.4_a0.1_070.gff
NA	Y	N	588.808	602.026	600.738	1.288	2.4	0.1	s15_t2.4_a0.1_071.gff
NA	Y	N	583.725	602.160	600.963	1.197	2.4	0.1	s15_t2.4_a0.1_072.gff
NA	Y	N	585.042	602.147	600.951	1.196	2.4	0.1	s15_t2.4_a0.1_073.gff
NA	Y	N	596.692	601.879	600.878	1.001	2.4	0.1	s15_t2.4_a0.1_074.gff
NA	Y	N	601.061	601.800	600.952	0.848	2.4	0.1	s15_t2.4_a0.1_075.gff
NA	Y	N	591.120	602.255	601.160	1.095	2.4	0.1	s15_t2.4_a0.1_076.gff
NA	Y	N	593.555	602.111	601.216	0.895	2.4	0.1	s15_t2.4_a0.1_077.gff
NA	Y	N	596.781	601.900	601.091	0.809	2.4	0.1	s15_t2.4_a0.1_078.gff
NA	Y	N	594.788	601.723	600.390	1.333	2.4	0.1	s15_t2.4_a0.1_079.gff
NA	Y	N	583.970	602.008	600.949	1.059	2.4	0.1	s15_t2.4_a0.1_080.gff
NA	Y	N	591.258	601.999	601.004	0.995	2.4	0.1	s15_t2.4_a0.1_081.gff
NA	Y	N	538.334	601.812	600.719	1.093	2.4	0.1	s15_t2.4_a0.1_082.gff
NA	Y	N	558.608	601.781	600.640	1.141	2.4	0.1	s15_t2.4_a0.1_083.gff
NA	Y	N	593.960	601.892	600.685	1.207	2.4	0.1	s15_t2.4_a0.1_084.gff
NA	Y	N	593.251	602.003	600.973	1.030	2.4	0.1	s15_t2.4_a0.1_085.gff
NA	Y	N	596.175	601.922	601.008	0.914	2.4	0.1	s15_t2.4_a0.1_086.gff
NA	Y	N	596.056	601.880	601.012	0.868	2.4	0.1	s15_t2.4_a0.1_087.gff
NA	Y	N	596.348	601.851	600.927	0.924	2.4	0.1	s15_t2.4_a0.1_088.gff
NA	Y	N	600.354	601.569	600.625	0.944	2.4	0.1	s15_t2.4_a0.1_089.gff
NA	Y	N	587.907	602.036	600.853	1.183	2.4	0.1	s15_t2.4_a0.1_090.gff
NA	Y	N	604.709	601.428	600.824	0.604	2.4	0.1	s15_t2.4_a0.1_091.gff
NA	Y	N	599.246	601.928	601.035	0.893	2.4	0.1	s15_t2.4_a0.1_092.gff
NA	Y	N	583.454	602.317	601.083	1.234	2.4	0.1	s15_t2.4_a0.1_093.gff
NA	Y	N	595.051	601.968	601.040	0.928	2.4	0.1	s15_t2.4_a0.1_094.gff
NA	Y	N	600.731	601.785	600.946	0.839	2.4	0.1	s15_t2.4_a0.1_095.gff
NA	Y	N	601.720	601.748	601.001	0.747	2.4	0.1	s15_t2.4_a0.1_096.gff
NA	Y	N	588.952	602.125	601.081	1.044	2.4	0.1	s15_t2.4_a0.1_097.gff
NA	Y	N	592.347	602.091	601.087	1.004	2.4	0.1	s15_t2.4_a0.1_098.gff
NA	Y	N	591.143	601.981	600.731	1.250	2.4	0.1	s15_t2.4_a0.1_099.gff
NA	Y	N	601.648	601.890	601.162	0.728	2.4	0.1	s15_t2.4_a0.1_100.gff
NA	Y	N	599.442	601.882	601.031	0.851	2.4	0.2	s15_t2.4_a0.2_001.gff
NA	Y	N	583.136	602.293	601.021	1.272	2.4	0.2	s15_t2.4_a0.2_002.gff
NA	Y	N	598.419	601.932	601.069	0.863	2.4	0.2	s15_t2.4_a0.2_003.gff
NA	Y	N	595.094	602.138	601.214	0.924	2.4	0.2	s15_t2.4_a0.2_004.gff
NA	Y	N	589.328	602.099	601.108	0.991	2.4	0.2	s15_t2.4_a0.2_005.gff
NA	Y	N	592.249	601.810	600.739	1.071	2.4	0.2	s15_t2.4_a0.2_006.gff
NA	Y	N	588.111	601.961	600.787	1.174	2.4	0.2	s15_t2.4_a0.2_007.gff
NA	Y	N	571.988	602.030	600.752	1.278	2.4	0.2	s15_t2.4_a0.2_008.gff
NA	Y	N	596.595	601.966	601.014	0.952	2.4	0.2	s15_t2.4_a0.2_009.gff
NA	Y	N	596.697	602.014	601.145	0.869	2.4	0.2	s15_t2.4_a0.2_010.gff
NA	Y	N	591.029	602.034	601.052	0.982	2.4	0.2	s15_t2.4_a0.2_011.gff
NA	Y	N	600.692	601.934	601.117	0.817	2.4	0.2	s15_t2.4_a0.2_012.gff
NA	Y	N	591.267	602.141	601.136	1.005	2.4	0.2	s15_t2.4_a0.2_013.gff
NA	Y	N	582.143	602.006	600.807	1.199	2.4	0.2	s15_t2.4_a0.2_014.gff
NA	Y	N	599.279	601.864	601.022	0.842	2.4	0.2	s15_t2.4_a0.2_015.gff
NA	Y	N	391.826	602.066	600.979	1.087	2.4	0.2	s15_t2.4_a0.2_016.gff
NA	Y	N	600.480	601.583	600.692	0.891	2.4	0.2	s15_t2.4_a0.2_017.gff
NA	Y	N	583.384	602.153	600.936	1.217	2.4	0.2	s15_t2.4_a0.2_018.gff
NA	Y	N	594.653	601.844	600.809	1.035	2.4	0.2	s15_t2.4_a0.2_019.gff
NA	Y	N	594.498	601.941	600.629	1.312	2.4	0.2	s15_t2.4_a0.2_020.gff
NA	Y	N	597.963	601.870	600.989	0.881	2.4	0.2	s15_t2.4_a0.2_021.gff
NA	Y	N	589.904	602.058	600.997	1.061	2.4	0.2	s15_t2.4_a0.2_022.gff
NA	Y	N	594.058	601.605	600.490	1.115	2.4	0.2	s15_t2.4_a0.2_023.gff
NA	Y	N	549.408	601.747	600.644	1.103	2.4	0.2	s15_t2.4_a0.2_024.gff
NA	Y	N	590.462	602.023	600.995	1.028	2.4	0.2	s15_t2.4_a0.2_025.gff
NA	Y	N	597.716	601.880	600.849	1.031	2.4	0.2	s15_t2.4_a0.2_026.gff
NA	Y	N	592.316	602.149	601.281	0.868	2.4	0.2	s15_t2.4_a0.2_027.gff
NA	Y	N	590.667	602.000	601.045	0.955	2.4	0.2	s15_t2.4_a0.2_028.gff
NA	Y	N	590.591	602.058	600.629	1.429	2.4	0.2	s15_t2.4_a0.2_029.gff
NA	Y	N	591.457	601.996	600.966	1.030	2.4	0.2	s15_t2.4_a0.2_030.gff
NA	Y	N	590.429	602.167	600.976	1.191	2.4	0.2	s15_t2.4_a0.2_031.gff
NA	Y	N	595.911	602.079	601.164	0.915	2.4	0.2	s15_t2.4_a0.2_032.gff
NA	Y	N	592.030	602.102	601.173	0.929	2.4	0.2	s15_t2.4_a0.2_033.gff
NA	Y	N	587.907	602.222	601.077	1.145	2.4	0.2	s15_t2.4_a0.2_034.gff
NA	Y	N	588.221	602.499	601.471	1.028	2.4	0.2	s15_t2.4_a0.2_035.gff
NA	Y	N	587.930	602.314	601.098	1.216	2.4	0.2	s15_t2.4_a0.2_036.gff
NA	Y	N	578.004	602.410	600.859	1.551	2.4	0.2	s15_t2.4_a0.2_037.gff
NA	Y	N	593.567	602.013	600.886	1.127	2.4	0.2	s15_t2.4_a0.2_038.gff
NA	Y	N	581.686	602.097	600.624	1.473	2.4	0.2	s15_t2.4_a0.2_039.gff
NA	Y	N	581.814	602.211	600.927	1.284	2.4	0.2	s15_t2.4_a0.2_040.gff
NA	Y	N	585.162	602.007	600.745	1.262	2.4	0.2	s15_t2.4_a0.2_041.gff
NA	Y	N	570.855	601.703	600.675	1.028	2.4	0.2	s15_t2.4_a0.2_042.gff
NA	Y	N	593.557	601.941	601.007	0.934	2.4	0.2	s15_t2.4_a0.2_043.gff
NA	Y	N	584.016	602.161	600.941	1.220	2.4	0.2	s15_t2.4_a0.2_044.gff
NA	Y	N	585.437	602.080	600.866	1.214	2.4	0.2	s15_t2.4_a0.2_045.gff
NA	Y	N	592.043	601.985	600.660	1.325	2.4	0.2	s15_t2.4_a0.2_046.gff
NA	Y	N	580.293	602.320	600.981	1.339	2.4	0.2	s15_t2.4_a0.2_047.gff
NA	Y	N	600.530	601.765	600.907	0.858	2.4	0.2	s15_t2.4_a0.2_048.gff
NA	Y	N	603.001	601.641	600.997	0.644	2.4	0.2	s15_t2.4_a0.2_049.gff
NA	Y	N	534.533	601.920	600.770	1.150	2.4	0.2	s15_t2.4_a0.2_050.gff
NA	Y	N	595.462	601.936	601.003	0.933	2.4	0.2	s15_t2.4_a0.2_051.gff
NA	Y	N	600.394	601.814	600.989	0.825	2.4	0.2	s15_t2.4_a0.2_052.gff
NA	Y	N	596.463	602.277	601.330	0.947	2.4	0.2	s15_t2.4_a0.2_053.gff
NA	Y	N	586.388	602.271	601.169	1.102	2.4	0.2	s15_t2.4_a0.2_054.gff
NA	Y	N	580.326	602.243	600.965	1.278	2.4	0.2	s15_t2.4_a0.2_055.gff
NA	Y	N	591.797	601.804	600.552	1.252	2.4	0.2	s15_t2.4_a0.2_056.gff
NA	Y	N	336.810	602.111	600.838	1.273	2.4	0.2	s15_t2.4_a0.2_057.gff
NA	Y	N	587.224	602.384	601.175	1.209	2.4	0.2	s15_t2.4_a0.2_058.gff
NA	Y	N	511.331	601.908	600.636	1.272	2.4	0.2	s15_t2.4_a0.2_059.gff
NA	Y	N	588.419	602.128	601.008	1.120	2.4	0.2	s15_t2.4_a0.2_060.gff
NA	Y	N	593.987	602.046	600.735	1.311	2.4	0.2	s15_t2.4_a0.2_061.gff
NA	Y	N	588.954	602.029	600.910	1.119	2.4	0.2	s15_t2.4_a0.2_062.gff
NA	Y	N	592.983	601.829	600.837	0.992	2.4	0.2	s15_t2.4_a0.2_063.gff
NA	Y	N	591.929	602.128	601.170	0.958	2.4	0.2	s15_t2.4_a0.2_064.gff
NA	Y	N	591.653	601.949	600.964	0.985	2.4	0.2	s15_t2.4_a0.2_065.gff
NA	Y	N	603.151	601.914	601.139	0.775	2.4	0.2	s15_t2.4_a0.2_066.gff
NA	Y	N	592.674	602.120	601.007	1.113	2.4	0.2	s15_t2.4_a0.2_067.gff
NA	Y	N	595.635	602.044	601.147	0.897	2.4	0.2	s15_t2.4_a0.2_068.gff
NA	Y	N	595.109	602.064	601.075	0.989	2.4	0.2	s15_t2.4_a0.2_069.gff
NA	Y	N	588.026	601.965	600.732	1.233	2.4	0.2	s15_t2.4_a0.2_070.gff
NA	Y	N	593.061	601.942	600.859	1.083	2.4	0.2	s15_t2.4_a0.2_071.gff
NA	Y	N	582.431	602.186	600.476	1.710	2.4	0.2	s15_t2.4_a0.2_072.gff
NA	Y	N	592.587	601.941	600.743	1.198	2.4	0.2	s15_t2.4_a0.2_073.gff
NA	Y	N	597.669	601.581	600.623	0.958	2.4	0.2	s15_t2.4_a0.2_074.gff
NA	Y	N	589.074	602.123	601.103	1.020	2.4	0.2	s15_t2.4_a0.2_075.gff
NA	Y	N	585.439	601.874	600.680	1.194	2.4	0.2	s15_t2.4_a0.2_076.gff
NA	Y	N	589.777	601.721	600.473	1.248	2.4	0.2	s15_t2.4_a0.2_077.gff
NA	Y	N	586.537	601.762	600.603	1.159	2.4	0.2	s15_t2.4_a0.2_078.gff
NA	Y	N	586.931	601.981	600.618	1.363	2.4	0.2	s15_t2.4_a0.2_079.gff
NA	Y	N	589.013	601.885	600.663	1.222	2.4	0.2	s15_t2.4_a0.2_080.gff
NA	Y	N	590.949	601.662	600.737	0.925	2.4	0.2	s15_t2.4_a0.2_081.gff
NA	Y	N	590.754	601.829	600.617	1.212	2.4	0.2	s15_t2.4_a0.2_082.gff
NA	Y	N	581.856	602.143	601.010	1.133	2.4	0.2	s15_t2.4_a0.2_083.gff
NA	Y	N	601.475	601.513	600.782	0.731	2.4	0.2	s15_t2.4_a0.2_084.gff
NA	Y	N	580.839	602.086	600.963	1.123	2.4	0.2	s15_t2.4_a0.2_085.gff
NA	Y	N	589.938	601.778	600.655	1.123	2.4	0.2	s15_t2.4_a0.2_086.gff
NA	Y	N	585.786	602.344	601.265	1.079	2.4	0.2	s15_t2.4_a0.2_087.gff
NA	Y	N	571.711	602.112	600.357	1.755	2.4	0.2	s15_t2.4_a0.2_088.gff
NA	Y	N	601.369	601.378	600.430	0.948	2.4	0.2	s15_t2.4_a0.2_089.gff
NA	Y	N	599.237	601.506	600.745	0.761	2.4	0.2	s15_t2.4_a0.2_090.gff
NA	Y	N	583.090	601.946	600.586	1.360	2.4	0.2	s15_t2.4_a0.2_091.gff
NA	Y	N	584.449	601.929	600.710	1.219	2.4	0.2	s15_t2.4_a0.2_092.gff
NA	Y	N	601.603	601.476	600.732	0.744	2.4	0.2	s15_t2.4_a0.2_093.gff
NA	Y	N	597.917	601.670	600.657	1.013	2.4	0.2	s15_t2.4_a0.2_094.gff
NA	Y	N	583.108	602.002	600.851	1.151	2.4	0.2	s15_t2.4_a0.2_095.gff
NA	Y	N	578.095	601.895	600.673	1.222	2.4	0.2	s15_t2.4_a0.2_096.gff
NA	Y	N	583.484	602.054	600.850	1.204	2.4	0.2	s15_t2.4_a0.2_097.gff
NA	Y	N	586.802	601.647	600.552	1.095	2.4	0.2	s15_t2.4_a0.2_098.gff
NA	Y	N	591.449	601.831	600.802	1.029	2.4	0.2	s15_t2.4_a0.2_099.gff
NA	Y	N	464.476	602.050	600.912	1.138	2.4	0.2	s15_t2.4_a0.2_100.gff
NA	Y	N	588.641	601.592	600.373	1.219	2.4	0.3	s15_t2.4_a0.3_001.gff
NA	Y	N	579.841	601.957	600.540	1.417	2.4	0.3	s15_t2.4_a0.3_002.gff
NA	Y	N	579.640	602.069	601.030	1.039	2.4	0.3	s15_t2.4_a0.3_003.gff
NA	Y	N	588.803	601.866	600.885	0.981	2.4	0.3	s15_t2.4_a0.3_004.gff
NA	Y	N	583.942	601.967	600.961	1.006	2.4	0.3	s15_t2.4_a0.3_005.gff
NA	Y	N	497.900	601.949	600.606	1.343	2.4	0.3	s15_t2.4_a0.3_006.gff
NA	Y	N	588.737	601.756	600.661	1.095	2.4	0.3	s15_t2.4_a0.3_007.gff
NA	Y	N	584.515	601.763	600.518	1.245	2.4	0.3	s15_t2.4_a0.3_008.gff
NA	Y	N	585.348	601.851	600.336	1.515	2.4	0.3	s15_t2.4_a0.3_009.gff
NA	Y	N	583.944	601.727	599.892	1.835	2.4	0.3	s15_t2.4_a0.3_010.gff
NA	Y	N	583.985	601.969	600.824	1.145	2.4	0.3	s15_t2.4_a0.3_011.gff
NA	Y	N	581.733	602.024	600.775	1.249	2.4	0.3	s15_t2.4_a0.3_012.gff
NA	Y	N	581.848	602.093	600.993	1.100	2.4	0.3	s15_t2.4_a0.3_013.gff
NA	Y	N	586.418	602.137	600.821	1.316	2.4	0.3	s15_t2.4_a0.3_014.gff
NA	Y	N	596.544	601.542	600.535	1.007	2.4	0.3	s15_t2.4_a0.3_015.gff
NA	Y	N	586.610	601.785	600.830	0.955	2.4	0.3	s15_t2.4_a0.3_016.gff
NA	Y	N	487.223	602.067	600.888	1.179	2.4	0.3	s15_t2.4_a0.3_017.gff
NA	Y	N	587.039	601.899	600.879	1.020	2.4	0.3	s15_t2.4_a0.3_018.gff
NA	Y	N	432.469	602.332	601.059	1.273	2.4	0.3	s15_t2.4_a0.3_019.gff
NA	Y	N	594.851	601.683	600.701	0.982	2.4	0.3	s15_t2.4_a0.3_020.gff
NA	Y	N	582.958	601.988	600.830	1.158	2.4	0.3	s15_t2.4_a0.3_021.gff
NA	Y	N	579.671	602.163	601.064	1.099	2.4	0.3	s15_t2.4_a0.3_022.gff
NA	Y	N	550.268	601.926	600.759	1.167	2.4	0.3	s15_t2.4_a0.3_023.gff
NA	Y	N	584.686	602.140	601.020	1.120	2.4	0.3	s15_t2.4_a0.3_024.gff
NA	Y	N	603.224	601.428	598.339	3.089	2.4	0.3	s15_t2.4_a0.3_025.gff
NA	Y	N	432.413	602.126	597.360	4.766	2.4	0.3	s15_t2.4_a0.3_026.gff
NA	Y	N	595.760	601.969	595.443	6.526	2.4	0.3	s15_t2.4_a0.3_027.gff
NA	Y	N	585.464	601.861	597.822	4.039	2.4	0.3	s15_t2.4_a0.3_028.gff
NA	Y	N	586.462	601.940	600.094	1.846	2.4	0.3	s15_t2.4_a0.3_029.gff
NA	Y	N	354.593	602.087	600.950	1.137	2.4	0.3	s15_t2.4_a0.3_030.gff
NA	Y	N	459.899	602.118	600.229	1.889	2.4	0.3	s15_t2.4_a0.3_031.gff
NA	Y	N	581.180	602.476	601.462	1.014	2.4	0.3	s15_t2.4_a0.3_032.gff
NA	Y	N	580.178	601.851	600.230	1.621	2.4	0.3	s15_t2.4_a0.3_033.gff
NA	Y	N	592.975	601.581	600.750	0.831	2.4	0.3	s15_t2.4_a0.3_034.gff
NA	Y	N	580.208	602.102	601.051	1.051	2.4	0.3	s15_t2.4_a0.3_035.gff
NA	Y	N	477.624	601.866	600.784	1.082	2.4	0.3	s15_t2.4_a0.3_036.gff
NA	Y	N	394.099	602.123	600.799	1.324	2.4	0.3	s15_t2.4_a0.3_037.gff
NA	Y	N	593.541	601.791	600.932	0.859	2.4	0.3	s15_t2.4_a0.3_038.gff
NA	Y	N	377.767	602.083	600.746	1.337	2.4	0.3	s15_t2.4_a0.3_039.gff
NA	Y	N	592.930	601.805	600.946	0.859	2.4	0.3	s15_t2.4_a0.3_040.gff
NA	Y	N	585.341	601.958	600.576	1.382	2.4	0.3	s15_t2.4_a0.3_041.gff
NA	Y	N	579.546	601.896	600.532	1.364	2.4	0.3	s15_t2.4_a0.3_042.gff
NA	Y	N	591.350	601.693	600.605	1.088	2.4	0.3	s15_t2.4_a0.3_043.gff
NA	Y	N	594.588	601.626	600.809	0.817	2.4	0.3	s15_t2.4_a0.3_044.gff
NA	Y	N	417.522	602.007	600.951	1.056	2.4	0.3	s15_t2.4_a0.3_045.gff
NA	Y	N	493.555	601.754	600.598	1.156	2.4	0.3	s15_t2.4_a0.3_046.gff
NA	Y	N	581.341	602.150	601.047	1.103	2.4	0.3	s15_t2.4_a0.3_047.gff
NA	Y	N	583.676	601.884	600.799	1.085	2.4	0.3	s15_t2.4_a0.3_048.gff
NA	Y	N	594.021	601.377	600.147	1.230	2.4	0.3	s15_t2.4_a0.3_049.gff
NA	Y	N	560.176	602.113	600.813	1.300	2.4	0.3	s15_t2.4_a0.3_050.gff
NA	Y	N	370.810	602.069	600.734	1.335	2.4	0.3	s15_t2.4_a0.3_051.gff
NA	Y	N	581.438	602.227	600.892	1.335	2.4	0.3	s15_t2.4_a0.3_052.gff
NA	Y	N	584.285	602.169	601.113	1.056	2.4	0.3	s15_t2.4_a0.3_053.gff
NA	Y	N	582.512	602.194	600.866	1.328	2.4	0.3	s15_t2.4_a0.3_054.gff
NA	Y	N	584.293	602.087	600.963	1.124	2.4	0.3	s15_t2.4_a0.3_055.gff
NA	Y	N	582.245	602.106	601.070	1.036	2.4	0.3	s15_t2.4_a0.3_056.gff
NA	Y	N	580.238	601.927	600.622	1.305	2.4	0.3	s15_t2.4_a0.3_057.gff
NA	Y	N	585.135	601.878	600.424	1.454	2.4	0.3	s15_t2.4_a0.3_058.gff
NA	Y	N	594.179	601.492	600.197	1.295	2.4	0.3	s15_t2.4_a0.3_059.gff
NA	Y	N	570.093	601.730	600.183	1.547	2.4	0.3	s15_t2.4_a0.3_060.gff
NA	Y	N	589.104	601.865	600.437	1.428	2.4	0.3	s15_t2.4_a0.3_061.gff
NA	Y	N	585.290	601.766	600.450	1.316	2.4	0.3	s15_t2.4_a0.3_062.gff
NA	Y	N	392.306	602.091	600.996	1.095	2.4	0.3	s15_t2.4_a0.3_063.gff
NA	Y	N	589.949	601.786	600.606	1.180	2.4	0.3	s15_t2.4_a0.3_064.gff
NA	Y	N	436.692	601.964	600.693	1.271	2.4	0.3	s15_t2.4_a0.3_065.gff
NA	Y	N	559.086	601.592	598.950	2.642	2.4	0.3	s15_t2.4_a0.3_066.gff
NA	Y	N	600.614	601.596	600.652	0.944	2.4	0.3	s15_t2.4_a0.3_067.gff
NA	Y	N	583.381	602.077	601.027	1.050	2.4	0.3	s15_t2.4_a0.3_068.gff
NA	Y	N	580.288	602.122	600.834	1.288	2.4	0.3	s15_t2.4_a0.3_069.gff
NA	Y	N	587.380	601.857	601.068	0.789	2.4	0.3	s15_t2.4_a0.3_070.gff
NA	Y	N	433.721	602.316	600.845	1.471	2.4	0.3	s15_t2.4_a0.3_071.gff
NA	Y	N	406.789	602.276	600.951	1.325	2.4	0.3	s15_t2.4_a0.3_072.gff
NA	Y	N	583.896	602.015	600.975	1.040	2.4	0.3	s15_t2.4_a0.3_073.gff
NA	Y	N	592.926	601.857	600.769	1.088	2.4	0.3	s15_t2.4_a0.3_074.gff
NA	Y	N	593.044	601.442	598.849	2.593	2.4	0.3	s15_t2.4_a0.3_075.gff
NA	Y	N	580.864	601.948	600.659	1.289	2.4	0.3	s15_t2.4_a0.3_076.gff
NA	Y	N	586.044	601.575	600.139	1.436	2.4	0.3	s15_t2.4_a0.3_077.gff
NA	Y	N	591.588	601.478	600.325	1.153	2.4	0.3	s15_t2.4_a0.3_078.gff
NA	Y	N	602.378	601.392	600.317	1.075	2.4	0.3	s15_t2.4_a0.3_079.gff
NA	Y	N	596.372	601.604	600.655	0.949	2.4	0.3	s15_t2.4_a0.3_080.gff
NA	Y	N	578.948	602.001	600.761	1.240	2.4	0.3	s15_t2.4_a0.3_081.gff
NA	Y	N	579.872	602.100	601.056	1.044	2.4	0.3	s15_t2.4_a0.3_082.gff
NA	Y	N	393.381	602.215	600.902	1.313	2.4	0.3	s15_t2.4_a0.3_083.gff
NA	Y	N	583.384	601.766	600.330	1.436	2.4	0.3	s15_t2.4_a0.3_084.gff
NA	Y	N	534.581	601.651	600.438	1.213	2.4	0.3	s15_t2.4_a0.3_085.gff
NA	Y	N	550.403	601.863	600.698	1.165	2.4	0.3	s15_t2.4_a0.3_086.gff
NA	Y	N	582.316	601.806	600.525	1.281	2.4	0.3	s15_t2.4_a0.3_087.gff
NA	Y	N	548.765	601.660	599.794	1.866	2.4	0.3	s15_t2.4_a0.3_088.gff
NA	Y	N	581.659	601.965	600.900	1.065	2.4	0.3	s15_t2.4_a0.3_089.gff
NA	Y	N	581.520	601.849	600.354	1.495	2.4	0.3	s15_t2.4_a0.3_090.gff
NA	Y	N	594.218	601.607	600.615	0.992	2.4	0.3	s15_t2.4_a0.3_091.gff
NA	Y	N	556.300	601.681	600.526	1.155	2.4	0.3	s15_t2.4_a0.3_092.gff
NA	Y	N	577.468	602.022	600.798	1.224	2.4	0.3	s15_t2.4_a0.3_093.gff
NA	Y	N	295.084	602.644	601.318	1.326	2.4	0.3	s15_t2.4_a0.3_094.gff
NA	Y	N	599.945	601.495	600.690	0.805	2.4	0.3	s15_t2.4_a0.3_095.gff
NA	Y	N	584.220	601.924	600.451	1.473	2.4	0.3	s15_t2.4_a0.3_096.gff
NA	Y	N	582.495	601.987	600.394	1.593	2.4	0.3	s15_t2.4_a0.3_097.gff
NA	Y	N	582.385	601.798	599.403	2.395	2.4	0.3	s15_t2.4_a0.3_098.gff
NA	Y	N	440.220	602.012	600.602	1.410	2.4	0.3	s15_t2.4_a0.3_099.gff
NA	Y	N	586.759	601.874	600.457	1.417	2.4	0.3	s15_t2.4_a0.3_100.gff
NA	Y	N	418.989	602.113	600.666	1.447	2.4	0.4	s15_t2.4_a0.4_001.gff
NA	Y	N	595.096	601.713	600.435	1.278	2.4	0.4	s15_t2.4_a0.4_002.gff
NA	Y	N	518.389	601.835	600.361	1.474	2.4	0.4	s15_t2.4_a0.4_003.gff
NA	Y	N	202.639	602.348	600.543	1.805	2.4	0.4	s15_t2.4_a0.4_004.gff
NA	Y	N	293.641	602.285	600.822	1.463	2.4	0.4	s15_t2.4_a0.4_005.gff
NA	Y	N	581.847	602.083	600.317	1.766	2.4	0.4	s15_t2.4_a0.4_006.gff
NA	Y	N	569.531	601.665	600.346	1.319	2.4	0.4	s15_t2.4_a0.4_007.gff
NA	Y	N	488.264	601.922	600.772	1.150	2.4	0.4	s15_t2.4_a0.4_008.gff
NA	Y	N	542.886	601.808	600.355	1.453	2.4	0.4	s15_t2.4_a0.4_009.gff
NA	Y	N	556.944	601.792	599.384	2.408	2.4	0.4	s15_t2.4_a0.4_010.gff
NA	Y	N	327.586	602.388	600.707	1.681	2.4	0.4	s15_t2.4_a0.4_011.gff
NA	Y	N	374.022	601.971	600.346	1.625	2.4	0.4	s15_t2.4_a0.4_012.gff
NA	Y	N	582.984	602.277	599.676	2.601	2.4	0.4	s15_t2.4_a0.4_013.gff
NA	Y	N	581.686	602.578	601.129	1.449	2.4	0.4	s15_t2.4_a0.4_014.gff
NA	Y	N	592.044	601.855	599.609	2.246	2.4	0.4	s15_t2.4_a0.4_015.gff
NA	Y	N	591.292	601.852	599.838	2.014	2.4	0.4	s15_t2.4_a0.4_016.gff
NA	Y	N	590.254	601.876	600.345	1.531	2.4	0.4	s15_t2.4_a0.4_017.gff
NA	Y	N	402.970	602.374	599.875	2.499	2.4	0.4	s15_t2.4_a0.4_018.gff
NA	Y	N	543.795	601.915	600.716	1.199	2.4	0.4	s15_t2.4_a0.4_019.gff
NA	Y	N	424.475	602.321	598.849	3.472	2.4	0.4	s15_t2.4_a0.4_020.gff
NA	Y	N	583.815	602.317	600.924	1.393	2.4	0.4	s15_t2.4_a0.4_021.gff
NA	Y	N	407.017	602.395	601.036	1.359	2.4	0.4	s15_t2.4_a0.4_022.gff
NA	Y	N	582.730	602.336	600.362	1.974	2.4	0.4	s15_t2.4_a0.4_023.gff
NA	Y	N	407.752	601.809	600.514	1.295	2.4	0.4	s15_t2.4_a0.4_024.gff
NA	Y	N	580.672	602.500	600.757	1.743	2.4	0.4	s15_t2.4_a0.4_025.gff
54683	N	N	88.655	119.730	118.826	0.904	2.4	0.4	s15_t2.4_a0.4_026.gff
NA	Y	N	573.943	602.345	600.920	1.425	2.4	0.4	s15_t2.4_a0.4_027.gff
NA	Y	N	582.468	602.607	600.937	1.670	2.4	0.4	s15_t2.4_a0.4_028.gff
NA	Y	N	394.903	602.034	600.552	1.482	2.4	0.4	s15_t2.4_a0.4_029.gff
NA	Y	N	587.684	602.740	601.459	1.281	2.4	0.4	s15_t2.4_a0.4_030.gff
NA	Y	N	396.532	601.869	600.100	1.769	2.4	0.4	s15_t2.4_a0.4_031.gff
NA	Y	N	602.178	602.298	601.209	1.089	2.4	0.4	s15_t2.4_a0.4_032.gff
NA	Y	N	386.054	601.897	600.083	1.814	2.4	0.4	s15_t2.4_a0.4_033.gff
NA	Y	N	488.752	602.259	600.866	1.393	2.4	0.4	s15_t2.4_a0.4_034.gff
NA	Y	N	416.475	602.183	599.832	2.351	2.4	0.4	s15_t2.4_a0.4_035.gff
NA	Y	N	476.838	601.783	600.050	1.733	2.4	0.4	s15_t2.4_a0.4_036.gff
NA	Y	N	585.360	602.531	601.286	1.245	2.4	0.4	s15_t2.4_a0.4_037.gff
NA	Y	N	362.399	601.871	600.452	1.419	2.4	0.4	s15_t2.4_a0.4_038.gff
NA	Y	N	376.137	601.767	599.918	1.849	2.4	0.4	s15_t2.4_a0.4_039.gff
NA	Y	N	550.918	601.919	598.506	3.413	2.4	0.4	s15_t2.4_a0.4_040.gff
NA	Y	N	598.310	601.916	600.704	1.212	2.4	0.4	s15_t2.4_a0.4_041.gff
NA	Y	N	506.137	602.076	598.975	3.101	2.4	0.4	s15_t2.4_a0.4_042.gff
NA	Y	N	412.361	601.828	600.260	1.568	2.4	0.4	s15_t2.4_a0.4_043.gff
NA	Y	N	523.585	601.862	600.390	1.472	2.4	0.4	s15_t2.4_a0.4_044.gff
NA	Y	N	594.416	602.197	601.171	1.026	2.4	0.4	s15_t2.4_a0.4_045.gff
NA	Y	N	584.279	602.357	600.784	1.573	2.4	0.4	s15_t2.4_a0.4_046.gff
NA	Y	N	541.849	601.987	598.818	3.169	2.4	0.4	s15_t2.4_a0.4_047.gff
NA	Y	N	387.529	602.030	600.468	1.562	2.4	0.4	s15_t2.4_a0.4_048.gff
NA	Y	N	587.736	602.476	600.855	1.621	2.4	0.4	s15_t2.4_a0.4_049.gff
NA	Y	N	357.768	602.040	600.628	1.412	2.4	0.4	s15_t2.4_a0.4_050.gff
NA	Y	N	587.136	602.464	600.907	1.557	2.4	0.4	s15_t2.4_a0.4_051.gff
NA	Y	N	498.019	601.946	600.630	1.316	2.4	0.4	s15_t2.4_a0.4_052.gff
NA	Y	N	595.188	602.091	600.461	1.630	2.4	0.4	s15_t2.4_a0.4_053.gff
NA	Y	N	583.299	602.871	601.509	1.362	2.4	0.4	s15_t2.4_a0.4_054.gff
NA	Y	N	389.272	601.719	600.335	1.384	2.4	0.4	s15_t2.4_a0.4_055.gff
NA	Y	N	585.292	602.383	600.284	2.099	2.4	0.4	s15_t2.4_a0.4_056.gff
NA	Y	N	592.980	602.058	600.581	1.477	2.4	0.4	s15_t2.4_a0.4_057.gff
NA	Y	N	596.628	601.979	600.874	1.105	2.4	0.4	s15_t2.4_a0.4_058.gff
NA	Y	N	388.019	601.749	600.429	1.320	2.4	0.4	s15_t2.4_a0.4_059.gff
NA	Y	N	522.326	601.938	599.852	2.086	2.4	0.4	s15_t2.4_a0.4_060.gff
NA	Y	N	599.186	601.717	600.570	1.147	2.4	0.4	s15_t2.4_a0.4_061.gff
NA	Y	N	540.221	601.824	600.439	1.385	2.4	0.4	s15_t2.4_a0.4_062.gff
NA	Y	N	467.513	601.898	600.359	1.539	2.4	0.4	s15_t2.4_a0.4_063.gff
NA	Y	N	579.337	602.515	600.330	2.185	2.4	0.4	s15_t2.4_a0.4_064.gff
NA	Y	N	588.024	602.534	601.104	1.430	2.4	0.4	s15_t2.4_a0.4_065.gff
NA	Y	N	285.744	601.817	599.258	2.559	2.4	0.4	s15_t2.4_a0.4_066.gff
NA	Y	N	575.337	602.806	601.175	1.631	2.4	0.4	s15_t2.4_a0.4_067.gff
NA	Y	N	595.952	601.942	600.441	1.501	2.4	0.4	s15_t2.4_a0.4_068.gff
NA	Y	N	405.507	602.122	600.450	1.672	2.4	0.4	s15_t2.4_a0.4_069.gff
NA	Y	N	550.696	601.737	600.394	1.343	2.4	0.4	s15_t2.4_a0.4_070.gff
NA	Y	N	579.293	602.518	600.569	1.949	2.4	0.4	s15_t2.4_a0.4_071.gff
NA	Y	N	587.177	602.566	601.087	1.479	2.4	0.4	s15_t2.4_a0.4_072.gff
NA	Y	N	282.603	602.436	600.988	1.448	2.4	0.4	s15_t2.4_a0.4_073.gff
NA	Y	N	528.275	602.149	600.702	1.447	2.4	0.4	s15_t2.4_a0.4_074.gff
NA	Y	N	589.916	602.101	601.019	1.082	2.4	0.4	s15_t2.4_a0.4_075.gff
NA	Y	N	366.749	601.951	600.564	1.387	2.4	0.4	s15_t2.4_a0.4_076.gff
NA	Y	N	411.842	601.828	600.592	1.236	2.4	0.4	s15_t2.4_a0.4_077.gff
NA	Y	N	581.388	602.335	600.712	1.623	2.4	0.4	s15_t2.4_a0.4_078.gff
NA	Y	N	512.182	602.026	600.547	1.479	2.4	0.4	s15_t2.4_a0.4_079.gff
NA	Y	N	593.253	601.961	600.220	1.741	2.4	0.4	s15_t2.4_a0.4_080.gff
NA	Y	N	546.525	601.914	598.197	3.717	2.4	0.4	s15_t2.4_a0.4_081.gff
NA	Y	N	578.254	602.660	600.939	1.721	2.4	0.4	s15_t2.4_a0.4_082.gff
NA	Y	N	423.125	601.788	599.711	2.077	2.4	0.4	s15_t2.4_a0.4_083.gff
NA	Y	N	393.777	601.852	600.364	1.488	2.4	0.4	s15_t2.4_a0.4_084.gff
NA	Y	N	365.049	601.942	599.860	2.082	2.4	0.4	s15_t2.4_a0.4_085.gff
NA	Y	N	408.785	601.804	599.910	1.894	2.4	0.4	s15_t2.4_a0.4_086.gff
NA	Y	N	449.297	602.070	600.705	1.365	2.4	0.4	s15_t2.4_a0.4_087.gff
NA	Y	N	360.198	601.796	599.943	1.853	2.4	0.4	s15_t2.4_a0.4_088.gff
NA	Y	N	583.469	602.576	600.786	1.790	2.4	0.4	s15_t2.4_a0.4_089.gff
NA	Y	N	540.438	601.760	600.529	1.231	2.4	0.4	s15_t2.4_a0.4_090.gff
NA	Y	N	388.144	601.893	600.046	1.847	2.4	0.4	s15_t2.4_a0.4_091.gff
NA	Y	N	375.811	601.958	600.582	1.376	2.4	0.4	s15_t2.4_a0.4_092.gff
NA	Y	N	551.939	601.800	600.538	1.262	2.4	0.4	s15_t2.4_a0.4_093.gff
NA	Y	N	602.225	601.629	600.266	1.363	2.4	0.4	s15_t2.4_a0.4_094.gff
NA	Y	N	589.556	602.226	600.788	1.438	2.4	0.4	s15_t2.4_a0.4_095.gff
NA	Y	N	585.976	602.194	600.544	1.650	2.4	0.4	s15_t2.4_a0.4_096.gff
NA	Y	N	556.760	602.247	600.875	1.372	2.4	0.4	s15_t2.4_a0.4_097.gff
NA	Y	N	584.290	602.391	600.501	1.890	2.4	0.4	s15_t2.4_a0.4_098.gff
NA	Y	N	578.014	602.017	600.689	1.328	2.4	0.4	s15_t2.4_a0.4_099.gff
53198	N	N	121.395	156.808	155.738	1.070	2.4	0.4	s15_t2.4_a0.4_100.gff
NA	Y	N	209.076	602.745	601.085	1.660	2.4	0.5	s15_t2.4_a0.5_001.gff
30518	N	N	84.937	101.352	100.364	0.988	2.4	0.5	s15_t2.4_a0.5_002.gff
NA	N	Y	211.272	562.924	560.948	1.976	2.4	0.5	s15_t2.4_a0.5_003.gff
10060	N	N	19.606	25.820	25.418	0.402	2.4	0.5	s15_t2.4_a0.5_004.gff
8788	N	N	16.344	21.895	21.438	0.457	2.4	0.5	s15_t2.4_a0.5_005.gff
30328	N	N	66.165	78.981	78.118	0.863	2.4	0.5	s15_t2.4_a0.5_006.gff
18662	N	N	26.659	34.404	33.893	0.511	2.4	0.5	s15_t2.4_a0.5_007.gff
25856	N	N	78.084	95.961	95.087	0.874	2.4	0.5	s15_t2.4_a0.5_008.gff
NA	Y	N	204.378	602.189	600.471	1.718	2.4	0.5	s15_t2.4_a0.5_009.gff
27089	N	N	61.806	77.322	76.491	0.831	2.4	0.5	s15_t2.4_a0.5_010.gff
52320	N	N	112.195	137.201	136.195	1.006	2.4	0.5	s15_t2.4_a0.5_011.gff
34229	N	N	107.120	137.019	136.028	0.991	2.4	0.5	s15_t2.4_a0.5_012.gff
NA	Y	N	247.053	602.146	600.612	1.534	2.4	0.5	s15_t2.4_a0.5_013.gff
NA	Y	N	228.516	602.302	600.672	1.630	2.4	0.5	s15_t2.4_a0.5_014.gff
10876	N	N	33.857	40.699	40.264	0.435	2.4	0.5	s15_t2.4_a0.5_015.gff
NA	Y	N	226.969	602.167	600.531	1.636	2.4	0.5	s15_t2.4_a0.5_016.gff
28185	N	N	85.520	102.475	101.574	0.901	2.4	0.5	s15_t2.4_a0.5_017.gff
10574	N	N	22.339	29.009	28.604	0.405	2.4	0.5	s15_t2.4_a0.5_018.gff
3632	N	N	9.719	15.131	14.784	0.347	2.4	0.5	s15_t2.4_a0.5_019.gff
43530	N	N	100.254	126.569	125.687	0.882	2.4	0.5	s15_t2.4_a0.5_020.gff
52275	N	N	115.310	155.001	153.906	1.095	2.4	0.5	s15_t2.4_a0.5_021.gff
NA	Y	N	231.894	602.060	600.522	1.538	2.4	0.5	s15_t2.4_a0.5_022.gff
34090	N	N	114.240	148.004	147.050	0.954	2.4	0.5	s15_t2.4_a0.5_023.gff
7653	N	N	13.412	20.040	19.664	0.376	2.4	0.5	s15_t2.4_a0.5_024.gff
NA	Y	N	212.802	602.044	600.115	1.929	2.4	0.5	s15_t2.4_a0.5_025.gff
6717	N	N	11.079	17.414	17.078	0.336	2.4	0.5	s15_t2.4_a0.5_026.gff
32527	N	N	74.508	89.974	89.110	0.864	2.4	0.5	s15_t2.4_a0.5_027.gff
NA	Y	N	211.629	602.072	600.412	1.660	2.4	0.5	s15_t2.4_a0.5_028.gff
27992	N	N	91.304	107.802	106.938	0.864	2.4	0.5	s15_t2.4_a0.5_029.gff
14852	N	N	23.361	31.139	30.626	0.513	2.4	0.5	s15_t2.4_a0.5_030.gff
12564	N	N	49.856	60.364	59.672	0.692	2.4	0.5	s15_t2.4_a0.5_031.gff
17985	N	N	29.225	38.384	37.888	0.496	2.4	0.5	s15_t2.4_a0.5_032.gff
43276	N	N	112.171	148.160	147.058	1.102	2.4	0.5	s15_t2.4_a0.5_033.gff
NA	Y	N	189.899	602.141	600.657	1.484	2.4	0.5	s15_t2.4_a0.5_034.gff
NA	Y	N	236.952	602.446	600.763	1.683	2.4	0.5	s15_t2.4_a0.5_035.gff
45910	N	N	121.885	148.235	147.298	0.937	2.4	0.5	s15_t2.4_a0.5_036.gff
62902	N	N	143.342	202.514	201.457	1.057	2.4	0.5	s15_t2.4_a0.5_037.gff
20414	N	N	85.222	102.237	101.349	0.888	2.4	0.5	s15_t2.4_a0.5_038.gff
43749	N	N	111.513	142.188	138.119	4.069	2.4	0.5	s15_t2.4_a0.5_039.gff
NA	Y	N	232.637	602.063	600.136	1.927	2.4	0.5	s15_t2.4_a0.5_040.gff
14284	N	N	25.981	34.452	33.924	0.528	2.4	0.5	s15_t2.4_a0.5_041.gff
NA	Y	N	292.010	602.300	600.663	1.637	2.4	0.5	s15_t2.4_a0.5_042.gff
38318	N	N	86.049	104.198	103.385	0.813	2.4	0.5	s15_t2.4_a0.5_043.gff
13957	N	N	58.207	67.865	67.156	0.709	2.4	0.5	s15_t2.4_a0.5_044.gff
29385	N	N	85.598	102.449	101.542	0.907	2.4	0.5	s15_t2.4_a0.5_045.gff
47704	N	N	149.033	174.484	173.390	1.094	2.4	0.5	s15_t2.4_a0.5_046.gff
51286	N	N	123.543	160.242	159.140	1.102	2.4	0.5	s15_t2.4_a0.5_047.gff
12577	N	N	21.114	27.106	26.660	0.446	2.4	0.5	s15_t2.4_a0.5_048.gff
NA	Y	N	195.383	602.353	600.924	1.429	2.4	0.5	s15_t2.4_a0.5_049.gff
43081	N	N	126.001	166.228	164.953	1.275	2.4	0.5	s15_t2.4_a0.5_050.gff
52655	N	N	141.052	174.923	173.779	1.144	2.4	0.5	s15_t2.4_a0.5_051.gff
NA	Y	N	252.265	602.255	600.623	1.632	2.4	0.5	s15_t2.4_a0.5_052.gff
NA	Y	N	228.107	602.929	601.274	1.655	2.4	0.5	s15_t2.4_a0.5_053.gff
NA	Y	N	261.033	602.533	601.067	1.466	2.4	0.5	s15_t2.4_a0.5_054.gff
NA	Y	N	265.631	602.532	600.864	1.668	2.4	0.5	s15_t2.4_a0.5_055.gff
51878	N	N	204.874	252.776	251.623	1.153	2.4	0.5	s15_t2.4_a0.5_056.gff
6841	N	N	17.015	23.227	22.775	0.452	2.4	0.5	s15_t2.4_a0.5_057.gff
NA	N	Y	203.724	435.090	432.601	2.489	2.4	0.5	s15_t2.4_a0.5_058.gff
41864	N	N	167.778	200.874	199.493	1.381	2.4	0.5	s15_t2.4_a0.5_059.gff
NA	Y	N	210.421	602.497	601.054	1.443	2.4	0.5	s15_t2.4_a0.5_060.gff
NA	Y	N	197.934	603.016	600.894	2.122	2.4	0.5	s15_t2.4_a0.5_061.gff
13608	N	N	56.309	67.283	66.603	0.680	2.4	0.5	s15_t2.4_a0.5_062.gff
NA	Y	N	211.212	602.637	601.097	1.540	2.4	0.5	s15_t2.4_a0.5_063.gff
NA	Y	N	209.355	602.692	601.273	1.419	2.4	0.5	s15_t2.4_a0.5_064.gff
8613	N	N	16.363	21.448	20.999	0.449	2.4	0.5	s15_t2.4_a0.5_065.gff
26695	N	N	46.717	57.192	56.561	0.631	2.4	0.5	s15_t2.4_a0.5_066.gff
53168	N	N	165.037	213.825	212.718	1.107	2.4	0.5	s15_t2.4_a0.5_067.gff
47101	N	N	95.638	113.887	112.965	0.922	2.4	0.5	s15_t2.4_a0.5_068.gff
NA	Y	N	219.354	602.457	600.648	1.809	2.4	0.5	s15_t2.4_a0.5_069.gff
10628	N	N	46.746	55.872	55.222	0.650	2.4	0.5	s15_t2.4_a0.5_070.gff
36028	N	N	87.961	106.489	105.615	0.874	2.4	0.5	s15_t2.4_a0.5_071.gff
10345	N	N	37.534	45.607	45.013	0.594	2.4	0.5	s15_t2.4_a0.5_072.gff
25091	N	N	81.152	91.494	90.813	0.681	2.4	0.5	s15_t2.4_a0.5_073.gff
NA	Y	N	261.661	602.483	600.913	1.570	2.4	0.5	s15_t2.4_a0.5_074.gff
NA	Y	N	241.645	602.317	600.462	1.855	2.4	0.5	s15_t2.4_a0.5_075.gff
NA	Y	N	236.771	602.569	601.190	1.379	2.4	0.5	s15_t2.4_a0.5_076.gff
4107	N	N	9.165	14.917	14.523	0.394	2.4	0.5	s15_t2.4_a0.5_077.gff
23252	N	N	41.474	50.889	50.308	0.581	2.4	0.5	s15_t2.4_a0.5_078.gff
44071	N	N	94.460	110.895	110.001	0.894	2.4	0.5	s15_t2.4_a0.5_079.gff
NA	Y	N	270.942	602.946	599.971	2.975	2.4	0.5	s15_t2.4_a0.5_080.gff
NA	Y	N	241.532	602.251	600.909	1.342	2.4	0.5	s15_t2.4_a0.5_081.gff
52275	N	N	143.673	177.581	176.354	1.227	2.4	0.5	s15_t2.4_a0.5_082.gff
39409	N	N	171.158	205.886	204.688	1.198	2.4	0.5	s15_t2.4_a0.5_083.gff
NA	N	Y	218.070	585.176	583.061	2.115	2.4	0.5	s15_t2.4_a0.5_084.gff
49550	N	N	117.516	139.486	138.528	0.958	2.4	0.5	s15_t2.4_a0.5_085.gff
12332	N	N	21.904	29.441	29.007	0.434	2.4	0.5	s15_t2.4_a0.5_086.gff
4688	N	N	10.850	15.404	15.071	0.333	2.4	0.5	s15_t2.4_a0.5_087.gff
NA	Y	N	229.246	602.894	601.364	1.530	2.4	0.5	s15_t2.4_a0.5_088.gff
37064	N	N	115.576	130.538	129.629	0.909	2.4	0.5	s15_t2.4_a0.5_089.gff
48016	N	N	90.250	112.190	111.160	1.030	2.4	0.5	s15_t2.4_a0.5_090.gff
NA	Y	N	219.312	602.989	601.356	1.633	2.4	0.5	s15_t2.4_a0.5_091.gff
1351	N	N	4.428	7.382	7.073	0.309	2.4	0.5	s15_t2.4_a0.5_092.gff
6718	N	N	12.312	18.218	17.842	0.376	2.4	0.5	s15_t2.4_a0.5_093.gff
25993	N	N	80.924	97.355	96.466	0.889	2.4	0.5	s15_t2.4_a0.5_094.gff
37860	N	N	81.605	99.251	98.440	0.811	2.4	0.5	s15_t2.4_a0.5_095.gff
12214	N	N	44.207	53.132	52.541	0.591	2.4	0.5	s15_t2.4_a0.5_096.gff
7058	N	N	13.323	19.215	18.847	0.368	2.4	0.5	s15_t2.4_a0.5_097.gff
6203	N	N	19.003	24.739	24.368	0.371	2.4	0.5	s15_t2.4_a0.5_098.gff
NA	Y	N	203.562	602.941	601.515	1.426	2.4	0.5	s15_t2.4_a0.5_099.gff
29129	N	N	55.207	65.928	65.028	0.900	2.4	0.5	s15_t2.4_a0.5_100.gff
12690	N	N	24.425	32.306	31.823	0.483	2.4	0.6	s15_t2.4_a0.6_001.gff
3911	N	N	11.081	18.611	18.253	0.358	2.4	0.6	s15_t2.4_a0.6_002.gff
6528	N	N	9.696	15.142	14.800	0.342	2.4	0.6	s15_t2.4_a0.6_003.gff
12132	N	N	27.754	30.190	29.753	0.437	2.4	0.6	s15_t2.4_a0.6_004.gff
4825	N	N	12.694	17.861	17.479	0.382	2.4	0.6	s15_t2.4_a0.6_005.gff
12300	N	N	25.480	32.791	32.299	0.492	2.4	0.6	s15_t2.4_a0.6_006.gff
5900	N	N	11.211	16.441	16.055	0.386	2.4	0.6	s15_t2.4_a0.6_007.gff
6792	N	N	17.097	22.193	21.776	0.417	2.4	0.6	s15_t2.4_a0.6_008.gff
5004	N	N	10.596	14.296	13.953	0.343	2.4	0.6	s15_t2.4_a0.6_009.gff
4647	N	N	14.570	20.200	19.856	0.344	2.4	0.6	s15_t2.4_a0.6_010.gff
17893	N	N	38.769	47.201	46.604	0.597	2.4	0.6	s15_t2.4_a0.6_011.gff
10549	N	N	36.029	44.193	43.645	0.548	2.4	0.6	s15_t2.4_a0.6_012.gff
6493	N	N	11.888	17.897	17.533	0.364	2.4	0.6	s15_t2.4_a0.6_013.gff
5204	N	N	9.895	15.543	15.203	0.340	2.4	0.6	s15_t2.4_a0.6_014.gff
8982	N	N	15.303	21.496	21.102	0.394	2.4	0.6	s15_t2.4_a0.6_015.gff
13596	N	N	21.348	28.178	27.771	0.407	2.4	0.6	s15_t2.4_a0.6_016.gff
13131	N	N	23.618	30.408	29.940	0.468	2.4	0.6	s15_t2.4_a0.6_017.gff
10066	N	N	21.995	26.727	26.310	0.417	2.4	0.6	s15_t2.4_a0.6_018.gff
4894	N	N	14.422	19.677	19.329	0.348	2.4	0.6	s15_t2.4_a0.6_019.gff
17123	N	N	34.762	43.347	42.815	0.532	2.4	0.6	s15_t2.4_a0.6_020.gff
2643	N	N	10.497	14.515	14.171	0.344	2.4	0.6	s15_t2.4_a0.6_021.gff
3230	N	N	16.809	20.439	20.023	0.416	2.4	0.6	s15_t2.4_a0.6_022.gff
3641	N	N	10.102	14.910	14.583	0.327	2.4	0.6	s15_t2.4_a0.6_023.gff
2485	N	N	6.022	10.107	9.797	0.310	2.4	0.6	s15_t2.4_a0.6_024.gff
11326	N	N	27.773	34.498	34.014	0.484	2.4	0.6	s15_t2.4_a0.6_025.gff
9111	N	N	22.591	31.299	30.858	0.441	2.4	0.6	s15_t2.4_a0.6_026.gff
8451	N	N	18.295	23.292	22.860	0.432	2.4	0.6	s15_t2.4_a0.6_027.gff
4311	N	N	11.260	17.123	16.750	0.373	2.4	0.6	s15_t2.4_a0.6_028.gff
2753	N	N	11.085	16.516	16.153	0.363	2.4	0.6	s15_t2.4_a0.6_029.gff
1672	N	N	5.330	8.411	8.124	0.287	2.4	0.6	s15_t2.4_a0.6_030.gff
3026	N	N	7.216	11.389	11.100	0.289	2.4	0.6	s15_t2.4_a0.6_031.gff
2125	N	N	4.808	7.862	7.605	0.257	2.4	0.6	s15_t2.4_a0.6_032.gff
12056	N	N	25.162	31.754	31.308	0.446	2.4	0.6	s15_t2.4_a0.6_033.gff
8909	N	N	24.289	28.839	28.412	0.427	2.4	0.6	s15_t2.4_a0.6_034.gff
2157	N	N	7.004	9.716	9.446	0.270	2.4	0.6	s15_t2.4_a0.6_035.gff
10005	N	N	20.981	27.041	26.567	0.474	2.4	0.6	s15_t2.4_a0.6_036.gff
10162	N	N	18.397	24.614	24.179	0.435	2.4	0.6	s15_t2.4_a0.6_037.gff
9069	N	N	18.756	19.988	19.605	0.383	2.4	0.6	s15_t2.4_a0.6_038.gff
11756	N	N	25.149	32.886	32.459	0.427	2.4	0.6	s15_t2.4_a0.6_039.gff
10073	N	N	22.462	26.137	25.710	0.427	2.4	0.6	s15_t2.4_a0.6_040.gff
4770	N	N	12.154	17.763	17.390	0.373	2.4	0.6	s15_t2.4_a0.6_041.gff
8559	N	N	22.022	28.894	28.455	0.439	2.4	0.6	s15_t2.4_a0.6_042.gff
7338	N	N	18.097	24.417	24.044	0.373	2.4	0.6	s15_t2.4_a0.6_043.gff
3673	N	N	9.726	15.758	15.376	0.382	2.4	0.6	s15_t2.4_a0.6_044.gff
9952	N	N	21.857	28.368	27.963	0.405	2.4	0.6	s15_t2.4_a0.6_045.gff
7316	N	N	17.390	23.219	22.825	0.394	2.4	0.6	s15_t2.4_a0.6_046.gff
8691	N	N	18.840	25.510	25.121	0.389	2.4	0.6	s15_t2.4_a0.6_047.gff
3640	N	N	10.652	16.667	16.288	0.379	2.4	0.6	s15_t2.4_a0.6_048.gff
4206	N	N	7.605	12.018	11.692	0.326	2.4	0.6	s15_t2.4_a0.6_049.gff
4191	N	N	12.295	18.602	18.268	0.334	2.4	0.6	s15_t2.4_a0.6_050.gff
1062	N	N	3.675	6.494	6.218	0.276	2.4	0.6	s15_t2.4_a0.6_051.gff
7214	N	N	12.061	16.479	16.150	0.329	2.4	0.6	s15_t2.4_a0.6_052.gff
8626	N	N	15.056	20.362	19.979	0.383	2.4	0.6	s15_t2.4_a0.6_053.gff
15198	N	N	29.406	36.346	35.875	0.471	2.4	0.6	s15_t2.4_a0.6_054.gff
13793	N	N	22.684	29.822	29.380	0.442	2.4	0.6	s15_t2.4_a0.6_055.gff
5667	N	N	19.587	24.579	24.187	0.392	2.4	0.6	s15_t2.4_a0.6_056.gff
1103	N	N	3.778	6.637	6.370	0.267	2.4	0.6	s15_t2.4_a0.6_057.gff
5906	N	N	15.646	22.351	21.975	0.376	2.4	0.6	s15_t2.4_a0.6_058.gff
4222	N	N	9.289	13.696	13.392	0.304	2.4	0.6	s15_t2.4_a0.6_059.gff
2102	N	N	6.846	9.597	9.333	0.264	2.4	0.6	s15_t2.4_a0.6_060.gff
3830	N	N	8.716	13.061	12.775	0.286	2.4	0.6	s15_t2.4_a0.6_061.gff
2580	N	N	9.432	13.823	13.494	0.329	2.4	0.6	s15_t2.4_a0.6_062.gff
3870	N	N	12.992	20.255	19.889	0.366	2.4	0.6	s15_t2.4_a0.6_063.gff
13651	N	N	24.889	32.286	31.807	0.479	2.4	0.6	s15_t2.4_a0.6_064.gff
8070	N	N	16.251	23.304	22.903	0.401	2.4	0.6	s15_t2.4_a0.6_065.gff
6534	N	N	13.112	19.559	19.167	0.392	2.4	0.6	s15_t2.4_a0.6_066.gff
10519	N	N	21.638	28.185	27.740	0.445	2.4	0.6	s15_t2.4_a0.6_067.gff
20210	N	N	38.368	47.881	47.334	0.547	2.4	0.6	s15_t2.4_a0.6_068.gff
16763	N	N	29.464	37.665	37.148	0.517	2.4	0.6	s15_t2.4_a0.6_069.gff
15156	N	N	25.152	32.189	31.692	0.497	2.4	0.6	s15_t2.4_a0.6_070.gff
8372	N	N	24.737	32.035	31.590	0.445	2.4	0.6	s15_t2.4_a0.6_071.gff
8127	N	N	20.283	26.476	26.072	0.404	2.4	0.6	s15_t2.4_a0.6_072.gff
16469	N	N	25.907	32.780	32.289	0.491	2.4	0.6	s15_t2.4_a0.6_073.gff
7709	N	N	19.201	23.830	23.446	0.384	2.4	0.6	s15_t2.4_a0.6_074.gff
16018	N	N	50.011	62.445	61.728	0.717	2.4	0.6	s15_t2.4_a0.6_075.gff
8790	N	N	25.051	29.110	28.663	0.447	2.4	0.6	s15_t2.4_a0.6_076.gff
11860	N	N	23.207	29.991	29.533	0.458	2.4	0.6	s15_t2.4_a0.6_077.gff
4672	N	N	17.481	23.782	23.386	0.396	2.4	0.6	s15_t2.4_a0.6_078.gff
9518	N	N	18.150	23.983	23.572	0.411	2.4	0.6	s15_t2.4_a0.6_079.gff
6582	N	N	16.190	24.125	23.729	0.396	2.4	0.6	s15_t2.4_a0.6_080.gff
5415	N	N	14.844	21.490	21.099	0.391	2.4	0.6	s15_t2.4_a0.6_081.gff
7536	N	N	15.750	22.808	22.411	0.397	2.4	0.6	s15_t2.4_a0.6_082.gff
8268	N	N	13.084	18.519	18.169	0.350	2.4	0.6	s15_t2.4_a0.6_083.gff
9290	N	N	21.742	30.059	29.615	0.444	2.4	0.6	s15_t2.4_a0.6_084.gff
2998	N	N	9.683	15.117	14.721	0.396	2.4	0.6	s15_t2.4_a0.6_085.gff
19233	N	N	34.834	43.465	42.870	0.595	2.4	0.6	s15_t2.4_a0.6_086.gff
1120	N	N	4.988	8.083	7.794	0.289	2.4	0.6	s15_t2.4_a0.6_087.gff
17910	N	N	38.764	48.777	48.172	0.605	2.4	0.6	s15_t2.4_a0.6_088.gff
8584	N	N	28.084	34.497	34.069	0.428	2.4	0.6	s15_t2.4_a0.6_089.gff
9911	N	N	21.192	28.526	28.096	0.430	2.4	0.6	s15_t2.4_a0.6_090.gff
12700	N	N	25.966	34.145	33.636	0.509	2.4	0.6	s15_t2.4_a0.6_091.gff
12620	N	N	23.876	31.126	30.668	0.458	2.4	0.6	s15_t2.4_a0.6_092.gff
9177	N	N	25.521	33.260	32.739	0.521	2.4	0.6	s15_t2.4_a0.6_093.gff
2922	N	N	6.034	10.346	10.054	0.292	2.4	0.6	s15_t2.4_a0.6_094.gff
10889	N	N	31.234	39.350	38.861	0.489	2.4	0.6	s15_t2.4_a0.6_095.gff
6358	N	N	23.552	30.412	29.996	0.416	2.4	0.6	s15_t2.4_a0.6_096.gff
1483	N	N	4.835	8.117	7.835	0.282	2.4	0.6	s15_t2.4_a0.6_097.gff
7574	N	N	23.398	30.412	29.995	0.417	2.4	0.6	s15_t2.4_a0.6_098.gff
1266	N	N	4.973	7.888	7.606	0.282	2.4	0.6	s15_t2.4_a0.6_099.gff
15143	N	N	37.143	45.175	44.609	0.566	2.4	0.6	s15_t2.4_a0.6_100.gff
108	N	N	1.849	3.217	3.040	0.177	2.4	0.7	s15_t2.4_a0.7_001.gff
824	N	N	3.106	5.889	5.589	0.300	2.4	0.7	s15_t2.4_a0.7_002.gff
577	N	N	2.814	5.079	4.837	0.242	2.4	0.7	s15_t2.4_a0.7_003.gff
602	N	N	2.860	5.426	5.177	0.249	2.4	0.7	s15_t2.4_a0.7_004.gff
415	N	N	2.491	4.665	4.434	0.231	2.4	0.7	s15_t2.4_a0.7_005.gff
523	N	N	2.843	4.995	4.742	0.253	2.4	0.7	s15_t2.4_a0.7_006.gff
379	N	N	2.737	4.631	4.424	0.207	2.4	0.7	s15_t2.4_a0.7_007.gff
726	N	N	2.782	5.358	5.099	0.259	2.4	0.7	s15_t2.4_a0.7_008.gff
944	N	N	3.403	6.070	5.788	0.282	2.4	0.7	s15_t2.4_a0.7_009.gff
591	N	N	3.127	5.139	4.883	0.256	2.4	0.7	s15_t2.4_a0.7_010.gff
931	N	N	3.680	6.038	5.796	0.242	2.4	0.7	s15_t2.4_a0.7_011.gff
522	N	N	2.460	4.730	4.494	0.236	2.4	0.7	s15_t2.4_a0.7_012.gff
309	N	N	2.206	4.088	3.844	0.244	2.4	0.7	s15_t2.4_a0.7_013.gff
542	N	N	2.854	4.993	4.742	0.251	2.4	0.7	s15_t2.4_a0.7_014.gff
336	N	N	3.219	4.183	3.956	0.227	2.4	0.7	s15_t2.4_a0.7_015.gff
159	N	N	2.203	3.454	3.295	0.159	2.4	0.7	s15_t2.4_a0.7_016.gff
368	N	N	2.645	4.356	4.130	0.226	2.4	0.7	s15_t2.4_a0.7_017.gff
569	N	N	3.284	5.223	4.989	0.234	2.4	0.7	s15_t2.4_a0.7_018.gff
439	N	N	2.787	5.063	4.781	0.282	2.4	0.7	s15_t2.4_a0.7_019.gff
457	N	N	2.782	4.622	4.387	0.235	2.4	0.7	s15_t2.4_a0.7_020.gff
451	N	N	2.483	4.481	4.278	0.203	2.4	0.7	s15_t2.4_a0.7_021.gff
175	N	N	1.745	3.471	3.297	0.174	2.4	0.7	s15_t2.4_a0.7_022.gff
321	N	N	3.635	4.125	3.908	0.217	2.4	0.7	s15_t2.4_a0.7_023.gff
326	N	N	2.682	4.624	4.338	0.286	2.4	0.7	s15_t2.4_a0.7_024.gff
295	N	N	2.493	4.297	4.066	0.231	2.4	0.7	s15_t2.4_a0.7_025.gff
752	N	N	4.127	5.733	5.503	0.230	2.4	0.7	s15_t2.4_a0.7_026.gff
566	N	N	2.980	4.809	4.595	0.214	2.4	0.7	s15_t2.4_a0.7_027.gff
357	N	N	2.371	4.199	3.958	0.241	2.4	0.7	s15_t2.4_a0.7_028.gff
245	N	N	2.352	3.957	3.755	0.202	2.4	0.7	s15_t2.4_a0.7_029.gff
261	N	N	2.221	4.057	3.848	0.209	2.4	0.7	s15_t2.4_a0.7_030.gff
383	N	N	2.285	4.393	4.155	0.238	2.4	0.7	s15_t2.4_a0.7_031.gff
744	N	N	2.961	5.327	5.093	0.234	2.4	0.7	s15_t2.4_a0.7_032.gff
229	N	N	3.448	3.799	3.586	0.213	2.4	0.7	s15_t2.4_a0.7_033.gff
514	N	N	2.549	4.804	4.593	0.211	2.4	0.7	s15_t2.4_a0.7_034.gff
453	N	N	2.988	4.977	4.745	0.232	2.4	0.7	s15_t2.4_a0.7_035.gff
437	N	N	6.290	5.008	4.771	0.237	2.4	0.7	s15_t2.4_a0.7_036.gff
715	N	N	5.497	5.062	4.799	0.263	2.4	0.7	s15_t2.4_a0.7_037.gff
465	N	N	3.117	4.661	4.444	0.217	2.4	0.7	s15_t2.4_a0.7_038.gff
654	N	N	2.742	5.075	4.841	0.234	2.4	0.7	s15_t2.4_a0.7_039.gff
498	N	N	2.711	5.072	4.840	0.232	2.4	0.7	s15_t2.4_a0.7_040.gff
566	N	N	6.970	4.537	4.295	0.242	2.4	0.7	s15_t2.4_a0.7_041.gff
633	N	N	3.615	4.854	4.605	0.249	2.4	0.7	s15_t2.4_a0.7_042.gff
259	N	N	2.138	4.128	3.927	0.201	2.4	0.7	s15_t2.4_a0.7_043.gff
1312	N	N	4.982	6.102	5.830	0.272	2.4	0.7	s15_t2.4_a0.7_044.gff
332	N	N	3.465	4.342	4.096	0.246	2.4	0.7	s15_t2.4_a0.7_045.gff
408	N	N	2.510	4.941	4.720	0.221	2.4	0.7	s15_t2.4_a0.7_046.gff
161	N	N	1.859	3.400	3.232	0.168	2.4	0.7	s15_t2.4_a0.7_047.gff
480	N	N	3.227	5.114	4.885	0.229	2.4	0.7	s15_t2.4_a0.7_048.gff
770	N	N	3.254	5.004	4.769	0.235	2.4	0.7	s15_t2.4_a0.7_049.gff
708	N	N	3.730	5.095	4.859	0.236	2.4	0.7	s15_t2.4_a0.7_050.gff
89	N	N	3.393	3.292	3.129	0.163	2.4	0.7	s15_t2.4_a0.7_051.gff
345	N	N	2.688	4.178	3.960	0.218	2.4	0.7	s15_t2.4_a0.7_052.gff
541	N	N	2.788	4.894	4.680	0.214	2.4	0.7	s15_t2.4_a0.7_053.gff
900	N	N	3.585	5.451	5.191	0.260	2.4	0.7	s15_t2.4_a0.7_054.gff
217	N	N	2.331	3.886	3.704	0.182	2.4	0.7	s15_t2.4_a0.7_055.gff
275	N	N	2.522	3.941	3.701	0.240	2.4	0.7	s15_t2.4_a0.7_056.gff
306	N	N	4.128	4.378	4.176	0.202	2.4	0.7	s15_t2.4_a0.7_057.gff
735	N	N	4.915	5.889	5.652	0.237	2.4	0.7	s15_t2.4_a0.7_058.gff
370	N	N	3.045	4.891	4.639	0.252	2.4	0.7	s15_t2.4_a0.7_059.gff
631	N	N	2.948	5.220	4.969	0.251	2.4	0.7	s15_t2.4_a0.7_060.gff
287	N	N	2.528	4.337	4.128	0.209	2.4	0.7	s15_t2.4_a0.7_061.gff
275	N	N	2.385	4.296	4.109	0.187	2.4	0.7	s15_t2.4_a0.7_062.gff
463	N	N	3.057	4.733	4.483	0.250	2.4	0.7	s15_t2.4_a0.7_063.gff
832	N	N	3.461	5.883	5.653	0.230	2.4	0.7	s15_t2.4_a0.7_064.gff
824	N	N	3.814	5.400	5.142	0.258	2.4	0.7	s15_t2.4_a0.7_065.gff
386	N	N	5.216	4.624	4.383	0.241	2.4	0.7	s15_t2.4_a0.7_066.gff
771	N	N	4.565	5.594	5.339	0.255	2.4	0.7	s15_t2.4_a0.7_067.gff
497	N	N	5.184	5.108	4.844	0.264	2.4	0.7	s15_t2.4_a0.7_068.gff
481	N	N	2.530	4.694	4.454	0.240	2.4	0.7	s15_t2.4_a0.7_069.gff
171	N	N	1.968	3.657	3.470	0.187	2.4	0.7	s15_t2.4_a0.7_070.gff
578	N	N	3.561	5.234	4.978	0.256	2.4	0.7	s15_t2.4_a0.7_071.gff
294	N	N	2.510	4.541	4.336	0.205	2.4	0.7	s15_t2.4_a0.7_072.gff
549	N	N	3.531	4.921	4.680	0.241	2.4	0.7	s15_t2.4_a0.7_073.gff
404	N	N	3.286	4.790	4.539	0.251	2.4	0.7	s15_t2.4_a0.7_074.gff
604	N	N	4.227	4.930	4.681	0.249	2.4	0.7	s15_t2.4_a0.7_075.gff
386	N	N	2.894	4.503	4.266	0.237	2.4	0.7	s15_t2.4_a0.7_076.gff
875	N	N	3.168	5.301	5.050	0.251	2.4	0.7	s15_t2.4_a0.7_077.gff
807	N	N	3.559	5.555	5.315	0.240	2.4	0.7	s15_t2.4_a0.7_078.gff
1104	N	N	3.792	6.249	5.984	0.265	2.4	0.7	s15_t2.4_a0.7_079.gff
293	N	N	3.272	4.145	3.908	0.237	2.4	0.7	s15_t2.4_a0.7_080.gff
400	N	N	2.566	4.832	4.593	0.239	2.4	0.7	s15_t2.4_a0.7_081.gff
837	N	N	3.190	5.421	5.185	0.236	2.4	0.7	s15_t2.4_a0.7_082.gff
476	N	N	2.927	4.645	4.379	0.266	2.4	0.7	s15_t2.4_a0.7_083.gff
521	N	N	3.666	5.020	4.792	0.228	2.4	0.7	s15_t2.4_a0.7_084.gff
642	N	N	3.661	4.938	4.698	0.240	2.4	0.7	s15_t2.4_a0.7_085.gff
609	N	N	4.403	4.937	4.699	0.238	2.4	0.7	s15_t2.4_a0.7_086.gff
480	N	N	3.461	5.229	4.992	0.237	2.4	0.7	s15_t2.4_a0.7_087.gff
290	N	N	3.308	4.456	4.237	0.219	2.4	0.7	s15_t2.4_a0.7_088.gff
384	N	N	2.568	4.444	4.205	0.239	2.4	0.7	s15_t2.4_a0.7_089.gff
497	N	N	2.556	4.710	4.478	0.232	2.4	0.7	s15_t2.4_a0.7_090.gff
513	N	N	2.687	5.103	4.857	0.246	2.4	0.7	s15_t2.4_a0.7_091.gff
477	N	N	2.520	4.912	4.682	0.230	2.4	0.7	s15_t2.4_a0.7_092.gff
293	N	N	2.764	4.420	4.201	0.219	2.4	0.7	s15_t2.4_a0.7_093.gff
1156	N	N	4.120	6.571	6.333	0.238	2.4	0.7	s15_t2.4_a0.7_094.gff
264	N	N	2.586	4.186	3.966	0.220	2.4	0.7	s15_t2.4_a0.7_095.gff
634	N	N	3.515	5.087	4.838	0.249	2.4	0.7	s15_t2.4_a0.7_096.gff
330	N	N	2.760	4.094	3.863	0.231	2.4	0.7	s15_t2.4_a0.7_097.gff
658	N	N	4.028	5.045	4.805	0.240	2.4	0.7	s15_t2.4_a0.7_098.gff
584	N	N	3.136	5.300	5.039	0.261	2.4	0.7	s15_t2.4_a0.7_099.gff
190	N	N	3.335	3.638	3.439	0.199	2.4	0.7	s15_t2.4_a0.7_100.gff
