#
# A fatal error has been detected by the Java Runtime Environment:
#
#  SIGBUS (0x7) at pc=0x00002b1b96389522, pid=20981, tid=47397479667456
#
# JRE version: 6.0_32-b32
# Java VM: OpenJDK 64-Bit Server VM (23.25-b01 mixed mode linux-amd64 compressed oops)
# Problematic frame:
# C  [libzip.so+0x4522]  ZIP_Lock+0x252
#
# Core dump written. Default location: /mmfs/automount/gpfs/homefs/sm/dw07r324/jobs/piterman.eq.macc.sp.ro.r/core or core.20981
#
# If you would like to submit a bug report, please include
# instructions how to reproduce the bug and visit:
#   http://icedtea.classpath.org/bugzilla
# The crash happened outside the Java Virtual Machine in native code.
# See problematic frame for where to report the bug.
#

---------------  T H R E A D  ---------------

Current thread (0x00002b1b98008000):  JavaThread "main" [_thread_in_native, id=20982, stack(0x00002b1b95e05000,0x00002b1b95f06000)]

siginfo:si_signo=SIGBUS: si_errno=0, si_code=2 (BUS_ADRERR), si_addr=0x00002b1bda3d89d2

Registers:
RAX=0x00002b1b98ab1760, RBX=0x00002b1bda3d89b5, RCX=0x0000000000000611, RDX=0x0000000000000610
RSP=0x00002b1b95f02150, RBP=0x00002b1b95f02190, RSI=0x0000000000000040, RDI=0x00002b1b98000020
R8 =0x00002b1b98000088, R9 =0x0000000000000001, R10=0x0000000000000040, R11=0x00002b1b95635660
R12=0x00002b1b98ab1760, R13=0x00002b1b98302580, R14=0x00002b1b95f02200, R15=0x00002b1b98ab1760
RIP=0x00002b1b96389522, EFLAGS=0x0000000000010202, CSGSFS=0x0000000000000033, ERR=0x0000000000000004
  TRAPNO=0x000000000000000e

Top of Stack: (sp=0x00002b1b95f02150)
0x00002b1b95f02150:   00002b1b982cb3d0 00002b1b9557f05e
0x00002b1b95f02160:   0000000000000465 00002b1b982c6c04
0x00002b1b95f02170:   00002b1b98302580 000000008a35adb7
0x00002b1b95f02180:   00002b1b95f02200 0000000000000048
0x00002b1b95f02190:   00002b1b95f021e0 00002b1b96389ae2
0x00002b1b95f021a0:   00002b1b98008000 00002b1b982cb1d0
0x00002b1b95f021b0:   00002b1b95f02220 00002b1b980081d8
0x00002b1b95f021c0:   00002b1b95f02200 0000000000000048
0x00002b1b95f021d0:   00002b1b95f026d8 00002b1b95f02200
0x00002b1b95f021e0:   00002b1b95f02640 00002b1b96388ae4
0x00002b1b95f021f0:   0000004801008000 00002b1b98302580
0x00002b1b95f02200:   2f73657373616c63 727676732f67726f
0x00002b1b95f02210:   632f6c616f672f6c 69676f6c2f65726f
0x00002b1b95f02220:   61702f6c746c2f63 4c544c2f72657372
0x00002b1b95f02230:   6f54726573726150 67616e614d6e656b
0x00002b1b95f02240:   7373616c632e7265 00000000ec8d3c00
0x00002b1b95f02250:   00002b1b95f02280 00002b1b98008000
0x00002b1b95f02260:   00000000b5cc4b00 000000000000001a
0x00002b1b95f02270:   00002b1b98008000 00000000b5cc4b00
0x00002b1b95f02280:   00002b1b95f022e0 00002b1b953c95f2
0x00002b1b95f02290:   00002b1b98008000 3432337237307764
0x00002b1b95f022a0:   00002b1b98008000 3830343130322d4c
0x00002b1b95f022b0:   2d66706a2e2f3830 00000000000000bd
0x00002b1b95f022c0:   0000000000000000 00002b1b98008000
0x00002b1b95f022d0:   00002b1b95f02300 00002b1b00000000
0x00002b1b95f022e0:   00000000b5cc8c58 00002b0000000061
0x00002b1b95f022f0:   00000000b5bdfef5 00000000ec8e6350
0x00002b1b95f02300:   00002b1b95f02300 00000000b5cc69cb
0x00002b1b95f02310:   00002b1b95f02360 00002b1b98008c28
0x00002b1b95f02320:   0000000000000000 0000000000000001
0x00002b1b95f02330:   00002b1b98008000 ffffffffffffffff
0x00002b1b95f02340:   00002b1b95f023b0 00002b1b95385a03 

Instructions: (pc=0x00002b1b96389522)
0x00002b1b96389502:   00 00 00 00 00 48 c7 40 30 00 00 00 00 48 c7 40
0x00002b1b96389512:   28 00 00 00 00 8b 5b 04 49 2b 5d 28 49 03 5d 18
0x00002b1b96389522:   44 0f b6 73 1d 0f b6 43 1c 41 c1 e6 08 41 09 c6
0x00002b1b96389532:   0f b6 43 1e 88 45 ce 0f b6 43 1f 88 45 cf 0f b6 

Register to memory mapping:

RAX=0x00002b1b98ab1760 is an unknown value
RBX=0x00002b1bda3d89b5 is an unknown value
RCX=0x0000000000000611 is an unknown value
RDX=0x0000000000000610 is an unknown value
RSP=0x00002b1b95f02150 is pointing into the stack for thread: 0x00002b1b98008000
RBP=0x00002b1b95f02190 is pointing into the stack for thread: 0x00002b1b98008000
RSI=0x0000000000000040 is an unknown value
RDI=0x00002b1b98000020 is an unknown value
R8 =0x00002b1b98000088 is an unknown value
R9 =0x0000000000000001 is an unknown value
R10=0x0000000000000040 is an unknown value
R11=0x00002b1b95635660: <offset 0x79f660> in /usr/lib/jvm/java-1.6.0-openjdk-1.6.0.0.x86_64/jre/lib/amd64/server/libjvm.so at 0x00002b1b94e96000
R12=0x00002b1b98ab1760 is an unknown value
R13=0x00002b1b98302580 is an unknown value
R14=0x00002b1b95f02200 is pointing into the stack for thread: 0x00002b1b98008000
R15=0x00002b1b98ab1760 is an unknown value


Stack: [0x00002b1b95e05000,0x00002b1b95f06000],  sp=0x00002b1b95f02150,  free space=1012k
Native frames: (J=compiled Java code, j=interpreted, Vv=VM code, C=native code)
C  [libzip.so+0x4522]  ZIP_Lock+0x252
C  [libzip.so+0x4ae2]  ZIP_GetEntry+0xc2
C  [libzip.so+0x3ae4]  Java_java_util_zip_ZipFile_getEntry+0xc4
j  java.util.zip.ZipFile.getEntry(JLjava/lang/String;Z)J+0
j  java.util.zip.ZipFile.getEntry(Ljava/lang/String;)Ljava/util/zip/ZipEntry;+31
j  java.util.jar.JarFile.getEntry(Ljava/lang/String;)Ljava/util/zip/ZipEntry;+2
j  sun.net.www.protocol.jar.URLJarFile.getEntry(Ljava/lang/String;)Ljava/util/zip/ZipEntry;+2
j  sun.net.www.protocol.jar.JarURLConnection.connect()V+62
j  sun.net.www.protocol.jar.JarURLConnection.getInputStream()Ljava/io/InputStream;+1
j  sun.misc.URLClassPath$Loader.getResource(Ljava/lang/String;Z)Lsun/misc/Resource;+48
j  sun.misc.URLClassPath.getResource(Ljava/lang/String;Z)Lsun/misc/Resource;+53
j  java.net.URLClassLoader$1.run()Ljava/lang/Object;+26
v  ~StubRoutines::call_stub
V  [libjvm.so+0x537e3e]  AsyncGetCallTrace+0xd776e
V  [libjvm.so+0x536ad8]  AsyncGetCallTrace+0xd6408
V  [libjvm.so+0x597140]  JVM_DoPrivileged+0x400
j  java.security.AccessController.doPrivileged(Ljava/security/PrivilegedExceptionAction;Ljava/security/AccessControlContext;)Ljava/lang/Object;+0
j  java.net.URLClassLoader.findClass(Ljava/lang/String;)Ljava/lang/Class;+13
j  org.java.plugin.standard.StandardPluginClassLoader.loadLocalClass(Ljava/lang/String;ZLorg/java/plugin/standard/StandardPluginClassLoader;)Ljava/lang/Class;+97
j  org.java.plugin.standard.StandardPluginClassLoader.loadClass(Ljava/lang/String;Z)Ljava/lang/Class;+62
j  java.lang.ClassLoader.loadClass(Ljava/lang/String;)Ljava/lang/Class;+3
v  ~StubRoutines::call_stub
V  [libjvm.so+0x537e3e]  AsyncGetCallTrace+0xd776e
V  [libjvm.so+0x537222]  AsyncGetCallTrace+0xd6b52
V  [libjvm.so+0x5372f4]  AsyncGetCallTrace+0xd6c24
V  [libjvm.so+0x80084b]  JVM_handle_linux_signal+0xdf19b
V  [libjvm.so+0x800e0c]  JVM_handle_linux_signal+0xdf75c
V  [libjvm.so+0x802733]  JVM_handle_linux_signal+0xe1083
V  [libjvm.so+0x3ef00e]  ftell+0x3ef00e
V  [libjvm.so+0x533666]  AsyncGetCallTrace+0xd2f96
j  org.svvrl.goal.core.logic.ltl.parser.LTLParser.<init>(Ljava/io/Reader;)V+81
j  org.svvrl.goal.core.logic.ltl.parser.LTLParser.<init>(Ljava/lang/String;)V+16
j  org.svvrl.goal.core.logic.ltl.LTLParser.parse(Ljava/lang/String;)Lorg/svvrl/goal/core/logic/ltl/LTL;+5
j  org.svvrl.goal.core.logic.ltl.LTLRewritePattern.<init>()V+48
j  org.svvrl.goal.core.logic.ltl.LTLRewritePattern.getInstance()Lorg/svvrl/goal/core/logic/ltl/LTLRewritePattern;+10
j  org.svvrl.goal.core.logic.ltl.LTLSimplifier.<init>()V+5
v  ~StubRoutines::call_stub
V  [libjvm.so+0x537e3e]  AsyncGetCallTrace+0xd776e
V  [libjvm.so+0x536ad8]  AsyncGetCallTrace+0xd6408
V  [libjvm.so+0x783da7]  JVM_handle_linux_signal+0x626f7
V  [libjvm.so+0x784a28]  JVM_handle_linux_signal+0x63378
V  [libjvm.so+0x58d342]  JVM_NewInstanceFromConstructor+0xe2
j  sun.reflect.NativeConstructorAccessorImpl.newInstance0(Ljava/lang/reflect/Constructor;[Ljava/lang/Object;)Ljava/lang/Object;+0
j  sun.reflect.NativeConstructorAccessorImpl.newInstance([Ljava/lang/Object;)Ljava/lang/Object;+72
j  sun.reflect.DelegatingConstructorAccessorImpl.newInstance([Ljava/lang/Object;)Ljava/lang/Object;+5
j  java.lang.reflect.Constructor.newInstance([Ljava/lang/Object;)Ljava/lang/Object;+91
j  java.lang.Class.newInstance()Ljava/lang/Object;+132
j  org.svvrl.goal.core.CorePlugin.loadFormulaRewriters()V+70
j  org.svvrl.goal.core.CorePlugin.initApplication(Lorg/java/plugin/util/ExtendedProperties;[Ljava/lang/String;)Lorg/java/plugin/boot/Application;+170
j  org.java.plugin.boot.DefaultApplicationInitializer.initApplication(Lorg/java/plugin/boot/BootErrorHandler;[Ljava/lang/String;)Lorg/java/plugin/boot/Application;+530
j  org.java.plugin.boot.Boot.initApplication(Lorg/java/plugin/boot/BootErrorHandler;Lorg/java/plugin/util/ExtendedProperties;[Ljava/lang/String;)Lorg/java/plugin/boot/Application;+157
j  org.java.plugin.boot.Boot.boot(Lorg/java/plugin/util/ExtendedProperties;ZLjava/lang/String;Lorg/java/plugin/boot/BootErrorHandler;[Ljava/lang/String;)Lorg/java/plugin/boot/Application;+338
j  org.java.plugin.boot.Boot.main([Ljava/lang/String;)V+162
v  ~StubRoutines::call_stub
V  [libjvm.so+0x537e3e]  AsyncGetCallTrace+0xd776e
V  [libjvm.so+0x536ad8]  AsyncGetCallTrace+0xd6408
V  [libjvm.so+0x5452a7]  JNI_CreateJavaVM+0x12e7
V  [libjvm.so+0x55a4eb]  JNI_CreateJavaVM+0x1652b
C  [java+0x374d]  JavaMain+0xd0d

Java frames: (J=compiled Java code, j=interpreted, Vv=VM code)
j  java.util.zip.ZipFile.getEntry(JLjava/lang/String;Z)J+0
j  java.util.zip.ZipFile.getEntry(Ljava/lang/String;)Ljava/util/zip/ZipEntry;+31
j  java.util.jar.JarFile.getEntry(Ljava/lang/String;)Ljava/util/zip/ZipEntry;+2
j  sun.net.www.protocol.jar.URLJarFile.getEntry(Ljava/lang/String;)Ljava/util/zip/ZipEntry;+2
j  sun.net.www.protocol.jar.JarURLConnection.connect()V+62
j  sun.net.www.protocol.jar.JarURLConnection.getInputStream()Ljava/io/InputStream;+1
j  sun.misc.URLClassPath$Loader.getResource(Ljava/lang/String;Z)Lsun/misc/Resource;+48
j  sun.misc.URLClassPath.getResource(Ljava/lang/String;Z)Lsun/misc/Resource;+53
j  java.net.URLClassLoader$1.run()Ljava/lang/Object;+26
v  ~StubRoutines::call_stub
j  java.security.AccessController.doPrivileged(Ljava/security/PrivilegedExceptionAction;Ljava/security/AccessControlContext;)Ljava/lang/Object;+0
j  java.net.URLClassLoader.findClass(Ljava/lang/String;)Ljava/lang/Class;+13
j  org.java.plugin.standard.StandardPluginClassLoader.loadLocalClass(Ljava/lang/String;ZLorg/java/plugin/standard/StandardPluginClassLoader;)Ljava/lang/Class;+97
j  org.java.plugin.standard.StandardPluginClassLoader.loadClass(Ljava/lang/String;Z)Ljava/lang/Class;+62
j  java.lang.ClassLoader.loadClass(Ljava/lang/String;)Ljava/lang/Class;+3
v  ~StubRoutines::call_stub
j  org.svvrl.goal.core.logic.ltl.parser.LTLParser.<init>(Ljava/io/Reader;)V+81
j  org.svvrl.goal.core.logic.ltl.parser.LTLParser.<init>(Ljava/lang/String;)V+16
j  org.svvrl.goal.core.logic.ltl.LTLParser.parse(Ljava/lang/String;)Lorg/svvrl/goal/core/logic/ltl/LTL;+5
j  org.svvrl.goal.core.logic.ltl.LTLRewritePattern.<init>()V+48
j  org.svvrl.goal.core.logic.ltl.LTLRewritePattern.getInstance()Lorg/svvrl/goal/core/logic/ltl/LTLRewritePattern;+10
j  org.svvrl.goal.core.logic.ltl.LTLSimplifier.<init>()V+5
v  ~StubRoutines::call_stub
j  sun.reflect.NativeConstructorAccessorImpl.newInstance0(Ljava/lang/reflect/Constructor;[Ljava/lang/Object;)Ljava/lang/Object;+0
j  sun.reflect.NativeConstructorAccessorImpl.newInstance([Ljava/lang/Object;)Ljava/lang/Object;+72
j  sun.reflect.DelegatingConstructorAccessorImpl.newInstance([Ljava/lang/Object;)Ljava/lang/Object;+5
j  java.lang.reflect.Constructor.newInstance([Ljava/lang/Object;)Ljava/lang/Object;+91
j  java.lang.Class.newInstance()Ljava/lang/Object;+132
j  org.svvrl.goal.core.CorePlugin.loadFormulaRewriters()V+70
j  org.svvrl.goal.core.CorePlugin.initApplication(Lorg/java/plugin/util/ExtendedProperties;[Ljava/lang/String;)Lorg/java/plugin/boot/Application;+170
j  org.java.plugin.boot.DefaultApplicationInitializer.initApplication(Lorg/java/plugin/boot/BootErrorHandler;[Ljava/lang/String;)Lorg/java/plugin/boot/Application;+530
j  org.java.plugin.boot.Boot.initApplication(Lorg/java/plugin/boot/BootErrorHandler;Lorg/java/plugin/util/ExtendedProperties;[Ljava/lang/String;)Lorg/java/plugin/boot/Application;+157
j  org.java.plugin.boot.Boot.boot(Lorg/java/plugin/util/ExtendedProperties;ZLjava/lang/String;Lorg/java/plugin/boot/BootErrorHandler;[Ljava/lang/String;)Lorg/java/plugin/boot/Application;+338
j  org.java.plugin.boot.Boot.main([Ljava/lang/String;)V+162
v  ~StubRoutines::call_stub

---------------  P R O C E S S  ---------------

Java Threads: ( => current thread )
  0x00002b1b98101800 JavaThread "Low Memory Detector" daemon [_thread_blocked, id=20997, stack(0x00002b1bda194000,0x00002b1bda295000)]
  0x00002b1b980ff000 JavaThread "C2 CompilerThread1" daemon [_thread_in_native, id=20996, stack(0x00002b1bda093000,0x00002b1bda194000)]
  0x00002b1b980fc800 JavaThread "C2 CompilerThread0" daemon [_thread_blocked, id=20995, stack(0x00002b1bd9f92000,0x00002b1bda093000)]
  0x00002b1b980fa000 JavaThread "Signal Dispatcher" daemon [_thread_blocked, id=20994, stack(0x00002b1bd9e91000,0x00002b1bd9f92000)]
  0x00002b1b980ab800 JavaThread "Finalizer" daemon [_thread_blocked, id=20993, stack(0x00002b1bc4eb3000,0x00002b1bc4fb4000)]
  0x00002b1b980a9800 JavaThread "Reference Handler" daemon [_thread_blocked, id=20992, stack(0x00002b1bc4db2000,0x00002b1bc4eb3000)]
=>0x00002b1b98008000 JavaThread "main" [_thread_in_native, id=20982, stack(0x00002b1b95e05000,0x00002b1b95f06000)]

Other Threads:
  0x00002b1b9809a800 VMThread [stack: 0x00002b1bc4cb1000,0x00002b1bc4db2000] [id=20991]
  0x00002b1b9810c800 WatcherThread [stack: 0x00002b1bda295000,0x00002b1bda396000] [id=20998]

VM state:not at safepoint (normal execution)

VM Mutex/Monitor currently owned by a thread: None

Heap
 PSYoungGen      total 305856K, used 31481K [0x00000000eaab0000, 0x0000000100000000, 0x0000000100000000)
  eden space 262208K, 12% used [0x00000000eaab0000,0x00000000ec96e668,0x00000000faac0000)
  from space 43648K, 0% used [0x00000000fd560000,0x00000000fd560000,0x0000000100000000)
  to   space 43648K, 0% used [0x00000000faac0000,0x00000000faac0000,0x00000000fd560000)
 ParOldGen       total 699072K, used 0K [0x00000000c0000000, 0x00000000eaab0000, 0x00000000eaab0000)
  object space 699072K, 0% used [0x00000000c0000000,0x00000000c0000000,0x00000000eaab0000)
 PSPermGen       total 21248K, used 7956K [0x00000000b5a00000, 0x00000000b6ec0000, 0x00000000c0000000)
  object space 21248K, 37% used [0x00000000b5a00000,0x00000000b61c5360,0x00000000b6ec0000)

Card table byte_map: [0x00002b1b9f0c0000,0x00002b1b9f314000] byte_map_base: 0x00002b1b9eb13000

Polling page: 0x00002b1b96346000

Code Cache  [0x00002b1b9c000000, 0x00002b1b9c270000, 0x00002b1b9f000000)
 total_blobs=338 nmethods=109 adapters=182 free_code_cache=48450Kb largest_free_block=49592832

Compilation events (10 events):
Event: 1.385 Thread 0x00002b1b980fc800  105             sun.net.www.ParseUtil::encodePath (336 bytes)
Event: 1.414 Thread 0x00002b1b980fc800 nmethod 105 0x00002b1b9c0af810 code [0x00002b1b9c0afa60, 0x00002b1b9c0b0a18]
Event: 1.414 Thread 0x00002b1b980fc800  106             java.util.HashMap::put (126 bytes)
Event: 1.424 Thread 0x00002b1b980fc800 nmethod 106 0x00002b1b9c09c410 code [0x00002b1b9c09c5e0, 0x00002b1b9c09cb00]
Event: 1.505 Thread 0x00002b1b980fc800  107             java.util.HashMap::getEntry (79 bytes)
Event: 1.510 Thread 0x00002b1b980fc800 nmethod 107 0x00002b1b9c09d350 code [0x00002b1b9c09d4c0, 0x00002b1b9c09d758]
Event: 1.545 Thread 0x00002b1b980fc800  108             java.lang.CharacterData::of (120 bytes)
Event: 1.546 Thread 0x00002b1b980fc800 nmethod 108 0x00002b1b9c0b15d0 code [0x00002b1b9c0b1720, 0x00002b1b9c0b17f8]
Event: 1.546 Thread 0x00002b1b980fc800  109             java.lang.CharacterDataLatin1::getProperties (11 bytes)
Event: 1.546 Thread 0x00002b1b980fc800 nmethod 109 0x00002b1b9c09e9d0 code [0x00002b1b9c09eb00, 0x00002b1b9c09eb78]

GC Heap History (0 events):
No events

Deoptimization events (10 events):
Event: 0.272 Thread 0x00002b1b98008000 Uncommon trap -34 fr.pc 0x00002b1b9c05ea30
Event: 0.275 Thread 0x00002b1b98008000 Uncommon trap -34 fr.pc 0x00002b1b9c05ea30
Event: 0.412 Thread 0x00002b1b98008000 Uncommon trap -12 fr.pc 0x00002b1b9c0652ec
Event: 1.027 Thread 0x00002b1b98008000 Uncommon trap -58 fr.pc 0x00002b1b9c07c7e0
Event: 1.028 Thread 0x00002b1b98008000 Uncommon trap -58 fr.pc 0x00002b1b9c07c7e0
Event: 1.028 Thread 0x00002b1b98008000 Uncommon trap -58 fr.pc 0x00002b1b9c07c7e0
Event: 1.028 Thread 0x00002b1b98008000 Uncommon trap -58 fr.pc 0x00002b1b9c07c7e0
Event: 1.359 Thread 0x00002b1b98008000 Uncommon trap -34 fr.pc 0x00002b1b9c05ea30
Event: 1.359 Thread 0x00002b1b98008000 Uncommon trap -34 fr.pc 0x00002b1b9c05ea30
Event: 1.514 Thread 0x00002b1b98008000 Uncommon trap -83 fr.pc 0x00002b1b9c09c9bc

Internal exceptions (10 events):
Event: 1.502 Thread 0x00002b1b98008000 Threw 0x00000000ec09ad18 at /builddir/build/BUILD/icedtea6-1.13.4/openjdk/hotspot/src/share/vm/prims/jvm.cpp:1235
Event: 1.503 Thread 0x00002b1b98008000 Threw 0x00000000ec0a0e28 at /builddir/build/BUILD/icedtea6-1.13.4/openjdk/hotspot/src/share/vm/classfile/systemDictionary.cpp:179
Event: 1.503 Thread 0x00002b1b98008000 Threw 0x00000000ec0a11c0 at /builddir/build/BUILD/icedtea6-1.13.4/openjdk/hotspot/src/share/vm/prims/jvm.cpp:1235
Event: 1.503 Thread 0x00002b1b98008000 Threw 0x00000000ec0a1608 at /builddir/build/BUILD/icedtea6-1.13.4/openjdk/hotspot/src/share/vm/prims/jvm.cpp:1235
Event: 1.531 Thread 0x00002b1b98008000 Threw 0x00000000ec80a568 at /builddir/build/BUILD/icedtea6-1.13.4/openjdk/hotspot/src/share/vm/classfile/systemDictionary.cpp:179
Event: 1.531 Thread 0x00002b1b98008000 Threw 0x00000000ec80a8e8 at /builddir/build/BUILD/icedtea6-1.13.4/openjdk/hotspot/src/share/vm/prims/jvm.cpp:1235
Event: 1.531 Thread 0x00002b1b98008000 Threw 0x00000000ec80ad18 at /builddir/build/BUILD/icedtea6-1.13.4/openjdk/hotspot/src/share/vm/prims/jvm.cpp:1235
Event: 1.541 Thread 0x00002b1b98008000 Threw 0x00000000ec86acd0 at /builddir/build/BUILD/icedtea6-1.13.4/openjdk/hotspot/src/share/vm/classfile/systemDictionary.cpp:179
Event: 1.541 Thread 0x00002b1b98008000 Threw 0x00000000ec86b068 at /builddir/build/BUILD/icedtea6-1.13.4/openjdk/hotspot/src/share/vm/prims/jvm.cpp:1235
Event: 1.541 Thread 0x00002b1b98008000 Threw 0x00000000ec86b4b0 at /builddir/build/BUILD/icedtea6-1.13.4/openjdk/hotspot/src/share/vm/prims/jvm.cpp:1235

Events (10 events):
Event: 1.503 loading class 0x00002b1b98968190
Event: 1.503 loading class 0x00002b1b98968190 done
Event: 1.514 Thread 0x00002b1b98008000 DEOPT PACKING pc=0x00002b1b9c09c9bc sp=0x00002b1b95f03a40
Event: 1.514 Thread 0x00002b1b98008000 DEOPT UNPACKING pc=0x00002b1b9c039145 sp=0x00002b1b95f03a08 mode 2
Event: 1.531 loading class 0x00002b1b98299500
Event: 1.531 loading class 0x00002b1b98299500 done
Event: 1.541 loading class 0x00002b1b98a684a0
Event: 1.541 loading class 0x00002b1b98a684a0 done
Event: 1.547 loading class 0x00002b1b980d9c50
Event: 1.547 loading class 0x00002b1b980d9c50 done


Dynamic libraries:
00400000-00409000 r-xp 00000000 fd:01 5993                               /usr/lib/jvm/java-1.6.0-openjdk-1.6.0.0.x86_64/jre/bin/java
00608000-0060a000 rw-p 00008000 fd:01 5993                               /usr/lib/jvm/java-1.6.0-openjdk-1.6.0.0.x86_64/jre/bin/java
01427000-01448000 rw-p 00000000 00:00 0                                  [heap]
b5a00000-b6ec0000 rw-p 00000000 00:00 0 
b6ec0000-c0000000 rw-p 00000000 00:00 0 
c0000000-100000000 rw-p 00000000 00:00 0 
364f800000-364f820000 r-xp 00000000 fd:01 130582                         /lib64/ld-2.12.so
364fa1f000-364fa20000 r--p 0001f000 fd:01 130582                         /lib64/ld-2.12.so
364fa20000-364fa21000 rw-p 00020000 fd:01 130582                         /lib64/ld-2.12.so
364fa21000-364fa22000 rw-p 00000000 00:00 0 
364fc00000-364fd8a000 r-xp 00000000 fd:01 130613                         /lib64/libc-2.12.so
364fd8a000-364ff8a000 ---p 0018a000 fd:01 130613                         /lib64/libc-2.12.so
364ff8a000-364ff8e000 r--p 0018a000 fd:01 130613                         /lib64/libc-2.12.so
364ff8e000-364ff8f000 rw-p 0018e000 fd:01 130613                         /lib64/libc-2.12.so
364ff8f000-364ff94000 rw-p 00000000 00:00 0 
3650000000-3650004000 r-xp 00000000 fd:01 13573                          /usr/lib/jvm/java-1.6.0-openjdk-1.6.0.0.x86_64/jre/lib/amd64/jli/libjli.so
3650004000-3650203000 ---p 00004000 fd:01 13573                          /usr/lib/jvm/java-1.6.0-openjdk-1.6.0.0.x86_64/jre/lib/amd64/jli/libjli.so
3650203000-3650204000 rw-p 00003000 fd:01 13573                          /usr/lib/jvm/java-1.6.0-openjdk-1.6.0.0.x86_64/jre/lib/amd64/jli/libjli.so
3650400000-3650417000 r-xp 00000000 fd:01 130636                         /lib64/libpthread-2.12.so
3650417000-3650617000 ---p 00017000 fd:01 130636                         /lib64/libpthread-2.12.so
3650617000-3650618000 r--p 00017000 fd:01 130636                         /lib64/libpthread-2.12.so
3650618000-3650619000 rw-p 00018000 fd:01 130636                         /lib64/libpthread-2.12.so
3650619000-365061d000 rw-p 00000000 00:00 0 
3650800000-3650802000 r-xp 00000000 fd:01 130624                         /lib64/libdl-2.12.so
3650802000-3650a02000 ---p 00002000 fd:01 130624                         /lib64/libdl-2.12.so
3650a02000-3650a03000 r--p 00002000 fd:01 130624                         /lib64/libdl-2.12.so
3650a03000-3650a04000 rw-p 00003000 fd:01 130624                         /lib64/libdl-2.12.so
3650c00000-3650c15000 r-xp 00000000 fd:01 130638                         /lib64/libz.so.1.2.3
3650c15000-3650e14000 ---p 00015000 fd:01 130638                         /lib64/libz.so.1.2.3
3650e14000-3650e15000 r--p 00014000 fd:01 130638                         /lib64/libz.so.1.2.3
3650e15000-3650e16000 rw-p 00015000 fd:01 130638                         /lib64/libz.so.1.2.3
3651000000-3651007000 r-xp 00000000 fd:01 132701                         /lib64/librt-2.12.so
3651007000-3651206000 ---p 00007000 fd:01 132701                         /lib64/librt-2.12.so
3651206000-3651207000 r--p 00006000 fd:01 132701                         /lib64/librt-2.12.so
3651207000-3651208000 rw-p 00007000 fd:01 132701                         /lib64/librt-2.12.so
3651800000-3651816000 r-xp 00000000 fd:01 133662                         /lib64/libgcc_s-4.4.7-20120601.so.1
3651816000-3651a15000 ---p 00016000 fd:01 133662                         /lib64/libgcc_s-4.4.7-20120601.so.1
3651a15000-3651a16000 rw-p 00015000 fd:01 133662                         /lib64/libgcc_s-4.4.7-20120601.so.1
3653000000-36530e8000 r-xp 00000000 fd:01 49938                          /usr/lib64/libstdc++.so.6.0.13
36530e8000-36532e8000 ---p 000e8000 fd:01 49938                          /usr/lib64/libstdc++.so.6.0.13
36532e8000-36532ef000 r--p 000e8000 fd:01 49938                          /usr/lib64/libstdc++.so.6.0.13
36532ef000-36532f1000 rw-p 000ef000 fd:01 49938                          /usr/lib64/libstdc++.so.6.0.13
36532f1000-3653306000 rw-p 00000000 00:00 0 
365c200000-365c216000 r-xp 00000000 fd:01 137559                         /lib64/libnsl-2.12.so
365c216000-365c415000 ---p 00016000 fd:01 137559                         /lib64/libnsl-2.12.so
365c415000-365c416000 r--p 00015000 fd:01 137559                         /lib64/libnsl-2.12.so
365c416000-365c417000 rw-p 00016000 fd:01 137559                         /lib64/libnsl-2.12.so
365c417000-365c419000 rw-p 00000000 00:00 0 
2b1b94e7b000-2b1b94e7c000 rw-p 00000000 00:00 0 
2b1b94e92000-2b1b94e96000 rw-p 00000000 00:00 0 
2b1b94e96000-2b1b958a1000 r-xp 00000000 fd:01 23213                      /usr/lib/jvm/java-1.6.0-openjdk-1.6.0.0.x86_64/jre/lib/amd64/server/libjvm.so
2b1b958a1000-2b1b95aa1000 ---p 00a0b000 fd:01 23213                      /usr/lib/jvm/java-1.6.0-openjdk-1.6.0.0.x86_64/jre/lib/amd64/server/libjvm.so
2b1b95aa1000-2b1b95b42000 rw-p 00a0b000 fd:01 23213                      /usr/lib/jvm/java-1.6.0-openjdk-1.6.0.0.x86_64/jre/lib/amd64/server/libjvm.so
2b1b95b42000-2b1b95b6b000 rw-p 00000000 00:00 0 
2b1b95b81000-2b1b95c04000 r-xp 00000000 fd:01 130627                     /lib64/libm-2.12.so
2b1b95c04000-2b1b95e03000 ---p 00083000 fd:01 130627                     /lib64/libm-2.12.so
2b1b95e03000-2b1b95e04000 r--p 00082000 fd:01 130627                     /lib64/libm-2.12.so
2b1b95e04000-2b1b95e05000 rw-p 00083000 fd:01 130627                     /lib64/libm-2.12.so
2b1b95e05000-2b1b95e08000 ---p 00000000 00:00 0 
2b1b95e08000-2b1b95f06000 rw-p 00000000 00:00 0 
2b1b95f06000-2b1b95f14000 r-xp 00000000 fd:01 23207                      /usr/lib/jvm/java-1.6.0-openjdk-1.6.0.0.x86_64/jre/lib/amd64/libverify.so
2b1b95f14000-2b1b96114000 ---p 0000e000 fd:01 23207                      /usr/lib/jvm/java-1.6.0-openjdk-1.6.0.0.x86_64/jre/lib/amd64/libverify.so
2b1b96114000-2b1b96116000 rw-p 0000e000 fd:01 23207                      /usr/lib/jvm/java-1.6.0-openjdk-1.6.0.0.x86_64/jre/lib/amd64/libverify.so
2b1b96116000-2b1b96143000 r-xp 00000000 fd:01 23159                      /usr/lib/jvm/java-1.6.0-openjdk-1.6.0.0.x86_64/jre/lib/amd64/libjava.so
2b1b96143000-2b1b96342000 ---p 0002d000 fd:01 23159                      /usr/lib/jvm/java-1.6.0-openjdk-1.6.0.0.x86_64/jre/lib/amd64/libjava.so
2b1b96342000-2b1b96346000 rw-p 0002c000 fd:01 23159                      /usr/lib/jvm/java-1.6.0-openjdk-1.6.0.0.x86_64/jre/lib/amd64/libjava.so
2b1b96346000-2b1b96347000 r--p 00000000 00:00 0 
2b1b96347000-2b1b96348000 rw-p 00000000 00:00 0 
2b1b96348000-2b1b9637d000 r--s 00000000 fd:02 128540                     /var/db/nscd/passwd
2b1b9637d000-2b1b96385000 rw-s 00000000 fd:03 38                         /tmp/hsperfdata_dw07r324/20981
2b1b96385000-2b1b9638c000 r-xp 00000000 fd:01 23208                      /usr/lib/jvm/java-1.6.0-openjdk-1.6.0.0.x86_64/jre/lib/amd64/libzip.so
2b1b9638c000-2b1b9658c000 ---p 00007000 fd:01 23208                      /usr/lib/jvm/java-1.6.0-openjdk-1.6.0.0.x86_64/jre/lib/amd64/libzip.so
2b1b9658c000-2b1b9658d000 rw-p 00007000 fd:01 23208                      /usr/lib/jvm/java-1.6.0-openjdk-1.6.0.0.x86_64/jre/lib/amd64/libzip.so
2b1b98000000-2b1b98b6a000 rw-p 00000000 00:00 0 
2b1b98b6a000-2b1b9c000000 ---p 00000000 00:00 0 
2b1b9c000000-2b1b9c270000 rwxp 00000000 00:00 0 
2b1b9c270000-2b1b9f000000 rw-p 00000000 00:00 0 
2b1b9f000000-2b1b9f00a000 rw-p 00000000 00:00 0 
2b1b9f00a000-2b1b9f0c0000 rw-p 00000000 00:00 0 
2b1b9f0c0000-2b1b9f0cb000 rw-p 00000000 00:00 0 
2b1b9f0cb000-2b1b9f113000 rw-p 00000000 00:00 0 
2b1b9f113000-2b1b9f475000 rw-p 00000000 00:00 0 
2b1b9f475000-2b1b9f4bd000 rw-p 00000000 00:00 0 
2b1b9f4bd000-2b1b9f4be000 ---p 00000000 00:00 0 
2b1b9f4be000-2b1b9f5be000 rw-p 00000000 00:00 0 
2b1b9f5be000-2b1b9f5bf000 ---p 00000000 00:00 0 
2b1b9f5bf000-2b1b9f6bf000 rw-p 00000000 00:00 0 
2b1b9f6bf000-2b1b9f6c0000 ---p 00000000 00:00 0 
2b1b9f6c0000-2b1b9f7c0000 rw-p 00000000 00:00 0 
2b1b9f7c0000-2b1b9f7c1000 ---p 00000000 00:00 0 
2b1b9f7c1000-2b1b9f8c1000 rw-p 00000000 00:00 0 
2b1b9f8c1000-2b1b9f8c2000 ---p 00000000 00:00 0 
2b1b9f8c2000-2b1b9f9c2000 rw-p 00000000 00:00 0 
2b1b9f9c2000-2b1b9f9c3000 ---p 00000000 00:00 0 
2b1b9f9c3000-2b1b9fac3000 rw-p 00000000 00:00 0 
2b1b9fac3000-2b1b9fac4000 ---p 00000000 00:00 0 
2b1b9fac4000-2b1b9fbc4000 rw-p 00000000 00:00 0 
2b1b9fbc4000-2b1b9fbc5000 ---p 00000000 00:00 0 
2b1b9fbc5000-2b1b9fcc5000 rw-p 00000000 00:00 0 
2b1ba0000000-2b1ba0021000 rw-p 00000000 00:00 0 
2b1ba0021000-2b1ba4000000 ---p 00000000 00:00 0 
2b1ba4000000-2b1ba4021000 rw-p 00000000 00:00 0 
2b1ba4021000-2b1ba8000000 ---p 00000000 00:00 0 
2b1ba8000000-2b1ba8021000 rw-p 00000000 00:00 0 
2b1ba8021000-2b1bac000000 ---p 00000000 00:00 0 
2b1bac000000-2b1bac021000 rw-p 00000000 00:00 0 
2b1bac021000-2b1bb0000000 ---p 00000000 00:00 0 
2b1bb0000000-2b1bb0021000 rw-p 00000000 00:00 0 
2b1bb0021000-2b1bb4000000 ---p 00000000 00:00 0 
2b1bb4000000-2b1bb4021000 rw-p 00000000 00:00 0 
2b1bb4021000-2b1bb8000000 ---p 00000000 00:00 0 
2b1bb8000000-2b1bb8021000 rw-p 00000000 00:00 0 
2b1bb8021000-2b1bbc000000 ---p 00000000 00:00 0 
2b1bbc000000-2b1bbc021000 rw-p 00000000 00:00 0 
2b1bbc021000-2b1bc0000000 ---p 00000000 00:00 0 
2b1bc0000000-2b1bc2ea4000 rw-p 00000000 00:00 0 
2b1bc2ea4000-2b1bc303a000 r--s 01a15000 fd:01 23288                      /usr/lib/jvm/java-1.6.0-openjdk-1.6.0.0.x86_64/jre/lib/rt.jar
2b1bc303a000-2b1bc4cb1000 rw-p 00000000 00:00 0 
2b1bc4cb1000-2b1bc4cb2000 ---p 00000000 00:00 0 
2b1bc4cb2000-2b1bc4db2000 rw-p 00000000 00:00 0 
2b1bc4db2000-2b1bc4db5000 ---p 00000000 00:00 0 
2b1bc4db5000-2b1bc4eb3000 rw-p 00000000 00:00 0 
2b1bc4eb3000-2b1bc4eb6000 ---p 00000000 00:00 0 
2b1bc4eb6000-2b1bc4fb4000 rw-p 00000000 00:00 0 
2b1bc8000000-2b1bc8021000 rw-p 00000000 00:00 0 
2b1bc8021000-2b1bcc000000 ---p 00000000 00:00 0 
2b1bcc000000-2b1bcc021000 rw-p 00000000 00:00 0 
2b1bcc021000-2b1bd0000000 ---p 00000000 00:00 0 
2b1bd0000000-2b1bd0021000 rw-p 00000000 00:00 0 
2b1bd0021000-2b1bd4000000 ---p 00000000 00:00 0 
2b1bd4000000-2b1bd9e91000 r--p 00000000 fd:01 49935                      /usr/lib/locale/locale-archive
2b1bd9e91000-2b1bd9e94000 ---p 00000000 00:00 0 
2b1bd9e94000-2b1bd9f92000 rw-p 00000000 00:00 0 
2b1bd9f92000-2b1bd9f95000 ---p 00000000 00:00 0 
2b1bd9f95000-2b1bda093000 rw-p 00000000 00:00 0 
2b1bda093000-2b1bda096000 ---p 00000000 00:00 0 
2b1bda096000-2b1bda194000 rw-p 00000000 00:00 0 
2b1bda194000-2b1bda197000 ---p 00000000 00:00 0 
2b1bda197000-2b1bda295000 rw-p 00000000 00:00 0 
2b1bda295000-2b1bda296000 ---p 00000000 00:00 0 
2b1bda296000-2b1bda396000 rw-p 00000000 00:00 0 
2b1bda396000-2b1bda398000 r--s 00009000 00:35 125760574                  /mmfs/automount/gpfs/homefs/sm/dw07r324/bin/GOAL-20140808/lib/jpf-boot.jar
2b1bda398000-2b1bda39b000 r--s 0000f000 fd:01 23233                      /usr/lib/jvm/java-1.6.0-openjdk-1.6.0.0.x86_64/jre/lib/ext/pulse-java.jar
2b1bda39b000-2b1bda3a4000 r--s 00065000 fd:01 23228                      /usr/lib/jvm/java-1.6.0-openjdk-1.6.0.0.x86_64/jre/lib/ext/gnome-java-bridge.jar
2b1bda3a4000-2b1bda3a6000 r--s 00009000 00:35 125760574                  /mmfs/automount/gpfs/homefs/sm/dw07r324/bin/GOAL-20140808/lib/jpf-boot.jar
2b1bda3a6000-2b1bda3aa000 r--s 0003c000 fd:01 14238                      /usr/lib/jvm/java-1.6.0-openjdk-1.6.0.0.x86_64/jre/lib/jsse.jar
2b1bda3aa000-2b1bda3af000 r--s 0002d000 00:35 125760577                  /mmfs/automount/gpfs/homefs/sm/dw07r324/bin/GOAL-20140808/lib/jpf.jar
2b1bda3af000-2b1bda3b1000 r--s 0000d000 00:35 125760571                  /mmfs/automount/gpfs/homefs/sm/dw07r324/bin/GOAL-20140808/lib/commons-logging.jar
2b1bda3b1000-2b1bda3b3000 r--s 00012000 00:35 125760576                  /mmfs/automount/gpfs/homefs/sm/dw07r324/bin/GOAL-20140808/lib/jpf-tools.jar
2b1bda3b3000-2b1bda3ba000 r--s 00039000 00:35 125760578                  /mmfs/automount/gpfs/homefs/sm/dw07r324/bin/GOAL-20140808/lib/jxp.jar
2b1bda3ba000-2b1bda3bc000 r--s 00004000 00:35 125760570                  /mmfs/automount/gpfs/homefs/sm/dw07r324/bin/GOAL-20140808/lib/AppleJavaExtensions.jar
2b1bda3bc000-2b1bda3c1000 r--s 0002a000 00:35 125760572                  /mmfs/automount/gpfs/homefs/sm/dw07r324/bin/GOAL-20140808/lib/gson-2.2.2.jar
2b1bda3c1000-2b1bda3c4000 r--s 0001a000 00:35 125760579                  /mmfs/automount/gpfs/homefs/sm/dw07r324/bin/GOAL-20140808/lib/minijdd_104.jar
2b1bda3c4000-2b1bda3e7000 r--s 0022d000 00:35 69468771                   /mmfs/automount/gpfs/homefs/sm/dw07r324/bin/GOAL-20140808/.jpf-shadow/org.svvrl.goal.core@2014.8.8.zip
2b1bda3e7000-2b1bda48a000 r-xp 00000000 fd:01 13434                      /usr/lib/jvm/java-1.6.0-openjdk-1.6.0.0.x86_64/jre/lib/amd64/libawt.so
2b1bda48a000-2b1bda68a000 ---p 000a3000 fd:01 13434                      /usr/lib/jvm/java-1.6.0-openjdk-1.6.0.0.x86_64/jre/lib/amd64/libawt.so
2b1bda68a000-2b1bda696000 rw-p 000a3000 fd:01 13434                      /usr/lib/jvm/java-1.6.0-openjdk-1.6.0.0.x86_64/jre/lib/amd64/libawt.so
2b1bda696000-2b1bda6ba000 rw-p 00000000 00:00 0 
2b1bda6ba000-2b1bda6c0000 r-xp 00000000 fd:01 8525                       /usr/lib/jvm/java-1.6.0-openjdk-1.6.0.0.x86_64/jre/lib/amd64/headless/libmawt.so
2b1bda6c0000-2b1bda8bf000 ---p 00006000 fd:01 8525                       /usr/lib/jvm/java-1.6.0-openjdk-1.6.0.0.x86_64/jre/lib/amd64/headless/libmawt.so
2b1bda8bf000-2b1bda8c0000 rw-p 00005000 fd:01 8525                       /usr/lib/jvm/java-1.6.0-openjdk-1.6.0.0.x86_64/jre/lib/amd64/headless/libmawt.so
2b1bda8c0000-2b1bda8c2000 rw-p 00000000 00:00 0 
2b1bdc000000-2b1bdc021000 rw-p 00000000 00:00 0 
2b1bdc021000-2b1be0000000 ---p 00000000 00:00 0 
2b1be0000000-2b1be0e8b000 rw-p 00000000 00:00 0 
2b1be0e8b000-2b1be4000000 ---p 00000000 00:00 0 
2b1be4000000-2b1be50cd000 rw-p 00000000 00:00 0 
2b1be50cd000-2b1be8000000 ---p 00000000 00:00 0 
2b1be8000000-2b1be8021000 rw-p 00000000 00:00 0 
2b1be8021000-2b1bec000000 ---p 00000000 00:00 0 
2b1bec000000-2b1bec021000 rw-p 00000000 00:00 0 
2b1bec021000-2b1bf0000000 ---p 00000000 00:00 0 
7fffe2c54000-7fffe2c89000 rw-p 00000000 00:00 0                          [stack]
7fffe2dec000-7fffe2ded000 r-xp 00000000 00:00 0                          [vdso]
ffffffffff600000-ffffffffff601000 r-xp 00000000 00:00 0                  [vsyscall]

VM Arguments:
jvm_args: -Xmx1G -Xms1G -DapplicationRoot=/home/ubelix/sm/dw07r324/bin/GOAL-20140808 -Dorg.java.plugin.boot.pluginsRepositories=/home/ubelix/sm/dw07r324/bin/GOAL-20140808/plugins -Djpf.boot.config=/home/ubelix/sm/dw07r324/bin/GOAL-20140808/boot.properties -Dorg.apache.commons.logging.Log=org.apache.commons.logging.impl.SimpleLog -Dorg.apache.commons.logging.simplelog.log.org.java.plugin=fatal 
java_command: /home/ubelix/sm/dw07r324/bin/GOAL-20140808/lib/jpf-boot.jar complement -m piterman -eq -macc -sp -ro -r /scratch/local/8663605.1.all.q/test_set_s15/s15_t2.4_a0.2_088.gff
Launcher Type: SUN_STANDARD

Environment Variables:
CLASSPATH=/home/ubelix/sm/dw07r324/bin/GOAL-20140808:/home/ubelix/sm/dw07r324/bin/GOAL-20140808/plugins:/home/ubelix/sm/dw07r324/bin/GOAL-20140808/lib:
PATH=/scratch/local/8663605.1.all.q:/usr/lib64/qt-3.3/bin:/usr/local/bin:/bin:/usr/bin:/usr/local/sbin:/usr/sbin:/sbin:/usr/lpp/mmfs/bin:/home/ubelix/sm/dw07r324/bin/GOAL-20140808:/home/ubelix/sm/dw07r324/bin/gnu_time/bin:/usr/lpp/mmfs/bin
LD_LIBRARY_PATH=/usr/lib/jvm/java-1.6.0-openjdk-1.6.0.0.x86_64/jre/lib/amd64/server:/usr/lib/jvm/java-1.6.0-openjdk-1.6.0.0.x86_64/jre/lib/amd64:/usr/lib/jvm/java-1.6.0-openjdk-1.6.0.0.x86_64/jre/../lib/amd64
SHELL=/bin/bash

Signal Handlers:
SIGSEGV: [libjvm.so+0x870a40], sa_mask[0]=0x7ffbfeff, sa_flags=0x10000004
SIGBUS: [libjvm.so+0x870a40], sa_mask[0]=0x7ffbfeff, sa_flags=0x10000004
SIGFPE: [libjvm.so+0x719240], sa_mask[0]=0x7ffbfeff, sa_flags=0x10000004
SIGPIPE: [libjvm.so+0x719240], sa_mask[0]=0x7ffbfeff, sa_flags=0x10000004
SIGXFSZ: [libjvm.so+0x719240], sa_mask[0]=0x7ffbfeff, sa_flags=0x10000004
SIGILL: [libjvm.so+0x719240], sa_mask[0]=0x7ffbfeff, sa_flags=0x10000004
SIGUSR1: SIG_DFL, sa_mask[0]=0x00000000, sa_flags=0x00000000
SIGUSR2: [libjvm.so+0x718d60], sa_mask[0]=0x00000000, sa_flags=0x10000004
SIGHUP: [libjvm.so+0x71bdf0], sa_mask[0]=0x7ffbfeff, sa_flags=0x10000004
SIGINT: [libjvm.so+0x71bdf0], sa_mask[0]=0x7ffbfeff, sa_flags=0x10000004
SIGTERM: [libjvm.so+0x71bdf0], sa_mask[0]=0x7ffbfeff, sa_flags=0x10000004
SIGQUIT: [libjvm.so+0x71bdf0], sa_mask[0]=0x7ffbfeff, sa_flags=0x10000004


---------------  S Y S T E M  ---------------

OS:Red Hat Enterprise Linux ComputeNode release 6.5 (Santiago)

uname:Linux 2.6.32-431.29.2.el6.x86_64 #1 SMP Sun Jul 27 15:55:46 EDT 2014 x86_64
libc:glibc 2.12 NPTL 2.12 
rlimit: STACK infinity, CORE infinity, NPROC 127431, NOFILE 4096, AS 8388608k
load average:3.32 3.96 3.97

/proc/meminfo:
MemTotal:       16331612 kB
MemFree:         4936216 kB
Buffers:           12692 kB
Cached:          6210044 kB
SwapCached:           88 kB
Active:          2815884 kB
Inactive:        3889364 kB
Active(anon):     419280 kB
Inactive(anon):    63452 kB
Active(file):    2396604 kB
Inactive(file):  3825912 kB
Unevictable:     4082900 kB
Mlocked:         4082900 kB
SwapTotal:       8388604 kB
SwapFree:        8388380 kB
Dirty:                84 kB
Writeback:             0 kB
AnonPages:       4565884 kB
Mapped:           119800 kB
Shmem:               192 kB
Slab:             382384 kB
SReclaimable:     315104 kB
SUnreclaim:        67280 kB
KernelStack:        4712 kB
PageTables:        16568 kB
NFS_Unstable:          0 kB
Bounce:                0 kB
WritebackTmp:          0 kB
CommitLimit:    16554408 kB
Committed_AS:    6812632 kB
VmallocTotal:   34359738367 kB
VmallocUsed:      109412 kB
VmallocChunk:   34351234244 kB
HardwareCorrupted:     0 kB
AnonHugePages:         0 kB
HugePages_Total:       0
HugePages_Free:        0
HugePages_Rsvd:        0
HugePages_Surp:        0
Hugepagesize:       2048 kB
DirectMap4k:        9920 kB
DirectMap2M:     2086912 kB
DirectMap1G:    14680064 kB


CPU:total 8 (4 cores per cpu, 1 threads per core) family 16 model 2 stepping 3, cmov, cx8, fxsr, mmx, sse, sse2, sse3, popcnt, mmxext, 3dnowpref, lzcnt, sse4a, tsc, tscinvbit, tscinv

/proc/cpuinfo:
processor	: 0
vendor_id	: AuthenticAMD
cpu family	: 16
model		: 2
model name	: Quad-Core AMD Opteron(tm) Processor 2354
stepping	: 3
cpu MHz		: 2200.000
cache size	: 512 KB
physical id	: 0
siblings	: 4
core id		: 0
cpu cores	: 4
apicid		: 0
initial apicid	: 0
fpu		: yes
fpu_exception	: yes
cpuid level	: 5
wp		: yes
flags		: fpu vme de pse tsc msr pae mce cx8 apic sep mtrr pge mca cmov pat pse36 clflush mmx fxsr sse sse2 ht syscall nx mmxext fxsr_opt pdpe1gb rdtscp lm 3dnowext 3dnow constant_tsc rep_good nonstop_tsc extd_apicid pni monitor cx16 popcnt lahf_lm cmp_legacy svm extapic cr8_legacy abm sse4a misalignsse 3dnowprefetch osvw ibs npt lbrv svm_lock
bogomips	: 4422.88
TLB size	: 1024 4K pages
clflush size	: 64
cache_alignment	: 64
address sizes	: 48 bits physical, 48 bits virtual
power management: ts ttp tm stc 100mhzsteps hwpstate

processor	: 1
vendor_id	: AuthenticAMD
cpu family	: 16
model		: 2
model name	: Quad-Core AMD Opteron(tm) Processor 2354
stepping	: 3
cpu MHz		: 2200.000
cache size	: 512 KB
physical id	: 0
siblings	: 4
core id		: 1
cpu cores	: 4
apicid		: 1
initial apicid	: 1
fpu		: yes
fpu_exception	: yes
cpuid level	: 5
wp		: yes
flags		: fpu vme de pse tsc msr pae mce cx8 apic sep mtrr pge mca cmov pat pse36 clflush mmx fxsr sse sse2 ht syscall nx mmxext fxsr_opt pdpe1gb rdtscp lm 3dnowext 3dnow constant_tsc rep_good nonstop_tsc extd_apicid pni monitor cx16 popcnt lahf_lm cmp_legacy svm extapic cr8_legacy abm sse4a misalignsse 3dnowprefetch osvw ibs npt lbrv svm_lock
bogomips	: 4422.88
TLB size	: 1024 4K pages
clflush size	: 64
cache_alignment	: 64
address sizes	: 48 bits physical, 48 bits virtual
power management: ts ttp tm stc 100mhzsteps hwpstate

processor	: 2
vendor_id	: AuthenticAMD
cpu family	: 16
model		: 2
model name	: Quad-Core AMD Opteron(tm) Processor 2354
stepping	: 3
cpu MHz		: 2200.000
cache size	: 512 KB
physical id	: 0
siblings	: 4
core id		: 2
cpu cores	: 4
apicid		: 2
initial apicid	: 2
fpu		: yes
fpu_exception	: yes
cpuid level	: 5
wp		: yes
flags		: fpu vme de pse tsc msr pae mce cx8 apic sep mtrr pge mca cmov pat pse36 clflush mmx fxsr sse sse2 ht syscall nx mmxext fxsr_opt pdpe1gb rdtscp lm 3dnowext 3dnow constant_tsc rep_good nonstop_tsc extd_apicid pni monitor cx16 popcnt lahf_lm cmp_legacy svm extapic cr8_legacy abm sse4a misalignsse 3dnowprefetch osvw ibs npt lbrv svm_lock
bogomips	: 4422.88
TLB size	: 1024 4K pages
clflush size	: 64
cache_alignment	: 64
address sizes	: 48 bits physical, 48 bits virtual
power management: ts ttp tm stc 100mhzsteps hwpstate

processor	: 3
vendor_id	: AuthenticAMD
cpu family	: 16
model		: 2
model name	: Quad-Core AMD Opteron(tm) Processor 2354
stepping	: 3
cpu MHz		: 2200.000
cache size	: 512 KB
physical id	: 0
siblings	: 4
core id		: 3
cpu cores	: 4
apicid		: 3
initial apicid	: 3
fpu		: yes
fpu_exception	: yes
cpuid level	: 5
wp		: yes
flags		: fpu vme de pse tsc msr pae mce cx8 apic sep mtrr pge mca cmov pat pse36 clflush mmx fxsr sse sse2 ht syscall nx mmxext fxsr_opt pdpe1gb rdtscp lm 3dnowext 3dnow constant_tsc rep_good nonstop_tsc extd_apicid pni monitor cx16 popcnt lahf_lm cmp_legacy svm extapic cr8_legacy abm sse4a misalignsse 3dnowprefetch osvw ibs npt lbrv svm_lock
bogomips	: 4422.88
TLB size	: 1024 4K pages
clflush size	: 64
cache_alignment	: 64
address sizes	: 48 bits physical, 48 bits virtual
power management: ts ttp tm stc 100mhzsteps hwpstate

processor	: 4
vendor_id	: AuthenticAMD
cpu family	: 16
model		: 2
model name	: Quad-Core AMD Opteron(tm) Processor 2354
stepping	: 3
cpu MHz		: 2200.000
cache size	: 512 KB
physical id	: 1
siblings	: 4
core id		: 0
cpu cores	: 4
apicid		: 4
initial apicid	: 4
fpu		: yes
fpu_exception	: yes
cpuid level	: 5
wp		: yes
flags		: fpu vme de pse tsc msr pae mce cx8 apic sep mtrr pge mca cmov pat pse36 clflush mmx fxsr sse sse2 ht syscall nx mmxext fxsr_opt pdpe1gb rdtscp lm 3dnowext 3dnow constant_tsc rep_good nonstop_tsc extd_apicid pni monitor cx16 popcnt lahf_lm cmp_legacy svm extapic cr8_legacy abm sse4a misalignsse 3dnowprefetch osvw ibs npt lbrv svm_lock
bogomips	: 4422.23
TLB size	: 1024 4K pages
clflush size	: 64
cache_alignment	: 64
address sizes	: 48 bits physical, 48 bits virtual
power management: ts ttp tm stc 100mhzsteps hwpstate

processor	: 5
vendor_id	: AuthenticAMD
cpu family	: 16
model		: 2
model name	: Quad-Core AMD Opteron(tm) Processor 2354
stepping	: 3
cpu MHz		: 2200.000
cache size	: 512 KB
physical id	: 1
siblings	: 4
core id		: 1
cpu cores	: 4
apicid		: 5
initial apicid	: 5
fpu		: yes
fpu_exception	: yes
cpuid level	: 5
wp		: yes
flags		: fpu vme de pse tsc msr pae mce cx8 apic sep mtrr pge mca cmov pat pse36 clflush mmx fxsr sse sse2 ht syscall nx mmxext fxsr_opt pdpe1gb rdtscp lm 3dnowext 3dnow constant_tsc rep_good nonstop_tsc extd_apicid pni monitor cx16 popcnt lahf_lm cmp_legacy svm extapic cr8_legacy abm sse4a misalignsse 3dnowprefetch osvw ibs npt lbrv svm_lock
bogomips	: 4422.23
TLB size	: 1024 4K pages
clflush size	: 64
cache_alignment	: 64
address sizes	: 48 bits physical, 48 bits virtual
power management: ts ttp tm stc 100mhzsteps hwpstate

processor	: 6
vendor_id	: AuthenticAMD
cpu family	: 16
model		: 2
model name	: Quad-Core AMD Opteron(tm) Processor 2354
stepping	: 3
cpu MHz		: 2200.000
cache size	: 512 KB
physical id	: 1
siblings	: 4
core id		: 2
cpu cores	: 4
apicid		: 6
initial apicid	: 6
fpu		: yes
fpu_exception	: yes
cpuid level	: 5
wp		: yes
flags		: fpu vme de pse tsc msr pae mce cx8 apic sep mtrr pge mca cmov pat pse36 clflush mmx fxsr sse sse2 ht syscall nx mmxext fxsr_opt pdpe1gb rdtscp lm 3dnowext 3dnow constant_tsc rep_good nonstop_tsc extd_apicid pni monitor cx16 popcnt lahf_lm cmp_legacy svm extapic cr8_legacy abm sse4a misalignsse 3dnowprefetch osvw ibs npt lbrv svm_lock
bogomips	: 4422.23
TLB size	: 1024 4K pages
clflush size	: 64
cache_alignment	: 64
address sizes	: 48 bits physical, 48 bits virtual
power management: ts ttp tm stc 100mhzsteps hwpstate

processor	: 7
vendor_id	: AuthenticAMD
cpu family	: 16
model		: 2
model name	: Quad-Core AMD Opteron(tm) Processor 2354
stepping	: 3
cpu MHz		: 2200.000
cache size	: 512 KB
physical id	: 1
siblings	: 4
core id		: 3
cpu cores	: 4
apicid		: 7
initial apicid	: 7
fpu		: yes
fpu_exception	: yes
cpuid level	: 5
wp		: yes
flags		: fpu vme de pse tsc msr pae mce cx8 apic sep mtrr pge mca cmov pat pse36 clflush mmx fxsr sse sse2 ht syscall nx mmxext fxsr_opt pdpe1gb rdtscp lm 3dnowext 3dnow constant_tsc rep_good nonstop_tsc extd_apicid pni monitor cx16 popcnt lahf_lm cmp_legacy svm extapic cr8_legacy abm sse4a misalignsse 3dnowprefetch osvw ibs npt lbrv svm_lock
bogomips	: 4422.23
TLB size	: 1024 4K pages
clflush size	: 64
cache_alignment	: 64
address sizes	: 48 bits physical, 48 bits virtual
power management: ts ttp tm stc 100mhzsteps hwpstate



Memory: 4k page, physical 16331612k(4936216k free), swap 8388604k(8388380k free)

vm_info: OpenJDK 64-Bit Server VM (23.25-b01) for linux-amd64 JRE (1.6.0_32-b32), built on Aug 21 2014 11:15:48 by "mockbuild" with gcc 4.4.7 20120313 (Red Hat 4.4.7-4)

time: Tue Sep 23 12:56:20 2014
elapsed time: 1 seconds

