#
# A fatal error has been detected by the Java Runtime Environment:
#
#  SIGBUS (0x7) at pc=0x00002ab451030042, pid=7510, tid=46953936893696
#
# JRE version: 6.0_32-b32
# Java VM: OpenJDK 64-Bit Server VM (23.25-b01 mixed mode linux-amd64 compressed oops)
# Problematic frame:
# C  [libzip.so+0x5042]  ZIP_Close+0x3f2
#
# Core dump written. Default location: /mmfs/automount/gpfs/homefs/sm/dw07r324/jobs/piterman.eq.macc.sp.ro.r/core or core.7510
#
# If you would like to submit a bug report, please include
# instructions how to reproduce the bug and visit:
#   http://icedtea.classpath.org/bugzilla
# The crash happened outside the Java Virtual Machine in native code.
# See problematic frame for where to report the bug.
#

---------------  T H R E A D  ---------------

Current thread (0x00002ab454008000):  JavaThread "main" [_thread_in_native, id=7511, stack(0x00002ab450aab000,0x00002ab450bac000)]

siginfo:si_signo=SIGBUS: si_errno=0, si_code=2 (BUS_ADRERR), si_addr=0x00002ab4968c08ce

Registers:
RAX=0x00002ab4968c08e0, RBX=0x00002ab454ecd5b0, RCX=0x00000000699da000, RDX=0x00002ab4968c08e1
RSP=0x00002ab450ba9140, RBP=0x00002ab450ba9280, RSI=0x0000000000000003, RDI=0x000000000000043f
R8 =0x00002ab454000088, R9 =0x0000000000000001, R10=0x000000000000087c, R11=0x000000364fc84047
R12=0x000000000029a8c4, R13=0x00002ab4968c08c4, R14=0x00002ab4968c08c4, R15=0x0000000000000013
RIP=0x00002ab451030042, EFLAGS=0x0000000000010293, CSGSFS=0x0000000000000033, ERR=0x0000000000000004
  TRAPNO=0x000000000000000e

Top of Stack: (sp=0x00002ab450ba9140)
0x00002ab450ba9140:   00000000002b4905 000000000029a8c4
0x00002ab450ba9150:   00002ab4968c08c4 699da0005009e17e
0x00002ab450ba9160:   0000003000000018 00002ab450ba9290
0x00002ab450ba9170:   00002ab4968da8d7 0000000000000002
0x00002ab450ba9180:   00002ab454f35a80 00000000000000a0
0x00002ab450ba9190:   00002ab4968da905 00002ab454f8c420
0x00002ab450ba91a0:   0000043f00000000 000000000000021f
0x00002ab450ba91b0:   000376558aa77841 0000130000037100
0x00002ab450ba91c0:   0000000000000000 6900297dcd81a400
0x00002ab450ba91d0:   6e69772f736e6f63 702e38347838345f
0x00002ab450ba91e0:   031402014b50676e 9dda00080800000a
0x00002ab450ba91f0:   2728ee8d9e8e4508 000a0002b9850000
0x00002ab450ba9200:   0000000000000000 0029817481a40000
0x00002ab450ba9210:   782e6e6967756c70 000006054b506c6d
0x00002ab450ba9220:   a041043f043f0000 00000029a8c40001
0x00002ab450ba9230:   0000000006054b50 0001a041043f043f
0x00002ab450ba9240:   000000000029a8c4 000000365040e769
0x00002ab450ba9250:   0000000000000000 0000000000000013
0x00002ab450ba9260:   00002ab454ecd540 00002ab450ba92f8
0x00002ab450ba9270:   00002ab454ecd5b0 00002ab454ecd5b0
0x00002ab450ba9280:   00002ab450ba92d0 00002ab4510305ea
0x00002ab450ba9290:   00002ab454ecd540 000001489fd42ea0
0x00002ab450ba92a0:   00002ab450ba92d0 00002ab4540081d8
0x00002ab450ba92b0:   00002ab450ba93e0 00002ab454ecd540
0x00002ab450ba92c0:   00002ab450ba92f8 000001489fd42ea0
0x00002ab450ba92d0:   00002ab450ba9330 00002ab45102ec26
0x00002ab450ba92e0:   0000000000000000 00002ab400000000
0x00002ab450ba92f0:   00002ab450ba9308 0000000000000000
0x00002ab450ba9300:   00002ab458005fae 00000000b5c17b48
0x00002ab450ba9310:   0000000000000000 00000000b5c17b48
0x00002ab450ba9320:   00002ab450ba93e0 00002ab454008000
0x00002ab450ba9330:   00002ab450ba93a8 00002ab458011790 

Instructions: (pc=0x00002ab451030042)
0x00002ab451030022:   0f 87 d9 03 00 00 8b bd 24 ff ff ff 39 bd 0c ff
0x00002ab451030032:   ff ff 0f 8d 52 03 00 00 49 8d 46 1c 49 8d 56 1d
0x00002ab451030042:   41 0f b6 76 0a 41 0f b6 7e 0b 48 89 85 e0 fe ff
0x00002ab451030052:   ff 41 0f b6 4e 1c 48 89 95 e8 fe ff ff 41 0f b6 

Register to memory mapping:

RAX=0x00002ab4968c08e0 is an unknown value
RBX=0x00002ab454ecd5b0 is an unknown value
RCX=0x00000000699da000 is an unknown value
RDX=0x00002ab4968c08e1 is an unknown value
RSP=0x00002ab450ba9140 is pointing into the stack for thread: 0x00002ab454008000
RBP=0x00002ab450ba9280 is pointing into the stack for thread: 0x00002ab454008000
RSI=0x0000000000000003 is an unknown value
RDI=0x000000000000043f is an unknown value
R8 =0x00002ab454000088 is an unknown value
R9 =0x0000000000000001 is an unknown value
R10=0x000000000000087c is an unknown value
R11=0x000000364fc84047: <offset 0x84047> in /lib64/libc.so.6 at 0x000000364fc00000
R12=0x000000000029a8c4 is an unknown value
R13=0x00002ab4968c08c4 is an unknown value
R14=0x00002ab4968c08c4 is an unknown value
R15=0x0000000000000013 is an unknown value


Stack: [0x00002ab450aab000,0x00002ab450bac000],  sp=0x00002ab450ba9140,  free space=1016k
Native frames: (J=compiled Java code, j=interpreted, Vv=VM code, C=native code)
C  [libzip.so+0x5042]  ZIP_Close+0x3f2
C  [libzip.so+0x55ea]  ZIP_Close+0x99a
C  [libzip.so+0x3c26]  Java_java_util_zip_ZipFile_open+0xd6
j  java.util.zip.ZipFile.open(Ljava/lang/String;IJ)J+0
j  java.util.zip.ZipFile.<init>(Ljava/io/File;I)V+98
j  java.util.jar.JarFile.<init>(Ljava/io/File;ZI)V+3
j  java.util.jar.JarFile.<init>(Ljava/lang/String;)V+11
j  sun.net.www.protocol.jar.URLJarFile.<init>(Ljava/net/URL;Lsun/net/www/protocol/jar/URLJarFile$URLJarFileCloseController;)V+8
j  sun.net.www.protocol.jar.URLJarFile.getJarFile(Ljava/net/URL;Lsun/net/www/protocol/jar/URLJarFile$URLJarFileCloseController;)Ljava/util/jar/JarFile;+13
j  sun.net.www.protocol.jar.JarFileFactory.get(Ljava/net/URL;Z)Ljava/util/jar/JarFile;+40
j  sun.net.www.protocol.jar.JarURLConnection.connect()V+19
j  sun.net.www.protocol.jar.JarURLConnection.getInputStream()Ljava/io/InputStream;+1
j  sun.misc.URLClassPath$Loader.getResource(Ljava/lang/String;Z)Lsun/misc/Resource;+48
j  sun.misc.URLClassPath.getResource(Ljava/lang/String;Z)Lsun/misc/Resource;+53
j  java.net.URLClassLoader$1.run()Ljava/lang/Object;+26
v  ~StubRoutines::call_stub
V  [libjvm.so+0x537e3e]  AsyncGetCallTrace+0xd776e
V  [libjvm.so+0x536ad8]  AsyncGetCallTrace+0xd6408
V  [libjvm.so+0x597140]  JVM_DoPrivileged+0x400
j  java.security.AccessController.doPrivileged(Ljava/security/PrivilegedExceptionAction;Ljava/security/AccessControlContext;)Ljava/lang/Object;+0
j  java.net.URLClassLoader.findClass(Ljava/lang/String;)Ljava/lang/Class;+13
j  org.java.plugin.standard.StandardPluginClassLoader.loadLocalClass(Ljava/lang/String;ZLorg/java/plugin/standard/StandardPluginClassLoader;)Ljava/lang/Class;+97
j  org.java.plugin.standard.StandardPluginClassLoader.loadPluginClass(Ljava/lang/String;ZZLorg/java/plugin/standard/StandardPluginClassLoader;Ljava/util/Set;)Ljava/lang/Class;+338
j  org.java.plugin.standard.StandardPluginClassLoader.loadClass(Ljava/lang/String;Z)Ljava/lang/Class;+197
j  java.lang.ClassLoader.loadClass(Ljava/lang/String;)Ljava/lang/Class;+3
j  org.java.plugin.standard.StandardPluginLifecycleHandler.createPluginInstance(Lorg/java/plugin/registry/PluginDescriptor;)Lorg/java/plugin/Plugin;+16
j  org.java.plugin.standard.StandardPluginManager.activatePlugin(Lorg/java/plugin/registry/PluginDescriptor;)Lorg/java/plugin/Plugin;+174
j  org.java.plugin.standard.StandardPluginManager.checkPrerequisites(Lorg/java/plugin/registry/PluginDescriptor;)V+288
j  org.java.plugin.standard.StandardPluginManager.activatePlugin(Lorg/java/plugin/registry/PluginDescriptor;)Lorg/java/plugin/Plugin;+134
j  org.java.plugin.standard.StandardPluginManager.checkPrerequisites(Lorg/java/plugin/registry/PluginDescriptor;)V+288
j  org.java.plugin.standard.StandardPluginManager.activatePlugin(Lorg/java/plugin/registry/PluginDescriptor;)Lorg/java/plugin/Plugin;+134
j  org.java.plugin.standard.StandardPluginManager.activatePlugin(Ljava/lang/String;)V+148
j  org.svvrl.goal.core.util.PluginUtil.activatePlugin(Lorg/java/plugin/PluginManager;Lorg/java/plugin/registry/Extension;)V+32
j  org.svvrl.goal.core.CorePlugin.loadComplementConstructions()V+31
j  org.svvrl.goal.core.CorePlugin.initApplication(Lorg/java/plugin/util/ExtendedProperties;[Ljava/lang/String;)Lorg/java/plugin/boot/Application;+174
j  org.java.plugin.boot.DefaultApplicationInitializer.initApplication(Lorg/java/plugin/boot/BootErrorHandler;[Ljava/lang/String;)Lorg/java/plugin/boot/Application;+530
j  org.java.plugin.boot.Boot.initApplication(Lorg/java/plugin/boot/BootErrorHandler;Lorg/java/plugin/util/ExtendedProperties;[Ljava/lang/String;)Lorg/java/plugin/boot/Application;+157
j  org.java.plugin.boot.Boot.boot(Lorg/java/plugin/util/ExtendedProperties;ZLjava/lang/String;Lorg/java/plugin/boot/BootErrorHandler;[Ljava/lang/String;)Lorg/java/plugin/boot/Application;+338
j  org.java.plugin.boot.Boot.main([Ljava/lang/String;)V+162
v  ~StubRoutines::call_stub
V  [libjvm.so+0x537e3e]  AsyncGetCallTrace+0xd776e
V  [libjvm.so+0x536ad8]  AsyncGetCallTrace+0xd6408
V  [libjvm.so+0x5452a7]  JNI_CreateJavaVM+0x12e7
V  [libjvm.so+0x55a4eb]  JNI_CreateJavaVM+0x1652b
C  [java+0x374d]  JavaMain+0xd0d

Java frames: (J=compiled Java code, j=interpreted, Vv=VM code)
j  java.util.zip.ZipFile.open(Ljava/lang/String;IJ)J+0
j  java.util.zip.ZipFile.<init>(Ljava/io/File;I)V+98
j  java.util.jar.JarFile.<init>(Ljava/io/File;ZI)V+3
j  java.util.jar.JarFile.<init>(Ljava/lang/String;)V+11
j  sun.net.www.protocol.jar.URLJarFile.<init>(Ljava/net/URL;Lsun/net/www/protocol/jar/URLJarFile$URLJarFileCloseController;)V+8
j  sun.net.www.protocol.jar.URLJarFile.getJarFile(Ljava/net/URL;Lsun/net/www/protocol/jar/URLJarFile$URLJarFileCloseController;)Ljava/util/jar/JarFile;+13
j  sun.net.www.protocol.jar.JarFileFactory.get(Ljava/net/URL;Z)Ljava/util/jar/JarFile;+40
j  sun.net.www.protocol.jar.JarURLConnection.connect()V+19
j  sun.net.www.protocol.jar.JarURLConnection.getInputStream()Ljava/io/InputStream;+1
j  sun.misc.URLClassPath$Loader.getResource(Ljava/lang/String;Z)Lsun/misc/Resource;+48
j  sun.misc.URLClassPath.getResource(Ljava/lang/String;Z)Lsun/misc/Resource;+53
j  java.net.URLClassLoader$1.run()Ljava/lang/Object;+26
v  ~StubRoutines::call_stub
j  java.security.AccessController.doPrivileged(Ljava/security/PrivilegedExceptionAction;Ljava/security/AccessControlContext;)Ljava/lang/Object;+0
j  java.net.URLClassLoader.findClass(Ljava/lang/String;)Ljava/lang/Class;+13
j  org.java.plugin.standard.StandardPluginClassLoader.loadLocalClass(Ljava/lang/String;ZLorg/java/plugin/standard/StandardPluginClassLoader;)Ljava/lang/Class;+97
j  org.java.plugin.standard.StandardPluginClassLoader.loadPluginClass(Ljava/lang/String;ZZLorg/java/plugin/standard/StandardPluginClassLoader;Ljava/util/Set;)Ljava/lang/Class;+338
j  org.java.plugin.standard.StandardPluginClassLoader.loadClass(Ljava/lang/String;Z)Ljava/lang/Class;+197
j  java.lang.ClassLoader.loadClass(Ljava/lang/String;)Ljava/lang/Class;+3
j  org.java.plugin.standard.StandardPluginLifecycleHandler.createPluginInstance(Lorg/java/plugin/registry/PluginDescriptor;)Lorg/java/plugin/Plugin;+16
j  org.java.plugin.standard.StandardPluginManager.activatePlugin(Lorg/java/plugin/registry/PluginDescriptor;)Lorg/java/plugin/Plugin;+174
j  org.java.plugin.standard.StandardPluginManager.checkPrerequisites(Lorg/java/plugin/registry/PluginDescriptor;)V+288
j  org.java.plugin.standard.StandardPluginManager.activatePlugin(Lorg/java/plugin/registry/PluginDescriptor;)Lorg/java/plugin/Plugin;+134
j  org.java.plugin.standard.StandardPluginManager.checkPrerequisites(Lorg/java/plugin/registry/PluginDescriptor;)V+288
j  org.java.plugin.standard.StandardPluginManager.activatePlugin(Lorg/java/plugin/registry/PluginDescriptor;)Lorg/java/plugin/Plugin;+134
j  org.java.plugin.standard.StandardPluginManager.activatePlugin(Ljava/lang/String;)V+148
j  org.svvrl.goal.core.util.PluginUtil.activatePlugin(Lorg/java/plugin/PluginManager;Lorg/java/plugin/registry/Extension;)V+32
j  org.svvrl.goal.core.CorePlugin.loadComplementConstructions()V+31
j  org.svvrl.goal.core.CorePlugin.initApplication(Lorg/java/plugin/util/ExtendedProperties;[Ljava/lang/String;)Lorg/java/plugin/boot/Application;+174
j  org.java.plugin.boot.DefaultApplicationInitializer.initApplication(Lorg/java/plugin/boot/BootErrorHandler;[Ljava/lang/String;)Lorg/java/plugin/boot/Application;+530
j  org.java.plugin.boot.Boot.initApplication(Lorg/java/plugin/boot/BootErrorHandler;Lorg/java/plugin/util/ExtendedProperties;[Ljava/lang/String;)Lorg/java/plugin/boot/Application;+157
j  org.java.plugin.boot.Boot.boot(Lorg/java/plugin/util/ExtendedProperties;ZLjava/lang/String;Lorg/java/plugin/boot/BootErrorHandler;[Ljava/lang/String;)Lorg/java/plugin/boot/Application;+338
j  org.java.plugin.boot.Boot.main([Ljava/lang/String;)V+162
v  ~StubRoutines::call_stub

---------------  P R O C E S S  ---------------

Java Threads: ( => current thread )
  0x00002ab454101800 JavaThread "Low Memory Detector" daemon [_thread_blocked, id=7526, stack(0x00002ab496194000,0x00002ab496295000)]
  0x00002ab4540ff000 JavaThread "C2 CompilerThread1" daemon [_thread_blocked, id=7525, stack(0x00002ab496093000,0x00002ab496194000)]
  0x00002ab4540fc800 JavaThread "C2 CompilerThread0" daemon [_thread_blocked, id=7524, stack(0x00002ab495f92000,0x00002ab496093000)]
  0x00002ab4540fa000 JavaThread "Signal Dispatcher" daemon [_thread_blocked, id=7523, stack(0x00002ab495e91000,0x00002ab495f92000)]
  0x00002ab4540ab800 JavaThread "Finalizer" daemon [_thread_blocked, id=7522, stack(0x00002ab480eb3000,0x00002ab480fb4000)]
  0x00002ab4540a9800 JavaThread "Reference Handler" daemon [_thread_blocked, id=7521, stack(0x00002ab480db2000,0x00002ab480eb3000)]
=>0x00002ab454008000 JavaThread "main" [_thread_in_native, id=7511, stack(0x00002ab450aab000,0x00002ab450bac000)]

Other Threads:
  0x00002ab45409a800 VMThread [stack: 0x00002ab480cb1000,0x00002ab480db2000] [id=7520]
  0x00002ab45410c800 WatcherThread [stack: 0x00002ab496295000,0x00002ab496396000] [id=7527]

VM state:not at safepoint (normal execution)

VM Mutex/Monitor currently owned by a thread: None

Heap
 PSYoungGen      total 305856K, used 99751K [0x00000000eaab0000, 0x0000000100000000, 0x0000000100000000)
  eden space 262208K, 38% used [0x00000000eaab0000,0x00000000f0c19c60,0x00000000faac0000)
  from space 43648K, 0% used [0x00000000fd560000,0x00000000fd560000,0x0000000100000000)
  to   space 43648K, 0% used [0x00000000faac0000,0x00000000faac0000,0x00000000fd560000)
 ParOldGen       total 699072K, used 0K [0x00000000c0000000, 0x00000000eaab0000, 0x00000000eaab0000)
  object space 699072K, 0% used [0x00000000c0000000,0x00000000c0000000,0x00000000eaab0000)
 PSPermGen       total 21248K, used 8859K [0x00000000b5a00000, 0x00000000b6ec0000, 0x00000000c0000000)
  object space 21248K, 41% used [0x00000000b5a00000,0x00000000b62a6d18,0x00000000b6ec0000)

Card table byte_map: [0x00002ab45b0c0000,0x00002ab45b314000] byte_map_base: 0x00002ab45ab13000

Polling page: 0x00002ab450fec000

Code Cache  [0x00002ab458000000, 0x00002ab458270000, 0x00002ab45b000000)
 total_blobs=393 nmethods=164 adapters=182 free_code_cache=48275Kb largest_free_block=49410624

Compilation events (10 events):
Event: 1.924 Thread 0x00002ab4540fc800 nmethod 158 0x00002ab4580c6e10 code [0x00002ab4580c6f40, 0x00002ab4580c6f98]
Event: 1.925 Thread 0x00002ab4540ff000 nmethod 159 0x00002ab4580c6a10 code [0x00002ab4580c6b60, 0x00002ab4580c6c38]
Event: 1.927 Thread 0x00002ab4540fc800  160             org.svvrl.goal.core.logic.actl.ACTLUntil::getPrecedence (2 bytes)
Event: 1.927 Thread 0x00002ab4540fc800 nmethod 160 0x00002ab4580c4790 code [0x00002ab4580c48c0, 0x00002ab4580c4918]
Event: 1.928 Thread 0x00002ab4540ff000  161             org.svvrl.goal.core.logic.actl.ACTLAtomic::equals (24 bytes)
Event: 1.930 Thread 0x00002ab4540fc800  162             org.svvrl.goal.core.logic.actl.ACTLAtomic::getProposition (5 bytes)
Event: 1.930 Thread 0x00002ab4540ff000 nmethod 161 0x00002ab4580c2b10 code [0x00002ab4580c2c60, 0x00002ab4580c2db8]
Event: 1.930 Thread 0x00002ab4540fc800 nmethod 162 0x00002ab4580c2910 code [0x00002ab4580c2a40, 0x00002ab4580c2a98]
Event: 2.067 Thread 0x00002ab4540ff000  163             java.io.BufferedInputStream::getBufIfOpen (21 bytes)
Event: 2.068 Thread 0x00002ab4540ff000 nmethod 163 0x00002ab4580c26d0 code [0x00002ab4580c2800, 0x00002ab4580c2878]

GC Heap History (0 events):
No events

Deoptimization events (10 events):
Event: 1.166 Thread 0x00002ab454008000 Uncommon trap -34 fr.pc 0x00002ab45805ea30
Event: 1.330 Thread 0x00002ab454008000 Uncommon trap -83 fr.pc 0x00002ab45809fb3c
Event: 1.497 Thread 0x00002ab454008000 Uncommon trap -34 fr.pc 0x00002ab45809d01c
Event: 1.498 Thread 0x00002ab454008000 Uncommon trap -34 fr.pc 0x00002ab45809d01c
Event: 1.498 Thread 0x00002ab454008000 Uncommon trap -34 fr.pc 0x00002ab45809d01c
Event: 1.499 Thread 0x00002ab454008000 Uncommon trap -34 fr.pc 0x00002ab45809d01c
Event: 1.972 Thread 0x00002ab454008000 Uncommon trap -34 fr.pc 0x00002ab4580b8518
Event: 2.360 Thread 0x00002ab454008000 Uncommon trap -34 fr.pc 0x00002ab4580b8518
Event: 2.360 Thread 0x00002ab454008000 Uncommon trap -34 fr.pc 0x00002ab4580b8518
Event: 2.360 Thread 0x00002ab454008000 Uncommon trap -34 fr.pc 0x00002ab4580b8518

Internal exceptions (10 events):
Event: 1.953 Thread 0x00002ab454008000 Threw 0x00000000f06d1cd8 at /builddir/build/BUILD/icedtea6-1.13.4/openjdk/hotspot/src/share/vm/prims/jvm.cpp:1235
Event: 1.964 Thread 0x00002ab454008000 Threw 0x00000000f06d79e0 at /builddir/build/BUILD/icedtea6-1.13.4/openjdk/hotspot/src/share/vm/classfile/systemDictionary.cpp:179
Event: 1.964 Thread 0x00002ab454008000 Threw 0x00000000f06d7d68 at /builddir/build/BUILD/icedtea6-1.13.4/openjdk/hotspot/src/share/vm/prims/jvm.cpp:1235
Event: 1.964 Thread 0x00002ab454008000 Threw 0x00000000f06d81a0 at /builddir/build/BUILD/icedtea6-1.13.4/openjdk/hotspot/src/share/vm/prims/jvm.cpp:1235
Event: 1.971 Thread 0x00002ab454008000 Threw 0x00000000f070daf8 at /builddir/build/BUILD/icedtea6-1.13.4/openjdk/hotspot/src/share/vm/classfile/systemDictionary.cpp:179
Event: 1.971 Thread 0x00002ab454008000 Threw 0x00000000f070de78 at /builddir/build/BUILD/icedtea6-1.13.4/openjdk/hotspot/src/share/vm/prims/jvm.cpp:1235
Event: 1.971 Thread 0x00002ab454008000 Threw 0x00000000f070e2a8 at /builddir/build/BUILD/icedtea6-1.13.4/openjdk/hotspot/src/share/vm/prims/jvm.cpp:1235
Event: 2.366 Thread 0x00002ab454008000 Threw 0x00000000f0730fc0 at /builddir/build/BUILD/icedtea6-1.13.4/openjdk/hotspot/src/share/vm/classfile/systemDictionary.cpp:179
Event: 2.366 Thread 0x00002ab454008000 Threw 0x00000000f07312f8 at /builddir/build/BUILD/icedtea6-1.13.4/openjdk/hotspot/src/share/vm/prims/jvm.cpp:1235
Event: 2.366 Thread 0x00002ab454008000 Threw 0x00000000f07316e0 at /builddir/build/BUILD/icedtea6-1.13.4/openjdk/hotspot/src/share/vm/prims/jvm.cpp:1235

Events (10 events):
Event: 1.972 Thread 0x00002ab454008000 DEOPT PACKING pc=0x00002ab4580b8518 sp=0x00002ab450ba9680
Event: 1.972 Thread 0x00002ab454008000 DEOPT UNPACKING pc=0x00002ab458039145 sp=0x00002ab450ba9648 mode 2
Event: 2.360 Thread 0x00002ab454008000 DEOPT PACKING pc=0x00002ab4580b8518 sp=0x00002ab450ba96c0
Event: 2.360 Thread 0x00002ab454008000 DEOPT UNPACKING pc=0x00002ab458039145 sp=0x00002ab450ba9688 mode 2
Event: 2.360 Thread 0x00002ab454008000 DEOPT PACKING pc=0x00002ab4580b8518 sp=0x00002ab450ba96b0
Event: 2.360 Thread 0x00002ab454008000 DEOPT UNPACKING pc=0x00002ab458039145 sp=0x00002ab450ba9678 mode 2
Event: 2.360 Thread 0x00002ab454008000 DEOPT PACKING pc=0x00002ab4580b8518 sp=0x00002ab450ba96c0
Event: 2.360 Thread 0x00002ab454008000 DEOPT UNPACKING pc=0x00002ab458039145 sp=0x00002ab450ba9688 mode 2
Event: 2.366 loading class 0x00002ab454f36960
Event: 2.366 loading class 0x00002ab454f36960 done


Dynamic libraries:
00400000-00409000 r-xp 00000000 fd:01 5993                               /usr/lib/jvm/java-1.6.0-openjdk-1.6.0.0.x86_64/jre/bin/java
00608000-0060a000 rw-p 00008000 fd:01 5993                               /usr/lib/jvm/java-1.6.0-openjdk-1.6.0.0.x86_64/jre/bin/java
007cc000-007ed000 rw-p 00000000 00:00 0                                  [heap]
b5a00000-b6ec0000 rw-p 00000000 00:00 0 
b6ec0000-c0000000 rw-p 00000000 00:00 0 
c0000000-100000000 rw-p 00000000 00:00 0 
364f800000-364f820000 r-xp 00000000 fd:01 130582                         /lib64/ld-2.12.so
364fa1f000-364fa20000 r--p 0001f000 fd:01 130582                         /lib64/ld-2.12.so
364fa20000-364fa21000 rw-p 00020000 fd:01 130582                         /lib64/ld-2.12.so
364fa21000-364fa22000 rw-p 00000000 00:00 0 
364fc00000-364fd8a000 r-xp 00000000 fd:01 130613                         /lib64/libc-2.12.so
364fd8a000-364ff8a000 ---p 0018a000 fd:01 130613                         /lib64/libc-2.12.so
364ff8a000-364ff8e000 r--p 0018a000 fd:01 130613                         /lib64/libc-2.12.so
364ff8e000-364ff8f000 rw-p 0018e000 fd:01 130613                         /lib64/libc-2.12.so
364ff8f000-364ff94000 rw-p 00000000 00:00 0 
3650000000-3650004000 r-xp 00000000 fd:01 13573                          /usr/lib/jvm/java-1.6.0-openjdk-1.6.0.0.x86_64/jre/lib/amd64/jli/libjli.so
3650004000-3650203000 ---p 00004000 fd:01 13573                          /usr/lib/jvm/java-1.6.0-openjdk-1.6.0.0.x86_64/jre/lib/amd64/jli/libjli.so
3650203000-3650204000 rw-p 00003000 fd:01 13573                          /usr/lib/jvm/java-1.6.0-openjdk-1.6.0.0.x86_64/jre/lib/amd64/jli/libjli.so
3650400000-3650417000 r-xp 00000000 fd:01 130636                         /lib64/libpthread-2.12.so
3650417000-3650617000 ---p 00017000 fd:01 130636                         /lib64/libpthread-2.12.so
3650617000-3650618000 r--p 00017000 fd:01 130636                         /lib64/libpthread-2.12.so
3650618000-3650619000 rw-p 00018000 fd:01 130636                         /lib64/libpthread-2.12.so
3650619000-365061d000 rw-p 00000000 00:00 0 
3650800000-3650802000 r-xp 00000000 fd:01 130624                         /lib64/libdl-2.12.so
3650802000-3650a02000 ---p 00002000 fd:01 130624                         /lib64/libdl-2.12.so
3650a02000-3650a03000 r--p 00002000 fd:01 130624                         /lib64/libdl-2.12.so
3650a03000-3650a04000 rw-p 00003000 fd:01 130624                         /lib64/libdl-2.12.so
3650c00000-3650c15000 r-xp 00000000 fd:01 130638                         /lib64/libz.so.1.2.3
3650c15000-3650e14000 ---p 00015000 fd:01 130638                         /lib64/libz.so.1.2.3
3650e14000-3650e15000 r--p 00014000 fd:01 130638                         /lib64/libz.so.1.2.3
3650e15000-3650e16000 rw-p 00015000 fd:01 130638                         /lib64/libz.so.1.2.3
3651000000-3651007000 r-xp 00000000 fd:01 132701                         /lib64/librt-2.12.so
3651007000-3651206000 ---p 00007000 fd:01 132701                         /lib64/librt-2.12.so
3651206000-3651207000 r--p 00006000 fd:01 132701                         /lib64/librt-2.12.so
3651207000-3651208000 rw-p 00007000 fd:01 132701                         /lib64/librt-2.12.so
3651800000-3651816000 r-xp 00000000 fd:01 133662                         /lib64/libgcc_s-4.4.7-20120601.so.1
3651816000-3651a15000 ---p 00016000 fd:01 133662                         /lib64/libgcc_s-4.4.7-20120601.so.1
3651a15000-3651a16000 rw-p 00015000 fd:01 133662                         /lib64/libgcc_s-4.4.7-20120601.so.1
3653000000-36530e8000 r-xp 00000000 fd:01 49938                          /usr/lib64/libstdc++.so.6.0.13
36530e8000-36532e8000 ---p 000e8000 fd:01 49938                          /usr/lib64/libstdc++.so.6.0.13
36532e8000-36532ef000 r--p 000e8000 fd:01 49938                          /usr/lib64/libstdc++.so.6.0.13
36532ef000-36532f1000 rw-p 000ef000 fd:01 49938                          /usr/lib64/libstdc++.so.6.0.13
36532f1000-3653306000 rw-p 00000000 00:00 0 
365c200000-365c216000 r-xp 00000000 fd:01 137559                         /lib64/libnsl-2.12.so
365c216000-365c415000 ---p 00016000 fd:01 137559                         /lib64/libnsl-2.12.so
365c415000-365c416000 r--p 00015000 fd:01 137559                         /lib64/libnsl-2.12.so
365c416000-365c417000 rw-p 00016000 fd:01 137559                         /lib64/libnsl-2.12.so
365c417000-365c419000 rw-p 00000000 00:00 0 
2ab44fb21000-2ab44fb22000 rw-p 00000000 00:00 0 
2ab44fb38000-2ab44fb3c000 rw-p 00000000 00:00 0 
2ab44fb3c000-2ab450547000 r-xp 00000000 fd:01 23213                      /usr/lib/jvm/java-1.6.0-openjdk-1.6.0.0.x86_64/jre/lib/amd64/server/libjvm.so
2ab450547000-2ab450747000 ---p 00a0b000 fd:01 23213                      /usr/lib/jvm/java-1.6.0-openjdk-1.6.0.0.x86_64/jre/lib/amd64/server/libjvm.so
2ab450747000-2ab4507e8000 rw-p 00a0b000 fd:01 23213                      /usr/lib/jvm/java-1.6.0-openjdk-1.6.0.0.x86_64/jre/lib/amd64/server/libjvm.so
2ab4507e8000-2ab450811000 rw-p 00000000 00:00 0 
2ab450827000-2ab4508aa000 r-xp 00000000 fd:01 130627                     /lib64/libm-2.12.so
2ab4508aa000-2ab450aa9000 ---p 00083000 fd:01 130627                     /lib64/libm-2.12.so
2ab450aa9000-2ab450aaa000 r--p 00082000 fd:01 130627                     /lib64/libm-2.12.so
2ab450aaa000-2ab450aab000 rw-p 00083000 fd:01 130627                     /lib64/libm-2.12.so
2ab450aab000-2ab450aae000 ---p 00000000 00:00 0 
2ab450aae000-2ab450bac000 rw-p 00000000 00:00 0 
2ab450bac000-2ab450bba000 r-xp 00000000 fd:01 23207                      /usr/lib/jvm/java-1.6.0-openjdk-1.6.0.0.x86_64/jre/lib/amd64/libverify.so
2ab450bba000-2ab450dba000 ---p 0000e000 fd:01 23207                      /usr/lib/jvm/java-1.6.0-openjdk-1.6.0.0.x86_64/jre/lib/amd64/libverify.so
2ab450dba000-2ab450dbc000 rw-p 0000e000 fd:01 23207                      /usr/lib/jvm/java-1.6.0-openjdk-1.6.0.0.x86_64/jre/lib/amd64/libverify.so
2ab450dbc000-2ab450de9000 r-xp 00000000 fd:01 23159                      /usr/lib/jvm/java-1.6.0-openjdk-1.6.0.0.x86_64/jre/lib/amd64/libjava.so
2ab450de9000-2ab450fe8000 ---p 0002d000 fd:01 23159                      /usr/lib/jvm/java-1.6.0-openjdk-1.6.0.0.x86_64/jre/lib/amd64/libjava.so
2ab450fe8000-2ab450fec000 rw-p 0002c000 fd:01 23159                      /usr/lib/jvm/java-1.6.0-openjdk-1.6.0.0.x86_64/jre/lib/amd64/libjava.so
2ab450fec000-2ab450fed000 r--p 00000000 00:00 0 
2ab450fed000-2ab450fee000 rw-p 00000000 00:00 0 
2ab450fee000-2ab451023000 r--s 00000000 fd:02 128540                     /var/db/nscd/passwd
2ab451023000-2ab45102b000 rw-s 00000000 fd:03 140                        /tmp/hsperfdata_dw07r324/7510
2ab45102b000-2ab451032000 r-xp 00000000 fd:01 23208                      /usr/lib/jvm/java-1.6.0-openjdk-1.6.0.0.x86_64/jre/lib/amd64/libzip.so
2ab451032000-2ab451232000 ---p 00007000 fd:01 23208                      /usr/lib/jvm/java-1.6.0-openjdk-1.6.0.0.x86_64/jre/lib/amd64/libzip.so
2ab451232000-2ab451233000 rw-p 00007000 fd:01 23208                      /usr/lib/jvm/java-1.6.0-openjdk-1.6.0.0.x86_64/jre/lib/amd64/libzip.so
2ab454000000-2ab454f96000 rw-p 00000000 00:00 0 
2ab454f96000-2ab458000000 ---p 00000000 00:00 0 
2ab458000000-2ab458270000 rwxp 00000000 00:00 0 
2ab458270000-2ab45b000000 rw-p 00000000 00:00 0 
2ab45b000000-2ab45b00a000 rw-p 00000000 00:00 0 
2ab45b00a000-2ab45b0c0000 rw-p 00000000 00:00 0 
2ab45b0c0000-2ab45b0cb000 rw-p 00000000 00:00 0 
2ab45b0cb000-2ab45b113000 rw-p 00000000 00:00 0 
2ab45b113000-2ab45b475000 rw-p 00000000 00:00 0 
2ab45b475000-2ab45b4bd000 rw-p 00000000 00:00 0 
2ab45b4bd000-2ab45b4be000 ---p 00000000 00:00 0 
2ab45b4be000-2ab45b5be000 rw-p 00000000 00:00 0 
2ab45b5be000-2ab45b5bf000 ---p 00000000 00:00 0 
2ab45b5bf000-2ab45b6bf000 rw-p 00000000 00:00 0 
2ab45b6bf000-2ab45b6c0000 ---p 00000000 00:00 0 
2ab45b6c0000-2ab45b7c0000 rw-p 00000000 00:00 0 
2ab45b7c0000-2ab45b7c1000 ---p 00000000 00:00 0 
2ab45b7c1000-2ab45b8c1000 rw-p 00000000 00:00 0 
2ab45b8c1000-2ab45b8c2000 ---p 00000000 00:00 0 
2ab45b8c2000-2ab45b9c2000 rw-p 00000000 00:00 0 
2ab45b9c2000-2ab45b9c3000 ---p 00000000 00:00 0 
2ab45b9c3000-2ab45bac3000 rw-p 00000000 00:00 0 
2ab45bac3000-2ab45bac4000 ---p 00000000 00:00 0 
2ab45bac4000-2ab45bbc4000 rw-p 00000000 00:00 0 
2ab45bbc4000-2ab45bbc5000 ---p 00000000 00:00 0 
2ab45bbc5000-2ab45bcc5000 rw-p 00000000 00:00 0 
2ab45c000000-2ab45c021000 rw-p 00000000 00:00 0 
2ab45c021000-2ab460000000 ---p 00000000 00:00 0 
2ab460000000-2ab460021000 rw-p 00000000 00:00 0 
2ab460021000-2ab464000000 ---p 00000000 00:00 0 
2ab464000000-2ab464021000 rw-p 00000000 00:00 0 
2ab464021000-2ab468000000 ---p 00000000 00:00 0 
2ab468000000-2ab468021000 rw-p 00000000 00:00 0 
2ab468021000-2ab46c000000 ---p 00000000 00:00 0 
2ab46c000000-2ab46c021000 rw-p 00000000 00:00 0 
2ab46c021000-2ab470000000 ---p 00000000 00:00 0 
2ab470000000-2ab470021000 rw-p 00000000 00:00 0 
2ab470021000-2ab474000000 ---p 00000000 00:00 0 
2ab474000000-2ab474021000 rw-p 00000000 00:00 0 
2ab474021000-2ab478000000 ---p 00000000 00:00 0 
2ab478000000-2ab478021000 rw-p 00000000 00:00 0 
2ab478021000-2ab47c000000 ---p 00000000 00:00 0 
2ab47c000000-2ab47eea4000 rw-p 00000000 00:00 0 
2ab47eea4000-2ab47f03a000 r--s 01a15000 fd:01 23288                      /usr/lib/jvm/java-1.6.0-openjdk-1.6.0.0.x86_64/jre/lib/rt.jar
2ab47f03a000-2ab480cb1000 rw-p 00000000 00:00 0 
2ab480cb1000-2ab480cb2000 ---p 00000000 00:00 0 
2ab480cb2000-2ab480db2000 rw-p 00000000 00:00 0 
2ab480db2000-2ab480db5000 ---p 00000000 00:00 0 
2ab480db5000-2ab480eb3000 rw-p 00000000 00:00 0 
2ab480eb3000-2ab480eb6000 ---p 00000000 00:00 0 
2ab480eb6000-2ab480fb4000 rw-p 00000000 00:00 0 
2ab484000000-2ab484021000 rw-p 00000000 00:00 0 
2ab484021000-2ab488000000 ---p 00000000 00:00 0 
2ab488000000-2ab488021000 rw-p 00000000 00:00 0 
2ab488021000-2ab48c000000 ---p 00000000 00:00 0 
2ab48c000000-2ab48c021000 rw-p 00000000 00:00 0 
2ab48c021000-2ab490000000 ---p 00000000 00:00 0 
2ab490000000-2ab495e91000 r--p 00000000 fd:01 49935                      /usr/lib/locale/locale-archive
2ab495e91000-2ab495e94000 ---p 00000000 00:00 0 
2ab495e94000-2ab495f92000 rw-p 00000000 00:00 0 
2ab495f92000-2ab495f95000 ---p 00000000 00:00 0 
2ab495f95000-2ab496093000 rw-p 00000000 00:00 0 
2ab496093000-2ab496096000 ---p 00000000 00:00 0 
2ab496096000-2ab496194000 rw-p 00000000 00:00 0 
2ab496194000-2ab496197000 ---p 00000000 00:00 0 
2ab496197000-2ab496295000 rw-p 00000000 00:00 0 
2ab496295000-2ab496296000 ---p 00000000 00:00 0 
2ab496296000-2ab496396000 rw-p 00000000 00:00 0 
2ab496396000-2ab496398000 r--s 00009000 00:35 125760574                  /mmfs/automount/gpfs/homefs/sm/dw07r324/bin/GOAL-20140808/lib/jpf-boot.jar
2ab496398000-2ab49639b000 r--s 0000f000 fd:01 23233                      /usr/lib/jvm/java-1.6.0-openjdk-1.6.0.0.x86_64/jre/lib/ext/pulse-java.jar
2ab49639b000-2ab4963a4000 r--s 00065000 fd:01 23228                      /usr/lib/jvm/java-1.6.0-openjdk-1.6.0.0.x86_64/jre/lib/ext/gnome-java-bridge.jar
2ab4963a4000-2ab4963a6000 r--s 00009000 00:35 125760574                  /mmfs/automount/gpfs/homefs/sm/dw07r324/bin/GOAL-20140808/lib/jpf-boot.jar
2ab4963a6000-2ab4963aa000 r--s 0003c000 fd:01 14238                      /usr/lib/jvm/java-1.6.0-openjdk-1.6.0.0.x86_64/jre/lib/jsse.jar
2ab4963aa000-2ab4963af000 r--s 0002d000 00:35 125760577                  /mmfs/automount/gpfs/homefs/sm/dw07r324/bin/GOAL-20140808/lib/jpf.jar
2ab4963af000-2ab4963b1000 r--s 0000d000 00:35 125760571                  /mmfs/automount/gpfs/homefs/sm/dw07r324/bin/GOAL-20140808/lib/commons-logging.jar
2ab4963b1000-2ab4963b3000 r--s 00012000 00:35 125760576                  /mmfs/automount/gpfs/homefs/sm/dw07r324/bin/GOAL-20140808/lib/jpf-tools.jar
2ab4963b3000-2ab4963ba000 r--s 00039000 00:35 125760578                  /mmfs/automount/gpfs/homefs/sm/dw07r324/bin/GOAL-20140808/lib/jxp.jar
2ab4963ba000-2ab4963bc000 r--s 00004000 00:35 125760570                  /mmfs/automount/gpfs/homefs/sm/dw07r324/bin/GOAL-20140808/lib/AppleJavaExtensions.jar
2ab4963bc000-2ab4963c1000 r--s 0002a000 00:35 125760572                  /mmfs/automount/gpfs/homefs/sm/dw07r324/bin/GOAL-20140808/lib/gson-2.2.2.jar
2ab4963c1000-2ab4963c4000 r--s 0001a000 00:35 125760579                  /mmfs/automount/gpfs/homefs/sm/dw07r324/bin/GOAL-20140808/lib/minijdd_104.jar
2ab4963c4000-2ab4963e7000 r--s 0022d000 00:35 119088970                  /mmfs/automount/gpfs/homefs/sm/dw07r324/bin/GOAL-20140808/.jpf-shadow/org.svvrl.goal.core@2014.8.8.zip (deleted)
2ab4963e7000-2ab49648a000 r-xp 00000000 fd:01 13434                      /usr/lib/jvm/java-1.6.0-openjdk-1.6.0.0.x86_64/jre/lib/amd64/libawt.so
2ab49648a000-2ab49668a000 ---p 000a3000 fd:01 13434                      /usr/lib/jvm/java-1.6.0-openjdk-1.6.0.0.x86_64/jre/lib/amd64/libawt.so
2ab49668a000-2ab496696000 rw-p 000a3000 fd:01 13434                      /usr/lib/jvm/java-1.6.0-openjdk-1.6.0.0.x86_64/jre/lib/amd64/libawt.so
2ab496696000-2ab4966ba000 rw-p 00000000 00:00 0 
2ab4966ba000-2ab4966c0000 r-xp 00000000 fd:01 8525                       /usr/lib/jvm/java-1.6.0-openjdk-1.6.0.0.x86_64/jre/lib/amd64/headless/libmawt.so
2ab4966c0000-2ab4968bf000 ---p 00006000 fd:01 8525                       /usr/lib/jvm/java-1.6.0-openjdk-1.6.0.0.x86_64/jre/lib/amd64/headless/libmawt.so
2ab4968bf000-2ab4968c0000 rw-p 00005000 fd:01 8525                       /usr/lib/jvm/java-1.6.0-openjdk-1.6.0.0.x86_64/jre/lib/amd64/headless/libmawt.so
2ab4968c0000-2ab4968db000 r--s 0029a000 00:35 125115318                  /mmfs/automount/gpfs/homefs/sm/dw07r324/bin/GOAL-20140808/.jpf-shadow/org.svvrl.goal.gui@2014.8.8.zip
2ab4968db000-2ab4968dd000 rw-p 00000000 00:00 0 
2ab498000000-2ab498021000 rw-p 00000000 00:00 0 
2ab498021000-2ab49c000000 ---p 00000000 00:00 0 
2ab49c000000-2ab49d1ad000 rw-p 00000000 00:00 0 
2ab49d1ad000-2ab4a0000000 ---p 00000000 00:00 0 
2ab4a0000000-2ab4a0cff000 rw-p 00000000 00:00 0 
2ab4a0cff000-2ab4a4000000 ---p 00000000 00:00 0 
2ab4a4000000-2ab4a4021000 rw-p 00000000 00:00 0 
2ab4a4021000-2ab4a8000000 ---p 00000000 00:00 0 
2ab4a8000000-2ab4a8021000 rw-p 00000000 00:00 0 
2ab4a8021000-2ab4ac000000 ---p 00000000 00:00 0 
7fff81a14000-7fff81a4a000 rw-p 00000000 00:00 0                          [stack]
7fff81bff000-7fff81c00000 r-xp 00000000 00:00 0                          [vdso]
ffffffffff600000-ffffffffff601000 r-xp 00000000 00:00 0                  [vsyscall]

VM Arguments:
jvm_args: -Xmx1G -Xms1G -DapplicationRoot=/home/ubelix/sm/dw07r324/bin/GOAL-20140808 -Dorg.java.plugin.boot.pluginsRepositories=/home/ubelix/sm/dw07r324/bin/GOAL-20140808/plugins -Djpf.boot.config=/home/ubelix/sm/dw07r324/bin/GOAL-20140808/boot.properties -Dorg.apache.commons.logging.Log=org.apache.commons.logging.impl.SimpleLog -Dorg.apache.commons.logging.simplelog.log.org.java.plugin=fatal 
java_command: /home/ubelix/sm/dw07r324/bin/GOAL-20140808/lib/jpf-boot.jar complement -m piterman -eq -macc -sp -ro -r /scratch/local/8663605.1.all.q/test_set_s15/s15_t1.2_a0.6_079.gff
Launcher Type: SUN_STANDARD

Environment Variables:
CLASSPATH=/home/ubelix/sm/dw07r324/bin/GOAL-20140808:/home/ubelix/sm/dw07r324/bin/GOAL-20140808/plugins:/home/ubelix/sm/dw07r324/bin/GOAL-20140808/lib:
PATH=/scratch/local/8663605.1.all.q:/usr/lib64/qt-3.3/bin:/usr/local/bin:/bin:/usr/bin:/usr/local/sbin:/usr/sbin:/sbin:/usr/lpp/mmfs/bin:/home/ubelix/sm/dw07r324/bin/GOAL-20140808:/home/ubelix/sm/dw07r324/bin/gnu_time/bin:/usr/lpp/mmfs/bin
LD_LIBRARY_PATH=/usr/lib/jvm/java-1.6.0-openjdk-1.6.0.0.x86_64/jre/lib/amd64/server:/usr/lib/jvm/java-1.6.0-openjdk-1.6.0.0.x86_64/jre/lib/amd64:/usr/lib/jvm/java-1.6.0-openjdk-1.6.0.0.x86_64/jre/../lib/amd64
SHELL=/bin/bash

Signal Handlers:
SIGSEGV: [libjvm.so+0x870a40], sa_mask[0]=0x7ffbfeff, sa_flags=0x10000004
SIGBUS: [libjvm.so+0x870a40], sa_mask[0]=0x7ffbfeff, sa_flags=0x10000004
SIGFPE: [libjvm.so+0x719240], sa_mask[0]=0x7ffbfeff, sa_flags=0x10000004
SIGPIPE: [libjvm.so+0x719240], sa_mask[0]=0x7ffbfeff, sa_flags=0x10000004
SIGXFSZ: [libjvm.so+0x719240], sa_mask[0]=0x7ffbfeff, sa_flags=0x10000004
SIGILL: [libjvm.so+0x719240], sa_mask[0]=0x7ffbfeff, sa_flags=0x10000004
SIGUSR1: SIG_DFL, sa_mask[0]=0x00000000, sa_flags=0x00000000
SIGUSR2: [libjvm.so+0x718d60], sa_mask[0]=0x00000000, sa_flags=0x10000004
SIGHUP: [libjvm.so+0x71bdf0], sa_mask[0]=0x7ffbfeff, sa_flags=0x10000004
SIGINT: [libjvm.so+0x71bdf0], sa_mask[0]=0x7ffbfeff, sa_flags=0x10000004
SIGTERM: [libjvm.so+0x71bdf0], sa_mask[0]=0x7ffbfeff, sa_flags=0x10000004
SIGQUIT: [libjvm.so+0x71bdf0], sa_mask[0]=0x7ffbfeff, sa_flags=0x10000004


---------------  S Y S T E M  ---------------

OS:Red Hat Enterprise Linux ComputeNode release 6.5 (Santiago)

uname:Linux 2.6.32-431.29.2.el6.x86_64 #1 SMP Sun Jul 27 15:55:46 EDT 2014 x86_64
libc:glibc 2.12 NPTL 2.12 
rlimit: STACK infinity, CORE infinity, NPROC 127431, NOFILE 4096, AS 8388608k
load average:3.26 3.36 3.55

/proc/meminfo:
MemTotal:       16331612 kB
MemFree:         5129880 kB
Buffers:           13400 kB
Cached:          5962188 kB
SwapCached:           88 kB
Active:          2854648 kB
Inactive:        3665348 kB
Active(anon):     481104 kB
Inactive(anon):    63552 kB
Active(file):    2373544 kB
Inactive(file):  3601796 kB
Unevictable:     4082900 kB
Mlocked:         4082900 kB
SwapTotal:       8388604 kB
SwapFree:        8388380 kB
Dirty:                88 kB
Writeback:             0 kB
AnonPages:       4627328 kB
Mapped:            97668 kB
Shmem:               192 kB
Slab:             374092 kB
SReclaimable:     306652 kB
SUnreclaim:        67440 kB
KernelStack:        4688 kB
PageTables:        16776 kB
NFS_Unstable:          0 kB
Bounce:                0 kB
WritebackTmp:          0 kB
CommitLimit:    16554408 kB
Committed_AS:    6811732 kB
VmallocTotal:   34359738367 kB
VmallocUsed:      108380 kB
VmallocChunk:   34351234244 kB
HardwareCorrupted:     0 kB
AnonHugePages:         0 kB
HugePages_Total:       0
HugePages_Free:        0
HugePages_Rsvd:        0
HugePages_Surp:        0
Hugepagesize:       2048 kB
DirectMap4k:        9920 kB
DirectMap2M:     2086912 kB
DirectMap1G:    14680064 kB


CPU:total 8 (4 cores per cpu, 1 threads per core) family 16 model 2 stepping 3, cmov, cx8, fxsr, mmx, sse, sse2, sse3, popcnt, mmxext, 3dnowpref, lzcnt, sse4a, tsc, tscinvbit, tscinv

/proc/cpuinfo:
processor	: 0
vendor_id	: AuthenticAMD
cpu family	: 16
model		: 2
model name	: Quad-Core AMD Opteron(tm) Processor 2354
stepping	: 3
cpu MHz		: 2200.000
cache size	: 512 KB
physical id	: 0
siblings	: 4
core id		: 0
cpu cores	: 4
apicid		: 0
initial apicid	: 0
fpu		: yes
fpu_exception	: yes
cpuid level	: 5
wp		: yes
flags		: fpu vme de pse tsc msr pae mce cx8 apic sep mtrr pge mca cmov pat pse36 clflush mmx fxsr sse sse2 ht syscall nx mmxext fxsr_opt pdpe1gb rdtscp lm 3dnowext 3dnow constant_tsc rep_good nonstop_tsc extd_apicid pni monitor cx16 popcnt lahf_lm cmp_legacy svm extapic cr8_legacy abm sse4a misalignsse 3dnowprefetch osvw ibs npt lbrv svm_lock
bogomips	: 4422.88
TLB size	: 1024 4K pages
clflush size	: 64
cache_alignment	: 64
address sizes	: 48 bits physical, 48 bits virtual
power management: ts ttp tm stc 100mhzsteps hwpstate

processor	: 1
vendor_id	: AuthenticAMD
cpu family	: 16
model		: 2
model name	: Quad-Core AMD Opteron(tm) Processor 2354
stepping	: 3
cpu MHz		: 2200.000
cache size	: 512 KB
physical id	: 0
siblings	: 4
core id		: 1
cpu cores	: 4
apicid		: 1
initial apicid	: 1
fpu		: yes
fpu_exception	: yes
cpuid level	: 5
wp		: yes
flags		: fpu vme de pse tsc msr pae mce cx8 apic sep mtrr pge mca cmov pat pse36 clflush mmx fxsr sse sse2 ht syscall nx mmxext fxsr_opt pdpe1gb rdtscp lm 3dnowext 3dnow constant_tsc rep_good nonstop_tsc extd_apicid pni monitor cx16 popcnt lahf_lm cmp_legacy svm extapic cr8_legacy abm sse4a misalignsse 3dnowprefetch osvw ibs npt lbrv svm_lock
bogomips	: 4422.88
TLB size	: 1024 4K pages
clflush size	: 64
cache_alignment	: 64
address sizes	: 48 bits physical, 48 bits virtual
power management: ts ttp tm stc 100mhzsteps hwpstate

processor	: 2
vendor_id	: AuthenticAMD
cpu family	: 16
model		: 2
model name	: Quad-Core AMD Opteron(tm) Processor 2354
stepping	: 3
cpu MHz		: 2200.000
cache size	: 512 KB
physical id	: 0
siblings	: 4
core id		: 2
cpu cores	: 4
apicid		: 2
initial apicid	: 2
fpu		: yes
fpu_exception	: yes
cpuid level	: 5
wp		: yes
flags		: fpu vme de pse tsc msr pae mce cx8 apic sep mtrr pge mca cmov pat pse36 clflush mmx fxsr sse sse2 ht syscall nx mmxext fxsr_opt pdpe1gb rdtscp lm 3dnowext 3dnow constant_tsc rep_good nonstop_tsc extd_apicid pni monitor cx16 popcnt lahf_lm cmp_legacy svm extapic cr8_legacy abm sse4a misalignsse 3dnowprefetch osvw ibs npt lbrv svm_lock
bogomips	: 4422.88
TLB size	: 1024 4K pages
clflush size	: 64
cache_alignment	: 64
address sizes	: 48 bits physical, 48 bits virtual
power management: ts ttp tm stc 100mhzsteps hwpstate

processor	: 3
vendor_id	: AuthenticAMD
cpu family	: 16
model		: 2
model name	: Quad-Core AMD Opteron(tm) Processor 2354
stepping	: 3
cpu MHz		: 2200.000
cache size	: 512 KB
physical id	: 0
siblings	: 4
core id		: 3
cpu cores	: 4
apicid		: 3
initial apicid	: 3
fpu		: yes
fpu_exception	: yes
cpuid level	: 5
wp		: yes
flags		: fpu vme de pse tsc msr pae mce cx8 apic sep mtrr pge mca cmov pat pse36 clflush mmx fxsr sse sse2 ht syscall nx mmxext fxsr_opt pdpe1gb rdtscp lm 3dnowext 3dnow constant_tsc rep_good nonstop_tsc extd_apicid pni monitor cx16 popcnt lahf_lm cmp_legacy svm extapic cr8_legacy abm sse4a misalignsse 3dnowprefetch osvw ibs npt lbrv svm_lock
bogomips	: 4422.88
TLB size	: 1024 4K pages
clflush size	: 64
cache_alignment	: 64
address sizes	: 48 bits physical, 48 bits virtual
power management: ts ttp tm stc 100mhzsteps hwpstate

processor	: 4
vendor_id	: AuthenticAMD
cpu family	: 16
model		: 2
model name	: Quad-Core AMD Opteron(tm) Processor 2354
stepping	: 3
cpu MHz		: 2200.000
cache size	: 512 KB
physical id	: 1
siblings	: 4
core id		: 0
cpu cores	: 4
apicid		: 4
initial apicid	: 4
fpu		: yes
fpu_exception	: yes
cpuid level	: 5
wp		: yes
flags		: fpu vme de pse tsc msr pae mce cx8 apic sep mtrr pge mca cmov pat pse36 clflush mmx fxsr sse sse2 ht syscall nx mmxext fxsr_opt pdpe1gb rdtscp lm 3dnowext 3dnow constant_tsc rep_good nonstop_tsc extd_apicid pni monitor cx16 popcnt lahf_lm cmp_legacy svm extapic cr8_legacy abm sse4a misalignsse 3dnowprefetch osvw ibs npt lbrv svm_lock
bogomips	: 4422.23
TLB size	: 1024 4K pages
clflush size	: 64
cache_alignment	: 64
address sizes	: 48 bits physical, 48 bits virtual
power management: ts ttp tm stc 100mhzsteps hwpstate

processor	: 5
vendor_id	: AuthenticAMD
cpu family	: 16
model		: 2
model name	: Quad-Core AMD Opteron(tm) Processor 2354
stepping	: 3
cpu MHz		: 2200.000
cache size	: 512 KB
physical id	: 1
siblings	: 4
core id		: 1
cpu cores	: 4
apicid		: 5
initial apicid	: 5
fpu		: yes
fpu_exception	: yes
cpuid level	: 5
wp		: yes
flags		: fpu vme de pse tsc msr pae mce cx8 apic sep mtrr pge mca cmov pat pse36 clflush mmx fxsr sse sse2 ht syscall nx mmxext fxsr_opt pdpe1gb rdtscp lm 3dnowext 3dnow constant_tsc rep_good nonstop_tsc extd_apicid pni monitor cx16 popcnt lahf_lm cmp_legacy svm extapic cr8_legacy abm sse4a misalignsse 3dnowprefetch osvw ibs npt lbrv svm_lock
bogomips	: 4422.23
TLB size	: 1024 4K pages
clflush size	: 64
cache_alignment	: 64
address sizes	: 48 bits physical, 48 bits virtual
power management: ts ttp tm stc 100mhzsteps hwpstate

processor	: 6
vendor_id	: AuthenticAMD
cpu family	: 16
model		: 2
model name	: Quad-Core AMD Opteron(tm) Processor 2354
stepping	: 3
cpu MHz		: 2200.000
cache size	: 512 KB
physical id	: 1
siblings	: 4
core id		: 2
cpu cores	: 4
apicid		: 6
initial apicid	: 6
fpu		: yes
fpu_exception	: yes
cpuid level	: 5
wp		: yes
flags		: fpu vme de pse tsc msr pae mce cx8 apic sep mtrr pge mca cmov pat pse36 clflush mmx fxsr sse sse2 ht syscall nx mmxext fxsr_opt pdpe1gb rdtscp lm 3dnowext 3dnow constant_tsc rep_good nonstop_tsc extd_apicid pni monitor cx16 popcnt lahf_lm cmp_legacy svm extapic cr8_legacy abm sse4a misalignsse 3dnowprefetch osvw ibs npt lbrv svm_lock
bogomips	: 4422.23
TLB size	: 1024 4K pages
clflush size	: 64
cache_alignment	: 64
address sizes	: 48 bits physical, 48 bits virtual
power management: ts ttp tm stc 100mhzsteps hwpstate

processor	: 7
vendor_id	: AuthenticAMD
cpu family	: 16
model		: 2
model name	: Quad-Core AMD Opteron(tm) Processor 2354
stepping	: 3
cpu MHz		: 2200.000
cache size	: 512 KB
physical id	: 1
siblings	: 4
core id		: 3
cpu cores	: 4
apicid		: 7
initial apicid	: 7
fpu		: yes
fpu_exception	: yes
cpuid level	: 5
wp		: yes
flags		: fpu vme de pse tsc msr pae mce cx8 apic sep mtrr pge mca cmov pat pse36 clflush mmx fxsr sse sse2 ht syscall nx mmxext fxsr_opt pdpe1gb rdtscp lm 3dnowext 3dnow constant_tsc rep_good nonstop_tsc extd_apicid pni monitor cx16 popcnt lahf_lm cmp_legacy svm extapic cr8_legacy abm sse4a misalignsse 3dnowprefetch osvw ibs npt lbrv svm_lock
bogomips	: 4422.23
TLB size	: 1024 4K pages
clflush size	: 64
cache_alignment	: 64
address sizes	: 48 bits physical, 48 bits virtual
power management: ts ttp tm stc 100mhzsteps hwpstate



Memory: 4k page, physical 16331612k(5129880k free), swap 8388604k(8388380k free)

vm_info: OpenJDK 64-Bit Server VM (23.25-b01) for linux-amd64 JRE (1.6.0_32-b32), built on Aug 21 2014 11:15:48 by "mockbuild" with gcc 4.4.7 20120313 (Red Hat 4.4.7-4)

time: Tue Sep 23 02:05:57 2014
elapsed time: 3 seconds

