#
# A fatal error has been detected by the Java Runtime Environment:
#
#  SIGBUS (0x7) at pc=0x00002aae7309a522, pid=1741, tid=46928737953536
#
# JRE version: 6.0_32-b32
# Java VM: OpenJDK 64-Bit Server VM (23.25-b01 mixed mode linux-amd64 compressed oops)
# Problematic frame:
# C  [libzip.so+0x4522]  ZIP_Lock+0x252
#
# Core dump written. Default location: /mmfs/automount/gpfs/homefs/sm/dw07r324/jobs/piterman.eq.macc.sp.ro.r/core or core.1741
#
# If you would like to submit a bug report, please include
# instructions how to reproduce the bug and visit:
#   http://icedtea.classpath.org/bugzilla
# The crash happened outside the Java Virtual Machine in native code.
# See problematic frame for where to report the bug.
#

---------------  T H R E A D  ---------------

Current thread (0x00002aae74008000):  JavaThread "main" [_thread_in_native, id=1742, stack(0x00002aae72b16000,0x00002aae72c17000)]

siginfo:si_signo=SIGBUS: si_errno=0, si_code=2 (BUS_ADRERR), si_addr=0x00002aaebb073330

Registers:
RAX=0x00002aae752870b0, RBX=0x00002aaebb073313, RCX=0x0000000000000061, RDX=0x0000000000000060
RSP=0x00002aae72c14540, RBP=0x00002aae72c14580, RSI=0x0000000000000040, RDI=0x00002aae74000020
R8 =0x00002aae74000088, R9 =0x0000000000000001, R10=0x0000000000000040, R11=0x00002aae72346660
R12=0x00002aae752870b0, R13=0x00002aae74f74490, R14=0x00002aae72c145f0, R15=0x00002aae752870b0
RIP=0x00002aae7309a522, EFLAGS=0x0000000000010202, CSGSFS=0x0000000000000033, ERR=0x0000000000000004
  TRAPNO=0x000000000000000e

Top of Stack: (sp=0x00002aae72c14540)
0x00002aae72c14540:   00002aae74f7d670 00002aae7229005e
0x00002aae72c14550:   000000000000008f 00002aae74f6c704
0x00002aae72c14560:   00002aae74f74490 00000000b98d4855
0x00002aae72c14570:   00002aae72c145f0 000000000000002b
0x00002aae72c14580:   00002aae72c145d0 00002aae7309aae2
0x00002aae72c14590:   00002aae74008000 00002aae74f701e0
0x00002aae72c145a0:   00002aae72c14610 00002aae740081d8
0x00002aae72c145b0:   00002aae72c145f0 000000000000002b
0x00002aae72c145c0:   00002aae72c14ac8 00002aae72c145f0
0x00002aae72c145d0:   00002aae72c14a30 00002aae73099ae4
0x00002aae72c145e0:   0000002b01fd7670 00002aae74f74490
0x00002aae72c145f0:   2f73657373616c63 727676732f67726f
0x00002aae72c14600:   632f6c616f672f6c 6148646d432f646d
0x00002aae72c14610:   6c632e72656c646e 00002aae00737361
0x00002aae72c14620:   0000000000000000 0000000400000000
0x00002aae72c14630:   00002aae74008b90 0000000000000000
0x00002aae72c14640:   00002aae72c14670 00002aae74008000
0x00002aae72c14650:   00000000b5cc4b00 000000000000001a
0x00002aae72c14660:   00002aae74008000 00000000b5cc4b00
0x00002aae72c14670:   00002aae72c146d0 00002aae720da5f2
0x00002aae72c14680:   00002aae74008000 00002aaeb5fce660
0x00002aae72c14690:   00002aae74008000 000000364fc7a10b
0x00002aae72c146a0:   0000000000000001 00000000000000bd
0x00002aae72c146b0:   0000000000000000 00002aae74008000
0x00002aae72c146c0:   00002aae72c14700 00002aae00000000
0x00002aae72c146d0:   00000000b5cc8c58 00002a0000000061
0x00002aae72c146e0:   00000000b5bdfef5 00000000f0a7b1b8
0x00002aae72c146f0:   00002aae72c146f0 00000000b5cc69cb
0x00002aae72c14700:   00002aae72c14750 00002aae74008b80
0x00002aae72c14710:   0000000000000000 0000000000000001
0x00002aae72c14720:   00002aae74008000 ffffffffffffffff
0x00002aae72c14730:   00002aae72c147a0 00002aae72096a03 

Instructions: (pc=0x00002aae7309a522)
0x00002aae7309a502:   00 00 00 00 00 48 c7 40 30 00 00 00 00 48 c7 40
0x00002aae7309a512:   28 00 00 00 00 8b 5b 04 49 2b 5d 28 49 03 5d 18
0x00002aae7309a522:   44 0f b6 73 1d 0f b6 43 1c 41 c1 e6 08 41 09 c6
0x00002aae7309a532:   0f b6 43 1e 88 45 ce 0f b6 43 1f 88 45 cf 0f b6 

Register to memory mapping:

RAX=0x00002aae752870b0 is an unknown value
RBX=0x00002aaebb073313 is an unknown value
RCX=0x0000000000000061 is an unknown value
RDX=0x0000000000000060 is an unknown value
RSP=0x00002aae72c14540 is pointing into the stack for thread: 0x00002aae74008000
RBP=0x00002aae72c14580 is pointing into the stack for thread: 0x00002aae74008000
RSI=0x0000000000000040 is an unknown value
RDI=0x00002aae74000020 is an unknown value
R8 =0x00002aae74000088 is an unknown value
R9 =0x0000000000000001 is an unknown value
R10=0x0000000000000040 is an unknown value
R11=0x00002aae72346660: <offset 0x79f660> in /usr/lib/jvm/java-1.6.0-openjdk-1.6.0.0.x86_64/jre/lib/amd64/server/libjvm.so at 0x00002aae71ba7000
R12=0x00002aae752870b0 is an unknown value
R13=0x00002aae74f74490 is an unknown value
R14=0x00002aae72c145f0 is pointing into the stack for thread: 0x00002aae74008000
R15=0x00002aae752870b0 is an unknown value


Stack: [0x00002aae72b16000,0x00002aae72c17000],  sp=0x00002aae72c14540,  free space=1017k
Native frames: (J=compiled Java code, j=interpreted, Vv=VM code, C=native code)
C  [libzip.so+0x4522]  ZIP_Lock+0x252
C  [libzip.so+0x4ae2]  ZIP_GetEntry+0xc2
C  [libzip.so+0x3ae4]  Java_java_util_zip_ZipFile_getEntry+0xc4
j  java.util.zip.ZipFile.getEntry(JLjava/lang/String;Z)J+0
j  java.util.zip.ZipFile.getEntry(Ljava/lang/String;)Ljava/util/zip/ZipEntry;+31
j  java.util.jar.JarFile.getEntry(Ljava/lang/String;)Ljava/util/zip/ZipEntry;+2
j  sun.net.www.protocol.jar.URLJarFile.getEntry(Ljava/lang/String;)Ljava/util/zip/ZipEntry;+2
j  sun.net.www.protocol.jar.JarURLConnection.connect()V+62
j  sun.net.www.protocol.jar.JarURLConnection.getInputStream()Ljava/io/InputStream;+1
j  sun.misc.URLClassPath$Loader.getResource(Ljava/lang/String;Z)Lsun/misc/Resource;+48
j  sun.misc.URLClassPath.getResource(Ljava/lang/String;Z)Lsun/misc/Resource;+53
j  java.net.URLClassLoader$1.run()Ljava/lang/Object;+26
v  ~StubRoutines::call_stub
V  [libjvm.so+0x537e3e]  AsyncGetCallTrace+0xd776e
V  [libjvm.so+0x536ad8]  AsyncGetCallTrace+0xd6408
V  [libjvm.so+0x597140]  JVM_DoPrivileged+0x400
j  java.security.AccessController.doPrivileged(Ljava/security/PrivilegedExceptionAction;Ljava/security/AccessControlContext;)Ljava/lang/Object;+0
j  java.net.URLClassLoader.findClass(Ljava/lang/String;)Ljava/lang/Class;+13
j  org.java.plugin.standard.StandardPluginClassLoader.loadLocalClass(Ljava/lang/String;ZLorg/java/plugin/standard/StandardPluginClassLoader;)Ljava/lang/Class;+97
j  org.java.plugin.standard.StandardPluginClassLoader.loadClass(Ljava/lang/String;Z)Ljava/lang/Class;+62
j  java.lang.ClassLoader.loadClass(Ljava/lang/String;)Ljava/lang/Class;+3
j  org.svvrl.goal.core.CorePlugin.getConsoleHandler()Lorg/svvrl/goal/core/ConsoleHandler;+73
j  org.svvrl.goal.core.CorePlugin.startApplication()V+23
j  org.java.plugin.boot.Boot.boot(Lorg/java/plugin/util/ExtendedProperties;ZLjava/lang/String;Lorg/java/plugin/boot/BootErrorHandler;[Ljava/lang/String;)Lorg/java/plugin/boot/Application;+354
j  org.java.plugin.boot.Boot.main([Ljava/lang/String;)V+162
v  ~StubRoutines::call_stub
V  [libjvm.so+0x537e3e]  AsyncGetCallTrace+0xd776e
V  [libjvm.so+0x536ad8]  AsyncGetCallTrace+0xd6408
V  [libjvm.so+0x5452a7]  JNI_CreateJavaVM+0x12e7
V  [libjvm.so+0x55a4eb]  JNI_CreateJavaVM+0x1652b
C  [java+0x374d]  JavaMain+0xd0d

Java frames: (J=compiled Java code, j=interpreted, Vv=VM code)
j  java.util.zip.ZipFile.getEntry(JLjava/lang/String;Z)J+0
j  java.util.zip.ZipFile.getEntry(Ljava/lang/String;)Ljava/util/zip/ZipEntry;+31
j  java.util.jar.JarFile.getEntry(Ljava/lang/String;)Ljava/util/zip/ZipEntry;+2
j  sun.net.www.protocol.jar.URLJarFile.getEntry(Ljava/lang/String;)Ljava/util/zip/ZipEntry;+2
j  sun.net.www.protocol.jar.JarURLConnection.connect()V+62
j  sun.net.www.protocol.jar.JarURLConnection.getInputStream()Ljava/io/InputStream;+1
j  sun.misc.URLClassPath$Loader.getResource(Ljava/lang/String;Z)Lsun/misc/Resource;+48
j  sun.misc.URLClassPath.getResource(Ljava/lang/String;Z)Lsun/misc/Resource;+53
j  java.net.URLClassLoader$1.run()Ljava/lang/Object;+26
v  ~StubRoutines::call_stub
j  java.security.AccessController.doPrivileged(Ljava/security/PrivilegedExceptionAction;Ljava/security/AccessControlContext;)Ljava/lang/Object;+0
j  java.net.URLClassLoader.findClass(Ljava/lang/String;)Ljava/lang/Class;+13
j  org.java.plugin.standard.StandardPluginClassLoader.loadLocalClass(Ljava/lang/String;ZLorg/java/plugin/standard/StandardPluginClassLoader;)Ljava/lang/Class;+97
j  org.java.plugin.standard.StandardPluginClassLoader.loadClass(Ljava/lang/String;Z)Ljava/lang/Class;+62
j  java.lang.ClassLoader.loadClass(Ljava/lang/String;)Ljava/lang/Class;+3
j  org.svvrl.goal.core.CorePlugin.getConsoleHandler()Lorg/svvrl/goal/core/ConsoleHandler;+73
j  org.svvrl.goal.core.CorePlugin.startApplication()V+23
j  org.java.plugin.boot.Boot.boot(Lorg/java/plugin/util/ExtendedProperties;ZLjava/lang/String;Lorg/java/plugin/boot/BootErrorHandler;[Ljava/lang/String;)Lorg/java/plugin/boot/Application;+354
j  org.java.plugin.boot.Boot.main([Ljava/lang/String;)V+162
v  ~StubRoutines::call_stub

---------------  P R O C E S S  ---------------

Java Threads: ( => current thread )
  0x00002aae74304000 JavaThread "Java2D Disposer" daemon [_thread_blocked, id=1811, stack(0x00002aaebab2b000,0x00002aaebac2c000)]
  0x00002aae74101800 JavaThread "Low Memory Detector" daemon [_thread_blocked, id=1757, stack(0x00002aaeba194000,0x00002aaeba295000)]
  0x00002aae740ff000 JavaThread "C2 CompilerThread1" daemon [_thread_blocked, id=1756, stack(0x00002aaeba093000,0x00002aaeba194000)]
  0x00002aae740fc800 JavaThread "C2 CompilerThread0" daemon [_thread_blocked, id=1755, stack(0x00002aaeb9f92000,0x00002aaeba093000)]
  0x00002aae740fa000 JavaThread "Signal Dispatcher" daemon [_thread_blocked, id=1754, stack(0x00002aaeb9e91000,0x00002aaeb9f92000)]
  0x00002aae740ab800 JavaThread "Finalizer" daemon [_thread_blocked, id=1753, stack(0x00002aaea8101000,0x00002aaea8202000)]
  0x00002aae740a9800 JavaThread "Reference Handler" daemon [_thread_blocked, id=1752, stack(0x00002aaea8000000,0x00002aaea8101000)]
=>0x00002aae74008000 JavaThread "main" [_thread_in_native, id=1742, stack(0x00002aae72b16000,0x00002aae72c17000)]

Other Threads:
  0x00002aae7409a800 VMThread [stack: 0x00002aae9cd91000,0x00002aae9ce92000] [id=1751]
  0x00002aae7410c800 WatcherThread [stack: 0x00002aaeba295000,0x00002aaeba396000] [id=1758]

VM state:not at safepoint (normal execution)

VM Mutex/Monitor currently owned by a thread: None

Heap
 PSYoungGen      total 305856K, used 99713K [0x00000000eaab0000, 0x0000000100000000, 0x0000000100000000)
  eden space 262208K, 38% used [0x00000000eaab0000,0x00000000f0c106a8,0x00000000faac0000)
  from space 43648K, 0% used [0x00000000fd560000,0x00000000fd560000,0x0000000100000000)
  to   space 43648K, 0% used [0x00000000faac0000,0x00000000faac0000,0x00000000fd560000)
 ParOldGen       total 699072K, used 0K [0x00000000c0000000, 0x00000000eaab0000, 0x00000000eaab0000)
  object space 699072K, 0% used [0x00000000c0000000,0x00000000c0000000,0x00000000eaab0000)
 PSPermGen       total 21248K, used 10963K [0x00000000b5a00000, 0x00000000b6ec0000, 0x00000000c0000000)
  object space 21248K, 51% used [0x00000000b5a00000,0x00000000b64b4ea0,0x00000000b6ec0000)

Card table byte_map: [0x00002aae7b0c0000,0x00002aae7b314000] byte_map_base: 0x00002aae7ab13000

Polling page: 0x00002aae73057000

Code Cache  [0x00002aae78000000, 0x00002aae78270000, 0x00002aae7b000000)
 total_blobs=453 nmethods=173 adapters=233 free_code_cache=48220Kb largest_free_block=49354176

Compilation events (10 events):
Event: 35.381 Thread 0x00002aae740ff000 nmethod 166 0x00002aae780ebed0 code [0x00002aae780ec080, 0x00002aae780ec8c8]
Event: 35.381 Thread 0x00002aae740ff000  167             java.lang.String::indexOf (7 bytes)
Event: 35.382 Thread 0x00002aae740ff000 nmethod 167 0x00002aae780e7450 code [0x00002aae780e75a0, 0x00002aae780e7608]
Event: 35.392 Thread 0x00002aae740fc800 nmethod 165 0x00002aae780ed150 code [0x00002aae780ed340, 0x00002aae780ede68]
Event: 35.651 Thread 0x00002aae740ff000  168             java.lang.System::getSecurityManager (4 bytes)
Event: 35.651 Thread 0x00002aae740ff000 nmethod 168 0x00002aae780e7250 code [0x00002aae780e7380, 0x00002aae780e73d8]
Event: 35.927 Thread 0x00002aae740ff000  170             java.lang.CharacterDataLatin1::toLowerCase (39 bytes)
Event: 35.927 Thread 0x00002aae740fc800  169             java.lang.Character::toLowerCase (9 bytes)
Event: 35.927 Thread 0x00002aae740ff000 nmethod 170 0x00002aae780e6fd0 code [0x00002aae780e7100, 0x00002aae780e71b8]
Event: 35.929 Thread 0x00002aae740fc800 nmethod 169 0x00002aae780e6b10 code [0x00002aae780e6c60, 0x00002aae780e6db8]

GC Heap History (0 events):
No events

Deoptimization events (10 events):
Event: 27.793 Thread 0x00002aae74008000 Uncommon trap -34 fr.pc 0x00002aae7809cfdc
Event: 27.793 Thread 0x00002aae74008000 Uncommon trap -34 fr.pc 0x00002aae7809cfdc
Event: 28.190 Thread 0x00002aae74008000 Uncommon trap -34 fr.pc 0x00002aae780afbd8
Event: 35.191 Thread 0x00002aae74008000 Uncommon trap -34 fr.pc 0x00002aae780afbd8
Event: 35.191 Thread 0x00002aae74008000 Uncommon trap -34 fr.pc 0x00002aae780afbd8
Event: 35.191 Thread 0x00002aae74008000 Uncommon trap -34 fr.pc 0x00002aae780afbd8
Event: 35.921 Thread 0x00002aae74008000 Uncommon trap -58 fr.pc 0x00002aae780d3964
Event: 35.927 Thread 0x00002aae74008000 Uncommon trap -58 fr.pc 0x00002aae780d3964
Event: 35.933 Thread 0x00002aae74008000 Uncommon trap -58 fr.pc 0x00002aae780d3964
Event: 35.951 Thread 0x00002aae74008000 Uncommon trap -58 fr.pc 0x00002aae780d3964

Internal exceptions (10 events):
Event: 35.896 Thread 0x00002aae74008000 Threw 0x00000000f08a2b98 at /builddir/build/BUILD/icedtea6-1.13.4/openjdk/hotspot/src/share/vm/prims/jvm.cpp:1235
Event: 35.898 Thread 0x00002aae74008000 Threw 0x00000000f08bd270 at /builddir/build/BUILD/icedtea6-1.13.4/openjdk/hotspot/src/share/vm/classfile/systemDictionary.cpp:179
Event: 35.898 Thread 0x00002aae74008000 Threw 0x00000000f08bd5f8 at /builddir/build/BUILD/icedtea6-1.13.4/openjdk/hotspot/src/share/vm/prims/jvm.cpp:1235
Event: 35.898 Thread 0x00002aae74008000 Threw 0x00000000f08bda30 at /builddir/build/BUILD/icedtea6-1.13.4/openjdk/hotspot/src/share/vm/prims/jvm.cpp:1235
Event: 35.899 Thread 0x00002aae74008000 Threw 0x00000000f08ccf58 at /builddir/build/BUILD/icedtea6-1.13.4/openjdk/hotspot/src/share/vm/classfile/systemDictionary.cpp:179
Event: 35.899 Thread 0x00002aae74008000 Threw 0x00000000f08cd2d8 at /builddir/build/BUILD/icedtea6-1.13.4/openjdk/hotspot/src/share/vm/prims/jvm.cpp:1235
Event: 35.899 Thread 0x00002aae74008000 Threw 0x00000000f08cd708 at /builddir/build/BUILD/icedtea6-1.13.4/openjdk/hotspot/src/share/vm/prims/jvm.cpp:1235
Event: 35.900 Thread 0x00002aae74008000 Threw 0x00000000f08db0e8 at /builddir/build/BUILD/icedtea6-1.13.4/openjdk/hotspot/src/share/vm/classfile/systemDictionary.cpp:179
Event: 35.900 Thread 0x00002aae74008000 Threw 0x00000000f08db648 at /builddir/build/BUILD/icedtea6-1.13.4/openjdk/hotspot/src/share/vm/prims/jvm.cpp:1235
Event: 35.900 Thread 0x00002aae74008000 Threw 0x00000000f08dbc58 at /builddir/build/BUILD/icedtea6-1.13.4/openjdk/hotspot/src/share/vm/prims/jvm.cpp:1235

Events (10 events):
Event: 35.933 Thread 0x00002aae74008000 DEOPT PACKING pc=0x00002aae780d3964 sp=0x00002aae72c154d0
Event: 35.933 Thread 0x00002aae74008000 DEOPT UNPACKING pc=0x00002aae78039145 sp=0x00002aae72c15480 mode 2
Event: 35.948 loading class 0x00002aae745eb970
Event: 35.949 loading class 0x00002aae745eb970 done
Event: 35.949 loading class 0x00002aae745ebb40
Event: 35.949 loading class 0x00002aae745ebbc0
Event: 35.949 loading class 0x00002aae745ebbc0 done
Event: 35.949 loading class 0x00002aae745ebb40 done
Event: 35.951 Thread 0x00002aae74008000 DEOPT PACKING pc=0x00002aae780d3964 sp=0x00002aae72c15500
Event: 35.951 Thread 0x00002aae74008000 DEOPT UNPACKING pc=0x00002aae78039145 sp=0x00002aae72c154b0 mode 2


Dynamic libraries:
00400000-00409000 r-xp 00000000 fd:01 5993                               /usr/lib/jvm/java-1.6.0-openjdk-1.6.0.0.x86_64/jre/bin/java
00608000-0060a000 rw-p 00008000 fd:01 5993                               /usr/lib/jvm/java-1.6.0-openjdk-1.6.0.0.x86_64/jre/bin/java
01069000-0108a000 rw-p 00000000 00:00 0                                  [heap]
b5a00000-b6ec0000 rw-p 00000000 00:00 0 
b6ec0000-c0000000 rw-p 00000000 00:00 0 
c0000000-100000000 rw-p 00000000 00:00 0 
364f800000-364f820000 r-xp 00000000 fd:01 130582                         /lib64/ld-2.12.so
364fa1f000-364fa20000 r--p 0001f000 fd:01 130582                         /lib64/ld-2.12.so
364fa20000-364fa21000 rw-p 00020000 fd:01 130582                         /lib64/ld-2.12.so
364fa21000-364fa22000 rw-p 00000000 00:00 0 
364fc00000-364fd8a000 r-xp 00000000 fd:01 130613                         /lib64/libc-2.12.so
364fd8a000-364ff8a000 ---p 0018a000 fd:01 130613                         /lib64/libc-2.12.so
364ff8a000-364ff8e000 r--p 0018a000 fd:01 130613                         /lib64/libc-2.12.so
364ff8e000-364ff8f000 rw-p 0018e000 fd:01 130613                         /lib64/libc-2.12.so
364ff8f000-364ff94000 rw-p 00000000 00:00 0 
3650000000-3650004000 r-xp 00000000 fd:01 13573                          /usr/lib/jvm/java-1.6.0-openjdk-1.6.0.0.x86_64/jre/lib/amd64/jli/libjli.so
3650004000-3650203000 ---p 00004000 fd:01 13573                          /usr/lib/jvm/java-1.6.0-openjdk-1.6.0.0.x86_64/jre/lib/amd64/jli/libjli.so
3650203000-3650204000 rw-p 00003000 fd:01 13573                          /usr/lib/jvm/java-1.6.0-openjdk-1.6.0.0.x86_64/jre/lib/amd64/jli/libjli.so
3650400000-3650417000 r-xp 00000000 fd:01 130636                         /lib64/libpthread-2.12.so
3650417000-3650617000 ---p 00017000 fd:01 130636                         /lib64/libpthread-2.12.so
3650617000-3650618000 r--p 00017000 fd:01 130636                         /lib64/libpthread-2.12.so
3650618000-3650619000 rw-p 00018000 fd:01 130636                         /lib64/libpthread-2.12.so
3650619000-365061d000 rw-p 00000000 00:00 0 
3650800000-3650802000 r-xp 00000000 fd:01 130624                         /lib64/libdl-2.12.so
3650802000-3650a02000 ---p 00002000 fd:01 130624                         /lib64/libdl-2.12.so
3650a02000-3650a03000 r--p 00002000 fd:01 130624                         /lib64/libdl-2.12.so
3650a03000-3650a04000 rw-p 00003000 fd:01 130624                         /lib64/libdl-2.12.so
3650c00000-3650c15000 r-xp 00000000 fd:01 130638                         /lib64/libz.so.1.2.3
3650c15000-3650e14000 ---p 00015000 fd:01 130638                         /lib64/libz.so.1.2.3
3650e14000-3650e15000 r--p 00014000 fd:01 130638                         /lib64/libz.so.1.2.3
3650e15000-3650e16000 rw-p 00015000 fd:01 130638                         /lib64/libz.so.1.2.3
3651000000-3651007000 r-xp 00000000 fd:01 132701                         /lib64/librt-2.12.so
3651007000-3651206000 ---p 00007000 fd:01 132701                         /lib64/librt-2.12.so
3651206000-3651207000 r--p 00006000 fd:01 132701                         /lib64/librt-2.12.so
3651207000-3651208000 rw-p 00007000 fd:01 132701                         /lib64/librt-2.12.so
3651800000-3651816000 r-xp 00000000 fd:01 133662                         /lib64/libgcc_s-4.4.7-20120601.so.1
3651816000-3651a15000 ---p 00016000 fd:01 133662                         /lib64/libgcc_s-4.4.7-20120601.so.1
3651a15000-3651a16000 rw-p 00015000 fd:01 133662                         /lib64/libgcc_s-4.4.7-20120601.so.1
3653000000-36530e8000 r-xp 00000000 fd:01 49938                          /usr/lib64/libstdc++.so.6.0.13
36530e8000-36532e8000 ---p 000e8000 fd:01 49938                          /usr/lib64/libstdc++.so.6.0.13
36532e8000-36532ef000 r--p 000e8000 fd:01 49938                          /usr/lib64/libstdc++.so.6.0.13
36532ef000-36532f1000 rw-p 000ef000 fd:01 49938                          /usr/lib64/libstdc++.so.6.0.13
36532f1000-3653306000 rw-p 00000000 00:00 0 
3659000000-3659098000 r-xp 00000000 fd:01 4478                           /usr/lib64/libfreetype.so.6.3.22
3659098000-3659297000 ---p 00098000 fd:01 4478                           /usr/lib64/libfreetype.so.6.3.22
3659297000-365929d000 rw-p 00097000 fd:01 4478                           /usr/lib64/libfreetype.so.6.3.22
365c200000-365c216000 r-xp 00000000 fd:01 137559                         /lib64/libnsl-2.12.so
365c216000-365c415000 ---p 00016000 fd:01 137559                         /lib64/libnsl-2.12.so
365c415000-365c416000 r--p 00015000 fd:01 137559                         /lib64/libnsl-2.12.so
365c416000-365c417000 rw-p 00016000 fd:01 137559                         /lib64/libnsl-2.12.so
365c417000-365c419000 rw-p 00000000 00:00 0 
2aae71b8c000-2aae71b8d000 rw-p 00000000 00:00 0 
2aae71ba3000-2aae71ba7000 rw-p 00000000 00:00 0 
2aae71ba7000-2aae725b2000 r-xp 00000000 fd:01 23213                      /usr/lib/jvm/java-1.6.0-openjdk-1.6.0.0.x86_64/jre/lib/amd64/server/libjvm.so
2aae725b2000-2aae727b2000 ---p 00a0b000 fd:01 23213                      /usr/lib/jvm/java-1.6.0-openjdk-1.6.0.0.x86_64/jre/lib/amd64/server/libjvm.so
2aae727b2000-2aae72853000 rw-p 00a0b000 fd:01 23213                      /usr/lib/jvm/java-1.6.0-openjdk-1.6.0.0.x86_64/jre/lib/amd64/server/libjvm.so
2aae72853000-2aae7287c000 rw-p 00000000 00:00 0 
2aae72892000-2aae72915000 r-xp 00000000 fd:01 130627                     /lib64/libm-2.12.so
2aae72915000-2aae72b14000 ---p 00083000 fd:01 130627                     /lib64/libm-2.12.so
2aae72b14000-2aae72b15000 r--p 00082000 fd:01 130627                     /lib64/libm-2.12.so
2aae72b15000-2aae72b16000 rw-p 00083000 fd:01 130627                     /lib64/libm-2.12.so
2aae72b16000-2aae72b19000 ---p 00000000 00:00 0 
2aae72b19000-2aae72c17000 rw-p 00000000 00:00 0 
2aae72c17000-2aae72c25000 r-xp 00000000 fd:01 23207                      /usr/lib/jvm/java-1.6.0-openjdk-1.6.0.0.x86_64/jre/lib/amd64/libverify.so
2aae72c25000-2aae72e25000 ---p 0000e000 fd:01 23207                      /usr/lib/jvm/java-1.6.0-openjdk-1.6.0.0.x86_64/jre/lib/amd64/libverify.so
2aae72e25000-2aae72e27000 rw-p 0000e000 fd:01 23207                      /usr/lib/jvm/java-1.6.0-openjdk-1.6.0.0.x86_64/jre/lib/amd64/libverify.so
2aae72e27000-2aae72e54000 r-xp 00000000 fd:01 23159                      /usr/lib/jvm/java-1.6.0-openjdk-1.6.0.0.x86_64/jre/lib/amd64/libjava.so
2aae72e54000-2aae73053000 ---p 0002d000 fd:01 23159                      /usr/lib/jvm/java-1.6.0-openjdk-1.6.0.0.x86_64/jre/lib/amd64/libjava.so
2aae73053000-2aae73057000 rw-p 0002c000 fd:01 23159                      /usr/lib/jvm/java-1.6.0-openjdk-1.6.0.0.x86_64/jre/lib/amd64/libjava.so
2aae73057000-2aae73058000 r--p 00000000 00:00 0 
2aae73058000-2aae73059000 rw-p 00000000 00:00 0 
2aae73059000-2aae7308e000 r--s 00000000 fd:02 128540                     /var/db/nscd/passwd
2aae7308e000-2aae73096000 rw-s 00000000 fd:03 38                         /tmp/hsperfdata_dw07r324/1741
2aae73096000-2aae7309d000 r-xp 00000000 fd:01 23208                      /usr/lib/jvm/java-1.6.0-openjdk-1.6.0.0.x86_64/jre/lib/amd64/libzip.so
2aae7309d000-2aae7329d000 ---p 00007000 fd:01 23208                      /usr/lib/jvm/java-1.6.0-openjdk-1.6.0.0.x86_64/jre/lib/amd64/libzip.so
2aae7329d000-2aae7329e000 rw-p 00007000 fd:01 23208                      /usr/lib/jvm/java-1.6.0-openjdk-1.6.0.0.x86_64/jre/lib/amd64/libzip.so
2aae74000000-2aae752aa000 rw-p 00000000 00:00 0 
2aae752aa000-2aae78000000 ---p 00000000 00:00 0 
2aae78000000-2aae78270000 rwxp 00000000 00:00 0 
2aae78270000-2aae7b000000 rw-p 00000000 00:00 0 
2aae7b000000-2aae7b00a000 rw-p 00000000 00:00 0 
2aae7b00a000-2aae7b0c0000 rw-p 00000000 00:00 0 
2aae7b0c0000-2aae7b0cb000 rw-p 00000000 00:00 0 
2aae7b0cb000-2aae7b113000 rw-p 00000000 00:00 0 
2aae7b113000-2aae7b475000 rw-p 00000000 00:00 0 
2aae7b475000-2aae7b4bd000 rw-p 00000000 00:00 0 
2aae7b4bd000-2aae7b4be000 ---p 00000000 00:00 0 
2aae7b4be000-2aae7b5be000 rw-p 00000000 00:00 0 
2aae7b5be000-2aae7b5bf000 ---p 00000000 00:00 0 
2aae7b5bf000-2aae7b6bf000 rw-p 00000000 00:00 0 
2aae7b6bf000-2aae7b6c0000 ---p 00000000 00:00 0 
2aae7b6c0000-2aae7b7c0000 rw-p 00000000 00:00 0 
2aae7b7c0000-2aae7b7c1000 ---p 00000000 00:00 0 
2aae7b7c1000-2aae7b8c1000 rw-p 00000000 00:00 0 
2aae7b8c1000-2aae7b8c2000 ---p 00000000 00:00 0 
2aae7b8c2000-2aae7b9c2000 rw-p 00000000 00:00 0 
2aae7b9c2000-2aae7b9c3000 ---p 00000000 00:00 0 
2aae7b9c3000-2aae7bac3000 rw-p 00000000 00:00 0 
2aae7bac3000-2aae7bac4000 ---p 00000000 00:00 0 
2aae7bac4000-2aae7bbc4000 rw-p 00000000 00:00 0 
2aae7bbc4000-2aae7bbc5000 ---p 00000000 00:00 0 
2aae7bbc5000-2aae7bcc5000 rw-p 00000000 00:00 0 
2aae7c000000-2aae7c021000 rw-p 00000000 00:00 0 
2aae7c021000-2aae80000000 ---p 00000000 00:00 0 
2aae80000000-2aae80021000 rw-p 00000000 00:00 0 
2aae80021000-2aae84000000 ---p 00000000 00:00 0 
2aae84000000-2aae84021000 rw-p 00000000 00:00 0 
2aae84021000-2aae88000000 ---p 00000000 00:00 0 
2aae88000000-2aae88021000 rw-p 00000000 00:00 0 
2aae88021000-2aae8c000000 ---p 00000000 00:00 0 
2aae8c000000-2aae8c021000 rw-p 00000000 00:00 0 
2aae8c021000-2aae90000000 ---p 00000000 00:00 0 
2aae90000000-2aae90021000 rw-p 00000000 00:00 0 
2aae90021000-2aae94000000 ---p 00000000 00:00 0 
2aae94000000-2aae96ea4000 rw-p 00000000 00:00 0 
2aae96ea4000-2aae9703a000 r--s 01a15000 fd:01 23288                      /usr/lib/jvm/java-1.6.0-openjdk-1.6.0.0.x86_64/jre/lib/rt.jar
2aae9703a000-2aae97f20000 rw-p 00000000 00:00 0 
2aae98000000-2aae98021000 rw-p 00000000 00:00 0 
2aae98021000-2aae9c000000 ---p 00000000 00:00 0 
2aae9c000000-2aae9cd91000 rw-p 00000000 00:00 0 
2aae9cd91000-2aae9cd92000 ---p 00000000 00:00 0 
2aae9cd92000-2aae9ce92000 rw-p 00000000 00:00 0 
2aaea0000000-2aaea0021000 rw-p 00000000 00:00 0 
2aaea0021000-2aaea4000000 ---p 00000000 00:00 0 
2aaea4000000-2aaea4021000 rw-p 00000000 00:00 0 
2aaea4021000-2aaea8000000 ---p 00000000 00:00 0 
2aaea8000000-2aaea8003000 ---p 00000000 00:00 0 
2aaea8003000-2aaea8101000 rw-p 00000000 00:00 0 
2aaea8101000-2aaea8104000 ---p 00000000 00:00 0 
2aaea8104000-2aaea8202000 rw-p 00000000 00:00 0 
2aaeac000000-2aaeac021000 rw-p 00000000 00:00 0 
2aaeac021000-2aaeb0000000 ---p 00000000 00:00 0 
2aaeb0000000-2aaeb0021000 rw-p 00000000 00:00 0 
2aaeb0021000-2aaeb4000000 ---p 00000000 00:00 0 
2aaeb4000000-2aaeb9e91000 r--p 00000000 fd:01 49935                      /usr/lib/locale/locale-archive
2aaeb9e91000-2aaeb9e94000 ---p 00000000 00:00 0 
2aaeb9e94000-2aaeb9f92000 rw-p 00000000 00:00 0 
2aaeb9f92000-2aaeb9f95000 ---p 00000000 00:00 0 
2aaeb9f95000-2aaeba093000 rw-p 00000000 00:00 0 
2aaeba093000-2aaeba096000 ---p 00000000 00:00 0 
2aaeba096000-2aaeba194000 rw-p 00000000 00:00 0 
2aaeba194000-2aaeba197000 ---p 00000000 00:00 0 
2aaeba197000-2aaeba295000 rw-p 00000000 00:00 0 
2aaeba295000-2aaeba296000 ---p 00000000 00:00 0 
2aaeba296000-2aaeba396000 rw-p 00000000 00:00 0 
2aaeba396000-2aaeba398000 r--s 00009000 00:35 125760574                  /mmfs/automount/gpfs/homefs/sm/dw07r324/bin/GOAL-20140808/lib/jpf-boot.jar
2aaeba398000-2aaeba39b000 r--s 0000f000 fd:01 23233                      /usr/lib/jvm/java-1.6.0-openjdk-1.6.0.0.x86_64/jre/lib/ext/pulse-java.jar
2aaeba39b000-2aaeba3a4000 r--s 00065000 fd:01 23228                      /usr/lib/jvm/java-1.6.0-openjdk-1.6.0.0.x86_64/jre/lib/ext/gnome-java-bridge.jar
2aaeba3a4000-2aaeba3a6000 r--s 00009000 00:35 125760574                  /mmfs/automount/gpfs/homefs/sm/dw07r324/bin/GOAL-20140808/lib/jpf-boot.jar
2aaeba3a6000-2aaeba3aa000 r--s 0003c000 fd:01 14238                      /usr/lib/jvm/java-1.6.0-openjdk-1.6.0.0.x86_64/jre/lib/jsse.jar
2aaeba3aa000-2aaeba3af000 r--s 0002d000 00:35 125760577                  /mmfs/automount/gpfs/homefs/sm/dw07r324/bin/GOAL-20140808/lib/jpf.jar
2aaeba3af000-2aaeba3b1000 r--s 0000d000 00:35 125760571                  /mmfs/automount/gpfs/homefs/sm/dw07r324/bin/GOAL-20140808/lib/commons-logging.jar
2aaeba3b1000-2aaeba3b3000 r--s 00012000 00:35 125760576                  /mmfs/automount/gpfs/homefs/sm/dw07r324/bin/GOAL-20140808/lib/jpf-tools.jar
2aaeba3b3000-2aaeba3ba000 r--s 00039000 00:35 125760578                  /mmfs/automount/gpfs/homefs/sm/dw07r324/bin/GOAL-20140808/lib/jxp.jar
2aaeba3ba000-2aaeba3bc000 r--s 00004000 00:35 125760570                  /mmfs/automount/gpfs/homefs/sm/dw07r324/bin/GOAL-20140808/lib/AppleJavaExtensions.jar
2aaeba3bc000-2aaeba3c1000 r--s 0002a000 00:35 125760572                  /mmfs/automount/gpfs/homefs/sm/dw07r324/bin/GOAL-20140808/lib/gson-2.2.2.jar
2aaeba3c1000-2aaeba3c4000 r--s 0001a000 00:35 125760579                  /mmfs/automount/gpfs/homefs/sm/dw07r324/bin/GOAL-20140808/lib/minijdd_104.jar
2aaeba3c4000-2aaeba3e7000 r--s 0022d000 00:35 118252796                  /mmfs/automount/gpfs/homefs/sm/dw07r324/bin/GOAL-20140808/.jpf-shadow/org.svvrl.goal.core@2014.8.8.zip (deleted)
2aaeba3e7000-2aaeba48a000 r-xp 00000000 fd:01 13434                      /usr/lib/jvm/java-1.6.0-openjdk-1.6.0.0.x86_64/jre/lib/amd64/libawt.so
2aaeba48a000-2aaeba68a000 ---p 000a3000 fd:01 13434                      /usr/lib/jvm/java-1.6.0-openjdk-1.6.0.0.x86_64/jre/lib/amd64/libawt.so
2aaeba68a000-2aaeba696000 rw-p 000a3000 fd:01 13434                      /usr/lib/jvm/java-1.6.0-openjdk-1.6.0.0.x86_64/jre/lib/amd64/libawt.so
2aaeba696000-2aaeba6ba000 rw-p 00000000 00:00 0 
2aaeba6ba000-2aaeba6c0000 r-xp 00000000 fd:01 8525                       /usr/lib/jvm/java-1.6.0-openjdk-1.6.0.0.x86_64/jre/lib/amd64/headless/libmawt.so
2aaeba6c0000-2aaeba8bf000 ---p 00006000 fd:01 8525                       /usr/lib/jvm/java-1.6.0-openjdk-1.6.0.0.x86_64/jre/lib/amd64/headless/libmawt.so
2aaeba8bf000-2aaeba8c0000 rw-p 00005000 fd:01 8525                       /usr/lib/jvm/java-1.6.0-openjdk-1.6.0.0.x86_64/jre/lib/amd64/headless/libmawt.so
2aaeba8c0000-2aaeba8db000 r--s 0029a000 00:35 107167332                  /mmfs/automount/gpfs/homefs/sm/dw07r324/bin/GOAL-20140808/.jpf-shadow/org.svvrl.goal.gui@2014.8.8.zip (deleted)
2aaeba8db000-2aaeba928000 r-xp 00000000 fd:01 13546                      /usr/lib/jvm/java-1.6.0-openjdk-1.6.0.0.x86_64/jre/lib/amd64/libfontmanager.so
2aaeba928000-2aaebab28000 ---p 0004d000 fd:01 13546                      /usr/lib/jvm/java-1.6.0-openjdk-1.6.0.0.x86_64/jre/lib/amd64/libfontmanager.so
2aaebab28000-2aaebab2b000 rw-p 0004d000 fd:01 13546                      /usr/lib/jvm/java-1.6.0-openjdk-1.6.0.0.x86_64/jre/lib/amd64/libfontmanager.so
2aaebab2b000-2aaebab2e000 ---p 00000000 00:00 0 
2aaebab2e000-2aaebac2c000 rw-p 00000000 00:00 0 
2aaebac2c000-2aaebac33000 r--s 00000000 fd:02 1513                       /var/cache/fontconfig/12b26b760a24f8b4feb03ad48a333a72-le64.cache-3
2aaebac33000-2aaebac3c000 r--s 00000000 fd:02 1443                       /var/cache/fontconfig/b79f3aaa7d385a141ab53ec885cc22a8-le64.cache-3
2aaebac3c000-2aaebac40000 r--s 00000000 fd:02 1132                       /var/cache/fontconfig/87f5e051180a7a75f16eb6fe7dbd3749-le64.cache-3
2aaebac40000-2aaebac56000 r-xp 00000000 fd:01 23199                      /usr/lib/jvm/java-1.6.0-openjdk-1.6.0.0.x86_64/jre/lib/amd64/libnet.so
2aaebac56000-2aaebae55000 ---p 00016000 fd:01 23199                      /usr/lib/jvm/java-1.6.0-openjdk-1.6.0.0.x86_64/jre/lib/amd64/libnet.so
2aaebae55000-2aaebae56000 rw-p 00015000 fd:01 23199                      /usr/lib/jvm/java-1.6.0-openjdk-1.6.0.0.x86_64/jre/lib/amd64/libnet.so
2aaebae56000-2aaebae5e000 r-xp 00000000 fd:01 23200                      /usr/lib/jvm/java-1.6.0-openjdk-1.6.0.0.x86_64/jre/lib/amd64/libnio.so
2aaebae5e000-2aaebb05d000 ---p 00008000 fd:01 23200                      /usr/lib/jvm/java-1.6.0-openjdk-1.6.0.0.x86_64/jre/lib/amd64/libnio.so
2aaebb05d000-2aaebb05e000 rw-p 00007000 fd:01 23200                      /usr/lib/jvm/java-1.6.0-openjdk-1.6.0.0.x86_64/jre/lib/amd64/libnio.so
2aaebb05e000-2aaebb065000 r--s 00000000 fd:02 1513                       /var/cache/fontconfig/12b26b760a24f8b4feb03ad48a333a72-le64.cache-3
2aaebb065000-2aaebb06e000 r--s 00000000 fd:02 1443                       /var/cache/fontconfig/b79f3aaa7d385a141ab53ec885cc22a8-le64.cache-3
2aaebb06e000-2aaebb072000 r--s 00000000 fd:02 1132                       /var/cache/fontconfig/87f5e051180a7a75f16eb6fe7dbd3749-le64.cache-3
2aaebb072000-2aaebb078000 r--s 0004b000 00:35 116141406                  /mmfs/automount/gpfs/homefs/sm/dw07r324/bin/GOAL-20140808/.jpf-shadow/org.svvrl.goal.cmd@2014.8.8.zip
2aaebb078000-2aaebb07a000 rw-p 00000000 00:00 0 
2aaebc000000-2aaebc021000 rw-p 00000000 00:00 0 
2aaebc021000-2aaec0000000 ---p 00000000 00:00 0 
2aaec0000000-2aaec1241000 rw-p 00000000 00:00 0 
2aaec1241000-2aaec4000000 ---p 00000000 00:00 0 
2aaec4000000-2aaec4dd3000 rw-p 00000000 00:00 0 
2aaec4dd3000-2aaec8000000 ---p 00000000 00:00 0 
2aaec8000000-2aaec8021000 rw-p 00000000 00:00 0 
2aaec8021000-2aaecc000000 ---p 00000000 00:00 0 
2aaecc000000-2aaecc021000 rw-p 00000000 00:00 0 
2aaecc021000-2aaed0000000 ---p 00000000 00:00 0 
2aaed0000000-2aaed0021000 rw-p 00000000 00:00 0 
2aaed0021000-2aaed4000000 ---p 00000000 00:00 0 
7fffbf5b2000-7fffbf5e8000 rw-p 00000000 00:00 0                          [stack]
7fffbf5ff000-7fffbf600000 r-xp 00000000 00:00 0                          [vdso]
ffffffffff600000-ffffffffff601000 r-xp 00000000 00:00 0                  [vsyscall]

VM Arguments:
jvm_args: -Xmx1G -Xms1G -DapplicationRoot=/home/ubelix/sm/dw07r324/bin/GOAL-20140808 -Dorg.java.plugin.boot.pluginsRepositories=/home/ubelix/sm/dw07r324/bin/GOAL-20140808/plugins -Djpf.boot.config=/home/ubelix/sm/dw07r324/bin/GOAL-20140808/boot.properties -Dorg.apache.commons.logging.Log=org.apache.commons.logging.impl.SimpleLog -Dorg.apache.commons.logging.simplelog.log.org.java.plugin=fatal 
java_command: /home/ubelix/sm/dw07r324/bin/GOAL-20140808/lib/jpf-boot.jar complement -m piterman -eq -macc -sp -ro -r /scratch/local/8663605.1.all.q/test_set_s15/s15_t2.0_a0.6_017.gff
Launcher Type: SUN_STANDARD

Environment Variables:
CLASSPATH=/home/ubelix/sm/dw07r324/bin/GOAL-20140808:/home/ubelix/sm/dw07r324/bin/GOAL-20140808/plugins:/home/ubelix/sm/dw07r324/bin/GOAL-20140808/lib:
PATH=/scratch/local/8663605.1.all.q:/usr/lib64/qt-3.3/bin:/usr/local/bin:/bin:/usr/bin:/usr/local/sbin:/usr/sbin:/sbin:/usr/lpp/mmfs/bin:/home/ubelix/sm/dw07r324/bin/GOAL-20140808:/home/ubelix/sm/dw07r324/bin/gnu_time/bin:/usr/lpp/mmfs/bin
LD_LIBRARY_PATH=/usr/lib/jvm/java-1.6.0-openjdk-1.6.0.0.x86_64/jre/lib/amd64/server:/usr/lib/jvm/java-1.6.0-openjdk-1.6.0.0.x86_64/jre/lib/amd64:/usr/lib/jvm/java-1.6.0-openjdk-1.6.0.0.x86_64/jre/../lib/amd64
SHELL=/bin/bash

Signal Handlers:
SIGSEGV: [libjvm.so+0x870a40], sa_mask[0]=0x7ffbfeff, sa_flags=0x10000004
SIGBUS: [libjvm.so+0x870a40], sa_mask[0]=0x7ffbfeff, sa_flags=0x10000004
SIGFPE: [libjvm.so+0x719240], sa_mask[0]=0x7ffbfeff, sa_flags=0x10000004
SIGPIPE: [libjvm.so+0x719240], sa_mask[0]=0x7ffbfeff, sa_flags=0x10000004
SIGXFSZ: [libjvm.so+0x719240], sa_mask[0]=0x7ffbfeff, sa_flags=0x10000004
SIGILL: [libjvm.so+0x719240], sa_mask[0]=0x7ffbfeff, sa_flags=0x10000004
SIGUSR1: SIG_DFL, sa_mask[0]=0x00000000, sa_flags=0x00000000
SIGUSR2: [libjvm.so+0x718d60], sa_mask[0]=0x00000000, sa_flags=0x10000004
SIGHUP: [libjvm.so+0x71bdf0], sa_mask[0]=0x7ffbfeff, sa_flags=0x10000004
SIGINT: [libjvm.so+0x71bdf0], sa_mask[0]=0x7ffbfeff, sa_flags=0x10000004
SIGTERM: [libjvm.so+0x71bdf0], sa_mask[0]=0x7ffbfeff, sa_flags=0x10000004
SIGQUIT: [libjvm.so+0x71bdf0], sa_mask[0]=0x7ffbfeff, sa_flags=0x10000004


---------------  S Y S T E M  ---------------

OS:Red Hat Enterprise Linux ComputeNode release 6.5 (Santiago)

uname:Linux 2.6.32-431.29.2.el6.x86_64 #1 SMP Sun Jul 27 15:55:46 EDT 2014 x86_64
libc:glibc 2.12 NPTL 2.12 
rlimit: STACK infinity, CORE infinity, NPROC 127431, NOFILE 4096, AS 8388608k
load average:3.26 3.36 3.48

/proc/meminfo:
MemTotal:       16331612 kB
MemFree:         5000528 kB
Buffers:           18008 kB
Cached:          6083512 kB
SwapCached:           88 kB
Active:          2892236 kB
Inactive:        3757872 kB
Active(anon):     485296 kB
Inactive(anon):    63548 kB
Active(file):    2406940 kB
Inactive(file):  3694324 kB
Unevictable:     4082900 kB
Mlocked:         4082900 kB
SwapTotal:       8388604 kB
SwapFree:        8388380 kB
Dirty:                56 kB
Writeback:             0 kB
AnonPages:       4631496 kB
Mapped:            98984 kB
Shmem:               192 kB
Slab:             374988 kB
SReclaimable:     307944 kB
SUnreclaim:        67044 kB
KernelStack:        4720 kB
PageTables:        16856 kB
NFS_Unstable:          0 kB
Bounce:                0 kB
WritebackTmp:          0 kB
CommitLimit:    16554408 kB
Committed_AS:    6813760 kB
VmallocTotal:   34359738367 kB
VmallocUsed:      109412 kB
VmallocChunk:   34351234244 kB
HardwareCorrupted:     0 kB
AnonHugePages:         0 kB
HugePages_Total:       0
HugePages_Free:        0
HugePages_Rsvd:        0
HugePages_Surp:        0
Hugepagesize:       2048 kB
DirectMap4k:        9920 kB
DirectMap2M:     2086912 kB
DirectMap1G:    14680064 kB


CPU:total 8 (4 cores per cpu, 1 threads per core) family 16 model 2 stepping 3, cmov, cx8, fxsr, mmx, sse, sse2, sse3, popcnt, mmxext, 3dnowpref, lzcnt, sse4a, tsc, tscinvbit, tscinv

/proc/cpuinfo:
processor	: 0
vendor_id	: AuthenticAMD
cpu family	: 16
model		: 2
model name	: Quad-Core AMD Opteron(tm) Processor 2354
stepping	: 3
cpu MHz		: 2200.000
cache size	: 512 KB
physical id	: 0
siblings	: 4
core id		: 0
cpu cores	: 4
apicid		: 0
initial apicid	: 0
fpu		: yes
fpu_exception	: yes
cpuid level	: 5
wp		: yes
flags		: fpu vme de pse tsc msr pae mce cx8 apic sep mtrr pge mca cmov pat pse36 clflush mmx fxsr sse sse2 ht syscall nx mmxext fxsr_opt pdpe1gb rdtscp lm 3dnowext 3dnow constant_tsc rep_good nonstop_tsc extd_apicid pni monitor cx16 popcnt lahf_lm cmp_legacy svm extapic cr8_legacy abm sse4a misalignsse 3dnowprefetch osvw ibs npt lbrv svm_lock
bogomips	: 4422.88
TLB size	: 1024 4K pages
clflush size	: 64
cache_alignment	: 64
address sizes	: 48 bits physical, 48 bits virtual
power management: ts ttp tm stc 100mhzsteps hwpstate

processor	: 1
vendor_id	: AuthenticAMD
cpu family	: 16
model		: 2
model name	: Quad-Core AMD Opteron(tm) Processor 2354
stepping	: 3
cpu MHz		: 2200.000
cache size	: 512 KB
physical id	: 0
siblings	: 4
core id		: 1
cpu cores	: 4
apicid		: 1
initial apicid	: 1
fpu		: yes
fpu_exception	: yes
cpuid level	: 5
wp		: yes
flags		: fpu vme de pse tsc msr pae mce cx8 apic sep mtrr pge mca cmov pat pse36 clflush mmx fxsr sse sse2 ht syscall nx mmxext fxsr_opt pdpe1gb rdtscp lm 3dnowext 3dnow constant_tsc rep_good nonstop_tsc extd_apicid pni monitor cx16 popcnt lahf_lm cmp_legacy svm extapic cr8_legacy abm sse4a misalignsse 3dnowprefetch osvw ibs npt lbrv svm_lock
bogomips	: 4422.88
TLB size	: 1024 4K pages
clflush size	: 64
cache_alignment	: 64
address sizes	: 48 bits physical, 48 bits virtual
power management: ts ttp tm stc 100mhzsteps hwpstate

processor	: 2
vendor_id	: AuthenticAMD
cpu family	: 16
model		: 2
model name	: Quad-Core AMD Opteron(tm) Processor 2354
stepping	: 3
cpu MHz		: 2200.000
cache size	: 512 KB
physical id	: 0
siblings	: 4
core id		: 2
cpu cores	: 4
apicid		: 2
initial apicid	: 2
fpu		: yes
fpu_exception	: yes
cpuid level	: 5
wp		: yes
flags		: fpu vme de pse tsc msr pae mce cx8 apic sep mtrr pge mca cmov pat pse36 clflush mmx fxsr sse sse2 ht syscall nx mmxext fxsr_opt pdpe1gb rdtscp lm 3dnowext 3dnow constant_tsc rep_good nonstop_tsc extd_apicid pni monitor cx16 popcnt lahf_lm cmp_legacy svm extapic cr8_legacy abm sse4a misalignsse 3dnowprefetch osvw ibs npt lbrv svm_lock
bogomips	: 4422.88
TLB size	: 1024 4K pages
clflush size	: 64
cache_alignment	: 64
address sizes	: 48 bits physical, 48 bits virtual
power management: ts ttp tm stc 100mhzsteps hwpstate

processor	: 3
vendor_id	: AuthenticAMD
cpu family	: 16
model		: 2
model name	: Quad-Core AMD Opteron(tm) Processor 2354
stepping	: 3
cpu MHz		: 2200.000
cache size	: 512 KB
physical id	: 0
siblings	: 4
core id		: 3
cpu cores	: 4
apicid		: 3
initial apicid	: 3
fpu		: yes
fpu_exception	: yes
cpuid level	: 5
wp		: yes
flags		: fpu vme de pse tsc msr pae mce cx8 apic sep mtrr pge mca cmov pat pse36 clflush mmx fxsr sse sse2 ht syscall nx mmxext fxsr_opt pdpe1gb rdtscp lm 3dnowext 3dnow constant_tsc rep_good nonstop_tsc extd_apicid pni monitor cx16 popcnt lahf_lm cmp_legacy svm extapic cr8_legacy abm sse4a misalignsse 3dnowprefetch osvw ibs npt lbrv svm_lock
bogomips	: 4422.88
TLB size	: 1024 4K pages
clflush size	: 64
cache_alignment	: 64
address sizes	: 48 bits physical, 48 bits virtual
power management: ts ttp tm stc 100mhzsteps hwpstate

processor	: 4
vendor_id	: AuthenticAMD
cpu family	: 16
model		: 2
model name	: Quad-Core AMD Opteron(tm) Processor 2354
stepping	: 3
cpu MHz		: 2200.000
cache size	: 512 KB
physical id	: 1
siblings	: 4
core id		: 0
cpu cores	: 4
apicid		: 4
initial apicid	: 4
fpu		: yes
fpu_exception	: yes
cpuid level	: 5
wp		: yes
flags		: fpu vme de pse tsc msr pae mce cx8 apic sep mtrr pge mca cmov pat pse36 clflush mmx fxsr sse sse2 ht syscall nx mmxext fxsr_opt pdpe1gb rdtscp lm 3dnowext 3dnow constant_tsc rep_good nonstop_tsc extd_apicid pni monitor cx16 popcnt lahf_lm cmp_legacy svm extapic cr8_legacy abm sse4a misalignsse 3dnowprefetch osvw ibs npt lbrv svm_lock
bogomips	: 4422.23
TLB size	: 1024 4K pages
clflush size	: 64
cache_alignment	: 64
address sizes	: 48 bits physical, 48 bits virtual
power management: ts ttp tm stc 100mhzsteps hwpstate

processor	: 5
vendor_id	: AuthenticAMD
cpu family	: 16
model		: 2
model name	: Quad-Core AMD Opteron(tm) Processor 2354
stepping	: 3
cpu MHz		: 2200.000
cache size	: 512 KB
physical id	: 1
siblings	: 4
core id		: 1
cpu cores	: 4
apicid		: 5
initial apicid	: 5
fpu		: yes
fpu_exception	: yes
cpuid level	: 5
wp		: yes
flags		: fpu vme de pse tsc msr pae mce cx8 apic sep mtrr pge mca cmov pat pse36 clflush mmx fxsr sse sse2 ht syscall nx mmxext fxsr_opt pdpe1gb rdtscp lm 3dnowext 3dnow constant_tsc rep_good nonstop_tsc extd_apicid pni monitor cx16 popcnt lahf_lm cmp_legacy svm extapic cr8_legacy abm sse4a misalignsse 3dnowprefetch osvw ibs npt lbrv svm_lock
bogomips	: 4422.23
TLB size	: 1024 4K pages
clflush size	: 64
cache_alignment	: 64
address sizes	: 48 bits physical, 48 bits virtual
power management: ts ttp tm stc 100mhzsteps hwpstate

processor	: 6
vendor_id	: AuthenticAMD
cpu family	: 16
model		: 2
model name	: Quad-Core AMD Opteron(tm) Processor 2354
stepping	: 3
cpu MHz		: 2200.000
cache size	: 512 KB
physical id	: 1
siblings	: 4
core id		: 2
cpu cores	: 4
apicid		: 6
initial apicid	: 6
fpu		: yes
fpu_exception	: yes
cpuid level	: 5
wp		: yes
flags		: fpu vme de pse tsc msr pae mce cx8 apic sep mtrr pge mca cmov pat pse36 clflush mmx fxsr sse sse2 ht syscall nx mmxext fxsr_opt pdpe1gb rdtscp lm 3dnowext 3dnow constant_tsc rep_good nonstop_tsc extd_apicid pni monitor cx16 popcnt lahf_lm cmp_legacy svm extapic cr8_legacy abm sse4a misalignsse 3dnowprefetch osvw ibs npt lbrv svm_lock
bogomips	: 4422.23
TLB size	: 1024 4K pages
clflush size	: 64
cache_alignment	: 64
address sizes	: 48 bits physical, 48 bits virtual
power management: ts ttp tm stc 100mhzsteps hwpstate

processor	: 7
vendor_id	: AuthenticAMD
cpu family	: 16
model		: 2
model name	: Quad-Core AMD Opteron(tm) Processor 2354
stepping	: 3
cpu MHz		: 2200.000
cache size	: 512 KB
physical id	: 1
siblings	: 4
core id		: 3
cpu cores	: 4
apicid		: 7
initial apicid	: 7
fpu		: yes
fpu_exception	: yes
cpuid level	: 5
wp		: yes
flags		: fpu vme de pse tsc msr pae mce cx8 apic sep mtrr pge mca cmov pat pse36 clflush mmx fxsr sse sse2 ht syscall nx mmxext fxsr_opt pdpe1gb rdtscp lm 3dnowext 3dnow constant_tsc rep_good nonstop_tsc extd_apicid pni monitor cx16 popcnt lahf_lm cmp_legacy svm extapic cr8_legacy abm sse4a misalignsse 3dnowprefetch osvw ibs npt lbrv svm_lock
bogomips	: 4422.23
TLB size	: 1024 4K pages
clflush size	: 64
cache_alignment	: 64
address sizes	: 48 bits physical, 48 bits virtual
power management: ts ttp tm stc 100mhzsteps hwpstate



Memory: 4k page, physical 16331612k(5000528k free), swap 8388604k(8388380k free)

vm_info: OpenJDK 64-Bit Server VM (23.25-b01) for linux-amd64 JRE (1.6.0_32-b32), built on Aug 21 2014 11:15:48 by "mockbuild" with gcc 4.4.7 20120313 (Red Hat 4.4.7-4)

time: Tue Sep 23 09:08:08 2014
elapsed time: 36 seconds

