#
# A fatal error has been detected by the Java Runtime Environment:
#
#  SIGBUS (0x7) at pc=0x00002b6c019a7522, pid=22947, tid=47742878627584
#
# JRE version: 6.0_32-b32
# Java VM: OpenJDK 64-Bit Server VM (23.25-b01 mixed mode linux-amd64 compressed oops)
# Problematic frame:
# C  [libzip.so+0x4522]  ZIP_Lock+0x252
#
# Core dump written. Default location: /mmfs/automount/gpfs/homefs/sm/dw07r324/jobs/piterman.eq.macc.sp.ro.r/core or core.22947
#
# If you would like to submit a bug report, please include
# instructions how to reproduce the bug and visit:
#   http://icedtea.classpath.org/bugzilla
# The crash happened outside the Java Virtual Machine in native code.
# See problematic frame for where to report the bug.
#

---------------  T H R E A D  ---------------

Current thread (0x00002b6c04008000):  JavaThread "main" [_thread_in_native, id=22948, stack(0x00002b6c01423000,0x00002b6c01524000)]

siginfo:si_signo=SIGBUS: si_errno=0, si_code=2 (BUS_ADRERR), si_addr=0x00002b6c523db4ce

Registers:
RAX=0x00002b6c0438b5b0, RBX=0x00002b6c523db4b1, RCX=0x0000000004000000, RDX=0x0000000000000151
RSP=0x00002b6c0151ffb0, RBP=0x00002b6c0151fff0, RSI=0x0000000000000000, RDI=0x0000000000000000
R8 =0x00002b6c04000088, R9 =0x0000000000000001, R10=0x0000000000000040, R11=0x00002b6c00c53660
R12=0x00002b6c0438b5b0, R13=0x00002b6c042db230, R14=0x00002b6c01520060, R15=0x00002b6c0438b5b0
RIP=0x00002b6c019a7522, EFLAGS=0x0000000000010206, CSGSFS=0x0000000000000033, ERR=0x0000000000000004
  TRAPNO=0x000000000000000e

Top of Stack: (sp=0x00002b6c0151ffb0)
0x00002b6c0151ffb0:   00002b6c042db350 00002b6c00b9d05e
0x00002b6c0151ffc0:   000000000000039d 00002b6c042d913c
0x00002b6c0151ffd0:   00002b6c042db230 000000007eecc402
0x00002b6c0151ffe0:   00002b6c01520060 0000000000000035
0x00002b6c0151fff0:   00002b6c01520040 00002b6c019a7ae2
0x00002b6c01520000:   00002b6c04008000 00002b6c042db700
0x00002b6c01520010:   00002b6c01520080 00002b6c040081d8
0x00002b6c01520020:   00002b6c01520060 0000000000000035
0x00002b6c01520030:   00002b6c01520538 00002b6c01520060
0x00002b6c01520040:   00002b6c015204a0 00002b6c019a6ae4
0x00002b6c01520050:   0000003501000000 00002b6c042db230
0x00002b6c01520060:   2f73657373616c63 727676732f67726f
0x00002b6c01520070:   632f6c616f672f6c 69676f6c2f65726f
0x00002b6c01520080:   6964452f65722f63 2e4552656c626174
0x00002b6c01520090:   0000007373616c63 00002b6c015209d0
0x00002b6c015200a0:   00002b6c040077d0 000000000000001a
0x00002b6c015200b0:   0000000000000004 00002b6c040077d0
0x00002b6c015200c0:   00002b6c015200e0 00002b6c007fab4a
0x00002b6c015200d0:   00002b6c04008000 00000000b5cc4b00
0x00002b6c015200e0:   00002b6c01520140 00002b6c009e75f2
0x00002b6c015200f0:   00002b6c04008000 000000364fc44177
0x00002b6c01520100:   00002b6c04008000 0000000000000000
0x00002b6c01520110:   0000000000000001 00000000000000bd
0x00002b6c01520120:   0000000000000000 00002b6c04008000
0x00002b6c01520130:   00002b6c01520100 00002b6c00000000
0x00002b6c01520140:   00000000b5cc8c58 00002b0000000061
0x00002b6c01520150:   00000000b5bdfef5 00000000eb741080
0x00002b6c01520160:   00002b6c01520160 00000000b5cc69cb
0x00002b6c01520170:   00002b6c015201c0 00002b6c581bebc8
0x00002b6c01520180:   0000000000000000 0000000000000001
0x00002b6c01520190:   00002b6c04008000 ffffffffffffffff
0x00002b6c015201a0:   00002b6c01520210 00002b6c009a3a03 

Instructions: (pc=0x00002b6c019a7522)
0x00002b6c019a7502:   00 00 00 00 00 48 c7 40 30 00 00 00 00 48 c7 40
0x00002b6c019a7512:   28 00 00 00 00 8b 5b 04 49 2b 5d 28 49 03 5d 18
0x00002b6c019a7522:   44 0f b6 73 1d 0f b6 43 1c 41 c1 e6 08 41 09 c6
0x00002b6c019a7532:   0f b6 43 1e 88 45 ce 0f b6 43 1f 88 45 cf 0f b6 

Register to memory mapping:

RAX=0x00002b6c0438b5b0 is an unknown value
RBX=0x00002b6c523db4b1 is an unknown value
RCX=0x0000000004000000 is an unknown value
RDX=0x0000000000000151 is an unknown value
RSP=0x00002b6c0151ffb0 is pointing into the stack for thread: 0x00002b6c04008000
RBP=0x00002b6c0151fff0 is pointing into the stack for thread: 0x00002b6c04008000
RSI=0x0000000000000000 is an unknown value
RDI=0x0000000000000000 is an unknown value
R8 =0x00002b6c04000088 is an unknown value
R9 =0x0000000000000001 is an unknown value
R10=0x0000000000000040 is an unknown value
R11=0x00002b6c00c53660: <offset 0x79f660> in /usr/lib/jvm/java-1.6.0-openjdk-1.6.0.0.x86_64/jre/lib/amd64/server/libjvm.so at 0x00002b6c004b4000
R12=0x00002b6c0438b5b0 is an unknown value
R13=0x00002b6c042db230 is an unknown value
R14=0x00002b6c01520060 is pointing into the stack for thread: 0x00002b6c04008000
R15=0x00002b6c0438b5b0 is an unknown value


Stack: [0x00002b6c01423000,0x00002b6c01524000],  sp=0x00002b6c0151ffb0,  free space=1011k
Native frames: (J=compiled Java code, j=interpreted, Vv=VM code, C=native code)
C  [libzip.so+0x4522]  ZIP_Lock+0x252
C  [libzip.so+0x4ae2]  ZIP_GetEntry+0xc2
C  [libzip.so+0x3ae4]  Java_java_util_zip_ZipFile_getEntry+0xc4
j  java.util.zip.ZipFile.getEntry(JLjava/lang/String;Z)J+0
j  java.util.zip.ZipFile.getEntry(Ljava/lang/String;)Ljava/util/zip/ZipEntry;+31
j  java.util.jar.JarFile.getEntry(Ljava/lang/String;)Ljava/util/zip/ZipEntry;+2
j  sun.net.www.protocol.jar.URLJarFile.getEntry(Ljava/lang/String;)Ljava/util/zip/ZipEntry;+2
j  sun.net.www.protocol.jar.JarURLConnection.connect()V+62
j  sun.net.www.protocol.jar.JarURLConnection.getInputStream()Ljava/io/InputStream;+1
j  sun.misc.URLClassPath$Loader.getResource(Ljava/lang/String;Z)Lsun/misc/Resource;+48
j  sun.misc.URLClassPath.getResource(Ljava/lang/String;Z)Lsun/misc/Resource;+53
j  java.net.URLClassLoader$1.run()Ljava/lang/Object;+26
v  ~StubRoutines::call_stub
V  [libjvm.so+0x537e3e]  AsyncGetCallTrace+0xd776e
V  [libjvm.so+0x536ad8]  AsyncGetCallTrace+0xd6408
V  [libjvm.so+0x597140]  JVM_DoPrivileged+0x400
j  java.security.AccessController.doPrivileged(Ljava/security/PrivilegedExceptionAction;Ljava/security/AccessControlContext;)Ljava/lang/Object;+0
j  java.net.URLClassLoader.findClass(Ljava/lang/String;)Ljava/lang/Class;+13
j  org.java.plugin.standard.StandardPluginClassLoader.loadLocalClass(Ljava/lang/String;ZLorg/java/plugin/standard/StandardPluginClassLoader;)Ljava/lang/Class;+97
j  org.java.plugin.standard.StandardPluginClassLoader.loadPluginClass(Ljava/lang/String;ZZLorg/java/plugin/standard/StandardPluginClassLoader;Ljava/util/Set;)Ljava/lang/Class;+338
j  org.java.plugin.standard.StandardPluginClassLoader.loadClass(Ljava/lang/String;Z)Ljava/lang/Class;+197
j  java.lang.ClassLoader.loadClass(Ljava/lang/String;)Ljava/lang/Class;+3
v  ~StubRoutines::call_stub
V  [libjvm.so+0x537e3e]  AsyncGetCallTrace+0xd776e
V  [libjvm.so+0x537222]  AsyncGetCallTrace+0xd6b52
V  [libjvm.so+0x5372f4]  AsyncGetCallTrace+0xd6c24
V  [libjvm.so+0x80084b]  JVM_handle_linux_signal+0xdf19b
V  [libjvm.so+0x800e0c]  JVM_handle_linux_signal+0xdf75c
V  [libjvm.so+0x802733]  JVM_handle_linux_signal+0xe1083
V  [libjvm.so+0x85c66f]  JVM_handle_linux_signal+0x13afbf
V  [libjvm.so+0x85ed1e]  JVM_handle_linux_signal+0x13d66e
V  [libjvm.so+0x861d2e]  JVM_handle_linux_signal+0x14067e
V  [libjvm.so+0x8649bd]  JVM_handle_linux_signal+0x14330d
V  [libjvm.so+0x864e53]  JVM_handle_linux_signal+0x1437a3
V  [libjvm.so+0x4f7406]  AsyncGetCallTrace+0x96d36
V  [libjvm.so+0x4fb05f]  AsyncGetCallTrace+0x9a98f
V  [libjvm.so+0x4fb92a]  AsyncGetCallTrace+0x9b25a
V  [libjvm.so+0x533833]  AsyncGetCallTrace+0xd3163
j  org.svvrl.goal.core.io.GFFCodec.<init>()V+19
v  ~StubRoutines::call_stub
V  [libjvm.so+0x537e3e]  AsyncGetCallTrace+0xd776e
V  [libjvm.so+0x536ad8]  AsyncGetCallTrace+0xd6408
V  [libjvm.so+0x783da7]  JVM_handle_linux_signal+0x626f7
V  [libjvm.so+0x784a28]  JVM_handle_linux_signal+0x63378
V  [libjvm.so+0x58d342]  JVM_NewInstanceFromConstructor+0xe2
j  sun.reflect.NativeConstructorAccessorImpl.newInstance0(Ljava/lang/reflect/Constructor;[Ljava/lang/Object;)Ljava/lang/Object;+0
j  sun.reflect.NativeConstructorAccessorImpl.newInstance([Ljava/lang/Object;)Ljava/lang/Object;+72
j  sun.reflect.DelegatingConstructorAccessorImpl.newInstance([Ljava/lang/Object;)Ljava/lang/Object;+5
j  java.lang.reflect.Constructor.newInstance([Ljava/lang/Object;)Ljava/lang/Object;+91
j  java.lang.Class.newInstance()Ljava/lang/Object;+132
j  org.svvrl.goal.core.CorePlugin.newInstance(Ljava/lang/Class;)Ljava/lang/Object;+3
j  org.svvrl.goal.core.CorePlugin.loadCodecs()V+92
j  org.svvrl.goal.core.CorePlugin.initApplication(Lorg/java/plugin/util/ExtendedProperties;[Ljava/lang/String;)Lorg/java/plugin/boot/Application;+150
j  org.java.plugin.boot.DefaultApplicationInitializer.initApplication(Lorg/java/plugin/boot/BootErrorHandler;[Ljava/lang/String;)Lorg/java/plugin/boot/Application;+530
j  org.java.plugin.boot.Boot.initApplication(Lorg/java/plugin/boot/BootErrorHandler;Lorg/java/plugin/util/ExtendedProperties;[Ljava/lang/String;)Lorg/java/plugin/boot/Application;+157
j  org.java.plugin.boot.Boot.boot(Lorg/java/plugin/util/ExtendedProperties;ZLjava/lang/String;Lorg/java/plugin/boot/BootErrorHandler;[Ljava/lang/String;)Lorg/java/plugin/boot/Application;+338
j  org.java.plugin.boot.Boot.main([Ljava/lang/String;)V+162
v  ~StubRoutines::call_stub
V  [libjvm.so+0x537e3e]  AsyncGetCallTrace+0xd776e
V  [libjvm.so+0x536ad8]  AsyncGetCallTrace+0xd6408
V  [libjvm.so+0x5452a7]  JNI_CreateJavaVM+0x12e7
V  [libjvm.so+0x55a4eb]  JNI_CreateJavaVM+0x1652b
C  [java+0x374d]  JavaMain+0xd0d

Java frames: (J=compiled Java code, j=interpreted, Vv=VM code)
j  java.util.zip.ZipFile.getEntry(JLjava/lang/String;Z)J+0
j  java.util.zip.ZipFile.getEntry(Ljava/lang/String;)Ljava/util/zip/ZipEntry;+31
j  java.util.jar.JarFile.getEntry(Ljava/lang/String;)Ljava/util/zip/ZipEntry;+2
j  sun.net.www.protocol.jar.URLJarFile.getEntry(Ljava/lang/String;)Ljava/util/zip/ZipEntry;+2
j  sun.net.www.protocol.jar.JarURLConnection.connect()V+62
j  sun.net.www.protocol.jar.JarURLConnection.getInputStream()Ljava/io/InputStream;+1
j  sun.misc.URLClassPath$Loader.getResource(Ljava/lang/String;Z)Lsun/misc/Resource;+48
j  sun.misc.URLClassPath.getResource(Ljava/lang/String;Z)Lsun/misc/Resource;+53
j  java.net.URLClassLoader$1.run()Ljava/lang/Object;+26
v  ~StubRoutines::call_stub
j  java.security.AccessController.doPrivileged(Ljava/security/PrivilegedExceptionAction;Ljava/security/AccessControlContext;)Ljava/lang/Object;+0
j  java.net.URLClassLoader.findClass(Ljava/lang/String;)Ljava/lang/Class;+13
j  org.java.plugin.standard.StandardPluginClassLoader.loadLocalClass(Ljava/lang/String;ZLorg/java/plugin/standard/StandardPluginClassLoader;)Ljava/lang/Class;+97
j  org.java.plugin.standard.StandardPluginClassLoader.loadPluginClass(Ljava/lang/String;ZZLorg/java/plugin/standard/StandardPluginClassLoader;Ljava/util/Set;)Ljava/lang/Class;+338
j  org.java.plugin.standard.StandardPluginClassLoader.loadClass(Ljava/lang/String;Z)Ljava/lang/Class;+197
j  java.lang.ClassLoader.loadClass(Ljava/lang/String;)Ljava/lang/Class;+3
v  ~StubRoutines::call_stub
j  org.svvrl.goal.core.io.GFFCodec.<init>()V+19
v  ~StubRoutines::call_stub
j  sun.reflect.NativeConstructorAccessorImpl.newInstance0(Ljava/lang/reflect/Constructor;[Ljava/lang/Object;)Ljava/lang/Object;+0
j  sun.reflect.NativeConstructorAccessorImpl.newInstance([Ljava/lang/Object;)Ljava/lang/Object;+72
j  sun.reflect.DelegatingConstructorAccessorImpl.newInstance([Ljava/lang/Object;)Ljava/lang/Object;+5
j  java.lang.reflect.Constructor.newInstance([Ljava/lang/Object;)Ljava/lang/Object;+91
j  java.lang.Class.newInstance()Ljava/lang/Object;+132
j  org.svvrl.goal.core.CorePlugin.newInstance(Ljava/lang/Class;)Ljava/lang/Object;+3
j  org.svvrl.goal.core.CorePlugin.loadCodecs()V+92
j  org.svvrl.goal.core.CorePlugin.initApplication(Lorg/java/plugin/util/ExtendedProperties;[Ljava/lang/String;)Lorg/java/plugin/boot/Application;+150
j  org.java.plugin.boot.DefaultApplicationInitializer.initApplication(Lorg/java/plugin/boot/BootErrorHandler;[Ljava/lang/String;)Lorg/java/plugin/boot/Application;+530
j  org.java.plugin.boot.Boot.initApplication(Lorg/java/plugin/boot/BootErrorHandler;Lorg/java/plugin/util/ExtendedProperties;[Ljava/lang/String;)Lorg/java/plugin/boot/Application;+157
j  org.java.plugin.boot.Boot.boot(Lorg/java/plugin/util/ExtendedProperties;ZLjava/lang/String;Lorg/java/plugin/boot/BootErrorHandler;[Ljava/lang/String;)Lorg/java/plugin/boot/Application;+338
j  org.java.plugin.boot.Boot.main([Ljava/lang/String;)V+162
v  ~StubRoutines::call_stub

---------------  P R O C E S S  ---------------

Java Threads: ( => current thread )
  0x00002b6c04101800 JavaThread "Low Memory Detector" daemon [_thread_blocked, id=22963, stack(0x00002b6c52194000,0x00002b6c52295000)]
  0x00002b6c040ff000 JavaThread "C2 CompilerThread1" daemon [_thread_blocked, id=22962, stack(0x00002b6c52093000,0x00002b6c52194000)]
  0x00002b6c040fc800 JavaThread "C2 CompilerThread0" daemon [_thread_blocked, id=22961, stack(0x00002b6c51f92000,0x00002b6c52093000)]
  0x00002b6c040fa000 JavaThread "Signal Dispatcher" daemon [_thread_blocked, id=22960, stack(0x00002b6c51e91000,0x00002b6c51f92000)]
  0x00002b6c040ab800 JavaThread "Finalizer" daemon [_thread_blocked, id=22959, stack(0x00002b6c40101000,0x00002b6c40202000)]
  0x00002b6c040a9800 JavaThread "Reference Handler" daemon [_thread_blocked, id=22958, stack(0x00002b6c40000000,0x00002b6c40101000)]
=>0x00002b6c04008000 JavaThread "main" [_thread_in_native, id=22948, stack(0x00002b6c01423000,0x00002b6c01524000)]

Other Threads:
  0x00002b6c0409a800 VMThread [stack: 0x00002b6c24d91000,0x00002b6c24e92000] [id=22957]
  0x00002b6c0410c800 WatcherThread [stack: 0x00002b6c52295000,0x00002b6c52396000] [id=22964]

VM state:not at safepoint (normal execution)

VM Mutex/Monitor currently owned by a thread: None

Heap
 PSYoungGen      total 305856K, used 20976K [0x00000000eaab0000, 0x0000000100000000, 0x0000000100000000)
  eden space 262208K, 8% used [0x00000000eaab0000,0x00000000ebf2c398,0x00000000faac0000)
  from space 43648K, 0% used [0x00000000fd560000,0x00000000fd560000,0x0000000100000000)
  to   space 43648K, 0% used [0x00000000faac0000,0x00000000faac0000,0x00000000fd560000)
 ParOldGen       total 699072K, used 0K [0x00000000c0000000, 0x00000000eaab0000, 0x00000000eaab0000)
  object space 699072K, 0% used [0x00000000c0000000,0x00000000c0000000,0x00000000eaab0000)
 PSPermGen       total 21248K, used 6354K [0x00000000b5a00000, 0x00000000b6ec0000, 0x00000000c0000000)
  object space 21248K, 29% used [0x00000000b5a00000,0x00000000b60349c8,0x00000000b6ec0000)

Card table byte_map: [0x00002b6c0b0c0000,0x00002b6c0b314000] byte_map_base: 0x00002b6c0ab13000

Polling page: 0x00002b6c01964000

Code Cache  [0x00002b6c08000000, 0x00002b6c08270000, 0x00002b6c0b000000)
 total_blobs=320 nmethods=105 adapters=168 free_code_cache=48379Kb largest_free_block=49493056

Compilation events (10 events):
Event: 1.241 Thread 0x00002b6c040ff000 nmethod 100 0x00002b6c0809dc50 code [0x00002b6c0809dda0, 0x00002b6c0809dea8]
Event: 1.241 Thread 0x00002b6c040ff000  101             org.java.plugin.registry.xml.ExtensionPointImpl$ParameterDefinitionImpl::getMultiplicity (8 bytes)
Event: 1.241 Thread 0x00002b6c040ff000 nmethod 101 0x00002b6c08089710 code [0x00002b6c08089840, 0x00002b6c080898b8]
Event: 1.241 Thread 0x00002b6c040ff000  102             org.java.plugin.registry.xml.ModelParameterDef::getMultiplicity (5 bytes)
Event: 1.242 Thread 0x00002b6c040ff000 nmethod 102 0x00002b6c0809eed0 code [0x00002b6c0809f000, 0x00002b6c0809f058]
Event: 1.649 Thread 0x00002b6c040fc800 nmethod 88 0x00002b6c080b5cd0 code [0x00002b6c080b6560, 0x00002b6c080bc948]
Event: 5.416 Thread 0x00002b6c040ff000  103             java.io.UnixFileSystem::normalize (75 bytes)
Event: 5.422 Thread 0x00002b6c040ff000 nmethod 103 0x00002b6c0809bdd0 code [0x00002b6c0809bf20, 0x00002b6c0809c178]
Event: 5.422 Thread 0x00002b6c040fc800  104   !         sun.nio.cs.US_ASCII$Decoder::decodeArrayLoop (241 bytes)
Event: 5.440 Thread 0x00002b6c040fc800 nmethod 104 0x00002b6c0809c990 code [0x00002b6c0809cb40, 0x00002b6c0809d388]

GC Heap History (0 events):
No events

Deoptimization events (9 events):
Event: 0.266 Thread 0x00002b6c04008000 Uncommon trap -34 fr.pc 0x00002b6c0805ea30
Event: 0.267 Thread 0x00002b6c04008000 Uncommon trap -34 fr.pc 0x00002b6c0805ea30
Event: 0.332 Thread 0x00002b6c04008000 Uncommon trap -12 fr.pc 0x00002b6c080652ec
Event: 0.926 Thread 0x00002b6c04008000 Uncommon trap -58 fr.pc 0x00002b6c0807cca0
Event: 0.926 Thread 0x00002b6c04008000 Uncommon trap -58 fr.pc 0x00002b6c0807cca0
Event: 0.926 Thread 0x00002b6c04008000 Uncommon trap -58 fr.pc 0x00002b6c0807cca0
Event: 0.927 Thread 0x00002b6c04008000 Uncommon trap -58 fr.pc 0x00002b6c0807cca0
Event: 5.429 Thread 0x00002b6c04008000 Uncommon trap -34 fr.pc 0x00002b6c0805ea30
Event: 5.429 Thread 0x00002b6c04008000 Uncommon trap -34 fr.pc 0x00002b6c0805ea30

Internal exceptions (10 events):
Event: 5.440 Thread 0x00002b6c04008000 Threw 0x00000000eb718c50 at /builddir/build/BUILD/icedtea6-1.13.4/openjdk/hotspot/src/share/vm/prims/jvm.cpp:1235
Event: 5.441 Thread 0x00002b6c04008000 Threw 0x00000000eb71faf0 at /builddir/build/BUILD/icedtea6-1.13.4/openjdk/hotspot/src/share/vm/classfile/systemDictionary.cpp:179
Event: 5.441 Thread 0x00002b6c04008000 Threw 0x00000000eb720028 at /builddir/build/BUILD/icedtea6-1.13.4/openjdk/hotspot/src/share/vm/prims/jvm.cpp:1235
Event: 5.441 Thread 0x00002b6c04008000 Threw 0x00000000eb720610 at /builddir/build/BUILD/icedtea6-1.13.4/openjdk/hotspot/src/share/vm/prims/jvm.cpp:1235
Event: 5.445 Thread 0x00002b6c04008000 Threw 0x00000000eb732e98 at /builddir/build/BUILD/icedtea6-1.13.4/openjdk/hotspot/src/share/vm/classfile/systemDictionary.cpp:179
Event: 5.445 Thread 0x00002b6c04008000 Threw 0x00000000eb733200 at /builddir/build/BUILD/icedtea6-1.13.4/openjdk/hotspot/src/share/vm/prims/jvm.cpp:1235
Event: 5.445 Thread 0x00002b6c04008000 Threw 0x00000000eb733618 at /builddir/build/BUILD/icedtea6-1.13.4/openjdk/hotspot/src/share/vm/prims/jvm.cpp:1235
Event: 5.447 Thread 0x00002b6c04008000 Threw 0x00000000eb73f748 at /builddir/build/BUILD/icedtea6-1.13.4/openjdk/hotspot/src/share/vm/classfile/systemDictionary.cpp:179
Event: 5.447 Thread 0x00002b6c04008000 Threw 0x00000000eb73fab0 at /builddir/build/BUILD/icedtea6-1.13.4/openjdk/hotspot/src/share/vm/prims/jvm.cpp:1235
Event: 5.447 Thread 0x00002b6c04008000 Threw 0x00000000eb73fec8 at /builddir/build/BUILD/icedtea6-1.13.4/openjdk/hotspot/src/share/vm/prims/jvm.cpp:1235

Events (10 events):
Event: 5.443 loading class 0x00002b6c04370210
Event: 5.443 loading class 0x00002b6c04370210 done
Event: 5.443 loading class 0x00002b6c04370240
Event: 5.443 loading class 0x00002b6c04370240 done
Event: 5.445 loading class 0x00002b6c043795d0
Event: 5.445 loading class 0x00002b6c043795d0 done
Event: 5.446 loading class 0x00002b6c04155870
Event: 5.446 loading class 0x00002b6c04155870 done
Event: 5.447 loading class 0x00002b6c04379250
Event: 5.447 loading class 0x00002b6c04379250 done


Dynamic libraries:
00400000-00409000 r-xp 00000000 fd:01 5993                               /usr/lib/jvm/java-1.6.0-openjdk-1.6.0.0.x86_64/jre/bin/java
00608000-0060a000 rw-p 00008000 fd:01 5993                               /usr/lib/jvm/java-1.6.0-openjdk-1.6.0.0.x86_64/jre/bin/java
0175f000-01780000 rw-p 00000000 00:00 0                                  [heap]
b5a00000-b6ec0000 rw-p 00000000 00:00 0 
b6ec0000-c0000000 rw-p 00000000 00:00 0 
c0000000-100000000 rw-p 00000000 00:00 0 
364f800000-364f820000 r-xp 00000000 fd:01 130582                         /lib64/ld-2.12.so
364fa1f000-364fa20000 r--p 0001f000 fd:01 130582                         /lib64/ld-2.12.so
364fa20000-364fa21000 rw-p 00020000 fd:01 130582                         /lib64/ld-2.12.so
364fa21000-364fa22000 rw-p 00000000 00:00 0 
364fc00000-364fd8a000 r-xp 00000000 fd:01 130613                         /lib64/libc-2.12.so
364fd8a000-364ff8a000 ---p 0018a000 fd:01 130613                         /lib64/libc-2.12.so
364ff8a000-364ff8e000 r--p 0018a000 fd:01 130613                         /lib64/libc-2.12.so
364ff8e000-364ff8f000 rw-p 0018e000 fd:01 130613                         /lib64/libc-2.12.so
364ff8f000-364ff94000 rw-p 00000000 00:00 0 
3650000000-3650004000 r-xp 00000000 fd:01 13573                          /usr/lib/jvm/java-1.6.0-openjdk-1.6.0.0.x86_64/jre/lib/amd64/jli/libjli.so
3650004000-3650203000 ---p 00004000 fd:01 13573                          /usr/lib/jvm/java-1.6.0-openjdk-1.6.0.0.x86_64/jre/lib/amd64/jli/libjli.so
3650203000-3650204000 rw-p 00003000 fd:01 13573                          /usr/lib/jvm/java-1.6.0-openjdk-1.6.0.0.x86_64/jre/lib/amd64/jli/libjli.so
3650400000-3650417000 r-xp 00000000 fd:01 130636                         /lib64/libpthread-2.12.so
3650417000-3650617000 ---p 00017000 fd:01 130636                         /lib64/libpthread-2.12.so
3650617000-3650618000 r--p 00017000 fd:01 130636                         /lib64/libpthread-2.12.so
3650618000-3650619000 rw-p 00018000 fd:01 130636                         /lib64/libpthread-2.12.so
3650619000-365061d000 rw-p 00000000 00:00 0 
3650800000-3650802000 r-xp 00000000 fd:01 130624                         /lib64/libdl-2.12.so
3650802000-3650a02000 ---p 00002000 fd:01 130624                         /lib64/libdl-2.12.so
3650a02000-3650a03000 r--p 00002000 fd:01 130624                         /lib64/libdl-2.12.so
3650a03000-3650a04000 rw-p 00003000 fd:01 130624                         /lib64/libdl-2.12.so
3650c00000-3650c15000 r-xp 00000000 fd:01 130638                         /lib64/libz.so.1.2.3
3650c15000-3650e14000 ---p 00015000 fd:01 130638                         /lib64/libz.so.1.2.3
3650e14000-3650e15000 r--p 00014000 fd:01 130638                         /lib64/libz.so.1.2.3
3650e15000-3650e16000 rw-p 00015000 fd:01 130638                         /lib64/libz.so.1.2.3
3651000000-3651007000 r-xp 00000000 fd:01 132701                         /lib64/librt-2.12.so
3651007000-3651206000 ---p 00007000 fd:01 132701                         /lib64/librt-2.12.so
3651206000-3651207000 r--p 00006000 fd:01 132701                         /lib64/librt-2.12.so
3651207000-3651208000 rw-p 00007000 fd:01 132701                         /lib64/librt-2.12.so
3651800000-3651816000 r-xp 00000000 fd:01 133662                         /lib64/libgcc_s-4.4.7-20120601.so.1
3651816000-3651a15000 ---p 00016000 fd:01 133662                         /lib64/libgcc_s-4.4.7-20120601.so.1
3651a15000-3651a16000 rw-p 00015000 fd:01 133662                         /lib64/libgcc_s-4.4.7-20120601.so.1
3653000000-36530e8000 r-xp 00000000 fd:01 49938                          /usr/lib64/libstdc++.so.6.0.13
36530e8000-36532e8000 ---p 000e8000 fd:01 49938                          /usr/lib64/libstdc++.so.6.0.13
36532e8000-36532ef000 r--p 000e8000 fd:01 49938                          /usr/lib64/libstdc++.so.6.0.13
36532ef000-36532f1000 rw-p 000ef000 fd:01 49938                          /usr/lib64/libstdc++.so.6.0.13
36532f1000-3653306000 rw-p 00000000 00:00 0 
365c200000-365c216000 r-xp 00000000 fd:01 137559                         /lib64/libnsl-2.12.so
365c216000-365c415000 ---p 00016000 fd:01 137559                         /lib64/libnsl-2.12.so
365c415000-365c416000 r--p 00015000 fd:01 137559                         /lib64/libnsl-2.12.so
365c416000-365c417000 rw-p 00016000 fd:01 137559                         /lib64/libnsl-2.12.so
365c417000-365c419000 rw-p 00000000 00:00 0 
2b6c00499000-2b6c0049a000 rw-p 00000000 00:00 0 
2b6c004b0000-2b6c004b4000 rw-p 00000000 00:00 0 
2b6c004b4000-2b6c00ebf000 r-xp 00000000 fd:01 23213                      /usr/lib/jvm/java-1.6.0-openjdk-1.6.0.0.x86_64/jre/lib/amd64/server/libjvm.so
2b6c00ebf000-2b6c010bf000 ---p 00a0b000 fd:01 23213                      /usr/lib/jvm/java-1.6.0-openjdk-1.6.0.0.x86_64/jre/lib/amd64/server/libjvm.so
2b6c010bf000-2b6c01160000 rw-p 00a0b000 fd:01 23213                      /usr/lib/jvm/java-1.6.0-openjdk-1.6.0.0.x86_64/jre/lib/amd64/server/libjvm.so
2b6c01160000-2b6c01189000 rw-p 00000000 00:00 0 
2b6c0119f000-2b6c01222000 r-xp 00000000 fd:01 130627                     /lib64/libm-2.12.so
2b6c01222000-2b6c01421000 ---p 00083000 fd:01 130627                     /lib64/libm-2.12.so
2b6c01421000-2b6c01422000 r--p 00082000 fd:01 130627                     /lib64/libm-2.12.so
2b6c01422000-2b6c01423000 rw-p 00083000 fd:01 130627                     /lib64/libm-2.12.so
2b6c01423000-2b6c01426000 ---p 00000000 00:00 0 
2b6c01426000-2b6c01524000 rw-p 00000000 00:00 0 
2b6c01524000-2b6c01532000 r-xp 00000000 fd:01 23207                      /usr/lib/jvm/java-1.6.0-openjdk-1.6.0.0.x86_64/jre/lib/amd64/libverify.so
2b6c01532000-2b6c01732000 ---p 0000e000 fd:01 23207                      /usr/lib/jvm/java-1.6.0-openjdk-1.6.0.0.x86_64/jre/lib/amd64/libverify.so
2b6c01732000-2b6c01734000 rw-p 0000e000 fd:01 23207                      /usr/lib/jvm/java-1.6.0-openjdk-1.6.0.0.x86_64/jre/lib/amd64/libverify.so
2b6c01734000-2b6c01761000 r-xp 00000000 fd:01 23159                      /usr/lib/jvm/java-1.6.0-openjdk-1.6.0.0.x86_64/jre/lib/amd64/libjava.so
2b6c01761000-2b6c01960000 ---p 0002d000 fd:01 23159                      /usr/lib/jvm/java-1.6.0-openjdk-1.6.0.0.x86_64/jre/lib/amd64/libjava.so
2b6c01960000-2b6c01964000 rw-p 0002c000 fd:01 23159                      /usr/lib/jvm/java-1.6.0-openjdk-1.6.0.0.x86_64/jre/lib/amd64/libjava.so
2b6c01964000-2b6c01965000 r--p 00000000 00:00 0 
2b6c01965000-2b6c01966000 rw-p 00000000 00:00 0 
2b6c01966000-2b6c0199b000 r--s 00000000 fd:02 128540                     /var/db/nscd/passwd
2b6c0199b000-2b6c019a3000 rw-s 00000000 fd:03 38                         /tmp/hsperfdata_dw07r324/22947
2b6c019a3000-2b6c019aa000 r-xp 00000000 fd:01 23208                      /usr/lib/jvm/java-1.6.0-openjdk-1.6.0.0.x86_64/jre/lib/amd64/libzip.so
2b6c019aa000-2b6c01baa000 ---p 00007000 fd:01 23208                      /usr/lib/jvm/java-1.6.0-openjdk-1.6.0.0.x86_64/jre/lib/amd64/libzip.so
2b6c01baa000-2b6c01bab000 rw-p 00007000 fd:01 23208                      /usr/lib/jvm/java-1.6.0-openjdk-1.6.0.0.x86_64/jre/lib/amd64/libzip.so
2b6c04000000-2b6c043bd000 rw-p 00000000 00:00 0 
2b6c043bd000-2b6c08000000 ---p 00000000 00:00 0 
2b6c08000000-2b6c08270000 rwxp 00000000 00:00 0 
2b6c08270000-2b6c0b000000 rw-p 00000000 00:00 0 
2b6c0b000000-2b6c0b00a000 rw-p 00000000 00:00 0 
2b6c0b00a000-2b6c0b0c0000 rw-p 00000000 00:00 0 
2b6c0b0c0000-2b6c0b0cb000 rw-p 00000000 00:00 0 
2b6c0b0cb000-2b6c0b113000 rw-p 00000000 00:00 0 
2b6c0b113000-2b6c0b475000 rw-p 00000000 00:00 0 
2b6c0b475000-2b6c0b4bd000 rw-p 00000000 00:00 0 
2b6c0b4bd000-2b6c0b4be000 ---p 00000000 00:00 0 
2b6c0b4be000-2b6c0b5be000 rw-p 00000000 00:00 0 
2b6c0b5be000-2b6c0b5bf000 ---p 00000000 00:00 0 
2b6c0b5bf000-2b6c0b6bf000 rw-p 00000000 00:00 0 
2b6c0b6bf000-2b6c0b6c0000 ---p 00000000 00:00 0 
2b6c0b6c0000-2b6c0b7c0000 rw-p 00000000 00:00 0 
2b6c0b7c0000-2b6c0b7c1000 ---p 00000000 00:00 0 
2b6c0b7c1000-2b6c0b8c1000 rw-p 00000000 00:00 0 
2b6c0b8c1000-2b6c0b8c2000 ---p 00000000 00:00 0 
2b6c0b8c2000-2b6c0b9c2000 rw-p 00000000 00:00 0 
2b6c0b9c2000-2b6c0b9c3000 ---p 00000000 00:00 0 
2b6c0b9c3000-2b6c0bac3000 rw-p 00000000 00:00 0 
2b6c0bac3000-2b6c0bac4000 ---p 00000000 00:00 0 
2b6c0bac4000-2b6c0bbc4000 rw-p 00000000 00:00 0 
2b6c0bbc4000-2b6c0bbc5000 ---p 00000000 00:00 0 
2b6c0bbc5000-2b6c0bcc5000 rw-p 00000000 00:00 0 
2b6c0c000000-2b6c0c021000 rw-p 00000000 00:00 0 
2b6c0c021000-2b6c10000000 ---p 00000000 00:00 0 
2b6c10000000-2b6c10021000 rw-p 00000000 00:00 0 
2b6c10021000-2b6c14000000 ---p 00000000 00:00 0 
2b6c14000000-2b6c14021000 rw-p 00000000 00:00 0 
2b6c14021000-2b6c18000000 ---p 00000000 00:00 0 
2b6c18000000-2b6c18021000 rw-p 00000000 00:00 0 
2b6c18021000-2b6c1c000000 ---p 00000000 00:00 0 
2b6c1c000000-2b6c1eea4000 rw-p 00000000 00:00 0 
2b6c1eea4000-2b6c1f03a000 r--s 01a15000 fd:01 23288                      /usr/lib/jvm/java-1.6.0-openjdk-1.6.0.0.x86_64/jre/lib/rt.jar
2b6c1f03a000-2b6c1ff20000 rw-p 00000000 00:00 0 
2b6c20000000-2b6c20021000 rw-p 00000000 00:00 0 
2b6c20021000-2b6c24000000 ---p 00000000 00:00 0 
2b6c24000000-2b6c24d91000 rw-p 00000000 00:00 0 
2b6c24d91000-2b6c24d92000 ---p 00000000 00:00 0 
2b6c24d92000-2b6c24e92000 rw-p 00000000 00:00 0 
2b6c28000000-2b6c28021000 rw-p 00000000 00:00 0 
2b6c28021000-2b6c2c000000 ---p 00000000 00:00 0 
2b6c30000000-2b6c30021000 rw-p 00000000 00:00 0 
2b6c30021000-2b6c34000000 ---p 00000000 00:00 0 
2b6c38000000-2b6c38021000 rw-p 00000000 00:00 0 
2b6c38021000-2b6c3c000000 ---p 00000000 00:00 0 
2b6c3c000000-2b6c3c021000 rw-p 00000000 00:00 0 
2b6c3c021000-2b6c40000000 ---p 00000000 00:00 0 
2b6c40000000-2b6c40003000 ---p 00000000 00:00 0 
2b6c40003000-2b6c40101000 rw-p 00000000 00:00 0 
2b6c40101000-2b6c40104000 ---p 00000000 00:00 0 
2b6c40104000-2b6c40202000 rw-p 00000000 00:00 0 
2b6c44000000-2b6c44021000 rw-p 00000000 00:00 0 
2b6c44021000-2b6c48000000 ---p 00000000 00:00 0 
2b6c48000000-2b6c48021000 rw-p 00000000 00:00 0 
2b6c48021000-2b6c4c000000 ---p 00000000 00:00 0 
2b6c4c000000-2b6c51e91000 r--p 00000000 fd:01 49935                      /usr/lib/locale/locale-archive
2b6c51e91000-2b6c51e94000 ---p 00000000 00:00 0 
2b6c51e94000-2b6c51f92000 rw-p 00000000 00:00 0 
2b6c51f92000-2b6c51f95000 ---p 00000000 00:00 0 
2b6c51f95000-2b6c52093000 rw-p 00000000 00:00 0 
2b6c52093000-2b6c52096000 ---p 00000000 00:00 0 
2b6c52096000-2b6c52194000 rw-p 00000000 00:00 0 
2b6c52194000-2b6c52197000 ---p 00000000 00:00 0 
2b6c52197000-2b6c52295000 rw-p 00000000 00:00 0 
2b6c52295000-2b6c52296000 ---p 00000000 00:00 0 
2b6c52296000-2b6c52396000 rw-p 00000000 00:00 0 
2b6c52396000-2b6c52398000 r--s 00009000 00:35 125760574                  /mmfs/automount/gpfs/homefs/sm/dw07r324/bin/GOAL-20140808/lib/jpf-boot.jar
2b6c52398000-2b6c5239b000 r--s 0000f000 fd:01 23233                      /usr/lib/jvm/java-1.6.0-openjdk-1.6.0.0.x86_64/jre/lib/ext/pulse-java.jar
2b6c5239b000-2b6c523a4000 r--s 00065000 fd:01 23228                      /usr/lib/jvm/java-1.6.0-openjdk-1.6.0.0.x86_64/jre/lib/ext/gnome-java-bridge.jar
2b6c523a4000-2b6c523a6000 r--s 00009000 00:35 125760574                  /mmfs/automount/gpfs/homefs/sm/dw07r324/bin/GOAL-20140808/lib/jpf-boot.jar
2b6c523a6000-2b6c523aa000 r--s 0003c000 fd:01 14238                      /usr/lib/jvm/java-1.6.0-openjdk-1.6.0.0.x86_64/jre/lib/jsse.jar
2b6c523aa000-2b6c523af000 r--s 0002d000 00:35 125760577                  /mmfs/automount/gpfs/homefs/sm/dw07r324/bin/GOAL-20140808/lib/jpf.jar
2b6c523af000-2b6c523b1000 r--s 0000d000 00:35 125760571                  /mmfs/automount/gpfs/homefs/sm/dw07r324/bin/GOAL-20140808/lib/commons-logging.jar
2b6c523b1000-2b6c523b3000 r--s 00012000 00:35 125760576                  /mmfs/automount/gpfs/homefs/sm/dw07r324/bin/GOAL-20140808/lib/jpf-tools.jar
2b6c523b3000-2b6c523ba000 r--s 00039000 00:35 125760578                  /mmfs/automount/gpfs/homefs/sm/dw07r324/bin/GOAL-20140808/lib/jxp.jar
2b6c523ba000-2b6c523bc000 r--s 00004000 00:35 125760570                  /mmfs/automount/gpfs/homefs/sm/dw07r324/bin/GOAL-20140808/lib/AppleJavaExtensions.jar
2b6c523bc000-2b6c523c1000 r--s 0002a000 00:35 125760572                  /mmfs/automount/gpfs/homefs/sm/dw07r324/bin/GOAL-20140808/lib/gson-2.2.2.jar
2b6c523c1000-2b6c523c4000 r--s 0001a000 00:35 125760579                  /mmfs/automount/gpfs/homefs/sm/dw07r324/bin/GOAL-20140808/lib/minijdd_104.jar
2b6c523c4000-2b6c523e7000 r--s 0022d000 00:35 101669132                  /mmfs/automount/gpfs/homefs/sm/dw07r324/bin/GOAL-20140808/.jpf-shadow/org.svvrl.goal.core@2014.8.8.zip
2b6c523e7000-2b6c5248a000 r-xp 00000000 fd:01 13434                      /usr/lib/jvm/java-1.6.0-openjdk-1.6.0.0.x86_64/jre/lib/amd64/libawt.so
2b6c5248a000-2b6c5268a000 ---p 000a3000 fd:01 13434                      /usr/lib/jvm/java-1.6.0-openjdk-1.6.0.0.x86_64/jre/lib/amd64/libawt.so
2b6c5268a000-2b6c52696000 rw-p 000a3000 fd:01 13434                      /usr/lib/jvm/java-1.6.0-openjdk-1.6.0.0.x86_64/jre/lib/amd64/libawt.so
2b6c52696000-2b6c526ba000 rw-p 00000000 00:00 0 
2b6c526ba000-2b6c526c0000 r-xp 00000000 fd:01 8525                       /usr/lib/jvm/java-1.6.0-openjdk-1.6.0.0.x86_64/jre/lib/amd64/headless/libmawt.so
2b6c526c0000-2b6c528bf000 ---p 00006000 fd:01 8525                       /usr/lib/jvm/java-1.6.0-openjdk-1.6.0.0.x86_64/jre/lib/amd64/headless/libmawt.so
2b6c528bf000-2b6c528c0000 rw-p 00005000 fd:01 8525                       /usr/lib/jvm/java-1.6.0-openjdk-1.6.0.0.x86_64/jre/lib/amd64/headless/libmawt.so
2b6c528c0000-2b6c528c2000 rw-p 00000000 00:00 0 
2b6c54000000-2b6c54021000 rw-p 00000000 00:00 0 
2b6c54021000-2b6c58000000 ---p 00000000 00:00 0 
2b6c58000000-2b6c5924d000 rw-p 00000000 00:00 0 
2b6c5924d000-2b6c5c000000 ---p 00000000 00:00 0 
2b6c5c000000-2b6c5cc8e000 rw-p 00000000 00:00 0 
2b6c5cc8e000-2b6c60000000 ---p 00000000 00:00 0 
2b6c60000000-2b6c60021000 rw-p 00000000 00:00 0 
2b6c60021000-2b6c64000000 ---p 00000000 00:00 0 
2b6c64000000-2b6c64021000 rw-p 00000000 00:00 0 
2b6c64021000-2b6c68000000 ---p 00000000 00:00 0 
7ffff2738000-7ffff276e000 rw-p 00000000 00:00 0                          [stack]
7ffff27ff000-7ffff2800000 r-xp 00000000 00:00 0                          [vdso]
ffffffffff600000-ffffffffff601000 r-xp 00000000 00:00 0                  [vsyscall]

VM Arguments:
jvm_args: -Xmx1G -Xms1G -DapplicationRoot=/home/ubelix/sm/dw07r324/bin/GOAL-20140808 -Dorg.java.plugin.boot.pluginsRepositories=/home/ubelix/sm/dw07r324/bin/GOAL-20140808/plugins -Djpf.boot.config=/home/ubelix/sm/dw07r324/bin/GOAL-20140808/boot.properties -Dorg.apache.commons.logging.Log=org.apache.commons.logging.impl.SimpleLog -Dorg.apache.commons.logging.simplelog.log.org.java.plugin=fatal 
java_command: /home/ubelix/sm/dw07r324/bin/GOAL-20140808/lib/jpf-boot.jar complement -m piterman -eq -macc -sp -ro -r /scratch/local/8663605.1.all.q/test_set_s15/s15_t2.2_a0.7_040.gff
Launcher Type: SUN_STANDARD

Environment Variables:
CLASSPATH=/home/ubelix/sm/dw07r324/bin/GOAL-20140808:/home/ubelix/sm/dw07r324/bin/GOAL-20140808/plugins:/home/ubelix/sm/dw07r324/bin/GOAL-20140808/lib:
PATH=/scratch/local/8663605.1.all.q:/usr/lib64/qt-3.3/bin:/usr/local/bin:/bin:/usr/bin:/usr/local/sbin:/usr/sbin:/sbin:/usr/lpp/mmfs/bin:/home/ubelix/sm/dw07r324/bin/GOAL-20140808:/home/ubelix/sm/dw07r324/bin/gnu_time/bin:/usr/lpp/mmfs/bin
LD_LIBRARY_PATH=/usr/lib/jvm/java-1.6.0-openjdk-1.6.0.0.x86_64/jre/lib/amd64/server:/usr/lib/jvm/java-1.6.0-openjdk-1.6.0.0.x86_64/jre/lib/amd64:/usr/lib/jvm/java-1.6.0-openjdk-1.6.0.0.x86_64/jre/../lib/amd64
SHELL=/bin/bash

Signal Handlers:
SIGSEGV: [libjvm.so+0x870a40], sa_mask[0]=0x7ffbfeff, sa_flags=0x10000004
SIGBUS: [libjvm.so+0x870a40], sa_mask[0]=0x7ffbfeff, sa_flags=0x10000004
SIGFPE: [libjvm.so+0x719240], sa_mask[0]=0x7ffbfeff, sa_flags=0x10000004
SIGPIPE: [libjvm.so+0x719240], sa_mask[0]=0x7ffbfeff, sa_flags=0x10000004
SIGXFSZ: [libjvm.so+0x719240], sa_mask[0]=0x7ffbfeff, sa_flags=0x10000004
SIGILL: [libjvm.so+0x719240], sa_mask[0]=0x7ffbfeff, sa_flags=0x10000004
SIGUSR1: SIG_DFL, sa_mask[0]=0x00000000, sa_flags=0x00000000
SIGUSR2: [libjvm.so+0x718d60], sa_mask[0]=0x00000000, sa_flags=0x10000004
SIGHUP: [libjvm.so+0x71bdf0], sa_mask[0]=0x7ffbfeff, sa_flags=0x10000004
SIGINT: [libjvm.so+0x71bdf0], sa_mask[0]=0x7ffbfeff, sa_flags=0x10000004
SIGTERM: [libjvm.so+0x71bdf0], sa_mask[0]=0x7ffbfeff, sa_flags=0x10000004
SIGQUIT: [libjvm.so+0x71bdf0], sa_mask[0]=0x7ffbfeff, sa_flags=0x10000004


---------------  S Y S T E M  ---------------

OS:Red Hat Enterprise Linux ComputeNode release 6.5 (Santiago)

uname:Linux 2.6.32-431.29.2.el6.x86_64 #1 SMP Sun Jul 27 15:55:46 EDT 2014 x86_64
libc:glibc 2.12 NPTL 2.12 
rlimit: STACK infinity, CORE infinity, NPROC 127431, NOFILE 4096, AS 8388608k
load average:6.96 5.49 4.34

/proc/meminfo:
MemTotal:       16331612 kB
MemFree:         4858836 kB
Buffers:            5080 kB
Cached:          6205412 kB
SwapCached:           88 kB
Active:          2919636 kB
Inactive:        3863220 kB
Active(anon):     509108 kB
Inactive(anon):    63452 kB
Active(file):    2410528 kB
Inactive(file):  3799768 kB
Unevictable:     4082900 kB
Mlocked:         4082900 kB
SwapTotal:       8388604 kB
SwapFree:        8388380 kB
Dirty:             40916 kB
Writeback:             0 kB
AnonPages:       4655080 kB
Mapped:           106600 kB
Shmem:               192 kB
Slab:             379888 kB
SReclaimable:     311992 kB
SUnreclaim:        67896 kB
KernelStack:        4768 kB
PageTables:        18284 kB
NFS_Unstable:          0 kB
Bounce:                0 kB
WritebackTmp:          0 kB
CommitLimit:    16554408 kB
Committed_AS:    6931772 kB
VmallocTotal:   34359738367 kB
VmallocUsed:      109412 kB
VmallocChunk:   34351234244 kB
HardwareCorrupted:     0 kB
AnonHugePages:         0 kB
HugePages_Total:       0
HugePages_Free:        0
HugePages_Rsvd:        0
HugePages_Surp:        0
Hugepagesize:       2048 kB
DirectMap4k:        9920 kB
DirectMap2M:     2086912 kB
DirectMap1G:    14680064 kB


CPU:total 8 (4 cores per cpu, 1 threads per core) family 16 model 2 stepping 3, cmov, cx8, fxsr, mmx, sse, sse2, sse3, popcnt, mmxext, 3dnowpref, lzcnt, sse4a, tsc, tscinvbit, tscinv

/proc/cpuinfo:
processor	: 0
vendor_id	: AuthenticAMD
cpu family	: 16
model		: 2
model name	: Quad-Core AMD Opteron(tm) Processor 2354
stepping	: 3
cpu MHz		: 2200.000
cache size	: 512 KB
physical id	: 0
siblings	: 4
core id		: 0
cpu cores	: 4
apicid		: 0
initial apicid	: 0
fpu		: yes
fpu_exception	: yes
cpuid level	: 5
wp		: yes
flags		: fpu vme de pse tsc msr pae mce cx8 apic sep mtrr pge mca cmov pat pse36 clflush mmx fxsr sse sse2 ht syscall nx mmxext fxsr_opt pdpe1gb rdtscp lm 3dnowext 3dnow constant_tsc rep_good nonstop_tsc extd_apicid pni monitor cx16 popcnt lahf_lm cmp_legacy svm extapic cr8_legacy abm sse4a misalignsse 3dnowprefetch osvw ibs npt lbrv svm_lock
bogomips	: 4422.88
TLB size	: 1024 4K pages
clflush size	: 64
cache_alignment	: 64
address sizes	: 48 bits physical, 48 bits virtual
power management: ts ttp tm stc 100mhzsteps hwpstate

processor	: 1
vendor_id	: AuthenticAMD
cpu family	: 16
model		: 2
model name	: Quad-Core AMD Opteron(tm) Processor 2354
stepping	: 3
cpu MHz		: 2200.000
cache size	: 512 KB
physical id	: 0
siblings	: 4
core id		: 1
cpu cores	: 4
apicid		: 1
initial apicid	: 1
fpu		: yes
fpu_exception	: yes
cpuid level	: 5
wp		: yes
flags		: fpu vme de pse tsc msr pae mce cx8 apic sep mtrr pge mca cmov pat pse36 clflush mmx fxsr sse sse2 ht syscall nx mmxext fxsr_opt pdpe1gb rdtscp lm 3dnowext 3dnow constant_tsc rep_good nonstop_tsc extd_apicid pni monitor cx16 popcnt lahf_lm cmp_legacy svm extapic cr8_legacy abm sse4a misalignsse 3dnowprefetch osvw ibs npt lbrv svm_lock
bogomips	: 4422.88
TLB size	: 1024 4K pages
clflush size	: 64
cache_alignment	: 64
address sizes	: 48 bits physical, 48 bits virtual
power management: ts ttp tm stc 100mhzsteps hwpstate

processor	: 2
vendor_id	: AuthenticAMD
cpu family	: 16
model		: 2
model name	: Quad-Core AMD Opteron(tm) Processor 2354
stepping	: 3
cpu MHz		: 2200.000
cache size	: 512 KB
physical id	: 0
siblings	: 4
core id		: 2
cpu cores	: 4
apicid		: 2
initial apicid	: 2
fpu		: yes
fpu_exception	: yes
cpuid level	: 5
wp		: yes
flags		: fpu vme de pse tsc msr pae mce cx8 apic sep mtrr pge mca cmov pat pse36 clflush mmx fxsr sse sse2 ht syscall nx mmxext fxsr_opt pdpe1gb rdtscp lm 3dnowext 3dnow constant_tsc rep_good nonstop_tsc extd_apicid pni monitor cx16 popcnt lahf_lm cmp_legacy svm extapic cr8_legacy abm sse4a misalignsse 3dnowprefetch osvw ibs npt lbrv svm_lock
bogomips	: 4422.88
TLB size	: 1024 4K pages
clflush size	: 64
cache_alignment	: 64
address sizes	: 48 bits physical, 48 bits virtual
power management: ts ttp tm stc 100mhzsteps hwpstate

processor	: 3
vendor_id	: AuthenticAMD
cpu family	: 16
model		: 2
model name	: Quad-Core AMD Opteron(tm) Processor 2354
stepping	: 3
cpu MHz		: 2200.000
cache size	: 512 KB
physical id	: 0
siblings	: 4
core id		: 3
cpu cores	: 4
apicid		: 3
initial apicid	: 3
fpu		: yes
fpu_exception	: yes
cpuid level	: 5
wp		: yes
flags		: fpu vme de pse tsc msr pae mce cx8 apic sep mtrr pge mca cmov pat pse36 clflush mmx fxsr sse sse2 ht syscall nx mmxext fxsr_opt pdpe1gb rdtscp lm 3dnowext 3dnow constant_tsc rep_good nonstop_tsc extd_apicid pni monitor cx16 popcnt lahf_lm cmp_legacy svm extapic cr8_legacy abm sse4a misalignsse 3dnowprefetch osvw ibs npt lbrv svm_lock
bogomips	: 4422.88
TLB size	: 1024 4K pages
clflush size	: 64
cache_alignment	: 64
address sizes	: 48 bits physical, 48 bits virtual
power management: ts ttp tm stc 100mhzsteps hwpstate

processor	: 4
vendor_id	: AuthenticAMD
cpu family	: 16
model		: 2
model name	: Quad-Core AMD Opteron(tm) Processor 2354
stepping	: 3
cpu MHz		: 2200.000
cache size	: 512 KB
physical id	: 1
siblings	: 4
core id		: 0
cpu cores	: 4
apicid		: 4
initial apicid	: 4
fpu		: yes
fpu_exception	: yes
cpuid level	: 5
wp		: yes
flags		: fpu vme de pse tsc msr pae mce cx8 apic sep mtrr pge mca cmov pat pse36 clflush mmx fxsr sse sse2 ht syscall nx mmxext fxsr_opt pdpe1gb rdtscp lm 3dnowext 3dnow constant_tsc rep_good nonstop_tsc extd_apicid pni monitor cx16 popcnt lahf_lm cmp_legacy svm extapic cr8_legacy abm sse4a misalignsse 3dnowprefetch osvw ibs npt lbrv svm_lock
bogomips	: 4422.23
TLB size	: 1024 4K pages
clflush size	: 64
cache_alignment	: 64
address sizes	: 48 bits physical, 48 bits virtual
power management: ts ttp tm stc 100mhzsteps hwpstate

processor	: 5
vendor_id	: AuthenticAMD
cpu family	: 16
model		: 2
model name	: Quad-Core AMD Opteron(tm) Processor 2354
stepping	: 3
cpu MHz		: 2200.000
cache size	: 512 KB
physical id	: 1
siblings	: 4
core id		: 1
cpu cores	: 4
apicid		: 5
initial apicid	: 5
fpu		: yes
fpu_exception	: yes
cpuid level	: 5
wp		: yes
flags		: fpu vme de pse tsc msr pae mce cx8 apic sep mtrr pge mca cmov pat pse36 clflush mmx fxsr sse sse2 ht syscall nx mmxext fxsr_opt pdpe1gb rdtscp lm 3dnowext 3dnow constant_tsc rep_good nonstop_tsc extd_apicid pni monitor cx16 popcnt lahf_lm cmp_legacy svm extapic cr8_legacy abm sse4a misalignsse 3dnowprefetch osvw ibs npt lbrv svm_lock
bogomips	: 4422.23
TLB size	: 1024 4K pages
clflush size	: 64
cache_alignment	: 64
address sizes	: 48 bits physical, 48 bits virtual
power management: ts ttp tm stc 100mhzsteps hwpstate

processor	: 6
vendor_id	: AuthenticAMD
cpu family	: 16
model		: 2
model name	: Quad-Core AMD Opteron(tm) Processor 2354
stepping	: 3
cpu MHz		: 2200.000
cache size	: 512 KB
physical id	: 1
siblings	: 4
core id		: 2
cpu cores	: 4
apicid		: 6
initial apicid	: 6
fpu		: yes
fpu_exception	: yes
cpuid level	: 5
wp		: yes
flags		: fpu vme de pse tsc msr pae mce cx8 apic sep mtrr pge mca cmov pat pse36 clflush mmx fxsr sse sse2 ht syscall nx mmxext fxsr_opt pdpe1gb rdtscp lm 3dnowext 3dnow constant_tsc rep_good nonstop_tsc extd_apicid pni monitor cx16 popcnt lahf_lm cmp_legacy svm extapic cr8_legacy abm sse4a misalignsse 3dnowprefetch osvw ibs npt lbrv svm_lock
bogomips	: 4422.23
TLB size	: 1024 4K pages
clflush size	: 64
cache_alignment	: 64
address sizes	: 48 bits physical, 48 bits virtual
power management: ts ttp tm stc 100mhzsteps hwpstate

processor	: 7
vendor_id	: AuthenticAMD
cpu family	: 16
model		: 2
model name	: Quad-Core AMD Opteron(tm) Processor 2354
stepping	: 3
cpu MHz		: 2200.000
cache size	: 512 KB
physical id	: 1
siblings	: 4
core id		: 3
cpu cores	: 4
apicid		: 7
initial apicid	: 7
fpu		: yes
fpu_exception	: yes
cpuid level	: 5
wp		: yes
flags		: fpu vme de pse tsc msr pae mce cx8 apic sep mtrr pge mca cmov pat pse36 clflush mmx fxsr sse sse2 ht syscall nx mmxext fxsr_opt pdpe1gb rdtscp lm 3dnowext 3dnow constant_tsc rep_good nonstop_tsc extd_apicid pni monitor cx16 popcnt lahf_lm cmp_legacy svm extapic cr8_legacy abm sse4a misalignsse 3dnowprefetch osvw ibs npt lbrv svm_lock
bogomips	: 4422.23
TLB size	: 1024 4K pages
clflush size	: 64
cache_alignment	: 64
address sizes	: 48 bits physical, 48 bits virtual
power management: ts ttp tm stc 100mhzsteps hwpstate



Memory: 4k page, physical 16331612k(4858836k free), swap 8388604k(8388380k free)

vm_info: OpenJDK 64-Bit Server VM (23.25-b01) for linux-amd64 JRE (1.6.0_32-b32), built on Aug 21 2014 11:15:48 by "mockbuild" with gcc 4.4.7 20120313 (Red Hat 4.4.7-4)

time: Tue Sep 23 11:46:33 2014
elapsed time: 5 seconds

