#
# A fatal error has been detected by the Java Runtime Environment:
#
#  SIGBUS (0x7) at pc=0x00002b5a7ee0b522, pid=29858, tid=47667670972160
#
# JRE version: 6.0_32-b32
# Java VM: OpenJDK 64-Bit Server VM (23.25-b01 mixed mode linux-amd64 compressed oops)
# Problematic frame:
# C  [libzip.so+0x4522]  ZIP_Lock+0x252
#
# Core dump written. Default location: /mmfs/automount/gpfs/homefs/sm/dw07r324/jobs/piterman.eq.macc.sp.ro.r/core or core.29858
#
# If you would like to submit a bug report, please include
# instructions how to reproduce the bug and visit:
#   http://icedtea.classpath.org/bugzilla
# The crash happened outside the Java Virtual Machine in native code.
# See problematic frame for where to report the bug.
#

---------------  T H R E A D  ---------------

Current thread (0x00002b5a80008000):  JavaThread "main" [_thread_in_native, id=29859, stack(0x00002b5a7e887000,0x00002b5a7e988000)]

siginfo:si_signo=SIGBUS: si_errno=0, si_code=2 (BUS_ADRERR), si_addr=0x00002b5ace3dca05

Registers:
RAX=0x00002b5a80355c00, RBX=0x00002b5ace3dc9e8, RCX=0x00002b5a80355c40, RDX=0x0000000000000004
RSP=0x00002b5a7e983d90, RBP=0x00002b5a7e983dd0, RSI=0x0000000000000004, RDI=0x0000000000000003
R8 =0x00002b5a80000088, R9 =0x0000000000000001, R10=0x0000000000000040, R11=0x00002b5a7e0b7660
R12=0x00002b5a80355c00, R13=0x00002b5a802ec200, R14=0x00002b5a7e983e40, R15=0x00002b5a80355c00
RIP=0x00002b5a7ee0b522, EFLAGS=0x0000000000010206, CSGSFS=0x0000000000000033, ERR=0x0000000000000004
  TRAPNO=0x000000000000000e

Top of Stack: (sp=0x00002b5a7e983d90)
0x00002b5a7e983d90:   00002b5a802f30f0 00002b5a7e00105e
0x00002b5a7e983da0:   00000000000003d2 00002b5a802ef398
0x00002b5a7e983db0:   00002b5a802ec200 0000000065aa00a2
0x00002b5a7e983dc0:   00002b5a7e983e40 000000000000003b
0x00002b5a7e983dd0:   00002b5a7e983e20 00002b5a7ee0bae2
0x00002b5a7e983de0:   00002b5a80008000 00002b5a802e8df0
0x00002b5a7e983df0:   00002b5a7e983e60 00002b5a800081d8
0x00002b5a7e983e00:   00002b5a7e983e40 000000000000003b
0x00002b5a7e983e10:   00002b5a7e984318 00002b5a7e983e40
0x00002b5a7e983e20:   00002b5a7e984280 00002b5a7ee0aae4
0x00002b5a7e983e30:   0000003b01000000 00002b5a802ec200
0x00002b5a7e983e40:   2f73657373616c63 727676732f67726f
0x00002b5a7e983e50:   632f6c616f672f6c 6e6172742f65726f
0x00002b5a7e983e60:   616c736e6172542f 6f676c416e6f6974
0x00002b5a7e983e70:   6c632e6d68746972 0000000400737361
0x00002b5a7e983e80:   00002b5a80008f10 000000364fd50e20
0x00002b5a7e983e90:   00002b5a7e983ec0 00002b5a80008000
0x00002b5a7e983ea0:   00000000b5cc4b00 000000000000001a
0x00002b5a7e983eb0:   00002b5a80008000 00000000b5cc4b00
0x00002b5a7e983ec0:   00002b5a7e983f20 00002b5a7de4b5f2
0x00002b5a7e983ed0:   00002b5a80008000 000000364fc44177
0x00002b5a7e983ee0:   00002b5a80008000 0000000000000000
0x00002b5a7e983ef0:   0000000000000001 00000000000000bd
0x00002b5a7e983f00:   0000000000000000 00002b5a80008000
0x00002b5a7e983f10:   00002b5a7e983f00 00002b5a00000000
0x00002b5a7e983f20:   00000000b5cc8c58 00002b0000000061
0x00002b5a7e983f30:   00000000b5bdfef5 00000000eb6c6050
0x00002b5a7e983f40:   00002b5a7e983f40 00000000b5cc69cb
0x00002b5a7e983f50:   00002b5a7e983fa0 00002b5a80008f00
0x00002b5a7e983f60:   0000000000000000 0000000000000001
0x00002b5a7e983f70:   00002b5a80008000 ffffffffffffffff
0x00002b5a7e983f80:   00002b5a7e983ff0 00002b5a7de07a03 

Instructions: (pc=0x00002b5a7ee0b522)
0x00002b5a7ee0b502:   00 00 00 00 00 48 c7 40 30 00 00 00 00 48 c7 40
0x00002b5a7ee0b512:   28 00 00 00 00 8b 5b 04 49 2b 5d 28 49 03 5d 18
0x00002b5a7ee0b522:   44 0f b6 73 1d 0f b6 43 1c 41 c1 e6 08 41 09 c6
0x00002b5a7ee0b532:   0f b6 43 1e 88 45 ce 0f b6 43 1f 88 45 cf 0f b6 

Register to memory mapping:

RAX=0x00002b5a80355c00 is an unknown value
RBX=0x00002b5ace3dc9e8 is an unknown value
RCX=0x00002b5a80355c40 is an unknown value
RDX=0x0000000000000004 is an unknown value
RSP=0x00002b5a7e983d90 is pointing into the stack for thread: 0x00002b5a80008000
RBP=0x00002b5a7e983dd0 is pointing into the stack for thread: 0x00002b5a80008000
RSI=0x0000000000000004 is an unknown value
RDI=0x0000000000000003 is an unknown value
R8 =0x00002b5a80000088 is an unknown value
R9 =0x0000000000000001 is an unknown value
R10=0x0000000000000040 is an unknown value
R11=0x00002b5a7e0b7660: <offset 0x79f660> in /usr/lib/jvm/java-1.6.0-openjdk-1.6.0.0.x86_64/jre/lib/amd64/server/libjvm.so at 0x00002b5a7d918000
R12=0x00002b5a80355c00 is an unknown value
R13=0x00002b5a802ec200 is an unknown value
R14=0x00002b5a7e983e40 is pointing into the stack for thread: 0x00002b5a80008000
R15=0x00002b5a80355c00 is an unknown value


Stack: [0x00002b5a7e887000,0x00002b5a7e988000],  sp=0x00002b5a7e983d90,  free space=1011k
Native frames: (J=compiled Java code, j=interpreted, Vv=VM code, C=native code)
C  [libzip.so+0x4522]  ZIP_Lock+0x252
C  [libzip.so+0x4ae2]  ZIP_GetEntry+0xc2
C  [libzip.so+0x3ae4]  Java_java_util_zip_ZipFile_getEntry+0xc4
j  java.util.zip.ZipFile.getEntry(JLjava/lang/String;Z)J+0
j  java.util.zip.ZipFile.getEntry(Ljava/lang/String;)Ljava/util/zip/ZipEntry;+31
j  java.util.jar.JarFile.getEntry(Ljava/lang/String;)Ljava/util/zip/ZipEntry;+2
j  sun.net.www.protocol.jar.URLJarFile.getEntry(Ljava/lang/String;)Ljava/util/zip/ZipEntry;+2
j  sun.net.www.protocol.jar.JarURLConnection.connect()V+62
j  sun.net.www.protocol.jar.JarURLConnection.getInputStream()Ljava/io/InputStream;+1
j  sun.misc.URLClassPath$Loader.getResource(Ljava/lang/String;Z)Lsun/misc/Resource;+48
j  sun.misc.URLClassPath.getResource(Ljava/lang/String;Z)Lsun/misc/Resource;+53
j  java.net.URLClassLoader$1.run()Ljava/lang/Object;+26
v  ~StubRoutines::call_stub
V  [libjvm.so+0x537e3e]  AsyncGetCallTrace+0xd776e
V  [libjvm.so+0x536ad8]  AsyncGetCallTrace+0xd6408
V  [libjvm.so+0x597140]  JVM_DoPrivileged+0x400
j  java.security.AccessController.doPrivileged(Ljava/security/PrivilegedExceptionAction;Ljava/security/AccessControlContext;)Ljava/lang/Object;+0
j  java.net.URLClassLoader.findClass(Ljava/lang/String;)Ljava/lang/Class;+13
j  org.java.plugin.standard.StandardPluginClassLoader.loadLocalClass(Ljava/lang/String;ZLorg/java/plugin/standard/StandardPluginClassLoader;)Ljava/lang/Class;+97
j  org.java.plugin.standard.StandardPluginClassLoader.loadPluginClass(Ljava/lang/String;ZZLorg/java/plugin/standard/StandardPluginClassLoader;Ljava/util/Set;)Ljava/lang/Class;+338
j  org.java.plugin.standard.StandardPluginClassLoader.loadClass(Ljava/lang/String;Z)Ljava/lang/Class;+197
j  java.lang.ClassLoader.loadClass(Ljava/lang/String;)Ljava/lang/Class;+3
v  ~StubRoutines::call_stub
V  [libjvm.so+0x537e3e]  AsyncGetCallTrace+0xd776e
V  [libjvm.so+0x537222]  AsyncGetCallTrace+0xd6b52
V  [libjvm.so+0x5372f4]  AsyncGetCallTrace+0xd6c24
V  [libjvm.so+0x80084b]  JVM_handle_linux_signal+0xdf19b
V  [libjvm.so+0x800e0c]  JVM_handle_linux_signal+0xdf75c
V  [libjvm.so+0x802733]  JVM_handle_linux_signal+0xe1083
V  [libjvm.so+0x3ef00e]  ftell+0x3ef00e
V  [libjvm.so+0x64bcaa]  JVM_RaiseSignal+0xae28a
V  [libjvm.so+0x64c4bb]  JVM_RaiseSignal+0xaea9b
V  [libjvm.so+0x52d9c8]  AsyncGetCallTrace+0xcd2f8
j  org.svvrl.goal.core.Preference.<clinit>()V+128
v  ~StubRoutines::call_stub
V  [libjvm.so+0x537e3e]  AsyncGetCallTrace+0xd776e
V  [libjvm.so+0x536ad8]  AsyncGetCallTrace+0xd6408
V  [libjvm.so+0x4faf6e]  AsyncGetCallTrace+0x9a89e
V  [libjvm.so+0x4fb25e]  AsyncGetCallTrace+0x9ab8e
V  [libjvm.so+0x4fb92a]  AsyncGetCallTrace+0x9b25a
V  [libjvm.so+0x64b5f6]  JVM_RaiseSignal+0xadbd6
V  [libjvm.so+0x64f038]  JVM_RaiseSignal+0xb1618
V  [libjvm.so+0x52f660]  AsyncGetCallTrace+0xcef90
j  org.svvrl.goal.core.CorePlugin.initApplication(Lorg/java/plugin/util/ExtendedProperties;[Ljava/lang/String;)Lorg/java/plugin/boot/Application;+146
j  org.java.plugin.boot.DefaultApplicationInitializer.initApplication(Lorg/java/plugin/boot/BootErrorHandler;[Ljava/lang/String;)Lorg/java/plugin/boot/Application;+530
j  org.java.plugin.boot.Boot.initApplication(Lorg/java/plugin/boot/BootErrorHandler;Lorg/java/plugin/util/ExtendedProperties;[Ljava/lang/String;)Lorg/java/plugin/boot/Application;+157
j  org.java.plugin.boot.Boot.boot(Lorg/java/plugin/util/ExtendedProperties;ZLjava/lang/String;Lorg/java/plugin/boot/BootErrorHandler;[Ljava/lang/String;)Lorg/java/plugin/boot/Application;+338
j  org.java.plugin.boot.Boot.main([Ljava/lang/String;)V+162
v  ~StubRoutines::call_stub
V  [libjvm.so+0x537e3e]  AsyncGetCallTrace+0xd776e
V  [libjvm.so+0x536ad8]  AsyncGetCallTrace+0xd6408
V  [libjvm.so+0x5452a7]  JNI_CreateJavaVM+0x12e7
V  [libjvm.so+0x55a4eb]  JNI_CreateJavaVM+0x1652b
C  [java+0x374d]  JavaMain+0xd0d

Java frames: (J=compiled Java code, j=interpreted, Vv=VM code)
j  java.util.zip.ZipFile.getEntry(JLjava/lang/String;Z)J+0
j  java.util.zip.ZipFile.getEntry(Ljava/lang/String;)Ljava/util/zip/ZipEntry;+31
j  java.util.jar.JarFile.getEntry(Ljava/lang/String;)Ljava/util/zip/ZipEntry;+2
j  sun.net.www.protocol.jar.URLJarFile.getEntry(Ljava/lang/String;)Ljava/util/zip/ZipEntry;+2
j  sun.net.www.protocol.jar.JarURLConnection.connect()V+62
j  sun.net.www.protocol.jar.JarURLConnection.getInputStream()Ljava/io/InputStream;+1
j  sun.misc.URLClassPath$Loader.getResource(Ljava/lang/String;Z)Lsun/misc/Resource;+48
j  sun.misc.URLClassPath.getResource(Ljava/lang/String;Z)Lsun/misc/Resource;+53
j  java.net.URLClassLoader$1.run()Ljava/lang/Object;+26
v  ~StubRoutines::call_stub
j  java.security.AccessController.doPrivileged(Ljava/security/PrivilegedExceptionAction;Ljava/security/AccessControlContext;)Ljava/lang/Object;+0
j  java.net.URLClassLoader.findClass(Ljava/lang/String;)Ljava/lang/Class;+13
j  org.java.plugin.standard.StandardPluginClassLoader.loadLocalClass(Ljava/lang/String;ZLorg/java/plugin/standard/StandardPluginClassLoader;)Ljava/lang/Class;+97
j  org.java.plugin.standard.StandardPluginClassLoader.loadPluginClass(Ljava/lang/String;ZZLorg/java/plugin/standard/StandardPluginClassLoader;Ljava/util/Set;)Ljava/lang/Class;+338
j  org.java.plugin.standard.StandardPluginClassLoader.loadClass(Ljava/lang/String;Z)Ljava/lang/Class;+197
j  java.lang.ClassLoader.loadClass(Ljava/lang/String;)Ljava/lang/Class;+3
v  ~StubRoutines::call_stub
j  org.svvrl.goal.core.Preference.<clinit>()V+128
v  ~StubRoutines::call_stub
j  org.svvrl.goal.core.CorePlugin.initApplication(Lorg/java/plugin/util/ExtendedProperties;[Ljava/lang/String;)Lorg/java/plugin/boot/Application;+146
j  org.java.plugin.boot.DefaultApplicationInitializer.initApplication(Lorg/java/plugin/boot/BootErrorHandler;[Ljava/lang/String;)Lorg/java/plugin/boot/Application;+530
j  org.java.plugin.boot.Boot.initApplication(Lorg/java/plugin/boot/BootErrorHandler;Lorg/java/plugin/util/ExtendedProperties;[Ljava/lang/String;)Lorg/java/plugin/boot/Application;+157
j  org.java.plugin.boot.Boot.boot(Lorg/java/plugin/util/ExtendedProperties;ZLjava/lang/String;Lorg/java/plugin/boot/BootErrorHandler;[Ljava/lang/String;)Lorg/java/plugin/boot/Application;+338
j  org.java.plugin.boot.Boot.main([Ljava/lang/String;)V+162
v  ~StubRoutines::call_stub

---------------  P R O C E S S  ---------------

Java Threads: ( => current thread )
  0x00002b5a80101800 JavaThread "Low Memory Detector" daemon [_thread_blocked, id=29874, stack(0x00002b5ace194000,0x00002b5ace295000)]
  0x00002b5a800ff000 JavaThread "C2 CompilerThread1" daemon [_thread_blocked, id=29873, stack(0x00002b5ace093000,0x00002b5ace194000)]
  0x00002b5a800fc800 JavaThread "C2 CompilerThread0" daemon [_thread_blocked, id=29872, stack(0x00002b5acdf92000,0x00002b5ace093000)]
  0x00002b5a800fa000 JavaThread "Signal Dispatcher" daemon [_thread_blocked, id=29871, stack(0x00002b5acde91000,0x00002b5acdf92000)]
  0x00002b5a800ab800 JavaThread "Finalizer" daemon [_thread_blocked, id=29870, stack(0x00002b5abc101000,0x00002b5abc202000)]
  0x00002b5a800a9800 JavaThread "Reference Handler" daemon [_thread_blocked, id=29869, stack(0x00002b5abc000000,0x00002b5abc101000)]
=>0x00002b5a80008000 JavaThread "main" [_thread_in_native, id=29859, stack(0x00002b5a7e887000,0x00002b5a7e988000)]

Other Threads:
  0x00002b5a8009a800 VMThread [stack: 0x00002b5aa0d91000,0x00002b5aa0e92000] [id=29868]
  0x00002b5a8010c800 WatcherThread [stack: 0x00002b5ace295000,0x00002b5ace396000] [id=29875]

VM state:not at safepoint (normal execution)

VM Mutex/Monitor currently owned by a thread: None

Heap
 PSYoungGen      total 305856K, used 20976K [0x00000000eaab0000, 0x0000000100000000, 0x0000000100000000)
  eden space 262208K, 8% used [0x00000000eaab0000,0x00000000ebf2c398,0x00000000faac0000)
  from space 43648K, 0% used [0x00000000fd560000,0x00000000fd560000,0x0000000100000000)
  to   space 43648K, 0% used [0x00000000faac0000,0x00000000faac0000,0x00000000fd560000)
 ParOldGen       total 699072K, used 0K [0x00000000c0000000, 0x00000000eaab0000, 0x00000000eaab0000)
  object space 699072K, 0% used [0x00000000c0000000,0x00000000c0000000,0x00000000eaab0000)
 PSPermGen       total 21248K, used 6206K [0x00000000b5a00000, 0x00000000b6ec0000, 0x00000000c0000000)
  object space 21248K, 29% used [0x00000000b5a00000,0x00000000b600fa10,0x00000000b6ec0000)

Card table byte_map: [0x00002b5a870c0000,0x00002b5a87314000] byte_map_base: 0x00002b5a86b13000

Polling page: 0x00002b5a7edc8000

Code Cache  [0x00002b5a84000000, 0x00002b5a84270000, 0x00002b5a87000000)
 total_blobs=320 nmethods=105 adapters=168 free_code_cache=48379Kb largest_free_block=49492992

Compilation events (10 events):
Event: 1.324 Thread 0x00002b5a800ff000 nmethod 100 0x00002b5a8409dc50 code [0x00002b5a8409dda0, 0x00002b5a8409dea8]
Event: 1.324 Thread 0x00002b5a800ff000  101             org.java.plugin.registry.xml.ExtensionPointImpl$ParameterDefinitionImpl::getMultiplicity (8 bytes)
Event: 1.325 Thread 0x00002b5a800ff000 nmethod 101 0x00002b5a8409ee50 code [0x00002b5a8409ef80, 0x00002b5a8409eff8]
Event: 1.325 Thread 0x00002b5a800ff000  102             org.java.plugin.registry.xml.ModelParameterDef::getMultiplicity (5 bytes)
Event: 1.325 Thread 0x00002b5a800ff000 nmethod 102 0x00002b5a8409da50 code [0x00002b5a8409db80, 0x00002b5a8409dbd8]
Event: 1.698 Thread 0x00002b5a800fc800 nmethod 88 0x00002b5a840b5d10 code [0x00002b5a840b65a0, 0x00002b5a840bc988]
Event: 3.196 Thread 0x00002b5a800ff000  103             java.io.UnixFileSystem::normalize (75 bytes)
Event: 3.201 Thread 0x00002b5a800ff000 nmethod 103 0x00002b5a8409bbd0 code [0x00002b5a8409bd20, 0x00002b5a8409bf78]
Event: 3.202 Thread 0x00002b5a800fc800  104   !         sun.nio.cs.US_ASCII$Decoder::decodeArrayLoop (241 bytes)
Event: 3.220 Thread 0x00002b5a800fc800 nmethod 104 0x00002b5a8409c790 code [0x00002b5a8409c940, 0x00002b5a8409d188]

GC Heap History (0 events):
No events

Deoptimization events (9 events):
Event: 0.263 Thread 0x00002b5a80008000 Uncommon trap -34 fr.pc 0x00002b5a8405ea30
Event: 0.265 Thread 0x00002b5a80008000 Uncommon trap -34 fr.pc 0x00002b5a8405ea30
Event: 0.366 Thread 0x00002b5a80008000 Uncommon trap -12 fr.pc 0x00002b5a8406546c
Event: 0.979 Thread 0x00002b5a80008000 Uncommon trap -58 fr.pc 0x00002b5a84085920
Event: 0.979 Thread 0x00002b5a80008000 Uncommon trap -58 fr.pc 0x00002b5a84085920
Event: 0.979 Thread 0x00002b5a80008000 Uncommon trap -58 fr.pc 0x00002b5a84085920
Event: 0.979 Thread 0x00002b5a80008000 Uncommon trap -58 fr.pc 0x00002b5a84085920
Event: 3.208 Thread 0x00002b5a80008000 Uncommon trap -34 fr.pc 0x00002b5a8405ea30
Event: 3.209 Thread 0x00002b5a80008000 Uncommon trap -34 fr.pc 0x00002b5a8405ea30

Internal exceptions (10 events):
Event: 3.188 Thread 0x00002b5a80008000 Threw 0x00000000eb66c330 at /builddir/build/BUILD/icedtea6-1.13.4/openjdk/hotspot/src/share/vm/prims/jvm.cpp:1235
Event: 3.188 Thread 0x00002b5a80008000 Threw 0x00000000eb66c720 at /builddir/build/BUILD/icedtea6-1.13.4/openjdk/hotspot/src/share/vm/prims/jvm.cpp:1235
Event: 3.191 Thread 0x00002b5a80008000 Threw 0x00000000eb683e70 at /builddir/build/BUILD/icedtea6-1.13.4/openjdk/hotspot/src/share/vm/classfile/systemDictionary.cpp:179
Event: 3.191 Thread 0x00002b5a80008000 Threw 0x00000000eb6841b8 at /builddir/build/BUILD/icedtea6-1.13.4/openjdk/hotspot/src/share/vm/prims/jvm.cpp:1235
Event: 3.191 Thread 0x00002b5a80008000 Threw 0x00000000eb685810 at /builddir/build/BUILD/icedtea6-1.13.4/openjdk/hotspot/src/share/vm/classfile/systemDictionary.cpp:179
Event: 3.191 Thread 0x00002b5a80008000 Threw 0x00000000eb685b70 at /builddir/build/BUILD/icedtea6-1.13.4/openjdk/hotspot/src/share/vm/prims/jvm.cpp:1235
Event: 3.208 Thread 0x00002b5a80008000 Threw 0x00000000eb6bfac8 at /builddir/build/BUILD/icedtea6-1.13.4/openjdk/hotspot/src/share/vm/prims/jni.cpp:716
Event: 3.209 Thread 0x00002b5a80008000 Threw 0x00000000eb6c4688 at /builddir/build/BUILD/icedtea6-1.13.4/openjdk/hotspot/src/share/vm/classfile/systemDictionary.cpp:179
Event: 3.210 Thread 0x00002b5a80008000 Threw 0x00000000eb6c4a08 at /builddir/build/BUILD/icedtea6-1.13.4/openjdk/hotspot/src/share/vm/prims/jvm.cpp:1235
Event: 3.210 Thread 0x00002b5a80008000 Threw 0x00000000eb6c4e38 at /builddir/build/BUILD/icedtea6-1.13.4/openjdk/hotspot/src/share/vm/prims/jvm.cpp:1235

Events (10 events):
Event: 3.208 Thread 0x00002b5a80008000 DEOPT PACKING pc=0x00002b5a8405ea30 sp=0x00002b5a7e9848d0
Event: 3.208 Thread 0x00002b5a80008000 DEOPT UNPACKING pc=0x00002b5a84039145 sp=0x00002b5a7e984868 mode 2
Event: 3.209 Thread 0x00002b5a80008000 DEOPT PACKING pc=0x00002b5a8405ea30 sp=0x00002b5a7e9848d0
Event: 3.209 Thread 0x00002b5a80008000 DEOPT UNPACKING pc=0x00002b5a84039145 sp=0x00002b5a7e984868 mode 2
Event: 3.209 loading class 0x00002b5a8033be70
Event: 3.209 loading class 0x00002b5a80355ac0
Event: 3.209 loading class 0x00002b5a80355ac0 done
Event: 3.209 loading class 0x00002b5a8033be70 done
Event: 3.209 loading class 0x00002b5a8032b390
Event: 3.209 loading class 0x00002b5a8032b390 done


Dynamic libraries:
00400000-00409000 r-xp 00000000 fd:01 5993                               /usr/lib/jvm/java-1.6.0-openjdk-1.6.0.0.x86_64/jre/bin/java
00608000-0060a000 rw-p 00008000 fd:01 5993                               /usr/lib/jvm/java-1.6.0-openjdk-1.6.0.0.x86_64/jre/bin/java
023ef000-02410000 rw-p 00000000 00:00 0                                  [heap]
b5a00000-b6ec0000 rw-p 00000000 00:00 0 
b6ec0000-c0000000 rw-p 00000000 00:00 0 
c0000000-100000000 rw-p 00000000 00:00 0 
364f800000-364f820000 r-xp 00000000 fd:01 130582                         /lib64/ld-2.12.so
364fa1f000-364fa20000 r--p 0001f000 fd:01 130582                         /lib64/ld-2.12.so
364fa20000-364fa21000 rw-p 00020000 fd:01 130582                         /lib64/ld-2.12.so
364fa21000-364fa22000 rw-p 00000000 00:00 0 
364fc00000-364fd8a000 r-xp 00000000 fd:01 130613                         /lib64/libc-2.12.so
364fd8a000-364ff8a000 ---p 0018a000 fd:01 130613                         /lib64/libc-2.12.so
364ff8a000-364ff8e000 r--p 0018a000 fd:01 130613                         /lib64/libc-2.12.so
364ff8e000-364ff8f000 rw-p 0018e000 fd:01 130613                         /lib64/libc-2.12.so
364ff8f000-364ff94000 rw-p 00000000 00:00 0 
3650000000-3650004000 r-xp 00000000 fd:01 13573                          /usr/lib/jvm/java-1.6.0-openjdk-1.6.0.0.x86_64/jre/lib/amd64/jli/libjli.so
3650004000-3650203000 ---p 00004000 fd:01 13573                          /usr/lib/jvm/java-1.6.0-openjdk-1.6.0.0.x86_64/jre/lib/amd64/jli/libjli.so
3650203000-3650204000 rw-p 00003000 fd:01 13573                          /usr/lib/jvm/java-1.6.0-openjdk-1.6.0.0.x86_64/jre/lib/amd64/jli/libjli.so
3650400000-3650417000 r-xp 00000000 fd:01 130636                         /lib64/libpthread-2.12.so
3650417000-3650617000 ---p 00017000 fd:01 130636                         /lib64/libpthread-2.12.so
3650617000-3650618000 r--p 00017000 fd:01 130636                         /lib64/libpthread-2.12.so
3650618000-3650619000 rw-p 00018000 fd:01 130636                         /lib64/libpthread-2.12.so
3650619000-365061d000 rw-p 00000000 00:00 0 
3650800000-3650802000 r-xp 00000000 fd:01 130624                         /lib64/libdl-2.12.so
3650802000-3650a02000 ---p 00002000 fd:01 130624                         /lib64/libdl-2.12.so
3650a02000-3650a03000 r--p 00002000 fd:01 130624                         /lib64/libdl-2.12.so
3650a03000-3650a04000 rw-p 00003000 fd:01 130624                         /lib64/libdl-2.12.so
3650c00000-3650c15000 r-xp 00000000 fd:01 130638                         /lib64/libz.so.1.2.3
3650c15000-3650e14000 ---p 00015000 fd:01 130638                         /lib64/libz.so.1.2.3
3650e14000-3650e15000 r--p 00014000 fd:01 130638                         /lib64/libz.so.1.2.3
3650e15000-3650e16000 rw-p 00015000 fd:01 130638                         /lib64/libz.so.1.2.3
3651000000-3651007000 r-xp 00000000 fd:01 132701                         /lib64/librt-2.12.so
3651007000-3651206000 ---p 00007000 fd:01 132701                         /lib64/librt-2.12.so
3651206000-3651207000 r--p 00006000 fd:01 132701                         /lib64/librt-2.12.so
3651207000-3651208000 rw-p 00007000 fd:01 132701                         /lib64/librt-2.12.so
3651800000-3651816000 r-xp 00000000 fd:01 133662                         /lib64/libgcc_s-4.4.7-20120601.so.1
3651816000-3651a15000 ---p 00016000 fd:01 133662                         /lib64/libgcc_s-4.4.7-20120601.so.1
3651a15000-3651a16000 rw-p 00015000 fd:01 133662                         /lib64/libgcc_s-4.4.7-20120601.so.1
3653000000-36530e8000 r-xp 00000000 fd:01 49938                          /usr/lib64/libstdc++.so.6.0.13
36530e8000-36532e8000 ---p 000e8000 fd:01 49938                          /usr/lib64/libstdc++.so.6.0.13
36532e8000-36532ef000 r--p 000e8000 fd:01 49938                          /usr/lib64/libstdc++.so.6.0.13
36532ef000-36532f1000 rw-p 000ef000 fd:01 49938                          /usr/lib64/libstdc++.so.6.0.13
36532f1000-3653306000 rw-p 00000000 00:00 0 
365c200000-365c216000 r-xp 00000000 fd:01 137559                         /lib64/libnsl-2.12.so
365c216000-365c415000 ---p 00016000 fd:01 137559                         /lib64/libnsl-2.12.so
365c415000-365c416000 r--p 00015000 fd:01 137559                         /lib64/libnsl-2.12.so
365c416000-365c417000 rw-p 00016000 fd:01 137559                         /lib64/libnsl-2.12.so
365c417000-365c419000 rw-p 00000000 00:00 0 
2b5a7d8fd000-2b5a7d8fe000 rw-p 00000000 00:00 0 
2b5a7d914000-2b5a7d918000 rw-p 00000000 00:00 0 
2b5a7d918000-2b5a7e323000 r-xp 00000000 fd:01 23213                      /usr/lib/jvm/java-1.6.0-openjdk-1.6.0.0.x86_64/jre/lib/amd64/server/libjvm.so
2b5a7e323000-2b5a7e523000 ---p 00a0b000 fd:01 23213                      /usr/lib/jvm/java-1.6.0-openjdk-1.6.0.0.x86_64/jre/lib/amd64/server/libjvm.so
2b5a7e523000-2b5a7e5c4000 rw-p 00a0b000 fd:01 23213                      /usr/lib/jvm/java-1.6.0-openjdk-1.6.0.0.x86_64/jre/lib/amd64/server/libjvm.so
2b5a7e5c4000-2b5a7e5ed000 rw-p 00000000 00:00 0 
2b5a7e603000-2b5a7e686000 r-xp 00000000 fd:01 130627                     /lib64/libm-2.12.so
2b5a7e686000-2b5a7e885000 ---p 00083000 fd:01 130627                     /lib64/libm-2.12.so
2b5a7e885000-2b5a7e886000 r--p 00082000 fd:01 130627                     /lib64/libm-2.12.so
2b5a7e886000-2b5a7e887000 rw-p 00083000 fd:01 130627                     /lib64/libm-2.12.so
2b5a7e887000-2b5a7e88a000 ---p 00000000 00:00 0 
2b5a7e88a000-2b5a7e988000 rw-p 00000000 00:00 0 
2b5a7e988000-2b5a7e996000 r-xp 00000000 fd:01 23207                      /usr/lib/jvm/java-1.6.0-openjdk-1.6.0.0.x86_64/jre/lib/amd64/libverify.so
2b5a7e996000-2b5a7eb96000 ---p 0000e000 fd:01 23207                      /usr/lib/jvm/java-1.6.0-openjdk-1.6.0.0.x86_64/jre/lib/amd64/libverify.so
2b5a7eb96000-2b5a7eb98000 rw-p 0000e000 fd:01 23207                      /usr/lib/jvm/java-1.6.0-openjdk-1.6.0.0.x86_64/jre/lib/amd64/libverify.so
2b5a7eb98000-2b5a7ebc5000 r-xp 00000000 fd:01 23159                      /usr/lib/jvm/java-1.6.0-openjdk-1.6.0.0.x86_64/jre/lib/amd64/libjava.so
2b5a7ebc5000-2b5a7edc4000 ---p 0002d000 fd:01 23159                      /usr/lib/jvm/java-1.6.0-openjdk-1.6.0.0.x86_64/jre/lib/amd64/libjava.so
2b5a7edc4000-2b5a7edc8000 rw-p 0002c000 fd:01 23159                      /usr/lib/jvm/java-1.6.0-openjdk-1.6.0.0.x86_64/jre/lib/amd64/libjava.so
2b5a7edc8000-2b5a7edc9000 r--p 00000000 00:00 0 
2b5a7edc9000-2b5a7edca000 rw-p 00000000 00:00 0 
2b5a7edca000-2b5a7edff000 r--s 00000000 fd:02 128540                     /var/db/nscd/passwd
2b5a7edff000-2b5a7ee07000 rw-s 00000000 fd:03 38                         /tmp/hsperfdata_dw07r324/29858
2b5a7ee07000-2b5a7ee0e000 r-xp 00000000 fd:01 23208                      /usr/lib/jvm/java-1.6.0-openjdk-1.6.0.0.x86_64/jre/lib/amd64/libzip.so
2b5a7ee0e000-2b5a7f00e000 ---p 00007000 fd:01 23208                      /usr/lib/jvm/java-1.6.0-openjdk-1.6.0.0.x86_64/jre/lib/amd64/libzip.so
2b5a7f00e000-2b5a7f00f000 rw-p 00007000 fd:01 23208                      /usr/lib/jvm/java-1.6.0-openjdk-1.6.0.0.x86_64/jre/lib/amd64/libzip.so
2b5a80000000-2b5a8035d000 rw-p 00000000 00:00 0 
2b5a8035d000-2b5a84000000 ---p 00000000 00:00 0 
2b5a84000000-2b5a84270000 rwxp 00000000 00:00 0 
2b5a84270000-2b5a87000000 rw-p 00000000 00:00 0 
2b5a87000000-2b5a8700a000 rw-p 00000000 00:00 0 
2b5a8700a000-2b5a870c0000 rw-p 00000000 00:00 0 
2b5a870c0000-2b5a870cb000 rw-p 00000000 00:00 0 
2b5a870cb000-2b5a87113000 rw-p 00000000 00:00 0 
2b5a87113000-2b5a87475000 rw-p 00000000 00:00 0 
2b5a87475000-2b5a874bd000 rw-p 00000000 00:00 0 
2b5a874bd000-2b5a874be000 ---p 00000000 00:00 0 
2b5a874be000-2b5a875be000 rw-p 00000000 00:00 0 
2b5a875be000-2b5a875bf000 ---p 00000000 00:00 0 
2b5a875bf000-2b5a876bf000 rw-p 00000000 00:00 0 
2b5a876bf000-2b5a876c0000 ---p 00000000 00:00 0 
2b5a876c0000-2b5a877c0000 rw-p 00000000 00:00 0 
2b5a877c0000-2b5a877c1000 ---p 00000000 00:00 0 
2b5a877c1000-2b5a878c1000 rw-p 00000000 00:00 0 
2b5a878c1000-2b5a878c2000 ---p 00000000 00:00 0 
2b5a878c2000-2b5a879c2000 rw-p 00000000 00:00 0 
2b5a879c2000-2b5a879c3000 ---p 00000000 00:00 0 
2b5a879c3000-2b5a87ac3000 rw-p 00000000 00:00 0 
2b5a87ac3000-2b5a87ac4000 ---p 00000000 00:00 0 
2b5a87ac4000-2b5a87bc4000 rw-p 00000000 00:00 0 
2b5a87bc4000-2b5a87bc5000 ---p 00000000 00:00 0 
2b5a87bc5000-2b5a87cc5000 rw-p 00000000 00:00 0 
2b5a88000000-2b5a88021000 rw-p 00000000 00:00 0 
2b5a88021000-2b5a8c000000 ---p 00000000 00:00 0 
2b5a8c000000-2b5a8c021000 rw-p 00000000 00:00 0 
2b5a8c021000-2b5a90000000 ---p 00000000 00:00 0 
2b5a90000000-2b5a90021000 rw-p 00000000 00:00 0 
2b5a90021000-2b5a94000000 ---p 00000000 00:00 0 
2b5a94000000-2b5a94021000 rw-p 00000000 00:00 0 
2b5a94021000-2b5a98000000 ---p 00000000 00:00 0 
2b5a98000000-2b5a9aea4000 rw-p 00000000 00:00 0 
2b5a9aea4000-2b5a9b03a000 r--s 01a15000 fd:01 23288                      /usr/lib/jvm/java-1.6.0-openjdk-1.6.0.0.x86_64/jre/lib/rt.jar
2b5a9b03a000-2b5a9bf20000 rw-p 00000000 00:00 0 
2b5a9c000000-2b5a9c021000 rw-p 00000000 00:00 0 
2b5a9c021000-2b5aa0000000 ---p 00000000 00:00 0 
2b5aa0000000-2b5aa0d91000 rw-p 00000000 00:00 0 
2b5aa0d91000-2b5aa0d92000 ---p 00000000 00:00 0 
2b5aa0d92000-2b5aa0e92000 rw-p 00000000 00:00 0 
2b5aa4000000-2b5aa4021000 rw-p 00000000 00:00 0 
2b5aa4021000-2b5aa8000000 ---p 00000000 00:00 0 
2b5aac000000-2b5aac021000 rw-p 00000000 00:00 0 
2b5aac021000-2b5ab0000000 ---p 00000000 00:00 0 
2b5ab4000000-2b5ab4021000 rw-p 00000000 00:00 0 
2b5ab4021000-2b5ab8000000 ---p 00000000 00:00 0 
2b5ab8000000-2b5ab8021000 rw-p 00000000 00:00 0 
2b5ab8021000-2b5abc000000 ---p 00000000 00:00 0 
2b5abc000000-2b5abc003000 ---p 00000000 00:00 0 
2b5abc003000-2b5abc101000 rw-p 00000000 00:00 0 
2b5abc101000-2b5abc104000 ---p 00000000 00:00 0 
2b5abc104000-2b5abc202000 rw-p 00000000 00:00 0 
2b5ac0000000-2b5ac0021000 rw-p 00000000 00:00 0 
2b5ac0021000-2b5ac4000000 ---p 00000000 00:00 0 
2b5ac4000000-2b5ac4021000 rw-p 00000000 00:00 0 
2b5ac4021000-2b5ac8000000 ---p 00000000 00:00 0 
2b5ac8000000-2b5acde91000 r--p 00000000 fd:01 49935                      /usr/lib/locale/locale-archive
2b5acde91000-2b5acde94000 ---p 00000000 00:00 0 
2b5acde94000-2b5acdf92000 rw-p 00000000 00:00 0 
2b5acdf92000-2b5acdf95000 ---p 00000000 00:00 0 
2b5acdf95000-2b5ace093000 rw-p 00000000 00:00 0 
2b5ace093000-2b5ace096000 ---p 00000000 00:00 0 
2b5ace096000-2b5ace194000 rw-p 00000000 00:00 0 
2b5ace194000-2b5ace197000 ---p 00000000 00:00 0 
2b5ace197000-2b5ace295000 rw-p 00000000 00:00 0 
2b5ace295000-2b5ace296000 ---p 00000000 00:00 0 
2b5ace296000-2b5ace396000 rw-p 00000000 00:00 0 
2b5ace396000-2b5ace398000 r--s 00009000 00:35 125760574                  /mmfs/automount/gpfs/homefs/sm/dw07r324/bin/GOAL-20140808/lib/jpf-boot.jar
2b5ace398000-2b5ace39b000 r--s 0000f000 fd:01 23233                      /usr/lib/jvm/java-1.6.0-openjdk-1.6.0.0.x86_64/jre/lib/ext/pulse-java.jar
2b5ace39b000-2b5ace3a4000 r--s 00065000 fd:01 23228                      /usr/lib/jvm/java-1.6.0-openjdk-1.6.0.0.x86_64/jre/lib/ext/gnome-java-bridge.jar
2b5ace3a4000-2b5ace3a6000 r--s 00009000 00:35 125760574                  /mmfs/automount/gpfs/homefs/sm/dw07r324/bin/GOAL-20140808/lib/jpf-boot.jar
2b5ace3a6000-2b5ace3aa000 r--s 0003c000 fd:01 14238                      /usr/lib/jvm/java-1.6.0-openjdk-1.6.0.0.x86_64/jre/lib/jsse.jar
2b5ace3aa000-2b5ace3af000 r--s 0002d000 00:35 125760577                  /mmfs/automount/gpfs/homefs/sm/dw07r324/bin/GOAL-20140808/lib/jpf.jar
2b5ace3af000-2b5ace3b1000 r--s 0000d000 00:35 125760571                  /mmfs/automount/gpfs/homefs/sm/dw07r324/bin/GOAL-20140808/lib/commons-logging.jar
2b5ace3b1000-2b5ace3b3000 r--s 00012000 00:35 125760576                  /mmfs/automount/gpfs/homefs/sm/dw07r324/bin/GOAL-20140808/lib/jpf-tools.jar
2b5ace3b3000-2b5ace3ba000 r--s 00039000 00:35 125760578                  /mmfs/automount/gpfs/homefs/sm/dw07r324/bin/GOAL-20140808/lib/jxp.jar
2b5ace3ba000-2b5ace3bc000 r--s 00004000 00:35 125760570                  /mmfs/automount/gpfs/homefs/sm/dw07r324/bin/GOAL-20140808/lib/AppleJavaExtensions.jar
2b5ace3bc000-2b5ace3c1000 r--s 0002a000 00:35 125760572                  /mmfs/automount/gpfs/homefs/sm/dw07r324/bin/GOAL-20140808/lib/gson-2.2.2.jar
2b5ace3c1000-2b5ace3c4000 r--s 0001a000 00:35 125760579                  /mmfs/automount/gpfs/homefs/sm/dw07r324/bin/GOAL-20140808/lib/minijdd_104.jar
2b5ace3c4000-2b5ace3e7000 r--s 0022d000 00:35 83193430                   /mmfs/automount/gpfs/homefs/sm/dw07r324/bin/GOAL-20140808/.jpf-shadow/org.svvrl.goal.core@2014.8.8.zip
2b5ace3e7000-2b5ace48a000 r-xp 00000000 fd:01 13434                      /usr/lib/jvm/java-1.6.0-openjdk-1.6.0.0.x86_64/jre/lib/amd64/libawt.so
2b5ace48a000-2b5ace68a000 ---p 000a3000 fd:01 13434                      /usr/lib/jvm/java-1.6.0-openjdk-1.6.0.0.x86_64/jre/lib/amd64/libawt.so
2b5ace68a000-2b5ace696000 rw-p 000a3000 fd:01 13434                      /usr/lib/jvm/java-1.6.0-openjdk-1.6.0.0.x86_64/jre/lib/amd64/libawt.so
2b5ace696000-2b5ace6ba000 rw-p 00000000 00:00 0 
2b5ace6ba000-2b5ace6c0000 r-xp 00000000 fd:01 8525                       /usr/lib/jvm/java-1.6.0-openjdk-1.6.0.0.x86_64/jre/lib/amd64/headless/libmawt.so
2b5ace6c0000-2b5ace8bf000 ---p 00006000 fd:01 8525                       /usr/lib/jvm/java-1.6.0-openjdk-1.6.0.0.x86_64/jre/lib/amd64/headless/libmawt.so
2b5ace8bf000-2b5ace8c0000 rw-p 00005000 fd:01 8525                       /usr/lib/jvm/java-1.6.0-openjdk-1.6.0.0.x86_64/jre/lib/amd64/headless/libmawt.so
2b5ace8c0000-2b5ace8c2000 rw-p 00000000 00:00 0 
2b5ad0000000-2b5ad0021000 rw-p 00000000 00:00 0 
2b5ad0021000-2b5ad4000000 ---p 00000000 00:00 0 
2b5ad4000000-2b5ad525e000 rw-p 00000000 00:00 0 
2b5ad525e000-2b5ad8000000 ---p 00000000 00:00 0 
2b5ad8000000-2b5ad8c7b000 rw-p 00000000 00:00 0 
2b5ad8c7b000-2b5adc000000 ---p 00000000 00:00 0 
2b5adc000000-2b5adc021000 rw-p 00000000 00:00 0 
2b5adc021000-2b5ae0000000 ---p 00000000 00:00 0 
2b5ae0000000-2b5ae0021000 rw-p 00000000 00:00 0 
2b5ae0021000-2b5ae4000000 ---p 00000000 00:00 0 
7fffb0fea000-7fffb1020000 rw-p 00000000 00:00 0                          [stack]
7fffb10a9000-7fffb10aa000 r-xp 00000000 00:00 0                          [vdso]
ffffffffff600000-ffffffffff601000 r-xp 00000000 00:00 0                  [vsyscall]

VM Arguments:
jvm_args: -Xmx1G -Xms1G -DapplicationRoot=/home/ubelix/sm/dw07r324/bin/GOAL-20140808 -Dorg.java.plugin.boot.pluginsRepositories=/home/ubelix/sm/dw07r324/bin/GOAL-20140808/plugins -Djpf.boot.config=/home/ubelix/sm/dw07r324/bin/GOAL-20140808/boot.properties -Dorg.apache.commons.logging.Log=org.apache.commons.logging.impl.SimpleLog -Dorg.apache.commons.logging.simplelog.log.org.java.plugin=fatal 
java_command: /home/ubelix/sm/dw07r324/bin/GOAL-20140808/lib/jpf-boot.jar complement -m piterman -eq -macc -sp -ro -r /scratch/local/8663605.1.all.q/test_set_s15/s15_t2.6_a0.1_100.gff
Launcher Type: SUN_STANDARD

Environment Variables:
CLASSPATH=/home/ubelix/sm/dw07r324/bin/GOAL-20140808:/home/ubelix/sm/dw07r324/bin/GOAL-20140808/plugins:/home/ubelix/sm/dw07r324/bin/GOAL-20140808/lib:
PATH=/scratch/local/8663605.1.all.q:/usr/lib64/qt-3.3/bin:/usr/local/bin:/bin:/usr/bin:/usr/local/sbin:/usr/sbin:/sbin:/usr/lpp/mmfs/bin:/home/ubelix/sm/dw07r324/bin/GOAL-20140808:/home/ubelix/sm/dw07r324/bin/gnu_time/bin:/usr/lpp/mmfs/bin
LD_LIBRARY_PATH=/usr/lib/jvm/java-1.6.0-openjdk-1.6.0.0.x86_64/jre/lib/amd64/server:/usr/lib/jvm/java-1.6.0-openjdk-1.6.0.0.x86_64/jre/lib/amd64:/usr/lib/jvm/java-1.6.0-openjdk-1.6.0.0.x86_64/jre/../lib/amd64
SHELL=/bin/bash

Signal Handlers:
SIGSEGV: [libjvm.so+0x870a40], sa_mask[0]=0x7ffbfeff, sa_flags=0x10000004
SIGBUS: [libjvm.so+0x870a40], sa_mask[0]=0x7ffbfeff, sa_flags=0x10000004
SIGFPE: [libjvm.so+0x719240], sa_mask[0]=0x7ffbfeff, sa_flags=0x10000004
SIGPIPE: [libjvm.so+0x719240], sa_mask[0]=0x7ffbfeff, sa_flags=0x10000004
SIGXFSZ: [libjvm.so+0x719240], sa_mask[0]=0x7ffbfeff, sa_flags=0x10000004
SIGILL: [libjvm.so+0x719240], sa_mask[0]=0x7ffbfeff, sa_flags=0x10000004
SIGUSR1: SIG_DFL, sa_mask[0]=0x00000000, sa_flags=0x00000000
SIGUSR2: [libjvm.so+0x718d60], sa_mask[0]=0x00000000, sa_flags=0x10000004
SIGHUP: [libjvm.so+0x71bdf0], sa_mask[0]=0x7ffbfeff, sa_flags=0x10000004
SIGINT: [libjvm.so+0x71bdf0], sa_mask[0]=0x7ffbfeff, sa_flags=0x10000004
SIGTERM: [libjvm.so+0x71bdf0], sa_mask[0]=0x7ffbfeff, sa_flags=0x10000004
SIGQUIT: [libjvm.so+0x71bdf0], sa_mask[0]=0x7ffbfeff, sa_flags=0x10000004


---------------  S Y S T E M  ---------------

OS:Red Hat Enterprise Linux ComputeNode release 6.5 (Santiago)

uname:Linux 2.6.32-431.29.2.el6.x86_64 #1 SMP Sun Jul 27 15:55:46 EDT 2014 x86_64
libc:glibc 2.12 NPTL 2.12 
rlimit: STACK infinity, CORE infinity, NPROC 127431, NOFILE 4096, AS 8388608k
load average:4.83 5.25 4.72

/proc/meminfo:
MemTotal:       16331612 kB
MemFree:         5063424 kB
Buffers:           12428 kB
Cached:          6100408 kB
SwapCached:           88 kB
Active:          2806012 kB
Inactive:        3770520 kB
Active(anon):     400440 kB
Inactive(anon):    63452 kB
Active(file):    2405572 kB
Inactive(file):  3707068 kB
Unevictable:     4082900 kB
Mlocked:         4082900 kB
SwapTotal:       8388604 kB
SwapFree:        8388380 kB
Dirty:               160 kB
Writeback:             0 kB
AnonPages:       4546584 kB
Mapped:           120884 kB
Shmem:               192 kB
Slab:             382108 kB
SReclaimable:     313952 kB
SUnreclaim:        68156 kB
KernelStack:        4736 kB
PageTables:        17116 kB
NFS_Unstable:          0 kB
Bounce:                0 kB
WritebackTmp:          0 kB
CommitLimit:    16554408 kB
Committed_AS:    6817688 kB
VmallocTotal:   34359738367 kB
VmallocUsed:      109412 kB
VmallocChunk:   34351234244 kB
HardwareCorrupted:     0 kB
AnonHugePages:         0 kB
HugePages_Total:       0
HugePages_Free:        0
HugePages_Rsvd:        0
HugePages_Surp:        0
Hugepagesize:       2048 kB
DirectMap4k:        9920 kB
DirectMap2M:     2086912 kB
DirectMap1G:    14680064 kB


CPU:total 8 (4 cores per cpu, 1 threads per core) family 16 model 2 stepping 3, cmov, cx8, fxsr, mmx, sse, sse2, sse3, popcnt, mmxext, 3dnowpref, lzcnt, sse4a, tsc, tscinvbit, tscinv

/proc/cpuinfo:
processor	: 0
vendor_id	: AuthenticAMD
cpu family	: 16
model		: 2
model name	: Quad-Core AMD Opteron(tm) Processor 2354
stepping	: 3
cpu MHz		: 2200.000
cache size	: 512 KB
physical id	: 0
siblings	: 4
core id		: 0
cpu cores	: 4
apicid		: 0
initial apicid	: 0
fpu		: yes
fpu_exception	: yes
cpuid level	: 5
wp		: yes
flags		: fpu vme de pse tsc msr pae mce cx8 apic sep mtrr pge mca cmov pat pse36 clflush mmx fxsr sse sse2 ht syscall nx mmxext fxsr_opt pdpe1gb rdtscp lm 3dnowext 3dnow constant_tsc rep_good nonstop_tsc extd_apicid pni monitor cx16 popcnt lahf_lm cmp_legacy svm extapic cr8_legacy abm sse4a misalignsse 3dnowprefetch osvw ibs npt lbrv svm_lock
bogomips	: 4422.88
TLB size	: 1024 4K pages
clflush size	: 64
cache_alignment	: 64
address sizes	: 48 bits physical, 48 bits virtual
power management: ts ttp tm stc 100mhzsteps hwpstate

processor	: 1
vendor_id	: AuthenticAMD
cpu family	: 16
model		: 2
model name	: Quad-Core AMD Opteron(tm) Processor 2354
stepping	: 3
cpu MHz		: 2200.000
cache size	: 512 KB
physical id	: 0
siblings	: 4
core id		: 1
cpu cores	: 4
apicid		: 1
initial apicid	: 1
fpu		: yes
fpu_exception	: yes
cpuid level	: 5
wp		: yes
flags		: fpu vme de pse tsc msr pae mce cx8 apic sep mtrr pge mca cmov pat pse36 clflush mmx fxsr sse sse2 ht syscall nx mmxext fxsr_opt pdpe1gb rdtscp lm 3dnowext 3dnow constant_tsc rep_good nonstop_tsc extd_apicid pni monitor cx16 popcnt lahf_lm cmp_legacy svm extapic cr8_legacy abm sse4a misalignsse 3dnowprefetch osvw ibs npt lbrv svm_lock
bogomips	: 4422.88
TLB size	: 1024 4K pages
clflush size	: 64
cache_alignment	: 64
address sizes	: 48 bits physical, 48 bits virtual
power management: ts ttp tm stc 100mhzsteps hwpstate

processor	: 2
vendor_id	: AuthenticAMD
cpu family	: 16
model		: 2
model name	: Quad-Core AMD Opteron(tm) Processor 2354
stepping	: 3
cpu MHz		: 2200.000
cache size	: 512 KB
physical id	: 0
siblings	: 4
core id		: 2
cpu cores	: 4
apicid		: 2
initial apicid	: 2
fpu		: yes
fpu_exception	: yes
cpuid level	: 5
wp		: yes
flags		: fpu vme de pse tsc msr pae mce cx8 apic sep mtrr pge mca cmov pat pse36 clflush mmx fxsr sse sse2 ht syscall nx mmxext fxsr_opt pdpe1gb rdtscp lm 3dnowext 3dnow constant_tsc rep_good nonstop_tsc extd_apicid pni monitor cx16 popcnt lahf_lm cmp_legacy svm extapic cr8_legacy abm sse4a misalignsse 3dnowprefetch osvw ibs npt lbrv svm_lock
bogomips	: 4422.88
TLB size	: 1024 4K pages
clflush size	: 64
cache_alignment	: 64
address sizes	: 48 bits physical, 48 bits virtual
power management: ts ttp tm stc 100mhzsteps hwpstate

processor	: 3
vendor_id	: AuthenticAMD
cpu family	: 16
model		: 2
model name	: Quad-Core AMD Opteron(tm) Processor 2354
stepping	: 3
cpu MHz		: 2200.000
cache size	: 512 KB
physical id	: 0
siblings	: 4
core id		: 3
cpu cores	: 4
apicid		: 3
initial apicid	: 3
fpu		: yes
fpu_exception	: yes
cpuid level	: 5
wp		: yes
flags		: fpu vme de pse tsc msr pae mce cx8 apic sep mtrr pge mca cmov pat pse36 clflush mmx fxsr sse sse2 ht syscall nx mmxext fxsr_opt pdpe1gb rdtscp lm 3dnowext 3dnow constant_tsc rep_good nonstop_tsc extd_apicid pni monitor cx16 popcnt lahf_lm cmp_legacy svm extapic cr8_legacy abm sse4a misalignsse 3dnowprefetch osvw ibs npt lbrv svm_lock
bogomips	: 4422.88
TLB size	: 1024 4K pages
clflush size	: 64
cache_alignment	: 64
address sizes	: 48 bits physical, 48 bits virtual
power management: ts ttp tm stc 100mhzsteps hwpstate

processor	: 4
vendor_id	: AuthenticAMD
cpu family	: 16
model		: 2
model name	: Quad-Core AMD Opteron(tm) Processor 2354
stepping	: 3
cpu MHz		: 2200.000
cache size	: 512 KB
physical id	: 1
siblings	: 4
core id		: 0
cpu cores	: 4
apicid		: 4
initial apicid	: 4
fpu		: yes
fpu_exception	: yes
cpuid level	: 5
wp		: yes
flags		: fpu vme de pse tsc msr pae mce cx8 apic sep mtrr pge mca cmov pat pse36 clflush mmx fxsr sse sse2 ht syscall nx mmxext fxsr_opt pdpe1gb rdtscp lm 3dnowext 3dnow constant_tsc rep_good nonstop_tsc extd_apicid pni monitor cx16 popcnt lahf_lm cmp_legacy svm extapic cr8_legacy abm sse4a misalignsse 3dnowprefetch osvw ibs npt lbrv svm_lock
bogomips	: 4422.23
TLB size	: 1024 4K pages
clflush size	: 64
cache_alignment	: 64
address sizes	: 48 bits physical, 48 bits virtual
power management: ts ttp tm stc 100mhzsteps hwpstate

processor	: 5
vendor_id	: AuthenticAMD
cpu family	: 16
model		: 2
model name	: Quad-Core AMD Opteron(tm) Processor 2354
stepping	: 3
cpu MHz		: 2200.000
cache size	: 512 KB
physical id	: 1
siblings	: 4
core id		: 1
cpu cores	: 4
apicid		: 5
initial apicid	: 5
fpu		: yes
fpu_exception	: yes
cpuid level	: 5
wp		: yes
flags		: fpu vme de pse tsc msr pae mce cx8 apic sep mtrr pge mca cmov pat pse36 clflush mmx fxsr sse sse2 ht syscall nx mmxext fxsr_opt pdpe1gb rdtscp lm 3dnowext 3dnow constant_tsc rep_good nonstop_tsc extd_apicid pni monitor cx16 popcnt lahf_lm cmp_legacy svm extapic cr8_legacy abm sse4a misalignsse 3dnowprefetch osvw ibs npt lbrv svm_lock
bogomips	: 4422.23
TLB size	: 1024 4K pages
clflush size	: 64
cache_alignment	: 64
address sizes	: 48 bits physical, 48 bits virtual
power management: ts ttp tm stc 100mhzsteps hwpstate

processor	: 6
vendor_id	: AuthenticAMD
cpu family	: 16
model		: 2
model name	: Quad-Core AMD Opteron(tm) Processor 2354
stepping	: 3
cpu MHz		: 2200.000
cache size	: 512 KB
physical id	: 1
siblings	: 4
core id		: 2
cpu cores	: 4
apicid		: 6
initial apicid	: 6
fpu		: yes
fpu_exception	: yes
cpuid level	: 5
wp		: yes
flags		: fpu vme de pse tsc msr pae mce cx8 apic sep mtrr pge mca cmov pat pse36 clflush mmx fxsr sse sse2 ht syscall nx mmxext fxsr_opt pdpe1gb rdtscp lm 3dnowext 3dnow constant_tsc rep_good nonstop_tsc extd_apicid pni monitor cx16 popcnt lahf_lm cmp_legacy svm extapic cr8_legacy abm sse4a misalignsse 3dnowprefetch osvw ibs npt lbrv svm_lock
bogomips	: 4422.23
TLB size	: 1024 4K pages
clflush size	: 64
cache_alignment	: 64
address sizes	: 48 bits physical, 48 bits virtual
power management: ts ttp tm stc 100mhzsteps hwpstate

processor	: 7
vendor_id	: AuthenticAMD
cpu family	: 16
model		: 2
model name	: Quad-Core AMD Opteron(tm) Processor 2354
stepping	: 3
cpu MHz		: 2200.000
cache size	: 512 KB
physical id	: 1
siblings	: 4
core id		: 3
cpu cores	: 4
apicid		: 7
initial apicid	: 7
fpu		: yes
fpu_exception	: yes
cpuid level	: 5
wp		: yes
flags		: fpu vme de pse tsc msr pae mce cx8 apic sep mtrr pge mca cmov pat pse36 clflush mmx fxsr sse sse2 ht syscall nx mmxext fxsr_opt pdpe1gb rdtscp lm 3dnowext 3dnow constant_tsc rep_good nonstop_tsc extd_apicid pni monitor cx16 popcnt lahf_lm cmp_legacy svm extapic cr8_legacy abm sse4a misalignsse 3dnowprefetch osvw ibs npt lbrv svm_lock
bogomips	: 4422.23
TLB size	: 1024 4K pages
clflush size	: 64
cache_alignment	: 64
address sizes	: 48 bits physical, 48 bits virtual
power management: ts ttp tm stc 100mhzsteps hwpstate



Memory: 4k page, physical 16331612k(5063424k free), swap 8388604k(8388380k free)

vm_info: OpenJDK 64-Bit Server VM (23.25-b01) for linux-amd64 JRE (1.6.0_32-b32), built on Aug 21 2014 11:15:48 by "mockbuild" with gcc 4.4.7 20120313 (Red Hat 4.4.7-4)

time: Tue Sep 23 14:35:30 2014
elapsed time: 3 seconds

