#
# A fatal error has been detected by the Java Runtime Environment:
#
#  SIGBUS (0x7) at pc=0x00002ac8f6d7c522, pid=9800, tid=47042618427136
#
# JRE version: 6.0_32-b32
# Java VM: OpenJDK 64-Bit Server VM (23.25-b01 mixed mode linux-amd64 compressed oops)
# Problematic frame:
# C  [libzip.so+0x4522]  ZIP_Lock+0x252
#
# Core dump written. Default location: /mmfs/automount/gpfs/homefs/sm/dw07r324/jobs/piterman.eq.macc.sp.ro.r/core or core.9800
#
# If you would like to submit a bug report, please include
# instructions how to reproduce the bug and visit:
#   http://icedtea.classpath.org/bugzilla
# The crash happened outside the Java Virtual Machine in native code.
# See problematic frame for where to report the bug.
#

---------------  T H R E A D  ---------------

Current thread (0x00002ac8f8008000):  JavaThread "main" [_thread_in_native, id=9801, stack(0x00002ac8f67f8000,0x00002ac8f68f9000)]

siginfo:si_signo=SIGBUS: si_errno=0, si_code=2 (BUS_ADRERR), si_addr=0x00002ac93a3d14cc

Registers:
RAX=0x00002ac8f906f820, RBX=0x00002ac93a3d14af, RCX=0x0000000000000071, RDX=0x0000000000000070
RSP=0x00002ac8f68f6370, RBP=0x00002ac8f68f63b0, RSI=0x0000000000000040, RDI=0x00002ac8f8000020
R8 =0x00002ac8f8000088, R9 =0x0000000000000001, R10=0x0000000000000040, R11=0x00002ac8f6028660
R12=0x00002ac8f906f820, R13=0x00002ac8f82f25a0, R14=0x00002ac8f68f6420, R15=0x00002ac8f906f820
RIP=0x00002ac8f6d7c522, EFLAGS=0x0000000000010206, CSGSFS=0x0000000000000033, ERR=0x0000000000000004
  TRAPNO=0x000000000000000e

Top of Stack: (sp=0x00002ac8f68f6370)
0x00002ac8f68f6370:   00002ac8f82c33e0 00002ac8f5f7205e
0x00002ac8f68f6380:   0000000000000256 00002ac8f82bde70
0x00002ac8f68f6390:   00002ac8f82f25a0 000000009d75b954
0x00002ac8f68f63a0:   00002ac8f68f6420 0000000000000040
0x00002ac8f68f63b0:   00002ac8f68f6400 00002ac8f6d7cae2
0x00002ac8f68f63c0:   00002ac8f8008000 00002ac8f82c31e0
0x00002ac8f68f63d0:   00002ac8f68f6440 00002ac8f80081d8
0x00002ac8f68f63e0:   00002ac8f68f6420 0000000000000040
0x00002ac8f68f63f0:   00002ac8f68f68f8 00002ac8f68f6420
0x00002ac8f68f6400:   00002ac8f68f6860 00002ac8f6d7bae4
0x00002ac8f68f6410:   00000040018f6430 00002ac8f82f25a0
0x00002ac8f68f6420:   2f73657373616c63 727676732f67726f
0x00002ac8f68f6430:   632f6c616f672f6c 706d6f632f65726f
0x00002ac8f68f6440:   2f7965736d61722f 6f437965736d6152
0x00002ac8f68f6450:   697463757274736e 7373616c632e6e6f
0x00002ac8f68f6460:   00002ac8f8008b00 0000000000000000
0x00002ac8f68f6470:   00002ac8f68f64a0 00002ac8f8008000
0x00002ac8f68f6480:   00000000b5cc4b00 000000000000001a
0x00002ac8f68f6490:   00002ac8f8008000 00000000b5cc4b00
0x00002ac8f68f64a0:   00002ac8f68f6500 00002ac8f5dbc5f2
0x00002ac8f68f64b0:   00002ac8f8008000 00002ac8f68f6d20
0x00002ac8f68f64c0:   00002ac8f8008000 000000364fc44177
0x00002ac8f68f64d0:   00002ac8f6130677 00000000000000bd
0x00002ac8f68f64e0:   0000000000000000 00002ac8f8008000
0x00002ac8f68f64f0:   00002ac8f68f6500 00002ac800000000
0x00002ac8f68f6500:   00000000b5cc8c58 00002a0000000061
0x00002ac8f68f6510:   00000000b5bdfef5 00000000f0891b30
0x00002ac8f68f6520:   00002ac8f68f6520 00000000b5cc69cb
0x00002ac8f68f6530:   00002ac8f68f6580 00002ac8f8008b80
0x00002ac8f68f6540:   0000000000000000 0000000000000001
0x00002ac8f68f6550:   00002ac8f8008000 ffffffffffffffff
0x00002ac8f68f6560:   00002ac8f68f65d0 00002ac8f5d78a03 

Instructions: (pc=0x00002ac8f6d7c522)
0x00002ac8f6d7c502:   00 00 00 00 00 48 c7 40 30 00 00 00 00 48 c7 40
0x00002ac8f6d7c512:   28 00 00 00 00 8b 5b 04 49 2b 5d 28 49 03 5d 18
0x00002ac8f6d7c522:   44 0f b6 73 1d 0f b6 43 1c 41 c1 e6 08 41 09 c6
0x00002ac8f6d7c532:   0f b6 43 1e 88 45 ce 0f b6 43 1f 88 45 cf 0f b6 

Register to memory mapping:

RAX=0x00002ac8f906f820 is an unknown value
RBX=0x00002ac93a3d14af is an unknown value
RCX=0x0000000000000071 is an unknown value
RDX=0x0000000000000070 is an unknown value
RSP=0x00002ac8f68f6370 is pointing into the stack for thread: 0x00002ac8f8008000
RBP=0x00002ac8f68f63b0 is pointing into the stack for thread: 0x00002ac8f8008000
RSI=0x0000000000000040 is an unknown value
RDI=0x00002ac8f8000020 is an unknown value
R8 =0x00002ac8f8000088 is an unknown value
R9 =0x0000000000000001 is an unknown value
R10=0x0000000000000040 is an unknown value
R11=0x00002ac8f6028660: <offset 0x79f660> in /usr/lib/jvm/java-1.6.0-openjdk-1.6.0.0.x86_64/jre/lib/amd64/server/libjvm.so at 0x00002ac8f5889000
R12=0x00002ac8f906f820 is an unknown value
R13=0x00002ac8f82f25a0 is an unknown value
R14=0x00002ac8f68f6420 is pointing into the stack for thread: 0x00002ac8f8008000
R15=0x00002ac8f906f820 is an unknown value


Stack: [0x00002ac8f67f8000,0x00002ac8f68f9000],  sp=0x00002ac8f68f6370,  free space=1016k
Native frames: (J=compiled Java code, j=interpreted, Vv=VM code, C=native code)
C  [libzip.so+0x4522]  ZIP_Lock+0x252
C  [libzip.so+0x4ae2]  ZIP_GetEntry+0xc2
C  [libzip.so+0x3ae4]  Java_java_util_zip_ZipFile_getEntry+0xc4
j  java.util.zip.ZipFile.getEntry(JLjava/lang/String;Z)J+0
j  java.util.zip.ZipFile.getEntry(Ljava/lang/String;)Ljava/util/zip/ZipEntry;+31
j  java.util.jar.JarFile.getEntry(Ljava/lang/String;)Ljava/util/zip/ZipEntry;+2
j  sun.net.www.protocol.jar.URLJarFile.getEntry(Ljava/lang/String;)Ljava/util/zip/ZipEntry;+2
j  sun.net.www.protocol.jar.JarURLConnection.connect()V+62
j  sun.net.www.protocol.jar.JarURLConnection.getInputStream()Ljava/io/InputStream;+1
j  sun.misc.URLClassPath$Loader.getResource(Ljava/lang/String;Z)Lsun/misc/Resource;+48
j  sun.misc.URLClassPath.getResource(Ljava/lang/String;Z)Lsun/misc/Resource;+53
j  java.net.URLClassLoader$1.run()Ljava/lang/Object;+26
v  ~StubRoutines::call_stub
V  [libjvm.so+0x537e3e]  AsyncGetCallTrace+0xd776e
V  [libjvm.so+0x536ad8]  AsyncGetCallTrace+0xd6408
V  [libjvm.so+0x597140]  JVM_DoPrivileged+0x400
j  java.security.AccessController.doPrivileged(Ljava/security/PrivilegedExceptionAction;Ljava/security/AccessControlContext;)Ljava/lang/Object;+0
j  java.net.URLClassLoader.findClass(Ljava/lang/String;)Ljava/lang/Class;+13
j  org.java.plugin.standard.StandardPluginClassLoader.loadLocalClass(Ljava/lang/String;ZLorg/java/plugin/standard/StandardPluginClassLoader;)Ljava/lang/Class;+97
j  org.java.plugin.standard.StandardPluginClassLoader.loadPluginClass(Ljava/lang/String;ZZLorg/java/plugin/standard/StandardPluginClassLoader;Ljava/util/Set;)Ljava/lang/Class;+338
j  org.java.plugin.standard.StandardPluginClassLoader.loadClass(Ljava/lang/String;Z)Ljava/lang/Class;+197
j  java.lang.ClassLoader.loadClass(Ljava/lang/String;)Ljava/lang/Class;+3
j  org.svvrl.goal.core.CorePlugin.loadComplementConstructions()V+63
j  org.svvrl.goal.core.CorePlugin.initApplication(Lorg/java/plugin/util/ExtendedProperties;[Ljava/lang/String;)Lorg/java/plugin/boot/Application;+174
j  org.java.plugin.boot.DefaultApplicationInitializer.initApplication(Lorg/java/plugin/boot/BootErrorHandler;[Ljava/lang/String;)Lorg/java/plugin/boot/Application;+530
j  org.java.plugin.boot.Boot.initApplication(Lorg/java/plugin/boot/BootErrorHandler;Lorg/java/plugin/util/ExtendedProperties;[Ljava/lang/String;)Lorg/java/plugin/boot/Application;+157
j  org.java.plugin.boot.Boot.boot(Lorg/java/plugin/util/ExtendedProperties;ZLjava/lang/String;Lorg/java/plugin/boot/BootErrorHandler;[Ljava/lang/String;)Lorg/java/plugin/boot/Application;+338
j  org.java.plugin.boot.Boot.main([Ljava/lang/String;)V+162
v  ~StubRoutines::call_stub
V  [libjvm.so+0x537e3e]  AsyncGetCallTrace+0xd776e
V  [libjvm.so+0x536ad8]  AsyncGetCallTrace+0xd6408
V  [libjvm.so+0x5452a7]  JNI_CreateJavaVM+0x12e7
V  [libjvm.so+0x55a4eb]  JNI_CreateJavaVM+0x1652b
C  [java+0x374d]  JavaMain+0xd0d

Java frames: (J=compiled Java code, j=interpreted, Vv=VM code)
j  java.util.zip.ZipFile.getEntry(JLjava/lang/String;Z)J+0
j  java.util.zip.ZipFile.getEntry(Ljava/lang/String;)Ljava/util/zip/ZipEntry;+31
j  java.util.jar.JarFile.getEntry(Ljava/lang/String;)Ljava/util/zip/ZipEntry;+2
j  sun.net.www.protocol.jar.URLJarFile.getEntry(Ljava/lang/String;)Ljava/util/zip/ZipEntry;+2
j  sun.net.www.protocol.jar.JarURLConnection.connect()V+62
j  sun.net.www.protocol.jar.JarURLConnection.getInputStream()Ljava/io/InputStream;+1
j  sun.misc.URLClassPath$Loader.getResource(Ljava/lang/String;Z)Lsun/misc/Resource;+48
j  sun.misc.URLClassPath.getResource(Ljava/lang/String;Z)Lsun/misc/Resource;+53
j  java.net.URLClassLoader$1.run()Ljava/lang/Object;+26
v  ~StubRoutines::call_stub
j  java.security.AccessController.doPrivileged(Ljava/security/PrivilegedExceptionAction;Ljava/security/AccessControlContext;)Ljava/lang/Object;+0
j  java.net.URLClassLoader.findClass(Ljava/lang/String;)Ljava/lang/Class;+13
j  org.java.plugin.standard.StandardPluginClassLoader.loadLocalClass(Ljava/lang/String;ZLorg/java/plugin/standard/StandardPluginClassLoader;)Ljava/lang/Class;+97
j  org.java.plugin.standard.StandardPluginClassLoader.loadPluginClass(Ljava/lang/String;ZZLorg/java/plugin/standard/StandardPluginClassLoader;Ljava/util/Set;)Ljava/lang/Class;+338
j  org.java.plugin.standard.StandardPluginClassLoader.loadClass(Ljava/lang/String;Z)Ljava/lang/Class;+197
j  java.lang.ClassLoader.loadClass(Ljava/lang/String;)Ljava/lang/Class;+3
j  org.svvrl.goal.core.CorePlugin.loadComplementConstructions()V+63
j  org.svvrl.goal.core.CorePlugin.initApplication(Lorg/java/plugin/util/ExtendedProperties;[Ljava/lang/String;)Lorg/java/plugin/boot/Application;+174
j  org.java.plugin.boot.DefaultApplicationInitializer.initApplication(Lorg/java/plugin/boot/BootErrorHandler;[Ljava/lang/String;)Lorg/java/plugin/boot/Application;+530
j  org.java.plugin.boot.Boot.initApplication(Lorg/java/plugin/boot/BootErrorHandler;Lorg/java/plugin/util/ExtendedProperties;[Ljava/lang/String;)Lorg/java/plugin/boot/Application;+157
j  org.java.plugin.boot.Boot.boot(Lorg/java/plugin/util/ExtendedProperties;ZLjava/lang/String;Lorg/java/plugin/boot/BootErrorHandler;[Ljava/lang/String;)Lorg/java/plugin/boot/Application;+338
j  org.java.plugin.boot.Boot.main([Ljava/lang/String;)V+162
v  ~StubRoutines::call_stub

---------------  P R O C E S S  ---------------

Java Threads: ( => current thread )
  0x00002ac8f8fe3000 JavaThread "Java2D Disposer" daemon [_thread_blocked, id=9825, stack(0x00002ac93ab2b000,0x00002ac93ac2c000)]
  0x00002ac8f8101800 JavaThread "Low Memory Detector" daemon [_thread_blocked, id=9816, stack(0x00002ac93a194000,0x00002ac93a295000)]
  0x00002ac8f80ff000 JavaThread "C2 CompilerThread1" daemon [_thread_blocked, id=9815, stack(0x00002ac93a093000,0x00002ac93a194000)]
  0x00002ac8f80fc800 JavaThread "C2 CompilerThread0" daemon [_thread_blocked, id=9814, stack(0x00002ac939f92000,0x00002ac93a093000)]
  0x00002ac8f80fa000 JavaThread "Signal Dispatcher" daemon [_thread_blocked, id=9813, stack(0x00002ac939e91000,0x00002ac939f92000)]
  0x00002ac8f80ab800 JavaThread "Finalizer" daemon [_thread_blocked, id=9812, stack(0x00002ac924eb3000,0x00002ac924fb4000)]
  0x00002ac8f80a9800 JavaThread "Reference Handler" daemon [_thread_blocked, id=9811, stack(0x00002ac924db2000,0x00002ac924eb3000)]
=>0x00002ac8f8008000 JavaThread "main" [_thread_in_native, id=9801, stack(0x00002ac8f67f8000,0x00002ac8f68f9000)]

Other Threads:
  0x00002ac8f809a800 VMThread [stack: 0x00002ac924cb1000,0x00002ac924db2000] [id=9810]
  0x00002ac8f810c800 WatcherThread [stack: 0x00002ac93a295000,0x00002ac93a396000] [id=9817]

VM state:not at safepoint (normal execution)

VM Mutex/Monitor currently owned by a thread: None

Heap
 PSYoungGen      total 305856K, used 99749K [0x00000000eaab0000, 0x0000000100000000, 0x0000000100000000)
  eden space 262208K, 38% used [0x00000000eaab0000,0x00000000f0c19478,0x00000000faac0000)
  from space 43648K, 0% used [0x00000000fd560000,0x00000000fd560000,0x0000000100000000)
  to   space 43648K, 0% used [0x00000000faac0000,0x00000000faac0000,0x00000000fd560000)
 ParOldGen       total 699072K, used 0K [0x00000000c0000000, 0x00000000eaab0000, 0x00000000eaab0000)
  object space 699072K, 0% used [0x00000000c0000000,0x00000000c0000000,0x00000000eaab0000)
 PSPermGen       total 21248K, used 10476K [0x00000000b5a00000, 0x00000000b6ec0000, 0x00000000c0000000)
  object space 21248K, 49% used [0x00000000b5a00000,0x00000000b643b160,0x00000000b6ec0000)

Card table byte_map: [0x00002ac8ff0c0000,0x00002ac8ff314000] byte_map_base: 0x00002ac8feb13000

Polling page: 0x00002ac8f6d39000

Code Cache  [0x00002ac8fc000000, 0x00002ac8fc270000, 0x00002ac8ff000000)
 total_blobs=451 nmethods=171 adapters=233 free_code_cache=48223Kb largest_free_block=49357184

Compilation events (10 events):
Event: 2.999 Thread 0x00002ac8f80fc800 nmethod 2% 0x00002ac8fc0e7fd0 code [0x00002ac8fc0e81c0, 0x00002ac8fc0e8b28]
Event: 3.007 Thread 0x00002ac8f80fc800  165   !         sun.nio.cs.US_ASCII$Decoder::decodeArrayLoop (241 bytes)
Event: 3.018 Thread 0x00002ac8f80ff000 nmethod 3% 0x00002ac8fc0e9610 code [0x00002ac8fc0e9840, 0x00002ac8fc0ea3e8]
Event: 3.018 Thread 0x00002ac8f80ff000  166  s          java.lang.StringBuffer::append (8 bytes)
Event: 3.021 Thread 0x00002ac8f80ff000 nmethod 166 0x00002ac8fc0e6450 code [0x00002ac8fc0e65a0, 0x00002ac8fc0e6948]
Event: 3.021 Thread 0x00002ac8f80ff000  167             java.lang.String::indexOf (7 bytes)
Event: 3.021 Thread 0x00002ac8f80ff000 nmethod 167 0x00002ac8fc0e6210 code [0x00002ac8fc0e6360, 0x00002ac8fc0e63c8]
Event: 3.021 Thread 0x00002ac8f80ff000  168   !         sun.nio.cs.US_ASCII$Encoder::encodeArrayLoop (279 bytes)
Event: 3.024 Thread 0x00002ac8f80fc800 nmethod 165 0x00002ac8fc0eb310 code [0x00002ac8fc0eb4c0, 0x00002ac8fc0ebd08]
Event: 3.048 Thread 0x00002ac8f80ff000 nmethod 168 0x00002ac8fc0ec590 code [0x00002ac8fc0ec780, 0x00002ac8fc0ed2a8]

GC Heap History (0 events):
No events

Deoptimization events (10 events):
Event: 2.096 Thread 0x00002ac8f8008000 Uncommon trap -34 fr.pc 0x00002ac8fc05ea30
Event: 2.259 Thread 0x00002ac8f8008000 Uncommon trap -83 fr.pc 0x00002ac8fc0b08fc
Event: 2.425 Thread 0x00002ac8f8008000 Uncommon trap -34 fr.pc 0x00002ac8fc0a115c
Event: 2.426 Thread 0x00002ac8f8008000 Uncommon trap -34 fr.pc 0x00002ac8fc0a115c
Event: 2.426 Thread 0x00002ac8f8008000 Uncommon trap -34 fr.pc 0x00002ac8fc0a115c
Event: 2.427 Thread 0x00002ac8f8008000 Uncommon trap -34 fr.pc 0x00002ac8fc0a115c
Event: 2.815 Thread 0x00002ac8f8008000 Uncommon trap -34 fr.pc 0x00002ac8fc0b7018
Event: 2.903 Thread 0x00002ac8f8008000 Uncommon trap -34 fr.pc 0x00002ac8fc0b7018
Event: 2.903 Thread 0x00002ac8f8008000 Uncommon trap -34 fr.pc 0x00002ac8fc0b7018
Event: 2.903 Thread 0x00002ac8f8008000 Uncommon trap -34 fr.pc 0x00002ac8fc0b7018

Internal exceptions (10 events):
Event: 4.307 Thread 0x00002ac8f8008000 Threw 0x00000000f0882638 at /builddir/build/BUILD/icedtea6-1.13.4/openjdk/hotspot/src/share/vm/prims/jvm.cpp:1235
Event: 4.307 Thread 0x00002ac8f8008000 Threw 0x00000000f0882a68 at /builddir/build/BUILD/icedtea6-1.13.4/openjdk/hotspot/src/share/vm/prims/jvm.cpp:1235
Event: 4.309 Thread 0x00002ac8f8008000 Threw 0x00000000f088bc58 at /builddir/build/BUILD/icedtea6-1.13.4/openjdk/hotspot/src/share/vm/classfile/systemDictionary.cpp:179
Event: 4.309 Thread 0x00002ac8f8008000 Threw 0x00000000f088bfe0 at /builddir/build/BUILD/icedtea6-1.13.4/openjdk/hotspot/src/share/vm/prims/jvm.cpp:1235
Event: 4.309 Thread 0x00002ac8f8008000 Threw 0x00000000f088c418 at /builddir/build/BUILD/icedtea6-1.13.4/openjdk/hotspot/src/share/vm/prims/jvm.cpp:1235
Event: 4.309 Thread 0x00002ac8f8008000 Threw 0x00000000f088da10 at /builddir/build/BUILD/icedtea6-1.13.4/openjdk/hotspot/src/share/vm/prims/jvm.cpp:1235
Event: 4.310 Thread 0x00002ac8f8008000 Threw 0x00000000f088f898 at /builddir/build/BUILD/icedtea6-1.13.4/openjdk/hotspot/src/share/vm/prims/jvm.cpp:1235
Event: 4.310 Thread 0x00002ac8f8008000 Threw 0x00000000f08900f0 at /builddir/build/BUILD/icedtea6-1.13.4/openjdk/hotspot/src/share/vm/classfile/systemDictionary.cpp:179
Event: 4.310 Thread 0x00002ac8f8008000 Threw 0x00000000f0890480 at /builddir/build/BUILD/icedtea6-1.13.4/openjdk/hotspot/src/share/vm/prims/jvm.cpp:1235
Event: 4.310 Thread 0x00002ac8f8008000 Threw 0x00000000f08908c0 at /builddir/build/BUILD/icedtea6-1.13.4/openjdk/hotspot/src/share/vm/prims/jvm.cpp:1235

Events (10 events):
Event: 4.307 loading class 0x00002ac8f9070c60
Event: 4.307 loading class 0x00002ac8f9070c60 done
Event: 4.307 loading class 0x00002ac8f80f9510
Event: 4.307 loading class 0x00002ac8f80f9510 done
Event: 4.308 loading class 0x00002ac8f9070cb0
Event: 4.308 loading class 0x00002ac8f9070cb0 done
Event: 4.309 loading class 0x00002ac8f8ecc3c0
Event: 4.309 loading class 0x00002ac8f8ecc3c0 done
Event: 4.310 loading class 0x00002ac8f906f7d0
Event: 4.310 loading class 0x00002ac8f906f7d0 done


Dynamic libraries:
00400000-00409000 r-xp 00000000 fd:01 5993                               /usr/lib/jvm/java-1.6.0-openjdk-1.6.0.0.x86_64/jre/bin/java
00608000-0060a000 rw-p 00008000 fd:01 5993                               /usr/lib/jvm/java-1.6.0-openjdk-1.6.0.0.x86_64/jre/bin/java
00e80000-00ea1000 rw-p 00000000 00:00 0                                  [heap]
b5a00000-b6ec0000 rw-p 00000000 00:00 0 
b6ec0000-c0000000 rw-p 00000000 00:00 0 
c0000000-100000000 rw-p 00000000 00:00 0 
364f800000-364f820000 r-xp 00000000 fd:01 130582                         /lib64/ld-2.12.so
364fa1f000-364fa20000 r--p 0001f000 fd:01 130582                         /lib64/ld-2.12.so
364fa20000-364fa21000 rw-p 00020000 fd:01 130582                         /lib64/ld-2.12.so
364fa21000-364fa22000 rw-p 00000000 00:00 0 
364fc00000-364fd8a000 r-xp 00000000 fd:01 130613                         /lib64/libc-2.12.so
364fd8a000-364ff8a000 ---p 0018a000 fd:01 130613                         /lib64/libc-2.12.so
364ff8a000-364ff8e000 r--p 0018a000 fd:01 130613                         /lib64/libc-2.12.so
364ff8e000-364ff8f000 rw-p 0018e000 fd:01 130613                         /lib64/libc-2.12.so
364ff8f000-364ff94000 rw-p 00000000 00:00 0 
3650000000-3650004000 r-xp 00000000 fd:01 13573                          /usr/lib/jvm/java-1.6.0-openjdk-1.6.0.0.x86_64/jre/lib/amd64/jli/libjli.so
3650004000-3650203000 ---p 00004000 fd:01 13573                          /usr/lib/jvm/java-1.6.0-openjdk-1.6.0.0.x86_64/jre/lib/amd64/jli/libjli.so
3650203000-3650204000 rw-p 00003000 fd:01 13573                          /usr/lib/jvm/java-1.6.0-openjdk-1.6.0.0.x86_64/jre/lib/amd64/jli/libjli.so
3650400000-3650417000 r-xp 00000000 fd:01 130636                         /lib64/libpthread-2.12.so
3650417000-3650617000 ---p 00017000 fd:01 130636                         /lib64/libpthread-2.12.so
3650617000-3650618000 r--p 00017000 fd:01 130636                         /lib64/libpthread-2.12.so
3650618000-3650619000 rw-p 00018000 fd:01 130636                         /lib64/libpthread-2.12.so
3650619000-365061d000 rw-p 00000000 00:00 0 
3650800000-3650802000 r-xp 00000000 fd:01 130624                         /lib64/libdl-2.12.so
3650802000-3650a02000 ---p 00002000 fd:01 130624                         /lib64/libdl-2.12.so
3650a02000-3650a03000 r--p 00002000 fd:01 130624                         /lib64/libdl-2.12.so
3650a03000-3650a04000 rw-p 00003000 fd:01 130624                         /lib64/libdl-2.12.so
3650c00000-3650c15000 r-xp 00000000 fd:01 130638                         /lib64/libz.so.1.2.3
3650c15000-3650e14000 ---p 00015000 fd:01 130638                         /lib64/libz.so.1.2.3
3650e14000-3650e15000 r--p 00014000 fd:01 130638                         /lib64/libz.so.1.2.3
3650e15000-3650e16000 rw-p 00015000 fd:01 130638                         /lib64/libz.so.1.2.3
3651000000-3651007000 r-xp 00000000 fd:01 132701                         /lib64/librt-2.12.so
3651007000-3651206000 ---p 00007000 fd:01 132701                         /lib64/librt-2.12.so
3651206000-3651207000 r--p 00006000 fd:01 132701                         /lib64/librt-2.12.so
3651207000-3651208000 rw-p 00007000 fd:01 132701                         /lib64/librt-2.12.so
3651800000-3651816000 r-xp 00000000 fd:01 133662                         /lib64/libgcc_s-4.4.7-20120601.so.1
3651816000-3651a15000 ---p 00016000 fd:01 133662                         /lib64/libgcc_s-4.4.7-20120601.so.1
3651a15000-3651a16000 rw-p 00015000 fd:01 133662                         /lib64/libgcc_s-4.4.7-20120601.so.1
3653000000-36530e8000 r-xp 00000000 fd:01 49938                          /usr/lib64/libstdc++.so.6.0.13
36530e8000-36532e8000 ---p 000e8000 fd:01 49938                          /usr/lib64/libstdc++.so.6.0.13
36532e8000-36532ef000 r--p 000e8000 fd:01 49938                          /usr/lib64/libstdc++.so.6.0.13
36532ef000-36532f1000 rw-p 000ef000 fd:01 49938                          /usr/lib64/libstdc++.so.6.0.13
36532f1000-3653306000 rw-p 00000000 00:00 0 
3659000000-3659098000 r-xp 00000000 fd:01 4478                           /usr/lib64/libfreetype.so.6.3.22
3659098000-3659297000 ---p 00098000 fd:01 4478                           /usr/lib64/libfreetype.so.6.3.22
3659297000-365929d000 rw-p 00097000 fd:01 4478                           /usr/lib64/libfreetype.so.6.3.22
365c200000-365c216000 r-xp 00000000 fd:01 137559                         /lib64/libnsl-2.12.so
365c216000-365c415000 ---p 00016000 fd:01 137559                         /lib64/libnsl-2.12.so
365c415000-365c416000 r--p 00015000 fd:01 137559                         /lib64/libnsl-2.12.so
365c416000-365c417000 rw-p 00016000 fd:01 137559                         /lib64/libnsl-2.12.so
365c417000-365c419000 rw-p 00000000 00:00 0 
2ac8f586e000-2ac8f586f000 rw-p 00000000 00:00 0 
2ac8f5885000-2ac8f5889000 rw-p 00000000 00:00 0 
2ac8f5889000-2ac8f6294000 r-xp 00000000 fd:01 23213                      /usr/lib/jvm/java-1.6.0-openjdk-1.6.0.0.x86_64/jre/lib/amd64/server/libjvm.so
2ac8f6294000-2ac8f6494000 ---p 00a0b000 fd:01 23213                      /usr/lib/jvm/java-1.6.0-openjdk-1.6.0.0.x86_64/jre/lib/amd64/server/libjvm.so
2ac8f6494000-2ac8f6535000 rw-p 00a0b000 fd:01 23213                      /usr/lib/jvm/java-1.6.0-openjdk-1.6.0.0.x86_64/jre/lib/amd64/server/libjvm.so
2ac8f6535000-2ac8f655e000 rw-p 00000000 00:00 0 
2ac8f6574000-2ac8f65f7000 r-xp 00000000 fd:01 130627                     /lib64/libm-2.12.so
2ac8f65f7000-2ac8f67f6000 ---p 00083000 fd:01 130627                     /lib64/libm-2.12.so
2ac8f67f6000-2ac8f67f7000 r--p 00082000 fd:01 130627                     /lib64/libm-2.12.so
2ac8f67f7000-2ac8f67f8000 rw-p 00083000 fd:01 130627                     /lib64/libm-2.12.so
2ac8f67f8000-2ac8f67fb000 ---p 00000000 00:00 0 
2ac8f67fb000-2ac8f68f9000 rw-p 00000000 00:00 0 
2ac8f68f9000-2ac8f6907000 r-xp 00000000 fd:01 23207                      /usr/lib/jvm/java-1.6.0-openjdk-1.6.0.0.x86_64/jre/lib/amd64/libverify.so
2ac8f6907000-2ac8f6b07000 ---p 0000e000 fd:01 23207                      /usr/lib/jvm/java-1.6.0-openjdk-1.6.0.0.x86_64/jre/lib/amd64/libverify.so
2ac8f6b07000-2ac8f6b09000 rw-p 0000e000 fd:01 23207                      /usr/lib/jvm/java-1.6.0-openjdk-1.6.0.0.x86_64/jre/lib/amd64/libverify.so
2ac8f6b09000-2ac8f6b36000 r-xp 00000000 fd:01 23159                      /usr/lib/jvm/java-1.6.0-openjdk-1.6.0.0.x86_64/jre/lib/amd64/libjava.so
2ac8f6b36000-2ac8f6d35000 ---p 0002d000 fd:01 23159                      /usr/lib/jvm/java-1.6.0-openjdk-1.6.0.0.x86_64/jre/lib/amd64/libjava.so
2ac8f6d35000-2ac8f6d39000 rw-p 0002c000 fd:01 23159                      /usr/lib/jvm/java-1.6.0-openjdk-1.6.0.0.x86_64/jre/lib/amd64/libjava.so
2ac8f6d39000-2ac8f6d3a000 r--p 00000000 00:00 0 
2ac8f6d3a000-2ac8f6d3b000 rw-p 00000000 00:00 0 
2ac8f6d3b000-2ac8f6d70000 r--s 00000000 fd:02 128540                     /var/db/nscd/passwd
2ac8f6d70000-2ac8f6d78000 rw-s 00000000 fd:03 38                         /tmp/hsperfdata_dw07r324/9800
2ac8f6d78000-2ac8f6d7f000 r-xp 00000000 fd:01 23208                      /usr/lib/jvm/java-1.6.0-openjdk-1.6.0.0.x86_64/jre/lib/amd64/libzip.so
2ac8f6d7f000-2ac8f6f7f000 ---p 00007000 fd:01 23208                      /usr/lib/jvm/java-1.6.0-openjdk-1.6.0.0.x86_64/jre/lib/amd64/libzip.so
2ac8f6f7f000-2ac8f6f80000 rw-p 00007000 fd:01 23208                      /usr/lib/jvm/java-1.6.0-openjdk-1.6.0.0.x86_64/jre/lib/amd64/libzip.so
2ac8f8000000-2ac8f90a6000 rw-p 00000000 00:00 0 
2ac8f90a6000-2ac8fc000000 ---p 00000000 00:00 0 
2ac8fc000000-2ac8fc270000 rwxp 00000000 00:00 0 
2ac8fc270000-2ac8ff000000 rw-p 00000000 00:00 0 
2ac8ff000000-2ac8ff00a000 rw-p 00000000 00:00 0 
2ac8ff00a000-2ac8ff0c0000 rw-p 00000000 00:00 0 
2ac8ff0c0000-2ac8ff0cb000 rw-p 00000000 00:00 0 
2ac8ff0cb000-2ac8ff113000 rw-p 00000000 00:00 0 
2ac8ff113000-2ac8ff475000 rw-p 00000000 00:00 0 
2ac8ff475000-2ac8ff4bd000 rw-p 00000000 00:00 0 
2ac8ff4bd000-2ac8ff4be000 ---p 00000000 00:00 0 
2ac8ff4be000-2ac8ff5be000 rw-p 00000000 00:00 0 
2ac8ff5be000-2ac8ff5bf000 ---p 00000000 00:00 0 
2ac8ff5bf000-2ac8ff6bf000 rw-p 00000000 00:00 0 
2ac8ff6bf000-2ac8ff6c0000 ---p 00000000 00:00 0 
2ac8ff6c0000-2ac8ff7c0000 rw-p 00000000 00:00 0 
2ac8ff7c0000-2ac8ff7c1000 ---p 00000000 00:00 0 
2ac8ff7c1000-2ac8ff8c1000 rw-p 00000000 00:00 0 
2ac8ff8c1000-2ac8ff8c2000 ---p 00000000 00:00 0 
2ac8ff8c2000-2ac8ff9c2000 rw-p 00000000 00:00 0 
2ac8ff9c2000-2ac8ff9c3000 ---p 00000000 00:00 0 
2ac8ff9c3000-2ac8ffac3000 rw-p 00000000 00:00 0 
2ac8ffac3000-2ac8ffac4000 ---p 00000000 00:00 0 
2ac8ffac4000-2ac8ffbc4000 rw-p 00000000 00:00 0 
2ac8ffbc4000-2ac8ffbc5000 ---p 00000000 00:00 0 
2ac8ffbc5000-2ac8ffcc5000 rw-p 00000000 00:00 0 
2ac900000000-2ac900021000 rw-p 00000000 00:00 0 
2ac900021000-2ac904000000 ---p 00000000 00:00 0 
2ac904000000-2ac904021000 rw-p 00000000 00:00 0 
2ac904021000-2ac908000000 ---p 00000000 00:00 0 
2ac908000000-2ac908021000 rw-p 00000000 00:00 0 
2ac908021000-2ac90c000000 ---p 00000000 00:00 0 
2ac90c000000-2ac90c021000 rw-p 00000000 00:00 0 
2ac90c021000-2ac910000000 ---p 00000000 00:00 0 
2ac910000000-2ac910021000 rw-p 00000000 00:00 0 
2ac910021000-2ac914000000 ---p 00000000 00:00 0 
2ac914000000-2ac914021000 rw-p 00000000 00:00 0 
2ac914021000-2ac918000000 ---p 00000000 00:00 0 
2ac918000000-2ac918021000 rw-p 00000000 00:00 0 
2ac918021000-2ac91c000000 ---p 00000000 00:00 0 
2ac91c000000-2ac91c021000 rw-p 00000000 00:00 0 
2ac91c021000-2ac920000000 ---p 00000000 00:00 0 
2ac920000000-2ac922ea4000 rw-p 00000000 00:00 0 
2ac922ea4000-2ac92303a000 r--s 01a15000 fd:01 23288                      /usr/lib/jvm/java-1.6.0-openjdk-1.6.0.0.x86_64/jre/lib/rt.jar
2ac92303a000-2ac924cb1000 rw-p 00000000 00:00 0 
2ac924cb1000-2ac924cb2000 ---p 00000000 00:00 0 
2ac924cb2000-2ac924db2000 rw-p 00000000 00:00 0 
2ac924db2000-2ac924db5000 ---p 00000000 00:00 0 
2ac924db5000-2ac924eb3000 rw-p 00000000 00:00 0 
2ac924eb3000-2ac924eb6000 ---p 00000000 00:00 0 
2ac924eb6000-2ac924fb4000 rw-p 00000000 00:00 0 
2ac928000000-2ac928021000 rw-p 00000000 00:00 0 
2ac928021000-2ac92c000000 ---p 00000000 00:00 0 
2ac92c000000-2ac92c021000 rw-p 00000000 00:00 0 
2ac92c021000-2ac930000000 ---p 00000000 00:00 0 
2ac930000000-2ac930021000 rw-p 00000000 00:00 0 
2ac930021000-2ac934000000 ---p 00000000 00:00 0 
2ac934000000-2ac939e91000 r--p 00000000 fd:01 49935                      /usr/lib/locale/locale-archive
2ac939e91000-2ac939e94000 ---p 00000000 00:00 0 
2ac939e94000-2ac939f92000 rw-p 00000000 00:00 0 
2ac939f92000-2ac939f95000 ---p 00000000 00:00 0 
2ac939f95000-2ac93a093000 rw-p 00000000 00:00 0 
2ac93a093000-2ac93a096000 ---p 00000000 00:00 0 
2ac93a096000-2ac93a194000 rw-p 00000000 00:00 0 
2ac93a194000-2ac93a197000 ---p 00000000 00:00 0 
2ac93a197000-2ac93a295000 rw-p 00000000 00:00 0 
2ac93a295000-2ac93a296000 ---p 00000000 00:00 0 
2ac93a296000-2ac93a396000 rw-p 00000000 00:00 0 
2ac93a396000-2ac93a398000 r--s 00009000 00:35 125760574                  /mmfs/automount/gpfs/homefs/sm/dw07r324/bin/GOAL-20140808/lib/jpf-boot.jar
2ac93a398000-2ac93a39b000 r--s 0000f000 fd:01 23233                      /usr/lib/jvm/java-1.6.0-openjdk-1.6.0.0.x86_64/jre/lib/ext/pulse-java.jar
2ac93a39b000-2ac93a3a4000 r--s 00065000 fd:01 23228                      /usr/lib/jvm/java-1.6.0-openjdk-1.6.0.0.x86_64/jre/lib/ext/gnome-java-bridge.jar
2ac93a3a4000-2ac93a3a6000 r--s 00009000 00:35 125760574                  /mmfs/automount/gpfs/homefs/sm/dw07r324/bin/GOAL-20140808/lib/jpf-boot.jar
2ac93a3a6000-2ac93a3aa000 r--s 0003c000 fd:01 14238                      /usr/lib/jvm/java-1.6.0-openjdk-1.6.0.0.x86_64/jre/lib/jsse.jar
2ac93a3aa000-2ac93a3af000 r--s 0002d000 00:35 125760577                  /mmfs/automount/gpfs/homefs/sm/dw07r324/bin/GOAL-20140808/lib/jpf.jar
2ac93a3af000-2ac93a3b1000 r--s 0000d000 00:35 125760571                  /mmfs/automount/gpfs/homefs/sm/dw07r324/bin/GOAL-20140808/lib/commons-logging.jar
2ac93a3b1000-2ac93a3b3000 r--s 00012000 00:35 125760576                  /mmfs/automount/gpfs/homefs/sm/dw07r324/bin/GOAL-20140808/lib/jpf-tools.jar
2ac93a3b3000-2ac93a3ba000 r--s 00039000 00:35 125760578                  /mmfs/automount/gpfs/homefs/sm/dw07r324/bin/GOAL-20140808/lib/jxp.jar
2ac93a3ba000-2ac93a3bc000 r--s 00004000 00:35 125760570                  /mmfs/automount/gpfs/homefs/sm/dw07r324/bin/GOAL-20140808/lib/AppleJavaExtensions.jar
2ac93a3bc000-2ac93a3c1000 r--s 0002a000 00:35 125760572                  /mmfs/automount/gpfs/homefs/sm/dw07r324/bin/GOAL-20140808/lib/gson-2.2.2.jar
2ac93a3c1000-2ac93a3c4000 r--s 0001a000 00:35 125760579                  /mmfs/automount/gpfs/homefs/sm/dw07r324/bin/GOAL-20140808/lib/minijdd_104.jar
2ac93a3c4000-2ac93a3e7000 r--s 0022d000 00:35 115921535                  /mmfs/automount/gpfs/homefs/sm/dw07r324/bin/GOAL-20140808/.jpf-shadow/org.svvrl.goal.core@2014.8.8.zip (deleted)
2ac93a3e7000-2ac93a48a000 r-xp 00000000 fd:01 13434                      /usr/lib/jvm/java-1.6.0-openjdk-1.6.0.0.x86_64/jre/lib/amd64/libawt.so
2ac93a48a000-2ac93a68a000 ---p 000a3000 fd:01 13434                      /usr/lib/jvm/java-1.6.0-openjdk-1.6.0.0.x86_64/jre/lib/amd64/libawt.so
2ac93a68a000-2ac93a696000 rw-p 000a3000 fd:01 13434                      /usr/lib/jvm/java-1.6.0-openjdk-1.6.0.0.x86_64/jre/lib/amd64/libawt.so
2ac93a696000-2ac93a6ba000 rw-p 00000000 00:00 0 
2ac93a6ba000-2ac93a6c0000 r-xp 00000000 fd:01 8525                       /usr/lib/jvm/java-1.6.0-openjdk-1.6.0.0.x86_64/jre/lib/amd64/headless/libmawt.so
2ac93a6c0000-2ac93a8bf000 ---p 00006000 fd:01 8525                       /usr/lib/jvm/java-1.6.0-openjdk-1.6.0.0.x86_64/jre/lib/amd64/headless/libmawt.so
2ac93a8bf000-2ac93a8c0000 rw-p 00005000 fd:01 8525                       /usr/lib/jvm/java-1.6.0-openjdk-1.6.0.0.x86_64/jre/lib/amd64/headless/libmawt.so
2ac93a8c0000-2ac93a8db000 r--s 0029a000 00:35 40963707                   /mmfs/automount/gpfs/homefs/sm/dw07r324/bin/GOAL-20140808/.jpf-shadow/org.svvrl.goal.gui@2014.8.8.zip
2ac93a8db000-2ac93a928000 r-xp 00000000 fd:01 13546                      /usr/lib/jvm/java-1.6.0-openjdk-1.6.0.0.x86_64/jre/lib/amd64/libfontmanager.so
2ac93a928000-2ac93ab28000 ---p 0004d000 fd:01 13546                      /usr/lib/jvm/java-1.6.0-openjdk-1.6.0.0.x86_64/jre/lib/amd64/libfontmanager.so
2ac93ab28000-2ac93ab2b000 rw-p 0004d000 fd:01 13546                      /usr/lib/jvm/java-1.6.0-openjdk-1.6.0.0.x86_64/jre/lib/amd64/libfontmanager.so
2ac93ab2b000-2ac93ab2e000 ---p 00000000 00:00 0 
2ac93ab2e000-2ac93ac2c000 rw-p 00000000 00:00 0 
2ac93ac2c000-2ac93ac33000 r--s 00000000 fd:02 1513                       /var/cache/fontconfig/12b26b760a24f8b4feb03ad48a333a72-le64.cache-3
2ac93ac33000-2ac93ac3c000 r--s 00000000 fd:02 1443                       /var/cache/fontconfig/b79f3aaa7d385a141ab53ec885cc22a8-le64.cache-3
2ac93ac3c000-2ac93ac40000 r--s 00000000 fd:02 1132                       /var/cache/fontconfig/87f5e051180a7a75f16eb6fe7dbd3749-le64.cache-3
2ac93ac40000-2ac93ac56000 r-xp 00000000 fd:01 23199                      /usr/lib/jvm/java-1.6.0-openjdk-1.6.0.0.x86_64/jre/lib/amd64/libnet.so
2ac93ac56000-2ac93ae55000 ---p 00016000 fd:01 23199                      /usr/lib/jvm/java-1.6.0-openjdk-1.6.0.0.x86_64/jre/lib/amd64/libnet.so
2ac93ae55000-2ac93ae56000 rw-p 00015000 fd:01 23199                      /usr/lib/jvm/java-1.6.0-openjdk-1.6.0.0.x86_64/jre/lib/amd64/libnet.so
2ac93ae56000-2ac93ae5e000 r-xp 00000000 fd:01 23200                      /usr/lib/jvm/java-1.6.0-openjdk-1.6.0.0.x86_64/jre/lib/amd64/libnio.so
2ac93ae5e000-2ac93b05d000 ---p 00008000 fd:01 23200                      /usr/lib/jvm/java-1.6.0-openjdk-1.6.0.0.x86_64/jre/lib/amd64/libnio.so
2ac93b05d000-2ac93b05e000 rw-p 00007000 fd:01 23200                      /usr/lib/jvm/java-1.6.0-openjdk-1.6.0.0.x86_64/jre/lib/amd64/libnio.so
2ac93b05e000-2ac93b065000 r--s 00000000 fd:02 1513                       /var/cache/fontconfig/12b26b760a24f8b4feb03ad48a333a72-le64.cache-3
2ac93b065000-2ac93b06e000 r--s 00000000 fd:02 1443                       /var/cache/fontconfig/b79f3aaa7d385a141ab53ec885cc22a8-le64.cache-3
2ac93b06e000-2ac93b072000 r--s 00000000 fd:02 1132                       /var/cache/fontconfig/87f5e051180a7a75f16eb6fe7dbd3749-le64.cache-3
2ac93b072000-2ac93b078000 r--s 0004b000 00:35 115393601                  /mmfs/automount/gpfs/homefs/sm/dw07r324/bin/GOAL-20140808/.jpf-shadow/org.svvrl.goal.cmd@2014.8.8.zip
2ac93b078000-2ac93b07a000 rw-p 00000000 00:00 0 
2ac93c000000-2ac93c021000 rw-p 00000000 00:00 0 
2ac93c021000-2ac940000000 ---p 00000000 00:00 0 
2ac940000000-2ac941343000 rw-p 00000000 00:00 0 
2ac941343000-2ac944000000 ---p 00000000 00:00 0 
2ac944000000-2ac944c60000 rw-p 00000000 00:00 0 
2ac944c60000-2ac948000000 ---p 00000000 00:00 0 
2ac948000000-2ac948021000 rw-p 00000000 00:00 0 
2ac948021000-2ac94c000000 ---p 00000000 00:00 0 
2ac94c000000-2ac94c021000 rw-p 00000000 00:00 0 
2ac94c021000-2ac950000000 ---p 00000000 00:00 0 
2ac950000000-2ac950021000 rw-p 00000000 00:00 0 
2ac950021000-2ac954000000 ---p 00000000 00:00 0 
7fff1f83f000-7fff1f876000 rw-p 00000000 00:00 0                          [stack]
7fff1f962000-7fff1f963000 r-xp 00000000 00:00 0                          [vdso]
ffffffffff600000-ffffffffff601000 r-xp 00000000 00:00 0                  [vsyscall]

VM Arguments:
jvm_args: -Xmx1G -Xms1G -DapplicationRoot=/home/ubelix/sm/dw07r324/bin/GOAL-20140808 -Dorg.java.plugin.boot.pluginsRepositories=/home/ubelix/sm/dw07r324/bin/GOAL-20140808/plugins -Djpf.boot.config=/home/ubelix/sm/dw07r324/bin/GOAL-20140808/boot.properties -Dorg.apache.commons.logging.Log=org.apache.commons.logging.impl.SimpleLog -Dorg.apache.commons.logging.simplelog.log.org.java.plugin=fatal 
java_command: /home/ubelix/sm/dw07r324/bin/GOAL-20140808/lib/jpf-boot.jar complement -m piterman -eq -macc -sp -ro -r /scratch/local/8663605.1.all.q/test_set_s15/s15_t1.4_a0.9_080.gff
Launcher Type: SUN_STANDARD

Environment Variables:
CLASSPATH=/home/ubelix/sm/dw07r324/bin/GOAL-20140808:/home/ubelix/sm/dw07r324/bin/GOAL-20140808/plugins:/home/ubelix/sm/dw07r324/bin/GOAL-20140808/lib:
PATH=/scratch/local/8663605.1.all.q:/usr/lib64/qt-3.3/bin:/usr/local/bin:/bin:/usr/bin:/usr/local/sbin:/usr/sbin:/sbin:/usr/lpp/mmfs/bin:/home/ubelix/sm/dw07r324/bin/GOAL-20140808:/home/ubelix/sm/dw07r324/bin/gnu_time/bin:/usr/lpp/mmfs/bin
LD_LIBRARY_PATH=/usr/lib/jvm/java-1.6.0-openjdk-1.6.0.0.x86_64/jre/lib/amd64/server:/usr/lib/jvm/java-1.6.0-openjdk-1.6.0.0.x86_64/jre/lib/amd64:/usr/lib/jvm/java-1.6.0-openjdk-1.6.0.0.x86_64/jre/../lib/amd64
SHELL=/bin/bash

Signal Handlers:
SIGSEGV: [libjvm.so+0x870a40], sa_mask[0]=0x7ffbfeff, sa_flags=0x10000004
SIGBUS: [libjvm.so+0x870a40], sa_mask[0]=0x7ffbfeff, sa_flags=0x10000004
SIGFPE: [libjvm.so+0x719240], sa_mask[0]=0x7ffbfeff, sa_flags=0x10000004
SIGPIPE: [libjvm.so+0x719240], sa_mask[0]=0x7ffbfeff, sa_flags=0x10000004
SIGXFSZ: [libjvm.so+0x719240], sa_mask[0]=0x7ffbfeff, sa_flags=0x10000004
SIGILL: [libjvm.so+0x719240], sa_mask[0]=0x7ffbfeff, sa_flags=0x10000004
SIGUSR1: SIG_DFL, sa_mask[0]=0x00000000, sa_flags=0x00000000
SIGUSR2: [libjvm.so+0x718d60], sa_mask[0]=0x00000000, sa_flags=0x10000004
SIGHUP: [libjvm.so+0x71bdf0], sa_mask[0]=0x7ffbfeff, sa_flags=0x10000004
SIGINT: [libjvm.so+0x71bdf0], sa_mask[0]=0x7ffbfeff, sa_flags=0x10000004
SIGTERM: [libjvm.so+0x71bdf0], sa_mask[0]=0x7ffbfeff, sa_flags=0x10000004
SIGQUIT: [libjvm.so+0x71bdf0], sa_mask[0]=0x7ffbfeff, sa_flags=0x10000004


---------------  S Y S T E M  ---------------

OS:Red Hat Enterprise Linux ComputeNode release 6.5 (Santiago)

uname:Linux 2.6.32-431.29.2.el6.x86_64 #1 SMP Sun Jul 27 15:55:46 EDT 2014 x86_64
libc:glibc 2.12 NPTL 2.12 
rlimit: STACK infinity, CORE infinity, NPROC 127431, NOFILE 4096, AS 8388608k
load average:3.65 3.57 3.82

/proc/meminfo:
MemTotal:       16331612 kB
MemFree:         5057848 kB
Buffers:           14016 kB
Cached:          6026592 kB
SwapCached:           88 kB
Active:          2870920 kB
Inactive:        3719176 kB
Active(anon):     486132 kB
Inactive(anon):    63548 kB
Active(file):    2384788 kB
Inactive(file):  3655628 kB
Unevictable:     4082900 kB
Mlocked:         4082900 kB
SwapTotal:       8388604 kB
SwapFree:        8388380 kB
Dirty:               104 kB
Writeback:             0 kB
AnonPages:       4632576 kB
Mapped:            99084 kB
Shmem:               192 kB
Slab:             374152 kB
SReclaimable:     306608 kB
SUnreclaim:        67544 kB
KernelStack:        4712 kB
PageTables:        16824 kB
NFS_Unstable:          0 kB
Bounce:                0 kB
WritebackTmp:          0 kB
CommitLimit:    16554408 kB
Committed_AS:    6813828 kB
VmallocTotal:   34359738367 kB
VmallocUsed:      109412 kB
VmallocChunk:   34351234244 kB
HardwareCorrupted:     0 kB
AnonHugePages:         0 kB
HugePages_Total:       0
HugePages_Free:        0
HugePages_Rsvd:        0
HugePages_Surp:        0
Hugepagesize:       2048 kB
DirectMap4k:        9920 kB
DirectMap2M:     2086912 kB
DirectMap1G:    14680064 kB


CPU:total 8 (4 cores per cpu, 1 threads per core) family 16 model 2 stepping 3, cmov, cx8, fxsr, mmx, sse, sse2, sse3, popcnt, mmxext, 3dnowpref, lzcnt, sse4a, tsc, tscinvbit, tscinv

/proc/cpuinfo:
processor	: 0
vendor_id	: AuthenticAMD
cpu family	: 16
model		: 2
model name	: Quad-Core AMD Opteron(tm) Processor 2354
stepping	: 3
cpu MHz		: 2200.000
cache size	: 512 KB
physical id	: 0
siblings	: 4
core id		: 0
cpu cores	: 4
apicid		: 0
initial apicid	: 0
fpu		: yes
fpu_exception	: yes
cpuid level	: 5
wp		: yes
flags		: fpu vme de pse tsc msr pae mce cx8 apic sep mtrr pge mca cmov pat pse36 clflush mmx fxsr sse sse2 ht syscall nx mmxext fxsr_opt pdpe1gb rdtscp lm 3dnowext 3dnow constant_tsc rep_good nonstop_tsc extd_apicid pni monitor cx16 popcnt lahf_lm cmp_legacy svm extapic cr8_legacy abm sse4a misalignsse 3dnowprefetch osvw ibs npt lbrv svm_lock
bogomips	: 4422.88
TLB size	: 1024 4K pages
clflush size	: 64
cache_alignment	: 64
address sizes	: 48 bits physical, 48 bits virtual
power management: ts ttp tm stc 100mhzsteps hwpstate

processor	: 1
vendor_id	: AuthenticAMD
cpu family	: 16
model		: 2
model name	: Quad-Core AMD Opteron(tm) Processor 2354
stepping	: 3
cpu MHz		: 2200.000
cache size	: 512 KB
physical id	: 0
siblings	: 4
core id		: 1
cpu cores	: 4
apicid		: 1
initial apicid	: 1
fpu		: yes
fpu_exception	: yes
cpuid level	: 5
wp		: yes
flags		: fpu vme de pse tsc msr pae mce cx8 apic sep mtrr pge mca cmov pat pse36 clflush mmx fxsr sse sse2 ht syscall nx mmxext fxsr_opt pdpe1gb rdtscp lm 3dnowext 3dnow constant_tsc rep_good nonstop_tsc extd_apicid pni monitor cx16 popcnt lahf_lm cmp_legacy svm extapic cr8_legacy abm sse4a misalignsse 3dnowprefetch osvw ibs npt lbrv svm_lock
bogomips	: 4422.88
TLB size	: 1024 4K pages
clflush size	: 64
cache_alignment	: 64
address sizes	: 48 bits physical, 48 bits virtual
power management: ts ttp tm stc 100mhzsteps hwpstate

processor	: 2
vendor_id	: AuthenticAMD
cpu family	: 16
model		: 2
model name	: Quad-Core AMD Opteron(tm) Processor 2354
stepping	: 3
cpu MHz		: 2200.000
cache size	: 512 KB
physical id	: 0
siblings	: 4
core id		: 2
cpu cores	: 4
apicid		: 2
initial apicid	: 2
fpu		: yes
fpu_exception	: yes
cpuid level	: 5
wp		: yes
flags		: fpu vme de pse tsc msr pae mce cx8 apic sep mtrr pge mca cmov pat pse36 clflush mmx fxsr sse sse2 ht syscall nx mmxext fxsr_opt pdpe1gb rdtscp lm 3dnowext 3dnow constant_tsc rep_good nonstop_tsc extd_apicid pni monitor cx16 popcnt lahf_lm cmp_legacy svm extapic cr8_legacy abm sse4a misalignsse 3dnowprefetch osvw ibs npt lbrv svm_lock
bogomips	: 4422.88
TLB size	: 1024 4K pages
clflush size	: 64
cache_alignment	: 64
address sizes	: 48 bits physical, 48 bits virtual
power management: ts ttp tm stc 100mhzsteps hwpstate

processor	: 3
vendor_id	: AuthenticAMD
cpu family	: 16
model		: 2
model name	: Quad-Core AMD Opteron(tm) Processor 2354
stepping	: 3
cpu MHz		: 2200.000
cache size	: 512 KB
physical id	: 0
siblings	: 4
core id		: 3
cpu cores	: 4
apicid		: 3
initial apicid	: 3
fpu		: yes
fpu_exception	: yes
cpuid level	: 5
wp		: yes
flags		: fpu vme de pse tsc msr pae mce cx8 apic sep mtrr pge mca cmov pat pse36 clflush mmx fxsr sse sse2 ht syscall nx mmxext fxsr_opt pdpe1gb rdtscp lm 3dnowext 3dnow constant_tsc rep_good nonstop_tsc extd_apicid pni monitor cx16 popcnt lahf_lm cmp_legacy svm extapic cr8_legacy abm sse4a misalignsse 3dnowprefetch osvw ibs npt lbrv svm_lock
bogomips	: 4422.88
TLB size	: 1024 4K pages
clflush size	: 64
cache_alignment	: 64
address sizes	: 48 bits physical, 48 bits virtual
power management: ts ttp tm stc 100mhzsteps hwpstate

processor	: 4
vendor_id	: AuthenticAMD
cpu family	: 16
model		: 2
model name	: Quad-Core AMD Opteron(tm) Processor 2354
stepping	: 3
cpu MHz		: 2200.000
cache size	: 512 KB
physical id	: 1
siblings	: 4
core id		: 0
cpu cores	: 4
apicid		: 4
initial apicid	: 4
fpu		: yes
fpu_exception	: yes
cpuid level	: 5
wp		: yes
flags		: fpu vme de pse tsc msr pae mce cx8 apic sep mtrr pge mca cmov pat pse36 clflush mmx fxsr sse sse2 ht syscall nx mmxext fxsr_opt pdpe1gb rdtscp lm 3dnowext 3dnow constant_tsc rep_good nonstop_tsc extd_apicid pni monitor cx16 popcnt lahf_lm cmp_legacy svm extapic cr8_legacy abm sse4a misalignsse 3dnowprefetch osvw ibs npt lbrv svm_lock
bogomips	: 4422.23
TLB size	: 1024 4K pages
clflush size	: 64
cache_alignment	: 64
address sizes	: 48 bits physical, 48 bits virtual
power management: ts ttp tm stc 100mhzsteps hwpstate

processor	: 5
vendor_id	: AuthenticAMD
cpu family	: 16
model		: 2
model name	: Quad-Core AMD Opteron(tm) Processor 2354
stepping	: 3
cpu MHz		: 2200.000
cache size	: 512 KB
physical id	: 1
siblings	: 4
core id		: 1
cpu cores	: 4
apicid		: 5
initial apicid	: 5
fpu		: yes
fpu_exception	: yes
cpuid level	: 5
wp		: yes
flags		: fpu vme de pse tsc msr pae mce cx8 apic sep mtrr pge mca cmov pat pse36 clflush mmx fxsr sse sse2 ht syscall nx mmxext fxsr_opt pdpe1gb rdtscp lm 3dnowext 3dnow constant_tsc rep_good nonstop_tsc extd_apicid pni monitor cx16 popcnt lahf_lm cmp_legacy svm extapic cr8_legacy abm sse4a misalignsse 3dnowprefetch osvw ibs npt lbrv svm_lock
bogomips	: 4422.23
TLB size	: 1024 4K pages
clflush size	: 64
cache_alignment	: 64
address sizes	: 48 bits physical, 48 bits virtual
power management: ts ttp tm stc 100mhzsteps hwpstate

processor	: 6
vendor_id	: AuthenticAMD
cpu family	: 16
model		: 2
model name	: Quad-Core AMD Opteron(tm) Processor 2354
stepping	: 3
cpu MHz		: 2200.000
cache size	: 512 KB
physical id	: 1
siblings	: 4
core id		: 2
cpu cores	: 4
apicid		: 6
initial apicid	: 6
fpu		: yes
fpu_exception	: yes
cpuid level	: 5
wp		: yes
flags		: fpu vme de pse tsc msr pae mce cx8 apic sep mtrr pge mca cmov pat pse36 clflush mmx fxsr sse sse2 ht syscall nx mmxext fxsr_opt pdpe1gb rdtscp lm 3dnowext 3dnow constant_tsc rep_good nonstop_tsc extd_apicid pni monitor cx16 popcnt lahf_lm cmp_legacy svm extapic cr8_legacy abm sse4a misalignsse 3dnowprefetch osvw ibs npt lbrv svm_lock
bogomips	: 4422.23
TLB size	: 1024 4K pages
clflush size	: 64
cache_alignment	: 64
address sizes	: 48 bits physical, 48 bits virtual
power management: ts ttp tm stc 100mhzsteps hwpstate

processor	: 7
vendor_id	: AuthenticAMD
cpu family	: 16
model		: 2
model name	: Quad-Core AMD Opteron(tm) Processor 2354
stepping	: 3
cpu MHz		: 2200.000
cache size	: 512 KB
physical id	: 1
siblings	: 4
core id		: 3
cpu cores	: 4
apicid		: 7
initial apicid	: 7
fpu		: yes
fpu_exception	: yes
cpuid level	: 5
wp		: yes
flags		: fpu vme de pse tsc msr pae mce cx8 apic sep mtrr pge mca cmov pat pse36 clflush mmx fxsr sse sse2 ht syscall nx mmxext fxsr_opt pdpe1gb rdtscp lm 3dnowext 3dnow constant_tsc rep_good nonstop_tsc extd_apicid pni monitor cx16 popcnt lahf_lm cmp_legacy svm extapic cr8_legacy abm sse4a misalignsse 3dnowprefetch osvw ibs npt lbrv svm_lock
bogomips	: 4422.23
TLB size	: 1024 4K pages
clflush size	: 64
cache_alignment	: 64
address sizes	: 48 bits physical, 48 bits virtual
power management: ts ttp tm stc 100mhzsteps hwpstate



Memory: 4k page, physical 16331612k(5057848k free), swap 8388604k(8388380k free)

vm_info: OpenJDK 64-Bit Server VM (23.25-b01) for linux-amd64 JRE (1.6.0_32-b32), built on Aug 21 2014 11:15:48 by "mockbuild" with gcc 4.4.7 20120313 (Red Hat 4.4.7-4)

time: Tue Sep 23 04:27:52 2014
elapsed time: 4 seconds

