#
# A fatal error has been detected by the Java Runtime Environment:
#
#  SIGBUS (0x7) at pc=0x00002ae8029e514e, pid=3523, tid=47175959971584
#
# JRE version: 6.0_32-b32
# Java VM: OpenJDK 64-Bit Server VM (23.25-b01 mixed mode linux-amd64 compressed oops)
# Problematic frame:
# C  [libzip.so+0x514e]  ZIP_Close+0x4fe
#
# Core dump written. Default location: /mmfs/automount/gpfs/homefs/sm/dw07r324/jobs/piterman.eq.macc.sp.ro.r/core or core.3523
#
# If you would like to submit a bug report, please include
# instructions how to reproduce the bug and visit:
#   http://icedtea.classpath.org/bugzilla
# The crash happened outside the Java Virtual Machine in native code.
# See problematic frame for where to report the bug.
#

---------------  T H R E A D  ---------------

Current thread (0x00002ae804008000):  JavaThread "main" [_thread_in_native, id=3524, stack(0x00002ae802460000,0x00002ae802561000)]

siginfo:si_signo=SIGBUS: si_errno=0, si_code=2 (BUS_ADRERR), si_addr=0x00002ae8523dd000

Registers:
RAX=0x00000000783ef1a7, RBX=0x00002ae8042db1f0, RCX=0x00000000e2d8bd79, RDX=0x00002ae8523dd02e
RSP=0x00002ae80255e490, RBP=0x00002ae80255e5d0, RSI=0x00002ae8523dcfe2, RDI=0x0000000000000043
R8 =0x0000000000000002, R9 =0x0000000000000001, R10=0x0000000000000aac, R11=0x000000364fc84042
R12=0x000000000022d4b7, R13=0x00002ae8523dd000, R14=0x00002ae8523dcfb3, R15=0x000000000000004c
RIP=0x00002ae8029e514e, EFLAGS=0x0000000000010213, CSGSFS=0x0000000000000033, ERR=0x0000000000000004
  TRAPNO=0x000000000000000e

Top of Stack: (sp=0x00002ae80255e490)
0x00002ae80255e490:   000000000024f61d 000000000022d4b7
0x00002ae80255e4a0:   00002ae8523c44b7 ade6900001a5317e
0x00002ae80255e4b0:   00002ae8523dcfcf 00002ae8523dcfd0
0x00002ae80255e4c0:   00002ae8523e65ef 000000000000004d
0x00002ae80255e4d0:   00002ae8042d2fd0 000003e0000000a0
0x00002ae80255e4e0:   00002ae8523e661d 00002ae8042d9470
0x00002ae80255e4f0:   0000055400000000 00000000000002ab
0x00002ae80255e500:   0000054900000166 0000000000000011
0x00002ae80255e510:   d18d81a400000000 69736f7065720022
0x00002ae80255e520:   2e317a2f79726f74 1402014b50666667
0x00002ae80255e530:   4000080800000a03 662070e71d4104a1
0x00002ae80255e540:   1100000549000001 0000000000000000
0x00002ae80255e550:   22d32281a4000000 7469736f70657200
0x00002ae80255e560:   672e327a2f79726f 000006054b506666
0x00002ae80255e570:   2166055405540000 00000022d4b70002
0x00002ae80255e580:   0000000006054b50 0002216605540554
0x00002ae80255e590:   000000000022d4b7 000000365040e769
0x00002ae80255e5a0:   0000000000000000 0000000000000012
0x00002ae80255e5b0:   00002ae8042d4060 00002ae80255e648
0x00002ae80255e5c0:   00002ae8042db1f0 00002ae8042db1f0
0x00002ae80255e5d0:   00002ae80255e620 00002ae8029e55ea
0x00002ae80255e5e0:   00002ae8042d4060 00000148a2a93800
0x00002ae80255e5f0:   00002ae80255e620 00002ae8040081d8
0x00002ae80255e600:   00002ae80255e730 00002ae8042d4060
0x00002ae80255e610:   00002ae80255e648 00000148a2a93800
0x00002ae80255e620:   00002ae80255e680 00002ae8029e3c26
0x00002ae80255e630:   0000000000000000 00002ae800000000
0x00002ae80255e640:   00002ae80255e658 0000000000000000
0x00002ae80255e650:   00002ae808005fae 00000000b5c17b48
0x00002ae80255e660:   0000000000000000 00000000b5c17b48
0x00002ae80255e670:   00002ae80255e730 00002ae804008000
0x00002ae80255e680:   00002ae80255e6f8 00002ae808011790 

Instructions: (pc=0x00002ae8029e514e)
0x00002ae8029e512e:   01 f0 45 85 ff 89 42 04 0f 8e 5c 01 00 00 41 83
0x00002ae8029e513e:   ef 01 31 c9 4b 8d 54 3e 2f 89 c8 c1 e0 05 29 c8
0x00002ae8029e514e:   41 0f be 4d 00 49 83 c5 01 49 39 d5 8d 0c 08 75
0x00002ae8029e515e:   e8 89 c8 31 d2 f7 b5 28 ff ff ff 89 d0 48 c1 e0 

Register to memory mapping:

RAX=0x00000000783ef1a7 is an unknown value
RBX=0x00002ae8042db1f0 is an unknown value
RCX=