#
# A fatal error has been detected by the Java Runtime Environment:
#
#  SIGBUS (0x7) at pc=0x00002b5456059522, pid=17510, tid=47641215719168
#
# JRE version: 6.0_32-b32
# Java VM: OpenJDK 64-Bit Server VM (23.25-b01 mixed mode linux-amd64 compressed oops)
# Problematic frame:
# C  [libzip.so+0x4522]  ZIP_Lock+0x252
#
# Core dump written. Default location: /mmfs/automount/gpfs/homefs/sm/dw07r324/jobs/piterman.eq.macc.sp.ro.r/core or core.17510
#
# If you would like to submit a bug report, please include
# instructions how to reproduce the bug and visit:
#   http://icedtea.classpath.org/bugzilla
# The crash happened outside the Java Virtual Machine in native code.
# See problematic frame for where to report the bug.
#

---------------  T H R E A D  ---------------

Current thread (0x00002b5458008000):  JavaThread "main" [_thread_in_native, id=17511, stack(0x00002b5455ad5000,0x00002b5455bd6000)]

siginfo:si_signo=SIGBUS: si_errno=0, si_code=2 (BUS_ADRERR), si_addr=0x00002b54a63c6ecd

Registers:
RAX=0x00002b545844dd10, RBX=0x00002b54a63c6eb0, RCX=0x0000000000020000, RDX=0x0000000000000811
RSP=0x00002b5455bd1e30, RBP=0x00002b5455bd1e70, RSI=0x0000000000000002, RDI=0x0000000000000002
R8 =0x00002b5458000088, R9 =0x0000000000000001, R10=0x0000000000000040, R11=0x00002b5455305660
R12=0x00002b545844dd10, R13=0x00002b54582efde0, R14=0x00002b5455bd1ee0, R15=0x00002b545844dd10
RIP=0x00002b5456059522, EFLAGS=0x0000000000010202, CSGSFS=0x0000000000000033, ERR=0x0000000000000004
  TRAPNO=0x000000000000000e

Top of Stack: (sp=0x00002b5455bd1e30)
0x00002b5455bd1e30:   00002b54582efe90 00002b545524f05e
0x00002b5455bd1e40:   000000000000026c 00002b54582f4b1c
0x00002b5455bd1e50:   00002b54582efde0 00000000a85323d2
0x00002b5455bd1e60:   00002b5455bd1ee0 0000000000000030
0x00002b5455bd1e70:   00002b5455bd1ec0 00002b5456059ae2
0x00002b5455bd1e80:   00002b5458008000 00002b5458332210
0x00002b5455bd1e90:   00002b5455bd1f00 00002b54580081d8
0x00002b5455bd1ea0:   00002b5455bd1ee0 0000000000000030
0x00002b5455bd1eb0:   00002b5455bd23b8 00002b5455bd1ee0
0x00002b5455bd1ec0:   00002b5455bd2320 00002b5456058ae4
0x00002b5455bd1ed0:   0000003001008000 00002b54582efde0
0x00002b5455bd1ee0:   2f73657373616c63 727676732f67726f
0x00002b5455bd1ef0:   632f6c616f672f6c 2f7475612f65726f
0x00002b5455bd1f00:   4163697373616c43 7373616c632e6363
0x00002b5455bd1f10:   00002b5455bd1f00 0000000400000000
0x00002b5455bd1f20:   00002b54ac5b1bc8 00000000eb7931d8
0x00002b5455bd1f30:   00002b5455bd1f60 00002b5458008000
0x00002b5455bd1f40:   00000000b5cc4b00 000000000000001a
0x00002b5455bd1f50:   00002b5458008000 00000000b5cc4b00
0x00002b5455bd1f60:   00002b5455bd1fc0 00002b54550995f2
0x00002b5455bd1f70:   00002b5458008000 3432337237307764
0x00002b5455bd1f80:   00002b5458008000 3830343130322d4c
0x00002b5455bd1f90:   2d66706a2e2f3830 00000000000000bd
0x00002b5455bd1fa0:   0000000000000000 00002b5458008000
0x00002b5455bd1fb0:   00002b5455bd2000 00002b5400000000
0x00002b5455bd1fc0:   00000000b5cc8c58 00002b0000000061
0x00002b5455bd1fd0:   00000000b5bdfef5 00000000eb796430
0x00002b5455bd1fe0:   00002b5455bd1fe0 00000000b5cc69cb
0x00002b5455bd1ff0:   00002b5455bd2040 00002b54ac5b1bb8
0x00002b5455bd2000:   0000000000000000 0000000000000001
0x00002b5455bd2010:   00002b5458008000 ffffffffffffffff
0x00002b5455bd2020:   00002b5455bd2090 00002b5455055a03 

Instructions: (pc=0x00002b5456059522)
0x00002b5456059502:   00 00 00 00 00 48 c7 40 30 00 00 00 00 48 c7 40
0x00002b5456059512:   28 00 00 00 00 8b 5b 04 49 2b 5d 28 49 03 5d 18
0x00002b5456059522:   44 0f b6 73 1d 0f b6 43 1c 41 c1 e6 08 41 09 c6
0x00002b5456059532:   0f b6 43 1e 88 45 ce 0f b6 43 1f 88 45 cf 0f b6 

Register to memory mapping:

RAX=0x00002b545844dd10 is an unknown value
RBX=0x00002b54a63c6eb0 is an unknown value
RCX=0x0000000000020000 is an unknown value
RDX=0x0000000000000811 is an unknown value
RSP=0x00002b5455bd1e30 is pointing into the stack for thread: 0x00002b5458008000
RBP=0x00002b5455bd1e70 is pointing into the stack for thread: 0x00002b5458008000
RSI=0x0000000000000002 is an unknown value
RDI=0x0000000000000002 is an unknown value
R8 =0x00002b5458000088 is an unknown value
R9 =0x0000000000000001 is an unknown value
R10=0x0000000000000040 is an unknown value
R11=0x00002b5455305660: <offset 0x79f660> in /usr/lib/jvm/java-1.6.0-openjdk-1.6.0.0.x86_64/jre/lib/amd64/server/libjvm.so at 0x00002b5454b66000
R12=0x00002b545844dd10 is an unknown value
R13=0x00002b54582efde0 is an unknown value
R14=0x00002b5455bd1ee0 is pointing into the stack for thread: 0x00002b5458008000
R15=0x00002b545844dd10 is an unknown value


Stack: [0x00002b5455ad5000,0x00002b5455bd6000],  sp=0x00002b5455bd1e30,  free space=1011k
Native frames: (J=compiled Java code, j=interpreted, Vv=VM code, C=native code)
C  [libzip.so+0x4522]  ZIP_Lock+0x252
C  [libzip.so+0x4ae2]  ZIP_GetEntry+0xc2
C  [libzip.so+0x3ae4]  Java_java_util_zip_ZipFile_getEntry+0xc4
j  java.util.zip.ZipFile.getEntry(JLjava/lang/String;Z)J+0
j  java.util.zip.ZipFile.getEntry(Ljava/lang/String;)Ljava/util/zip/ZipEntry;+31
j  java.util.jar.JarFile.getEntry(Ljava/lang/String;)Ljava/util/zip/ZipEntry;+2
j  sun.net.www.protocol.jar.URLJarFile.getEntry(Ljava/lang/String;)Ljava/util/zip/ZipEntry;+2
j  sun.net.www.protocol.jar.JarURLConnection.connect()V+62
j  sun.net.www.protocol.jar.JarURLConnection.getInputStream()Ljava/io/InputStream;+1
j  sun.misc.URLClassPath$Loader.getResource(Ljava/lang/String;Z)Lsun/misc/Resource;+48
j  sun.misc.URLClassPath.getResource(Ljava/lang/String;Z)Lsun/misc/Resource;+53
j  java.net.URLClassLoader$1.run()Ljava/lang/Object;+26
v  ~StubRoutines::call_stub
V  [libjvm.so+0x537e3e]  AsyncGetCallTrace+0xd776e
V  [libjvm.so+0x536ad8]  AsyncGetCallTrace+0xd6408
V  [libjvm.so+0x597140]  JVM_DoPrivileged+0x400
j  java.security.AccessController.doPrivileged(Ljava/security/PrivilegedExceptionAction;Ljava/security/AccessControlContext;)Ljava/lang/Object;+0
j  java.net.URLClassLoader.findClass(Ljava/lang/String;)Ljava/lang/Class;+13
j  org.java.plugin.standard.StandardPluginClassLoader.loadLocalClass(Ljava/lang/String;ZLorg/java/plugin/standard/StandardPluginClassLoader;)Ljava/lang/Class;+97
j  org.java.plugin.standard.StandardPluginClassLoader.loadClass(Ljava/lang/String;Z)Ljava/lang/Class;+62
j  java.lang.ClassLoader.loadClass(Ljava/lang/String;)Ljava/lang/Class;+3
v  ~StubRoutines::call_stub
V  [libjvm.so+0x537e3e]  AsyncGetCallTrace+0xd776e
V  [libjvm.so+0x537222]  AsyncGetCallTrace+0xd6b52
V  [libjvm.so+0x5372f4]  AsyncGetCallTrace+0xd6c24
V  [libjvm.so+0x80084b]  JVM_handle_linux_signal+0xdf19b
V  [libjvm.so+0x800e0c]  JVM_handle_linux_signal+0xdf75c
V  [libjvm.so+0x802733]  JVM_handle_linux_signal+0xe1083
V  [libjvm.so+0x85c66f]  JVM_handle_linux_signal+0x13afbf
V  [libjvm.so+0x7c6ec9]  JVM_handle_linux_signal+0xa5819
V  [libjvm.so+0x7c7a43]  JVM_handle_linux_signal+0xa6393
V  [libjvm.so+0x7c7acd]  JVM_handle_linux_signal+0xa641d
V  [libjvm.so+0x85e50a]  JVM_handle_linux_signal+0x13ce5a
V  [libjvm.so+0x8615d7]  JVM_handle_linux_signal+0x13ff27
V  [libjvm.so+0x8649bd]  JVM_handle_linux_signal+0x14330d
V  [libjvm.so+0x864e53]  JVM_handle_linux_signal+0x1437a3
V  [libjvm.so+0x4f7406]  AsyncGetCallTrace+0x96d36
V  [libjvm.so+0x4f70df]  AsyncGetCallTrace+0x96a0f
V  [libjvm.so+0x4fb05f]  AsyncGetCallTrace+0x9a98f
V  [libjvm.so+0x4fb92a]  AsyncGetCallTrace+0x9b25a
V  [libjvm.so+0x533833]  AsyncGetCallTrace+0xd3163
j  org.svvrl.goal.core.io.GFFCodec.<init>()V+87
v  ~StubRoutines::call_stub
V  [libjvm.so+0x537e3e]  AsyncGetCallTrace+0xd776e
V  [libjvm.so+0x536ad8]  AsyncGetCallTrace+0xd6408
V  [libjvm.so+0x783da7]  JVM_handle_linux_signal+0x626f7
V  [libjvm.so+0x784a28]  JVM_handle_linux_signal+0x63378
V  [libjvm.so+0x58d342]  JVM_NewInstanceFromConstructor+0xe2
j  sun.reflect.NativeConstructorAccessorImpl.newInstance0(Ljava/lang/reflect/Constructor;[Ljava/lang/Object;)Ljava/lang/Object;+0
j  sun.reflect.NativeConstructorAccessorImpl.newInstance([Ljava/lang/Object;)Ljava/lang/Object;+72
j  sun.reflect.DelegatingConstructorAccessorImpl.newInstance([Ljava/lang/Object;)Ljava/lang/Object;+5
j  java.lang.reflect.Constructor.newInstance([Ljava/lang/Object;)Ljava/lang/Object;+91
j  java.lang.Class.newInstance()Ljava/lang/Object;+132
j  org.svvrl.goal.core.CorePlugin.newInstance(Ljava/lang/Class;)Ljava/lang/Object;+3
j  org.svvrl.goal.core.CorePlugin.loadCodecs()V+92
j  org.svvrl.goal.core.CorePlugin.initApplication(Lorg/java/plugin/util/ExtendedProperties;[Ljava/lang/String;)Lorg/java/plugin/boot/Application;+150
j  org.java.plugin.boot.DefaultApplicationInitializer.initApplication(Lorg/java/plugin/boot/BootErrorHandler;[Ljava/lang/String;)Lorg/java/plugin/boot/Application;+530
j  org.java.plugin.boot.Boot.initApplication(Lorg/java/plugin/boot/BootErrorHandler;Lorg/java/plugin/util/ExtendedProperties;[Ljava/lang/String;)Lorg/java/plugin/boot/Application;+157
j  org.java.plugin.boot.Boot.boot(Lorg/java/plugin/util/ExtendedProperties;ZLjava/lang/String;Lorg/java/plugin/boot/BootErrorHandler;[Ljava/lang/String;)Lorg/java/plugin/boot/Application;+338
j  org.java.plugin.boot.Boot.main([Ljava/lang/String;)V+162
v  ~StubRoutines::call_stub
V  [libjvm.so+0x537e3e]  AsyncGetCallTrace+0xd776e
V  [libjvm.so+0x536ad8]  AsyncGetCallTrace+0xd6408
V  [libjvm.so+0x5452a7]  JNI_CreateJavaVM+0x12e7
V  [libjvm.so+0x55a4eb]  JNI_CreateJavaVM+0x1652b
C  [java+0x374d]  JavaMain+0xd0d

Java frames: (J=compiled Java code, j=interpreted, Vv=VM code)
j  java.util.zip.ZipFile.getEntry(JLjava/lang/String;Z)J+0
j  java.util.zip.ZipFile.getEntry(Ljava/lang/String;)Ljava/util/zip/ZipEntry;+31
j  java.util.jar.JarFile.getEntry(Ljava/lang/String;)Ljava/util/zip/ZipEntry;+2
j  sun.net.www.protocol.jar.URLJarFile.getEntry(Ljava/lang/String;)Ljava/util/zip/ZipEntry;+2
j  sun.net.www.protocol.jar.JarURLConnection.connect()V+62
j  sun.net.www.protocol.jar.JarURLConnection.getInputStream()Ljava/io/InputStream;+1
j  sun.misc.URLClassPath$Loader.getResource(Ljava/lang/String;Z)Lsun/misc/Resource;+48
j  sun.misc.URLClassPath.getResource(Ljava/lang/String;Z)Lsun/misc/Resource;+53
j  java.net.URLClassLoader$1.run()Ljava/lang/Object;+26
v  ~StubRoutines::call_stub
j  java.security.AccessController.doPrivileged(Ljava/security/PrivilegedExceptionAction;Ljava/security/AccessControlContext;)Ljava/lang/Object;+0
j  java.net.URLClassLoader.findClass(Ljava/lang/String;)Ljava/lang/Class;+13
j  org.java.plugin.standard.StandardPluginClassLoader.loadLocalClass(Ljava/lang/String;ZLorg/java/plugin/standard/StandardPluginClassLoader;)Ljava/lang/Class;+97
j  org.java.plugin.standard.StandardPluginClassLoader.loadClass(Ljava/lang/String;Z)Ljava/lang/Class;+62
j  java.lang.ClassLoader.loadClass(Ljava/lang/String;)Ljava/lang/Class;+3
v  ~StubRoutines::call_stub
j  org.svvrl.goal.core.io.GFFCodec.<init>()V+87
v  ~StubRoutines::call_stub
j  sun.reflect.NativeConstructorAccessorImpl.newInstance0(Ljava/lang/reflect/Constructor;[Ljava/lang/Object;)Ljava/lang/Object;+0
j  sun.reflect.NativeConstructorAccessorImpl.newInstance([Ljava/lang/Object;)Ljava/lang/Object;+72
j  sun.reflect.DelegatingConstructorAccessorImpl.newInstance([Ljava/lang/Object;)Ljava/lang/Object;+5
j  java.lang.reflect.Constructor.newInstance([Ljava/lang/Object;)Ljava/lang/Object;+91
j  java.lang.Class.newInstance()Ljava/lang/Object;+132
j  org.svvrl.goal.core.CorePlugin.newInstance(Ljava/lang/Class;)Ljava/lang/Object;+3
j  org.svvrl.goal.core.CorePlugin.loadCodecs()V+92
j  org.svvrl.goal.core.CorePlugin.initApplication(Lorg/java/plugin/util/ExtendedProperties;[Ljava/lang/String;)Lorg/java/plugin/boot/Application;+150
j  org.java.plugin.boot.DefaultApplicationInitializer.initApplication(Lorg/java/plugin/boot/BootErrorHandler;[Ljava/lang/String;)Lorg/java/plugin/boot/Application;+530
j  org.java.plugin.boot.Boot.initApplication(Lorg/java/plugin/boot/BootErrorHandler;Lorg/java/plugin/util/ExtendedProperties;[Ljava/lang/String;)Lorg/java/plugin/boot/Application;+157
j  org.java.plugin.boot.Boot.boot(Lorg/java/plugin/util/ExtendedProperties;ZLjava/lang/String;Lorg/java/plugin/boot/BootErrorHandler;[Ljava/lang/String;)Lorg/java/plugin/boot/Application;+338
j  org.java.plugin.boot.Boot.main([Ljava/lang/String;)V+162
v  ~StubRoutines::call_stub

---------------  P R O C E S S  ---------------

Java Threads: ( => current thread )
  0x00002b5458101800 JavaThread "Low Memory Detector" daemon [_thread_blocked, id=17526, stack(0x00002b54a6194000,0x00002b54a6295000)]
  0x00002b54580ff000 JavaThread "C2 CompilerThread1" daemon [_thread_blocked, id=17525, stack(0x00002b54a6093000,0x00002b54a6194000)]
  0x00002b54580fc800 JavaThread "C2 CompilerThread0" daemon [_thread_blocked, id=17524, stack(0x00002b54a5f92000,0x00002b54a6093000)]
  0x00002b54580fa000 JavaThread "Signal Dispatcher" daemon [_thread_blocked, id=17523, stack(0x00002b54a5e91000,0x00002b54a5f92000)]
  0x00002b54580ab800 JavaThread "Finalizer" daemon [_thread_blocked, id=17522, stack(0x00002b5494101000,0x00002b5494202000)]
  0x00002b54580a9800 JavaThread "Reference Handler" daemon [_thread_blocked, id=17521, stack(0x00002b5494000000,0x00002b5494101000)]
=>0x00002b5458008000 JavaThread "main" [_thread_in_native, id=17511, stack(0x00002b5455ad5000,0x00002b5455bd6000)]

Other Threads:
  0x00002b545809a800 VMThread [stack: 0x00002b5478d91000,0x00002b5478e92000] [id=17520]
  0x00002b545810c800 WatcherThread [stack: 0x00002b54a6295000,0x00002b54a6396000] [id=17527]

VM state:not at safepoint (normal execution)

VM Mutex/Monitor currently owned by a thread: None

Heap
 PSYoungGen      total 305856K, used 20976K [0x00000000eaab0000, 0x0000000100000000, 0x0000000100000000)
  eden space 262208K, 8% used [0x00000000eaab0000,0x00000000ebf2c398,0x00000000faac0000)
  from space 43648K, 0% used [0x00000000fd560000,0x00000000fd560000,0x0000000100000000)
  to   space 43648K, 0% used [0x00000000faac0000,0x00000000faac0000,0x00000000fd560000)
 ParOldGen       total 699072K, used 0K [0x00000000c0000000, 0x00000000eaab0000, 0x00000000eaab0000)
  object space 699072K, 0% used [0x00000000c0000000,0x00000000c0000000,0x00000000eaab0000)
 PSPermGen       total 21248K, used 6439K [0x00000000b5a00000, 0x00000000b6ec0000, 0x00000000c0000000)
  object space 21248K, 30% used [0x00000000b5a00000,0x00000000b6049d90,0x00000000b6ec0000)

Card table byte_map: [0x00002b545f0c0000,0x00002b545f314000] byte_map_base: 0x00002b545eb13000

Polling page: 0x00002b5456016000

Code Cache  [0x00002b545c000000, 0x00002b545c270000, 0x00002b545f000000)
 total_blobs=321 nmethods=106 adapters=168 free_code_cache=48372Kb largest_free_block=49486784

Compilation events (10 events):
Event: 1.262 Thread 0x00002b54580fc800  101             org.java.plugin.registry.xml.ExtensionPointImpl$ParameterDefinitionImpl::getMultiplicity (8 bytes)
Event: 1.262 Thread 0x00002b54580fc800 nmethod 101 0x00002b545c0a0690 code [0x00002b545c0a07c0, 0x00002b545c0a0838]
Event: 1.262 Thread 0x00002b54580fc800  102             org.java.plugin.registry.xml.ModelParameterDef::getMultiplicity (5 bytes)
Event: 1.263 Thread 0x00002b54580fc800 nmethod 102 0x00002b545c09f290 code [0x00002b545c09f3c0, 0x00002b545c09f418]
Event: 1.646 Thread 0x00002b54580fc800  103             java.io.UnixFileSystem::normalize (75 bytes)
Event: 1.651 Thread 0x00002b54580fc800 nmethod 103 0x00002b545c09bf10 code [0x00002b545c09c060, 0x00002b545c09c2b8]
Event: 1.652 Thread 0x00002b54580fc800  104   !         sun.nio.cs.US_ASCII$Decoder::decodeArrayLoop (241 bytes)
Event: 1.661 Thread 0x00002b54580ff000 nmethod 88 0x00002b545c0b7550 code [0x00002b545c0b7de0, 0x00002b545c0be1c8]
Event: 1.669 Thread 0x00002b54580fc800 nmethod 104 0x00002b545c0b6290 code [0x00002b545c0b6440, 0x00002b545c0b6c88]
Event: 1.685 Thread 0x00002b54580ff000  105             sun.net.www.ParseUtil::encodePath (336 bytes)

GC Heap History (0 events):
No events

Deoptimization events (9 events):
Event: 0.265 Thread 0x00002b5458008000 Uncommon trap -34 fr.pc 0x00002b545c05ea30
Event: 0.266 Thread 0x00002b5458008000 Uncommon trap -34 fr.pc 0x00002b545c05ea30
Event: 0.343 Thread 0x00002b5458008000 Uncommon trap -12 fr.pc 0x00002b545c06546c
Event: 0.955 Thread 0x00002b5458008000 Uncommon trap -58 fr.pc 0x00002b545c085920
Event: 0.955 Thread 0x00002b5458008000 Uncommon trap -58 fr.pc 0x00002b545c085920
Event: 0.955 Thread 0x00002b5458008000 Uncommon trap -58 fr.pc 0x00002b545c085920
Event: 0.955 Thread 0x00002b5458008000 Uncommon trap -58 fr.pc 0x00002b545c085920
Event: 1.658 Thread 0x00002b5458008000 Uncommon trap -34 fr.pc 0x00002b545c05ea30
Event: 1.658 Thread 0x00002b5458008000 Uncommon trap -34 fr.pc 0x00002b545c05ea30

Internal exceptions (10 events):
Event: 1.678 Thread 0x00002b5458008000 Threw 0x00000000eb73fec8 at /builddir/build/BUILD/icedtea6-1.13.4/openjdk/hotspot/src/share/vm/prims/jvm.cpp:1235
Event: 1.679 Thread 0x00002b5458008000 Threw 0x00000000eb745898 at /builddir/build/BUILD/icedtea6-1.13.4/openjdk/hotspot/src/share/vm/classfile/systemDictionary.cpp:179
Event: 1.679 Thread 0x00002b5458008000 Threw 0x00000000eb745c08 at /builddir/build/BUILD/icedtea6-1.13.4/openjdk/hotspot/src/share/vm/prims/jvm.cpp:1235
Event: 1.679 Thread 0x00002b5458008000 Threw 0x00000000eb746028 at /builddir/build/BUILD/icedtea6-1.13.4/openjdk/hotspot/src/share/vm/prims/jvm.cpp:1235
Event: 1.680 Thread 0x00002b5458008000 Threw 0x00000000eb74ba28 at /builddir/build/BUILD/icedtea6-1.13.4/openjdk/hotspot/src/share/vm/classfile/systemDictionary.cpp:179
Event: 1.680 Thread 0x00002b5458008000 Threw 0x00000000eb74bd98 at /builddir/build/BUILD/icedtea6-1.13.4/openjdk/hotspot/src/share/vm/prims/jvm.cpp:1235
Event: 1.680 Thread 0x00002b5458008000 Threw 0x00000000eb74c1b8 at /builddir/build/BUILD/icedtea6-1.13.4/openjdk/hotspot/src/share/vm/prims/jvm.cpp:1235
Event: 1.681 Thread 0x00002b5458008000 Threw 0x00000000eb751c38 at /builddir/build/BUILD/icedtea6-1.13.4/openjdk/hotspot/src/share/vm/classfile/systemDictionary.cpp:179
Event: 1.681 Thread 0x00002b5458008000 Threw 0x00000000eb751fa8 at /builddir/build/BUILD/icedtea6-1.13.4/openjdk/hotspot/src/share/vm/prims/jvm.cpp:1235
Event: 1.681 Thread 0x00002b5458008000 Threw 0x00000000eb7523c8 at /builddir/build/BUILD/icedtea6-1.13.4/openjdk/hotspot/src/share/vm/prims/jvm.cpp:1235

Events (10 events):
Event: 1.677 loading class 0x00002b545830a240
Event: 1.677 loading class 0x00002b545830a240 done
Event: 1.678 loading class 0x00002b54583c9220
Event: 1.678 loading class 0x00002b54583c9220 done
Event: 1.679 loading class 0x00002b54583f88b0
Event: 1.679 loading class 0x00002b54583f88b0 done
Event: 1.680 loading class 0x00002b54583f8d20
Event: 1.680 loading class 0x00002b54583f8d20 done
Event: 1.681 loading class 0x00002b54583fb7d0
Event: 1.681 loading class 0x00002b54583fb7d0 done


Dynamic libraries:
00400000-00409000 r-xp 00000000 fd:01 5993                               /usr/lib/jvm/java-1.6.0-openjdk-1.6.0.0.x86_64/jre/bin/java
00608000-0060a000 rw-p 00008000 fd:01 5993                               /usr/lib/jvm/java-1.6.0-openjdk-1.6.0.0.x86_64/jre/bin/java
0215e000-0217f000 rw-p 00000000 00:00 0                                  [heap]
b5a00000-b6ec0000 rw-p 00000000 00:00 0 
b6ec0000-c0000000 rw-p 00000000 00:00 0 
c0000000-100000000 rw-p 00000000 00:00 0 
364f800000-364f820000 r-xp 00000000 fd:01 130582                         /lib64/ld-2.12.so
364fa1f000-364fa20000 r--p 0001f000 fd:01 130582                         /lib64/ld-2.12.so
364fa20000-364fa21000 rw-p 00020000 fd:01 130582                         /lib64/ld-2.12.so
364fa21000-364fa22000 rw-p 00000000 00:00 0 
364fc00000-364fd8a000 r-xp 00000000 fd:01 130613                         /lib64/libc-2.12.so
364fd8a000-364ff8a000 ---p 0018a000 fd:01 130613                         /lib64/libc-2.12.so
364ff8a000-364ff8e000 r--p 0018a000 fd:01 130613                         /lib64/libc-2.12.so
364ff8e000-364ff8f000 rw-p 0018e000 fd:01 130613                         /lib64/libc-2.12.so
364ff8f000-364ff94000 rw-p 00000000 00:00 0 
3650000000-3650004000 r-xp 00000000 fd:01 13573                          /usr/lib/jvm/java-1.6.0-openjdk-1.6.0.0.x86_64/jre/lib/amd64/jli/libjli.so
3650004000-3650203000 ---p 00004000 fd:01 13573                          /usr/lib/jvm/java-1.6.0-openjdk-1.6.0.0.x86_64/jre/lib/amd64/jli/libjli.so
3650203000-3650204000 rw-p 00003000 fd:01 13573                          /usr/lib/jvm/java-1.6.0-openjdk-1.6.0.0.x86_64/jre/lib/amd64/jli/libjli.so
3650400000-3650417000 r-xp 00000000 fd:01 130636                         /lib64/libpthread-2.12.so
3650417000-3650617000 ---p 00017000 fd:01 130636                         /lib64/libpthread-2.12.so
3650617000-3650618000 r--p 00017000 fd:01 130636                         /lib64/libpthread-2.12.so
3650618000-3650619000 rw-p 00018000 fd:01 130636                         /lib64/libpthread-2.12.so
3650619000-365061d000 rw-p 00000000 00:00 0 
3650800000-3650802000 r-xp 00000000 fd:01 130624                         /lib64/libdl-2.12.so
3650802000-3650a02000 ---p 00002000 fd:01 130624                         /lib64/libdl-2.12.so
3650a02000-3650a03000 r--p 00002000 fd:01 130624                         /lib64/libdl-2.12.so
3650a03000-3650a04000 rw-p 00003000 fd:01 130624                         /lib64/libdl-2.12.so
3650c00000-3650c15000 r-xp 00000000 fd:01 130638                         /lib64/libz.so.1.2.3
3650c15000-3650e14000 ---p 00015000 fd:01 130638                         /lib64/libz.so.1.2.3
3650e14000-3650e15000 r--p 00014000 fd:01 130638                         /lib64/libz.so.1.2.3
3650e15000-3650e16000 rw-p 00015000 fd:01 130638                         /lib64/libz.so.1.2.3
3651000000-3651007000 r-xp 00000000 fd:01 132701                         /lib64/librt-2.12.so
3651007000-3651206000 ---p 00007000 fd:01 132701                         /lib64/librt-2.12.so
3651206000-3651207000 r--p 00006000 fd:01 132701                         /lib64/librt-2.12.so
3651207000-3651208000 rw-p 00007000 fd:01 132701                         /lib64/librt-2.12.so
3651800000-3651816000 r-xp 00000000 fd:01 133662                         /lib64/libgcc_s-4.4.7-20120601.so.1
3651816000-3651a15000 ---p 00016000 fd:01 133662                         /lib64/libgcc_s-4.4.7-20120601.so.1
3651a15000-3651a16000 rw-p 00015000 fd:01 133662                         /lib64/libgcc_s-4.4.7-20120601.so.1
3653000000-36530e8000 r-xp 00000000 fd:01 49938                          /usr/lib64/libstdc++.so.6.0.13
36530e8000-36532e8000 ---p 000e8000 fd:01 49938                          /usr/lib64/libstdc++.so.6.0.13
36532e8000-36532ef000 r--p 000e8000 fd:01 49938                          /usr/lib64/libstdc++.so.6.0.13
36532ef000-36532f1000 rw-p 000ef000 fd:01 49938                          /usr/lib64/libstdc++.so.6.0.13
36532f1000-3653306000 rw-p 00000000 00:00 0 
365c200000-365c216000 r-xp 00000000 fd:01 137559                         /lib64/libnsl-2.12.so
365c216000-365c415000 ---p 00016000 fd:01 137559                         /lib64/libnsl-2.12.so
365c415000-365c416000 r--p 00015000 fd:01 137559                         /lib64/libnsl-2.12.so
365c416000-365c417000 rw-p 00016000 fd:01 137559                         /lib64/libnsl-2.12.so
365c417000-365c419000 rw-p 00000000 00:00 0 
2b5454b4b000-2b5454b4c000 rw-p 00000000 00:00 0 
2b5454b62000-2b5454b66000 rw-p 00000000 00:00 0 
2b5454b66000-2b5455571000 r-xp 00000000 fd:01 23213                      /usr/lib/jvm/java-1.6.0-openjdk-1.6.0.0.x86_64/jre/lib/amd64/server/libjvm.so
2b5455571000-2b5455771000 ---p 00a0b000 fd:01 23213                      /usr/lib/jvm/java-1.6.0-openjdk-1.6.0.0.x86_64/jre/lib/amd64/server/libjvm.so
2b5455771000-2b5455812000 rw-p 00a0b000 fd:01 23213                      /usr/lib/jvm/java-1.6.0-openjdk-1.6.0.0.x86_64/jre/lib/amd64/server/libjvm.so
2b5455812000-2b545583b000 rw-p 00000000 00:00 0 
2b5455851000-2b54558d4000 r-xp 00000000 fd:01 130627                     /lib64/libm-2.12.so
2b54558d4000-2b5455ad3000 ---p 00083000 fd:01 130627                     /lib64/libm-2.12.so
2b5455ad3000-2b5455ad4000 r--p 00082000 fd:01 130627                     /lib64/libm-2.12.so
2b5455ad4000-2b5455ad5000 rw-p 00083000 fd:01 130627                     /lib64/libm-2.12.so
2b5455ad5000-2b5455ad8000 ---p 00000000 00:00 0 
2b5455ad8000-2b5455bd6000 rw-p 00000000 00:00 0 
2b5455bd6000-2b5455be4000 r-xp 00000000 fd:01 23207                      /usr/lib/jvm/java-1.6.0-openjdk-1.6.0.0.x86_64/jre/lib/amd64/libverify.so
2b5455be4000-2b5455de4000 ---p 0000e000 fd:01 23207                      /usr/lib/jvm/java-1.6.0-openjdk-1.6.0.0.x86_64/jre/lib/amd64/libverify.so
2b5455de4000-2b5455de6000 rw-p 0000e000 fd:01 23207                      /usr/lib/jvm/java-1.6.0-openjdk-1.6.0.0.x86_64/jre/lib/amd64/libverify.so
2b5455de6000-2b5455e13000 r-xp 00000000 fd:01 23159                      /usr/lib/jvm/java-1.6.0-openjdk-1.6.0.0.x86_64/jre/lib/amd64/libjava.so
2b5455e13000-2b5456012000 ---p 0002d000 fd:01 23159                      /usr/lib/jvm/java-1.6.0-openjdk-1.6.0.0.x86_64/jre/lib/amd64/libjava.so
2b5456012000-2b5456016000 rw-p 0002c000 fd:01 23159                      /usr/lib/jvm/java-1.6.0-openjdk-1.6.0.0.x86_64/jre/lib/amd64/libjava.so
2b5456016000-2b5456017000 r--p 00000000 00:00 0 
2b5456017000-2b5456018000 rw-p 00000000 00:00 0 
2b5456018000-2b545604d000 r--s 00000000 fd:02 128540                     /var/db/nscd/passwd
2b545604d000-2b5456055000 rw-s 00000000 fd:03 38                         /tmp/hsperfdata_dw07r324/17510
2b5456055000-2b545605c000 r-xp 00000000 fd:01 23208                      /usr/lib/jvm/java-1.6.0-openjdk-1.6.0.0.x86_64/jre/lib/amd64/libzip.so
2b545605c000-2b545625c000 ---p 00007000 fd:01 23208                      /usr/lib/jvm/java-1.6.0-openjdk-1.6.0.0.x86_64/jre/lib/amd64/libzip.so
2b545625c000-2b545625d000 rw-p 00007000 fd:01 23208                      /usr/lib/jvm/java-1.6.0-openjdk-1.6.0.0.x86_64/jre/lib/amd64/libzip.so
2b5458000000-2b5458487000 rw-p 00000000 00:00 0 
2b5458487000-2b545c000000 ---p 00000000 00:00 0 
2b545c000000-2b545c270000 rwxp 00000000 00:00 0 
2b545c270000-2b545f000000 rw-p 00000000 00:00 0 
2b545f000000-2b545f00a000 rw-p 00000000 00:00 0 
2b545f00a000-2b545f0c0000 rw-p 00000000 00:00 0 
2b545f0c0000-2b545f0cb000 rw-p 00000000 00:00 0 
2b545f0cb000-2b545f113000 rw-p 00000000 00:00 0 
2b545f113000-2b545f475000 rw-p 00000000 00:00 0 
2b545f475000-2b545f4bd000 rw-p 00000000 00:00 0 
2b545f4bd000-2b545f4be000 ---p 00000000 00:00 0 
2b545f4be000-2b545f5be000 rw-p 00000000 00:00 0 
2b545f5be000-2b545f5bf000 ---p 00000000 00:00 0 
2b545f5bf000-2b545f6bf000 rw-p 00000000 00:00 0 
2b545f6bf000-2b545f6c0000 ---p 00000000 00:00 0 
2b545f6c0000-2b545f7c0000 rw-p 00000000 00:00 0 
2b545f7c0000-2b545f7c1000 ---p 00000000 00:00 0 
2b545f7c1000-2b545f8c1000 rw-p 00000000 00:00 0 
2b545f8c1000-2b545f8c2000 ---p 00000000 00:00 0 
2b545f8c2000-2b545f9c2000 rw-p 00000000 00:00 0 
2b545f9c2000-2b545f9c3000 ---p 00000000 00:00 0 
2b545f9c3000-2b545fac3000 rw-p 00000000 00:00 0 
2b545fac3000-2b545fac4000 ---p 00000000 00:00 0 
2b545fac4000-2b545fbc4000 rw-p 00000000 00:00 0 
2b545fbc4000-2b545fbc5000 ---p 00000000 00:00 0 
2b545fbc5000-2b545fcc5000 rw-p 00000000 00:00 0 
2b5460000000-2b5460021000 rw-p 00000000 00:00 0 
2b5460021000-2b5464000000 ---p 00000000 00:00 0 
2b5464000000-2b5464021000 rw-p 00000000 00:00 0 
2b5464021000-2b5468000000 ---p 00000000 00:00 0 
2b5468000000-2b5468021000 rw-p 00000000 00:00 0 
2b5468021000-2b546c000000 ---p 00000000 00:00 0 
2b546c000000-2b546c021000 rw-p 00000000 00:00 0 
2b546c021000-2b5470000000 ---p 00000000 00:00 0 
2b5470000000-2b5472ea4000 rw-p 00000000 00:00 0 
2b5472ea4000-2b547303a000 r--s 01a15000 fd:01 23288                      /usr/lib/jvm/java-1.6.0-openjdk-1.6.0.0.x86_64/jre/lib/rt.jar
2b547303a000-2b5473f20000 rw-p 00000000 00:00 0 
2b5474000000-2b5474021000 rw-p 00000000 00:00 0 
2b5474021000-2b5478000000 ---p 00000000 00:00 0 
2b5478000000-2b5478d91000 rw-p 00000000 00:00 0 
2b5478d91000-2b5478d92000 ---p 00000000 00:00 0 
2b5478d92000-2b5478e92000 rw-p 00000000 00:00 0 
2b547c000000-2b547c021000 rw-p 00000000 00:00 0 
2b547c021000-2b5480000000 ---p 00000000 00:00 0 
2b5484000000-2b5484021000 rw-p 00000000 00:00 0 
2b5484021000-2b5488000000 ---p 00000000 00:00 0 
2b548c000000-2b548c021000 rw-p 00000000 00:00 0 
2b548c021000-2b5490000000 ---p 00000000 00:00 0 
2b5490000000-2b5490021000 rw-p 00000000 00:00 0 
2b5490021000-2b5494000000 ---p 00000000 00:00 0 
2b5494000000-2b5494003000 ---p 00000000 00:00 0 
2b5494003000-2b5494101000 rw-p 00000000 00:00 0 
2b5494101000-2b5494104000 ---p 00000000 00:00 0 
2b5494104000-2b5494202000 rw-p 00000000 00:00 0 
2b5498000000-2b5498021000 rw-p 00000000 00:00 0 
2b5498021000-2b549c000000 ---p 00000000 00:00 0 
2b549c000000-2b549c021000 rw-p 00000000 00:00 0 
2b549c021000-2b54a0000000 ---p 00000000 00:00 0 
2b54a0000000-2b54a5e91000 r--p 00000000 fd:01 49935                      /usr/lib/locale/locale-archive
2b54a5e91000-2b54a5e94000 ---p 00000000 00:00 0 
2b54a5e94000-2b54a5f92000 rw-p 00000000 00:00 0 
2b54a5f92000-2b54a5f95000 ---p 00000000 00:00 0 
2b54a5f95000-2b54a6093000 rw-p 00000000 00:00 0 
2b54a6093000-2b54a6096000 ---p 00000000 00:00 0 
2b54a6096000-2b54a6194000 rw-p 00000000 00:00 0 
2b54a6194000-2b54a6197000 ---p 00000000 00:00 0 
2b54a6197000-2b54a6295000 rw-p 00000000 00:00 0 
2b54a6295000-2b54a6296000 ---p 00000000 00:00 0 
2b54a6296000-2b54a6396000 rw-p 00000000 00:00 0 
2b54a6396000-2b54a6398000 r--s 00009000 00:35 125760574                  /mmfs/automount/gpfs/homefs/sm/dw07r324/bin/GOAL-20140808/lib/jpf-boot.jar
2b54a6398000-2b54a639b000 r--s 0000f000 fd:01 23233                      /usr/lib/jvm/java-1.6.0-openjdk-1.6.0.0.x86_64/jre/lib/ext/pulse-java.jar
2b54a639b000-2b54a63a4000 r--s 00065000 fd:01 23228                      /usr/lib/jvm/java-1.6.0-openjdk-1.6.0.0.x86_64/jre/lib/ext/gnome-java-bridge.jar
2b54a63a4000-2b54a63a6000 r--s 00009000 00:35 125760574                  /mmfs/automount/gpfs/homefs/sm/dw07r324/bin/GOAL-20140808/lib/jpf-boot.jar
2b54a63a6000-2b54a63aa000 r--s 0003c000 fd:01 14238                      /usr/lib/jvm/java-1.6.0-openjdk-1.6.0.0.x86_64/jre/lib/jsse.jar
2b54a63aa000-2b54a63af000 r--s 0002d000 00:35 125760577                  /mmfs/automount/gpfs/homefs/sm/dw07r324/bin/GOAL-20140808/lib/jpf.jar
2b54a63af000-2b54a63b1000 r--s 0000d000 00:35 125760571                  /mmfs/automount/gpfs/homefs/sm/dw07r324/bin/GOAL-20140808/lib/commons-logging.jar
2b54a63b1000-2b54a63b3000 r--s 00012000 00:35 125760576                  /mmfs/automount/gpfs/homefs/sm/dw07r324/bin/GOAL-20140808/lib/jpf-tools.jar
2b54a63b3000-2b54a63ba000 r--s 00039000 00:35 125760578                  /mmfs/automount/gpfs/homefs/sm/dw07r324/bin/GOAL-20140808/lib/jxp.jar
2b54a63ba000-2b54a63bc000 r--s 00004000 00:35 125760570                  /mmfs/automount/gpfs/homefs/sm/dw07r324/bin/GOAL-20140808/lib/AppleJavaExtensions.jar
2b54a63bc000-2b54a63c1000 r--s 0002a000 00:35 125760572                  /mmfs/automount/gpfs/homefs/sm/dw07r324/bin/GOAL-20140808/lib/gson-2.2.2.jar
2b54a63c1000-2b54a63c4000 r--s 0001a000 00:35 125760579                  /mmfs/automount/gpfs/homefs/sm/dw07r324/bin/GOAL-20140808/lib/minijdd_104.jar
2b54a63c4000-2b54a63e7000 r--s 0022d000 00:35 70524590                   /mmfs/automount/gpfs/homefs/sm/dw07r324/bin/GOAL-20140808/.jpf-shadow/org.svvrl.goal.core@2014.8.8.zip
2b54a63e7000-2b54a648a000 r-xp 00000000 fd:01 13434                      /usr/lib/jvm/java-1.6.0-openjdk-1.6.0.0.x86_64/jre/lib/amd64/libawt.so
2b54a648a000-2b54a668a000 ---p 000a3000 fd:01 13434                      /usr/lib/jvm/java-1.6.0-openjdk-1.6.0.0.x86_64/jre/lib/amd64/libawt.so
2b54a668a000-2b54a6696000 rw-p 000a3000 fd:01 13434                      /usr/lib/jvm/java-1.6.0-openjdk-1.6.0.0.x86_64/jre/lib/amd64/libawt.so
2b54a6696000-2b54a66ba000 rw-p 00000000 00:00 0 
2b54a66ba000-2b54a66c0000 r-xp 00000000 fd:01 8525                       /usr/lib/jvm/java-1.6.0-openjdk-1.6.0.0.x86_64/jre/lib/amd64/headless/libmawt.so
2b54a66c0000-2b54a68bf000 ---p 00006000 fd:01 8525                       /usr/lib/jvm/java-1.6.0-openjdk-1.6.0.0.x86_64/jre/lib/amd64/headless/libmawt.so
2b54a68bf000-2b54a68c0000 rw-p 00005000 fd:01 8525                       /usr/lib/jvm/java-1.6.0-openjdk-1.6.0.0.x86_64/jre/lib/amd64/headless/libmawt.so
2b54a68c0000-2b54a68c2000 rw-p 00000000 00:00 0 
2b54a8000000-2b54a8021000 rw-p 00000000 00:00 0 
2b54a8021000-2b54ac000000 ---p 00000000 00:00 0 
2b54ac000000-2b54acec0000 rw-p 00000000 00:00 0 
2b54acec0000-2b54b0000000 ---p 00000000 00:00 0 
2b54b0000000-2b54b116f000 rw-p 00000000 00:00 0 
2b54b116f000-2b54b4000000 ---p 00000000 00:00 0 
2b54b4000000-2b54b4021000 rw-p 00000000 00:00 0 
2b54b4021000-2b54b8000000 ---p 00000000 00:00 0 
2b54b8000000-2b54b8021000 rw-p 00000000 00:00 0 
2b54b8021000-2b54bc000000 ---p 00000000 00:00 0 
7fffe7d92000-7fffe7dc9000 rw-p 00000000 00:00 0                          [stack]
7fffe7dff000-7fffe7e00000 r-xp 00000000 00:00 0                          [vdso]
ffffffffff600000-ffffffffff601000 r-xp 00000000 00:00 0                  [vsyscall]

VM Arguments:
jvm_args: -Xmx1G -Xms1G -DapplicationRoot=/home/ubelix/sm/dw07r324/bin/GOAL-20140808 -Dorg.java.plugin.boot.pluginsRepositories=/home/ubelix/sm/dw07r324/bin/GOAL-20140808/plugins -Djpf.boot.config=/home/ubelix/sm/dw07r324/bin/GOAL-20140808/boot.properties -Dorg.apache.commons.logging.Log=org.apache.commons.logging.impl.SimpleLog -Dorg.apache.commons.logging.simplelog.log.org.java.plugin=fatal 
java_command: /home/ubelix/sm/dw07r324/bin/GOAL-20140808/lib/jpf-boot.jar complement -m piterman -eq -macc -sp -ro -r /scratch/local/8663605.1.all.q/test_set_s15/s15_t2.0_a1.0_035.gff
Launcher Type: SUN_STANDARD

Environment Variables:
CLASSPATH=/home/ubelix/sm/dw07r324/bin/GOAL-20140808:/home/ubelix/sm/dw07r324/bin/GOAL-20140808/plugins:/home/ubelix/sm/dw07r324/bin/GOAL-20140808/lib:
PATH=/scratch/local/8663605.1.all.q:/usr/lib64/qt-3.3/bin:/usr/local/bin:/bin:/usr/bin:/usr/local/sbin:/usr/sbin:/sbin:/usr/lpp/mmfs/bin:/home/ubelix/sm/dw07r324/bin/GOAL-20140808:/home/ubelix/sm/dw07r324/bin/gnu_time/bin:/usr/lpp/mmfs/bin
LD_LIBRARY_PATH=/usr/lib/jvm/java-1.6.0-openjdk-1.6.0.0.x86_64/jre/lib/amd64/server:/usr/lib/jvm/java-1.6.0-openjdk-1.6.0.0.x86_64/jre/lib/amd64:/usr/lib/jvm/java-1.6.0-openjdk-1.6.0.0.x86_64/jre/../lib/amd64
SHELL=/bin/bash

Signal Handlers:
SIGSEGV: [libjvm.so+0x870a40], sa_mask[0]=0x7ffbfeff, sa_flags=0x10000004
SIGBUS: [libjvm.so+0x870a40], sa_mask[0]=0x7ffbfeff, sa_flags=0x10000004
SIGFPE: [libjvm.so+0x719240], sa_mask[0]=0x7ffbfeff, sa_flags=0x10000004
SIGPIPE: [libjvm.so+0x719240], sa_mask[0]=0x7ffbfeff, sa_flags=0x10000004
SIGXFSZ: [libjvm.so+0x719240], sa_mask[0]=0x7ffbfeff, sa_flags=0x10000004
SIGILL: [libjvm.so+0x719240], sa_mask[0]=0x7ffbfeff, sa_flags=0x10000004
SIGUSR1: SIG_DFL, sa_mask[0]=0x00000000, sa_flags=0x00000000
SIGUSR2: [libjvm.so+0x718d60], sa_mask[0]=0x00000000, sa_flags=0x10000004
SIGHUP: [libjvm.so+0x71bdf0], sa_mask[0]=0x7ffbfeff, sa_flags=0x10000004
SIGINT: [libjvm.so+0x71bdf0], sa_mask[0]=0x7ffbfeff, sa_flags=0x10000004
SIGTERM: [libjvm.so+0x71bdf0], sa_mask[0]=0x7ffbfeff, sa_flags=0x10000004
SIGQUIT: [libjvm.so+0x71bdf0], sa_mask[0]=0x7ffbfeff, sa_flags=0x10000004


---------------  S Y S T E M  ---------------

OS:Red Hat Enterprise Linux ComputeNode release 6.5 (Santiago)

uname:Linux 2.6.32-431.29.2.el6.x86_64 #1 SMP Sun Jul 27 15:55:46 EDT 2014 x86_64
libc:glibc 2.12 NPTL 2.12 
rlimit: STACK infinity, CORE infinity, NPROC 127431, NOFILE 4096, AS 8388608k
load average:3.40 3.76 4.00

/proc/meminfo:
MemTotal:       16331612 kB
MemFree:         5059440 kB
Buffers:           14172 kB
Cached:          6111968 kB
SwapCached:           88 kB
Active:          2808964 kB
Inactive:        3779680 kB
Active(anon):     399148 kB
Inactive(anon):    63548 kB
Active(file):    2409816 kB
Inactive(file):  3716132 kB
Unevictable:     4082900 kB
Mlocked:         4082900 kB
SwapTotal:       8388604 kB
SwapFree:        8388380 kB
Dirty:                76 kB
Writeback:             0 kB
AnonPages:       4545184 kB
Mapped:            98744 kB
Shmem:               192 kB
Slab:             376332 kB
SReclaimable:     308900 kB
SUnreclaim:        67432 kB
KernelStack:        4712 kB
PageTables:        16612 kB
NFS_Unstable:          0 kB
Bounce:                0 kB
WritebackTmp:          0 kB
CommitLimit:    16554408 kB
Committed_AS:    6812752 kB
VmallocTotal:   34359738367 kB
VmallocUsed:      109412 kB
VmallocChunk:   34351234244 kB
HardwareCorrupted:     0 kB
AnonHugePages:         0 kB
HugePages_Total:       0
HugePages_Free:        0
HugePages_Rsvd:        0
HugePages_Surp:        0
Hugepagesize:       2048 kB
DirectMap4k:        9920 kB
DirectMap2M:     2086912 kB
DirectMap1G:    14680064 kB


CPU:total 8 (4 cores per cpu, 1 threads per core) family 16 model 2 stepping 3, cmov, cx8, fxsr, mmx, sse, sse2, sse3, popcnt, mmxext, 3dnowpref, lzcnt, sse4a, tsc, tscinvbit, tscinv

/proc/cpuinfo:
processor	: 0
vendor_id	: AuthenticAMD
cpu family	: 16
model		: 2
model name	: Quad-Core AMD Opteron(tm) Processor 2354
stepping	: 3
cpu MHz		: 2200.000
cache size	: 512 KB
physical id	: 0
siblings	: 4
core id		: 0
cpu cores	: 4
apicid		: 0
initial apicid	: 0
fpu		: yes
fpu_exception	: yes
cpuid level	: 5
wp		: yes
flags		: fpu vme de pse tsc msr pae mce cx8 apic sep mtrr pge mca cmov pat pse36 clflush mmx fxsr sse sse2 ht syscall nx mmxext fxsr_opt pdpe1gb rdtscp lm 3dnowext 3dnow constant_tsc rep_good nonstop_tsc extd_apicid pni monitor cx16 popcnt lahf_lm cmp_legacy svm extapic cr8_legacy abm sse4a misalignsse 3dnowprefetch osvw ibs npt lbrv svm_lock
bogomips	: 4422.88
TLB size	: 1024 4K pages
clflush size	: 64
cache_alignment	: 64
address sizes	: 48 bits physical, 48 bits virtual
power management: ts ttp tm stc 100mhzsteps hwpstate

processor	: 1
vendor_id	: AuthenticAMD
cpu family	: 16
model		: 2
model name	: Quad-Core AMD Opteron(tm) Processor 2354
stepping	: 3
cpu MHz		: 2200.000
cache size	: 512 KB
physical id	: 0
siblings	: 4
core id		: 1
cpu cores	: 4
apicid		: 1
initial apicid	: 1
fpu		: yes
fpu_exception	: yes
cpuid level	: 5
wp		: yes
flags		: fpu vme de pse tsc msr pae mce cx8 apic sep mtrr pge mca cmov pat pse36 clflush mmx fxsr sse sse2 ht syscall nx mmxext fxsr_opt pdpe1gb rdtscp lm 3dnowext 3dnow constant_tsc rep_good nonstop_tsc extd_apicid pni monitor cx16 popcnt lahf_lm cmp_legacy svm extapic cr8_legacy abm sse4a misalignsse 3dnowprefetch osvw ibs npt lbrv svm_lock
bogomips	: 4422.88
TLB size	: 1024 4K pages
clflush size	: 64
cache_alignment	: 64
address sizes	: 48 bits physical, 48 bits virtual
power management: ts ttp tm stc 100mhzsteps hwpstate

processor	: 2
vendor_id	: AuthenticAMD
cpu family	: 16
model		: 2
model name	: Quad-Core AMD Opteron(tm) Processor 2354
stepping	: 3
cpu MHz		: 2200.000
cache size	: 512 KB
physical id	: 0
siblings	: 4
core id		: 2
cpu cores	: 4
apicid		: 2
initial apicid	: 2
fpu		: yes
fpu_exception	: yes
cpuid level	: 5
wp		: yes
flags		: fpu vme de pse tsc msr pae mce cx8 apic sep mtrr pge mca cmov pat pse36 clflush mmx fxsr sse sse2 ht syscall nx mmxext fxsr_opt pdpe1gb rdtscp lm 3dnowext 3dnow constant_tsc rep_good nonstop_tsc extd_apicid pni monitor cx16 popcnt lahf_lm cmp_legacy svm extapic cr8_legacy abm sse4a misalignsse 3dnowprefetch osvw ibs npt lbrv svm_lock
bogomips	: 4422.88
TLB size	: 1024 4K pages
clflush size	: 64
cache_alignment	: 64
address sizes	: 48 bits physical, 48 bits virtual
power management: ts ttp tm stc 100mhzsteps hwpstate

processor	: 3
vendor_id	: AuthenticAMD
cpu family	: 16
model		: 2
model name	: Quad-Core AMD Opteron(tm) Processor 2354
stepping	: 3
cpu MHz		: 2200.000
cache size	: 512 KB
physical id	: 0
siblings	: 4
core id		: 3
cpu cores	: 4
apicid		: 3
initial apicid	: 3
fpu		: yes
fpu_exception	: yes
cpuid level	: 5
wp		: yes
flags		: fpu vme de pse tsc msr pae mce cx8 apic sep mtrr pge mca cmov pat pse36 clflush mmx fxsr sse sse2 ht syscall nx mmxext fxsr_opt pdpe1gb rdtscp lm 3dnowext 3dnow constant_tsc rep_good nonstop_tsc extd_apicid pni monitor cx16 popcnt lahf_lm cmp_legacy svm extapic cr8_legacy abm sse4a misalignsse 3dnowprefetch osvw ibs npt lbrv svm_lock
bogomips	: 4422.88
TLB size	: 1024 4K pages
clflush size	: 64
cache_alignment	: 64
address sizes	: 48 bits physical, 48 bits virtual
power management: ts ttp tm stc 100mhzsteps hwpstate

processor	: 4
vendor_id	: AuthenticAMD
cpu family	: 16
model		: 2
model name	: Quad-Core AMD Opteron(tm) Processor 2354
stepping	: 3
cpu MHz		: 2200.000
cache size	: 512 KB
physical id	: 1
siblings	: 4
core id		: 0
cpu cores	: 4
apicid		: 4
initial apicid	: 4
fpu		: yes
fpu_exception	: yes
cpuid level	: 5
wp		: yes
flags		: fpu vme de pse tsc msr pae mce cx8 apic sep mtrr pge mca cmov pat pse36 clflush mmx fxsr sse sse2 ht syscall nx mmxext fxsr_opt pdpe1gb rdtscp lm 3dnowext 3dnow constant_tsc rep_good nonstop_tsc extd_apicid pni monitor cx16 popcnt lahf_lm cmp_legacy svm extapic cr8_legacy abm sse4a misalignsse 3dnowprefetch osvw ibs npt lbrv svm_lock
bogomips	: 4422.23
TLB size	: 1024 4K pages
clflush size	: 64
cache_alignment	: 64
address sizes	: 48 bits physical, 48 bits virtual
power management: ts ttp tm stc 100mhzsteps hwpstate

processor	: 5
vendor_id	: AuthenticAMD
cpu family	: 16
model		: 2
model name	: Quad-Core AMD Opteron(tm) Processor 2354
stepping	: 3
cpu MHz		: 2200.000
cache size	: 512 KB
physical id	: 1
siblings	: 4
core id		: 1
cpu cores	: 4
apicid		: 5
initial apicid	: 5
fpu		: yes
fpu_exception	: yes
cpuid level	: 5
wp		: yes
flags		: fpu vme de pse tsc msr pae mce cx8 apic sep mtrr pge mca cmov pat pse36 clflush mmx fxsr sse sse2 ht syscall nx mmxext fxsr_opt pdpe1gb rdtscp lm 3dnowext 3dnow constant_tsc rep_good nonstop_tsc extd_apicid pni monitor cx16 popcnt lahf_lm cmp_legacy svm extapic cr8_legacy abm sse4a misalignsse 3dnowprefetch osvw ibs npt lbrv svm_lock
bogomips	: 4422.23
TLB size	: 1024 4K pages
clflush size	: 64
cache_alignment	: 64
address sizes	: 48 bits physical, 48 bits virtual
power management: ts ttp tm stc 100mhzsteps hwpstate

processor	: 6
vendor_id	: AuthenticAMD
cpu family	: 16
model		: 2
model name	: Quad-Core AMD Opteron(tm) Processor 2354
stepping	: 3
cpu MHz		: 2200.000
cache size	: 512 KB
physical id	: 1
siblings	: 4
core id		: 2
cpu cores	: 4
apicid		: 6
initial apicid	: 6
fpu		: yes
fpu_exception	: yes
cpuid level	: 5
wp		: yes
flags		: fpu vme de pse tsc msr pae mce cx8 apic sep mtrr pge mca cmov pat pse36 clflush mmx fxsr sse sse2 ht syscall nx mmxext fxsr_opt pdpe1gb rdtscp lm 3dnowext 3dnow constant_tsc rep_good nonstop_tsc extd_apicid pni monitor cx16 popcnt lahf_lm cmp_legacy svm extapic cr8_legacy abm sse4a misalignsse 3dnowprefetch osvw ibs npt lbrv svm_lock
bogomips	: 4422.23
TLB size	: 1024 4K pages
clflush size	: 64
cache_alignment	: 64
address sizes	: 48 bits physical, 48 bits virtual
power management: ts ttp tm stc 100mhzsteps hwpstate

processor	: 7
vendor_id	: AuthenticAMD
cpu family	: 16
model		: 2
model name	: Quad-Core AMD Opteron(tm) Processor 2354
stepping	: 3
cpu MHz		: 2200.000
cache size	: 512 KB
physical id	: 1
siblings	: 4
core id		: 3
cpu cores	: 4
apicid		: 7
initial apicid	: 7
fpu		: yes
fpu_exception	: yes
cpuid level	: 5
wp		: yes
flags		: fpu vme de pse tsc msr pae mce cx8 apic sep mtrr pge mca cmov pat pse36 clflush mmx fxsr sse sse2 ht syscall nx mmxext fxsr_opt pdpe1gb rdtscp lm 3dnowext 3dnow constant_tsc rep_good nonstop_tsc extd_apicid pni monitor cx16 popcnt lahf_lm cmp_legacy svm extapic cr8_legacy abm sse4a misalignsse 3dnowprefetch osvw ibs npt lbrv svm_lock
bogomips	: 4422.23
TLB size	: 1024 4K pages
clflush size	: 64
cache_alignment	: 64
address sizes	: 48 bits physical, 48 bits virtual
power management: ts ttp tm stc 100mhzsteps hwpstate



Memory: 4k page, physical 16331612k(5059440k free), swap 8388604k(8388380k free)

vm_info: OpenJDK 64-Bit Server VM (23.25-b01) for linux-amd64 JRE (1.6.0_32-b32), built on Aug 21 2014 11:15:48 by "mockbuild" with gcc 4.4.7 20120313 (Red Hat 4.4.7-4)

time: Tue Sep 23 10:02:41 2014
elapsed time: 1 seconds

