#
# A fatal error has been detected by the Java Runtime Environment:
#
#  SIGBUS (0x7) at pc=0x00002aecd4483522, pid=32572, tid=47196589180672
#
# JRE version: 6.0_32-b32
# Java VM: OpenJDK 64-Bit Server VM (23.25-b01 mixed mode linux-amd64 compressed oops)
# Problematic frame:
# C  [libzip.so+0x4522]  ZIP_Lock+0x252
#
# Core dump written. Default location: /mmfs/automount/gpfs/homefs/sm/dw07r324/jobs/piterman.eq.macc.sp.ro.r/core or core.32572
#
# If you would like to submit a bug report, please include
# instructions how to reproduce the bug and visit:
#   http://icedtea.classpath.org/bugzilla
# The crash happened outside the Java Virtual Machine in native code.
# See problematic frame for where to report the bug.
#

---------------  T H R E A D  ---------------

Current thread (0x00002aecd0008000):  JavaThread "main" [_thread_in_native, id=32573, stack(0x00002aeccfdec000,0x00002aeccfeed000)]

siginfo:si_signo=SIGBUS: si_errno=0, si_code=2 (BUS_ADRERR), si_addr=0x00002aed263d14cc

Registers:
RAX=0x00002aecd0f7ff30, RBX=0x00002aed263d14af, RCX=0x00000000000000c1, RDX=0x00000000000000c0
RSP=0x00002aeccfeea370, RBP=0x00002aeccfeea3b0, RSI=0x0000000000000040, RDI=0x00002aecd0000020
R8 =0x00002aecd0000088, R9 =0x0000000000000001, R10=0x0000000000000040, R11=0x00002aeccf61c660
R12=0x00002aecd0f7ff30, R13=0x00002aecd02e32f0, R14=0x00002aeccfeea420, R15=0x00002aecd0f7ff30
RIP=0x00002aecd4483522, EFLAGS=0x0000000000010206, CSGSFS=0x0000000000000033, ERR=0x0000000000000004
  TRAPNO=0x000000000000000e

Top of Stack: (sp=0x00002aeccfeea370)
0x00002aeccfeea370:   00002aecd02e3410 00002aeccf56605e
0x00002aeccfeea380:   0000000000000256 00002aecd02dfee0
0x00002aeccfeea390:   00002aecd02e32f0 000000009d75b954
0x00002aeccfeea3a0:   00002aeccfeea420 0000000000000040
0x00002aeccfeea3b0:   00002aeccfeea400 00002aecd4483ae2
0x00002aeccfeea3c0:   00002aecd0008000 00002aecd02e31f0
0x00002aeccfeea3d0:   00002aeccfeea440 00002aecd00081d8
0x00002aeccfeea3e0:   00002aeccfeea420 0000000000000040
0x00002aeccfeea3f0:   00002aeccfeea8f8 00002aeccfeea420
0x00002aeccfeea400:   00002aeccfeea860 00002aecd4482ae4
0x00002aeccfeea410:   0000004001eea430 00002aecd02e32f0
0x00002aeccfeea420:   2f73657373616c63 727676732f67726f
0x00002aeccfeea430:   632f6c616f672f6c 706d6f632f65726f
0x00002aeccfeea440:   2f7965736d61722f 6f437965736d6152
0x00002aeccfeea450:   697463757274736e 7373616c632e6e6f
0x00002aeccfeea460:   00002aecd0008b00 0000000000000000
0x00002aeccfeea470:   00002aeccfeea4a0 00002aecd0008000
0x00002aeccfeea480:   00000000b5cc4b00 000000000000001a
0x00002aeccfeea490:   00002aecd0008000 00000000b5cc4b00
0x00002aeccfeea4a0:   00002aeccfeea500 00002aeccf3b05f2
0x00002aeccfeea4b0:   00002aecd0008000 00002aeccfeead20
0x00002aeccfeea4c0:   00002aecd0008000 000000364fc44177
0x00002aeccfeea4d0:   00002aeccf724677 00000000000000bd
0x00002aeccfeea4e0:   0000000000000000 00002aecd0008000
0x00002aeccfeea4f0:   00002aeccfeea500 00002aec00000000
0x00002aeccfeea500:   00000000b5cc8c58 00002a0000000061
0x00002aeccfeea510:   00000000b5bdfef5 00000000f0835ca8
0x00002aeccfeea520:   00002aeccfeea520 00000000b5cc69cb
0x00002aeccfeea530:   00002aeccfeea580 00002aecd0008b80
0x00002aeccfeea540:   0000000000000000 0000000000000001
0x00002aeccfeea550:   00002aecd0008000 ffffffffffffffff
0x00002aeccfeea560:   00002aeccfeea5d0 00002aeccf36ca03 

Instructions: (pc=0x00002aecd4483522)
0x00002aecd4483502:   00 00 00 00 00 48 c7 40 30 00 00 00 00 48 c7 40
0x00002aecd4483512:   28 00 00 00 00 8b 5b 04 49 2b 5d 28 49 03 5d 18
0x00002aecd4483522:   44 0f b6 73 1d 0f b6 43 1c 41 c1 e6 08 41 09 c6
0x00002aecd4483532:   0f b6 43 1e 88 45 ce 0f b6 43 1f 88 45 cf 0f b6 

Register to memory mapping:

RAX=0x00002aecd0f7ff30 is an unknown value
RBX=0x00002aed263d14af is an unknown value
RCX=0x00000000000000c1 is an unknown value
RDX=0x00000000000000c0 is an unknown value
RSP=0x00002aeccfeea370 is pointing into the stack for thread: 0x00002aecd0008000
RBP=0x00002aeccfeea3b0 is pointing into the stack for thread: 0x00002aecd0008000
RSI=0x0000000000000040 is an unknown value
RDI=0x00002aecd0000020 is an unknown value
R8 =0x00002aecd0000088 is an unknown value
R9 =0x0000000000000001 is an unknown value
R10=0x0000000000000040 is an unknown value
R11=0x00002aeccf61c660: <offset 0x79f660> in /usr/lib/jvm/java-1.6.0-openjdk-1.6.0.0.x86_64/jre/lib/amd64/server/libjvm.so at 0x00002aeccee7d000
R12=0x00002aecd0f7ff30 is an unknown value
R13=0x00002aecd02e32f0 is an unknown value
R14=0x00002aeccfeea420 is pointing into the stack for thread: 0x00002aecd0008000
R15=0x00002aecd0f7ff30 is an unknown value


Stack: [0x00002aeccfdec000,0x00002aeccfeed000],  sp=0x00002aeccfeea370,  free space=1016k
Native frames: (J=compiled Java code, j=interpreted, Vv=VM code, C=native code)
C  [libzip.so+0x4522]  ZIP_Lock+0x252
C  [libzip.so+0x4ae2]  ZIP_GetEntry+0xc2
C  [libzip.so+0x3ae4]  Java_java_util_zip_ZipFile_getEntry+0xc4
j  java.util.zip.ZipFile.getEntry(JLjava/lang/String;Z)J+0
j  java.util.zip.ZipFile.getEntry(Ljava/lang/String;)Ljava/util/zip/ZipEntry;+31
j  java.util.jar.JarFile.getEntry(Ljava/lang/String;)Ljava/util/zip/ZipEntry;+2
j  sun.net.www.protocol.jar.URLJarFile.getEntry(Ljava/lang/String;)Ljava/util/zip/ZipEntry;+2
j  sun.net.www.protocol.jar.JarURLConnection.connect()V+62
j  sun.net.www.protocol.jar.JarURLConnection.getInputStream()Ljava/io/InputStream;+1
j  sun.misc.URLClassPath$Loader.getResource(Ljava/lang/String;Z)Lsun/misc/Resource;+48
j  sun.misc.URLClassPath.getResource(Ljava/lang/String;Z)Lsun/misc/Resource;+53
j  java.net.URLClassLoader$1.run()Ljava/lang/Object;+26
v  ~StubRoutines::call_stub
V  [libjvm.so+0x537e3e]  AsyncGetCallTrace+0xd776e
V  [libjvm.so+0x536ad8]  AsyncGetCallTrace+0xd6408
V  [libjvm.so+0x597140]  JVM_DoPrivileged+0x400
j  java.security.AccessController.doPrivileged(Ljava/security/PrivilegedExceptionAction;Ljava/security/AccessControlContext;)Ljava/lang/Object;+0
j  java.net.URLClassLoader.findClass(Ljava/lang/String;)Ljava/lang/Class;+13
j  org.java.plugin.standard.StandardPluginClassLoader.loadLocalClass(Ljava/lang/String;ZLorg/java/plugin/standard/StandardPluginClassLoader;)Ljava/lang/Class;+97
j  org.java.plugin.standard.StandardPluginClassLoader.loadPluginClass(Ljava/lang/String;ZZLorg/java/plugin/standard/StandardPluginClassLoader;Ljava/util/Set;)Ljava/lang/Class;+338
j  org.java.plugin.standard.StandardPluginClassLoader.loadClass(Ljava/lang/String;Z)Ljava/lang/Class;+197
j  java.lang.ClassLoader.loadClass(Ljava/lang/String;)Ljava/lang/Class;+3
j  org.svvrl.goal.core.CorePlugin.loadComplementConstructions()V+63
j  org.svvrl.goal.core.CorePlugin.initApplication(Lorg/java/plugin/util/ExtendedProperties;[Ljava/lang/String;)Lorg/java/plugin/boot/Application;+174
j  org.java.plugin.boot.DefaultApplicationInitializer.initApplication(Lorg/java/plugin/boot/BootErrorHandler;[Ljava/lang/String;)Lorg/java/plugin/boot/Application;+530
j  org.java.plugin.boot.Boot.initApplication(Lorg/java/plugin/boot/BootErrorHandler;Lorg/java/plugin/util/ExtendedProperties;[Ljava/lang/String;)Lorg/java/plugin/boot/Application;+157
j  org.java.plugin.boot.Boot.boot(Lorg/java/plugin/util/ExtendedProperties;ZLjava/lang/String;Lorg/java/plugin/boot/BootErrorHandler;[Ljava/lang/String;)Lorg/java/plugin/boot/Application;+338
j  org.java.plugin.boot.Boot.main([Ljava/lang/String;)V+162
v  ~StubRoutines::call_stub
V  [libjvm.so+0x537e3e]  AsyncGetCallTrace+0xd776e
V  [libjvm.so+0x536ad8]  AsyncGetCallTrace+0xd6408
V  [libjvm.so+0x5452a7]  JNI_CreateJavaVM+0x12e7
V  [libjvm.so+0x55a4eb]  JNI_CreateJavaVM+0x1652b
C  [java+0x374d]  JavaMain+0xd0d

Java frames: (J=compiled Java code, j=interpreted, Vv=VM code)
j  java.util.zip.ZipFile.getEntry(JLjava/lang/String;Z)J+0
j  java.util.zip.ZipFile.getEntry(Ljava/lang/String;)Ljava/util/zip/ZipEntry;+31
j  java.util.jar.JarFile.getEntry(Ljava/lang/String;)Ljava/util/zip/ZipEntry;+2
j  sun.net.www.protocol.jar.URLJarFile.getEntry(Ljava/lang/String;)Ljava/util/zip/ZipEntry;+2
j  sun.net.www.protocol.jar.JarURLConnection.connect()V+62
j  sun.net.www.protocol.jar.JarURLConnection.getInputStream()Ljava/io/InputStream;+1
j  sun.misc.URLClassPath$Loader.getResource(Ljava/lang/String;Z)Lsun/misc/Resource;+48
j  sun.misc.URLClassPath.getResource(Ljava/lang/String;Z)Lsun/misc/Resource;+53
j  java.net.URLClassLoader$1.run()Ljava/lang/Object;+26
v  ~StubRoutines::call_stub
j  java.security.AccessController.doPrivileged(Ljava/security/PrivilegedExceptionAction;Ljava/security/AccessControlContext;)Ljava/lang/Object;+0
j  java.net.URLClassLoader.findClass(Ljava/lang/String;)Ljava/lang/Class;+13
j  org.java.plugin.standard.StandardPluginClassLoader.loadLocalClass(Ljava/lang/String;ZLorg/java/plugin/standard/StandardPluginClassLoader;)Ljava/lang/Class;+97
j  org.java.plugin.standard.StandardPluginClassLoader.loadPluginClass(Ljava/lang/String;ZZLorg/java/plugin/standard/StandardPluginClassLoader;Ljava/util/Set;)Ljava/lang/Class;+338
j  org.java.plugin.standard.StandardPluginClassLoader.loadClass(Ljava/lang/String;Z)Ljava/lang/Class;+197
j  java.lang.ClassLoader.loadClass(Ljava/lang/String;)Ljava/lang/Class;+3
j  org.svvrl.goal.core.CorePlugin.loadComplementConstructions()V+63
j  org.svvrl.goal.core.CorePlugin.initApplication(Lorg/java/plugin/util/ExtendedProperties;[Ljava/lang/String;)Lorg/java/plugin/boot/Application;+174
j  org.java.plugin.boot.DefaultApplicationInitializer.initApplication(Lorg/java/plugin/boot/BootErrorHandler;[Ljava/lang/String;)Lorg/java/plugin/boot/Application;+530
j  org.java.plugin.boot.Boot.initApplication(Lorg/java/plugin/boot/BootErrorHandler;Lorg/java/plugin/util/ExtendedProperties;[Ljava/lang/String;)Lorg/java/plugin/boot/Application;+157
j  org.java.plugin.boot.Boot.boot(Lorg/java/plugin/util/ExtendedProperties;ZLjava/lang/String;Lorg/java/plugin/boot/BootErrorHandler;[Ljava/lang/String;)Lorg/java/plugin/boot/Application;+338
j  org.java.plugin.boot.Boot.main([Ljava/lang/String;)V+162
v  ~StubRoutines::call_stub

---------------  P R O C E S S  ---------------

Java Threads: ( => current thread )
  0x00002aecd032f000 JavaThread "Java2D Disposer" daemon [_thread_blocked, id=32594, stack(0x00002aed26b2b000,0x00002aed26c2c000)]
  0x00002aecd0101800 JavaThread "Low Memory Detector" daemon [_thread_blocked, id=32589, stack(0x00002aed26194000,0x00002aed26295000)]
  0x00002aecd00ff000 JavaThread "C2 CompilerThread1" daemon [_thread_blocked, id=32588, stack(0x00002aed26093000,0x00002aed26194000)]
  0x00002aecd00fc800 JavaThread "C2 CompilerThread0" daemon [_thread_blocked, id=32587, stack(0x00002aed25f92000,0x00002aed26093000)]
  0x00002aecd00fa000 JavaThread "Signal Dispatcher" daemon [_thread_blocked, id=32586, stack(0x00002aed25e91000,0x00002aed25f92000)]
  0x00002aecd00ab800 JavaThread "Finalizer" daemon [_thread_blocked, id=32585, stack(0x00002aececf93000,0x00002aeced094000)]
  0x00002aecd00a9800 JavaThread "Reference Handler" daemon [_thread_blocked, id=32584, stack(0x00002aecece92000,0x00002aececf93000)]
=>0x00002aecd0008000 JavaThread "main" [_thread_in_native, id=32573, stack(0x00002aeccfdec000,0x00002aeccfeed000)]

Other Threads:
  0x00002aecd009a800 VMThread [stack: 0x00002aececd91000,0x00002aecece92000] [id=32583]
  0x00002aecd010c800 WatcherThread [stack: 0x00002aed26295000,0x00002aed26396000] [id=32590]

VM state:not at safepoint (normal execution)

VM Mutex/Monitor currently owned by a thread: None

Heap
 PSYoungGen      total 305856K, used 99747K [0x00000000eaab0000, 0x0000000100000000, 0x0000000100000000)
  eden space 262208K, 38% used [0x00000000eaab0000,0x00000000f0c18eb0,0x00000000faac0000)
  from space 43648K, 0% used [0x00000000fd560000,0x00000000fd560000,0x0000000100000000)
  to   space 43648K, 0% used [0x00000000faac0000,0x00000000faac0000,0x00000000fd560000)
 ParOldGen       total 699072K, used 0K [0x00000000c0000000, 0x00000000eaab0000, 0x00000000eaab0000)
  object space 699072K, 0% used [0x00000000c0000000,0x00000000c0000000,0x00000000eaab0000)
 PSPermGen       total 21248K, used 10475K [0x00000000b5a00000, 0x00000000b6ec0000, 0x00000000c0000000)
  object space 21248K, 49% used [0x00000000b5a00000,0x00000000b643ae08,0x00000000b6ec0000)

Card table byte_map: [0x00002aecd7747000,0x00002aecd799b000] byte_map_base: 0x00002aecd719a000

Polling page: 0x00002aecd4440000

Code Cache  [0x00002aecd4687000, 0x00002aecd48f7000, 0x00002aecd7687000)
 total_blobs=451 nmethods=171 adapters=233 free_code_cache=48223Kb largest_free_block=49358784

Compilation events (10 events):
Event: 5.505 Thread 0x00002aecd00ff000 nmethod 2% 0x00002aecd476e990 code [0x00002aecd476eb80, 0x00002aecd476f4e8]
Event: 5.525 Thread 0x00002aecd00fc800 nmethod 3% 0x00002aecd476ffd0 code [0x00002aecd4770200, 0x00002aecd4770da8]
Event: 5.567 Thread 0x00002aecd00ff000  165   !         sun.nio.cs.US_ASCII$Encoder::encodeArrayLoop (279 bytes)
Event: 5.595 Thread 0x00002aecd00ff000 nmethod 165 0x00002aecd4771cd0 code [0x00002aecd4771ec0, 0x00002aecd47729e8]
Event: 5.599 Thread 0x00002aecd00fc800  166   !         sun.nio.cs.US_ASCII$Decoder::decodeArrayLoop (241 bytes)
Event: 5.602 Thread 0x00002aecd00ff000  167  s          java.lang.StringBuffer::append (8 bytes)
Event: 5.606 Thread 0x00002aecd00ff000 nmethod 167 0x00002aecd476ce10 code [0x00002aecd476cf60, 0x00002aecd476d308]
Event: 5.609 Thread 0x00002aecd00ff000  168             java.lang.String::indexOf (7 bytes)
Event: 5.609 Thread 0x00002aecd00ff000 nmethod 168 0x00002aecd476cbd0 code [0x00002aecd476cd20, 0x00002aecd476cd88]
Event: 5.616 Thread 0x00002aecd00fc800 nmethod 166 0x00002aecd47735d0 code [0x00002aecd4773780, 0x00002aecd4773fc8]

GC Heap History (0 events):
No events

Deoptimization events (10 events):
Event: 2.143 Thread 0x00002aecd0008000 Uncommon trap -34 fr.pc 0x00002aecd46e5a30
Event: 2.312 Thread 0x00002aecd0008000 Uncommon trap -83 fr.pc 0x00002aecd46f24fc
Event: 2.497 Thread 0x00002aecd0008000 Uncommon trap -34 fr.pc 0x00002aecd473b65c
Event: 2.498 Thread 0x00002aecd0008000 Uncommon trap -34 fr.pc 0x00002aecd473b65c
Event: 2.498 Thread 0x00002aecd0008000 Uncommon trap -34 fr.pc 0x00002aecd473b65c
Event: 2.499 Thread 0x00002aecd0008000 Uncommon trap -34 fr.pc 0x00002aecd473b65c
Event: 2.912 Thread 0x00002aecd0008000 Uncommon trap -34 fr.pc 0x00002aecd47373d8
Event: 5.406 Thread 0x00002aecd0008000 Uncommon trap -34 fr.pc 0x00002aecd47373d8
Event: 5.406 Thread 0x00002aecd0008000 Uncommon trap -34 fr.pc 0x00002aecd47373d8
Event: 5.406 Thread 0x00002aecd0008000 Uncommon trap -34 fr.pc 0x00002aecd47373d8

Internal exceptions (10 events):
Event: 5.691 Thread 0x00002aecd0008000 Threw 0x00000000f0826ac0 at /builddir/build/BUILD/icedtea6-1.13.4/openjdk/hotspot/src/share/vm/prims/jvm.cpp:1235
Event: 5.691 Thread 0x00002aecd0008000 Threw 0x00000000f0826ef0 at /builddir/build/BUILD/icedtea6-1.13.4/openjdk/hotspot/src/share/vm/prims/jvm.cpp:1235
Event: 5.693 Thread 0x00002aecd0008000 Threw 0x00000000f08300e0 at /builddir/build/BUILD/icedtea6-1.13.4/openjdk/hotspot/src/share/vm/classfile/systemDictionary.cpp:179
Event: 5.693 Thread 0x00002aecd0008000 Threw 0x00000000f0830468 at /builddir/build/BUILD/icedtea6-1.13.4/openjdk/hotspot/src/share/vm/prims/jvm.cpp:1235
Event: 5.693 Thread 0x00002aecd0008000 Threw 0x00000000f08308a0 at /builddir/build/BUILD/icedtea6-1.13.4/openjdk/hotspot/src/share/vm/prims/jvm.cpp:1235
Event: 5.693 Thread 0x00002aecd0008000 Threw 0x00000000f0831e98 at /builddir/build/BUILD/icedtea6-1.13.4/openjdk/hotspot/src/share/vm/prims/jvm.cpp:1235
Event: 5.694 Thread 0x00002aecd0008000 Threw 0x00000000f0833a10 at /builddir/build/BUILD/icedtea6-1.13.4/openjdk/hotspot/src/share/vm/prims/jvm.cpp:1235
Event: 5.694 Thread 0x00002aecd0008000 Threw 0x00000000f0834268 at /builddir/build/BUILD/icedtea6-1.13.4/openjdk/hotspot/src/share/vm/classfile/systemDictionary.cpp:179
Event: 5.694 Thread 0x00002aecd0008000 Threw 0x00000000f08345f8 at /builddir/build/BUILD/icedtea6-1.13.4/openjdk/hotspot/src/share/vm/prims/jvm.cpp:1235
Event: 5.694 Thread 0x00002aecd0008000 Threw 0x00000000f0834a38 at /builddir/build/BUILD/icedtea6-1.13.4/openjdk/hotspot/src/share/vm/prims/jvm.cpp:1235

Events (10 events):
Event: 5.691 loading class 0x00002aecd0f8d140
Event: 5.691 loading class 0x00002aecd0f8d140 done
Event: 5.691 loading class 0x00002aecd00f9510
Event: 5.691 loading class 0x00002aecd00f9510 done
Event: 5.692 loading class 0x00002aecd0f89f90
Event: 5.692 loading class 0x00002aecd0f89f90 done
Event: 5.693 loading class 0x00002aecd0e64360
Event: 5.693 loading class 0x00002aecd0e64360 done
Event: 5.694 loading class 0x00002aecd0f6f9b0
Event: 5.694 loading class 0x00002aecd0f6f9b0 done


Dynamic libraries:
00400000-00409000 r-xp 00000000 fd:01 5993                               /usr/lib/jvm/java-1.6.0-openjdk-1.6.0.0.x86_64/jre/bin/java
00608000-0060a000 rw-p 00008000 fd:01 5993                               /usr/lib/jvm/java-1.6.0-openjdk-1.6.0.0.x86_64/jre/bin/java
01e0f000-01e30000 rw-p 00000000 00:00 0                                  [heap]
b5a00000-b6ec0000 rw-p 00000000 00:00 0 
b6ec0000-c0000000 rw-p 00000000 00:00 0 
c0000000-100000000 rw-p 00000000 00:00 0 
364f800000-364f820000 r-xp 00000000 fd:01 130582                         /lib64/ld-2.12.so
364fa1f000-364fa20000 r--p 0001f000 fd:01 130582                         /lib64/ld-2.12.so
364fa20000-364fa21000 rw-p 00020000 fd:01 130582                         /lib64/ld-2.12.so
364fa21000-364fa22000 rw-p 00000000 00:00 0 
364fc00000-364fd8a000 r-xp 00000000 fd:01 130613                         /lib64/libc-2.12.so
364fd8a000-364ff8a000 ---p 0018a000 fd:01 130613                         /lib64/libc-2.12.so
364ff8a000-364ff8e000 r--p 0018a000 fd:01 130613                         /lib64/libc-2.12.so
364ff8e000-364ff8f000 rw-p 0018e000 fd:01 130613                         /lib64/libc-2.12.so
364ff8f000-364ff94000 rw-p 00000000 00:00 0 
3650000000-3650004000 r-xp 00000000 fd:01 13573                          /usr/lib/jvm/java-1.6.0-openjdk-1.6.0.0.x86_64/jre/lib/amd64/jli/libjli.so
3650004000-3650203000 ---p 00004000 fd:01 13573                          /usr/lib/jvm/java-1.6.0-openjdk-1.6.0.0.x86_64/jre/lib/amd64/jli/libjli.so
3650203000-3650204000 rw-p 00003000 fd:01 13573                          /usr/lib/jvm/java-1.6.0-openjdk-1.6.0.0.x86_64/jre/lib/amd64/jli/libjli.so
3650400000-3650417000 r-xp 00000000 fd:01 130636                         /lib64/libpthread-2.12.so
3650417000-3650617000 ---p 00017000 fd:01 130636                         /lib64/libpthread-2.12.so
3650617000-3650618000 r--p 00017000 fd:01 130636                         /lib64/libpthread-2.12.so
3650618000-3650619000 rw-p 00018000 fd:01 130636                         /lib64/libpthread-2.12.so
3650619000-365061d000 rw-p 00000000 00:00 0 
3650800000-3650802000 r-xp 00000000 fd:01 130624                         /lib64/libdl-2.12.so
3650802000-3650a02000 ---p 00002000 fd:01 130624                         /lib64/libdl-2.12.so
3650a02000-3650a03000 r--p 00002000 fd:01 130624                         /lib64/libdl-2.12.so
3650a03000-3650a04000 rw-p 00003000 fd:01 130624                         /lib64/libdl-2.12.so
3650c00000-3650c15000 r-xp 00000000 fd:01 130638                         /lib64/libz.so.1.2.3
3650c15000-3650e14000 ---p 00015000 fd:01 130638                         /lib64/libz.so.1.2.3
3650e14000-3650e15000 r--p 00014000 fd:01 130638                         /lib64/libz.so.1.2.3
3650e15000-3650e16000 rw-p 00015000 fd:01 130638                         /lib64/libz.so.1.2.3
3651000000-3651007000 r-xp 00000000 fd:01 132701                         /lib64/librt-2.12.so
3651007000-3651206000 ---p 00007000 fd:01 132701                         /lib64/librt-2.12.so
3651206000-3651207000 r--p 00006000 fd:01 132701                         /lib64/librt-2.12.so
3651207000-3651208000 rw-p 00007000 fd:01 132701                         /lib64/librt-2.12.so
3651800000-3651816000 r-xp 00000000 fd:01 133662                         /lib64/libgcc_s-4.4.7-20120601.so.1
3651816000-3651a15000 ---p 00016000 fd:01 133662                         /lib64/libgcc_s-4.4.7-20120601.so.1
3651a15000-3651a16000 rw-p 00015000 fd:01 133662                         /lib64/libgcc_s-4.4.7-20120601.so.1
3653000000-36530e8000 r-xp 00000000 fd:01 49938                          /usr/lib64/libstdc++.so.6.0.13
36530e8000-36532e8000 ---p 000e8000 fd:01 49938                          /usr/lib64/libstdc++.so.6.0.13
36532e8000-36532ef000 r--p 000e8000 fd:01 49938                          /usr/lib64/libstdc++.so.6.0.13
36532ef000-36532f1000 rw-p 000ef000 fd:01 49938                          /usr/lib64/libstdc++.so.6.0.13
36532f1000-3653306000 rw-p 00000000 00:00 0 
3659000000-3659098000 r-xp 00000000 fd:01 4478                           /usr/lib64/libfreetype.so.6.3.22
3659098000-3659297000 ---p 00098000 fd:01 4478                           /usr/lib64/libfreetype.so.6.3.22
3659297000-365929d000 rw-p 00097000 fd:01 4478                           /usr/lib64/libfreetype.so.6.3.22
365c200000-365c216000 r-xp 00000000 fd:01 137559                         /lib64/libnsl-2.12.so
365c216000-365c415000 ---p 00016000 fd:01 137559                         /lib64/libnsl-2.12.so
365c415000-365c416000 r--p 00015000 fd:01 137559                         /lib64/libnsl-2.12.so
365c416000-365c417000 rw-p 00016000 fd:01 137559                         /lib64/libnsl-2.12.so
365c417000-365c419000 rw-p 00000000 00:00 0 
2aeccee62000-2aeccee63000 rw-p 00000000 00:00 0 
2aeccee79000-2aeccee7d000 rw-p 00000000 00:00 0 
2aeccee7d000-2aeccf888000 r-xp 00000000 fd:01 23213                      /usr/lib/jvm/java-1.6.0-openjdk-1.6.0.0.x86_64/jre/lib/amd64/server/libjvm.so
2aeccf888000-2aeccfa88000 ---p 00a0b000 fd:01 23213                      /usr/lib/jvm/java-1.6.0-openjdk-1.6.0.0.x86_64/jre/lib/amd64/server/libjvm.so
2aeccfa88000-2aeccfb29000 rw-p 00a0b000 fd:01 23213                      /usr/lib/jvm/java-1.6.0-openjdk-1.6.0.0.x86_64/jre/lib/amd64/server/libjvm.so
2aeccfb29000-2aeccfb52000 rw-p 00000000 00:00 0 
2aeccfb68000-2aeccfbeb000 r-xp 00000000 fd:01 130627                     /lib64/libm-2.12.so
2aeccfbeb000-2aeccfdea000 ---p 00083000 fd:01 130627                     /lib64/libm-2.12.so
2aeccfdea000-2aeccfdeb000 r--p 00082000 fd:01 130627                     /lib64/libm-2.12.so
2aeccfdeb000-2aeccfdec000 rw-p 00083000 fd:01 130627                     /lib64/libm-2.12.so
2aeccfdec000-2aeccfdef000 ---p 00000000 00:00 0 
2aeccfdef000-2aeccfeed000 rw-p 00000000 00:00 0 
2aecd0000000-2aecd0fbf000 rw-p 00000000 00:00 0 
2aecd0fbf000-2aecd4000000 ---p 00000000 00:00 0 
2aecd4000000-2aecd400e000 r-xp 00000000 fd:01 23207                      /usr/lib/jvm/java-1.6.0-openjdk-1.6.0.0.x86_64/jre/lib/amd64/libverify.so
2aecd400e000-2aecd420e000 ---p 0000e000 fd:01 23207                      /usr/lib/jvm/java-1.6.0-openjdk-1.6.0.0.x86_64/jre/lib/amd64/libverify.so
2aecd420e000-2aecd4210000 rw-p 0000e000 fd:01 23207                      /usr/lib/jvm/java-1.6.0-openjdk-1.6.0.0.x86_64/jre/lib/amd64/libverify.so
2aecd4210000-2aecd423d000 r-xp 00000000 fd:01 23159                      /usr/lib/jvm/java-1.6.0-openjdk-1.6.0.0.x86_64/jre/lib/amd64/libjava.so
2aecd423d000-2aecd443c000 ---p 0002d000 fd:01 23159                      /usr/lib/jvm/java-1.6.0-openjdk-1.6.0.0.x86_64/jre/lib/amd64/libjava.so
2aecd443c000-2aecd4440000 rw-p 0002c000 fd:01 23159                      /usr/lib/jvm/java-1.6.0-openjdk-1.6.0.0.x86_64/jre/lib/amd64/libjava.so
2aecd4440000-2aecd4441000 r--p 00000000 00:00 0 
2aecd4441000-2aecd4442000 rw-p 00000000 00:00 0 
2aecd4442000-2aecd4477000 r--s 00000000 fd:02 128540                     /var/db/nscd/passwd
2aecd4477000-2aecd447f000 rw-s 00000000 fd:03 140                        /tmp/hsperfdata_dw07r324/32572
2aecd447f000-2aecd4486000 r-xp 00000000 fd:01 23208                      /usr/lib/jvm/java-1.6.0-openjdk-1.6.0.0.x86_64/jre/lib/amd64/libzip.so
2aecd4486000-2aecd4686000 ---p 00007000 fd:01 23208                      /usr/lib/jvm/java-1.6.0-openjdk-1.6.0.0.x86_64/jre/lib/amd64/libzip.so
2aecd4686000-2aecd4687000 rw-p 00007000 fd:01 23208                      /usr/lib/jvm/java-1.6.0-openjdk-1.6.0.0.x86_64/jre/lib/amd64/libzip.so
2aecd4687000-2aecd48f7000 rwxp 00000000 00:00 0 
2aecd48f7000-2aecd7687000 rw-p 00000000 00:00 0 
2aecd7687000-2aecd7691000 rw-p 00000000 00:00 0 
2aecd7691000-2aecd7747000 rw-p 00000000 00:00 0 
2aecd7747000-2aecd7752000 rw-p 00000000 00:00 0 
2aecd7752000-2aecd779a000 rw-p 00000000 00:00 0 
2aecd779a000-2aecd7afc000 rw-p 00000000 00:00 0 
2aecd7afc000-2aecd7b44000 rw-p 00000000 00:00 0 
2aecd7b44000-2aecd7b45000 ---p 00000000 00:00 0 
2aecd7b45000-2aecd7c45000 rw-p 00000000 00:00 0 
2aecd7c45000-2aecd7c46000 ---p 00000000 00:00 0 
2aecd7c46000-2aecd7d46000 rw-p 00000000 00:00 0 
2aecd7d46000-2aecd7d47000 ---p 00000000 00:00 0 
2aecd7d47000-2aecd7e47000 rw-p 00000000 00:00 0 
2aecd7e47000-2aecd7e48000 ---p 00000000 00:00 0 
2aecd7e48000-2aecd7f48000 rw-p 00000000 00:00 0 
2aecd7f48000-2aecd7f49000 ---p 00000000 00:00 0 
2aecd7f49000-2aecd8049000 rw-p 00000000 00:00 0 
2aecd8049000-2aecd804a000 ---p 00000000 00:00 0 
2aecd804a000-2aecd814a000 rw-p 00000000 00:00 0 
2aecd814a000-2aecd814b000 ---p 00000000 00:00 0 
2aecd814b000-2aecd824b000 rw-p 00000000 00:00 0 
2aecd824b000-2aecd824c000 ---p 00000000 00:00 0 
2aecd824c000-2aecd834c000 rw-p 00000000 00:00 0 
2aecdc000000-2aecdc021000 rw-p 00000000 00:00 0 
2aecdc021000-2aece0000000 ---p 00000000 00:00 0 
2aece0000000-2aece0021000 rw-p 00000000 00:00 0 
2aece0021000-2aece4000000 ---p 00000000 00:00 0 
2aece4000000-2aece6ea4000 rw-p 00000000 00:00 0 
2aece6ea4000-2aece703a000 r--s 01a15000 fd:01 23288                      /usr/lib/jvm/java-1.6.0-openjdk-1.6.0.0.x86_64/jre/lib/rt.jar
2aece703a000-2aece7f20000 rw-p 00000000 00:00 0 
2aece8000000-2aece8021000 rw-p 00000000 00:00 0 
2aece8021000-2aecec000000 ---p 00000000 00:00 0 
2aecec000000-2aececd91000 rw-p 00000000 00:00 0 
2aececd91000-2aececd92000 ---p 00000000 00:00 0 
2aececd92000-2aecece92000 rw-p 00000000 00:00 0 
2aecece92000-2aecece95000 ---p 00000000 00:00 0 
2aecece95000-2aececf93000 rw-p 00000000 00:00 0 
2aececf93000-2aececf96000 ---p 00000000 00:00 0 
2aececf96000-2aeced094000 rw-p 00000000 00:00 0 
2aecf0000000-2aecf0021000 rw-p 00000000 00:00 0 
2aecf0021000-2aecf4000000 ---p 00000000 00:00 0 
2aecf8000000-2aecf8021000 rw-p 00000000 00:00 0 
2aecf8021000-2aecfc000000 ---p 00000000 00:00 0 
2aed00000000-2aed00021000 rw-p 00000000 00:00 0 
2aed00021000-2aed04000000 ---p 00000000 00:00 0 
2aed08000000-2aed08021000 rw-p 00000000 00:00 0 
2aed08021000-2aed0c000000 ---p 00000000 00:00 0 
2aed10000000-2aed10021000 rw-p 00000000 00:00 0 
2aed10021000-2aed14000000 ---p 00000000 00:00 0 
2aed14000000-2aed14021000 rw-p 00000000 00:00 0 
2aed14021000-2aed18000000 ---p 00000000 00:00 0 
2aed18000000-2aed18021000 rw-p 00000000 00:00 0 
2aed18021000-2aed1c000000 ---p 00000000 00:00 0 
2aed1c000000-2aed1c021000 rw-p 00000000 00:00 0 
2aed1c021000-2aed20000000 ---p 00000000 00:00 0 
2aed20000000-2aed25e91000 r--p 00000000 fd:01 49935                      /usr/lib/locale/locale-archive
2aed25e91000-2aed25e94000 ---p 00000000 00:00 0 
2aed25e94000-2aed25f92000 rw-p 00000000 00:00 0 
2aed25f92000-2aed25f95000 ---p 00000000 00:00 0 
2aed25f95000-2aed26093000 rw-p 00000000 00:00 0 
2aed26093000-2aed26096000 ---p 00000000 00:00 0 
2aed26096000-2aed26194000 rw-p 00000000 00:00 0 
2aed26194000-2aed26197000 ---p 00000000 00:00 0 
2aed26197000-2aed26295000 rw-p 00000000 00:00 0 
2aed26295000-2aed26296000 ---p 00000000 00:00 0 
2aed26296000-2aed26396000 rw-p 00000000 00:00 0 
2aed26396000-2aed26398000 r--s 00009000 00:35 125760574                  /mmfs/automount/gpfs/homefs/sm/dw07r324/bin/GOAL-20140808/lib/jpf-boot.jar
2aed26398000-2aed2639b000 r--s 0000f000 fd:01 23233                      /usr/lib/jvm/java-1.6.0-openjdk-1.6.0.0.x86_64/jre/lib/ext/pulse-java.jar
2aed2639b000-2aed263a4000 r--s 00065000 fd:01 23228                      /usr/lib/jvm/java-1.6.0-openjdk-1.6.0.0.x86_64/jre/lib/ext/gnome-java-bridge.jar
2aed263a4000-2aed263a6000 r--s 00009000 00:35 125760574                  /mmfs/automount/gpfs/homefs/sm/dw07r324/bin/GOAL-20140808/lib/jpf-boot.jar
2aed263a6000-2aed263aa000 r--s 0003c000 fd:01 14238                      /usr/lib/jvm/java-1.6.0-openjdk-1.6.0.0.x86_64/jre/lib/jsse.jar
2aed263aa000-2aed263af000 r--s 0002d000 00:35 125760577                  /mmfs/automount/gpfs/homefs/sm/dw07r324/bin/GOAL-20140808/lib/jpf.jar
2aed263af000-2aed263b1000 r--s 0000d000 00:35 125760571                  /mmfs/automount/gpfs/homefs/sm/dw07r324/bin/GOAL-20140808/lib/commons-logging.jar
2aed263b1000-2aed263b3000 r--s 00012000 00:35 125760576                  /mmfs/automount/gpfs/homefs/sm/dw07r324/bin/GOAL-20140808/lib/jpf-tools.jar
2aed263b3000-2aed263ba000 r--s 00039000 00:35 125760578                  /mmfs/automount/gpfs/homefs/sm/dw07r324/bin/GOAL-20140808/lib/jxp.jar
2aed263ba000-2aed263bc000 r--s 00004000 00:35 125760570                  /mmfs/automount/gpfs/homefs/sm/dw07r324/bin/GOAL-20140808/lib/AppleJavaExtensions.jar
2aed263bc000-2aed263c1000 r--s 0002a000 00:35 125760572                  /mmfs/automount/gpfs/homefs/sm/dw07r324/bin/GOAL-20140808/lib/gson-2.2.2.jar
2aed263c1000-2aed263c4000 r--s 0001a000 00:35 125760579                  /mmfs/automount/gpfs/homefs/sm/dw07r324/bin/GOAL-20140808/lib/minijdd_104.jar
2aed263c4000-2aed263e7000 r--s 0022d000 00:35 74219604                   /mmfs/automount/gpfs/homefs/sm/dw07r324/bin/GOAL-20140808/.jpf-shadow/org.svvrl.goal.core@2014.8.8.zip (deleted)
2aed263e7000-2aed2648a000 r-xp 00000000 fd:01 13434                      /usr/lib/jvm/java-1.6.0-openjdk-1.6.0.0.x86_64/jre/lib/amd64/libawt.so
2aed2648a000-2aed2668a000 ---p 000a3000 fd:01 13434                      /usr/lib/jvm/java-1.6.0-openjdk-1.6.0.0.x86_64/jre/lib/amd64/libawt.so
2aed2668a000-2aed26696000 rw-p 000a3000 fd:01 13434                      /usr/lib/jvm/java-1.6.0-openjdk-1.6.0.0.x86_64/jre/lib/amd64/libawt.so
2aed26696000-2aed266ba000 rw-p 00000000 00:00 0 
2aed266ba000-2aed266c0000 r-xp 00000000 fd:01 8525                       /usr/lib/jvm/java-1.6.0-openjdk-1.6.0.0.x86_64/jre/lib/amd64/headless/libmawt.so
2aed266c0000-2aed268bf000 ---p 00006000 fd:01 8525                       /usr/lib/jvm/java-1.6.0-openjdk-1.6.0.0.x86_64/jre/lib/amd64/headless/libmawt.so
2aed268bf000-2aed268c0000 rw-p 00005000 fd:01 8525                       /usr/lib/jvm/java-1.6.0-openjdk-1.6.0.0.x86_64/jre/lib/amd64/headless/libmawt.so
2aed268c0000-2aed268db000 r--s 0029a000 00:35 69996715                   /mmfs/automount/gpfs/homefs/sm/dw07r324/bin/GOAL-20140808/.jpf-shadow/org.svvrl.goal.gui@2014.8.8.zip
2aed268db000-2aed26928000 r-xp 00000000 fd:01 13546                      /usr/lib/jvm/java-1.6.0-openjdk-1.6.0.0.x86_64/jre/lib/amd64/libfontmanager.so
2aed26928000-2aed26b28000 ---p 0004d000 fd:01 13546                      /usr/lib/jvm/java-1.6.0-openjdk-1.6.0.0.x86_64/jre/lib/amd64/libfontmanager.so
2aed26b28000-2aed26b2b000 rw-p 0004d000 fd:01 13546                      /usr/lib/jvm/java-1.6.0-openjdk-1.6.0.0.x86_64/jre/lib/amd64/libfontmanager.so
2aed26b2b000-2aed26b2e000 ---p 00000000 00:00 0 
2aed26b2e000-2aed26c2c000 rw-p 00000000 00:00 0 
2aed26c2c000-2aed26c33000 r--s 00000000 fd:02 1513                       /var/cache/fontconfig/12b26b760a24f8b4feb03ad48a333a72-le64.cache-3
2aed26c33000-2aed26c3c000 r--s 00000000 fd:02 1443                       /var/cache/fontconfig/b79f3aaa7d385a141ab53ec885cc22a8-le64.cache-3
2aed26c3c000-2aed26c40000 r--s 00000000 fd:02 1132                       /var/cache/fontconfig/87f5e051180a7a75f16eb6fe7dbd3749-le64.cache-3
2aed26c40000-2aed26c56000 r-xp 00000000 fd:01 23199                      /usr/lib/jvm/java-1.6.0-openjdk-1.6.0.0.x86_64/jre/lib/amd64/libnet.so
2aed26c56000-2aed26e55000 ---p 00016000 fd:01 23199                      /usr/lib/jvm/java-1.6.0-openjdk-1.6.0.0.x86_64/jre/lib/amd64/libnet.so
2aed26e55000-2aed26e56000 rw-p 00015000 fd:01 23199                      /usr/lib/jvm/java-1.6.0-openjdk-1.6.0.0.x86_64/jre/lib/amd64/libnet.so
2aed26e56000-2aed26e5e000 r-xp 00000000 fd:01 23200                      /usr/lib/jvm/java-1.6.0-openjdk-1.6.0.0.x86_64/jre/lib/amd64/libnio.so
2aed26e5e000-2aed2705d000 ---p 00008000 fd:01 23200                      /usr/lib/jvm/java-1.6.0-openjdk-1.6.0.0.x86_64/jre/lib/amd64/libnio.so
2aed2705d000-2aed2705e000 rw-p 00007000 fd:01 23200                      /usr/lib/jvm/java-1.6.0-openjdk-1.6.0.0.x86_64/jre/lib/amd64/libnio.so
2aed2705e000-2aed27065000 r--s 00000000 fd:02 1513                       /var/cache/fontconfig/12b26b760a24f8b4feb03ad48a333a72-le64.cache-3
2aed27065000-2aed2706e000 r--s 00000000 fd:02 1443                       /var/cache/fontconfig/b79f3aaa7d385a141ab53ec885cc22a8-le64.cache-3
2aed2706e000-2aed27072000 r--s 00000000 fd:02 1132                       /var/cache/fontconfig/87f5e051180a7a75f16eb6fe7dbd3749-le64.cache-3
2aed27072000-2aed27078000 r--s 0004b000 00:35 15098202                   /mmfs/automount/gpfs/homefs/sm/dw07r324/bin/GOAL-20140808/.jpf-shadow/org.svvrl.goal.cmd@2014.8.8.zip
2aed27078000-2aed2707a000 rw-p 00000000 00:00 0 
2aed28000000-2aed28021000 rw-p 00000000 00:00 0 
2aed28021000-2aed2c000000 ---p 00000000 00:00 0 
2aed2c000000-2aed2cee5000 rw-p 00000000 00:00 0 
2aed2cee5000-2aed30000000 ---p 00000000 00:00 0 
2aed30000000-2aed3117a000 rw-p 00000000 00:00 0 
2aed3117a000-2aed34000000 ---p 00000000 00:00 0 
2aed34000000-2aed34021000 rw-p 00000000 00:00 0 
2aed34021000-2aed38000000 ---p 00000000 00:00 0 
2aed38000000-2aed38021000 rw-p 00000000 00:00 0 
2aed38021000-2aed3c000000 ---p 00000000 00:00 0 
2aed3c000000-2aed3c021000 rw-p 00000000 00:00 0 
2aed3c021000-2aed40000000 ---p 00000000 00:00 0 
7fff44da4000-7fff44dda000 rw-p 00000000 00:00 0                          [stack]
7fff44dff000-7fff44e00000 r-xp 00000000 00:00 0                          [vdso]
ffffffffff600000-ffffffffff601000 r-xp 00000000 00:00 0                  [vsyscall]

VM Arguments:
jvm_args: -Xmx1G -Xms1G -DapplicationRoot=/home/ubelix/sm/dw07r324/bin/GOAL-20140808 -Dorg.java.plugin.boot.pluginsRepositories=/home/ubelix/sm/dw07r324/bin/GOAL-20140808/plugins -Djpf.boot.config=/home/ubelix/sm/dw07r324/bin/GOAL-20140808/boot.properties -Dorg.apache.commons.logging.Log=org.apache.commons.logging.impl.SimpleLog -Dorg.apache.commons.logging.simplelog.log.org.java.plugin=fatal 
java_command: /home/ubelix/sm/dw07r324/bin/GOAL-20140808/lib/jpf-boot.jar complement -m piterman -eq -macc -sp -ro -r /scratch/local/8663605.1.all.q/test_set_s15/s15_t1.0_a0.3_008.gff
Launcher Type: SUN_STANDARD

Environment Variables:
CLASSPATH=/home/ubelix/sm/dw07r324/bin/GOAL-20140808:/home/ubelix/sm/dw07r324/bin/GOAL-20140808/plugins:/home/ubelix/sm/dw07r324/bin/GOAL-20140808/lib:
PATH=/scratch/local/8663605.1.all.q:/usr/lib64/qt-3.3/bin:/usr/local/bin:/bin:/usr/bin:/usr/local/sbin:/usr/sbin:/sbin:/usr/lpp/mmfs/bin:/home/ubelix/sm/dw07r324/bin/GOAL-20140808:/home/ubelix/sm/dw07r324/bin/gnu_time/bin:/usr/lpp/mmfs/bin
LD_LIBRARY_PATH=/usr/lib/jvm/java-1.6.0-openjdk-1.6.0.0.x86_64/jre/lib/amd64/server:/usr/lib/jvm/java-1.6.0-openjdk-1.6.0.0.x86_64/jre/lib/amd64:/usr/lib/jvm/java-1.6.0-openjdk-1.6.0.0.x86_64/jre/../lib/amd64
SHELL=/bin/bash

Signal Handlers:
SIGSEGV: [libjvm.so+0x870a40], sa_mask[0]=0x7ffbfeff, sa_flags=0x10000004
SIGBUS: [libjvm.so+0x870a40], sa_mask[0]=0x7ffbfeff, sa_flags=0x10000004
SIGFPE: [libjvm.so+0x719240], sa_mask[0]=0x7ffbfeff, sa_flags=0x10000004
SIGPIPE: [libjvm.so+0x719240], sa_mask[0]=0x7ffbfeff, sa_flags=0x10000004
SIGXFSZ: [libjvm.so+0x719240], sa_mask[0]=0x7ffbfeff, sa_flags=0x10000004
SIGILL: [libjvm.so+0x719240], sa_mask[0]=0x7ffbfeff, sa_flags=0x10000004
SIGUSR1: SIG_DFL, sa_mask[0]=0x00000000, sa_flags=0x00000000
SIGUSR2: [libjvm.so+0x718d60], sa_mask[0]=0x00000000, sa_flags=0x10000004
SIGHUP: [libjvm.so+0x71bdf0], sa_mask[0]=0x7ffbfeff, sa_flags=0x10000004
SIGINT: [libjvm.so+0x71bdf0], sa_mask[0]=0x7ffbfeff, sa_flags=0x10000004
SIGTERM: [libjvm.so+0x71bdf0], sa_mask[0]=0x7ffbfeff, sa_flags=0x10000004
SIGQUIT: [libjvm.so+0x71bdf0], sa_mask[0]=0x7ffbfeff, sa_flags=0x10000004


---------------  S Y S T E M  ---------------

OS:Red Hat Enterprise Linux ComputeNode release 6.5 (Santiago)

uname:Linux 2.6.32-431.29.2.el6.x86_64 #1 SMP Sun Jul 27 15:55:46 EDT 2014 x86_64
libc:glibc 2.12 NPTL 2.12 
rlimit: STACK infinity, CORE infinity, NPROC 127431, NOFILE 4096, AS 8388608k
load average:3.19 3.44 3.84

/proc/meminfo:
MemTotal:       16331612 kB
MemFree:         5182836 kB
Buffers:           12872 kB
Cached:          5910552 kB
SwapCached:           88 kB
Active:          2844760 kB
Inactive:        3620840 kB
Active(anon):     478840 kB
Inactive(anon):    63556 kB
Active(file):    2365920 kB
Inactive(file):  3557284 kB
Unevictable:     4082900 kB
Mlocked:         4082900 kB
SwapTotal:       8388604 kB
SwapFree:        8388380 kB
Dirty:                84 kB
Writeback:             0 kB
AnonPages:       4625364 kB
Mapped:            98104 kB
Shmem:               192 kB
Slab:             375916 kB
SReclaimable:     308824 kB
SUnreclaim:        67092 kB
KernelStack:        4656 kB
PageTables:        16756 kB
NFS_Unstable:          0 kB
Bounce:                0 kB
WritebackTmp:          0 kB
CommitLimit:    16554408 kB
Committed_AS:    6810760 kB
VmallocTotal:   34359738367 kB
VmallocUsed:      108380 kB
VmallocChunk:   34351234244 kB
HardwareCorrupted:     0 kB
AnonHugePages:         0 kB
HugePages_Total:       0
HugePages_Free:        0
HugePages_Rsvd:        0
HugePages_Surp:        0
Hugepagesize:       2048 kB
DirectMap4k:        9920 kB
DirectMap2M:     2086912 kB
DirectMap1G:    14680064 kB


CPU:total 8 (4 cores per cpu, 1 threads per core) family 16 model 2 stepping 3, cmov, cx8, fxsr, mmx, sse, sse2, sse3, popcnt, mmxext, 3dnowpref, lzcnt, sse4a, tsc, tscinvbit, tscinv

/proc/cpuinfo:
processor	: 0
vendor_id	: AuthenticAMD
cpu family	: 16
model		: 2
model name	: Quad-Core AMD Opteron(tm) Processor 2354
stepping	: 3
cpu MHz		: 2200.000
cache size	: 512 KB
physical id	: 0
siblings	: 4
core id		: 0
cpu cores	: 4
apicid		: 0
initial apicid	: 0
fpu		: yes
fpu_exception	: yes
cpuid level	: 5
wp		: yes
flags		: fpu vme de pse tsc msr pae mce cx8 apic sep mtrr pge mca cmov pat pse36 clflush mmx fxsr sse sse2 ht syscall nx mmxext fxsr_opt pdpe1gb rdtscp lm 3dnowext 3dnow constant_tsc rep_good nonstop_tsc extd_apicid pni monitor cx16 popcnt lahf_lm cmp_legacy svm extapic cr8_legacy abm sse4a misalignsse 3dnowprefetch osvw ibs npt lbrv svm_lock
bogomips	: 4422.88
TLB size	: 1024 4K pages
clflush size	: 64
cache_alignment	: 64
address sizes	: 48 bits physical, 48 bits virtual
power management: ts ttp tm stc 100mhzsteps hwpstate

processor	: 1
vendor_id	: AuthenticAMD
cpu family	: 16
model		: 2
model name	: Quad-Core AMD Opteron(tm) Processor 2354
stepping	: 3
cpu MHz		: 2200.000
cache size	: 512 KB
physical id	: 0
siblings	: 4
core id		: 1
cpu cores	: 4
apicid		: 1
initial apicid	: 1
fpu		: yes
fpu_exception	: yes
cpuid level	: 5
wp		: yes
flags		: fpu vme de pse tsc msr pae mce cx8 apic sep mtrr pge mca cmov pat pse36 clflush mmx fxsr sse sse2 ht syscall nx mmxext fxsr_opt pdpe1gb rdtscp lm 3dnowext 3dnow constant_tsc rep_good nonstop_tsc extd_apicid pni monitor cx16 popcnt lahf_lm cmp_legacy svm extapic cr8_legacy abm sse4a misalignsse 3dnowprefetch osvw ibs npt lbrv svm_lock
bogomips	: 4422.88
TLB size	: 1024 4K pages
clflush size	: 64
cache_alignment	: 64
address sizes	: 48 bits physical, 48 bits virtual
power management: ts ttp tm stc 100mhzsteps hwpstate

processor	: 2
vendor_id	: AuthenticAMD
cpu family	: 16
model		: 2
model name	: Quad-Core AMD Opteron(tm) Processor 2354
stepping	: 3
cpu MHz		: 2200.000
cache size	: 512 KB
physical id	: 0
siblings	: 4
core id		: 2
cpu cores	: 4
apicid		: 2
initial apicid	: 2
fpu		: yes
fpu_exception	: yes
cpuid level	: 5
wp		: yes
flags		: fpu vme de pse tsc msr pae mce cx8 apic sep mtrr pge mca cmov pat pse36 clflush mmx fxsr sse sse2 ht syscall nx mmxext fxsr_opt pdpe1gb rdtscp lm 3dnowext 3dnow constant_tsc rep_good nonstop_tsc extd_apicid pni monitor cx16 popcnt lahf_lm cmp_legacy svm extapic cr8_legacy abm sse4a misalignsse 3dnowprefetch osvw ibs npt lbrv svm_lock
bogomips	: 4422.88
TLB size	: 1024 4K pages
clflush size	: 64
cache_alignment	: 64
address sizes	: 48 bits physical, 48 bits virtual
power management: ts ttp tm stc 100mhzsteps hwpstate

processor	: 3
vendor_id	: AuthenticAMD
cpu family	: 16
model		: 2
model name	: Quad-Core AMD Opteron(tm) Processor 2354
stepping	: 3
cpu MHz		: 2200.000
cache size	: 512 KB
physical id	: 0
siblings	: 4
core id		: 3
cpu cores	: 4
apicid		: 3
initial apicid	: 3
fpu		: yes
fpu_exception	: yes
cpuid level	: 5
wp		: yes
flags		: fpu vme de pse tsc msr pae mce cx8 apic sep mtrr pge mca cmov pat pse36 clflush mmx fxsr sse sse2 ht syscall nx mmxext fxsr_opt pdpe1gb rdtscp lm 3dnowext 3dnow constant_tsc rep_good nonstop_tsc extd_apicid pni monitor cx16 popcnt lahf_lm cmp_legacy svm extapic cr8_legacy abm sse4a misalignsse 3dnowprefetch osvw ibs npt lbrv svm_lock
bogomips	: 4422.88
TLB size	: 1024 4K pages
clflush size	: 64
cache_alignment	: 64
address sizes	: 48 bits physical, 48 bits virtual
power management: ts ttp tm stc 100mhzsteps hwpstate

processor	: 4
vendor_id	: AuthenticAMD
cpu family	: 16
model		: 2
model name	: Quad-Core AMD Opteron(tm) Processor 2354
stepping	: 3
cpu MHz		: 2200.000
cache size	: 512 KB
physical id	: 1
siblings	: 4
core id		: 0
cpu cores	: 4
apicid		: 4
initial apicid	: 4
fpu		: yes
fpu_exception	: yes
cpuid level	: 5
wp		: yes
flags		: fpu vme de pse tsc msr pae mce cx8 apic sep mtrr pge mca cmov pat pse36 clflush mmx fxsr sse sse2 ht syscall nx mmxext fxsr_opt pdpe1gb rdtscp lm 3dnowext 3dnow constant_tsc rep_good nonstop_tsc extd_apicid pni monitor cx16 popcnt lahf_lm cmp_legacy svm extapic cr8_legacy abm sse4a misalignsse 3dnowprefetch osvw ibs npt lbrv svm_lock
bogomips	: 4422.23
TLB size	: 1024 4K pages
clflush size	: 64
cache_alignment	: 64
address sizes	: 48 bits physical, 48 bits virtual
power management: ts ttp tm stc 100mhzsteps hwpstate

processor	: 5
vendor_id	: AuthenticAMD
cpu family	: 16
model		: 2
model name	: Quad-Core AMD Opteron(tm) Processor 2354
stepping	: 3
cpu MHz		: 2200.000
cache size	: 512 KB
physical id	: 1
siblings	: 4
core id		: 1
cpu cores	: 4
apicid		: 5
initial apicid	: 5
fpu		: yes
fpu_exception	: yes
cpuid level	: 5
wp		: yes
flags		: fpu vme de pse tsc msr pae mce cx8 apic sep mtrr pge mca cmov pat pse36 clflush mmx fxsr sse sse2 ht syscall nx mmxext fxsr_opt pdpe1gb rdtscp lm 3dnowext 3dnow constant_tsc rep_good nonstop_tsc extd_apicid pni monitor cx16 popcnt lahf_lm cmp_legacy svm extapic cr8_legacy abm sse4a misalignsse 3dnowprefetch osvw ibs npt lbrv svm_lock
bogomips	: 4422.23
TLB size	: 1024 4K pages
clflush size	: 64
cache_alignment	: 64
address sizes	: 48 bits physical, 48 bits virtual
power management: ts ttp tm stc 100mhzsteps hwpstate

processor	: 6
vendor_id	: AuthenticAMD
cpu family	: 16
model		: 2
model name	: Quad-Core AMD Opteron(tm) Processor 2354
stepping	: 3
cpu MHz		: 2200.000
cache size	: 512 KB
physical id	: 1
siblings	: 4
core id		: 2
cpu cores	: 4
apicid		: 6
initial apicid	: 6
fpu		: yes
fpu_exception	: yes
cpuid level	: 5
wp		: yes
flags		: fpu vme de pse tsc msr pae mce cx8 apic sep mtrr pge mca cmov pat pse36 clflush mmx fxsr sse sse2 ht syscall nx mmxext fxsr_opt pdpe1gb rdtscp lm 3dnowext 3dnow constant_tsc rep_good nonstop_tsc extd_apicid pni monitor cx16 popcnt lahf_lm cmp_legacy svm extapic cr8_legacy abm sse4a misalignsse 3dnowprefetch osvw ibs npt lbrv svm_lock
bogomips	: 4422.23
TLB size	: 1024 4K pages
clflush size	: 64
cache_alignment	: 64
address sizes	: 48 bits physical, 48 bits virtual
power management: ts ttp tm stc 100mhzsteps hwpstate

processor	: 7
vendor_id	: AuthenticAMD
cpu family	: 16
model		: 2
model name	: Quad-Core AMD Opteron(tm) Processor 2354
stepping	: 3
cpu MHz		: 2200.000
cache size	: 512 KB
physical id	: 1
siblings	: 4
core id		: 3
cpu cores	: 4
apicid		: 7
initial apicid	: 7
fpu		: yes
fpu_exception	: yes
cpuid level	: 5
wp		: yes
flags		: fpu vme de pse tsc msr pae mce cx8 apic sep mtrr pge mca cmov pat pse36 clflush mmx fxsr sse sse2 ht syscall nx mmxext fxsr_opt pdpe1gb rdtscp lm 3dnowext 3dnow constant_tsc rep_good nonstop_tsc extd_apicid pni monitor cx16 popcnt lahf_lm cmp_legacy svm extapic cr8_legacy abm sse4a misalignsse 3dnowprefetch osvw ibs npt lbrv svm_lock
bogomips	: 4422.23
TLB size	: 1024 4K pages
clflush size	: 64
cache_alignment	: 64
address sizes	: 48 bits physical, 48 bits virtual
power management: ts ttp tm stc 100mhzsteps hwpstate



Memory: 4k page, physical 16331612k(5182836k free), swap 8388604k(8388380k free)

vm_info: OpenJDK 64-Bit Server VM (23.25-b01) for linux-amd64 JRE (1.6.0_32-b32), built on Aug 21 2014 11:15:48 by "mockbuild" with gcc 4.4.7 20120313 (Red Hat 4.4.7-4)

time: Mon Sep 22 23:45:23 2014
elapsed time: 5 seconds

