#
# A fatal error has been detected by the Java Runtime Environment:
#
#  SIGBUS (0x7) at pc=0x00002b06c6733522, pid=31182, tid=47308094502656
#
# JRE version: 6.0_32-b32
# Java VM: OpenJDK 64-Bit Server VM (23.25-b01 mixed mode linux-amd64 compressed oops)
# Problematic frame:
# C  [libzip.so+0x4522]  ZIP_Lock+0x252
#
# Core dump written. Default location: /mmfs/automount/gpfs/homefs/sm/dw07r324/jobs/piterman.eq.macc.sp.ro.r/core or core.31182
#
# If you would like to submit a bug report, please include
# instructions how to reproduce the bug and visit:
#   http://icedtea.classpath.org/bugzilla
# The crash happened outside the Java Virtual Machine in native code.
# See problematic frame for where to report the bug.
#

---------------  T H R E A D  ---------------

Current thread (0x00002b06c8008000):  JavaThread "main" [_thread_in_native, id=31183, stack(0x00002b06c61af000,0x00002b06c62b0000)]

siginfo:si_signo=SIGBUS: si_errno=0, si_code=2 (BUS_ADRERR), si_addr=0x00002b070a3d38b6

Registers:
RAX=0x00002b06c880e500, RBX=0x00002b070a3d3899, RCX=0x0000000000000601, RDX=0x0000000000000600
RSP=0x00002b06c62ad430, RBP=0x00002b06c62ad470, RSI=0x0000000000000040, RDI=0x00002b06c8000020
R8 =0x00002b06c8000088, R9 =0x0000000000000001, R10=0x0000000000000040, R11=0x00002b06c59df660
R12=0x00002b06c880e500, R13=0x00002b06c82d3070, R14=0x00002b06c62ad4e0, R15=0x00002b06c880e500
RIP=0x00002b06c6733522, EFLAGS=0x0000000000010206, CSGSFS=0x0000000000000033, ERR=0x0000000000000004
  TRAPNO=0x000000000000000e

Top of Stack: (sp=0x00002b06c62ad430)
0x00002b06c62ad430:   00002b06c82d3190 00002b06c592905e
0x00002b06c62ad440:   0000000000000397 00002b06c82d0334
0x00002b06c62ad450:   00002b06c82d3070 000000000cfffdc0
0x00002b06c62ad460:   00002b06c62ad4e0 0000000000000033
0x00002b06c62ad470:   00002b06c62ad4c0 00002b06c6733ae2
0x00002b06c62ad480:   00002b06c8008000 00002b06c82cbb90
0x00002b06c62ad490:   00002744c62ad500 00002b06c80081d8
0x00002b06c62ad4a0:   00002b06c62ad4e0 0000000000000033
0x00002b06c62ad4b0:   00002b06c62ad9b8 00002b06c62ad4e0
0x00002b06c62ad4c0:   00002b06c62ad920 00002b06c6732ae4
0x00002b06c62ad4d0:   0000003301008000 00002b06c82d3070
0x00002b06c62ad4e0:   2f73657373616c63 727676732f67726f
0x00002b06c62ad4f0:   632f6c616f672f6c 412f6f692f65726f
0x00002b06c62ad500:   6e6961686369746e 6c632e6365646f43
0x00002b06c62ad510:   0000000000737361 0000000400000004
0x00002b06c62ad520:   00002b06c8008b90 00002b06c5928fff
0x00002b06c62ad530:   00002b06c62ad560 00002b06c62ad5f0
0x00002b06c62ad540:   00002b06c8008000 0000000000000001
0x00002b06c62ad550:   00002b06c5b05354 0000000000001389
0x00002b06c62ad560:   00002b06c62ad5a0 00002b06c59fa437
0x00002b06c62ad570:   00002b06c62ad5a0 00002b06c59fab94
0x00002b06c62ad580:   00002b06c8008000 00002b06c62ad5f0
0x00002b06c62ad590:   00002b06c8008000 0000000000000001
0x00002b06c62ad5a0:   00002b06c62ad650 00002b06c591df68
0x00002b06c62ad5b0:   00002b06c62ad600 00002b0600000000
0x00002b06c62ad5c0:   00002b06c62ad650 00002b06c55f03f8
0x00002b06c62ad5d0:   00002b06c8008750 00002b06c8007770
0x00002b06c62ad5e0:   0000000000000000 0000000000000000
0x00002b06c62ad5f0:   00002b06c8005960 00002b06c8008b80
0x00002b06c62ad600:   0000000000000000 0000000000000001
0x00002b06c62ad610:   00002b06c8008000 ffffffffffffffff
0x00002b06c62ad620:   00002b06c62ad690 00002b06c572fa03 

Instructions: (pc=0x00002b06c6733522)
0x00002b06c6733502:   00 00 00 00 00 48 c7 40 30 00 00 00 00 48 c7 40
0x00002b06c6733512:   28 00 00 00 00 8b 5b 04 49 2b 5d 28 49 03 5d 18
0x00002b06c6733522:   44 0f b6 73 1d 0f b6 43 1c 41 c1 e6 08 41 09 c6
0x00002b06c6733532:   0f b6 43 1e 88 45 ce 0f b6 43 1f 88 45 cf 0f b6 

Register to memory mapping:

RAX=0x00002b06c880e500 is an unknown value
RBX=0x00002b070a3d3899 is an unknown value
RCX=0x0000000000000601 is an unknown value
RDX=0x0000000000000600 is an unknown value
RSP=0x00002b06c62ad430 is pointing into the stack for thread: 0x00002b06c8008000
RBP=0x00002b06c62ad470 is pointing into the stack for thread: 0x00002b06c8008000
RSI=0x0000000000000040 is an unknown value
RDI=0x00002b06c8000020 is an unknown value
R8 =0x00002b06c8000088 is an unknown value
R9 =0x0000000000000001 is an unknown value
R10=0x0000000000000040 is an unknown value
R11=0x00002b06c59df660: <offset 0x79f660> in /usr/lib/jvm/java-1.6.0-openjdk-1.6.0.0.x86_64/jre/lib/amd64/server/libjvm.so at 0x00002b06c5240000
R12=0x00002b06c880e500 is an unknown value
R13=0x00002b06c82d3070 is an unknown value
R14=0x00002b06c62ad4e0 is pointing into the stack for thread: 0x00002b06c8008000
R15=0x00002b06c880e500 is an unknown value


Stack: [0x00002b06c61af000,0x00002b06c62b0000],  sp=0x00002b06c62ad430,  free space=1017k
Native frames: (J=compiled Java code, j=interpreted, Vv=VM code, C=native code)
C  [libzip.so+0x4522]  ZIP_Lock+0x252
C  [libzip.so+0x4ae2]  ZIP_GetEntry+0xc2
C  [libzip.so+0x3ae4]  Java_java_util_zip_ZipFile_getEntry+0xc4
j  java.util.zip.ZipFile.getEntry(JLjava/lang/String;Z)J+0
j  java.util.zip.ZipFile.getEntry(Ljava/lang/String;)Ljava/util/zip/ZipEntry;+31
j  java.util.jar.JarFile.getEntry(Ljava/lang/String;)Ljava/util/zip/ZipEntry;+2
j  sun.net.www.protocol.jar.URLJarFile.getEntry(Ljava/lang/String;)Ljava/util/zip/ZipEntry;+2
j  sun.net.www.protocol.jar.JarURLConnection.connect()V+62
j  sun.net.www.protocol.jar.JarURLConnection.getInputStream()Ljava/io/InputStream;+1
j  sun.misc.URLClassPath$Loader.getResource(Ljava/lang/String;Z)Lsun/misc/Resource;+48
j  sun.misc.URLClassPath.getResource(Ljava/lang/String;Z)Lsun/misc/Resource;+53
j  java.net.URLClassLoader$1.run()Ljava/lang/Object;+26
v  ~StubRoutines::call_stub
V  [libjvm.so+0x537e3e]  AsyncGetCallTrace+0xd776e
V  [libjvm.so+0x536ad8]  AsyncGetCallTrace+0xd6408
V  [libjvm.so+0x597140]  JVM_DoPrivileged+0x400
j  java.security.AccessController.doPrivileged(Ljava/security/PrivilegedExceptionAction;Ljava/security/AccessControlContext;)Ljava/lang/Object;+0
j  java.net.URLClassLoader.findClass(Ljava/lang/String;)Ljava/lang/Class;+13
j  org.java.plugin.standard.StandardPluginClassLoader.loadLocalClass(Ljava/lang/String;ZLorg/java/plugin/standard/StandardPluginClassLoader;)Ljava/lang/Class;+97
j  org.java.plugin.standard.StandardPluginClassLoader.loadClass(Ljava/lang/String;Z)Ljava/lang/Class;+62
j  java.lang.ClassLoader.loadClass(Ljava/lang/String;)Ljava/lang/Class;+3
j  org.svvrl.goal.core.CorePlugin.loadCodecs()V+63
j  org.svvrl.goal.core.CorePlugin.initApplication(Lorg/java/plugin/util/ExtendedProperties;[Ljava/lang/String;)Lorg/java/plugin/boot/Application;+150
j  org.java.plugin.boot.DefaultApplicationInitializer.initApplication(Lorg/java/plugin/boot/BootErrorHandler;[Ljava/lang/String;)Lorg/java/plugin/boot/Application;+530
j  org.java.plugin.boot.Boot.initApplication(Lorg/java/plugin/boot/BootErrorHandler;Lorg/java/plugin/util/ExtendedProperties;[Ljava/lang/String;)Lorg/java/plugin/boot/Application;+157
j  org.java.plugin.boot.Boot.boot(Lorg/java/plugin/util/ExtendedProperties;ZLjava/lang/String;Lorg/java/plugin/boot/BootErrorHandler;[Ljava/lang/String;)Lorg/java/plugin/boot/Application;+338
j  org.java.plugin.boot.Boot.main([Ljava/lang/String;)V+162
v  ~StubRoutines::call_stub
V  [libjvm.so+0x537e3e]  AsyncGetCallTrace+0xd776e
V  [libjvm.so+0x536ad8]  AsyncGetCallTrace+0xd6408
V  [libjvm.so+0x5452a7]  JNI_CreateJavaVM+0x12e7
V  [libjvm.so+0x55a4eb]  JNI_CreateJavaVM+0x1652b
C  [java+0x374d]  JavaMain+0xd0d

Java frames: (J=compiled Java code, j=interpreted, Vv=VM code)
j  java.util.zip.ZipFile.getEntry(JLjava/lang/String;Z)J+0
j  java.util.zip.ZipFile.getEntry(Ljava/lang/String;)Ljava/util/zip/ZipEntry;+31
j  java.util.jar.JarFile.getEntry(Ljava/lang/String;)Ljava/util/zip/ZipEntry;+2
j  sun.net.www.protocol.jar.URLJarFile.getEntry(Ljava/lang/String;)Ljava/util/zip/ZipEntry;+2
j  sun.net.www.protocol.jar.JarURLConnection.connect()V+62
j  sun.net.www.protocol.jar.JarURLConnection.getInputStream()Ljava/io/InputStream;+1
j  sun.misc.URLClassPath$Loader.getResource(Ljava/lang/String;Z)Lsun/misc/Resource;+48
j  sun.misc.URLClassPath.getResource(Ljava/lang/String;Z)Lsun/misc/Resource;+53
j  java.net.URLClassLoader$1.run()Ljava/lang/Object;+26
v  ~StubRoutines::call_stub
j  java.security.AccessController.doPrivileged(Ljava/security/PrivilegedExceptionAction;Ljava/security/AccessControlContext;)Ljava/lang/Object;+0
j  java.net.URLClassLoader.findClass(Ljava/lang/String;)Ljava/lang/Class;+13
j  org.java.plugin.standard.StandardPluginClassLoader.loadLocalClass(Ljava/lang/String;ZLorg/java/plugin/standard/StandardPluginClassLoader;)Ljava/lang/Class;+97
j  org.java.plugin.standard.StandardPluginClassLoader.loadClass(Ljava/lang/String;Z)Ljava/lang/Class;+62
j  java.lang.ClassLoader.loadClass(Ljava/lang/String;)Ljava/lang/Class;+3
j  org.svvrl.goal.core.CorePlugin.loadCodecs()V+63
j  org.svvrl.goal.core.CorePlugin.initApplication(Lorg/java/plugin/util/ExtendedProperties;[Ljava/lang/String;)Lorg/java/plugin/boot/Application;+150
j  org.java.plugin.boot.DefaultApplicationInitializer.initApplication(Lorg/java/plugin/boot/BootErrorHandler;[Ljava/lang/String;)Lorg/java/plugin/boot/Application;+530
j  org.java.plugin.boot.Boot.initApplication(Lorg/java/plugin/boot/BootErrorHandler;Lorg/java/plugin/util/ExtendedProperties;[Ljava/lang/String;)Lorg/java/plugin/boot/Application;+157
j  org.java.plugin.boot.Boot.boot(Lorg/java/plugin/util/ExtendedProperties;ZLjava/lang/String;Lorg/java/plugin/boot/BootErrorHandler;[Ljava/lang/String;)Lorg/java/plugin/boot/Application;+338
j  org.java.plugin.boot.Boot.main([Ljava/lang/String;)V+162
v  ~StubRoutines::call_stub

---------------  P R O C E S S  ---------------

Java Threads: ( => current thread )
  0x00002b06c8101800 JavaThread "Low Memory Detector" daemon [_thread_blocked, id=31198, stack(0x00002b070a194000,0x00002b070a295000)]
  0x00002b06c80ff000 JavaThread "C2 CompilerThread1" daemon [_thread_in_native, id=31197, stack(0x00002b070a093000,0x00002b070a194000)]
  0x00002b06c80fc800 JavaThread "C2 CompilerThread0" daemon [_thread_in_native, id=31196, stack(0x00002b0709f92000,0x00002b070a093000)]
  0x00002b06c80fa000 JavaThread "Signal Dispatcher" daemon [_thread_blocked, id=31195, stack(0x00002b0709e91000,0x00002b0709f92000)]
  0x00002b06c80ab800 JavaThread "Finalizer" daemon [_thread_blocked, id=31194, stack(0x00002b06f4eb3000,0x00002b06f4fb4000)]
  0x00002b06c80a9800 JavaThread "Reference Handler" daemon [_thread_blocked, id=31193, stack(0x00002b06f4db2000,0x00002b06f4eb3000)]
=>0x00002b06c8008000 JavaThread "main" [_thread_in_native, id=31183, stack(0x00002b06c61af000,0x00002b06c62b0000)]

Other Threads:
  0x00002b06c809a800 VMThread [stack: 0x00002b06f4cb1000,0x00002b06f4db2000] [id=31192]
  0x00002b06c810c800 WatcherThread [stack: 0x00002b070a295000,0x00002b070a396000] [id=31199]

VM state:not at safepoint (normal execution)

VM Mutex/Monitor currently owned by a thread: None

Heap
 PSYoungGen      total 305856K, used 20977K [0x00000000eaab0000, 0x0000000100000000, 0x0000000100000000)
  eden space 262208K, 8% used [0x00000000eaab0000,0x00000000ebf2c418,0x00000000faac0000)
  from space 43648K, 0% used [0x00000000fd560000,0x00000000fd560000,0x0000000100000000)
  to   space 43648K, 0% used [0x00000000faac0000,0x00000000faac0000,0x00000000fd560000)
 ParOldGen       total 699072K, used 0K [0x00000000c0000000, 0x00000000eaab0000, 0x00000000eaab0000)
  object space 699072K, 0% used [0x00000000c0000000,0x00000000c0000000,0x00000000eaab0000)
 PSPermGen       total 21248K, used 7155K [0x00000000b5a00000, 0x00000000b6ec0000, 0x00000000c0000000)
  object space 21248K, 33% used [0x00000000b5a00000,0x00000000b60fce98,0x00000000b6ec0000)

Card table byte_map: [0x00002b06cf0c0000,0x00002b06cf314000] byte_map_base: 0x00002b06ceb13000

Polling page: 0x00002b06c66f0000

Code Cache  [0x00002b06cc000000, 0x00002b06cc270000, 0x00002b06cf000000)
 total_blobs=320 nmethods=97 adapters=176 free_code_cache=48476Kb largest_free_block=49610304

Compilation events (10 events):
Event: 0.982 Thread 0x00002b06c80ff000 nmethod 86 0x00002b06cc08c710 code [0x00002b06cc08c840, 0x00002b06cc08c898]
Event: 0.985 Thread 0x00002b06c80ff000   87             java.util.AbstractCollection::isEmpty (13 bytes)
Event: 0.986 Thread 0x00002b06c80ff000 nmethod 87 0x00002b06cc08c4d0 code [0x00002b06cc08c620, 0x00002b06cc08c698]
Event: 0.988 Thread 0x00002b06c80ff000   88             org.java.plugin.registry.xml.ExtensionImpl::validateParameters (408 bytes)
Event: 1.173 Thread 0x00002b06c80fc800 nmethod 82 0x00002b06cc0a2750 code [0x00002b06cc0a2cc0, 0x00002b06cc0a62a0]
Event: 1.173 Thread 0x00002b06c80fc800   89             java.util.LinkedList::addAll (10 bytes)
Event: 1.180 Thread 0x00002b06c80fc800 nmethod 89 0x00002b06cc0a0250 code [0x00002b06cc0a03e0, 0x00002b06cc0a0808]
Event: 1.180 Thread 0x00002b06c80fc800   90             java.util.LinkedList::addAll (172 bytes)
Event: 1.187 Thread 0x00002b06c80fc800 nmethod 90 0x00002b06cc0a1d90 code [0x00002b06cc0a1f20, 0x00002b06cc0a2398]
Event: 1.187 Thread 0x00002b06c80fc800   91             org.java.plugin.registry.xml.ExtensionImpl$ParameterImpl::getDefinition (301 bytes)

GC Heap History (0 events):
No events

Deoptimization events (9 events):
Event: 0.264 Thread 0x00002b06c8008000 Uncommon trap -34 fr.pc 0x00002b06cc05ea30
Event: 0.264 Thread 0x00002b06c8008000 Uncommon trap -34 fr.pc 0x00002b06cc05ea30
Event: 0.330 Thread 0x00002b06c8008000 Uncommon trap -12 fr.pc 0x00002b06cc0659ec
Event: 0.954 Thread 0x00002b06c8008000 Uncommon trap -58 fr.pc 0x00002b06cc085660
Event: 0.954 Thread 0x00002b06c8008000 Uncommon trap -58 fr.pc 0x00002b06cc085660
Event: 0.954 Thread 0x00002b06c8008000 Uncommon trap -58 fr.pc 0x00002b06cc085660
Event: 0.954 Thread 0x00002b06c8008000 Uncommon trap -58 fr.pc 0x00002b06cc085660
Event: 1.133 Thread 0x00002b06c8008000 Uncommon trap -34 fr.pc 0x00002b06cc05ea30
Event: 1.133 Thread 0x00002b06c8008000 Uncommon trap -34 fr.pc 0x00002b06cc05ea30

Internal exceptions (10 events):
Event: 1.189 Thread 0x00002b06c8008000 Threw 0x00000000eb897500 at /builddir/build/BUILD/icedtea6-1.13.4/openjdk/hotspot/src/share/vm/prims/jvm.cpp:1235
Event: 1.195 Thread 0x00002b06c8008000 Threw 0x00000000eb8cf788 at /builddir/build/BUILD/icedtea6-1.13.4/openjdk/hotspot/src/share/vm/classfile/systemDictionary.cpp:179
Event: 1.195 Thread 0x00002b06c8008000 Threw 0x00000000eb8cfae8 at /builddir/build/BUILD/icedtea6-1.13.4/openjdk/hotspot/src/share/vm/prims/jvm.cpp:1235
Event: 1.195 Thread 0x00002b06c8008000 Threw 0x00000000eb8cfef8 at /builddir/build/BUILD/icedtea6-1.13.4/openjdk/hotspot/src/share/vm/prims/jvm.cpp:1235
Event: 1.206 Thread 0x00002b06c8008000 Threw 0x00000000eb915e48 at /builddir/build/BUILD/icedtea6-1.13.4/openjdk/hotspot/src/share/vm/classfile/systemDictionary.cpp:179
Event: 1.206 Thread 0x00002b06c8008000 Threw 0x00000000eb9161a0 at /builddir/build/BUILD/icedtea6-1.13.4/openjdk/hotspot/src/share/vm/prims/jvm.cpp:1235
Event: 1.206 Thread 0x00002b06c8008000 Threw 0x00000000eb9165a8 at /builddir/build/BUILD/icedtea6-1.13.4/openjdk/hotspot/src/share/vm/prims/jvm.cpp:1235
Event: 1.223 Thread 0x00002b06c8008000 Threw 0x00000000eb98d210 at /builddir/build/BUILD/icedtea6-1.13.4/openjdk/hotspot/src/share/vm/classfile/systemDictionary.cpp:179
Event: 1.223 Thread 0x00002b06c8008000 Threw 0x00000000eb98d568 at /builddir/build/BUILD/icedtea6-1.13.4/openjdk/hotspot/src/share/vm/prims/jvm.cpp:1235
Event: 1.223 Thread 0x00002b06c8008000 Threw 0x00000000eb98d970 at /builddir/build/BUILD/icedtea6-1.13.4/openjdk/hotspot/src/share/vm/prims/jvm.cpp:1235

Events (10 events):
Event: 1.212 loading class 0x00002b06c87ae0b0
Event: 1.212 loading class 0x00002b06c87ae0b0 done
Event: 1.212 loading class 0x00002b06c87ad4c0 done
Event: 1.212 loading class 0x00002b06c8420ef0 done
Event: 1.212 loading class 0x00002b06c8770720
Event: 1.212 loading class 0x00002b06c8770720 done
Event: 1.221 loading class 0x00002b06c87be210
Event: 1.221 loading class 0x00002b06c87be210 done
Event: 1.223 loading class 0x00002b06c87ff500
Event: 1.223 loading class 0x00002b06c87ff500 done


Dynamic libraries:
00400000-00409000 r-xp 00000000 fd:01 5993                               /usr/lib/jvm/java-1.6.0-openjdk-1.6.0.0.x86_64/jre/bin/java
00608000-0060a000 rw-p 00008000 fd:01 5993                               /usr/lib/jvm/java-1.6.0-openjdk-1.6.0.0.x86_64/jre/bin/java
01ff6000-02017000 rw-p 00000000 00:00 0                                  [heap]
b5a00000-b6ec0000 rw-p 00000000 00:00 0 
b6ec0000-c0000000 rw-p 00000000 00:00 0 
c0000000-100000000 rw-p 00000000 00:00 0 
364f800000-364f820000 r-xp 00000000 fd:01 130582                         /lib64/ld-2.12.so
364fa1f000-364fa20000 r--p 0001f000 fd:01 130582                         /lib64/ld-2.12.so
364fa20000-364fa21000 rw-p 00020000 fd:01 130582                         /lib64/ld-2.12.so
364fa21000-364fa22000 rw-p 00000000 00:00 0 
364fc00000-364fd8a000 r-xp 00000000 fd:01 130613                         /lib64/libc-2.12.so
364fd8a000-364ff8a000 ---p 0018a000 fd:01 130613                         /lib64/libc-2.12.so
364ff8a000-364ff8e000 r--p 0018a000 fd:01 130613                         /lib64/libc-2.12.so
364ff8e000-364ff8f000 rw-p 0018e000 fd:01 130613                         /lib64/libc-2.12.so
364ff8f000-364ff94000 rw-p 00000000 00:00 0 
3650000000-3650004000 r-xp 00000000 fd:01 13573                          /usr/lib/jvm/java-1.6.0-openjdk-1.6.0.0.x86_64/jre/lib/amd64/jli/libjli.so
3650004000-3650203000 ---p 00004000 fd:01 13573                          /usr/lib/jvm/java-1.6.0-openjdk-1.6.0.0.x86_64/jre/lib/amd64/jli/libjli.so
3650203000-3650204000 rw-p 00003000 fd:01 13573                          /usr/lib/jvm/java-1.6.0-openjdk-1.6.0.0.x86_64/jre/lib/amd64/jli/libjli.so
3650400000-3650417000 r-xp 00000000 fd:01 130636                         /lib64/libpthread-2.12.so
3650417000-3650617000 ---p 00017000 fd:01 130636                         /lib64/libpthread-2.12.so
3650617000-3650618000 r--p 00017000 fd:01 130636                         /lib64/libpthread-2.12.so
3650618000-3650619000 rw-p 00018000 fd:01 130636                         /lib64/libpthread-2.12.so
3650619000-365061d000 rw-p 00000000 00:00 0 
3650800000-3650802000 r-xp 00000000 fd:01 130624                         /lib64/libdl-2.12.so
3650802000-3650a02000 ---p 00002000 fd:01 130624                         /lib64/libdl-2.12.so
3650a02000-3650a03000 r--p 00002000 fd:01 130624                         /lib64/libdl-2.12.so
3650a03000-3650a04000 rw-p 00003000 fd:01 130624                         /lib64/libdl-2.12.so
3650c00000-3650c15000 r-xp 00000000 fd:01 130638                         /lib64/libz.so.1.2.3
3650c15000-3650e14000 ---p 00015000 fd:01 130638                         /lib64/libz.so.1.2.3
3650e14000-3650e15000 r--p 00014000 fd:01 130638                         /lib64/libz.so.1.2.3
3650e15000-3650e16000 rw-p 00015000 fd:01 130638                         /lib64/libz.so.1.2.3
3651000000-3651007000 r-xp 00000000 fd:01 132701                         /lib64/librt-2.12.so
3651007000-3651206000 ---p 00007000 fd:01 132701                         /lib64/librt-2.12.so
3651206000-3651207000 r--p 00006000 fd:01 132701                         /lib64/librt-2.12.so
3651207000-3651208000 rw-p 00007000 fd:01 132701                         /lib64/librt-2.12.so
3651800000-3651816000 r-xp 00000000 fd:01 133662                         /lib64/libgcc_s-4.4.7-20120601.so.1
3651816000-3651a15000 ---p 00016000 fd:01 133662                         /lib64/libgcc_s-4.4.7-20120601.so.1
3651a15000-3651a16000 rw-p 00015000 fd:01 133662                         /lib64/libgcc_s-4.4.7-20120601.so.1
3653000000-36530e8000 r-xp 00000000 fd:01 49938                          /usr/lib64/libstdc++.so.6.0.13
36530e8000-36532e8000 ---p 000e8000 fd:01 49938                          /usr/lib64/libstdc++.so.6.0.13
36532e8000-36532ef000 r--p 000e8000 fd:01 49938                          /usr/lib64/libstdc++.so.6.0.13
36532ef000-36532f1000 rw-p 000ef000 fd:01 49938                          /usr/lib64/libstdc++.so.6.0.13
36532f1000-3653306000 rw-p 00000000 00:00 0 
365c200000-365c216000 r-xp 00000000 fd:01 137559                         /lib64/libnsl-2.12.so
365c216000-365c415000 ---p 00016000 fd:01 137559                         /lib64/libnsl-2.12.so
365c415000-365c416000 r--p 00015000 fd:01 137559                         /lib64/libnsl-2.12.so
365c416000-365c417000 rw-p 00016000 fd:01 137559                         /lib64/libnsl-2.12.so
365c417000-365c419000 rw-p 00000000 00:00 0 
2b06c5225000-2b06c5226000 rw-p 00000000 00:00 0 
2b06c523c000-2b06c5240000 rw-p 00000000 00:00 0 
2b06c5240000-2b06c5c4b000 r-xp 00000000 fd:01 23213                      /usr/lib/jvm/java-1.6.0-openjdk-1.6.0.0.x86_64/jre/lib/amd64/server/libjvm.so
2b06c5c4b000-2b06c5e4b000 ---p 00a0b000 fd:01 23213                      /usr/lib/jvm/java-1.6.0-openjdk-1.6.0.0.x86_64/jre/lib/amd64/server/libjvm.so
2b06c5e4b000-2b06c5eec000 rw-p 00a0b000 fd:01 23213                      /usr/lib/jvm/java-1.6.0-openjdk-1.6.0.0.x86_64/jre/lib/amd64/server/libjvm.so
2b06c5eec000-2b06c5f15000 rw-p 00000000 00:00 0 
2b06c5f2b000-2b06c5fae000 r-xp 00000000 fd:01 130627                     /lib64/libm-2.12.so
2b06c5fae000-2b06c61ad000 ---p 00083000 fd:01 130627                     /lib64/libm-2.12.so
2b06c61ad000-2b06c61ae000 r--p 00082000 fd:01 130627                     /lib64/libm-2.12.so
2b06c61ae000-2b06c61af000 rw-p 00083000 fd:01 130627                     /lib64/libm-2.12.so
2b06c61af000-2b06c61b2000 ---p 00000000 00:00 0 
2b06c61b2000-2b06c62b0000 rw-p 00000000 00:00 0 
2b06c62b0000-2b06c62be000 r-xp 00000000 fd:01 23207                      /usr/lib/jvm/java-1.6.0-openjdk-1.6.0.0.x86_64/jre/lib/amd64/libverify.so
2b06c62be000-2b06c64be000 ---p 0000e000 fd:01 23207                      /usr/lib/jvm/java-1.6.0-openjdk-1.6.0.0.x86_64/jre/lib/amd64/libverify.so
2b06c64be000-2b06c64c0000 rw-p 0000e000 fd:01 23207                      /usr/lib/jvm/java-1.6.0-openjdk-1.6.0.0.x86_64/jre/lib/amd64/libverify.so
2b06c64c0000-2b06c64ed000 r-xp 00000000 fd:01 23159                      /usr/lib/jvm/java-1.6.0-openjdk-1.6.0.0.x86_64/jre/lib/amd64/libjava.so
2b06c64ed000-2b06c66ec000 ---p 0002d000 fd:01 23159                      /usr/lib/jvm/java-1.6.0-openjdk-1.6.0.0.x86_64/jre/lib/amd64/libjava.so
2b06c66ec000-2b06c66f0000 rw-p 0002c000 fd:01 23159                      /usr/lib/jvm/java-1.6.0-openjdk-1.6.0.0.x86_64/jre/lib/amd64/libjava.so
2b06c66f0000-2b06c66f1000 r--p 00000000 00:00 0 
2b06c66f1000-2b06c66f2000 rw-p 00000000 00:00 0 
2b06c66f2000-2b06c6727000 r--s 00000000 fd:02 128540                     /var/db/nscd/passwd
2b06c6727000-2b06c672f000 rw-s 00000000 fd:03 38                         /tmp/hsperfdata_dw07r324/31182
2b06c672f000-2b06c6736000 r-xp 00000000 fd:01 23208                      /usr/lib/jvm/java-1.6.0-openjdk-1.6.0.0.x86_64/jre/lib/amd64/libzip.so
2b06c6736000-2b06c6936000 ---p 00007000 fd:01 23208                      /usr/lib/jvm/java-1.6.0-openjdk-1.6.0.0.x86_64/jre/lib/amd64/libzip.so
2b06c6936000-2b06c6937000 rw-p 00007000 fd:01 23208                      /usr/lib/jvm/java-1.6.0-openjdk-1.6.0.0.x86_64/jre/lib/amd64/libzip.so
2b06c8000000-2b06c8849000 rw-p 00000000 00:00 0 
2b06c8849000-2b06cc000000 ---p 00000000 00:00 0 
2b06cc000000-2b06cc270000 rwxp 00000000 00:00 0 
2b06cc270000-2b06cf000000 rw-p 00000000 00:00 0 
2b06cf000000-2b06cf00a000 rw-p 00000000 00:00 0 
2b06cf00a000-2b06cf0c0000 rw-p 00000000 00:00 0 
2b06cf0c0000-2b06cf0cb000 rw-p 00000000 00:00 0 
2b06cf0cb000-2b06cf113000 rw-p 00000000 00:00 0 
2b06cf113000-2b06cf475000 rw-p 00000000 00:00 0 
2b06cf475000-2b06cf4bd000 rw-p 00000000 00:00 0 
2b06cf4bd000-2b06cf4be000 ---p 00000000 00:00 0 
2b06cf4be000-2b06cf5be000 rw-p 00000000 00:00 0 
2b06cf5be000-2b06cf5bf000 ---p 00000000 00:00 0 
2b06cf5bf000-2b06cf6bf000 rw-p 00000000 00:00 0 
2b06cf6bf000-2b06cf6c0000 ---p 00000000 00:00 0 
2b06cf6c0000-2b06cf7c0000 rw-p 00000000 00:00 0 
2b06cf7c0000-2b06cf7c1000 ---p 00000000 00:00 0 
2b06cf7c1000-2b06cf8c1000 rw-p 00000000 00:00 0 
2b06cf8c1000-2b06cf8c2000 ---p 00000000 00:00 0 
2b06cf8c2000-2b06cf9c2000 rw-p 00000000 00:00 0 
2b06cf9c2000-2b06cf9c3000 ---p 00000000 00:00 0 
2b06cf9c3000-2b06cfac3000 rw-p 00000000 00:00 0 
2b06cfac3000-2b06cfac4000 ---p 00000000 00:00 0 
2b06cfac4000-2b06cfbc4000 rw-p 00000000 00:00 0 
2b06cfbc4000-2b06cfbc5000 ---p 00000000 00:00 0 
2b06cfbc5000-2b06cfcc5000 rw-p 00000000 00:00 0 
2b06d0000000-2b06d0021000 rw-p 00000000 00:00 0 
2b06d0021000-2b06d4000000 ---p 00000000 00:00 0 
2b06d4000000-2b06d4021000 rw-p 00000000 00:00 0 
2b06d4021000-2b06d8000000 ---p 00000000 00:00 0 
2b06d8000000-2b06d8021000 rw-p 00000000 00:00 0 
2b06d8021000-2b06dc000000 ---p 00000000 00:00 0 
2b06dc000000-2b06dc021000 rw-p 00000000 00:00 0 
2b06dc021000-2b06e0000000 ---p 00000000 00:00 0 
2b06e0000000-2b06e0021000 rw-p 00000000 00:00 0 
2b06e0021000-2b06e4000000 ---p 00000000 00:00 0 
2b06e4000000-2b06e4021000 rw-p 00000000 00:00 0 
2b06e4021000-2b06e8000000 ---p 00000000 00:00 0 
2b06e8000000-2b06e8021000 rw-p 00000000 00:00 0 
2b06e8021000-2b06ec000000 ---p 00000000 00:00 0 
2b06ec000000-2b06ec021000 rw-p 00000000 00:00 0 
2b06ec021000-2b06f0000000 ---p 00000000 00:00 0 
2b06f0000000-2b06f2ea4000 rw-p 00000000 00:00 0 
2b06f2ea4000-2b06f303a000 r--s 01a15000 fd:01 23288                      /usr/lib/jvm/java-1.6.0-openjdk-1.6.0.0.x86_64/jre/lib/rt.jar
2b06f303a000-2b06f4cb1000 rw-p 00000000 00:00 0 
2b06f4cb1000-2b06f4cb2000 ---p 00000000 00:00 0 
2b06f4cb2000-2b06f4db2000 rw-p 00000000 00:00 0 
2b06f4db2000-2b06f4db5000 ---p 00000000 00:00 0 
2b06f4db5000-2b06f4eb3000 rw-p 00000000 00:00 0 
2b06f4eb3000-2b06f4eb6000 ---p 00000000 00:00 0 
2b06f4eb6000-2b06f4fb4000 rw-p 00000000 00:00 0 
2b06f8000000-2b06f8021000 rw-p 00000000 00:00 0 
2b06f8021000-2b06fc000000 ---p 00000000 00:00 0 
2b06fc000000-2b06fc021000 rw-p 00000000 00:00 0 
2b06fc021000-2b0700000000 ---p 00000000 00:00 0 
2b0700000000-2b0700021000 rw-p 00000000 00:00 0 
2b0700021000-2b0704000000 ---p 00000000 00:00 0 
2b0704000000-2b0709e91000 r--p 00000000 fd:01 49935                      /usr/lib/locale/locale-archive
2b0709e91000-2b0709e94000 ---p 00000000 00:00 0 
2b0709e94000-2b0709f92000 rw-p 00000000 00:00 0 
2b0709f92000-2b0709f95000 ---p 00000000 00:00 0 
2b0709f95000-2b070a093000 rw-p 00000000 00:00 0 
2b070a093000-2b070a096000 ---p 00000000 00:00 0 
2b070a096000-2b070a194000 rw-p 00000000 00:00 0 
2b070a194000-2b070a197000 ---p 00000000 00:00 0 
2b070a197000-2b070a295000 rw-p 00000000 00:00 0 
2b070a295000-2b070a296000 ---p 00000000 00:00 0 
2b070a296000-2b070a396000 rw-p 00000000 00:00 0 
2b070a396000-2b070a398000 r--s 00009000 00:35 125760574                  /mmfs/automount/gpfs/homefs/sm/dw07r324/bin/GOAL-20140808/lib/jpf-boot.jar
2b070a398000-2b070a39b000 r--s 0000f000 fd:01 23233                      /usr/lib/jvm/java-1.6.0-openjdk-1.6.0.0.x86_64/jre/lib/ext/pulse-java.jar
2b070a39b000-2b070a3a4000 r--s 00065000 fd:01 23228                      /usr/lib/jvm/java-1.6.0-openjdk-1.6.0.0.x86_64/jre/lib/ext/gnome-java-bridge.jar
2b070a3a4000-2b070a3a6000 r--s 00009000 00:35 125760574                  /mmfs/automount/gpfs/homefs/sm/dw07r324/bin/GOAL-20140808/lib/jpf-boot.jar
2b070a3a6000-2b070a3aa000 r--s 0003c000 fd:01 14238                      /usr/lib/jvm/java-1.6.0-openjdk-1.6.0.0.x86_64/jre/lib/jsse.jar
2b070a3aa000-2b070a3af000 r--s 0002d000 00:35 125760577                  /mmfs/automount/gpfs/homefs/sm/dw07r324/bin/GOAL-20140808/lib/jpf.jar
2b070a3af000-2b070a3b1000 r--s 0000d000 00:35 125760571                  /mmfs/automount/gpfs/homefs/sm/dw07r324/bin/GOAL-20140808/lib/commons-logging.jar
2b070a3b1000-2b070a3b3000 r--s 00012000 00:35 125760576                  /mmfs/automount/gpfs/homefs/sm/dw07r324/bin/GOAL-20140808/lib/jpf-tools.jar
2b070a3b3000-2b070a3ba000 r--s 00039000 00:35 125760578                  /mmfs/automount/gpfs/homefs/sm/dw07r324/bin/GOAL-20140808/lib/jxp.jar
2b070a3ba000-2b070a3bc000 r--s 00004000 00:35 125760570                  /mmfs/automount/gpfs/homefs/sm/dw07r324/bin/GOAL-20140808/lib/AppleJavaExtensions.jar
2b070a3bc000-2b070a3c1000 r--s 0002a000 00:35 125760572                  /mmfs/automount/gpfs/homefs/sm/dw07r324/bin/GOAL-20140808/lib/gson-2.2.2.jar
2b070a3c1000-2b070a3c4000 r--s 0001a000 00:35 125760579                  /mmfs/automount/gpfs/homefs/sm/dw07r324/bin/GOAL-20140808/lib/minijdd_104.jar
2b070a3c4000-2b070a3e7000 r--s 0022d000 00:35 115393629                  /mmfs/automount/gpfs/homefs/sm/dw07r324/bin/GOAL-20140808/.jpf-shadow/org.svvrl.goal.core@2014.8.8.zip
2b070a54b000-2b070a5ee000 r-xp 00000000 fd:01 13434                      /usr/lib/jvm/java-1.6.0-openjdk-1.6.0.0.x86_64/jre/lib/amd64/libawt.so
2b070a5ee000-2b070a7ee000 ---p 000a3000 fd:01 13434                      /usr/lib/jvm/java-1.6.0-openjdk-1.6.0.0.x86_64/jre/lib/amd64/libawt.so
2b070a7ee000-2b070a7fa000 rw-p 000a3000 fd:01 13434                      /usr/lib/jvm/java-1.6.0-openjdk-1.6.0.0.x86_64/jre/lib/amd64/libawt.so
2b070a7fa000-2b070a81e000 rw-p 00000000 00:00 0 
2b070a81e000-2b070a824000 r-xp 00000000 fd:01 8525                       /usr/lib/jvm/java-1.6.0-openjdk-1.6.0.0.x86_64/jre/lib/amd64/headless/libmawt.so
2b070a824000-2b070aa23000 ---p 00006000 fd:01 8525                       /usr/lib/jvm/java-1.6.0-openjdk-1.6.0.0.x86_64/jre/lib/amd64/headless/libmawt.so
2b070aa23000-2b070aa24000 rw-p 00005000 fd:01 8525                       /usr/lib/jvm/java-1.6.0-openjdk-1.6.0.0.x86_64/jre/lib/amd64/headless/libmawt.so
2b070aa24000-2b070aa25000 rw-p 00000000 00:00 0 
2b070ab9c000-2b070ab9d000 rw-p 00000000 00:00 0 
2b070c000000-2b070c021000 rw-p 00000000 00:00 0 
2b070c021000-2b0710000000 ---p 00000000 00:00 0 
2b0710000000-2b0710c70000 rw-p 00000000 00:00 0 
2b0710c70000-2b0714000000 ---p 00000000 00:00 0 
2b0714000000-2b0714f3f000 rw-p 00000000 00:00 0 
2b0714f3f000-2b0718000000 ---p 00000000 00:00 0 
2b0718000000-2b0718021000 rw-p 00000000 00:00 0 
2b0718021000-2b071c000000 ---p 00000000 00:00 0 
2b071c000000-2b071c021000 rw-p 00000000 00:00 0 
2b071c021000-2b0720000000 ---p 00000000 00:00 0 
7fff0c0eb000-7fff0c122000 rw-p 00000000 00:00 0                          [stack]
7fff0c1ff000-7fff0c200000 r-xp 00000000 00:00 0                          [vdso]
ffffffffff600000-ffffffffff601000 r-xp 00000000 00:00 0                  [vsyscall]

VM Arguments:
jvm_args: -Xmx1G -Xms1G -DapplicationRoot=/home/ubelix/sm/dw07r324/bin/GOAL-20140808 -Dorg.java.plugin.boot.pluginsRepositories=/home/ubelix/sm/dw07r324/bin/GOAL-20140808/plugins -Djpf.boot.config=/home/ubelix/sm/dw07r324/bin/GOAL-20140808/boot.properties -Dorg.apache.commons.logging.Log=org.apache.commons.logging.impl.SimpleLog -Dorg.apache.commons.logging.simplelog.log.org.java.plugin=fatal 
java_command: /home/ubelix/sm/dw07r324/bin/GOAL-20140808/lib/jpf-boot.jar complement -m piterman -eq -macc -sp -ro -r /scratch/local/8663605.1.all.q/test_set_s15/s15_t2.0_a0.2_034.gff
Launcher Type: SUN_STANDARD

Environment Variables:
CLASSPATH=/home/ubelix/sm/dw07r324/bin/GOAL-20140808:/home/ubelix/sm/dw07r324/bin/GOAL-20140808/plugins:/home/ubelix/sm/dw07r324/bin/GOAL-20140808/lib:
PATH=/scratch/local/8663605.1.all.q:/usr/lib64/qt-3.3/bin:/usr/local/bin:/bin:/usr/bin:/usr/local/sbin:/usr/sbin:/sbin:/usr/lpp/mmfs/bin:/home/ubelix/sm/dw07r324/bin/GOAL-20140808:/home/ubelix/sm/dw07r324/bin/gnu_time/bin:/usr/lpp/mmfs/bin
LD_LIBRARY_PATH=/usr/lib/jvm/java-1.6.0-openjdk-1.6.0.0.x86_64/jre/lib/amd64/server:/usr/lib/jvm/java-1.6.0-openjdk-1.6.0.0.x86_64/jre/lib/amd64:/usr/lib/jvm/java-1.6.0-openjdk-1.6.0.0.x86_64/jre/../lib/amd64
SHELL=/bin/bash

Signal Handlers:
SIGSEGV: [libjvm.so+0x870a40], sa_mask[0]=0x7ffbfeff, sa_flags=0x10000004
SIGBUS: [libjvm.so+0x870a40], sa_mask[0]=0x7ffbfeff, sa_flags=0x10000004
SIGFPE: [libjvm.so+0x719240], sa_mask[0]=0x7ffbfeff, sa_flags=0x10000004
SIGPIPE: [libjvm.so+0x719240], sa_mask[0]=0x7ffbfeff, sa_flags=0x10000004
SIGXFSZ: [libjvm.so+0x719240], sa_mask[0]=0x7ffbfeff, sa_flags=0x10000004
SIGILL: [libjvm.so+0x719240], sa_mask[0]=0x7ffbfeff, sa_flags=0x10000004
SIGUSR1: SIG_DFL, sa_mask[0]=0x00000000, sa_flags=0x00000000
SIGUSR2: [libjvm.so+0x718d60], sa_mask[0]=0x00000000, sa_flags=0x10000004
SIGHUP: [libjvm.so+0x71bdf0], sa_mask[0]=0x7ffbfeff, sa_flags=0x10000004
SIGINT: [libjvm.so+0x71bdf0], sa_mask[0]=0x7ffbfeff, sa_flags=0x10000004
SIGTERM: [libjvm.so+0x71bdf0], sa_mask[0]=0x7ffbfeff, sa_flags=0x10000004
SIGQUIT: [libjvm.so+0x71bdf0], sa_mask[0]=0x7ffbfeff, sa_flags=0x10000004


---------------  S Y S T E M  ---------------

OS:Red Hat Enterprise Linux ComputeNode release 6.5 (Santiago)

uname:Linux 2.6.32-431.29.2.el6.x86_64 #1 SMP Sun Jul 27 15:55:46 EDT 2014 x86_64
libc:glibc 2.12 NPTL 2.12 
rlimit: STACK infinity, CORE infinity, NPROC 127431, NOFILE 4096, AS 8388608k
load average:3.68 3.47 3.60

/proc/meminfo:
MemTotal:       16331612 kB
MemFree:         5083648 kB
Buffers:           13792 kB
Cached:          6083188 kB
SwapCached:           88 kB
Active:          2806880 kB
Inactive:        3756868 kB
Active(anon):     403444 kB
Inactive(anon):    63548 kB
Active(file):    2403436 kB
Inactive(file):  3693320 kB
Unevictable:     4082900 kB
Mlocked:         4082900 kB
SwapTotal:       8388604 kB
SwapFree:        8388380 kB
Dirty:                88 kB
Writeback:             0 kB
AnonPages:       4549736 kB
Mapped:            98656 kB
Shmem:               192 kB
Slab:             375448 kB
SReclaimable:     307888 kB
SUnreclaim:        67560 kB
KernelStack:        4704 kB
PageTables:        16592 kB
NFS_Unstable:          0 kB
Bounce:                0 kB
WritebackTmp:          0 kB
CommitLimit:    16554408 kB
Committed_AS:    6812752 kB
VmallocTotal:   34359738367 kB
VmallocUsed:      109412 kB
VmallocChunk:   34351234244 kB
HardwareCorrupted:     0 kB
AnonHugePages:         0 kB
HugePages_Total:       0
HugePages_Free:        0
HugePages_Rsvd:        0
HugePages_Surp:        0
Hugepagesize:       2048 kB
DirectMap4k:        9920 kB
DirectMap2M:     2086912 kB
DirectMap1G:    14680064 kB


CPU:total 8 (4 cores per cpu, 1 threads per core) family 16 model 2 stepping 3, cmov, cx8, fxsr, mmx, sse, sse2, sse3, popcnt, mmxext, 3dnowpref, lzcnt, sse4a, tsc, tscinvbit, tscinv

/proc/cpuinfo:
processor	: 0
vendor_id	: AuthenticAMD
cpu family	: 16
model		: 2
model name	: Quad-Core AMD Opteron(tm) Processor 2354
stepping	: 3
cpu MHz		: 2200.000
cache size	: 512 KB
physical id	: 0
siblings	: 4
core id		: 0
cpu cores	: 4
apicid		: 0
initial apicid	: 0
fpu		: yes
fpu_exception	: yes
cpuid level	: 5
wp		: yes
flags		: fpu vme de pse tsc msr pae mce cx8 apic sep mtrr pge mca cmov pat pse36 clflush mmx fxsr sse sse2 ht syscall nx mmxext fxsr_opt pdpe1gb rdtscp lm 3dnowext 3dnow constant_tsc rep_good nonstop_tsc extd_apicid pni monitor cx16 popcnt lahf_lm cmp_legacy svm extapic cr8_legacy abm sse4a misalignsse 3dnowprefetch osvw ibs npt lbrv svm_lock
bogomips	: 4422.88
TLB size	: 1024 4K pages
clflush size	: 64
cache_alignment	: 64
address sizes	: 48 bits physical, 48 bits virtual
power management: ts ttp tm stc 100mhzsteps hwpstate

processor	: 1
vendor_id	: AuthenticAMD
cpu family	: 16
model		: 2
model name	: Quad-Core AMD Opteron(tm) Processor 2354
stepping	: 3
cpu MHz		: 2200.000
cache size	: 512 KB
physical id	: 0
siblings	: 4
core id		: 1
cpu cores	: 4
apicid		: 1
initial apicid	: 1
fpu		: yes
fpu_exception	: yes
cpuid level	: 5
wp		: yes
flags		: fpu vme de pse tsc msr pae mce cx8 apic sep mtrr pge mca cmov pat pse36 clflush mmx fxsr sse sse2 ht syscall nx mmxext fxsr_opt pdpe1gb rdtscp lm 3dnowext 3dnow constant_tsc rep_good nonstop_tsc extd_apicid pni monitor cx16 popcnt lahf_lm cmp_legacy svm extapic cr8_legacy abm sse4a misalignsse 3dnowprefetch osvw ibs npt lbrv svm_lock
bogomips	: 4422.88
TLB size	: 1024 4K pages
clflush size	: 64
cache_alignment	: 64
address sizes	: 48 bits physical, 48 bits virtual
power management: ts ttp tm stc 100mhzsteps hwpstate

processor	: 2
vendor_id	: AuthenticAMD
cpu family	: 16
model		: 2
model name	: Quad-Core AMD Opteron(tm) Processor 2354
stepping	: 3
cpu MHz		: 2200.000
cache size	: 512 KB
physical id	: 0
siblings	: 4
core id		: 2
cpu cores	: 4
apicid		: 2
initial apicid	: 2
fpu		: yes
fpu_exception	: yes
cpuid level	: 5
wp		: yes
flags		: fpu vme de pse tsc msr pae mce cx8 apic sep mtrr pge mca cmov pat pse36 clflush mmx fxsr sse sse2 ht syscall nx mmxext fxsr_opt pdpe1gb rdtscp lm 3dnowext 3dnow constant_tsc rep_good nonstop_tsc extd_apicid pni monitor cx16 popcnt lahf_lm cmp_legacy svm extapic cr8_legacy abm sse4a misalignsse 3dnowprefetch osvw ibs npt lbrv svm_lock
bogomips	: 4422.88
TLB size	: 1024 4K pages
clflush size	: 64
cache_alignment	: 64
address sizes	: 48 bits physical, 48 bits virtual
power management: ts ttp tm stc 100mhzsteps hwpstate

processor	: 3
vendor_id	: AuthenticAMD
cpu family	: 16
model		: 2
model name	: Quad-Core AMD Opteron(tm) Processor 2354
stepping	: 3
cpu MHz		: 2200.000
cache size	: 512 KB
physical id	: 0
siblings	: 4
core id		: 3
cpu cores	: 4
apicid		: 3
initial apicid	: 3
fpu		: yes
fpu_exception	: yes
cpuid level	: 5
wp		: yes
flags		: fpu vme de pse tsc msr pae mce cx8 apic sep mtrr pge mca cmov pat pse36 clflush mmx fxsr sse sse2 ht syscall nx mmxext fxsr_opt pdpe1gb rdtscp lm 3dnowext 3dnow constant_tsc rep_good nonstop_tsc extd_apicid pni monitor cx16 popcnt lahf_lm cmp_legacy svm extapic cr8_legacy abm sse4a misalignsse 3dnowprefetch osvw ibs npt lbrv svm_lock
bogomips	: 4422.88
TLB size	: 1024 4K pages
clflush size	: 64
cache_alignment	: 64
address sizes	: 48 bits physical, 48 bits virtual
power management: ts ttp tm stc 100mhzsteps hwpstate

processor	: 4
vendor_id	: AuthenticAMD
cpu family	: 16
model		: 2
model name	: Quad-Core AMD Opteron(tm) Processor 2354
stepping	: 3
cpu MHz		: 2200.000
cache size	: 512 KB
physical id	: 1
siblings	: 4
core id		: 0
cpu cores	: 4
apicid		: 4
initial apicid	: 4
fpu		: yes
fpu_exception	: yes
cpuid level	: 5
wp		: yes
flags		: fpu vme de pse tsc msr pae mce cx8 apic sep mtrr pge mca cmov pat pse36 clflush mmx fxsr sse sse2 ht syscall nx mmxext fxsr_opt pdpe1gb rdtscp lm 3dnowext 3dnow constant_tsc rep_good nonstop_tsc extd_apicid pni monitor cx16 popcnt lahf_lm cmp_legacy svm extapic cr8_legacy abm sse4a misalignsse 3dnowprefetch osvw ibs npt lbrv svm_lock
bogomips	: 4422.23
TLB size	: 1024 4K pages
clflush size	: 64
cache_alignment	: 64
address sizes	: 48 bits physical, 48 bits virtual
power management: ts ttp tm stc 100mhzsteps hwpstate

processor	: 5
vendor_id	: AuthenticAMD
cpu family	: 16
model		: 2
model name	: Quad-Core AMD Opteron(tm) Processor 2354
stepping	: 3
cpu MHz		: 2200.000
cache size	: 512 KB
physical id	: 1
siblings	: 4
core id		: 1
cpu cores	: 4
apicid		: 5
initial apicid	: 5
fpu		: yes
fpu_exception	: yes
cpuid level	: 5
wp		: yes
flags		: fpu vme de pse tsc msr pae mce cx8 apic sep mtrr pge mca cmov pat pse36 clflush mmx fxsr sse sse2 ht syscall nx mmxext fxsr_opt pdpe1gb rdtscp lm 3dnowext 3dnow constant_tsc rep_good nonstop_tsc extd_apicid pni monitor cx16 popcnt lahf_lm cmp_legacy svm extapic cr8_legacy abm sse4a misalignsse 3dnowprefetch osvw ibs npt lbrv svm_lock
bogomips	: 4422.23
TLB size	: 1024 4K pages
clflush size	: 64
cache_alignment	: 64
address sizes	: 48 bits physical, 48 bits virtual
power management: ts ttp tm stc 100mhzsteps hwpstate

processor	: 6
vendor_id	: AuthenticAMD
cpu family	: 16
model		: 2
model name	: Quad-Core AMD Opteron(tm) Processor 2354
stepping	: 3
cpu MHz		: 2200.000
cache size	: 512 KB
physical id	: 1
siblings	: 4
core id		: 2
cpu cores	: 4
apicid		: 6
initial apicid	: 6
fpu		: yes
fpu_exception	: yes
cpuid level	: 5
wp		: yes
flags		: fpu vme de pse tsc msr pae mce cx8 apic sep mtrr pge mca cmov pat pse36 clflush mmx fxsr sse sse2 ht syscall nx mmxext fxsr_opt pdpe1gb rdtscp lm 3dnowext 3dnow constant_tsc rep_good nonstop_tsc extd_apicid pni monitor cx16 popcnt lahf_lm cmp_legacy svm extapic cr8_legacy abm sse4a misalignsse 3dnowprefetch osvw ibs npt lbrv svm_lock
bogomips	: 4422.23
TLB size	: 1024 4K pages
clflush size	: 64
cache_alignment	: 64
address sizes	: 48 bits physical, 48 bits virtual
power management: ts ttp tm stc 100mhzsteps hwpstate

processor	: 7
vendor_id	: AuthenticAMD
cpu family	: 16
model		: 2
model name	: Quad-Core AMD Opteron(tm) Processor 2354
stepping	: 3
cpu MHz		: 2200.000
cache size	: 512 KB
physical id	: 1
siblings	: 4
core id		: 3
cpu cores	: 4
apicid		: 7
initial apicid	: 7
fpu		: yes
fpu_exception	: yes
cpuid level	: 5
wp		: yes
flags		: fpu vme de pse tsc msr pae mce cx8 apic sep mtrr pge mca cmov pat pse36 clflush mmx fxsr sse sse2 ht syscall nx mmxext fxsr_opt pdpe1gb rdtscp lm 3dnowext 3dnow constant_tsc rep_good nonstop_tsc extd_apicid pni monitor cx16 popcnt lahf_lm cmp_legacy svm extapic cr8_legacy abm sse4a misalignsse 3dnowprefetch osvw ibs npt lbrv svm_lock
bogomips	: 4422.23
TLB size	: 1024 4K pages
clflush size	: 64
cache_alignment	: 64
address sizes	: 48 bits physical, 48 bits virtual
power management: ts ttp tm stc 100mhzsteps hwpstate



Memory: 4k page, physical 16331612k(5083648k free), swap 8388604k(8388380k free)

vm_info: OpenJDK 64-Bit Server VM (23.25-b01) for linux-amd64 JRE (1.6.0_32-b32), built on Aug 21 2014 11:15:48 by "mockbuild" with gcc 4.4.7 20120313 (Red Hat 4.4.7-4)

time: Tue Sep 23 08:26:16 2014
elapsed time: 1 seconds

