#
# A fatal error has been detected by the Java Runtime Environment:
#
#  SIGBUS (0x7) at pc=0x00002b7f5cb4f522, pid=21189, tid=47826011469568
#
# JRE version: 6.0_32-b32
# Java VM: OpenJDK 64-Bit Server VM (23.25-b01 mixed mode linux-amd64 compressed oops)
# Problematic frame:
# C  [libzip.so+0x4522]  ZIP_Lock+0x252
#
# Core dump written. Default location: /mmfs/automount/gpfs/homefs/sm/dw07r324/jobs/piterman.eq.macc.sp.ro.r/core or core.21189
#
# If you would like to submit a bug report, please include
# instructions how to reproduce the bug and visit:
#   http://icedtea.classpath.org/bugzilla
# The crash happened outside the Java Virtual Machine in native code.
# See problematic frame for where to report the bug.
#

---------------  T H R E A D  ---------------

Current thread (0x00002b7f60008000):  JavaThread "main" [_thread_in_native, id=21190, stack(0x00002b7f5c5cb000,0x00002b7f5c6cc000)]

siginfo:si_signo=SIGBUS: si_errno=0, si_code=2 (BUS_ADRERR), si_addr=0x00002b7fa3073330

Registers:
RAX=0x00002b7f61331600, RBX=0x00002b7fa3073313, RCX=0x0000000000000251, RDX=0x0000000000000250
RSP=0x00002b7f5c6c9540, RBP=0x00002b7f5c6c9580, RSI=0x0000000000000040, RDI=0x00002b7f60000020
R8 =0x00002b7f60000088, R9 =0x0000000000000001, R10=0x0000000000000040, R11=0x00002b7f5bdfb660
R12=0x00002b7f61331600, R13=0x00002b7f61025660, R14=0x00002b7f5c6c95f0, R15=0x00002b7f61331600
RIP=0x00002b7f5cb4f522, EFLAGS=0x0000000000010202, CSGSFS=0x0000000000000033, ERR=0x0000000000000004
  TRAPNO=0x000000000000000e

Top of Stack: (sp=0x00002b7f5c6c9540)
0x00002b7f5c6c9540:   00002b7f61025a20 00002b7f5bd4505e
0x00002b7f5c6c9550:   000000000000008f 00002b7f610246e4
0x00002b7f5c6c9560:   00002b7f61025660 00000000b98d4855
0x00002b7f5c6c9570:   00002b7f5c6c95f0 000000000000002b
0x00002b7f5c6c9580:   00002b7f5c6c95d0 00002b7f5cb4fae2
0x00002b7f5c6c9590:   00002b7f60008000 00002b7f610401a0
0x00002b7f5c6c95a0:   00002b7f5c6c9610 00002b7f600081d8
0x00002b7f5c6c95b0:   00002b7f5c6c95f0 000000000000002b
0x00002b7f5c6c95c0:   00002b7f5c6c9ac8 00002b7f5c6c95f0
0x00002b7f5c6c95d0:   00002b7f5c6c9a30 00002b7f5cb4eae4
0x00002b7f5c6c95e0:   0000002b01fd73a8 00002b7f61025660
0x00002b7f5c6c95f0:   2f73657373616c63 727676732f67726f
0x00002b7f5c6c9600:   632f6c616f672f6c 6148646d432f646d
0x00002b7f5c6c9610:   6c632e72656c646e 00002b7f00737361
0x00002b7f5c6c9620:   0000000000000000 0000000400000000
0x00002b7f5c6c9630:   00002b7f60008b90 0000000000000000
0x00002b7f5c6c9640:   00002b7f5c6c9670 00002b7f60008000
0x00002b7f5c6c9650:   00000000b5cc4b00 000000000000001a
0x00002b7f5c6c9660:   00002b7f60008000 00000000b5cc4b00
0x00002b7f5c6c9670:   00002b7f5c6c96d0 00002b7f5bb8f5f2
0x00002b7f5c6c9680:   00002b7f60008000 00002b7fb5fcd910
0x00002b7f5c6c9690:   00002b7f60008000 000000364fc7a10b
0x00002b7f5c6c96a0:   0000000000000001 00000000000000bd
0x00002b7f5c6c96b0:   0000000000000000 00002b7f60008000
0x00002b7f5c6c96c0:   00002b7f5c6c9700 00002b7f00000000
0x00002b7f5c6c96d0:   00000000b5cc8c58 00002b0000000061
0x00002b7f5c6c96e0:   00000000b5bdfef5 00000000f0a25af0
0x00002b7f5c6c96f0:   00002b7f5c6c96f0 00000000b5cc69cb
0x00002b7f5c6c9700:   00002b7f5c6c9750 00002b7f60008b80
0x00002b7f5c6c9710:   0000000000000000 0000000000000001
0x00002b7f5c6c9720:   00002b7f60008000 ffffffffffffffff
0x00002b7f5c6c9730:   00002b7f5c6c97a0 00002b7f5bb4ba03 

Instructions: (pc=0x00002b7f5cb4f522)
0x00002b7f5cb4f502:   00 00 00 00 00 48 c7 40 30 00 00 00 00 48 c7 40
0x00002b7f5cb4f512:   28 00 00 00 00 8b 5b 04 49 2b 5d 28 49 03 5d 18
0x00002b7f5cb4f522:   44 0f b6 73 1d 0f b6 43 1c 41 c1 e6 08 41 09 c6
0x00002b7f5cb4f532:   0f b6 43 1e 88 45 ce 0f b6 43 1f 88 45 cf 0f b6 

Register to memory mapping:

RAX=0x00002b7f61331600 is an unknown value
RBX=0x00002b7fa3073313 is an unknown value
RCX=0x0000000000000251 is an unknown value
RDX=0x0000000000000250 is an unknown value
RSP=0x00002b7f5c6c9540 is pointing into the stack for thread: 0x00002b7f60008000
RBP=0x00002b7f5c6c9580 is pointing into the stack for thread: 0x00002b7f60008000
RSI=0x0000000000000040 is an unknown value
RDI=0x00002b7f60000020 is an unknown value
R8 =0x00002b7f60000088 is an unknown value
R9 =0x0000000000000001 is an unknown value
R10=0x0000000000000040 is an unknown value
R11=0x00002b7f5bdfb660: <offset 0x79f660> in /usr/lib/jvm/java-1.6.0-openjdk-1.6.0.0.x86_64/jre/lib/amd64/server/libjvm.so at 0x00002b7f5b65c000
R12=0x00002b7f61331600 is an unknown value
R13=0x00002b7f61025660 is an unknown value
R14=0x00002b7f5c6c95f0 is pointing into the stack for thread: 0x00002b7f60008000
R15=0x00002b7f61331600 is an unknown value


Stack: [0x00002b7f5c5cb000,0x00002b7f5c6cc000],  sp=0x00002b7f5c6c9540,  free space=1017k
Native frames: (J=compiled Java code, j=interpreted, Vv=VM code, C=native code)
C  [libzip.so+0x4522]  ZIP_Lock+0x252
C  [libzip.so+0x4ae2]  ZIP_GetEntry+0xc2
C  [libzip.so+0x3ae4]  Java_java_util_zip_ZipFile_getEntry+0xc4
j  java.util.zip.ZipFile.getEntry(JLjava/lang/String;Z)J+0
j  java.util.zip.ZipFile.getEntry(Ljava/lang/String;)Ljava/util/zip/ZipEntry;+31
j  java.util.jar.JarFile.getEntry(Ljava/lang/String;)Ljava/util/zip/ZipEntry;+2
j  sun.net.www.protocol.jar.URLJarFile.getEntry(Ljava/lang/String;)Ljava/util/zip/ZipEntry;+2
j  sun.net.www.protocol.jar.JarURLConnection.connect()V+62
j  sun.net.www.protocol.jar.JarURLConnection.getInputStream()Ljava/io/InputStream;+1
j  sun.misc.URLClassPath$Loader.getResource(Ljava/lang/String;Z)Lsun/misc/Resource;+48
j  sun.misc.URLClassPath.getResource(Ljava/lang/String;Z)Lsun/misc/Resource;+53
j  java.net.URLClassLoader$1.run()Ljava/lang/Object;+26
v  ~StubRoutines::call_stub
V  [libjvm.so+0x537e3e]  AsyncGetCallTrace+0xd776e
V  [libjvm.so+0x536ad8]  AsyncGetCallTrace+0xd6408
V  [libjvm.so+0x597140]  JVM_DoPrivileged+0x400
j  java.security.AccessController.doPrivileged(Ljava/security/PrivilegedExceptionAction;Ljava/security/AccessControlContext;)Ljava/lang/Object;+0
j  java.net.URLClassLoader.findClass(Ljava/lang/String;)Ljava/lang/Class;+13
j  org.java.plugin.standard.StandardPluginClassLoader.loadLocalClass(Ljava/lang/String;ZLorg/java/plugin/standard/StandardPluginClassLoader;)Ljava/lang/Class;+97
j  org.java.plugin.standard.StandardPluginClassLoader.loadClass(Ljava/lang/String;Z)Ljava/lang/Class;+62
j  java.lang.ClassLoader.loadClass(Ljava/lang/String;)Ljava/lang/Class;+3
j  org.svvrl.goal.core.CorePlugin.getConsoleHandler()Lorg/svvrl/goal/core/ConsoleHandler;+73
j  org.svvrl.goal.core.CorePlugin.startApplication()V+23
j  org.java.plugin.boot.Boot.boot(Lorg/java/plugin/util/ExtendedProperties;ZLjava/lang/String;Lorg/java/plugin/boot/BootErrorHandler;[Ljava/lang/String;)Lorg/java/plugin/boot/Application;+354
j  org.java.plugin.boot.Boot.main([Ljava/lang/String;)V+162
v  ~StubRoutines::call_stub
V  [libjvm.so+0x537e3e]  AsyncGetCallTrace+0xd776e
V  [libjvm.so+0x536ad8]  AsyncGetCallTrace+0xd6408
V  [libjvm.so+0x5452a7]  JNI_CreateJavaVM+0x12e7
V  [libjvm.so+0x55a4eb]  JNI_CreateJavaVM+0x1652b
C  [java+0x374d]  JavaMain+0xd0d

Java frames: (J=compiled Java code, j=interpreted, Vv=VM code)
j  java.util.zip.ZipFile.getEntry(JLjava/lang/String;Z)J+0
j  java.util.zip.ZipFile.getEntry(Ljava/lang/String;)Ljava/util/zip/ZipEntry;+31
j  java.util.jar.JarFile.getEntry(Ljava/lang/String;)Ljava/util/zip/ZipEntry;+2
j  sun.net.www.protocol.jar.URLJarFile.getEntry(Ljava/lang/String;)Ljava/util/zip/ZipEntry;+2
j  sun.net.www.protocol.jar.JarURLConnection.connect()V+62
j  sun.net.www.protocol.jar.JarURLConnection.getInputStream()Ljava/io/InputStream;+1
j  sun.misc.URLClassPath$Loader.getResource(Ljava/lang/String;Z)Lsun/misc/Resource;+48
j  sun.misc.URLClassPath.getResource(Ljava/lang/String;Z)Lsun/misc/Resource;+53
j  java.net.URLClassLoader$1.run()Ljava/lang/Object;+26
v  ~StubRoutines::call_stub
j  java.security.AccessController.doPrivileged(Ljava/security/PrivilegedExceptionAction;Ljava/security/AccessControlContext;)Ljava/lang/Object;+0
j  java.net.URLClassLoader.findClass(Ljava/lang/String;)Ljava/lang/Class;+13
j  org.java.plugin.standard.StandardPluginClassLoader.loadLocalClass(Ljava/lang/String;ZLorg/java/plugin/standard/StandardPluginClassLoader;)Ljava/lang/Class;+97
j  org.java.plugin.standard.StandardPluginClassLoader.loadClass(Ljava/lang/String;Z)Ljava/lang/Class;+62
j  java.lang.ClassLoader.loadClass(Ljava/lang/String;)Ljava/lang/Class;+3
j  org.svvrl.goal.core.CorePlugin.getConsoleHandler()Lorg/svvrl/goal/core/ConsoleHandler;+73
j  org.svvrl.goal.core.CorePlugin.startApplication()V+23
j  org.java.plugin.boot.Boot.boot(Lorg/java/plugin/util/ExtendedProperties;ZLjava/lang/String;Lorg/java/plugin/boot/BootErrorHandler;[Ljava/lang/String;)Lorg/java/plugin/boot/Application;+354
j  org.java.plugin.boot.Boot.main([Ljava/lang/String;)V+162
v  ~StubRoutines::call_stub

---------------  P R O C E S S  ---------------

Java Threads: ( => current thread )
  0x00002b7f60f9b000 JavaThread "Java2D Disposer" daemon [_thread_blocked, id=21209, stack(0x00002b7fa2b2b000,0x00002b7fa2c2c000)]
  0x00002b7f60101800 JavaThread "Low Memory Detector" daemon [_thread_blocked, id=21205, stack(0x00002b7fa2194000,0x00002b7fa2295000)]
  0x00002b7f600ff000 JavaThread "C2 CompilerThread1" daemon [_thread_blocked, id=21204, stack(0x00002b7fa2093000,0x00002b7fa2194000)]
  0x00002b7f600fc800 JavaThread "C2 CompilerThread0" daemon [_thread_blocked, id=21203, stack(0x00002b7fa1f92000,0x00002b7fa2093000)]
  0x00002b7f600fa000 JavaThread "Signal Dispatcher" daemon [_thread_blocked, id=21202, stack(0x00002b7fa1e91000,0x00002b7fa1f92000)]
  0x00002b7f600ab800 JavaThread "Finalizer" daemon [_thread_blocked, id=21201, stack(0x00002b7f8ceb3000,0x00002b7f8cfb4000)]
  0x00002b7f600a9800 JavaThread "Reference Handler" daemon [_thread_blocked, id=21200, stack(0x00002b7f8cdb2000,0x00002b7f8ceb3000)]
=>0x00002b7f60008000 JavaThread "main" [_thread_in_native, id=21190, stack(0x00002b7f5c5cb000,0x00002b7f5c6cc000)]

Other Threads:
  0x00002b7f6009a800 VMThread [stack: 0x00002b7f8ccb1000,0x00002b7f8cdb2000] [id=21199]
  0x00002b7f6010c800 WatcherThread [stack: 0x00002b7fa2295000,0x00002b7fa2396000] [id=21206]

VM state:not at safepoint (normal execution)

VM Mutex/Monitor currently owned by a thread: None

Heap
 PSYoungGen      total 305856K, used 99747K [0x00000000eaab0000, 0x0000000100000000, 0x0000000100000000)
  eden space 262208K, 38% used [0x00000000eaab0000,0x00000000f0c18c48,0x00000000faac0000)
  from space 43648K, 0% used [0x00000000fd560000,0x00000000fd560000,0x0000000100000000)
  to   space 43648K, 0% used [0x00000000faac0000,0x00000000faac0000,0x00000000fd560000)
 ParOldGen       total 699072K, used 0K [0x00000000c0000000, 0x00000000eaab0000, 0x00000000eaab0000)
  object space 699072K, 0% used [0x00000000c0000000,0x00000000c0000000,0x00000000eaab0000)
 PSPermGen       total 21248K, used 10967K [0x00000000b5a00000, 0x00000000b6ec0000, 0x00000000c0000000)
  object space 21248K, 51% used [0x00000000b5a00000,0x00000000b64b5e98,0x00000000b6ec0000)

Card table byte_map: [0x00002b7f64000000,0x00002b7f64254000] byte_map_base: 0x00002b7f63a53000

Polling page: 0x00002b7f5cb0c000

Code Cache  [0x00002b7f5cd53000, 0x00002b7f5cfc3000, 0x00002b7f5fd53000)
 total_blobs=454 nmethods=174 adapters=233 free_code_cache=48220Kb largest_free_block=49358336

Compilation events (10 events):
Event: 2.678 Thread 0x00002b7f600fc800 nmethod 167 0x00002b7f5ce38d90 code [0x00002b7f5ce38ee0, 0x00002b7f5ce38f48]
Event: 2.678 Thread 0x00002b7f600fc800  168   !         sun.nio.cs.US_ASCII$Encoder::encodeArrayLoop (279 bytes)
Event: 2.686 Thread 0x00002b7f600ff000 nmethod 165 0x00002b7f5ce3de90 code [0x00002b7f5ce3e040, 0x00002b7f5ce3e888]
Event: 2.704 Thread 0x00002b7f600fc800 nmethod 168 0x00002b7f5ce3f110 code [0x00002b7f5ce3f300, 0x00002b7f5ce3fe28]
Event: 2.720 Thread 0x00002b7f600ff000  169             java.lang.Character::toLowerCase (9 bytes)
Event: 2.720 Thread 0x00002b7f600fc800  170             java.lang.CharacterDataLatin1::toLowerCase (39 bytes)
Event: 2.721 Thread 0x00002b7f600fc800 nmethod 170 0x00002b7f5ce38ad0 code [0x00002b7f5ce38c00, 0x00002b7f5ce38cb8]
Event: 2.722 Thread 0x00002b7f600ff000 nmethod 169 0x00002b7f5ce36750 code [0x00002b7f5ce368a0, 0x00002b7f5ce369f8]
Event: 2.746 Thread 0x00002b7f600fc800  171             java.lang.System::getSecurityManager (4 bytes)
Event: 2.746 Thread 0x00002b7f600fc800 nmethod 171 0x00002b7f5ce36550 code [0x00002b7f5ce36680, 0x00002b7f5ce366d8]

GC Heap History (0 events):
No events

Deoptimization events (10 events):
Event: 1.923 Thread 0x00002b7f60008000 Uncommon trap -34 fr.pc 0x00002b7f5cdef41c
Event: 1.923 Thread 0x00002b7f60008000 Uncommon trap -34 fr.pc 0x00002b7f5cdef41c
Event: 2.313 Thread 0x00002b7f60008000 Uncommon trap -34 fr.pc 0x00002b7f5ce08098
Event: 2.565 Thread 0x00002b7f60008000 Uncommon trap -34 fr.pc 0x00002b7f5ce08098
Event: 2.565 Thread 0x00002b7f60008000 Uncommon trap -34 fr.pc 0x00002b7f5ce08098
Event: 2.565 Thread 0x00002b7f60008000 Uncommon trap -34 fr.pc 0x00002b7f5ce08098
Event: 2.737 Thread 0x00002b7f60008000 Uncommon trap -58 fr.pc 0x00002b7f5ce0e9e4
Event: 2.742 Thread 0x00002b7f60008000 Uncommon trap -58 fr.pc 0x00002b7f5ce0e9e4
Event: 2.748 Thread 0x00002b7f60008000 Uncommon trap -58 fr.pc 0x00002b7f5ce0e9e4
Event: 2.764 Thread 0x00002b7f60008000 Uncommon trap -58 fr.pc 0x00002b7f5ce0e9e4

Internal exceptions (10 events):
Event: 2.714 Thread 0x00002b7f60008000 Threw 0x00000000f084d448 at /builddir/build/BUILD/icedtea6-1.13.4/openjdk/hotspot/src/share/vm/prims/jvm.cpp:1235
Event: 2.716 Thread 0x00002b7f60008000 Threw 0x00000000f0867b20 at /builddir/build/BUILD/icedtea6-1.13.4/openjdk/hotspot/src/share/vm/classfile/systemDictionary.cpp:179
Event: 2.716 Thread 0x00002b7f60008000 Threw 0x00000000f0867ea8 at /builddir/build/BUILD/icedtea6-1.13.4/openjdk/hotspot/src/share/vm/prims/jvm.cpp:1235
Event: 2.716 Thread 0x00002b7f60008000 Threw 0x00000000f08682e0 at /builddir/build/BUILD/icedtea6-1.13.4/openjdk/hotspot/src/share/vm/prims/jvm.cpp:1235
Event: 2.717 Thread 0x00002b7f60008000 Threw 0x00000000f0877808 at /builddir/build/BUILD/icedtea6-1.13.4/openjdk/hotspot/src/share/vm/classfile/systemDictionary.cpp:179
Event: 2.717 Thread 0x00002b7f60008000 Threw 0x00000000f0877b88 at /builddir/build/BUILD/icedtea6-1.13.4/openjdk/hotspot/src/share/vm/prims/jvm.cpp:1235
Event: 2.717 Thread 0x00002b7f60008000 Threw 0x00000000f0877fb8 at /builddir/build/BUILD/icedtea6-1.13.4/openjdk/hotspot/src/share/vm/prims/jvm.cpp:1235
Event: 2.718 Thread 0x00002b7f60008000 Threw 0x00000000f0885998 at /builddir/build/BUILD/icedtea6-1.13.4/openjdk/hotspot/src/share/vm/classfile/systemDictionary.cpp:179
Event: 2.718 Thread 0x00002b7f60008000 Threw 0x00000000f0885ef8 at /builddir/build/BUILD/icedtea6-1.13.4/openjdk/hotspot/src/share/vm/prims/jvm.cpp:1235
Event: 2.718 Thread 0x00002b7f60008000 Threw 0x00000000f0886508 at /builddir/build/BUILD/icedtea6-1.13.4/openjdk/hotspot/src/share/vm/prims/jvm.cpp:1235

Events (10 events):
Event: 2.748 Thread 0x00002b7f60008000 DEOPT UNPACKING pc=0x00002b7f5cd8c145 sp=0x00002b7f5c6ca480 mode 2
Event: 2.761 loading class 0x00002b7f6064b9c0
Event: 2.761 loading class 0x00002b7f6064b9c0 done
Event: 2.761 loading class 0x00002b7f6064bb90
Event: 2.762 loading class 0x00002b7f6064bc10
Event: 2.762 loading class 0x00002b7f6064bc10 done
Event: 2.762 loading class 0x00002b7f6064bb90 done
Event: 2.764 Thread 0x00002b7f60008000 DEOPT PACKING pc=0x00002b7f5ce0e9e4 sp=0x00002b7f5c6ca500
Event: 2.764 Thread 0x00002b7f60008000 DEOPT UNPACKING pc=0x00002b7f5cd8c145 sp=0x00002b7f5c6ca4b0 mode 2
Event: 4.090 Executing VM operation: EnableBiasedLocking


Dynamic libraries:
00400000-00409000 r-xp 00000000 fd:01 5993                               /usr/lib/jvm/java-1.6.0-openjdk-1.6.0.0.x86_64/jre/bin/java
00608000-0060a000 rw-p 00008000 fd:01 5993                               /usr/lib/jvm/java-1.6.0-openjdk-1.6.0.0.x86_64/jre/bin/java
01d64000-01d85000 rw-p 00000000 00:00 0                                  [heap]
b5a00000-b6ec0000 rw-p 00000000 00:00 0 
b6ec0000-c0000000 rw-p 00000000 00:00 0 
c0000000-100000000 rw-p 00000000 00:00 0 
364f800000-364f820000 r-xp 00000000 fd:01 130582                         /lib64/ld-2.12.so
364fa1f000-364fa20000 r--p 0001f000 fd:01 130582                         /lib64/ld-2.12.so
364fa20000-364fa21000 rw-p 00020000 fd:01 130582                         /lib64/ld-2.12.so
364fa21000-364fa22000 rw-p 00000000 00:00 0 
364fc00000-364fd8a000 r-xp 00000000 fd:01 130613                         /lib64/libc-2.12.so
364fd8a000-364ff8a000 ---p 0018a000 fd:01 130613                         /lib64/libc-2.12.so
364ff8a000-364ff8e000 r--p 0018a000 fd:01 130613                         /lib64/libc-2.12.so
364ff8e000-364ff8f000 rw-p 0018e000 fd:01 130613                         /lib64/libc-2.12.so
364ff8f000-364ff94000 rw-p 00000000 00:00 0 
3650000000-3650004000 r-xp 00000000 fd:01 13573                          /usr/lib/jvm/java-1.6.0-openjdk-1.6.0.0.x86_64/jre/lib/amd64/jli/libjli.so
3650004000-3650203000 ---p 00004000 fd:01 13573                          /usr/lib/jvm/java-1.6.0-openjdk-1.6.0.0.x86_64/jre/lib/amd64/jli/libjli.so
3650203000-3650204000 rw-p 00003000 fd:01 13573                          /usr/lib/jvm/java-1.6.0-openjdk-1.6.0.0.x86_64/jre/lib/amd64/jli/libjli.so
3650400000-3650417000 r-xp 00000000 fd:01 130636                         /lib64/libpthread-2.12.so
3650417000-3650617000 ---p 00017000 fd:01 130636                         /lib64/libpthread-2.12.so
3650617000-3650618000 r--p 00017000 fd:01 130636                         /lib64/libpthread-2.12.so
3650618000-3650619000 rw-p 00018000 fd:01 130636                         /lib64/libpthread-2.12.so
3650619000-365061d000 rw-p 00000000 00:00 0 
3650800000-3650802000 r-xp 00000000 fd:01 130624                         /lib64/libdl-2.12.so
3650802000-3650a02000 ---p 00002000 fd:01 130624                         /lib64/libdl-2.12.so
3650a02000-3650a03000 r--p 00002000 fd:01 130624                         /lib64/libdl-2.12.so
3650a03000-3650a04000 rw-p 00003000 fd:01 130624                         /lib64/libdl-2.12.so
3650c00000-3650c15000 r-xp 00000000 fd:01 130638                         /lib64/libz.so.1.2.3
3650c15000-3650e14000 ---p 00015000 fd:01 130638                         /lib64/libz.so.1.2.3
3650e14000-3650e15000 r--p 00014000 fd:01 130638                         /lib64/libz.so.1.2.3
3650e15000-3650e16000 rw-p 00015000 fd:01 130638                         /lib64/libz.so.1.2.3
3651000000-3651007000 r-xp 00000000 fd:01 132701                         /lib64/librt-2.12.so
3651007000-3651206000 ---p 00007000 fd:01 132701                         /lib64/librt-2.12.so
3651206000-3651207000 r--p 00006000 fd:01 132701                         /lib64/librt-2.12.so
3651207000-3651208000 rw-p 00007000 fd:01 132701                         /lib64/librt-2.12.so
3651800000-3651816000 r-xp 00000000 fd:01 133662                         /lib64/libgcc_s-4.4.7-20120601.so.1
3651816000-3651a15000 ---p 00016000 fd:01 133662                         /lib64/libgcc_s-4.4.7-20120601.so.1
3651a15000-3651a16000 rw-p 00015000 fd:01 133662                         /lib64/libgcc_s-4.4.7-20120601.so.1
3653000000-36530e8000 r-xp 00000000 fd:01 49938                          /usr/lib64/libstdc++.so.6.0.13
36530e8000-36532e8000 ---p 000e8000 fd:01 49938                          /usr/lib64/libstdc++.so.6.0.13
36532e8000-36532ef000 r--p 000e8000 fd:01 49938                          /usr/lib64/libstdc++.so.6.0.13
36532ef000-36532f1000 rw-p 000ef000 fd:01 49938                          /usr/lib64/libstdc++.so.6.0.13
36532f1000-3653306000 rw-p 00000000 00:00 0 
3659000000-3659098000 r-xp 00000000 fd:01 4478                           /usr/lib64/libfreetype.so.6.3.22
3659098000-3659297000 ---p 00098000 fd:01 4478                           /usr/lib64/libfreetype.so.6.3.22
3659297000-365929d000 rw-p 00097000 fd:01 4478                           /usr/lib64/libfreetype.so.6.3.22
365c200000-365c216000 r-xp 00000000 fd:01 137559                         /lib64/libnsl-2.12.so
365c216000-365c415000 ---p 00016000 fd:01 137559                         /lib64/libnsl-2.12.so
365c415000-365c416000 r--p 00015000 fd:01 137559                         /lib64/libnsl-2.12.so
365c416000-365c417000 rw-p 00016000 fd:01 137559                         /lib64/libnsl-2.12.so
365c417000-365c419000 rw-p 00000000 00:00 0 
2b7f5b641000-2b7f5b642000 rw-p 00000000 00:00 0 
2b7f5b658000-2b7f5b65c000 rw-p 00000000 00:00 0 
2b7f5b65c000-2b7f5c067000 r-xp 00000000 fd:01 23213                      /usr/lib/jvm/java-1.6.0-openjdk-1.6.0.0.x86_64/jre/lib/amd64/server/libjvm.so
2b7f5c067000-2b7f5c267000 ---p 00a0b000 fd:01 23213                      /usr/lib/jvm/java-1.6.0-openjdk-1.6.0.0.x86_64/jre/lib/amd64/server/libjvm.so
2b7f5c267000-2b7f5c308000 rw-p 00a0b000 fd:01 23213                      /usr/lib/jvm/java-1.6.0-openjdk-1.6.0.0.x86_64/jre/lib/amd64/server/libjvm.so
2b7f5c308000-2b7f5c331000 rw-p 00000000 00:00 0 
2b7f5c347000-2b7f5c3ca000 r-xp 00000000 fd:01 130627                     /lib64/libm-2.12.so
2b7f5c3ca000-2b7f5c5c9000 ---p 00083000 fd:01 130627                     /lib64/libm-2.12.so
2b7f5c5c9000-2b7f5c5ca000 r--p 00082000 fd:01 130627                     /lib64/libm-2.12.so
2b7f5c5ca000-2b7f5c5cb000 rw-p 00083000 fd:01 130627                     /lib64/libm-2.12.so
2b7f5c5cb000-2b7f5c5ce000 ---p 00000000 00:00 0 
2b7f5c5ce000-2b7f5c6cc000 rw-p 00000000 00:00 0 
2b7f5c6cc000-2b7f5c6da000 r-xp 00000000 fd:01 23207                      /usr/lib/jvm/java-1.6.0-openjdk-1.6.0.0.x86_64/jre/lib/amd64/libverify.so
2b7f5c6da000-2b7f5c8da000 ---p 0000e000 fd:01 23207                      /usr/lib/jvm/java-1.6.0-openjdk-1.6.0.0.x86_64/jre/lib/amd64/libverify.so
2b7f5c8da000-2b7f5c8dc000 rw-p 0000e000 fd:01 23207                      /usr/lib/jvm/java-1.6.0-openjdk-1.6.0.0.x86_64/jre/lib/amd64/libverify.so
2b7f5c8dc000-2b7f5c909000 r-xp 00000000 fd:01 23159                      /usr/lib/jvm/java-1.6.0-openjdk-1.6.0.0.x86_64/jre/lib/amd64/libjava.so
2b7f5c909000-2b7f5cb08000 ---p 0002d000 fd:01 23159                      /usr/lib/jvm/java-1.6.0-openjdk-1.6.0.0.x86_64/jre/lib/amd64/libjava.so
2b7f5cb08000-2b7f5cb0c000 rw-p 0002c000 fd:01 23159                      /usr/lib/jvm/java-1.6.0-openjdk-1.6.0.0.x86_64/jre/lib/amd64/libjava.so
2b7f5cb0c000-2b7f5cb0d000 r--p 00000000 00:00 0 
2b7f5cb0d000-2b7f5cb0e000 rw-p 00000000 00:00 0 
2b7f5cb0e000-2b7f5cb43000 r--s 00000000 fd:02 128540                     /var/db/nscd/passwd
2b7f5cb43000-2b7f5cb4b000 rw-s 00000000 fd:03 140                        /tmp/hsperfdata_dw07r324/21189
2b7f5cb4b000-2b7f5cb52000 r-xp 00000000 fd:01 23208                      /usr/lib/jvm/java-1.6.0-openjdk-1.6.0.0.x86_64/jre/lib/amd64/libzip.so
2b7f5cb52000-2b7f5cd52000 ---p 00007000 fd:01 23208                      /usr/lib/jvm/java-1.6.0-openjdk-1.6.0.0.x86_64/jre/lib/amd64/libzip.so
2b7f5cd52000-2b7f5cd53000 rw-p 00007000 fd:01 23208                      /usr/lib/jvm/java-1.6.0-openjdk-1.6.0.0.x86_64/jre/lib/amd64/libzip.so
2b7f5cd53000-2b7f5cfc3000 rwxp 00000000 00:00 0 
2b7f5cfc3000-2b7f5fd53000 rw-p 00000000 00:00 0 
2b7f5fd53000-2b7f5fd5d000 rw-p 00000000 00:00 0 
2b7f5fd5d000-2b7f5fe13000 rw-p 00000000 00:00 0 
2b7f60000000-2b7f6134a000 rw-p 00000000 00:00 0 
2b7f6134a000-2b7f64000000 ---p 00000000 00:00 0 
2b7f64000000-2b7f6400b000 rw-p 00000000 00:00 0 
2b7f6400b000-2b7f64053000 rw-p 00000000 00:00 0 
2b7f64053000-2b7f643b5000 rw-p 00000000 00:00 0 
2b7f643b5000-2b7f643fd000 rw-p 00000000 00:00 0 
2b7f643fd000-2b7f643fe000 ---p 00000000 00:00 0 
2b7f643fe000-2b7f644fe000 rw-p 00000000 00:00 0 
2b7f644fe000-2b7f644ff000 ---p 00000000 00:00 0 
2b7f644ff000-2b7f645ff000 rw-p 00000000 00:00 0 
2b7f645ff000-2b7f64600000 ---p 00000000 00:00 0 
2b7f64600000-2b7f64700000 rw-p 00000000 00:00 0 
2b7f64700000-2b7f64701000 ---p 00000000 00:00 0 
2b7f64701000-2b7f64801000 rw-p 00000000 00:00 0 
2b7f64801000-2b7f64802000 ---p 00000000 00:00 0 
2b7f64802000-2b7f64902000 rw-p 00000000 00:00 0 
2b7f64902000-2b7f64903000 ---p 00000000 00:00 0 
2b7f64903000-2b7f64a03000 rw-p 00000000 00:00 0 
2b7f64a03000-2b7f64a04000 ---p 00000000 00:00 0 
2b7f64a04000-2b7f64b04000 rw-p 00000000 00:00 0 
2b7f64b04000-2b7f64b05000 ---p 00000000 00:00 0 
2b7f64b05000-2b7f64c05000 rw-p 00000000 00:00 0 
2b7f68000000-2b7f68021000 rw-p 00000000 00:00 0 
2b7f68021000-2b7f6c000000 ---p 00000000 00:00 0 
2b7f6c000000-2b7f6c021000 rw-p 00000000 00:00 0 
2b7f6c021000-2b7f70000000 ---p 00000000 00:00 0 
2b7f70000000-2b7f70021000 rw-p 00000000 00:00 0 
2b7f70021000-2b7f74000000 ---p 00000000 00:00 0 
2b7f74000000-2b7f74021000 rw-p 00000000 00:00 0 
2b7f74021000-2b7f78000000 ---p 00000000 00:00 0 
2b7f78000000-2b7f78021000 rw-p 00000000 00:00 0 
2b7f78021000-2b7f7c000000 ---p 00000000 00:00 0 
2b7f7c000000-2b7f7c021000 rw-p 00000000 00:00 0 
2b7f7c021000-2b7f80000000 ---p 00000000 00:00 0 
2b7f80000000-2b7f80021000 rw-p 00000000 00:00 0 
2b7f80021000-2b7f84000000 ---p 00000000 00:00 0 
2b7f84000000-2b7f84021000 rw-p 00000000 00:00 0 
2b7f84021000-2b7f88000000 ---p 00000000 00:00 0 
2b7f88000000-2b7f8aea4000 rw-p 00000000 00:00 0 
2b7f8aea4000-2b7f8b03a000 r--s 01a15000 fd:01 23288                      /usr/lib/jvm/java-1.6.0-openjdk-1.6.0.0.x86_64/jre/lib/rt.jar
2b7f8b03a000-2b7f8ccb1000 rw-p 00000000 00:00 0 
2b7f8ccb1000-2b7f8ccb2000 ---p 00000000 00:00 0 
2b7f8ccb2000-2b7f8cdb2000 rw-p 00000000 00:00 0 
2b7f8cdb2000-2b7f8cdb5000 ---p 00000000 00:00 0 
2b7f8cdb5000-2b7f8ceb3000 rw-p 00000000 00:00 0 
2b7f8ceb3000-2b7f8ceb6000 ---p 00000000 00:00 0 
2b7f8ceb6000-2b7f8cfb4000 rw-p 00000000 00:00 0 
2b7f90000000-2b7f90021000 rw-p 00000000 00:00 0 
2b7f90021000-2b7f94000000 ---p 00000000 00:00 0 
2b7f94000000-2b7f94021000 rw-p 00000000 00:00 0 
2b7f94021000-2b7f98000000 ---p 00000000 00:00 0 
2b7f98000000-2b7f98021000 rw-p 00000000 00:00 0 
2b7f98021000-2b7f9c000000 ---p 00000000 00:00 0 
2b7f9c000000-2b7fa1e91000 r--p 00000000 fd:01 49935                      /usr/lib/locale/locale-archive
2b7fa1e91000-2b7fa1e94000 ---p 00000000 00:00 0 
2b7fa1e94000-2b7fa1f92000 rw-p 00000000 00:00 0 
2b7fa1f92000-2b7fa1f95000 ---p 00000000 00:00 0 
2b7fa1f95000-2b7fa2093000 rw-p 00000000 00:00 0 
2b7fa2093000-2b7fa2096000 ---p 00000000 00:00 0 
2b7fa2096000-2b7fa2194000 rw-p 00000000 00:00 0 
2b7fa2194000-2b7fa2197000 ---p 00000000 00:00 0 
2b7fa2197000-2b7fa2295000 rw-p 00000000 00:00 0 
2b7fa2295000-2b7fa2296000 ---p 00000000 00:00 0 
2b7fa2296000-2b7fa2396000 rw-p 00000000 00:00 0 
2b7fa2396000-2b7fa2398000 r--s 00009000 00:35 125760574                  /mmfs/automount/gpfs/homefs/sm/dw07r324/bin/GOAL-20140808/lib/jpf-boot.jar
2b7fa2398000-2b7fa239b000 r--s 0000f000 fd:01 23233                      /usr/lib/jvm/java-1.6.0-openjdk-1.6.0.0.x86_64/jre/lib/ext/pulse-java.jar
2b7fa239b000-2b7fa23a4000 r--s 00065000 fd:01 23228                      /usr/lib/jvm/java-1.6.0-openjdk-1.6.0.0.x86_64/jre/lib/ext/gnome-java-bridge.jar
2b7fa23a4000-2b7fa23a6000 r--s 00009000 00:35 125760574                  /mmfs/automount/gpfs/homefs/sm/dw07r324/bin/GOAL-20140808/lib/jpf-boot.jar
2b7fa23a6000-2b7fa23aa000 r--s 0003c000 fd:01 14238                      /usr/lib/jvm/java-1.6.0-openjdk-1.6.0.0.x86_64/jre/lib/jsse.jar
2b7fa23aa000-2b7fa23af000 r--s 0002d000 00:35 125760577                  /mmfs/automount/gpfs/homefs/sm/dw07r324/bin/GOAL-20140808/lib/jpf.jar
2b7fa23af000-2b7fa23b1000 r--s 0000d000 00:35 125760571                  /mmfs/automount/gpfs/homefs/sm/dw07r324/bin/GOAL-20140808/lib/commons-logging.jar
2b7fa23b1000-2b7fa23b3000 r--s 00012000 00:35 125760576                  /mmfs/automount/gpfs/homefs/sm/dw07r324/bin/GOAL-20140808/lib/jpf-tools.jar
2b7fa23b3000-2b7fa23ba000 r--s 00039000 00:35 125760578                  /mmfs/automount/gpfs/homefs/sm/dw07r324/bin/GOAL-20140808/lib/jxp.jar
2b7fa23ba000-2b7fa23bc000 r--s 00004000 00:35 125760570                  /mmfs/automount/gpfs/homefs/sm/dw07r324/bin/GOAL-20140808/lib/AppleJavaExtensions.jar
2b7fa23bc000-2b7fa23c1000 r--s 0002a000 00:35 125760572                  /mmfs/automount/gpfs/homefs/sm/dw07r324/bin/GOAL-20140808/lib/gson-2.2.2.jar
2b7fa23c1000-2b7fa23c4000 r--s 0001a000 00:35 125760579                  /mmfs/automount/gpfs/homefs/sm/dw07r324/bin/GOAL-20140808/lib/minijdd_104.jar
2b7fa23c4000-2b7fa23e7000 r--s 0022d000 00:35 17209348                   /mmfs/automount/gpfs/homefs/sm/dw07r324/bin/GOAL-20140808/.jpf-shadow/org.svvrl.goal.core@2014.8.8.zip (deleted)
2b7fa23e7000-2b7fa248a000 r-xp 00000000 fd:01 13434                      /usr/lib/jvm/java-1.6.0-openjdk-1.6.0.0.x86_64/jre/lib/amd64/libawt.so
2b7fa248a000-2b7fa268a000 ---p 000a3000 fd:01 13434                      /usr/lib/jvm/java-1.6.0-openjdk-1.6.0.0.x86_64/jre/lib/amd64/libawt.so
2b7fa268a000-2b7fa2696000 rw-p 000a3000 fd:01 13434                      /usr/lib/jvm/java-1.6.0-openjdk-1.6.0.0.x86_64/jre/lib/amd64/libawt.so
2b7fa2696000-2b7fa26ba000 rw-p 00000000 00:00 0 
2b7fa26ba000-2b7fa26c0000 r-xp 00000000 fd:01 8525                       /usr/lib/jvm/java-1.6.0-openjdk-1.6.0.0.x86_64/jre/lib/amd64/headless/libmawt.so
2b7fa26c0000-2b7fa28bf000 ---p 00006000 fd:01 8525                       /usr/lib/jvm/java-1.6.0-openjdk-1.6.0.0.x86_64/jre/lib/amd64/headless/libmawt.so
2b7fa28bf000-2b7fa28c0000 rw-p 00005000 fd:01 8525                       /usr/lib/jvm/java-1.6.0-openjdk-1.6.0.0.x86_64/jre/lib/amd64/headless/libmawt.so
2b7fa28c0000-2b7fa28db000 r--s 0029a000 00:35 81609801                   /mmfs/automount/gpfs/homefs/sm/dw07r324/bin/GOAL-20140808/.jpf-shadow/org.svvrl.goal.gui@2014.8.8.zip (deleted)
2b7fa28db000-2b7fa2928000 r-xp 00000000 fd:01 13546                      /usr/lib/jvm/java-1.6.0-openjdk-1.6.0.0.x86_64/jre/lib/amd64/libfontmanager.so
2b7fa2928000-2b7fa2b28000 ---p 0004d000 fd:01 13546                      /usr/lib/jvm/java-1.6.0-openjdk-1.6.0.0.x86_64/jre/lib/amd64/libfontmanager.so
2b7fa2b28000-2b7fa2b2b000 rw-p 0004d000 fd:01 13546                      /usr/lib/jvm/java-1.6.0-openjdk-1.6.0.0.x86_64/jre/lib/amd64/libfontmanager.so
2b7fa2b2b000-2b7fa2b2e000 ---p 00000000 00:00 0 
2b7fa2b2e000-2b7fa2c2c000 rw-p 00000000 00:00 0 
2b7fa2c2c000-2b7fa2c33000 r--s 00000000 fd:02 1513                       /var/cache/fontconfig/12b26b760a24f8b4feb03ad48a333a72-le64.cache-3
2b7fa2c33000-2b7fa2c3c000 r--s 00000000 fd:02 1443                       /var/cache/fontconfig/b79f3aaa7d385a141ab53ec885cc22a8-le64.cache-3
2b7fa2c3c000-2b7fa2c40000 r--s 00000000 fd:02 1132                       /var/cache/fontconfig/87f5e051180a7a75f16eb6fe7dbd3749-le64.cache-3
2b7fa2c40000-2b7fa2c56000 r-xp 00000000 fd:01 23199                      /usr/lib/jvm/java-1.6.0-openjdk-1.6.0.0.x86_64/jre/lib/amd64/libnet.so
2b7fa2c56000-2b7fa2e55000 ---p 00016000 fd:01 23199                      /usr/lib/jvm/java-1.6.0-openjdk-1.6.0.0.x86_64/jre/lib/amd64/libnet.so
2b7fa2e55000-2b7fa2e56000 rw-p 00015000 fd:01 23199                      /usr/lib/jvm/java-1.6.0-openjdk-1.6.0.0.x86_64/jre/lib/amd64/libnet.so
2b7fa2e56000-2b7fa2e5e000 r-xp 00000000 fd:01 23200                      /usr/lib/jvm/java-1.6.0-openjdk-1.6.0.0.x86_64/jre/lib/amd64/libnio.so
2b7fa2e5e000-2b7fa305d000 ---p 00008000 fd:01 23200                      /usr/lib/jvm/java-1.6.0-openjdk-1.6.0.0.x86_64/jre/lib/amd64/libnio.so
2b7fa305d000-2b7fa305e000 rw-p 00007000 fd:01 23200                      /usr/lib/jvm/java-1.6.0-openjdk-1.6.0.0.x86_64/jre/lib/amd64/libnio.so
2b7fa305e000-2b7fa3065000 r--s 00000000 fd:02 1513                       /var/cache/fontconfig/12b26b760a24f8b4feb03ad48a333a72-le64.cache-3
2b7fa3065000-2b7fa306e000 r--s 00000000 fd:02 1443                       /var/cache/fontconfig/b79f3aaa7d385a141ab53ec885cc22a8-le64.cache-3
2b7fa306e000-2b7fa3072000 r--s 00000000 fd:02 1132                       /var/cache/fontconfig/87f5e051180a7a75f16eb6fe7dbd3749-le64.cache-3
2b7fa3072000-2b7fa3078000 r--s 0004b000 00:35 49937424                   /mmfs/automount/gpfs/homefs/sm/dw07r324/bin/GOAL-20140808/.jpf-shadow/org.svvrl.goal.cmd@2014.8.8.zip
2b7fa3078000-2b7fa307a000 rw-p 00000000 00:00 0 
2b7fa4000000-2b7fa4021000 rw-p 00000000 00:00 0 
2b7fa4021000-2b7fa8000000 ---p 00000000 00:00 0 
2b7fa8000000-2b7fa8e3d000 rw-p 00000000 00:00 0 
2b7fa8e3d000-2b7fac000000 ---p 00000000 00:00 0 
2b7fac000000-2b7fad17f000 rw-p 00000000 00:00 0 
2b7fad17f000-2b7fb0000000 ---p 00000000 00:00 0 
2b7fb0000000-2b7fb0021000 rw-p 00000000 00:00 0 
2b7fb0021000-2b7fb4000000 ---p 00000000 00:00 0 
2b7fb4000000-2b7fb4021000 rw-p 00000000 00:00 0 
2b7fb4021000-2b7fb8000000 ---p 00000000 00:00 0 
2b7fb8000000-2b7fb8021000 rw-p 00000000 00:00 0 
2b7fb8021000-2b7fbc000000 ---p 00000000 00:00 0 
7fffaf71f000-7fffaf756000 rw-p 00000000 00:00 0                          [stack]
7fffaf7ff000-7fffaf800000 r-xp 00000000 00:00 0                          [vdso]
ffffffffff600000-ffffffffff601000 r-xp 00000000 00:00 0                  [vsyscall]

VM Arguments:
jvm_args: -Xmx1G -Xms1G -DapplicationRoot=/home/ubelix/sm/dw07r324/bin/GOAL-20140808 -Dorg.java.plugin.boot.pluginsRepositories=/home/ubelix/sm/dw07r324/bin/GOAL-20140808/plugins -Djpf.boot.config=/home/ubelix/sm/dw07r324/bin/GOAL-20140808/boot.properties -Dorg.apache.commons.logging.Log=org.apache.commons.logging.impl.SimpleLog -Dorg.apache.commons.logging.simplelog.log.org.java.plugin=fatal 
java_command: /home/ubelix/sm/dw07r324/bin/GOAL-20140808/lib/jpf-boot.jar complement -m piterman -eq -macc -sp -ro -r /scratch/local/8663605.1.all.q/test_set_s15/s15_t1.0_a0.2_020.gff
Launcher Type: SUN_STANDARD

Environment Variables:
CLASSPATH=/home/ubelix/sm/dw07r324/bin/GOAL-20140808:/home/ubelix/sm/dw07r324/bin/GOAL-20140808/plugins:/home/ubelix/sm/dw07r324/bin/GOAL-20140808/lib:
PATH=/scratch/local/8663605.1.all.q:/usr/lib64/qt-3.3/bin:/usr/local/bin:/bin:/usr/bin:/usr/local/sbin:/usr/sbin:/sbin:/usr/lpp/mmfs/bin:/home/ubelix/sm/dw07r324/bin/GOAL-20140808:/home/ubelix/sm/dw07r324/bin/gnu_time/bin:/usr/lpp/mmfs/bin
LD_LIBRARY_PATH=/usr/lib/jvm/java-1.6.0-openjdk-1.6.0.0.x86_64/jre/lib/amd64/server:/usr/lib/jvm/java-1.6.0-openjdk-1.6.0.0.x86_64/jre/lib/amd64:/usr/lib/jvm/java-1.6.0-openjdk-1.6.0.0.x86_64/jre/../lib/amd64
SHELL=/bin/bash

Signal Handlers:
SIGSEGV: [libjvm.so+0x870a40], sa_mask[0]=0x7ffbfeff, sa_flags=0x10000004
SIGBUS: [libjvm.so+0x870a40], sa_mask[0]=0x7ffbfeff, sa_flags=0x10000004
SIGFPE: [libjvm.so+0x719240], sa_mask[0]=0x7ffbfeff, sa_flags=0x10000004
SIGPIPE: [libjvm.so+0x719240], sa_mask[0]=0x7ffbfeff, sa_flags=0x10000004
SIGXFSZ: [libjvm.so+0x719240], sa_mask[0]=0x7ffbfeff, sa_flags=0x10000004
SIGILL: [libjvm.so+0x719240], sa_mask[0]=0x7ffbfeff, sa_flags=0x10000004
SIGUSR1: SIG_DFL, sa_mask[0]=0x00000000, sa_flags=0x00000000
SIGUSR2: [libjvm.so+0x718d60], sa_mask[0]=0x00000000, sa_flags=0x10000004
SIGHUP: [libjvm.so+0x71bdf0], sa_mask[0]=0x7ffbfeff, sa_flags=0x10000004
SIGINT: [libjvm.so+0x71bdf0], sa_mask[0]=0x7ffbfeff, sa_flags=0x10000004
SIGTERM: [libjvm.so+0x71bdf0], sa_mask[0]=0x7ffbfeff, sa_flags=0x10000004
SIGQUIT: [libjvm.so+0x71bdf0], sa_mask[0]=0x7ffbfeff, sa_flags=0x10000004


---------------  S Y S T E M  ---------------

OS:Red Hat Enterprise Linux ComputeNode release 6.5 (Santiago)

uname:Linux 2.6.32-431.29.2.el6.x86_64 #1 SMP Sun Jul 27 15:55:46 EDT 2014 x86_64
libc:glibc 2.12 NPTL 2.12 
rlimit: STACK infinity, CORE infinity, NPROC 127431, NOFILE 4096, AS 8388608k
load average:6.63 4.61 4.24

/proc/meminfo:
MemTotal:       16331612 kB
MemFree:         5053292 kB
Buffers:            4988 kB
Cached:          5933028 kB
SwapCached:           88 kB
Active:          2950000 kB
Inactive:        3641372 kB
Active(anon):     589988 kB
Inactive(anon):    63560 kB
Active(file):    2360012 kB
Inactive(file):  3577812 kB
Unevictable:     4082900 kB
Mlocked:         4082900 kB
SwapTotal:       8388604 kB
SwapFree:        8388380 kB
Dirty:             41780 kB
Writeback:             0 kB
AnonPages:       4736260 kB
Mapped:           105156 kB
Shmem:               192 kB
Slab:             379028 kB
SReclaimable:     311072 kB
SUnreclaim:        67956 kB
KernelStack:        4704 kB
PageTables:        17984 kB
NFS_Unstable:          0 kB
Bounce:                0 kB
WritebackTmp:          0 kB
CommitLimit:    16554408 kB
Committed_AS:    6915668 kB
VmallocTotal:   34359738367 kB
VmallocUsed:      108380 kB
VmallocChunk:   34351234244 kB
HardwareCorrupted:     0 kB
AnonHugePages:         0 kB
HugePages_Total:       0
HugePages_Free:        0
HugePages_Rsvd:        0
HugePages_Surp:        0
Hugepagesize:       2048 kB
DirectMap4k:        9920 kB
DirectMap2M:     2086912 kB
DirectMap1G:    14680064 kB


CPU:total 8 (4 cores per cpu, 1 threads per core) family 16 model 2 stepping 3, cmov, cx8, fxsr, mmx, sse, sse2, sse3, popcnt, mmxext, 3dnowpref, lzcnt, sse4a, tsc, tscinvbit, tscinv

/proc/cpuinfo:
processor	: 0
vendor_id	: AuthenticAMD
cpu family	: 16
model		: 2
model name	: Quad-Core AMD Opteron(tm) Processor 2354
stepping	: 3
cpu MHz		: 2200.000
cache size	: 512 KB
physical id	: 0
siblings	: 4
core id		: 0
cpu cores	: 4
apicid		: 0
initial apicid	: 0
fpu		: yes
fpu_exception	: yes
cpuid level	: 5
wp		: yes
flags		: fpu vme de pse tsc msr pae mce cx8 apic sep mtrr pge mca cmov pat pse36 clflush mmx fxsr sse sse2 ht syscall nx mmxext fxsr_opt pdpe1gb rdtscp lm 3dnowext 3dnow constant_tsc rep_good nonstop_tsc extd_apicid pni monitor cx16 popcnt lahf_lm cmp_legacy svm extapic cr8_legacy abm sse4a misalignsse 3dnowprefetch osvw ibs npt lbrv svm_lock
bogomips	: 4422.88
TLB size	: 1024 4K pages
clflush size	: 64
cache_alignment	: 64
address sizes	: 48 bits physical, 48 bits virtual
power management: ts ttp tm stc 100mhzsteps hwpstate

processor	: 1
vendor_id	: AuthenticAMD
cpu family	: 16
model		: 2
model name	: Quad-Core AMD Opteron(tm) Processor 2354
stepping	: 3
cpu MHz		: 2200.000
cache size	: 512 KB
physical id	: 0
siblings	: 4
core id		: 1
cpu cores	: 4
apicid		: 1
initial apicid	: 1
fpu		: yes
fpu_exception	: yes
cpuid level	: 5
wp		: yes
flags		: fpu vme de pse tsc msr pae mce cx8 apic sep mtrr pge mca cmov pat pse36 clflush mmx fxsr sse sse2 ht syscall nx mmxext fxsr_opt pdpe1gb rdtscp lm 3dnowext 3dnow constant_tsc rep_good nonstop_tsc extd_apicid pni monitor cx16 popcnt lahf_lm cmp_legacy svm extapic cr8_legacy abm sse4a misalignsse 3dnowprefetch osvw ibs npt lbrv svm_lock
bogomips	: 4422.88
TLB size	: 1024 4K pages
clflush size	: 64
cache_alignment	: 64
address sizes	: 48 bits physical, 48 bits virtual
power management: ts ttp tm stc 100mhzsteps hwpstate

processor	: 2
vendor_id	: AuthenticAMD
cpu family	: 16
model		: 2
model name	: Quad-Core AMD Opteron(tm) Processor 2354
stepping	: 3
cpu MHz		: 2200.000
cache size	: 512 KB
physical id	: 0
siblings	: 4
core id		: 2
cpu cores	: 4
apicid		: 2
initial apicid	: 2
fpu		: yes
fpu_exception	: yes
cpuid level	: 5
wp		: yes
flags		: fpu vme de pse tsc msr pae mce cx8 apic sep mtrr pge mca cmov pat pse36 clflush mmx fxsr sse sse2 ht syscall nx mmxext fxsr_opt pdpe1gb rdtscp lm 3dnowext 3dnow constant_tsc rep_good nonstop_tsc extd_apicid pni monitor cx16 popcnt lahf_lm cmp_legacy svm extapic cr8_legacy abm sse4a misalignsse 3dnowprefetch osvw ibs npt lbrv svm_lock
bogomips	: 4422.88
TLB size	: 1024 4K pages
clflush size	: 64
cache_alignment	: 64
address sizes	: 48 bits physical, 48 bits virtual
power management: ts ttp tm stc 100mhzsteps hwpstate

processor	: 3
vendor_id	: AuthenticAMD
cpu family	: 16
model		: 2
model name	: Quad-Core AMD Opteron(tm) Processor 2354
stepping	: 3
cpu MHz		: 2200.000
cache size	: 512 KB
physical id	: 0
siblings	: 4
core id		: 3
cpu cores	: 4
apicid		: 3
initial apicid	: 3
fpu		: yes
fpu_exception	: yes
cpuid level	: 5
wp		: yes
flags		: fpu vme de pse tsc msr pae mce cx8 apic sep mtrr pge mca cmov pat pse36 clflush mmx fxsr sse sse2 ht syscall nx mmxext fxsr_opt pdpe1gb rdtscp lm 3dnowext 3dnow constant_tsc rep_good nonstop_tsc extd_apicid pni monitor cx16 popcnt lahf_lm cmp_legacy svm extapic cr8_legacy abm sse4a misalignsse 3dnowprefetch osvw ibs npt lbrv svm_lock
bogomips	: 4422.88
TLB size	: 1024 4K pages
clflush size	: 64
cache_alignment	: 64
address sizes	: 48 bits physical, 48 bits virtual
power management: ts ttp tm stc 100mhzsteps hwpstate

processor	: 4
vendor_id	: AuthenticAMD
cpu family	: 16
model		: 2
model name	: Quad-Core AMD Opteron(tm) Processor 2354
stepping	: 3
cpu MHz		: 2200.000
cache size	: 512 KB
physical id	: 1
siblings	: 4
core id		: 0
cpu cores	: 4
apicid		: 4
initial apicid	: 4
fpu		: yes
fpu_exception	: yes
cpuid level	: 5
wp		: yes
flags		: fpu vme de pse tsc msr pae mce cx8 apic sep mtrr pge mca cmov pat pse36 clflush mmx fxsr sse sse2 ht syscall nx mmxext fxsr_opt pdpe1gb rdtscp lm 3dnowext 3dnow constant_tsc rep_good nonstop_tsc extd_apicid pni monitor cx16 popcnt lahf_lm cmp_legacy svm extapic cr8_legacy abm sse4a misalignsse 3dnowprefetch osvw ibs npt lbrv svm_lock
bogomips	: 4422.23
TLB size	: 1024 4K pages
clflush size	: 64
cache_alignment	: 64
address sizes	: 48 bits physical, 48 bits virtual
power management: ts ttp tm stc 100mhzsteps hwpstate

processor	: 5
vendor_id	: AuthenticAMD
cpu family	: 16
model		: 2
model name	: Quad-Core AMD Opteron(tm) Processor 2354
stepping	: 3
cpu MHz		: 2200.000
cache size	: 512 KB
physical id	: 1
siblings	: 4
core id		: 1
cpu cores	: 4
apicid		: 5
initial apicid	: 5
fpu		: yes
fpu_exception	: yes
cpuid level	: 5
wp		: yes
flags		: fpu vme de pse tsc msr pae mce cx8 apic sep mtrr pge mca cmov pat pse36 clflush mmx fxsr sse sse2 ht syscall nx mmxext fxsr_opt pdpe1gb rdtscp lm 3dnowext 3dnow constant_tsc rep_good nonstop_tsc extd_apicid pni monitor cx16 popcnt lahf_lm cmp_legacy svm extapic cr8_legacy abm sse4a misalignsse 3dnowprefetch osvw ibs npt lbrv svm_lock
bogomips	: 4422.23
TLB size	: 1024 4K pages
clflush size	: 64
cache_alignment	: 64
address sizes	: 48 bits physical, 48 bits virtual
power management: ts ttp tm stc 100mhzsteps hwpstate

processor	: 6
vendor_id	: AuthenticAMD
cpu family	: 16
model		: 2
model name	: Quad-Core AMD Opteron(tm) Processor 2354
stepping	: 3
cpu MHz		: 2200.000
cache size	: 512 KB
physical id	: 1
siblings	: 4
core id		: 2
cpu cores	: 4
apicid		: 6
initial apicid	: 6
fpu		: yes
fpu_exception	: yes
cpuid level	: 5
wp		: yes
flags		: fpu vme de pse tsc msr pae mce cx8 apic sep mtrr pge mca cmov pat pse36 clflush mmx fxsr sse sse2 ht syscall nx mmxext fxsr_opt pdpe1gb rdtscp lm 3dnowext 3dnow constant_tsc rep_good nonstop_tsc extd_apicid pni monitor cx16 popcnt lahf_lm cmp_legacy svm extapic cr8_legacy abm sse4a misalignsse 3dnowprefetch osvw ibs npt lbrv svm_lock
bogomips	: 4422.23
TLB size	: 1024 4K pages
clflush size	: 64
cache_alignment	: 64
address sizes	: 48 bits physical, 48 bits virtual
power management: ts ttp tm stc 100mhzsteps hwpstate

processor	: 7
vendor_id	: AuthenticAMD
cpu family	: 16
model		: 2
model name	: Quad-Core AMD Opteron(tm) Processor 2354
stepping	: 3
cpu MHz		: 2200.000
cache size	: 512 KB
physical id	: 1
siblings	: 4
core id		: 3
cpu cores	: 4
apicid		: 7
initial apicid	: 7
fpu		: yes
fpu_exception	: yes
cpuid level	: 5
wp		: yes
flags		: fpu vme de pse tsc msr pae mce cx8 apic sep mtrr pge mca cmov pat pse36 clflush mmx fxsr sse sse2 ht syscall nx mmxext fxsr_opt pdpe1gb rdtscp lm 3dnowext 3dnow constant_tsc rep_good nonstop_tsc extd_apicid pni monitor cx16 popcnt lahf_lm cmp_legacy svm extapic cr8_legacy abm sse4a misalignsse 3dnowprefetch osvw ibs npt lbrv svm_lock
bogomips	: 4422.23
TLB size	: 1024 4K pages
clflush size	: 64
cache_alignment	: 64
address sizes	: 48 bits physical, 48 bits virtual
power management: ts ttp tm stc 100mhzsteps hwpstate



Memory: 4k page, physical 16331612k(5053292k free), swap 8388604k(8388380k free)

vm_info: OpenJDK 64-Bit Server VM (23.25-b01) for linux-amd64 JRE (1.6.0_32-b32), built on Aug 21 2014 11:15:48 by "mockbuild" with gcc 4.4.7 20120313 (Red Hat 4.4.7-4)

time: Mon Sep 22 23:30:35 2014
elapsed time: 4 seconds

