#
# A fatal error has been detected by the Java Runtime Environment:
#
#  SIGBUS (0x7) at pc=0x00002ba563ada522, pid=2798, tid=47989337188096
#
# JRE version: 6.0_32-b32
# Java VM: OpenJDK 64-Bit Server VM (23.25-b01 mixed mode linux-amd64 compressed oops)
# Problematic frame:
# C  [libzip.so+0x4522]  ZIP_Lock+0x252
#
# Core dump written. Default location: /mmfs/automount/gpfs/homefs/sm/dw07r324/jobs/piterman.eq.macc.sp.ro.r/core or core.2798
#
# If you would like to submit a bug report, please include
# instructions how to reproduce the bug and visit:
#   http://icedtea.classpath.org/bugzilla
# The crash happened outside the Java Virtual Machine in native code.
# See problematic frame for where to report the bug.
#

---------------  T H R E A D  ---------------

Current thread (0x00002ba564008000):  JavaThread "main" [_thread_in_native, id=2800, stack(0x00002ba563556000,0x00002ba563657000)]

siginfo:si_signo=SIGBUS: si_errno=0, si_code=2 (BUS_ADRERR), si_addr=0x00002ba5aa3d7773

Registers:
RAX=0x00002ba564ba08d0, RBX=0x00002ba5aa3d7756, RCX=0x0000000000020000, RDX=0x00000000000002c1
RSP=0x00002ba563654420, RBP=0x00002ba563654460, RSI=0x0000000000000001, RDI=0x0000000000000001
R8 =0x00002ba564000088, R9 =0x0000000000000001, R10=0x0000000000000040, R11=0x00002ba562d86660
R12=0x00002ba564ba08d0, R13=0x00002ba5642e8cc0, R14=0x00002ba5636544d0, R15=0x00002ba564ba08d0
RIP=0x00002ba563ada522, EFLAGS=0x0000000000010206, CSGSFS=0x0000000000000033, ERR=0x0000000000000004
  TRAPNO=0x000000000000000e

Top of Stack: (sp=0x00002ba563654420)
0x00002ba563654420:   00002ba5642ebbf0 00002ba562cd005e
0x00002ba563654430:   00000000000004d1 00002ba5642f0a2c
0x00002ba563654440:   00002ba5642e8cc0 000000001bb6f071
0x00002ba563654450:   00002ba5636544d0 0000000000000032
0x00002ba563654460:   00002ba5636544b0 00002ba563adaae2
0x00002ba563654470:   00002ba564008000 00002ba5642f31c0
0x00002ba563654480:   00002ba5636544f0 00002ba5640081d8
0x00002ba563654490:   00002ba5636544d0 0000000000000032
0x00002ba5636544a0:   00002ba5636549a8 00002ba5636544d0
0x00002ba5636544b0:   00002ba563654910 00002ba563ad9ae4
0x00002ba5636544c0:   0000003201000000 00002ba5642e8cc0
0x00002ba5636544d0:   2f73657373616c63 727676732f67726f
0x00002ba5636544e0:   632f6c616f672f6c 69676f6c2f65726f
0x00002ba5636544f0:   48452f6c746c2f63 616c632e30303032
0x00002ba563654500:   00002ba563007373 0000000462a25081
0x00002ba563654510:   00002ba564008b90 00002ba564b1c470
0x00002ba563654520:   00002ba563654550 00002ba564008000
0x00002ba563654530:   00000000b5cc4b00 000000000000001a
0x00002ba563654540:   00002ba564008000 00000000b5cc4b00
0x00002ba563654550:   00002ba5636545b0 00002ba562b1a5f2
0x00002ba563654560:   00002ba564008000 0000000000000000
0x00002ba563654570:   00002ba564008000 00000000b5fcf290
0x00002ba563654580:   00000000b5fcf290 00000000000000bd
0x00002ba563654590:   0000000000000000 00002ba564008000
0x00002ba5636545a0:   00002ba563654600 00002ba500000000
0x00002ba5636545b0:   00000000b5cc8c58 00002b0000000061
0x00002ba5636545c0:   00000000b5bdfef5 00000000ef463bd0
0x00002ba5636545d0:   00002ba5636545d0 00000000b5cc69cb
0x00002ba5636545e0:   00002ba563654630 00002ba564008b80
0x00002ba5636545f0:   0000000000000000 0000000000000001
0x00002ba563654600:   00002ba564008000 ffffffffffffffff
0x00002ba563654610:   00002ba563654680 00002ba562ad6a03 

Instructions: (pc=0x00002ba563ada522)
0x00002ba563ada502:   00 00 00 00 00 48 c7 40 30 00 00 00 00 48 c7 40
0x00002ba563ada512:   28 00 00 00 00 8b 5b 04 49 2b 5d 28 49 03 5d 18
0x00002ba563ada522:   44 0f b6 73 1d 0f b6 43 1c 41 c1 e6 08 41 09 c6
0x00002ba563ada532:   0f b6 43 1e 88 45 ce 0f b6 43 1f 88 45 cf 0f b6 

Register to memory mapping:

RAX=0x00002ba564ba08d0 is an unknown value
RBX=0x00002ba5aa3d7756 is an unknown value
RCX=0x0000000000020000 is an unknown value
RDX=0x00000000000002c1 is an unknown value
RSP=0x00002ba563654420 is pointing into the stack for thread: 0x00002ba564008000
RBP=0x00002ba563654460 is pointing into the stack for thread: 0x00002ba564008000
RSI=0x0000000000000001 is an unknown value
RDI=0x0000000000000001 is an unknown value
R8 =0x00002ba564000088 is an unknown value
R9 =0x0000000000000001 is an unknown value
R10=0x0000000000000040 is an unknown value
R11=0x00002ba562d86660: <offset 0x79f660> in /usr/lib/jvm/java-1.6.0-openjdk-1.6.0.0.x86_64/jre/lib/amd64/server/libjvm.so at 0x00002ba5625e7000
R12=0x00002ba564ba08d0 is an unknown value
R13=0x00002ba5642e8cc0 is an unknown value
R14=0x00002ba5636544d0 is pointing into the stack for thread: 0x00002ba564008000
R15=0x00002ba564ba08d0 is an unknown value


Stack: [0x00002ba563556000,0x00002ba563657000],  sp=0x00002ba563654420,  free space=1017k
Native frames: (J=compiled Java code, j=interpreted, Vv=VM code, C=native code)
C  [libzip.so+0x4522]  ZIP_Lock+0x252
C  [libzip.so+0x4ae2]  ZIP_GetEntry+0xc2
C  [libzip.so+0x3ae4]  Java_java_util_zip_ZipFile_getEntry+0xc4
j  java.util.zip.ZipFile.getEntry(JLjava/lang/String;Z)J+0
j  java.util.zip.ZipFile.getEntry(Ljava/lang/String;)Ljava/util/zip/ZipEntry;+31
j  java.util.jar.JarFile.getEntry(Ljava/lang/String;)Ljava/util/zip/ZipEntry;+2
j  sun.net.www.protocol.jar.URLJarFile.getEntry(Ljava/lang/String;)Ljava/util/zip/ZipEntry;+2
j  sun.net.www.protocol.jar.JarURLConnection.connect()V+62
j  sun.net.www.protocol.jar.JarURLConnection.getInputStream()Ljava/io/InputStream;+1
j  sun.misc.URLClassPath$Loader.getResource(Ljava/lang/String;Z)Lsun/misc/Resource;+48
j  sun.misc.URLClassPath.getResource(Ljava/lang/String;Z)Lsun/misc/Resource;+53
j  java.net.URLClassLoader$1.run()Ljava/lang/Object;+26
v  ~StubRoutines::call_stub
V  [libjvm.so+0x537e3e]  AsyncGetCallTrace+0xd776e
V  [libjvm.so+0x536ad8]  AsyncGetCallTrace+0xd6408
V  [libjvm.so+0x597140]  JVM_DoPrivileged+0x400
j  java.security.AccessController.doPrivileged(Ljava/security/PrivilegedExceptionAction;Ljava/security/AccessControlContext;)Ljava/lang/Object;+0
j  java.net.URLClassLoader.findClass(Ljava/lang/String;)Ljava/lang/Class;+13
j  org.java.plugin.standard.StandardPluginClassLoader.loadLocalClass(Ljava/lang/String;ZLorg/java/plugin/standard/StandardPluginClassLoader;)Ljava/lang/Class;+97
j  org.java.plugin.standard.StandardPluginClassLoader.loadClass(Ljava/lang/String;Z)Ljava/lang/Class;+62
j  java.lang.ClassLoader.loadClass(Ljava/lang/String;)Ljava/lang/Class;+3
j  org.svvrl.goal.core.CorePlugin.loadFormulaRewriters()V+63
j  org.svvrl.goal.core.CorePlugin.initApplication(Lorg/java/plugin/util/ExtendedProperties;[Ljava/lang/String;)Lorg/java/plugin/boot/Application;+170
j  org.java.plugin.boot.DefaultApplicationInitializer.initApplication(Lorg/java/plugin/boot/BootErrorHandler;[Ljava/lang/String;)Lorg/java/plugin/boot/Application;+530
j  org.java.plugin.boot.Boot.initApplication(Lorg/java/plugin/boot/BootErrorHandler;Lorg/java/plugin/util/ExtendedProperties;[Ljava/lang/String;)Lorg/java/plugin/boot/Application;+157
j  org.java.plugin.boot.Boot.boot(Lorg/java/plugin/util/ExtendedProperties;ZLjava/lang/String;Lorg/java/plugin/boot/BootErrorHandler;[Ljava/lang/String;)Lorg/java/plugin/boot/Application;+338
j  org.java.plugin.boot.Boot.main([Ljava/lang/String;)V+162
v  ~StubRoutines::call_stub
V  [libjvm.so+0x537e3e]  AsyncGetCallTrace+0xd776e
V  [libjvm.so+0x536ad8]  AsyncGetCallTrace+0xd6408
V  [libjvm.so+0x5452a7]  JNI_CreateJavaVM+0x12e7
V  [libjvm.so+0x55a4eb]  JNI_CreateJavaVM+0x1652b
C  [java+0x374d]  JavaMain+0xd0d

Java frames: (J=compiled Java code, j=interpreted, Vv=VM code)
j  java.util.zip.ZipFile.getEntry(JLjava/lang/String;Z)J+0
j  java.util.zip.ZipFile.getEntry(Ljava/lang/String;)Ljava/util/zip/ZipEntry;+31
j  java.util.jar.JarFile.getEntry(Ljava/lang/String;)Ljava/util/zip/ZipEntry;+2
j  sun.net.www.protocol.jar.URLJarFile.getEntry(Ljava/lang/String;)Ljava/util/zip/ZipEntry;+2
j  sun.net.www.protocol.jar.JarURLConnection.connect()V+62
j  sun.net.www.protocol.jar.JarURLConnection.getInputStream()Ljava/io/InputStream;+1
j  sun.misc.URLClassPath$Loader.getResource(Ljava/lang/String;Z)Lsun/misc/Resource;+48
j  sun.misc.URLClassPath.getResource(Ljava/lang/String;Z)Lsun/misc/Resource;+53
j  java.net.URLClassLoader$1.run()Ljava/lang/Object;+26
v  ~StubRoutines::call_stub
j  java.security.AccessController.doPrivileged(Ljava/security/PrivilegedExceptionAction;Ljava/security/AccessControlContext;)Ljava/lang/Object;+0
j  java.net.URLClassLoader.findClass(Ljava/lang/String;)Ljava/lang/Class;+13
j  org.java.plugin.standard.StandardPluginClassLoader.loadLocalClass(Ljava/lang/String;ZLorg/java/plugin/standard/StandardPluginClassLoader;)Ljava/lang/Class;+97
j  org.java.plugin.standard.StandardPluginClassLoader.loadClass(Ljava/lang/String;Z)Ljava/lang/Class;+62
j  java.lang.ClassLoader.loadClass(Ljava/lang/String;)Ljava/lang/Class;+3
j  org.svvrl.goal.core.CorePlugin.loadFormulaRewriters()V+63
j  org.svvrl.goal.core.CorePlugin.initApplication(Lorg/java/plugin/util/ExtendedProperties;[Ljava/lang/String;)Lorg/java/plugin/boot/Application;+170
j  org.java.plugin.boot.DefaultApplicationInitializer.initApplication(Lorg/java/plugin/boot/BootErrorHandler;[Ljava/lang/String;)Lorg/java/plugin/boot/Application;+530
j  org.java.plugin.boot.Boot.initApplication(Lorg/java/plugin/boot/BootErrorHandler;Lorg/java/plugin/util/ExtendedProperties;[Ljava/lang/String;)Lorg/java/plugin/boot/Application;+157
j  org.java.plugin.boot.Boot.boot(Lorg/java/plugin/util/ExtendedProperties;ZLjava/lang/String;Lorg/java/plugin/boot/BootErrorHandler;[Ljava/lang/String;)Lorg/java/plugin/boot/Application;+338
j  org.java.plugin.boot.Boot.main([Ljava/lang/String;)V+162
v  ~StubRoutines::call_stub

---------------  P R O C E S S  ---------------

Java Threads: ( => current thread )
  0x00002ba564101800 JavaThread "Low Memory Detector" daemon [_thread_blocked, id=2815, stack(0x00002ba5aa194000,0x00002ba5aa295000)]
  0x00002ba5640ff000 JavaThread "C2 CompilerThread1" daemon [_thread_blocked, id=2814, stack(0x00002ba5aa093000,0x00002ba5aa194000)]
  0x00002ba5640fc800 JavaThread "C2 CompilerThread0" daemon [_thread_in_native, id=2813, stack(0x00002ba5a9f92000,0x00002ba5aa093000)]
  0x00002ba5640fa000 JavaThread "Signal Dispatcher" daemon [_thread_blocked, id=2812, stack(0x00002ba5a9e91000,0x00002ba5a9f92000)]
  0x00002ba5640ab800 JavaThread "Finalizer" daemon [_thread_blocked, id=2811, stack(0x00002ba598101000,0x00002ba598202000)]
  0x00002ba5640a9800 JavaThread "Reference Handler" daemon [_thread_blocked, id=2810, stack(0x00002ba598000000,0x00002ba598101000)]
=>0x00002ba564008000 JavaThread "main" [_thread_in_native, id=2800, stack(0x00002ba563556000,0x00002ba563657000)]

Other Threads:
  0x00002ba56409a800 VMThread [stack: 0x00002ba58cd91000,0x00002ba58ce92000] [id=2809]
  0x00002ba56410c800 WatcherThread [stack: 0x00002ba5aa295000,0x00002ba5aa396000] [id=2816]

VM state:not at safepoint (normal execution)

VM Mutex/Monitor currently owned by a thread: None

Heap
 PSYoungGen      total 305856K, used 78767K [0x00000000eaab0000, 0x0000000100000000, 0x0000000100000000)
  eden space 262208K, 30% used [0x00000000eaab0000,0x00000000ef79bdd8,0x00000000faac0000)
  from space 43648K, 0% used [0x00000000fd560000,0x00000000fd560000,0x0000000100000000)
  to   space 43648K, 0% used [0x00000000faac0000,0x00000000faac0000,0x00000000fd560000)
 ParOldGen       total 699072K, used 0K [0x00000000c0000000, 0x00000000eaab0000, 0x00000000eaab0000)
  object space 699072K, 0% used [0x00000000c0000000,0x00000000c0000000,0x00000000eaab0000)
 PSPermGen       total 21248K, used 8068K [0x00000000b5a00000, 0x00000000b6ec0000, 0x00000000c0000000)
  object space 21248K, 37% used [0x00000000b5a00000,0x00000000b61e11d8,0x00000000b6ec0000)

Card table byte_map: [0x00002ba56b0c0000,0x00002ba56b314000] byte_map_base: 0x00002ba56ab13000

Polling page: 0x00002ba563a97000

Code Cache  [0x00002ba568000000, 0x00002ba568270000, 0x00002ba56b000000)
 total_blobs=372 nmethods=141 adapters=182 free_code_cache=48361Kb largest_free_block=49490688

Compilation events (10 events):
Event: 1.573 Thread 0x00002ba5640ff000  136             org.svvrl.goal.core.logic.ltl.LTL::<init> (5 bytes)
Event: 1.573 Thread 0x00002ba5640ff000 nmethod 136 0x00002ba5680bc750 code [0x00002ba5680bc880, 0x00002ba5680bc8d8]
Event: 1.583 Thread 0x00002ba5640ff000  138             org.svvrl.goal.core.logic.ltl.LTLAnd::getPrecedence (2 bytes)
Event: 1.584 Thread 0x00002ba5640ff000 nmethod 138 0x00002ba5680bc190 code [0x00002ba5680bc2c0, 0x00002ba5680bc318]
Event: 1.588 Thread 0x00002ba5640ff000  139             java.util.HashMap$Entry::getKey (5 bytes)
Event: 1.588 Thread 0x00002ba5640ff000 nmethod 139 0x00002ba5680bbf90 code [0x00002ba5680bc0c0, 0x00002ba5680bc118]
Event: 1.597 Thread 0x00002ba5640ff000  140             org.svvrl.goal.core.logic.ltl.LTLBinary::<init> (25 bytes)
Event: 1.598 Thread 0x00002ba5640ff000 nmethod 140 0x00002ba5680bbd90 code [0x00002ba5680bbec0, 0x00002ba5680bbf38]
Event: 1.598 Thread 0x00002ba5640ff000  141             java.util.HashMap::containsKey (14 bytes)
Event: 1.604 Thread 0x00002ba5640ff000 nmethod 141 0x00002ba5680bb510 code [0x00002ba5680bb680, 0x00002ba5680bba58]

GC Heap History (0 events):
No events

Deoptimization events (10 events):
Event: 1.089 Thread 0x00002ba564008000 Uncommon trap -34 fr.pc 0x00002ba56805ea30
Event: 1.089 Thread 0x00002ba564008000 Uncommon trap -34 fr.pc 0x00002ba56805ea30
Event: 1.438 Thread 0x00002ba564008000 Uncommon trap -34 fr.pc 0x00002ba5680aa824
Event: 1.438 Thread 0x00002ba564008000 Uncommon trap -34 fr.pc 0x00002ba5680aa824
Event: 1.438 Thread 0x00002ba564008000 Uncommon trap -34 fr.pc 0x00002ba5680aa824
Event: 1.438 Thread 0x00002ba564008000 Uncommon trap -34 fr.pc 0x00002ba5680aa824
Event: 1.439 Thread 0x00002ba564008000 Uncommon trap -34 fr.pc 0x00002ba56809fb1c
Event: 1.439 Thread 0x00002ba564008000 Uncommon trap -34 fr.pc 0x00002ba56809fb1c
Event: 1.439 Thread 0x00002ba564008000 Uncommon trap -34 fr.pc 0x00002ba56809fb1c
Event: 1.440 Thread 0x00002ba564008000 Uncommon trap -34 fr.pc 0x00002ba56809fb1c

Internal exceptions (10 events):
Event: 1.254 Thread 0x00002ba564008000 Threw 0x00000000ec09b110 at /builddir/build/BUILD/icedtea6-1.13.4/openjdk/hotspot/src/share/vm/prims/jvm.cpp:1235
Event: 1.255 Thread 0x00002ba564008000 Threw 0x00000000ec0a1220 at /builddir/build/BUILD/icedtea6-1.13.4/openjdk/hotspot/src/share/vm/classfile/systemDictionary.cpp:179
Event: 1.255 Thread 0x00002ba564008000 Threw 0x00000000ec0a15b8 at /builddir/build/BUILD/icedtea6-1.13.4/openjdk/hotspot/src/share/vm/prims/jvm.cpp:1235
Event: 1.255 Thread 0x00002ba564008000 Threw 0x00000000ec0a1a00 at /builddir/build/BUILD/icedtea6-1.13.4/openjdk/hotspot/src/share/vm/prims/jvm.cpp:1235
Event: 1.285 Thread 0x00002ba564008000 Threw 0x00000000ec80a628 at /builddir/build/BUILD/icedtea6-1.13.4/openjdk/hotspot/src/share/vm/classfile/systemDictionary.cpp:179
Event: 1.285 Thread 0x00002ba564008000 Threw 0x00000000ec80a9a8 at /builddir/build/BUILD/icedtea6-1.13.4/openjdk/hotspot/src/share/vm/prims/jvm.cpp:1235
Event: 1.285 Thread 0x00002ba564008000 Threw 0x00000000ec80add8 at /builddir/build/BUILD/icedtea6-1.13.4/openjdk/hotspot/src/share/vm/prims/jvm.cpp:1235
Event: 1.295 Thread 0x00002ba564008000 Threw 0x00000000ec86ad90 at /builddir/build/BUILD/icedtea6-1.13.4/openjdk/hotspot/src/share/vm/classfile/systemDictionary.cpp:179
Event: 1.295 Thread 0x00002ba564008000 Threw 0x00000000ec86b128 at /builddir/build/BUILD/icedtea6-1.13.4/openjdk/hotspot/src/share/vm/prims/jvm.cpp:1235
Event: 1.295 Thread 0x00002ba564008000 Threw 0x00000000ec86b570 at /builddir/build/BUILD/icedtea6-1.13.4/openjdk/hotspot/src/share/vm/prims/jvm.cpp:1235

Events (10 events):
Event: 1.438 Thread 0x00002ba564008000 DEOPT PACKING pc=0x00002ba5680aa824 sp=0x00002ba563654d10
Event: 1.438 Thread 0x00002ba564008000 DEOPT UNPACKING pc=0x00002ba568039145 sp=0x00002ba563654cd8 mode 2
Event: 1.439 Thread 0x00002ba564008000 DEOPT PACKING pc=0x00002ba56809fb1c sp=0x00002ba563654b20
Event: 1.439 Thread 0x00002ba564008000 DEOPT UNPACKING pc=0x00002ba568039145 sp=0x00002ba563654ad8 mode 2
Event: 1.439 Thread 0x00002ba564008000 DEOPT PACKING pc=0x00002ba56809fb1c sp=0x00002ba563654b20
Event: 1.439 Thread 0x00002ba564008000 DEOPT UNPACKING pc=0x00002ba568039145 sp=0x00002ba563654ad8 mode 2
Event: 1.440 Thread 0x00002ba564008000 DEOPT PACKING pc=0x00002ba56809fb1c sp=0x00002ba563654b20
Event: 1.440 Thread 0x00002ba564008000 DEOPT UNPACKING pc=0x00002ba568039145 sp=0x00002ba563654ad8 mode 2
Event: 1.440 Thread 0x00002ba564008000 DEOPT PACKING pc=0x00002ba56809fb1c sp=0x00002ba563654b20
Event: 1.440 Thread 0x00002ba564008000 DEOPT UNPACKING pc=0x00002ba568039145 sp=0x00002ba563654ad8 mode 2


Dynamic libraries:
00400000-00409000 r-xp 00000000 fd:01 5993                               /usr/lib/jvm/java-1.6.0-openjdk-1.6.0.0.x86_64/jre/bin/java
00608000-0060a000 rw-p 00008000 fd:01 5993                               /usr/lib/jvm/java-1.6.0-openjdk-1.6.0.0.x86_64/jre/bin/java
01070000-01091000 rw-p 00000000 00:00 0                                  [heap]
b5a00000-b6ec0000 rw-p 00000000 00:00 0 
b6ec0000-c0000000 rw-p 00000000 00:00 0 
c0000000-100000000 rw-p 00000000 00:00 0 
364f800000-364f820000 r-xp 00000000 fd:01 130582                         /lib64/ld-2.12.so
364fa1f000-364fa20000 r--p 0001f000 fd:01 130582                         /lib64/ld-2.12.so
364fa20000-364fa21000 rw-p 00020000 fd:01 130582                         /lib64/ld-2.12.so
364fa21000-364fa22000 rw-p 00000000 00:00 0 
364fc00000-364fd8a000 r-xp 00000000 fd:01 130613                         /lib64/libc-2.12.so
364fd8a000-364ff8a000 ---p 0018a000 fd:01 130613                         /lib64/libc-2.12.so
364ff8a000-364ff8e000 r--p 0018a000 fd:01 130613                         /lib64/libc-2.12.so
364ff8e000-364ff8f000 rw-p 0018e000 fd:01 130613                         /lib64/libc-2.12.so
364ff8f000-364ff94000 rw-p 00000000 00:00 0 
3650000000-3650004000 r-xp 00000000 fd:01 13573                          /usr/lib/jvm/java-1.6.0-openjdk-1.6.0.0.x86_64/jre/lib/amd64/jli/libjli.so
3650004000-3650203000 ---p 00004000 fd:01 13573                          /usr/lib/jvm/java-1.6.0-openjdk-1.6.0.0.x86_64/jre/lib/amd64/jli/libjli.so
3650203000-3650204000 rw-p 00003000 fd:01 13573                          /usr/lib/jvm/java-1.6.0-openjdk-1.6.0.0.x86_64/jre/lib/amd64/jli/libjli.so
3650400000-3650417000 r-xp 00000000 fd:01 130636                         /lib64/libpthread-2.12.so
3650417000-3650617000 ---p 00017000 fd:01 130636                         /lib64/libpthread-2.12.so
3650617000-3650618000 r--p 00017000 fd:01 130636                         /lib64/libpthread-2.12.so
3650618000-3650619000 rw-p 00018000 fd:01 130636                         /lib64/libpthread-2.12.so
3650619000-365061d000 rw-p 00000000 00:00 0 
3650800000-3650802000 r-xp 00000000 fd:01 130624                         /lib64/libdl-2.12.so
3650802000-3650a02000 ---p 00002000 fd:01 130624                         /lib64/libdl-2.12.so
3650a02000-3650a03000 r--p 00002000 fd:01 130624                         /lib64/libdl-2.12.so
3650a03000-3650a04000 rw-p 00003000 fd:01 130624                         /lib64/libdl-2.12.so
3650c00000-3650c15000 r-xp 00000000 fd:01 130638                         /lib64/libz.so.1.2.3
3650c15000-3650e14000 ---p 00015000 fd:01 130638                         /lib64/libz.so.1.2.3
3650e14000-3650e15000 r--p 00014000 fd:01 130638                         /lib64/libz.so.1.2.3
3650e15000-3650e16000 rw-p 00015000 fd:01 130638                         /lib64/libz.so.1.2.3
3651000000-3651007000 r-xp 00000000 fd:01 132701                         /lib64/librt-2.12.so
3651007000-3651206000 ---p 00007000 fd:01 132701                         /lib64/librt-2.12.so
3651206000-3651207000 r--p 00006000 fd:01 132701                         /lib64/librt-2.12.so
3651207000-3651208000 rw-p 00007000 fd:01 132701                         /lib64/librt-2.12.so
3651800000-3651816000 r-xp 00000000 fd:01 133662                         /lib64/libgcc_s-4.4.7-20120601.so.1
3651816000-3651a15000 ---p 00016000 fd:01 133662                         /lib64/libgcc_s-4.4.7-20120601.so.1
3651a15000-3651a16000 rw-p 00015000 fd:01 133662                         /lib64/libgcc_s-4.4.7-20120601.so.1
3653000000-36530e8000 r-xp 00000000 fd:01 49938                          /usr/lib64/libstdc++.so.6.0.13
36530e8000-36532e8000 ---p 000e8000 fd:01 49938                          /usr/lib64/libstdc++.so.6.0.13
36532e8000-36532ef000 r--p 000e8000 fd:01 49938                          /usr/lib64/libstdc++.so.6.0.13
36532ef000-36532f1000 rw-p 000ef000 fd:01 49938                          /usr/lib64/libstdc++.so.6.0.13
36532f1000-3653306000 rw-p 00000000 00:00 0 
365c200000-365c216000 r-xp 00000000 fd:01 137559                         /lib64/libnsl-2.12.so
365c216000-365c415000 ---p 00016000 fd:01 137559                         /lib64/libnsl-2.12.so
365c415000-365c416000 r--p 00015000 fd:01 137559                         /lib64/libnsl-2.12.so
365c416000-365c417000 rw-p 00016000 fd:01 137559                         /lib64/libnsl-2.12.so
365c417000-365c419000 rw-p 00000000 00:00 0 
2ba5625cc000-2ba5625cd000 rw-p 00000000 00:00 0 
2ba5625e3000-2ba5625e7000 rw-p 00000000 00:00 0 
2ba5625e7000-2ba562ff2000 r-xp 00000000 fd:01 23213                      /usr/lib/jvm/java-1.6.0-openjdk-1.6.0.0.x86_64/jre/lib/amd64/server/libjvm.so
2ba562ff2000-2ba5631f2000 ---p 00a0b000 fd:01 23213                      /usr/lib/jvm/java-1.6.0-openjdk-1.6.0.0.x86_64/jre/lib/amd64/server/libjvm.so
2ba5631f2000-2ba563293000 rw-p 00a0b000 fd:01 23213                      /usr/lib/jvm/java-1.6.0-openjdk-1.6.0.0.x86_64/jre/lib/amd64/server/libjvm.so
2ba563293000-2ba5632bc000 rw-p 00000000 00:00 0 
2ba5632d2000-2ba563355000 r-xp 00000000 fd:01 130627                     /lib64/libm-2.12.so
2ba563355000-2ba563554000 ---p 00083000 fd:01 130627                     /lib64/libm-2.12.so
2ba563554000-2ba563555000 r--p 00082000 fd:01 130627                     /lib64/libm-2.12.so
2ba563555000-2ba563556000 rw-p 00083000 fd:01 130627                     /lib64/libm-2.12.so
2ba563556000-2ba563559000 ---p 00000000 00:00 0 
2ba563559000-2ba563657000 rw-p 00000000 00:00 0 
2ba563657000-2ba563665000 r-xp 00000000 fd:01 23207                      /usr/lib/jvm/java-1.6.0-openjdk-1.6.0.0.x86_64/jre/lib/amd64/libverify.so
2ba563665000-2ba563865000 ---p 0000e000 fd:01 23207                      /usr/lib/jvm/java-1.6.0-openjdk-1.6.0.0.x86_64/jre/lib/amd64/libverify.so
2ba563865000-2ba563867000 rw-p 0000e000 fd:01 23207                      /usr/lib/jvm/java-1.6.0-openjdk-1.6.0.0.x86_64/jre/lib/amd64/libverify.so
2ba563867000-2ba563894000 r-xp 00000000 fd:01 23159                      /usr/lib/jvm/java-1.6.0-openjdk-1.6.0.0.x86_64/jre/lib/amd64/libjava.so
2ba563894000-2ba563a93000 ---p 0002d000 fd:01 23159                      /usr/lib/jvm/java-1.6.0-openjdk-1.6.0.0.x86_64/jre/lib/amd64/libjava.so
2ba563a93000-2ba563a97000 rw-p 0002c000 fd:01 23159                      /usr/lib/jvm/java-1.6.0-openjdk-1.6.0.0.x86_64/jre/lib/amd64/libjava.so
2ba563a97000-2ba563a98000 r--p 00000000 00:00 0 
2ba563a98000-2ba563a99000 rw-p 00000000 00:00 0 
2ba563a99000-2ba563ace000 r--s 00000000 fd:02 128540                     /var/db/nscd/passwd
2ba563ace000-2ba563ad6000 rw-s 00000000 fd:03 140                        /tmp/hsperfdata_dw07r324/2798
2ba563ad6000-2ba563add000 r-xp 00000000 fd:01 23208                      /usr/lib/jvm/java-1.6.0-openjdk-1.6.0.0.x86_64/jre/lib/amd64/libzip.so
2ba563add000-2ba563cdd000 ---p 00007000 fd:01 23208                      /usr/lib/jvm/java-1.6.0-openjdk-1.6.0.0.x86_64/jre/lib/amd64/libzip.so
2ba563cdd000-2ba563cde000 rw-p 00007000 fd:01 23208                      /usr/lib/jvm/java-1.6.0-openjdk-1.6.0.0.x86_64/jre/lib/amd64/libzip.so
2ba564000000-2ba564c85000 rw-p 00000000 00:00 0 
2ba564c85000-2ba568000000 ---p 00000000 00:00 0 
2ba568000000-2ba568270000 rwxp 00000000 00:00 0 
2ba568270000-2ba56b000000 rw-p 00000000 00:00 0 
2ba56b000000-2ba56b00a000 rw-p 00000000 00:00 0 
2ba56b00a000-2ba56b0c0000 rw-p 00000000 00:00 0 
2ba56b0c0000-2ba56b0cb000 rw-p 00000000 00:00 0 
2ba56b0cb000-2ba56b113000 rw-p 00000000 00:00 0 
2ba56b113000-2ba56b475000 rw-p 00000000 00:00 0 
2ba56b475000-2ba56b4bd000 rw-p 00000000 00:00 0 
2ba56b4bd000-2ba56b4be000 ---p 00000000 00:00 0 
2ba56b4be000-2ba56b5be000 rw-p 00000000 00:00 0 
2ba56b5be000-2ba56b5bf000 ---p 00000000 00:00 0 
2ba56b5bf000-2ba56b6bf000 rw-p 00000000 00:00 0 
2ba56b6bf000-2ba56b6c0000 ---p 00000000 00:00 0 
2ba56b6c0000-2ba56b7c0000 rw-p 00000000 00:00 0 
2ba56b7c0000-2ba56b7c1000 ---p 00000000 00:00 0 
2ba56b7c1000-2ba56b8c1000 rw-p 00000000 00:00 0 
2ba56b8c1000-2ba56b8c2000 ---p 00000000 00:00 0 
2ba56b8c2000-2ba56b9c2000 rw-p 00000000 00:00 0 
2ba56b9c2000-2ba56b9c3000 ---p 00000000 00:00 0 
2ba56b9c3000-2ba56bac3000 rw-p 00000000 00:00 0 
2ba56bac3000-2ba56bac4000 ---p 00000000 00:00 0 
2ba56bac4000-2ba56bbc4000 rw-p 00000000 00:00 0 
2ba56bbc4000-2ba56bbc5000 ---p 00000000 00:00 0 
2ba56bbc5000-2ba56bcc5000 rw-p 00000000 00:00 0 
2ba56c000000-2ba56c021000 rw-p 00000000 00:00 0 
2ba56c021000-2ba570000000 ---p 00000000 00:00 0 
2ba570000000-2ba570021000 rw-p 00000000 00:00 0 
2ba570021000-2ba574000000 ---p 00000000 00:00 0 
2ba574000000-2ba574021000 rw-p 00000000 00:00 0 
2ba574021000-2ba578000000 ---p 00000000 00:00 0 
2ba578000000-2ba578021000 rw-p 00000000 00:00 0 
2ba578021000-2ba57c000000 ---p 00000000 00:00 0 
2ba57c000000-2ba57c021000 rw-p 00000000 00:00 0 
2ba57c021000-2ba580000000 ---p 00000000 00:00 0 
2ba580000000-2ba580021000 rw-p 00000000 00:00 0 
2ba580021000-2ba584000000 ---p 00000000 00:00 0 
2ba584000000-2ba586ea4000 rw-p 00000000 00:00 0 
2ba586ea4000-2ba58703a000 r--s 01a15000 fd:01 23288                      /usr/lib/jvm/java-1.6.0-openjdk-1.6.0.0.x86_64/jre/lib/rt.jar
2ba58703a000-2ba587f20000 rw-p 00000000 00:00 0 
2ba588000000-2ba588021000 rw-p 00000000 00:00 0 
2ba588021000-2ba58c000000 ---p 00000000 00:00 0 
2ba58c000000-2ba58cd91000 rw-p 00000000 00:00 0 
2ba58cd91000-2ba58cd92000 ---p 00000000 00:00 0 
2ba58cd92000-2ba58ce92000 rw-p 00000000 00:00 0 
2ba590000000-2ba590021000 rw-p 00000000 00:00 0 
2ba590021000-2ba594000000 ---p 00000000 00:00 0 
2ba594000000-2ba594021000 rw-p 00000000 00:00 0 
2ba594021000-2ba598000000 ---p 00000000 00:00 0 
2ba598000000-2ba598003000 ---p 00000000 00:00 0 
2ba598003000-2ba598101000 rw-p 00000000 00:00 0 
2ba598101000-2ba598104000 ---p 00000000 00:00 0 
2ba598104000-2ba598202000 rw-p 00000000 00:00 0 
2ba59c000000-2ba59c021000 rw-p 00000000 00:00 0 
2ba59c021000-2ba5a0000000 ---p 00000000 00:00 0 
2ba5a0000000-2ba5a0021000 rw-p 00000000 00:00 0 
2ba5a0021000-2ba5a4000000 ---p 00000000 00:00 0 
2ba5a4000000-2ba5a9e91000 r--p 00000000 fd:01 49935                      /usr/lib/locale/locale-archive
2ba5a9e91000-2ba5a9e94000 ---p 00000000 00:00 0 
2ba5a9e94000-2ba5a9f92000 rw-p 00000000 00:00 0 
2ba5a9f92000-2ba5a9f95000 ---p 00000000 00:00 0 
2ba5a9f95000-2ba5aa093000 rw-p 00000000 00:00 0 
2ba5aa093000-2ba5aa096000 ---p 00000000 00:00 0 
2ba5aa096000-2ba5aa194000 rw-p 00000000 00:00 0 
2ba5aa194000-2ba5aa197000 ---p 00000000 00:00 0 
2ba5aa197000-2ba5aa295000 rw-p 00000000 00:00 0 
2ba5aa295000-2ba5aa296000 ---p 00000000 00:00 0 
2ba5aa296000-2ba5aa396000 rw-p 00000000 00:00 0 
2ba5aa396000-2ba5aa398000 r--s 00009000 00:35 125760574                  /mmfs/automount/gpfs/homefs/sm/dw07r324/bin/GOAL-20140808/lib/jpf-boot.jar
2ba5aa398000-2ba5aa39b000 r--s 0000f000 fd:01 23233                      /usr/lib/jvm/java-1.6.0-openjdk-1.6.0.0.x86_64/jre/lib/ext/pulse-java.jar
2ba5aa39b000-2ba5aa3a4000 r--s 00065000 fd:01 23228                      /usr/lib/jvm/java-1.6.0-openjdk-1.6.0.0.x86_64/jre/lib/ext/gnome-java-bridge.jar
2ba5aa3a4000-2ba5aa3a6000 r--s 00009000 00:35 125760574                  /mmfs/automount/gpfs/homefs/sm/dw07r324/bin/GOAL-20140808/lib/jpf-boot.jar
2ba5aa3a6000-2ba5aa3aa000 r--s 0003c000 fd:01 14238                      /usr/lib/jvm/java-1.6.0-openjdk-1.6.0.0.x86_64/jre/lib/jsse.jar
2ba5aa3aa000-2ba5aa3af000 r--s 0002d000 00:35 125760577                  /mmfs/automount/gpfs/homefs/sm/dw07r324/bin/GOAL-20140808/lib/jpf.jar
2ba5aa3af000-2ba5aa3b1000 r--s 0000d000 00:35 125760571                  /mmfs/automount/gpfs/homefs/sm/dw07r324/bin/GOAL-20140808/lib/commons-logging.jar
2ba5aa3b1000-2ba5aa3b3000 r--s 00012000 00:35 125760576                  /mmfs/automount/gpfs/homefs/sm/dw07r324/bin/GOAL-20140808/lib/jpf-tools.jar
2ba5aa3b3000-2ba5aa3ba000 r--s 00039000 00:35 125760578                  /mmfs/automount/gpfs/homefs/sm/dw07r324/bin/GOAL-20140808/lib/jxp.jar
2ba5aa3ba000-2ba5aa3bc000 r--s 00004000 00:35 125760570                  /mmfs/automount/gpfs/homefs/sm/dw07r324/bin/GOAL-20140808/lib/AppleJavaExtensions.jar
2ba5aa3bc000-2ba5aa3c1000 r--s 0002a000 00:35 125760572                  /mmfs/automount/gpfs/homefs/sm/dw07r324/bin/GOAL-20140808/lib/gson-2.2.2.jar
2ba5aa3c1000-2ba5aa3c4000 r--s 0001a000 00:35 125760579                  /mmfs/automount/gpfs/homefs/sm/dw07r324/bin/GOAL-20140808/lib/minijdd_104.jar
2ba5aa3c4000-2ba5aa3e7000 r--s 0022d000 00:35 6124239                    /mmfs/automount/gpfs/homefs/sm/dw07r324/bin/GOAL-20140808/.jpf-shadow/org.svvrl.goal.core@2014.8.8.zip
2ba5aa3e7000-2ba5aa48a000 r-xp 00000000 fd:01 13434                      /usr/lib/jvm/java-1.6.0-openjdk-1.6.0.0.x86_64/jre/lib/amd64/libawt.so
2ba5aa48a000-2ba5aa68a000 ---p 000a3000 fd:01 13434                      /usr/lib/jvm/java-1.6.0-openjdk-1.6.0.0.x86_64/jre/lib/amd64/libawt.so
2ba5aa68a000-2ba5aa696000 rw-p 000a3000 fd:01 13434                      /usr/lib/jvm/java-1.6.0-openjdk-1.6.0.0.x86_64/jre/lib/amd64/libawt.so
2ba5aa696000-2ba5aa6ba000 rw-p 00000000 00:00 0 
2ba5aa6ba000-2ba5aa6c0000 r-xp 00000000 fd:01 8525                       /usr/lib/jvm/java-1.6.0-openjdk-1.6.0.0.x86_64/jre/lib/amd64/headless/libmawt.so
2ba5aa6c0000-2ba5aa8bf000 ---p 00006000 fd:01 8525                       /usr/lib/jvm/java-1.6.0-openjdk-1.6.0.0.x86_64/jre/lib/amd64/headless/libmawt.so
2ba5aa8bf000-2ba5aa8c0000 rw-p 00005000 fd:01 8525                       /usr/lib/jvm/java-1.6.0-openjdk-1.6.0.0.x86_64/jre/lib/amd64/headless/libmawt.so
2ba5aa8c0000-2ba5aa8c2000 rw-p 00000000 00:00 0 
2ba5ac000000-2ba5ac021000 rw-p 00000000 00:00 0 
2ba5ac021000-2ba5b0000000 ---p 00000000 00:00 0 
2ba5b0000000-2ba5b12b4000 rw-p 00000000 00:00 0 
2ba5b12b4000-2ba5b4000000 ---p 00000000 00:00 0 
2ba5b4000000-2ba5b4c42000 rw-p 00000000 00:00 0 
2ba5b4c42000-2ba5b8000000 ---p 00000000 00:00 0 
2ba5b8000000-2ba5b8021000 rw-p 00000000 00:00 0 
2ba5b8021000-2ba5bc000000 ---p 00000000 00:00 0 
2ba5bc000000-2ba5bc021000 rw-p 00000000 00:00 0 
2ba5bc021000-2ba5c0000000 ---p 00000000 00:00 0 
7fffda4c7000-7fffda4fe000 rw-p 00000000 00:00 0                          [stack]
7fffda538000-7fffda539000 r-xp 00000000 00:00 0                          [vdso]
ffffffffff600000-ffffffffff601000 r-xp 00000000 00:00 0                  [vsyscall]

VM Arguments:
jvm_args: -Xmx1G -Xms1G -DapplicationRoot=/home/ubelix/sm/dw07r324/bin/GOAL-20140808 -Dorg.java.plugin.boot.pluginsRepositories=/home/ubelix/sm/dw07r324/bin/GOAL-20140808/plugins -Djpf.boot.config=/home/ubelix/sm/dw07r324/bin/GOAL-20140808/boot.properties -Dorg.apache.commons.logging.Log=org.apache.commons.logging.impl.SimpleLog -Dorg.apache.commons.logging.simplelog.log.org.java.plugin=fatal 
java_command: /home/ubelix/sm/dw07r324/bin/GOAL-20140808/lib/jpf-boot.jar complement -m piterman -eq -macc -sp -ro -r /scratch/local/8663605.1.all.q/test_set_s15/s15_t1.0_a0.6_002.gff
Launcher Type: SUN_STANDARD

Environment Variables:
CLASSPATH=/home/ubelix/sm/dw07r324/bin/GOAL-20140808:/home/ubelix/sm/dw07r324/bin/GOAL-20140808/plugins:/home/ubelix/sm/dw07r324/bin/GOAL-20140808/lib:
PATH=/scratch/local/8663605.1.all.q:/usr/lib64/qt-3.3/bin:/usr/local/bin:/bin:/usr/bin:/usr/local/sbin:/usr/sbin:/sbin:/usr/lpp/mmfs/bin:/home/ubelix/sm/dw07r324/bin/GOAL-20140808:/home/ubelix/sm/dw07r324/bin/gnu_time/bin:/usr/lpp/mmfs/bin
LD_LIBRARY_PATH=/usr/lib/jvm/java-1.6.0-openjdk-1.6.0.0.x86_64/jre/lib/amd64/server:/usr/lib/jvm/java-1.6.0-openjdk-1.6.0.0.x86_64/jre/lib/amd64:/usr/lib/jvm/java-1.6.0-openjdk-1.6.0.0.x86_64/jre/../lib/amd64
SHELL=/bin/bash

Signal Handlers:
SIGSEGV: [libjvm.so+0x870a40], sa_mask[0]=0x7ffbfeff, sa_flags=0x10000004
SIGBUS: [libjvm.so+0x870a40], sa_mask[0]=0x7ffbfeff, sa_flags=0x10000004
SIGFPE: [libjvm.so+0x719240], sa_mask[0]=0x7ffbfeff, sa_flags=0x10000004
SIGPIPE: [libjvm.so+0x719240], sa_mask[0]=0x7ffbfeff, sa_flags=0x10000004
SIGXFSZ: [libjvm.so+0x719240], sa_mask[0]=0x7ffbfeff, sa_flags=0x10000004
SIGILL: [libjvm.so+0x719240], sa_mask[0]=0x7ffbfeff, sa_flags=0x10000004
SIGUSR1: SIG_DFL, sa_mask[0]=0x00000000, sa_flags=0x00000000
SIGUSR2: [libjvm.so+0x718d60], sa_mask[0]=0x00000000, sa_flags=0x10000004
SIGHUP: [libjvm.so+0x71bdf0], sa_mask[0]=0x7ffbfeff, sa_flags=0x10000004
SIGINT: [libjvm.so+0x71bdf0], sa_mask[0]=0x7ffbfeff, sa_flags=0x10000004
SIGTERM: [libjvm.so+0x71bdf0], sa_mask[0]=0x7ffbfeff, sa_flags=0x10000004
SIGQUIT: [libjvm.so+0x71bdf0], sa_mask[0]=0x7ffbfeff, sa_flags=0x10000004


---------------  S Y S T E M  ---------------

OS:Red Hat Enterprise Linux ComputeNode release 6.5 (Santiago)

uname:Linux 2.6.32-431.29.2.el6.x86_64 #1 SMP Sun Jul 27 15:55:46 EDT 2014 x86_64
libc:glibc 2.12 NPTL 2.12 
rlimit: STACK infinity, CORE infinity, NPROC 127431, NOFILE 4096, AS 8388608k
load average:4.69 4.34 4.11

/proc/meminfo:
MemTotal:       16331612 kB
MemFree:         5046572 kB
Buffers:           11844 kB
Cached:          5974664 kB
SwapCached:           88 kB
Active:          2910996 kB
Inactive:        3685204 kB
Active(anon):     546348 kB
Inactive(anon):    63556 kB
Active(file):    2364648 kB
Inactive(file):  3621648 kB
Unevictable:     4082900 kB
Mlocked:         4082900 kB
SwapTotal:       8388604 kB
SwapFree:        8388380 kB
Dirty:              2816 kB
Writeback:             0 kB
AnonPages:       4692524 kB
Mapped:           102868 kB
Shmem:               192 kB
Slab:             379088 kB
SReclaimable:     310348 kB
SUnreclaim:        68740 kB
KernelStack:        4696 kB
PageTables:        17604 kB
NFS_Unstable:          0 kB
Bounce:                0 kB
WritebackTmp:          0 kB
CommitLimit:    16554408 kB
Committed_AS:    6897576 kB
VmallocTotal:   34359738367 kB
VmallocUsed:      108380 kB
VmallocChunk:   34351234244 kB
HardwareCorrupted:     0 kB
AnonHugePages:         0 kB
HugePages_Total:       0
HugePages_Free:        0
HugePages_Rsvd:        0
HugePages_Surp:        0
Hugepagesize:       2048 kB
DirectMap4k:        9920 kB
DirectMap2M:     2086912 kB
DirectMap1G:    14680064 kB


CPU:total 8 (4 cores per cpu, 1 threads per core) family 16 model 2 stepping 3, cmov, cx8, fxsr, mmx, sse, sse2, sse3, popcnt, mmxext, 3dnowpref, lzcnt, sse4a, tsc, tscinvbit, tscinv

/proc/cpuinfo:
processor	: 0
vendor_id	: AuthenticAMD
cpu family	: 16
model		: 2
model name	: Quad-Core AMD Opteron(tm) Processor 2354
stepping	: 3
cpu MHz		: 2200.000
cache size	: 512 KB
physical id	: 0
siblings	: 4
core id		: 0
cpu cores	: 4
apicid		: 0
initial apicid	: 0
fpu		: yes
fpu_exception	: yes
cpuid level	: 5
wp		: yes
flags		: fpu vme de pse tsc msr pae mce cx8 apic sep mtrr pge mca cmov pat pse36 clflush mmx fxsr sse sse2 ht syscall nx mmxext fxsr_opt pdpe1gb rdtscp lm 3dnowext 3dnow constant_tsc rep_good nonstop_tsc extd_apicid pni monitor cx16 popcnt lahf_lm cmp_legacy svm extapic cr8_legacy abm sse4a misalignsse 3dnowprefetch osvw ibs npt lbrv svm_lock
bogomips	: 4422.88
TLB size	: 1024 4K pages
clflush size	: 64
cache_alignment	: 64
address sizes	: 48 bits physical, 48 bits virtual
power management: ts ttp tm stc 100mhzsteps hwpstate

processor	: 1
vendor_id	: AuthenticAMD
cpu family	: 16
model		: 2
model name	: Quad-Core AMD Opteron(tm) Processor 2354
stepping	: 3
cpu MHz		: 2200.000
cache size	: 512 KB
physical id	: 0
siblings	: 4
core id		: 1
cpu cores	: 4
apicid		: 1
initial apicid	: 1
fpu		: yes
fpu_exception	: yes
cpuid level	: 5
wp		: yes
flags		: fpu vme de pse tsc msr pae mce cx8 apic sep mtrr pge mca cmov pat pse36 clflush mmx fxsr sse sse2 ht syscall nx mmxext fxsr_opt pdpe1gb rdtscp lm 3dnowext 3dnow constant_tsc rep_good nonstop_tsc extd_apicid pni monitor cx16 popcnt lahf_lm cmp_legacy svm extapic cr8_legacy abm sse4a misalignsse 3dnowprefetch osvw ibs npt lbrv svm_lock
bogomips	: 4422.88
TLB size	: 1024 4K pages
clflush size	: 64
cache_alignment	: 64
address sizes	: 48 bits physical, 48 bits virtual
power management: ts ttp tm stc 100mhzsteps hwpstate

processor	: 2
vendor_id	: AuthenticAMD
cpu family	: 16
model		: 2
model name	: Quad-Core AMD Opteron(tm) Processor 2354
stepping	: 3
cpu MHz		: 2200.000
cache size	: 512 KB
physical id	: 0
siblings	: 4
core id		: 2
cpu cores	: 4
apicid		: 2
initial apicid	: 2
fpu		: yes
fpu_exception	: yes
cpuid level	: 5
wp		: yes
flags		: fpu vme de pse tsc msr pae mce cx8 apic sep mtrr pge mca cmov pat pse36 clflush mmx fxsr sse sse2 ht syscall nx mmxext fxsr_opt pdpe1gb rdtscp lm 3dnowext 3dnow constant_tsc rep_good nonstop_tsc extd_apicid pni monitor cx16 popcnt lahf_lm cmp_legacy svm extapic cr8_legacy abm sse4a misalignsse 3dnowprefetch osvw ibs npt lbrv svm_lock
bogomips	: 4422.88
TLB size	: 1024 4K pages
clflush size	: 64
cache_alignment	: 64
address sizes	: 48 bits physical, 48 bits virtual
power management: ts ttp tm stc 100mhzsteps hwpstate

processor	: 3
vendor_id	: AuthenticAMD
cpu family	: 16
model		: 2
model name	: Quad-Core AMD Opteron(tm) Processor 2354
stepping	: 3
cpu MHz		: 2200.000
cache size	: 512 KB
physical id	: 0
siblings	: 4
core id		: 3
cpu cores	: 4
apicid		: 3
initial apicid	: 3
fpu		: yes
fpu_exception	: yes
cpuid level	: 5
wp		: yes
flags		: fpu vme de pse tsc msr pae mce cx8 apic sep mtrr pge mca cmov pat pse36 clflush mmx fxsr sse sse2 ht syscall nx mmxext fxsr_opt pdpe1gb rdtscp lm 3dnowext 3dnow constant_tsc rep_good nonstop_tsc extd_apicid pni monitor cx16 popcnt lahf_lm cmp_legacy svm extapic cr8_legacy abm sse4a misalignsse 3dnowprefetch osvw ibs npt lbrv svm_lock
bogomips	: 4422.88
TLB size	: 1024 4K pages
clflush size	: 64
cache_alignment	: 64
address sizes	: 48 bits physical, 48 bits virtual
power management: ts ttp tm stc 100mhzsteps hwpstate

processor	: 4
vendor_id	: AuthenticAMD
cpu family	: 16
model		: 2
model name	: Quad-Core AMD Opteron(tm) Processor 2354
stepping	: 3
cpu MHz		: 2200.000
cache size	: 512 KB
physical id	: 1
siblings	: 4
core id		: 0
cpu cores	: 4
apicid		: 4
initial apicid	: 4
fpu		: yes
fpu_exception	: yes
cpuid level	: 5
wp		: yes
flags		: fpu vme de pse tsc msr pae mce cx8 apic sep mtrr pge mca cmov pat pse36 clflush mmx fxsr sse sse2 ht syscall nx mmxext fxsr_opt pdpe1gb rdtscp lm 3dnowext 3dnow constant_tsc rep_good nonstop_tsc extd_apicid pni monitor cx16 popcnt lahf_lm cmp_legacy svm extapic cr8_legacy abm sse4a misalignsse 3dnowprefetch osvw ibs npt lbrv svm_lock
bogomips	: 4422.23
TLB size	: 1024 4K pages
clflush size	: 64
cache_alignment	: 64
address sizes	: 48 bits physical, 48 bits virtual
power management: ts ttp tm stc 100mhzsteps hwpstate

processor	: 5
vendor_id	: AuthenticAMD
cpu family	: 16
model		: 2
model name	: Quad-Core AMD Opteron(tm) Processor 2354
stepping	: 3
cpu MHz		: 2200.000
cache size	: 512 KB
physical id	: 1
siblings	: 4
core id		: 1
cpu cores	: 4
apicid		: 5
initial apicid	: 5
fpu		: yes
fpu_exception	: yes
cpuid level	: 5
wp		: yes
flags		: fpu vme de pse tsc msr pae mce cx8 apic sep mtrr pge mca cmov pat pse36 clflush mmx fxsr sse sse2 ht syscall nx mmxext fxsr_opt pdpe1gb rdtscp lm 3dnowext 3dnow constant_tsc rep_good nonstop_tsc extd_apicid pni monitor cx16 popcnt lahf_lm cmp_legacy svm extapic cr8_legacy abm sse4a misalignsse 3dnowprefetch osvw ibs npt lbrv svm_lock
bogomips	: 4422.23
TLB size	: 1024 4K pages
clflush size	: 64
cache_alignment	: 64
address sizes	: 48 bits physical, 48 bits virtual
power management: ts ttp tm stc 100mhzsteps hwpstate

processor	: 6
vendor_id	: AuthenticAMD
cpu family	: 16
model		: 2
model name	: Quad-Core AMD Opteron(tm) Processor 2354
stepping	: 3
cpu MHz		: 2200.000
cache size	: 512 KB
physical id	: 1
siblings	: 4
core id		: 2
cpu cores	: 4
apicid		: 6
initial apicid	: 6
fpu		: yes
fpu_exception	: yes
cpuid level	: 5
wp		: yes
flags		: fpu vme de pse tsc msr pae mce cx8 apic sep mtrr pge mca cmov pat pse36 clflush mmx fxsr sse sse2 ht syscall nx mmxext fxsr_opt pdpe1gb rdtscp lm 3dnowext 3dnow constant_tsc rep_good nonstop_tsc extd_apicid pni monitor cx16 popcnt lahf_lm cmp_legacy svm extapic cr8_legacy abm sse4a misalignsse 3dnowprefetch osvw ibs npt lbrv svm_lock
bogomips	: 4422.23
TLB size	: 1024 4K pages
clflush size	: 64
cache_alignment	: 64
address sizes	: 48 bits physical, 48 bits virtual
power management: ts ttp tm stc 100mhzsteps hwpstate

processor	: 7
vendor_id	: AuthenticAMD
cpu family	: 16
model		: 2
model name	: Quad-Core AMD Opteron(tm) Processor 2354
stepping	: 3
cpu MHz		: 2200.000
cache size	: 512 KB
physical id	: 1
siblings	: 4
core id		: 3
cpu cores	: 4
apicid		: 7
initial apicid	: 7
fpu		: yes
fpu_exception	: yes
cpuid level	: 5
wp		: yes
flags		: fpu vme de pse tsc msr pae mce cx8 apic sep mtrr pge mca cmov pat pse36 clflush mmx fxsr sse sse2 ht syscall nx mmxext fxsr_opt pdpe1gb rdtscp lm 3dnowext 3dnow constant_tsc rep_good nonstop_tsc extd_apicid pni monitor cx16 popcnt lahf_lm cmp_legacy svm extapic cr8_legacy abm sse4a misalignsse 3dnowprefetch osvw ibs npt lbrv svm_lock
bogomips	: 4422.23
TLB size	: 1024 4K pages
clflush size	: 64
cache_alignment	: 64
address sizes	: 48 bits physical, 48 bits virtual
power management: ts ttp tm stc 100mhzsteps hwpstate



Memory: 4k page, physical 16331612k(5046572k free), swap 8388604k(8388380k free)

vm_info: OpenJDK 64-Bit Server VM (23.25-b01) for linux-amd64 JRE (1.6.0_32-b32), built on Aug 21 2014 11:15:48 by "mockbuild" with gcc 4.4.7 20120313 (Red Hat 4.4.7-4)

time: Tue Sep 23 00:30:06 2014
elapsed time: 1 seconds

