#
# A fatal error has been detected by the Java Runtime Environment:
#
#  SIGBUS (0x7) at pc=0x00002b24fb07c522, pid=29486, tid=47437825672960
#
# JRE version: 6.0_32-b32
# Java VM: OpenJDK 64-Bit Server VM (23.25-b01 mixed mode linux-amd64 compressed oops)
# Problematic frame:
# C  [libzip.so+0x4522]  ZIP_Lock+0x252
#
# Core dump written. Default location: /mmfs/automount/gpfs/homefs/sm/dw07r324/jobs/piterman.eq.macc.sp.ro.r/core or core.29486
#
# If you would like to submit a bug report, please include
# instructions how to reproduce the bug and visit:
#   http://icedtea.classpath.org/bugzilla
# The crash happened outside the Java Virtual Machine in native code.
# See problematic frame for where to report the bug.
#

---------------  T H R E A D  ---------------

Current thread (0x00002b24fc008000):  JavaThread "main" [_thread_in_native, id=29487, stack(0x00002b24faaf8000,0x00002b24fabf9000)]

siginfo:si_signo=SIGBUS: si_errno=0, si_code=2 (BUS_ADRERR), si_addr=0x00002b254a3d6293

Registers:
RAX=0x00002b24fc8698e0, RBX=0x00002b254a3d6276, RCX=0x0000000000400000, RDX=0x0000000000000111
RSP=0x00002b24fabf6430, RBP=0x00002b24fabf6470, RSI=0x0000000000000000, RDI=0x0000000000000000
R8 =0x00002b24fc000088, R9 =0x0000000000000001, R10=0x0000000000000040, R11=0x00002b24fa328660
R12=0x00002b24fc8698e0, R13=0x00002b24fc2d3300, R14=0x00002b24fabf64e0, R15=0x00002b24fc8698e0
RIP=0x00002b24fb07c522, EFLAGS=0x0000000000010202, CSGSFS=0x0000000000000033, ERR=0x0000000000000004
  TRAPNO=0x000000000000000e

Top of Stack: (sp=0x00002b24fabf6430)
0x00002b24fabf6430:   00002b24fc2cc290 00002b24fa27205e
0x00002b24fabf6440:   00000000000002d5 00002b24fc2d07ac
0x00002b24fabf6450:   00002b24fc2d3300 00000000f6fa1798
0x00002b24fabf6460:   00002b24fabf64e0 0000000000000037
0x00002b24fabf6470:   00002b24fabf64c0 00002b24fb07cae2
0x00002b24fabf6480:   00002b24fc008000 00002b24fc2d3200
0x00002b24fabf6490:   00002b24fabf6500 00002b24fc0081d8
0x00002b24fabf64a0:   00002b24fabf64e0 0000000000000037
0x00002b24fabf64b0:   00002b24fabf69b8 00002b24fabf64e0
0x00002b24fabf64c0:   00002b24fabf6920 00002b24fb07bae4
0x00002b24fabf64d0:   0000003701bf6530 00002b24fc2d3300
0x00002b24fabf64e0:   2f73657373616c63 727676732f67726f
0x00002b24fabf64f0:   632f6c616f672f6c 6f79616c2f65726f
0x00002b24fabf6500:   736f4341532f7475 6f6974636e754674
0x00002b24fabf6510:   007373616c632e6e 0000000400000000
0x00002b24fabf6520:   00002b24fc008b90 00002b24fc85f070
0x00002b24fabf6530:   00002b24fabf6560 00002b24fc008000
0x00002b24fabf6540:   00000000b5cc4b00 000000000000001a
0x00002b24fabf6550:   00002b24fc008000 00000000b5cc4b00
0x00002b24fabf6560:   00002b24fabf65c0 00002b24fa0bc5f2
0x00002b24fabf6570:   00002b24fc008000 00000000b5fcd910
0x00002b24fabf6580:   00002b24fc008000 00002b24fa298608
0x00002b24fabf6590:   00002b24fc008000 00000000000000bd
0x00002b24fabf65a0:   0000000000000000 00002b24fc008000
0x00002b24fabf65b0:   00002b24fabf6600 00002b2400000000
0x00002b24fabf65c0:   00000000b5cc8c58 00002b0000000061
0x00002b24fabf65d0:   00000000b5bdfef5 00000000ec0615f8
0x00002b24fabf65e0:   00002b24fabf65e0 00000000b5cc69cb
0x00002b24fabf65f0:   00002b24fabf6640 00002b24fc008b80
0x00002b24fabf6600:   0000000000000000 0000000000000001
0x00002b24fabf6610:   00002b24fc008000 ffffffffffffffff
0x00002b24fabf6620:   00002b24fabf6690 00002b24fa078a03 

Instructions: (pc=0x00002b24fb07c522)
0x00002b24fb07c502:   00 00 00 00 00 48 c7 40 30 00 00 00 00 48 c7 40
0x00002b24fb07c512:   28 00 00 00 00 8b 5b 04 49 2b 5d 28 49 03 5d 18
0x00002b24fb07c522:   44 0f b6 73 1d 0f b6 43 1c 41 c1 e6 08 41 09 c6
0x00002b24fb07c532:   0f b6 43 1e 88 45 ce 0f b6 43 1f 88 45 cf 0f b6 

Register to memory mapping:

RAX=0x00002b24fc8698e0 is an unknown value
RBX=0x00002b254a3d6276 is an unknown value
RCX=0x0000000000400000: <offset 0> in java at 0x0000000000400000
RDX=0x0000000000000111 is an unknown value
RSP=0x00002b24fabf6430 is pointing into the stack for thread: 0x00002b24fc008000
RBP=0x00002b24fabf6470 is pointing into the stack for thread: 0x00002b24fc008000
RSI=0x0000000000000000 is an unknown value
RDI=0x0000000000000000 is an unknown value
R8 =0x00002b24fc000088 is an unknown value
R9 =0x0000000000000001 is an unknown value
R10=0x0000000000000040 is an unknown value
R11=0x00002b24fa328660: <offset 0x79f660> in /usr/lib/jvm/java-1.6.0-openjdk-1.6.0.0.x86_64/jre/lib/amd64/server/libjvm.so at 0x00002b24f9b89000
R12=0x00002b24fc8698e0 is an unknown value
R13=0x00002b24fc2d3300 is an unknown value
R14=0x00002b24fabf64e0 is pointing into the stack for thread: 0x00002b24fc008000
R15=0x00002b24fc8698e0 is an unknown value


Stack: [0x00002b24faaf8000,0x00002b24fabf9000],  sp=0x00002b24fabf6430,  free space=1017k
Native frames: (J=compiled Java code, j=interpreted, Vv=VM code, C=native code)
C  [libzip.so+0x4522]  ZIP_Lock+0x252
C  [libzip.so+0x4ae2]  ZIP_GetEntry+0xc2
C  [libzip.so+0x3ae4]  Java_java_util_zip_ZipFile_getEntry+0xc4
j  java.util.zip.ZipFile.getEntry(JLjava/lang/String;Z)J+0
j  java.util.zip.ZipFile.getEntry(Ljava/lang/String;)Ljava/util/zip/ZipEntry;+31
j  java.util.jar.JarFile.getEntry(Ljava/lang/String;)Ljava/util/zip/ZipEntry;+2
j  sun.net.www.protocol.jar.URLJarFile.getEntry(Ljava/lang/String;)Ljava/util/zip/ZipEntry;+2
j  sun.net.www.protocol.jar.JarURLConnection.connect()V+62
j  sun.net.www.protocol.jar.JarURLConnection.getInputStream()Ljava/io/InputStream;+1
j  sun.misc.URLClassPath$Loader.getResource(Ljava/lang/String;Z)Lsun/misc/Resource;+48
j  sun.misc.URLClassPath.getResource(Ljava/lang/String;Z)Lsun/misc/Resource;+53
j  java.net.URLClassLoader$1.run()Ljava/lang/Object;+26
v  ~StubRoutines::call_stub
V  [libjvm.so+0x537e3e]  AsyncGetCallTrace+0xd776e
V  [libjvm.so+0x536ad8]  AsyncGetCallTrace+0xd6408
V  [libjvm.so+0x597140]  JVM_DoPrivileged+0x400
j  java.security.AccessController.doPrivileged(Ljava/security/PrivilegedExceptionAction;Ljava/security/AccessControlContext;)Ljava/lang/Object;+0
j  java.net.URLClassLoader.findClass(Ljava/lang/String;)Ljava/lang/Class;+13
j  org.java.plugin.standard.StandardPluginClassLoader.loadLocalClass(Ljava/lang/String;ZLorg/java/plugin/standard/StandardPluginClassLoader;)Ljava/lang/Class;+97
j  org.java.plugin.standard.StandardPluginClassLoader.loadClass(Ljava/lang/String;Z)Ljava/lang/Class;+62
j  java.lang.ClassLoader.loadClass(Ljava/lang/String;)Ljava/lang/Class;+3
j  org.svvrl.goal.core.CorePlugin.loadCostFunctions()V+63
j  org.svvrl.goal.core.CorePlugin.initApplication(Lorg/java/plugin/util/ExtendedProperties;[Ljava/lang/String;)Lorg/java/plugin/boot/Application;+166
j  org.java.plugin.boot.DefaultApplicationInitializer.initApplication(Lorg/java/plugin/boot/BootErrorHandler;[Ljava/lang/String;)Lorg/java/plugin/boot/Application;+530
j  org.java.plugin.boot.Boot.initApplication(Lorg/java/plugin/boot/BootErrorHandler;Lorg/java/plugin/util/ExtendedProperties;[Ljava/lang/String;)Lorg/java/plugin/boot/Application;+157
j  org.java.plugin.boot.Boot.boot(Lorg/java/plugin/util/ExtendedProperties;ZLjava/lang/String;Lorg/java/plugin/boot/BootErrorHandler;[Ljava/lang/String;)Lorg/java/plugin/boot/Application;+338
j  org.java.plugin.boot.Boot.main([Ljava/lang/String;)V+162
v  ~StubRoutines::call_stub
V  [libjvm.so+0x537e3e]  AsyncGetCallTrace+0xd776e
V  [libjvm.so+0x536ad8]  AsyncGetCallTrace+0xd6408
V  [libjvm.so+0x5452a7]  JNI_CreateJavaVM+0x12e7
V  [libjvm.so+0x55a4eb]  JNI_CreateJavaVM+0x1652b
C  [java+0x374d]  JavaMain+0xd0d

Java frames: (J=compiled Java code, j=interpreted, Vv=VM code)
j  java.util.zip.ZipFile.getEntry(JLjava/lang/String;Z)J+0
j  java.util.zip.ZipFile.getEntry(Ljava/lang/String;)Ljava/util/zip/ZipEntry;+31
j  java.util.jar.JarFile.getEntry(Ljava/lang/String;)Ljava/util/zip/ZipEntry;+2
j  sun.net.www.protocol.jar.URLJarFile.getEntry(Ljava/lang/String;)Ljava/util/zip/ZipEntry;+2
j  sun.net.www.protocol.jar.JarURLConnection.connect()V+62
j  sun.net.www.protocol.jar.JarURLConnection.getInputStream()Ljava/io/InputStream;+1
j  sun.misc.URLClassPath$Loader.getResource(Ljava/lang/String;Z)Lsun/misc/Resource;+48
j  sun.misc.URLClassPath.getResource(Ljava/lang/String;Z)Lsun/misc/Resource;+53
j  java.net.URLClassLoader$1.run()Ljava/lang/Object;+26
v  ~StubRoutines::call_stub
j  java.security.AccessController.doPrivileged(Ljava/security/PrivilegedExceptionAction;Ljava/security/AccessControlContext;)Ljava/lang/Object;+0
j  java.net.URLClassLoader.findClass(Ljava/lang/String;)Ljava/lang/Class;+13
j  org.java.plugin.standard.StandardPluginClassLoader.loadLocalClass(Ljava/lang/String;ZLorg/java/plugin/standard/StandardPluginClassLoader;)Ljava/lang/Class;+97
j  org.java.plugin.standard.StandardPluginClassLoader.loadClass(Ljava/lang/String;Z)Ljava/lang/Class;+62
j  java.lang.ClassLoader.loadClass(Ljava/lang/String;)Ljava/lang/Class;+3
j  org.svvrl.goal.core.CorePlugin.loadCostFunctions()V+63
j  org.svvrl.goal.core.CorePlugin.initApplication(Lorg/java/plugin/util/ExtendedProperties;[Ljava/lang/String;)Lorg/java/plugin/boot/Application;+166
j  org.java.plugin.boot.DefaultApplicationInitializer.initApplication(Lorg/java/plugin/boot/BootErrorHandler;[Ljava/lang/String;)Lorg/java/plugin/boot/Application;+530
j  org.java.plugin.boot.Boot.initApplication(Lorg/java/plugin/boot/BootErrorHandler;Lorg/java/plugin/util/ExtendedProperties;[Ljava/lang/String;)Lorg/java/plugin/boot/Application;+157
j  org.java.plugin.boot.Boot.boot(Lorg/java/plugin/util/ExtendedProperties;ZLjava/lang/String;Lorg/java/plugin/boot/BootErrorHandler;[Ljava/lang/String;)Lorg/java/plugin/boot/Application;+338
j  org.java.plugin.boot.Boot.main([Ljava/lang/String;)V+162
v  ~StubRoutines::call_stub

---------------  P R O C E S S  ---------------

Java Threads: ( => current thread )
  0x00002b24fc101800 JavaThread "Low Memory Detector" daemon [_thread_blocked, id=29502, stack(0x00002b254a194000,0x00002b254a295000)]
  0x00002b24fc0ff000 JavaThread "C2 CompilerThread1" daemon [_thread_blocked, id=29501, stack(0x00002b254a093000,0x00002b254a194000)]
  0x00002b24fc0fc800 JavaThread "C2 CompilerThread0" daemon [_thread_blocked, id=29500, stack(0x00002b2549f92000,0x00002b254a093000)]
  0x00002b24fc0fa000 JavaThread "Signal Dispatcher" daemon [_thread_blocked, id=29499, stack(0x00002b2549e91000,0x00002b2549f92000)]
  0x00002b24fc0ab800 JavaThread "Finalizer" daemon [_thread_blocked, id=29498, stack(0x00002b2538101000,0x00002b2538202000)]
  0x00002b24fc0a9800 JavaThread "Reference Handler" daemon [_thread_blocked, id=29497, stack(0x00002b2538000000,0x00002b2538101000)]
=>0x00002b24fc008000 JavaThread "main" [_thread_in_native, id=29487, stack(0x00002b24faaf8000,0x00002b24fabf9000)]

Other Threads:
  0x00002b24fc09a800 VMThread [stack: 0x00002b251cd91000,0x00002b251ce92000] [id=29496]
  0x00002b24fc10c800 WatcherThread [stack: 0x00002b254a295000,0x00002b254a396000] [id=29503]

VM state:not at safepoint (normal execution)

VM Mutex/Monitor currently owned by a thread: None

Heap
 PSYoungGen      total 305856K, used 26221K [0x00000000eaab0000, 0x0000000100000000, 0x0000000100000000)
  eden space 262208K, 10% used [0x00000000eaab0000,0x00000000ec44b630,0x00000000faac0000)
  from space 43648K, 0% used [0x00000000fd560000,0x00000000fd560000,0x0000000100000000)
  to   space 43648K, 0% used [0x00000000faac0000,0x00000000faac0000,0x00000000fd560000)
 ParOldGen       total 699072K, used 0K [0x00000000c0000000, 0x00000000eaab0000, 0x00000000eaab0000)
  object space 699072K, 0% used [0x00000000c0000000,0x00000000c0000000,0x00000000eaab0000)
 PSPermGen       total 21248K, used 7550K [0x00000000b5a00000, 0x00000000b6ec0000, 0x00000000c0000000)
  object space 21248K, 35% used [0x00000000b5a00000,0x00000000b615fa60,0x00000000b6ec0000)

Card table byte_map: [0x00002b25030c0000,0x00002b2503314000] byte_map_base: 0x00002b2502b13000

Polling page: 0x00002b24fb039000

Code Cache  [0x00002b2500000000, 0x00002b2500270000, 0x00002b2503000000)
 total_blobs=333 nmethods=107 adapters=179 free_code_cache=48363Kb largest_free_block=49486080

Compilation events (10 events):
Event: 3.280 Thread 0x00002b24fc0ff000 nmethod 102 0x00002b250009f550 code [0x00002b250009f680, 0x00002b250009f6d8]
Event: 3.676 Thread 0x00002b24fc0fc800 nmethod 88 0x00002b25000b7810 code [0x00002b25000b80a0, 0x00002b25000be488]
Event: 5.004 Thread 0x00002b24fc0ff000  103             java.io.UnixFileSystem::normalize (75 bytes)
Event: 5.009 Thread 0x00002b24fc0ff000 nmethod 103 0x00002b250006bc90 code [0x00002b250006bde0, 0x00002b250006c038]
Event: 5.010 Thread 0x00002b24fc0fc800  104   !         sun.nio.cs.US_ASCII$Decoder::decodeArrayLoop (241 bytes)
Event: 5.027 Thread 0x00002b24fc0fc800 nmethod 104 0x00002b250009c310 code [0x00002b250009c4c0, 0x00002b250009cd08]
Event: 5.045 Thread 0x00002b24fc0ff000  105             sun.net.www.ParseUtil::encodePath (336 bytes)
Event: 5.073 Thread 0x00002b24fc0ff000 nmethod 105 0x00002b250009d910 code [0x00002b250009db60, 0x00002b250009eb18]
Event: 5.075 Thread 0x00002b24fc0fc800  106             java.util.HashMap::put (126 bytes)
Event: 5.083 Thread 0x00002b24fc0fc800 nmethod 106 0x00002b25000b4e10 code [0x00002b25000b4fe0, 0x00002b25000b5500]

GC Heap History (0 events):
No events

Deoptimization events (9 events):
Event: 2.219 Thread 0x00002b24fc008000 Uncommon trap -34 fr.pc 0x00002b250005ea30
Event: 2.227 Thread 0x00002b24fc008000 Uncommon trap -34 fr.pc 0x00002b250005ea30
Event: 2.353 Thread 0x00002b24fc008000 Uncommon trap -12 fr.pc 0x00002b25000667ec
Event: 2.972 Thread 0x00002b24fc008000 Uncommon trap -58 fr.pc 0x00002b250007cd60
Event: 2.972 Thread 0x00002b24fc008000 Uncommon trap -58 fr.pc 0x00002b250007cd60
Event: 2.972 Thread 0x00002b24fc008000 Uncommon trap -58 fr.pc 0x00002b250007cd60
Event: 2.972 Thread 0x00002b24fc008000 Uncommon trap -58 fr.pc 0x00002b250007cd60
Event: 5.017 Thread 0x00002b24fc008000 Uncommon trap -34 fr.pc 0x00002b250005ea30
Event: 5.017 Thread 0x00002b24fc008000 Uncommon trap -34 fr.pc 0x00002b250005ea30

Internal exceptions (10 events):
Event: 5.143 Thread 0x00002b24fc008000 Threw 0x00000000ebfffb78 at /builddir/build/BUILD/icedtea6-1.13.4/openjdk/hotspot/src/share/vm/prims/jvm.cpp:1235
Event: 5.144 Thread 0x00002b24fc008000 Threw 0x00000000ec00c6c8 at /builddir/build/BUILD/icedtea6-1.13.4/openjdk/hotspot/src/share/vm/classfile/systemDictionary.cpp:179
Event: 5.144 Thread 0x00002b24fc008000 Threw 0x00000000ec00ca30 at /builddir/build/BUILD/icedtea6-1.13.4/openjdk/hotspot/src/share/vm/prims/jvm.cpp:1235
Event: 5.144 Thread 0x00002b24fc008000 Threw 0x00000000ec00ce48 at /builddir/build/BUILD/icedtea6-1.13.4/openjdk/hotspot/src/share/vm/prims/jvm.cpp:1235
Event: 5.145 Thread 0x00002b24fc008000 Threw 0x00000000ec012848 at /builddir/build/BUILD/icedtea6-1.13.4/openjdk/hotspot/src/share/vm/classfile/systemDictionary.cpp:179
Event: 5.145 Thread 0x00002b24fc008000 Threw 0x00000000ec012bb8 at /builddir/build/BUILD/icedtea6-1.13.4/openjdk/hotspot/src/share/vm/prims/jvm.cpp:1235
Event: 5.145 Thread 0x00002b24fc008000 Threw 0x00000000ec012fd8 at /builddir/build/BUILD/icedtea6-1.13.4/openjdk/hotspot/src/share/vm/prims/jvm.cpp:1235
Event: 5.146 Thread 0x00002b24fc008000 Threw 0x00000000ec015fd0 at /builddir/build/BUILD/icedtea6-1.13.4/openjdk/hotspot/src/share/vm/classfile/systemDictionary.cpp:179
Event: 5.146 Thread 0x00002b24fc008000 Threw 0x00000000ec016520 at /builddir/build/BUILD/icedtea6-1.13.4/openjdk/hotspot/src/share/vm/prims/jvm.cpp:1235
Event: 5.146 Thread 0x00002b24fc008000 Threw 0x00000000ec016b20 at /builddir/build/BUILD/icedtea6-1.13.4/openjdk/hotspot/src/share/vm/prims/jvm.cpp:1235

Events (10 events):
Event: 5.145 loading class 0x00002b24fc2fe970
Event: 5.145 loading class 0x00002b24fc2fe970 done
Event: 5.146 loading class 0x00002b24fc2d2b80
Event: 5.146 loading class 0x00002b24fc2d2b80 done
Event: 5.149 loading class 0x00002b24fc131880
Event: 5.149 loading class 0x00002b24fc131880 done
Event: 5.155 loading class 0x00002b24fc0a4210
Event: 5.155 loading class 0x00002b24fc0a4210 done
Event: 5.155 loading class 0x00002b24fc2315e0
Event: 5.155 loading class 0x00002b24fc2315e0 done


Dynamic libraries:
00400000-00409000 r-xp 00000000 fd:01 5993                               /usr/lib/jvm/java-1.6.0-openjdk-1.6.0.0.x86_64/jre/bin/java
00608000-0060a000 rw-p 00008000 fd:01 5993                               /usr/lib/jvm/java-1.6.0-openjdk-1.6.0.0.x86_64/jre/bin/java
01650000-01671000 rw-p 00000000 00:00 0                                  [heap]
b5a00000-b6ec0000 rw-p 00000000 00:00 0 
b6ec0000-c0000000 rw-p 00000000 00:00 0 
c0000000-100000000 rw-p 00000000 00:00 0 
364f800000-364f820000 r-xp 00000000 fd:01 130582                         /lib64/ld-2.12.so
364fa1f000-364fa20000 r--p 0001f000 fd:01 130582                         /lib64/ld-2.12.so
364fa20000-364fa21000 rw-p 00020000 fd:01 130582                         /lib64/ld-2.12.so
364fa21000-364fa22000 rw-p 00000000 00:00 0 
364fc00000-364fd8a000 r-xp 00000000 fd:01 130613                         /lib64/libc-2.12.so
364fd8a000-364ff8a000 ---p 0018a000 fd:01 130613                         /lib64/libc-2.12.so
364ff8a000-364ff8e000 r--p 0018a000 fd:01 130613                         /lib64/libc-2.12.so
364ff8e000-364ff8f000 rw-p 0018e000 fd:01 130613                         /lib64/libc-2.12.so
364ff8f000-364ff94000 rw-p 00000000 00:00 0 
3650000000-3650004000 r-xp 00000000 fd:01 13573                          /usr/lib/jvm/java-1.6.0-openjdk-1.6.0.0.x86_64/jre/lib/amd64/jli/libjli.so
3650004000-3650203000 ---p 00004000 fd:01 13573                          /usr/lib/jvm/java-1.6.0-openjdk-1.6.0.0.x86_64/jre/lib/amd64/jli/libjli.so
3650203000-3650204000 rw-p 00003000 fd:01 13573                          /usr/lib/jvm/java-1.6.0-openjdk-1.6.0.0.x86_64/jre/lib/amd64/jli/libjli.so
3650400000-3650417000 r-xp 00000000 fd:01 130636                         /lib64/libpthread-2.12.so
3650417000-3650617000 ---p 00017000 fd:01 130636                         /lib64/libpthread-2.12.so
3650617000-3650618000 r--p 00017000 fd:01 130636                         /lib64/libpthread-2.12.so
3650618000-3650619000 rw-p 00018000 fd:01 130636                         /lib64/libpthread-2.12.so
3650619000-365061d000 rw-p 00000000 00:00 0 
3650800000-3650802000 r-xp 00000000 fd:01 130624                         /lib64/libdl-2.12.so
3650802000-3650a02000 ---p 00002000 fd:01 130624                         /lib64/libdl-2.12.so
3650a02000-3650a03000 r--p 00002000 fd:01 130624                         /lib64/libdl-2.12.so
3650a03000-3650a04000 rw-p 00003000 fd:01 130624                         /lib64/libdl-2.12.so
3650c00000-3650c15000 r-xp 00000000 fd:01 130638                         /lib64/libz.so.1.2.3
3650c15000-3650e14000 ---p 00015000 fd:01 130638                         /lib64/libz.so.1.2.3
3650e14000-3650e15000 r--p 00014000 fd:01 130638                         /lib64/libz.so.1.2.3
3650e15000-3650e16000 rw-p 00015000 fd:01 130638                         /lib64/libz.so.1.2.3
3651000000-3651007000 r-xp 00000000 fd:01 132701                         /lib64/librt-2.12.so
3651007000-3651206000 ---p 00007000 fd:01 132701                         /lib64/librt-2.12.so
3651206000-3651207000 r--p 00006000 fd:01 132701                         /lib64/librt-2.12.so
3651207000-3651208000 rw-p 00007000 fd:01 132701                         /lib64/librt-2.12.so
3651800000-3651816000 r-xp 00000000 fd:01 133662                         /lib64/libgcc_s-4.4.7-20120601.so.1
3651816000-3651a15000 ---p 00016000 fd:01 133662                         /lib64/libgcc_s-4.4.7-20120601.so.1
3651a15000-3651a16000 rw-p 00015000 fd:01 133662                         /lib64/libgcc_s-4.4.7-20120601.so.1
3653000000-36530e8000 r-xp 00000000 fd:01 49938                          /usr/lib64/libstdc++.so.6.0.13
36530e8000-36532e8000 ---p 000e8000 fd:01 49938                          /usr/lib64/libstdc++.so.6.0.13
36532e8000-36532ef000 r--p 000e8000 fd:01 49938                          /usr/lib64/libstdc++.so.6.0.13
36532ef000-36532f1000 rw-p 000ef000 fd:01 49938                          /usr/lib64/libstdc++.so.6.0.13
36532f1000-3653306000 rw-p 00000000 00:00 0 
365c200000-365c216000 r-xp 00000000 fd:01 137559                         /lib64/libnsl-2.12.so
365c216000-365c415000 ---p 00016000 fd:01 137559                         /lib64/libnsl-2.12.so
365c415000-365c416000 r--p 00015000 fd:01 137559                         /lib64/libnsl-2.12.so
365c416000-365c417000 rw-p 00016000 fd:01 137559                         /lib64/libnsl-2.12.so
365c417000-365c419000 rw-p 00000000 00:00 0 
2b24f9b6e000-2b24f9b6f000 rw-p 00000000 00:00 0 
2b24f9b85000-2b24f9b89000 rw-p 00000000 00:00 0 
2b24f9b89000-2b24fa594000 r-xp 00000000 fd:01 23213                      /usr/lib/jvm/java-1.6.0-openjdk-1.6.0.0.x86_64/jre/lib/amd64/server/libjvm.so
2b24fa594000-2b24fa794000 ---p 00a0b000 fd:01 23213                      /usr/lib/jvm/java-1.6.0-openjdk-1.6.0.0.x86_64/jre/lib/amd64/server/libjvm.so
2b24fa794000-2b24fa835000 rw-p 00a0b000 fd:01 23213                      /usr/lib/jvm/java-1.6.0-openjdk-1.6.0.0.x86_64/jre/lib/amd64/server/libjvm.so
2b24fa835000-2b24fa85e000 rw-p 00000000 00:00 0 
2b24fa874000-2b24fa8f7000 r-xp 00000000 fd:01 130627                     /lib64/libm-2.12.so
2b24fa8f7000-2b24faaf6000 ---p 00083000 fd:01 130627                     /lib64/libm-2.12.so
2b24faaf6000-2b24faaf7000 r--p 00082000 fd:01 130627                     /lib64/libm-2.12.so
2b24faaf7000-2b24faaf8000 rw-p 00083000 fd:01 130627                     /lib64/libm-2.12.so
2b24faaf8000-2b24faafb000 ---p 00000000 00:00 0 
2b24faafb000-2b24fabf9000 rw-p 00000000 00:00 0 
2b24fabf9000-2b24fac07000 r-xp 00000000 fd:01 23207                      /usr/lib/jvm/java-1.6.0-openjdk-1.6.0.0.x86_64/jre/lib/amd64/libverify.so
2b24fac07000-2b24fae07000 ---p 0000e000 fd:01 23207                      /usr/lib/jvm/java-1.6.0-openjdk-1.6.0.0.x86_64/jre/lib/amd64/libverify.so
2b24fae07000-2b24fae09000 rw-p 0000e000 fd:01 23207                      /usr/lib/jvm/java-1.6.0-openjdk-1.6.0.0.x86_64/jre/lib/amd64/libverify.so
2b24fae09000-2b24fae36000 r-xp 00000000 fd:01 23159                      /usr/lib/jvm/java-1.6.0-openjdk-1.6.0.0.x86_64/jre/lib/amd64/libjava.so
2b24fae36000-2b24fb035000 ---p 0002d000 fd:01 23159                      /usr/lib/jvm/java-1.6.0-openjdk-1.6.0.0.x86_64/jre/lib/amd64/libjava.so
2b24fb035000-2b24fb039000 rw-p 0002c000 fd:01 23159                      /usr/lib/jvm/java-1.6.0-openjdk-1.6.0.0.x86_64/jre/lib/amd64/libjava.so
2b24fb039000-2b24fb03a000 r--p 00000000 00:00 0 
2b24fb03a000-2b24fb03b000 rw-p 00000000 00:00 0 
2b24fb03b000-2b24fb070000 r--s 00000000 fd:02 128540                     /var/db/nscd/passwd
2b24fb070000-2b24fb078000 rw-s 00000000 fd:03 38                         /tmp/hsperfdata_dw07r324/29486
2b24fb078000-2b24fb07f000 r-xp 00000000 fd:01 23208                      /usr/lib/jvm/java-1.6.0-openjdk-1.6.0.0.x86_64/jre/lib/amd64/libzip.so
2b24fb07f000-2b24fb27f000 ---p 00007000 fd:01 23208                      /usr/lib/jvm/java-1.6.0-openjdk-1.6.0.0.x86_64/jre/lib/amd64/libzip.so
2b24fb27f000-2b24fb280000 rw-p 00007000 fd:01 23208                      /usr/lib/jvm/java-1.6.0-openjdk-1.6.0.0.x86_64/jre/lib/amd64/libzip.so
2b24fc000000-2b24fc888000 rw-p 00000000 00:00 0 
2b24fc888000-2b2500000000 ---p 00000000 00:00 0 
2b2500000000-2b2500270000 rwxp 00000000 00:00 0 
2b2500270000-2b2503000000 rw-p 00000000 00:00 0 
2b2503000000-2b250300a000 rw-p 00000000 00:00 0 
2b250300a000-2b25030c0000 rw-p 00000000 00:00 0 
2b25030c0000-2b25030cb000 rw-p 00000000 00:00 0 
2b25030cb000-2b2503113000 rw-p 00000000 00:00 0 
2b2503113000-2b2503475000 rw-p 00000000 00:00 0 
2b2503475000-2b25034bd000 rw-p 00000000 00:00 0 
2b25034bd000-2b25034be000 ---p 00000000 00:00 0 
2b25034be000-2b25035be000 rw-p 00000000 00:00 0 
2b25035be000-2b25035bf000 ---p 00000000 00:00 0 
2b25035bf000-2b25036bf000 rw-p 00000000 00:00 0 
2b25036bf000-2b25036c0000 ---p 00000000 00:00 0 
2b25036c0000-2b25037c0000 rw-p 00000000 00:00 0 
2b25037c0000-2b25037c1000 ---p 00000000 00:00 0 
2b25037c1000-2b25038c1000 rw-p 00000000 00:00 0 
2b25038c1000-2b25038c2000 ---p 00000000 00:00 0 
2b25038c2000-2b25039c2000 rw-p 00000000 00:00 0 
2b25039c2000-2b25039c3000 ---p 00000000 00:00 0 
2b25039c3000-2b2503ac3000 rw-p 00000000 00:00 0 
2b2503ac3000-2b2503ac4000 ---p 00000000 00:00 0 
2b2503ac4000-2b2503bc4000 rw-p 00000000 00:00 0 
2b2503bc4000-2b2503bc5000 ---p 00000000 00:00 0 
2b2503bc5000-2b2503cc5000 rw-p 00000000 00:00 0 
2b2504000000-2b2504021000 rw-p 00000000 00:00 0 
2b2504021000-2b2508000000 ---p 00000000 00:00 0 
2b2508000000-2b2508021000 rw-p 00000000 00:00 0 
2b2508021000-2b250c000000 ---p 00000000 00:00 0 
2b250c000000-2b250c021000 rw-p 00000000 00:00 0 
2b250c021000-2b2510000000 ---p 00000000 00:00 0 
2b2510000000-2b2510021000 rw-p 00000000 00:00 0 
2b2510021000-2b2514000000 ---p 00000000 00:00 0 
2b2514000000-2b2516ea4000 rw-p 00000000 00:00 0 
2b2516ea4000-2b251703a000 r--s 01a15000 fd:01 23288                      /usr/lib/jvm/java-1.6.0-openjdk-1.6.0.0.x86_64/jre/lib/rt.jar
2b251703a000-2b2517f20000 rw-p 00000000 00:00 0 
2b2518000000-2b2518021000 rw-p 00000000 00:00 0 
2b2518021000-2b251c000000 ---p 00000000 00:00 0 
2b251c000000-2b251cd91000 rw-p 00000000 00:00 0 
2b251cd91000-2b251cd92000 ---p 00000000 00:00 0 
2b251cd92000-2b251ce92000 rw-p 00000000 00:00 0 
2b2520000000-2b2520021000 rw-p 00000000 00:00 0 
2b2520021000-2b2524000000 ---p 00000000 00:00 0 
2b2528000000-2b2528021000 rw-p 00000000 00:00 0 
2b2528021000-2b252c000000 ---p 00000000 00:00 0 
2b2530000000-2b2530021000 rw-p 00000000 00:00 0 
2b2530021000-2b2534000000 ---p 00000000 00:00 0 
2b2534000000-2b2534021000 rw-p 00000000 00:00 0 
2b2534021000-2b2538000000 ---p 00000000 00:00 0 
2b2538000000-2b2538003000 ---p 00000000 00:00 0 
2b2538003000-2b2538101000 rw-p 00000000 00:00 0 
2b2538101000-2b2538104000 ---p 00000000 00:00 0 
2b2538104000-2b2538202000 rw-p 00000000 00:00 0 
2b253c000000-2b253c021000 rw-p 00000000 00:00 0 
2b253c021000-2b2540000000 ---p 00000000 00:00 0 
2b2540000000-2b2540021000 rw-p 00000000 00:00 0 
2b2540021000-2b2544000000 ---p 00000000 00:00 0 
2b2544000000-2b2549e91000 r--p 00000000 fd:01 49935                      /usr/lib/locale/locale-archive
2b2549e91000-2b2549e94000 ---p 00000000 00:00 0 
2b2549e94000-2b2549f92000 rw-p 00000000 00:00 0 
2b2549f92000-2b2549f95000 ---p 00000000 00:00 0 
2b2549f95000-2b254a093000 rw-p 00000000 00:00 0 
2b254a093000-2b254a096000 ---p 00000000 00:00 0 
2b254a096000-2b254a194000 rw-p 00000000 00:00 0 
2b254a194000-2b254a197000 ---p 00000000 00:00 0 
2b254a197000-2b254a295000 rw-p 00000000 00:00 0 
2b254a295000-2b254a296000 ---p 00000000 00:00 0 
2b254a296000-2b254a396000 rw-p 00000000 00:00 0 
2b254a396000-2b254a398000 r--s 00009000 00:35 125760574                  /mmfs/automount/gpfs/homefs/sm/dw07r324/bin/GOAL-20140808/lib/jpf-boot.jar
2b254a398000-2b254a39b000 r--s 0000f000 fd:01 23233                      /usr/lib/jvm/java-1.6.0-openjdk-1.6.0.0.x86_64/jre/lib/ext/pulse-java.jar
2b254a39b000-2b254a3a4000 r--s 00065000 fd:01 23228                      /usr/lib/jvm/java-1.6.0-openjdk-1.6.0.0.x86_64/jre/lib/ext/gnome-java-bridge.jar
2b254a3a4000-2b254a3a6000 r--s 00009000 00:35 125760574                  /mmfs/automount/gpfs/homefs/sm/dw07r324/bin/GOAL-20140808/lib/jpf-boot.jar
2b254a3a6000-2b254a3aa000 r--s 0003c000 fd:01 14238                      /usr/lib/jvm/java-1.6.0-openjdk-1.6.0.0.x86_64/jre/lib/jsse.jar
2b254a3aa000-2b254a3af000 r--s 0002d000 00:35 125760577                  /mmfs/automount/gpfs/homefs/sm/dw07r324/bin/GOAL-20140808/lib/jpf.jar
2b254a3af000-2b254a3b1000 r--s 0000d000 00:35 125760571                  /mmfs/automount/gpfs/homefs/sm/dw07r324/bin/GOAL-20140808/lib/commons-logging.jar
2b254a3b1000-2b254a3b3000 r--s 00012000 00:35 125760576                  /mmfs/automount/gpfs/homefs/sm/dw07r324/bin/GOAL-20140808/lib/jpf-tools.jar
2b254a3b3000-2b254a3ba000 r--s 00039000 00:35 125760578                  /mmfs/automount/gpfs/homefs/sm/dw07r324/bin/GOAL-20140808/lib/jxp.jar
2b254a3ba000-2b254a3bc000 r--s 00004000 00:35 125760570                  /mmfs/automount/gpfs/homefs/sm/dw07r324/bin/GOAL-20140808/lib/AppleJavaExtensions.jar
2b254a3bc000-2b254a3c1000 r--s 0002a000 00:35 125760572                  /mmfs/automount/gpfs/homefs/sm/dw07r324/bin/GOAL-20140808/lib/gson-2.2.2.jar
2b254a3c1000-2b254a3c4000 r--s 0001a000 00:35 125760579                  /mmfs/automount/gpfs/homefs/sm/dw07r324/bin/GOAL-20140808/lib/minijdd_104.jar
2b254a3c4000-2b254a3e7000 r--s 0022d000 00:35 86888802                   /mmfs/automount/gpfs/homefs/sm/dw07r324/bin/GOAL-20140808/.jpf-shadow/org.svvrl.goal.core@2014.8.8.zip
2b254a3e7000-2b254a48a000 r-xp 00000000 fd:01 13434                      /usr/lib/jvm/java-1.6.0-openjdk-1.6.0.0.x86_64/jre/lib/amd64/libawt.so
2b254a48a000-2b254a68a000 ---p 000a3000 fd:01 13434                      /usr/lib/jvm/java-1.6.0-openjdk-1.6.0.0.x86_64/jre/lib/amd64/libawt.so
2b254a68a000-2b254a696000 rw-p 000a3000 fd:01 13434                      /usr/lib/jvm/java-1.6.0-openjdk-1.6.0.0.x86_64/jre/lib/amd64/libawt.so
2b254a696000-2b254a6ba000 rw-p 00000000 00:00 0 
2b254a6ba000-2b254a6c0000 r-xp 00000000 fd:01 8525                       /usr/lib/jvm/java-1.6.0-openjdk-1.6.0.0.x86_64/jre/lib/amd64/headless/libmawt.so
2b254a6c0000-2b254a8bf000 ---p 00006000 fd:01 8525                       /usr/lib/jvm/java-1.6.0-openjdk-1.6.0.0.x86_64/jre/lib/amd64/headless/libmawt.so
2b254a8bf000-2b254a8c0000 rw-p 00005000 fd:01 8525                       /usr/lib/jvm/java-1.6.0-openjdk-1.6.0.0.x86_64/jre/lib/amd64/headless/libmawt.so
2b254a8c0000-2b254a8c2000 rw-p 00000000 00:00 0 
2b254c000000-2b254c021000 rw-p 00000000 00:00 0 
2b254c021000-2b2550000000 ---p 00000000 00:00 0 
2b2550000000-2b255122e000 rw-p 00000000 00:00 0 
2b255122e000-2b2554000000 ---p 00000000 00:00 0 
2b2554000000-2b2554de1000 rw-p 00000000 00:00 0 
2b2554de1000-2b2558000000 ---p 00000000 00:00 0 
2b2558000000-2b2558021000 rw-p 00000000 00:00 0 
2b2558021000-2b255c000000 ---p 00000000 00:00 0 
2b255c000000-2b255c021000 rw-p 00000000 00:00 0 
2b255c021000-2b2560000000 ---p 00000000 00:00 0 
7fff06149000-7fff0617f000 rw-p 00000000 00:00 0                          [stack]
7fff061ff000-7fff06200000 r-xp 00000000 00:00 0                          [vdso]
ffffffffff600000-ffffffffff601000 r-xp 00000000 00:00 0                  [vsyscall]

VM Arguments:
jvm_args: -Xmx1G -Xms1G -DapplicationRoot=/home/ubelix/sm/dw07r324/bin/GOAL-20140808 -Dorg.java.plugin.boot.pluginsRepositories=/home/ubelix/sm/dw07r324/bin/GOAL-20140808/plugins -Djpf.boot.config=/home/ubelix/sm/dw07r324/bin/GOAL-20140808/boot.properties -Dorg.apache.commons.logging.Log=org.apache.commons.logging.impl.SimpleLog -Dorg.apache.commons.logging.simplelog.log.org.java.plugin=fatal 
java_command: /home/ubelix/sm/dw07r324/bin/GOAL-20140808/lib/jpf-boot.jar complement -m piterman -eq -macc -sp -ro -r /scratch/local/8663605.1.all.q/test_set_s15/s15_t2.0_a0.8_061.gff
Launcher Type: SUN_STANDARD

Environment Variables:
CLASSPATH=/home/ubelix/sm/dw07r324/bin/GOAL-20140808:/home/ubelix/sm/dw07r324/bin/GOAL-20140808/plugins:/home/ubelix/sm/dw07r324/bin/GOAL-20140808/lib:
PATH=/scratch/local/8663605.1.all.q:/usr/lib64/qt-3.3/bin:/usr/local/bin:/bin:/usr/bin:/usr/local/sbin:/usr/sbin:/sbin:/usr/lpp/mmfs/bin:/home/ubelix/sm/dw07r324/bin/GOAL-20140808:/home/ubelix/sm/dw07r324/bin/gnu_time/bin:/usr/lpp/mmfs/bin
LD_LIBRARY_PATH=/usr/lib/jvm/java-1.6.0-openjdk-1.6.0.0.x86_64/jre/lib/amd64/server:/usr/lib/jvm/java-1.6.0-openjdk-1.6.0.0.x86_64/jre/lib/amd64:/usr/lib/jvm/java-1.6.0-openjdk-1.6.0.0.x86_64/jre/../lib/amd64
SHELL=/bin/bash

Signal Handlers:
SIGSEGV: [libjvm.so+0x870a40], sa_mask[0]=0x7ffbfeff, sa_flags=0x10000004
SIGBUS: [libjvm.so+0x870a40], sa_mask[0]=0x7ffbfeff, sa_flags=0x10000004
SIGFPE: [libjvm.so+0x719240], sa_mask[0]=0x7ffbfeff, sa_flags=0x10000004
SIGPIPE: [libjvm.so+0x719240], sa_mask[0]=0x7ffbfeff, sa_flags=0x10000004
SIGXFSZ: [libjvm.so+0x719240], sa_mask[0]=0x7ffbfeff, sa_flags=0x10000004
SIGILL: [libjvm.so+0x719240], sa_mask[0]=0x7ffbfeff, sa_flags=0x10000004
SIGUSR1: SIG_DFL, sa_mask[0]=0x00000000, sa_flags=0x00000000
SIGUSR2: [libjvm.so+0x718d60], sa_mask[0]=0x00000000, sa_flags=0x10000004
SIGHUP: [libjvm.so+0x71bdf0], sa_mask[0]=0x7ffbfeff, sa_flags=0x10000004
SIGINT: [libjvm.so+0x71bdf0], sa_mask[0]=0x7ffbfeff, sa_flags=0x10000004
SIGTERM: [libjvm.so+0x71bdf0], sa_mask[0]=0x7ffbfeff, sa_flags=0x10000004
SIGQUIT: [libjvm.so+0x71bdf0], sa_mask[0]=0x7ffbfeff, sa_flags=0x10000004


---------------  S Y S T E M  ---------------

OS:Red Hat Enterprise Linux ComputeNode release 6.5 (Santiago)

uname:Linux 2.6.32-431.29.2.el6.x86_64 #1 SMP Sun Jul 27 15:55:46 EDT 2014 x86_64
libc:glibc 2.12 NPTL 2.12 
rlimit: STACK infinity, CORE infinity, NPROC 127431, NOFILE 4096, AS 8388608k
load average:3.15 3.89 4.12

/proc/meminfo:
MemTotal:       16331612 kB
MemFree:         5122152 kB
Buffers:           12848 kB
Cached:          6048512 kB
SwapCached:           88 kB
Active:          2809612 kB
Inactive:        3716584 kB
Active(anon):     401496 kB
Inactive(anon):    63548 kB
Active(file):    2408116 kB
Inactive(file):  3653036 kB
Unevictable:     4082900 kB
Mlocked:         4082900 kB
SwapTotal:       8388604 kB
SwapFree:        8388380 kB
Dirty:                84 kB
Writeback:             0 kB
AnonPages:       4547684 kB
Mapped:            98696 kB
Shmem:               192 kB
Slab:             374780 kB
SReclaimable:     307244 kB
SUnreclaim:        67536 kB
KernelStack:        4704 kB
PageTables:        16656 kB
NFS_Unstable:          0 kB
Bounce:                0 kB
WritebackTmp:          0 kB
CommitLimit:    16554408 kB
Committed_AS:    6812748 kB
VmallocTotal:   34359738367 kB
VmallocUsed:      109412 kB
VmallocChunk:   34351234244 kB
HardwareCorrupted:     0 kB
AnonHugePages:         0 kB
HugePages_Total:       0
HugePages_Free:        0
HugePages_Rsvd:        0
HugePages_Surp:        0
Hugepagesize:       2048 kB
DirectMap4k:        9920 kB
DirectMap2M:     2086912 kB
DirectMap1G:    14680064 kB


CPU:total 8 (4 cores per cpu, 1 threads per core) family 16 model 2 stepping 3, cmov, cx8, fxsr, mmx, sse, sse2, sse3, popcnt, mmxext, 3dnowpref, lzcnt, sse4a, tsc, tscinvbit, tscinv

/proc/cpuinfo:
processor	: 0
vendor_id	: AuthenticAMD
cpu family	: 16
model		: 2
model name	: Quad-Core AMD Opteron(tm) Processor 2354
stepping	: 3
cpu MHz		: 2200.000
cache size	: 512 KB
physical id	: 0
siblings	: 4
core id		: 0
cpu cores	: 4
apicid		: 0
initial apicid	: 0
fpu		: yes
fpu_exception	: yes
cpuid level	: 5
wp		: yes
flags		: fpu vme de pse tsc msr pae mce cx8 apic sep mtrr pge mca cmov pat pse36 clflush mmx fxsr sse sse2 ht syscall nx mmxext fxsr_opt pdpe1gb rdtscp lm 3dnowext 3dnow constant_tsc rep_good nonstop_tsc extd_apicid pni monitor cx16 popcnt lahf_lm cmp_legacy svm extapic cr8_legacy abm sse4a misalignsse 3dnowprefetch osvw ibs npt lbrv svm_lock
bogomips	: 4422.88
TLB size	: 1024 4K pages
clflush size	: 64
cache_alignment	: 64
address sizes	: 48 bits physical, 48 bits virtual
power management: ts ttp tm stc 100mhzsteps hwpstate

processor	: 1
vendor_id	: AuthenticAMD
cpu family	: 16
model		: 2
model name	: Quad-Core AMD Opteron(tm) Processor 2354
stepping	: 3
cpu MHz		: 2200.000
cache size	: 512 KB
physical id	: 0
siblings	: 4
core id		: 1
cpu cores	: 4
apicid		: 1
initial apicid	: 1
fpu		: yes
fpu_exception	: yes
cpuid level	: 5
wp		: yes
flags		: fpu vme de pse tsc msr pae mce cx8 apic sep mtrr pge mca cmov pat pse36 clflush mmx fxsr sse sse2 ht syscall nx mmxext fxsr_opt pdpe1gb rdtscp lm 3dnowext 3dnow constant_tsc rep_good nonstop_tsc extd_apicid pni monitor cx16 popcnt lahf_lm cmp_legacy svm extapic cr8_legacy abm sse4a misalignsse 3dnowprefetch osvw ibs npt lbrv svm_lock
bogomips	: 4422.88
TLB size	: 1024 4K pages
clflush size	: 64
cache_alignment	: 64
address sizes	: 48 bits physical, 48 bits virtual
power management: ts ttp tm stc 100mhzsteps hwpstate

processor	: 2
vendor_id	: AuthenticAMD
cpu family	: 16
model		: 2
model name	: Quad-Core AMD Opteron(tm) Processor 2354
stepping	: 3
cpu MHz		: 2200.000
cache size	: 512 KB
physical id	: 0
siblings	: 4
core id		: 2
cpu cores	: 4
apicid		: 2
initial apicid	: 2
fpu		: yes
fpu_exception	: yes
cpuid level	: 5
wp		: yes
flags		: fpu vme de pse tsc msr pae mce cx8 apic sep mtrr pge mca cmov pat pse36 clflush mmx fxsr sse sse2 ht syscall nx mmxext fxsr_opt pdpe1gb rdtscp lm 3dnowext 3dnow constant_tsc rep_good nonstop_tsc extd_apicid pni monitor cx16 popcnt lahf_lm cmp_legacy svm extapic cr8_legacy abm sse4a misalignsse 3dnowprefetch osvw ibs npt lbrv svm_lock
bogomips	: 4422.88
TLB size	: 1024 4K pages
clflush size	: 64
cache_alignment	: 64
address sizes	: 48 bits physical, 48 bits virtual
power management: ts ttp tm stc 100mhzsteps hwpstate

processor	: 3
vendor_id	: AuthenticAMD
cpu family	: 16
model		: 2
model name	: Quad-Core AMD Opteron(tm) Processor 2354
stepping	: 3
cpu MHz		: 2200.000
cache size	: 512 KB
physical id	: 0
siblings	: 4
core id		: 3
cpu cores	: 4
apicid		: 3
initial apicid	: 3
fpu		: yes
fpu_exception	: yes
cpuid level	: 5
wp		: yes
flags		: fpu vme de pse tsc msr pae mce cx8 apic sep mtrr pge mca cmov pat pse36 clflush mmx fxsr sse sse2 ht syscall nx mmxext fxsr_opt pdpe1gb rdtscp lm 3dnowext 3dnow constant_tsc rep_good nonstop_tsc extd_apicid pni monitor cx16 popcnt lahf_lm cmp_legacy svm extapic cr8_legacy abm sse4a misalignsse 3dnowprefetch osvw ibs npt lbrv svm_lock
bogomips	: 4422.88
TLB size	: 1024 4K pages
clflush size	: 64
cache_alignment	: 64
address sizes	: 48 bits physical, 48 bits virtual
power management: ts ttp tm stc 100mhzsteps hwpstate

processor	: 4
vendor_id	: AuthenticAMD
cpu family	: 16
model		: 2
model name	: Quad-Core AMD Opteron(tm) Processor 2354
stepping	: 3
cpu MHz		: 2200.000
cache size	: 512 KB
physical id	: 1
siblings	: 4
core id		: 0
cpu cores	: 4
apicid		: 4
initial apicid	: 4
fpu		: yes
fpu_exception	: yes
cpuid level	: 5
wp		: yes
flags		: fpu vme de pse tsc msr pae mce cx8 apic sep mtrr pge mca cmov pat pse36 clflush mmx fxsr sse sse2 ht syscall nx mmxext fxsr_opt pdpe1gb rdtscp lm 3dnowext 3dnow constant_tsc rep_good nonstop_tsc extd_apicid pni monitor cx16 popcnt lahf_lm cmp_legacy svm extapic cr8_legacy abm sse4a misalignsse 3dnowprefetch osvw ibs npt lbrv svm_lock
bogomips	: 4422.23
TLB size	: 1024 4K pages
clflush size	: 64
cache_alignment	: 64
address sizes	: 48 bits physical, 48 bits virtual
power management: ts ttp tm stc 100mhzsteps hwpstate

processor	: 5
vendor_id	: AuthenticAMD
cpu family	: 16
model		: 2
model name	: Quad-Core AMD Opteron(tm) Processor 2354
stepping	: 3
cpu MHz		: 2200.000
cache size	: 512 KB
physical id	: 1
siblings	: 4
core id		: 1
cpu cores	: 4
apicid		: 5
initial apicid	: 5
fpu		: yes
fpu_exception	: yes
cpuid level	: 5
wp		: yes
flags		: fpu vme de pse tsc msr pae mce cx8 apic sep mtrr pge mca cmov pat pse36 clflush mmx fxsr sse sse2 ht syscall nx mmxext fxsr_opt pdpe1gb rdtscp lm 3dnowext 3dnow constant_tsc rep_good nonstop_tsc extd_apicid pni monitor cx16 popcnt lahf_lm cmp_legacy svm extapic cr8_legacy abm sse4a misalignsse 3dnowprefetch osvw ibs npt lbrv svm_lock
bogomips	: 4422.23
TLB size	: 1024 4K pages
clflush size	: 64
cache_alignment	: 64
address sizes	: 48 bits physical, 48 bits virtual
power management: ts ttp tm stc 100mhzsteps hwpstate

processor	: 6
vendor_id	: AuthenticAMD
cpu family	: 16
model		: 2
model name	: Quad-Core AMD Opteron(tm) Processor 2354
stepping	: 3
cpu MHz		: 2200.000
cache size	: 512 KB
physical id	: 1
siblings	: 4
core id		: 2
cpu cores	: 4
apicid		: 6
initial apicid	: 6
fpu		: yes
fpu_exception	: yes
cpuid level	: 5
wp		: yes
flags		: fpu vme de pse tsc msr pae mce cx8 apic sep mtrr pge mca cmov pat pse36 clflush mmx fxsr sse sse2 ht syscall nx mmxext fxsr_opt pdpe1gb rdtscp lm 3dnowext 3dnow constant_tsc rep_good nonstop_tsc extd_apicid pni monitor cx16 popcnt lahf_lm cmp_legacy svm extapic cr8_legacy abm sse4a misalignsse 3dnowprefetch osvw ibs npt lbrv svm_lock
bogomips	: 4422.23
TLB size	: 1024 4K pages
clflush size	: 64
cache_alignment	: 64
address sizes	: 48 bits physical, 48 bits virtual
power management: ts ttp tm stc 100mhzsteps hwpstate

processor	: 7
vendor_id	: AuthenticAMD
cpu family	: 16
model		: 2
model name	: Quad-Core AMD Opteron(tm) Processor 2354
stepping	: 3
cpu MHz		: 2200.000
cache size	: 512 KB
physical id	: 1
siblings	: 4
core id		: 3
cpu cores	: 4
apicid		: 7
initial apicid	: 7
fpu		: yes
fpu_exception	: yes
cpuid level	: 5
wp		: yes
flags		: fpu vme de pse tsc msr pae mce cx8 apic sep mtrr pge mca cmov pat pse36 clflush mmx fxsr sse sse2 ht syscall nx mmxext fxsr_opt pdpe1gb rdtscp lm 3dnowext 3dnow constant_tsc rep_good nonstop_tsc extd_apicid pni monitor cx16 popcnt lahf_lm cmp_legacy svm extapic cr8_legacy abm sse4a misalignsse 3dnowprefetch osvw ibs npt lbrv svm_lock
bogomips	: 4422.23
TLB size	: 1024 4K pages
clflush size	: 64
cache_alignment	: 64
address sizes	: 48 bits physical, 48 bits virtual
power management: ts ttp tm stc 100mhzsteps hwpstate



Memory: 4k page, physical 16331612k(5122152k free), swap 8388604k(8388380k free)

vm_info: OpenJDK 64-Bit Server VM (23.25-b01) for linux-amd64 JRE (1.6.0_32-b32), built on Aug 21 2014 11:15:48 by "mockbuild" with gcc 4.4.7 20120313 (Red Hat 4.4.7-4)

time: Tue Sep 23 09:38:28 2014
elapsed time: 5 seconds

