#
# A fatal error has been detected by the Java Runtime Environment:
#
#  SIGBUS (0x7) at pc=0x00002af8d8d09522, pid=29041, tid=47248273069824
#
# JRE version: 6.0_32-b32
# Java VM: OpenJDK 64-Bit Server VM (23.25-b01 mixed mode linux-amd64 compressed oops)
# Problematic frame:
# C  [libzip.so+0x4522]  ZIP_Lock+0x252
#
# Core dump written. Default location: /mmfs/automount/gpfs/homefs/sm/dw07r324/jobs/piterman.eq.macc.sp.ro.r/core or core.29041
#
# If you would like to submit a bug report, please include
# instructions how to reproduce the bug and visit:
#   http://icedtea.classpath.org/bugzilla
# The crash happened outside the Java Virtual Machine in native code.
# See problematic frame for where to report the bug.
#

---------------  T H R E A D  ---------------

Current thread (0x00002af8dc008000):  JavaThread "main" [_thread_in_native, id=29042, stack(0x00002af8d8785000,0x00002af8d8886000)]

siginfo:si_signo=SIGBUS: si_errno=0, si_code=2 (BUS_ADRERR), si_addr=0x00002af91e3d656d

Registers:
RAX=0x00002af8dc99d230, RBX=0x00002af91e3d6550, RCX=0x00002af8dc99d220, RDX=0x00002af8dc000040
RSP=0x00002af8d8883420, RBP=0x00002af8d8883460, RSI=0x00002af8dc000038, RDI=0x0000000000000000
R8 =0x0000000000000003, R9 =0x0000000000000010, R10=0x0000000000000040, R11=0x00002af8d7fb5660
R12=0x00002af8dc99d230, R13=0x00002af8dc2d0c50, R14=0x00002af8d88834d0, R15=0x00002af8dc99d230
RIP=0x00002af8d8d09522, EFLAGS=0x0000000000010206, CSGSFS=0x0000000000000033, ERR=0x0000000000000004
  TRAPNO=0x000000000000000e

Top of Stack: (sp=0x00002af8d8883420)
0x00002af8d8883420:   00002af8dc2db2a0 00002af8d7eff05e
0x00002af8d8883430:   00000000000002dc 00002af8dc2d67e0
0x00002af8d8883440:   00002af8dc2d0c50 000000009d8e8dad
0x00002af8d8883450:   00002af8d88834d0 0000000000000033
0x00002af8d8883460:   00002af8d88834b0 00002af8d8d09ae2
0x00002af8d8883470:   00002af8dc008000 00002af8dc2db1a0
0x00002af8d8883480:   00002744d88834f0 00002af8dc0081d8
0x00002af8d8883490:   00002af8d88834d0 0000000000000033
0x00002af8d88834a0:   00002af8d88839a8 00002af8d88834d0
0x00002af8d88834b0:   00002af8d8883910 00002af8d8d08ae4
0x00002af8d88834c0:   0000003301883540 00002af8dc2d0c50
0x00002af8d88834d0:   2f73657373616c63 727676732f67726f
0x00002af8d88834e0:   632f6c616f672f6c 6f79616c2f65726f
0x00002af8d88834f0:   4c656572542f7475 6c632e74756f7961
0x00002af8d8883500:   00002af800737361 0000000400001389
0x00002af8d8883510:   00002af8dc008b90 00002af8dc008b78
0x00002af8d8883520:   00002af8d8883550 00002af8d88835e0
0x00002af8d8883530:   00002af8dc008000 0000000000000001
0x00002af8d8883540:   00002af8d80db354 0000000000001389
0x00002af8d8883550:   00002af8d8883590 00002af8d7fd0437
0x00002af8d8883560:   00002af8d8883590 00002af8d7fd0b94
0x00002af8d8883570:   00002af8dc008000 00002af8d88835e0
0x00002af8d8883580:   00002af8dc008000 0000000000000001
0x00002af8d8883590:   00002af8d8883640 00002af8d7ef3f68
0x00002af8d88835a0:   00002af8d8883600 00002af800000000
0x00002af8d88835b0:   00002af8d8883640 00002af8d7bc63f8
0x00002af8d88835c0:   00002af8dc008750 00002af8dc007770
0x00002af8d88835d0:   0000000000000000 0000000000000000
0x00002af8d88835e0:   00002af8dc005960 00002af8dc008b80
0x00002af8d88835f0:   0000000000000000 0000000000000001
0x00002af8d8883600:   00002af8dc008000 ffffffffffffffff
0x00002af8d8883610:   00002af8d8883680 00002af8d7d05a03 

Instructions: (pc=0x00002af8d8d09522)
0x00002af8d8d09502:   00 00 00 00 00 48 c7 40 30 00 00 00 00 48 c7 40
0x00002af8d8d09512:   28 00 00 00 00 8b 5b 04 49 2b 5d 28 49 03 5d 18
0x00002af8d8d09522:   44 0f b6 73 1d 0f b6 43 1c 41 c1 e6 08 41 09 c6
0x00002af8d8d09532:   0f b6 43 1e 88 45 ce 0f b6 43 1f 88 45 cf 0f b6 

Register to memory mapping:

RAX=0x00002af8dc99d230 is an unknown value
RBX=0x00002af91e3d6550 is an unknown value
RCX=0x00002af8dc99d220 is an unknown value
RDX=0x00002af8dc000040 is an unknown value
RSP=0x00002af8d8883420 is pointing into the stack for thread: 0x00002af8dc008000
RBP=0x00002af8d8883460 is pointing into the stack for thread: 0x00002af8dc008000
RSI=0x00002af8dc000038 is an unknown value
RDI=0x0000000000000000 is an unknown value
R8 =0x0000000000000003 is an unknown value
R9 =0x0000000000000010 is an unknown value
R10=0x0000000000000040 is an unknown value
R11=0x00002af8d7fb5660: <offset 0x79f660> in /usr/lib/jvm/java-1.6.0-openjdk-1.6.0.0.x86_64/jre/lib/amd64/server/libjvm.so at 0x00002af8d7816000
R12=0x00002af8dc99d230 is an unknown value
R13=0x00002af8dc2d0c50 is an unknown value
R14=0x00002af8d88834d0 is pointing into the stack for thread: 0x00002af8dc008000
R15=0x00002af8dc99d230 is an unknown value


Stack: [0x00002af8d8785000,0x00002af8d8886000],  sp=0x00002af8d8883420,  free space=1017k
Native frames: (J=compiled Java code, j=interpreted, Vv=VM code, C=native code)
C  [libzip.so+0x4522]  ZIP_Lock+0x252
C  [libzip.so+0x4ae2]  ZIP_GetEntry+0xc2
C  [libzip.so+0x3ae4]  Java_java_util_zip_ZipFile_getEntry+0xc4
j  java.util.zip.ZipFile.getEntry(JLjava/lang/String;Z)J+0
j  java.util.zip.ZipFile.getEntry(Ljava/lang/String;)Ljava/util/zip/ZipEntry;+31
j  java.util.jar.JarFile.getEntry(Ljava/lang/String;)Ljava/util/zip/ZipEntry;+2
j  sun.net.www.protocol.jar.URLJarFile.getEntry(Ljava/lang/String;)Ljava/util/zip/ZipEntry;+2
j  sun.net.www.protocol.jar.JarURLConnection.connect()V+62
j  sun.net.www.protocol.jar.JarURLConnection.getInputStream()Ljava/io/InputStream;+1
j  sun.misc.URLClassPath$Loader.getResource(Ljava/lang/String;Z)Lsun/misc/Resource;+48
j  sun.misc.URLClassPath.getResource(Ljava/lang/String;Z)Lsun/misc/Resource;+53
j  java.net.URLClassLoader$1.run()Ljava/lang/Object;+26
v  ~StubRoutines::call_stub
V  [libjvm.so+0x537e3e]  AsyncGetCallTrace+0xd776e
V  [libjvm.so+0x536ad8]  AsyncGetCallTrace+0xd6408
V  [libjvm.so+0x597140]  JVM_DoPrivileged+0x400
j  java.security.AccessController.doPrivileged(Ljava/security/PrivilegedExceptionAction;Ljava/security/AccessControlContext;)Ljava/lang/Object;+0
j  java.net.URLClassLoader.findClass(Ljava/lang/String;)Ljava/lang/Class;+13
j  org.java.plugin.standard.StandardPluginClassLoader.loadLocalClass(Ljava/lang/String;ZLorg/java/plugin/standard/StandardPluginClassLoader;)Ljava/lang/Class;+97
j  org.java.plugin.standard.StandardPluginClassLoader.loadClass(Ljava/lang/String;Z)Ljava/lang/Class;+62
j  java.lang.ClassLoader.loadClass(Ljava/lang/String;)Ljava/lang/Class;+3
j  org.svvrl.goal.core.CorePlugin.loadLayoutAlgorithms()V+63
j  org.svvrl.goal.core.CorePlugin.initApplication(Lorg/java/plugin/util/ExtendedProperties;[Ljava/lang/String;)Lorg/java/plugin/boot/Application;+162
j  org.java.plugin.boot.DefaultApplicationInitializer.initApplication(Lorg/java/plugin/boot/BootErrorHandler;[Ljava/lang/String;)Lorg/java/plugin/boot/Application;+530
j  org.java.plugin.boot.Boot.initApplication(Lorg/java/plugin/boot/BootErrorHandler;Lorg/java/plugin/util/ExtendedProperties;[Ljava/lang/String;)Lorg/java/plugin/boot/Application;+157
j  org.java.plugin.boot.Boot.boot(Lorg/java/plugin/util/ExtendedProperties;ZLjava/lang/String;Lorg/java/plugin/boot/BootErrorHandler;[Ljava/lang/String;)Lorg/java/plugin/boot/Application;+338
j  org.java.plugin.boot.Boot.main([Ljava/lang/String;)V+162
v  ~StubRoutines::call_stub
V  [libjvm.so+0x537e3e]  AsyncGetCallTrace+0xd776e
V  [libjvm.so+0x536ad8]  AsyncGetCallTrace+0xd6408
V  [libjvm.so+0x5452a7]  JNI_CreateJavaVM+0x12e7
V  [libjvm.so+0x55a4eb]  JNI_CreateJavaVM+0x1652b
C  [java+0x374d]  JavaMain+0xd0d

Java frames: (J=compiled Java code, j=interpreted, Vv=VM code)
j  java.util.zip.ZipFile.getEntry(JLjava/lang/String;Z)J+0
j  java.util.zip.ZipFile.getEntry(Ljava/lang/String;)Ljava/util/zip/ZipEntry;+31
j  java.util.jar.JarFile.getEntry(Ljava/lang/String;)Ljava/util/zip/ZipEntry;+2
j  sun.net.www.protocol.jar.URLJarFile.getEntry(Ljava/lang/String;)Ljava/util/zip/ZipEntry;+2
j  sun.net.www.protocol.jar.JarURLConnection.connect()V+62
j  sun.net.www.protocol.jar.JarURLConnection.getInputStream()Ljava/io/InputStream;+1
j  sun.misc.URLClassPath$Loader.getResource(Ljava/lang/String;Z)Lsun/misc/Resource;+48
j  sun.misc.URLClassPath.getResource(Ljava/lang/String;Z)Lsun/misc/Resource;+53
j  java.net.URLClassLoader$1.run()Ljava/lang/Object;+26
v  ~StubRoutines::call_stub
j  java.security.AccessController.doPrivileged(Ljava/security/PrivilegedExceptionAction;Ljava/security/AccessControlContext;)Ljava/lang/Object;+0
j  java.net.URLClassLoader.findClass(Ljava/lang/String;)Ljava/lang/Class;+13
j  org.java.plugin.standard.StandardPluginClassLoader.loadLocalClass(Ljava/lang/String;ZLorg/java/plugin/standard/StandardPluginClassLoader;)Ljava/lang/Class;+97
j  org.java.plugin.standard.StandardPluginClassLoader.loadClass(Ljava/lang/String;Z)Ljava/lang/Class;+62
j  java.lang.ClassLoader.loadClass(Ljava/lang/String;)Ljava/lang/Class;+3
j  org.svvrl.goal.core.CorePlugin.loadLayoutAlgorithms()V+63
j  org.svvrl.goal.core.CorePlugin.initApplication(Lorg/java/plugin/util/ExtendedProperties;[Ljava/lang/String;)Lorg/java/plugin/boot/Application;+162
j  org.java.plugin.boot.DefaultApplicationInitializer.initApplication(Lorg/java/plugin/boot/BootErrorHandler;[Ljava/lang/String;)Lorg/java/plugin/boot/Application;+530
j  org.java.plugin.boot.Boot.initApplication(Lorg/java/plugin/boot/BootErrorHandler;Lorg/java/plugin/util/ExtendedProperties;[Ljava/lang/String;)Lorg/java/plugin/boot/Application;+157
j  org.java.plugin.boot.Boot.boot(Lorg/java/plugin/util/ExtendedProperties;ZLjava/lang/String;Lorg/java/plugin/boot/BootErrorHandler;[Ljava/lang/String;)Lorg/java/plugin/boot/Application;+338
j  org.java.plugin.boot.Boot.main([Ljava/lang/String;)V+162
v  ~StubRoutines::call_stub

---------------  P R O C E S S  ---------------

Java Threads: ( => current thread )
  0x00002af8dc101800 JavaThread "Low Memory Detector" daemon [_thread_blocked, id=29057, stack(0x00002af91e194000,0x00002af91e295000)]
  0x00002af8dc0ff000 JavaThread "C2 CompilerThread1" daemon [_thread_in_native, id=29056, stack(0x00002af91e093000,0x00002af91e194000)]
  0x00002af8dc0fc800 JavaThread "C2 CompilerThread0" daemon [_thread_in_native, id=29055, stack(0x00002af91df92000,0x00002af91e093000)]
  0x00002af8dc0fa000 JavaThread "Signal Dispatcher" daemon [_thread_blocked, id=29054, stack(0x00002af91de91000,0x00002af91df92000)]
  0x00002af8dc0ab800 JavaThread "Finalizer" daemon [_thread_blocked, id=29053, stack(0x00002af908f93000,0x00002af909094000)]
  0x00002af8dc0a9800 JavaThread "Reference Handler" daemon [_thread_blocked, id=29052, stack(0x00002af908e92000,0x00002af908f93000)]
=>0x00002af8dc008000 JavaThread "main" [_thread_in_native, id=29042, stack(0x00002af8d8785000,0x00002af8d8886000)]

Other Threads:
  0x00002af8dc09a800 VMThread [stack: 0x00002af908d91000,0x00002af908e92000] [id=29051]
  0x00002af8dc10c800 WatcherThread [stack: 0x00002af91e295000,0x00002af91e396000] [id=29058]

VM state:not at safepoint (normal execution)

VM Mutex/Monitor currently owned by a thread: None

Heap
 PSYoungGen      total 305856K, used 26221K [0x00000000eaab0000, 0x0000000100000000, 0x0000000100000000)
  eden space 262208K, 10% used [0x00000000eaab0000,0x00000000ec44b5c0,0x00000000faac0000)
  from space 43648K, 0% used [0x00000000fd560000,0x00000000fd560000,0x0000000100000000)
  to   space 43648K, 0% used [0x00000000faac0000,0x00000000faac0000,0x00000000fd560000)
 ParOldGen       total 699072K, used 0K [0x00000000c0000000, 0x00000000eaab0000, 0x00000000eaab0000)
  object space 699072K, 0% used [0x00000000c0000000,0x00000000c0000000,0x00000000eaab0000)
 PSPermGen       total 21248K, used 7529K [0x00000000b5a00000, 0x00000000b6ec0000, 0x00000000c0000000)
  object space 21248K, 35% used [0x00000000b5a00000,0x00000000b615a7c8,0x00000000b6ec0000)

Card table byte_map: [0x00002af8e0000000,0x00002af8e0254000] byte_map_base: 0x00002af8dfa53000

Polling page: 0x00002af8d8cc6000

Code Cache  [0x00002af8d8f0d000, 0x00002af8d917d000, 0x00002af8dbf0d000)
 total_blobs=330 nmethods=104 adapters=179 free_code_cache=48463Kb largest_free_block=49605760

Compilation events (10 events):
Event: 1.368 Thread 0x00002af8dc0ff000 nmethod 100 0x00002af8d8fb9a90 code [0x00002af8d8fb9be0, 0x00002af8d8fb9ce8]
Event: 1.368 Thread 0x00002af8dc0ff000  101             org.java.plugin.registry.xml.ExtensionPointImpl$ParameterDefinitionImpl::getMultiplicity (8 bytes)
Event: 1.368 Thread 0x00002af8dc0ff000 nmethod 101 0x00002af8d8fa8810 code [0x00002af8d8fa8940, 0x00002af8d8fa89b8]
Event: 1.368 Thread 0x00002af8dc0ff000  102             org.java.plugin.registry.xml.ModelParameterDef::getMultiplicity (5 bytes)
Event: 1.368 Thread 0x00002af8dc0ff000 nmethod 102 0x00002af8d8f94750 code [0x00002af8d8f94880, 0x00002af8d8f948d8]
Event: 1.368 Thread 0x00002af8dc0ff000  103             java.io.UnixFileSystem::normalize (75 bytes)
Event: 1.373 Thread 0x00002af8dc0ff000 nmethod 103 0x00002af8d8fb9590 code [0x00002af8d8fb96e0, 0x00002af8d8fb9938]
Event: 1.373 Thread 0x00002af8dc0ff000  104   !         sun.nio.cs.US_ASCII$Decoder::decodeArrayLoop (241 bytes)
Event: 1.391 Thread 0x00002af8dc0ff000 nmethod 104 0x00002af8d8faa090 code [0x00002af8d8faa240, 0x00002af8d8faaa88]
Event: 1.391 Thread 0x00002af8dc0ff000  105             sun.net.www.ParseUtil::encodePath (336 bytes)

GC Heap History (0 events):
No events

Deoptimization events (9 events):
Event: 0.280 Thread 0x00002af8dc008000 Uncommon trap -34 fr.pc 0x00002af8d8f6ba30
Event: 0.282 Thread 0x00002af8dc008000 Uncommon trap -34 fr.pc 0x00002af8d8f6ba30
Event: 0.383 Thread 0x00002af8dc008000 Uncommon trap -12 fr.pc 0x00002af8d8f722ec
Event: 1.006 Thread 0x00002af8dc008000 Uncommon trap -58 fr.pc 0x00002af8d8f89ca0
Event: 1.007 Thread 0x00002af8dc008000 Uncommon trap -58 fr.pc 0x00002af8d8f89ca0
Event: 1.007 Thread 0x00002af8dc008000 Uncommon trap -58 fr.pc 0x00002af8d8f89ca0
Event: 1.007 Thread 0x00002af8dc008000 Uncommon trap -58 fr.pc 0x00002af8d8f89ca0
Event: 1.207 Thread 0x00002af8dc008000 Uncommon trap -34 fr.pc 0x00002af8d8f6ba30
Event: 1.207 Thread 0x00002af8dc008000 Uncommon trap -34 fr.pc 0x00002af8d8f6ba30

Internal exceptions (10 events):
Event: 1.341 Thread 0x00002af8dc008000 Threw 0x00000000ebfffdc0 at /builddir/build/BUILD/icedtea6-1.13.4/openjdk/hotspot/src/share/vm/prims/jvm.cpp:1235
Event: 1.342 Thread 0x00002af8dc008000 Threw 0x00000000ec00c910 at /builddir/build/BUILD/icedtea6-1.13.4/openjdk/hotspot/src/share/vm/classfile/systemDictionary.cpp:179
Event: 1.342 Thread 0x00002af8dc008000 Threw 0x00000000ec00cc78 at /builddir/build/BUILD/icedtea6-1.13.4/openjdk/hotspot/src/share/vm/prims/jvm.cpp:1235
Event: 1.342 Thread 0x00002af8dc008000 Threw 0x00000000ec00d090 at /builddir/build/BUILD/icedtea6-1.13.4/openjdk/hotspot/src/share/vm/prims/jvm.cpp:1235
Event: 1.343 Thread 0x00002af8dc008000 Threw 0x00000000ec012a90 at /builddir/build/BUILD/icedtea6-1.13.4/openjdk/hotspot/src/share/vm/classfile/systemDictionary.cpp:179
Event: 1.343 Thread 0x00002af8dc008000 Threw 0x00000000ec012e00 at /builddir/build/BUILD/icedtea6-1.13.4/openjdk/hotspot/src/share/vm/prims/jvm.cpp:1235
Event: 1.343 Thread 0x00002af8dc008000 Threw 0x00000000ec013220 at /builddir/build/BUILD/icedtea6-1.13.4/openjdk/hotspot/src/share/vm/prims/jvm.cpp:1235
Event: 1.344 Thread 0x00002af8dc008000 Threw 0x00000000ec016218 at /builddir/build/BUILD/icedtea6-1.13.4/openjdk/hotspot/src/share/vm/classfile/systemDictionary.cpp:179
Event: 1.344 Thread 0x00002af8dc008000 Threw 0x00000000ec016768 at /builddir/build/BUILD/icedtea6-1.13.4/openjdk/hotspot/src/share/vm/prims/jvm.cpp:1235
Event: 1.344 Thread 0x00002af8dc008000 Threw 0x00000000ec016d68 at /builddir/build/BUILD/icedtea6-1.13.4/openjdk/hotspot/src/share/vm/prims/jvm.cpp:1235

Events (10 events):
Event: 1.343 loading class 0x00002af8dc90b450
Event: 1.343 loading class 0x00002af8dc90b450 done
Event: 1.344 loading class 0x00002af8dc2d08a0
Event: 1.344 loading class 0x00002af8dc2d08a0 done
Event: 1.347 loading class 0x00002af8dc131880
Event: 1.348 loading class 0x00002af8dc131880 done
Event: 1.353 loading class 0x00002af8dc0a4210
Event: 1.354 loading class 0x00002af8dc0a4210 done
Event: 1.354 loading class 0x00002af8dc2395f0
Event: 1.354 loading class 0x00002af8dc2395f0 done


Dynamic libraries:
00400000-00409000 r-xp 00000000 fd:01 5993                               /usr/lib/jvm/java-1.6.0-openjdk-1.6.0.0.x86_64/jre/bin/java
00608000-0060a000 rw-p 00008000 fd:01 5993                               /usr/lib/jvm/java-1.6.0-openjdk-1.6.0.0.x86_64/jre/bin/java
01e53000-01e74000 rw-p 00000000 00:00 0                                  [heap]
b5a00000-b6ec0000 rw-p 00000000 00:00 0 
b6ec0000-c0000000 rw-p 00000000 00:00 0 
c0000000-100000000 rw-p 00000000 00:00 0 
364f800000-364f820000 r-xp 00000000 fd:01 130582                         /lib64/ld-2.12.so
364fa1f000-364fa20000 r--p 0001f000 fd:01 130582                         /lib64/ld-2.12.so
364fa20000-364fa21000 rw-p 00020000 fd:01 130582                         /lib64/ld-2.12.so
364fa21000-364fa22000 rw-p 00000000 00:00 0 
364fc00000-364fd8a000 r-xp 00000000 fd:01 130613                         /lib64/libc-2.12.so
364fd8a000-364ff8a000 ---p 0018a000 fd:01 130613                         /lib64/libc-2.12.so
364ff8a000-364ff8e000 r--p 0018a000 fd:01 130613                         /lib64/libc-2.12.so
364ff8e000-364ff8f000 rw-p 0018e000 fd:01 130613                         /lib64/libc-2.12.so
364ff8f000-364ff94000 rw-p 00000000 00:00 0 
3650000000-3650004000 r-xp 00000000 fd:01 13573                          /usr/lib/jvm/java-1.6.0-openjdk-1.6.0.0.x86_64/jre/lib/amd64/jli/libjli.so
3650004000-3650203000 ---p 00004000 fd:01 13573                          /usr/lib/jvm/java-1.6.0-openjdk-1.6.0.0.x86_64/jre/lib/amd64/jli/libjli.so
3650203000-3650204000 rw-p 00003000 fd:01 13573                          /usr/lib/jvm/java-1.6.0-openjdk-1.6.0.0.x86_64/jre/lib/amd64/jli/libjli.so
3650400000-3650417000 r-xp 00000000 fd:01 130636                         /lib64/libpthread-2.12.so
3650417000-3650617000 ---p 00017000 fd:01 130636                         /lib64/libpthread-2.12.so
3650617000-3650618000 r--p 00017000 fd:01 130636                         /lib64/libpthread-2.12.so
3650618000-3650619000 rw-p 00018000 fd:01 130636                         /lib64/libpthread-2.12.so
3650619000-365061d000 rw-p 00000000 00:00 0 
3650800000-3650802000 r-xp 00000000 fd:01 130624                         /lib64/libdl-2.12.so
3650802000-3650a02000 ---p 00002000 fd:01 130624                         /lib64/libdl-2.12.so
3650a02000-3650a03000 r--p 00002000 fd:01 130624                         /lib64/libdl-2.12.so
3650a03000-3650a04000 rw-p 00003000 fd:01 130624                         /lib64/libdl-2.12.so
3650c00000-3650c15000 r-xp 00000000 fd:01 130638                         /lib64/libz.so.1.2.3
3650c15000-3650e14000 ---p 00015000 fd:01 130638                         /lib64/libz.so.1.2.3
3650e14000-3650e15000 r--p 00014000 fd:01 130638                         /lib64/libz.so.1.2.3
3650e15000-3650e16000 rw-p 00015000 fd:01 130638                         /lib64/libz.so.1.2.3
3651000000-3651007000 r-xp 00000000 fd:01 132701                         /lib64/librt-2.12.so
3651007000-3651206000 ---p 00007000 fd:01 132701                         /lib64/librt-2.12.so
3651206000-3651207000 r--p 00006000 fd:01 132701                         /lib64/librt-2.12.so
3651207000-3651208000 rw-p 00007000 fd:01 132701                         /lib64/librt-2.12.so
3651800000-3651816000 r-xp 00000000 fd:01 133662                         /lib64/libgcc_s-4.4.7-20120601.so.1
3651816000-3651a15000 ---p 00016000 fd:01 133662                         /lib64/libgcc_s-4.4.7-20120601.so.1
3651a15000-3651a16000 rw-p 00015000 fd:01 133662                         /lib64/libgcc_s-4.4.7-20120601.so.1
3653000000-36530e8000 r-xp 00000000 fd:01 49938                          /usr/lib64/libstdc++.so.6.0.13
36530e8000-36532e8000 ---p 000e8000 fd:01 49938                          /usr/lib64/libstdc++.so.6.0.13
36532e8000-36532ef000 r--p 000e8000 fd:01 49938                          /usr/lib64/libstdc++.so.6.0.13
36532ef000-36532f1000 rw-p 000ef000 fd:01 49938                          /usr/lib64/libstdc++.so.6.0.13
36532f1000-3653306000 rw-p 00000000 00:00 0 
365c200000-365c216000 r-xp 00000000 fd:01 137559                         /lib64/libnsl-2.12.so
365c216000-365c415000 ---p 00016000 fd:01 137559                         /lib64/libnsl-2.12.so
365c415000-365c416000 r--p 00015000 fd:01 137559                         /lib64/libnsl-2.12.so
365c416000-365c417000 rw-p 00016000 fd:01 137559                         /lib64/libnsl-2.12.so
365c417000-365c419000 rw-p 00000000 00:00 0 
2af8d77fb000-2af8d77fc000 rw-p 00000000 00:00 0 
2af8d7812000-2af8d7816000 rw-p 00000000 00:00 0 
2af8d7816000-2af8d8221000 r-xp 00000000 fd:01 23213                      /usr/lib/jvm/java-1.6.0-openjdk-1.6.0.0.x86_64/jre/lib/amd64/server/libjvm.so
2af8d8221000-2af8d8421000 ---p 00a0b000 fd:01 23213                      /usr/lib/jvm/java-1.6.0-openjdk-1.6.0.0.x86_64/jre/lib/amd64/server/libjvm.so
2af8d8421000-2af8d84c2000 rw-p 00a0b000 fd:01 23213                      /usr/lib/jvm/java-1.6.0-openjdk-1.6.0.0.x86_64/jre/lib/amd64/server/libjvm.so
2af8d84c2000-2af8d84eb000 rw-p 00000000 00:00 0 
2af8d8501000-2af8d8584000 r-xp 00000000 fd:01 130627                     /lib64/libm-2.12.so
2af8d8584000-2af8d8783000 ---p 00083000 fd:01 130627                     /lib64/libm-2.12.so
2af8d8783000-2af8d8784000 r--p 00082000 fd:01 130627                     /lib64/libm-2.12.so
2af8d8784000-2af8d8785000 rw-p 00083000 fd:01 130627                     /lib64/libm-2.12.so
2af8d8785000-2af8d8788000 ---p 00000000 00:00 0 
2af8d8788000-2af8d8886000 rw-p 00000000 00:00 0 
2af8d8886000-2af8d8894000 r-xp 00000000 fd:01 23207                      /usr/lib/jvm/java-1.6.0-openjdk-1.6.0.0.x86_64/jre/lib/amd64/libverify.so
2af8d8894000-2af8d8a94000 ---p 0000e000 fd:01 23207                      /usr/lib/jvm/java-1.6.0-openjdk-1.6.0.0.x86_64/jre/lib/amd64/libverify.so
2af8d8a94000-2af8d8a96000 rw-p 0000e000 fd:01 23207                      /usr/lib/jvm/java-1.6.0-openjdk-1.6.0.0.x86_64/jre/lib/amd64/libverify.so
2af8d8a96000-2af8d8ac3000 r-xp 00000000 fd:01 23159                      /usr/lib/jvm/java-1.6.0-openjdk-1.6.0.0.x86_64/jre/lib/amd64/libjava.so
2af8d8ac3000-2af8d8cc2000 ---p 0002d000 fd:01 23159                      /usr/lib/jvm/java-1.6.0-openjdk-1.6.0.0.x86_64/jre/lib/amd64/libjava.so
2af8d8cc2000-2af8d8cc6000 rw-p 0002c000 fd:01 23159                      /usr/lib/jvm/java-1.6.0-openjdk-1.6.0.0.x86_64/jre/lib/amd64/libjava.so
2af8d8cc6000-2af8d8cc7000 r--p 00000000 00:00 0 
2af8d8cc7000-2af8d8cc8000 rw-p 00000000 00:00 0 
2af8d8cc8000-2af8d8cfd000 r--s 00000000 fd:02 128540                     /var/db/nscd/passwd
2af8d8cfd000-2af8d8d05000 rw-s 00000000 fd:03 38                         /tmp/hsperfdata_dw07r324/29041
2af8d8d05000-2af8d8d0c000 r-xp 00000000 fd:01 23208                      /usr/lib/jvm/java-1.6.0-openjdk-1.6.0.0.x86_64/jre/lib/amd64/libzip.so
2af8d8d0c000-2af8d8f0c000 ---p 00007000 fd:01 23208                      /usr/lib/jvm/java-1.6.0-openjdk-1.6.0.0.x86_64/jre/lib/amd64/libzip.so
2af8d8f0c000-2af8d8f0d000 rw-p 00007000 fd:01 23208                      /usr/lib/jvm/java-1.6.0-openjdk-1.6.0.0.x86_64/jre/lib/amd64/libzip.so
2af8d8f0d000-2af8d917d000 rwxp 00000000 00:00 0 
2af8d917d000-2af8dbf0d000 rw-p 00000000 00:00 0 
2af8dbf0d000-2af8dbf17000 rw-p 00000000 00:00 0 
2af8dbf17000-2af8dbfcd000 rw-p 00000000 00:00 0 
2af8dc000000-2af8dc9ae000 rw-p 00000000 00:00 0 
2af8dc9ae000-2af8e0000000 ---p 00000000 00:00 0 
2af8e0000000-2af8e000b000 rw-p 00000000 00:00 0 
2af8e000b000-2af8e0053000 rw-p 00000000 00:00 0 
2af8e0053000-2af8e03b5000 rw-p 00000000 00:00 0 
2af8e03b5000-2af8e03fd000 rw-p 00000000 00:00 0 
2af8e03fd000-2af8e03fe000 ---p 00000000 00:00 0 
2af8e03fe000-2af8e04fe000 rw-p 00000000 00:00 0 
2af8e04fe000-2af8e04ff000 ---p 00000000 00:00 0 
2af8e04ff000-2af8e05ff000 rw-p 00000000 00:00 0 
2af8e05ff000-2af8e0600000 ---p 00000000 00:00 0 
2af8e0600000-2af8e0700000 rw-p 00000000 00:00 0 
2af8e0700000-2af8e0701000 ---p 00000000 00:00 0 
2af8e0701000-2af8e0801000 rw-p 00000000 00:00 0 
2af8e0801000-2af8e0802000 ---p 00000000 00:00 0 
2af8e0802000-2af8e0902000 rw-p 00000000 00:00 0 
2af8e0902000-2af8e0903000 ---p 00000000 00:00 0 
2af8e0903000-2af8e0a03000 rw-p 00000000 00:00 0 
2af8e0a03000-2af8e0a04000 ---p 00000000 00:00 0 
2af8e0a04000-2af8e0b04000 rw-p 00000000 00:00 0 
2af8e0b04000-2af8e0b05000 ---p 00000000 00:00 0 
2af8e0b05000-2af8e0c05000 rw-p 00000000 00:00 0 
2af8e4000000-2af8e4021000 rw-p 00000000 00:00 0 
2af8e4021000-2af8e8000000 ---p 00000000 00:00 0 
2af8e8000000-2af8e8021000 rw-p 00000000 00:00 0 
2af8e8021000-2af8ec000000 ---p 00000000 00:00 0 
2af8ec000000-2af8ec021000 rw-p 00000000 00:00 0 
2af8ec021000-2af8f0000000 ---p 00000000 00:00 0 
2af8f0000000-2af8f0021000 rw-p 00000000 00:00 0 
2af8f0021000-2af8f4000000 ---p 00000000 00:00 0 
2af8f4000000-2af8f4021000 rw-p 00000000 00:00 0 
2af8f4021000-2af8f8000000 ---p 00000000 00:00 0 
2af8f8000000-2af8f8021000 rw-p 00000000 00:00 0 
2af8f8021000-2af8fc000000 ---p 00000000 00:00 0 
2af8fc000000-2af8feea4000 rw-p 00000000 00:00 0 
2af8feea4000-2af8ff03a000 r--s 01a15000 fd:01 23288                      /usr/lib/jvm/java-1.6.0-openjdk-1.6.0.0.x86_64/jre/lib/rt.jar
2af8ff03a000-2af8fff20000 rw-p 00000000 00:00 0 
2af900000000-2af900021000 rw-p 00000000 00:00 0 
2af900021000-2af904000000 ---p 00000000 00:00 0 
2af904000000-2af904021000 rw-p 00000000 00:00 0 
2af904021000-2af908000000 ---p 00000000 00:00 0 
2af908000000-2af908d91000 rw-p 00000000 00:00 0 
2af908d91000-2af908d92000 ---p 00000000 00:00 0 
2af908d92000-2af908e92000 rw-p 00000000 00:00 0 
2af908e92000-2af908e95000 ---p 00000000 00:00 0 
2af908e95000-2af908f93000 rw-p 00000000 00:00 0 
2af908f93000-2af908f96000 ---p 00000000 00:00 0 
2af908f96000-2af909094000 rw-p 00000000 00:00 0 
2af90c000000-2af90c021000 rw-p 00000000 00:00 0 
2af90c021000-2af910000000 ---p 00000000 00:00 0 
2af910000000-2af910021000 rw-p 00000000 00:00 0 
2af910021000-2af914000000 ---p 00000000 00:00 0 
2af914000000-2af914021000 rw-p 00000000 00:00 0 
2af914021000-2af918000000 ---p 00000000 00:00 0 
2af918000000-2af91de91000 r--p 00000000 fd:01 49935                      /usr/lib/locale/locale-archive
2af91de91000-2af91de94000 ---p 00000000 00:00 0 
2af91de94000-2af91df92000 rw-p 00000000 00:00 0 
2af91df92000-2af91df95000 ---p 00000000 00:00 0 
2af91df95000-2af91e093000 rw-p 00000000 00:00 0 
2af91e093000-2af91e096000 ---p 00000000 00:00 0 
2af91e096000-2af91e194000 rw-p 00000000 00:00 0 
2af91e194000-2af91e197000 ---p 00000000 00:00 0 
2af91e197000-2af91e295000 rw-p 00000000 00:00 0 
2af91e295000-2af91e296000 ---p 00000000 00:00 0 
2af91e296000-2af91e396000 rw-p 00000000 00:00 0 
2af91e396000-2af91e398000 r--s 00009000 00:35 125760574                  /mmfs/automount/gpfs/homefs/sm/dw07r324/bin/GOAL-20140808/lib/jpf-boot.jar
2af91e398000-2af91e39b000 r--s 0000f000 fd:01 23233                      /usr/lib/jvm/java-1.6.0-openjdk-1.6.0.0.x86_64/jre/lib/ext/pulse-java.jar
2af91e39b000-2af91e3a4000 r--s 00065000 fd:01 23228                      /usr/lib/jvm/java-1.6.0-openjdk-1.6.0.0.x86_64/jre/lib/ext/gnome-java-bridge.jar
2af91e3a4000-2af91e3a6000 r--s 00009000 00:35 125760574                  /mmfs/automount/gpfs/homefs/sm/dw07r324/bin/GOAL-20140808/lib/jpf-boot.jar
2af91e3a6000-2af91e3aa000 r--s 0003c000 fd:01 14238                      /usr/lib/jvm/java-1.6.0-openjdk-1.6.0.0.x86_64/jre/lib/jsse.jar
2af91e3aa000-2af91e3af000 r--s 0002d000 00:35 125760577                  /mmfs/automount/gpfs/homefs/sm/dw07r324/bin/GOAL-20140808/lib/jpf.jar
2af91e3af000-2af91e3b1000 r--s 0000d000 00:35 125760571                  /mmfs/automount/gpfs/homefs/sm/dw07r324/bin/GOAL-20140808/lib/commons-logging.jar
2af91e3b1000-2af91e3b3000 r--s 00012000 00:35 125760576                  /mmfs/automount/gpfs/homefs/sm/dw07r324/bin/GOAL-20140808/lib/jpf-tools.jar
2af91e3b3000-2af91e3ba000 r--s 00039000 00:35 125760578                  /mmfs/automount/gpfs/homefs/sm/dw07r324/bin/GOAL-20140808/lib/jxp.jar
2af91e3ba000-2af91e3bc000 r--s 00004000 00:35 125760570                  /mmfs/automount/gpfs/homefs/sm/dw07r324/bin/GOAL-20140808/lib/AppleJavaExtensions.jar
2af91e3bc000-2af91e3c1000 r--s 0002a000 00:35 125760572                  /mmfs/automount/gpfs/homefs/sm/dw07r324/bin/GOAL-20140808/lib/gson-2.2.2.jar
2af91e3c1000-2af91e3c4000 r--s 0001a000 00:35 125760579                  /mmfs/automount/gpfs/homefs/sm/dw07r324/bin/GOAL-20140808/lib/minijdd_104.jar
2af91e3c4000-2af91e3e7000 r--s 0022d000 00:35 845751                     /mmfs/automount/gpfs/homefs/sm/dw07r324/bin/GOAL-20140808/.jpf-shadow/org.svvrl.goal.core@2014.8.8.zip
2af91e3e7000-2af91e48a000 r-xp 00000000 fd:01 13434                      /usr/lib/jvm/java-1.6.0-openjdk-1.6.0.0.x86_64/jre/lib/amd64/libawt.so
2af91e48a000-2af91e68a000 ---p 000a3000 fd:01 13434                      /usr/lib/jvm/java-1.6.0-openjdk-1.6.0.0.x86_64/jre/lib/amd64/libawt.so
2af91e68a000-2af91e696000 rw-p 000a3000 fd:01 13434                      /usr/lib/jvm/java-1.6.0-openjdk-1.6.0.0.x86_64/jre/lib/amd64/libawt.so
2af91e696000-2af91e6ba000 rw-p 00000000 00:00 0 
2af91e6ba000-2af91e6c0000 r-xp 00000000 fd:01 8525                       /usr/lib/jvm/java-1.6.0-openjdk-1.6.0.0.x86_64/jre/lib/amd64/headless/libmawt.so
2af91e6c0000-2af91e8bf000 ---p 00006000 fd:01 8525                       /usr/lib/jvm/java-1.6.0-openjdk-1.6.0.0.x86_64/jre/lib/amd64/headless/libmawt.so
2af91e8bf000-2af91e8c0000 rw-p 00005000 fd:01 8525                       /usr/lib/jvm/java-1.6.0-openjdk-1.6.0.0.x86_64/jre/lib/amd64/headless/libmawt.so
2af91e8c0000-2af91e8c1000 rw-p 00000000 00:00 0 
2af91ea46000-2af91ea47000 rw-p 00000000 00:00 0 
2af920000000-2af920021000 rw-p 00000000 00:00 0 
2af920021000-2af924000000 ---p 00000000 00:00 0 
2af924000000-2af924f8e000 rw-p 00000000 00:00 0 
2af924f8e000-2af928000000 ---p 00000000 00:00 0 
2af928000000-2af928c6c000 rw-p 00000000 00:00 0 
2af928c6c000-2af92c000000 ---p 00000000 00:00 0 
2af92c000000-2af92c021000 rw-p 00000000 00:00 0 
2af92c021000-2af930000000 ---p 00000000 00:00 0 
2af930000000-2af930021000 rw-p 00000000 00:00 0 
2af930021000-2af934000000 ---p 00000000 00:00 0 
7fff631af000-7fff631e6000 rw-p 00000000 00:00 0                          [stack]
7fff631ff000-7fff63200000 r-xp 00000000 00:00 0                          [vdso]
ffffffffff600000-ffffffffff601000 r-xp 00000000 00:00 0                  [vsyscall]

VM Arguments:
jvm_args: -Xmx1G -Xms1G -DapplicationRoot=/home/ubelix/sm/dw07r324/bin/GOAL-20140808 -Dorg.java.plugin.boot.pluginsRepositories=/home/ubelix/sm/dw07r324/bin/GOAL-20140808/plugins -Djpf.boot.config=/home/ubelix/sm/dw07r324/bin/GOAL-20140808/boot.properties -Dorg.apache.commons.logging.Log=org.apache.commons.logging.impl.SimpleLog -Dorg.apache.commons.logging.simplelog.log.org.java.plugin=fatal 
java_command: /home/ubelix/sm/dw07r324/bin/GOAL-20140808/lib/jpf-boot.jar complement -m piterman -eq -macc -sp -ro -r /scratch/local/8663605.1.all.q/test_set_s15/s15_t1.4_a0.5_045.gff
Launcher Type: SUN_STANDARD

Environment Variables:
CLASSPATH=/home/ubelix/sm/dw07r324/bin/GOAL-20140808:/home/ubelix/sm/dw07r324/bin/GOAL-20140808/plugins:/home/ubelix/sm/dw07r324/bin/GOAL-20140808/lib:
PATH=/scratch/local/8663605.1.all.q:/usr/lib64/qt-3.3/bin:/usr/local/bin:/bin:/usr/bin:/usr/local/sbin:/usr/sbin:/sbin:/usr/lpp/mmfs/bin:/home/ubelix/sm/dw07r324/bin/GOAL-20140808:/home/ubelix/sm/dw07r324/bin/gnu_time/bin:/usr/lpp/mmfs/bin
LD_LIBRARY_PATH=/usr/lib/jvm/java-1.6.0-openjdk-1.6.0.0.x86_64/jre/lib/amd64/server:/usr/lib/jvm/java-1.6.0-openjdk-1.6.0.0.x86_64/jre/lib/amd64:/usr/lib/jvm/java-1.6.0-openjdk-1.6.0.0.x86_64/jre/../lib/amd64
SHELL=/bin/bash

Signal Handlers:
SIGSEGV: [libjvm.so+0x870a40], sa_mask[0]=0x7ffbfeff, sa_flags=0x10000004
SIGBUS: [libjvm.so+0x870a40], sa_mask[0]=0x7ffbfeff, sa_flags=0x10000004
SIGFPE: [libjvm.so+0x719240], sa_mask[0]=0x7ffbfeff, sa_flags=0x10000004
SIGPIPE: [libjvm.so+0x719240], sa_mask[0]=0x7ffbfeff, sa_flags=0x10000004
SIGXFSZ: [libjvm.so+0x719240], sa_mask[0]=0x7ffbfeff, sa_flags=0x10000004
SIGILL: [libjvm.so+0x719240], sa_mask[0]=0x7ffbfeff, sa_flags=0x10000004
SIGUSR1: SIG_DFL, sa_mask[0]=0x00000000, sa_flags=0x00000000
SIGUSR2: [libjvm.so+0x718d60], sa_mask[0]=0x00000000, sa_flags=0x10000004
SIGHUP: [libjvm.so+0x71bdf0], sa_mask[0]=0x7ffbfeff, sa_flags=0x10000004
SIGINT: [libjvm.so+0x71bdf0], sa_mask[0]=0x7ffbfeff, sa_flags=0x10000004
SIGTERM: [libjvm.so+0x71bdf0], sa_mask[0]=0x7ffbfeff, sa_flags=0x10000004
SIGQUIT: [libjvm.so+0x71bdf0], sa_mask[0]=0x7ffbfeff, sa_flags=0x10000004


---------------  S Y S T E M  ---------------

OS:Red Hat Enterprise Linux ComputeNode release 6.5 (Santiago)

uname:Linux 2.6.32-431.29.2.el6.x86_64 #1 SMP Sun Jul 27 15:55:46 EDT 2014 x86_64
libc:glibc 2.12 NPTL 2.12 
rlimit: STACK infinity, CORE infinity, NPROC 127431, NOFILE 4096, AS 8388608k
load average:3.40 3.54 3.85

/proc/meminfo:
MemTotal:       16331612 kB
MemFree:         5134720 kB
Buffers:           13572 kB
Cached:          6031116 kB
SwapCached:           88 kB
Active:          2786296 kB
Inactive:        3726748 kB
Active(anon):     405016 kB
Inactive(anon):    63548 kB
Active(file):    2381280 kB
Inactive(file):  3663200 kB
Unevictable:     4082900 kB
Mlocked:         4082900 kB
SwapTotal:       8388604 kB
SwapFree:        8388380 kB
Dirty:                72 kB
Writeback:             0 kB
AnonPages:       4551112 kB
Mapped:            98740 kB
Shmem:               192 kB
Slab:             375728 kB
SReclaimable:     308384 kB
SUnreclaim:        67344 kB
KernelStack:        4704 kB
PageTables:        16544 kB
NFS_Unstable:          0 kB
Bounce:                0 kB
WritebackTmp:          0 kB
CommitLimit:    16554408 kB
Committed_AS:    6812752 kB
VmallocTotal:   34359738367 kB
VmallocUsed:      109412 kB
VmallocChunk:   34351234244 kB
HardwareCorrupted:     0 kB
AnonHugePages:         0 kB
HugePages_Total:       0
HugePages_Free:        0
HugePages_Rsvd:        0
HugePages_Surp:        0
Hugepagesize:       2048 kB
DirectMap4k:        9920 kB
DirectMap2M:     2086912 kB
DirectMap1G:    14680064 kB


CPU:total 8 (4 cores per cpu, 1 threads per core) family 16 model 2 stepping 3, cmov, cx8, fxsr, mmx, sse, sse2, sse3, popcnt, mmxext, 3dnowpref, lzcnt, sse4a, tsc, tscinvbit, tscinv

/proc/cpuinfo:
processor	: 0
vendor_id	: AuthenticAMD
cpu family	: 16
model		: 2
model name	: Quad-Core AMD Opteron(tm) Processor 2354
stepping	: 3
cpu MHz		: 2200.000
cache size	: 512 KB
physical id	: 0
siblings	: 4
core id		: 0
cpu cores	: 4
apicid		: 0
initial apicid	: 0
fpu		: yes
fpu_exception	: yes
cpuid level	: 5
wp		: yes
flags		: fpu vme de pse tsc msr pae mce cx8 apic sep mtrr pge mca cmov pat pse36 clflush mmx fxsr sse sse2 ht syscall nx mmxext fxsr_opt pdpe1gb rdtscp lm 3dnowext 3dnow constant_tsc rep_good nonstop_tsc extd_apicid pni monitor cx16 popcnt lahf_lm cmp_legacy svm extapic cr8_legacy abm sse4a misalignsse 3dnowprefetch osvw ibs npt lbrv svm_lock
bogomips	: 4422.88
TLB size	: 1024 4K pages
clflush size	: 64
cache_alignment	: 64
address sizes	: 48 bits physical, 48 bits virtual
power management: ts ttp tm stc 100mhzsteps hwpstate

processor	: 1
vendor_id	: AuthenticAMD
cpu family	: 16
model		: 2
model name	: Quad-Core AMD Opteron(tm) Processor 2354
stepping	: 3
cpu MHz		: 2200.000
cache size	: 512 KB
physical id	: 0
siblings	: 4
core id		: 1
cpu cores	: 4
apicid		: 1
initial apicid	: 1
fpu		: yes
fpu_exception	: yes
cpuid level	: 5
wp		: yes
flags		: fpu vme de pse tsc msr pae mce cx8 apic sep mtrr pge mca cmov pat pse36 clflush mmx fxsr sse sse2 ht syscall nx mmxext fxsr_opt pdpe1gb rdtscp lm 3dnowext 3dnow constant_tsc rep_good nonstop_tsc extd_apicid pni monitor cx16 popcnt lahf_lm cmp_legacy svm extapic cr8_legacy abm sse4a misalignsse 3dnowprefetch osvw ibs npt lbrv svm_lock
bogomips	: 4422.88
TLB size	: 1024 4K pages
clflush size	: 64
cache_alignment	: 64
address sizes	: 48 bits physical, 48 bits virtual
power management: ts ttp tm stc 100mhzsteps hwpstate

processor	: 2
vendor_id	: AuthenticAMD
cpu family	: 16
model		: 2
model name	: Quad-Core AMD Opteron(tm) Processor 2354
stepping	: 3
cpu MHz		: 2200.000
cache size	: 512 KB
physical id	: 0
siblings	: 4
core id		: 2
cpu cores	: 4
apicid		: 2
initial apicid	: 2
fpu		: yes
fpu_exception	: yes
cpuid level	: 5
wp		: yes
flags		: fpu vme de pse tsc msr pae mce cx8 apic sep mtrr pge mca cmov pat pse36 clflush mmx fxsr sse sse2 ht syscall nx mmxext fxsr_opt pdpe1gb rdtscp lm 3dnowext 3dnow constant_tsc rep_good nonstop_tsc extd_apicid pni monitor cx16 popcnt lahf_lm cmp_legacy svm extapic cr8_legacy abm sse4a misalignsse 3dnowprefetch osvw ibs npt lbrv svm_lock
bogomips	: 4422.88
TLB size	: 1024 4K pages
clflush size	: 64
cache_alignment	: 64
address sizes	: 48 bits physical, 48 bits virtual
power management: ts ttp tm stc 100mhzsteps hwpstate

processor	: 3
vendor_id	: AuthenticAMD
cpu family	: 16
model		: 2
model name	: Quad-Core AMD Opteron(tm) Processor 2354
stepping	: 3
cpu MHz		: 2200.000
cache size	: 512 KB
physical id	: 0
siblings	: 4
core id		: 3
cpu cores	: 4
apicid		: 3
initial apicid	: 3
fpu		: yes
fpu_exception	: yes
cpuid level	: 5
wp		: yes
flags		: fpu vme de pse tsc msr pae mce cx8 apic sep mtrr pge mca cmov pat pse36 clflush mmx fxsr sse sse2 ht syscall nx mmxext fxsr_opt pdpe1gb rdtscp lm 3dnowext 3dnow constant_tsc rep_good nonstop_tsc extd_apicid pni monitor cx16 popcnt lahf_lm cmp_legacy svm extapic cr8_legacy abm sse4a misalignsse 3dnowprefetch osvw ibs npt lbrv svm_lock
bogomips	: 4422.88
TLB size	: 1024 4K pages
clflush size	: 64
cache_alignment	: 64
address sizes	: 48 bits physical, 48 bits virtual
power management: ts ttp tm stc 100mhzsteps hwpstate

processor	: 4
vendor_id	: AuthenticAMD
cpu family	: 16
model		: 2
model name	: Quad-Core AMD Opteron(tm) Processor 2354
stepping	: 3
cpu MHz		: 2200.000
cache size	: 512 KB
physical id	: 1
siblings	: 4
core id		: 0
cpu cores	: 4
apicid		: 4
initial apicid	: 4
fpu		: yes
fpu_exception	: yes
cpuid level	: 5
wp		: yes
flags		: fpu vme de pse tsc msr pae mce cx8 apic sep mtrr pge mca cmov pat pse36 clflush mmx fxsr sse sse2 ht syscall nx mmxext fxsr_opt pdpe1gb rdtscp lm 3dnowext 3dnow constant_tsc rep_good nonstop_tsc extd_apicid pni monitor cx16 popcnt lahf_lm cmp_legacy svm extapic cr8_legacy abm sse4a misalignsse 3dnowprefetch osvw ibs npt lbrv svm_lock
bogomips	: 4422.23
TLB size	: 1024 4K pages
clflush size	: 64
cache_alignment	: 64
address sizes	: 48 bits physical, 48 bits virtual
power management: ts ttp tm stc 100mhzsteps hwpstate

processor	: 5
vendor_id	: AuthenticAMD
cpu family	: 16
model		: 2
model name	: Quad-Core AMD Opteron(tm) Processor 2354
stepping	: 3
cpu MHz		: 2200.000
cache size	: 512 KB
physical id	: 1
siblings	: 4
core id		: 1
cpu cores	: 4
apicid		: 5
initial apicid	: 5
fpu		: yes
fpu_exception	: yes
cpuid level	: 5
wp		: yes
flags		: fpu vme de pse tsc msr pae mce cx8 apic sep mtrr pge mca cmov pat pse36 clflush mmx fxsr sse sse2 ht syscall nx mmxext fxsr_opt pdpe1gb rdtscp lm 3dnowext 3dnow constant_tsc rep_good nonstop_tsc extd_apicid pni monitor cx16 popcnt lahf_lm cmp_legacy svm extapic cr8_legacy abm sse4a misalignsse 3dnowprefetch osvw ibs npt lbrv svm_lock
bogomips	: 4422.23
TLB size	: 1024 4K pages
clflush size	: 64
cache_alignment	: 64
address sizes	: 48 bits physical, 48 bits virtual
power management: ts ttp tm stc 100mhzsteps hwpstate

processor	: 6
vendor_id	: AuthenticAMD
cpu family	: 16
model		: 2
model name	: Quad-Core AMD Opteron(tm) Processor 2354
stepping	: 3
cpu MHz		: 2200.000
cache size	: 512 KB
physical id	: 1
siblings	: 4
core id		: 2
cpu cores	: 4
apicid		: 6
initial apicid	: 6
fpu		: yes
fpu_exception	: yes
cpuid level	: 5
wp		: yes
flags		: fpu vme de pse tsc msr pae mce cx8 apic sep mtrr pge mca cmov pat pse36 clflush mmx fxsr sse sse2 ht syscall nx mmxext fxsr_opt pdpe1gb rdtscp lm 3dnowext 3dnow constant_tsc rep_good nonstop_tsc extd_apicid pni monitor cx16 popcnt lahf_lm cmp_legacy svm extapic cr8_legacy abm sse4a misalignsse 3dnowprefetch osvw ibs npt lbrv svm_lock
bogomips	: 4422.23
TLB size	: 1024 4K pages
clflush size	: 64
cache_alignment	: 64
address sizes	: 48 bits physical, 48 bits virtual
power management: ts ttp tm stc 100mhzsteps hwpstate

processor	: 7
vendor_id	: AuthenticAMD
cpu family	: 16
model		: 2
model name	: Quad-Core AMD Opteron(tm) Processor 2354
stepping	: 3
cpu MHz		: 2200.000
cache size	: 512 KB
physical id	: 1
siblings	: 4
core id		: 3
cpu cores	: 4
apicid		: 7
initial apicid	: 7
fpu		: yes
fpu_exception	: yes
cpuid level	: 5
wp		: yes
flags		: fpu vme de pse tsc msr pae mce cx8 apic sep mtrr pge mca cmov pat pse36 clflush mmx fxsr sse sse2 ht syscall nx mmxext fxsr_opt pdpe1gb rdtscp lm 3dnowext 3dnow constant_tsc rep_good nonstop_tsc extd_apicid pni monitor cx16 popcnt lahf_lm cmp_legacy svm extapic cr8_legacy abm sse4a misalignsse 3dnowprefetch osvw ibs npt lbrv svm_lock
bogomips	: 4422.23
TLB size	: 1024 4K pages
clflush size	: 64
cache_alignment	: 64
address sizes	: 48 bits physical, 48 bits virtual
power management: ts ttp tm stc 100mhzsteps hwpstate



Memory: 4k page, physical 16331612k(5134720k free), swap 8388604k(8388380k free)

vm_info: OpenJDK 64-Bit Server VM (23.25-b01) for linux-amd64 JRE (1.6.0_32-b32), built on Aug 21 2014 11:15:48 by "mockbuild" with gcc 4.4.7 20120313 (Red Hat 4.4.7-4)

time: Tue Sep 23 03:44:36 2014
elapsed time: 1 seconds

