#
# A fatal error has been detected by the Java Runtime Environment:
#
#  SIGBUS (0x7) at pc=0x00002b0c13180522, pid=20672, tid=47330855208704
#
# JRE version: 6.0_32-b32
# Java VM: OpenJDK 64-Bit Server VM (23.25-b01 mixed mode linux-amd64 compressed oops)
# Problematic frame:
# C  [libzip.so+0x4522]  ZIP_Lock+0x252
#
# Core dump written. Default location: /mmfs/automount/gpfs/homefs/sm/dw07r324/jobs/piterman.eq.macc.sp.ro.r/core or core.20672
#
# If you would like to submit a bug report, please include
# instructions how to reproduce the bug and visit:
#   http://icedtea.classpath.org/bugzilla
# The crash happened outside the Java Virtual Machine in native code.
# See problematic frame for where to report the bug.
#

---------------  T H R E A D  ---------------

Current thread (0x00002b0c14008000):  JavaThread "main" [_thread_in_native, id=20673, stack(0x00002b0c12bfc000,0x00002b0c12cfd000)]

siginfo:si_signo=SIGBUS: si_errno=0, si_code=2 (BUS_ADRERR), si_addr=0x00002b0c57073330

Registers:
RAX=0x00002b0c1527f090, RBX=0x00002b0c57073313, RCX=0x0000000000000041, RDX=0x0000000000000040
RSP=0x00002b0c12cfa540, RBP=0x00002b0c12cfa580, RSI=0x0000000000000040, RDI=0x00002b0c14000020
R8 =0x00002b0c14000088, R9 =0x0000000000000001, R10=0x0000000000000040, R11=0x00002b0c1242c660
R12=0x00002b0c1527f090, R13=0x00002b0c14f65a40, R14=0x00002b0c12cfa5f0, R15=0x00002b0c1527f090
RIP=0x00002b0c13180522, EFLAGS=0x0000000000010202, CSGSFS=0x0000000000000033, ERR=0x0000000000000004
  TRAPNO=0x000000000000000e

Top of Stack: (sp=0x00002b0c12cfa540)
0x00002b0c12cfa540:   00002b0c14f83a40 00002b0c1237605e
0x00002b0c12cfa550:   000000000000008f 00002b0c14f64704
0x00002b0c12cfa560:   00002b0c14f65a40 00000000b98d4855
0x00002b0c12cfa570:   00002b0c12cfa5f0 000000000000002b
0x00002b0c12cfa580:   00002b0c12cfa5d0 00002b0c13180ae2
0x00002b0c12cfa590:   00002b0c14008000 00002b0c14f68ac0
0x00002b0c12cfa5a0:   00002b0c12cfa610 00002b0c140081d8
0x00002b0c12cfa5b0:   00002b0c12cfa5f0 000000000000002b
0x00002b0c12cfa5c0:   00002b0c12cfaac8 00002b0c12cfa5f0
0x00002b0c12cfa5d0:   00002b0c12cfaa30 00002b0c1317fae4
0x00002b0c12cfa5e0:   0000002b01fd7670 00002b0c14f65a40
0x00002b0c12cfa5f0:   2f73657373616c63 727676732f67726f
0x00002b0c12cfa600:   632f6c616f672f6c 6148646d432f646d
0x00002b0c12cfa610:   6c632e72656c646e 00002b0c00737361
0x00002b0c12cfa620:   0000000000000000 0000000400000000
0x00002b0c12cfa630:   00002b0c14008b90 0000000000000000
0x00002b0c12cfa640:   00002b0c12cfa670 00002b0c14008000
0x00002b0c12cfa650:   00000000b5cc4b00 000000000000001a
0x00002b0c12cfa660:   00002b0c14008000 00000000b5cc4b00
0x00002b0c12cfa670:   00002b0c12cfa6d0 00002b0c121c05f2
0x00002b0c12cfa680:   00002b0c14008000 00002b0cb5fcdbd8
0x00002b0c12cfa690:   00002b0c14008000 000000364fc7a10b
0x00002b0c12cfa6a0:   0000000000000001 00000000000000bd
0x00002b0c12cfa6b0:   0000000000000000 00002b0c14008000
0x00002b0c12cfa6c0:   00002b0c12cfa700 00002b0c00000000
0x00002b0c12cfa6d0:   00000000b5cc8c58 00002b0000000061
0x00002b0c12cfa6e0:   00000000b5bdfef5 00000000f0a872e8
0x00002b0c12cfa6f0:   00002b0c12cfa6f0 00000000b5cc69cb
0x00002b0c12cfa700:   00002b0c12cfa750 00002b0c14008b80
0x00002b0c12cfa710:   0000000000000000 0000000000000001
0x00002b0c12cfa720:   00002b0c14008000 ffffffffffffffff
0x00002b0c12cfa730:   00002b0c12cfa7a0 00002b0c1217ca03 

Instructions: (pc=0x00002b0c13180522)
0x00002b0c13180502:   00 00 00 00 00 48 c7 40 30 00 00 00 00 48 c7 40
0x00002b0c13180512:   28 00 00 00 00 8b 5b 04 49 2b 5d 28 49 03 5d 18
0x00002b0c13180522:   44 0f b6 73 1d 0f b6 43 1c 41 c1 e6 08 41 09 c6
0x00002b0c13180532:   0f b6 43 1e 88 45 ce 0f b6 43 1f 88 45 cf 0f b6 

Register to memory mapping:

RAX=0x00002b0c1527f090 is an unknown value
RBX=0x00002b0c57073313 is an unknown value
RCX=0x0000000000000041 is an unknown value
RDX=0x0000000000000040 is an unknown value
RSP=0x00002b0c12cfa540 is pointing into the stack for thread: 0x00002b0c14008000
RBP=0x00002b0c12cfa580 is pointing into the stack for thread: 0x00002b0c14008000
RSI=0x0000000000000040 is an unknown value
RDI=0x00002b0c14000020 is an unknown value
R8 =0x00002b0c14000088 is an unknown value
R9 =0x0000000000000001 is an unknown value
R10=0x0000000000000040 is an unknown value
R11=0x00002b0c1242c660: <offset 0x79f660> in /usr/lib/jvm/java-1.6.0-openjdk-1.6.0.0.x86_64/jre/lib/amd64/server/libjvm.so at 0x00002b0c11c8d000
R12=0x00002b0c1527f090 is an unknown value
R13=0x00002b0c14f65a40 is an unknown value
R14=0x00002b0c12cfa5f0 is pointing into the stack for thread: 0x00002b0c14008000
R15=0x00002b0c1527f090 is an unknown value


Stack: [0x00002b0c12bfc000,0x00002b0c12cfd000],  sp=0x00002b0c12cfa540,  free space=1017k
Native frames: (J=compiled Java code, j=interpreted, Vv=VM code, C=native code)
C  [libzip.so+0x4522]  ZIP_Lock+0x252
C  [libzip.so+0x4ae2]  ZIP_GetEntry+0xc2
C  [libzip.so+0x3ae4]  Java_java_util_zip_ZipFile_getEntry+0xc4
j  java.util.zip.ZipFile.getEntry(JLjava/lang/String;Z)J+0
j  java.util.zip.ZipFile.getEntry(Ljava/lang/String;)Ljava/util/zip/ZipEntry;+31
j  java.util.jar.JarFile.getEntry(Ljava/lang/String;)Ljava/util/zip/ZipEntry;+2
j  sun.net.www.protocol.jar.URLJarFile.getEntry(Ljava/lang/String;)Ljava/util/zip/ZipEntry;+2
j  sun.net.www.protocol.jar.JarURLConnection.connect()V+62
j  sun.net.www.protocol.jar.JarURLConnection.getInputStream()Ljava/io/InputStream;+1
j  sun.misc.URLClassPath$Loader.getResource(Ljava/lang/String;Z)Lsun/misc/Resource;+48
j  sun.misc.URLClassPath.getResource(Ljava/lang/String;Z)Lsun/misc/Resource;+53
j  java.net.URLClassLoader$1.run()Ljava/lang/Object;+26
v  ~StubRoutines::call_stub
V  [libjvm.so+0x537e3e]  AsyncGetCallTrace+0xd776e
V  [libjvm.so+0x536ad8]  AsyncGetCallTrace+0xd6408
V  [libjvm.so+0x597140]  JVM_DoPrivileged+0x400
j  java.security.AccessController.doPrivileged(Ljava/security/PrivilegedExceptionAction;Ljava/security/AccessControlContext;)Ljava/lang/Object;+0
j  java.net.URLClassLoader.findClass(Ljava/lang/String;)Ljava/lang/Class;+13
j  org.java.plugin.standard.StandardPluginClassLoader.loadLocalClass(Ljava/lang/String;ZLorg/java/plugin/standard/StandardPluginClassLoader;)Ljava/lang/Class;+97
j  org.java.plugin.standard.StandardPluginClassLoader.loadClass(Ljava/lang/String;Z)Ljava/lang/Class;+62
j  java.lang.ClassLoader.loadClass(Ljava/lang/String;)Ljava/lang/Class;+3
j  org.svvrl.goal.core.CorePlugin.getConsoleHandler()Lorg/svvrl/goal/core/ConsoleHandler;+73
j  org.svvrl.goal.core.CorePlugin.startApplication()V+23
j  org.java.plugin.boot.Boot.boot(Lorg/java/plugin/util/ExtendedProperties;ZLjava/lang/String;Lorg/java/plugin/boot/BootErrorHandler;[Ljava/lang/String;)Lorg/java/plugin/boot/Application;+354
j  org.java.plugin.boot.Boot.main([Ljava/lang/String;)V+162
v  ~StubRoutines::call_stub
V  [libjvm.so+0x537e3e]  AsyncGetCallTrace+0xd776e
V  [libjvm.so+0x536ad8]  AsyncGetCallTrace+0xd6408
V  [libjvm.so+0x5452a7]  JNI_CreateJavaVM+0x12e7
V  [libjvm.so+0x55a4eb]  JNI_CreateJavaVM+0x1652b
C  [java+0x374d]  JavaMain+0xd0d

Java frames: (J=compiled Java code, j=interpreted, Vv=VM code)
j  java.util.zip.ZipFile.getEntry(JLjava/lang/String;Z)J+0
j  java.util.zip.ZipFile.getEntry(Ljava/lang/String;)Ljava/util/zip/ZipEntry;+31
j  java.util.jar.JarFile.getEntry(Ljava/lang/String;)Ljava/util/zip/ZipEntry;+2
j  sun.net.www.protocol.jar.URLJarFile.getEntry(Ljava/lang/String;)Ljava/util/zip/ZipEntry;+2
j  sun.net.www.protocol.jar.JarURLConnection.connect()V+62
j  sun.net.www.protocol.jar.JarURLConnection.getInputStream()Ljava/io/InputStream;+1
j  sun.misc.URLClassPath$Loader.getResource(Ljava/lang/String;Z)Lsun/misc/Resource;+48
j  sun.misc.URLClassPath.getResource(Ljava/lang/String;Z)Lsun/misc/Resource;+53
j  java.net.URLClassLoader$1.run()Ljava/lang/Object;+26
v  ~StubRoutines::call_stub
j  java.security.AccessController.doPrivileged(Ljava/security/PrivilegedExceptionAction;Ljava/security/AccessControlContext;)Ljava/lang/Object;+0
j  java.net.URLClassLoader.findClass(Ljava/lang/String;)Ljava/lang/Class;+13
j  org.java.plugin.standard.StandardPluginClassLoader.loadLocalClass(Ljava/lang/String;ZLorg/java/plugin/standard/StandardPluginClassLoader;)Ljava/lang/Class;+97
j  org.java.plugin.standard.StandardPluginClassLoader.loadClass(Ljava/lang/String;Z)Ljava/lang/Class;+62
j  java.lang.ClassLoader.loadClass(Ljava/lang/String;)Ljava/lang/Class;+3
j  org.svvrl.goal.core.CorePlugin.getConsoleHandler()Lorg/svvrl/goal/core/ConsoleHandler;+73
j  org.svvrl.goal.core.CorePlugin.startApplication()V+23
j  org.java.plugin.boot.Boot.boot(Lorg/java/plugin/util/ExtendedProperties;ZLjava/lang/String;Lorg/java/plugin/boot/BootErrorHandler;[Ljava/lang/String;)Lorg/java/plugin/boot/Application;+354
j  org.java.plugin.boot.Boot.main([Ljava/lang/String;)V+162
v  ~StubRoutines::call_stub

---------------  P R O C E S S  ---------------

Java Threads: ( => current thread )
  0x00002b0c14edb000 JavaThread "Java2D Disposer" daemon [_thread_blocked, id=20693, stack(0x00002b0c56b2b000,0x00002b0c56c2c000)]
  0x00002b0c14101800 JavaThread "Low Memory Detector" daemon [_thread_blocked, id=20688, stack(0x00002b0c56194000,0x00002b0c56295000)]
  0x00002b0c140ff000 JavaThread "C2 CompilerThread1" daemon [_thread_blocked, id=20687, stack(0x00002b0c56093000,0x00002b0c56194000)]
  0x00002b0c140fc800 JavaThread "C2 CompilerThread0" daemon [_thread_blocked, id=20686, stack(0x00002b0c55f92000,0x00002b0c56093000)]
  0x00002b0c140fa000 JavaThread "Signal Dispatcher" daemon [_thread_blocked, id=20685, stack(0x00002b0c55e91000,0x00002b0c55f92000)]
  0x00002b0c140ab800 JavaThread "Finalizer" daemon [_thread_blocked, id=20684, stack(0x00002b0c40f93000,0x00002b0c41094000)]
  0x00002b0c140a9800 JavaThread "Reference Handler" daemon [_thread_blocked, id=20683, stack(0x00002b0c40e92000,0x00002b0c40f93000)]
=>0x00002b0c14008000 JavaThread "main" [_thread_in_native, id=20673, stack(0x00002b0c12bfc000,0x00002b0c12cfd000)]

Other Threads:
  0x00002b0c1409a800 VMThread [stack: 0x00002b0c40d91000,0x00002b0c40e92000] [id=20682]
  0x00002b0c1410c800 WatcherThread [stack: 0x00002b0c56295000,0x00002b0c56396000] [id=20689]

VM state:not at safepoint (normal execution)

VM Mutex/Monitor currently owned by a thread: None

Heap
 PSYoungGen      total 305856K, used 99742K [0x00000000eaab0000, 0x0000000100000000, 0x0000000100000000)
  eden space 262208K, 38% used [0x00000000eaab0000,0x00000000f0c17980,0x00000000faac0000)
  from space 43648K, 0% used [0x00000000fd560000,0x00000000fd560000,0x0000000100000000)
  to   space 43648K, 0% used [0x00000000faac0000,0x00000000faac0000,0x00000000fd560000)
 ParOldGen       total 699072K, used 0K [0x00000000c0000000, 0x00000000eaab0000, 0x00000000eaab0000)
  object space 699072K, 0% used [0x00000000c0000000,0x00000000c0000000,0x00000000eaab0000)
 PSPermGen       total 21248K, used 10956K [0x00000000b5a00000, 0x00000000b6ec0000, 0x00000000c0000000)
  object space 21248K, 51% used [0x00000000b5a00000,0x00000000b64b3330,0x00000000b6ec0000)

Card table byte_map: [0x00002b0c1b0c0000,0x00002b0c1b314000] byte_map_base: 0x00002b0c1ab13000

Polling page: 0x00002b0c1313d000

Code Cache  [0x00002b0c18000000, 0x00002b0c18270000, 0x00002b0c1b000000)
 total_blobs=453 nmethods=173 adapters=233 free_code_cache=48222Kb largest_free_block=49356864

Compilation events (10 events):
Event: 22.070 Thread 0x00002b0c140ff000  166   !         sun.nio.cs.US_ASCII$Decoder::decodeArrayLoop (241 bytes)
Event: 22.079 Thread 0x00002b0c140fc800  167             java.lang.String::indexOf (7 bytes)
Event: 22.080 Thread 0x00002b0c140fc800 nmethod 167 0x00002b0c180e69d0 code [0x00002b0c180e6b20, 0x00002b0c180e6b88]
Event: 22.087 Thread 0x00002b0c140ff000 nmethod 166 0x00002b0c180ecd50 code [0x00002b0c180ecf00, 0x00002b0c180ed748]
Event: 25.393 Thread 0x00002b0c140fc800  168             java.lang.System::getSecurityManager (4 bytes)
Event: 25.393 Thread 0x00002b0c140fc800 nmethod 168 0x00002b0c180e67d0 code [0x00002b0c180e6900, 0x00002b0c180e6958]
Event: 25.584 Thread 0x00002b0c140ff000  169             java.lang.Character::toLowerCase (9 bytes)
Event: 25.584 Thread 0x00002b0c140fc800  170             java.lang.CharacterDataLatin1::toLowerCase (39 bytes)
Event: 25.585 Thread 0x00002b0c140fc800 nmethod 170 0x00002b0c180e6550 code [0x00002b0c180e6680, 0x00002b0c180e6738]
Event: 25.586 Thread 0x00002b0c140ff000 nmethod 169 0x00002b0c180e6090 code [0x00002b0c180e61e0, 0x00002b0c180e6338]

GC Heap History (0 events):
No events

Deoptimization events (10 events):
Event: 16.133 Thread 0x00002b0c14008000 Uncommon trap -34 fr.pc 0x00002b0c180b47dc
Event: 16.133 Thread 0x00002b0c14008000 Uncommon trap -34 fr.pc 0x00002b0c180b47dc
Event: 16.528 Thread 0x00002b0c14008000 Uncommon trap -34 fr.pc 0x00002b0c180b0dd8
Event: 20.617 Thread 0x00002b0c14008000 Uncommon trap -34 fr.pc 0x00002b0c180b0dd8
Event: 20.617 Thread 0x00002b0c14008000 Uncommon trap -34 fr.pc 0x00002b0c180b0dd8
Event: 20.617 Thread 0x00002b0c14008000 Uncommon trap -34 fr.pc 0x00002b0c180b0dd8
Event: 25.587 Thread 0x00002b0c14008000 Uncommon trap -58 fr.pc 0x00002b0c180d30e4
Event: 25.592 Thread 0x00002b0c14008000 Uncommon trap -58 fr.pc 0x00002b0c180d30e4
Event: 25.598 Thread 0x00002b0c14008000 Uncommon trap -58 fr.pc 0x00002b0c180d30e4
Event: 25.614 Thread 0x00002b0c14008000 Uncommon trap -58 fr.pc 0x00002b0c180d30e4

Internal exceptions (10 events):
Event: 25.563 Thread 0x00002b0c14008000 Threw 0x00000000f08aecc8 at /builddir/build/BUILD/icedtea6-1.13.4/openjdk/hotspot/src/share/vm/prims/jvm.cpp:1235
Event: 25.565 Thread 0x00002b0c14008000 Threw 0x00000000f08c93a0 at /builddir/build/BUILD/icedtea6-1.13.4/openjdk/hotspot/src/share/vm/classfile/systemDictionary.cpp:179
Event: 25.565 Thread 0x00002b0c14008000 Threw 0x00000000f08c9728 at /builddir/build/BUILD/icedtea6-1.13.4/openjdk/hotspot/src/share/vm/prims/jvm.cpp:1235
Event: 25.565 Thread 0x00002b0c14008000 Threw 0x00000000f08c9b60 at /builddir/build/BUILD/icedtea6-1.13.4/openjdk/hotspot/src/share/vm/prims/jvm.cpp:1235
Event: 25.566 Thread 0x00002b0c14008000 Threw 0x00000000f08d9088 at /builddir/build/BUILD/icedtea6-1.13.4/openjdk/hotspot/src/share/vm/classfile/systemDictionary.cpp:179
Event: 25.566 Thread 0x00002b0c14008000 Threw 0x00000000f08d9408 at /builddir/build/BUILD/icedtea6-1.13.4/openjdk/hotspot/src/share/vm/prims/jvm.cpp:1235
Event: 25.566 Thread 0x00002b0c14008000 Threw 0x00000000f08d9838 at /builddir/build/BUILD/icedtea6-1.13.4/openjdk/hotspot/src/share/vm/prims/jvm.cpp:1235
Event: 25.567 Thread 0x00002b0c14008000 Threw 0x00000000f08e7218 at /builddir/build/BUILD/icedtea6-1.13.4/openjdk/hotspot/src/share/vm/classfile/systemDictionary.cpp:179
Event: 25.567 Thread 0x00002b0c14008000 Threw 0x00000000f08e7778 at /builddir/build/BUILD/icedtea6-1.13.4/openjdk/hotspot/src/share/vm/prims/jvm.cpp:1235
Event: 25.567 Thread 0x00002b0c14008000 Threw 0x00000000f08e7d88 at /builddir/build/BUILD/icedtea6-1.13.4/openjdk/hotspot/src/share/vm/prims/jvm.cpp:1235

Events (10 events):
Event: 25.598 Thread 0x00002b0c14008000 DEOPT PACKING pc=0x00002b0c180d30e4 sp=0x00002b0c12cfb4d0
Event: 25.598 Thread 0x00002b0c14008000 DEOPT UNPACKING pc=0x00002b0c18039145 sp=0x00002b0c12cfb480 mode 2
Event: 25.612 loading class 0x00002b0c145c3980
Event: 25.612 loading class 0x00002b0c145c3980 done
Event: 25.612 loading class 0x00002b0c145c3b50
Event: 25.612 loading class 0x00002b0c145c3bd0
Event: 25.612 loading class 0x00002b0c145c3bd0 done
Event: 25.612 loading class 0x00002b0c145c3b50 done
Event: 25.614 Thread 0x00002b0c14008000 DEOPT PACKING pc=0x00002b0c180d30e4 sp=0x00002b0c12cfb500
Event: 25.614 Thread 0x00002b0c14008000 DEOPT UNPACKING pc=0x00002b0c18039145 sp=0x00002b0c12cfb4b0 mode 2


Dynamic libraries:
00400000-00409000 r-xp 00000000 fd:01 5993                               /usr/lib/jvm/java-1.6.0-openjdk-1.6.0.0.x86_64/jre/bin/java
00608000-0060a000 rw-p 00008000 fd:01 5993                               /usr/lib/jvm/java-1.6.0-openjdk-1.6.0.0.x86_64/jre/bin/java
01fcd000-01fee000 rw-p 00000000 00:00 0                                  [heap]
b5a00000-b6ec0000 rw-p 00000000 00:00 0 
b6ec0000-c0000000 rw-p 00000000 00:00 0 
c0000000-100000000 rw-p 00000000 00:00 0 
364f800000-364f820000 r-xp 00000000 fd:01 130582                         /lib64/ld-2.12.so
364fa1f000-364fa20000 r--p 0001f000 fd:01 130582                         /lib64/ld-2.12.so
364fa20000-364fa21000 rw-p 00020000 fd:01 130582                         /lib64/ld-2.12.so
364fa21000-364fa22000 rw-p 00000000 00:00 0 
364fc00000-364fd8a000 r-xp 00000000 fd:01 130613                         /lib64/libc-2.12.so
364fd8a000-364ff8a000 ---p 0018a000 fd:01 130613                         /lib64/libc-2.12.so
364ff8a000-364ff8e000 r--p 0018a000 fd:01 130613                         /lib64/libc-2.12.so
364ff8e000-364ff8f000 rw-p 0018e000 fd:01 130613                         /lib64/libc-2.12.so
364ff8f000-364ff94000 rw-p 00000000 00:00 0 
3650000000-3650004000 r-xp 00000000 fd:01 13573                          /usr/lib/jvm/java-1.6.0-openjdk-1.6.0.0.x86_64/jre/lib/amd64/jli/libjli.so
3650004000-3650203000 ---p 00004000 fd:01 13573                          /usr/lib/jvm/java-1.6.0-openjdk-1.6.0.0.x86_64/jre/lib/amd64/jli/libjli.so
3650203000-3650204000 rw-p 00003000 fd:01 13573                          /usr/lib/jvm/java-1.6.0-openjdk-1.6.0.0.x86_64/jre/lib/amd64/jli/libjli.so
3650400000-3650417000 r-xp 00000000 fd:01 130636                         /lib64/libpthread-2.12.so
3650417000-3650617000 ---p 00017000 fd:01 130636                         /lib64/libpthread-2.12.so
3650617000-3650618000 r--p 00017000 fd:01 130636                         /lib64/libpthread-2.12.so
3650618000-3650619000 rw-p 00018000 fd:01 130636                         /lib64/libpthread-2.12.so
3650619000-365061d000 rw-p 00000000 00:00 0 
3650800000-3650802000 r-xp 00000000 fd:01 130624                         /lib64/libdl-2.12.so
3650802000-3650a02000 ---p 00002000 fd:01 130624                         /lib64/libdl-2.12.so
3650a02000-3650a03000 r--p 00002000 fd:01 130624                         /lib64/libdl-2.12.so
3650a03000-3650a04000 rw-p 00003000 fd:01 130624                         /lib64/libdl-2.12.so
3650c00000-3650c15000 r-xp 00000000 fd:01 130638                         /lib64/libz.so.1.2.3
3650c15000-3650e14000 ---p 00015000 fd:01 130638                         /lib64/libz.so.1.2.3
3650e14000-3650e15000 r--p 00014000 fd:01 130638                         /lib64/libz.so.1.2.3
3650e15000-3650e16000 rw-p 00015000 fd:01 130638                         /lib64/libz.so.1.2.3
3651000000-3651007000 r-xp 00000000 fd:01 132701                         /lib64/librt-2.12.so
3651007000-3651206000 ---p 00007000 fd:01 132701                         /lib64/librt-2.12.so
3651206000-3651207000 r--p 00006000 fd:01 132701                         /lib64/librt-2.12.so
3651207000-3651208000 rw-p 00007000 fd:01 132701                         /lib64/librt-2.12.so
3651800000-3651816000 r-xp 00000000 fd:01 133662                         /lib64/libgcc_s-4.4.7-20120601.so.1
3651816000-3651a15000 ---p 00016000 fd:01 133662                         /lib64/libgcc_s-4.4.7-20120601.so.1
3651a15000-3651a16000 rw-p 00015000 fd:01 133662                         /lib64/libgcc_s-4.4.7-20120601.so.1
3653000000-36530e8000 r-xp 00000000 fd:01 49938                          /usr/lib64/libstdc++.so.6.0.13
36530e8000-36532e8000 ---p 000e8000 fd:01 49938                          /usr/lib64/libstdc++.so.6.0.13
36532e8000-36532ef000 r--p 000e8000 fd:01 49938                          /usr/lib64/libstdc++.so.6.0.13
36532ef000-36532f1000 rw-p 000ef000 fd:01 49938                          /usr/lib64/libstdc++.so.6.0.13
36532f1000-3653306000 rw-p 00000000 00:00 0 
3659000000-3659098000 r-xp 00000000 fd:01 4478                           /usr/lib64/libfreetype.so.6.3.22
3659098000-3659297000 ---p 00098000 fd:01 4478                           /usr/lib64/libfreetype.so.6.3.22
3659297000-365929d000 rw-p 00097000 fd:01 4478                           /usr/lib64/libfreetype.so.6.3.22
365c200000-365c216000 r-xp 00000000 fd:01 137559                         /lib64/libnsl-2.12.so
365c216000-365c415000 ---p 00016000 fd:01 137559                         /lib64/libnsl-2.12.so
365c415000-365c416000 r--p 00015000 fd:01 137559                         /lib64/libnsl-2.12.so
365c416000-365c417000 rw-p 00016000 fd:01 137559                         /lib64/libnsl-2.12.so
365c417000-365c419000 rw-p 00000000 00:00 0 
2b0c11c72000-2b0c11c73000 rw-p 00000000 00:00 0 
2b0c11c89000-2b0c11c8d000 rw-p 00000000 00:00 0 
2b0c11c8d000-2b0c12698000 r-xp 00000000 fd:01 23213                      /usr/lib/jvm/java-1.6.0-openjdk-1.6.0.0.x86_64/jre/lib/amd64/server/libjvm.so
2b0c12698000-2b0c12898000 ---p 00a0b000 fd:01 23213                      /usr/lib/jvm/java-1.6.0-openjdk-1.6.0.0.x86_64/jre/lib/amd64/server/libjvm.so
2b0c12898000-2b0c12939000 rw-p 00a0b000 fd:01 23213                      /usr/lib/jvm/java-1.6.0-openjdk-1.6.0.0.x86_64/jre/lib/amd64/server/libjvm.so
2b0c12939000-2b0c12962000 rw-p 00000000 00:00 0 
2b0c12978000-2b0c129fb000 r-xp 00000000 fd:01 130627                     /lib64/libm-2.12.so
2b0c129fb000-2b0c12bfa000 ---p 00083000 fd:01 130627                     /lib64/libm-2.12.so
2b0c12bfa000-2b0c12bfb000 r--p 00082000 fd:01 130627                     /lib64/libm-2.12.so
2b0c12bfb000-2b0c12bfc000 rw-p 00083000 fd:01 130627                     /lib64/libm-2.12.so
2b0c12bfc000-2b0c12bff000 ---p 00000000 00:00 0 
2b0c12bff000-2b0c12cfd000 rw-p 00000000 00:00 0 
2b0c12cfd000-2b0c12d0b000 r-xp 00000000 fd:01 23207                      /usr/lib/jvm/java-1.6.0-openjdk-1.6.0.0.x86_64/jre/lib/amd64/libverify.so
2b0c12d0b000-2b0c12f0b000 ---p 0000e000 fd:01 23207                      /usr/lib/jvm/java-1.6.0-openjdk-1.6.0.0.x86_64/jre/lib/amd64/libverify.so
2b0c12f0b000-2b0c12f0d000 rw-p 0000e000 fd:01 23207                      /usr/lib/jvm/java-1.6.0-openjdk-1.6.0.0.x86_64/jre/lib/amd64/libverify.so
2b0c12f0d000-2b0c12f3a000 r-xp 00000000 fd:01 23159                      /usr/lib/jvm/java-1.6.0-openjdk-1.6.0.0.x86_64/jre/lib/amd64/libjava.so
2b0c12f3a000-2b0c13139000 ---p 0002d000 fd:01 23159                      /usr/lib/jvm/java-1.6.0-openjdk-1.6.0.0.x86_64/jre/lib/amd64/libjava.so
2b0c13139000-2b0c1313d000 rw-p 0002c000 fd:01 23159                      /usr/lib/jvm/java-1.6.0-openjdk-1.6.0.0.x86_64/jre/lib/amd64/libjava.so
2b0c1313d000-2b0c1313e000 r--p 00000000 00:00 0 
2b0c1313e000-2b0c1313f000 rw-p 00000000 00:00 0 
2b0c1313f000-2b0c13174000 r--s 00000000 fd:02 128540                     /var/db/nscd/passwd
2b0c13174000-2b0c1317c000 rw-s 00000000 fd:03 38                         /tmp/hsperfdata_dw07r324/20672
2b0c1317c000-2b0c13183000 r-xp 00000000 fd:01 23208                      /usr/lib/jvm/java-1.6.0-openjdk-1.6.0.0.x86_64/jre/lib/amd64/libzip.so
2b0c13183000-2b0c13383000 ---p 00007000 fd:01 23208                      /usr/lib/jvm/java-1.6.0-openjdk-1.6.0.0.x86_64/jre/lib/amd64/libzip.so
2b0c13383000-2b0c13384000 rw-p 00007000 fd:01 23208                      /usr/lib/jvm/java-1.6.0-openjdk-1.6.0.0.x86_64/jre/lib/amd64/libzip.so
2b0c14000000-2b0c152a2000 rw-p 00000000 00:00 0 
2b0c152a2000-2b0c18000000 ---p 00000000 00:00 0 
2b0c18000000-2b0c18270000 rwxp 00000000 00:00 0 
2b0c18270000-2b0c1b000000 rw-p 00000000 00:00 0 
2b0c1b000000-2b0c1b00a000 rw-p 00000000 00:00 0 
2b0c1b00a000-2b0c1b0c0000 rw-p 00000000 00:00 0 
2b0c1b0c0000-2b0c1b0cb000 rw-p 00000000 00:00 0 
2b0c1b0cb000-2b0c1b113000 rw-p 00000000 00:00 0 
2b0c1b113000-2b0c1b475000 rw-p 00000000 00:00 0 
2b0c1b475000-2b0c1b4bd000 rw-p 00000000 00:00 0 
2b0c1b4bd000-2b0c1b4be000 ---p 00000000 00:00 0 
2b0c1b4be000-2b0c1b5be000 rw-p 00000000 00:00 0 
2b0c1b5be000-2b0c1b5bf000 ---p 00000000 00:00 0 
2b0c1b5bf000-2b0c1b6bf000 rw-p 00000000 00:00 0 
2b0c1b6bf000-2b0c1b6c0000 ---p 00000000 00:00 0 
2b0c1b6c0000-2b0c1b7c0000 rw-p 00000000 00:00 0 
2b0c1b7c0000-2b0c1b7c1000 ---p 00000000 00:00 0 
2b0c1b7c1000-2b0c1b8c1000 rw-p 00000000 00:00 0 
2b0c1b8c1000-2b0c1b8c2000 ---p 00000000 00:00 0 
2b0c1b8c2000-2b0c1b9c2000 rw-p 00000000 00:00 0 
2b0c1b9c2000-2b0c1b9c3000 ---p 00000000 00:00 0 
2b0c1b9c3000-2b0c1bac3000 rw-p 00000000 00:00 0 
2b0c1bac3000-2b0c1bac4000 ---p 00000000 00:00 0 
2b0c1bac4000-2b0c1bbc4000 rw-p 00000000 00:00 0 
2b0c1bbc4000-2b0c1bbc5000 ---p 00000000 00:00 0 
2b0c1bbc5000-2b0c1bcc5000 rw-p 00000000 00:00 0 
2b0c1c000000-2b0c1c021000 rw-p 00000000 00:00 0 
2b0c1c021000-2b0c20000000 ---p 00000000 00:00 0 
2b0c20000000-2b0c20021000 rw-p 00000000 00:00 0 
2b0c20021000-2b0c24000000 ---p 00000000 00:00 0 
2b0c24000000-2b0c24021000 rw-p 00000000 00:00 0 
2b0c24021000-2b0c28000000 ---p 00000000 00:00 0 
2b0c28000000-2b0c28021000 rw-p 00000000 00:00 0 
2b0c28021000-2b0c2c000000 ---p 00000000 00:00 0 
2b0c2c000000-2b0c2eea4000 rw-p 00000000 00:00 0 
2b0c2eea4000-2b0c2f03a000 r--s 01a15000 fd:01 23288                      /usr/lib/jvm/java-1.6.0-openjdk-1.6.0.0.x86_64/jre/lib/rt.jar
2b0c2f03a000-2b0c2ff20000 rw-p 00000000 00:00 0 
2b0c30000000-2b0c30021000 rw-p 00000000 00:00 0 
2b0c30021000-2b0c34000000 ---p 00000000 00:00 0 
2b0c34000000-2b0c34021000 rw-p 00000000 00:00 0 
2b0c34021000-2b0c38000000 ---p 00000000 00:00 0 
2b0c38000000-2b0c38021000 rw-p 00000000 00:00 0 
2b0c38021000-2b0c3c000000 ---p 00000000 00:00 0 
2b0c3c000000-2b0c3c021000 rw-p 00000000 00:00 0 
2b0c3c021000-2b0c40000000 ---p 00000000 00:00 0 
2b0c40000000-2b0c40d91000 rw-p 00000000 00:00 0 
2b0c40d91000-2b0c40d92000 ---p 00000000 00:00 0 
2b0c40d92000-2b0c40e92000 rw-p 00000000 00:00 0 
2b0c40e92000-2b0c40e95000 ---p 00000000 00:00 0 
2b0c40e95000-2b0c40f93000 rw-p 00000000 00:00 0 
2b0c40f93000-2b0c40f96000 ---p 00000000 00:00 0 
2b0c40f96000-2b0c41094000 rw-p 00000000 00:00 0 
2b0c44000000-2b0c44021000 rw-p 00000000 00:00 0 
2b0c44021000-2b0c48000000 ---p 00000000 00:00 0 
2b0c48000000-2b0c48021000 rw-p 00000000 00:00 0 
2b0c48021000-2b0c4c000000 ---p 00000000 00:00 0 
2b0c4c000000-2b0c4c021000 rw-p 00000000 00:00 0 
2b0c4c021000-2b0c50000000 ---p 00000000 00:00 0 
2b0c50000000-2b0c55e91000 r--p 00000000 fd:01 49935                      /usr/lib/locale/locale-archive
2b0c55e91000-2b0c55e94000 ---p 00000000 00:00 0 
2b0c55e94000-2b0c55f92000 rw-p 00000000 00:00 0 
2b0c55f92000-2b0c55f95000 ---p 00000000 00:00 0 
2b0c55f95000-2b0c56093000 rw-p 00000000 00:00 0 
2b0c56093000-2b0c56096000 ---p 00000000 00:00 0 
2b0c56096000-2b0c56194000 rw-p 00000000 00:00 0 
2b0c56194000-2b0c56197000 ---p 00000000 00:00 0 
2b0c56197000-2b0c56295000 rw-p 00000000 00:00 0 
2b0c56295000-2b0c56296000 ---p 00000000 00:00 0 
2b0c56296000-2b0c56396000 rw-p 00000000 00:00 0 
2b0c56396000-2b0c56398000 r--s 00009000 00:35 125760574                  /mmfs/automount/gpfs/homefs/sm/dw07r324/bin/GOAL-20140808/lib/jpf-boot.jar
2b0c56398000-2b0c5639b000 r--s 0000f000 fd:01 23233                      /usr/lib/jvm/java-1.6.0-openjdk-1.6.0.0.x86_64/jre/lib/ext/pulse-java.jar
2b0c5639b000-2b0c563a4000 r--s 00065000 fd:01 23228                      /usr/lib/jvm/java-1.6.0-openjdk-1.6.0.0.x86_64/jre/lib/ext/gnome-java-bridge.jar
2b0c563a4000-2b0c563a6000 r--s 00009000 00:35 125760574                  /mmfs/automount/gpfs/homefs/sm/dw07r324/bin/GOAL-20140808/lib/jpf-boot.jar
2b0c563a6000-2b0c563aa000 r--s 0003c000 fd:01 14238                      /usr/lib/jvm/java-1.6.0-openjdk-1.6.0.0.x86_64/jre/lib/jsse.jar
2b0c563aa000-2b0c563af000 r--s 0002d000 00:35 125760577                  /mmfs/automount/gpfs/homefs/sm/dw07r324/bin/GOAL-20140808/lib/jpf.jar
2b0c563af000-2b0c563b1000 r--s 0000d000 00:35 125760571                  /mmfs/automount/gpfs/homefs/sm/dw07r324/bin/GOAL-20140808/lib/commons-logging.jar
2b0c563b1000-2b0c563b3000 r--s 00012000 00:35 125760576                  /mmfs/automount/gpfs/homefs/sm/dw07r324/bin/GOAL-20140808/lib/jpf-tools.jar
2b0c563b3000-2b0c563ba000 r--s 00039000 00:35 125760578                  /mmfs/automount/gpfs/homefs/sm/dw07r324/bin/GOAL-20140808/lib/jxp.jar
2b0c563ba000-2b0c563bc000 r--s 00004000 00:35 125760570                  /mmfs/automount/gpfs/homefs/sm/dw07r324/bin/GOAL-20140808/lib/AppleJavaExtensions.jar
2b0c563bc000-2b0c563c1000 r--s 0002a000 00:35 125760572                  /mmfs/automount/gpfs/homefs/sm/dw07r324/bin/GOAL-20140808/lib/gson-2.2.2.jar
2b0c563c1000-2b0c563c4000 r--s 0001a000 00:35 125760579                  /mmfs/automount/gpfs/homefs/sm/dw07r324/bin/GOAL-20140808/lib/minijdd_104.jar
2b0c563c4000-2b0c563e7000 r--s 0022d000 00:35 105583933                  /mmfs/automount/gpfs/homefs/sm/dw07r324/bin/GOAL-20140808/.jpf-shadow/org.svvrl.goal.core@2014.8.8.zip
2b0c563e7000-2b0c5648a000 r-xp 00000000 fd:01 13434                      /usr/lib/jvm/java-1.6.0-openjdk-1.6.0.0.x86_64/jre/lib/amd64/libawt.so
2b0c5648a000-2b0c5668a000 ---p 000a3000 fd:01 13434                      /usr/lib/jvm/java-1.6.0-openjdk-1.6.0.0.x86_64/jre/lib/amd64/libawt.so
2b0c5668a000-2b0c56696000 rw-p 000a3000 fd:01 13434                      /usr/lib/jvm/java-1.6.0-openjdk-1.6.0.0.x86_64/jre/lib/amd64/libawt.so
2b0c56696000-2b0c566ba000 rw-p 00000000 00:00 0 
2b0c566ba000-2b0c566c0000 r-xp 00000000 fd:01 8525                       /usr/lib/jvm/java-1.6.0-openjdk-1.6.0.0.x86_64/jre/lib/amd64/headless/libmawt.so
2b0c566c0000-2b0c568bf000 ---p 00006000 fd:01 8525                       /usr/lib/jvm/java-1.6.0-openjdk-1.6.0.0.x86_64/jre/lib/amd64/headless/libmawt.so
2b0c568bf000-2b0c568c0000 rw-p 00005000 fd:01 8525                       /usr/lib/jvm/java-1.6.0-openjdk-1.6.0.0.x86_64/jre/lib/amd64/headless/libmawt.so
2b0c568c0000-2b0c568db000 r--s 0029a000 00:35 126502666                  /mmfs/automount/gpfs/homefs/sm/dw07r324/bin/GOAL-20140808/.jpf-shadow/org.svvrl.goal.gui@2014.8.8.zip
2b0c568db000-2b0c56928000 r-xp 00000000 fd:01 13546                      /usr/lib/jvm/java-1.6.0-openjdk-1.6.0.0.x86_64/jre/lib/amd64/libfontmanager.so
2b0c56928000-2b0c56b28000 ---p 0004d000 fd:01 13546                      /usr/lib/jvm/java-1.6.0-openjdk-1.6.0.0.x86_64/jre/lib/amd64/libfontmanager.so
2b0c56b28000-2b0c56b2b000 rw-p 0004d000 fd:01 13546                      /usr/lib/jvm/java-1.6.0-openjdk-1.6.0.0.x86_64/jre/lib/amd64/libfontmanager.so
2b0c56b2b000-2b0c56b2e000 ---p 00000000 00:00 0 
2b0c56b2e000-2b0c56c2c000 rw-p 00000000 00:00 0 
2b0c56c2c000-2b0c56c33000 r--s 00000000 fd:02 1513                       /var/cache/fontconfig/12b26b760a24f8b4feb03ad48a333a72-le64.cache-3
2b0c56c33000-2b0c56c3c000 r--s 00000000 fd:02 1443                       /var/cache/fontconfig/b79f3aaa7d385a141ab53ec885cc22a8-le64.cache-3
2b0c56c3c000-2b0c56c40000 r--s 00000000 fd:02 1132                       /var/cache/fontconfig/87f5e051180a7a75f16eb6fe7dbd3749-le64.cache-3
2b0c56c40000-2b0c56c56000 r-xp 00000000 fd:01 23199                      /usr/lib/jvm/java-1.6.0-openjdk-1.6.0.0.x86_64/jre/lib/amd64/libnet.so
2b0c56c56000-2b0c56e55000 ---p 00016000 fd:01 23199                      /usr/lib/jvm/java-1.6.0-openjdk-1.6.0.0.x86_64/jre/lib/amd64/libnet.so
2b0c56e55000-2b0c56e56000 rw-p 00015000 fd:01 23199                      /usr/lib/jvm/java-1.6.0-openjdk-1.6.0.0.x86_64/jre/lib/amd64/libnet.so
2b0c56e56000-2b0c56e5e000 r-xp 00000000 fd:01 23200                      /usr/lib/jvm/java-1.6.0-openjdk-1.6.0.0.x86_64/jre/lib/amd64/libnio.so
2b0c56e5e000-2b0c5705d000 ---p 00008000 fd:01 23200                      /usr/lib/jvm/java-1.6.0-openjdk-1.6.0.0.x86_64/jre/lib/amd64/libnio.so
2b0c5705d000-2b0c5705e000 rw-p 00007000 fd:01 23200                      /usr/lib/jvm/java-1.6.0-openjdk-1.6.0.0.x86_64/jre/lib/amd64/libnio.so
2b0c5705e000-2b0c57065000 r--s 00000000 fd:02 1513                       /var/cache/fontconfig/12b26b760a24f8b4feb03ad48a333a72-le64.cache-3
2b0c57065000-2b0c5706e000 r--s 00000000 fd:02 1443                       /var/cache/fontconfig/b79f3aaa7d385a141ab53ec885cc22a8-le64.cache-3
2b0c5706e000-2b0c57072000 r--s 00000000 fd:02 1132                       /var/cache/fontconfig/87f5e051180a7a75f16eb6fe7dbd3749-le64.cache-3
2b0c57072000-2b0c57078000 r--s 0004b000 00:35 7927315                    /mmfs/automount/gpfs/homefs/sm/dw07r324/bin/GOAL-20140808/.jpf-shadow/org.svvrl.goal.cmd@2014.8.8.zip
2b0c57078000-2b0c5707a000 rw-p 00000000 00:00 0 
2b0c58000000-2b0c58021000 rw-p 00000000 00:00 0 
2b0c58021000-2b0c5c000000 ---p 00000000 00:00 0 
2b0c5c000000-2b0c5d22a000 rw-p 00000000 00:00 0 
2b0c5d22a000-2b0c60000000 ---p 00000000 00:00 0 
2b0c60000000-2b0c60e29000 rw-p 00000000 00:00 0 
2b0c60e29000-2b0c64000000 ---p 00000000 00:00 0 
2b0c64000000-2b0c64021000 rw-p 00000000 00:00 0 
2b0c64021000-2b0c68000000 ---p 00000000 00:00 0 
2b0c68000000-2b0c68021000 rw-p 00000000 00:00 0 
2b0c68021000-2b0c6c000000 ---p 00000000 00:00 0 
2b0c6c000000-2b0c6c021000 rw-p 00000000 00:00 0 
2b0c6c021000-2b0c70000000 ---p 00000000 00:00 0 
7fffaf186000-7fffaf1bd000 rw-p 00000000 00:00 0                          [stack]
7fffaf1ff000-7fffaf200000 r-xp 00000000 00:00 0                          [vdso]
ffffffffff600000-ffffffffff601000 r-xp 00000000 00:00 0                  [vsyscall]

VM Arguments:
jvm_args: -Xmx1G -Xms1G -DapplicationRoot=/home/ubelix/sm/dw07r324/bin/GOAL-20140808 -Dorg.java.plugin.boot.pluginsRepositories=/home/ubelix/sm/dw07r324/bin/GOAL-20140808/plugins -Djpf.boot.config=/home/ubelix/sm/dw07r324/bin/GOAL-20140808/boot.properties -Dorg.apache.commons.logging.Log=org.apache.commons.logging.impl.SimpleLog -Dorg.apache.commons.logging.simplelog.log.org.java.plugin=fatal 
java_command: /home/ubelix/sm/dw07r324/bin/GOAL-20140808/lib/jpf-boot.jar complement -m piterman -eq -macc -sp -ro -r /scratch/local/8663605.1.all.q/test_set_s15/s15_t2.0_a0.7_089.gff
Launcher Type: SUN_STANDARD

Environment Variables:
CLASSPATH=/home/ubelix/sm/dw07r324/bin/GOAL-20140808:/home/ubelix/sm/dw07r324/bin/GOAL-20140808/plugins:/home/ubelix/sm/dw07r324/bin/GOAL-20140808/lib:
PATH=/scratch/local/8663605.1.all.q:/usr/lib64/qt-3.3/bin:/usr/local/bin:/bin:/usr/bin:/usr/local/sbin:/usr/sbin:/sbin:/usr/lpp/mmfs/bin:/home/ubelix/sm/dw07r324/bin/GOAL-20140808:/home/ubelix/sm/dw07r324/bin/gnu_time/bin:/usr/lpp/mmfs/bin
LD_LIBRARY_PATH=/usr/lib/jvm/java-1.6.0-openjdk-1.6.0.0.x86_64/jre/lib/amd64/server:/usr/lib/jvm/java-1.6.0-openjdk-1.6.0.0.x86_64/jre/lib/amd64:/usr/lib/jvm/java-1.6.0-openjdk-1.6.0.0.x86_64/jre/../lib/amd64
SHELL=/bin/bash

Signal Handlers:
SIGSEGV: [libjvm.so+0x870a40], sa_mask[0]=0x7ffbfeff, sa_flags=0x10000004
SIGBUS: [libjvm.so+0x870a40], sa_mask[0]=0x7ffbfeff, sa_flags=0x10000004
SIGFPE: [libjvm.so+0x719240], sa_mask[0]=0x7ffbfeff, sa_flags=0x10000004
SIGPIPE: [libjvm.so+0x719240], sa_mask[0]=0x7ffbfeff, sa_flags=0x10000004
SIGXFSZ: [libjvm.so+0x719240], sa_mask[0]=0x7ffbfeff, sa_flags=0x10000004
SIGILL: [libjvm.so+0x719240], sa_mask[0]=0x7ffbfeff, sa_flags=0x10000004
SIGUSR1: SIG_DFL, sa_mask[0]=0x00000000, sa_flags=0x00000000
SIGUSR2: [libjvm.so+0x718d60], sa_mask[0]=0x00000000, sa_flags=0x10000004
SIGHUP: [libjvm.so+0x71bdf0], sa_mask[0]=0x7ffbfeff, sa_flags=0x10000004
SIGINT: [libjvm.so+0x71bdf0], sa_mask[0]=0x7ffbfeff, sa_flags=0x10000004
SIGTERM: [libjvm.so+0x71bdf0], sa_mask[0]=0x7ffbfeff, sa_flags=0x10000004
SIGQUIT: [libjvm.so+0x71bdf0], sa_mask[0]=0x7ffbfeff, sa_flags=0x10000004


---------------  S Y S T E M  ---------------

OS:Red Hat Enterprise Linux ComputeNode release 6.5 (Santiago)

uname:Linux 2.6.32-431.29.2.el6.x86_64 #1 SMP Sun Jul 27 15:55:46 EDT 2014 x86_64
libc:glibc 2.12 NPTL 2.12 
rlimit: STACK infinity, CORE infinity, NPROC 127431, NOFILE 4096, AS 8388608k
load average:3.17 3.75 3.89

/proc/meminfo:
MemTotal:       16331612 kB
MemFree:         5053372 kB
Buffers:           12820 kB
Cached:          6037892 kB
SwapCached:           88 kB
Active:          2892996 kB
Inactive:        3706364 kB
Active(anon):     485300 kB
Inactive(anon):    63548 kB
Active(file):    2407696 kB
Inactive(file):  3642816 kB
Unevictable:     4082900 kB
Mlocked:         4082900 kB
SwapTotal:       8388604 kB
SwapFree:        8388380 kB
Dirty:                80 kB
Writeback:             0 kB
AnonPages:       4631736 kB
Mapped:            99076 kB
Shmem:               192 kB
Slab:             374044 kB
SReclaimable:     306820 kB
SUnreclaim:        67224 kB
KernelStack:        4720 kB
PageTables:        16836 kB
NFS_Unstable:          0 kB
Bounce:                0 kB
WritebackTmp:          0 kB
CommitLimit:    16554408 kB
Committed_AS:    6813820 kB
VmallocTotal:   34359738367 kB
VmallocUsed:      109412 kB
VmallocChunk:   34351234244 kB
HardwareCorrupted:     0 kB
AnonHugePages:         0 kB
HugePages_Total:       0
HugePages_Free:        0
HugePages_Rsvd:        0
HugePages_Surp:        0
Hugepagesize:       2048 kB
DirectMap4k:        9920 kB
DirectMap2M:     2086912 kB
DirectMap1G:    14680064 kB


CPU:total 8 (4 cores per cpu, 1 threads per core) family 16 model 2 stepping 3, cmov, cx8, fxsr, mmx, sse, sse2, sse3, popcnt, mmxext, 3dnowpref, lzcnt, sse4a, tsc, tscinvbit, tscinv

/proc/cpuinfo:
processor	: 0
vendor_id	: AuthenticAMD
cpu family	: 16
model		: 2
model name	: Quad-Core AMD Opteron(tm) Processor 2354
stepping	: 3
cpu MHz		: 2200.000
cache size	: 512 KB
physical id	: 0
siblings	: 4
core id		: 0
cpu cores	: 4
apicid		: 0
initial apicid	: 0
fpu		: yes
fpu_exception	: yes
cpuid level	: 5
wp		: yes
flags		: fpu vme de pse tsc msr pae mce cx8 apic sep mtrr pge mca cmov pat pse36 clflush mmx fxsr sse sse2 ht syscall nx mmxext fxsr_opt pdpe1gb rdtscp lm 3dnowext 3dnow constant_tsc rep_good nonstop_tsc extd_apicid pni monitor cx16 popcnt lahf_lm cmp_legacy svm extapic cr8_legacy abm sse4a misalignsse 3dnowprefetch osvw ibs npt lbrv svm_lock
bogomips	: 4422.88
TLB size	: 1024 4K pages
clflush size	: 64
cache_alignment	: 64
address sizes	: 48 bits physical, 48 bits virtual
power management: ts ttp tm stc 100mhzsteps hwpstate

processor	: 1
vendor_id	: AuthenticAMD
cpu family	: 16
model		: 2
model name	: Quad-Core AMD Opteron(tm) Processor 2354
stepping	: 3
cpu MHz		: 2200.000
cache size	: 512 KB
physical id	: 0
siblings	: 4
core id		: 1
cpu cores	: 4
apicid		: 1
initial apicid	: 1
fpu		: yes
fpu_exception	: yes
cpuid level	: 5
wp		: yes
flags		: fpu vme de pse tsc msr pae mce cx8 apic sep mtrr pge mca cmov pat pse36 clflush mmx fxsr sse sse2 ht syscall nx mmxext fxsr_opt pdpe1gb rdtscp lm 3dnowext 3dnow constant_tsc rep_good nonstop_tsc extd_apicid pni monitor cx16 popcnt lahf_lm cmp_legacy svm extapic cr8_legacy abm sse4a misalignsse 3dnowprefetch osvw ibs npt lbrv svm_lock
bogomips	: 4422.88
TLB size	: 1024 4K pages
clflush size	: 64
cache_alignment	: 64
address sizes	: 48 bits physical, 48 bits virtual
power management: ts ttp tm stc 100mhzsteps hwpstate

processor	: 2
vendor_id	: AuthenticAMD
cpu family	: 16
model		: 2
model name	: Quad-Core AMD Opteron(tm) Processor 2354
stepping	: 3
cpu MHz		: 2200.000
cache size	: 512 KB
physical id	: 0
siblings	: 4
core id		: 2
cpu cores	: 4
apicid		: 2
initial apicid	: 2
fpu		: yes
fpu_exception	: yes
cpuid level	: 5
wp		: yes
flags		: fpu vme de pse tsc msr pae mce cx8 apic sep mtrr pge mca cmov pat pse36 clflush mmx fxsr sse sse2 ht syscall nx mmxext fxsr_opt pdpe1gb rdtscp lm 3dnowext 3dnow constant_tsc rep_good nonstop_tsc extd_apicid pni monitor cx16 popcnt lahf_lm cmp_legacy svm extapic cr8_legacy abm sse4a misalignsse 3dnowprefetch osvw ibs npt lbrv svm_lock
bogomips	: 4422.88
TLB size	: 1024 4K pages
clflush size	: 64
cache_alignment	: 64
address sizes	: 48 bits physical, 48 bits virtual
power management: ts ttp tm stc 100mhzsteps hwpstate

processor	: 3
vendor_id	: AuthenticAMD
cpu family	: 16
model		: 2
model name	: Quad-Core AMD Opteron(tm) Processor 2354
stepping	: 3
cpu MHz		: 2200.000
cache size	: 512 KB
physical id	: 0
siblings	: 4
core id		: 3
cpu cores	: 4
apicid		: 3
initial apicid	: 3
fpu		: yes
fpu_exception	: yes
cpuid level	: 5
wp		: yes
flags		: fpu vme de pse tsc msr pae mce cx8 apic sep mtrr pge mca cmov pat pse36 clflush mmx fxsr sse sse2 ht syscall nx mmxext fxsr_opt pdpe1gb rdtscp lm 3dnowext 3dnow constant_tsc rep_good nonstop_tsc extd_apicid pni monitor cx16 popcnt lahf_lm cmp_legacy svm extapic cr8_legacy abm sse4a misalignsse 3dnowprefetch osvw ibs npt lbrv svm_lock
bogomips	: 4422.88
TLB size	: 1024 4K pages
clflush size	: 64
cache_alignment	: 64
address sizes	: 48 bits physical, 48 bits virtual
power management: ts ttp tm stc 100mhzsteps hwpstate

processor	: 4
vendor_id	: AuthenticAMD
cpu family	: 16
model		: 2
model name	: Quad-Core AMD Opteron(tm) Processor 2354
stepping	: 3
cpu MHz		: 2200.000
cache size	: 512 KB
physical id	: 1
siblings	: 4
core id		: 0
cpu cores	: 4
apicid		: 4
initial apicid	: 4
fpu		: yes
fpu_exception	: yes
cpuid level	: 5
wp		: yes
flags		: fpu vme de pse tsc msr pae mce cx8 apic sep mtrr pge mca cmov pat pse36 clflush mmx fxsr sse sse2 ht syscall nx mmxext fxsr_opt pdpe1gb rdtscp lm 3dnowext 3dnow constant_tsc rep_good nonstop_tsc extd_apicid pni monitor cx16 popcnt lahf_lm cmp_legacy svm extapic cr8_legacy abm sse4a misalignsse 3dnowprefetch osvw ibs npt lbrv svm_lock
bogomips	: 4422.23
TLB size	: 1024 4K pages
clflush size	: 64
cache_alignment	: 64
address sizes	: 48 bits physical, 48 bits virtual
power management: ts ttp tm stc 100mhzsteps hwpstate

processor	: 5
vendor_id	: AuthenticAMD
cpu family	: 16
model		: 2
model name	: Quad-Core AMD Opteron(tm) Processor 2354
stepping	: 3
cpu MHz		: 2200.000
cache size	: 512 KB
physical id	: 1
siblings	: 4
core id		: 1
cpu cores	: 4
apicid		: 5
initial apicid	: 5
fpu		: yes
fpu_exception	: yes
cpuid level	: 5
wp		: yes
flags		: fpu vme de pse tsc msr pae mce cx8 apic sep mtrr pge mca cmov pat pse36 clflush mmx fxsr sse sse2 ht syscall nx mmxext fxsr_opt pdpe1gb rdtscp lm 3dnowext 3dnow constant_tsc rep_good nonstop_tsc extd_apicid pni monitor cx16 popcnt lahf_lm cmp_legacy svm extapic cr8_legacy abm sse4a misalignsse 3dnowprefetch osvw ibs npt lbrv svm_lock
bogomips	: 4422.23
TLB size	: 1024 4K pages
clflush size	: 64
cache_alignment	: 64
address sizes	: 48 bits physical, 48 bits virtual
power management: ts ttp tm stc 100mhzsteps hwpstate

processor	: 6
vendor_id	: AuthenticAMD
cpu family	: 16
model		: 2
model name	: Quad-Core AMD Opteron(tm) Processor 2354
stepping	: 3
cpu MHz		: 2200.000
cache size	: 512 KB
physical id	: 1
siblings	: 4
core id		: 2
cpu cores	: 4
apicid		: 6
initial apicid	: 6
fpu		: yes
fpu_exception	: yes
cpuid level	: 5
wp		: yes
flags		: fpu vme de pse tsc msr pae mce cx8 apic sep mtrr pge mca cmov pat pse36 clflush mmx fxsr sse sse2 ht syscall nx mmxext fxsr_opt pdpe1gb rdtscp lm 3dnowext 3dnow constant_tsc rep_good nonstop_tsc extd_apicid pni monitor cx16 popcnt lahf_lm cmp_legacy svm extapic cr8_legacy abm sse4a misalignsse 3dnowprefetch osvw ibs npt lbrv svm_lock
bogomips	: 4422.23
TLB size	: 1024 4K pages
clflush size	: 64
cache_alignment	: 64
address sizes	: 48 bits physical, 48 bits virtual
power management: ts ttp tm stc 100mhzsteps hwpstate

processor	: 7
vendor_id	: AuthenticAMD
cpu family	: 16
model		: 2
model name	: Quad-Core AMD Opteron(tm) Processor 2354
stepping	: 3
cpu MHz		: 2200.000
cache size	: 512 KB
physical id	: 1
siblings	: 4
core id		: 3
cpu cores	: 4
apicid		: 7
initial apicid	: 7
fpu		: yes
fpu_exception	: yes
cpuid level	: 5
wp		: yes
flags		: fpu vme de pse tsc msr pae mce cx8 apic sep mtrr pge mca cmov pat pse36 clflush mmx fxsr sse sse2 ht syscall nx mmxext fxsr_opt pdpe1gb rdtscp lm 3dnowext 3dnow constant_tsc rep_good nonstop_tsc extd_apicid pni monitor cx16 popcnt lahf_lm cmp_legacy svm extapic cr8_legacy abm sse4a misalignsse 3dnowprefetch osvw ibs npt lbrv svm_lock
bogomips	: 4422.23
TLB size	: 1024 4K pages
clflush size	: 64
cache_alignment	: 64
address sizes	: 48 bits physical, 48 bits virtual
power management: ts ttp tm stc 100mhzsteps hwpstate



Memory: 4k page, physical 16331612k(5053372k free), swap 8388604k(8388380k free)

vm_info: OpenJDK 64-Bit Server VM (23.25-b01) for linux-amd64 JRE (1.6.0_32-b32), built on Aug 21 2014 11:15:48 by "mockbuild" with gcc 4.4.7 20120313 (Red Hat 4.4.7-4)

time: Tue Sep 23 09:28:35 2014
elapsed time: 25 seconds

