#
# A fatal error has been detected by the Java Runtime Environment:
#
#  SIGBUS (0x7) at pc=0x00002adc19e04522, pid=22302, tid=47124810565376
#
# JRE version: 6.0_32-b32
# Java VM: OpenJDK 64-Bit Server VM (23.25-b01 mixed mode linux-amd64 compressed oops)
# Problematic frame:
# C  [libzip.so+0x4522]  ZIP_Lock+0x252
#
# Core dump written. Default location: /mmfs/automount/gpfs/homefs/sm/dw07r324/jobs/piterman.eq.macc.sp.ro.r/core or core.22302
#
# If you would like to submit a bug report, please include
# instructions how to reproduce the bug and visit:
#   http://icedtea.classpath.org/bugzilla
# The crash happened outside the Java Virtual Machine in native code.
# See problematic frame for where to report the bug.
#

---------------  T H R E A D  ---------------

Current thread (0x00002adc1c008000):  JavaThread "main" [_thread_in_native, id=22303, stack(0x00002adc19880000,0x00002adc19981000)]

siginfo:si_signo=SIGBUS: si_errno=0, si_code=2 (BUS_ADRERR), si_addr=0x00002adc5f074da7

Registers:
RAX=0x00002adc1d369c10, RBX=0x00002adc5f074d8a, RCX=0x00000000000002c1, RDX=0x00000000000002c0
RSP=0x00002adc1997e250, RBP=0x00002adc1997e290, RSI=0x0000000000000040, RDI=0x00002adc1c000020
R8 =0x00002adc1c000088, R9 =0x0000000000000001, R10=0x0000000000000040, R11=0x00002adc190b0660
R12=0x00002adc1d369c10, R13=0x00002adc1d00e080, R14=0x00002adc1997e300, R15=0x00002adc1d369c10
RIP=0x00002adc19e04522, EFLAGS=0x0000000000010202, CSGSFS=0x0000000000000033, ERR=0x0000000000000004
  TRAPNO=0x000000000000000e

Top of Stack: (sp=0x00002adc1997e250)
0x00002adc1997e250:   00002adc1cffd660 00002adc18ffa05e
0x00002adc1997e260:   0000000000000096 00002adc1cffc9f0
0x00002adc1997e270:   00002adc1d00e080 000000005bd4e9c8
0x00002adc1997e280:   00002adc1997e300 000000000000002e
0x00002adc1997e290:   00002adc1997e2e0 00002adc19e04ae2
0x00002adc1997e2a0:   00002adc1c008000 00002adc1d3096c0
0x00002adc1997e2b0:   00002adc1997e320 00002adc1c0081d8
0x00002adc1997e2c0:   00002adc1997e300 000000000000002e
0x00002adc1997e2d0:   00002adc1997e7d8 00002adc1997e300
0x00002adc1997e2e0:   00002adc1997e740 00002adc19e03ae4
0x00002adc1997e2f0:   0000002e0197e440 00002adc1d00e080
0x00002adc1997e300:   2f73657373616c63 727676732f67726f
0x00002adc1997e310:   632f6c616f672f6c 4564616f4c2f646d
0x00002adc1997e320:   6e6f69736e657478 00007373616c632e
0x00002adc1997e330:   00000000b60e89e0 0000000400000000
0x00002adc1997e340:   00002adc1c008b90 00002adc00000000
0x00002adc1997e350:   00002adc1997e380 00002adc1c008000
0x00002adc1997e360:   00000000b5cc4b00 000000000000001a
0x00002adc1997e370:   00002adc1c008000 00000000b5cc4b00
0x00002adc1997e380:   00002adc1997e3e0 00002adc18e445f2
0x00002adc1997e390:   00002adc1c008000 0000000000000000
0x00002adc1997e3a0:   00002adc1c008000 00002adcb5fcf290
0x00002adc1997e3b0:   00002adc1c008000 00000000000000bd
0x00002adc1997e3c0:   0000000000000000 00002adc1c008000
0x00002adc1997e3d0:   00002adc1997e400 00002adc00000000
0x00002adc1997e3e0:   00000000b5cc8c58 00002a0000000061
0x00002adc1997e3f0:   00000000b5bdfef5 00000000f0ac6d38
0x00002adc1997e400:   00002adc1997e400 00000000b5cc69cb
0x00002adc1997e410:   00002adc1997e460 00002adc1c008b80
0x00002adc1997e420:   0000000000000000 0000000000000001
0x00002adc1997e430:   00002adc1c008000 ffffffffffffffff
0x00002adc1997e440:   00002adc1997e4b0 00002adc18e00a03 

Instructions: (pc=0x00002adc19e04522)
0x00002adc19e04502:   00 00 00 00 00 48 c7 40 30 00 00 00 00 48 c7 40
0x00002adc19e04512:   28 00 00 00 00 8b 5b 04 49 2b 5d 28 49 03 5d 18
0x00002adc19e04522:   44 0f b6 73 1d 0f b6 43 1c 41 c1 e6 08 41 09 c6
0x00002adc19e04532:   0f b6 43 1e 88 45 ce 0f b6 43 1f 88 45 cf 0f b6 

Register to memory mapping:

RAX=0x00002adc1d369c10 is an unknown value
RBX=0x00002adc5f074d8a is an unknown value
RCX=0x00000000000002c1 is an unknown value
RDX=0x00000000000002c0 is an unknown value
RSP=0x00002adc1997e250 is pointing into the stack for thread: 0x00002adc1c008000
RBP=0x00002adc1997e290 is pointing into the stack for thread: 0x00002adc1c008000
RSI=0x0000000000000040 is an unknown value
RDI=0x00002adc1c000020 is an unknown value
R8 =0x00002adc1c000088 is an unknown value
R9 =0x0000000000000001 is an unknown value
R10=0x0000000000000040 is an unknown value
R11=0x00002adc190b0660: <offset 0x79f660> in /usr/lib/jvm/java-1.6.0-openjdk-1.6.0.0.x86_64/jre/lib/amd64/server/libjvm.so at 0x00002adc18911000
R12=0x00002adc1d369c10 is an unknown value
R13=0x00002adc1d00e080 is an unknown value
R14=0x00002adc1997e300 is pointing into the stack for thread: 0x00002adc1c008000
R15=0x00002adc1d369c10 is an unknown value


Stack: [0x00002adc19880000,0x00002adc19981000],  sp=0x00002adc1997e250,  free space=1016k
Native frames: (J=compiled Java code, j=interpreted, Vv=VM code, C=native code)
C  [libzip.so+0x4522]  ZIP_Lock+0x252
C  [libzip.so+0x4ae2]  ZIP_GetEntry+0xc2
C  [libzip.so+0x3ae4]  Java_java_util_zip_ZipFile_getEntry+0xc4
j  java.util.zip.ZipFile.getEntry(JLjava/lang/String;Z)J+0
j  java.util.zip.ZipFile.getEntry(Ljava/lang/String;)Ljava/util/zip/ZipEntry;+31
j  java.util.jar.JarFile.getEntry(Ljava/lang/String;)Ljava/util/zip/ZipEntry;+2
j  sun.net.www.protocol.jar.URLJarFile.getEntry(Ljava/lang/String;)Ljava/util/zip/ZipEntry;+2
j  sun.net.www.protocol.jar.JarURLConnection.connect()V+62
j  sun.net.www.protocol.jar.JarURLConnection.getInputStream()Ljava/io/InputStream;+1
j  sun.misc.URLClassPath$Loader.getResource(Ljava/lang/String;Z)Lsun/misc/Resource;+48
j  sun.misc.URLClassPath.getResource(Ljava/lang/String;Z)Lsun/misc/Resource;+53
j  java.net.URLClassLoader$1.run()Ljava/lang/Object;+26
v  ~StubRoutines::call_stub
V  [libjvm.so+0x537e3e]  AsyncGetCallTrace+0xd776e
V  [libjvm.so+0x536ad8]  AsyncGetCallTrace+0xd6408
V  [libjvm.so+0x597140]  JVM_DoPrivileged+0x400
j  java.security.AccessController.doPrivileged(Ljava/security/PrivilegedExceptionAction;Ljava/security/AccessControlContext;)Ljava/lang/Object;+0
j  java.net.URLClassLoader.findClass(Ljava/lang/String;)Ljava/lang/Class;+13
j  org.java.plugin.standard.StandardPluginClassLoader.loadLocalClass(Ljava/lang/String;ZLorg/java/plugin/standard/StandardPluginClassLoader;)Ljava/lang/Class;+97
j  org.java.plugin.standard.StandardPluginClassLoader.loadClass(Ljava/lang/String;Z)Ljava/lang/Class;+62
j  java.lang.ClassLoader.loadClass(Ljava/lang/String;)Ljava/lang/Class;+3
j  org.svvrl.goal.cmd.CmdPlugin.loadCommandExtensions(Lorg/java/plugin/PluginManager;Lorg/svvrl/goal/cmd/CmdPlugin;)V+80
j  org.svvrl.goal.cmd.CmdPlugin.loadExtensions()V+49
j  org.svvrl.goal.cmd.CommandRepository.initialize()V+0
j  org.svvrl.goal.cmd.CommandRepository.getCommand(Ljava/lang/String;Ljava/util/List;)Lorg/svvrl/goal/cmd/CommandExpression;+0
j  org.svvrl.goal.cmd.parser.CMDParser.cmd_expr()Lorg/svvrl/goal/cmd/Expression;+22
j  org.svvrl.goal.cmd.parser.CMDParser.instr()Lorg/svvrl/goal/cmd/Statement;+1140
j  org.svvrl.goal.cmd.CmdHandler.start([Ljava/lang/String;)V+150
j  org.svvrl.goal.core.CorePlugin.startApplication()V+30
j  org.java.plugin.boot.Boot.boot(Lorg/java/plugin/util/ExtendedProperties;ZLjava/lang/String;Lorg/java/plugin/boot/BootErrorHandler;[Ljava/lang/String;)Lorg/java/plugin/boot/Application;+354
j  org.java.plugin.boot.Boot.main([Ljava/lang/String;)V+162
v  ~StubRoutines::call_stub
V  [libjvm.so+0x537e3e]  AsyncGetCallTrace+0xd776e
V  [libjvm.so+0x536ad8]  AsyncGetCallTrace+0xd6408
V  [libjvm.so+0x5452a7]  JNI_CreateJavaVM+0x12e7
V  [libjvm.so+0x55a4eb]  JNI_CreateJavaVM+0x1652b
C  [java+0x374d]  JavaMain+0xd0d

Java frames: (J=compiled Java code, j=interpreted, Vv=VM code)
j  java.util.zip.ZipFile.getEntry(JLjava/lang/String;Z)J+0
j  java.util.zip.ZipFile.getEntry(Ljava/lang/String;)Ljava/util/zip/ZipEntry;+31
j  java.util.jar.JarFile.getEntry(Ljava/lang/String;)Ljava/util/zip/ZipEntry;+2
j  sun.net.www.protocol.jar.URLJarFile.getEntry(Ljava/lang/String;)Ljava/util/zip/ZipEntry;+2
j  sun.net.www.protocol.jar.JarURLConnection.connect()V+62
j  sun.net.www.protocol.jar.JarURLConnection.getInputStream()Ljava/io/InputStream;+1
j  sun.misc.URLClassPath$Loader.getResource(Ljava/lang/String;Z)Lsun/misc/Resource;+48
j  sun.misc.URLClassPath.getResource(Ljava/lang/String;Z)Lsun/misc/Resource;+53
j  java.net.URLClassLoader$1.run()Ljava/lang/Object;+26
v  ~StubRoutines::call_stub
j  java.security.AccessController.doPrivileged(Ljava/security/PrivilegedExceptionAction;Ljava/security/AccessControlContext;)Ljava/lang/Object;+0
j  java.net.URLClassLoader.findClass(Ljava/lang/String;)Ljava/lang/Class;+13
j  org.java.plugin.standard.StandardPluginClassLoader.loadLocalClass(Ljava/lang/String;ZLorg/java/plugin/standard/StandardPluginClassLoader;)Ljava/lang/Class;+97
j  org.java.plugin.standard.StandardPluginClassLoader.loadClass(Ljava/lang/String;Z)Ljava/lang/Class;+62
j  java.lang.ClassLoader.loadClass(Ljava/lang/String;)Ljava/lang/Class;+3
j  org.svvrl.goal.cmd.CmdPlugin.loadCommandExtensions(Lorg/java/plugin/PluginManager;Lorg/svvrl/goal/cmd/CmdPlugin;)V+80
j  org.svvrl.goal.cmd.CmdPlugin.loadExtensions()V+49
j  org.svvrl.goal.cmd.CommandRepository.initialize()V+0
j  org.svvrl.goal.cmd.CommandRepository.getCommand(Ljava/lang/String;Ljava/util/List;)Lorg/svvrl/goal/cmd/CommandExpression;+0
j  org.svvrl.goal.cmd.parser.CMDParser.cmd_expr()Lorg/svvrl/goal/cmd/Expression;+22
j  org.svvrl.goal.cmd.parser.CMDParser.instr()Lorg/svvrl/goal/cmd/Statement;+1140
j  org.svvrl.goal.cmd.CmdHandler.start([Ljava/lang/String;)V+150
j  org.svvrl.goal.core.CorePlugin.startApplication()V+30
j  org.java.plugin.boot.Boot.boot(Lorg/java/plugin/util/ExtendedProperties;ZLjava/lang/String;Lorg/java/plugin/boot/BootErrorHandler;[Ljava/lang/String;)Lorg/java/plugin/boot/Application;+354
j  org.java.plugin.boot.Boot.main([Ljava/lang/String;)V+162
v  ~StubRoutines::call_stub

---------------  P R O C E S S  ---------------

Java Threads: ( => current thread )
  0x00002adc1cf73000 JavaThread "Java2D Disposer" daemon [_thread_blocked, id=22320, stack(0x00002adc5eb2b000,0x00002adc5ec2c000)]
  0x00002adc1c101800 JavaThread "Low Memory Detector" daemon [_thread_blocked, id=22318, stack(0x00002adc5e194000,0x00002adc5e295000)]
  0x00002adc1c0ff000 JavaThread "C2 CompilerThread1" daemon [_thread_blocked, id=22317, stack(0x00002adc5e093000,0x00002adc5e194000)]
  0x00002adc1c0fc800 JavaThread "C2 CompilerThread0" daemon [_thread_blocked, id=22316, stack(0x00002adc5df92000,0x00002adc5e093000)]
  0x00002adc1c0fa000 JavaThread "Signal Dispatcher" daemon [_thread_blocked, id=22315, stack(0x00002adc5de91000,0x00002adc5df92000)]
  0x00002adc1c0ab800 JavaThread "Finalizer" daemon [_thread_blocked, id=22314, stack(0x00002adc48eb3000,0x00002adc48fb4000)]
  0x00002adc1c0a9800 JavaThread "Reference Handler" daemon [_thread_blocked, id=22313, stack(0x00002adc48db2000,0x00002adc48eb3000)]
=>0x00002adc1c008000 JavaThread "main" [_thread_in_native, id=22303, stack(0x00002adc19880000,0x00002adc19981000)]

Other Threads:
  0x00002adc1c09a800 VMThread [stack: 0x00002adc48cb1000,0x00002adc48db2000] [id=22312]
  0x00002adc1c10c800 WatcherThread [stack: 0x00002adc5e295000,0x00002adc5e396000] [id=22319]

VM state:not at safepoint (normal execution)

VM Mutex/Monitor currently owned by a thread: None

Heap
 PSYoungGen      total 305856K, used 99749K [0x00000000eaab0000, 0x0000000100000000, 0x0000000100000000)
  eden space 262208K, 38% used [0x00000000eaab0000,0x00000000f0c19458,0x00000000faac0000)
  from space 43648K, 0% used [0x00000000fd560000,0x00000000fd560000,0x0000000100000000)
  to   space 43648K, 0% used [0x00000000faac0000,0x00000000faac0000,0x00000000fd560000)
 ParOldGen       total 699072K, used 0K [0x00000000c0000000, 0x00000000eaab0000, 0x00000000eaab0000)
  object space 699072K, 0% used [0x00000000c0000000,0x00000000c0000000,0x00000000eaab0000)
 PSPermGen       total 21248K, used 11118K [0x00000000b5a00000, 0x00000000b6ec0000, 0x00000000c0000000)
  object space 21248K, 52% used [0x00000000b5a00000,0x00000000b64db928,0x00000000b6ec0000)

Card table byte_map: [0x00002adc230c0000,0x00002adc23314000] byte_map_base: 0x00002adc22b13000

Polling page: 0x00002adc19dc1000

Code Cache  [0x00002adc20000000, 0x00002adc20270000, 0x00002adc23000000)
 total_blobs=454 nmethods=174 adapters=233 free_code_cache=48221Kb largest_free_block=49357888

Compilation events (10 events):
Event: 2.792 Thread 0x00002adc1c0ff000 nmethod 167 0x00002adc200e6190 code [0x00002adc200e62e0, 0x00002adc200e6688]
Event: 2.796 Thread 0x00002adc1c0fc800 nmethod 166 0x00002adc200ec950 code [0x00002adc200ecb00, 0x00002adc200ed348]
Event: 2.799 Thread 0x00002adc1c0ff000  168             java.lang.String::indexOf (7 bytes)
Event: 2.799 Thread 0x00002adc1c0ff000 nmethod 168 0x00002adc200e5f50 code [0x00002adc200e60a0, 0x00002adc200e6108]
Event: 2.936 Thread 0x00002adc1c0fc800  169             java.lang.Character::toLowerCase (9 bytes)
Event: 2.936 Thread 0x00002adc1c0ff000  170             java.lang.CharacterDataLatin1::toLowerCase (39 bytes)
Event: 2.937 Thread 0x00002adc1c0ff000 nmethod 170 0x00002adc200e5c90 code [0x00002adc200e5dc0, 0x00002adc200e5e78]
Event: 2.937 Thread 0x00002adc1c0fc800 nmethod 169 0x00002adc200e3910 code [0x00002adc200e3a60, 0x00002adc200e3bb8]
Event: 2.964 Thread 0x00002adc1c0ff000  171             java.lang.System::getSecurityManager (4 bytes)
Event: 2.965 Thread 0x00002adc1c0ff000 nmethod 171 0x00002adc200e3710 code [0x00002adc200e3840, 0x00002adc200e3898]

GC Heap History (0 events):
No events

Deoptimization events (10 events):
Event: 1.898 Thread 0x00002adc1c008000 Uncommon trap -34 fr.pc 0x00002adc2009d11c
Event: 1.898 Thread 0x00002adc1c008000 Uncommon trap -34 fr.pc 0x00002adc2009d11c
Event: 2.316 Thread 0x00002adc1c008000 Uncommon trap -34 fr.pc 0x00002adc200bc158
Event: 2.466 Thread 0x00002adc1c008000 Uncommon trap -34 fr.pc 0x00002adc200bc158
Event: 2.466 Thread 0x00002adc1c008000 Uncommon trap -34 fr.pc 0x00002adc200bc158
Event: 2.466 Thread 0x00002adc1c008000 Uncommon trap -34 fr.pc 0x00002adc200bc158
Event: 2.954 Thread 0x00002adc1c008000 Uncommon trap -58 fr.pc 0x00002adc200b9764
Event: 2.959 Thread 0x00002adc1c008000 Uncommon trap -58 fr.pc 0x00002adc200b9764
Event: 2.965 Thread 0x00002adc1c008000 Uncommon trap -58 fr.pc 0x00002adc200b9764
Event: 2.982 Thread 0x00002adc1c008000 Uncommon trap -58 fr.pc 0x00002adc200b9764

Internal exceptions (10 events):
Event: 2.990 Thread 0x00002adc1c008000 Threw 0x00000000f0a395f8 at /builddir/build/BUILD/icedtea6-1.13.4/openjdk/hotspot/src/share/vm/classfile/systemDictionary.cpp:179
Event: 2.990 Thread 0x00002adc1c008000 Threw 0x00000000f0a39950 at /builddir/build/BUILD/icedtea6-1.13.4/openjdk/hotspot/src/share/vm/prims/jvm.cpp:1235
Event: 2.990 Thread 0x00002adc1c008000 Threw 0x00000000f0a39d58 at /builddir/build/BUILD/icedtea6-1.13.4/openjdk/hotspot/src/share/vm/prims/jvm.cpp:1235
Event: 2.991 Thread 0x00002adc1c008000 Threw 0x00000000f0a55d70 at /builddir/build/BUILD/icedtea6-1.13.4/openjdk/hotspot/src/share/vm/classfile/systemDictionary.cpp:179
Event: 2.991 Thread 0x00002adc1c008000 Threw 0x00000000f0a560e8 at /builddir/build/BUILD/icedtea6-1.13.4/openjdk/hotspot/src/share/vm/prims/jvm.cpp:1235
Event: 2.991 Thread 0x00002adc1c008000 Threw 0x00000000f0a56510 at /builddir/build/BUILD/icedtea6-1.13.4/openjdk/hotspot/src/share/vm/prims/jvm.cpp:1235
Event: 3.005 Thread 0x00002adc1c008000 Threw 0x00000000f0ab38e0 at /builddir/build/BUILD/icedtea6-1.13.4/openjdk/hotspot/src/share/vm/classfile/systemDictionary.cpp:179
Event: 3.005 Thread 0x00002adc1c008000 Threw 0x00000000f0ab3c38 at /builddir/build/BUILD/icedtea6-1.13.4/openjdk/hotspot/src/share/vm/prims/jvm.cpp:1235
Event: 3.005 Thread 0x00002adc1c008000 Threw 0x00000000f0ab4040 at /builddir/build/BUILD/icedtea6-1.13.4/openjdk/hotspot/src/share/vm/prims/jvm.cpp:1235
Event: 3.005 Thread 0x00002adc1c008000 Threw 0x00000000f0ab5ab0 at /builddir/build/BUILD/icedtea6-1.13.4/openjdk/hotspot/src/share/vm/prims/jvm.cpp:1235

Events (10 events):
Event: 2.987 loading class 0x00002adc1c2d4030
Event: 2.987 loading class 0x00002adc1c2d4030 done
Event: 2.989 loading class 0x00002adc1c2d3bc0
Event: 2.989 loading class 0x00002adc1c2d3bc0 done
Event: 2.990 loading class 0x00002adc1d000290
Event: 2.990 loading class 0x00002adc1d000290 done
Event: 2.991 loading class 0x00002adc1d010b10
Event: 2.991 loading class 0x00002adc1d010b10 done
Event: 3.005 loading class 0x00002adc1c2dab70
Event: 3.005 loading class 0x00002adc1c2dab70 done


Dynamic libraries:
00400000-00409000 r-xp 00000000 fd:01 5993                               /usr/lib/jvm/java-1.6.0-openjdk-1.6.0.0.x86_64/jre/bin/java
00608000-0060a000 rw-p 00008000 fd:01 5993                               /usr/lib/jvm/java-1.6.0-openjdk-1.6.0.0.x86_64/jre/bin/java
0208d000-020ae000 rw-p 00000000 00:00 0                                  [heap]
b5a00000-b6ec0000 rw-p 00000000 00:00 0 
b6ec0000-c0000000 rw-p 00000000 00:00 0 
c0000000-100000000 rw-p 00000000 00:00 0 
364f800000-364f820000 r-xp 00000000 fd:01 130582                         /lib64/ld-2.12.so
364fa1f000-364fa20000 r--p 0001f000 fd:01 130582                         /lib64/ld-2.12.so
364fa20000-364fa21000 rw-p 00020000 fd:01 130582                         /lib64/ld-2.12.so
364fa21000-364fa22000 rw-p 00000000 00:00 0 
364fc00000-364fd8a000 r-xp 00000000 fd:01 130613                         /lib64/libc-2.12.so
364fd8a000-364ff8a000 ---p 0018a000 fd:01 130613                         /lib64/libc-2.12.so
364ff8a000-364ff8e000 r--p 0018a000 fd:01 130613                         /lib64/libc-2.12.so
364ff8e000-364ff8f000 rw-p 0018e000 fd:01 130613                         /lib64/libc-2.12.so
364ff8f000-364ff94000 rw-p 00000000 00:00 0 
3650000000-3650004000 r-xp 00000000 fd:01 13573                          /usr/lib/jvm/java-1.6.0-openjdk-1.6.0.0.x86_64/jre/lib/amd64/jli/libjli.so
3650004000-3650203000 ---p 00004000 fd:01 13573                          /usr/lib/jvm/java-1.6.0-openjdk-1.6.0.0.x86_64/jre/lib/amd64/jli/libjli.so
3650203000-3650204000 rw-p 00003000 fd:01 13573                          /usr/lib/jvm/java-1.6.0-openjdk-1.6.0.0.x86_64/jre/lib/amd64/jli/libjli.so
3650400000-3650417000 r-xp 00000000 fd:01 130636                         /lib64/libpthread-2.12.so
3650417000-3650617000 ---p 00017000 fd:01 130636                         /lib64/libpthread-2.12.so
3650617000-3650618000 r--p 00017000 fd:01 130636                         /lib64/libpthread-2.12.so
3650618000-3650619000 rw-p 00018000 fd:01 130636                         /lib64/libpthread-2.12.so
3650619000-365061d000 rw-p 00000000 00:00 0 
3650800000-3650802000 r-xp 00000000 fd:01 130624                         /lib64/libdl-2.12.so
3650802000-3650a02000 ---p 00002000 fd:01 130624                         /lib64/libdl-2.12.so
3650a02000-3650a03000 r--p 00002000 fd:01 130624                         /lib64/libdl-2.12.so
3650a03000-3650a04000 rw-p 00003000 fd:01 130624                         /lib64/libdl-2.12.so
3650c00000-3650c15000 r-xp 00000000 fd:01 130638                         /lib64/libz.so.1.2.3
3650c15000-3650e14000 ---p 00015000 fd:01 130638                         /lib64/libz.so.1.2.3
3650e14000-3650e15000 r--p 00014000 fd:01 130638                         /lib64/libz.so.1.2.3
3650e15000-3650e16000 rw-p 00015000 fd:01 130638                         /lib64/libz.so.1.2.3
3651000000-3651007000 r-xp 00000000 fd:01 132701                         /lib64/librt-2.12.so
3651007000-3651206000 ---p 00007000 fd:01 132701                         /lib64/librt-2.12.so
3651206000-3651207000 r--p 00006000 fd:01 132701                         /lib64/librt-2.12.so
3651207000-3651208000 rw-p 00007000 fd:01 132701                         /lib64/librt-2.12.so
3651800000-3651816000 r-xp 00000000 fd:01 133662                         /lib64/libgcc_s-4.4.7-20120601.so.1
3651816000-3651a15000 ---p 00016000 fd:01 133662                         /lib64/libgcc_s-4.4.7-20120601.so.1
3651a15000-3651a16000 rw-p 00015000 fd:01 133662                         /lib64/libgcc_s-4.4.7-20120601.so.1
3653000000-36530e8000 r-xp 00000000 fd:01 49938                          /usr/lib64/libstdc++.so.6.0.13
36530e8000-36532e8000 ---p 000e8000 fd:01 49938                          /usr/lib64/libstdc++.so.6.0.13
36532e8000-36532ef000 r--p 000e8000 fd:01 49938                          /usr/lib64/libstdc++.so.6.0.13
36532ef000-36532f1000 rw-p 000ef000 fd:01 49938                          /usr/lib64/libstdc++.so.6.0.13
36532f1000-3653306000 rw-p 00000000 00:00 0 
3659000000-3659098000 r-xp 00000000 fd:01 4478                           /usr/lib64/libfreetype.so.6.3.22
3659098000-3659297000 ---p 00098000 fd:01 4478                           /usr/lib64/libfreetype.so.6.3.22
3659297000-365929d000 rw-p 00097000 fd:01 4478                           /usr/lib64/libfreetype.so.6.3.22
365c200000-365c216000 r-xp 00000000 fd:01 137559                         /lib64/libnsl-2.12.so
365c216000-365c415000 ---p 00016000 fd:01 137559                         /lib64/libnsl-2.12.so
365c415000-365c416000 r--p 00015000 fd:01 137559                         /lib64/libnsl-2.12.so
365c416000-365c417000 rw-p 00016000 fd:01 137559                         /lib64/libnsl-2.12.so
365c417000-365c419000 rw-p 00000000 00:00 0 
2adc188f6000-2adc188f7000 rw-p 00000000 00:00 0 
2adc1890d000-2adc18911000 rw-p 00000000 00:00 0 
2adc18911000-2adc1931c000 r-xp 00000000 fd:01 23213                      /usr/lib/jvm/java-1.6.0-openjdk-1.6.0.0.x86_64/jre/lib/amd64/server/libjvm.so
2adc1931c000-2adc1951c000 ---p 00a0b000 fd:01 23213                      /usr/lib/jvm/java-1.6.0-openjdk-1.6.0.0.x86_64/jre/lib/amd64/server/libjvm.so
2adc1951c000-2adc195bd000 rw-p 00a0b000 fd:01 23213                      /usr/lib/jvm/java-1.6.0-openjdk-1.6.0.0.x86_64/jre/lib/amd64/server/libjvm.so
2adc195bd000-2adc195e6000 rw-p 00000000 00:00 0 
2adc195fc000-2adc1967f000 r-xp 00000000 fd:01 130627                     /lib64/libm-2.12.so
2adc1967f000-2adc1987e000 ---p 00083000 fd:01 130627                     /lib64/libm-2.12.so
2adc1987e000-2adc1987f000 r--p 00082000 fd:01 130627                     /lib64/libm-2.12.so
2adc1987f000-2adc19880000 rw-p 00083000 fd:01 130627                     /lib64/libm-2.12.so
2adc19880000-2adc19883000 ---p 00000000 00:00 0 
2adc19883000-2adc19981000 rw-p 00000000 00:00 0 
2adc19981000-2adc1998f000 r-xp 00000000 fd:01 23207                      /usr/lib/jvm/java-1.6.0-openjdk-1.6.0.0.x86_64/jre/lib/amd64/libverify.so
2adc1998f000-2adc19b8f000 ---p 0000e000 fd:01 23207                      /usr/lib/jvm/java-1.6.0-openjdk-1.6.0.0.x86_64/jre/lib/amd64/libverify.so
2adc19b8f000-2adc19b91000 rw-p 0000e000 fd:01 23207                      /usr/lib/jvm/java-1.6.0-openjdk-1.6.0.0.x86_64/jre/lib/amd64/libverify.so
2adc19b91000-2adc19bbe000 r-xp 00000000 fd:01 23159                      /usr/lib/jvm/java-1.6.0-openjdk-1.6.0.0.x86_64/jre/lib/amd64/libjava.so
2adc19bbe000-2adc19dbd000 ---p 0002d000 fd:01 23159                      /usr/lib/jvm/java-1.6.0-openjdk-1.6.0.0.x86_64/jre/lib/amd64/libjava.so
2adc19dbd000-2adc19dc1000 rw-p 0002c000 fd:01 23159                      /usr/lib/jvm/java-1.6.0-openjdk-1.6.0.0.x86_64/jre/lib/amd64/libjava.so
2adc19dc1000-2adc19dc2000 r--p 00000000 00:00 0 
2adc19dc2000-2adc19dc3000 rw-p 00000000 00:00 0 
2adc19dc3000-2adc19df8000 r--s 00000000 fd:02 128540                     /var/db/nscd/passwd
2adc19df8000-2adc19e00000 rw-s 00000000 fd:03 38                         /tmp/hsperfdata_dw07r324/22302
2adc19e00000-2adc19e07000 r-xp 00000000 fd:01 23208                      /usr/lib/jvm/java-1.6.0-openjdk-1.6.0.0.x86_64/jre/lib/amd64/libzip.so
2adc19e07000-2adc1a007000 ---p 00007000 fd:01 23208                      /usr/lib/jvm/java-1.6.0-openjdk-1.6.0.0.x86_64/jre/lib/amd64/libzip.so
2adc1a007000-2adc1a008000 rw-p 00007000 fd:01 23208                      /usr/lib/jvm/java-1.6.0-openjdk-1.6.0.0.x86_64/jre/lib/amd64/libzip.so
2adc1c000000-2adc1d3cb000 rw-p 00000000 00:00 0 
2adc1d3cb000-2adc20000000 ---p 00000000 00:00 0 
2adc20000000-2adc20270000 rwxp 00000000 00:00 0 
2adc20270000-2adc23000000 rw-p 00000000 00:00 0 
2adc23000000-2adc2300a000 rw-p 00000000 00:00 0 
2adc2300a000-2adc230c0000 rw-p 00000000 00:00 0 
2adc230c0000-2adc230cb000 rw-p 00000000 00:00 0 
2adc230cb000-2adc23113000 rw-p 00000000 00:00 0 
2adc23113000-2adc23475000 rw-p 00000000 00:00 0 
2adc23475000-2adc234bd000 rw-p 00000000 00:00 0 
2adc234bd000-2adc234be000 ---p 00000000 00:00 0 
2adc234be000-2adc235be000 rw-p 00000000 00:00 0 
2adc235be000-2adc235bf000 ---p 00000000 00:00 0 
2adc235bf000-2adc236bf000 rw-p 00000000 00:00 0 
2adc236bf000-2adc236c0000 ---p 00000000 00:00 0 
2adc236c0000-2adc237c0000 rw-p 00000000 00:00 0 
2adc237c0000-2adc237c1000 ---p 00000000 00:00 0 
2adc237c1000-2adc238c1000 rw-p 00000000 00:00 0 
2adc238c1000-2adc238c2000 ---p 00000000 00:00 0 
2adc238c2000-2adc239c2000 rw-p 00000000 00:00 0 
2adc239c2000-2adc239c3000 ---p 00000000 00:00 0 
2adc239c3000-2adc23ac3000 rw-p 00000000 00:00 0 
2adc23ac3000-2adc23ac4000 ---p 00000000 00:00 0 
2adc23ac4000-2adc23bc4000 rw-p 00000000 00:00 0 
2adc23bc4000-2adc23bc5000 ---p 00000000 00:00 0 
2adc23bc5000-2adc23cc5000 rw-p 00000000 00:00 0 
2adc24000000-2adc24021000 rw-p 00000000 00:00 0 
2adc24021000-2adc28000000 ---p 00000000 00:00 0 
2adc28000000-2adc28021000 rw-p 00000000 00:00 0 
2adc28021000-2adc2c000000 ---p 00000000 00:00 0 
2adc2c000000-2adc2c021000 rw-p 00000000 00:00 0 
2adc2c021000-2adc30000000 ---p 00000000 00:00 0 
2adc30000000-2adc30021000 rw-p 00000000 00:00 0 
2adc30021000-2adc34000000 ---p 00000000 00:00 0 
2adc34000000-2adc34021000 rw-p 00000000 00:00 0 
2adc34021000-2adc38000000 ---p 00000000 00:00 0 
2adc38000000-2adc38021000 rw-p 00000000 00:00 0 
2adc38021000-2adc3c000000 ---p 00000000 00:00 0 
2adc3c000000-2adc3c021000 rw-p 00000000 00:00 0 
2adc3c021000-2adc40000000 ---p 00000000 00:00 0 
2adc40000000-2adc40021000 rw-p 00000000 00:00 0 
2adc40021000-2adc44000000 ---p 00000000 00:00 0 
2adc44000000-2adc46ea4000 rw-p 00000000 00:00 0 
2adc46ea4000-2adc4703a000 r--s 01a15000 fd:01 23288                      /usr/lib/jvm/java-1.6.0-openjdk-1.6.0.0.x86_64/jre/lib/rt.jar
2adc4703a000-2adc48cb1000 rw-p 00000000 00:00 0 
2adc48cb1000-2adc48cb2000 ---p 00000000 00:00 0 
2adc48cb2000-2adc48db2000 rw-p 00000000 00:00 0 
2adc48db2000-2adc48db5000 ---p 00000000 00:00 0 
2adc48db5000-2adc48eb3000 rw-p 00000000 00:00 0 
2adc48eb3000-2adc48eb6000 ---p 00000000 00:00 0 
2adc48eb6000-2adc48fb4000 rw-p 00000000 00:00 0 
2adc4c000000-2adc4c021000 rw-p 00000000 00:00 0 
2adc4c021000-2adc50000000 ---p 00000000 00:00 0 
2adc50000000-2adc50021000 rw-p 00000000 00:00 0 
2adc50021000-2adc54000000 ---p 00000000 00:00 0 
2adc54000000-2adc54021000 rw-p 00000000 00:00 0 
2adc54021000-2adc58000000 ---p 00000000 00:00 0 
2adc58000000-2adc5de91000 r--p 00000000 fd:01 49935                      /usr/lib/locale/locale-archive
2adc5de91000-2adc5de94000 ---p 00000000 00:00 0 
2adc5de94000-2adc5df92000 rw-p 00000000 00:00 0 
2adc5df92000-2adc5df95000 ---p 00000000 00:00 0 
2adc5df95000-2adc5e093000 rw-p 00000000 00:00 0 
2adc5e093000-2adc5e096000 ---p 00000000 00:00 0 
2adc5e096000-2adc5e194000 rw-p 00000000 00:00 0 
2adc5e194000-2adc5e197000 ---p 00000000 00:00 0 
2adc5e197000-2adc5e295000 rw-p 00000000 00:00 0 
2adc5e295000-2adc5e296000 ---p 00000000 00:00 0 
2adc5e296000-2adc5e396000 rw-p 00000000 00:00 0 
2adc5e396000-2adc5e398000 r--s 00009000 00:35 125760574                  /mmfs/automount/gpfs/homefs/sm/dw07r324/bin/GOAL-20140808/lib/jpf-boot.jar
2adc5e398000-2adc5e39b000 r--s 0000f000 fd:01 23233                      /usr/lib/jvm/java-1.6.0-openjdk-1.6.0.0.x86_64/jre/lib/ext/pulse-java.jar
2adc5e39b000-2adc5e3a4000 r--s 00065000 fd:01 23228                      /usr/lib/jvm/java-1.6.0-openjdk-1.6.0.0.x86_64/jre/lib/ext/gnome-java-bridge.jar
2adc5e3a4000-2adc5e3a6000 r--s 00009000 00:35 125760574                  /mmfs/automount/gpfs/homefs/sm/dw07r324/bin/GOAL-20140808/lib/jpf-boot.jar
2adc5e3a6000-2adc5e3aa000 r--s 0003c000 fd:01 14238                      /usr/lib/jvm/java-1.6.0-openjdk-1.6.0.0.x86_64/jre/lib/jsse.jar
2adc5e3aa000-2adc5e3af000 r--s 0002d000 00:35 125760577                  /mmfs/automount/gpfs/homefs/sm/dw07r324/bin/GOAL-20140808/lib/jpf.jar
2adc5e3af000-2adc5e3b1000 r--s 0000d000 00:35 125760571                  /mmfs/automount/gpfs/homefs/sm/dw07r324/bin/GOAL-20140808/lib/commons-logging.jar
2adc5e3b1000-2adc5e3b3000 r--s 00012000 00:35 125760576                  /mmfs/automount/gpfs/homefs/sm/dw07r324/bin/GOAL-20140808/lib/jpf-tools.jar
2adc5e3b3000-2adc5e3ba000 r--s 00039000 00:35 125760578                  /mmfs/automount/gpfs/homefs/sm/dw07r324/bin/GOAL-20140808/lib/jxp.jar
2adc5e3ba000-2adc5e3bc000 r--s 00004000 00:35 125760570                  /mmfs/automount/gpfs/homefs/sm/dw07r324/bin/GOAL-20140808/lib/AppleJavaExtensions.jar
2adc5e3bc000-2adc5e3c1000 r--s 0002a000 00:35 125760572                  /mmfs/automount/gpfs/homefs/sm/dw07r324/bin/GOAL-20140808/lib/gson-2.2.2.jar
2adc5e3c1000-2adc5e3c4000 r--s 0001a000 00:35 125760579                  /mmfs/automount/gpfs/homefs/sm/dw07r324/bin/GOAL-20140808/lib/minijdd_104.jar
2adc5e3c4000-2adc5e3e7000 r--s 0022d000 00:35 75803511                   /mmfs/automount/gpfs/homefs/sm/dw07r324/bin/GOAL-20140808/.jpf-shadow/org.svvrl.goal.core@2014.8.8.zip (deleted)
2adc5e3e7000-2adc5e48a000 r-xp 00000000 fd:01 13434                      /usr/lib/jvm/java-1.6.0-openjdk-1.6.0.0.x86_64/jre/lib/amd64/libawt.so
2adc5e48a000-2adc5e68a000 ---p 000a3000 fd:01 13434                      /usr/lib/jvm/java-1.6.0-openjdk-1.6.0.0.x86_64/jre/lib/amd64/libawt.so
2adc5e68a000-2adc5e696000 rw-p 000a3000 fd:01 13434                      /usr/lib/jvm/java-1.6.0-openjdk-1.6.0.0.x86_64/jre/lib/amd64/libawt.so
2adc5e696000-2adc5e6ba000 rw-p 00000000 00:00 0 
2adc5e6ba000-2adc5e6c0000 r-xp 00000000 fd:01 8525                       /usr/lib/jvm/java-1.6.0-openjdk-1.6.0.0.x86_64/jre/lib/amd64/headless/libmawt.so
2adc5e6c0000-2adc5e8bf000 ---p 00006000 fd:01 8525                       /usr/lib/jvm/java-1.6.0-openjdk-1.6.0.0.x86_64/jre/lib/amd64/headless/libmawt.so
2adc5e8bf000-2adc5e8c0000 rw-p 00005000 fd:01 8525                       /usr/lib/jvm/java-1.6.0-openjdk-1.6.0.0.x86_64/jre/lib/amd64/headless/libmawt.so
2adc5e8c0000-2adc5e8db000 r--s 0029a000 00:35 75803563                   /mmfs/automount/gpfs/homefs/sm/dw07r324/bin/GOAL-20140808/.jpf-shadow/org.svvrl.goal.gui@2014.8.8.zip (deleted)
2adc5e8db000-2adc5e928000 r-xp 00000000 fd:01 13546                      /usr/lib/jvm/java-1.6.0-openjdk-1.6.0.0.x86_64/jre/lib/amd64/libfontmanager.so
2adc5e928000-2adc5eb28000 ---p 0004d000 fd:01 13546                      /usr/lib/jvm/java-1.6.0-openjdk-1.6.0.0.x86_64/jre/lib/amd64/libfontmanager.so
2adc5eb28000-2adc5eb2b000 rw-p 0004d000 fd:01 13546                      /usr/lib/jvm/java-1.6.0-openjdk-1.6.0.0.x86_64/jre/lib/amd64/libfontmanager.so
2adc5eb2b000-2adc5eb2e000 ---p 00000000 00:00 0 
2adc5eb2e000-2adc5ec2c000 rw-p 00000000 00:00 0 
2adc5ec2c000-2adc5ec33000 r--s 00000000 fd:02 1513                       /var/cache/fontconfig/12b26b760a24f8b4feb03ad48a333a72-le64.cache-3
2adc5ec33000-2adc5ec3c000 r--s 00000000 fd:02 1443                       /var/cache/fontconfig/b79f3aaa7d385a141ab53ec885cc22a8-le64.cache-3
2adc5ec3c000-2adc5ec40000 r--s 00000000 fd:02 1132                       /var/cache/fontconfig/87f5e051180a7a75f16eb6fe7dbd3749-le64.cache-3
2adc5ec40000-2adc5ec56000 r-xp 00000000 fd:01 23199                      /usr/lib/jvm/java-1.6.0-openjdk-1.6.0.0.x86_64/jre/lib/amd64/libnet.so
2adc5ec56000-2adc5ee55000 ---p 00016000 fd:01 23199                      /usr/lib/jvm/java-1.6.0-openjdk-1.6.0.0.x86_64/jre/lib/amd64/libnet.so
2adc5ee55000-2adc5ee56000 rw-p 00015000 fd:01 23199                      /usr/lib/jvm/java-1.6.0-openjdk-1.6.0.0.x86_64/jre/lib/amd64/libnet.so
2adc5ee56000-2adc5ee5e000 r-xp 00000000 fd:01 23200                      /usr/lib/jvm/java-1.6.0-openjdk-1.6.0.0.x86_64/jre/lib/amd64/libnio.so
2adc5ee5e000-2adc5f05d000 ---p 00008000 fd:01 23200                      /usr/lib/jvm/java-1.6.0-openjdk-1.6.0.0.x86_64/jre/lib/amd64/libnio.so
2adc5f05d000-2adc5f05e000 rw-p 00007000 fd:01 23200                      /usr/lib/jvm/java-1.6.0-openjdk-1.6.0.0.x86_64/jre/lib/amd64/libnio.so
2adc5f05e000-2adc5f065000 r--s 00000000 fd:02 1513                       /var/cache/fontconfig/12b26b760a24f8b4feb03ad48a333a72-le64.cache-3
2adc5f065000-2adc5f06e000 r--s 00000000 fd:02 1443                       /var/cache/fontconfig/b79f3aaa7d385a141ab53ec885cc22a8-le64.cache-3
2adc5f06e000-2adc5f072000 r--s 00000000 fd:02 1132                       /var/cache/fontconfig/87f5e051180a7a75f16eb6fe7dbd3749-le64.cache-3
2adc5f072000-2adc5f078000 r--s 0004b000 00:35 11403027                   /mmfs/automount/gpfs/homefs/sm/dw07r324/bin/GOAL-20140808/.jpf-shadow/org.svvrl.goal.cmd@2014.8.8.zip
2adc5f078000-2adc5f07a000 rw-p 00000000 00:00 0 
2adc60000000-2adc60021000 rw-p 00000000 00:00 0 
2adc60021000-2adc64000000 ---p 00000000 00:00 0 
2adc64000000-2adc65220000 rw-p 00000000 00:00 0 
2adc65220000-2adc68000000 ---p 00000000 00:00 0 
2adc68000000-2adc68cfb000 rw-p 00000000 00:00 0 
2adc68cfb000-2adc6c000000 ---p 00000000 00:00 0 
2adc6c000000-2adc6c021000 rw-p 00000000 00:00 0 
2adc6c021000-2adc70000000 ---p 00000000 00:00 0 
2adc70000000-2adc70021000 rw-p 00000000 00:00 0 
2adc70021000-2adc74000000 ---p 00000000 00:00 0 
2adc74000000-2adc74021000 rw-p 00000000 00:00 0 
2adc74021000-2adc78000000 ---p 00000000 00:00 0 
7fff3e2fb000-7fff3e332000 rw-p 00000000 00:00 0                          [stack]
7fff3e381000-7fff3e382000 r-xp 00000000 00:00 0                          [vdso]
ffffffffff600000-ffffffffff601000 r-xp 00000000 00:00 0                  [vsyscall]

VM Arguments:
jvm_args: -Xmx1G -Xms1G -DapplicationRoot=/home/ubelix/sm/dw07r324/bin/GOAL-20140808 -Dorg.java.plugin.boot.pluginsRepositories=/home/ubelix/sm/dw07r324/bin/GOAL-20140808/plugins -Djpf.boot.config=/home/ubelix/sm/dw07r324/bin/GOAL-20140808/boot.properties -Dorg.apache.commons.logging.Log=org.apache.commons.logging.impl.SimpleLog -Dorg.apache.commons.logging.simplelog.log.org.java.plugin=fatal 
java_command: /home/ubelix/sm/dw07r324/bin/GOAL-20140808/lib/jpf-boot.jar complement -m piterman -eq -macc -sp -ro -r /scratch/local/8663605.1.all.q/test_set_s15/s15_t2.2_a0.7_035.gff
Launcher Type: SUN_STANDARD

Environment Variables:
CLASSPATH=/home/ubelix/sm/dw07r324/bin/GOAL-20140808:/home/ubelix/sm/dw07r324/bin/GOAL-20140808/plugins:/home/ubelix/sm/dw07r324/bin/GOAL-20140808/lib:
PATH=/scratch/local/8663605.1.all.q:/usr/lib64/qt-3.3/bin:/usr/local/bin:/bin:/usr/bin:/usr/local/sbin:/usr/sbin:/sbin:/usr/lpp/mmfs/bin:/home/ubelix/sm/dw07r324/bin/GOAL-20140808:/home/ubelix/sm/dw07r324/bin/gnu_time/bin:/usr/lpp/mmfs/bin
LD_LIBRARY_PATH=/usr/lib/jvm/java-1.6.0-openjdk-1.6.0.0.x86_64/jre/lib/amd64/server:/usr/lib/jvm/java-1.6.0-openjdk-1.6.0.0.x86_64/jre/lib/amd64:/usr/lib/jvm/java-1.6.0-openjdk-1.6.0.0.x86_64/jre/../lib/amd64
SHELL=/bin/bash

Signal Handlers:
SIGSEGV: [libjvm.so+0x870a40], sa_mask[0]=0x7ffbfeff, sa_flags=0x10000004
SIGBUS: [libjvm.so+0x870a40], sa_mask[0]=0x7ffbfeff, sa_flags=0x10000004
SIGFPE: [libjvm.so+0x719240], sa_mask[0]=0x7ffbfeff, sa_flags=0x10000004
SIGPIPE: [libjvm.so+0x719240], sa_mask[0]=0x7ffbfeff, sa_flags=0x10000004
SIGXFSZ: [libjvm.so+0x719240], sa_mask[0]=0x7ffbfeff, sa_flags=0x10000004
SIGILL: [libjvm.so+0x719240], sa_mask[0]=0x7ffbfeff, sa_flags=0x10000004
SIGUSR1: SIG_DFL, sa_mask[0]=0x00000000, sa_flags=0x00000000
SIGUSR2: [libjvm.so+0x718d60], sa_mask[0]=0x00000000, sa_flags=0x10000004
SIGHUP: [libjvm.so+0x71bdf0], sa_mask[0]=0x7ffbfeff, sa_flags=0x10000004
SIGINT: [libjvm.so+0x71bdf0], sa_mask[0]=0x7ffbfeff, sa_flags=0x10000004
SIGTERM: [libjvm.so+0x71bdf0], sa_mask[0]=0x7ffbfeff, sa_flags=0x10000004
SIGQUIT: [libjvm.so+0x71bdf0], sa_mask[0]=0x7ffbfeff, sa_flags=0x10000004


---------------  S Y S T E M  ---------------

OS:Red Hat Enterprise Linux ComputeNode release 6.5 (Santiago)

uname:Linux 2.6.32-431.29.2.el6.x86_64 #1 SMP Sun Jul 27 15:55:46 EDT 2014 x86_64
libc:glibc 2.12 NPTL 2.12 
rlimit: STACK infinity, CORE infinity, NPROC 127431, NOFILE 4096, AS 8388608k
load average:5.12 4.63 3.98

/proc/meminfo:
MemTotal:       16331612 kB
MemFree:         4970020 kB
Buffers:           12340 kB
Cached:          6105584 kB
SwapCached:           88 kB
Active:          2909544 kB
Inactive:        3765616 kB
Active(anon):     494004 kB
Inactive(anon):    63452 kB
Active(file):    2415540 kB
Inactive(file):  3702164 kB
Unevictable:     4082900 kB
Mlocked:         4082900 kB
SwapTotal:       8388604 kB
SwapFree:        8388380 kB
Dirty:              5228 kB
Writeback:             0 kB
AnonPages:       4640476 kB
Mapped:           100280 kB
Shmem:               192 kB
Slab:             377580 kB
SReclaimable:     309220 kB
SUnreclaim:        68360 kB
KernelStack:        4736 kB
PageTables:        17256 kB
NFS_Unstable:          0 kB
Bounce:                0 kB
WritebackTmp:          0 kB
CommitLimit:    16554408 kB
Committed_AS:    6818712 kB
VmallocTotal:   34359738367 kB
VmallocUsed:      109412 kB
VmallocChunk:   34351234244 kB
HardwareCorrupted:     0 kB
AnonHugePages:         0 kB
HugePages_Total:       0
HugePages_Free:        0
HugePages_Rsvd:        0
HugePages_Surp:        0
Hugepagesize:       2048 kB
DirectMap4k:        9920 kB
DirectMap2M:     2086912 kB
DirectMap1G:    14680064 kB


CPU:total 8 (4 cores per cpu, 1 threads per core) family 16 model 2 stepping 3, cmov, cx8, fxsr, mmx, sse, sse2, sse3, popcnt, mmxext, 3dnowpref, lzcnt, sse4a, tsc, tscinvbit, tscinv

/proc/cpuinfo:
processor	: 0
vendor_id	: AuthenticAMD
cpu family	: 16
model		: 2
model name	: Quad-Core AMD Opteron(tm) Processor 2354
stepping	: 3
cpu MHz		: 2200.000
cache size	: 512 KB
physical id	: 0
siblings	: 4
core id		: 0
cpu cores	: 4
apicid		: 0
initial apicid	: 0
fpu		: yes
fpu_exception	: yes
cpuid level	: 5
wp		: yes
flags		: fpu vme de pse tsc msr pae mce cx8 apic sep mtrr pge mca cmov pat pse36 clflush mmx fxsr sse sse2 ht syscall nx mmxext fxsr_opt pdpe1gb rdtscp lm 3dnowext 3dnow constant_tsc rep_good nonstop_tsc extd_apicid pni monitor cx16 popcnt lahf_lm cmp_legacy svm extapic cr8_legacy abm sse4a misalignsse 3dnowprefetch osvw ibs npt lbrv svm_lock
bogomips	: 4422.88
TLB size	: 1024 4K pages
clflush size	: 64
cache_alignment	: 64
address sizes	: 48 bits physical, 48 bits virtual
power management: ts ttp tm stc 100mhzsteps hwpstate

processor	: 1
vendor_id	: AuthenticAMD
cpu family	: 16
model		: 2
model name	: Quad-Core AMD Opteron(tm) Processor 2354
stepping	: 3
cpu MHz		: 2200.000
cache size	: 512 KB
physical id	: 0
siblings	: 4
core id		: 1
cpu cores	: 4
apicid		: 1
initial apicid	: 1
fpu		: yes
fpu_exception	: yes
cpuid level	: 5
wp		: yes
flags		: fpu vme de pse tsc msr pae mce cx8 apic sep mtrr pge mca cmov pat pse36 clflush mmx fxsr sse sse2 ht syscall nx mmxext fxsr_opt pdpe1gb rdtscp lm 3dnowext 3dnow constant_tsc rep_good nonstop_tsc extd_apicid pni monitor cx16 popcnt lahf_lm cmp_legacy svm extapic cr8_legacy abm sse4a misalignsse 3dnowprefetch osvw ibs npt lbrv svm_lock
bogomips	: 4422.88
TLB size	: 1024 4K pages
clflush size	: 64
cache_alignment	: 64
address sizes	: 48 bits physical, 48 bits virtual
power management: ts ttp tm stc 100mhzsteps hwpstate

processor	: 2
vendor_id	: AuthenticAMD
cpu family	: 16
model		: 2
model name	: Quad-Core AMD Opteron(tm) Processor 2354
stepping	: 3
cpu MHz		: 2200.000
cache size	: 512 KB
physical id	: 0
siblings	: 4
core id		: 2
cpu cores	: 4
apicid		: 2
initial apicid	: 2
fpu		: yes
fpu_exception	: yes
cpuid level	: 5
wp		: yes
flags		: fpu vme de pse tsc msr pae mce cx8 apic sep mtrr pge mca cmov pat pse36 clflush mmx fxsr sse sse2 ht syscall nx mmxext fxsr_opt pdpe1gb rdtscp lm 3dnowext 3dnow constant_tsc rep_good nonstop_tsc extd_apicid pni monitor cx16 popcnt lahf_lm cmp_legacy svm extapic cr8_legacy abm sse4a misalignsse 3dnowprefetch osvw ibs npt lbrv svm_lock
bogomips	: 4422.88
TLB size	: 1024 4K pages
clflush size	: 64
cache_alignment	: 64
address sizes	: 48 bits physical, 48 bits virtual
power management: ts ttp tm stc 100mhzsteps hwpstate

processor	: 3
vendor_id	: AuthenticAMD
cpu family	: 16
model		: 2
model name	: Quad-Core AMD Opteron(tm) Processor 2354
stepping	: 3
cpu MHz		: 2200.000
cache size	: 512 KB
physical id	: 0
siblings	: 4
core id		: 3
cpu cores	: 4
apicid		: 3
initial apicid	: 3
fpu		: yes
fpu_exception	: yes
cpuid level	: 5
wp		: yes
flags		: fpu vme de pse tsc msr pae mce cx8 apic sep mtrr pge mca cmov pat pse36 clflush mmx fxsr sse sse2 ht syscall nx mmxext fxsr_opt pdpe1gb rdtscp lm 3dnowext 3dnow constant_tsc rep_good nonstop_tsc extd_apicid pni monitor cx16 popcnt lahf_lm cmp_legacy svm extapic cr8_legacy abm sse4a misalignsse 3dnowprefetch osvw ibs npt lbrv svm_lock
bogomips	: 4422.88
TLB size	: 1024 4K pages
clflush size	: 64
cache_alignment	: 64
address sizes	: 48 bits physical, 48 bits virtual
power management: ts ttp tm stc 100mhzsteps hwpstate

processor	: 4
vendor_id	: AuthenticAMD
cpu family	: 16
model		: 2
model name	: Quad-Core AMD Opteron(tm) Processor 2354
stepping	: 3
cpu MHz		: 2200.000
cache size	: 512 KB
physical id	: 1
siblings	: 4
core id		: 0
cpu cores	: 4
apicid		: 4
initial apicid	: 4
fpu		: yes
fpu_exception	: yes
cpuid level	: 5
wp		: yes
flags		: fpu vme de pse tsc msr pae mce cx8 apic sep mtrr pge mca cmov pat pse36 clflush mmx fxsr sse sse2 ht syscall nx mmxext fxsr_opt pdpe1gb rdtscp lm 3dnowext 3dnow constant_tsc rep_good nonstop_tsc extd_apicid pni monitor cx16 popcnt lahf_lm cmp_legacy svm extapic cr8_legacy abm sse4a misalignsse 3dnowprefetch osvw ibs npt lbrv svm_lock
bogomips	: 4422.23
TLB size	: 1024 4K pages
clflush size	: 64
cache_alignment	: 64
address sizes	: 48 bits physical, 48 bits virtual
power management: ts ttp tm stc 100mhzsteps hwpstate

processor	: 5
vendor_id	: AuthenticAMD
cpu family	: 16
model		: 2
model name	: Quad-Core AMD Opteron(tm) Processor 2354
stepping	: 3
cpu MHz		: 2200.000
cache size	: 512 KB
physical id	: 1
siblings	: 4
core id		: 1
cpu cores	: 4
apicid		: 5
initial apicid	: 5
fpu		: yes
fpu_exception	: yes
cpuid level	: 5
wp		: yes
flags		: fpu vme de pse tsc msr pae mce cx8 apic sep mtrr pge mca cmov pat pse36 clflush mmx fxsr sse sse2 ht syscall nx mmxext fxsr_opt pdpe1gb rdtscp lm 3dnowext 3dnow constant_tsc rep_good nonstop_tsc extd_apicid pni monitor cx16 popcnt lahf_lm cmp_legacy svm extapic cr8_legacy abm sse4a misalignsse 3dnowprefetch osvw ibs npt lbrv svm_lock
bogomips	: 4422.23
TLB size	: 1024 4K pages
clflush size	: 64
cache_alignment	: 64
address sizes	: 48 bits physical, 48 bits virtual
power management: ts ttp tm stc 100mhzsteps hwpstate

processor	: 6
vendor_id	: AuthenticAMD
cpu family	: 16
model		: 2
model name	: Quad-Core AMD Opteron(tm) Processor 2354
stepping	: 3
cpu MHz		: 2200.000
cache size	: 512 KB
physical id	: 1
siblings	: 4
core id		: 2
cpu cores	: 4
apicid		: 6
initial apicid	: 6
fpu		: yes
fpu_exception	: yes
cpuid level	: 5
wp		: yes
flags		: fpu vme de pse tsc msr pae mce cx8 apic sep mtrr pge mca cmov pat pse36 clflush mmx fxsr sse sse2 ht syscall nx mmxext fxsr_opt pdpe1gb rdtscp lm 3dnowext 3dnow constant_tsc rep_good nonstop_tsc extd_apicid pni monitor cx16 popcnt lahf_lm cmp_legacy svm extapic cr8_legacy abm sse4a misalignsse 3dnowprefetch osvw ibs npt lbrv svm_lock
bogomips	: 4422.23
TLB size	: 1024 4K pages
clflush size	: 64
cache_alignment	: 64
address sizes	: 48 bits physical, 48 bits virtual
power management: ts ttp tm stc 100mhzsteps hwpstate

processor	: 7
vendor_id	: AuthenticAMD
cpu family	: 16
model		: 2
model name	: Quad-Core AMD Opteron(tm) Processor 2354
stepping	: 3
cpu MHz		: 2200.000
cache size	: 512 KB
physical id	: 1
siblings	: 4
core id		: 3
cpu cores	: 4
apicid		: 7
initial apicid	: 7
fpu		: yes
fpu_exception	: yes
cpuid level	: 5
wp		: yes
flags		: fpu vme de pse tsc msr pae mce cx8 apic sep mtrr pge mca cmov pat pse36 clflush mmx fxsr sse sse2 ht syscall nx mmxext fxsr_opt pdpe1gb rdtscp lm 3dnowext 3dnow constant_tsc rep_good nonstop_tsc extd_apicid pni monitor cx16 popcnt lahf_lm cmp_legacy svm extapic cr8_legacy abm sse4a misalignsse 3dnowprefetch osvw ibs npt lbrv svm_lock
bogomips	: 4422.23
TLB size	: 1024 4K pages
clflush size	: 64
cache_alignment	: 64
address sizes	: 48 bits physical, 48 bits virtual
power management: ts ttp tm stc 100mhzsteps hwpstate



Memory: 4k page, physical 16331612k(4970020k free), swap 8388604k(8388380k free)

vm_info: OpenJDK 64-Bit Server VM (23.25-b01) for linux-amd64 JRE (1.6.0_32-b32), built on Aug 21 2014 11:15:48 by "mockbuild" with gcc 4.4.7 20120313 (Red Hat 4.4.7-4)

time: Tue Sep 23 11:45:35 2014
elapsed time: 3 seconds

