#
# A fatal error has been detected by the Java Runtime Environment:
#
#  SIGBUS (0x7) at pc=0x00002ab898004522, pid=27031, tid=46972239431424
#
# JRE version: 6.0_32-b32
# Java VM: OpenJDK 64-Bit Server VM (23.25-b01 mixed mode linux-amd64 compressed oops)
# Problematic frame:
# C  [libzip.so+0x4522]  ZIP_Lock+0x252
#
# Core dump written. Default location: /mmfs/automount/gpfs/homefs/sm/dw07r324/jobs/piterman.eq.macc.sp.ro.r/core or core.27031
#
# If you would like to submit a bug report, please include
# instructions how to reproduce the bug and visit:
#   http://icedtea.classpath.org/bugzilla
# The crash happened outside the Java Virtual Machine in native code.
# See problematic frame for where to report the bug.
#

---------------  T H R E A D  ---------------

Current thread (0x00002ab894008000):  JavaThread "main" [_thread_in_native, id=27032, stack(0x00002ab893954000,0x00002ab893a55000)]

siginfo:si_signo=SIGBUS: si_errno=0, si_code=2 (BUS_ADRERR), si_addr=0x00002ab8d63d9c2a

Registers:
RAX=0x00002ab894d88cc0, RBX=0x00002ab8d63d9c0d, RCX=0x0000000000000200, RDX=0x0000000000000621
RSP=0x00002ab893a52420, RBP=0x00002ab893a52460, RSI=0x0000000000000002, RDI=0x0000000000000002
R8 =0x00002ab894000088, R9 =0x0000000000000001, R10=0x0000000000000040, R11=0x00002ab893184660
R12=0x00002ab894d88cc0, R13=0x00002ab8942eb230, R14=0x00002ab893a524d0, R15=0x00002ab894d88cc0
RIP=0x00002ab898004522, EFLAGS=0x0000000000010202, CSGSFS=0x0000000000000033, ERR=0x0000000000000004
  TRAPNO=0x000000000000000e

Top of Stack: (sp=0x00002ab893a52420)
0x00002ab893a52420:   00002ab8942eb350 00002ab8930ce05e
0x00002ab893a52430:   000000000000052e 00002ab8942e8ec8
0x00002ab893a52440:   00002ab8942eb230 0000000035a99fc8
0x00002ab893a52450:   00002ab893a524d0 0000000000000033
0x00002ab893a52460:   00002ab893a524b0 00002ab898004ae2
0x00002ab893a52470:   00002ab894008000 00002ab8942e0e50
0x00002ab893a52480:   00002ab893a524f0 00002ab8940081d8
0x00002ab893a52490:   00002ab893a524d0 0000000000000033
0x00002ab893a524a0:   00002ab893a529a8 00002ab893a524d0
0x00002ab893a524b0:   00002ab893a52910 00002ab898003ae4
0x00002ab893a524c0:   0000003301000000 00002ab8942eb230
0x00002ab893a524d0:   2f73657373616c63 727676732f67726f
0x00002ab893a524e0:   632f6c616f672f6c 69676f6c2f65726f
0x00002ab893a524f0:   452f6c7470712f63 6c632e3030303248
0x00002ab893a52500:   00002ab800737361 0000000492e23081
0x00002ab893a52510:   00002ab894008b90 00002ab894d09930
0x00002ab893a52520:   00002ab893a52550 00002ab894008000
0x00002ab893a52530:   00000000b5cc4b00 000000000000001a
0x00002ab893a52540:   00002ab894008000 00000000b5cc4b00
0x00002ab893a52550:   00002ab893a525b0 00002ab892f185f2
0x00002ab893a52560:   00002ab894008000 00002ab800000000
0x00002ab893a52570:   00002ab894008000 00002ab8b5fcf290
0x00002ab893a52580:   00002ab8b5fcf290 00000000000000bd
0x00002ab893a52590:   0000000000000000 00002ab894008000
0x00002ab893a525a0:   00002ab893a52600 00002ab800000000
0x00002ab893a525b0:   00000000b5cc8c58 00002a0000000061
0x00002ab893a525c0:   00000000b5bdfef5 00000000f0392c38
0x00002ab893a525d0:   00002ab893a525d0 00000000b5cc69cb
0x00002ab893a525e0:   00002ab893a52630 00002ab894008b80
0x00002ab893a525f0:   0000000000000000 0000000000000001
0x00002ab893a52600:   00002ab894008000 ffffffffffffffff
0x00002ab893a52610:   00002ab893a52680 00002ab892ed4a03 

Instructions: (pc=0x00002ab898004522)
0x00002ab898004502:   00 00 00 00 00 48 c7 40 30 00 00 00 00 48 c7 40
0x00002ab898004512:   28 00 00 00 00 8b 5b 04 49 2b 5d 28 49 03 5d 18
0x00002ab898004522:   44 0f b6 73 1d 0f b6 43 1c 41 c1 e6 08 41 09 c6
0x00002ab898004532:   0f b6 43 1e 88 45 ce 0f b6 43 1f 88 45 cf 0f b6 

Register to memory mapping:

RAX=0x00002ab894d88cc0 is an unknown value
RBX=0x00002ab8d63d9c0d is an unknown value
RCX=0x0000000000000200 is an unknown value
RDX=0x0000000000000621 is an unknown value
RSP=0x00002ab893a52420 is pointing into the stack for thread: 0x00002ab894008000
RBP=0x00002ab893a52460 is pointing into the stack for thread: 0x00002ab894008000
RSI=0x0000000000000002 is an unknown value
RDI=0x0000000000000002 is an unknown value
R8 =0x00002ab894000088 is an unknown value
R9 =0x0000000000000001 is an unknown value
R10=0x0000000000000040 is an unknown value
R11=0x00002ab893184660: <offset 0x79f660> in /usr/lib/jvm/java-1.6.0-openjdk-1.6.0.0.x86_64/jre/lib/amd64/server/libjvm.so at 0x00002ab8929e5000
R12=0x00002ab894d88cc0 is an unknown value
R13=0x00002ab8942eb230 is an unknown value
R14=0x00002ab893a524d0 is pointing into the stack for thread: 0x00002ab894008000
R15=0x00002ab894d88cc0 is an unknown value


Stack: [0x00002ab893954000,0x00002ab893a55000],  sp=0x00002ab893a52420,  free space=1017k
Native frames: (J=compiled Java code, j=interpreted, Vv=VM code, C=native code)
C  [libzip.so+0x4522]  ZIP_Lock+0x252
C  [libzip.so+0x4ae2]  ZIP_GetEntry+0xc2
C  [libzip.so+0x3ae4]  Java_java_util_zip_ZipFile_getEntry+0xc4
j  java.util.zip.ZipFile.getEntry(JLjava/lang/String;Z)J+0
j  java.util.zip.ZipFile.getEntry(Ljava/lang/String;)Ljava/util/zip/ZipEntry;+31
j  java.util.jar.JarFile.getEntry(Ljava/lang/String;)Ljava/util/zip/ZipEntry;+2
j  sun.net.www.protocol.jar.URLJarFile.getEntry(Ljava/lang/String;)Ljava/util/zip/ZipEntry;+2
j  sun.net.www.protocol.jar.JarURLConnection.connect()V+62
j  sun.net.www.protocol.jar.JarURLConnection.getInputStream()Ljava/io/InputStream;+1
j  sun.misc.URLClassPath$Loader.getResource(Ljava/lang/String;Z)Lsun/misc/Resource;+48
j  sun.misc.URLClassPath.getResource(Ljava/lang/String;Z)Lsun/misc/Resource;+53
j  java.net.URLClassLoader$1.run()Ljava/lang/Object;+26
v  ~StubRoutines::call_stub
V  [libjvm.so+0x537e3e]  AsyncGetCallTrace+0xd776e
V  [libjvm.so+0x536ad8]  AsyncGetCallTrace+0xd6408
V  [libjvm.so+0x597140]  JVM_DoPrivileged+0x400
j  java.security.AccessController.doPrivileged(Ljava/security/PrivilegedExceptionAction;Ljava/security/AccessControlContext;)Ljava/lang/Object;+0
j  java.net.URLClassLoader.findClass(Ljava/lang/String;)Ljava/lang/Class;+13
j  org.java.plugin.standard.StandardPluginClassLoader.loadLocalClass(Ljava/lang/String;ZLorg/java/plugin/standard/StandardPluginClassLoader;)Ljava/lang/Class;+97
j  org.java.plugin.standard.StandardPluginClassLoader.loadClass(Ljava/lang/String;Z)Ljava/lang/Class;+62
j  java.lang.ClassLoader.loadClass(Ljava/lang/String;)Ljava/lang/Class;+3
j  org.svvrl.goal.core.CorePlugin.loadFormulaRewriters()V+63
j  org.svvrl.goal.core.CorePlugin.initApplication(Lorg/java/plugin/util/ExtendedProperties;[Ljava/lang/String;)Lorg/java/plugin/boot/Application;+170
j  org.java.plugin.boot.DefaultApplicationInitializer.initApplication(Lorg/java/plugin/boot/BootErrorHandler;[Ljava/lang/String;)Lorg/java/plugin/boot/Application;+530
j  org.java.plugin.boot.Boot.initApplication(Lorg/java/plugin/boot/BootErrorHandler;Lorg/java/plugin/util/ExtendedProperties;[Ljava/lang/String;)Lorg/java/plugin/boot/Application;+157
j  org.java.plugin.boot.Boot.boot(Lorg/java/plugin/util/ExtendedProperties;ZLjava/lang/String;Lorg/java/plugin/boot/BootErrorHandler;[Ljava/lang/String;)Lorg/java/plugin/boot/Application;+338
j  org.java.plugin.boot.Boot.main([Ljava/lang/String;)V+162
v  ~StubRoutines::call_stub
V  [libjvm.so+0x537e3e]  AsyncGetCallTrace+0xd776e
V  [libjvm.so+0x536ad8]  AsyncGetCallTrace+0xd6408
V  [libjvm.so+0x5452a7]  JNI_CreateJavaVM+0x12e7
V  [libjvm.so+0x55a4eb]  JNI_CreateJavaVM+0x1652b
C  [java+0x374d]  JavaMain+0xd0d

Java frames: (J=compiled Java code, j=interpreted, Vv=VM code)
j  java.util.zip.ZipFile.getEntry(JLjava/lang/String;Z)J+0
j  java.util.zip.ZipFile.getEntry(Ljava/lang/String;)Ljava/util/zip/ZipEntry;+31
j  java.util.jar.JarFile.getEntry(Ljava/lang/String;)Ljava/util/zip/ZipEntry;+2
j  sun.net.www.protocol.jar.URLJarFile.getEntry(Ljava/lang/String;)Ljava/util/zip/ZipEntry;+2
j  sun.net.www.protocol.jar.JarURLConnection.connect()V+62
j  sun.net.www.protocol.jar.JarURLConnection.getInputStream()Ljava/io/InputStream;+1
j  sun.misc.URLClassPath$Loader.getResource(Ljava/lang/String;Z)Lsun/misc/Resource;+48
j  sun.misc.URLClassPath.getResource(Ljava/lang/String;Z)Lsun/misc/Resource;+53
j  java.net.URLClassLoader$1.run()Ljava/lang/Object;+26
v  ~StubRoutines::call_stub
j  java.security.AccessController.doPrivileged(Ljava/security/PrivilegedExceptionAction;Ljava/security/AccessControlContext;)Ljava/lang/Object;+0
j  java.net.URLClassLoader.findClass(Ljava/lang/String;)Ljava/lang/Class;+13
j  org.java.plugin.standard.StandardPluginClassLoader.loadLocalClass(Ljava/lang/String;ZLorg/java/plugin/standard/StandardPluginClassLoader;)Ljava/lang/Class;+97
j  org.java.plugin.standard.StandardPluginClassLoader.loadClass(Ljava/lang/String;Z)Ljava/lang/Class;+62
j  java.lang.ClassLoader.loadClass(Ljava/lang/String;)Ljava/lang/Class;+3
j  org.svvrl.goal.core.CorePlugin.loadFormulaRewriters()V+63
j  org.svvrl.goal.core.CorePlugin.initApplication(Lorg/java/plugin/util/ExtendedProperties;[Ljava/lang/String;)Lorg/java/plugin/boot/Application;+170
j  org.java.plugin.boot.DefaultApplicationInitializer.initApplication(Lorg/java/plugin/boot/BootErrorHandler;[Ljava/lang/String;)Lorg/java/plugin/boot/Application;+530
j  org.java.plugin.boot.Boot.initApplication(Lorg/java/plugin/boot/BootErrorHandler;Lorg/java/plugin/util/ExtendedProperties;[Ljava/lang/String;)Lorg/java/plugin/boot/Application;+157
j  org.java.plugin.boot.Boot.boot(Lorg/java/plugin/util/ExtendedProperties;ZLjava/lang/String;Lorg/java/plugin/boot/BootErrorHandler;[Ljava/lang/String;)Lorg/java/plugin/boot/Application;+338
j  org.java.plugin.boot.Boot.main([Ljava/lang/String;)V+162
v  ~StubRoutines::call_stub

---------------  P R O C E S S  ---------------

Java Threads: ( => current thread )
  0x00002ab894101800 JavaThread "Low Memory Detector" daemon [_thread_blocked, id=27047, stack(0x00002ab8d6194000,0x00002ab8d6295000)]
  0x00002ab8940ff000 JavaThread "C2 CompilerThread1" daemon [_thread_blocked, id=27046, stack(0x00002ab8d6093000,0x00002ab8d6194000)]
  0x00002ab8940fc800 JavaThread "C2 CompilerThread0" daemon [_thread_blocked, id=27045, stack(0x00002ab8d5f92000,0x00002ab8d6093000)]
  0x00002ab8940fa000 JavaThread "Signal Dispatcher" daemon [_thread_blocked, id=27044, stack(0x00002ab8d5e91000,0x00002ab8d5f92000)]
  0x00002ab8940ab800 JavaThread "Finalizer" daemon [_thread_blocked, id=27043, stack(0x00002ab8c0f93000,0x00002ab8c1094000)]
  0x00002ab8940a9800 JavaThread "Reference Handler" daemon [_thread_blocked, id=27042, stack(0x00002ab8c0e92000,0x00002ab8c0f93000)]
=>0x00002ab894008000 JavaThread "main" [_thread_in_native, id=27032, stack(0x00002ab893954000,0x00002ab893a55000)]

Other Threads:
  0x00002ab89409a800 VMThread [stack: 0x00002ab8c0d91000,0x00002ab8c0e92000] [id=27041]
  0x00002ab89410c800 WatcherThread [stack: 0x00002ab8d6295000,0x00002ab8d6396000] [id=27048]

VM state:not at safepoint (normal execution)

VM Mutex/Monitor currently owned by a thread: None

Heap
 PSYoungGen      total 305856K, used 94499K [0x00000000eaab0000, 0x0000000100000000, 0x0000000100000000)
  eden space 262208K, 36% used [0x00000000eaab0000,0x00000000f06f8f60,0x00000000faac0000)
  from space 43648K, 0% used [0x00000000fd560000,0x00000000fd560000,0x0000000100000000)
  to   space 43648K, 0% used [0x00000000faac0000,0x00000000faac0000,0x00000000fd560000)
 ParOldGen       total 699072K, used 0K [0x00000000c0000000, 0x00000000eaab0000, 0x00000000eaab0000)
  object space 699072K, 0% used [0x00000000c0000000,0x00000000c0000000,0x00000000eaab0000)
 PSPermGen       total 21248K, used 8692K [0x00000000b5a00000, 0x00000000b6ec0000, 0x00000000c0000000)
  object space 21248K, 40% used [0x00000000b5a00000,0x00000000b627d108,0x00000000b6ec0000)

Card table byte_map: [0x00002ab89b2c8000,0x00002ab89b51c000] byte_map_base: 0x00002ab89ad1b000

Polling page: 0x00002ab893e95000

Code Cache  [0x00002ab898208000, 0x00002ab898478000, 0x00002ab89b208000)
 total_blobs=392 nmethods=163 adapters=182 free_code_cache=48276Kb largest_free_block=49409664

Compilation events (10 events):
Event: 3.979 Thread 0x00002ab8940ff000  158             org.svvrl.goal.core.logic.actl.ACTLBinary::getLeftSubFormula (5 bytes)
Event: 3.979 Thread 0x00002ab8940fc800  159             org.svvrl.goal.core.logic.actl.ACTLAnd::equals (46 bytes)
Event: 3.979 Thread 0x00002ab8940ff000 nmethod 158 0x00002ab8982df790 code [0x00002ab8982df8c0, 0x00002ab8982df918]
Event: 3.981 Thread 0x00002ab8940fc800 nmethod 159 0x00002ab8982df450 code [0x00002ab8982df5a0, 0x00002ab8982df678]
Event: 3.983 Thread 0x00002ab8940ff000  160             org.svvrl.goal.core.logic.actl.ACTLUntil::getPrecedence (2 bytes)
Event: 3.983 Thread 0x00002ab8940ff000 nmethod 160 0x00002ab8982df250 code [0x00002ab8982df380, 0x00002ab8982df3d8]
Event: 3.984 Thread 0x00002ab8940fc800  161             org.svvrl.goal.core.logic.actl.ACTLAtomic::equals (24 bytes)
Event: 3.985 Thread 0x00002ab8940ff000  162             org.svvrl.goal.core.logic.actl.ACTLAtomic::getProposition (5 bytes)
Event: 3.985 Thread 0x00002ab8940fc800 nmethod 161 0x00002ab8982e7250 code [0x00002ab8982e73a0, 0x00002ab8982e74f8]
Event: 3.985 Thread 0x00002ab8940ff000 nmethod 162 0x00002ab8982df050 code [0x00002ab8982df180, 0x00002ab8982df1d8]

GC Heap History (0 events):
No events

Deoptimization events (10 events):
Event: 0.960 Thread 0x00002ab894008000 Uncommon trap -58 fr.pc 0x00002ab898284ca0
Event: 0.960 Thread 0x00002ab894008000 Uncommon trap -58 fr.pc 0x00002ab898284ca0
Event: 0.960 Thread 0x00002ab894008000 Uncommon trap -58 fr.pc 0x00002ab898284ca0
Event: 3.278 Thread 0x00002ab894008000 Uncommon trap -34 fr.pc 0x00002ab898266a30
Event: 3.278 Thread 0x00002ab894008000 Uncommon trap -34 fr.pc 0x00002ab898266a30
Event: 3.441 Thread 0x00002ab894008000 Uncommon trap -83 fr.pc 0x00002ab8982734fc
Event: 3.617 Thread 0x00002ab894008000 Uncommon trap -34 fr.pc 0x00002ab8982bc65c
Event: 3.618 Thread 0x00002ab894008000 Uncommon trap -34 fr.pc 0x00002ab8982bc65c
Event: 3.618 Thread 0x00002ab894008000 Uncommon trap -34 fr.pc 0x00002ab8982bc65c
Event: 3.619 Thread 0x00002ab894008000 Uncommon trap -34 fr.pc 0x00002ab8982bc65c

Internal exceptions (10 events):
Event: 3.459 Thread 0x00002ab894008000 Threw 0x00000000ec80ad18 at /builddir/build/BUILD/icedtea6-1.13.4/openjdk/hotspot/src/share/vm/prims/jvm.cpp:1235
Event: 3.469 Thread 0x00002ab894008000 Threw 0x00000000ec86acd0 at /builddir/build/BUILD/icedtea6-1.13.4/openjdk/hotspot/src/share/vm/classfile/systemDictionary.cpp:179
Event: 3.469 Thread 0x00002ab894008000 Threw 0x00000000ec86b068 at /builddir/build/BUILD/icedtea6-1.13.4/openjdk/hotspot/src/share/vm/prims/jvm.cpp:1235
Event: 3.469 Thread 0x00002ab894008000 Threw 0x00000000ec86b4b0 at /builddir/build/BUILD/icedtea6-1.13.4/openjdk/hotspot/src/share/vm/prims/jvm.cpp:1235
Event: 3.810 Thread 0x00002ab894008000 Threw 0x00000000ef539370 at /builddir/build/BUILD/icedtea6-1.13.4/openjdk/hotspot/src/share/vm/classfile/systemDictionary.cpp:179
Event: 3.810 Thread 0x00002ab894008000 Threw 0x00000000ef5396b0 at /builddir/build/BUILD/icedtea6-1.13.4/openjdk/hotspot/src/share/vm/prims/jvm.cpp:1235
Event: 3.810 Thread 0x00002ab894008000 Threw 0x00000000ef539aa0 at /builddir/build/BUILD/icedtea6-1.13.4/openjdk/hotspot/src/share/vm/prims/jvm.cpp:1235
Event: 3.896 Thread 0x00002ab894008000 Threw 0x00000000efab5928 at /builddir/build/BUILD/icedtea6-1.13.4/openjdk/hotspot/src/share/vm/classfile/systemDictionary.cpp:179
Event: 3.896 Thread 0x00002ab894008000 Threw 0x00000000efab5cc0 at /builddir/build/BUILD/icedtea6-1.13.4/openjdk/hotspot/src/share/vm/prims/jvm.cpp:1235
Event: 3.896 Thread 0x00002ab894008000 Threw 0x00000000efab6108 at /builddir/build/BUILD/icedtea6-1.13.4/openjdk/hotspot/src/share/vm/prims/jvm.cpp:1235

Events (10 events):
Event: 3.819 loading class 0x00002ab894d02b60
Event: 3.820 loading class 0x00002ab894d02b60 done
Event: 3.821 loading class 0x00002ab894cffe50
Event: 3.821 loading class 0x00002ab894cffe50 done
Event: 3.821 loading class 0x00002ab894d06400
Event: 3.821 loading class 0x00002ab894d06400 done
Event: 3.821 loading class 0x00002ab894d02be0
Event: 3.821 loading class 0x00002ab894d02be0 done
Event: 3.896 loading class 0x00002ab894d3f0a0
Event: 3.896 loading class 0x00002ab894d3f0a0 done


Dynamic libraries:
00400000-00409000 r-xp 00000000 fd:01 5993                               /usr/lib/jvm/java-1.6.0-openjdk-1.6.0.0.x86_64/jre/bin/java
00608000-0060a000 rw-p 00008000 fd:01 5993                               /usr/lib/jvm/java-1.6.0-openjdk-1.6.0.0.x86_64/jre/bin/java
00ad5000-00af6000 rw-p 00000000 00:00 0                                  [heap]
b5a00000-b6ec0000 rw-p 00000000 00:00 0 
b6ec0000-c0000000 rw-p 00000000 00:00 0 
c0000000-100000000 rw-p 00000000 00:00 0 
364f800000-364f820000 r-xp 00000000 fd:01 130582                         /lib64/ld-2.12.so
364fa1f000-364fa20000 r--p 0001f000 fd:01 130582                         /lib64/ld-2.12.so
364fa20000-364fa21000 rw-p 00020000 fd:01 130582                         /lib64/ld-2.12.so
364fa21000-364fa22000 rw-p 00000000 00:00 0 
364fc00000-364fd8a000 r-xp 00000000 fd:01 130613                         /lib64/libc-2.12.so
364fd8a000-364ff8a000 ---p 0018a000 fd:01 130613                         /lib64/libc-2.12.so
364ff8a000-364ff8e000 r--p 0018a000 fd:01 130613                         /lib64/libc-2.12.so
364ff8e000-364ff8f000 rw-p 0018e000 fd:01 130613                         /lib64/libc-2.12.so
364ff8f000-364ff94000 rw-p 00000000 00:00 0 
3650000000-3650004000 r-xp 00000000 fd:01 13573                          /usr/lib/jvm/java-1.6.0-openjdk-1.6.0.0.x86_64/jre/lib/amd64/jli/libjli.so
3650004000-3650203000 ---p 00004000 fd:01 13573                          /usr/lib/jvm/java-1.6.0-openjdk-1.6.0.0.x86_64/jre/lib/amd64/jli/libjli.so
3650203000-3650204000 rw-p 00003000 fd:01 13573                          /usr/lib/jvm/java-1.6.0-openjdk-1.6.0.0.x86_64/jre/lib/amd64/jli/libjli.so
3650400000-3650417000 r-xp 00000000 fd:01 130636                         /lib64/libpthread-2.12.so
3650417000-3650617000 ---p 00017000 fd:01 130636                         /lib64/libpthread-2.12.so
3650617000-3650618000 r--p 00017000 fd:01 130636                         /lib64/libpthread-2.12.so
3650618000-3650619000 rw-p 00018000 fd:01 130636                         /lib64/libpthread-2.12.so
3650619000-365061d000 rw-p 00000000 00:00 0 
3650800000-3650802000 r-xp 00000000 fd:01 130624                         /lib64/libdl-2.12.so
3650802000-3650a02000 ---p 00002000 fd:01 130624                         /lib64/libdl-2.12.so
3650a02000-3650a03000 r--p 00002000 fd:01 130624                         /lib64/libdl-2.12.so
3650a03000-3650a04000 rw-p 00003000 fd:01 130624                         /lib64/libdl-2.12.so
3650c00000-3650c15000 r-xp 00000000 fd:01 130638                         /lib64/libz.so.1.2.3
3650c15000-3650e14000 ---p 00015000 fd:01 130638                         /lib64/libz.so.1.2.3
3650e14000-3650e15000 r--p 00014000 fd:01 130638                         /lib64/libz.so.1.2.3
3650e15000-3650e16000 rw-p 00015000 fd:01 130638                         /lib64/libz.so.1.2.3
3651000000-3651007000 r-xp 00000000 fd:01 132701                         /lib64/librt-2.12.so
3651007000-3651206000 ---p 00007000 fd:01 132701                         /lib64/librt-2.12.so
3651206000-3651207000 r--p 00006000 fd:01 132701                         /lib64/librt-2.12.so
3651207000-3651208000 rw-p 00007000 fd:01 132701                         /lib64/librt-2.12.so
3651800000-3651816000 r-xp 00000000 fd:01 133662                         /lib64/libgcc_s-4.4.7-20120601.so.1
3651816000-3651a15000 ---p 00016000 fd:01 133662                         /lib64/libgcc_s-4.4.7-20120601.so.1
3651a15000-3651a16000 rw-p 00015000 fd:01 133662                         /lib64/libgcc_s-4.4.7-20120601.so.1
3653000000-36530e8000 r-xp 00000000 fd:01 49938                          /usr/lib64/libstdc++.so.6.0.13
36530e8000-36532e8000 ---p 000e8000 fd:01 49938                          /usr/lib64/libstdc++.so.6.0.13
36532e8000-36532ef000 r--p 000e8000 fd:01 49938                          /usr/lib64/libstdc++.so.6.0.13
36532ef000-36532f1000 rw-p 000ef000 fd:01 49938                          /usr/lib64/libstdc++.so.6.0.13
36532f1000-3653306000 rw-p 00000000 00:00 0 
365c200000-365c216000 r-xp 00000000 fd:01 137559                         /lib64/libnsl-2.12.so
365c216000-365c415000 ---p 00016000 fd:01 137559                         /lib64/libnsl-2.12.so
365c415000-365c416000 r--p 00015000 fd:01 137559                         /lib64/libnsl-2.12.so
365c416000-365c417000 rw-p 00016000 fd:01 137559                         /lib64/libnsl-2.12.so
365c417000-365c419000 rw-p 00000000 00:00 0 
2ab8929ca000-2ab8929cb000 rw-p 00000000 00:00 0 
2ab8929e1000-2ab8929e5000 rw-p 00000000 00:00 0 
2ab8929e5000-2ab8933f0000 r-xp 00000000 fd:01 23213                      /usr/lib/jvm/java-1.6.0-openjdk-1.6.0.0.x86_64/jre/lib/amd64/server/libjvm.so
2ab8933f0000-2ab8935f0000 ---p 00a0b000 fd:01 23213                      /usr/lib/jvm/java-1.6.0-openjdk-1.6.0.0.x86_64/jre/lib/amd64/server/libjvm.so
2ab8935f0000-2ab893691000 rw-p 00a0b000 fd:01 23213                      /usr/lib/jvm/java-1.6.0-openjdk-1.6.0.0.x86_64/jre/lib/amd64/server/libjvm.so
2ab893691000-2ab8936ba000 rw-p 00000000 00:00 0 
2ab8936d0000-2ab893753000 r-xp 00000000 fd:01 130627                     /lib64/libm-2.12.so
2ab893753000-2ab893952000 ---p 00083000 fd:01 130627                     /lib64/libm-2.12.so
2ab893952000-2ab893953000 r--p 00082000 fd:01 130627                     /lib64/libm-2.12.so
2ab893953000-2ab893954000 rw-p 00083000 fd:01 130627                     /lib64/libm-2.12.so
2ab893954000-2ab893957000 ---p 00000000 00:00 0 
2ab893957000-2ab893a55000 rw-p 00000000 00:00 0 
2ab893a55000-2ab893a63000 r-xp 00000000 fd:01 23207                      /usr/lib/jvm/java-1.6.0-openjdk-1.6.0.0.x86_64/jre/lib/amd64/libverify.so
2ab893a63000-2ab893c63000 ---p 0000e000 fd:01 23207                      /usr/lib/jvm/java-1.6.0-openjdk-1.6.0.0.x86_64/jre/lib/amd64/libverify.so
2ab893c63000-2ab893c65000 rw-p 0000e000 fd:01 23207                      /usr/lib/jvm/java-1.6.0-openjdk-1.6.0.0.x86_64/jre/lib/amd64/libverify.so
2ab893c65000-2ab893c92000 r-xp 00000000 fd:01 23159                      /usr/lib/jvm/java-1.6.0-openjdk-1.6.0.0.x86_64/jre/lib/amd64/libjava.so
2ab893c92000-2ab893e91000 ---p 0002d000 fd:01 23159                      /usr/lib/jvm/java-1.6.0-openjdk-1.6.0.0.x86_64/jre/lib/amd64/libjava.so
2ab893e91000-2ab893e95000 rw-p 0002c000 fd:01 23159                      /usr/lib/jvm/java-1.6.0-openjdk-1.6.0.0.x86_64/jre/lib/amd64/libjava.so
2ab893e95000-2ab893e96000 r--p 00000000 00:00 0 
2ab893e96000-2ab893e97000 rw-p 00000000 00:00 0 
2ab893e97000-2ab893ecc000 r--s 00000000 fd:02 128540                     /var/db/nscd/passwd
2ab893ecc000-2ab893ed4000 rw-s 00000000 fd:03 38                         /tmp/hsperfdata_dw07r324/27031
2ab894000000-2ab894e0b000 rw-p 00000000 00:00 0 
2ab894e0b000-2ab898000000 ---p 00000000 00:00 0 
2ab898000000-2ab898007000 r-xp 00000000 fd:01 23208                      /usr/lib/jvm/java-1.6.0-openjdk-1.6.0.0.x86_64/jre/lib/amd64/libzip.so
2ab898007000-2ab898207000 ---p 00007000 fd:01 23208                      /usr/lib/jvm/java-1.6.0-openjdk-1.6.0.0.x86_64/jre/lib/amd64/libzip.so
2ab898207000-2ab898208000 rw-p 00007000 fd:01 23208                      /usr/lib/jvm/java-1.6.0-openjdk-1.6.0.0.x86_64/jre/lib/amd64/libzip.so
2ab898208000-2ab898478000 rwxp 00000000 00:00 0 
2ab898478000-2ab89b208000 rw-p 00000000 00:00 0 
2ab89b208000-2ab89b212000 rw-p 00000000 00:00 0 
2ab89b212000-2ab89b2c8000 rw-p 00000000 00:00 0 
2ab89b2c8000-2ab89b2d3000 rw-p 00000000 00:00 0 
2ab89b2d3000-2ab89b31b000 rw-p 00000000 00:00 0 
2ab89b31b000-2ab89b67d000 rw-p 00000000 00:00 0 
2ab89b67d000-2ab89b6c5000 rw-p 00000000 00:00 0 
2ab89b6c5000-2ab89b6c6000 ---p 00000000 00:00 0 
2ab89b6c6000-2ab89b7c6000 rw-p 00000000 00:00 0 
2ab89b7c6000-2ab89b7c7000 ---p 00000000 00:00 0 
2ab89b7c7000-2ab89b8c7000 rw-p 00000000 00:00 0 
2ab89b8c7000-2ab89b8c8000 ---p 00000000 00:00 0 
2ab89b8c8000-2ab89b9c8000 rw-p 00000000 00:00 0 
2ab89b9c8000-2ab89b9c9000 ---p 00000000 00:00 0 
2ab89b9c9000-2ab89bac9000 rw-p 00000000 00:00 0 
2ab89bac9000-2ab89baca000 ---p 00000000 00:00 0 
2ab89baca000-2ab89bbca000 rw-p 00000000 00:00 0 
2ab89bbca000-2ab89bbcb000 ---p 00000000 00:00 0 
2ab89bbcb000-2ab89bccb000 rw-p 00000000 00:00 0 
2ab89bccb000-2ab89bccc000 ---p 00000000 00:00 0 
2ab89bccc000-2ab89bdcc000 rw-p 00000000 00:00 0 
2ab89bdcc000-2ab89bdcd000 ---p 00000000 00:00 0 
2ab89bdcd000-2ab89becd000 rw-p 00000000 00:00 0 
2ab89c000000-2ab89c021000 rw-p 00000000 00:00 0 
2ab89c021000-2ab8a0000000 ---p 00000000 00:00 0 
2ab8a0000000-2ab8a0021000 rw-p 00000000 00:00 0 
2ab8a0021000-2ab8a4000000 ---p 00000000 00:00 0 
2ab8a4000000-2ab8a4021000 rw-p 00000000 00:00 0 
2ab8a4021000-2ab8a8000000 ---p 00000000 00:00 0 
2ab8a8000000-2ab8a8021000 rw-p 00000000 00:00 0 
2ab8a8021000-2ab8ac000000 ---p 00000000 00:00 0 
2ab8ac000000-2ab8aeea4000 rw-p 00000000 00:00 0 
2ab8aeea4000-2ab8af03a000 r--s 01a15000 fd:01 23288                      /usr/lib/jvm/java-1.6.0-openjdk-1.6.0.0.x86_64/jre/lib/rt.jar
2ab8af03a000-2ab8aff20000 rw-p 00000000 00:00 0 
2ab8b0000000-2ab8b0021000 rw-p 00000000 00:00 0 
2ab8b0021000-2ab8b4000000 ---p 00000000 00:00 0 
2ab8b4000000-2ab8b4021000 rw-p 00000000 00:00 0 
2ab8b4021000-2ab8b8000000 ---p 00000000 00:00 0 
2ab8b8000000-2ab8b8021000 rw-p 00000000 00:00 0 
2ab8b8021000-2ab8bc000000 ---p 00000000 00:00 0 
2ab8bc000000-2ab8bc021000 rw-p 00000000 00:00 0 
2ab8bc021000-2ab8c0000000 ---p 00000000 00:00 0 
2ab8c0000000-2ab8c0d91000 rw-p 00000000 00:00 0 
2ab8c0d91000-2ab8c0d92000 ---p 00000000 00:00 0 
2ab8c0d92000-2ab8c0e92000 rw-p 00000000 00:00 0 
2ab8c0e92000-2ab8c0e95000 ---p 00000000 00:00 0 
2ab8c0e95000-2ab8c0f93000 rw-p 00000000 00:00 0 
2ab8c0f93000-2ab8c0f96000 ---p 00000000 00:00 0 
2ab8c0f96000-2ab8c1094000 rw-p 00000000 00:00 0 
2ab8c4000000-2ab8c4021000 rw-p 00000000 00:00 0 
2ab8c4021000-2ab8c8000000 ---p 00000000 00:00 0 
2ab8c8000000-2ab8c8021000 rw-p 00000000 00:00 0 
2ab8c8021000-2ab8cc000000 ---p 00000000 00:00 0 
2ab8cc000000-2ab8cc021000 rw-p 00000000 00:00 0 
2ab8cc021000-2ab8d0000000 ---p 00000000 00:00 0 
2ab8d0000000-2ab8d5e91000 r--p 00000000 fd:01 49935                      /usr/lib/locale/locale-archive
2ab8d5e91000-2ab8d5e94000 ---p 00000000 00:00 0 
2ab8d5e94000-2ab8d5f92000 rw-p 00000000 00:00 0 
2ab8d5f92000-2ab8d5f95000 ---p 00000000 00:00 0 
2ab8d5f95000-2ab8d6093000 rw-p 00000000 00:00 0 
2ab8d6093000-2ab8d6096000 ---p 00000000 00:00 0 
2ab8d6096000-2ab8d6194000 rw-p 00000000 00:00 0 
2ab8d6194000-2ab8d6197000 ---p 00000000 00:00 0 
2ab8d6197000-2ab8d6295000 rw-p 00000000 00:00 0 
2ab8d6295000-2ab8d6296000 ---p 00000000 00:00 0 
2ab8d6296000-2ab8d6396000 rw-p 00000000 00:00 0 
2ab8d6396000-2ab8d6398000 r--s 00009000 00:35 125760574                  /mmfs/automount/gpfs/homefs/sm/dw07r324/bin/GOAL-20140808/lib/jpf-boot.jar
2ab8d6398000-2ab8d639b000 r--s 0000f000 fd:01 23233                      /usr/lib/jvm/java-1.6.0-openjdk-1.6.0.0.x86_64/jre/lib/ext/pulse-java.jar
2ab8d639b000-2ab8d63a4000 r--s 00065000 fd:01 23228                      /usr/lib/jvm/java-1.6.0-openjdk-1.6.0.0.x86_64/jre/lib/ext/gnome-java-bridge.jar
2ab8d63a4000-2ab8d63a6000 r--s 00009000 00:35 125760574                  /mmfs/automount/gpfs/homefs/sm/dw07r324/bin/GOAL-20140808/lib/jpf-boot.jar
2ab8d63a6000-2ab8d63aa000 r--s 0003c000 fd:01 14238                      /usr/lib/jvm/java-1.6.0-openjdk-1.6.0.0.x86_64/jre/lib/jsse.jar
2ab8d63aa000-2ab8d63af000 r--s 0002d000 00:35 125760577                  /mmfs/automount/gpfs/homefs/sm/dw07r324/bin/GOAL-20140808/lib/jpf.jar
2ab8d63af000-2ab8d63b1000 r--s 0000d000 00:35 125760571                  /mmfs/automount/gpfs/homefs/sm/dw07r324/bin/GOAL-20140808/lib/commons-logging.jar
2ab8d63b1000-2ab8d63b3000 r--s 00012000 00:35 125760576                  /mmfs/automount/gpfs/homefs/sm/dw07r324/bin/GOAL-20140808/lib/jpf-tools.jar
2ab8d63b3000-2ab8d63ba000 r--s 00039000 00:35 125760578                  /mmfs/automount/gpfs/homefs/sm/dw07r324/bin/GOAL-20140808/lib/jxp.jar
2ab8d63ba000-2ab8d63bc000 r--s 00004000 00:35 125760570                  /mmfs/automount/gpfs/homefs/sm/dw07r324/bin/GOAL-20140808/lib/AppleJavaExtensions.jar
2ab8d63bc000-2ab8d63c1000 r--s 0002a000 00:35 125760572                  /mmfs/automount/gpfs/homefs/sm/dw07r324/bin/GOAL-20140808/lib/gson-2.2.2.jar
2ab8d63c1000-2ab8d63c4000 r--s 0001a000 00:35 125760579                  /mmfs/automount/gpfs/homefs/sm/dw07r324/bin/GOAL-20140808/lib/minijdd_104.jar
2ab8d63c4000-2ab8d63e7000 r--s 0022d000 00:35 115393536                  /mmfs/automount/gpfs/homefs/sm/dw07r324/bin/GOAL-20140808/.jpf-shadow/org.svvrl.goal.core@2014.8.8.zip
2ab8d63e7000-2ab8d648a000 r-xp 00000000 fd:01 13434                      /usr/lib/jvm/java-1.6.0-openjdk-1.6.0.0.x86_64/jre/lib/amd64/libawt.so
2ab8d648a000-2ab8d668a000 ---p 000a3000 fd:01 13434                      /usr/lib/jvm/java-1.6.0-openjdk-1.6.0.0.x86_64/jre/lib/amd64/libawt.so
2ab8d668a000-2ab8d6696000 rw-p 000a3000 fd:01 13434                      /usr/lib/jvm/java-1.6.0-openjdk-1.6.0.0.x86_64/jre/lib/amd64/libawt.so
2ab8d6696000-2ab8d66ba000 rw-p 00000000 00:00 0 
2ab8d66ba000-2ab8d66c0000 r-xp 00000000 fd:01 8525                       /usr/lib/jvm/java-1.6.0-openjdk-1.6.0.0.x86_64/jre/lib/amd64/headless/libmawt.so
2ab8d66c0000-2ab8d68bf000 ---p 00006000 fd:01 8525                       /usr/lib/jvm/java-1.6.0-openjdk-1.6.0.0.x86_64/jre/lib/amd64/headless/libmawt.so
2ab8d68bf000-2ab8d68c0000 rw-p 00005000 fd:01 8525                       /usr/lib/jvm/java-1.6.0-openjdk-1.6.0.0.x86_64/jre/lib/amd64/headless/libmawt.so
2ab8d68c0000-2ab8d68c2000 rw-p 00000000 00:00 0 
2ab8d8000000-2ab8d8021000 rw-p 00000000 00:00 0 
2ab8d8021000-2ab8dc000000 ---p 00000000 00:00 0 
2ab8dc000000-2ab8dd345000 rw-p 00000000 00:00 0 
2ab8dd345000-2ab8e0000000 ---p 00000000 00:00 0 
2ab8e0000000-2ab8e0ce3000 rw-p 00000000 00:00 0 
2ab8e0ce3000-2ab8e4000000 ---p 00000000 00:00 0 
2ab8e4000000-2ab8e4021000 rw-p 00000000 00:00 0 
2ab8e4021000-2ab8e8000000 ---p 00000000 00:00 0 
2ab8e8000000-2ab8e8021000 rw-p 00000000 00:00 0 
2ab8e8021000-2ab8ec000000 ---p 00000000 00:00 0 
7fffcda63000-7fffcda9a000 rw-p 00000000 00:00 0                          [stack]
7fffcdb7c000-7fffcdb7d000 r-xp 00000000 00:00 0                          [vdso]
ffffffffff600000-ffffffffff601000 r-xp 00000000 00:00 0                  [vsyscall]

VM Arguments:
jvm_args: -Xmx1G -Xms1G -DapplicationRoot=/home/ubelix/sm/dw07r324/bin/GOAL-20140808 -Dorg.java.plugin.boot.pluginsRepositories=/home/ubelix/sm/dw07r324/bin/GOAL-20140808/plugins -Djpf.boot.config=/home/ubelix/sm/dw07r324/bin/GOAL-20140808/boot.properties -Dorg.apache.commons.logging.Log=org.apache.commons.logging.impl.SimpleLog -Dorg.apache.commons.logging.simplelog.log.org.java.plugin=fatal 
java_command: /home/ubelix/sm/dw07r324/bin/GOAL-20140808/lib/jpf-boot.jar complement -m piterman -eq -macc -sp -ro -r /scratch/local/8663605.1.all.q/test_set_s15/s15_t2.2_a0.4_076.gff
Launcher Type: SUN_STANDARD

Environment Variables:
CLASSPATH=/home/ubelix/sm/dw07r324/bin/GOAL-20140808:/home/ubelix/sm/dw07r324/bin/GOAL-20140808/plugins:/home/ubelix/sm/dw07r324/bin/GOAL-20140808/lib:
PATH=/scratch/local/8663605.1.all.q:/usr/lib64/qt-3.3/bin:/usr/local/bin:/bin:/usr/bin:/usr/local/sbin:/usr/sbin:/sbin:/usr/lpp/mmfs/bin:/home/ubelix/sm/dw07r324/bin/GOAL-20140808:/home/ubelix/sm/dw07r324/bin/gnu_time/bin:/usr/lpp/mmfs/bin
LD_LIBRARY_PATH=/usr/lib/jvm/java-1.6.0-openjdk-1.6.0.0.x86_64/jre/lib/amd64/server:/usr/lib/jvm/java-1.6.0-openjdk-1.6.0.0.x86_64/jre/lib/amd64:/usr/lib/jvm/java-1.6.0-openjdk-1.6.0.0.x86_64/jre/../lib/amd64
SHELL=/bin/bash

Signal Handlers:
SIGSEGV: [libjvm.so+0x870a40], sa_mask[0]=0x7ffbfeff, sa_flags=0x10000004
SIGBUS: [libjvm.so+0x870a40], sa_mask[0]=0x7ffbfeff, sa_flags=0x10000004
SIGFPE: [libjvm.so+0x719240], sa_mask[0]=0x7ffbfeff, sa_flags=0x10000004
SIGPIPE: [libjvm.so+0x719240], sa_mask[0]=0x7ffbfeff, sa_flags=0x10000004
SIGXFSZ: [libjvm.so+0x719240], sa_mask[0]=0x7ffbfeff, sa_flags=0x10000004
SIGILL: [libjvm.so+0x719240], sa_mask[0]=0x7ffbfeff, sa_flags=0x10000004
SIGUSR1: SIG_DFL, sa_mask[0]=0x00000000, sa_flags=0x00000000
SIGUSR2: [libjvm.so+0x718d60], sa_mask[0]=0x00000000, sa_flags=0x10000004
SIGHUP: [libjvm.so+0x71bdf0], sa_mask[0]=0x7ffbfeff, sa_flags=0x10000004
SIGINT: [libjvm.so+0x71bdf0], sa_mask[0]=0x7ffbfeff, sa_flags=0x10000004
SIGTERM: [libjvm.so+0x71bdf0], sa_mask[0]=0x7ffbfeff, sa_flags=0x10000004
SIGQUIT: [libjvm.so+0x71bdf0], sa_mask[0]=0x7ffbfeff, sa_flags=0x10000004


---------------  S Y S T E M  ---------------

OS:Red Hat Enterprise Linux ComputeNode release 6.5 (Santiago)

uname:Linux 2.6.32-431.29.2.el6.x86_64 #1 SMP Sun Jul 27 15:55:46 EDT 2014 x86_64
libc:glibc 2.12 NPTL 2.12 
rlimit: STACK infinity, CORE infinity, NPROC 127431, NOFILE 4096, AS 8388608k
load average:3.31 3.25 3.25

/proc/meminfo:
MemTotal:       16331612 kB
MemFree:         5039832 kB
Buffers:           15972 kB
Cached:          6051192 kB
SwapCached:           88 kB
Active:          2891896 kB
Inactive:        3717212 kB
Active(anon):     478696 kB
Inactive(anon):    63452 kB
Active(file):    2413200 kB
Inactive(file):  3653760 kB
Unevictable:     4082900 kB
Mlocked:         4082900 kB
SwapTotal:       8388604 kB
SwapFree:        8388380 kB
Dirty:                68 kB
Writeback:             0 kB
AnonPages:       4624780 kB
Mapped:            98684 kB
Shmem:               192 kB
Slab:             374780 kB
SReclaimable:     307844 kB
SUnreclaim:        66936 kB
KernelStack:        4704 kB
PageTables:        16800 kB
NFS_Unstable:          0 kB
Bounce:                0 kB
WritebackTmp:          0 kB
CommitLimit:    16554408 kB
Committed_AS:    6812700 kB
VmallocTotal:   34359738367 kB
VmallocUsed:      109412 kB
VmallocChunk:   34351234244 kB
HardwareCorrupted:     0 kB
AnonHugePages:         0 kB
HugePages_Total:       0
HugePages_Free:        0
HugePages_Rsvd:        0
HugePages_Surp:        0
Hugepagesize:       2048 kB
DirectMap4k:        9920 kB
DirectMap2M:     2086912 kB
DirectMap1G:    14680064 kB


CPU:total 8 (4 cores per cpu, 1 threads per core) family 16 model 2 stepping 3, cmov, cx8, fxsr, mmx, sse, sse2, sse3, popcnt, mmxext, 3dnowpref, lzcnt, sse4a, tsc, tscinvbit, tscinv

/proc/cpuinfo:
processor	: 0
vendor_id	: AuthenticAMD
cpu family	: 16
model		: 2
model name	: Quad-Core AMD Opteron(tm) Processor 2354
stepping	: 3
cpu MHz		: 2200.000
cache size	: 512 KB
physical id	: 0
siblings	: 4
core id		: 0
cpu cores	: 4
apicid		: 0
initial apicid	: 0
fpu		: yes
fpu_exception	: yes
cpuid level	: 5
wp		: yes
flags		: fpu vme de pse tsc msr pae mce cx8 apic sep mtrr pge mca cmov pat pse36 clflush mmx fxsr sse sse2 ht syscall nx mmxext fxsr_opt pdpe1gb rdtscp lm 3dnowext 3dnow constant_tsc rep_good nonstop_tsc extd_apicid pni monitor cx16 popcnt lahf_lm cmp_legacy svm extapic cr8_legacy abm sse4a misalignsse 3dnowprefetch osvw ibs npt lbrv svm_lock
bogomips	: 4422.88
TLB size	: 1024 4K pages
clflush size	: 64
cache_alignment	: 64
address sizes	: 48 bits physical, 48 bits virtual
power management: ts ttp tm stc 100mhzsteps hwpstate

processor	: 1
vendor_id	: AuthenticAMD
cpu family	: 16
model		: 2
model name	: Quad-Core AMD Opteron(tm) Processor 2354
stepping	: 3
cpu MHz		: 2200.000
cache size	: 512 KB
physical id	: 0
siblings	: 4
core id		: 1
cpu cores	: 4
apicid		: 1
initial apicid	: 1
fpu		: yes
fpu_exception	: yes
cpuid level	: 5
wp		: yes
flags		: fpu vme de pse tsc msr pae mce cx8 apic sep mtrr pge mca cmov pat pse36 clflush mmx fxsr sse sse2 ht syscall nx mmxext fxsr_opt pdpe1gb rdtscp lm 3dnowext 3dnow constant_tsc rep_good nonstop_tsc extd_apicid pni monitor cx16 popcnt lahf_lm cmp_legacy svm extapic cr8_legacy abm sse4a misalignsse 3dnowprefetch osvw ibs npt lbrv svm_lock
bogomips	: 4422.88
TLB size	: 1024 4K pages
clflush size	: 64
cache_alignment	: 64
address sizes	: 48 bits physical, 48 bits virtual
power management: ts ttp tm stc 100mhzsteps hwpstate

processor	: 2
vendor_id	: AuthenticAMD
cpu family	: 16
model		: 2
model name	: Quad-Core AMD Opteron(tm) Processor 2354
stepping	: 3
cpu MHz		: 2200.000
cache size	: 512 KB
physical id	: 0
siblings	: 4
core id		: 2
cpu cores	: 4
apicid		: 2
initial apicid	: 2
fpu		: yes
fpu_exception	: yes
cpuid level	: 5
wp		: yes
flags		: fpu vme de pse tsc msr pae mce cx8 apic sep mtrr pge mca cmov pat pse36 clflush mmx fxsr sse sse2 ht syscall nx mmxext fxsr_opt pdpe1gb rdtscp lm 3dnowext 3dnow constant_tsc rep_good nonstop_tsc extd_apicid pni monitor cx16 popcnt lahf_lm cmp_legacy svm extapic cr8_legacy abm sse4a misalignsse 3dnowprefetch osvw ibs npt lbrv svm_lock
bogomips	: 4422.88
TLB size	: 1024 4K pages
clflush size	: 64
cache_alignment	: 64
address sizes	: 48 bits physical, 48 bits virtual
power management: ts ttp tm stc 100mhzsteps hwpstate

processor	: 3
vendor_id	: AuthenticAMD
cpu family	: 16
model		: 2
model name	: Quad-Core AMD Opteron(tm) Processor 2354
stepping	: 3
cpu MHz		: 2200.000
cache size	: 512 KB
physical id	: 0
siblings	: 4
core id		: 3
cpu cores	: 4
apicid		: 3
initial apicid	: 3
fpu		: yes
fpu_exception	: yes
cpuid level	: 5
wp		: yes
flags		: fpu vme de pse tsc msr pae mce cx8 apic sep mtrr pge mca cmov pat pse36 clflush mmx fxsr sse sse2 ht syscall nx mmxext fxsr_opt pdpe1gb rdtscp lm 3dnowext 3dnow constant_tsc rep_good nonstop_tsc extd_apicid pni monitor cx16 popcnt lahf_lm cmp_legacy svm extapic cr8_legacy abm sse4a misalignsse 3dnowprefetch osvw ibs npt lbrv svm_lock
bogomips	: 4422.88
TLB size	: 1024 4K pages
clflush size	: 64
cache_alignment	: 64
address sizes	: 48 bits physical, 48 bits virtual
power management: ts ttp tm stc 100mhzsteps hwpstate

processor	: 4
vendor_id	: AuthenticAMD
cpu family	: 16
model		: 2
model name	: Quad-Core AMD Opteron(tm) Processor 2354
stepping	: 3
cpu MHz		: 2200.000
cache size	: 512 KB
physical id	: 1
siblings	: 4
core id		: 0
cpu cores	: 4
apicid		: 4
initial apicid	: 4
fpu		: yes
fpu_exception	: yes
cpuid level	: 5
wp		: yes
flags		: fpu vme de pse tsc msr pae mce cx8 apic sep mtrr pge mca cmov pat pse36 clflush mmx fxsr sse sse2 ht syscall nx mmxext fxsr_opt pdpe1gb rdtscp lm 3dnowext 3dnow constant_tsc rep_good nonstop_tsc extd_apicid pni monitor cx16 popcnt lahf_lm cmp_legacy svm extapic cr8_legacy abm sse4a misalignsse 3dnowprefetch osvw ibs npt lbrv svm_lock
bogomips	: 4422.23
TLB size	: 1024 4K pages
clflush size	: 64
cache_alignment	: 64
address sizes	: 48 bits physical, 48 bits virtual
power management: ts ttp tm stc 100mhzsteps hwpstate

processor	: 5
vendor_id	: AuthenticAMD
cpu family	: 16
model		: 2
model name	: Quad-Core AMD Opteron(tm) Processor 2354
stepping	: 3
cpu MHz		: 2200.000
cache size	: 512 KB
physical id	: 1
siblings	: 4
core id		: 1
cpu cores	: 4
apicid		: 5
initial apicid	: 5
fpu		: yes
fpu_exception	: yes
cpuid level	: 5
wp		: yes
flags		: fpu vme de pse tsc msr pae mce cx8 apic sep mtrr pge mca cmov pat pse36 clflush mmx fxsr sse sse2 ht syscall nx mmxext fxsr_opt pdpe1gb rdtscp lm 3dnowext 3dnow constant_tsc rep_good nonstop_tsc extd_apicid pni monitor cx16 popcnt lahf_lm cmp_legacy svm extapic cr8_legacy abm sse4a misalignsse 3dnowprefetch osvw ibs npt lbrv svm_lock
bogomips	: 4422.23
TLB size	: 1024 4K pages
clflush size	: 64
cache_alignment	: 64
address sizes	: 48 bits physical, 48 bits virtual
power management: ts ttp tm stc 100mhzsteps hwpstate

processor	: 6
vendor_id	: AuthenticAMD
cpu family	: 16
model		: 2
model name	: Quad-Core AMD Opteron(tm) Processor 2354
stepping	: 3
cpu MHz		: 2200.000
cache size	: 512 KB
physical id	: 1
siblings	: 4
core id		: 2
cpu cores	: 4
apicid		: 6
initial apicid	: 6
fpu		: yes
fpu_exception	: yes
cpuid level	: 5
wp		: yes
flags		: fpu vme de pse tsc msr pae mce cx8 apic sep mtrr pge mca cmov pat pse36 clflush mmx fxsr sse sse2 ht syscall nx mmxext fxsr_opt pdpe1gb rdtscp lm 3dnowext 3dnow constant_tsc rep_good nonstop_tsc extd_apicid pni monitor cx16 popcnt lahf_lm cmp_legacy svm extapic cr8_legacy abm sse4a misalignsse 3dnowprefetch osvw ibs npt lbrv svm_lock
bogomips	: 4422.23
TLB size	: 1024 4K pages
clflush size	: 64
cache_alignment	: 64
address sizes	: 48 bits physical, 48 bits virtual
power management: ts ttp tm stc 100mhzsteps hwpstate

processor	: 7
vendor_id	: AuthenticAMD
cpu family	: 16
model		: 2
model name	: Quad-Core AMD Opteron(tm) Processor 2354
stepping	: 3
cpu MHz		: 2200.000
cache size	: 512 KB
physical id	: 1
siblings	: 4
core id		: 3
cpu cores	: 4
apicid		: 7
initial apicid	: 7
fpu		: yes
fpu_exception	: yes
cpuid level	: 5
wp		: yes
flags		: fpu vme de pse tsc msr pae mce cx8 apic sep mtrr pge mca cmov pat pse36 clflush mmx fxsr sse sse2 ht syscall nx mmxext fxsr_opt pdpe1gb rdtscp lm 3dnowext 3dnow constant_tsc rep_good nonstop_tsc extd_apicid pni monitor cx16 popcnt lahf_lm cmp_legacy svm extapic cr8_legacy abm sse4a misalignsse 3dnowprefetch osvw ibs npt lbrv svm_lock
bogomips	: 4422.23
TLB size	: 1024 4K pages
clflush size	: 64
cache_alignment	: 64
address sizes	: 48 bits physical, 48 bits virtual
power management: ts ttp tm stc 100mhzsteps hwpstate



Memory: 4k page, physical 16331612k(5039832k free), swap 8388604k(8388380k free)

vm_info: OpenJDK 64-Bit Server VM (23.25-b01) for linux-amd64 JRE (1.6.0_32-b32), built on Aug 21 2014 11:15:48 by "mockbuild" with gcc 4.4.7 20120313 (Red Hat 4.4.7-4)

time: Tue Sep 23 11:08:55 2014
elapsed time: 8 seconds

