#
# A fatal error has been detected by the Java Runtime Environment:
#
#  SIGBUS (0x7) at pc=0x00002b798562d522, pid=32462, tid=47800924149504
#
# JRE version: 6.0_32-b32
# Java VM: OpenJDK 64-Bit Server VM (23.25-b01 mixed mode linux-amd64 compressed oops)
# Problematic frame:
# C  [libzip.so+0x4522]  ZIP_Lock+0x252
#
# Core dump written. Default location: /mmfs/automount/gpfs/homefs/sm/dw07r324/jobs/piterman.eq.macc.sp.ro.r/core or core.32462
#
# If you would like to submit a bug report, please include
# instructions how to reproduce the bug and visit:
#   http://icedtea.classpath.org/bugzilla
# The crash happened outside the Java Virtual Machine in native code.
# See problematic frame for where to report the bug.
#

---------------  T H R E A D  ---------------

Current thread (0x00002b7988008000):  JavaThread "main" [_thread_in_native, id=32463, stack(0x00002b79850a9000,0x00002b79851aa000)]

siginfo:si_signo=SIGBUS: si_errno=0, si_code=2 (BUS_ADRERR), si_addr=0x00002b79ca3da3a7

Registers:
RAX=0x00002b7988d0eaf0, RBX=0x00002b79ca3da38a, RCX=0x0000000000000080, RDX=0x0000000000000021
RSP=0x00002b79851a6290, RBP=0x00002b79851a62d0, RSI=0x0000000000000000, RDI=0x0000000000000000
R8 =0x00002b7988000088, R9 =0x0000000000000001, R10=0x0000000000000040, R11=0x00002b79848d9660
R12=0x00002b7988d0eaf0, R13=0x00002b79882e3270, R14=0x00002b79851a6340, R15=0x00002b7988d0eaf0
RIP=0x00002b798562d522, EFLAGS=0x0000000000010202, CSGSFS=0x0000000000000033, ERR=0x0000000000000004
  TRAPNO=0x000000000000000e

Top of Stack: (sp=0x00002b79851a6290)
0x00002b79851a6290:   00002b79882e3390 00002b798482305e
0x00002b79851a62a0:   0000000000000549 00002b79882e0eec
0x00002b79851a62b0:   00002b79882e3270 000000004fb7fd7d
0x00002b79851a62c0:   00002b79851a6340 0000000000000037
0x00002b79851a62d0:   00002b79851a6320 00002b798562dae2
0x00002b79851a62e0:   00002b7988008000 00002b79882e3170
0x00002b79851a62f0:   00002b79851a6360 00002b79880081d8
0x00002b79851a6300:   00002b79851a6340 0000000000000037
0x00002b79851a6310:   00002b79851a6818 00002b79851a6340
0x00002b79851a6320:   00002b79851a6780 00002b798562cae4
0x00002b79851a6330:   00000037014c5450 00002b79882e3270
0x00002b79851a6340:   2f73657373616c63 727676732f67726f
0x00002b79851a6350:   632f6c616f672f6c 69676f6c2f65726f
0x00002b79851a6360:   512f6c7470712f63 65737261504c5450
0x00002b79851a6370:   007373616c632e72 0000000400000000
0x00002b79851a6380:   00002b7988008c38 00002b79851a6388
0x00002b79851a6390:   00002b79851a63c0 00002b7988008000
0x00002b79851a63a0:   00000000b5cc4b00 000000000000001a
0x00002b79851a63b0:   00002b7988008000 00000000b5cc4b00
0x00002b79851a63c0:   00002b79851a6420 00002b798466d5f2
0x00002b79851a63d0:   00002b7988008000 00000000b5cb3890
0x00002b79851a63e0:   00002b7988008000 00000000b5cb4cc8
0x00002b79851a63f0:   0000000000000000 00000000000000bd
0x00002b79851a6400:   0000000000000000 00002b7988008000
0x00002b79851a6410:   00002b79851a6400 00002b7900000000
0x00002b79851a6420:   00000000b5cc8c58 00002b0000000061
0x00002b79851a6430:   00000000b5bdfef5 00000000efa81f50
0x00002b79851a6440:   00002b79851a6440 00000000b5cc69cb
0x00002b79851a6450:   00002b79851a64a0 00002b7988008c28
0x00002b79851a6460:   0000000000000000 0000000000000001
0x00002b79851a6470:   00002b7988008000 ffffffffffffffff
0x00002b79851a6480:   00002b79851a64f0 00002b7984629a03 

Instructions: (pc=0x00002b798562d522)
0x00002b798562d502:   00 00 00 00 00 48 c7 40 30 00 00 00 00 48 c7 40
0x00002b798562d512:   28 00 00 00 00 8b 5b 04 49 2b 5d 28 49 03 5d 18
0x00002b798562d522:   44 0f b6 73 1d 0f b6 43 1c 41 c1 e6 08 41 09 c6
0x00002b798562d532:   0f b6 43 1e 88 45 ce 0f b6 43 1f 88 45 cf 0f b6 

Register to memory mapping:

RAX=0x00002b7988d0eaf0 is an unknown value
RBX=0x00002b79ca3da38a is an unknown value
RCX=0x0000000000000080 is an unknown value
RDX=0x0000000000000021 is an unknown value
RSP=0x00002b79851a6290 is pointing into the stack for thread: 0x00002b7988008000
RBP=0x00002b79851a62d0 is pointing into the stack for thread: 0x00002b7988008000
RSI=0x0000000000000000 is an unknown value
RDI=0x0000000000000000 is an unknown value
R8 =0x00002b7988000088 is an unknown value
R9 =0x0000000000000001 is an unknown value
R10=0x0000000000000040 is an unknown value
R11=0x00002b79848d9660: <offset 0x79f660> in /usr/lib/jvm/java-1.6.0-openjdk-1.6.0.0.x86_64/jre/lib/amd64/server/libjvm.so at 0x00002b798413a000
R12=0x00002b7988d0eaf0 is an unknown value
R13=0x00002b79882e3270 is an unknown value
R14=0x00002b79851a6340 is pointing into the stack for thread: 0x00002b7988008000
R15=0x00002b7988d0eaf0 is an unknown value


Stack: [0x00002b79850a9000,0x00002b79851aa000],  sp=0x00002b79851a6290,  free space=1012k
Native frames: (J=compiled Java code, j=interpreted, Vv=VM code, C=native code)
C  [libzip.so+0x4522]  ZIP_Lock+0x252
C  [libzip.so+0x4ae2]  ZIP_GetEntry+0xc2
C  [libzip.so+0x3ae4]  Java_java_util_zip_ZipFile_getEntry+0xc4
j  java.util.zip.ZipFile.getEntry(JLjava/lang/String;Z)J+0
j  java.util.zip.ZipFile.getEntry(Ljava/lang/String;)Ljava/util/zip/ZipEntry;+31
j  java.util.jar.JarFile.getEntry(Ljava/lang/String;)Ljava/util/zip/ZipEntry;+2
j  sun.net.www.protocol.jar.URLJarFile.getEntry(Ljava/lang/String;)Ljava/util/zip/ZipEntry;+2
j  sun.net.www.protocol.jar.JarURLConnection.connect()V+62
j  sun.net.www.protocol.jar.JarURLConnection.getInputStream()Ljava/io/InputStream;+1
j  sun.misc.URLClassPath$Loader.getResource(Ljava/lang/String;Z)Lsun/misc/Resource;+48
j  sun.misc.URLClassPath.getResource(Ljava/lang/String;Z)Lsun/misc/Resource;+53
j  java.net.URLClassLoader$1.run()Ljava/lang/Object;+26
v  ~StubRoutines::call_stub
V  [libjvm.so+0x537e3e]  AsyncGetCallTrace+0xd776e
V  [libjvm.so+0x536ad8]  AsyncGetCallTrace+0xd6408
V  [libjvm.so+0x597140]  JVM_DoPrivileged+0x400
j  java.security.AccessController.doPrivileged(Ljava/security/PrivilegedExceptionAction;Ljava/security/AccessControlContext;)Ljava/lang/Object;+0
j  java.net.URLClassLoader.findClass(Ljava/lang/String;)Ljava/lang/Class;+13
j  org.java.plugin.standard.StandardPluginClassLoader.loadLocalClass(Ljava/lang/String;ZLorg/java/plugin/standard/StandardPluginClassLoader;)Ljava/lang/Class;+97
j  org.java.plugin.standard.StandardPluginClassLoader.loadClass(Ljava/lang/String;Z)Ljava/lang/Class;+62
j  java.lang.ClassLoader.loadClass(Ljava/lang/String;)Ljava/lang/Class;+3
v  ~StubRoutines::call_stub
V  [libjvm.so+0x537e3e]  AsyncGetCallTrace+0xd776e
V  [libjvm.so+0x537222]  AsyncGetCallTrace+0xd6b52
V  [libjvm.so+0x5372f4]  AsyncGetCallTrace+0xd6c24
V  [libjvm.so+0x80084b]  JVM_handle_linux_signal+0xdf19b
V  [libjvm.so+0x800e0c]  JVM_handle_linux_signal+0xdf75c
V  [libjvm.so+0x802733]  JVM_handle_linux_signal+0xe1083
V  [libjvm.so+0x3ef00e]  ftell+0x3ef00e
V  [libjvm.so+0x533666]  AsyncGetCallTrace+0xd2f96
j  org.svvrl.goal.core.logic.qptl.QPTLRewritePattern.<init>()V+75
j  org.svvrl.goal.core.logic.qptl.QPTLRewritePattern.getInstance()Lorg/svvrl/goal/core/logic/qptl/QPTLRewritePattern;+10
j  org.svvrl.goal.core.logic.qptl.QPTLSimplifier.<init>()V+5
v  ~StubRoutines::call_stub
V  [libjvm.so+0x537e3e]  AsyncGetCallTrace+0xd776e
V  [libjvm.so+0x536ad8]  AsyncGetCallTrace+0xd6408
V  [libjvm.so+0x783da7]  JVM_handle_linux_signal+0x626f7
V  [libjvm.so+0x784a28]  JVM_handle_linux_signal+0x63378
V  [libjvm.so+0x58d342]  JVM_NewInstanceFromConstructor+0xe2
j  sun.reflect.NativeConstructorAccessorImpl.newInstance0(Ljava/lang/reflect/Constructor;[Ljava/lang/Object;)Ljava/lang/Object;+0
j  sun.reflect.NativeConstructorAccessorImpl.newInstance([Ljava/lang/Object;)Ljava/lang/Object;+72
j  sun.reflect.DelegatingConstructorAccessorImpl.newInstance([Ljava/lang/Object;)Ljava/lang/Object;+5
j  java.lang.reflect.Constructor.newInstance([Ljava/lang/Object;)Ljava/lang/Object;+91
j  java.lang.Class.newInstance()Ljava/lang/Object;+132
j  org.svvrl.goal.core.CorePlugin.loadFormulaRewriters()V+70
j  org.svvrl.goal.core.CorePlugin.initApplication(Lorg/java/plugin/util/ExtendedProperties;[Ljava/lang/String;)Lorg/java/plugin/boot/Application;+170
j  org.java.plugin.boot.DefaultApplicationInitializer.initApplication(Lorg/java/plugin/boot/BootErrorHandler;[Ljava/lang/String;)Lorg/java/plugin/boot/Application;+530
j  org.java.plugin.boot.Boot.initApplication(Lorg/java/plugin/boot/BootErrorHandler;Lorg/java/plugin/util/ExtendedProperties;[Ljava/lang/String;)Lorg/java/plugin/boot/Application;+157
j  org.java.plugin.boot.Boot.boot(Lorg/java/plugin/util/ExtendedProperties;ZLjava/lang/String;Lorg/java/plugin/boot/BootErrorHandler;[Ljava/lang/String;)Lorg/java/plugin/boot/Application;+338
j  org.java.plugin.boot.Boot.main([Ljava/lang/String;)V+162
v  ~StubRoutines::call_stub
V  [libjvm.so+0x537e3e]  AsyncGetCallTrace+0xd776e
V  [libjvm.so+0x536ad8]  AsyncGetCallTrace+0xd6408
V  [libjvm.so+0x5452a7]  JNI_CreateJavaVM+0x12e7
V  [libjvm.so+0x55a4eb]  JNI_CreateJavaVM+0x1652b
C  [java+0x374d]  JavaMain+0xd0d

Java frames: (J=compiled Java code, j=interpreted, Vv=VM code)
j  java.util.zip.ZipFile.getEntry(JLjava/lang/String;Z)J+0
j  java.util.zip.ZipFile.getEntry(Ljava/lang/String;)Ljava/util/zip/ZipEntry;+31
j  java.util.jar.JarFile.getEntry(Ljava/lang/String;)Ljava/util/zip/ZipEntry;+2
j  sun.net.www.protocol.jar.URLJarFile.getEntry(Ljava/lang/String;)Ljava/util/zip/ZipEntry;+2
j  sun.net.www.protocol.jar.JarURLConnection.connect()V+62
j  sun.net.www.protocol.jar.JarURLConnection.getInputStream()Ljava/io/InputStream;+1
j  sun.misc.URLClassPath$Loader.getResource(Ljava/lang/String;Z)Lsun/misc/Resource;+48
j  sun.misc.URLClassPath.getResource(Ljava/lang/String;Z)Lsun/misc/Resource;+53
j  java.net.URLClassLoader$1.run()Ljava/lang/Object;+26
v  ~StubRoutines::call_stub
j  java.security.AccessController.doPrivileged(Ljava/security/PrivilegedExceptionAction;Ljava/security/AccessControlContext;)Ljava/lang/Object;+0
j  java.net.URLClassLoader.findClass(Ljava/lang/String;)Ljava/lang/Class;+13
j  org.java.plugin.standard.StandardPluginClassLoader.loadLocalClass(Ljava/lang/String;ZLorg/java/plugin/standard/StandardPluginClassLoader;)Ljava/lang/Class;+97
j  org.java.plugin.standard.StandardPluginClassLoader.loadClass(Ljava/lang/String;Z)Ljava/lang/Class;+62
j  java.lang.ClassLoader.loadClass(Ljava/lang/String;)Ljava/lang/Class;+3
v  ~StubRoutines::call_stub
j  org.svvrl.goal.core.logic.qptl.QPTLRewritePattern.<init>()V+75
j  org.svvrl.goal.core.logic.qptl.QPTLRewritePattern.getInstance()Lorg/svvrl/goal/core/logic/qptl/QPTLRewritePattern;+10
j  org.svvrl.goal.core.logic.qptl.QPTLSimplifier.<init>()V+5
v  ~StubRoutines::call_stub
j  sun.reflect.NativeConstructorAccessorImpl.newInstance0(Ljava/lang/reflect/Constructor;[Ljava/lang/Object;)Ljava/lang/Object;+0
j  sun.reflect.NativeConstructorAccessorImpl.newInstance([Ljava/lang/Object;)Ljava/lang/Object;+72
j  sun.reflect.DelegatingConstructorAccessorImpl.newInstance([Ljava/lang/Object;)Ljava/lang/Object;+5
j  java.lang.reflect.Constructor.newInstance([Ljava/lang/Object;)Ljava/lang/Object;+91
j  java.lang.Class.newInstance()Ljava/lang/Object;+132
j  org.svvrl.goal.core.CorePlugin.loadFormulaRewriters()V+70
j  org.svvrl.goal.core.CorePlugin.initApplication(Lorg/java/plugin/util/ExtendedProperties;[Ljava/lang/String;)Lorg/java/plugin/boot/Application;+170
j  org.java.plugin.boot.DefaultApplicationInitializer.initApplication(Lorg/java/plugin/boot/BootErrorHandler;[Ljava/lang/String;)Lorg/java/plugin/boot/Application;+530
j  org.java.plugin.boot.Boot.initApplication(Lorg/java/plugin/boot/BootErrorHandler;Lorg/java/plugin/util/ExtendedProperties;[Ljava/lang/String;)Lorg/java/plugin/boot/Application;+157
j  org.java.plugin.boot.Boot.boot(Lorg/java/plugin/util/ExtendedProperties;ZLjava/lang/String;Lorg/java/plugin/boot/BootErrorHandler;[Ljava/lang/String;)Lorg/java/plugin/boot/Application;+338
j  org.java.plugin.boot.Boot.main([Ljava/lang/String;)V+162
v  ~StubRoutines::call_stub

---------------  P R O C E S S  ---------------

Java Threads: ( => current thread )
  0x00002b7988101800 JavaThread "Low Memory Detector" daemon [_thread_blocked, id=32478, stack(0x00002b79ca194000,0x00002b79ca295000)]
  0x00002b79880ff000 JavaThread "C2 CompilerThread1" daemon [_thread_blocked, id=32477, stack(0x00002b79ca093000,0x00002b79ca194000)]
  0x00002b79880fc800 JavaThread "C2 CompilerThread0" daemon [_thread_blocked, id=32476, stack(0x00002b79c9f92000,0x00002b79ca093000)]
  0x00002b79880fa000 JavaThread "Signal Dispatcher" daemon [_thread_blocked, id=32475, stack(0x00002b79c9e91000,0x00002b79c9f92000)]
  0x00002b79880ab800 JavaThread "Finalizer" daemon [_thread_blocked, id=32474, stack(0x00002b79b4f93000,0x00002b79b5094000)]
  0x00002b79880a9800 JavaThread "Reference Handler" daemon [_thread_blocked, id=32473, stack(0x00002b79b4e92000,0x00002b79b4f93000)]
=>0x00002b7988008000 JavaThread "main" [_thread_in_native, id=32463, stack(0x00002b79850a9000,0x00002b79851aa000)]

Other Threads:
  0x00002b798809a800 VMThread [stack: 0x00002b79b4d91000,0x00002b79b4e92000] [id=32472]
  0x00002b798810c800 WatcherThread [stack: 0x00002b79ca295000,0x00002b79ca396000] [id=32479]

VM state:not at safepoint (normal execution)

VM Mutex/Monitor currently owned by a thread: None

Heap
 PSYoungGen      total 305856K, used 84011K [0x00000000eaab0000, 0x0000000100000000, 0x0000000100000000)
  eden space 262208K, 32% used [0x00000000eaab0000,0x00000000efcbad58,0x00000000faac0000)
  from space 43648K, 0% used [0x00000000fd560000,0x00000000fd560000,0x0000000100000000)
  to   space 43648K, 0% used [0x00000000faac0000,0x00000000faac0000,0x00000000fd560000)
 ParOldGen       total 699072K, used 0K [0x00000000c0000000, 0x00000000eaab0000, 0x00000000eaab0000)
  object space 699072K, 0% used [0x00000000c0000000,0x00000000c0000000,0x00000000eaab0000)
 PSPermGen       total 21248K, used 8542K [0x00000000b5a00000, 0x00000000b6ec0000, 0x00000000c0000000)
  object space 21248K, 40% used [0x00000000b5a00000,0x00000000b6257970,0x00000000b6ec0000)

Card table byte_map: [0x00002b798f0c0000,0x00002b798f314000] byte_map_base: 0x00002b798eb13000

Polling page: 0x00002b79855ea000

Code Cache  [0x00002b798c000000, 0x00002b798c270000, 0x00002b798f000000)
 total_blobs=381 nmethods=152 adapters=182 free_code_cache=48292Kb largest_free_block=49431168

Compilation events (10 events):
Event: 2.662 Thread 0x00002b79880ff000 nmethod 147 0x00002b798c0c0850 code [0x00002b798c0c0980, 0x00002b798c0c09d8]
Event: 2.665 Thread 0x00002b79880ff000  148             org.svvrl.goal.core.logic.ltl.LTLAtomic::getProposition (5 bytes)
Event: 2.665 Thread 0x00002b79880ff000 nmethod 148 0x00002b798c0c0650 code [0x00002b798c0c0780, 0x00002b798c0c07d8]
Event: 2.668 Thread 0x00002b79880fc800 nmethod 146 0x00002b798c0b8650 code [0x00002b798c0b88e0, 0x00002b798c0b9448]
Event: 2.680 Thread 0x00002b79880ff000  149             org.svvrl.goal.core.logic.qptl.QPTLOr::getPrecedence (2 bytes)
Event: 2.680 Thread 0x00002b79880ff000 nmethod 149 0x00002b798c0c0450 code [0x00002b798c0c0580, 0x00002b798c0c05d8]
Event: 2.686 Thread 0x00002b79880fc800  150             org.svvrl.goal.core.logic.qptl.QPTLAtomic::toString (8 bytes)
Event: 2.687 Thread 0x00002b79880ff000  151             org.svvrl.goal.core.logic.qptl.QPTLAtomic::getPrecedence (2 bytes)
Event: 2.687 Thread 0x00002b79880fc800 nmethod 150 0x00002b798c0c0210 code [0x00002b798c0c0340, 0x00002b798c0c03b8]
Event: 2.687 Thread 0x00002b79880ff000 nmethod 151 0x00002b798c0c0010 code [0x00002b798c0c0140, 0x00002b798c0c0198]

GC Heap History (0 events):
No events

Deoptimization events (10 events):
Event: 1.759 Thread 0x00002b7988008000 Uncommon trap -58 fr.pc 0x00002b798c07cca0
Event: 1.760 Thread 0x00002b7988008000 Uncommon trap -58 fr.pc 0x00002b798c07cca0
Event: 1.760 Thread 0x00002b7988008000 Uncommon trap -58 fr.pc 0x00002b798c07cca0
Event: 2.110 Thread 0x00002b7988008000 Uncommon trap -34 fr.pc 0x00002b798c05ea30
Event: 2.110 Thread 0x00002b7988008000 Uncommon trap -34 fr.pc 0x00002b798c05ea30
Event: 2.261 Thread 0x00002b7988008000 Uncommon trap -83 fr.pc 0x00002b798c09c43c
Event: 2.425 Thread 0x00002b7988008000 Uncommon trap -34 fr.pc 0x00002b798c09d15c
Event: 2.425 Thread 0x00002b7988008000 Uncommon trap -34 fr.pc 0x00002b798c09d15c
Event: 2.426 Thread 0x00002b7988008000 Uncommon trap -34 fr.pc 0x00002b798c09d15c
Event: 2.426 Thread 0x00002b7988008000 Uncommon trap -34 fr.pc 0x00002b798c09d15c

Internal exceptions (10 events):
Event: 2.250 Thread 0x00002b7988008000 Threw 0x00000000ec0a1310 at /builddir/build/BUILD/icedtea6-1.13.4/openjdk/hotspot/src/share/vm/prims/jvm.cpp:1235
Event: 2.277 Thread 0x00002b7988008000 Threw 0x00000000ec80a488 at /builddir/build/BUILD/icedtea6-1.13.4/openjdk/hotspot/src/share/vm/classfile/systemDictionary.cpp:179
Event: 2.277 Thread 0x00002b7988008000 Threw 0x00000000ec80a808 at /builddir/build/BUILD/icedtea6-1.13.4/openjdk/hotspot/src/share/vm/prims/jvm.cpp:1235
Event: 2.278 Thread 0x00002b7988008000 Threw 0x00000000ec80ac38 at /builddir/build/BUILD/icedtea6-1.13.4/openjdk/hotspot/src/share/vm/prims/jvm.cpp:1235
Event: 2.287 Thread 0x00002b7988008000 Threw 0x00000000ec86abf0 at /builddir/build/BUILD/icedtea6-1.13.4/openjdk/hotspot/src/share/vm/classfile/systemDictionary.cpp:179
Event: 2.287 Thread 0x00002b7988008000 Threw 0x00000000ec86af88 at /builddir/build/BUILD/icedtea6-1.13.4/openjdk/hotspot/src/share/vm/prims/jvm.cpp:1235
Event: 2.287 Thread 0x00002b7988008000 Threw 0x00000000ec86b3d0 at /builddir/build/BUILD/icedtea6-1.13.4/openjdk/hotspot/src/share/vm/prims/jvm.cpp:1235
Event: 2.614 Thread 0x00002b7988008000 Threw 0x00000000ef536878 at /builddir/build/BUILD/icedtea6-1.13.4/openjdk/hotspot/src/share/vm/classfile/systemDictionary.cpp:179
Event: 2.614 Thread 0x00002b7988008000 Threw 0x00000000ef536bb8 at /builddir/build/BUILD/icedtea6-1.13.4/openjdk/hotspot/src/share/vm/prims/jvm.cpp:1235
Event: 2.614 Thread 0x00002b7988008000 Threw 0x00000000ef536fa8 at /builddir/build/BUILD/icedtea6-1.13.4/openjdk/hotspot/src/share/vm/prims/jvm.cpp:1235

Events (10 events):
Event: 2.623 loading class 0x00002b7988d0ae40
Event: 2.623 loading class 0x00002b7988d0ae40 done
Event: 2.623 loading class 0x00002b7988d0aaa0
Event: 2.623 loading class 0x00002b7988d0aaa0 done
Event: 2.624 loading class 0x00002b7988d07d90
Event: 2.624 loading class 0x00002b7988d07d90 done
Event: 2.624 loading class 0x00002b7988d0e340
Event: 2.625 loading class 0x00002b7988d0e340 done
Event: 2.625 loading class 0x00002b7988d0ab20
Event: 2.625 loading class 0x00002b7988d0ab20 done


Dynamic libraries:
00400000-00409000 r-xp 00000000 fd:01 5993                               /usr/lib/jvm/java-1.6.0-openjdk-1.6.0.0.x86_64/jre/bin/java
00608000-0060a000 rw-p 00008000 fd:01 5993                               /usr/lib/jvm/java-1.6.0-openjdk-1.6.0.0.x86_64/jre/bin/java
00b92000-00bb3000 rw-p 00000000 00:00 0                                  [heap]
b5a00000-b6ec0000 rw-p 00000000 00:00 0 
b6ec0000-c0000000 rw-p 00000000 00:00 0 
c0000000-100000000 rw-p 00000000 00:00 0 
364f800000-364f820000 r-xp 00000000 fd:01 130582                         /lib64/ld-2.12.so
364fa1f000-364fa20000 r--p 0001f000 fd:01 130582                         /lib64/ld-2.12.so
364fa20000-364fa21000 rw-p 00020000 fd:01 130582                         /lib64/ld-2.12.so
364fa21000-364fa22000 rw-p 00000000 00:00 0 
364fc00000-364fd8a000 r-xp 00000000 fd:01 130613                         /lib64/libc-2.12.so
364fd8a000-364ff8a000 ---p 0018a000 fd:01 130613                         /lib64/libc-2.12.so
364ff8a000-364ff8e000 r--p 0018a000 fd:01 130613                         /lib64/libc-2.12.so
364ff8e000-364ff8f000 rw-p 0018e000 fd:01 130613                         /lib64/libc-2.12.so
364ff8f000-364ff94000 rw-p 00000000 00:00 0 
3650000000-3650004000 r-xp 00000000 fd:01 13573                          /usr/lib/jvm/java-1.6.0-openjdk-1.6.0.0.x86_64/jre/lib/amd64/jli/libjli.so
3650004000-3650203000 ---p 00004000 fd:01 13573                          /usr/lib/jvm/java-1.6.0-openjdk-1.6.0.0.x86_64/jre/lib/amd64/jli/libjli.so
3650203000-3650204000 rw-p 00003000 fd:01 13573                          /usr/lib/jvm/java-1.6.0-openjdk-1.6.0.0.x86_64/jre/lib/amd64/jli/libjli.so
3650400000-3650417000 r-xp 00000000 fd:01 130636                         /lib64/libpthread-2.12.so
3650417000-3650617000 ---p 00017000 fd:01 130636                         /lib64/libpthread-2.12.so
3650617000-3650618000 r--p 00017000 fd:01 130636                         /lib64/libpthread-2.12.so
3650618000-3650619000 rw-p 00018000 fd:01 130636                         /lib64/libpthread-2.12.so
3650619000-365061d000 rw-p 00000000 00:00 0 
3650800000-3650802000 r-xp 00000000 fd:01 130624                         /lib64/libdl-2.12.so
3650802000-3650a02000 ---p 00002000 fd:01 130624                         /lib64/libdl-2.12.so
3650a02000-3650a03000 r--p 00002000 fd:01 130624                         /lib64/libdl-2.12.so
3650a03000-3650a04000 rw-p 00003000 fd:01 130624                         /lib64/libdl-2.12.so
3650c00000-3650c15000 r-xp 00000000 fd:01 130638                         /lib64/libz.so.1.2.3
3650c15000-3650e14000 ---p 00015000 fd:01 130638                         /lib64/libz.so.1.2.3
3650e14000-3650e15000 r--p 00014000 fd:01 130638                         /lib64/libz.so.1.2.3
3650e15000-3650e16000 rw-p 00015000 fd:01 130638                         /lib64/libz.so.1.2.3
3651000000-3651007000 r-xp 00000000 fd:01 132701                         /lib64/librt-2.12.so
3651007000-3651206000 ---p 00007000 fd:01 132701                         /lib64/librt-2.12.so
3651206000-3651207000 r--p 00006000 fd:01 132701                         /lib64/librt-2.12.so
3651207000-3651208000 rw-p 00007000 fd:01 132701                         /lib64/librt-2.12.so
3651800000-3651816000 r-xp 00000000 fd:01 133662                         /lib64/libgcc_s-4.4.7-20120601.so.1
3651816000-3651a15000 ---p 00016000 fd:01 133662                         /lib64/libgcc_s-4.4.7-20120601.so.1
3651a15000-3651a16000 rw-p 00015000 fd:01 133662                         /lib64/libgcc_s-4.4.7-20120601.so.1
3653000000-36530e8000 r-xp 00000000 fd:01 49938                          /usr/lib64/libstdc++.so.6.0.13
36530e8000-36532e8000 ---p 000e8000 fd:01 49938                          /usr/lib64/libstdc++.so.6.0.13
36532e8000-36532ef000 r--p 000e8000 fd:01 49938                          /usr/lib64/libstdc++.so.6.0.13
36532ef000-36532f1000 rw-p 000ef000 fd:01 49938                          /usr/lib64/libstdc++.so.6.0.13
36532f1000-3653306000 rw-p 00000000 00:00 0 
365c200000-365c216000 r-xp 00000000 fd:01 137559                         /lib64/libnsl-2.12.so
365c216000-365c415000 ---p 00016000 fd:01 137559                         /lib64/libnsl-2.12.so
365c415000-365c416000 r--p 00015000 fd:01 137559                         /lib64/libnsl-2.12.so
365c416000-365c417000 rw-p 00016000 fd:01 137559                         /lib64/libnsl-2.12.so
365c417000-365c419000 rw-p 00000000 00:00 0 
2b798411f000-2b7984120000 rw-p 00000000 00:00 0 
2b7984136000-2b798413a000 rw-p 00000000 00:00 0 
2b798413a000-2b7984b45000 r-xp 00000000 fd:01 23213                      /usr/lib/jvm/java-1.6.0-openjdk-1.6.0.0.x86_64/jre/lib/amd64/server/libjvm.so
2b7984b45000-2b7984d45000 ---p 00a0b000 fd:01 23213                      /usr/lib/jvm/java-1.6.0-openjdk-1.6.0.0.x86_64/jre/lib/amd64/server/libjvm.so
2b7984d45000-2b7984de6000 rw-p 00a0b000 fd:01 23213                      /usr/lib/jvm/java-1.6.0-openjdk-1.6.0.0.x86_64/jre/lib/amd64/server/libjvm.so
2b7984de6000-2b7984e0f000 rw-p 00000000 00:00 0 
2b7984e25000-2b7984ea8000 r-xp 00000000 fd:01 130627                     /lib64/libm-2.12.so
2b7984ea8000-2b79850a7000 ---p 00083000 fd:01 130627                     /lib64/libm-2.12.so
2b79850a7000-2b79850a8000 r--p 00082000 fd:01 130627                     /lib64/libm-2.12.so
2b79850a8000-2b79850a9000 rw-p 00083000 fd:01 130627                     /lib64/libm-2.12.so
2b79850a9000-2b79850ac000 ---p 00000000 00:00 0 
2b79850ac000-2b79851aa000 rw-p 00000000 00:00 0 
2b79851aa000-2b79851b8000 r-xp 00000000 fd:01 23207                      /usr/lib/jvm/java-1.6.0-openjdk-1.6.0.0.x86_64/jre/lib/amd64/libverify.so
2b79851b8000-2b79853b8000 ---p 0000e000 fd:01 23207                      /usr/lib/jvm/java-1.6.0-openjdk-1.6.0.0.x86_64/jre/lib/amd64/libverify.so
2b79853b8000-2b79853ba000 rw-p 0000e000 fd:01 23207                      /usr/lib/jvm/java-1.6.0-openjdk-1.6.0.0.x86_64/jre/lib/amd64/libverify.so
2b79853ba000-2b79853e7000 r-xp 00000000 fd:01 23159                      /usr/lib/jvm/java-1.6.0-openjdk-1.6.0.0.x86_64/jre/lib/amd64/libjava.so
2b79853e7000-2b79855e6000 ---p 0002d000 fd:01 23159                      /usr/lib/jvm/java-1.6.0-openjdk-1.6.0.0.x86_64/jre/lib/amd64/libjava.so
2b79855e6000-2b79855ea000 rw-p 0002c000 fd:01 23159                      /usr/lib/jvm/java-1.6.0-openjdk-1.6.0.0.x86_64/jre/lib/amd64/libjava.so
2b79855ea000-2b79855eb000 r--p 00000000 00:00 0 
2b79855eb000-2b79855ec000 rw-p 00000000 00:00 0 
2b79855ec000-2b7985621000 r--s 00000000 fd:02 128540                     /var/db/nscd/passwd
2b7985621000-2b7985629000 rw-s 00000000 fd:03 38                         /tmp/hsperfdata_dw07r324/32462
2b7985629000-2b7985630000 r-xp 00000000 fd:01 23208                      /usr/lib/jvm/java-1.6.0-openjdk-1.6.0.0.x86_64/jre/lib/amd64/libzip.so
2b7985630000-2b7985830000 ---p 00007000 fd:01 23208                      /usr/lib/jvm/java-1.6.0-openjdk-1.6.0.0.x86_64/jre/lib/amd64/libzip.so
2b7985830000-2b7985831000 rw-p 00007000 fd:01 23208                      /usr/lib/jvm/java-1.6.0-openjdk-1.6.0.0.x86_64/jre/lib/amd64/libzip.so
2b7988000000-2b7988d20000 rw-p 00000000 00:00 0 
2b7988d20000-2b798c000000 ---p 00000000 00:00 0 
2b798c000000-2b798c270000 rwxp 00000000 00:00 0 
2b798c270000-2b798f000000 rw-p 00000000 00:00 0 
2b798f000000-2b798f00a000 rw-p 00000000 00:00 0 
2b798f00a000-2b798f0c0000 rw-p 00000000 00:00 0 
2b798f0c0000-2b798f0cb000 rw-p 00000000 00:00 0 
2b798f0cb000-2b798f113000 rw-p 00000000 00:00 0 
2b798f113000-2b798f475000 rw-p 00000000 00:00 0 
2b798f475000-2b798f4bd000 rw-p 00000000 00:00 0 
2b798f4bd000-2b798f4be000 ---p 00000000 00:00 0 
2b798f4be000-2b798f5be000 rw-p 00000000 00:00 0 
2b798f5be000-2b798f5bf000 ---p 00000000 00:00 0 
2b798f5bf000-2b798f6bf000 rw-p 00000000 00:00 0 
2b798f6bf000-2b798f6c0000 ---p 00000000 00:00 0 
2b798f6c0000-2b798f7c0000 rw-p 00000000 00:00 0 
2b798f7c0000-2b798f7c1000 ---p 00000000 00:00 0 
2b798f7c1000-2b798f8c1000 rw-p 00000000 00:00 0 
2b798f8c1000-2b798f8c2000 ---p 00000000 00:00 0 
2b798f8c2000-2b798f9c2000 rw-p 00000000 00:00 0 
2b798f9c2000-2b798f9c3000 ---p 00000000 00:00 0 
2b798f9c3000-2b798fac3000 rw-p 00000000 00:00 0 
2b798fac3000-2b798fac4000 ---p 00000000 00:00 0 
2b798fac4000-2b798fbc4000 rw-p 00000000 00:00 0 
2b798fbc4000-2b798fbc5000 ---p 00000000 00:00 0 
2b798fbc5000-2b798fcc5000 rw-p 00000000 00:00 0 
2b7990000000-2b7990021000 rw-p 00000000 00:00 0 
2b7990021000-2b7994000000 ---p 00000000 00:00 0 
2b7994000000-2b7994021000 rw-p 00000000 00:00 0 
2b7994021000-2b7998000000 ---p 00000000 00:00 0 
2b7998000000-2b7998021000 rw-p 00000000 00:00 0 
2b7998021000-2b799c000000 ---p 00000000 00:00 0 
2b799c000000-2b799c021000 rw-p 00000000 00:00 0 
2b799c021000-2b79a0000000 ---p 00000000 00:00 0 
2b79a0000000-2b79a2ea4000 rw-p 00000000 00:00 0 
2b79a2ea4000-2b79a303a000 r--s 01a15000 fd:01 23288                      /usr/lib/jvm/java-1.6.0-openjdk-1.6.0.0.x86_64/jre/lib/rt.jar
2b79a303a000-2b79a3f20000 rw-p 00000000 00:00 0 
2b79a4000000-2b79a4021000 rw-p 00000000 00:00 0 
2b79a4021000-2b79a8000000 ---p 00000000 00:00 0 
2b79a8000000-2b79a8021000 rw-p 00000000 00:00 0 
2b79a8021000-2b79ac000000 ---p 00000000 00:00 0 
2b79ac000000-2b79ac021000 rw-p 00000000 00:00 0 
2b79ac021000-2b79b0000000 ---p 00000000 00:00 0 
2b79b0000000-2b79b0021000 rw-p 00000000 00:00 0 
2b79b0021000-2b79b4000000 ---p 00000000 00:00 0 
2b79b4000000-2b79b4d91000 rw-p 00000000 00:00 0 
2b79b4d91000-2b79b4d92000 ---p 00000000 00:00 0 
2b79b4d92000-2b79b4e92000 rw-p 00000000 00:00 0 
2b79b4e92000-2b79b4e95000 ---p 00000000 00:00 0 
2b79b4e95000-2b79b4f93000 rw-p 00000000 00:00 0 
2b79b4f93000-2b79b4f96000 ---p 00000000 00:00 0 
2b79b4f96000-2b79b5094000 rw-p 00000000 00:00 0 
2b79b8000000-2b79b8021000 rw-p 00000000 00:00 0 
2b79b8021000-2b79bc000000 ---p 00000000 00:00 0 
2b79bc000000-2b79bc021000 rw-p 00000000 00:00 0 
2b79bc021000-2b79c0000000 ---p 00000000 00:00 0 
2b79c0000000-2b79c0021000 rw-p 00000000 00:00 0 
2b79c0021000-2b79c4000000 ---p 00000000 00:00 0 
2b79c4000000-2b79c9e91000 r--p 00000000 fd:01 49935                      /usr/lib/locale/locale-archive
2b79c9e91000-2b79c9e94000 ---p 00000000 00:00 0 
2b79c9e94000-2b79c9f92000 rw-p 00000000 00:00 0 
2b79c9f92000-2b79c9f95000 ---p 00000000 00:00 0 
2b79c9f95000-2b79ca093000 rw-p 00000000 00:00 0 
2b79ca093000-2b79ca096000 ---p 00000000 00:00 0 
2b79ca096000-2b79ca194000 rw-p 00000000 00:00 0 
2b79ca194000-2b79ca197000 ---p 00000000 00:00 0 
2b79ca197000-2b79ca295000 rw-p 00000000 00:00 0 
2b79ca295000-2b79ca296000 ---p 00000000 00:00 0 
2b79ca296000-2b79ca396000 rw-p 00000000 00:00 0 
2b79ca396000-2b79ca398000 r--s 00009000 00:35 125760574                  /mmfs/automount/gpfs/homefs/sm/dw07r324/bin/GOAL-20140808/lib/jpf-boot.jar
2b79ca398000-2b79ca39b000 r--s 0000f000 fd:01 23233                      /usr/lib/jvm/java-1.6.0-openjdk-1.6.0.0.x86_64/jre/lib/ext/pulse-java.jar
2b79ca39b000-2b79ca3a4000 r--s 00065000 fd:01 23228                      /usr/lib/jvm/java-1.6.0-openjdk-1.6.0.0.x86_64/jre/lib/ext/gnome-java-bridge.jar
2b79ca3a4000-2b79ca3a6000 r--s 00009000 00:35 125760574                  /mmfs/automount/gpfs/homefs/sm/dw07r324/bin/GOAL-20140808/lib/jpf-boot.jar
2b79ca3a6000-2b79ca3aa000 r--s 0003c000 fd:01 14238                      /usr/lib/jvm/java-1.6.0-openjdk-1.6.0.0.x86_64/jre/lib/jsse.jar
2b79ca3aa000-2b79ca3af000 r--s 0002d000 00:35 125760577                  /mmfs/automount/gpfs/homefs/sm/dw07r324/bin/GOAL-20140808/lib/jpf.jar
2b79ca3af000-2b79ca3b1000 r--s 0000d000 00:35 125760571                  /mmfs/automount/gpfs/homefs/sm/dw07r324/bin/GOAL-20140808/lib/commons-logging.jar
2b79ca3b1000-2b79ca3b3000 r--s 00012000 00:35 125760576                  /mmfs/automount/gpfs/homefs/sm/dw07r324/bin/GOAL-20140808/lib/jpf-tools.jar
2b79ca3b3000-2b79ca3ba000 r--s 00039000 00:35 125760578                  /mmfs/automount/gpfs/homefs/sm/dw07r324/bin/GOAL-20140808/lib/jxp.jar
2b79ca3ba000-2b79ca3bc000 r--s 00004000 00:35 125760570                  /mmfs/automount/gpfs/homefs/sm/dw07r324/bin/GOAL-20140808/lib/AppleJavaExtensions.jar
2b79ca3bc000-2b79ca3c1000 r--s 0002a000 00:35 125760572                  /mmfs/automount/gpfs/homefs/sm/dw07r324/bin/GOAL-20140808/lib/gson-2.2.2.jar
2b79ca3c1000-2b79ca3c4000 r--s 0001a000 00:35 125760579                  /mmfs/automount/gpfs/homefs/sm/dw07r324/bin/GOAL-20140808/lib/minijdd_104.jar
2b79ca3c4000-2b79ca3e7000 r--s 0022d000 00:35 15098242                   /mmfs/automount/gpfs/homefs/sm/dw07r324/bin/GOAL-20140808/.jpf-shadow/org.svvrl.goal.core@2014.8.8.zip
2b79ca3e7000-2b79ca48a000 r-xp 00000000 fd:01 13434                      /usr/lib/jvm/java-1.6.0-openjdk-1.6.0.0.x86_64/jre/lib/amd64/libawt.so
2b79ca48a000-2b79ca68a000 ---p 000a3000 fd:01 13434                      /usr/lib/jvm/java-1.6.0-openjdk-1.6.0.0.x86_64/jre/lib/amd64/libawt.so
2b79ca68a000-2b79ca696000 rw-p 000a3000 fd:01 13434                      /usr/lib/jvm/java-1.6.0-openjdk-1.6.0.0.x86_64/jre/lib/amd64/libawt.so
2b79ca696000-2b79ca6ba000 rw-p 00000000 00:00 0 
2b79ca6ba000-2b79ca6c0000 r-xp 00000000 fd:01 8525                       /usr/lib/jvm/java-1.6.0-openjdk-1.6.0.0.x86_64/jre/lib/amd64/headless/libmawt.so
2b79ca6c0000-2b79ca8bf000 ---p 00006000 fd:01 8525                       /usr/lib/jvm/java-1.6.0-openjdk-1.6.0.0.x86_64/jre/lib/amd64/headless/libmawt.so
2b79ca8bf000-2b79ca8c0000 rw-p 00005000 fd:01 8525                       /usr/lib/jvm/java-1.6.0-openjdk-1.6.0.0.x86_64/jre/lib/amd64/headless/libmawt.so
2b79ca8c0000-2b79ca8c2000 rw-p 00000000 00:00 0 
2b79cc000000-2b79cc021000 rw-p 00000000 00:00 0 
2b79cc021000-2b79d0000000 ---p 00000000 00:00 0 
2b79d0000000-2b79d0e97000 rw-p 00000000 00:00 0 
2b79d0e97000-2b79d4000000 ---p 00000000 00:00 0 
2b79d4000000-2b79d518f000 rw-p 00000000 00:00 0 
2b79d518f000-2b79d8000000 ---p 00000000 00:00 0 
2b79d8000000-2b79d8021000 rw-p 00000000 00:00 0 
2b79d8021000-2b79dc000000 ---p 00000000 00:00 0 
2b79dc000000-2b79dc021000 rw-p 00000000 00:00 0 
2b79dc021000-2b79e0000000 ---p 00000000 00:00 0 
7fff56ccb000-7fff56d02000 rw-p 00000000 00:00 0                          [stack]
7fff56deb000-7fff56dec000 r-xp 00000000 00:00 0                          [vdso]
ffffffffff600000-ffffffffff601000 r-xp 00000000 00:00 0                  [vsyscall]

VM Arguments:
jvm_args: -Xmx1G -Xms1G -DapplicationRoot=/home/ubelix/sm/dw07r324/bin/GOAL-20140808 -Dorg.java.plugin.boot.pluginsRepositories=/home/ubelix/sm/dw07r324/bin/GOAL-20140808/plugins -Djpf.boot.config=/home/ubelix/sm/dw07r324/bin/GOAL-20140808/boot.properties -Dorg.apache.commons.logging.Log=org.apache.commons.logging.impl.SimpleLog -Dorg.apache.commons.logging.simplelog.log.org.java.plugin=fatal 
java_command: /home/ubelix/sm/dw07r324/bin/GOAL-20140808/lib/jpf-boot.jar complement -m piterman -eq -macc -sp -ro -r /scratch/local/8663605.1.all.q/test_set_s15/s15_t2.4_a0.7_009.gff
Launcher Type: SUN_STANDARD

Environment Variables:
CLASSPATH=/home/ubelix/sm/dw07r324/bin/GOAL-20140808:/home/ubelix/sm/dw07r324/bin/GOAL-20140808/plugins:/home/ubelix/sm/dw07r324/bin/GOAL-20140808/lib:
PATH=/scratch/local/8663605.1.all.q:/usr/lib64/qt-3.3/bin:/usr/local/bin:/bin:/usr/bin:/usr/local/sbin:/usr/sbin:/sbin:/usr/lpp/mmfs/bin:/home/ubelix/sm/dw07r324/bin/GOAL-20140808:/home/ubelix/sm/dw07r324/bin/gnu_time/bin:/usr/lpp/mmfs/bin
LD_LIBRARY_PATH=/usr/lib/jvm/java-1.6.0-openjdk-1.6.0.0.x86_64/jre/lib/amd64/server:/usr/lib/jvm/java-1.6.0-openjdk-1.6.0.0.x86_64/jre/lib/amd64:/usr/lib/jvm/java-1.6.0-openjdk-1.6.0.0.x86_64/jre/../lib/amd64
SHELL=/bin/bash

Signal Handlers:
SIGSEGV: [libjvm.so+0x870a40], sa_mask[0]=0x7ffbfeff, sa_flags=0x10000004
SIGBUS: [libjvm.so+0x870a40], sa_mask[0]=0x7ffbfeff, sa_flags=0x10000004
SIGFPE: [libjvm.so+0x719240], sa_mask[0]=0x7ffbfeff, sa_flags=0x10000004
SIGPIPE: [libjvm.so+0x719240], sa_mask[0]=0x7ffbfeff, sa_flags=0x10000004
SIGXFSZ: [libjvm.so+0x719240], sa_mask[0]=0x7ffbfeff, sa_flags=0x10000004
SIGILL: [libjvm.so+0x719240], sa_mask[0]=0x7ffbfeff, sa_flags=0x10000004
SIGUSR1: SIG_DFL, sa_mask[0]=0x00000000, sa_flags=0x00000000
SIGUSR2: [libjvm.so+0x718d60], sa_mask[0]=0x00000000, sa_flags=0x10000004
SIGHUP: [libjvm.so+0x71bdf0], sa_mask[0]=0x7ffbfeff, sa_flags=0x10000004
SIGINT: [libjvm.so+0x71bdf0], sa_mask[0]=0x7ffbfeff, sa_flags=0x10000004
SIGTERM: [libjvm.so+0x71bdf0], sa_mask[0]=0x7ffbfeff, sa_flags=0x10000004
SIGQUIT: [libjvm.so+0x71bdf0], sa_mask[0]=0x7ffbfeff, sa_flags=0x10000004


---------------  S Y S T E M  ---------------

OS:Red Hat Enterprise Linux ComputeNode release 6.5 (Santiago)

uname:Linux 2.6.32-431.29.2.el6.x86_64 #1 SMP Sun Jul 27 15:55:46 EDT 2014 x86_64
libc:glibc 2.12 NPTL 2.12 
rlimit: STACK infinity, CORE infinity, NPROC 127431, NOFILE 4096, AS 8388608k
load average:3.37 3.55 3.81

/proc/meminfo:
MemTotal:       16331612 kB
MemFree:         4928976 kB
Buffers:           12920 kB
Cached:          6167332 kB
SwapCached:           88 kB
Active:          2868760 kB
Inactive:        3843636 kB
Active(anon):     468892 kB
Inactive(anon):    63452 kB
Active(file):    2399868 kB
Inactive(file):  3780184 kB
Unevictable:     4082900 kB
Mlocked:         4082900 kB
SwapTotal:       8388604 kB
SwapFree:        8388380 kB
Dirty:                72 kB
Writeback:             8 kB
AnonPages:       4614948 kB
Mapped:           119560 kB
Shmem:               192 kB
Slab:             381276 kB
SReclaimable:     313952 kB
SUnreclaim:        67324 kB
KernelStack:        4704 kB
PageTables:        16552 kB
NFS_Unstable:          0 kB
Bounce:                0 kB
WritebackTmp:          0 kB
CommitLimit:    16554408 kB
Committed_AS:    6812748 kB
VmallocTotal:   34359738367 kB
VmallocUsed:      109412 kB
VmallocChunk:   34351234244 kB
HardwareCorrupted:     0 kB
AnonHugePages:         0 kB
HugePages_Total:       0
HugePages_Free:        0
HugePages_Rsvd:        0
HugePages_Surp:        0
Hugepagesize:       2048 kB
DirectMap4k:        9920 kB
DirectMap2M:     2086912 kB
DirectMap1G:    14680064 kB


CPU:total 8 (4 cores per cpu, 1 threads per core) family 16 model 2 stepping 3, cmov, cx8, fxsr, mmx, sse, sse2, sse3, popcnt, mmxext, 3dnowpref, lzcnt, sse4a, tsc, tscinvbit, tscinv

/proc/cpuinfo:
processor	: 0
vendor_id	: AuthenticAMD
cpu family	: 16
model		: 2
model name	: Quad-Core AMD Opteron(tm) Processor 2354
stepping	: 3
cpu MHz		: 2200.000
cache size	: 512 KB
physical id	: 0
siblings	: 4
core id		: 0
cpu cores	: 4
apicid		: 0
initial apicid	: 0
fpu		: yes
fpu_exception	: yes
cpuid level	: 5
wp		: yes
flags		: fpu vme de pse tsc msr pae mce cx8 apic sep mtrr pge mca cmov pat pse36 clflush mmx fxsr sse sse2 ht syscall nx mmxext fxsr_opt pdpe1gb rdtscp lm 3dnowext 3dnow constant_tsc rep_good nonstop_tsc extd_apicid pni monitor cx16 popcnt lahf_lm cmp_legacy svm extapic cr8_legacy abm sse4a misalignsse 3dnowprefetch osvw ibs npt lbrv svm_lock
bogomips	: 4422.88
TLB size	: 1024 4K pages
clflush size	: 64
cache_alignment	: 64
address sizes	: 48 bits physical, 48 bits virtual
power management: ts ttp tm stc 100mhzsteps hwpstate

processor	: 1
vendor_id	: AuthenticAMD
cpu family	: 16
model		: 2
model name	: Quad-Core AMD Opteron(tm) Processor 2354
stepping	: 3
cpu MHz		: 2200.000
cache size	: 512 KB
physical id	: 0
siblings	: 4
core id		: 1
cpu cores	: 4
apicid		: 1
initial apicid	: 1
fpu		: yes
fpu_exception	: yes
cpuid level	: 5
wp		: yes
flags		: fpu vme de pse tsc msr pae mce cx8 apic sep mtrr pge mca cmov pat pse36 clflush mmx fxsr sse sse2 ht syscall nx mmxext fxsr_opt pdpe1gb rdtscp lm 3dnowext 3dnow constant_tsc rep_good nonstop_tsc extd_apicid pni monitor cx16 popcnt lahf_lm cmp_legacy svm extapic cr8_legacy abm sse4a misalignsse 3dnowprefetch osvw ibs npt lbrv svm_lock
bogomips	: 4422.88
TLB size	: 1024 4K pages
clflush size	: 64
cache_alignment	: 64
address sizes	: 48 bits physical, 48 bits virtual
power management: ts ttp tm stc 100mhzsteps hwpstate

processor	: 2
vendor_id	: AuthenticAMD
cpu family	: 16
model		: 2
model name	: Quad-Core AMD Opteron(tm) Processor 2354
stepping	: 3
cpu MHz		: 2200.000
cache size	: 512 KB
physical id	: 0
siblings	: 4
core id		: 2
cpu cores	: 4
apicid		: 2
initial apicid	: 2
fpu		: yes
fpu_exception	: yes
cpuid level	: 5
wp		: yes
flags		: fpu vme de pse tsc msr pae mce cx8 apic sep mtrr pge mca cmov pat pse36 clflush mmx fxsr sse sse2 ht syscall nx mmxext fxsr_opt pdpe1gb rdtscp lm 3dnowext 3dnow constant_tsc rep_good nonstop_tsc extd_apicid pni monitor cx16 popcnt lahf_lm cmp_legacy svm extapic cr8_legacy abm sse4a misalignsse 3dnowprefetch osvw ibs npt lbrv svm_lock
bogomips	: 4422.88
TLB size	: 1024 4K pages
clflush size	: 64
cache_alignment	: 64
address sizes	: 48 bits physical, 48 bits virtual
power management: ts ttp tm stc 100mhzsteps hwpstate

processor	: 3
vendor_id	: AuthenticAMD
cpu family	: 16
model		: 2
model name	: Quad-Core AMD Opteron(tm) Processor 2354
stepping	: 3
cpu MHz		: 2200.000
cache size	: 512 KB
physical id	: 0
siblings	: 4
core id		: 3
cpu cores	: 4
apicid		: 3
initial apicid	: 3
fpu		: yes
fpu_exception	: yes
cpuid level	: 5
wp		: yes
flags		: fpu vme de pse tsc msr pae mce cx8 apic sep mtrr pge mca cmov pat pse36 clflush mmx fxsr sse sse2 ht syscall nx mmxext fxsr_opt pdpe1gb rdtscp lm 3dnowext 3dnow constant_tsc rep_good nonstop_tsc extd_apicid pni monitor cx16 popcnt lahf_lm cmp_legacy svm extapic cr8_legacy abm sse4a misalignsse 3dnowprefetch osvw ibs npt lbrv svm_lock
bogomips	: 4422.88
TLB size	: 1024 4K pages
clflush size	: 64
cache_alignment	: 64
address sizes	: 48 bits physical, 48 bits virtual
power management: ts ttp tm stc 100mhzsteps hwpstate

processor	: 4
vendor_id	: AuthenticAMD
cpu family	: 16
model		: 2
model name	: Quad-Core AMD Opteron(tm) Processor 2354
stepping	: 3
cpu MHz		: 2200.000
cache size	: 512 KB
physical id	: 1
siblings	: 4
core id		: 0
cpu cores	: 4
apicid		: 4
initial apicid	: 4
fpu		: yes
fpu_exception	: yes
cpuid level	: 5
wp		: yes
flags		: fpu vme de pse tsc msr pae mce cx8 apic sep mtrr pge mca cmov pat pse36 clflush mmx fxsr sse sse2 ht syscall nx mmxext fxsr_opt pdpe1gb rdtscp lm 3dnowext 3dnow constant_tsc rep_good nonstop_tsc extd_apicid pni monitor cx16 popcnt lahf_lm cmp_legacy svm extapic cr8_legacy abm sse4a misalignsse 3dnowprefetch osvw ibs npt lbrv svm_lock
bogomips	: 4422.23
TLB size	: 1024 4K pages
clflush size	: 64
cache_alignment	: 64
address sizes	: 48 bits physical, 48 bits virtual
power management: ts ttp tm stc 100mhzsteps hwpstate

processor	: 5
vendor_id	: AuthenticAMD
cpu family	: 16
model		: 2
model name	: Quad-Core AMD Opteron(tm) Processor 2354
stepping	: 3
cpu MHz		: 2200.000
cache size	: 512 KB
physical id	: 1
siblings	: 4
core id		: 1
cpu cores	: 4
apicid		: 5
initial apicid	: 5
fpu		: yes
fpu_exception	: yes
cpuid level	: 5
wp		: yes
flags		: fpu vme de pse tsc msr pae mce cx8 apic sep mtrr pge mca cmov pat pse36 clflush mmx fxsr sse sse2 ht syscall nx mmxext fxsr_opt pdpe1gb rdtscp lm 3dnowext 3dnow constant_tsc rep_good nonstop_tsc extd_apicid pni monitor cx16 popcnt lahf_lm cmp_legacy svm extapic cr8_legacy abm sse4a misalignsse 3dnowprefetch osvw ibs npt lbrv svm_lock
bogomips	: 4422.23
TLB size	: 1024 4K pages
clflush size	: 64
cache_alignment	: 64
address sizes	: 48 bits physical, 48 bits virtual
power management: ts ttp tm stc 100mhzsteps hwpstate

processor	: 6
vendor_id	: AuthenticAMD
cpu family	: 16
model		: 2
model name	: Quad-Core AMD Opteron(tm) Processor 2354
stepping	: 3
cpu MHz		: 2200.000
cache size	: 512 KB
physical id	: 1
siblings	: 4
core id		: 2
cpu cores	: 4
apicid		: 6
initial apicid	: 6
fpu		: yes
fpu_exception	: yes
cpuid level	: 5
wp		: yes
flags		: fpu vme de pse tsc msr pae mce cx8 apic sep mtrr pge mca cmov pat pse36 clflush mmx fxsr sse sse2 ht syscall nx mmxext fxsr_opt pdpe1gb rdtscp lm 3dnowext 3dnow constant_tsc rep_good nonstop_tsc extd_apicid pni monitor cx16 popcnt lahf_lm cmp_legacy svm extapic cr8_legacy abm sse4a misalignsse 3dnowprefetch osvw ibs npt lbrv svm_lock
bogomips	: 4422.23
TLB size	: 1024 4K pages
clflush size	: 64
cache_alignment	: 64
address sizes	: 48 bits physical, 48 bits virtual
power management: ts ttp tm stc 100mhzsteps hwpstate

processor	: 7
vendor_id	: AuthenticAMD
cpu family	: 16
model		: 2
model name	: Quad-Core AMD Opteron(tm) Processor 2354
stepping	: 3
cpu MHz		: 2200.000
cache size	: 512 KB
physical id	: 1
siblings	: 4
core id		: 3
cpu cores	: 4
apicid		: 7
initial apicid	: 7
fpu		: yes
fpu_exception	: yes
cpuid level	: 5
wp		: yes
flags		: fpu vme de pse tsc msr pae mce cx8 apic sep mtrr pge mca cmov pat pse36 clflush mmx fxsr sse sse2 ht syscall nx mmxext fxsr_opt pdpe1gb rdtscp lm 3dnowext 3dnow constant_tsc rep_good nonstop_tsc extd_apicid pni monitor cx16 popcnt lahf_lm cmp_legacy svm extapic cr8_legacy abm sse4a misalignsse 3dnowprefetch osvw ibs npt lbrv svm_lock
bogomips	: 4422.23
TLB size	: 1024 4K pages
clflush size	: 64
cache_alignment	: 64
address sizes	: 48 bits physical, 48 bits virtual
power management: ts ttp tm stc 100mhzsteps hwpstate



Memory: 4k page, physical 16331612k(4928976k free), swap 8388604k(8388380k free)

vm_info: OpenJDK 64-Bit Server VM (23.25-b01) for linux-amd64 JRE (1.6.0_32-b32), built on Aug 21 2014 11:15:48 by "mockbuild" with gcc 4.4.7 20120313 (Red Hat 4.4.7-4)

time: Tue Sep 23 13:40:01 2014
elapsed time: 2 seconds

