#
# A fatal error has been detected by the Java Runtime Environment:
#
#  SIGBUS (0x7) at pc=0x00002b0970e91522, pid=13386, tid=47319544289024
#
# JRE version: 6.0_32-b32
# Java VM: OpenJDK 64-Bit Server VM (23.25-b01 mixed mode linux-amd64 compressed oops)
# Problematic frame:
# C  [libzip.so+0x4522]  ZIP_Lock+0x252
#
# Core dump written. Default location: /mmfs/automount/gpfs/homefs/sm/dw07r324/jobs/piterman.eq.macc.sp.ro.r/core or core.13386
#
# If you would like to submit a bug report, please include
# instructions how to reproduce the bug and visit:
#   http://icedtea.classpath.org/bugzilla
# The crash happened outside the Java Virtual Machine in native code.
# See problematic frame for where to report the bug.
#

---------------  T H R E A D  ---------------

Current thread (0x00002b0974008000):  JavaThread "main" [_thread_in_native, id=13387, stack(0x00002b097090d000,0x00002b0970a0e000)]

siginfo:si_signo=SIGBUS: si_errno=0, si_code=2 (BUS_ADRERR), si_addr=0x00002b09cf073330

Registers:
RAX=0x00002b0975276ee0, RBX=0x00002b09cf073313, RCX=0x00000000000000a1, RDX=0x00000000000000a0
RSP=0x00002b0970a0b460, RBP=0x00002b0970a0b4a0, RSI=0x0000000000000040, RDI=0x00002b0974000020
R8 =0x00002b0974000088, R9 =0x0000000000000001, R10=0x0000000000000040, R11=0x00002b097013d660
R12=0x00002b0975276ee0, R13=0x00002b0974f67830, R14=0x00002b0970a0b510, R15=0x00002b0975276ee0
RIP=0x00002b0970e91522, EFLAGS=0x0000000000010202, CSGSFS=0x0000000000000033, ERR=0x0000000000000004
  TRAPNO=0x000000000000000e

Top of Stack: (sp=0x00002b0970a0b460)
0x00002b0970a0b460:   00002b0974f75270 00002b097008705e
0x00002b0970a0b470:   000000000000008f 00002b0974f74254
0x00002b0970a0b480:   00002b0974f67830 00000000b98d4855
0x00002b0970a0b490:   00002b0970a0b510 0000000000000000
0x00002b0970a0b4a0:   00002b0970a0b4f0 00002b0970e91ae2
0x00002b0970a0b4b0:   00002b0974008000 00002b096fee46d7
0x00002b0970a0b4c0:   0000000000000000 00002b09740081d8
0x00002b0970a0b4d0:   00002b0970a0b510 000000000000002b
0x00002b0970a0b4e0:   00002b0970a0b9e8 00002b0970a0b510
0x00002b0970a0b4f0:   00002b0970a0b950 00002b0970e90b21
0x00002b0970a0b500:   0000002b00f67830 00002b0974f67830
0x00002b0970a0b510:   2f73657373616c63 727676732f67726f
0x00002b0970a0b520:   632f6c616f672f6c 6148646d432f646d
0x00002b0970a0b530:   6c632e72656c646e 00002b0900737361
0x00002b0970a0b540:   00002b0974f75270 00000000f0a82398
0x00002b0970a0b550:   0000000000000056 00002b0974007770
0x00002b0970a0b560:   00002b0970a0b580 00002b09701f52ed
0x00002b0970a0b570:   00002b0974008000 000000000000002b
0x00002b0970a0b580:   00002b0974f75270 00002b097008705e
0x00002b0970a0b590:   000000000000008f 00002b0974f67830
0x00002b0970a0b5a0:   00002b0970a0b5c0 00002b096ff23b38
0x00002b0970a0b5b0:   00002b0974008000 0000000000000000
0x00002b0970a0b5c0:   00002b0970a0b610 00002b0970e91b99
0x00002b0970a0b5d0:   00002b0974008000 00002b0975276e50
0x00002b0970a0b5e0:   0000002b01fd73a8 00002b09740081d8
0x00002b0970a0b5f0:   00002b0970a0b630 000000000000002b
0x00002b0970a0b600:   00002b0970a0bb10 00002b0970a0b630
0x00002b0970a0b610:   00002b0970a0ba70 00002b0970e90b21
0x00002b0970a0b620:   0000002b00000000 00002b0974f67830
0x00002b0970a0b630:   2f73657373616c63 727676732f67726f
0x00002b0970a0b640:   632f6c616f672f6c 6148646d432f646d
0x00002b0970a0b650:   6c632e72656c646e 0000000000737361 

Instructions: (pc=0x00002b0970e91522)
0x00002b0970e91502:   00 00 00 00 00 48 c7 40 30 00 00 00 00 48 c7 40
0x00002b0970e91512:   28 00 00 00 00 8b 5b 04 49 2b 5d 28 49 03 5d 18
0x00002b0970e91522:   44 0f b6 73 1d 0f b6 43 1c 41 c1 e6 08 41 09 c6
0x00002b0970e91532:   0f b6 43 1e 88 45 ce 0f b6 43 1f 88 45 cf 0f b6 

Register to memory mapping:

RAX=0x00002b0975276ee0 is an unknown value
RBX=0x00002b09cf073313 is an unknown value
RCX=0x00000000000000a1 is an unknown value
RDX=0x00000000000000a0 is an unknown value
RSP=0x00002b0970a0b460 is pointing into the stack for thread: 0x00002b0974008000
RBP=0x00002b0970a0b4a0 is pointing into the stack for thread: 0x00002b0974008000
RSI=0x0000000000000040 is an unknown value
RDI=0x00002b0974000020 is an unknown value
R8 =0x00002b0974000088 is an unknown value
R9 =0x0000000000000001 is an unknown value
R10=0x0000000000000040 is an unknown value
R11=0x00002b097013d660: <offset 0x79f660> in /usr/lib/jvm/java-1.6.0-openjdk-1.6.0.0.x86_64/jre/lib/amd64/server/libjvm.so at 0x00002b096f99e000
R12=0x00002b0975276ee0 is an unknown value
R13=0x00002b0974f67830 is an unknown value
R14=0x00002b0970a0b510 is pointing into the stack for thread: 0x00002b0974008000
R15=0x00002b0975276ee0 is an unknown value


Stack: [0x00002b097090d000,0x00002b0970a0e000],  sp=0x00002b0970a0b460,  free space=1017k
Native frames: (J=compiled Java code, j=interpreted, Vv=VM code, C=native code)
C  [libzip.so+0x4522]  ZIP_Lock+0x252
C  [libzip.so+0x4ae2]  ZIP_GetEntry+0xc2
C  [libzip.so+0x3b21]  Java_java_util_zip_ZipFile_getEntry+0x101
j  java.util.zip.ZipFile.getEntry(JLjava/lang/String;Z)J+0
j  java.util.zip.ZipFile.getInputStream(Ljava/lang/String;)Ljava/io/InputStream;+34
j  java.util.zip.ZipFile.getInputStream(Ljava/util/zip/ZipEntry;)Ljava/io/InputStream;+5
j  java.util.jar.JarFile.getInputStream(Ljava/util/zip/ZipEntry;)Ljava/io/InputStream;+13
j  sun.net.www.protocol.jar.JarURLConnection.getInputStream()Ljava/io/InputStream;+88
j  sun.misc.URLClassPath$Loader$1.getInputStream()Ljava/io/InputStream;+4
j  sun.misc.Resource.cachedInputStream()Ljava/io/InputStream;+9
j  sun.misc.Resource.getByteBuffer()Ljava/nio/ByteBuffer;+1
j  java.net.URLClassLoader.defineClass(Ljava/lang/String;Lsun/misc/Resource;)Ljava/lang/Class;+179
j  java.net.URLClassLoader.access$000(Ljava/net/URLClassLoader;Ljava/lang/String;Lsun/misc/Resource;)Ljava/lang/Class;+3
j  java.net.URLClassLoader$1.run()Ljava/lang/Object;+43
v  ~StubRoutines::call_stub
V  [libjvm.so+0x537e3e]  AsyncGetCallTrace+0xd776e
V  [libjvm.so+0x536ad8]  AsyncGetCallTrace+0xd6408
V  [libjvm.so+0x597140]  JVM_DoPrivileged+0x400
j  java.security.AccessController.doPrivileged(Ljava/security/PrivilegedExceptionAction;Ljava/security/AccessControlContext;)Ljava/lang/Object;+0
j  java.net.URLClassLoader.findClass(Ljava/lang/String;)Ljava/lang/Class;+13
j  org.java.plugin.standard.StandardPluginClassLoader.loadLocalClass(Ljava/lang/String;ZLorg/java/plugin/standard/StandardPluginClassLoader;)Ljava/lang/Class;+97
j  org.java.plugin.standard.StandardPluginClassLoader.loadClass(Ljava/lang/String;Z)Ljava/lang/Class;+62
j  java.lang.ClassLoader.loadClass(Ljava/lang/String;)Ljava/lang/Class;+3
j  org.svvrl.goal.core.CorePlugin.getConsoleHandler()Lorg/svvrl/goal/core/ConsoleHandler;+73
j  org.svvrl.goal.core.CorePlugin.startApplication()V+23
j  org.java.plugin.boot.Boot.boot(Lorg/java/plugin/util/ExtendedProperties;ZLjava/lang/String;Lorg/java/plugin/boot/BootErrorHandler;[Ljava/lang/String;)Lorg/java/plugin/boot/Application;+354
j  org.java.plugin.boot.Boot.main([Ljava/lang/String;)V+162
v  ~StubRoutines::call_stub
V  [libjvm.so+0x537e3e]  AsyncGetCallTrace+0xd776e
V  [libjvm.so+0x536ad8]  AsyncGetCallTrace+0xd6408
V  [libjvm.so+0x5452a7]  JNI_CreateJavaVM+0x12e7
V  [libjvm.so+0x55a4eb]  JNI_CreateJavaVM+0x1652b
C  [java+0x374d]  JavaMain+0xd0d

Java frames: (J=compiled Java code, j=interpreted, Vv=VM code)
j  java.util.zip.ZipFile.getEntry(JLjava/lang/String;Z)J+0
j  java.util.zip.ZipFile.getInputStream(Ljava/lang/String;)Ljava/io/InputStream;+34
j  java.util.zip.ZipFile.getInputStream(Ljava/util/zip/ZipEntry;)Ljava/io/InputStream;+5
j  java.util.jar.JarFile.getInputStream(Ljava/util/zip/ZipEntry;)Ljava/io/InputStream;+13
j  sun.net.www.protocol.jar.JarURLConnection.getInputStream()Ljava/io/InputStream;+88
j  sun.misc.URLClassPath$Loader$1.getInputStream()Ljava/io/InputStream;+4
j  sun.misc.Resource.cachedInputStream()Ljava/io/InputStream;+9
j  sun.misc.Resource.getByteBuffer()Ljava/nio/ByteBuffer;+1
j  java.net.URLClassLoader.defineClass(Ljava/lang/String;Lsun/misc/Resource;)Ljava/lang/Class;+179
j  java.net.URLClassLoader.access$000(Ljava/net/URLClassLoader;Ljava/lang/String;Lsun/misc/Resource;)Ljava/lang/Class;+3
j  java.net.URLClassLoader$1.run()Ljava/lang/Object;+43
v  ~StubRoutines::call_stub
j  java.security.AccessController.doPrivileged(Ljava/security/PrivilegedExceptionAction;Ljava/security/AccessControlContext;)Ljava/lang/Object;+0
j  java.net.URLClassLoader.findClass(Ljava/lang/String;)Ljava/lang/Class;+13
j  org.java.plugin.standard.StandardPluginClassLoader.loadLocalClass(Ljava/lang/String;ZLorg/java/plugin/standard/StandardPluginClassLoader;)Ljava/lang/Class;+97
j  org.java.plugin.standard.StandardPluginClassLoader.loadClass(Ljava/lang/String;Z)Ljava/lang/Class;+62
j  java.lang.ClassLoader.loadClass(Ljava/lang/String;)Ljava/lang/Class;+3
j  org.svvrl.goal.core.CorePlugin.getConsoleHandler()Lorg/svvrl/goal/core/ConsoleHandler;+73
j  org.svvrl.goal.core.CorePlugin.startApplication()V+23
j  org.java.plugin.boot.Boot.boot(Lorg/java/plugin/util/ExtendedProperties;ZLjava/lang/String;Lorg/java/plugin/boot/BootErrorHandler;[Ljava/lang/String;)Lorg/java/plugin/boot/Application;+354
j  org.java.plugin.boot.Boot.main([Ljava/lang/String;)V+162
v  ~StubRoutines::call_stub

---------------  P R O C E S S  ---------------

Java Threads: ( => current thread )
  0x00002b0974edb000 JavaThread "Java2D Disposer" daemon [_thread_blocked, id=13408, stack(0x00002b09ceb2b000,0x00002b09cec2c000)]
  0x00002b0974101800 JavaThread "Low Memory Detector" daemon [_thread_blocked, id=13402, stack(0x00002b09ce194000,0x00002b09ce295000)]
  0x00002b09740ff000 JavaThread "C2 CompilerThread1" daemon [_thread_blocked, id=13401, stack(0x00002b09ce093000,0x00002b09ce194000)]
  0x00002b09740fc800 JavaThread "C2 CompilerThread0" daemon [_thread_blocked, id=13400, stack(0x00002b09cdf92000,0x00002b09ce093000)]
  0x00002b09740fa000 JavaThread "Signal Dispatcher" daemon [_thread_blocked, id=13399, stack(0x00002b09cde91000,0x00002b09cdf92000)]
  0x00002b09740ab800 JavaThread "Finalizer" daemon [_thread_blocked, id=13398, stack(0x00002b09bc101000,0x00002b09bc202000)]
  0x00002b09740a9800 JavaThread "Reference Handler" daemon [_thread_blocked, id=13397, stack(0x00002b09bc000000,0x00002b09bc101000)]
=>0x00002b0974008000 JavaThread "main" [_thread_in_native, id=13387, stack(0x00002b097090d000,0x00002b0970a0e000)]

Other Threads:
  0x00002b097409a800 VMThread [stack: 0x00002b0990d91000,0x00002b0990e92000] [id=13396]
  0x00002b097410c800 WatcherThread [stack: 0x00002b09ce295000,0x00002b09ce396000] [id=13403]

VM state:not at safepoint (normal execution)

VM Mutex/Monitor currently owned by a thread: None

Heap
 PSYoungGen      total 305856K, used 99744K [0x00000000eaab0000, 0x0000000100000000, 0x0000000100000000)
  eden space 262208K, 38% used [0x00000000eaab0000,0x00000000f0c180f0,0x00000000faac0000)
  from space 43648K, 0% used [0x00000000fd560000,0x00000000fd560000,0x0000000100000000)
  to   space 43648K, 0% used [0x00000000faac0000,0x00000000faac0000,0x00000000fd560000)
 ParOldGen       total 699072K, used 0K [0x00000000c0000000, 0x00000000eaab0000, 0x00000000eaab0000)
  object space 699072K, 0% used [0x00000000c0000000,0x00000000c0000000,0x00000000eaab0000)
 PSPermGen       total 21248K, used 10967K [0x00000000b5a00000, 0x00000000b6ec0000, 0x00000000c0000000)
  object space 21248K, 51% used [0x00000000b5a00000,0x00000000b64b5e00,0x00000000b6ec0000)

Card table byte_map: [0x00002b097b0c0000,0x00002b097b314000] byte_map_base: 0x00002b097ab13000

Polling page: 0x00002b0970e4e000

Code Cache  [0x00002b0978000000, 0x00002b0978270000, 0x00002b097b000000)
 total_blobs=454 nmethods=174 adapters=233 free_code_cache=48221Kb largest_free_block=49358080

Compilation events (10 events):
Event: 16.784 Thread 0x00002b09740fc800 nmethod 167 0x00002b09780e60d0 code [0x00002b09780e6220, 0x00002b09780e65c8]
Event: 16.789 Thread 0x00002b09740ff000 nmethod 165 0x00002b09780ec210 code [0x00002b09780ec400, 0x00002b09780ecf28]
Event: 16.793 Thread 0x00002b09740fc800  168             java.lang.String::indexOf (7 bytes)
Event: 16.793 Thread 0x00002b09740fc800 nmethod 168 0x00002b09780e5e90 code [0x00002b09780e5fe0, 0x00002b09780e6048]
Event: 17.947 Thread 0x00002b09740ff000  169             java.lang.Character::toLowerCase (9 bytes)
Event: 17.947 Thread 0x00002b09740fc800  170             java.lang.CharacterDataLatin1::toLowerCase (39 bytes)
Event: 17.948 Thread 0x00002b09740fc800 nmethod 170 0x00002b09780e5bd0 code [0x00002b09780e5d00, 0x00002b09780e5db8]
Event: 17.948 Thread 0x00002b09740ff000 nmethod 169 0x00002b09780e3850 code [0x00002b09780e39a0, 0x00002b09780e3af8]
Event: 17.995 Thread 0x00002b09740fc800  171             java.lang.System::getSecurityManager (4 bytes)
Event: 17.995 Thread 0x00002b09740fc800 nmethod 171 0x00002b09780e3650 code [0x00002b09780e3780, 0x00002b09780e37d8]

GC Heap History (0 events):
No events

Deoptimization events (10 events):
Event: 5.137 Thread 0x00002b0974008000 Uncommon trap -34 fr.pc 0x00002b097809ce1c
Event: 5.137 Thread 0x00002b0974008000 Uncommon trap -34 fr.pc 0x00002b097809ce1c
Event: 5.529 Thread 0x00002b0974008000 Uncommon trap -34 fr.pc 0x00002b09780af698
Event: 14.432 Thread 0x00002b0974008000 Uncommon trap -34 fr.pc 0x00002b09780af698
Event: 14.432 Thread 0x00002b0974008000 Uncommon trap -34 fr.pc 0x00002b09780af698
Event: 14.432 Thread 0x00002b0974008000 Uncommon trap -34 fr.pc 0x00002b09780af698
Event: 17.964 Thread 0x00002b0974008000 Uncommon trap -58 fr.pc 0x00002b09780cfda4
Event: 17.970 Thread 0x00002b0974008000 Uncommon trap -58 fr.pc 0x00002b09780cfda4
Event: 17.976 Thread 0x00002b0974008000 Uncommon trap -58 fr.pc 0x00002b09780cfda4
Event: 17.992 Thread 0x00002b0974008000 Uncommon trap -58 fr.pc 0x00002b09780cfda4

Internal exceptions (10 events):
Event: 17.941 Thread 0x00002b0974008000 Threw 0x00000000f08a9fb8 at /builddir/build/BUILD/icedtea6-1.13.4/openjdk/hotspot/src/share/vm/prims/jvm.cpp:1235
Event: 17.943 Thread 0x00002b0974008000 Threw 0x00000000f08c4690 at /builddir/build/BUILD/icedtea6-1.13.4/openjdk/hotspot/src/share/vm/classfile/systemDictionary.cpp:179
Event: 17.943 Thread 0x00002b0974008000 Threw 0x00000000f08c4a18 at /builddir/build/BUILD/icedtea6-1.13.4/openjdk/hotspot/src/share/vm/prims/jvm.cpp:1235
Event: 17.943 Thread 0x00002b0974008000 Threw 0x00000000f08c4e50 at /builddir/build/BUILD/icedtea6-1.13.4/openjdk/hotspot/src/share/vm/prims/jvm.cpp:1235
Event: 17.944 Thread 0x00002b0974008000 Threw 0x00000000f08d4378 at /builddir/build/BUILD/icedtea6-1.13.4/openjdk/hotspot/src/share/vm/classfile/systemDictionary.cpp:179
Event: 17.944 Thread 0x00002b0974008000 Threw 0x00000000f08d46f8 at /builddir/build/BUILD/icedtea6-1.13.4/openjdk/hotspot/src/share/vm/prims/jvm.cpp:1235
Event: 17.944 Thread 0x00002b0974008000 Threw 0x00000000f08d4b28 at /builddir/build/BUILD/icedtea6-1.13.4/openjdk/hotspot/src/share/vm/prims/jvm.cpp:1235
Event: 17.945 Thread 0x00002b0974008000 Threw 0x00000000f08e2508 at /builddir/build/BUILD/icedtea6-1.13.4/openjdk/hotspot/src/share/vm/classfile/systemDictionary.cpp:179
Event: 17.945 Thread 0x00002b0974008000 Threw 0x00000000f08e2a68 at /builddir/build/BUILD/icedtea6-1.13.4/openjdk/hotspot/src/share/vm/prims/jvm.cpp:1235
Event: 17.945 Thread 0x00002b0974008000 Threw 0x00000000f08e3078 at /builddir/build/BUILD/icedtea6-1.13.4/openjdk/hotspot/src/share/vm/prims/jvm.cpp:1235

Events (10 events):
Event: 17.990 loading class 0x00002b097463b590
Event: 17.990 loading class 0x00002b097463b590 done
Event: 17.990 loading class 0x00002b097463b760
Event: 17.990 loading class 0x00002b097463b7e0
Event: 17.990 loading class 0x00002b097463b7e0 done
Event: 17.990 loading class 0x00002b097463b760 done
Event: 17.992 Thread 0x00002b0974008000 DEOPT PACKING pc=0x00002b09780cfda4 sp=0x00002b0970a0c500
Event: 17.992 Thread 0x00002b0974008000 DEOPT UNPACKING pc=0x00002b0978039145 sp=0x00002b0970a0c4b0 mode 2
Event: 17.994 loading class 0x00002b097406f1d0
Event: 17.994 loading class 0x00002b097406f1d0 done


Dynamic libraries:
00400000-00409000 r-xp 00000000 fd:01 5993                               /usr/lib/jvm/java-1.6.0-openjdk-1.6.0.0.x86_64/jre/bin/java
00608000-0060a000 rw-p 00008000 fd:01 5993                               /usr/lib/jvm/java-1.6.0-openjdk-1.6.0.0.x86_64/jre/bin/java
01ba1000-01bc2000 rw-p 00000000 00:00 0                                  [heap]
b5a00000-b6ec0000 rw-p 00000000 00:00 0 
b6ec0000-c0000000 rw-p 00000000 00:00 0 
c0000000-100000000 rw-p 00000000 00:00 0 
364f800000-364f820000 r-xp 00000000 fd:01 130582                         /lib64/ld-2.12.so
364fa1f000-364fa20000 r--p 0001f000 fd:01 130582                         /lib64/ld-2.12.so
364fa20000-364fa21000 rw-p 00020000 fd:01 130582                         /lib64/ld-2.12.so
364fa21000-364fa22000 rw-p 00000000 00:00 0 
364fc00000-364fd8a000 r-xp 00000000 fd:01 130613                         /lib64/libc-2.12.so
364fd8a000-364ff8a000 ---p 0018a000 fd:01 130613                         /lib64/libc-2.12.so
364ff8a000-364ff8e000 r--p 0018a000 fd:01 130613                         /lib64/libc-2.12.so
364ff8e000-364ff8f000 rw-p 0018e000 fd:01 130613                         /lib64/libc-2.12.so
364ff8f000-364ff94000 rw-p 00000000 00:00 0 
3650000000-3650004000 r-xp 00000000 fd:01 13573                          /usr/lib/jvm/java-1.6.0-openjdk-1.6.0.0.x86_64/jre/lib/amd64/jli/libjli.so
3650004000-3650203000 ---p 00004000 fd:01 13573                          /usr/lib/jvm/java-1.6.0-openjdk-1.6.0.0.x86_64/jre/lib/amd64/jli/libjli.so
3650203000-3650204000 rw-p 00003000 fd:01 13573                          /usr/lib/jvm/java-1.6.0-openjdk-1.6.0.0.x86_64/jre/lib/amd64/jli/libjli.so
3650400000-3650417000 r-xp 00000000 fd:01 130636                         /lib64/libpthread-2.12.so
3650417000-3650617000 ---p 00017000 fd:01 130636                         /lib64/libpthread-2.12.so
3650617000-3650618000 r--p 00017000 fd:01 130636                         /lib64/libpthread-2.12.so
3650618000-3650619000 rw-p 00018000 fd:01 130636                         /lib64/libpthread-2.12.so
3650619000-365061d000 rw-p 00000000 00:00 0 
3650800000-3650802000 r-xp 00000000 fd:01 130624                         /lib64/libdl-2.12.so
3650802000-3650a02000 ---p 00002000 fd:01 130624                         /lib64/libdl-2.12.so
3650a02000-3650a03000 r--p 00002000 fd:01 130624                         /lib64/libdl-2.12.so
3650a03000-3650a04000 rw-p 00003000 fd:01 130624                         /lib64/libdl-2.12.so
3650c00000-3650c15000 r-xp 00000000 fd:01 130638                         /lib64/libz.so.1.2.3
3650c15000-3650e14000 ---p 00015000 fd:01 130638                         /lib64/libz.so.1.2.3
3650e14000-3650e15000 r--p 00014000 fd:01 130638                         /lib64/libz.so.1.2.3
3650e15000-3650e16000 rw-p 00015000 fd:01 130638                         /lib64/libz.so.1.2.3
3651000000-3651007000 r-xp 00000000 fd:01 132701                         /lib64/librt-2.12.so
3651007000-3651206000 ---p 00007000 fd:01 132701                         /lib64/librt-2.12.so
3651206000-3651207000 r--p 00006000 fd:01 132701                         /lib64/librt-2.12.so
3651207000-3651208000 rw-p 00007000 fd:01 132701                         /lib64/librt-2.12.so
3651800000-3651816000 r-xp 00000000 fd:01 133662                         /lib64/libgcc_s-4.4.7-20120601.so.1
3651816000-3651a15000 ---p 00016000 fd:01 133662                         /lib64/libgcc_s-4.4.7-20120601.so.1
3651a15000-3651a16000 rw-p 00015000 fd:01 133662                         /lib64/libgcc_s-4.4.7-20120601.so.1
3653000000-36530e8000 r-xp 00000000 fd:01 49938                          /usr/lib64/libstdc++.so.6.0.13
36530e8000-36532e8000 ---p 000e8000 fd:01 49938                          /usr/lib64/libstdc++.so.6.0.13
36532e8000-36532ef000 r--p 000e8000 fd:01 49938                          /usr/lib64/libstdc++.so.6.0.13
36532ef000-36532f1000 rw-p 000ef000 fd:01 49938                          /usr/lib64/libstdc++.so.6.0.13
36532f1000-3653306000 rw-p 00000000 00:00 0 
3659000000-3659098000 r-xp 00000000 fd:01 4478                           /usr/lib64/libfreetype.so.6.3.22
3659098000-3659297000 ---p 00098000 fd:01 4478                           /usr/lib64/libfreetype.so.6.3.22
3659297000-365929d000 rw-p 00097000 fd:01 4478                           /usr/lib64/libfreetype.so.6.3.22
365c200000-365c216000 r-xp 00000000 fd:01 137559                         /lib64/libnsl-2.12.so
365c216000-365c415000 ---p 00016000 fd:01 137559                         /lib64/libnsl-2.12.so
365c415000-365c416000 r--p 00015000 fd:01 137559                         /lib64/libnsl-2.12.so
365c416000-365c417000 rw-p 00016000 fd:01 137559                         /lib64/libnsl-2.12.so
365c417000-365c419000 rw-p 00000000 00:00 0 
2b096f983000-2b096f984000 rw-p 00000000 00:00 0 
2b096f99a000-2b096f99e000 rw-p 00000000 00:00 0 
2b096f99e000-2b09703a9000 r-xp 00000000 fd:01 23213                      /usr/lib/jvm/java-1.6.0-openjdk-1.6.0.0.x86_64/jre/lib/amd64/server/libjvm.so
2b09703a9000-2b09705a9000 ---p 00a0b000 fd:01 23213                      /usr/lib/jvm/java-1.6.0-openjdk-1.6.0.0.x86_64/jre/lib/amd64/server/libjvm.so
2b09705a9000-2b097064a000 rw-p 00a0b000 fd:01 23213                      /usr/lib/jvm/java-1.6.0-openjdk-1.6.0.0.x86_64/jre/lib/amd64/server/libjvm.so
2b097064a000-2b0970673000 rw-p 00000000 00:00 0 
2b0970689000-2b097070c000 r-xp 00000000 fd:01 130627                     /lib64/libm-2.12.so
2b097070c000-2b097090b000 ---p 00083000 fd:01 130627                     /lib64/libm-2.12.so
2b097090b000-2b097090c000 r--p 00082000 fd:01 130627                     /lib64/libm-2.12.so
2b097090c000-2b097090d000 rw-p 00083000 fd:01 130627                     /lib64/libm-2.12.so
2b097090d000-2b0970910000 ---p 00000000 00:00 0 
2b0970910000-2b0970a0e000 rw-p 00000000 00:00 0 
2b0970a0e000-2b0970a1c000 r-xp 00000000 fd:01 23207                      /usr/lib/jvm/java-1.6.0-openjdk-1.6.0.0.x86_64/jre/lib/amd64/libverify.so
2b0970a1c000-2b0970c1c000 ---p 0000e000 fd:01 23207                      /usr/lib/jvm/java-1.6.0-openjdk-1.6.0.0.x86_64/jre/lib/amd64/libverify.so
2b0970c1c000-2b0970c1e000 rw-p 0000e000 fd:01 23207                      /usr/lib/jvm/java-1.6.0-openjdk-1.6.0.0.x86_64/jre/lib/amd64/libverify.so
2b0970c1e000-2b0970c4b000 r-xp 00000000 fd:01 23159                      /usr/lib/jvm/java-1.6.0-openjdk-1.6.0.0.x86_64/jre/lib/amd64/libjava.so
2b0970c4b000-2b0970e4a000 ---p 0002d000 fd:01 23159                      /usr/lib/jvm/java-1.6.0-openjdk-1.6.0.0.x86_64/jre/lib/amd64/libjava.so
2b0970e4a000-2b0970e4e000 rw-p 0002c000 fd:01 23159                      /usr/lib/jvm/java-1.6.0-openjdk-1.6.0.0.x86_64/jre/lib/amd64/libjava.so
2b0970e4e000-2b0970e4f000 r--p 00000000 00:00 0 
2b0970e4f000-2b0970e50000 rw-p 00000000 00:00 0 
2b0970e50000-2b0970e85000 r--s 00000000 fd:02 128540                     /var/db/nscd/passwd
2b0970e85000-2b0970e8d000 rw-s 00000000 fd:03 140                        /tmp/hsperfdata_dw07r324/13386
2b0970e8d000-2b0970e94000 r-xp 00000000 fd:01 23208                      /usr/lib/jvm/java-1.6.0-openjdk-1.6.0.0.x86_64/jre/lib/amd64/libzip.so
2b0970e94000-2b0971094000 ---p 00007000 fd:01 23208                      /usr/lib/jvm/java-1.6.0-openjdk-1.6.0.0.x86_64/jre/lib/amd64/libzip.so
2b0971094000-2b0971095000 rw-p 00007000 fd:01 23208                      /usr/lib/jvm/java-1.6.0-openjdk-1.6.0.0.x86_64/jre/lib/amd64/libzip.so
2b0974000000-2b097529a000 rw-p 00000000 00:00 0 
2b097529a000-2b0978000000 ---p 00000000 00:00 0 
2b0978000000-2b0978270000 rwxp 00000000 00:00 0 
2b0978270000-2b097b000000 rw-p 00000000 00:00 0 
2b097b000000-2b097b00a000 rw-p 00000000 00:00 0 
2b097b00a000-2b097b0c0000 rw-p 00000000 00:00 0 
2b097b0c0000-2b097b0cb000 rw-p 00000000 00:00 0 
2b097b0cb000-2b097b113000 rw-p 00000000 00:00 0 
2b097b113000-2b097b475000 rw-p 00000000 00:00 0 
2b097b475000-2b097b4bd000 rw-p 00000000 00:00 0 
2b097b4bd000-2b097b4be000 ---p 00000000 00:00 0 
2b097b4be000-2b097b5be000 rw-p 00000000 00:00 0 
2b097b5be000-2b097b5bf000 ---p 00000000 00:00 0 
2b097b5bf000-2b097b6bf000 rw-p 00000000 00:00 0 
2b097b6bf000-2b097b6c0000 ---p 00000000 00:00 0 
2b097b6c0000-2b097b7c0000 rw-p 00000000 00:00 0 
2b097b7c0000-2b097b7c1000 ---p 00000000 00:00 0 
2b097b7c1000-2b097b8c1000 rw-p 00000000 00:00 0 
2b097b8c1000-2b097b8c2000 ---p 00000000 00:00 0 
2b097b8c2000-2b097b9c2000 rw-p 00000000 00:00 0 
2b097b9c2000-2b097b9c3000 ---p 00000000 00:00 0 
2b097b9c3000-2b097bac3000 rw-p 00000000 00:00 0 
2b097bac3000-2b097bac4000 ---p 00000000 00:00 0 
2b097bac4000-2b097bbc4000 rw-p 00000000 00:00 0 
2b097bbc4000-2b097bbc5000 ---p 00000000 00:00 0 
2b097bbc5000-2b097bcc5000 rw-p 00000000 00:00 0 
2b097c000000-2b097c021000 rw-p 00000000 00:00 0 
2b097c021000-2b0980000000 ---p 00000000 00:00 0 
2b0984000000-2b0984021000 rw-p 00000000 00:00 0 
2b0984021000-2b0988000000 ---p 00000000 00:00 0 
2b0988000000-2b098aea4000 rw-p 00000000 00:00 0 
2b098aea4000-2b098b03a000 r--s 01a15000 fd:01 23288                      /usr/lib/jvm/java-1.6.0-openjdk-1.6.0.0.x86_64/jre/lib/rt.jar
2b098b03a000-2b098bf20000 rw-p 00000000 00:00 0 
2b098c000000-2b098c021000 rw-p 00000000 00:00 0 
2b098c021000-2b0990000000 ---p 00000000 00:00 0 
2b0990000000-2b0990d91000 rw-p 00000000 00:00 0 
2b0990d91000-2b0990d92000 ---p 00000000 00:00 0 
2b0990d92000-2b0990e92000 rw-p 00000000 00:00 0 
2b0994000000-2b0994021000 rw-p 00000000 00:00 0 
2b0994021000-2b0998000000 ---p 00000000 00:00 0 
2b099c000000-2b099c021000 rw-p 00000000 00:00 0 
2b099c021000-2b09a0000000 ---p 00000000 00:00 0 
2b09a4000000-2b09a4021000 rw-p 00000000 00:00 0 
2b09a4021000-2b09a8000000 ---p 00000000 00:00 0 
2b09ac000000-2b09ac021000 rw-p 00000000 00:00 0 
2b09ac021000-2b09b0000000 ---p 00000000 00:00 0 
2b09b4000000-2b09b4021000 rw-p 00000000 00:00 0 
2b09b4021000-2b09b8000000 ---p 00000000 00:00 0 
2b09b8000000-2b09b8021000 rw-p 00000000 00:00 0 
2b09b8021000-2b09bc000000 ---p 00000000 00:00 0 
2b09bc000000-2b09bc003000 ---p 00000000 00:00 0 
2b09bc003000-2b09bc101000 rw-p 00000000 00:00 0 
2b09bc101000-2b09bc104000 ---p 00000000 00:00 0 
2b09bc104000-2b09bc202000 rw-p 00000000 00:00 0 
2b09c0000000-2b09c0021000 rw-p 00000000 00:00 0 
2b09c0021000-2b09c4000000 ---p 00000000 00:00 0 
2b09c4000000-2b09c4021000 rw-p 00000000 00:00 0 
2b09c4021000-2b09c8000000 ---p 00000000 00:00 0 
2b09c8000000-2b09cde91000 r--p 00000000 fd:01 49935                      /usr/lib/locale/locale-archive
2b09cde91000-2b09cde94000 ---p 00000000 00:00 0 
2b09cde94000-2b09cdf92000 rw-p 00000000 00:00 0 
2b09cdf92000-2b09cdf95000 ---p 00000000 00:00 0 
2b09cdf95000-2b09ce093000 rw-p 00000000 00:00 0 
2b09ce093000-2b09ce096000 ---p 00000000 00:00 0 
2b09ce096000-2b09ce194000 rw-p 00000000 00:00 0 
2b09ce194000-2b09ce197000 ---p 00000000 00:00 0 
2b09ce197000-2b09ce295000 rw-p 00000000 00:00 0 
2b09ce295000-2b09ce296000 ---p 00000000 00:00 0 
2b09ce296000-2b09ce396000 rw-p 00000000 00:00 0 
2b09ce396000-2b09ce398000 r--s 00009000 00:35 125760574                  /mmfs/automount/gpfs/homefs/sm/dw07r324/bin/GOAL-20140808/lib/jpf-boot.jar
2b09ce398000-2b09ce39b000 r--s 0000f000 fd:01 23233                      /usr/lib/jvm/java-1.6.0-openjdk-1.6.0.0.x86_64/jre/lib/ext/pulse-java.jar
2b09ce39b000-2b09ce3a4000 r--s 00065000 fd:01 23228                      /usr/lib/jvm/java-1.6.0-openjdk-1.6.0.0.x86_64/jre/lib/ext/gnome-java-bridge.jar
2b09ce3a4000-2b09ce3a6000 r--s 00009000 00:35 125760574                  /mmfs/automount/gpfs/homefs/sm/dw07r324/bin/GOAL-20140808/lib/jpf-boot.jar
2b09ce3a6000-2b09ce3aa000 r--s 0003c000 fd:01 14238                      /usr/lib/jvm/java-1.6.0-openjdk-1.6.0.0.x86_64/jre/lib/jsse.jar
2b09ce3aa000-2b09ce3af000 r--s 0002d000 00:35 125760577                  /mmfs/automount/gpfs/homefs/sm/dw07r324/bin/GOAL-20140808/lib/jpf.jar
2b09ce3af000-2b09ce3b1000 r--s 0000d000 00:35 125760571                  /mmfs/automount/gpfs/homefs/sm/dw07r324/bin/GOAL-20140808/lib/commons-logging.jar
2b09ce3b1000-2b09ce3b3000 r--s 00012000 00:35 125760576                  /mmfs/automount/gpfs/homefs/sm/dw07r324/bin/GOAL-20140808/lib/jpf-tools.jar
2b09ce3b3000-2b09ce3ba000 r--s 00039000 00:35 125760578                  /mmfs/automount/gpfs/homefs/sm/dw07r324/bin/GOAL-20140808/lib/jxp.jar
2b09ce3ba000-2b09ce3bc000 r--s 00004000 00:35 125760570                  /mmfs/automount/gpfs/homefs/sm/dw07r324/bin/GOAL-20140808/lib/AppleJavaExtensions.jar
2b09ce3bc000-2b09ce3c1000 r--s 0002a000 00:35 125760572                  /mmfs/automount/gpfs/homefs/sm/dw07r324/bin/GOAL-20140808/lib/gson-2.2.2.jar
2b09ce3c1000-2b09ce3c4000 r--s 0001a000 00:35 125760579                  /mmfs/automount/gpfs/homefs/sm/dw07r324/bin/GOAL-20140808/lib/minijdd_104.jar
2b09ce3c4000-2b09ce3e7000 r--s 0022d000 00:35 69996935                   /mmfs/automount/gpfs/homefs/sm/dw07r324/bin/GOAL-20140808/.jpf-shadow/org.svvrl.goal.core@2014.8.8.zip (deleted)
2b09ce3e7000-2b09ce48a000 r-xp 00000000 fd:01 13434                      /usr/lib/jvm/java-1.6.0-openjdk-1.6.0.0.x86_64/jre/lib/amd64/libawt.so
2b09ce48a000-2b09ce68a000 ---p 000a3000 fd:01 13434                      /usr/lib/jvm/java-1.6.0-openjdk-1.6.0.0.x86_64/jre/lib/amd64/libawt.so
2b09ce68a000-2b09ce696000 rw-p 000a3000 fd:01 13434                      /usr/lib/jvm/java-1.6.0-openjdk-1.6.0.0.x86_64/jre/lib/amd64/libawt.so
2b09ce696000-2b09ce6ba000 rw-p 00000000 00:00 0 
2b09ce6ba000-2b09ce6c0000 r-xp 00000000 fd:01 8525                       /usr/lib/jvm/java-1.6.0-openjdk-1.6.0.0.x86_64/jre/lib/amd64/headless/libmawt.so
2b09ce6c0000-2b09ce8bf000 ---p 00006000 fd:01 8525                       /usr/lib/jvm/java-1.6.0-openjdk-1.6.0.0.x86_64/jre/lib/amd64/headless/libmawt.so
2b09ce8bf000-2b09ce8c0000 rw-p 00005000 fd:01 8525                       /usr/lib/jvm/java-1.6.0-openjdk-1.6.0.0.x86_64/jre/lib/amd64/headless/libmawt.so
2b09ce8c0000-2b09ce8db000 r--s 0029a000 00:35 99557709                   /mmfs/automount/gpfs/homefs/sm/dw07r324/bin/GOAL-20140808/.jpf-shadow/org.svvrl.goal.gui@2014.8.8.zip (deleted)
2b09ce8db000-2b09ce928000 r-xp 00000000 fd:01 13546                      /usr/lib/jvm/java-1.6.0-openjdk-1.6.0.0.x86_64/jre/lib/amd64/libfontmanager.so
2b09ce928000-2b09ceb28000 ---p 0004d000 fd:01 13546                      /usr/lib/jvm/java-1.6.0-openjdk-1.6.0.0.x86_64/jre/lib/amd64/libfontmanager.so
2b09ceb28000-2b09ceb2b000 rw-p 0004d000 fd:01 13546                      /usr/lib/jvm/java-1.6.0-openjdk-1.6.0.0.x86_64/jre/lib/amd64/libfontmanager.so
2b09ceb2b000-2b09ceb2e000 ---p 00000000 00:00 0 
2b09ceb2e000-2b09cec2c000 rw-p 00000000 00:00 0 
2b09cec2c000-2b09cec33000 r--s 00000000 fd:02 1513                       /var/cache/fontconfig/12b26b760a24f8b4feb03ad48a333a72-le64.cache-3
2b09cec33000-2b09cec3c000 r--s 00000000 fd:02 1443                       /var/cache/fontconfig/b79f3aaa7d385a141ab53ec885cc22a8-le64.cache-3
2b09cec3c000-2b09cec40000 r--s 00000000 fd:02 1132                       /var/cache/fontconfig/87f5e051180a7a75f16eb6fe7dbd3749-le64.cache-3
2b09cec40000-2b09cec56000 r-xp 00000000 fd:01 23199                      /usr/lib/jvm/java-1.6.0-openjdk-1.6.0.0.x86_64/jre/lib/amd64/libnet.so
2b09cec56000-2b09cee55000 ---p 00016000 fd:01 23199                      /usr/lib/jvm/java-1.6.0-openjdk-1.6.0.0.x86_64/jre/lib/amd64/libnet.so
2b09cee55000-2b09cee56000 rw-p 00015000 fd:01 23199                      /usr/lib/jvm/java-1.6.0-openjdk-1.6.0.0.x86_64/jre/lib/amd64/libnet.so
2b09cee56000-2b09cee5e000 r-xp 00000000 fd:01 23200                      /usr/lib/jvm/java-1.6.0-openjdk-1.6.0.0.x86_64/jre/lib/amd64/libnio.so
2b09cee5e000-2b09cf05d000 ---p 00008000 fd:01 23200                      /usr/lib/jvm/java-1.6.0-openjdk-1.6.0.0.x86_64/jre/lib/amd64/libnio.so
2b09cf05d000-2b09cf05e000 rw-p 00007000 fd:01 23200                      /usr/lib/jvm/java-1.6.0-openjdk-1.6.0.0.x86_64/jre/lib/amd64/libnio.so
2b09cf05e000-2b09cf065000 r--s 00000000 fd:02 1513                       /var/cache/fontconfig/12b26b760a24f8b4feb03ad48a333a72-le64.cache-3
2b09cf065000-2b09cf06e000 r--s 00000000 fd:02 1443                       /var/cache/fontconfig/b79f3aaa7d385a141ab53ec885cc22a8-le64.cache-3
2b09cf06e000-2b09cf072000 r--s 00000000 fd:02 1132                       /var/cache/fontconfig/87f5e051180a7a75f16eb6fe7dbd3749-le64.cache-3
2b09cf072000-2b09cf078000 r--s 0004b000 00:35 28822682                   /mmfs/automount/gpfs/homefs/sm/dw07r324/bin/GOAL-20140808/.jpf-shadow/org.svvrl.goal.cmd@2014.8.8.zip
2b09cf078000-2b09cf07a000 rw-p 00000000 00:00 0 
2b09d0000000-2b09d0021000 rw-p 00000000 00:00 0 
2b09d0021000-2b09d4000000 ---p 00000000 00:00 0 
2b09d4000000-2b09d4d4d000 rw-p 00000000 00:00 0 
2b09d4d4d000-2b09d8000000 ---p 00000000 00:00 0 
2b09d8000000-2b09d92af000 rw-p 00000000 00:00 0 
2b09d92af000-2b09dc000000 ---p 00000000 00:00 0 
2b09dc000000-2b09dc021000 rw-p 00000000 00:00 0 
2b09dc021000-2b09e0000000 ---p 00000000 00:00 0 
2b09e0000000-2b09e0021000 rw-p 00000000 00:00 0 
2b09e0021000-2b09e4000000 ---p 00000000 00:00 0 
2b09e4000000-2b09e4021000 rw-p 00000000 00:00 0 
2b09e4021000-2b09e8000000 ---p 00000000 00:00 0 
7fff372b2000-7fff372e9000 rw-p 00000000 00:00 0                          [stack]
7fff373ff000-7fff37400000 r-xp 00000000 00:00 0                          [vdso]
ffffffffff600000-ffffffffff601000 r-xp 00000000 00:00 0                  [vsyscall]

VM Arguments:
jvm_args: -Xmx1G -Xms1G -DapplicationRoot=/home/ubelix/sm/dw07r324/bin/GOAL-20140808 -Dorg.java.plugin.boot.pluginsRepositories=/home/ubelix/sm/dw07r324/bin/GOAL-20140808/plugins -Djpf.boot.config=/home/ubelix/sm/dw07r324/bin/GOAL-20140808/boot.properties -Dorg.apache.commons.logging.Log=org.apache.commons.logging.impl.SimpleLog -Dorg.apache.commons.logging.simplelog.log.org.java.plugin=fatal 
java_command: /home/ubelix/sm/dw07r324/bin/GOAL-20140808/lib/jpf-boot.jar complement -m piterman -eq -macc -sp -ro -r /scratch/local/8663605.1.all.q/test_set_s15/s15_t1.0_a0.1_064.gff
Launcher Type: SUN_STANDARD

Environment Variables:
CLASSPATH=/home/ubelix/sm/dw07r324/bin/GOAL-20140808:/home/ubelix/sm/dw07r324/bin/GOAL-20140808/plugins:/home/ubelix/sm/dw07r324/bin/GOAL-20140808/lib:
PATH=/scratch/local/8663605.1.all.q:/usr/lib64/qt-3.3/bin:/usr/local/bin:/bin:/usr/bin:/usr/local/sbin:/usr/sbin:/sbin:/usr/lpp/mmfs/bin:/home/ubelix/sm/dw07r324/bin/GOAL-20140808:/home/ubelix/sm/dw07r324/bin/gnu_time/bin:/usr/lpp/mmfs/bin
LD_LIBRARY_PATH=/usr/lib/jvm/java-1.6.0-openjdk-1.6.0.0.x86_64/jre/lib/amd64/server:/usr/lib/jvm/java-1.6.0-openjdk-1.6.0.0.x86_64/jre/lib/amd64:/usr/lib/jvm/java-1.6.0-openjdk-1.6.0.0.x86_64/jre/../lib/amd64
SHELL=/bin/bash

Signal Handlers:
SIGSEGV: [libjvm.so+0x870a40], sa_mask[0]=0x7ffbfeff, sa_flags=0x10000004
SIGBUS: [libjvm.so+0x870a40], sa_mask[0]=0x7ffbfeff, sa_flags=0x10000004
SIGFPE: [libjvm.so+0x719240], sa_mask[0]=0x7ffbfeff, sa_flags=0x10000004
SIGPIPE: [libjvm.so+0x719240], sa_mask[0]=0x7ffbfeff, sa_flags=0x10000004
SIGXFSZ: [libjvm.so+0x719240], sa_mask[0]=0x7ffbfeff, sa_flags=0x10000004
SIGILL: [libjvm.so+0x719240], sa_mask[0]=0x7ffbfeff, sa_flags=0x10000004
SIGUSR1: SIG_DFL, sa_mask[0]=0x00000000, sa_flags=0x00000000
SIGUSR2: [libjvm.so+0x718d60], sa_mask[0]=0x00000000, sa_flags=0x10000004
SIGHUP: [libjvm.so+0x71bdf0], sa_mask[0]=0x7ffbfeff, sa_flags=0x10000004
SIGINT: [libjvm.so+0x71bdf0], sa_mask[0]=0x7ffbfeff, sa_flags=0x10000004
SIGTERM: [libjvm.so+0x71bdf0], sa_mask[0]=0x7ffbfeff, sa_flags=0x10000004
SIGQUIT: [libjvm.so+0x71bdf0], sa_mask[0]=0x7ffbfeff, sa_flags=0x10000004


---------------  S Y S T E M  ---------------

OS:Red Hat Enterprise Linux ComputeNode release 6.5 (Santiago)

uname:Linux 2.6.32-431.29.2.el6.x86_64 #1 SMP Sun Jul 27 15:55:46 EDT 2014 x86_64
libc:glibc 2.12 NPTL 2.12 
rlimit: STACK infinity, CORE infinity, NPROC 127431, NOFILE 4096, AS 8388608k
load average:4.06 4.22 3.95

/proc/meminfo:
MemTotal:       16331612 kB
MemFree:         5203548 kB
Buffers:           12220 kB
Cached:          5882544 kB
SwapCached:           88 kB
Active:          2851468 kB
Inactive:        3593456 kB
Active(anon):     486824 kB
Inactive(anon):    63564 kB
Active(file):    2364644 kB
Inactive(file):  3529892 kB
Unevictable:     4082900 kB
Mlocked:         4082900 kB
SwapTotal:       8388604 kB
SwapFree:        8388380 kB
Dirty:                80 kB
Writeback:             0 kB
AnonPages:       4633096 kB
Mapped:            99168 kB
Shmem:               192 kB
Slab:             376636 kB
SReclaimable:     309628 kB
SUnreclaim:        67008 kB
KernelStack:        4672 kB
PageTables:        17324 kB
NFS_Unstable:          0 kB
Bounce:                0 kB
WritebackTmp:          0 kB
CommitLimit:    16554408 kB
Committed_AS:    6814140 kB
VmallocTotal:   34359738367 kB
VmallocUsed:      108380 kB
VmallocChunk:   34351234244 kB
HardwareCorrupted:     0 kB
AnonHugePages:         0 kB
HugePages_Total:       0
HugePages_Free:        0
HugePages_Rsvd:        0
HugePages_Surp:        0
Hugepagesize:       2048 kB
DirectMap4k:        9920 kB
DirectMap2M:     2086912 kB
DirectMap1G:    14680064 kB


CPU:total 8 (4 cores per cpu, 1 threads per core) family 16 model 2 stepping 3, cmov, cx8, fxsr, mmx, sse, sse2, sse3, popcnt, mmxext, 3dnowpref, lzcnt, sse4a, tsc, tscinvbit, tscinv

/proc/cpuinfo:
processor	: 0
vendor_id	: AuthenticAMD
cpu family	: 16
model		: 2
model name	: Quad-Core AMD Opteron(tm) Processor 2354
stepping	: 3
cpu MHz		: 2200.000
cache size	: 512 KB
physical id	: 0
siblings	: 4
core id		: 0
cpu cores	: 4
apicid		: 0
initial apicid	: 0
fpu		: yes
fpu_exception	: yes
cpuid level	: 5
wp		: yes
flags		: fpu vme de pse tsc msr pae mce cx8 apic sep mtrr pge mca cmov pat pse36 clflush mmx fxsr sse sse2 ht syscall nx mmxext fxsr_opt pdpe1gb rdtscp lm 3dnowext 3dnow constant_tsc rep_good nonstop_tsc extd_apicid pni monitor cx16 popcnt lahf_lm cmp_legacy svm extapic cr8_legacy abm sse4a misalignsse 3dnowprefetch osvw ibs npt lbrv svm_lock
bogomips	: 4422.88
TLB size	: 1024 4K pages
clflush size	: 64
cache_alignment	: 64
address sizes	: 48 bits physical, 48 bits virtual
power management: ts ttp tm stc 100mhzsteps hwpstate

processor	: 1
vendor_id	: AuthenticAMD
cpu family	: 16
model		: 2
model name	: Quad-Core AMD Opteron(tm) Processor 2354
stepping	: 3
cpu MHz		: 2200.000
cache size	: 512 KB
physical id	: 0
siblings	: 4
core id		: 1
cpu cores	: 4
apicid		: 1
initial apicid	: 1
fpu		: yes
fpu_exception	: yes
cpuid level	: 5
wp		: yes
flags		: fpu vme de pse tsc msr pae mce cx8 apic sep mtrr pge mca cmov pat pse36 clflush mmx fxsr sse sse2 ht syscall nx mmxext fxsr_opt pdpe1gb rdtscp lm 3dnowext 3dnow constant_tsc rep_good nonstop_tsc extd_apicid pni monitor cx16 popcnt lahf_lm cmp_legacy svm extapic cr8_legacy abm sse4a misalignsse 3dnowprefetch osvw ibs npt lbrv svm_lock
bogomips	: 4422.88
TLB size	: 1024 4K pages
clflush size	: 64
cache_alignment	: 64
address sizes	: 48 bits physical, 48 bits virtual
power management: ts ttp tm stc 100mhzsteps hwpstate

processor	: 2
vendor_id	: AuthenticAMD
cpu family	: 16
model		: 2
model name	: Quad-Core AMD Opteron(tm) Processor 2354
stepping	: 3
cpu MHz		: 2200.000
cache size	: 512 KB
physical id	: 0
siblings	: 4
core id		: 2
cpu cores	: 4
apicid		: 2
initial apicid	: 2
fpu		: yes
fpu_exception	: yes
cpuid level	: 5
wp		: yes
flags		: fpu vme de pse tsc msr pae mce cx8 apic sep mtrr pge mca cmov pat pse36 clflush mmx fxsr sse sse2 ht syscall nx mmxext fxsr_opt pdpe1gb rdtscp lm 3dnowext 3dnow constant_tsc rep_good nonstop_tsc extd_apicid pni monitor cx16 popcnt lahf_lm cmp_legacy svm extapic cr8_legacy abm sse4a misalignsse 3dnowprefetch osvw ibs npt lbrv svm_lock
bogomips	: 4422.88
TLB size	: 1024 4K pages
clflush size	: 64
cache_alignment	: 64
address sizes	: 48 bits physical, 48 bits virtual
power management: ts ttp tm stc 100mhzsteps hwpstate

processor	: 3
vendor_id	: AuthenticAMD
cpu family	: 16
model		: 2
model name	: Quad-Core AMD Opteron(tm) Processor 2354
stepping	: 3
cpu MHz		: 2200.000
cache size	: 512 KB
physical id	: 0
siblings	: 4
core id		: 3
cpu cores	: 4
apicid		: 3
initial apicid	: 3
fpu		: yes
fpu_exception	: yes
cpuid level	: 5
wp		: yes
flags		: fpu vme de pse tsc msr pae mce cx8 apic sep mtrr pge mca cmov pat pse36 clflush mmx fxsr sse sse2 ht syscall nx mmxext fxsr_opt pdpe1gb rdtscp lm 3dnowext 3dnow constant_tsc rep_good nonstop_tsc extd_apicid pni monitor cx16 popcnt lahf_lm cmp_legacy svm extapic cr8_legacy abm sse4a misalignsse 3dnowprefetch osvw ibs npt lbrv svm_lock
bogomips	: 4422.88
TLB size	: 1024 4K pages
clflush size	: 64
cache_alignment	: 64
address sizes	: 48 bits physical, 48 bits virtual
power management: ts ttp tm stc 100mhzsteps hwpstate

processor	: 4
vendor_id	: AuthenticAMD
cpu family	: 16
model		: 2
model name	: Quad-Core AMD Opteron(tm) Processor 2354
stepping	: 3
cpu MHz		: 2200.000
cache size	: 512 KB
physical id	: 1
siblings	: 4
core id		: 0
cpu cores	: 4
apicid		: 4
initial apicid	: 4
fpu		: yes
fpu_exception	: yes
cpuid level	: 5
wp		: yes
flags		: fpu vme de pse tsc msr pae mce cx8 apic sep mtrr pge mca cmov pat pse36 clflush mmx fxsr sse sse2 ht syscall nx mmxext fxsr_opt pdpe1gb rdtscp lm 3dnowext 3dnow constant_tsc rep_good nonstop_tsc extd_apicid pni monitor cx16 popcnt lahf_lm cmp_legacy svm extapic cr8_legacy abm sse4a misalignsse 3dnowprefetch osvw ibs npt lbrv svm_lock
bogomips	: 4422.23
TLB size	: 1024 4K pages
clflush size	: 64
cache_alignment	: 64
address sizes	: 48 bits physical, 48 bits virtual
power management: ts ttp tm stc 100mhzsteps hwpstate

processor	: 5
vendor_id	: AuthenticAMD
cpu family	: 16
model		: 2
model name	: Quad-Core AMD Opteron(tm) Processor 2354
stepping	: 3
cpu MHz		: 2200.000
cache size	: 512 KB
physical id	: 1
siblings	: 4
core id		: 1
cpu cores	: 4
apicid		: 5
initial apicid	: 5
fpu		: yes
fpu_exception	: yes
cpuid level	: 5
wp		: yes
flags		: fpu vme de pse tsc msr pae mce cx8 apic sep mtrr pge mca cmov pat pse36 clflush mmx fxsr sse sse2 ht syscall nx mmxext fxsr_opt pdpe1gb rdtscp lm 3dnowext 3dnow constant_tsc rep_good nonstop_tsc extd_apicid pni monitor cx16 popcnt lahf_lm cmp_legacy svm extapic cr8_legacy abm sse4a misalignsse 3dnowprefetch osvw ibs npt lbrv svm_lock
bogomips	: 4422.23
TLB size	: 1024 4K pages
clflush size	: 64
cache_alignment	: 64
address sizes	: 48 bits physical, 48 bits virtual
power management: ts ttp tm stc 100mhzsteps hwpstate

processor	: 6
vendor_id	: AuthenticAMD
cpu family	: 16
model		: 2
model name	: Quad-Core AMD Opteron(tm) Processor 2354
stepping	: 3
cpu MHz		: 2200.000
cache size	: 512 KB
physical id	: 1
siblings	: 4
core id		: 2
cpu cores	: 4
apicid		: 6
initial apicid	: 6
fpu		: yes
fpu_exception	: yes
cpuid level	: 5
wp		: yes
flags		: fpu vme de pse tsc msr pae mce cx8 apic sep mtrr pge mca cmov pat pse36 clflush mmx fxsr sse sse2 ht syscall nx mmxext fxsr_opt pdpe1gb rdtscp lm 3dnowext 3dnow constant_tsc rep_good nonstop_tsc extd_apicid pni monitor cx16 popcnt lahf_lm cmp_legacy svm extapic cr8_legacy abm sse4a misalignsse 3dnowprefetch osvw ibs npt lbrv svm_lock
bogomips	: 4422.23
TLB size	: 1024 4K pages
clflush size	: 64
cache_alignment	: 64
address sizes	: 48 bits physical, 48 bits virtual
power management: ts ttp tm stc 100mhzsteps hwpstate

processor	: 7
vendor_id	: AuthenticAMD
cpu family	: 16
model		: 2
model name	: Quad-Core AMD Opteron(tm) Processor 2354
stepping	: 3
cpu MHz		: 2200.000
cache size	: 512 KB
physical id	: 1
siblings	: 4
core id		: 3
cpu cores	: 4
apicid		: 7
initial apicid	: 7
fpu		: yes
fpu_exception	: yes
cpuid level	: 5
wp		: yes
flags		: fpu vme de pse tsc msr pae mce cx8 apic sep mtrr pge mca cmov pat pse36 clflush mmx fxsr sse sse2 ht syscall nx mmxext fxsr_opt pdpe1gb rdtscp lm 3dnowext 3dnow constant_tsc rep_good nonstop_tsc extd_apicid pni monitor cx16 popcnt lahf_lm cmp_legacy svm extapic cr8_legacy abm sse4a misalignsse 3dnowprefetch osvw ibs npt lbrv svm_lock
bogomips	: 4422.23
TLB size	: 1024 4K pages
clflush size	: 64
cache_alignment	: 64
address sizes	: 48 bits physical, 48 bits virtual
power management: ts ttp tm stc 100mhzsteps hwpstate



Memory: 4k page, physical 16331612k(5203548k free), swap 8388604k(8388380k free)

vm_info: OpenJDK 64-Bit Server VM (23.25-b01) for linux-amd64 JRE (1.6.0_32-b32), built on Aug 21 2014 11:15:48 by "mockbuild" with gcc 4.4.7 20120313 (Red Hat 4.4.7-4)

time: Mon Sep 22 23:20:36 2014
elapsed time: 18 seconds

