#
# A fatal error has been detected by the Java Runtime Environment:
#
#  SIGBUS (0x7) at pc=0x00002b61f7748522, pid=11918, tid=47699758696192
#
# JRE version: 6.0_32-b32
# Java VM: OpenJDK 64-Bit Server VM (23.25-b01 mixed mode linux-amd64 compressed oops)
# Problematic frame:
# C  [libzip.so+0x4522]  ZIP_Lock+0x252
#
# Core dump written. Default location: /mmfs/automount/gpfs/homefs/sm/dw07r324/jobs/piterman.eq.macc.sp.ro.r/core or core.11918
#
# If you would like to submit a bug report, please include
# instructions how to reproduce the bug and visit:
#   http://icedtea.classpath.org/bugzilla
# The crash happened outside the Java Virtual Machine in native code.
# See problematic frame for where to report the bug.
#

---------------  T H R E A D  ---------------

Current thread (0x00002b61f8008000):  JavaThread "main" [_thread_in_native, id=11919, stack(0x00002b61f71c4000,0x00002b61f72c5000)]

siginfo:si_signo=SIGBUS: si_errno=0, si_code=2 (BUS_ADRERR), si_addr=0x00002b623a534f5d

Registers:
RAX=0x00002b61f8fe4d80, RBX=0x00002b623a534f40, RCX=0x0000000000000461, RDX=0x0000000000000460
RSP=0x00002b61f72c2430, RBP=0x00002b61f72c2470, RSI=0x0000000000000040, RDI=0x00002b61f8000020
R8 =0x00002b61f8000088, R9 =0x0000000000000001, R10=0x0000000000000040, R11=0x00002b61f69f4660
R12=0x00002b61f8fe4d80, R13=0x00002b61f831a5b0, R14=0x00002b61f72c24e0, R15=0x00002b61f8fe4d80
RIP=0x00002b61f7748522, EFLAGS=0x0000000000010202, CSGSFS=0x0000000000000033, ERR=0x0000000000000004
  TRAPNO=0x000000000000000e

Top of Stack: (sp=0x00002b61f72c2430)
0x00002b61f72c2430:   00002b61f82eb160 00002b61f693e05e
0x00002b61f72c2440:   0000000000000553 00002b61f82e5df0
0x00002b61f72c2450:   00002b61f831a5b0 000000009359ecf4
0x00002b61f72c2460:   00002b61f72c24e0 0000000000000044
0x00002b61f72c2470:   00002b61f72c24c0 00002b61f7748ae2
0x00002b61f72c2480:   00002b61f8008000 00002b61f82e0dc0
0x00002b61f72c2490:   00002b61f72c2500 00002b61f80081d8
0x00002b61f72c24a0:   00002b61f72c24e0 0000000000000044
0x00002b61f72c24b0:   00002b61f72c29b8 00002b61f72c24e0
0x00002b61f72c24c0:   00002b61f72c2920 00002b61f7747ae4
0x00002b61f72c24d0:   0000004401008000 00002b61f831a5b0
0x00002b61f72c24e0:   2f73657373616c63 727676732f67726f
0x00002b61f72c24f0:   632f6c616f672f6c 706d6f632f65726f
0x00002b61f72c2500:   616d72657469702f 6d72657469502f6e
0x00002b61f72c2510:   7274736e6f436e61 632e6e6f69746375
0x00002b61f72c2520:   00002b007373616c 00000000f070f540
0x00002b61f72c2530:   00002b61f72c2560 00002b61f8008000
0x00002b61f72c2540:   00000000b5cc4b00 000000000000001a
0x00002b61f72c2550:   00002b61f8008000 00000000b5cc4b00
0x00002b61f72c2560:   00002b61f72c25c0 00002b61f67885f2
0x00002b61f72c2570:   00002b61f8008000 3432337237307764
0x00002b61f72c2580:   00002b61f8008000 38303431b5fcf290
0x00002b61f72c2590:   2d66706ab5fcf290 00000000000000bd
0x00002b61f72c25a0:   0000000000000000 00002b61f8008000
0x00002b61f72c25b0:   00002b61f72c2600 00002b6100000000
0x00002b61f72c25c0:   00000000b5cc8c58 00002b0000000061
0x00002b61f72c25d0:   00000000b5bdfef5 00000000f0718278
0x00002b61f72c25e0:   00002b61f72c25e0 00000000b5cc69cb
0x00002b61f72c25f0:   00002b61f72c2640 00002b61f8008b80
0x00002b61f72c2600:   0000000000000000 0000000000000001
0x00002b61f72c2610:   00002b61f8008000 ffffffffffffffff
0x00002b61f72c2620:   00002b61f72c2690 00002b61f6744a03 

Instructions: (pc=0x00002b61f7748522)
0x00002b61f7748502:   00 00 00 00 00 48 c7 40 30 00 00 00 00 48 c7 40
0x00002b61f7748512:   28 00 00 00 00 8b 5b 04 49 2b 5d 28 49 03 5d 18
0x00002b61f7748522:   44 0f b6 73 1d 0f b6 43 1c 41 c1 e6 08 41 09 c6
0x00002b61f7748532:   0f b6 43 1e 88 45 ce 0f b6 43 1f 88 45 cf 0f b6 

Register to memory mapping:

RAX=0x00002b61f8fe4d80 is an unknown value
RBX=0x00002b623a534f40 is an unknown value
RCX=0x0000000000000461 is an unknown value
RDX=0x0000000000000460 is an unknown value
RSP=0x00002b61f72c2430 is pointing into the stack for thread: 0x00002b61f8008000
RBP=0x00002b61f72c2470 is pointing into the stack for thread: 0x00002b61f8008000
RSI=0x0000000000000040 is an unknown value
RDI=0x00002b61f8000020 is an unknown value
R8 =0x00002b61f8000088 is an unknown value
R9 =0x0000000000000001 is an unknown value
R10=0x0000000000000040 is an unknown value
R11=0x00002b61f69f4660: <offset 0x79f660> in /usr/lib/jvm/java-1.6.0-openjdk-1.6.0.0.x86_64/jre/lib/amd64/server/libjvm.so at 0x00002b61f6255000
R12=0x00002b61f8fe4d80 is an unknown value
R13=0x00002b61f831a5b0 is an unknown value
R14=0x00002b61f72c24e0 is pointing into the stack for thread: 0x00002b61f8008000
R15=0x00002b61f8fe4d80 is an unknown value


Stack: [0x00002b61f71c4000,0x00002b61f72c5000],  sp=0x00002b61f72c2430,  free space=1017k
Native frames: (J=compiled Java code, j=interpreted, Vv=VM code, C=native code)
C  [libzip.so+0x4522]  ZIP_Lock+0x252
C  [libzip.so+0x4ae2]  ZIP_GetEntry+0xc2
C  [libzip.so+0x3ae4]  Java_java_util_zip_ZipFile_getEntry+0xc4
j  java.util.zip.ZipFile.getEntry(JLjava/lang/String;Z)J+0
j  java.util.zip.ZipFile.getEntry(Ljava/lang/String;)Ljava/util/zip/ZipEntry;+31
j  java.util.jar.JarFile.getEntry(Ljava/lang/String;)Ljava/util/zip/ZipEntry;+2
j  sun.net.www.protocol.jar.URLJarFile.getEntry(Ljava/lang/String;)Ljava/util/zip/ZipEntry;+2
j  sun.net.www.protocol.jar.JarURLConnection.connect()V+62
j  sun.net.www.protocol.jar.JarURLConnection.getInputStream()Ljava/io/InputStream;+1
j  sun.misc.URLClassPath$Loader.getResource(Ljava/lang/String;Z)Lsun/misc/Resource;+48
j  sun.misc.URLClassPath.getResource(Ljava/lang/String;Z)Lsun/misc/Resource;+53
j  java.net.URLClassLoader$1.run()Ljava/lang/Object;+26
v  ~StubRoutines::call_stub
V  [libjvm.so+0x537e3e]  AsyncGetCallTrace+0xd776e
V  [libjvm.so+0x536ad8]  AsyncGetCallTrace+0xd6408
V  [libjvm.so+0x597140]  JVM_DoPrivileged+0x400
j  java.security.AccessController.doPrivileged(Ljava/security/PrivilegedExceptionAction;Ljava/security/AccessControlContext;)Ljava/lang/Object;+0
j  java.net.URLClassLoader.findClass(Ljava/lang/String;)Ljava/lang/Class;+13
j  org.java.plugin.standard.StandardPluginClassLoader.loadLocalClass(Ljava/lang/String;ZLorg/java/plugin/standard/StandardPluginClassLoader;)Ljava/lang/Class;+97
j  org.java.plugin.standard.StandardPluginClassLoader.loadClass(Ljava/lang/String;Z)Ljava/lang/Class;+62
j  java.lang.ClassLoader.loadClass(Ljava/lang/String;)Ljava/lang/Class;+3
j  org.svvrl.goal.core.CorePlugin.loadComplementConstructions()V+63
j  org.svvrl.goal.core.CorePlugin.initApplication(Lorg/java/plugin/util/ExtendedProperties;[Ljava/lang/String;)Lorg/java/plugin/boot/Application;+174
j  org.java.plugin.boot.DefaultApplicationInitializer.initApplication(Lorg/java/plugin/boot/BootErrorHandler;[Ljava/lang/String;)Lorg/java/plugin/boot/Application;+530
j  org.java.plugin.boot.Boot.initApplication(Lorg/java/plugin/boot/BootErrorHandler;Lorg/java/plugin/util/ExtendedProperties;[Ljava/lang/String;)Lorg/java/plugin/boot/Application;+157
j  org.java.plugin.boot.Boot.boot(Lorg/java/plugin/util/ExtendedProperties;ZLjava/lang/String;Lorg/java/plugin/boot/BootErrorHandler;[Ljava/lang/String;)Lorg/java/plugin/boot/Application;+338
j  org.java.plugin.boot.Boot.main([Ljava/lang/String;)V+162
v  ~StubRoutines::call_stub
V  [libjvm.so+0x537e3e]  AsyncGetCallTrace+0xd776e
V  [libjvm.so+0x536ad8]  AsyncGetCallTrace+0xd6408
V  [libjvm.so+0x5452a7]  JNI_CreateJavaVM+0x12e7
V  [libjvm.so+0x55a4eb]  JNI_CreateJavaVM+0x1652b
C  [java+0x374d]  JavaMain+0xd0d

Java frames: (J=compiled Java code, j=interpreted, Vv=VM code)
j  java.util.zip.ZipFile.getEntry(JLjava/lang/String;Z)J+0
j  java.util.zip.ZipFile.getEntry(Ljava/lang/String;)Ljava/util/zip/ZipEntry;+31
j  java.util.jar.JarFile.getEntry(Ljava/lang/String;)Ljava/util/zip/ZipEntry;+2
j  sun.net.www.protocol.jar.URLJarFile.getEntry(Ljava/lang/String;)Ljava/util/zip/ZipEntry;+2
j  sun.net.www.protocol.jar.JarURLConnection.connect()V+62
j  sun.net.www.protocol.jar.JarURLConnection.getInputStream()Ljava/io/InputStream;+1
j  sun.misc.URLClassPath$Loader.getResource(Ljava/lang/String;Z)Lsun/misc/Resource;+48
j  sun.misc.URLClassPath.getResource(Ljava/lang/String;Z)Lsun/misc/Resource;+53
j  java.net.URLClassLoader$1.run()Ljava/lang/Object;+26
v  ~StubRoutines::call_stub
j  java.security.AccessController.doPrivileged(Ljava/security/PrivilegedExceptionAction;Ljava/security/AccessControlContext;)Ljava/lang/Object;+0
j  java.net.URLClassLoader.findClass(Ljava/lang/String;)Ljava/lang/Class;+13
j  org.java.plugin.standard.StandardPluginClassLoader.loadLocalClass(Ljava/lang/String;ZLorg/java/plugin/standard/StandardPluginClassLoader;)Ljava/lang/Class;+97
j  org.java.plugin.standard.StandardPluginClassLoader.loadClass(Ljava/lang/String;Z)Ljava/lang/Class;+62
j  java.lang.ClassLoader.loadClass(Ljava/lang/String;)Ljava/lang/Class;+3
j  org.svvrl.goal.core.CorePlugin.loadComplementConstructions()V+63
j  org.svvrl.goal.core.CorePlugin.initApplication(Lorg/java/plugin/util/ExtendedProperties;[Ljava/lang/String;)Lorg/java/plugin/boot/Application;+174
j  org.java.plugin.boot.DefaultApplicationInitializer.initApplication(Lorg/java/plugin/boot/BootErrorHandler;[Ljava/lang/String;)Lorg/java/plugin/boot/Application;+530
j  org.java.plugin.boot.Boot.initApplication(Lorg/java/plugin/boot/BootErrorHandler;Lorg/java/plugin/util/ExtendedProperties;[Ljava/lang/String;)Lorg/java/plugin/boot/Application;+157
j  org.java.plugin.boot.Boot.boot(Lorg/java/plugin/util/ExtendedProperties;ZLjava/lang/String;Lorg/java/plugin/boot/BootErrorHandler;[Ljava/lang/String;)Lorg/java/plugin/boot/Application;+338
j  org.java.plugin.boot.Boot.main([Ljava/lang/String;)V+162
v  ~StubRoutines::call_stub

---------------  P R O C E S S  ---------------

Java Threads: ( => current thread )
  0x00002b61f8101800 JavaThread "Low Memory Detector" daemon [_thread_blocked, id=11934, stack(0x00002b623a194000,0x00002b623a295000)]
  0x00002b61f80ff000 JavaThread "C2 CompilerThread1" daemon [_thread_blocked, id=11933, stack(0x00002b623a093000,0x00002b623a194000)]
  0x00002b61f80fc800 JavaThread "C2 CompilerThread0" daemon [_thread_blocked, id=11932, stack(0x00002b6239f92000,0x00002b623a093000)]
  0x00002b61f80fa000 JavaThread "Signal Dispatcher" daemon [_thread_blocked, id=11931, stack(0x00002b6239e91000,0x00002b6239f92000)]
  0x00002b61f80ab800 JavaThread "Finalizer" daemon [_thread_blocked, id=11930, stack(0x00002b6224f93000,0x00002b6225094000)]
  0x00002b61f80a9800 JavaThread "Reference Handler" daemon [_thread_blocked, id=11929, stack(0x00002b6224e92000,0x00002b6224f93000)]
=>0x00002b61f8008000 JavaThread "main" [_thread_in_native, id=11919, stack(0x00002b61f71c4000,0x00002b61f72c5000)]

Other Threads:
  0x00002b61f809a800 VMThread [stack: 0x00002b6224d91000,0x00002b6224e92000] [id=11928]
  0x00002b61f810c800 WatcherThread [stack: 0x00002b623a295000,0x00002b623a396000] [id=11935]

VM state:not at safepoint (normal execution)

VM Mutex/Monitor currently owned by a thread: None

Heap
 PSYoungGen      total 305856K, used 99750K [0x00000000eaab0000, 0x0000000100000000, 0x0000000100000000)
  eden space 262208K, 38% used [0x00000000eaab0000,0x00000000f0c199a8,0x00000000faac0000)
  from space 43648K, 0% used [0x00000000fd560000,0x00000000fd560000,0x0000000100000000)
  to   space 43648K, 0% used [0x00000000faac0000,0x00000000faac0000,0x00000000fd560000)
 ParOldGen       total 699072K, used 0K [0x00000000c0000000, 0x00000000eaab0000, 0x00000000eaab0000)
  object space 699072K, 0% used [0x00000000c0000000,0x00000000c0000000,0x00000000eaab0000)
 PSPermGen       total 21248K, used 8842K [0x00000000b5a00000, 0x00000000b6ec0000, 0x00000000c0000000)
  object space 21248K, 41% used [0x00000000b5a00000,0x00000000b62a2820,0x00000000b6ec0000)

Card table byte_map: [0x00002b61ff0c0000,0x00002b61ff314000] byte_map_base: 0x00002b61feb13000

Polling page: 0x00002b61f7705000

Code Cache  [0x00002b61fc000000, 0x00002b61fc270000, 0x00002b61ff000000)
 total_blobs=391 nmethods=162 adapters=182 free_code_cache=48277Kb largest_free_block=49397632

Compilation events (10 events):
Event: 1.824 Thread 0x00002b61f80fc800  157             org.svvrl.goal.core.logic.actl.ACTLBinary::getLeftSubFormula (5 bytes)
Event: 1.824 Thread 0x00002b61f80ff000  158             org.svvrl.goal.core.logic.actl.ACTLAnd::equals (46 bytes)
Event: 1.824 Thread 0x00002b61f80fc800 nmethod 157 0x00002b61fc09e910 code [0x00002b61fc09ea40, 0x00002b61fc09ea98]
Event: 1.825 Thread 0x00002b61f80ff000 nmethod 158 0x00002b61fc09e5d0 code [0x00002b61fc09e720, 0x00002b61fc09e7f8]
Event: 1.827 Thread 0x00002b61f80fc800  159             org.svvrl.goal.core.logic.actl.ACTLUntil::getPrecedence (2 bytes)
Event: 1.828 Thread 0x00002b61f80fc800 nmethod 159 0x00002b61fc09e3d0 code [0x00002b61fc09e500, 0x00002b61fc09e558]
Event: 1.828 Thread 0x00002b61f80ff000  160             org.svvrl.goal.core.logic.actl.ACTLAtomic::equals (24 bytes)
Event: 1.830 Thread 0x00002b61f80fc800  161             org.svvrl.goal.core.logic.actl.ACTLAtomic::getProposition (5 bytes)
Event: 1.830 Thread 0x00002b61f80ff000 nmethod 160 0x00002b61fc0c7910 code [0x00002b61fc0c7a60, 0x00002b61fc0c7bb8]
Event: 1.830 Thread 0x00002b61f80fc800 nmethod 161 0x00002b61fc09e190 code [0x00002b61fc09e2c0, 0x00002b61fc09e318]

GC Heap History (0 events):
No events

Deoptimization events (10 events):
Event: 1.155 Thread 0x00002b61f8008000 Uncommon trap -34 fr.pc 0x00002b61fc05ea30
Event: 1.155 Thread 0x00002b61f8008000 Uncommon trap -34 fr.pc 0x00002b61fc05ea30
Event: 1.487 Thread 0x00002b61f8008000 Uncommon trap -34 fr.pc 0x00002b61fc0a1d8c
Event: 1.487 Thread 0x00002b61f8008000 Uncommon trap -34 fr.pc 0x00002b61fc0a1d8c
Event: 1.488 Thread 0x00002b61f8008000 Uncommon trap -34 fr.pc 0x00002b61fc0a1d8c
Event: 1.488 Thread 0x00002b61f8008000 Uncommon trap -34 fr.pc 0x00002b61fc0a1d8c
Event: 1.488 Thread 0x00002b61f8008000 Uncommon trap -34 fr.pc 0x00002b61fc0b285c
Event: 1.488 Thread 0x00002b61f8008000 Uncommon trap -34 fr.pc 0x00002b61fc0b285c
Event: 1.489 Thread 0x00002b61f8008000 Uncommon trap -34 fr.pc 0x00002b61fc0b285c
Event: 1.489 Thread 0x00002b61f8008000 Uncommon trap -34 fr.pc 0x00002b61fc0b285c

Internal exceptions (10 events):
Event: 1.741 Thread 0x00002b61f8008000 Threw 0x00000000efabc370 at /builddir/build/BUILD/icedtea6-1.13.4/openjdk/hotspot/src/share/vm/prims/jvm.cpp:1235
Event: 1.837 Thread 0x00002b61f8008000 Threw 0x00000000f03b9100 at /builddir/build/BUILD/icedtea6-1.13.4/openjdk/hotspot/src/share/vm/classfile/systemDictionary.cpp:179
Event: 1.837 Thread 0x00002b61f8008000 Threw 0x00000000f03b9498 at /builddir/build/BUILD/icedtea6-1.13.4/openjdk/hotspot/src/share/vm/prims/jvm.cpp:1235
Event: 1.837 Thread 0x00002b61f8008000 Threw 0x00000000f03b98e0 at /builddir/build/BUILD/icedtea6-1.13.4/openjdk/hotspot/src/share/vm/prims/jvm.cpp:1235
Event: 1.852 Thread 0x00002b61f8008000 Threw 0x00000000f06e0ff0 at /builddir/build/BUILD/icedtea6-1.13.4/openjdk/hotspot/src/share/vm/classfile/systemDictionary.cpp:179
Event: 1.852 Thread 0x00002b61f8008000 Threw 0x00000000f06e1368 at /builddir/build/BUILD/icedtea6-1.13.4/openjdk/hotspot/src/share/vm/prims/jvm.cpp:1235
Event: 1.852 Thread 0x00002b61f8008000 Threw 0x00000000f06e1790 at /builddir/build/BUILD/icedtea6-1.13.4/openjdk/hotspot/src/share/vm/prims/jvm.cpp:1235
Event: 1.853 Thread 0x00002b61f8008000 Threw 0x00000000f06e7498 at /builddir/build/BUILD/icedtea6-1.13.4/openjdk/hotspot/src/share/vm/classfile/systemDictionary.cpp:179
Event: 1.853 Thread 0x00002b61f8008000 Threw 0x00000000f06e7820 at /builddir/build/BUILD/icedtea6-1.13.4/openjdk/hotspot/src/share/vm/prims/jvm.cpp:1235
Event: 1.853 Thread 0x00002b61f8008000 Threw 0x00000000f06e7c58 at /builddir/build/BUILD/icedtea6-1.13.4/openjdk/hotspot/src/share/vm/prims/jvm.cpp:1235

Events (10 events):
Event: 1.668 loading class 0x00002b61f8e22aa0
Event: 1.668 loading class 0x00002b61f8e22aa0 done
Event: 1.741 loading class 0x00002b61f8e5ef60
Event: 1.741 loading class 0x00002b61f8e5ef60 done
Event: 1.837 loading class 0x00002b61f8efdc70
Event: 1.837 loading class 0x00002b61f8efdc70 done
Event: 1.852 loading class 0x00002b61f8f7b350
Event: 1.852 loading class 0x00002b61f8f7b350 done
Event: 1.853 loading class 0x00002b61f8f7c260
Event: 1.853 loading class 0x00002b61f8f7c260 done


Dynamic libraries:
00400000-00409000 r-xp 00000000 fd:01 5993                               /usr/lib/jvm/java-1.6.0-openjdk-1.6.0.0.x86_64/jre/bin/java
00608000-0060a000 rw-p 00008000 fd:01 5993                               /usr/lib/jvm/java-1.6.0-openjdk-1.6.0.0.x86_64/jre/bin/java
00e22000-00e43000 rw-p 00000000 00:00 0                                  [heap]
b5a00000-b6ec0000 rw-p 00000000 00:00 0 
b6ec0000-c0000000 rw-p 00000000 00:00 0 
c0000000-100000000 rw-p 00000000 00:00 0 
364f800000-364f820000 r-xp 00000000 fd:01 130582                         /lib64/ld-2.12.so
364fa1f000-364fa20000 r--p 0001f000 fd:01 130582                         /lib64/ld-2.12.so
364fa20000-364fa21000 rw-p 00020000 fd:01 130582                         /lib64/ld-2.12.so
364fa21000-364fa22000 rw-p 00000000 00:00 0 
364fc00000-364fd8a000 r-xp 00000000 fd:01 130613                         /lib64/libc-2.12.so
364fd8a000-364ff8a000 ---p 0018a000 fd:01 130613                         /lib64/libc-2.12.so
364ff8a000-364ff8e000 r--p 0018a000 fd:01 130613                         /lib64/libc-2.12.so
364ff8e000-364ff8f000 rw-p 0018e000 fd:01 130613                         /lib64/libc-2.12.so
364ff8f000-364ff94000 rw-p 00000000 00:00 0 
3650000000-3650004000 r-xp 00000000 fd:01 13573                          /usr/lib/jvm/java-1.6.0-openjdk-1.6.0.0.x86_64/jre/lib/amd64/jli/libjli.so
3650004000-3650203000 ---p 00004000 fd:01 13573                          /usr/lib/jvm/java-1.6.0-openjdk-1.6.0.0.x86_64/jre/lib/amd64/jli/libjli.so
3650203000-3650204000 rw-p 00003000 fd:01 13573                          /usr/lib/jvm/java-1.6.0-openjdk-1.6.0.0.x86_64/jre/lib/amd64/jli/libjli.so
3650400000-3650417000 r-xp 00000000 fd:01 130636                         /lib64/libpthread-2.12.so
3650417000-3650617000 ---p 00017000 fd:01 130636                         /lib64/libpthread-2.12.so
3650617000-3650618000 r--p 00017000 fd:01 130636                         /lib64/libpthread-2.12.so
3650618000-3650619000 rw-p 00018000 fd:01 130636                         /lib64/libpthread-2.12.so
3650619000-365061d000 rw-p 00000000 00:00 0 
3650800000-3650802000 r-xp 00000000 fd:01 130624                         /lib64/libdl-2.12.so
3650802000-3650a02000 ---p 00002000 fd:01 130624                         /lib64/libdl-2.12.so
3650a02000-3650a03000 r--p 00002000 fd:01 130624                         /lib64/libdl-2.12.so
3650a03000-3650a04000 rw-p 00003000 fd:01 130624                         /lib64/libdl-2.12.so
3650c00000-3650c15000 r-xp 00000000 fd:01 130638                         /lib64/libz.so.1.2.3
3650c15000-3650e14000 ---p 00015000 fd:01 130638                         /lib64/libz.so.1.2.3
3650e14000-3650e15000 r--p 00014000 fd:01 130638                         /lib64/libz.so.1.2.3
3650e15000-3650e16000 rw-p 00015000 fd:01 130638                         /lib64/libz.so.1.2.3
3651000000-3651007000 r-xp 00000000 fd:01 132701                         /lib64/librt-2.12.so
3651007000-3651206000 ---p 00007000 fd:01 132701                         /lib64/librt-2.12.so
3651206000-3651207000 r--p 00006000 fd:01 132701                         /lib64/librt-2.12.so
3651207000-3651208000 rw-p 00007000 fd:01 132701                         /lib64/librt-2.12.so
3651800000-3651816000 r-xp 00000000 fd:01 133662                         /lib64/libgcc_s-4.4.7-20120601.so.1
3651816000-3651a15000 ---p 00016000 fd:01 133662                         /lib64/libgcc_s-4.4.7-20120601.so.1
3651a15000-3651a16000 rw-p 00015000 fd:01 133662                         /lib64/libgcc_s-4.4.7-20120601.so.1
3653000000-36530e8000 r-xp 00000000 fd:01 49938                          /usr/lib64/libstdc++.so.6.0.13
36530e8000-36532e8000 ---p 000e8000 fd:01 49938                          /usr/lib64/libstdc++.so.6.0.13
36532e8000-36532ef000 r--p 000e8000 fd:01 49938                          /usr/lib64/libstdc++.so.6.0.13
36532ef000-36532f1000 rw-p 000ef000 fd:01 49938                          /usr/lib64/libstdc++.so.6.0.13
36532f1000-3653306000 rw-p 00000000 00:00 0 
365c200000-365c216000 r-xp 00000000 fd:01 137559                         /lib64/libnsl-2.12.so
365c216000-365c415000 ---p 00016000 fd:01 137559                         /lib64/libnsl-2.12.so
365c415000-365c416000 r--p 00015000 fd:01 137559                         /lib64/libnsl-2.12.so
365c416000-365c417000 rw-p 00016000 fd:01 137559                         /lib64/libnsl-2.12.so
365c417000-365c419000 rw-p 00000000 00:00 0 
2b61f623a000-2b61f623b000 rw-p 00000000 00:00 0 
2b61f6251000-2b61f6255000 rw-p 00000000 00:00 0 
2b61f6255000-2b61f6c60000 r-xp 00000000 fd:01 23213                      /usr/lib/jvm/java-1.6.0-openjdk-1.6.0.0.x86_64/jre/lib/amd64/server/libjvm.so
2b61f6c60000-2b61f6e60000 ---p 00a0b000 fd:01 23213                      /usr/lib/jvm/java-1.6.0-openjdk-1.6.0.0.x86_64/jre/lib/amd64/server/libjvm.so
2b61f6e60000-2b61f6f01000 rw-p 00a0b000 fd:01 23213                      /usr/lib/jvm/java-1.6.0-openjdk-1.6.0.0.x86_64/jre/lib/amd64/server/libjvm.so
2b61f6f01000-2b61f6f2a000 rw-p 00000000 00:00 0 
2b61f6f40000-2b61f6fc3000 r-xp 00000000 fd:01 130627                     /lib64/libm-2.12.so
2b61f6fc3000-2b61f71c2000 ---p 00083000 fd:01 130627                     /lib64/libm-2.12.so
2b61f71c2000-2b61f71c3000 r--p 00082000 fd:01 130627                     /lib64/libm-2.12.so
2b61f71c3000-2b61f71c4000 rw-p 00083000 fd:01 130627                     /lib64/libm-2.12.so
2b61f71c4000-2b61f71c7000 ---p 00000000 00:00 0 
2b61f71c7000-2b61f72c5000 rw-p 00000000 00:00 0 
2b61f72c5000-2b61f72d3000 r-xp 00000000 fd:01 23207                      /usr/lib/jvm/java-1.6.0-openjdk-1.6.0.0.x86_64/jre/lib/amd64/libverify.so
2b61f72d3000-2b61f74d3000 ---p 0000e000 fd:01 23207                      /usr/lib/jvm/java-1.6.0-openjdk-1.6.0.0.x86_64/jre/lib/amd64/libverify.so
2b61f74d3000-2b61f74d5000 rw-p 0000e000 fd:01 23207                      /usr/lib/jvm/java-1.6.0-openjdk-1.6.0.0.x86_64/jre/lib/amd64/libverify.so
2b61f74d5000-2b61f7502000 r-xp 00000000 fd:01 23159                      /usr/lib/jvm/java-1.6.0-openjdk-1.6.0.0.x86_64/jre/lib/amd64/libjava.so
2b61f7502000-2b61f7701000 ---p 0002d000 fd:01 23159                      /usr/lib/jvm/java-1.6.0-openjdk-1.6.0.0.x86_64/jre/lib/amd64/libjava.so
2b61f7701000-2b61f7705000 rw-p 0002c000 fd:01 23159                      /usr/lib/jvm/java-1.6.0-openjdk-1.6.0.0.x86_64/jre/lib/amd64/libjava.so
2b61f7705000-2b61f7706000 r--p 00000000 00:00 0 
2b61f7706000-2b61f7707000 rw-p 00000000 00:00 0 
2b61f7707000-2b61f773c000 r--s 00000000 fd:02 128540                     /var/db/nscd/passwd
2b61f773c000-2b61f7744000 rw-s 00000000 fd:03 38                         /tmp/hsperfdata_dw07r324/11918
2b61f7744000-2b61f774b000 r-xp 00000000 fd:01 23208                      /usr/lib/jvm/java-1.6.0-openjdk-1.6.0.0.x86_64/jre/lib/amd64/libzip.so
2b61f774b000-2b61f794b000 ---p 00007000 fd:01 23208                      /usr/lib/jvm/java-1.6.0-openjdk-1.6.0.0.x86_64/jre/lib/amd64/libzip.so
2b61f794b000-2b61f794c000 rw-p 00007000 fd:01 23208                      /usr/lib/jvm/java-1.6.0-openjdk-1.6.0.0.x86_64/jre/lib/amd64/libzip.so
2b61f8000000-2b61f902a000 rw-p 00000000 00:00 0 
2b61f902a000-2b61fc000000 ---p 00000000 00:00 0 
2b61fc000000-2b61fc270000 rwxp 00000000 00:00 0 
2b61fc270000-2b61ff000000 rw-p 00000000 00:00 0 
2b61ff000000-2b61ff00a000 rw-p 00000000 00:00 0 
2b61ff00a000-2b61ff0c0000 rw-p 00000000 00:00 0 
2b61ff0c0000-2b61ff0cb000 rw-p 00000000 00:00 0 
2b61ff0cb000-2b61ff113000 rw-p 00000000 00:00 0 
2b61ff113000-2b61ff475000 rw-p 00000000 00:00 0 
2b61ff475000-2b61ff4bd000 rw-p 00000000 00:00 0 
2b61ff4bd000-2b61ff4be000 ---p 00000000 00:00 0 
2b61ff4be000-2b61ff5be000 rw-p 00000000 00:00 0 
2b61ff5be000-2b61ff5bf000 ---p 00000000 00:00 0 
2b61ff5bf000-2b61ff6bf000 rw-p 00000000 00:00 0 
2b61ff6bf000-2b61ff6c0000 ---p 00000000 00:00 0 
2b61ff6c0000-2b61ff7c0000 rw-p 00000000 00:00 0 
2b61ff7c0000-2b61ff7c1000 ---p 00000000 00:00 0 
2b61ff7c1000-2b61ff8c1000 rw-p 00000000 00:00 0 
2b61ff8c1000-2b61ff8c2000 ---p 00000000 00:00 0 
2b61ff8c2000-2b61ff9c2000 rw-p 00000000 00:00 0 
2b61ff9c2000-2b61ff9c3000 ---p 00000000 00:00 0 
2b61ff9c3000-2b61ffac3000 rw-p 00000000 00:00 0 
2b61ffac3000-2b61ffac4000 ---p 00000000 00:00 0 
2b61ffac4000-2b61ffbc4000 rw-p 00000000 00:00 0 
2b61ffbc4000-2b61ffbc5000 ---p 00000000 00:00 0 
2b61ffbc5000-2b61ffcc5000 rw-p 00000000 00:00 0 
2b6200000000-2b6200021000 rw-p 00000000 00:00 0 
2b6200021000-2b6204000000 ---p 00000000 00:00 0 
2b6204000000-2b6204021000 rw-p 00000000 00:00 0 
2b6204021000-2b6208000000 ---p 00000000 00:00 0 
2b6208000000-2b6208021000 rw-p 00000000 00:00 0 
2b6208021000-2b620c000000 ---p 00000000 00:00 0 
2b620c000000-2b620c021000 rw-p 00000000 00:00 0 
2b620c021000-2b6210000000 ---p 00000000 00:00 0 
2b6210000000-2b6212ea4000 rw-p 00000000 00:00 0 
2b6212ea4000-2b621303a000 r--s 01a15000 fd:01 23288                      /usr/lib/jvm/java-1.6.0-openjdk-1.6.0.0.x86_64/jre/lib/rt.jar
2b621303a000-2b6213f20000 rw-p 00000000 00:00 0 
2b6214000000-2b6214021000 rw-p 00000000 00:00 0 
2b6214021000-2b6218000000 ---p 00000000 00:00 0 
2b6218000000-2b6218021000 rw-p 00000000 00:00 0 
2b6218021000-2b621c000000 ---p 00000000 00:00 0 
2b621c000000-2b621c021000 rw-p 00000000 00:00 0 
2b621c021000-2b6220000000 ---p 00000000 00:00 0 
2b6220000000-2b6220021000 rw-p 00000000 00:00 0 
2b6220021000-2b6224000000 ---p 00000000 00:00 0 
2b6224000000-2b6224d91000 rw-p 00000000 00:00 0 
2b6224d91000-2b6224d92000 ---p 00000000 00:00 0 
2b6224d92000-2b6224e92000 rw-p 00000000 00:00 0 
2b6224e92000-2b6224e95000 ---p 00000000 00:00 0 
2b6224e95000-2b6224f93000 rw-p 00000000 00:00 0 
2b6224f93000-2b6224f96000 ---p 00000000 00:00 0 
2b6224f96000-2b6225094000 rw-p 00000000 00:00 0 
2b6228000000-2b6228021000 rw-p 00000000 00:00 0 
2b6228021000-2b622c000000 ---p 00000000 00:00 0 
2b622c000000-2b622c021000 rw-p 00000000 00:00 0 
2b622c021000-2b6230000000 ---p 00000000 00:00 0 
2b6230000000-2b6230021000 rw-p 00000000 00:00 0 
2b6230021000-2b6234000000 ---p 00000000 00:00 0 
2b6234000000-2b6239e91000 r--p 00000000 fd:01 49935                      /usr/lib/locale/locale-archive
2b6239e91000-2b6239e94000 ---p 00000000 00:00 0 
2b6239e94000-2b6239f92000 rw-p 00000000 00:00 0 
2b6239f92000-2b6239f95000 ---p 00000000 00:00 0 
2b6239f95000-2b623a093000 rw-p 00000000 00:00 0 
2b623a093000-2b623a096000 ---p 00000000 00:00 0 
2b623a096000-2b623a194000 rw-p 00000000 00:00 0 
2b623a194000-2b623a197000 ---p 00000000 00:00 0 
2b623a197000-2b623a295000 rw-p 00000000 00:00 0 
2b623a295000-2b623a296000 ---p 00000000 00:00 0 
2b623a296000-2b623a396000 rw-p 00000000 00:00 0 
2b623a396000-2b623a398000 r--s 00009000 00:35 125760574                  /mmfs/automount/gpfs/homefs/sm/dw07r324/bin/GOAL-20140808/lib/jpf-boot.jar
2b623a398000-2b623a39b000 r--s 0000f000 fd:01 23233                      /usr/lib/jvm/java-1.6.0-openjdk-1.6.0.0.x86_64/jre/lib/ext/pulse-java.jar
2b623a39b000-2b623a3a4000 r--s 00065000 fd:01 23228                      /usr/lib/jvm/java-1.6.0-openjdk-1.6.0.0.x86_64/jre/lib/ext/gnome-java-bridge.jar
2b623a3a4000-2b623a3a6000 r--s 00009000 00:35 125760574                  /mmfs/automount/gpfs/homefs/sm/dw07r324/bin/GOAL-20140808/lib/jpf-boot.jar
2b623a3a6000-2b623a3aa000 r--s 0003c000 fd:01 14238                      /usr/lib/jvm/java-1.6.0-openjdk-1.6.0.0.x86_64/jre/lib/jsse.jar
2b623a3aa000-2b623a3af000 r--s 0002d000 00:35 125760577                  /mmfs/automount/gpfs/homefs/sm/dw07r324/bin/GOAL-20140808/lib/jpf.jar
2b623a3af000-2b623a3b1000 r--s 0000d000 00:35 125760571                  /mmfs/automount/gpfs/homefs/sm/dw07r324/bin/GOAL-20140808/lib/commons-logging.jar
2b623a3b1000-2b623a3b3000 r--s 00012000 00:35 125760576                  /mmfs/automount/gpfs/homefs/sm/dw07r324/bin/GOAL-20140808/lib/jpf-tools.jar
2b623a3b3000-2b623a3ba000 r--s 00039000 00:35 125760578                  /mmfs/automount/gpfs/homefs/sm/dw07r324/bin/GOAL-20140808/lib/jxp.jar
2b623a3ba000-2b623a3bc000 r--s 00004000 00:35 125760570                  /mmfs/automount/gpfs/homefs/sm/dw07r324/bin/GOAL-20140808/lib/AppleJavaExtensions.jar
2b623a3bc000-2b623a3c1000 r--s 0002a000 00:35 125760572                  /mmfs/automount/gpfs/homefs/sm/dw07r324/bin/GOAL-20140808/lib/gson-2.2.2.jar
2b623a3c1000-2b623a3c4000 r--s 0001a000 00:35 125760579                  /mmfs/automount/gpfs/homefs/sm/dw07r324/bin/GOAL-20140808/lib/minijdd_104.jar
2b623a528000-2b623a54b000 r--s 0022d000 00:35 81609767                   /mmfs/automount/gpfs/homefs/sm/dw07r324/bin/GOAL-20140808/.jpf-shadow/org.svvrl.goal.core@2014.8.8.zip
2b623a54b000-2b623a5ee000 r-xp 00000000 fd:01 13434                      /usr/lib/jvm/java-1.6.0-openjdk-1.6.0.0.x86_64/jre/lib/amd64/libawt.so
2b623a5ee000-2b623a7ee000 ---p 000a3000 fd:01 13434                      /usr/lib/jvm/java-1.6.0-openjdk-1.6.0.0.x86_64/jre/lib/amd64/libawt.so
2b623a7ee000-2b623a7fa000 rw-p 000a3000 fd:01 13434                      /usr/lib/jvm/java-1.6.0-openjdk-1.6.0.0.x86_64/jre/lib/amd64/libawt.so
2b623a7fa000-2b623a81e000 rw-p 00000000 00:00 0 
2b623a81e000-2b623a824000 r-xp 00000000 fd:01 8525                       /usr/lib/jvm/java-1.6.0-openjdk-1.6.0.0.x86_64/jre/lib/amd64/headless/libmawt.so
2b623a824000-2b623aa23000 ---p 00006000 fd:01 8525                       /usr/lib/jvm/java-1.6.0-openjdk-1.6.0.0.x86_64/jre/lib/amd64/headless/libmawt.so
2b623aa23000-2b623aa24000 rw-p 00005000 fd:01 8525                       /usr/lib/jvm/java-1.6.0-openjdk-1.6.0.0.x86_64/jre/lib/amd64/headless/libmawt.so
2b623aa24000-2b623aa26000 rw-p 00000000 00:00 0 
2b623c000000-2b623c021000 rw-p 00000000 00:00 0 
2b623c021000-2b6240000000 ---p 00000000 00:00 0 
2b6240000000-2b624135d000 rw-p 00000000 00:00 0 
2b624135d000-2b6244000000 ---p 00000000 00:00 0 
2b6244000000-2b6244bbc000 rw-p 00000000 00:00 0 
2b6244bbc000-2b6248000000 ---p 00000000 00:00 0 
2b6248000000-2b6248021000 rw-p 00000000 00:00 0 
2b6248021000-2b624c000000 ---p 00000000 00:00 0 
2b624c000000-2b624c021000 rw-p 00000000 00:00 0 
2b624c021000-2b6250000000 ---p 00000000 00:00 0 
7fffc1a02000-7fffc1a39000 rw-p 00000000 00:00 0                          [stack]
7fffc1bff000-7fffc1c00000 r-xp 00000000 00:00 0                          [vdso]
ffffffffff600000-ffffffffff601000 r-xp 00000000 00:00 0                  [vsyscall]

VM Arguments:
jvm_args: -Xmx1G -Xms1G -DapplicationRoot=/home/ubelix/sm/dw07r324/bin/GOAL-20140808 -Dorg.java.plugin.boot.pluginsRepositories=/home/ubelix/sm/dw07r324/bin/GOAL-20140808/plugins -Djpf.boot.config=/home/ubelix/sm/dw07r324/bin/GOAL-20140808/boot.properties -Dorg.apache.commons.logging.Log=org.apache.commons.logging.impl.SimpleLog -Dorg.apache.commons.logging.simplelog.log.org.java.plugin=fatal 
java_command: /home/ubelix/sm/dw07r324/bin/GOAL-20140808/lib/jpf-boot.jar complement -m piterman -eq -macc -sp -ro -r /scratch/local/8663605.1.all.q/test_set_s15/s15_t2.4_a0.2_013.gff
Launcher Type: SUN_STANDARD

Environment Variables:
CLASSPATH=/home/ubelix/sm/dw07r324/bin/GOAL-20140808:/home/ubelix/sm/dw07r324/bin/GOAL-20140808/plugins:/home/ubelix/sm/dw07r324/bin/GOAL-20140808/lib:
PATH=/scratch/local/8663605.1.all.q:/usr/lib64/qt-3.3/bin:/usr/local/bin:/bin:/usr/bin:/usr/local/sbin:/usr/sbin:/sbin:/usr/lpp/mmfs/bin:/home/ubelix/sm/dw07r324/bin/GOAL-20140808:/home/ubelix/sm/dw07r324/bin/gnu_time/bin:/usr/lpp/mmfs/bin
LD_LIBRARY_PATH=/usr/lib/jvm/java-1.6.0-openjdk-1.6.0.0.x86_64/jre/lib/amd64/server:/usr/lib/jvm/java-1.6.0-openjdk-1.6.0.0.x86_64/jre/lib/amd64:/usr/lib/jvm/java-1.6.0-openjdk-1.6.0.0.x86_64/jre/../lib/amd64
SHELL=/bin/bash

Signal Handlers:
SIGSEGV: [libjvm.so+0x870a40], sa_mask[0]=0x7ffbfeff, sa_flags=0x10000004
SIGBUS: [libjvm.so+0x870a40], sa_mask[0]=0x7ffbfeff, sa_flags=0x10000004
SIGFPE: [libjvm.so+0x719240], sa_mask[0]=0x7ffbfeff, sa_flags=0x10000004
SIGPIPE: [libjvm.so+0x719240], sa_mask[0]=0x7ffbfeff, sa_flags=0x10000004
SIGXFSZ: [libjvm.so+0x719240], sa_mask[0]=0x7ffbfeff, sa_flags=0x10000004
SIGILL: [libjvm.so+0x719240], sa_mask[0]=0x7ffbfeff, sa_flags=0x10000004
SIGUSR1: SIG_DFL, sa_mask[0]=0x00000000, sa_flags=0x00000000
SIGUSR2: [libjvm.so+0x718d60], sa_mask[0]=0x00000000, sa_flags=0x10000004
SIGHUP: [libjvm.so+0x71bdf0], sa_mask[0]=0x7ffbfeff, sa_flags=0x10000004
SIGINT: [libjvm.so+0x71bdf0], sa_mask[0]=0x7ffbfeff, sa_flags=0x10000004
SIGTERM: [libjvm.so+0x71bdf0], sa_mask[0]=0x7ffbfeff, sa_flags=0x10000004
SIGQUIT: [libjvm.so+0x71bdf0], sa_mask[0]=0x7ffbfeff, sa_flags=0x10000004


---------------  S Y S T E M  ---------------

OS:Red Hat Enterprise Linux ComputeNode release 6.5 (Santiago)

uname:Linux 2.6.32-431.29.2.el6.x86_64 #1 SMP Sun Jul 27 15:55:46 EDT 2014 x86_64
libc:glibc 2.12 NPTL 2.12 
rlimit: STACK infinity, CORE infinity, NPROC 127431, NOFILE 4096, AS 8388608k
load average:3.43 3.50 3.71

/proc/meminfo:
MemTotal:       16331612 kB
MemFree:         4866084 kB
Buffers:           13556 kB
Cached:          6213640 kB
SwapCached:           88 kB
Active:          2879520 kB
Inactive:        3894352 kB
Active(anon):     483416 kB
Inactive(anon):    63452 kB
Active(file):    2396104 kB
Inactive(file):  3830900 kB
Unevictable:     4082900 kB
Mlocked:         4082900 kB
SwapTotal:       8388604 kB
SwapFree:        8388380 kB
Dirty:               104 kB
Writeback:             0 kB
AnonPages:       4629268 kB
Mapped:           119668 kB
Shmem:               192 kB
Slab:             382976 kB
SReclaimable:     315516 kB
SUnreclaim:        67460 kB
KernelStack:        4704 kB
PageTables:        16616 kB
NFS_Unstable:          0 kB
Bounce:                0 kB
WritebackTmp:          0 kB
CommitLimit:    16554408 kB
Committed_AS:    6812748 kB
VmallocTotal:   34359738367 kB
VmallocUsed:      109412 kB
VmallocChunk:   34351234244 kB
HardwareCorrupted:     0 kB
AnonHugePages:         0 kB
HugePages_Total:       0
HugePages_Free:        0
HugePages_Rsvd:        0
HugePages_Surp:        0
Hugepagesize:       2048 kB
DirectMap4k:        9920 kB
DirectMap2M:     2086912 kB
DirectMap1G:    14680064 kB


CPU:total 8 (4 cores per cpu, 1 threads per core) family 16 model 2 stepping 3, cmov, cx8, fxsr, mmx, sse, sse2, sse3, popcnt, mmxext, 3dnowpref, lzcnt, sse4a, tsc, tscinvbit, tscinv

/proc/cpuinfo:
processor	: 0
vendor_id	: AuthenticAMD
cpu family	: 16
model		: 2
model name	: Quad-Core AMD Opteron(tm) Processor 2354
stepping	: 3
cpu MHz		: 2200.000
cache size	: 512 KB
physical id	: 0
siblings	: 4
core id		: 0
cpu cores	: 4
apicid		: 0
initial apicid	: 0
fpu		: yes
fpu_exception	: yes
cpuid level	: 5
wp		: yes
flags		: fpu vme de pse tsc msr pae mce cx8 apic sep mtrr pge mca cmov pat pse36 clflush mmx fxsr sse sse2 ht syscall nx mmxext fxsr_opt pdpe1gb rdtscp lm 3dnowext 3dnow constant_tsc rep_good nonstop_tsc extd_apicid pni monitor cx16 popcnt lahf_lm cmp_legacy svm extapic cr8_legacy abm sse4a misalignsse 3dnowprefetch osvw ibs npt lbrv svm_lock
bogomips	: 4422.88
TLB size	: 1024 4K pages
clflush size	: 64
cache_alignment	: 64
address sizes	: 48 bits physical, 48 bits virtual
power management: ts ttp tm stc 100mhzsteps hwpstate

processor	: 1
vendor_id	: AuthenticAMD
cpu family	: 16
model		: 2
model name	: Quad-Core AMD Opteron(tm) Processor 2354
stepping	: 3
cpu MHz		: 2200.000
cache size	: 512 KB
physical id	: 0
siblings	: 4
core id		: 1
cpu cores	: 4
apicid		: 1
initial apicid	: 1
fpu		: yes
fpu_exception	: yes
cpuid level	: 5
wp		: yes
flags		: fpu vme de pse tsc msr pae mce cx8 apic sep mtrr pge mca cmov pat pse36 clflush mmx fxsr sse sse2 ht syscall nx mmxext fxsr_opt pdpe1gb rdtscp lm 3dnowext 3dnow constant_tsc rep_good nonstop_tsc extd_apicid pni monitor cx16 popcnt lahf_lm cmp_legacy svm extapic cr8_legacy abm sse4a misalignsse 3dnowprefetch osvw ibs npt lbrv svm_lock
bogomips	: 4422.88
TLB size	: 1024 4K pages
clflush size	: 64
cache_alignment	: 64
address sizes	: 48 bits physical, 48 bits virtual
power management: ts ttp tm stc 100mhzsteps hwpstate

processor	: 2
vendor_id	: AuthenticAMD
cpu family	: 16
model		: 2
model name	: Quad-Core AMD Opteron(tm) Processor 2354
stepping	: 3
cpu MHz		: 2200.000
cache size	: 512 KB
physical id	: 0
siblings	: 4
core id		: 2
cpu cores	: 4
apicid		: 2
initial apicid	: 2
fpu		: yes
fpu_exception	: yes
cpuid level	: 5
wp		: yes
flags		: fpu vme de pse tsc msr pae mce cx8 apic sep mtrr pge mca cmov pat pse36 clflush mmx fxsr sse sse2 ht syscall nx mmxext fxsr_opt pdpe1gb rdtscp lm 3dnowext 3dnow constant_tsc rep_good nonstop_tsc extd_apicid pni monitor cx16 popcnt lahf_lm cmp_legacy svm extapic cr8_legacy abm sse4a misalignsse 3dnowprefetch osvw ibs npt lbrv svm_lock
bogomips	: 4422.88
TLB size	: 1024 4K pages
clflush size	: 64
cache_alignment	: 64
address sizes	: 48 bits physical, 48 bits virtual
power management: ts ttp tm stc 100mhzsteps hwpstate

processor	: 3
vendor_id	: AuthenticAMD
cpu family	: 16
model		: 2
model name	: Quad-Core AMD Opteron(tm) Processor 2354
stepping	: 3
cpu MHz		: 2200.000
cache size	: 512 KB
physical id	: 0
siblings	: 4
core id		: 3
cpu cores	: 4
apicid		: 3
initial apicid	: 3
fpu		: yes
fpu_exception	: yes
cpuid level	: 5
wp		: yes
flags		: fpu vme de pse tsc msr pae mce cx8 apic sep mtrr pge mca cmov pat pse36 clflush mmx fxsr sse sse2 ht syscall nx mmxext fxsr_opt pdpe1gb rdtscp lm 3dnowext 3dnow constant_tsc rep_good nonstop_tsc extd_apicid pni monitor cx16 popcnt lahf_lm cmp_legacy svm extapic cr8_legacy abm sse4a misalignsse 3dnowprefetch osvw ibs npt lbrv svm_lock
bogomips	: 4422.88
TLB size	: 1024 4K pages
clflush size	: 64
cache_alignment	: 64
address sizes	: 48 bits physical, 48 bits virtual
power management: ts ttp tm stc 100mhzsteps hwpstate

processor	: 4
vendor_id	: AuthenticAMD
cpu family	: 16
model		: 2
model name	: Quad-Core AMD Opteron(tm) Processor 2354
stepping	: 3
cpu MHz		: 2200.000
cache size	: 512 KB
physical id	: 1
siblings	: 4
core id		: 0
cpu cores	: 4
apicid		: 4
initial apicid	: 4
fpu		: yes
fpu_exception	: yes
cpuid level	: 5
wp		: yes
flags		: fpu vme de pse tsc msr pae mce cx8 apic sep mtrr pge mca cmov pat pse36 clflush mmx fxsr sse sse2 ht syscall nx mmxext fxsr_opt pdpe1gb rdtscp lm 3dnowext 3dnow constant_tsc rep_good nonstop_tsc extd_apicid pni monitor cx16 popcnt lahf_lm cmp_legacy svm extapic cr8_legacy abm sse4a misalignsse 3dnowprefetch osvw ibs npt lbrv svm_lock
bogomips	: 4422.23
TLB size	: 1024 4K pages
clflush size	: 64
cache_alignment	: 64
address sizes	: 48 bits physical, 48 bits virtual
power management: ts ttp tm stc 100mhzsteps hwpstate

processor	: 5
vendor_id	: AuthenticAMD
cpu family	: 16
model		: 2
model name	: Quad-Core AMD Opteron(tm) Processor 2354
stepping	: 3
cpu MHz		: 2200.000
cache size	: 512 KB
physical id	: 1
siblings	: 4
core id		: 1
cpu cores	: 4
apicid		: 5
initial apicid	: 5
fpu		: yes
fpu_exception	: yes
cpuid level	: 5
wp		: yes
flags		: fpu vme de pse tsc msr pae mce cx8 apic sep mtrr pge mca cmov pat pse36 clflush mmx fxsr sse sse2 ht syscall nx mmxext fxsr_opt pdpe1gb rdtscp lm 3dnowext 3dnow constant_tsc rep_good nonstop_tsc extd_apicid pni monitor cx16 popcnt lahf_lm cmp_legacy svm extapic cr8_legacy abm sse4a misalignsse 3dnowprefetch osvw ibs npt lbrv svm_lock
bogomips	: 4422.23
TLB size	: 1024 4K pages
clflush size	: 64
cache_alignment	: 64
address sizes	: 48 bits physical, 48 bits virtual
power management: ts ttp tm stc 100mhzsteps hwpstate

processor	: 6
vendor_id	: AuthenticAMD
cpu family	: 16
model		: 2
model name	: Quad-Core AMD Opteron(tm) Processor 2354
stepping	: 3
cpu MHz		: 2200.000
cache size	: 512 KB
physical id	: 1
siblings	: 4
core id		: 2
cpu cores	: 4
apicid		: 6
initial apicid	: 6
fpu		: yes
fpu_exception	: yes
cpuid level	: 5
wp		: yes
flags		: fpu vme de pse tsc msr pae mce cx8 apic sep mtrr pge mca cmov pat pse36 clflush mmx fxsr sse sse2 ht syscall nx mmxext fxsr_opt pdpe1gb rdtscp lm 3dnowext 3dnow constant_tsc rep_good nonstop_tsc extd_apicid pni monitor cx16 popcnt lahf_lm cmp_legacy svm extapic cr8_legacy abm sse4a misalignsse 3dnowprefetch osvw ibs npt lbrv svm_lock
bogomips	: 4422.23
TLB size	: 1024 4K pages
clflush size	: 64
cache_alignment	: 64
address sizes	: 48 bits physical, 48 bits virtual
power management: ts ttp tm stc 100mhzsteps hwpstate

processor	: 7
vendor_id	: AuthenticAMD
cpu family	: 16
model		: 2
model name	: Quad-Core AMD Opteron(tm) Processor 2354
stepping	: 3
cpu MHz		: 2200.000
cache size	: 512 KB
physical id	: 1
siblings	: 4
core id		: 3
cpu cores	: 4
apicid		: 7
initial apicid	: 7
fpu		: yes
fpu_exception	: yes
cpuid level	: 5
wp		: yes
flags		: fpu vme de pse tsc msr pae mce cx8 apic sep mtrr pge mca cmov pat pse36 clflush mmx fxsr sse sse2 ht syscall nx mmxext fxsr_opt pdpe1gb rdtscp lm 3dnowext 3dnow constant_tsc rep_good nonstop_tsc extd_apicid pni monitor cx16 popcnt lahf_lm cmp_legacy svm extapic cr8_legacy abm sse4a misalignsse 3dnowprefetch osvw ibs npt lbrv svm_lock
bogomips	: 4422.23
TLB size	: 1024 4K pages
clflush size	: 64
cache_alignment	: 64
address sizes	: 48 bits physical, 48 bits virtual
power management: ts ttp tm stc 100mhzsteps hwpstate



Memory: 4k page, physical 16331612k(4866084k free), swap 8388604k(8388380k free)

vm_info: OpenJDK 64-Bit Server VM (23.25-b01) for linux-amd64 JRE (1.6.0_32-b32), built on Aug 21 2014 11:15:48 by "mockbuild" with gcc 4.4.7 20120313 (Red Hat 4.4.7-4)

time: Tue Sep 23 12:48:22 2014
elapsed time: 1 seconds

