#
# A fatal error has been detected by the Java Runtime Environment:
#
#  SIGBUS (0x7) at pc=0x00002afba35e5522, pid=15198, tid=47260261291776
#
# JRE version: 6.0_32-b32
# Java VM: OpenJDK 64-Bit Server VM (23.25-b01 mixed mode linux-amd64 compressed oops)
# Problematic frame:
# C  [libzip.so+0x4522]  ZIP_Lock+0x252
#
# Core dump written. Default location: /mmfs/automount/gpfs/homefs/sm/dw07r324/jobs/piterman.eq.macc.sp.ro.r/core or core.15198
#
# If you would like to submit a bug report, please include
# instructions how to reproduce the bug and visit:
#   http://icedtea.classpath.org/bugzilla
# The crash happened outside the Java Virtual Machine in native code.
# See problematic frame for where to report the bug.
#

---------------  T H R E A D  ---------------

Current thread (0x00002afba4008000):  JavaThread "main" [_thread_in_native, id=15199, stack(0x00002afba3061000,0x00002afba3162000)]

siginfo:si_signo=SIGBUS: si_errno=0, si_code=2 (BUS_ADRERR), si_addr=0x00002afbfe3d3de9

Registers:
RAX=0x00002afba4646770, RBX=0x00002afbfe3d3dcc, RCX=0x00002afba4646760, RDX=0x00002afba4000040
RSP=0x00002afba315f430, RBP=0x00002afba315f470, RSI=0x00002afba4000038, RDI=0x0000000000000000
R8 =0x0000000000000003, R9 =0x0000000000007fff, R10=0x0000000000000040, R11=0x00002afba2891660
R12=0x00002afba4646770, R13=0x00002afba42fb2b0, R14=0x00002afba315f4e0, R15=0x00002afba4646770
RIP=0x00002afba35e5522, EFLAGS=0x0000000000010206, CSGSFS=0x0000000000000033, ERR=0x0000000000000004
  TRAPNO=0x000000000000000e

Top of Stack: (sp=0x00002afba315f430)
0x00002afba315f430:   00002afba42fb3d0 00002afba27db05e
0x00002afba315f440:   0000000000000279 00002afba42f835c
0x00002afba315f450:   00002afba42fb2b0 000000000617fe15
0x00002afba315f460:   00002afba315f4e0 000000000000002d
0x00002afba315f470:   00002afba315f4c0 00002afba35e5ae2
0x00002afba315f480:   00002afba4008000 00002afba42fb1b0
0x00002afba315f490:   00002afba315f500 00002afba40081d8
0x00002afba315f4a0:   00002afba315f4e0 000000000000002d
0x00002afba315f4b0:   00002afba315f9b8 00002afba315f4e0
0x00002afba315f4c0:   00002afba315f920 00002afba35e4ae4
0x00002afba315f4d0:   0000002d01000000 00002afba42fb2b0
0x00002afba315f4e0:   2f73657373616c63 727676732f67726f
0x00002afba315f4f0:   632f6c616f672f6c 4a2f6f692f65726f
0x00002afba315f500:   2e6365646f434646 0000007373616c63
0x00002afba315f510:   00002afba3160090 00000004a4008bd0
0x00002afba315f520:   00002afba4008b90 00002afba273c313
0x00002afba315f530:   00002afba315f560 00002afba4008000
0x00002afba315f540:   00000000b5cc4b00 000000000000001a
0x00002afba315f550:   00002afba4008000 00000000b5cc4b00
0x00002afba315f560:   00002afba315f5c0 00002afba26255f2
0x00002afba315f570:   00002afba4008000 00002afba4007770
0x00002afba315f580:   00002afba4008000 00002afbb5fcf290
0x00002afba315f590:   00002afba4008b60 00000000000000bd
0x00002afba315f5a0:   0000000000000000 00002afba4008000
0x00002afba315f5b0:   00002afba315f600 00002afb00000000
0x00002afba315f5c0:   00000000b5cc8c58 00002a0000000061
0x00002afba315f5d0:   00000000b5bdfef5 00000000eb919d80
0x00002afba315f5e0:   00002afba315f5e0 00000000b5cc69cb
0x00002afba315f5f0:   00002afba315f640 00002afba4008b80
0x00002afba315f600:   0000000000000000 0000000000000001
0x00002afba315f610:   00002afba4008000 ffffffffffffffff
0x00002afba315f620:   00002afba315f690 00002afba25e1a03 

Instructions: (pc=0x00002afba35e5522)
0x00002afba35e5502:   00 00 00 00 00 48 c7 40 30 00 00 00 00 48 c7 40
0x00002afba35e5512:   28 00 00 00 00 8b 5b 04 49 2b 5d 28 49 03 5d 18
0x00002afba35e5522:   44 0f b6 73 1d 0f b6 43 1c 41 c1 e6 08 41 09 c6
0x00002afba35e5532:   0f b6 43 1e 88 45 ce 0f b6 43 1f 88 45 cf 0f b6 

Register to memory mapping:

RAX=0x00002afba4646770 is an unknown value
RBX=0x00002afbfe3d3dcc is an unknown value
RCX=0x00002afba4646760 is an unknown value
RDX=0x00002afba4000040 is an unknown value
RSP=0x00002afba315f430 is pointing into the stack for thread: 0x00002afba4008000
RBP=0x00002afba315f470 is pointing into the stack for thread: 0x00002afba4008000
RSI=0x00002afba4000038 is an unknown value
RDI=0x0000000000000000 is an unknown value
R8 =0x0000000000000003 is an unknown value
R9 =0x0000000000007fff is an unknown value
R10=0x0000000000000040 is an unknown value
R11=0x00002afba2891660: <offset 0x79f660> in /usr/lib/jvm/java-1.6.0-openjdk-1.6.0.0.x86_64/jre/lib/amd64/server/libjvm.so at 0x00002afba20f2000
R12=0x00002afba4646770 is an unknown value
R13=0x00002afba42fb2b0 is an unknown value
R14=0x00002afba315f4e0 is pointing into the stack for thread: 0x00002afba4008000
R15=0x00002afba4646770 is an unknown value


Stack: [0x00002afba3061000,0x00002afba3162000],  sp=0x00002afba315f430,  free space=1017k
Native frames: (J=compiled Java code, j=interpreted, Vv=VM code, C=native code)
C  [libzip.so+0x4522]  ZIP_Lock+0x252
C  [libzip.so+0x4ae2]  ZIP_GetEntry+0xc2
C  [libzip.so+0x3ae4]  Java_java_util_zip_ZipFile_getEntry+0xc4
j  java.util.zip.ZipFile.getEntry(JLjava/lang/String;Z)J+0
j  java.util.zip.ZipFile.getEntry(Ljava/lang/String;)Ljava/util/zip/ZipEntry;+31
j  java.util.jar.JarFile.getEntry(Ljava/lang/String;)Ljava/util/zip/ZipEntry;+2
j  sun.net.www.protocol.jar.URLJarFile.getEntry(Ljava/lang/String;)Ljava/util/zip/ZipEntry;+2
j  sun.net.www.protocol.jar.JarURLConnection.connect()V+62
j  sun.net.www.protocol.jar.JarURLConnection.getInputStream()Ljava/io/InputStream;+1
j  sun.misc.URLClassPath$Loader.getResource(Ljava/lang/String;Z)Lsun/misc/Resource;+48
j  sun.misc.URLClassPath.getResource(Ljava/lang/String;Z)Lsun/misc/Resource;+53
j  java.net.URLClassLoader$1.run()Ljava/lang/Object;+26
v  ~StubRoutines::call_stub
V  [libjvm.so+0x537e3e]  AsyncGetCallTrace+0xd776e
V  [libjvm.so+0x536ad8]  AsyncGetCallTrace+0xd6408
V  [libjvm.so+0x597140]  JVM_DoPrivileged+0x400
j  java.security.AccessController.doPrivileged(Ljava/security/PrivilegedExceptionAction;Ljava/security/AccessControlContext;)Ljava/lang/Object;+0
j  java.net.URLClassLoader.findClass(Ljava/lang/String;)Ljava/lang/Class;+13
j  org.java.plugin.standard.StandardPluginClassLoader.loadLocalClass(Ljava/lang/String;ZLorg/java/plugin/standard/StandardPluginClassLoader;)Ljava/lang/Class;+97
j  org.java.plugin.standard.StandardPluginClassLoader.loadClass(Ljava/lang/String;Z)Ljava/lang/Class;+62
j  java.lang.ClassLoader.loadClass(Ljava/lang/String;)Ljava/lang/Class;+3
j  org.svvrl.goal.core.CorePlugin.loadCodecs()V+63
j  org.svvrl.goal.core.CorePlugin.initApplication(Lorg/java/plugin/util/ExtendedProperties;[Ljava/lang/String;)Lorg/java/plugin/boot/Application;+150
j  org.java.plugin.boot.DefaultApplicationInitializer.initApplication(Lorg/java/plugin/boot/BootErrorHandler;[Ljava/lang/String;)Lorg/java/plugin/boot/Application;+530
j  org.java.plugin.boot.Boot.initApplication(Lorg/java/plugin/boot/BootErrorHandler;Lorg/java/plugin/util/ExtendedProperties;[Ljava/lang/String;)Lorg/java/plugin/boot/Application;+157
j  org.java.plugin.boot.Boot.boot(Lorg/java/plugin/util/ExtendedProperties;ZLjava/lang/String;Lorg/java/plugin/boot/BootErrorHandler;[Ljava/lang/String;)Lorg/java/plugin/boot/Application;+338
j  org.java.plugin.boot.Boot.main([Ljava/lang/String;)V+162
v  ~StubRoutines::call_stub
V  [libjvm.so+0x537e3e]  AsyncGetCallTrace+0xd776e
V  [libjvm.so+0x536ad8]  AsyncGetCallTrace+0xd6408
V  [libjvm.so+0x5452a7]  JNI_CreateJavaVM+0x12e7
V  [libjvm.so+0x55a4eb]  JNI_CreateJavaVM+0x1652b
C  [java+0x374d]  JavaMain+0xd0d

Java frames: (J=compiled Java code, j=interpreted, Vv=VM code)
j  java.util.zip.ZipFile.getEntry(JLjava/lang/String;Z)J+0
j  java.util.zip.ZipFile.getEntry(Ljava/lang/String;)Ljava/util/zip/ZipEntry;+31
j  java.util.jar.JarFile.getEntry(Ljava/lang/String;)Ljava/util/zip/ZipEntry;+2
j  sun.net.www.protocol.jar.URLJarFile.getEntry(Ljava/lang/String;)Ljava/util/zip/ZipEntry;+2
j  sun.net.www.protocol.jar.JarURLConnection.connect()V+62
j  sun.net.www.protocol.jar.JarURLConnection.getInputStream()Ljava/io/InputStream;+1
j  sun.misc.URLClassPath$Loader.getResource(Ljava/lang/String;Z)Lsun/misc/Resource;+48
j  sun.misc.URLClassPath.getResource(Ljava/lang/String;Z)Lsun/misc/Resource;+53
j  java.net.URLClassLoader$1.run()Ljava/lang/Object;+26
v  ~StubRoutines::call_stub
j  java.security.AccessController.doPrivileged(Ljava/security/PrivilegedExceptionAction;Ljava/security/AccessControlContext;)Ljava/lang/Object;+0
j  java.net.URLClassLoader.findClass(Ljava/lang/String;)Ljava/lang/Class;+13
j  org.java.plugin.standard.StandardPluginClassLoader.loadLocalClass(Ljava/lang/String;ZLorg/java/plugin/standard/StandardPluginClassLoader;)Ljava/lang/Class;+97
j  org.java.plugin.standard.StandardPluginClassLoader.loadClass(Ljava/lang/String;Z)Ljava/lang/Class;+62
j  java.lang.ClassLoader.loadClass(Ljava/lang/String;)Ljava/lang/Class;+3
j  org.svvrl.goal.core.CorePlugin.loadCodecs()V+63
j  org.svvrl.goal.core.CorePlugin.initApplication(Lorg/java/plugin/util/ExtendedProperties;[Ljava/lang/String;)Lorg/java/plugin/boot/Application;+150
j  org.java.plugin.boot.DefaultApplicationInitializer.initApplication(Lorg/java/plugin/boot/BootErrorHandler;[Ljava/lang/String;)Lorg/java/plugin/boot/Application;+530
j  org.java.plugin.boot.Boot.initApplication(Lorg/java/plugin/boot/BootErrorHandler;Lorg/java/plugin/util/ExtendedProperties;[Ljava/lang/String;)Lorg/java/plugin/boot/Application;+157
j  org.java.plugin.boot.Boot.boot(Lorg/java/plugin/util/ExtendedProperties;ZLjava/lang/String;Lorg/java/plugin/boot/BootErrorHandler;[Ljava/lang/String;)Lorg/java/plugin/boot/Application;+338
j  org.java.plugin.boot.Boot.main([Ljava/lang/String;)V+162
v  ~StubRoutines::call_stub

---------------  P R O C E S S  ---------------

Java Threads: ( => current thread )
  0x00002afba4101800 JavaThread "Low Memory Detector" daemon [_thread_blocked, id=15214, stack(0x00002afbfe194000,0x00002afbfe295000)]
  0x00002afba40ff000 JavaThread "C2 CompilerThread1" daemon [_thread_blocked, id=15213, stack(0x00002afbfe093000,0x00002afbfe194000)]
  0x00002afba40fc800 JavaThread "C2 CompilerThread0" daemon [_thread_blocked, id=15212, stack(0x00002afbfdf92000,0x00002afbfe093000)]
  0x00002afba40fa000 JavaThread "Signal Dispatcher" daemon [_thread_blocked, id=15211, stack(0x00002afbfde91000,0x00002afbfdf92000)]
  0x00002afba40ab800 JavaThread "Finalizer" daemon [_thread_blocked, id=15210, stack(0x00002afbec101000,0x00002afbec202000)]
  0x00002afba40a9800 JavaThread "Reference Handler" daemon [_thread_blocked, id=15209, stack(0x00002afbec000000,0x00002afbec101000)]
=>0x00002afba4008000 JavaThread "main" [_thread_in_native, id=15199, stack(0x00002afba3061000,0x00002afba3162000)]

Other Threads:
  0x00002afba409a800 VMThread [stack: 0x00002afbc0d91000,0x00002afbc0e92000] [id=15208]
  0x00002afba410c800 WatcherThread [stack: 0x00002afbfe295000,0x00002afbfe396000] [id=15215]

VM state:not at safepoint (normal execution)

VM Mutex/Monitor currently owned by a thread: None

Heap
 PSYoungGen      total 305856K, used 20977K [0x00000000eaab0000, 0x0000000100000000, 0x0000000100000000)
  eden space 262208K, 8% used [0x00000000eaab0000,0x00000000ebf2c418,0x00000000faac0000)
  from space 43648K, 0% used [0x00000000fd560000,0x00000000fd560000,0x0000000100000000)
  to   space 43648K, 0% used [0x00000000faac0000,0x00000000faac0000,0x00000000fd560000)
 ParOldGen       total 699072K, used 0K [0x00000000c0000000, 0x00000000eaab0000, 0x00000000eaab0000)
  object space 699072K, 0% used [0x00000000c0000000,0x00000000c0000000,0x00000000eaab0000)
 PSPermGen       total 21248K, used 6910K [0x00000000b5a00000, 0x00000000b6ec0000, 0x00000000c0000000)
  object space 21248K, 32% used [0x00000000b5a00000,0x00000000b60bf990,0x00000000b6ec0000)

Card table byte_map: [0x00002afbab0c0000,0x00002afbab314000] byte_map_base: 0x00002afbaab13000

Polling page: 0x00002afba35a2000

Code Cache  [0x00002afba8000000, 0x00002afba8270000, 0x00002afbab000000)
 total_blobs=323 nmethods=107 adapters=169 free_code_cache=48368Kb largest_free_block=49492928

Compilation events (10 events):
Event: 1.334 Thread 0x00002afba40ff000 nmethod 102 0x00002afba809ef10 code [0x00002afba809f040, 0x00002afba809f098]
Event: 1.698 Thread 0x00002afba40fc800 nmethod 88 0x00002afba80b5d50 code [0x00002afba80b65e0, 0x00002afba80bc9c8]
Event: 3.701 Thread 0x00002afba40ff000  103             java.io.UnixFileSystem::normalize (75 bytes)
Event: 3.706 Thread 0x00002afba40ff000 nmethod 103 0x00002afba809be10 code [0x00002afba809bf60, 0x00002afba809c1b8]
Event: 3.707 Thread 0x00002afba40fc800  104   !         sun.nio.cs.US_ASCII$Decoder::decodeArrayLoop (241 bytes)
Event: 3.725 Thread 0x00002afba40fc800 nmethod 104 0x00002afba809c9d0 code [0x00002afba809cb80, 0x00002afba809d3c8]
Event: 3.742 Thread 0x00002afba40ff000  105             sun.net.www.ParseUtil::encodePath (336 bytes)
Event: 3.771 Thread 0x00002afba40fc800  106             java.util.HashMap::put (126 bytes)
Event: 3.771 Thread 0x00002afba40ff000 nmethod 105 0x00002afba80b1a10 code [0x00002afba80b1c60, 0x00002afba80b2c18]
Event: 3.780 Thread 0x00002afba40fc800 nmethod 106 0x00002afba806af50 code [0x00002afba806b120, 0x00002afba806b640]

GC Heap History (0 events):
No events

Deoptimization events (9 events):
Event: 0.294 Thread 0x00002afba4008000 Uncommon trap -34 fr.pc 0x00002afba805ea30
Event: 0.296 Thread 0x00002afba4008000 Uncommon trap -34 fr.pc 0x00002afba805ea30
Event: 0.394 Thread 0x00002afba4008000 Uncommon trap -12 fr.pc 0x00002afba80652ec
Event: 1.014 Thread 0x00002afba4008000 Uncommon trap -58 fr.pc 0x00002afba807cca0
Event: 1.014 Thread 0x00002afba4008000 Uncommon trap -58 fr.pc 0x00002afba807cca0
Event: 1.014 Thread 0x00002afba4008000 Uncommon trap -58 fr.pc 0x00002afba807cca0
Event: 1.014 Thread 0x00002afba4008000 Uncommon trap -58 fr.pc 0x00002afba807cca0
Event: 3.714 Thread 0x00002afba4008000 Uncommon trap -34 fr.pc 0x00002afba805ea30
Event: 3.714 Thread 0x00002afba4008000 Uncommon trap -34 fr.pc 0x00002afba805ea30

Internal exceptions (10 events):
Event: 3.768 Thread 0x00002afba4008000 Threw 0x00000000eb8970b0 at /builddir/build/BUILD/icedtea6-1.13.4/openjdk/hotspot/src/share/vm/prims/jvm.cpp:1235
Event: 3.768 Thread 0x00002afba4008000 Threw 0x00000000eb897500 at /builddir/build/BUILD/icedtea6-1.13.4/openjdk/hotspot/src/share/vm/prims/jvm.cpp:1235
Event: 3.773 Thread 0x00002afba4008000 Threw 0x00000000eb8cf788 at /builddir/build/BUILD/icedtea6-1.13.4/openjdk/hotspot/src/share/vm/classfile/systemDictionary.cpp:179
Event: 3.773 Thread 0x00002afba4008000 Threw 0x00000000eb8cfae8 at /builddir/build/BUILD/icedtea6-1.13.4/openjdk/hotspot/src/share/vm/prims/jvm.cpp:1235
Event: 3.773 Thread 0x00002afba4008000 Threw 0x00000000eb8cfef8 at /builddir/build/BUILD/icedtea6-1.13.4/openjdk/hotspot/src/share/vm/prims/jvm.cpp:1235
Event: 4.565 Thread 0x00002afba4008000 Threw 0x00000000eb914b40 at /builddir/build/BUILD/icedtea6-1.13.4/openjdk/hotspot/src/share/vm/prims/jni.cpp:716
Event: 4.566 Thread 0x00002afba4008000 Threw 0x00000000eb914e60 at /builddir/build/BUILD/icedtea6-1.13.4/openjdk/hotspot/src/share/vm/prims/jvm.cpp:1235
Event: 4.566 Thread 0x00002afba4008000 Threw 0x00000000eb915100 at /builddir/build/BUILD/icedtea6-1.13.4/openjdk/hotspot/src/share/vm/classfile/systemDictionary.cpp:179
Event: 4.566 Thread 0x00002afba4008000 Threw 0x00000000eb915460 at /builddir/build/BUILD/icedtea6-1.13.4/openjdk/hotspot/src/share/vm/prims/jvm.cpp:1235
Event: 4.566 Thread 0x00002afba4008000 Threw 0x00000000eb915870 at /builddir/build/BUILD/icedtea6-1.13.4/openjdk/hotspot/src/share/vm/prims/jvm.cpp:1235

Events (10 events):
Event: 4.094 Executing VM operation: EnableBiasedLocking
Event: 4.095 Executing VM operation: EnableBiasedLocking done
Event: 4.565 loading class 0x00002afba4111c00
Event: 4.565 loading class 0x00002afba4111c00 done
Event: 4.565 loading class 0x00002afba4113800
Event: 4.565 loading class 0x00002afba4113800 done
Event: 4.565 loading class 0x00002afba40d3010
Event: 4.566 loading class 0x00002afba40d3010 done
Event: 4.566 loading class 0x00002afba46515e0
Event: 4.566 loading class 0x00002afba46515e0 done


Dynamic libraries:
00400000-00409000 r-xp 00000000 fd:01 5993                               /usr/lib/jvm/java-1.6.0-openjdk-1.6.0.0.x86_64/jre/bin/java
00608000-0060a000 rw-p 00008000 fd:01 5993                               /usr/lib/jvm/java-1.6.0-openjdk-1.6.0.0.x86_64/jre/bin/java
02033000-02054000 rw-p 00000000 00:00 0                                  [heap]
b5a00000-b6ec0000 rw-p 00000000 00:00 0 
b6ec0000-c0000000 rw-p 00000000 00:00 0 
c0000000-100000000 rw-p 00000000 00:00 0 
364f800000-364f820000 r-xp 00000000 fd:01 130582                         /lib64/ld-2.12.so
364fa1f000-364fa20000 r--p 0001f000 fd:01 130582                         /lib64/ld-2.12.so
364fa20000-364fa21000 rw-p 00020000 fd:01 130582                         /lib64/ld-2.12.so
364fa21000-364fa22000 rw-p 00000000 00:00 0 
364fc00000-364fd8a000 r-xp 00000000 fd:01 130613                         /lib64/libc-2.12.so
364fd8a000-364ff8a000 ---p 0018a000 fd:01 130613                         /lib64/libc-2.12.so
364ff8a000-364ff8e000 r--p 0018a000 fd:01 130613                         /lib64/libc-2.12.so
364ff8e000-364ff8f000 rw-p 0018e000 fd:01 130613                         /lib64/libc-2.12.so
364ff8f000-364ff94000 rw-p 00000000 00:00 0 
3650000000-3650004000 r-xp 00000000 fd:01 13573                          /usr/lib/jvm/java-1.6.0-openjdk-1.6.0.0.x86_64/jre/lib/amd64/jli/libjli.so
3650004000-3650203000 ---p 00004000 fd:01 13573                          /usr/lib/jvm/java-1.6.0-openjdk-1.6.0.0.x86_64/jre/lib/amd64/jli/libjli.so
3650203000-3650204000 rw-p 00003000 fd:01 13573                          /usr/lib/jvm/java-1.6.0-openjdk-1.6.0.0.x86_64/jre/lib/amd64/jli/libjli.so
3650400000-3650417000 r-xp 00000000 fd:01 130636                         /lib64/libpthread-2.12.so
3650417000-3650617000 ---p 00017000 fd:01 130636                         /lib64/libpthread-2.12.so
3650617000-3650618000 r--p 00017000 fd:01 130636                         /lib64/libpthread-2.12.so
3650618000-3650619000 rw-p 00018000 fd:01 130636                         /lib64/libpthread-2.12.so
3650619000-365061d000 rw-p 00000000 00:00 0 
3650800000-3650802000 r-xp 00000000 fd:01 130624                         /lib64/libdl-2.12.so
3650802000-3650a02000 ---p 00002000 fd:01 130624                         /lib64/libdl-2.12.so
3650a02000-3650a03000 r--p 00002000 fd:01 130624                         /lib64/libdl-2.12.so
3650a03000-3650a04000 rw-p 00003000 fd:01 130624                         /lib64/libdl-2.12.so
3650c00000-3650c15000 r-xp 00000000 fd:01 130638                         /lib64/libz.so.1.2.3
3650c15000-3650e14000 ---p 00015000 fd:01 130638                         /lib64/libz.so.1.2.3
3650e14000-3650e15000 r--p 00014000 fd:01 130638                         /lib64/libz.so.1.2.3
3650e15000-3650e16000 rw-p 00015000 fd:01 130638                         /lib64/libz.so.1.2.3
3651000000-3651007000 r-xp 00000000 fd:01 132701                         /lib64/librt-2.12.so
3651007000-3651206000 ---p 00007000 fd:01 132701                         /lib64/librt-2.12.so
3651206000-3651207000 r--p 00006000 fd:01 132701                         /lib64/librt-2.12.so
3651207000-3651208000 rw-p 00007000 fd:01 132701                         /lib64/librt-2.12.so
3651800000-3651816000 r-xp 00000000 fd:01 133662                         /lib64/libgcc_s-4.4.7-20120601.so.1
3651816000-3651a15000 ---p 00016000 fd:01 133662                         /lib64/libgcc_s-4.4.7-20120601.so.1
3651a15000-3651a16000 rw-p 00015000 fd:01 133662                         /lib64/libgcc_s-4.4.7-20120601.so.1
3653000000-36530e8000 r-xp 00000000 fd:01 49938                          /usr/lib64/libstdc++.so.6.0.13
36530e8000-36532e8000 ---p 000e8000 fd:01 49938                          /usr/lib64/libstdc++.so.6.0.13
36532e8000-36532ef000 r--p 000e8000 fd:01 49938                          /usr/lib64/libstdc++.so.6.0.13
36532ef000-36532f1000 rw-p 000ef000 fd:01 49938                          /usr/lib64/libstdc++.so.6.0.13
36532f1000-3653306000 rw-p 00000000 00:00 0 
365c200000-365c216000 r-xp 00000000 fd:01 137559                         /lib64/libnsl-2.12.so
365c216000-365c415000 ---p 00016000 fd:01 137559                         /lib64/libnsl-2.12.so
365c415000-365c416000 r--p 00015000 fd:01 137559                         /lib64/libnsl-2.12.so
365c416000-365c417000 rw-p 00016000 fd:01 137559                         /lib64/libnsl-2.12.so
365c417000-365c419000 rw-p 00000000 00:00 0 
2afba20d7000-2afba20d8000 rw-p 00000000 00:00 0 
2afba20ee000-2afba20f2000 rw-p 00000000 00:00 0 
2afba20f2000-2afba2afd000 r-xp 00000000 fd:01 23213                      /usr/lib/jvm/java-1.6.0-openjdk-1.6.0.0.x86_64/jre/lib/amd64/server/libjvm.so
2afba2afd000-2afba2cfd000 ---p 00a0b000 fd:01 23213                      /usr/lib/jvm/java-1.6.0-openjdk-1.6.0.0.x86_64/jre/lib/amd64/server/libjvm.so
2afba2cfd000-2afba2d9e000 rw-p 00a0b000 fd:01 23213                      /usr/lib/jvm/java-1.6.0-openjdk-1.6.0.0.x86_64/jre/lib/amd64/server/libjvm.so
2afba2d9e000-2afba2dc7000 rw-p 00000000 00:00 0 
2afba2ddd000-2afba2e60000 r-xp 00000000 fd:01 130627                     /lib64/libm-2.12.so
2afba2e60000-2afba305f000 ---p 00083000 fd:01 130627                     /lib64/libm-2.12.so
2afba305f000-2afba3060000 r--p 00082000 fd:01 130627                     /lib64/libm-2.12.so
2afba3060000-2afba3061000 rw-p 00083000 fd:01 130627                     /lib64/libm-2.12.so
2afba3061000-2afba3064000 ---p 00000000 00:00 0 
2afba3064000-2afba3162000 rw-p 00000000 00:00 0 
2afba3162000-2afba3170000 r-xp 00000000 fd:01 23207                      /usr/lib/jvm/java-1.6.0-openjdk-1.6.0.0.x86_64/jre/lib/amd64/libverify.so
2afba3170000-2afba3370000 ---p 0000e000 fd:01 23207                      /usr/lib/jvm/java-1.6.0-openjdk-1.6.0.0.x86_64/jre/lib/amd64/libverify.so
2afba3370000-2afba3372000 rw-p 0000e000 fd:01 23207                      /usr/lib/jvm/java-1.6.0-openjdk-1.6.0.0.x86_64/jre/lib/amd64/libverify.so
2afba3372000-2afba339f000 r-xp 00000000 fd:01 23159                      /usr/lib/jvm/java-1.6.0-openjdk-1.6.0.0.x86_64/jre/lib/amd64/libjava.so
2afba339f000-2afba359e000 ---p 0002d000 fd:01 23159                      /usr/lib/jvm/java-1.6.0-openjdk-1.6.0.0.x86_64/jre/lib/amd64/libjava.so
2afba359e000-2afba35a2000 rw-p 0002c000 fd:01 23159                      /usr/lib/jvm/java-1.6.0-openjdk-1.6.0.0.x86_64/jre/lib/amd64/libjava.so
2afba35a2000-2afba35a3000 r--p 00000000 00:00 0 
2afba35a3000-2afba35a4000 rw-p 00000000 00:00 0 
2afba35a4000-2afba35d9000 r--s 00000000 fd:02 128540                     /var/db/nscd/passwd
2afba35d9000-2afba35e1000 rw-s 00000000 fd:03 140                        /tmp/hsperfdata_dw07r324/15198
2afba35e1000-2afba35e8000 r-xp 00000000 fd:01 23208                      /usr/lib/jvm/java-1.6.0-openjdk-1.6.0.0.x86_64/jre/lib/amd64/libzip.so
2afba35e8000-2afba37e8000 ---p 00007000 fd:01 23208                      /usr/lib/jvm/java-1.6.0-openjdk-1.6.0.0.x86_64/jre/lib/amd64/libzip.so
2afba37e8000-2afba37e9000 rw-p 00007000 fd:01 23208                      /usr/lib/jvm/java-1.6.0-openjdk-1.6.0.0.x86_64/jre/lib/amd64/libzip.so
2afba4000000-2afba466d000 rw-p 00000000 00:00 0 
2afba466d000-2afba8000000 ---p 00000000 00:00 0 
2afba8000000-2afba8270000 rwxp 00000000 00:00 0 
2afba8270000-2afbab000000 rw-p 00000000 00:00 0 
2afbab000000-2afbab00a000 rw-p 00000000 00:00 0 
2afbab00a000-2afbab0c0000 rw-p 00000000 00:00 0 
2afbab0c0000-2afbab0cb000 rw-p 00000000 00:00 0 
2afbab0cb000-2afbab113000 rw-p 00000000 00:00 0 
2afbab113000-2afbab475000 rw-p 00000000 00:00 0 
2afbab475000-2afbab4bd000 rw-p 00000000 00:00 0 
2afbab4bd000-2afbab4be000 ---p 00000000 00:00 0 
2afbab4be000-2afbab5be000 rw-p 00000000 00:00 0 
2afbab5be000-2afbab5bf000 ---p 00000000 00:00 0 
2afbab5bf000-2afbab6bf000 rw-p 00000000 00:00 0 
2afbab6bf000-2afbab6c0000 ---p 00000000 00:00 0 
2afbab6c0000-2afbab7c0000 rw-p 00000000 00:00 0 
2afbab7c0000-2afbab7c1000 ---p 00000000 00:00 0 
2afbab7c1000-2afbab8c1000 rw-p 00000000 00:00 0 
2afbab8c1000-2afbab8c2000 ---p 00000000 00:00 0 
2afbab8c2000-2afbab9c2000 rw-p 00000000 00:00 0 
2afbab9c2000-2afbab9c3000 ---p 00000000 00:00 0 
2afbab9c3000-2afbabac3000 rw-p 00000000 00:00 0 
2afbabac3000-2afbabac4000 ---p 00000000 00:00 0 
2afbabac4000-2afbabbc4000 rw-p 00000000 00:00 0 
2afbabbc4000-2afbabbc5000 ---p 00000000 00:00 0 
2afbabbc5000-2afbabcc5000 rw-p 00000000 00:00 0 
2afbac000000-2afbac021000 rw-p 00000000 00:00 0 
2afbac021000-2afbb0000000 ---p 00000000 00:00 0 
2afbb4000000-2afbb4021000 rw-p 00000000 00:00 0 
2afbb4021000-2afbb8000000 ---p 00000000 00:00 0 
2afbb8000000-2afbbaea4000 rw-p 00000000 00:00 0 
2afbbaea4000-2afbbb03a000 r--s 01a15000 fd:01 23288                      /usr/lib/jvm/java-1.6.0-openjdk-1.6.0.0.x86_64/jre/lib/rt.jar
2afbbb03a000-2afbbbf20000 rw-p 00000000 00:00 0 
2afbbc000000-2afbbc021000 rw-p 00000000 00:00 0 
2afbbc021000-2afbc0000000 ---p 00000000 00:00 0 
2afbc0000000-2afbc0d91000 rw-p 00000000 00:00 0 
2afbc0d91000-2afbc0d92000 ---p 00000000 00:00 0 
2afbc0d92000-2afbc0e92000 rw-p 00000000 00:00 0 
2afbc4000000-2afbc4021000 rw-p 00000000 00:00 0 
2afbc4021000-2afbc8000000 ---p 00000000 00:00 0 
2afbcc000000-2afbcc021000 rw-p 00000000 00:00 0 
2afbcc021000-2afbd0000000 ---p 00000000 00:00 0 
2afbd4000000-2afbd4021000 rw-p 00000000 00:00 0 
2afbd4021000-2afbd8000000 ---p 00000000 00:00 0 
2afbdc000000-2afbdc021000 rw-p 00000000 00:00 0 
2afbdc021000-2afbe0000000 ---p 00000000 00:00 0 
2afbe4000000-2afbe4021000 rw-p 00000000 00:00 0 
2afbe4021000-2afbe8000000 ---p 00000000 00:00 0 
2afbe8000000-2afbe8021000 rw-p 00000000 00:00 0 
2afbe8021000-2afbec000000 ---p 00000000 00:00 0 
2afbec000000-2afbec003000 ---p 00000000 00:00 0 
2afbec003000-2afbec101000 rw-p 00000000 00:00 0 
2afbec101000-2afbec104000 ---p 00000000 00:00 0 
2afbec104000-2afbec202000 rw-p 00000000 00:00 0 
2afbf0000000-2afbf0021000 rw-p 00000000 00:00 0 
2afbf0021000-2afbf4000000 ---p 00000000 00:00 0 
2afbf4000000-2afbf4021000 rw-p 00000000 00:00 0 
2afbf4021000-2afbf8000000 ---p 00000000 00:00 0 
2afbf8000000-2afbfde91000 r--p 00000000 fd:01 49935                      /usr/lib/locale/locale-archive
2afbfde91000-2afbfde94000 ---p 00000000 00:00 0 
2afbfde94000-2afbfdf92000 rw-p 00000000 00:00 0 
2afbfdf92000-2afbfdf95000 ---p 00000000 00:00 0 
2afbfdf95000-2afbfe093000 rw-p 00000000 00:00 0 
2afbfe093000-2afbfe096000 ---p 00000000 00:00 0 
2afbfe096000-2afbfe194000 rw-p 00000000 00:00 0 
2afbfe194000-2afbfe197000 ---p 00000000 00:00 0 
2afbfe197000-2afbfe295000 rw-p 00000000 00:00 0 
2afbfe295000-2afbfe296000 ---p 00000000 00:00 0 
2afbfe296000-2afbfe396000 rw-p 00000000 00:00 0 
2afbfe396000-2afbfe398000 r--s 00009000 00:35 125760574                  /mmfs/automount/gpfs/homefs/sm/dw07r324/bin/GOAL-20140808/lib/jpf-boot.jar
2afbfe398000-2afbfe39b000 r--s 0000f000 fd:01 23233                      /usr/lib/jvm/java-1.6.0-openjdk-1.6.0.0.x86_64/jre/lib/ext/pulse-java.jar
2afbfe39b000-2afbfe3a4000 r--s 00065000 fd:01 23228                      /usr/lib/jvm/java-1.6.0-openjdk-1.6.0.0.x86_64/jre/lib/ext/gnome-java-bridge.jar
2afbfe3a4000-2afbfe3a6000 r--s 00009000 00:35 125760574                  /mmfs/automount/gpfs/homefs/sm/dw07r324/bin/GOAL-20140808/lib/jpf-boot.jar
2afbfe3a6000-2afbfe3aa000 r--s 0003c000 fd:01 14238                      /usr/lib/jvm/java-1.6.0-openjdk-1.6.0.0.x86_64/jre/lib/jsse.jar
2afbfe3aa000-2afbfe3af000 r--s 0002d000 00:35 125760577                  /mmfs/automount/gpfs/homefs/sm/dw07r324/bin/GOAL-20140808/lib/jpf.jar
2afbfe3af000-2afbfe3b1000 r--s 0000d000 00:35 125760571                  /mmfs/automount/gpfs/homefs/sm/dw07r324/bin/GOAL-20140808/lib/commons-logging.jar
2afbfe3b1000-2afbfe3b3000 r--s 00012000 00:35 125760576                  /mmfs/automount/gpfs/homefs/sm/dw07r324/bin/GOAL-20140808/lib/jpf-tools.jar
2afbfe3b3000-2afbfe3ba000 r--s 00039000 00:35 125760578                  /mmfs/automount/gpfs/homefs/sm/dw07r324/bin/GOAL-20140808/lib/jxp.jar
2afbfe3ba000-2afbfe3bc000 r--s 00004000 00:35 125760570                  /mmfs/automount/gpfs/homefs/sm/dw07r324/bin/GOAL-20140808/lib/AppleJavaExtensions.jar
2afbfe3bc000-2afbfe3c1000 r--s 0002a000 00:35 125760572                  /mmfs/automount/gpfs/homefs/sm/dw07r324/bin/GOAL-20140808/lib/gson-2.2.2.jar
2afbfe3c1000-2afbfe3c4000 r--s 0001a000 00:35 125760579                  /mmfs/automount/gpfs/homefs/sm/dw07r324/bin/GOAL-20140808/lib/minijdd_104.jar
2afbfe3c4000-2afbfe3e7000 r--s 0022d000 00:35 35685341                   /mmfs/automount/gpfs/homefs/sm/dw07r324/bin/GOAL-20140808/.jpf-shadow/org.svvrl.goal.core@2014.8.8.zip (deleted)
2afbfe3e7000-2afbfe48a000 r-xp 00000000 fd:01 13434                      /usr/lib/jvm/java-1.6.0-openjdk-1.6.0.0.x86_64/jre/lib/amd64/libawt.so
2afbfe48a000-2afbfe68a000 ---p 000a3000 fd:01 13434                      /usr/lib/jvm/java-1.6.0-openjdk-1.6.0.0.x86_64/jre/lib/amd64/libawt.so
2afbfe68a000-2afbfe696000 rw-p 000a3000 fd:01 13434                      /usr/lib/jvm/java-1.6.0-openjdk-1.6.0.0.x86_64/jre/lib/amd64/libawt.so
2afbfe696000-2afbfe6ba000 rw-p 00000000 00:00 0 
2afbfe6ba000-2afbfe6c0000 r-xp 00000000 fd:01 8525                       /usr/lib/jvm/java-1.6.0-openjdk-1.6.0.0.x86_64/jre/lib/amd64/headless/libmawt.so
2afbfe6c0000-2afbfe8bf000 ---p 00006000 fd:01 8525                       /usr/lib/jvm/java-1.6.0-openjdk-1.6.0.0.x86_64/jre/lib/amd64/headless/libmawt.so
2afbfe8bf000-2afbfe8c0000 rw-p 00005000 fd:01 8525                       /usr/lib/jvm/java-1.6.0-openjdk-1.6.0.0.x86_64/jre/lib/amd64/headless/libmawt.so
2afbfe8c0000-2afbfe8c2000 rw-p 00000000 00:00 0 
2afc00000000-2afc00021000 rw-p 00000000 00:00 0 
2afc00021000-2afc04000000 ---p 00000000 00:00 0 
2afc04000000-2afc05308000 rw-p 00000000 00:00 0 
2afc05308000-2afc08000000 ---p 00000000 00:00 0 
2afc08000000-2afc08ce8000 rw-p 00000000 00:00 0 
2afc08ce8000-2afc0c000000 ---p 00000000 00:00 0 
2afc0c000000-2afc0c021000 rw-p 00000000 00:00 0 
2afc0c021000-2afc10000000 ---p 00000000 00:00 0 
2afc10000000-2afc10021000 rw-p 00000000 00:00 0 
2afc10021000-2afc14000000 ---p 00000000 00:00 0 
7fffc4716000-7fffc474c000 rw-p 00000000 00:00 0                          [stack]
7fffc47ac000-7fffc47ad000 r-xp 00000000 00:00 0                          [vdso]
ffffffffff600000-ffffffffff601000 r-xp 00000000 00:00 0                  [vsyscall]

VM Arguments:
jvm_args: -Xmx1G -Xms1G -DapplicationRoot=/home/ubelix/sm/dw07r324/bin/GOAL-20140808 -Dorg.java.plugin.boot.pluginsRepositories=/home/ubelix/sm/dw07r324/bin/GOAL-20140808/plugins -Djpf.boot.config=/home/ubelix/sm/dw07r324/bin/GOAL-20140808/boot.properties -Dorg.apache.commons.logging.Log=org.apache.commons.logging.impl.SimpleLog -Dorg.apache.commons.logging.simplelog.log.org.java.plugin=fatal 
java_command: /home/ubelix/sm/dw07r324/bin/GOAL-20140808/lib/jpf-boot.jar complement -m piterman -eq -macc -sp -ro -r /scratch/local/8663605.1.all.q/test_set_s15/s15_t1.0_a0.1_069.gff
Launcher Type: SUN_STANDARD

Environment Variables:
CLASSPATH=/home/ubelix/sm/dw07r324/bin/GOAL-20140808:/home/ubelix/sm/dw07r324/bin/GOAL-20140808/plugins:/home/ubelix/sm/dw07r324/bin/GOAL-20140808/lib:
PATH=/scratch/local/8663605.1.all.q:/usr/lib64/qt-3.3/bin:/usr/local/bin:/bin:/usr/bin:/usr/local/sbin:/usr/sbin:/sbin:/usr/lpp/mmfs/bin:/home/ubelix/sm/dw07r324/bin/GOAL-20140808:/home/ubelix/sm/dw07r324/bin/gnu_time/bin:/usr/lpp/mmfs/bin
LD_LIBRARY_PATH=/usr/lib/jvm/java-1.6.0-openjdk-1.6.0.0.x86_64/jre/lib/amd64/server:/usr/lib/jvm/java-1.6.0-openjdk-1.6.0.0.x86_64/jre/lib/amd64:/usr/lib/jvm/java-1.6.0-openjdk-1.6.0.0.x86_64/jre/../lib/amd64
SHELL=/bin/bash

Signal Handlers:
SIGSEGV: [libjvm.so+0x870a40], sa_mask[0]=0x7ffbfeff, sa_flags=0x10000004
SIGBUS: [libjvm.so+0x870a40], sa_mask[0]=0x7ffbfeff, sa_flags=0x10000004
SIGFPE: [libjvm.so+0x719240], sa_mask[0]=0x7ffbfeff, sa_flags=0x10000004
SIGPIPE: [libjvm.so+0x719240], sa_mask[0]=0x7ffbfeff, sa_flags=0x10000004
SIGXFSZ: [libjvm.so+0x719240], sa_mask[0]=0x7ffbfeff, sa_flags=0x10000004
SIGILL: [libjvm.so+0x719240], sa_mask[0]=0x7ffbfeff, sa_flags=0x10000004
SIGUSR1: SIG_DFL, sa_mask[0]=0x00000000, sa_flags=0x00000000
SIGUSR2: [libjvm.so+0x718d60], sa_mask[0]=0x00000000, sa_flags=0x10000004
SIGHUP: [libjvm.so+0x71bdf0], sa_mask[0]=0x7ffbfeff, sa_flags=0x10000004
SIGINT: [libjvm.so+0x71bdf0], sa_mask[0]=0x7ffbfeff, sa_flags=0x10000004
SIGTERM: [libjvm.so+0x71bdf0], sa_mask[0]=0x7ffbfeff, sa_flags=0x10000004
SIGQUIT: [libjvm.so+0x71bdf0], sa_mask[0]=0x7ffbfeff, sa_flags=0x10000004


---------------  S Y S T E M  ---------------

OS:Red Hat Enterprise Linux ComputeNode release 6.5 (Santiago)

uname:Linux 2.6.32-431.29.2.el6.x86_64 #1 SMP Sun Jul 27 15:55:46 EDT 2014 x86_64
libc:glibc 2.12 NPTL 2.12 
rlimit: STACK infinity, CORE infinity, NPROC 127431, NOFILE 4096, AS 8388608k
load average:4.83 4.78 4.20

/proc/meminfo:
MemTotal:       16331612 kB
MemFree:         5263312 kB
Buffers:           12232 kB
Cached:          5904528 kB
SwapCached:           88 kB
Active:          2766664 kB
Inactive:        3615140 kB
Active(anon):     401676 kB
Inactive(anon):    63564 kB
Active(file):    2364988 kB
Inactive(file):  3551576 kB
Unevictable:     4082900 kB
Mlocked:         4082900 kB
SwapTotal:       8388604 kB
SwapFree:        8388380 kB
Dirty:              4212 kB
Writeback:             0 kB
AnonPages:       4547932 kB
Mapped:            98932 kB
Shmem:               192 kB
Slab:             379208 kB
SReclaimable:     311648 kB
SUnreclaim:        67560 kB
KernelStack:        4688 kB
PageTables:        17060 kB
NFS_Unstable:          0 kB
Bounce:                0 kB
WritebackTmp:          0 kB
CommitLimit:    16554408 kB
Committed_AS:    6814584 kB
VmallocTotal:   34359738367 kB
VmallocUsed:      108380 kB
VmallocChunk:   34351234244 kB
HardwareCorrupted:     0 kB
AnonHugePages:         0 kB
HugePages_Total:       0
HugePages_Free:        0
HugePages_Rsvd:        0
HugePages_Surp:        0
Hugepagesize:       2048 kB
DirectMap4k:        9920 kB
DirectMap2M:     2086912 kB
DirectMap1G:    14680064 kB


CPU:total 8 (4 cores per cpu, 1 threads per core) family 16 model 2 stepping 3, cmov, cx8, fxsr, mmx, sse, sse2, sse3, popcnt, mmxext, 3dnowpref, lzcnt, sse4a, tsc, tscinvbit, tscinv

/proc/cpuinfo:
processor	: 0
vendor_id	: AuthenticAMD
cpu family	: 16
model		: 2
model name	: Quad-Core AMD Opteron(tm) Processor 2354
stepping	: 3
cpu MHz		: 2200.000
cache size	: 512 KB
physical id	: 0
siblings	: 4
core id		: 0
cpu cores	: 4
apicid		: 0
initial apicid	: 0
fpu		: yes
fpu_exception	: yes
cpuid level	: 5
wp		: yes
flags		: fpu vme de pse tsc msr pae mce cx8 apic sep mtrr pge mca cmov pat pse36 clflush mmx fxsr sse sse2 ht syscall nx mmxext fxsr_opt pdpe1gb rdtscp lm 3dnowext 3dnow constant_tsc rep_good nonstop_tsc extd_apicid pni monitor cx16 popcnt lahf_lm cmp_legacy svm extapic cr8_legacy abm sse4a misalignsse 3dnowprefetch osvw ibs npt lbrv svm_lock
bogomips	: 4422.88
TLB size	: 1024 4K pages
clflush size	: 64
cache_alignment	: 64
address sizes	: 48 bits physical, 48 bits virtual
power management: ts ttp tm stc 100mhzsteps hwpstate

processor	: 1
vendor_id	: AuthenticAMD
cpu family	: 16
model		: 2
model name	: Quad-Core AMD Opteron(tm) Processor 2354
stepping	: 3
cpu MHz		: 2200.000
cache size	: 512 KB
physical id	: 0
siblings	: 4
core id		: 1
cpu cores	: 4
apicid		: 1
initial apicid	: 1
fpu		: yes
fpu_exception	: yes
cpuid level	: 5
wp		: yes
flags		: fpu vme de pse tsc msr pae mce cx8 apic sep mtrr pge mca cmov pat pse36 clflush mmx fxsr sse sse2 ht syscall nx mmxext fxsr_opt pdpe1gb rdtscp lm 3dnowext 3dnow constant_tsc rep_good nonstop_tsc extd_apicid pni monitor cx16 popcnt lahf_lm cmp_legacy svm extapic cr8_legacy abm sse4a misalignsse 3dnowprefetch osvw ibs npt lbrv svm_lock
bogomips	: 4422.88
TLB size	: 1024 4K pages
clflush size	: 64
cache_alignment	: 64
address sizes	: 48 bits physical, 48 bits virtual
power management: ts ttp tm stc 100mhzsteps hwpstate

processor	: 2
vendor_id	: AuthenticAMD
cpu family	: 16
model		: 2
model name	: Quad-Core AMD Opteron(tm) Processor 2354
stepping	: 3
cpu MHz		: 2200.000
cache size	: 512 KB
physical id	: 0
siblings	: 4
core id		: 2
cpu cores	: 4
apicid		: 2
initial apicid	: 2
fpu		: yes
fpu_exception	: yes
cpuid level	: 5
wp		: yes
flags		: fpu vme de pse tsc msr pae mce cx8 apic sep mtrr pge mca cmov pat pse36 clflush mmx fxsr sse sse2 ht syscall nx mmxext fxsr_opt pdpe1gb rdtscp lm 3dnowext 3dnow constant_tsc rep_good nonstop_tsc extd_apicid pni monitor cx16 popcnt lahf_lm cmp_legacy svm extapic cr8_legacy abm sse4a misalignsse 3dnowprefetch osvw ibs npt lbrv svm_lock
bogomips	: 4422.88
TLB size	: 1024 4K pages
clflush size	: 64
cache_alignment	: 64
address sizes	: 48 bits physical, 48 bits virtual
power management: ts ttp tm stc 100mhzsteps hwpstate

processor	: 3
vendor_id	: AuthenticAMD
cpu family	: 16
model		: 2
model name	: Quad-Core AMD Opteron(tm) Processor 2354
stepping	: 3
cpu MHz		: 2200.000
cache size	: 512 KB
physical id	: 0
siblings	: 4
core id		: 3
cpu cores	: 4
apicid		: 3
initial apicid	: 3
fpu		: yes
fpu_exception	: yes
cpuid level	: 5
wp		: yes
flags		: fpu vme de pse tsc msr pae mce cx8 apic sep mtrr pge mca cmov pat pse36 clflush mmx fxsr sse sse2 ht syscall nx mmxext fxsr_opt pdpe1gb rdtscp lm 3dnowext 3dnow constant_tsc rep_good nonstop_tsc extd_apicid pni monitor cx16 popcnt lahf_lm cmp_legacy svm extapic cr8_legacy abm sse4a misalignsse 3dnowprefetch osvw ibs npt lbrv svm_lock
bogomips	: 4422.88
TLB size	: 1024 4K pages
clflush size	: 64
cache_alignment	: 64
address sizes	: 48 bits physical, 48 bits virtual
power management: ts ttp tm stc 100mhzsteps hwpstate

processor	: 4
vendor_id	: AuthenticAMD
cpu family	: 16
model		: 2
model name	: Quad-Core AMD Opteron(tm) Processor 2354
stepping	: 3
cpu MHz		: 2200.000
cache size	: 512 KB
physical id	: 1
siblings	: 4
core id		: 0
cpu cores	: 4
apicid		: 4
initial apicid	: 4
fpu		: yes
fpu_exception	: yes
cpuid level	: 5
wp		: yes
flags		: fpu vme de pse tsc msr pae mce cx8 apic sep mtrr pge mca cmov pat pse36 clflush mmx fxsr sse sse2 ht syscall nx mmxext fxsr_opt pdpe1gb rdtscp lm 3dnowext 3dnow constant_tsc rep_good nonstop_tsc extd_apicid pni monitor cx16 popcnt lahf_lm cmp_legacy svm extapic cr8_legacy abm sse4a misalignsse 3dnowprefetch osvw ibs npt lbrv svm_lock
bogomips	: 4422.23
TLB size	: 1024 4K pages
clflush size	: 64
cache_alignment	: 64
address sizes	: 48 bits physical, 48 bits virtual
power management: ts ttp tm stc 100mhzsteps hwpstate

processor	: 5
vendor_id	: AuthenticAMD
cpu family	: 16
model		: 2
model name	: Quad-Core AMD Opteron(tm) Processor 2354
stepping	: 3
cpu MHz		: 2200.000
cache size	: 512 KB
physical id	: 1
siblings	: 4
core id		: 1
cpu cores	: 4
apicid		: 5
initial apicid	: 5
fpu		: yes
fpu_exception	: yes
cpuid level	: 5
wp		: yes
flags		: fpu vme de pse tsc msr pae mce cx8 apic sep mtrr pge mca cmov pat pse36 clflush mmx fxsr sse sse2 ht syscall nx mmxext fxsr_opt pdpe1gb rdtscp lm 3dnowext 3dnow constant_tsc rep_good nonstop_tsc extd_apicid pni monitor cx16 popcnt lahf_lm cmp_legacy svm extapic cr8_legacy abm sse4a misalignsse 3dnowprefetch osvw ibs npt lbrv svm_lock
bogomips	: 4422.23
TLB size	: 1024 4K pages
clflush size	: 64
cache_alignment	: 64
address sizes	: 48 bits physical, 48 bits virtual
power management: ts ttp tm stc 100mhzsteps hwpstate

processor	: 6
vendor_id	: AuthenticAMD
cpu family	: 16
model		: 2
model name	: Quad-Core AMD Opteron(tm) Processor 2354
stepping	: 3
cpu MHz		: 2200.000
cache size	: 512 KB
physical id	: 1
siblings	: 4
core id		: 2
cpu cores	: 4
apicid		: 6
initial apicid	: 6
fpu		: yes
fpu_exception	: yes
cpuid level	: 5
wp		: yes
flags		: fpu vme de pse tsc msr pae mce cx8 apic sep mtrr pge mca cmov pat pse36 clflush mmx fxsr sse sse2 ht syscall nx mmxext fxsr_opt pdpe1gb rdtscp lm 3dnowext 3dnow constant_tsc rep_good nonstop_tsc extd_apicid pni monitor cx16 popcnt lahf_lm cmp_legacy svm extapic cr8_legacy abm sse4a misalignsse 3dnowprefetch osvw ibs npt lbrv svm_lock
bogomips	: 4422.23
TLB size	: 1024 4K pages
clflush size	: 64
cache_alignment	: 64
address sizes	: 48 bits physical, 48 bits virtual
power management: ts ttp tm stc 100mhzsteps hwpstate

processor	: 7
vendor_id	: AuthenticAMD
cpu family	: 16
model		: 2
model name	: Quad-Core AMD Opteron(tm) Processor 2354
stepping	: 3
cpu MHz		: 2200.000
cache size	: 512 KB
physical id	: 1
siblings	: 4
core id		: 3
cpu cores	: 4
apicid		: 7
initial apicid	: 7
fpu		: yes
fpu_exception	: yes
cpuid level	: 5
wp		: yes
flags		: fpu vme de pse tsc msr pae mce cx8 apic sep mtrr pge mca cmov pat pse36 clflush mmx fxsr sse sse2 ht syscall nx mmxext fxsr_opt pdpe1gb rdtscp lm 3dnowext 3dnow constant_tsc rep_good nonstop_tsc extd_apicid pni monitor cx16 popcnt lahf_lm cmp_legacy svm extapic cr8_legacy abm sse4a misalignsse 3dnowprefetch osvw ibs npt lbrv svm_lock
bogomips	: 4422.23
TLB size	: 1024 4K pages
clflush size	: 64
cache_alignment	: 64
address sizes	: 48 bits physical, 48 bits virtual
power management: ts ttp tm stc 100mhzsteps hwpstate



Memory: 4k page, physical 16331612k(5263312k free), swap 8388604k(8388380k free)

vm_info: OpenJDK 64-Bit Server VM (23.25-b01) for linux-amd64 JRE (1.6.0_32-b32), built on Aug 21 2014 11:15:48 by "mockbuild" with gcc 4.4.7 20120313 (Red Hat 4.4.7-4)

time: Mon Sep 22 23:22:13 2014
elapsed time: 4 seconds

