#
# A fatal error has been detected by the Java Runtime Environment:
#
#  SIGBUS (0x7) at pc=0x00002b4a58004522, pid=6177, tid=47598231291648
#
# JRE version: 6.0_32-b32
# Java VM: OpenJDK 64-Bit Server VM (23.25-b01 mixed mode linux-amd64 compressed oops)
# Problematic frame:
# C  [libzip.so+0x4522]  ZIP_Lock+0x252
#
# Core dump written. Default location: /mmfs/automount/gpfs/homefs/sm/dw07r324/jobs/piterman.eq.macc.sp.ro.r/core or core.6177
#
# If you would like to submit a bug report, please include
# instructions how to reproduce the bug and visit:
#   http://icedtea.classpath.org/bugzilla
# The crash happened outside the Java Virtual Machine in native code.
# See problematic frame for where to report the bug.
#

---------------  T H R E A D  ---------------

Current thread (0x00002b4a54008000):  JavaThread "main" [_thread_in_native, id=6178, stack(0x00002b4a539b0000,0x00002b4a53ab1000)]

siginfo:si_signo=SIGBUS: si_errno=0, si_code=2 (BUS_ADRERR), si_addr=0x00002b4a9e3d9c2a

Registers:
RAX=0x00002b4a54d90c70, RBX=0x00002b4a9e3d9c0d, RCX=0x0000000000000200, RDX=0x0000000000000621
RSP=0x00002b4a53aae420, RBP=0x00002b4a53aae460, RSI=0x0000000000000002, RDI=0x0000000000000002
R8 =0x00002b4a54000088, R9 =0x0000000000000001, R10=0x0000000000000040, R11=0x00002b4a531e0660
R12=0x00002b4a54d90c70, R13=0x00002b4a542f31c0, R14=0x00002b4a53aae4d0, R15=0x00002b4a54d90c70
RIP=0x00002b4a58004522, EFLAGS=0x0000000000010202, CSGSFS=0x0000000000000033, ERR=0x0000000000000004
  TRAPNO=0x000000000000000e

Top of Stack: (sp=0x00002b4a53aae420)
0x00002b4a53aae420:   00002b4a542f32e0 00002b4a5312a05e
0x00002b4a53aae430:   000000000000052e 00002b4a542f0e58
0x00002b4a53aae440:   00002b4a542f31c0 0000000035a99fc8
0x00002b4a53aae450:   00002b4a53aae4d0 0000000000000033
0x00002b4a53aae460:   00002b4a53aae4b0 00002b4a58004ae2
0x00002b4a53aae470:   00002b4a54008000 00002b4a542e8de0
0x00002b4a53aae480:   00002b4a53aae4f0 00002b4a540081d8
0x00002b4a53aae490:   00002b4a53aae4d0 0000000000000033
0x00002b4a53aae4a0:   00002b4a53aae9a8 00002b4a53aae4d0
0x00002b4a53aae4b0:   00002b4a53aae910 00002b4a58003ae4
0x00002b4a53aae4c0:   0000003301000000 00002b4a542f31c0
0x00002b4a53aae4d0:   2f73657373616c63 727676732f67726f
0x00002b4a53aae4e0:   632f6c616f672f6c 69676f6c2f65726f
0x00002b4a53aae4f0:   452f6c7470712f63 6c632e3030303248
0x00002b4a53aae500:   00002b4a00737361 0000000452e7f081
0x00002b4a53aae510:   00002b4a54008b90 00002b4a54d118e0
0x00002b4a53aae520:   00002b4a53aae550 00002b4a54008000
0x00002b4a53aae530:   00000000b5cc4b00 000000000000001a
0x00002b4a53aae540:   00002b4a54008000 00000000b5cc4b00
0x00002b4a53aae550:   00002b4a53aae5b0 00002b4a52f745f2
0x00002b4a53aae560:   00002b4a54008000 00002b4a00000000
0x00002b4a53aae570:   00002b4a54008000 00002b4ab5fcf290
0x00002b4a53aae580:   00002b4ab5fcf290 00000000000000bd
0x00002b4a53aae590:   0000000000000000 00002b4a54008000
0x00002b4a53aae5a0:   00002b4a53aae600 00002b4a00000000
0x00002b4a53aae5b0:   00000000b5cc8c58 00002b0000000061
0x00002b4a53aae5c0:   00000000b5bdfef5 00000000f0390ee0
0x00002b4a53aae5d0:   00002b4a53aae5d0 00000000b5cc69cb
0x00002b4a53aae5e0:   00002b4a53aae630 00002b4a54008b80
0x00002b4a53aae5f0:   0000000000000000 0000000000000001
0x00002b4a53aae600:   00002b4a54008000 ffffffffffffffff
0x00002b4a53aae610:   00002b4a53aae680 00002b4a52f30a03 

Instructions: (pc=0x00002b4a58004522)
0x00002b4a58004502:   00 00 00 00 00 48 c7 40 30 00 00 00 00 48 c7 40
0x00002b4a58004512:   28 00 00 00 00 8b 5b 04 49 2b 5d 28 49 03 5d 18
0x00002b4a58004522:   44 0f b6 73 1d 0f b6 43 1c 41 c1 e6 08 41 09 c6
0x00002b4a58004532:   0f b6 43 1e 88 45 ce 0f b6 43 1f 88 45 cf 0f b6 

Register to memory mapping:

RAX=0x00002b4a54d90c70 is an unknown value
RBX=0x00002b4a9e3d9c0d is an unknown value
RCX=0x0000000000000200 is an unknown value
RDX=0x0000000000000621 is an unknown value
RSP=0x00002b4a53aae420 is pointing into the stack for thread: 0x00002b4a54008000
RBP=0x00002b4a53aae460 is pointing into the stack for thread: 0x00002b4a54008000
RSI=0x0000000000000002 is an unknown value
RDI=0x0000000000000002 is an unknown value
R8 =0x00002b4a54000088 is an unknown value
R9 =0x0000000000000001 is an unknown value
R10=0x0000000000000040 is an unknown value
R11=0x00002b4a531e0660: <offset 0x79f660> in /usr/lib/jvm/java-1.6.0-openjdk-1.6.0.0.x86_64/jre/lib/amd64/server/libjvm.so at 0x00002b4a52a41000
R12=0x00002b4a54d90c70 is an unknown value
R13=0x00002b4a542f31c0 is an unknown value
R14=0x00002b4a53aae4d0 is pointing into the stack for thread: 0x00002b4a54008000
R15=0x00002b4a54d90c70 is an unknown value


Stack: [0x00002b4a539b0000,0x00002b4a53ab1000],  sp=0x00002b4a53aae420,  free space=1017k
Native frames: (J=compiled Java code, j=interpreted, Vv=VM code, C=native code)
C  [libzip.so+0x4522]  ZIP_Lock+0x252
C  [libzip.so+0x4ae2]  ZIP_GetEntry+0xc2
C  [libzip.so+0x3ae4]  Java_java_util_zip_ZipFile_getEntry+0xc4
j  java.util.zip.ZipFile.getEntry(JLjava/lang/String;Z)J+0
j  java.util.zip.ZipFile.getEntry(Ljava/lang/String;)Ljava/util/zip/ZipEntry;+31
j  java.util.jar.JarFile.getEntry(Ljava/lang/String;)Ljava/util/zip/ZipEntry;+2
j  sun.net.www.protocol.jar.URLJarFile.getEntry(Ljava/lang/String;)Ljava/util/zip/ZipEntry;+2
j  sun.net.www.protocol.jar.JarURLConnection.connect()V+62
j  sun.net.www.protocol.jar.JarURLConnection.getInputStream()Ljava/io/InputStream;+1
j  sun.misc.URLClassPath$Loader.getResource(Ljava/lang/String;Z)Lsun/misc/Resource;+48
j  sun.misc.URLClassPath.getResource(Ljava/lang/String;Z)Lsun/misc/Resource;+53
j  java.net.URLClassLoader$1.run()Ljava/lang/Object;+26
v  ~StubRoutines::call_stub
V  [libjvm.so+0x537e3e]  AsyncGetCallTrace+0xd776e
V  [libjvm.so+0x536ad8]  AsyncGetCallTrace+0xd6408
V  [libjvm.so+0x597140]  JVM_DoPrivileged+0x400
j  java.security.AccessController.doPrivileged(Ljava/security/PrivilegedExceptionAction;Ljava/security/AccessControlContext;)Ljava/lang/Object;+0
j  java.net.URLClassLoader.findClass(Ljava/lang/String;)Ljava/lang/Class;+13
j  org.java.plugin.standard.StandardPluginClassLoader.loadLocalClass(Ljava/lang/String;ZLorg/java/plugin/standard/StandardPluginClassLoader;)Ljava/lang/Class;+97
j  org.java.plugin.standard.StandardPluginClassLoader.loadClass(Ljava/lang/String;Z)Ljava/lang/Class;+62
j  java.lang.ClassLoader.loadClass(Ljava/lang/String;)Ljava/lang/Class;+3
j  org.svvrl.goal.core.CorePlugin.loadFormulaRewriters()V+63
j  org.svvrl.goal.core.CorePlugin.initApplication(Lorg/java/plugin/util/ExtendedProperties;[Ljava/lang/String;)Lorg/java/plugin/boot/Application;+170
j  org.java.plugin.boot.DefaultApplicationInitializer.initApplication(Lorg/java/plugin/boot/BootErrorHandler;[Ljava/lang/String;)Lorg/java/plugin/boot/Application;+530
j  org.java.plugin.boot.Boot.initApplication(Lorg/java/plugin/boot/BootErrorHandler;Lorg/java/plugin/util/ExtendedProperties;[Ljava/lang/String;)Lorg/java/plugin/boot/Application;+157
j  org.java.plugin.boot.Boot.boot(Lorg/java/plugin/util/ExtendedProperties;ZLjava/lang/String;Lorg/java/plugin/boot/BootErrorHandler;[Ljava/lang/String;)Lorg/java/plugin/boot/Application;+338
j  org.java.plugin.boot.Boot.main([Ljava/lang/String;)V+162
v  ~StubRoutines::call_stub
V  [libjvm.so+0x537e3e]  AsyncGetCallTrace+0xd776e
V  [libjvm.so+0x536ad8]  AsyncGetCallTrace+0xd6408
V  [libjvm.so+0x5452a7]  JNI_CreateJavaVM+0x12e7
V  [libjvm.so+0x55a4eb]  JNI_CreateJavaVM+0x1652b
C  [java+0x374d]  JavaMain+0xd0d

Java frames: (J=compiled Java code, j=interpreted, Vv=VM code)
j  java.util.zip.ZipFile.getEntry(JLjava/lang/String;Z)J+0
j  java.util.zip.ZipFile.getEntry(Ljava/lang/String;)Ljava/util/zip/ZipEntry;+31
j  java.util.jar.JarFile.getEntry(Ljava/lang/String;)Ljava/util/zip/ZipEntry;+2
j  sun.net.www.protocol.jar.URLJarFile.getEntry(Ljava/lang/String;)Ljava/util/zip/ZipEntry;+2
j  sun.net.www.protocol.jar.JarURLConnection.connect()V+62
j  sun.net.www.protocol.jar.JarURLConnection.getInputStream()Ljava/io/InputStream;+1
j  sun.misc.URLClassPath$Loader.getResource(Ljava/lang/String;Z)Lsun/misc/Resource;+48
j  sun.misc.URLClassPath.getResource(Ljava/lang/String;Z)Lsun/misc/Resource;+53
j  java.net.URLClassLoader$1.run()Ljava/lang/Object;+26
v  ~StubRoutines::call_stub
j  java.security.AccessController.doPrivileged(Ljava/security/PrivilegedExceptionAction;Ljava/security/AccessControlContext;)Ljava/lang/Object;+0
j  java.net.URLClassLoader.findClass(Ljava/lang/String;)Ljava/lang/Class;+13
j  org.java.plugin.standard.StandardPluginClassLoader.loadLocalClass(Ljava/lang/String;ZLorg/java/plugin/standard/StandardPluginClassLoader;)Ljava/lang/Class;+97
j  org.java.plugin.standard.StandardPluginClassLoader.loadClass(Ljava/lang/String;Z)Ljava/lang/Class;+62
j  java.lang.ClassLoader.loadClass(Ljava/lang/String;)Ljava/lang/Class;+3
j  org.svvrl.goal.core.CorePlugin.loadFormulaRewriters()V+63
j  org.svvrl.goal.core.CorePlugin.initApplication(Lorg/java/plugin/util/ExtendedProperties;[Ljava/lang/String;)Lorg/java/plugin/boot/Application;+170
j  org.java.plugin.boot.DefaultApplicationInitializer.initApplication(Lorg/java/plugin/boot/BootErrorHandler;[Ljava/lang/String;)Lorg/java/plugin/boot/Application;+530
j  org.java.plugin.boot.Boot.initApplication(Lorg/java/plugin/boot/BootErrorHandler;Lorg/java/plugin/util/ExtendedProperties;[Ljava/lang/String;)Lorg/java/plugin/boot/Application;+157
j  org.java.plugin.boot.Boot.boot(Lorg/java/plugin/util/ExtendedProperties;ZLjava/lang/String;Lorg/java/plugin/boot/BootErrorHandler;[Ljava/lang/String;)Lorg/java/plugin/boot/Application;+338
j  org.java.plugin.boot.Boot.main([Ljava/lang/String;)V+162
v  ~StubRoutines::call_stub

---------------  P R O C E S S  ---------------

Java Threads: ( => current thread )
  0x00002b4a54101800 JavaThread "Low Memory Detector" daemon [_thread_blocked, id=6195, stack(0x00002b4a9e194000,0x00002b4a9e295000)]
  0x00002b4a540ff000 JavaThread "C2 CompilerThread1" daemon [_thread_blocked, id=6194, stack(0x00002b4a9e093000,0x00002b4a9e194000)]
  0x00002b4a540fc800 JavaThread "C2 CompilerThread0" daemon [_thread_blocked, id=6193, stack(0x00002b4a9df92000,0x00002b4a9e093000)]
  0x00002b4a540fa000 JavaThread "Signal Dispatcher" daemon [_thread_blocked, id=6192, stack(0x00002b4a9de91000,0x00002b4a9df92000)]
  0x00002b4a540ab800 JavaThread "Finalizer" daemon [_thread_blocked, id=6190, stack(0x00002b4a8c101000,0x00002b4a8c202000)]
  0x00002b4a540a9800 JavaThread "Reference Handler" daemon [_thread_blocked, id=6189, stack(0x00002b4a8c000000,0x00002b4a8c101000)]
=>0x00002b4a54008000 JavaThread "main" [_thread_in_native, id=6178, stack(0x00002b4a539b0000,0x00002b4a53ab1000)]

Other Threads:
  0x00002b4a5409a800 VMThread [stack: 0x00002b4a74d91000,0x00002b4a74e92000] [id=6187]
  0x00002b4a5410c800 WatcherThread [stack: 0x00002b4a9e295000,0x00002b4a9e396000] [id=6196]

VM state:not at safepoint (normal execution)

VM Mutex/Monitor currently owned by a thread: None

Heap
 PSYoungGen      total 305856K, used 94499K [0x00000000eaab0000, 0x0000000100000000, 0x0000000100000000)
  eden space 262208K, 36% used [0x00000000eaab0000,0x00000000f06f8fb0,0x00000000faac0000)
  from space 43648K, 0% used [0x00000000fd560000,0x00000000fd560000,0x0000000100000000)
  to   space 43648K, 0% used [0x00000000faac0000,0x00000000faac0000,0x00000000fd560000)
 ParOldGen       total 699072K, used 0K [0x00000000c0000000, 0x00000000eaab0000, 0x00000000eaab0000)
  object space 699072K, 0% used [0x00000000c0000000,0x00000000c0000000,0x00000000eaab0000)
 PSPermGen       total 21248K, used 8691K [0x00000000b5a00000, 0x00000000b6ec0000, 0x00000000c0000000)
  object space 21248K, 40% used [0x00000000b5a00000,0x00000000b627cff8,0x00000000b6ec0000)

Card table byte_map: [0x00002b4a5b2c8000,0x00002b4a5b51c000] byte_map_base: 0x00002b4a5ad1b000

Polling page: 0x00002b4a53ef1000

Code Cache  [0x00002b4a58208000, 0x00002b4a58478000, 0x00002b4a5b208000)
 total_blobs=392 nmethods=163 adapters=182 free_code_cache=48276Kb largest_free_block=49408640

Compilation events (10 events):
Event: 2.558 Thread 0x00002b4a540ff000  158             org.svvrl.goal.core.logic.actl.ACTLBinary::getLeftSubFormula (5 bytes)
Event: 2.558 Thread 0x00002b4a540fc800  159             org.svvrl.goal.core.logic.actl.ACTLAnd::equals (46 bytes)
Event: 2.559 Thread 0x00002b4a540ff000 nmethod 158 0x00002b4a582e4ad0 code [0x00002b4a582e4c00, 0x00002b4a582e4c58]
Event: 2.560 Thread 0x00002b4a540fc800 nmethod 159 0x00002b4a582e1350 code [0x00002b4a582e14a0, 0x00002b4a582e1578]
Event: 2.562 Thread 0x00002b4a540ff000  160             org.svvrl.goal.core.logic.actl.ACTLUntil::getPrecedence (2 bytes)
Event: 2.562 Thread 0x00002b4a540ff000 nmethod 160 0x00002b4a582e48d0 code [0x00002b4a582e4a00, 0x00002b4a582e4a58]
Event: 2.563 Thread 0x00002b4a540fc800  161             org.svvrl.goal.core.logic.actl.ACTLAtomic::equals (24 bytes)
Event: 2.564 Thread 0x00002b4a540ff000  162             org.svvrl.goal.core.logic.actl.ACTLAtomic::getProposition (5 bytes)
Event: 2.565 Thread 0x00002b4a540ff000 nmethod 162 0x00002b4a582e7b50 code [0x00002b4a582e7c80, 0x00002b4a582e7cd8]
Event: 2.565 Thread 0x00002b4a540fc800 nmethod 161 0x00002b4a582e0f10 code [0x00002b4a582e1060, 0x00002b4a582e11b8]

GC Heap History (0 events):
No events

Deoptimization events (10 events):
Event: 1.022 Thread 0x00002b4a54008000 Uncommon trap -58 fr.pc 0x00002b4a58284ca0
Event: 1.022 Thread 0x00002b4a54008000 Uncommon trap -58 fr.pc 0x00002b4a58284ca0
Event: 1.022 Thread 0x00002b4a54008000 Uncommon trap -58 fr.pc 0x00002b4a58284ca0
Event: 1.854 Thread 0x00002b4a54008000 Uncommon trap -34 fr.pc 0x00002b4a58266a30
Event: 1.854 Thread 0x00002b4a54008000 Uncommon trap -34 fr.pc 0x00002b4a58266a30
Event: 2.020 Thread 0x00002b4a54008000 Uncommon trap -83 fr.pc 0x00002b4a582734fc
Event: 2.207 Thread 0x00002b4a54008000 Uncommon trap -34 fr.pc 0x00002b4a582bc65c
Event: 2.207 Thread 0x00002b4a54008000 Uncommon trap -34 fr.pc 0x00002b4a582bc65c
Event: 2.208 Thread 0x00002b4a54008000 Uncommon trap -34 fr.pc 0x00002b4a582bc65c
Event: 2.208 Thread 0x00002b4a54008000 Uncommon trap -34 fr.pc 0x00002b4a582bc65c

Internal exceptions (10 events):
Event: 2.039 Thread 0x00002b4a54008000 Threw 0x00000000ec80ac88 at /builddir/build/BUILD/icedtea6-1.13.4/openjdk/hotspot/src/share/vm/prims/jvm.cpp:1235
Event: 2.050 Thread 0x00002b4a54008000 Threw 0x00000000ec86ac40 at /builddir/build/BUILD/icedtea6-1.13.4/openjdk/hotspot/src/share/vm/classfile/systemDictionary.cpp:179
Event: 2.050 Thread 0x00002b4a54008000 Threw 0x00000000ec86afd8 at /builddir/build/BUILD/icedtea6-1.13.4/openjdk/hotspot/src/share/vm/prims/jvm.cpp:1235
Event: 2.050 Thread 0x00002b4a54008000 Threw 0x00000000ec86b420 at /builddir/build/BUILD/icedtea6-1.13.4/openjdk/hotspot/src/share/vm/prims/jvm.cpp:1235
Event: 2.392 Thread 0x00002b4a54008000 Threw 0x00000000ef5375f8 at /builddir/build/BUILD/icedtea6-1.13.4/openjdk/hotspot/src/share/vm/classfile/systemDictionary.cpp:179
Event: 2.392 Thread 0x00002b4a54008000 Threw 0x00000000ef537938 at /builddir/build/BUILD/icedtea6-1.13.4/openjdk/hotspot/src/share/vm/prims/jvm.cpp:1235
Event: 2.393 Thread 0x00002b4a54008000 Threw 0x00000000ef537d28 at /builddir/build/BUILD/icedtea6-1.13.4/openjdk/hotspot/src/share/vm/prims/jvm.cpp:1235
Event: 2.477 Thread 0x00002b4a54008000 Threw 0x00000000efab3b28 at /builddir/build/BUILD/icedtea6-1.13.4/openjdk/hotspot/src/share/vm/classfile/systemDictionary.cpp:179
Event: 2.477 Thread 0x00002b4a54008000 Threw 0x00000000efab3ec0 at /builddir/build/BUILD/icedtea6-1.13.4/openjdk/hotspot/src/share/vm/prims/jvm.cpp:1235
Event: 2.477 Thread 0x00002b4a54008000 Threw 0x00000000efab4308 at /builddir/build/BUILD/icedtea6-1.13.4/openjdk/hotspot/src/share/vm/prims/jvm.cpp:1235

Events (10 events):
Event: 2.401 loading class 0x00002b4a54d0ab10
Event: 2.401 loading class 0x00002b4a54d0ab10 done
Event: 2.402 loading class 0x00002b4a54d07e00
Event: 2.403 loading class 0x00002b4a54d07e00 done
Event: 2.403 loading class 0x00002b4a54d0e3b0
Event: 2.403 loading class 0x00002b4a54d0e3b0 done
Event: 2.403 loading class 0x00002b4a54d0ab90
Event: 2.403 loading class 0x00002b4a54d0ab90 done
Event: 2.477 loading class 0x00002b4a54d47050
Event: 2.477 loading class 0x00002b4a54d47050 done


Dynamic libraries:
00400000-00409000 r-xp 00000000 fd:01 5993                               /usr/lib/jvm/java-1.6.0-openjdk-1.6.0.0.x86_64/jre/bin/java
00608000-0060a000 rw-p 00008000 fd:01 5993                               /usr/lib/jvm/java-1.6.0-openjdk-1.6.0.0.x86_64/jre/bin/java
0245c000-0247d000 rw-p 00000000 00:00 0                                  [heap]
b5a00000-b6ec0000 rw-p 00000000 00:00 0 
b6ec0000-c0000000 rw-p 00000000 00:00 0 
c0000000-100000000 rw-p 00000000 00:00 0 
364f800000-364f820000 r-xp 00000000 fd:01 130582                         /lib64/ld-2.12.so
364fa1f000-364fa20000 r--p 0001f000 fd:01 130582                         /lib64/ld-2.12.so
364fa20000-364fa21000 rw-p 00020000 fd:01 130582                         /lib64/ld-2.12.so
364fa21000-364fa22000 rw-p 00000000 00:00 0 
364fc00000-364fd8a000 r-xp 00000000 fd:01 130613                         /lib64/libc-2.12.so
364fd8a000-364ff8a000 ---p 0018a000 fd:01 130613                         /lib64/libc-2.12.so
364ff8a000-364ff8e000 r--p 0018a000 fd:01 130613                         /lib64/libc-2.12.so
364ff8e000-364ff8f000 rw-p 0018e000 fd:01 130613                         /lib64/libc-2.12.so
364ff8f000-364ff94000 rw-p 00000000 00:00 0 
3650000000-3650004000 r-xp 00000000 fd:01 13573                          /usr/lib/jvm/java-1.6.0-openjdk-1.6.0.0.x86_64/jre/lib/amd64/jli/libjli.so
3650004000-3650203000 ---p 00004000 fd:01 13573                          /usr/lib/jvm/java-1.6.0-openjdk-1.6.0.0.x86_64/jre/lib/amd64/jli/libjli.so
3650203000-3650204000 rw-p 00003000 fd:01 13573                          /usr/lib/jvm/java-1.6.0-openjdk-1.6.0.0.x86_64/jre/lib/amd64/jli/libjli.so
3650400000-3650417000 r-xp 00000000 fd:01 130636                         /lib64/libpthread-2.12.so
3650417000-3650617000 ---p 00017000 fd:01 130636                         /lib64/libpthread-2.12.so
3650617000-3650618000 r--p 00017000 fd:01 130636                         /lib64/libpthread-2.12.so
3650618000-3650619000 rw-p 00018000 fd:01 130636                         /lib64/libpthread-2.12.so
3650619000-365061d000 rw-p 00000000 00:00 0 
3650800000-3650802000 r-xp 00000000 fd:01 130624                         /lib64/libdl-2.12.so
3650802000-3650a02000 ---p 00002000 fd:01 130624                         /lib64/libdl-2.12.so
3650a02000-3650a03000 r--p 00002000 fd:01 130624                         /lib64/libdl-2.12.so
3650a03000-3650a04000 rw-p 00003000 fd:01 130624                         /lib64/libdl-2.12.so
3650c00000-3650c15000 r-xp 00000000 fd:01 130638                         /lib64/libz.so.1.2.3
3650c15000-3650e14000 ---p 00015000 fd:01 130638                         /lib64/libz.so.1.2.3
3650e14000-3650e15000 r--p 00014000 fd:01 130638                         /lib64/libz.so.1.2.3
3650e15000-3650e16000 rw-p 00015000 fd:01 130638                         /lib64/libz.so.1.2.3
3651000000-3651007000 r-xp 00000000 fd:01 132701                         /lib64/librt-2.12.so
3651007000-3651206000 ---p 00007000 fd:01 132701                         /lib64/librt-2.12.so
3651206000-3651207000 r--p 00006000 fd:01 132701                         /lib64/librt-2.12.so
3651207000-3651208000 rw-p 00007000 fd:01 132701                         /lib64/librt-2.12.so
3651800000-3651816000 r-xp 00000000 fd:01 133662                         /lib64/libgcc_s-4.4.7-20120601.so.1
3651816000-3651a15000 ---p 00016000 fd:01 133662                         /lib64/libgcc_s-4.4.7-20120601.so.1
3651a15000-3651a16000 rw-p 00015000 fd:01 133662                         /lib64/libgcc_s-4.4.7-20120601.so.1
3653000000-36530e8000 r-xp 00000000 fd:01 49938                          /usr/lib64/libstdc++.so.6.0.13
36530e8000-36532e8000 ---p 000e8000 fd:01 49938                          /usr/lib64/libstdc++.so.6.0.13
36532e8000-36532ef000 r--p 000e8000 fd:01 49938                          /usr/lib64/libstdc++.so.6.0.13
36532ef000-36532f1000 rw-p 000ef000 fd:01 49938                          /usr/lib64/libstdc++.so.6.0.13
36532f1000-3653306000 rw-p 00000000 00:00 0 
365c200000-365c216000 r-xp 00000000 fd:01 137559                         /lib64/libnsl-2.12.so
365c216000-365c415000 ---p 00016000 fd:01 137559                         /lib64/libnsl-2.12.so
365c415000-365c416000 r--p 00015000 fd:01 137559                         /lib64/libnsl-2.12.so
365c416000-365c417000 rw-p 00016000 fd:01 137559                         /lib64/libnsl-2.12.so
365c417000-365c419000 rw-p 00000000 00:00 0 
2b4a52a26000-2b4a52a27000 rw-p 00000000 00:00 0 
2b4a52a3d000-2b4a52a41000 rw-p 00000000 00:00 0 
2b4a52a41000-2b4a5344c000 r-xp 00000000 fd:01 23213                      /usr/lib/jvm/java-1.6.0-openjdk-1.6.0.0.x86_64/jre/lib/amd64/server/libjvm.so
2b4a5344c000-2b4a5364c000 ---p 00a0b000 fd:01 23213                      /usr/lib/jvm/java-1.6.0-openjdk-1.6.0.0.x86_64/jre/lib/amd64/server/libjvm.so
2b4a5364c000-2b4a536ed000 rw-p 00a0b000 fd:01 23213                      /usr/lib/jvm/java-1.6.0-openjdk-1.6.0.0.x86_64/jre/lib/amd64/server/libjvm.so
2b4a536ed000-2b4a53716000 rw-p 00000000 00:00 0 
2b4a5372c000-2b4a537af000 r-xp 00000000 fd:01 130627                     /lib64/libm-2.12.so
2b4a537af000-2b4a539ae000 ---p 00083000 fd:01 130627                     /lib64/libm-2.12.so
2b4a539ae000-2b4a539af000 r--p 00082000 fd:01 130627                     /lib64/libm-2.12.so
2b4a539af000-2b4a539b0000 rw-p 00083000 fd:01 130627                     /lib64/libm-2.12.so
2b4a539b0000-2b4a539b3000 ---p 00000000 00:00 0 
2b4a539b3000-2b4a53ab1000 rw-p 00000000 00:00 0 
2b4a53ab1000-2b4a53abf000 r-xp 00000000 fd:01 23207                      /usr/lib/jvm/java-1.6.0-openjdk-1.6.0.0.x86_64/jre/lib/amd64/libverify.so
2b4a53abf000-2b4a53cbf000 ---p 0000e000 fd:01 23207                      /usr/lib/jvm/java-1.6.0-openjdk-1.6.0.0.x86_64/jre/lib/amd64/libverify.so
2b4a53cbf000-2b4a53cc1000 rw-p 0000e000 fd:01 23207                      /usr/lib/jvm/java-1.6.0-openjdk-1.6.0.0.x86_64/jre/lib/amd64/libverify.so
2b4a53cc1000-2b4a53cee000 r-xp 00000000 fd:01 23159                      /usr/lib/jvm/java-1.6.0-openjdk-1.6.0.0.x86_64/jre/lib/amd64/libjava.so
2b4a53cee000-2b4a53eed000 ---p 0002d000 fd:01 23159                      /usr/lib/jvm/java-1.6.0-openjdk-1.6.0.0.x86_64/jre/lib/amd64/libjava.so
2b4a53eed000-2b4a53ef1000 rw-p 0002c000 fd:01 23159                      /usr/lib/jvm/java-1.6.0-openjdk-1.6.0.0.x86_64/jre/lib/amd64/libjava.so
2b4a53ef1000-2b4a53ef2000 r--p 00000000 00:00 0 
2b4a53ef2000-2b4a53ef3000 rw-p 00000000 00:00 0 
2b4a53ef3000-2b4a53f28000 r--s 00000000 fd:02 128540                     /var/db/nscd/passwd
2b4a53f28000-2b4a53f30000 rw-s 00000000 fd:03 38                         /tmp/hsperfdata_dw07r324/6177
2b4a54000000-2b4a54e13000 rw-p 00000000 00:00 0 
2b4a54e13000-2b4a58000000 ---p 00000000 00:00 0 
2b4a58000000-2b4a58007000 r-xp 00000000 fd:01 23208                      /usr/lib/jvm/java-1.6.0-openjdk-1.6.0.0.x86_64/jre/lib/amd64/libzip.so
2b4a58007000-2b4a58207000 ---p 00007000 fd:01 23208                      /usr/lib/jvm/java-1.6.0-openjdk-1.6.0.0.x86_64/jre/lib/amd64/libzip.so
2b4a58207000-2b4a58208000 rw-p 00007000 fd:01 23208                      /usr/lib/jvm/java-1.6.0-openjdk-1.6.0.0.x86_64/jre/lib/amd64/libzip.so
2b4a58208000-2b4a58478000 rwxp 00000000 00:00 0 
2b4a58478000-2b4a5b208000 rw-p 00000000 00:00 0 
2b4a5b208000-2b4a5b212000 rw-p 00000000 00:00 0 
2b4a5b212000-2b4a5b2c8000 rw-p 00000000 00:00 0 
2b4a5b2c8000-2b4a5b2d3000 rw-p 00000000 00:00 0 
2b4a5b2d3000-2b4a5b31b000 rw-p 00000000 00:00 0 
2b4a5b31b000-2b4a5b67d000 rw-p 00000000 00:00 0 
2b4a5b67d000-2b4a5b6c5000 rw-p 00000000 00:00 0 
2b4a5b6c5000-2b4a5b6c6000 ---p 00000000 00:00 0 
2b4a5b6c6000-2b4a5b7c6000 rw-p 00000000 00:00 0 
2b4a5b7c6000-2b4a5b7c7000 ---p 00000000 00:00 0 
2b4a5b7c7000-2b4a5b8c7000 rw-p 00000000 00:00 0 
2b4a5b8c7000-2b4a5b8c8000 ---p 00000000 00:00 0 
2b4a5b8c8000-2b4a5b9c8000 rw-p 00000000 00:00 0 
2b4a5b9c8000-2b4a5b9c9000 ---p 00000000 00:00 0 
2b4a5b9c9000-2b4a5bac9000 rw-p 00000000 00:00 0 
2b4a5bac9000-2b4a5baca000 ---p 00000000 00:00 0 
2b4a5baca000-2b4a5bbca000 rw-p 00000000 00:00 0 
2b4a5bbca000-2b4a5bbcb000 ---p 00000000 00:00 0 
2b4a5bbcb000-2b4a5bccb000 rw-p 00000000 00:00 0 
2b4a5bccb000-2b4a5bccc000 ---p 00000000 00:00 0 
2b4a5bccc000-2b4a5bdcc000 rw-p 00000000 00:00 0 
2b4a5bdcc000-2b4a5bdcd000 ---p 00000000 00:00 0 
2b4a5bdcd000-2b4a5becd000 rw-p 00000000 00:00 0 
2b4a5c000000-2b4a5c021000 rw-p 00000000 00:00 0 
2b4a5c021000-2b4a60000000 ---p 00000000 00:00 0 
2b4a60000000-2b4a60021000 rw-p 00000000 00:00 0 
2b4a60021000-2b4a64000000 ---p 00000000 00:00 0 
2b4a64000000-2b4a64021000 rw-p 00000000 00:00 0 
2b4a64021000-2b4a68000000 ---p 00000000 00:00 0 
2b4a68000000-2b4a68021000 rw-p 00000000 00:00 0 
2b4a68021000-2b4a6c000000 ---p 00000000 00:00 0 
2b4a6c000000-2b4a6eea4000 rw-p 00000000 00:00 0 
2b4a6eea4000-2b4a6f03a000 r--s 01a15000 fd:01 23288                      /usr/lib/jvm/java-1.6.0-openjdk-1.6.0.0.x86_64/jre/lib/rt.jar
2b4a6f03a000-2b4a6ff20000 rw-p 00000000 00:00 0 
2b4a70000000-2b4a70021000 rw-p 00000000 00:00 0 
2b4a70021000-2b4a74000000 ---p 00000000 00:00 0 
2b4a74000000-2b4a74d91000 rw-p 00000000 00:00 0 
2b4a74d91000-2b4a74d92000 ---p 00000000 00:00 0 
2b4a74d92000-2b4a74e92000 rw-p 00000000 00:00 0 
2b4a78000000-2b4a78021000 rw-p 00000000 00:00 0 
2b4a78021000-2b4a7c000000 ---p 00000000 00:00 0 
2b4a80000000-2b4a80021000 rw-p 00000000 00:00 0 
2b4a80021000-2b4a84000000 ---p 00000000 00:00 0 
2b4a84000000-2b4a84021000 rw-p 00000000 00:00 0 
2b4a84021000-2b4a88000000 ---p 00000000 00:00 0 
2b4a88000000-2b4a88021000 rw-p 00000000 00:00 0 
2b4a88021000-2b4a8c000000 ---p 00000000 00:00 0 
2b4a8c000000-2b4a8c003000 ---p 00000000 00:00 0 
2b4a8c003000-2b4a8c101000 rw-p 00000000 00:00 0 
2b4a8c101000-2b4a8c104000 ---p 00000000 00:00 0 
2b4a8c104000-2b4a8c202000 rw-p 00000000 00:00 0 
2b4a90000000-2b4a90021000 rw-p 00000000 00:00 0 
2b4a90021000-2b4a94000000 ---p 00000000 00:00 0 
2b4a94000000-2b4a94021000 rw-p 00000000 00:00 0 
2b4a94021000-2b4a98000000 ---p 00000000 00:00 0 
2b4a98000000-2b4a9de91000 r--p 00000000 fd:01 49935                      /usr/lib/locale/locale-archive
2b4a9de91000-2b4a9de94000 ---p 00000000 00:00 0 
2b4a9de94000-2b4a9df92000 rw-p 00000000 00:00 0 
2b4a9df92000-2b4a9df95000 ---p 00000000 00:00 0 
2b4a9df95000-2b4a9e093000 rw-p 00000000 00:00 0 
2b4a9e093000-2b4a9e096000 ---p 00000000 00:00 0 
2b4a9e096000-2b4a9e194000 rw-p 00000000 00:00 0 
2b4a9e194000-2b4a9e197000 ---p 00000000 00:00 0 
2b4a9e197000-2b4a9e295000 rw-p 00000000 00:00 0 
2b4a9e295000-2b4a9e296000 ---p 00000000 00:00 0 
2b4a9e296000-2b4a9e396000 rw-p 00000000 00:00 0 
2b4a9e396000-2b4a9e398000 r--s 00009000 00:35 125760574                  /mmfs/automount/gpfs/homefs/sm/dw07r324/bin/GOAL-20140808/lib/jpf-boot.jar
2b4a9e398000-2b4a9e39b000 r--s 0000f000 fd:01 23233                      /usr/lib/jvm/java-1.6.0-openjdk-1.6.0.0.x86_64/jre/lib/ext/pulse-java.jar
2b4a9e39b000-2b4a9e3a4000 r--s 00065000 fd:01 23228                      /usr/lib/jvm/java-1.6.0-openjdk-1.6.0.0.x86_64/jre/lib/ext/gnome-java-bridge.jar
2b4a9e3a4000-2b4a9e3a6000 r--s 00009000 00:35 125760574                  /mmfs/automount/gpfs/homefs/sm/dw07r324/bin/GOAL-20140808/lib/jpf-boot.jar
2b4a9e3a6000-2b4a9e3aa000 r--s 0003c000 fd:01 14238                      /usr/lib/jvm/java-1.6.0-openjdk-1.6.0.0.x86_64/jre/lib/jsse.jar
2b4a9e3aa000-2b4a9e3af000 r--s 0002d000 00:35 125760577                  /mmfs/automount/gpfs/homefs/sm/dw07r324/bin/GOAL-20140808/lib/jpf.jar
2b4a9e3af000-2b4a9e3b1000 r--s 0000d000 00:35 125760571                  /mmfs/automount/gpfs/homefs/sm/dw07r324/bin/GOAL-20140808/lib/commons-logging.jar
2b4a9e3b1000-2b4a9e3b3000 r--s 00012000 00:35 125760576                  /mmfs/automount/gpfs/homefs/sm/dw07r324/bin/GOAL-20140808/lib/jpf-tools.jar
2b4a9e3b3000-2b4a9e3ba000 r--s 00039000 00:35 125760578                  /mmfs/automount/gpfs/homefs/sm/dw07r324/bin/GOAL-20140808/lib/jxp.jar
2b4a9e3ba000-2b4a9e3bc000 r--s 00004000 00:35 125760570                  /mmfs/automount/gpfs/homefs/sm/dw07r324/bin/GOAL-20140808/lib/AppleJavaExtensions.jar
2b4a9e3bc000-2b4a9e3c1000 r--s 0002a000 00:35 125760572                  /mmfs/automount/gpfs/homefs/sm/dw07r324/bin/GOAL-20140808/lib/gson-2.2.2.jar
2b4a9e3c1000-2b4a9e3c4000 r--s 0001a000 00:35 125760579                  /mmfs/automount/gpfs/homefs/sm/dw07r324/bin/GOAL-20140808/lib/minijdd_104.jar
2b4a9e3c4000-2b4a9e3e7000 r--s 0022d000 00:35 83193830                   /mmfs/automount/gpfs/homefs/sm/dw07r324/bin/GOAL-20140808/.jpf-shadow/org.svvrl.goal.core@2014.8.8.zip (deleted)
2b4a9e3e7000-2b4a9e48a000 r-xp 00000000 fd:01 13434                      /usr/lib/jvm/java-1.6.0-openjdk-1.6.0.0.x86_64/jre/lib/amd64/libawt.so
2b4a9e48a000-2b4a9e68a000 ---p 000a3000 fd:01 13434                      /usr/lib/jvm/java-1.6.0-openjdk-1.6.0.0.x86_64/jre/lib/amd64/libawt.so
2b4a9e68a000-2b4a9e696000 rw-p 000a3000 fd:01 13434                      /usr/lib/jvm/java-1.6.0-openjdk-1.6.0.0.x86_64/jre/lib/amd64/libawt.so
2b4a9e696000-2b4a9e6ba000 rw-p 00000000 00:00 0 
2b4a9e6ba000-2b4a9e6c0000 r-xp 00000000 fd:01 8525                       /usr/lib/jvm/java-1.6.0-openjdk-1.6.0.0.x86_64/jre/lib/amd64/headless/libmawt.so
2b4a9e6c0000-2b4a9e8bf000 ---p 00006000 fd:01 8525                       /usr/lib/jvm/java-1.6.0-openjdk-1.6.0.0.x86_64/jre/lib/amd64/headless/libmawt.so
2b4a9e8bf000-2b4a9e8c0000 rw-p 00005000 fd:01 8525                       /usr/lib/jvm/java-1.6.0-openjdk-1.6.0.0.x86_64/jre/lib/amd64/headless/libmawt.so
2b4a9e8c0000-2b4a9e8c2000 rw-p 00000000 00:00 0 
2b4aa0000000-2b4aa0021000 rw-p 00000000 00:00 0 
2b4aa0021000-2b4aa4000000 ---p 00000000 00:00 0 
2b4aa4000000-2b4aa5337000 rw-p 00000000 00:00 0 
2b4aa5337000-2b4aa8000000 ---p 00000000 00:00 0 
2b4aa8000000-2b4aa8ce3000 rw-p 00000000 00:00 0 
2b4aa8ce3000-2b4aac000000 ---p 00000000 00:00 0 
2b4aac000000-2b4aac021000 rw-p 00000000 00:00 0 
2b4aac021000-2b4ab0000000 ---p 00000000 00:00 0 
2b4ab0000000-2b4ab0021000 rw-p 00000000 00:00 0 
2b4ab0021000-2b4ab4000000 ---p 00000000 00:00 0 
7fff75b4f000-7fff75b86000 rw-p 00000000 00:00 0                          [stack]
7fff75bff000-7fff75c00000 r-xp 00000000 00:00 0                          [vdso]
ffffffffff600000-ffffffffff601000 r-xp 00000000 00:00 0                  [vsyscall]

VM Arguments:
jvm_args: -Xmx1G -Xms1G -DapplicationRoot=/home/ubelix/sm/dw07r324/bin/GOAL-20140808 -Dorg.java.plugin.boot.pluginsRepositories=/home/ubelix/sm/dw07r324/bin/GOAL-20140808/plugins -Djpf.boot.config=/home/ubelix/sm/dw07r324/bin/GOAL-20140808/boot.properties -Dorg.apache.commons.logging.Log=org.apache.commons.logging.impl.SimpleLog -Dorg.apache.commons.logging.simplelog.log.org.java.plugin=fatal 
java_command: /home/ubelix/sm/dw07r324/bin/GOAL-20140808/lib/jpf-boot.jar complement -m piterman -eq -macc -sp -ro -r /scratch/local/8663605.1.all.q/test_set_s15/s15_t1.8_a0.6_069.gff
Launcher Type: SUN_STANDARD

Environment Variables:
CLASSPATH=/home/ubelix/sm/dw07r324/bin/GOAL-20140808:/home/ubelix/sm/dw07r324/bin/GOAL-20140808/plugins:/home/ubelix/sm/dw07r324/bin/GOAL-20140808/lib:
PATH=/scratch/local/8663605.1.all.q:/usr/lib64/qt-3.3/bin:/usr/local/bin:/bin:/usr/bin:/usr/local/sbin:/usr/sbin:/sbin:/usr/lpp/mmfs/bin:/home/ubelix/sm/dw07r324/bin/GOAL-20140808:/home/ubelix/sm/dw07r324/bin/gnu_time/bin:/usr/lpp/mmfs/bin
LD_LIBRARY_PATH=/usr/lib/jvm/java-1.6.0-openjdk-1.6.0.0.x86_64/jre/lib/amd64/server:/usr/lib/jvm/java-1.6.0-openjdk-1.6.0.0.x86_64/jre/lib/amd64:/usr/lib/jvm/java-1.6.0-openjdk-1.6.0.0.x86_64/jre/../lib/amd64
SHELL=/bin/bash

Signal Handlers:
SIGSEGV: [libjvm.so+0x870a40], sa_mask[0]=0x7ffbfeff, sa_flags=0x10000004
SIGBUS: [libjvm.so+0x870a40], sa_mask[0]=0x7ffbfeff, sa_flags=0x10000004
SIGFPE: [libjvm.so+0x719240], sa_mask[0]=0x7ffbfeff, sa_flags=0x10000004
SIGPIPE: [libjvm.so+0x719240], sa_mask[0]=0x7ffbfeff, sa_flags=0x10000004
SIGXFSZ: [libjvm.so+0x719240], sa_mask[0]=0x7ffbfeff, sa_flags=0x10000004
SIGILL: [libjvm.so+0x719240], sa_mask[0]=0x7ffbfeff, sa_flags=0x10000004
SIGUSR1: SIG_DFL, sa_mask[0]=0x00000000, sa_flags=0x00000000
SIGUSR2: [libjvm.so+0x718d60], sa_mask[0]=0x00000000, sa_flags=0x10000004
SIGHUP: [libjvm.so+0x71bdf0], sa_mask[0]=0x7ffbfeff, sa_flags=0x10000004
SIGINT: [libjvm.so+0x71bdf0], sa_mask[0]=0x7ffbfeff, sa_flags=0x10000004
SIGTERM: [libjvm.so+0x71bdf0], sa_mask[0]=0x7ffbfeff, sa_flags=0x10000004
SIGQUIT: [libjvm.so+0x71bdf0], sa_mask[0]=0x7ffbfeff, sa_flags=0x10000004


---------------  S Y S T E M  ---------------

OS:Red Hat Enterprise Linux ComputeNode release 6.5 (Santiago)

uname:Linux 2.6.32-431.29.2.el6.x86_64 #1 SMP Sun Jul 27 15:55:46 EDT 2014 x86_64
libc:glibc 2.12 NPTL 2.12 
rlimit: STACK infinity, CORE infinity, NPROC 127431, NOFILE 4096, AS 8388608k
load average:5.45 4.16 3.89

/proc/meminfo:
MemTotal:       16331612 kB
MemFree:         4918756 kB
Buffers:            7696 kB
Cached:          6085588 kB
SwapCached:           88 kB
Active:          2965392 kB
Inactive:        3762396 kB
Active(anon):     571156 kB
Inactive(anon):    63548 kB
Active(file):    2394236 kB
Inactive(file):  3698848 kB
Unevictable:     4082900 kB
Mlocked:         4082900 kB
SwapTotal:       8388604 kB
SwapFree:        8388380 kB
Dirty:              9772 kB
Writeback:             0 kB
AnonPages:       4717264 kB
Mapped:           105832 kB
Shmem:               192 kB
Slab:             375528 kB
SReclaimable:     307132 kB
SUnreclaim:        68396 kB
KernelStack:        4760 kB
PageTables:        17976 kB
NFS_Unstable:          0 kB
Bounce:                0 kB
WritebackTmp:          0 kB
CommitLimit:    16554408 kB
Committed_AS:    6907092 kB
VmallocTotal:   34359738367 kB
VmallocUsed:      109412 kB
VmallocChunk:   34351234244 kB
HardwareCorrupted:     0 kB
AnonHugePages:         0 kB
HugePages_Total:       0
HugePages_Free:        0
HugePages_Rsvd:        0
HugePages_Surp:        0
Hugepagesize:       2048 kB
DirectMap4k:        9920 kB
DirectMap2M:     2086912 kB
DirectMap1G:    14680064 kB


CPU:total 8 (4 cores per cpu, 1 threads per core) family 16 model 2 stepping 3, cmov, cx8, fxsr, mmx, sse, sse2, sse3, popcnt, mmxext, 3dnowpref, lzcnt, sse4a, tsc, tscinvbit, tscinv

/proc/cpuinfo:
processor	: 0
vendor_id	: AuthenticAMD
cpu family	: 16
model		: 2
model name	: Quad-Core AMD Opteron(tm) Processor 2354
stepping	: 3
cpu MHz		: 2200.000
cache size	: 512 KB
physical id	: 0
siblings	: 4
core id		: 0
cpu cores	: 4
apicid		: 0
initial apicid	: 0
fpu		: yes
fpu_exception	: yes
cpuid level	: 5
wp		: yes
flags		: fpu vme de pse tsc msr pae mce cx8 apic sep mtrr pge mca cmov pat pse36 clflush mmx fxsr sse sse2 ht syscall nx mmxext fxsr_opt pdpe1gb rdtscp lm 3dnowext 3dnow constant_tsc rep_good nonstop_tsc extd_apicid pni monitor cx16 popcnt lahf_lm cmp_legacy svm extapic cr8_legacy abm sse4a misalignsse 3dnowprefetch osvw ibs npt lbrv svm_lock
bogomips	: 4422.88
TLB size	: 1024 4K pages
clflush size	: 64
cache_alignment	: 64
address sizes	: 48 bits physical, 48 bits virtual
power management: ts ttp tm stc 100mhzsteps hwpstate

processor	: 1
vendor_id	: AuthenticAMD
cpu family	: 16
model		: 2
model name	: Quad-Core AMD Opteron(tm) Processor 2354
stepping	: 3
cpu MHz		: 2200.000
cache size	: 512 KB
physical id	: 0
siblings	: 4
core id		: 1
cpu cores	: 4
apicid		: 1
initial apicid	: 1
fpu		: yes
fpu_exception	: yes
cpuid level	: 5
wp		: yes
flags		: fpu vme de pse tsc msr pae mce cx8 apic sep mtrr pge mca cmov pat pse36 clflush mmx fxsr sse sse2 ht syscall nx mmxext fxsr_opt pdpe1gb rdtscp lm 3dnowext 3dnow constant_tsc rep_good nonstop_tsc extd_apicid pni monitor cx16 popcnt lahf_lm cmp_legacy svm extapic cr8_legacy abm sse4a misalignsse 3dnowprefetch osvw ibs npt lbrv svm_lock
bogomips	: 4422.88
TLB size	: 1024 4K pages
clflush size	: 64
cache_alignment	: 64
address sizes	: 48 bits physical, 48 bits virtual
power management: ts ttp tm stc 100mhzsteps hwpstate

processor	: 2
vendor_id	: AuthenticAMD
cpu family	: 16
model		: 2
model name	: Quad-Core AMD Opteron(tm) Processor 2354
stepping	: 3
cpu MHz		: 2200.000
cache size	: 512 KB
physical id	: 0
siblings	: 4
core id		: 2
cpu cores	: 4
apicid		: 2
initial apicid	: 2
fpu		: yes
fpu_exception	: yes
cpuid level	: 5
wp		: yes
flags		: fpu vme de pse tsc msr pae mce cx8 apic sep mtrr pge mca cmov pat pse36 clflush mmx fxsr sse sse2 ht syscall nx mmxext fxsr_opt pdpe1gb rdtscp lm 3dnowext 3dnow constant_tsc rep_good nonstop_tsc extd_apicid pni monitor cx16 popcnt lahf_lm cmp_legacy svm extapic cr8_legacy abm sse4a misalignsse 3dnowprefetch osvw ibs npt lbrv svm_lock
bogomips	: 4422.88
TLB size	: 1024 4K pages
clflush size	: 64
cache_alignment	: 64
address sizes	: 48 bits physical, 48 bits virtual
power management: ts ttp tm stc 100mhzsteps hwpstate

processor	: 3
vendor_id	: AuthenticAMD
cpu family	: 16
model		: 2
model name	: Quad-Core AMD Opteron(tm) Processor 2354
stepping	: 3
cpu MHz		: 2200.000
cache size	: 512 KB
physical id	: 0
siblings	: 4
core id		: 3
cpu cores	: 4
apicid		: 3
initial apicid	: 3
fpu		: yes
fpu_exception	: yes
cpuid level	: 5
wp		: yes
flags		: fpu vme de pse tsc msr pae mce cx8 apic sep mtrr pge mca cmov pat pse36 clflush mmx fxsr sse sse2 ht syscall nx mmxext fxsr_opt pdpe1gb rdtscp lm 3dnowext 3dnow constant_tsc rep_good nonstop_tsc extd_apicid pni monitor cx16 popcnt lahf_lm cmp_legacy svm extapic cr8_legacy abm sse4a misalignsse 3dnowprefetch osvw ibs npt lbrv svm_lock
bogomips	: 4422.88
TLB size	: 1024 4K pages
clflush size	: 64
cache_alignment	: 64
address sizes	: 48 bits physical, 48 bits virtual
power management: ts ttp tm stc 100mhzsteps hwpstate

processor	: 4
vendor_id	: AuthenticAMD
cpu family	: 16
model		: 2
model name	: Quad-Core AMD Opteron(tm) Processor 2354
stepping	: 3
cpu MHz		: 2200.000
cache size	: 512 KB
physical id	: 1
siblings	: 4
core id		: 0
cpu cores	: 4
apicid		: 4
initial apicid	: 4
fpu		: yes
fpu_exception	: yes
cpuid level	: 5
wp		: yes
flags		: fpu vme de pse tsc msr pae mce cx8 apic sep mtrr pge mca cmov pat pse36 clflush mmx fxsr sse sse2 ht syscall nx mmxext fxsr_opt pdpe1gb rdtscp lm 3dnowext 3dnow constant_tsc rep_good nonstop_tsc extd_apicid pni monitor cx16 popcnt lahf_lm cmp_legacy svm extapic cr8_legacy abm sse4a misalignsse 3dnowprefetch osvw ibs npt lbrv svm_lock
bogomips	: 4422.23
TLB size	: 1024 4K pages
clflush size	: 64
cache_alignment	: 64
address sizes	: 48 bits physical, 48 bits virtual
power management: ts ttp tm stc 100mhzsteps hwpstate

processor	: 5
vendor_id	: AuthenticAMD
cpu family	: 16
model		: 2
model name	: Quad-Core AMD Opteron(tm) Processor 2354
stepping	: 3
cpu MHz		: 2200.000
cache size	: 512 KB
physical id	: 1
siblings	: 4
core id		: 1
cpu cores	: 4
apicid		: 5
initial apicid	: 5
fpu		: yes
fpu_exception	: yes
cpuid level	: 5
wp		: yes
flags		: fpu vme de pse tsc msr pae mce cx8 apic sep mtrr pge mca cmov pat pse36 clflush mmx fxsr sse sse2 ht syscall nx mmxext fxsr_opt pdpe1gb rdtscp lm 3dnowext 3dnow constant_tsc rep_good nonstop_tsc extd_apicid pni monitor cx16 popcnt lahf_lm cmp_legacy svm extapic cr8_legacy abm sse4a misalignsse 3dnowprefetch osvw ibs npt lbrv svm_lock
bogomips	: 4422.23
TLB size	: 1024 4K pages
clflush size	: 64
cache_alignment	: 64
address sizes	: 48 bits physical, 48 bits virtual
power management: ts ttp tm stc 100mhzsteps hwpstate

processor	: 6
vendor_id	: AuthenticAMD
cpu family	: 16
model		: 2
model name	: Quad-Core AMD Opteron(tm) Processor 2354
stepping	: 3
cpu MHz		: 2200.000
cache size	: 512 KB
physical id	: 1
siblings	: 4
core id		: 2
cpu cores	: 4
apicid		: 6
initial apicid	: 6
fpu		: yes
fpu_exception	: yes
cpuid level	: 5
wp		: yes
flags		: fpu vme de pse tsc msr pae mce cx8 apic sep mtrr pge mca cmov pat pse36 clflush mmx fxsr sse sse2 ht syscall nx mmxext fxsr_opt pdpe1gb rdtscp lm 3dnowext 3dnow constant_tsc rep_good nonstop_tsc extd_apicid pni monitor cx16 popcnt lahf_lm cmp_legacy svm extapic cr8_legacy abm sse4a misalignsse 3dnowprefetch osvw ibs npt lbrv svm_lock
bogomips	: 4422.23
TLB size	: 1024 4K pages
clflush size	: 64
cache_alignment	: 64
address sizes	: 48 bits physical, 48 bits virtual
power management: ts ttp tm stc 100mhzsteps hwpstate

processor	: 7
vendor_id	: AuthenticAMD
cpu family	: 16
model		: 2
model name	: Quad-Core AMD Opteron(tm) Processor 2354
stepping	: 3
cpu MHz		: 2200.000
cache size	: 512 KB
physical id	: 1
siblings	: 4
core id		: 3
cpu cores	: 4
apicid		: 7
initial apicid	: 7
fpu		: yes
fpu_exception	: yes
cpuid level	: 5
wp		: yes
flags		: fpu vme de pse tsc msr pae mce cx8 apic sep mtrr pge mca cmov pat pse36 clflush mmx fxsr sse sse2 ht syscall nx mmxext fxsr_opt pdpe1gb rdtscp lm 3dnowext 3dnow constant_tsc rep_good nonstop_tsc extd_apicid pni monitor cx16 popcnt lahf_lm cmp_legacy svm extapic cr8_legacy abm sse4a misalignsse 3dnowprefetch osvw ibs npt lbrv svm_lock
bogomips	: 4422.23
TLB size	: 1024 4K pages
clflush size	: 64
cache_alignment	: 64
address sizes	: 48 bits physical, 48 bits virtual
power management: ts ttp tm stc 100mhzsteps hwpstate



Memory: 4k page, physical 16331612k(4918756k free), swap 8388604k(8388380k free)

vm_info: OpenJDK 64-Bit Server VM (23.25-b01) for linux-amd64 JRE (1.6.0_32-b32), built on Aug 21 2014 11:15:48 by "mockbuild" with gcc 4.4.7 20120313 (Red Hat 4.4.7-4)

time: Tue Sep 23 07:22:37 2014
elapsed time: 2 seconds

