#
# A fatal error has been detected by the Java Runtime Environment:
#
#  SIGBUS (0x7) at pc=0x00002b13055ca522, pid=24444, tid=47360689596160
#
# JRE version: 6.0_32-b32
# Java VM: OpenJDK 64-Bit Server VM (23.25-b01 mixed mode linux-amd64 compressed oops)
# Problematic frame:
# C  [libzip.so+0x4522]  ZIP_Lock+0x252
#
# Core dump written. Default location: /mmfs/automount/gpfs/homefs/sm/dw07r324/jobs/piterman.eq.macc.sp.ro.r/core or core.24444
#
# If you would like to submit a bug report, please include
# instructions how to reproduce the bug and visit:
#   http://icedtea.classpath.org/bugzilla
# The crash happened outside the Java Virtual Machine in native code.
# See problematic frame for where to report the bug.
#

---------------  T H R E A D  ---------------

Current thread (0x00002b1308008000):  JavaThread "main" [_thread_in_native, id=24445, stack(0x00002b1305046000,0x00002b1305147000)]

siginfo:si_signo=SIGBUS: si_errno=0, si_code=2 (BUS_ADRERR), si_addr=0x00002b13628d19f1

Registers:
RAX=0x00002b130909c0d0, RBX=0x00002b13628d19d4, RCX=0x00002b130909c0c0, RDX=0x00002b1308000040
RSP=0x00002b13051435f0, RBP=0x00002b1305143630, RSI=0x00002b1308000038, RDI=0x0000000000000000
R8 =0x0000000000000003, R9 =0x0000000000000010, R10=0x0000000000000040, R11=0x00002b1304876660
R12=0x00002b130909c0d0, R13=0x00002b1308f550a0, R14=0x00002b13051436a0, R15=0x00002b130909c0d0
RIP=0x00002b13055ca522, EFLAGS=0x0000000000010206, CSGSFS=0x0000000000000033, ERR=0x0000000000000004
  TRAPNO=0x000000000000000e

Top of Stack: (sp=0x00002b13051435f0)
0x00002b13051435f0:   00002b1308fbe4f0 00002b13047c005e
0x00002b1305143600:   0000000000000293 00002b1309015df4
0x00002b1305143610:   00002b1308f550a0 0000000008958b12
0x00002b1305143620:   00002b13051436a0 0000000000000031
0x00002b1305143630:   00002b1305143680 00002b13055caae2
0x00002b1305143640:   00002b1308008000 00002b1308fbe5c0
0x00002b1305143650:   00002b13051436c0 00002b13080081d8
0x00002b1305143660:   00002b13051436a0 0000000000000031
0x00002b1305143670:   00002b1305143b78 00002b13051436a0
0x00002b1305143680:   00002b1305143ae0 00002b13055c9ae4
0x00002b1305143690:   00000031010000b3 00002b1308f550a0
0x00002b13051436a0:   2f73657373616c63 727676732f67726f
0x00002b13051436b0:   672f6c616f672f6c 2f666572702f6975
0x00002b13051436c0:   61647055746e6f46 73616c632e726574
0x00002b13051436d0:   00002b1305140073 0000000400000000
0x00002b13051436e0:   00002b1308008c08 00000000eb644788
0x00002b13051436f0:   00002b1305143720 00002b1308008000
0x00002b1305143700:   00000000b5cc4b00 000000000000001a
0x00002b1305143710:   00002b1308008000 00000000b5cc4b00
0x00002b1305143720:   00002b1305143780 00002b130460a5f2
0x00002b1305143730:   00002b1308008000 00002b1305143d90
0x00002b1305143740:   00002b1308008000 00002b1300000000
0x00002b1305143750:   00002b13b642c780 00000000000000bd
0x00002b1305143760:   0000000000000000 00002b1308008000
0x00002b1305143770:   00002b1305143800 00002b1300000000
0x00002b1305143780:   00000000b5cc8c58 00002b0000000061
0x00002b1305143790:   00000000b5bdfef5 00000000f07b9e10
0x00002b13051437a0:   00002b13051437a0 00000000b5cc69cb
0x00002b13051437b0:   00002b1305143800 00002b1308008bf8
0x00002b13051437c0:   0000000000000000 0000000000000001
0x00002b13051437d0:   00002b1308008000 ffffffffffffffff
0x00002b13051437e0:   00002b1305143850 00002b13045c6a03 

Instructions: (pc=0x00002b13055ca522)
0x00002b13055ca502:   00 00 00 00 00 48 c7 40 30 00 00 00 00 48 c7 40
0x00002b13055ca512:   28 00 00 00 00 8b 5b 04 49 2b 5d 28 49 03 5d 18
0x00002b13055ca522:   44 0f b6 73 1d 0f b6 43 1c 41 c1 e6 08 41 09 c6
0x00002b13055ca532:   0f b6 43 1e 88 45 ce 0f b6 43 1f 88 45 cf 0f b6 

Register to memory mapping:

RAX=0x00002b130909c0d0 is an unknown value
RBX=0x00002b13628d19d4 is an unknown value
RCX=0x00002b130909c0c0 is an unknown value
RDX=0x00002b1308000040 is an unknown value
RSP=0x00002b13051435f0 is pointing into the stack for thread: 0x00002b1308008000
RBP=0x00002b1305143630 is pointing into the stack for thread: 0x00002b1308008000
RSI=0x00002b1308000038 is an unknown value
RDI=0x0000000000000000 is an unknown value
R8 =0x0000000000000003 is an unknown value
R9 =0x0000000000000010 is an unknown value
R10=0x0000000000000040 is an unknown value
R11=0x00002b1304876660: <offset 0x79f660> in /usr/lib/jvm/java-1.6.0-openjdk-1.6.0.0.x86_64/jre/lib/amd64/server/libjvm.so at 0x00002b13040d7000
R12=0x00002b130909c0d0 is an unknown value
R13=0x00002b1308f550a0 is an unknown value
R14=0x00002b13051436a0 is pointing into the stack for thread: 0x00002b1308008000
R15=0x00002b130909c0d0 is an unknown value


Stack: [0x00002b1305046000,0x00002b1305147000],  sp=0x00002b13051435f0,  free space=1013k
Native frames: (J=compiled Java code, j=interpreted, Vv=VM code, C=native code)
C  [libzip.so+0x4522]  ZIP_Lock+0x252
C  [libzip.so+0x4ae2]  ZIP_GetEntry+0xc2
C  [libzip.so+0x3ae4]  Java_java_util_zip_ZipFile_getEntry+0xc4
j  java.util.zip.ZipFile.getEntry(JLjava/lang/String;Z)J+0
j  java.util.zip.ZipFile.getEntry(Ljava/lang/String;)Ljava/util/zip/ZipEntry;+31
j  java.util.jar.JarFile.getEntry(Ljava/lang/String;)Ljava/util/zip/ZipEntry;+2
j  sun.net.www.protocol.jar.URLJarFile.getEntry(Ljava/lang/String;)Ljava/util/zip/ZipEntry;+2
j  sun.net.www.protocol.jar.JarURLConnection.connect()V+62
j  sun.net.www.protocol.jar.JarURLConnection.getInputStream()Ljava/io/InputStream;+1
j  sun.misc.URLClassPath$Loader.getResource(Ljava/lang/String;Z)Lsun/misc/Resource;+48
j  sun.misc.URLClassPath.getResource(Ljava/lang/String;Z)Lsun/misc/Resource;+53
j  java.net.URLClassLoader$1.run()Ljava/lang/Object;+26
v  ~StubRoutines::call_stub
V  [libjvm.so+0x537e3e]  AsyncGetCallTrace+0xd776e
V  [libjvm.so+0x536ad8]  AsyncGetCallTrace+0xd6408
V  [libjvm.so+0x597140]  JVM_DoPrivileged+0x400
j  java.security.AccessController.doPrivileged(Ljava/security/PrivilegedExceptionAction;Ljava/security/AccessControlContext;)Ljava/lang/Object;+0
j  java.net.URLClassLoader.findClass(Ljava/lang/String;)Ljava/lang/Class;+13
j  org.java.plugin.standard.StandardPluginClassLoader.loadLocalClass(Ljava/lang/String;ZLorg/java/plugin/standard/StandardPluginClassLoader;)Ljava/lang/Class;+97
j  org.java.plugin.standard.StandardPluginClassLoader.loadClass(Ljava/lang/String;Z)Ljava/lang/Class;+62
j  java.lang.ClassLoader.loadClass(Ljava/lang/String;)Ljava/lang/Class;+3
v  ~StubRoutines::call_stub
V  [libjvm.so+0x537e3e]  AsyncGetCallTrace+0xd776e
V  [libjvm.so+0x537222]  AsyncGetCallTrace+0xd6b52
V  [libjvm.so+0x5372f4]  AsyncGetCallTrace+0xd6c24
V  [libjvm.so+0x80084b]  JVM_handle_linux_signal+0xdf19b
V  [libjvm.so+0x800e0c]  JVM_handle_linux_signal+0xdf75c
V  [libjvm.so+0x802733]  JVM_handle_linux_signal+0xe1083
V  [libjvm.so+0x3ef00e]  ftell+0x3ef00e
V  [libjvm.so+0x533666]  AsyncGetCallTrace+0xd2f96
j  org.svvrl.goal.gui.UIPlugin.doStart()V+17
j  org.java.plugin.Plugin.start()V+8
j  org.java.plugin.PluginManager.startPlugin(Lorg/java/plugin/Plugin;)V+1
j  org.java.plugin.standard.StandardPluginManager.activatePlugin(Lorg/java/plugin/registry/PluginDescriptor;)Lorg/java/plugin/Plugin;+194
j  org.java.plugin.standard.StandardPluginManager.checkPrerequisites(Lorg/java/plugin/registry/PluginDescriptor;)V+288
j  org.java.plugin.standard.StandardPluginManager.activatePlugin(Lorg/java/plugin/registry/PluginDescriptor;)Lorg/java/plugin/Plugin;+134
j  org.java.plugin.standard.StandardPluginManager.checkPrerequisites(Lorg/java/plugin/registry/PluginDescriptor;)V+288
j  org.java.plugin.standard.StandardPluginManager.activatePlugin(Lorg/java/plugin/registry/PluginDescriptor;)Lorg/java/plugin/Plugin;+134
j  org.java.plugin.standard.StandardPluginManager.activatePlugin(Ljava/lang/String;)V+148
j  org.svvrl.goal.core.util.PluginUtil.activatePlugin(Lorg/java/plugin/PluginManager;Lorg/java/plugin/registry/Extension;)V+32
j  org.svvrl.goal.core.CorePlugin.loadComplementConstructions()V+31
j  org.svvrl.goal.core.CorePlugin.initApplication(Lorg/java/plugin/util/ExtendedProperties;[Ljava/lang/String;)Lorg/java/plugin/boot/Application;+174
j  org.java.plugin.boot.DefaultApplicationInitializer.initApplication(Lorg/java/plugin/boot/BootErrorHandler;[Ljava/lang/String;)Lorg/java/plugin/boot/Application;+530
j  org.java.plugin.boot.Boot.initApplication(Lorg/java/plugin/boot/BootErrorHandler;Lorg/java/plugin/util/ExtendedProperties;[Ljava/lang/String;)Lorg/java/plugin/boot/Application;+157
j  org.java.plugin.boot.Boot.boot(Lorg/java/plugin/util/ExtendedProperties;ZLjava/lang/String;Lorg/java/plugin/boot/BootErrorHandler;[Ljava/lang/String;)Lorg/java/plugin/boot/Application;+338
j  org.java.plugin.boot.Boot.main([Ljava/lang/String;)V+162
v  ~StubRoutines::call_stub
V  [libjvm.so+0x537e3e]  AsyncGetCallTrace+0xd776e
V  [libjvm.so+0x536ad8]  AsyncGetCallTrace+0xd6408
V  [libjvm.so+0x5452a7]  JNI_CreateJavaVM+0x12e7
V  [libjvm.so+0x55a4eb]  JNI_CreateJavaVM+0x1652b
C  [java+0x374d]  JavaMain+0xd0d

Java frames: (J=compiled Java code, j=interpreted, Vv=VM code)
j  java.util.zip.ZipFile.getEntry(JLjava/lang/String;Z)J+0
j  java.util.zip.ZipFile.getEntry(Ljava/lang/String;)Ljava/util/zip/ZipEntry;+31
j  java.util.jar.JarFile.getEntry(Ljava/lang/String;)Ljava/util/zip/ZipEntry;+2
j  sun.net.www.protocol.jar.URLJarFile.getEntry(Ljava/lang/String;)Ljava/util/zip/ZipEntry;+2
j  sun.net.www.protocol.jar.JarURLConnection.connect()V+62
j  sun.net.www.protocol.jar.JarURLConnection.getInputStream()Ljava/io/InputStream;+1
j  sun.misc.URLClassPath$Loader.getResource(Ljava/lang/String;Z)Lsun/misc/Resource;+48
j  sun.misc.URLClassPath.getResource(Ljava/lang/String;Z)Lsun/misc/Resource;+53
j  java.net.URLClassLoader$1.run()Ljava/lang/Object;+26
v  ~StubRoutines::call_stub
j  java.security.AccessController.doPrivileged(Ljava/security/PrivilegedExceptionAction;Ljava/security/AccessControlContext;)Ljava/lang/Object;+0
j  java.net.URLClassLoader.findClass(Ljava/lang/String;)Ljava/lang/Class;+13
j  org.java.plugin.standard.StandardPluginClassLoader.loadLocalClass(Ljava/lang/String;ZLorg/java/plugin/standard/StandardPluginClassLoader;)Ljava/lang/Class;+97
j  org.java.plugin.standard.StandardPluginClassLoader.loadClass(Ljava/lang/String;Z)Ljava/lang/Class;+62
j  java.lang.ClassLoader.loadClass(Ljava/lang/String;)Ljava/lang/Class;+3
v  ~StubRoutines::call_stub
j  org.svvrl.goal.gui.UIPlugin.doStart()V+17
j  org.java.plugin.Plugin.start()V+8
j  org.java.plugin.PluginManager.startPlugin(Lorg/java/plugin/Plugin;)V+1
j  org.java.plugin.standard.StandardPluginManager.activatePlugin(Lorg/java/plugin/registry/PluginDescriptor;)Lorg/java/plugin/Plugin;+194
j  org.java.plugin.standard.StandardPluginManager.checkPrerequisites(Lorg/java/plugin/registry/PluginDescriptor;)V+288
j  org.java.plugin.standard.StandardPluginManager.activatePlugin(Lorg/java/plugin/registry/PluginDescriptor;)Lorg/java/plugin/Plugin;+134
j  org.java.plugin.standard.StandardPluginManager.checkPrerequisites(Lorg/java/plugin/registry/PluginDescriptor;)V+288
j  org.java.plugin.standard.StandardPluginManager.activatePlugin(Lorg/java/plugin/registry/PluginDescriptor;)Lorg/java/plugin/Plugin;+134
j  org.java.plugin.standard.StandardPluginManager.activatePlugin(Ljava/lang/String;)V+148
j  org.svvrl.goal.core.util.PluginUtil.activatePlugin(Lorg/java/plugin/PluginManager;Lorg/java/plugin/registry/Extension;)V+32
j  org.svvrl.goal.core.CorePlugin.loadComplementConstructions()V+31
j  org.svvrl.goal.core.CorePlugin.initApplication(Lorg/java/plugin/util/ExtendedProperties;[Ljava/lang/String;)Lorg/java/plugin/boot/Application;+174
j  org.java.plugin.boot.DefaultApplicationInitializer.initApplication(Lorg/java/plugin/boot/BootErrorHandler;[Ljava/lang/String;)Lorg/java/plugin/boot/Application;+530
j  org.java.plugin.boot.Boot.initApplication(Lorg/java/plugin/boot/BootErrorHandler;Lorg/java/plugin/util/ExtendedProperties;[Ljava/lang/String;)Lorg/java/plugin/boot/Application;+157
j  org.java.plugin.boot.Boot.boot(Lorg/java/plugin/util/ExtendedProperties;ZLjava/lang/String;Lorg/java/plugin/boot/BootErrorHandler;[Ljava/lang/String;)Lorg/java/plugin/boot/Application;+338
j  org.java.plugin.boot.Boot.main([Ljava/lang/String;)V+162
v  ~StubRoutines::call_stub

---------------  P R O C E S S  ---------------

Java Threads: ( => current thread )
  0x00002b1309063000 JavaThread "Java2D Disposer" daemon [_thread_blocked, id=24462, stack(0x00002b1362b2b000,0x00002b1362c2c000)]
  0x00002b1308101800 JavaThread "Low Memory Detector" daemon [_thread_blocked, id=24460, stack(0x00002b1362194000,0x00002b1362295000)]
  0x00002b13080ff000 JavaThread "C2 CompilerThread1" daemon [_thread_blocked, id=24459, stack(0x00002b1362093000,0x00002b1362194000)]
  0x00002b13080fc800 JavaThread "C2 CompilerThread0" daemon [_thread_in_native, id=24458, stack(0x00002b1361f92000,0x00002b1362093000)]
  0x00002b13080fa000 JavaThread "Signal Dispatcher" daemon [_thread_blocked, id=24457, stack(0x00002b1361e91000,0x00002b1361f92000)]
  0x00002b13080ab800 JavaThread "Finalizer" daemon [_thread_blocked, id=24456, stack(0x00002b1350101000,0x00002b1350202000)]
  0x00002b13080a9800 JavaThread "Reference Handler" daemon [_thread_blocked, id=24455, stack(0x00002b1350000000,0x00002b1350101000)]
=>0x00002b1308008000 JavaThread "main" [_thread_in_native, id=24445, stack(0x00002b1305046000,0x00002b1305147000)]

Other Threads:
  0x00002b130809a800 VMThread [stack: 0x00002b1324d91000,0x00002b1324e92000] [id=24454]
  0x00002b130810c800 WatcherThread [stack: 0x00002b1362295000,0x00002b1362396000] [id=24461]

VM state:not at safepoint (normal execution)

VM Mutex/Monitor currently owned by a thread: None

Heap
 PSYoungGen      total 305856K, used 99750K [0x00000000eaab0000, 0x0000000100000000, 0x0000000100000000)
  eden space 262208K, 38% used [0x00000000eaab0000,0x00000000f0c19ae0,0x00000000faac0000)
  from space 43648K, 0% used [0x00000000fd560000,0x00000000fd560000,0x0000000100000000)
  to   space 43648K, 0% used [0x00000000faac0000,0x00000000faac0000,0x00000000fd560000)
 ParOldGen       total 699072K, used 0K [0x00000000c0000000, 0x00000000eaab0000, 0x00000000eaab0000)
  object space 699072K, 0% used [0x00000000c0000000,0x00000000c0000000,0x00000000eaab0000)
 PSPermGen       total 21248K, used 10438K [0x00000000b5a00000, 0x00000000b6ec0000, 0x00000000c0000000)
  object space 21248K, 49% used [0x00000000b5a00000,0x00000000b6431848,0x00000000b6ec0000)

Card table byte_map: [0x00002b130f0c0000,0x00002b130f314000] byte_map_base: 0x00002b130eb13000

Polling page: 0x00002b1305587000

Code Cache  [0x00002b130c000000, 0x00002b130c270000, 0x00002b130f000000)
 total_blobs=445 nmethods=165 adapters=233 free_code_cache=48244Kb largest_free_block=49378176

Compilation events (10 events):
Event: 1.935 Thread 0x00002b13080fc800  161             org.svvrl.goal.core.logic.actl.ACTLAtomic::getProposition (5 bytes)
Event: 1.936 Thread 0x00002b13080ff000 nmethod 160 0x00002b130c0c5bd0 code [0x00002b130c0c5d20, 0x00002b130c0c5e78]
Event: 1.936 Thread 0x00002b13080fc800 nmethod 161 0x00002b130c0c59d0 code [0x00002b130c0c5b00, 0x00002b130c0c5b58]
Event: 1.990 Thread 0x00002b13080ff000  162             java.io.BufferedInputStream::getBufIfOpen (21 bytes)
Event: 1.991 Thread 0x00002b13080ff000 nmethod 162 0x00002b130c0c5790 code [0x00002b130c0c58c0, 0x00002b130c0c5938]
Event: 2.128 Thread 0x00002b13080fc800  163             java.util.HashSet::add (20 bytes)
Event: 2.129 Thread 0x00002b13080fc800 nmethod 163 0x00002b130c0e5310 code [0x00002b130c0e5460, 0x00002b130c0e5508]
Event: 2.135 Thread 0x00002b13080ff000    2 % !         sun.nio.cs.US_ASCII$Decoder::decodeArrayLoop @ 129 (241 bytes)
Event: 2.145 Thread 0x00002b13080fc800    3 % !         sun.nio.cs.US_ASCII$Encoder::encodeArrayLoop @ 129 (279 bytes)
Event: 2.153 Thread 0x00002b13080ff000 nmethod 2% 0x00002b130c0e7650 code [0x00002b130c0e7840, 0x00002b130c0e81a8]

GC Heap History (0 events):
No events

Deoptimization events (10 events):
Event: 1.543 Thread 0x00002b1308008000 Uncommon trap -34 fr.pc 0x00002b130c09fc98
Event: 1.543 Thread 0x00002b1308008000 Uncommon trap -34 fr.pc 0x00002b130c09fc98
Event: 1.543 Thread 0x00002b1308008000 Uncommon trap -34 fr.pc 0x00002b130c0b21dc
Event: 1.544 Thread 0x00002b1308008000 Uncommon trap -34 fr.pc 0x00002b130c0b21dc
Event: 1.544 Thread 0x00002b1308008000 Uncommon trap -34 fr.pc 0x00002b130c0b21dc
Event: 1.545 Thread 0x00002b1308008000 Uncommon trap -34 fr.pc 0x00002b130c0b21dc
Event: 1.982 Thread 0x00002b1308008000 Uncommon trap -34 fr.pc 0x00002b130c0b8e58
Event: 2.053 Thread 0x00002b1308008000 Uncommon trap -34 fr.pc 0x00002b130c0b8e58
Event: 2.053 Thread 0x00002b1308008000 Uncommon trap -34 fr.pc 0x00002b130c0b8e58
Event: 2.053 Thread 0x00002b1308008000 Uncommon trap -34 fr.pc 0x00002b130c0b8e58

Internal exceptions (10 events):
Event: 2.059 Thread 0x00002b1308008000 Threw 0x00000000f075c7e8 at /builddir/build/BUILD/icedtea6-1.13.4/openjdk/hotspot/src/share/vm/prims/jvm.cpp:1235
Event: 2.059 Thread 0x00002b1308008000 Threw 0x00000000f075cdd8 at /builddir/build/BUILD/icedtea6-1.13.4/openjdk/hotspot/src/share/vm/prims/jvm.cpp:1235
Event: 2.059 Thread 0x00002b1308008000 Threw 0x00000000f075eb20 at /builddir/build/BUILD/icedtea6-1.13.4/openjdk/hotspot/src/share/vm/prims/jvm.cpp:1235
Event: 2.060 Thread 0x00002b1308008000 Threw 0x00000000f075feb0 at /builddir/build/BUILD/icedtea6-1.13.4/openjdk/hotspot/src/share/vm/classfile/systemDictionary.cpp:179
Event: 2.060 Thread 0x00002b1308008000 Threw 0x00000000f0760230 at /builddir/build/BUILD/icedtea6-1.13.4/openjdk/hotspot/src/share/vm/prims/jvm.cpp:1235
Event: 2.060 Thread 0x00002b1308008000 Threw 0x00000000f0760660 at /builddir/build/BUILD/icedtea6-1.13.4/openjdk/hotspot/src/share/vm/prims/jvm.cpp:1235
Event: 2.145 Thread 0x00002b1308008000 Threw 0x00000000f07b46a0 at /builddir/build/BUILD/icedtea6-1.13.4/openjdk/hotspot/src/share/vm/classfile/systemDictionary.cpp:179
Event: 2.145 Thread 0x00002b1308008000 Threw 0x00000000f07b49e8 at /builddir/build/BUILD/icedtea6-1.13.4/openjdk/hotspot/src/share/vm/prims/jvm.cpp:1235
Event: 2.145 Thread 0x00002b1308008000 Threw 0x00000000f07b4de0 at /builddir/build/BUILD/icedtea6-1.13.4/openjdk/hotspot/src/share/vm/prims/jvm.cpp:1235
Event: 2.145 Thread 0x00002b1308008000 Threw 0x00000000f07b67c8 at /builddir/build/BUILD/icedtea6-1.13.4/openjdk/hotspot/src/share/vm/prims/jvm.cpp:1235

Events (10 events):
Event: 2.141 loading class 0x00002b1309037d00
Event: 2.141 loading class 0x00002b1309037d00 done
Event: 2.142 loading class 0x00002b130904b990
Event: 2.142 loading class 0x00002b130904b990 done
Event: 2.143 loading class 0x00002b130904ba30
Event: 2.143 loading class 0x00002b130904ba30 done
Event: 2.144 loading class 0x00002b13083e46a0
Event: 2.144 loading class 0x00002b13083e46a0 done
Event: 2.145 loading class 0x00002b1308329d90
Event: 2.145 loading class 0x00002b1308329d90 done


Dynamic libraries:
00400000-00409000 r-xp 00000000 fd:01 5993                               /usr/lib/jvm/java-1.6.0-openjdk-1.6.0.0.x86_64/jre/bin/java
00608000-0060a000 rw-p 00008000 fd:01 5993                               /usr/lib/jvm/java-1.6.0-openjdk-1.6.0.0.x86_64/jre/bin/java
01b7e000-01b9f000 rw-p 00000000 00:00 0                                  [heap]
b5a00000-b6ec0000 rw-p 00000000 00:00 0 
b6ec0000-c0000000 rw-p 00000000 00:00 0 
c0000000-100000000 rw-p 00000000 00:00 0 
364f800000-364f820000 r-xp 00000000 fd:01 130582                         /lib64/ld-2.12.so
364fa1f000-364fa20000 r--p 0001f000 fd:01 130582                         /lib64/ld-2.12.so
364fa20000-364fa21000 rw-p 00020000 fd:01 130582                         /lib64/ld-2.12.so
364fa21000-364fa22000 rw-p 00000000 00:00 0 
364fc00000-364fd8a000 r-xp 00000000 fd:01 130613                         /lib64/libc-2.12.so
364fd8a000-364ff8a000 ---p 0018a000 fd:01 130613                         /lib64/libc-2.12.so
364ff8a000-364ff8e000 r--p 0018a000 fd:01 130613                         /lib64/libc-2.12.so
364ff8e000-364ff8f000 rw-p 0018e000 fd:01 130613                         /lib64/libc-2.12.so
364ff8f000-364ff94000 rw-p 00000000 00:00 0 
3650000000-3650004000 r-xp 00000000 fd:01 13573                          /usr/lib/jvm/java-1.6.0-openjdk-1.6.0.0.x86_64/jre/lib/amd64/jli/libjli.so
3650004000-3650203000 ---p 00004000 fd:01 13573                          /usr/lib/jvm/java-1.6.0-openjdk-1.6.0.0.x86_64/jre/lib/amd64/jli/libjli.so
3650203000-3650204000 rw-p 00003000 fd:01 13573                          /usr/lib/jvm/java-1.6.0-openjdk-1.6.0.0.x86_64/jre/lib/amd64/jli/libjli.so
3650400000-3650417000 r-xp 00000000 fd:01 130636                         /lib64/libpthread-2.12.so
3650417000-3650617000 ---p 00017000 fd:01 130636                         /lib64/libpthread-2.12.so
3650617000-3650618000 r--p 00017000 fd:01 130636                         /lib64/libpthread-2.12.so
3650618000-3650619000 rw-p 00018000 fd:01 130636                         /lib64/libpthread-2.12.so
3650619000-365061d000 rw-p 00000000 00:00 0 
3650800000-3650802000 r-xp 00000000 fd:01 130624                         /lib64/libdl-2.12.so
3650802000-3650a02000 ---p 00002000 fd:01 130624                         /lib64/libdl-2.12.so
3650a02000-3650a03000 r--p 00002000 fd:01 130624                         /lib64/libdl-2.12.so
3650a03000-3650a04000 rw-p 00003000 fd:01 130624                         /lib64/libdl-2.12.so
3650c00000-3650c15000 r-xp 00000000 fd:01 130638                         /lib64/libz.so.1.2.3
3650c15000-3650e14000 ---p 00015000 fd:01 130638                         /lib64/libz.so.1.2.3
3650e14000-3650e15000 r--p 00014000 fd:01 130638                         /lib64/libz.so.1.2.3
3650e15000-3650e16000 rw-p 00015000 fd:01 130638                         /lib64/libz.so.1.2.3
3651000000-3651007000 r-xp 00000000 fd:01 132701                         /lib64/librt-2.12.so
3651007000-3651206000 ---p 00007000 fd:01 132701                         /lib64/librt-2.12.so
3651206000-3651207000 r--p 00006000 fd:01 132701                         /lib64/librt-2.12.so
3651207000-3651208000 rw-p 00007000 fd:01 132701                         /lib64/librt-2.12.so
3651800000-3651816000 r-xp 00000000 fd:01 133662                         /lib64/libgcc_s-4.4.7-20120601.so.1
3651816000-3651a15000 ---p 00016000 fd:01 133662                         /lib64/libgcc_s-4.4.7-20120601.so.1
3651a15000-3651a16000 rw-p 00015000 fd:01 133662                         /lib64/libgcc_s-4.4.7-20120601.so.1
3653000000-36530e8000 r-xp 00000000 fd:01 49938                          /usr/lib64/libstdc++.so.6.0.13
36530e8000-36532e8000 ---p 000e8000 fd:01 49938                          /usr/lib64/libstdc++.so.6.0.13
36532e8000-36532ef000 r--p 000e8000 fd:01 49938                          /usr/lib64/libstdc++.so.6.0.13
36532ef000-36532f1000 rw-p 000ef000 fd:01 49938                          /usr/lib64/libstdc++.so.6.0.13
36532f1000-3653306000 rw-p 00000000 00:00 0 
3659000000-3659098000 r-xp 00000000 fd:01 4478                           /usr/lib64/libfreetype.so.6.3.22
3659098000-3659297000 ---p 00098000 fd:01 4478                           /usr/lib64/libfreetype.so.6.3.22
3659297000-365929d000 rw-p 00097000 fd:01 4478                           /usr/lib64/libfreetype.so.6.3.22
365c200000-365c216000 r-xp 00000000 fd:01 137559                         /lib64/libnsl-2.12.so
365c216000-365c415000 ---p 00016000 fd:01 137559                         /lib64/libnsl-2.12.so
365c415000-365c416000 r--p 00015000 fd:01 137559                         /lib64/libnsl-2.12.so
365c416000-365c417000 rw-p 00016000 fd:01 137559                         /lib64/libnsl-2.12.so
365c417000-365c419000 rw-p 00000000 00:00 0 
2b13040bc000-2b13040bd000 rw-p 00000000 00:00 0 
2b13040d3000-2b13040d7000 rw-p 00000000 00:00 0 
2b13040d7000-2b1304ae2000 r-xp 00000000 fd:01 23213                      /usr/lib/jvm/java-1.6.0-openjdk-1.6.0.0.x86_64/jre/lib/amd64/server/libjvm.so
2b1304ae2000-2b1304ce2000 ---p 00a0b000 fd:01 23213                      /usr/lib/jvm/java-1.6.0-openjdk-1.6.0.0.x86_64/jre/lib/amd64/server/libjvm.so
2b1304ce2000-2b1304d83000 rw-p 00a0b000 fd:01 23213                      /usr/lib/jvm/java-1.6.0-openjdk-1.6.0.0.x86_64/jre/lib/amd64/server/libjvm.so
2b1304d83000-2b1304dac000 rw-p 00000000 00:00 0 
2b1304dc2000-2b1304e45000 r-xp 00000000 fd:01 130627                     /lib64/libm-2.12.so
2b1304e45000-2b1305044000 ---p 00083000 fd:01 130627                     /lib64/libm-2.12.so
2b1305044000-2b1305045000 r--p 00082000 fd:01 130627                     /lib64/libm-2.12.so
2b1305045000-2b1305046000 rw-p 00083000 fd:01 130627                     /lib64/libm-2.12.so
2b1305046000-2b1305049000 ---p 00000000 00:00 0 
2b1305049000-2b1305147000 rw-p 00000000 00:00 0 
2b1305147000-2b1305155000 r-xp 00000000 fd:01 23207                      /usr/lib/jvm/java-1.6.0-openjdk-1.6.0.0.x86_64/jre/lib/amd64/libverify.so
2b1305155000-2b1305355000 ---p 0000e000 fd:01 23207                      /usr/lib/jvm/java-1.6.0-openjdk-1.6.0.0.x86_64/jre/lib/amd64/libverify.so
2b1305355000-2b1305357000 rw-p 0000e000 fd:01 23207                      /usr/lib/jvm/java-1.6.0-openjdk-1.6.0.0.x86_64/jre/lib/amd64/libverify.so
2b1305357000-2b1305384000 r-xp 00000000 fd:01 23159                      /usr/lib/jvm/java-1.6.0-openjdk-1.6.0.0.x86_64/jre/lib/amd64/libjava.so
2b1305384000-2b1305583000 ---p 0002d000 fd:01 23159                      /usr/lib/jvm/java-1.6.0-openjdk-1.6.0.0.x86_64/jre/lib/amd64/libjava.so
2b1305583000-2b1305587000 rw-p 0002c000 fd:01 23159                      /usr/lib/jvm/java-1.6.0-openjdk-1.6.0.0.x86_64/jre/lib/amd64/libjava.so
2b1305587000-2b1305588000 r--p 00000000 00:00 0 
2b1305588000-2b1305589000 rw-p 00000000 00:00 0 
2b1305589000-2b13055be000 r--s 00000000 fd:02 128540                     /var/db/nscd/passwd
2b13055be000-2b13055c6000 rw-s 00000000 fd:03 140                        /tmp/hsperfdata_dw07r324/24444
2b13055c6000-2b13055cd000 r-xp 00000000 fd:01 23208                      /usr/lib/jvm/java-1.6.0-openjdk-1.6.0.0.x86_64/jre/lib/amd64/libzip.so
2b13055cd000-2b13057cd000 ---p 00007000 fd:01 23208                      /usr/lib/jvm/java-1.6.0-openjdk-1.6.0.0.x86_64/jre/lib/amd64/libzip.so
2b13057cd000-2b13057ce000 rw-p 00007000 fd:01 23208                      /usr/lib/jvm/java-1.6.0-openjdk-1.6.0.0.x86_64/jre/lib/amd64/libzip.so
2b1308000000-2b1309111000 rw-p 00000000 00:00 0 
2b1309111000-2b130c000000 ---p 00000000 00:00 0 
2b130c000000-2b130c270000 rwxp 00000000 00:00 0 
2b130c270000-2b130f000000 rw-p 00000000 00:00 0 
2b130f000000-2b130f00a000 rw-p 00000000 00:00 0 
2b130f00a000-2b130f0c0000 rw-p 00000000 00:00 0 
2b130f0c0000-2b130f0cb000 rw-p 00000000 00:00 0 
2b130f0cb000-2b130f113000 rw-p 00000000 00:00 0 
2b130f113000-2b130f475000 rw-p 00000000 00:00 0 
2b130f475000-2b130f4bd000 rw-p 00000000 00:00 0 
2b130f4bd000-2b130f4be000 ---p 00000000 00:00 0 
2b130f4be000-2b130f5be000 rw-p 00000000 00:00 0 
2b130f5be000-2b130f5bf000 ---p 00000000 00:00 0 
2b130f5bf000-2b130f6bf000 rw-p 00000000 00:00 0 
2b130f6bf000-2b130f6c0000 ---p 00000000 00:00 0 
2b130f6c0000-2b130f7c0000 rw-p 00000000 00:00 0 
2b130f7c0000-2b130f7c1000 ---p 00000000 00:00 0 
2b130f7c1000-2b130f8c1000 rw-p 00000000 00:00 0 
2b130f8c1000-2b130f8c2000 ---p 00000000 00:00 0 
2b130f8c2000-2b130f9c2000 rw-p 00000000 00:00 0 
2b130f9c2000-2b130f9c3000 ---p 00000000 00:00 0 
2b130f9c3000-2b130fac3000 rw-p 00000000 00:00 0 
2b130fac3000-2b130fac4000 ---p 00000000 00:00 0 
2b130fac4000-2b130fbc4000 rw-p 00000000 00:00 0 
2b130fbc4000-2b130fbc5000 ---p 00000000 00:00 0 
2b130fbc5000-2b130fcc5000 rw-p 00000000 00:00 0 
2b1310000000-2b1310021000 rw-p 00000000 00:00 0 
2b1310021000-2b1314000000 ---p 00000000 00:00 0 
2b1318000000-2b1318021000 rw-p 00000000 00:00 0 
2b1318021000-2b131c000000 ---p 00000000 00:00 0 
2b131c000000-2b131eea4000 rw-p 00000000 00:00 0 
2b131eea4000-2b131f03a000 r--s 01a15000 fd:01 23288                      /usr/lib/jvm/java-1.6.0-openjdk-1.6.0.0.x86_64/jre/lib/rt.jar
2b131f03a000-2b131ff20000 rw-p 00000000 00:00 0 
2b1320000000-2b1320021000 rw-p 00000000 00:00 0 
2b1320021000-2b1324000000 ---p 00000000 00:00 0 
2b1324000000-2b1324d91000 rw-p 00000000 00:00 0 
2b1324d91000-2b1324d92000 ---p 00000000 00:00 0 
2b1324d92000-2b1324e92000 rw-p 00000000 00:00 0 
2b1328000000-2b1328021000 rw-p 00000000 00:00 0 
2b1328021000-2b132c000000 ---p 00000000 00:00 0 
2b1330000000-2b1330021000 rw-p 00000000 00:00 0 
2b1330021000-2b1334000000 ---p 00000000 00:00 0 
2b1338000000-2b1338021000 rw-p 00000000 00:00 0 
2b1338021000-2b133c000000 ---p 00000000 00:00 0 
2b1340000000-2b1340021000 rw-p 00000000 00:00 0 
2b1340021000-2b1344000000 ---p 00000000 00:00 0 
2b1348000000-2b1348021000 rw-p 00000000 00:00 0 
2b1348021000-2b134c000000 ---p 00000000 00:00 0 
2b134c000000-2b134c021000 rw-p 00000000 00:00 0 
2b134c021000-2b1350000000 ---p 00000000 00:00 0 
2b1350000000-2b1350003000 ---p 00000000 00:00 0 
2b1350003000-2b1350101000 rw-p 00000000 00:00 0 
2b1350101000-2b1350104000 ---p 00000000 00:00 0 
2b1350104000-2b1350202000 rw-p 00000000 00:00 0 
2b1354000000-2b1354021000 rw-p 00000000 00:00 0 
2b1354021000-2b1358000000 ---p 00000000 00:00 0 
2b1358000000-2b1358021000 rw-p 00000000 00:00 0 
2b1358021000-2b135c000000 ---p 00000000 00:00 0 
2b135c000000-2b1361e91000 r--p 00000000 fd:01 49935                      /usr/lib/locale/locale-archive
2b1361e91000-2b1361e94000 ---p 00000000 00:00 0 
2b1361e94000-2b1361f92000 rw-p 00000000 00:00 0 
2b1361f92000-2b1361f95000 ---p 00000000 00:00 0 
2b1361f95000-2b1362093000 rw-p 00000000 00:00 0 
2b1362093000-2b1362096000 ---p 00000000 00:00 0 
2b1362096000-2b1362194000 rw-p 00000000 00:00 0 
2b1362194000-2b1362197000 ---p 00000000 00:00 0 
2b1362197000-2b1362295000 rw-p 00000000 00:00 0 
2b1362295000-2b1362296000 ---p 00000000 00:00 0 
2b1362296000-2b1362396000 rw-p 00000000 00:00 0 
2b1362396000-2b1362398000 r--s 00009000 00:35 125760574                  /mmfs/automount/gpfs/homefs/sm/dw07r324/bin/GOAL-20140808/lib/jpf-boot.jar
2b1362398000-2b136239b000 r--s 0000f000 fd:01 23233                      /usr/lib/jvm/java-1.6.0-openjdk-1.6.0.0.x86_64/jre/lib/ext/pulse-java.jar
2b136239b000-2b13623a4000 r--s 00065000 fd:01 23228                      /usr/lib/jvm/java-1.6.0-openjdk-1.6.0.0.x86_64/jre/lib/ext/gnome-java-bridge.jar
2b13623a4000-2b13623a6000 r--s 00009000 00:35 125760574                  /mmfs/automount/gpfs/homefs/sm/dw07r324/bin/GOAL-20140808/lib/jpf-boot.jar
2b13623a6000-2b13623aa000 r--s 0003c000 fd:01 14238                      /usr/lib/jvm/java-1.6.0-openjdk-1.6.0.0.x86_64/jre/lib/jsse.jar
2b13623aa000-2b13623af000 r--s 0002d000 00:35 125760577                  /mmfs/automount/gpfs/homefs/sm/dw07r324/bin/GOAL-20140808/lib/jpf.jar
2b13623af000-2b13623b1000 r--s 0000d000 00:35 125760571                  /mmfs/automount/gpfs/homefs/sm/dw07r324/bin/GOAL-20140808/lib/commons-logging.jar
2b13623b1000-2b13623b3000 r--s 00012000 00:35 125760576                  /mmfs/automount/gpfs/homefs/sm/dw07r324/bin/GOAL-20140808/lib/jpf-tools.jar
2b13623b3000-2b13623ba000 r--s 00039000 00:35 125760578                  /mmfs/automount/gpfs/homefs/sm/dw07r324/bin/GOAL-20140808/lib/jxp.jar
2b13623ba000-2b13623bc000 r--s 00004000 00:35 125760570                  /mmfs/automount/gpfs/homefs/sm/dw07r324/bin/GOAL-20140808/lib/AppleJavaExtensions.jar
2b13623bc000-2b13623c1000 r--s 0002a000 00:35 125760572                  /mmfs/automount/gpfs/homefs/sm/dw07r324/bin/GOAL-20140808/lib/gson-2.2.2.jar
2b13623c1000-2b13623c4000 r--s 0001a000 00:35 125760579                  /mmfs/automount/gpfs/homefs/sm/dw07r324/bin/GOAL-20140808/lib/minijdd_104.jar
2b13623c4000-2b13623e7000 r--s 0022d000 00:35 85305182                   /mmfs/automount/gpfs/homefs/sm/dw07r324/bin/GOAL-20140808/.jpf-shadow/org.svvrl.goal.core@2014.8.8.zip
2b13623e7000-2b136248a000 r-xp 00000000 fd:01 13434                      /usr/lib/jvm/java-1.6.0-openjdk-1.6.0.0.x86_64/jre/lib/amd64/libawt.so
2b136248a000-2b136268a000 ---p 000a3000 fd:01 13434                      /usr/lib/jvm/java-1.6.0-openjdk-1.6.0.0.x86_64/jre/lib/amd64/libawt.so
2b136268a000-2b1362696000 rw-p 000a3000 fd:01 13434                      /usr/lib/jvm/java-1.6.0-openjdk-1.6.0.0.x86_64/jre/lib/amd64/libawt.so
2b1362696000-2b13626ba000 rw-p 00000000 00:00 0 
2b13626ba000-2b13626c0000 r-xp 00000000 fd:01 8525                       /usr/lib/jvm/java-1.6.0-openjdk-1.6.0.0.x86_64/jre/lib/amd64/headless/libmawt.so
2b13626c0000-2b13628bf000 ---p 00006000 fd:01 8525                       /usr/lib/jvm/java-1.6.0-openjdk-1.6.0.0.x86_64/jre/lib/amd64/headless/libmawt.so
2b13628bf000-2b13628c0000 rw-p 00005000 fd:01 8525                       /usr/lib/jvm/java-1.6.0-openjdk-1.6.0.0.x86_64/jre/lib/amd64/headless/libmawt.so
2b13628c0000-2b13628db000 r--s 0029a000 00:35 50993381                   /mmfs/automount/gpfs/homefs/sm/dw07r324/bin/GOAL-20140808/.jpf-shadow/org.svvrl.goal.gui@2014.8.8.zip
2b13628db000-2b1362928000 r-xp 00000000 fd:01 13546                      /usr/lib/jvm/java-1.6.0-openjdk-1.6.0.0.x86_64/jre/lib/amd64/libfontmanager.so
2b1362928000-2b1362b28000 ---p 0004d000 fd:01 13546                      /usr/lib/jvm/java-1.6.0-openjdk-1.6.0.0.x86_64/jre/lib/amd64/libfontmanager.so
2b1362b28000-2b1362b2b000 rw-p 0004d000 fd:01 13546                      /usr/lib/jvm/java-1.6.0-openjdk-1.6.0.0.x86_64/jre/lib/amd64/libfontmanager.so
2b1362b2b000-2b1362b2e000 ---p 00000000 00:00 0 
2b1362b2e000-2b1362c2c000 rw-p 00000000 00:00 0 
2b1362c2c000-2b1362c33000 r--s 00000000 fd:02 1513                       /var/cache/fontconfig/12b26b760a24f8b4feb03ad48a333a72-le64.cache-3
2b1362c33000-2b1362c3c000 r--s 00000000 fd:02 1443                       /var/cache/fontconfig/b79f3aaa7d385a141ab53ec885cc22a8-le64.cache-3
2b1362c3c000-2b1362c40000 r--s 00000000 fd:02 1132                       /var/cache/fontconfig/87f5e051180a7a75f16eb6fe7dbd3749-le64.cache-3
2b1362c40000-2b1362c56000 r-xp 00000000 fd:01 23199                      /usr/lib/jvm/java-1.6.0-openjdk-1.6.0.0.x86_64/jre/lib/amd64/libnet.so
2b1362c56000-2b1362e55000 ---p 00016000 fd:01 23199                      /usr/lib/jvm/java-1.6.0-openjdk-1.6.0.0.x86_64/jre/lib/amd64/libnet.so
2b1362e55000-2b1362e56000 rw-p 00015000 fd:01 23199                      /usr/lib/jvm/java-1.6.0-openjdk-1.6.0.0.x86_64/jre/lib/amd64/libnet.so
2b1362e56000-2b1362e5e000 r-xp 00000000 fd:01 23200                      /usr/lib/jvm/java-1.6.0-openjdk-1.6.0.0.x86_64/jre/lib/amd64/libnio.so
2b1362e5e000-2b136305d000 ---p 00008000 fd:01 23200                      /usr/lib/jvm/java-1.6.0-openjdk-1.6.0.0.x86_64/jre/lib/amd64/libnio.so
2b136305d000-2b136305e000 rw-p 00007000 fd:01 23200                      /usr/lib/jvm/java-1.6.0-openjdk-1.6.0.0.x86_64/jre/lib/amd64/libnio.so
2b136305e000-2b1363065000 r--s 00000000 fd:02 1513                       /var/cache/fontconfig/12b26b760a24f8b4feb03ad48a333a72-le64.cache-3
2b1363065000-2b136306e000 r--s 00000000 fd:02 1443                       /var/cache/fontconfig/b79f3aaa7d385a141ab53ec885cc22a8-le64.cache-3
2b136306e000-2b1363072000 r--s 00000000 fd:02 1132                       /var/cache/fontconfig/87f5e051180a7a75f16eb6fe7dbd3749-le64.cache-3
2b1363072000-2b1363074000 rw-p 00000000 00:00 0 
2b1364000000-2b1364021000 rw-p 00000000 00:00 0 
2b1364021000-2b1368000000 ---p 00000000 00:00 0 
2b1368000000-2b1369274000 rw-p 00000000 00:00 0 
2b1369274000-2b136c000000 ---p 00000000 00:00 0 
2b136c000000-2b136cb8b000 rw-p 00000000 00:00 0 
2b136cb8b000-2b1370000000 ---p 00000000 00:00 0 
2b1370000000-2b1370021000 rw-p 00000000 00:00 0 
2b1370021000-2b1374000000 ---p 00000000 00:00 0 
2b1374000000-2b1374021000 rw-p 00000000 00:00 0 
2b1374021000-2b1378000000 ---p 00000000 00:00 0 
2b1378000000-2b1378021000 rw-p 00000000 00:00 0 
2b1378021000-2b137c000000 ---p 00000000 00:00 0 
7fff1a4c7000-7fff1a4fd000 rw-p 00000000 00:00 0                          [stack]
7fff1a5d4000-7fff1a5d5000 r-xp 00000000 00:00 0                          [vdso]
ffffffffff600000-ffffffffff601000 r-xp 00000000 00:00 0                  [vsyscall]

VM Arguments:
jvm_args: -Xmx1G -Xms1G -DapplicationRoot=/home/ubelix/sm/dw07r324/bin/GOAL-20140808 -Dorg.java.plugin.boot.pluginsRepositories=/home/ubelix/sm/dw07r324/bin/GOAL-20140808/plugins -Djpf.boot.config=/home/ubelix/sm/dw07r324/bin/GOAL-20140808/boot.properties -Dorg.apache.commons.logging.Log=org.apache.commons.logging.impl.SimpleLog -Dorg.apache.commons.logging.simplelog.log.org.java.plugin=fatal 
java_command: /home/ubelix/sm/dw07r324/bin/GOAL-20140808/lib/jpf-boot.jar complement -m piterman -eq -macc -sp -ro -r /scratch/local/8663605.1.all.q/test_set_s15/s15_t1.2_a0.5_015.gff
Launcher Type: SUN_STANDARD

Environment Variables:
CLASSPATH=/home/ubelix/sm/dw07r324/bin/GOAL-20140808:/home/ubelix/sm/dw07r324/bin/GOAL-20140808/plugins:/home/ubelix/sm/dw07r324/bin/GOAL-20140808/lib:
PATH=/scratch/local/8663605.1.all.q:/usr/lib64/qt-3.3/bin:/usr/local/bin:/bin:/usr/bin:/usr/local/sbin:/usr/sbin:/sbin:/usr/lpp/mmfs/bin:/home/ubelix/sm/dw07r324/bin/GOAL-20140808:/home/ubelix/sm/dw07r324/bin/gnu_time/bin:/usr/lpp/mmfs/bin
LD_LIBRARY_PATH=/usr/lib/jvm/java-1.6.0-openjdk-1.6.0.0.x86_64/jre/lib/amd64/server:/usr/lib/jvm/java-1.6.0-openjdk-1.6.0.0.x86_64/jre/lib/amd64:/usr/lib/jvm/java-1.6.0-openjdk-1.6.0.0.x86_64/jre/../lib/amd64
SHELL=/bin/bash

Signal Handlers:
SIGSEGV: [libjvm.so+0x870a40], sa_mask[0]=0x7ffbfeff, sa_flags=0x10000004
SIGBUS: [libjvm.so+0x870a40], sa_mask[0]=0x7ffbfeff, sa_flags=0x10000004
SIGFPE: [libjvm.so+0x719240], sa_mask[0]=0x7ffbfeff, sa_flags=0x10000004
SIGPIPE: [libjvm.so+0x719240], sa_mask[0]=0x7ffbfeff, sa_flags=0x10000004
SIGXFSZ: [libjvm.so+0x719240], sa_mask[0]=0x7ffbfeff, sa_flags=0x10000004
SIGILL: [libjvm.so+0x719240], sa_mask[0]=0x7ffbfeff, sa_flags=0x10000004
SIGUSR1: SIG_DFL, sa_mask[0]=0x00000000, sa_flags=0x00000000
SIGUSR2: [libjvm.so+0x718d60], sa_mask[0]=0x00000000, sa_flags=0x10000004
SIGHUP: [libjvm.so+0x71bdf0], sa_mask[0]=0x7ffbfeff, sa_flags=0x10000004
SIGINT: [libjvm.so+0x71bdf0], sa_mask[0]=0x7ffbfeff, sa_flags=0x10000004
SIGTERM: [libjvm.so+0x71bdf0], sa_mask[0]=0x7ffbfeff, sa_flags=0x10000004
SIGQUIT: [libjvm.so+0x71bdf0], sa_mask[0]=0x7ffbfeff, sa_flags=0x10000004


---------------  S Y S T E M  ---------------

OS:Red Hat Enterprise Linux ComputeNode release 6.5 (Santiago)

uname:Linux 2.6.32-431.29.2.el6.x86_64 #1 SMP Sun Jul 27 15:55:46 EDT 2014 x86_64
libc:glibc 2.12 NPTL 2.12 
rlimit: STACK infinity, CORE infinity, NPROC 127431, NOFILE 4096, AS 8388608k
load average:3.65 3.63 3.62

/proc/meminfo:
MemTotal:       16331612 kB
MemFree:         5176276 kB
Buffers:           16024 kB
Cached:          5910324 kB
SwapCached:           88 kB
Active:          2855840 kB
Inactive:        3617640 kB
Active(anon):     483664 kB
Inactive(anon):    63552 kB
Active(file):    2372176 kB
Inactive(file):  3554088 kB
Unevictable:     4082900 kB
Mlocked:         4082900 kB
SwapTotal:       8388604 kB
SwapFree:        8388380 kB
Dirty:                76 kB
Writeback:             0 kB
AnonPages:       4629788 kB
Mapped:            97732 kB
Shmem:               192 kB
Slab:             373324 kB
SReclaimable:     305792 kB
SUnreclaim:        67532 kB
KernelStack:        4664 kB
PageTables:        16672 kB
NFS_Unstable:          0 kB
Bounce:                0 kB
WritebackTmp:          0 kB
CommitLimit:    16554408 kB
Committed_AS:    6810756 kB
VmallocTotal:   34359738367 kB
VmallocUsed:      108380 kB
VmallocChunk:   34351234244 kB
HardwareCorrupted:     0 kB
AnonHugePages:         0 kB
HugePages_Total:       0
HugePages_Free:        0
HugePages_Rsvd:        0
HugePages_Surp:        0
Hugepagesize:       2048 kB
DirectMap4k:        9920 kB
DirectMap2M:     2086912 kB
DirectMap1G:    14680064 kB


CPU:total 8 (4 cores per cpu, 1 threads per core) family 16 model 2 stepping 3, cmov, cx8, fxsr, mmx, sse, sse2, sse3, popcnt, mmxext, 3dnowpref, lzcnt, sse4a, tsc, tscinvbit, tscinv

/proc/cpuinfo:
processor	: 0
vendor_id	: AuthenticAMD
cpu family	: 16
model		: 2
model name	: Quad-Core AMD Opteron(tm) Processor 2354
stepping	: 3
cpu MHz		: 2200.000
cache size	: 512 KB
physical id	: 0
siblings	: 4
core id		: 0
cpu cores	: 4
apicid		: 0
initial apicid	: 0
fpu		: yes
fpu_exception	: yes
cpuid level	: 5
wp		: yes
flags		: fpu vme de pse tsc msr pae mce cx8 apic sep mtrr pge mca cmov pat pse36 clflush mmx fxsr sse sse2 ht syscall nx mmxext fxsr_opt pdpe1gb rdtscp lm 3dnowext 3dnow constant_tsc rep_good nonstop_tsc extd_apicid pni monitor cx16 popcnt lahf_lm cmp_legacy svm extapic cr8_legacy abm sse4a misalignsse 3dnowprefetch osvw ibs npt lbrv svm_lock
bogomips	: 4422.88
TLB size	: 1024 4K pages
clflush size	: 64
cache_alignment	: 64
address sizes	: 48 bits physical, 48 bits virtual
power management: ts ttp tm stc 100mhzsteps hwpstate

processor	: 1
vendor_id	: AuthenticAMD
cpu family	: 16
model		: 2
model name	: Quad-Core AMD Opteron(tm) Processor 2354
stepping	: 3
cpu MHz		: 2200.000
cache size	: 512 KB
physical id	: 0
siblings	: 4
core id		: 1
cpu cores	: 4
apicid		: 1
initial apicid	: 1
fpu		: yes
fpu_exception	: yes
cpuid level	: 5
wp		: yes
flags		: fpu vme de pse tsc msr pae mce cx8 apic sep mtrr pge mca cmov pat pse36 clflush mmx fxsr sse sse2 ht syscall nx mmxext fxsr_opt pdpe1gb rdtscp lm 3dnowext 3dnow constant_tsc rep_good nonstop_tsc extd_apicid pni monitor cx16 popcnt lahf_lm cmp_legacy svm extapic cr8_legacy abm sse4a misalignsse 3dnowprefetch osvw ibs npt lbrv svm_lock
bogomips	: 4422.88
TLB size	: 1024 4K pages
clflush size	: 64
cache_alignment	: 64
address sizes	: 48 bits physical, 48 bits virtual
power management: ts ttp tm stc 100mhzsteps hwpstate

processor	: 2
vendor_id	: AuthenticAMD
cpu family	: 16
model		: 2
model name	: Quad-Core AMD Opteron(tm) Processor 2354
stepping	: 3
cpu MHz		: 2200.000
cache size	: 512 KB
physical id	: 0
siblings	: 4
core id		: 2
cpu cores	: 4
apicid		: 2
initial apicid	: 2
fpu		: yes
fpu_exception	: yes
cpuid level	: 5
wp		: yes
flags		: fpu vme de pse tsc msr pae mce cx8 apic sep mtrr pge mca cmov pat pse36 clflush mmx fxsr sse sse2 ht syscall nx mmxext fxsr_opt pdpe1gb rdtscp lm 3dnowext 3dnow constant_tsc rep_good nonstop_tsc extd_apicid pni monitor cx16 popcnt lahf_lm cmp_legacy svm extapic cr8_legacy abm sse4a misalignsse 3dnowprefetch osvw ibs npt lbrv svm_lock
bogomips	: 4422.88
TLB size	: 1024 4K pages
clflush size	: 64
cache_alignment	: 64
address sizes	: 48 bits physical, 48 bits virtual
power management: ts ttp tm stc 100mhzsteps hwpstate

processor	: 3
vendor_id	: AuthenticAMD
cpu family	: 16
model		: 2
model name	: Quad-Core AMD Opteron(tm) Processor 2354
stepping	: 3
cpu MHz		: 2200.000
cache size	: 512 KB
physical id	: 0
siblings	: 4
core id		: 3
cpu cores	: 4
apicid		: 3
initial apicid	: 3
fpu		: yes
fpu_exception	: yes
cpuid level	: 5
wp		: yes
flags		: fpu vme de pse tsc msr pae mce cx8 apic sep mtrr pge mca cmov pat pse36 clflush mmx fxsr sse sse2 ht syscall nx mmxext fxsr_opt pdpe1gb rdtscp lm 3dnowext 3dnow constant_tsc rep_good nonstop_tsc extd_apicid pni monitor cx16 popcnt lahf_lm cmp_legacy svm extapic cr8_legacy abm sse4a misalignsse 3dnowprefetch osvw ibs npt lbrv svm_lock
bogomips	: 4422.88
TLB size	: 1024 4K pages
clflush size	: 64
cache_alignment	: 64
address sizes	: 48 bits physical, 48 bits virtual
power management: ts ttp tm stc 100mhzsteps hwpstate

processor	: 4
vendor_id	: AuthenticAMD
cpu family	: 16
model		: 2
model name	: Quad-Core AMD Opteron(tm) Processor 2354
stepping	: 3
cpu MHz		: 2200.000
cache size	: 512 KB
physical id	: 1
siblings	: 4
core id		: 0
cpu cores	: 4
apicid		: 4
initial apicid	: 4
fpu		: yes
fpu_exception	: yes
cpuid level	: 5
wp		: yes
flags		: fpu vme de pse tsc msr pae mce cx8 apic sep mtrr pge mca cmov pat pse36 clflush mmx fxsr sse sse2 ht syscall nx mmxext fxsr_opt pdpe1gb rdtscp lm 3dnowext 3dnow constant_tsc rep_good nonstop_tsc extd_apicid pni monitor cx16 popcnt lahf_lm cmp_legacy svm extapic cr8_legacy abm sse4a misalignsse 3dnowprefetch osvw ibs npt lbrv svm_lock
bogomips	: 4422.23
TLB size	: 1024 4K pages
clflush size	: 64
cache_alignment	: 64
address sizes	: 48 bits physical, 48 bits virtual
power management: ts ttp tm stc 100mhzsteps hwpstate

processor	: 5
vendor_id	: AuthenticAMD
cpu family	: 16
model		: 2
model name	: Quad-Core AMD Opteron(tm) Processor 2354
stepping	: 3
cpu MHz		: 2200.000
cache size	: 512 KB
physical id	: 1
siblings	: 4
core id		: 1
cpu cores	: 4
apicid		: 5
initial apicid	: 5
fpu		: yes
fpu_exception	: yes
cpuid level	: 5
wp		: yes
flags		: fpu vme de pse tsc msr pae mce cx8 apic sep mtrr pge mca cmov pat pse36 clflush mmx fxsr sse sse2 ht syscall nx mmxext fxsr_opt pdpe1gb rdtscp lm 3dnowext 3dnow constant_tsc rep_good nonstop_tsc extd_apicid pni monitor cx16 popcnt lahf_lm cmp_legacy svm extapic cr8_legacy abm sse4a misalignsse 3dnowprefetch osvw ibs npt lbrv svm_lock
bogomips	: 4422.23
TLB size	: 1024 4K pages
clflush size	: 64
cache_alignment	: 64
address sizes	: 48 bits physical, 48 bits virtual
power management: ts ttp tm stc 100mhzsteps hwpstate

processor	: 6
vendor_id	: AuthenticAMD
cpu family	: 16
model		: 2
model name	: Quad-Core AMD Opteron(tm) Processor 2354
stepping	: 3
cpu MHz		: 2200.000
cache size	: 512 KB
physical id	: 1
siblings	: 4
core id		: 2
cpu cores	: 4
apicid		: 6
initial apicid	: 6
fpu		: yes
fpu_exception	: yes
cpuid level	: 5
wp		: yes
flags		: fpu vme de pse tsc msr pae mce cx8 apic sep mtrr pge mca cmov pat pse36 clflush mmx fxsr sse sse2 ht syscall nx mmxext fxsr_opt pdpe1gb rdtscp lm 3dnowext 3dnow constant_tsc rep_good nonstop_tsc extd_apicid pni monitor cx16 popcnt lahf_lm cmp_legacy svm extapic cr8_legacy abm sse4a misalignsse 3dnowprefetch osvw ibs npt lbrv svm_lock
bogomips	: 4422.23
TLB size	: 1024 4K pages
clflush size	: 64
cache_alignment	: 64
address sizes	: 48 bits physical, 48 bits virtual
power management: ts ttp tm stc 100mhzsteps hwpstate

processor	: 7
vendor_id	: AuthenticAMD
cpu family	: 16
model		: 2
model name	: Quad-Core AMD Opteron(tm) Processor 2354
stepping	: 3
cpu MHz		: 2200.000
cache size	: 512 KB
physical id	: 1
siblings	: 4
core id		: 3
cpu cores	: 4
apicid		: 7
initial apicid	: 7
fpu		: yes
fpu_exception	: yes
cpuid level	: 5
wp		: yes
flags		: fpu vme de pse tsc msr pae mce cx8 apic sep mtrr pge mca cmov pat pse36 clflush mmx fxsr sse sse2 ht syscall nx mmxext fxsr_opt pdpe1gb rdtscp lm 3dnowext 3dnow constant_tsc rep_good nonstop_tsc extd_apicid pni monitor cx16 popcnt lahf_lm cmp_legacy svm extapic cr8_legacy abm sse4a misalignsse 3dnowprefetch osvw ibs npt lbrv svm_lock
bogomips	: 4422.23
TLB size	: 1024 4K pages
clflush size	: 64
cache_alignment	: 64
address sizes	: 48 bits physical, 48 bits virtual
power management: ts ttp tm stc 100mhzsteps hwpstate



Memory: 4k page, physical 16331612k(5176276k free), swap 8388604k(8388380k free)

vm_info: OpenJDK 64-Bit Server VM (23.25-b01) for linux-amd64 JRE (1.6.0_32-b32), built on Aug 21 2014 11:15:48 by "mockbuild" with gcc 4.4.7 20120313 (Red Hat 4.4.7-4)

time: Tue Sep 23 01:51:25 2014
elapsed time: 2 seconds

