#
# A fatal error has been detected by the Java Runtime Environment:
#
#  SIGBUS (0x7) at pc=0x00002b37cf48c522, pid=31127, tid=47518696113920
#
# JRE version: 6.0_32-b32
# Java VM: OpenJDK 64-Bit Server VM (23.25-b01 mixed mode linux-amd64 compressed oops)
# Problematic frame:
# C  [libzip.so+0x4522]  ZIP_Lock+0x252
#
# Core dump written. Default location: /mmfs/automount/gpfs/homefs/sm/dw07r324/jobs/piterman.eq.macc.sp.ro.r/core or core.31127
#
# If you would like to submit a bug report, please include
# instructions how to reproduce the bug and visit:
#   http://icedtea.classpath.org/bugzilla
# The crash happened outside the Java Virtual Machine in native code.
# See problematic frame for where to report the bug.
#

---------------  T H R E A D  ---------------

Current thread (0x00002b37d0008000):  JavaThread "main" [_thread_in_native, id=31128, stack(0x00002b37cef08000,0x00002b37cf009000)]

siginfo:si_signo=SIGBUS: si_errno=0, si_code=2 (BUS_ADRERR), si_addr=0x00002b38128d19f1

Registers:
RAX=0x00002b37d0fb4070, RBX=0x00002b38128d19d4, RCX=0x00002b37d0fb4060, RDX=0x00002b37d0000040
RSP=0x00002b37cf0055f0, RBP=0x00002b37cf005630, RSI=0x00002b37d0000038, RDI=0x0000000000000000
R8 =0x0000000000000003, R9 =0x0000000000000010, R10=0x0000000000000040, R11=0x00002b37ce738660
R12=0x00002b37d0fb4070, R13=0x00002b37d0e6d080, R14=0x00002b37cf0056a0, R15=0x00002b37d0fb4070
RIP=0x00002b37cf48c522, EFLAGS=0x0000000000010206, CSGSFS=0x0000000000000033, ERR=0x0000000000000004
  TRAPNO=0x000000000000000e

Top of Stack: (sp=0x00002b37cf0055f0)
0x00002b37cf0055f0:   00002b37d0ed64d0 00002b37ce68205e
0x00002b37cf005600:   0000000000000293 00002b37d0f2ddd4
0x00002b37cf005610:   00002b37d0e6d080 0000000008958b12
0x00002b37cf005620:   00002b37cf0056a0 0000000000000031
0x00002b37cf005630:   00002b37cf005680 00002b37cf48cae2
0x00002b37cf005640:   00002b37d0008000 00002b37d0ed65a0
0x00002b37cf005650:   00002b37cf0056c0 00002b37d00081d8
0x00002b37cf005660:   00002b37cf0056a0 0000000000000031
0x00002b37cf005670:   00002b37cf005b78 00002b37cf0056a0
0x00002b37cf005680:   00002b37cf005ae0 00002b37cf48bae4
0x00002b37cf005690:   00000031010000b3 00002b37d0e6d080
0x00002b37cf0056a0:   2f73657373616c63 727676732f67726f
0x00002b37cf0056b0:   672f6c616f672f6c 2f666572702f6975
0x00002b37cf0056c0:   61647055746e6f46 73616c632e726574
0x00002b37cf0056d0:   00002b37cf000073 0000000400000000
0x00002b37cf0056e0:   00002b37d0008c08 00000000eb644788
0x00002b37cf0056f0:   00002b37cf005720 00002b37d0008000
0x00002b37cf005700:   00000000b5cc4b00 000000000000001a
0x00002b37cf005710:   00002b37d0008000 00000000b5cc4b00
0x00002b37cf005720:   00002b37cf005780 00002b37ce4cc5f2
0x00002b37cf005730:   00002b37d0008000 00002b37cf005d90
0x00002b37cf005740:   00002b37d0008000 00002b3700000000
0x00002b37cf005750:   00002b3700000000 00000000000000bd
0x00002b37cf005760:   0000000000000000 00002b37d0008000
0x00002b37cf005770:   00002b37cf005800 00002b3700000000
0x00002b37cf005780:   00000000b5cc8c58 00002b0000000061
0x00002b37cf005790:   00000000b5bdfef5 00000000f07afe30
0x00002b37cf0057a0:   00002b37cf0057a0 00000000b5cc69cb
0x00002b37cf0057b0:   00002b37cf005800 00002b37d0008bf8
0x00002b37cf0057c0:   0000000000000000 0000000000000001
0x00002b37cf0057d0:   00002b37d0008000 ffffffffffffffff
0x00002b37cf0057e0:   00002b37cf005850 00002b37ce488a03 

Instructions: (pc=0x00002b37cf48c522)
0x00002b37cf48c502:   00 00 00 00 00 48 c7 40 30 00 00 00 00 48 c7 40
0x00002b37cf48c512:   28 00 00 00 00 8b 5b 04 49 2b 5d 28 49 03 5d 18
0x00002b37cf48c522:   44 0f b6 73 1d 0f b6 43 1c 41 c1 e6 08 41 09 c6
0x00002b37cf48c532:   0f b6 43 1e 88 45 ce 0f b6 43 1f 88 45 cf 0f b6 

Register to memory mapping:

RAX=0x00002b37d0fb4070 is an unknown value
RBX=0x00002b38128d19d4 is an unknown value
RCX=0x00002b37d0fb4060 is an unknown value
RDX=0x00002b37d0000040 is an unknown value
RSP=0x00002b37cf0055f0 is pointing into the stack for thread: 0x00002b37d0008000
RBP=0x00002b37cf005630 is pointing into the stack for thread: 0x00002b37d0008000
RSI=0x00002b37d0000038 is an unknown value
RDI=0x0000000000000000 is an unknown value
R8 =0x0000000000000003 is an unknown value
R9 =0x0000000000000010 is an unknown value
R10=0x0000000000000040 is an unknown value
R11=0x00002b37ce738660: <offset 0x79f660> in /usr/lib/jvm/java-1.6.0-openjdk-1.6.0.0.x86_64/jre/lib/amd64/server/libjvm.so at 0x00002b37cdf99000
R12=0x00002b37d0fb4070 is an unknown value
R13=0x00002b37d0e6d080 is an unknown value
R14=0x00002b37cf0056a0 is pointing into the stack for thread: 0x00002b37d0008000
R15=0x00002b37d0fb4070 is an unknown value


Stack: [0x00002b37cef08000,0x00002b37cf009000],  sp=0x00002b37cf0055f0,  free space=1013k
Native frames: (J=compiled Java code, j=interpreted, Vv=VM code, C=native code)
C  [libzip.so+0x4522]  ZIP_Lock+0x252
C  [libzip.so+0x4ae2]  ZIP_GetEntry+0xc2
C  [libzip.so+0x3ae4]  Java_java_util_zip_ZipFile_getEntry+0xc4
j  java.util.zip.ZipFile.getEntry(JLjava/lang/String;Z)J+0
j  java.util.zip.ZipFile.getEntry(Ljava/lang/String;)Ljava/util/zip/ZipEntry;+31
j  java.util.jar.JarFile.getEntry(Ljava/lang/String;)Ljava/util/zip/ZipEntry;+2
j  sun.net.www.protocol.jar.URLJarFile.getEntry(Ljava/lang/String;)Ljava/util/zip/ZipEntry;+2
j  sun.net.www.protocol.jar.JarURLConnection.connect()V+62
j  sun.net.www.protocol.jar.JarURLConnection.getInputStream()Ljava/io/InputStream;+1
j  sun.misc.URLClassPath$Loader.getResource(Ljava/lang/String;Z)Lsun/misc/Resource;+48
j  sun.misc.URLClassPath.getResource(Ljava/lang/String;Z)Lsun/misc/Resource;+53
j  java.net.URLClassLoader$1.run()Ljava/lang/Object;+26
v  ~StubRoutines::call_stub
V  [libjvm.so+0x537e3e]  AsyncGetCallTrace+0xd776e
V  [libjvm.so+0x536ad8]  AsyncGetCallTrace+0xd6408
V  [libjvm.so+0x597140]  JVM_DoPrivileged+0x400
j  java.security.AccessController.doPrivileged(Ljava/security/PrivilegedExceptionAction;Ljava/security/AccessControlContext;)Ljava/lang/Object;+0
j  java.net.URLClassLoader.findClass(Ljava/lang/String;)Ljava/lang/Class;+13
j  org.java.plugin.standard.StandardPluginClassLoader.loadLocalClass(Ljava/lang/String;ZLorg/java/plugin/standard/StandardPluginClassLoader;)Ljava/lang/Class;+97
j  org.java.plugin.standard.StandardPluginClassLoader.loadClass(Ljava/lang/String;Z)Ljava/lang/Class;+62
j  java.lang.ClassLoader.loadClass(Ljava/lang/String;)Ljava/lang/Class;+3
v  ~StubRoutines::call_stub
V  [libjvm.so+0x537e3e]  AsyncGetCallTrace+0xd776e
V  [libjvm.so+0x537222]  AsyncGetCallTrace+0xd6b52
V  [libjvm.so+0x5372f4]  AsyncGetCallTrace+0xd6c24
V  [libjvm.so+0x80084b]  JVM_handle_linux_signal+0xdf19b
V  [libjvm.so+0x800e0c]  JVM_handle_linux_signal+0xdf75c
V  [libjvm.so+0x802733]  JVM_handle_linux_signal+0xe1083
V  [libjvm.so+0x3ef00e]  ftell+0x3ef00e
V  [libjvm.so+0x533666]  AsyncGetCallTrace+0xd2f96
j  org.svvrl.goal.gui.UIPlugin.doStart()V+17
j  org.java.plugin.Plugin.start()V+8
j  org.java.plugin.PluginManager.startPlugin(Lorg/java/plugin/Plugin;)V+1
j  org.java.plugin.standard.StandardPluginManager.activatePlugin(Lorg/java/plugin/registry/PluginDescriptor;)Lorg/java/plugin/Plugin;+194
j  org.java.plugin.standard.StandardPluginManager.checkPrerequisites(Lorg/java/plugin/registry/PluginDescriptor;)V+288
j  org.java.plugin.standard.StandardPluginManager.activatePlugin(Lorg/java/plugin/registry/PluginDescriptor;)Lorg/java/plugin/Plugin;+134
j  org.java.plugin.standard.StandardPluginManager.checkPrerequisites(Lorg/java/plugin/registry/PluginDescriptor;)V+288
j  org.java.plugin.standard.StandardPluginManager.activatePlugin(Lorg/java/plugin/registry/PluginDescriptor;)Lorg/java/plugin/Plugin;+134
j  org.java.plugin.standard.StandardPluginManager.activatePlugin(Ljava/lang/String;)V+148
j  org.svvrl.goal.core.util.PluginUtil.activatePlugin(Lorg/java/plugin/PluginManager;Lorg/java/plugin/registry/Extension;)V+32
j  org.svvrl.goal.core.CorePlugin.loadComplementConstructions()V+31
j  org.svvrl.goal.core.CorePlugin.initApplication(Lorg/java/plugin/util/ExtendedProperties;[Ljava/lang/String;)Lorg/java/plugin/boot/Application;+174
j  org.java.plugin.boot.DefaultApplicationInitializer.initApplication(Lorg/java/plugin/boot/BootErrorHandler;[Ljava/lang/String;)Lorg/java/plugin/boot/Application;+530
j  org.java.plugin.boot.Boot.initApplication(Lorg/java/plugin/boot/BootErrorHandler;Lorg/java/plugin/util/ExtendedProperties;[Ljava/lang/String;)Lorg/java/plugin/boot/Application;+157
j  org.java.plugin.boot.Boot.boot(Lorg/java/plugin/util/ExtendedProperties;ZLjava/lang/String;Lorg/java/plugin/boot/BootErrorHandler;[Ljava/lang/String;)Lorg/java/plugin/boot/Application;+338
j  org.java.plugin.boot.Boot.main([Ljava/lang/String;)V+162
v  ~StubRoutines::call_stub
V  [libjvm.so+0x537e3e]  AsyncGetCallTrace+0xd776e
V  [libjvm.so+0x536ad8]  AsyncGetCallTrace+0xd6408
V  [libjvm.so+0x5452a7]  JNI_CreateJavaVM+0x12e7
V  [libjvm.so+0x55a4eb]  JNI_CreateJavaVM+0x1652b
C  [java+0x374d]  JavaMain+0xd0d

Java frames: (J=compiled Java code, j=interpreted, Vv=VM code)
j  java.util.zip.ZipFile.getEntry(JLjava/lang/String;Z)J+0
j  java.util.zip.ZipFile.getEntry(Ljava/lang/String;)Ljava/util/zip/ZipEntry;+31
j  java.util.jar.JarFile.getEntry(Ljava/lang/String;)Ljava/util/zip/ZipEntry;+2
j  sun.net.www.protocol.jar.URLJarFile.getEntry(Ljava/lang/String;)Ljava/util/zip/ZipEntry;+2
j  sun.net.www.protocol.jar.JarURLConnection.connect()V+62
j  sun.net.www.protocol.jar.JarURLConnection.getInputStream()Ljava/io/InputStream;+1
j  sun.misc.URLClassPath$Loader.getResource(Ljava/lang/String;Z)Lsun/misc/Resource;+48
j  sun.misc.URLClassPath.getResource(Ljava/lang/String;Z)Lsun/misc/Resource;+53
j  java.net.URLClassLoader$1.run()Ljava/lang/Object;+26
v  ~StubRoutines::call_stub
j  java.security.AccessController.doPrivileged(Ljava/security/PrivilegedExceptionAction;Ljava/security/AccessControlContext;)Ljava/lang/Object;+0
j  java.net.URLClassLoader.findClass(Ljava/lang/String;)Ljava/lang/Class;+13
j  org.java.plugin.standard.StandardPluginClassLoader.loadLocalClass(Ljava/lang/String;ZLorg/java/plugin/standard/StandardPluginClassLoader;)Ljava/lang/Class;+97
j  org.java.plugin.standard.StandardPluginClassLoader.loadClass(Ljava/lang/String;Z)Ljava/lang/Class;+62
j  java.lang.ClassLoader.loadClass(Ljava/lang/String;)Ljava/lang/Class;+3
v  ~StubRoutines::call_stub
j  org.svvrl.goal.gui.UIPlugin.doStart()V+17
j  org.java.plugin.Plugin.start()V+8
j  org.java.plugin.PluginManager.startPlugin(Lorg/java/plugin/Plugin;)V+1
j  org.java.plugin.standard.StandardPluginManager.activatePlugin(Lorg/java/plugin/registry/PluginDescriptor;)Lorg/java/plugin/Plugin;+194
j  org.java.plugin.standard.StandardPluginManager.checkPrerequisites(Lorg/java/plugin/registry/PluginDescriptor;)V+288
j  org.java.plugin.standard.StandardPluginManager.activatePlugin(Lorg/java/plugin/registry/PluginDescriptor;)Lorg/java/plugin/Plugin;+134
j  org.java.plugin.standard.StandardPluginManager.checkPrerequisites(Lorg/java/plugin/registry/PluginDescriptor;)V+288
j  org.java.plugin.standard.StandardPluginManager.activatePlugin(Lorg/java/plugin/registry/PluginDescriptor;)Lorg/java/plugin/Plugin;+134
j  org.java.plugin.standard.StandardPluginManager.activatePlugin(Ljava/lang/String;)V+148
j  org.svvrl.goal.core.util.PluginUtil.activatePlugin(Lorg/java/plugin/PluginManager;Lorg/java/plugin/registry/Extension;)V+32
j  org.svvrl.goal.core.CorePlugin.loadComplementConstructions()V+31
j  org.svvrl.goal.core.CorePlugin.initApplication(Lorg/java/plugin/util/ExtendedProperties;[Ljava/lang/String;)Lorg/java/plugin/boot/Application;+174
j  org.java.plugin.boot.DefaultApplicationInitializer.initApplication(Lorg/java/plugin/boot/BootErrorHandler;[Ljava/lang/String;)Lorg/java/plugin/boot/Application;+530
j  org.java.plugin.boot.Boot.initApplication(Lorg/java/plugin/boot/BootErrorHandler;Lorg/java/plugin/util/ExtendedProperties;[Ljava/lang/String;)Lorg/java/plugin/boot/Application;+157
j  org.java.plugin.boot.Boot.boot(Lorg/java/plugin/util/ExtendedProperties;ZLjava/lang/String;Lorg/java/plugin/boot/BootErrorHandler;[Ljava/lang/String;)Lorg/java/plugin/boot/Application;+338
j  org.java.plugin.boot.Boot.main([Ljava/lang/String;)V+162
v  ~StubRoutines::call_stub

---------------  P R O C E S S  ---------------

Java Threads: ( => current thread )
  0x00002b37d0f7b000 JavaThread "Java2D Disposer" daemon [_thread_blocked, id=31172, stack(0x00002b3812b2b000,0x00002b3812c2c000)]
  0x00002b37d0101800 JavaThread "Low Memory Detector" daemon [_thread_blocked, id=31144, stack(0x00002b3812194000,0x00002b3812295000)]
  0x00002b37d00ff000 JavaThread "C2 CompilerThread1" daemon [_thread_blocked, id=31143, stack(0x00002b3812093000,0x00002b3812194000)]
  0x00002b37d00fc800 JavaThread "C2 CompilerThread0" daemon [_thread_blocked, id=31142, stack(0x00002b3811f92000,0x00002b3812093000)]
  0x00002b37d00fa000 JavaThread "Signal Dispatcher" daemon [_thread_blocked, id=31141, stack(0x00002b3811e91000,0x00002b3811f92000)]
  0x00002b37d00ab800 JavaThread "Finalizer" daemon [_thread_blocked, id=31140, stack(0x00002b37fcf93000,0x00002b37fd094000)]
  0x00002b37d00a9800 JavaThread "Reference Handler" daemon [_thread_blocked, id=31139, stack(0x00002b37fce92000,0x00002b37fcf93000)]
=>0x00002b37d0008000 JavaThread "main" [_thread_in_native, id=31128, stack(0x00002b37cef08000,0x00002b37cf009000)]

Other Threads:
  0x00002b37d009a800 VMThread [stack: 0x00002b37fcd91000,0x00002b37fce92000] [id=31137]
  0x00002b37d010c800 WatcherThread [stack: 0x00002b3812295000,0x00002b3812396000] [id=31145]

VM state:not at safepoint (normal execution)

VM Mutex/Monitor currently owned by a thread: None

Heap
 PSYoungGen      total 305856K, used 99744K [0x00000000eaab0000, 0x0000000100000000, 0x0000000100000000)
  eden space 262208K, 38% used [0x00000000eaab0000,0x00000000f0c18048,0x00000000faac0000)
  from space 43648K, 0% used [0x00000000fd560000,0x00000000fd560000,0x0000000100000000)
  to   space 43648K, 0% used [0x00000000faac0000,0x00000000faac0000,0x00000000fd560000)
 ParOldGen       total 699072K, used 0K [0x00000000c0000000, 0x00000000eaab0000, 0x00000000eaab0000)
  object space 699072K, 0% used [0x00000000c0000000,0x00000000c0000000,0x00000000eaab0000)
 PSPermGen       total 21248K, used 10437K [0x00000000b5a00000, 0x00000000b6ec0000, 0x00000000c0000000)
  object space 21248K, 49% used [0x00000000b5a00000,0x00000000b6431748,0x00000000b6ec0000)

Card table byte_map: [0x00002b37d70c0000,0x00002b37d7314000] byte_map_base: 0x00002b37d6b13000

Polling page: 0x00002b37cf449000

Code Cache  [0x00002b37d4000000, 0x00002b37d4270000, 0x00002b37d7000000)
 total_blobs=447 nmethods=167 adapters=233 free_code_cache=48236Kb largest_free_block=49369344

Compilation events (10 events):
Event: 2.191 Thread 0x00002b37d00ff000 nmethod 161 0x00002b37d40d9f50 code [0x00002b37d40da0a0, 0x00002b37d40da1f8]
Event: 2.191 Thread 0x00002b37d00fc800 nmethod 162 0x00002b37d40d9d50 code [0x00002b37d40d9e80, 0x00002b37d40d9ed8]
Event: 4.326 Thread 0x00002b37d00ff000  163             java.io.BufferedInputStream::getBufIfOpen (21 bytes)
Event: 4.327 Thread 0x00002b37d00ff000 nmethod 163 0x00002b37d40d9ad0 code [0x00002b37d40d9c00, 0x00002b37d40d9c78]
Event: 4.670 Thread 0x00002b37d00fc800  164             java.util.HashSet::add (20 bytes)
Event: 4.671 Thread 0x00002b37d00fc800 nmethod 164 0x00002b37d40e5890 code [0x00002b37d40e59e0, 0x00002b37d40e5a88]
Event: 4.677 Thread 0x00002b37d00ff000    2 % !         sun.nio.cs.US_ASCII$Decoder::decodeArrayLoop @ 129 (241 bytes)
Event: 4.686 Thread 0x00002b37d00fc800    3 % !         sun.nio.cs.US_ASCII$Encoder::encodeArrayLoop @ 129 (279 bytes)
Event: 4.694 Thread 0x00002b37d00ff000 nmethod 2% 0x00002b37d40e7bd0 code [0x00002b37d40e7dc0, 0x00002b37d40e8728]
Event: 4.713 Thread 0x00002b37d00fc800 nmethod 3% 0x00002b37d40e9210 code [0x00002b37d40e9440, 0x00002b37d40e9fe8]

GC Heap History (0 events):
No events

Deoptimization events (10 events):
Event: 1.400 Thread 0x00002b37d0008000 Uncommon trap -34 fr.pc 0x00002b37d405ea30
Event: 1.651 Thread 0x00002b37d0008000 Uncommon trap -83 fr.pc 0x00002b37d40b22fc
Event: 1.818 Thread 0x00002b37d0008000 Uncommon trap -34 fr.pc 0x00002b37d409fcdc
Event: 1.818 Thread 0x00002b37d0008000 Uncommon trap -34 fr.pc 0x00002b37d409fcdc
Event: 1.819 Thread 0x00002b37d0008000 Uncommon trap -34 fr.pc 0x00002b37d409fcdc
Event: 1.819 Thread 0x00002b37d0008000 Uncommon trap -34 fr.pc 0x00002b37d409fcdc
Event: 2.224 Thread 0x00002b37d0008000 Uncommon trap -34 fr.pc 0x00002b37d40bce98
Event: 4.597 Thread 0x00002b37d0008000 Uncommon trap -34 fr.pc 0x00002b37d40bce98
Event: 4.597 Thread 0x00002b37d0008000 Uncommon trap -34 fr.pc 0x00002b37d40bce98
Event: 4.597 Thread 0x00002b37d0008000 Uncommon trap -34 fr.pc 0x00002b37d40bce98

Internal exceptions (10 events):
Event: 4.603 Thread 0x00002b37d0008000 Threw 0x00000000f0752808 at /builddir/build/BUILD/icedtea6-1.13.4/openjdk/hotspot/src/share/vm/prims/jvm.cpp:1235
Event: 4.603 Thread 0x00002b37d0008000 Threw 0x00000000f0752df8 at /builddir/build/BUILD/icedtea6-1.13.4/openjdk/hotspot/src/share/vm/prims/jvm.cpp:1235
Event: 4.603 Thread 0x00002b37d0008000 Threw 0x00000000f0754b40 at /builddir/build/BUILD/icedtea6-1.13.4/openjdk/hotspot/src/share/vm/prims/jvm.cpp:1235
Event: 4.604 Thread 0x00002b37d0008000 Threw 0x00000000f0755ed0 at /builddir/build/BUILD/icedtea6-1.13.4/openjdk/hotspot/src/share/vm/classfile/systemDictionary.cpp:179
Event: 4.604 Thread 0x00002b37d0008000 Threw 0x00000000f0756250 at /builddir/build/BUILD/icedtea6-1.13.4/openjdk/hotspot/src/share/vm/prims/jvm.cpp:1235
Event: 4.604 Thread 0x00002b37d0008000 Threw 0x00000000f0756680 at /builddir/build/BUILD/icedtea6-1.13.4/openjdk/hotspot/src/share/vm/prims/jvm.cpp:1235
Event: 4.686 Thread 0x00002b37d0008000 Threw 0x00000000f07aa6c0 at /builddir/build/BUILD/icedtea6-1.13.4/openjdk/hotspot/src/share/vm/classfile/systemDictionary.cpp:179
Event: 4.686 Thread 0x00002b37d0008000 Threw 0x00000000f07aaa08 at /builddir/build/BUILD/icedtea6-1.13.4/openjdk/hotspot/src/share/vm/prims/jvm.cpp:1235
Event: 4.686 Thread 0x00002b37d0008000 Threw 0x00000000f07aae00 at /builddir/build/BUILD/icedtea6-1.13.4/openjdk/hotspot/src/share/vm/prims/jvm.cpp:1235
Event: 4.686 Thread 0x00002b37d0008000 Threw 0x00000000f07ac7e8 at /builddir/build/BUILD/icedtea6-1.13.4/openjdk/hotspot/src/share/vm/prims/jvm.cpp:1235

Events (10 events):
Event: 4.682 loading class 0x00002b37d0f4fcc0
Event: 4.682 loading class 0x00002b37d0f4fcc0 done
Event: 4.684 loading class 0x00002b37d0f63950
Event: 4.684 loading class 0x00002b37d0f63950 done
Event: 4.684 loading class 0x00002b37d0f639f0
Event: 4.684 loading class 0x00002b37d0f639f0 done
Event: 4.685 loading class 0x00002b37d03445d0
Event: 4.685 loading class 0x00002b37d03445d0 done
Event: 4.686 loading class 0x00002b37d0319f30
Event: 4.686 loading class 0x00002b37d0319f30 done


Dynamic libraries:
00400000-00409000 r-xp 00000000 fd:01 5993                               /usr/lib/jvm/java-1.6.0-openjdk-1.6.0.0.x86_64/jre/bin/java
00608000-0060a000 rw-p 00008000 fd:01 5993                               /usr/lib/jvm/java-1.6.0-openjdk-1.6.0.0.x86_64/jre/bin/java
01bd3000-01bf4000 rw-p 00000000 00:00 0                                  [heap]
b5a00000-b6ec0000 rw-p 00000000 00:00 0 
b6ec0000-c0000000 rw-p 00000000 00:00 0 
c0000000-100000000 rw-p 00000000 00:00 0 
364f800000-364f820000 r-xp 00000000 fd:01 130582                         /lib64/ld-2.12.so
364fa1f000-364fa20000 r--p 0001f000 fd:01 130582                         /lib64/ld-2.12.so
364fa20000-364fa21000 rw-p 00020000 fd:01 130582                         /lib64/ld-2.12.so
364fa21000-364fa22000 rw-p 00000000 00:00 0 
364fc00000-364fd8a000 r-xp 00000000 fd:01 130613                         /lib64/libc-2.12.so
364fd8a000-364ff8a000 ---p 0018a000 fd:01 130613                         /lib64/libc-2.12.so
364ff8a000-364ff8e000 r--p 0018a000 fd:01 130613                         /lib64/libc-2.12.so
364ff8e000-364ff8f000 rw-p 0018e000 fd:01 130613                         /lib64/libc-2.12.so
364ff8f000-364ff94000 rw-p 00000000 00:00 0 
3650000000-3650004000 r-xp 00000000 fd:01 13573                          /usr/lib/jvm/java-1.6.0-openjdk-1.6.0.0.x86_64/jre/lib/amd64/jli/libjli.so
3650004000-3650203000 ---p 00004000 fd:01 13573                          /usr/lib/jvm/java-1.6.0-openjdk-1.6.0.0.x86_64/jre/lib/amd64/jli/libjli.so
3650203000-3650204000 rw-p 00003000 fd:01 13573                          /usr/lib/jvm/java-1.6.0-openjdk-1.6.0.0.x86_64/jre/lib/amd64/jli/libjli.so
3650400000-3650417000 r-xp 00000000 fd:01 130636                         /lib64/libpthread-2.12.so
3650417000-3650617000 ---p 00017000 fd:01 130636                         /lib64/libpthread-2.12.so
3650617000-3650618000 r--p 00017000 fd:01 130636                         /lib64/libpthread-2.12.so
3650618000-3650619000 rw-p 00018000 fd:01 130636                         /lib64/libpthread-2.12.so
3650619000-365061d000 rw-p 00000000 00:00 0 
3650800000-3650802000 r-xp 00000000 fd:01 130624                         /lib64/libdl-2.12.so
3650802000-3650a02000 ---p 00002000 fd:01 130624                         /lib64/libdl-2.12.so
3650a02000-3650a03000 r--p 00002000 fd:01 130624                         /lib64/libdl-2.12.so
3650a03000-3650a04000 rw-p 00003000 fd:01 130624                         /lib64/libdl-2.12.so
3650c00000-3650c15000 r-xp 00000000 fd:01 130638                         /lib64/libz.so.1.2.3
3650c15000-3650e14000 ---p 00015000 fd:01 130638                         /lib64/libz.so.1.2.3
3650e14000-3650e15000 r--p 00014000 fd:01 130638                         /lib64/libz.so.1.2.3
3650e15000-3650e16000 rw-p 00015000 fd:01 130638                         /lib64/libz.so.1.2.3
3651000000-3651007000 r-xp 00000000 fd:01 132701                         /lib64/librt-2.12.so
3651007000-3651206000 ---p 00007000 fd:01 132701                         /lib64/librt-2.12.so
3651206000-3651207000 r--p 00006000 fd:01 132701                         /lib64/librt-2.12.so
3651207000-3651208000 rw-p 00007000 fd:01 132701                         /lib64/librt-2.12.so
3651800000-3651816000 r-xp 00000000 fd:01 133662                         /lib64/libgcc_s-4.4.7-20120601.so.1
3651816000-3651a15000 ---p 00016000 fd:01 133662                         /lib64/libgcc_s-4.4.7-20120601.so.1
3651a15000-3651a16000 rw-p 00015000 fd:01 133662                         /lib64/libgcc_s-4.4.7-20120601.so.1
3653000000-36530e8000 r-xp 00000000 fd:01 49938                          /usr/lib64/libstdc++.so.6.0.13
36530e8000-36532e8000 ---p 000e8000 fd:01 49938                          /usr/lib64/libstdc++.so.6.0.13
36532e8000-36532ef000 r--p 000e8000 fd:01 49938                          /usr/lib64/libstdc++.so.6.0.13
36532ef000-36532f1000 rw-p 000ef000 fd:01 49938                          /usr/lib64/libstdc++.so.6.0.13
36532f1000-3653306000 rw-p 00000000 00:00 0 
3659000000-3659098000 r-xp 00000000 fd:01 4478                           /usr/lib64/libfreetype.so.6.3.22
3659098000-3659297000 ---p 00098000 fd:01 4478                           /usr/lib64/libfreetype.so.6.3.22
3659297000-365929d000 rw-p 00097000 fd:01 4478                           /usr/lib64/libfreetype.so.6.3.22
365c200000-365c216000 r-xp 00000000 fd:01 137559                         /lib64/libnsl-2.12.so
365c216000-365c415000 ---p 00016000 fd:01 137559                         /lib64/libnsl-2.12.so
365c415000-365c416000 r--p 00015000 fd:01 137559                         /lib64/libnsl-2.12.so
365c416000-365c417000 rw-p 00016000 fd:01 137559                         /lib64/libnsl-2.12.so
365c417000-365c419000 rw-p 00000000 00:00 0 
2b37cdf7e000-2b37cdf7f000 rw-p 00000000 00:00 0 
2b37cdf95000-2b37cdf99000 rw-p 00000000 00:00 0 
2b37cdf99000-2b37ce9a4000 r-xp 00000000 fd:01 23213                      /usr/lib/jvm/java-1.6.0-openjdk-1.6.0.0.x86_64/jre/lib/amd64/server/libjvm.so
2b37ce9a4000-2b37ceba4000 ---p 00a0b000 fd:01 23213                      /usr/lib/jvm/java-1.6.0-openjdk-1.6.0.0.x86_64/jre/lib/amd64/server/libjvm.so
2b37ceba4000-2b37cec45000 rw-p 00a0b000 fd:01 23213                      /usr/lib/jvm/java-1.6.0-openjdk-1.6.0.0.x86_64/jre/lib/amd64/server/libjvm.so
2b37cec45000-2b37cec6e000 rw-p 00000000 00:00 0 
2b37cec84000-2b37ced07000 r-xp 00000000 fd:01 130627                     /lib64/libm-2.12.so
2b37ced07000-2b37cef06000 ---p 00083000 fd:01 130627                     /lib64/libm-2.12.so
2b37cef06000-2b37cef07000 r--p 00082000 fd:01 130627                     /lib64/libm-2.12.so
2b37cef07000-2b37cef08000 rw-p 00083000 fd:01 130627                     /lib64/libm-2.12.so
2b37cef08000-2b37cef0b000 ---p 00000000 00:00 0 
2b37cef0b000-2b37cf009000 rw-p 00000000 00:00 0 
2b37cf009000-2b37cf017000 r-xp 00000000 fd:01 23207                      /usr/lib/jvm/java-1.6.0-openjdk-1.6.0.0.x86_64/jre/lib/amd64/libverify.so
2b37cf017000-2b37cf217000 ---p 0000e000 fd:01 23207                      /usr/lib/jvm/java-1.6.0-openjdk-1.6.0.0.x86_64/jre/lib/amd64/libverify.so
2b37cf217000-2b37cf219000 rw-p 0000e000 fd:01 23207                      /usr/lib/jvm/java-1.6.0-openjdk-1.6.0.0.x86_64/jre/lib/amd64/libverify.so
2b37cf219000-2b37cf246000 r-xp 00000000 fd:01 23159                      /usr/lib/jvm/java-1.6.0-openjdk-1.6.0.0.x86_64/jre/lib/amd64/libjava.so
2b37cf246000-2b37cf445000 ---p 0002d000 fd:01 23159                      /usr/lib/jvm/java-1.6.0-openjdk-1.6.0.0.x86_64/jre/lib/amd64/libjava.so
2b37cf445000-2b37cf449000 rw-p 0002c000 fd:01 23159                      /usr/lib/jvm/java-1.6.0-openjdk-1.6.0.0.x86_64/jre/lib/amd64/libjava.so
2b37cf449000-2b37cf44a000 r--p 00000000 00:00 0 
2b37cf44a000-2b37cf44b000 rw-p 00000000 00:00 0 
2b37cf44b000-2b37cf480000 r--s 00000000 fd:02 128540                     /var/db/nscd/passwd
2b37cf480000-2b37cf488000 rw-s 00000000 fd:03 38                         /tmp/hsperfdata_dw07r324/31127
2b37cf488000-2b37cf48f000 r-xp 00000000 fd:01 23208                      /usr/lib/jvm/java-1.6.0-openjdk-1.6.0.0.x86_64/jre/lib/amd64/libzip.so
2b37cf48f000-2b37cf68f000 ---p 00007000 fd:01 23208                      /usr/lib/jvm/java-1.6.0-openjdk-1.6.0.0.x86_64/jre/lib/amd64/libzip.so
2b37cf68f000-2b37cf690000 rw-p 00007000 fd:01 23208                      /usr/lib/jvm/java-1.6.0-openjdk-1.6.0.0.x86_64/jre/lib/amd64/libzip.so
2b37d0000000-2b37d1029000 rw-p 00000000 00:00 0 
2b37d1029000-2b37d4000000 ---p 00000000 00:00 0 
2b37d4000000-2b37d4270000 rwxp 00000000 00:00 0 
2b37d4270000-2b37d7000000 rw-p 00000000 00:00 0 
2b37d7000000-2b37d700a000 rw-p 00000000 00:00 0 
2b37d700a000-2b37d70c0000 rw-p 00000000 00:00 0 
2b37d70c0000-2b37d70cb000 rw-p 00000000 00:00 0 
2b37d70cb000-2b37d7113000 rw-p 00000000 00:00 0 
2b37d7113000-2b37d7475000 rw-p 00000000 00:00 0 
2b37d7475000-2b37d74bd000 rw-p 00000000 00:00 0 
2b37d74bd000-2b37d74be000 ---p 00000000 00:00 0 
2b37d74be000-2b37d75be000 rw-p 00000000 00:00 0 
2b37d75be000-2b37d75bf000 ---p 00000000 00:00 0 
2b37d75bf000-2b37d76bf000 rw-p 00000000 00:00 0 
2b37d76bf000-2b37d76c0000 ---p 00000000 00:00 0 
2b37d76c0000-2b37d77c0000 rw-p 00000000 00:00 0 
2b37d77c0000-2b37d77c1000 ---p 00000000 00:00 0 
2b37d77c1000-2b37d78c1000 rw-p 00000000 00:00 0 
2b37d78c1000-2b37d78c2000 ---p 00000000 00:00 0 
2b37d78c2000-2b37d79c2000 rw-p 00000000 00:00 0 
2b37d79c2000-2b37d79c3000 ---p 00000000 00:00 0 
2b37d79c3000-2b37d7ac3000 rw-p 00000000 00:00 0 
2b37d7ac3000-2b37d7ac4000 ---p 00000000 00:00 0 
2b37d7ac4000-2b37d7bc4000 rw-p 00000000 00:00 0 
2b37d7bc4000-2b37d7bc5000 ---p 00000000 00:00 0 
2b37d7bc5000-2b37d7cc5000 rw-p 00000000 00:00 0 
2b37d8000000-2b37d8021000 rw-p 00000000 00:00 0 
2b37d8021000-2b37dc000000 ---p 00000000 00:00 0 
2b37dc000000-2b37dc021000 rw-p 00000000 00:00 0 
2b37dc021000-2b37e0000000 ---p 00000000 00:00 0 
2b37e0000000-2b37e0021000 rw-p 00000000 00:00 0 
2b37e0021000-2b37e4000000 ---p 00000000 00:00 0 
2b37e4000000-2b37e4021000 rw-p 00000000 00:00 0 
2b37e4021000-2b37e8000000 ---p 00000000 00:00 0 
2b37e8000000-2b37e8021000 rw-p 00000000 00:00 0 
2b37e8021000-2b37ec000000 ---p 00000000 00:00 0 
2b37ec000000-2b37ec021000 rw-p 00000000 00:00 0 
2b37ec021000-2b37f0000000 ---p 00000000 00:00 0 
2b37f0000000-2b37f2ea4000 rw-p 00000000 00:00 0 
2b37f2ea4000-2b37f303a000 r--s 01a15000 fd:01 23288                      /usr/lib/jvm/java-1.6.0-openjdk-1.6.0.0.x86_64/jre/lib/rt.jar
2b37f303a000-2b37f3f20000 rw-p 00000000 00:00 0 
2b37f4000000-2b37f4021000 rw-p 00000000 00:00 0 
2b37f4021000-2b37f8000000 ---p 00000000 00:00 0 
2b37f8000000-2b37f8021000 rw-p 00000000 00:00 0 
2b37f8021000-2b37fc000000 ---p 00000000 00:00 0 
2b37fc000000-2b37fcd91000 rw-p 00000000 00:00 0 
2b37fcd91000-2b37fcd92000 ---p 00000000 00:00 0 
2b37fcd92000-2b37fce92000 rw-p 00000000 00:00 0 
2b37fce92000-2b37fce95000 ---p 00000000 00:00 0 
2b37fce95000-2b37fcf93000 rw-p 00000000 00:00 0 
2b37fcf93000-2b37fcf96000 ---p 00000000 00:00 0 
2b37fcf96000-2b37fd094000 rw-p 00000000 00:00 0 
2b3800000000-2b3800021000 rw-p 00000000 00:00 0 
2b3800021000-2b3804000000 ---p 00000000 00:00 0 
2b3804000000-2b3804021000 rw-p 00000000 00:00 0 
2b3804021000-2b3808000000 ---p 00000000 00:00 0 
2b3808000000-2b3808021000 rw-p 00000000 00:00 0 
2b3808021000-2b380c000000 ---p 00000000 00:00 0 
2b380c000000-2b3811e91000 r--p 00000000 fd:01 49935                      /usr/lib/locale/locale-archive
2b3811e91000-2b3811e94000 ---p 00000000 00:00 0 
2b3811e94000-2b3811f92000 rw-p 00000000 00:00 0 
2b3811f92000-2b3811f95000 ---p 00000000 00:00 0 
2b3811f95000-2b3812093000 rw-p 00000000 00:00 0 
2b3812093000-2b3812096000 ---p 00000000 00:00 0 
2b3812096000-2b3812194000 rw-p 00000000 00:00 0 
2b3812194000-2b3812197000 ---p 00000000 00:00 0 
2b3812197000-2b3812295000 rw-p 00000000 00:00 0 
2b3812295000-2b3812296000 ---p 00000000 00:00 0 
2b3812296000-2b3812396000 rw-p 00000000 00:00 0 
2b3812396000-2b3812398000 r--s 00009000 00:35 125760574                  /mmfs/automount/gpfs/homefs/sm/dw07r324/bin/GOAL-20140808/lib/jpf-boot.jar
2b3812398000-2b381239b000 r--s 0000f000 fd:01 23233                      /usr/lib/jvm/java-1.6.0-openjdk-1.6.0.0.x86_64/jre/lib/ext/pulse-java.jar
2b381239b000-2b38123a4000 r--s 00065000 fd:01 23228                      /usr/lib/jvm/java-1.6.0-openjdk-1.6.0.0.x86_64/jre/lib/ext/gnome-java-bridge.jar
2b38123a4000-2b38123a6000 r--s 00009000 00:35 125760574                  /mmfs/automount/gpfs/homefs/sm/dw07r324/bin/GOAL-20140808/lib/jpf-boot.jar
2b38123a6000-2b38123aa000 r--s 0003c000 fd:01 14238                      /usr/lib/jvm/java-1.6.0-openjdk-1.6.0.0.x86_64/jre/lib/jsse.jar
2b38123aa000-2b38123af000 r--s 0002d000 00:35 125760577                  /mmfs/automount/gpfs/homefs/sm/dw07r324/bin/GOAL-20140808/lib/jpf.jar
2b38123af000-2b38123b1000 r--s 0000d000 00:35 125760571                  /mmfs/automount/gpfs/homefs/sm/dw07r324/bin/GOAL-20140808/lib/commons-logging.jar
2b38123b1000-2b38123b3000 r--s 00012000 00:35 125760576                  /mmfs/automount/gpfs/homefs/sm/dw07r324/bin/GOAL-20140808/lib/jpf-tools.jar
2b38123b3000-2b38123ba000 r--s 00039000 00:35 125760578                  /mmfs/automount/gpfs/homefs/sm/dw07r324/bin/GOAL-20140808/lib/jxp.jar
2b38123ba000-2b38123bc000 r--s 00004000 00:35 125760570                  /mmfs/automount/gpfs/homefs/sm/dw07r324/bin/GOAL-20140808/lib/AppleJavaExtensions.jar
2b38123bc000-2b38123c1000 r--s 0002a000 00:35 125760572                  /mmfs/automount/gpfs/homefs/sm/dw07r324/bin/GOAL-20140808/lib/gson-2.2.2.jar
2b38123c1000-2b38123c4000 r--s 0001a000 00:35 125760579                  /mmfs/automount/gpfs/homefs/sm/dw07r324/bin/GOAL-20140808/lib/minijdd_104.jar
2b38123c4000-2b38123e7000 r--s 0022d000 00:35 115393542                  /mmfs/automount/gpfs/homefs/sm/dw07r324/bin/GOAL-20140808/.jpf-shadow/org.svvrl.goal.core@2014.8.8.zip (deleted)
2b38123e7000-2b381248a000 r-xp 00000000 fd:01 13434                      /usr/lib/jvm/java-1.6.0-openjdk-1.6.0.0.x86_64/jre/lib/amd64/libawt.so
2b381248a000-2b381268a000 ---p 000a3000 fd:01 13434                      /usr/lib/jvm/java-1.6.0-openjdk-1.6.0.0.x86_64/jre/lib/amd64/libawt.so
2b381268a000-2b3812696000 rw-p 000a3000 fd:01 13434                      /usr/lib/jvm/java-1.6.0-openjdk-1.6.0.0.x86_64/jre/lib/amd64/libawt.so
2b3812696000-2b38126ba000 rw-p 00000000 00:00 0 
2b38126ba000-2b38126c0000 r-xp 00000000 fd:01 8525                       /usr/lib/jvm/java-1.6.0-openjdk-1.6.0.0.x86_64/jre/lib/amd64/headless/libmawt.so
2b38126c0000-2b38128bf000 ---p 00006000 fd:01 8525                       /usr/lib/jvm/java-1.6.0-openjdk-1.6.0.0.x86_64/jre/lib/amd64/headless/libmawt.so
2b38128bf000-2b38128c0000 rw-p 00005000 fd:01 8525                       /usr/lib/jvm/java-1.6.0-openjdk-1.6.0.0.x86_64/jre/lib/amd64/headless/libmawt.so
2b38128c0000-2b38128db000 r--s 0029a000 00:35 81610049                   /mmfs/automount/gpfs/homefs/sm/dw07r324/bin/GOAL-20140808/.jpf-shadow/org.svvrl.goal.gui@2014.8.8.zip
2b38128db000-2b3812928000 r-xp 00000000 fd:01 13546                      /usr/lib/jvm/java-1.6.0-openjdk-1.6.0.0.x86_64/jre/lib/amd64/libfontmanager.so
2b3812928000-2b3812b28000 ---p 0004d000 fd:01 13546                      /usr/lib/jvm/java-1.6.0-openjdk-1.6.0.0.x86_64/jre/lib/amd64/libfontmanager.so
2b3812b28000-2b3812b2b000 rw-p 0004d000 fd:01 13546                      /usr/lib/jvm/java-1.6.0-openjdk-1.6.0.0.x86_64/jre/lib/amd64/libfontmanager.so
2b3812b2b000-2b3812b2e000 ---p 00000000 00:00 0 
2b3812b2e000-2b3812c2c000 rw-p 00000000 00:00 0 
2b3812c2c000-2b3812c33000 r--s 00000000 fd:02 1513                       /var/cache/fontconfig/12b26b760a24f8b4feb03ad48a333a72-le64.cache-3
2b3812c33000-2b3812c3c000 r--s 00000000 fd:02 1443                       /var/cache/fontconfig/b79f3aaa7d385a141ab53ec885cc22a8-le64.cache-3
2b3812c3c000-2b3812c40000 r--s 00000000 fd:02 1132                       /var/cache/fontconfig/87f5e051180a7a75f16eb6fe7dbd3749-le64.cache-3
2b3812c40000-2b3812c56000 r-xp 00000000 fd:01 23199                      /usr/lib/jvm/java-1.6.0-openjdk-1.6.0.0.x86_64/jre/lib/amd64/libnet.so
2b3812c56000-2b3812e55000 ---p 00016000 fd:01 23199                      /usr/lib/jvm/java-1.6.0-openjdk-1.6.0.0.x86_64/jre/lib/amd64/libnet.so
2b3812e55000-2b3812e56000 rw-p 00015000 fd:01 23199                      /usr/lib/jvm/java-1.6.0-openjdk-1.6.0.0.x86_64/jre/lib/amd64/libnet.so
2b3812e56000-2b3812e5e000 r-xp 00000000 fd:01 23200                      /usr/lib/jvm/java-1.6.0-openjdk-1.6.0.0.x86_64/jre/lib/amd64/libnio.so
2b3812e5e000-2b381305d000 ---p 00008000 fd:01 23200                      /usr/lib/jvm/java-1.6.0-openjdk-1.6.0.0.x86_64/jre/lib/amd64/libnio.so
2b381305d000-2b381305e000 rw-p 00007000 fd:01 23200                      /usr/lib/jvm/java-1.6.0-openjdk-1.6.0.0.x86_64/jre/lib/amd64/libnio.so
2b381305e000-2b3813065000 r--s 00000000 fd:02 1513                       /var/cache/fontconfig/12b26b760a24f8b4feb03ad48a333a72-le64.cache-3
2b3813065000-2b381306e000 r--s 00000000 fd:02 1443                       /var/cache/fontconfig/b79f3aaa7d385a141ab53ec885cc22a8-le64.cache-3
2b381306e000-2b3813072000 r--s 00000000 fd:02 1132                       /var/cache/fontconfig/87f5e051180a7a75f16eb6fe7dbd3749-le64.cache-3
2b3813072000-2b3813074000 rw-p 00000000 00:00 0 
2b3814000000-2b3814021000 rw-p 00000000 00:00 0 
2b3814021000-2b3818000000 ---p 00000000 00:00 0 
2b3818000000-2b38192cf000 rw-p 00000000 00:00 0 
2b38192cf000-2b381c000000 ---p 00000000 00:00 0 
2b381c000000-2b381ccc9000 rw-p 00000000 00:00 0 
2b381ccc9000-2b3820000000 ---p 00000000 00:00 0 
2b3820000000-2b3820021000 rw-p 00000000 00:00 0 
2b3820021000-2b3824000000 ---p 00000000 00:00 0 
2b3824000000-2b3824021000 rw-p 00000000 00:00 0 
2b3824021000-2b3828000000 ---p 00000000 00:00 0 
2b3828000000-2b3828021000 rw-p 00000000 00:00 0 
2b3828021000-2b382c000000 ---p 00000000 00:00 0 
7fff17e6b000-7fff17ea2000 rw-p 00000000 00:00 0                          [stack]
7fff17f42000-7fff17f43000 r-xp 00000000 00:00 0                          [vdso]
ffffffffff600000-ffffffffff601000 r-xp 00000000 00:00 0                  [vsyscall]

VM Arguments:
jvm_args: -Xmx1G -Xms1G -DapplicationRoot=/home/ubelix/sm/dw07r324/bin/GOAL-20140808 -Dorg.java.plugin.boot.pluginsRepositories=/home/ubelix/sm/dw07r324/bin/GOAL-20140808/plugins -Djpf.boot.config=/home/ubelix/sm/dw07r324/bin/GOAL-20140808/boot.properties -Dorg.apache.commons.logging.Log=org.apache.commons.logging.impl.SimpleLog -Dorg.apache.commons.logging.simplelog.log.org.java.plugin=fatal 
java_command: /home/ubelix/sm/dw07r324/bin/GOAL-20140808/lib/jpf-boot.jar complement -m piterman -eq -macc -sp -ro -r /scratch/local/8663605.1.all.q/test_set_s15/s15_t2.4_a0.9_063.gff
Launcher Type: SUN_STANDARD

Environment Variables:
CLASSPATH=/home/ubelix/sm/dw07r324/bin/GOAL-20140808:/home/ubelix/sm/dw07r324/bin/GOAL-20140808/plugins:/home/ubelix/sm/dw07r324/bin/GOAL-20140808/lib:
PATH=/scratch/local/8663605.1.all.q:/usr/lib64/qt-3.3/bin:/usr/local/bin:/bin:/usr/bin:/usr/local/sbin:/usr/sbin:/sbin:/usr/lpp/mmfs/bin:/home/ubelix/sm/dw07r324/bin/GOAL-20140808:/home/ubelix/sm/dw07r324/bin/gnu_time/bin:/usr/lpp/mmfs/bin
LD_LIBRARY_PATH=/usr/lib/jvm/java-1.6.0-openjdk-1.6.0.0.x86_64/jre/lib/amd64/server:/usr/lib/jvm/java-1.6.0-openjdk-1.6.0.0.x86_64/jre/lib/amd64:/usr/lib/jvm/java-1.6.0-openjdk-1.6.0.0.x86_64/jre/../lib/amd64
SHELL=/bin/bash

Signal Handlers:
SIGSEGV: [libjvm.so+0x870a40], sa_mask[0]=0x7ffbfeff, sa_flags=0x10000004
SIGBUS: [libjvm.so+0x870a40], sa_mask[0]=0x7ffbfeff, sa_flags=0x10000004
SIGFPE: [libjvm.so+0x719240], sa_mask[0]=0x7ffbfeff, sa_flags=0x10000004
SIGPIPE: [libjvm.so+0x719240], sa_mask[0]=0x7ffbfeff, sa_flags=0x10000004
SIGXFSZ: [libjvm.so+0x719240], sa_mask[0]=0x7ffbfeff, sa_flags=0x10000004
SIGILL: [libjvm.so+0x719240], sa_mask[0]=0x7ffbfeff, sa_flags=0x10000004
SIGUSR1: SIG_DFL, sa_mask[0]=0x00000000, sa_flags=0x00000000
SIGUSR2: [libjvm.so+0x718d60], sa_mask[0]=0x00000000, sa_flags=0x10000004
SIGHUP: [libjvm.so+0x71bdf0], sa_mask[0]=0x7ffbfeff, sa_flags=0x10000004
SIGINT: [libjvm.so+0x71bdf0], sa_mask[0]=0x7ffbfeff, sa_flags=0x10000004
SIGTERM: [libjvm.so+0x71bdf0], sa_mask[0]=0x7ffbfeff, sa_flags=0x10000004
SIGQUIT: [libjvm.so+0x71bdf0], sa_mask[0]=0x7ffbfeff, sa_flags=0x10000004


---------------  S Y S T E M  ---------------

OS:Red Hat Enterprise Linux ComputeNode release 6.5 (Santiago)

uname:Linux 2.6.32-431.29.2.el6.x86_64 #1 SMP Sun Jul 27 15:55:46 EDT 2014 x86_64
libc:glibc 2.12 NPTL 2.12 
rlimit: STACK infinity, CORE infinity, NPROC 127431, NOFILE 4096, AS 8388608k
load average:3.30 3.73 4.25

/proc/meminfo:
MemTotal:       16331612 kB
MemFree:         4856624 kB
Buffers:           13296 kB
Cached:          6220408 kB
SwapCached:           88 kB
Active:          2889660 kB
Inactive:        3892696 kB
Active(anon):     485412 kB
Inactive(anon):    63452 kB
Active(file):    2404248 kB
Inactive(file):  3829244 kB
Unevictable:     4082900 kB
Mlocked:         4082900 kB
SwapTotal:       8388604 kB
SwapFree:        8388380 kB
Dirty:                80 kB
Writeback:             0 kB
AnonPages:       4631836 kB
Mapped:           119968 kB
Shmem:               192 kB
Slab:             383112 kB
SReclaimable:     315568 kB
SUnreclaim:        67544 kB
KernelStack:        4704 kB
PageTables:        16796 kB
NFS_Unstable:          0 kB
Bounce:                0 kB
WritebackTmp:          0 kB
CommitLimit:    16554408 kB
Committed_AS:    6813816 kB
VmallocTotal:   34359738367 kB
VmallocUsed:      109412 kB
VmallocChunk:   34351234244 kB
HardwareCorrupted:     0 kB
AnonHugePages:         0 kB
HugePages_Total:       0
HugePages_Free:        0
HugePages_Rsvd:        0
HugePages_Surp:        0
Hugepagesize:       2048 kB
DirectMap4k:        9920 kB
DirectMap2M:     2086912 kB
DirectMap1G:    14680064 kB


CPU:total 8 (4 cores per cpu, 1 threads per core) family 16 model 2 stepping 3, cmov, cx8, fxsr, mmx, sse, sse2, sse3, popcnt, mmxext, 3dnowpref, lzcnt, sse4a, tsc, tscinvbit, tscinv

/proc/cpuinfo:
processor	: 0
vendor_id	: AuthenticAMD
cpu family	: 16
model		: 2
model name	: Quad-Core AMD Opteron(tm) Processor 2354
stepping	: 3
cpu MHz		: 2200.000
cache size	: 512 KB
physical id	: 0
siblings	: 4
core id		: 0
cpu cores	: 4
apicid		: 0
initial apicid	: 0
fpu		: yes
fpu_exception	: yes
cpuid level	: 5
wp		: yes
flags		: fpu vme de pse tsc msr pae mce cx8 apic sep mtrr pge mca cmov pat pse36 clflush mmx fxsr sse sse2 ht syscall nx mmxext fxsr_opt pdpe1gb rdtscp lm 3dnowext 3dnow constant_tsc rep_good nonstop_tsc extd_apicid pni monitor cx16 popcnt lahf_lm cmp_legacy svm extapic cr8_legacy abm sse4a misalignsse 3dnowprefetch osvw ibs npt lbrv svm_lock
bogomips	: 4422.88
TLB size	: 1024 4K pages
clflush size	: 64
cache_alignment	: 64
address sizes	: 48 bits physical, 48 bits virtual
power management: ts ttp tm stc 100mhzsteps hwpstate

processor	: 1
vendor_id	: AuthenticAMD
cpu family	: 16
model		: 2
model name	: Quad-Core AMD Opteron(tm) Processor 2354
stepping	: 3
cpu MHz		: 2200.000
cache size	: 512 KB
physical id	: 0
siblings	: 4
core id		: 1
cpu cores	: 4
apicid		: 1
initial apicid	: 1
fpu		: yes
fpu_exception	: yes
cpuid level	: 5
wp		: yes
flags		: fpu vme de pse tsc msr pae mce cx8 apic sep mtrr pge mca cmov pat pse36 clflush mmx fxsr sse sse2 ht syscall nx mmxext fxsr_opt pdpe1gb rdtscp lm 3dnowext 3dnow constant_tsc rep_good nonstop_tsc extd_apicid pni monitor cx16 popcnt lahf_lm cmp_legacy svm extapic cr8_legacy abm sse4a misalignsse 3dnowprefetch osvw ibs npt lbrv svm_lock
bogomips	: 4422.88
TLB size	: 1024 4K pages
clflush size	: 64
cache_alignment	: 64
address sizes	: 48 bits physical, 48 bits virtual
power management: ts ttp tm stc 100mhzsteps hwpstate

processor	: 2
vendor_id	: AuthenticAMD
cpu family	: 16
model		: 2
model name	: Quad-Core AMD Opteron(tm) Processor 2354
stepping	: 3
cpu MHz		: 2200.000
cache size	: 512 KB
physical id	: 0
siblings	: 4
core id		: 2
cpu cores	: 4
apicid		: 2
initial apicid	: 2
fpu		: yes
fpu_exception	: yes
cpuid level	: 5
wp		: yes
flags		: fpu vme de pse tsc msr pae mce cx8 apic sep mtrr pge mca cmov pat pse36 clflush mmx fxsr sse sse2 ht syscall nx mmxext fxsr_opt pdpe1gb rdtscp lm 3dnowext 3dnow constant_tsc rep_good nonstop_tsc extd_apicid pni monitor cx16 popcnt lahf_lm cmp_legacy svm extapic cr8_legacy abm sse4a misalignsse 3dnowprefetch osvw ibs npt lbrv svm_lock
bogomips	: 4422.88
TLB size	: 1024 4K pages
clflush size	: 64
cache_alignment	: 64
address sizes	: 48 bits physical, 48 bits virtual
power management: ts ttp tm stc 100mhzsteps hwpstate

processor	: 3
vendor_id	: AuthenticAMD
cpu family	: 16
model		: 2
model name	: Quad-Core AMD Opteron(tm) Processor 2354
stepping	: 3
cpu MHz		: 2200.000
cache size	: 512 KB
physical id	: 0
siblings	: 4
core id		: 3
cpu cores	: 4
apicid		: 3
initial apicid	: 3
fpu		: yes
fpu_exception	: yes
cpuid level	: 5
wp		: yes
flags		: fpu vme de pse tsc msr pae mce cx8 apic sep mtrr pge mca cmov pat pse36 clflush mmx fxsr sse sse2 ht syscall nx mmxext fxsr_opt pdpe1gb rdtscp lm 3dnowext 3dnow constant_tsc rep_good nonstop_tsc extd_apicid pni monitor cx16 popcnt lahf_lm cmp_legacy svm extapic cr8_legacy abm sse4a misalignsse 3dnowprefetch osvw ibs npt lbrv svm_lock
bogomips	: 4422.88
TLB size	: 1024 4K pages
clflush size	: 64
cache_alignment	: 64
address sizes	: 48 bits physical, 48 bits virtual
power management: ts ttp tm stc 100mhzsteps hwpstate

processor	: 4
vendor_id	: AuthenticAMD
cpu family	: 16
model		: 2
model name	: Quad-Core AMD Opteron(tm) Processor 2354
stepping	: 3
cpu MHz		: 2200.000
cache size	: 512 KB
physical id	: 1
siblings	: 4
core id		: 0
cpu cores	: 4
apicid		: 4
initial apicid	: 4
fpu		: yes
fpu_exception	: yes
cpuid level	: 5
wp		: yes
flags		: fpu vme de pse tsc msr pae mce cx8 apic sep mtrr pge mca cmov pat pse36 clflush mmx fxsr sse sse2 ht syscall nx mmxext fxsr_opt pdpe1gb rdtscp lm 3dnowext 3dnow constant_tsc rep_good nonstop_tsc extd_apicid pni monitor cx16 popcnt lahf_lm cmp_legacy svm extapic cr8_legacy abm sse4a misalignsse 3dnowprefetch osvw ibs npt lbrv svm_lock
bogomips	: 4422.23
TLB size	: 1024 4K pages
clflush size	: 64
cache_alignment	: 64
address sizes	: 48 bits physical, 48 bits virtual
power management: ts ttp tm stc 100mhzsteps hwpstate

processor	: 5
vendor_id	: AuthenticAMD
cpu family	: 16
model		: 2
model name	: Quad-Core AMD Opteron(tm) Processor 2354
stepping	: 3
cpu MHz		: 2200.000
cache size	: 512 KB
physical id	: 1
siblings	: 4
core id		: 1
cpu cores	: 4
apicid		: 5
initial apicid	: 5
fpu		: yes
fpu_exception	: yes
cpuid level	: 5
wp		: yes
flags		: fpu vme de pse tsc msr pae mce cx8 apic sep mtrr pge mca cmov pat pse36 clflush mmx fxsr sse sse2 ht syscall nx mmxext fxsr_opt pdpe1gb rdtscp lm 3dnowext 3dnow constant_tsc rep_good nonstop_tsc extd_apicid pni monitor cx16 popcnt lahf_lm cmp_legacy svm extapic cr8_legacy abm sse4a misalignsse 3dnowprefetch osvw ibs npt lbrv svm_lock
bogomips	: 4422.23
TLB size	: 1024 4K pages
clflush size	: 64
cache_alignment	: 64
address sizes	: 48 bits physical, 48 bits virtual
power management: ts ttp tm stc 100mhzsteps hwpstate

processor	: 6
vendor_id	: AuthenticAMD
cpu family	: 16
model		: 2
model name	: Quad-Core AMD Opteron(tm) Processor 2354
stepping	: 3
cpu MHz		: 2200.000
cache size	: 512 KB
physical id	: 1
siblings	: 4
core id		: 2
cpu cores	: 4
apicid		: 6
initial apicid	: 6
fpu		: yes
fpu_exception	: yes
cpuid level	: 5
wp		: yes
flags		: fpu vme de pse tsc msr pae mce cx8 apic sep mtrr pge mca cmov pat pse36 clflush mmx fxsr sse sse2 ht syscall nx mmxext fxsr_opt pdpe1gb rdtscp lm 3dnowext 3dnow constant_tsc rep_good nonstop_tsc extd_apicid pni monitor cx16 popcnt lahf_lm cmp_legacy svm extapic cr8_legacy abm sse4a misalignsse 3dnowprefetch osvw ibs npt lbrv svm_lock
bogomips	: 4422.23
TLB size	: 1024 4K pages
clflush size	: 64
cache_alignment	: 64
address sizes	: 48 bits physical, 48 bits virtual
power management: ts ttp tm stc 100mhzsteps hwpstate

processor	: 7
vendor_id	: AuthenticAMD
cpu family	: 16
model		: 2
model name	: Quad-Core AMD Opteron(tm) Processor 2354
stepping	: 3
cpu MHz		: 2200.000
cache size	: 512 KB
physical id	: 1
siblings	: 4
core id		: 3
cpu cores	: 4
apicid		: 7
initial apicid	: 7
fpu		: yes
fpu_exception	: yes
cpuid level	: 5
wp		: yes
flags		: fpu vme de pse tsc msr pae mce cx8 apic sep mtrr pge mca cmov pat pse36 clflush mmx fxsr sse sse2 ht syscall nx mmxext fxsr_opt pdpe1gb rdtscp lm 3dnowext 3dnow constant_tsc rep_good nonstop_tsc extd_apicid pni monitor cx16 popcnt lahf_lm cmp_legacy svm extapic cr8_legacy abm sse4a misalignsse 3dnowprefetch osvw ibs npt lbrv svm_lock
bogomips	: 4422.23
TLB size	: 1024 4K pages
clflush size	: 64
cache_alignment	: 64
address sizes	: 48 bits physical, 48 bits virtual
power management: ts ttp tm stc 100mhzsteps hwpstate



Memory: 4k page, physical 16331612k(4856624k free), swap 8388604k(8388380k free)

vm_info: OpenJDK 64-Bit Server VM (23.25-b01) for linux-amd64 JRE (1.6.0_32-b32), built on Aug 21 2014 11:15:48 by "mockbuild" with gcc 4.4.7 20120313 (Red Hat 4.4.7-4)

time: Tue Sep 23 14:05:07 2014
elapsed time: 4 seconds

