#
# A fatal error has been detected by the Java Runtime Environment:
#
#  SIGBUS (0x7) at pc=0x00002adb42931522, pid=11259, tid=47121198405376
#
# JRE version: 6.0_32-b32
# Java VM: OpenJDK 64-Bit Server VM (23.25-b01 mixed mode linux-amd64 compressed oops)
# Problematic frame:
# C  [libzip.so+0x4522]  ZIP_Lock+0x252
#
# Core dump written. Default location: /mmfs/automount/gpfs/homefs/sm/dw07r324/jobs/piterman.eq.macc.sp.ro.r/core or core.11259
#
# If you would like to submit a bug report, please include
# instructions how to reproduce the bug and visit:
#   http://icedtea.classpath.org/bugzilla
# The crash happened outside the Java Virtual Machine in native code.
# See problematic frame for where to report the bug.
#

---------------  T H R E A D  ---------------

Current thread (0x00002adb44008000):  JavaThread "main" [_thread_in_native, id=11260, stack(0x00002adb423ad000,0x00002adb424ae000)]

siginfo:si_signo=SIGBUS: si_errno=0, si_code=2 (BUS_ADRERR), si_addr=0x00002adb9f073330

Registers:
RAX=0x00002adb4542ed80, RBX=0x00002adb9f073313, RCX=0x0000000000000041, RDX=0x0000000000000040
RSP=0x00002adb424ab540, RBP=0x00002adb424ab580, RSI=0x0000000000000040, RDI=0x00002adb44000020
R8 =0x00002adb44000088, R9 =0x0000000000000001, R10=0x0000000000000040, R11=0x00002adb41bdd660
R12=0x00002adb4542ed80, R13=0x00002adb45130c50, R14=0x00002adb424ab5f0, R15=0x00002adb4542ed80
RIP=0x00002adb42931522, EFLAGS=0x0000000000010202, CSGSFS=0x0000000000000033, ERR=0x0000000000000004
  TRAPNO=0x000000000000000e

Top of Stack: (sp=0x00002adb424ab540)
0x00002adb424ab540:   00002adb45133ec0 00002adb41b2705e
0x00002adb424ab550:   000000000000008f 00002adb4512c424
0x00002adb424ab560:   00002adb45130c50 00000000b98d4855
0x00002adb424ab570:   00002adb424ab5f0 000000000000002b
0x00002adb424ab580:   00002adb424ab5d0 00002adb42931ae2
0x00002adb424ab590:   00002adb44008000 00002adb4512d420
0x00002adb424ab5a0:   00002adb424ab610 00002adb440081d8
0x00002adb424ab5b0:   00002adb424ab5f0 000000000000002b
0x00002adb424ab5c0:   00002adb424abac8 00002adb424ab5f0
0x00002adb424ab5d0:   00002adb424aba30 00002adb42930ae4
0x00002adb424ab5e0:   0000002b01fd7670 00002adb45130c50
0x00002adb424ab5f0:   2f73657373616c63 727676732f67726f
0x00002adb424ab600:   632f6c616f672f6c 6148646d432f646d
0x00002adb424ab610:   6c632e72656c646e 00002adb00737361
0x00002adb424ab620:   00000000b5fcc200 0000000400000000
0x00002adb424ab630:   00002adb44008b90 0000000000000000
0x00002adb424ab640:   00002adb424ab670 00002adb44008000
0x00002adb424ab650:   00000000b5cc4b00 000000000000001a
0x00002adb424ab660:   00002adb44008000 00000000b5cc4b00
0x00002adb424ab670:   00002adb424ab6d0 00002adb419715f2
0x00002adb424ab680:   00002adb44008000 00002adbb5fce660
0x00002adb424ab690:   00002adb44008000 000000364fc7a10b
0x00002adb424ab6a0:   0000000000000001 00000000000000bd
0x00002adb424ab6b0:   0000000000000000 00002adb44008000
0x00002adb424ab6c0:   00002adb424ab700 00002adb00000000
0x00002adb424ab6d0:   00000000b5cc8c58 00002a0000000061
0x00002adb424ab6e0:   00000000b5bdfef5 00000000f0a7d160
0x00002adb424ab6f0:   00002adb424ab6f0 00000000b5cc69cb
0x00002adb424ab700:   00002adb424ab750 00002adb44008b80
0x00002adb424ab710:   0000000000000000 0000000000000001
0x00002adb424ab720:   00002adb44008000 ffffffffffffffff
0x00002adb424ab730:   00002adb424ab7a0 00002adb4192da03 

Instructions: (pc=0x00002adb42931522)
0x00002adb42931502:   00 00 00 00 00 48 c7 40 30 00 00 00 00 48 c7 40
0x00002adb42931512:   28 00 00 00 00 8b 5b 04 49 2b 5d 28 49 03 5d 18
0x00002adb42931522:   44 0f b6 73 1d 0f b6 43 1c 41 c1 e6 08 41 09 c6
0x00002adb42931532:   0f b6 43 1e 88 45 ce 0f b6 43 1f 88 45 cf 0f b6 

Register to memory mapping:

RAX=0x00002adb4542ed80 is an unknown value
RBX=0x00002adb9f073313 is an unknown value
RCX=0x0000000000000041 is an unknown value
RDX=0x0000000000000040 is an unknown value
RSP=0x00002adb424ab540 is pointing into the stack for thread: 0x00002adb44008000
RBP=0x00002adb424ab580 is pointing into the stack for thread: 0x00002adb44008000
RSI=0x0000000000000040 is an unknown value
RDI=0x00002adb44000020 is an unknown value
R8 =0x00002adb44000088 is an unknown value
R9 =0x0000000000000001 is an unknown value
R10=0x0000000000000040 is an unknown value
R11=0x00002adb41bdd660: <offset 0x79f660> in /usr/lib/jvm/java-1.6.0-openjdk-1.6.0.0.x86_64/jre/lib/amd64/server/libjvm.so at 0x00002adb4143e000
R12=0x00002adb4542ed80 is an unknown value
R13=0x00002adb45130c50 is an unknown value
R14=0x00002adb424ab5f0 is pointing into the stack for thread: 0x00002adb44008000
R15=0x00002adb4542ed80 is an unknown value


Stack: [0x00002adb423ad000,0x00002adb424ae000],  sp=0x00002adb424ab540,  free space=1017k
Native frames: (J=compiled Java code, j=interpreted, Vv=VM code, C=native code)
C  [libzip.so+0x4522]  ZIP_Lock+0x252
C  [libzip.so+0x4ae2]  ZIP_GetEntry+0xc2
C  [libzip.so+0x3ae4]  Java_java_util_zip_ZipFile_getEntry+0xc4
j  java.util.zip.ZipFile.getEntry(JLjava/lang/String;Z)J+0
j  java.util.zip.ZipFile.getEntry(Ljava/lang/String;)Ljava/util/zip/ZipEntry;+31
j  java.util.jar.JarFile.getEntry(Ljava/lang/String;)Ljava/util/zip/ZipEntry;+2
j  sun.net.www.protocol.jar.URLJarFile.getEntry(Ljava/lang/String;)Ljava/util/zip/ZipEntry;+2
j  sun.net.www.protocol.jar.JarURLConnection.connect()V+62
j  sun.net.www.protocol.jar.JarURLConnection.getInputStream()Ljava/io/InputStream;+1
j  sun.misc.URLClassPath$Loader.getResource(Ljava/lang/String;Z)Lsun/misc/Resource;+48
j  sun.misc.URLClassPath.getResource(Ljava/lang/String;Z)Lsun/misc/Resource;+53
j  java.net.URLClassLoader$1.run()Ljava/lang/Object;+26
v  ~StubRoutines::call_stub
V  [libjvm.so+0x537e3e]  AsyncGetCallTrace+0xd776e
V  [libjvm.so+0x536ad8]  AsyncGetCallTrace+0xd6408
V  [libjvm.so+0x597140]  JVM_DoPrivileged+0x400
j  java.security.AccessController.doPrivileged(Ljava/security/PrivilegedExceptionAction;Ljava/security/AccessControlContext;)Ljava/lang/Object;+0
j  java.net.URLClassLoader.findClass(Ljava/lang/String;)Ljava/lang/Class;+13
j  org.java.plugin.standard.StandardPluginClassLoader.loadLocalClass(Ljava/lang/String;ZLorg/java/plugin/standard/StandardPluginClassLoader;)Ljava/lang/Class;+97
j  org.java.plugin.standard.StandardPluginClassLoader.loadClass(Ljava/lang/String;Z)Ljava/lang/Class;+62
j  java.lang.ClassLoader.loadClass(Ljava/lang/String;)Ljava/lang/Class;+3
j  org.svvrl.goal.core.CorePlugin.getConsoleHandler()Lorg/svvrl/goal/core/ConsoleHandler;+73
j  org.svvrl.goal.core.CorePlugin.startApplication()V+23
j  org.java.plugin.boot.Boot.boot(Lorg/java/plugin/util/ExtendedProperties;ZLjava/lang/String;Lorg/java/plugin/boot/BootErrorHandler;[Ljava/lang/String;)Lorg/java/plugin/boot/Application;+354
j  org.java.plugin.boot.Boot.main([Ljava/lang/String;)V+162
v  ~StubRoutines::call_stub
V  [libjvm.so+0x537e3e]  AsyncGetCallTrace+0xd776e
V  [libjvm.so+0x536ad8]  AsyncGetCallTrace+0xd6408
V  [libjvm.so+0x5452a7]  JNI_CreateJavaVM+0x12e7
V  [libjvm.so+0x55a4eb]  JNI_CreateJavaVM+0x1652b
C  [java+0x374d]  JavaMain+0xd0d

Java frames: (J=compiled Java code, j=interpreted, Vv=VM code)
j  java.util.zip.ZipFile.getEntry(JLjava/lang/String;Z)J+0
j  java.util.zip.ZipFile.getEntry(Ljava/lang/String;)Ljava/util/zip/ZipEntry;+31
j  java.util.jar.JarFile.getEntry(Ljava/lang/String;)Ljava/util/zip/ZipEntry;+2
j  sun.net.www.protocol.jar.URLJarFile.getEntry(Ljava/lang/String;)Ljava/util/zip/ZipEntry;+2
j  sun.net.www.protocol.jar.JarURLConnection.connect()V+62
j  sun.net.www.protocol.jar.JarURLConnection.getInputStream()Ljava/io/InputStream;+1
j  sun.misc.URLClassPath$Loader.getResource(Ljava/lang/String;Z)Lsun/misc/Resource;+48
j  sun.misc.URLClassPath.getResource(Ljava/lang/String;Z)Lsun/misc/Resource;+53
j  java.net.URLClassLoader$1.run()Ljava/lang/Object;+26
v  ~StubRoutines::call_stub
j  java.security.AccessController.doPrivileged(Ljava/security/PrivilegedExceptionAction;Ljava/security/AccessControlContext;)Ljava/lang/Object;+0
j  java.net.URLClassLoader.findClass(Ljava/lang/String;)Ljava/lang/Class;+13
j  org.java.plugin.standard.StandardPluginClassLoader.loadLocalClass(Ljava/lang/String;ZLorg/java/plugin/standard/StandardPluginClassLoader;)Ljava/lang/Class;+97
j  org.java.plugin.standard.StandardPluginClassLoader.loadClass(Ljava/lang/String;Z)Ljava/lang/Class;+62
j  java.lang.ClassLoader.loadClass(Ljava/lang/String;)Ljava/lang/Class;+3
j  org.svvrl.goal.core.CorePlugin.getConsoleHandler()Lorg/svvrl/goal/core/ConsoleHandler;+73
j  org.svvrl.goal.core.CorePlugin.startApplication()V+23
j  org.java.plugin.boot.Boot.boot(Lorg/java/plugin/util/ExtendedProperties;ZLjava/lang/String;Lorg/java/plugin/boot/BootErrorHandler;[Ljava/lang/String;)Lorg/java/plugin/boot/Application;+354
j  org.java.plugin.boot.Boot.main([Ljava/lang/String;)V+162
v  ~StubRoutines::call_stub

---------------  P R O C E S S  ---------------

Java Threads: ( => current thread )
  0x00002adb450a3000 JavaThread "Java2D Disposer" daemon [_thread_blocked, id=11278, stack(0x00002adb9eb2b000,0x00002adb9ec2c000)]
  0x00002adb44101800 JavaThread "Low Memory Detector" daemon [_thread_blocked, id=11275, stack(0x00002adb9e194000,0x00002adb9e295000)]
  0x00002adb440ff000 JavaThread "C2 CompilerThread1" daemon [_thread_blocked, id=11274, stack(0x00002adb9e093000,0x00002adb9e194000)]
  0x00002adb440fc800 JavaThread "C2 CompilerThread0" daemon [_thread_blocked, id=11273, stack(0x00002adb9df92000,0x00002adb9e093000)]
  0x00002adb440fa000 JavaThread "Signal Dispatcher" daemon [_thread_blocked, id=11272, stack(0x00002adb9de91000,0x00002adb9df92000)]
  0x00002adb440ab800 JavaThread "Finalizer" daemon [_thread_blocked, id=11271, stack(0x00002adb8c101000,0x00002adb8c202000)]
  0x00002adb440a9800 JavaThread "Reference Handler" daemon [_thread_blocked, id=11270, stack(0x00002adb8c000000,0x00002adb8c101000)]
=>0x00002adb44008000 JavaThread "main" [_thread_in_native, id=11260, stack(0x00002adb423ad000,0x00002adb424ae000)]

Other Threads:
  0x00002adb4409a800 VMThread [stack: 0x00002adb60d91000,0x00002adb60e92000] [id=11269]
  0x00002adb4410c800 WatcherThread [stack: 0x00002adb9e295000,0x00002adb9e396000] [id=11276]

VM state:not at safepoint (normal execution)

VM Mutex/Monitor currently owned by a thread: None

Heap
 PSYoungGen      total 305856K, used 99719K [0x00000000eaab0000, 0x0000000100000000, 0x0000000100000000)
  eden space 262208K, 38% used [0x00000000eaab0000,0x00000000f0c11f80,0x00000000faac0000)
  from space 43648K, 0% used [0x00000000fd560000,0x00000000fd560000,0x0000000100000000)
  to   space 43648K, 0% used [0x00000000faac0000,0x00000000faac0000,0x00000000fd560000)
 ParOldGen       total 699072K, used 0K [0x00000000c0000000, 0x00000000eaab0000, 0x00000000eaab0000)
  object space 699072K, 0% used [0x00000000c0000000,0x00000000c0000000,0x00000000eaab0000)
 PSPermGen       total 21248K, used 10963K [0x00000000b5a00000, 0x00000000b6ec0000, 0x00000000c0000000)
  object space 21248K, 51% used [0x00000000b5a00000,0x00000000b64b4db0,0x00000000b6ec0000)

Card table byte_map: [0x00002adb4b0c0000,0x00002adb4b314000] byte_map_base: 0x00002adb4ab13000

Polling page: 0x00002adb428ee000

Code Cache  [0x00002adb48000000, 0x00002adb48270000, 0x00002adb4b000000)
 total_blobs=452 nmethods=172 adapters=233 free_code_cache=48220Kb largest_free_block=49356288

Compilation events (10 events):
Event: 6.824 Thread 0x00002adb440fc800 nmethod 165 0x00002adb480eb690 code [0x00002adb480eb840, 0x00002adb480ec088]
Event: 6.833 Thread 0x00002adb440ff000 nmethod 164 0x00002adb480ec910 code [0x00002adb480ecb00, 0x00002adb480ed628]
Event: 6.860 Thread 0x00002adb440fc800  166             java.lang.String::indexOf (7 bytes)
Event: 6.861 Thread 0x00002adb440fc800 nmethod 166 0x00002adb480e6c10 code [0x00002adb480e6d60, 0x00002adb480e6dc8]
Event: 7.714 Thread 0x00002adb440ff000  167             java.lang.System::getSecurityManager (4 bytes)
Event: 7.715 Thread 0x00002adb440ff000 nmethod 167 0x00002adb480e6a10 code [0x00002adb480e6b40, 0x00002adb480e6b98]
Event: 7.892 Thread 0x00002adb440fc800  168             java.lang.Character::toLowerCase (9 bytes)
Event: 7.892 Thread 0x00002adb440ff000  169             java.lang.CharacterDataLatin1::toLowerCase (39 bytes)
Event: 7.893 Thread 0x00002adb440ff000 nmethod 169 0x00002adb480e6790 code [0x00002adb480e68c0, 0x00002adb480e6978]
Event: 7.894 Thread 0x00002adb440fc800 nmethod 168 0x00002adb480e62d0 code [0x00002adb480e6420, 0x00002adb480e6578]

GC Heap History (0 events):
No events

Deoptimization events (10 events):
Event: 5.870 Thread 0x00002adb44008000 Uncommon trap -34 fr.pc 0x00002adb4809f45c
Event: 5.870 Thread 0x00002adb44008000 Uncommon trap -34 fr.pc 0x00002adb4809f45c
Event: 6.263 Thread 0x00002adb44008000 Uncommon trap -34 fr.pc 0x00002adb480b5c18
Event: 6.648 Thread 0x00002adb44008000 Uncommon trap -34 fr.pc 0x00002adb480b5c18
Event: 6.648 Thread 0x00002adb44008000 Uncommon trap -34 fr.pc 0x00002adb480b5c18
Event: 6.648 Thread 0x00002adb44008000 Uncommon trap -34 fr.pc 0x00002adb480b5c18
Event: 7.887 Thread 0x00002adb44008000 Uncommon trap -58 fr.pc 0x00002adb480b98e4
Event: 7.893 Thread 0x00002adb44008000 Uncommon trap -58 fr.pc 0x00002adb480b98e4
Event: 7.899 Thread 0x00002adb44008000 Uncommon trap -58 fr.pc 0x00002adb480b98e4
Event: 7.915 Thread 0x00002adb44008000 Uncommon trap -58 fr.pc 0x00002adb480b98e4

Internal exceptions (10 events):
Event: 7.863 Thread 0x00002adb44008000 Threw 0x00000000f08a4b40 at /builddir/build/BUILD/icedtea6-1.13.4/openjdk/hotspot/src/share/vm/prims/jvm.cpp:1235
Event: 7.864 Thread 0x00002adb44008000 Threw 0x00000000f08bf218 at /builddir/build/BUILD/icedtea6-1.13.4/openjdk/hotspot/src/share/vm/classfile/systemDictionary.cpp:179
Event: 7.864 Thread 0x00002adb44008000 Threw 0x00000000f08bf5a0 at /builddir/build/BUILD/icedtea6-1.13.4/openjdk/hotspot/src/share/vm/prims/jvm.cpp:1235
Event: 7.864 Thread 0x00002adb44008000 Threw 0x00000000f08bf9d8 at /builddir/build/BUILD/icedtea6-1.13.4/openjdk/hotspot/src/share/vm/prims/jvm.cpp:1235
Event: 7.865 Thread 0x00002adb44008000 Threw 0x00000000f08cef00 at /builddir/build/BUILD/icedtea6-1.13.4/openjdk/hotspot/src/share/vm/classfile/systemDictionary.cpp:179
Event: 7.865 Thread 0x00002adb44008000 Threw 0x00000000f08cf280 at /builddir/build/BUILD/icedtea6-1.13.4/openjdk/hotspot/src/share/vm/prims/jvm.cpp:1235
Event: 7.865 Thread 0x00002adb44008000 Threw 0x00000000f08cf6b0 at /builddir/build/BUILD/icedtea6-1.13.4/openjdk/hotspot/src/share/vm/prims/jvm.cpp:1235
Event: 7.866 Thread 0x00002adb44008000 Threw 0x00000000f08dd090 at /builddir/build/BUILD/icedtea6-1.13.4/openjdk/hotspot/src/share/vm/classfile/systemDictionary.cpp:179
Event: 7.866 Thread 0x00002adb44008000 Threw 0x00000000f08dd5f0 at /builddir/build/BUILD/icedtea6-1.13.4/openjdk/hotspot/src/share/vm/prims/jvm.cpp:1235
Event: 7.866 Thread 0x00002adb44008000 Threw 0x00000000f08ddc00 at /builddir/build/BUILD/icedtea6-1.13.4/openjdk/hotspot/src/share/vm/prims/jvm.cpp:1235

Events (10 events):
Event: 7.899 Thread 0x00002adb44008000 DEOPT PACKING pc=0x00002adb480b98e4 sp=0x00002adb424ac4d0
Event: 7.899 Thread 0x00002adb44008000 DEOPT UNPACKING pc=0x00002adb48039145 sp=0x00002adb424ac480 mode 2
Event: 7.913 loading class 0x00002adb44753650
Event: 7.913 loading class 0x00002adb44753650 done
Event: 7.913 loading class 0x00002adb44753820
Event: 7.913 loading class 0x00002adb447538a0
Event: 7.913 loading class 0x00002adb447538a0 done
Event: 7.913 loading class 0x00002adb44753820 done
Event: 7.915 Thread 0x00002adb44008000 DEOPT PACKING pc=0x00002adb480b98e4 sp=0x00002adb424ac500
Event: 7.915 Thread 0x00002adb44008000 DEOPT UNPACKING pc=0x00002adb48039145 sp=0x00002adb424ac4b0 mode 2


Dynamic libraries:
00400000-00409000 r-xp 00000000 fd:01 5993                               /usr/lib/jvm/java-1.6.0-openjdk-1.6.0.0.x86_64/jre/bin/java
00608000-0060a000 rw-p 00008000 fd:01 5993                               /usr/lib/jvm/java-1.6.0-openjdk-1.6.0.0.x86_64/jre/bin/java
014a4000-014c5000 rw-p 00000000 00:00 0                                  [heap]
b5a00000-b6ec0000 rw-p 00000000 00:00 0 
b6ec0000-c0000000 rw-p 00000000 00:00 0 
c0000000-100000000 rw-p 00000000 00:00 0 
364f800000-364f820000 r-xp 00000000 fd:01 130582                         /lib64/ld-2.12.so
364fa1f000-364fa20000 r--p 0001f000 fd:01 130582                         /lib64/ld-2.12.so
364fa20000-364fa21000 rw-p 00020000 fd:01 130582                         /lib64/ld-2.12.so
364fa21000-364fa22000 rw-p 00000000 00:00 0 
364fc00000-364fd8a000 r-xp 00000000 fd:01 130613                         /lib64/libc-2.12.so
364fd8a000-364ff8a000 ---p 0018a000 fd:01 130613                         /lib64/libc-2.12.so
364ff8a000-364ff8e000 r--p 0018a000 fd:01 130613                         /lib64/libc-2.12.so
364ff8e000-364ff8f000 rw-p 0018e000 fd:01 130613                         /lib64/libc-2.12.so
364ff8f000-364ff94000 rw-p 00000000 00:00 0 
3650000000-3650004000 r-xp 00000000 fd:01 13573                          /usr/lib/jvm/java-1.6.0-openjdk-1.6.0.0.x86_64/jre/lib/amd64/jli/libjli.so
3650004000-3650203000 ---p 00004000 fd:01 13573                          /usr/lib/jvm/java-1.6.0-openjdk-1.6.0.0.x86_64/jre/lib/amd64/jli/libjli.so
3650203000-3650204000 rw-p 00003000 fd:01 13573                          /usr/lib/jvm/java-1.6.0-openjdk-1.6.0.0.x86_64/jre/lib/amd64/jli/libjli.so
3650400000-3650417000 r-xp 00000000 fd:01 130636                         /lib64/libpthread-2.12.so
3650417000-3650617000 ---p 00017000 fd:01 130636                         /lib64/libpthread-2.12.so
3650617000-3650618000 r--p 00017000 fd:01 130636                         /lib64/libpthread-2.12.so
3650618000-3650619000 rw-p 00018000 fd:01 130636                         /lib64/libpthread-2.12.so
3650619000-365061d000 rw-p 00000000 00:00 0 
3650800000-3650802000 r-xp 00000000 fd:01 130624                         /lib64/libdl-2.12.so
3650802000-3650a02000 ---p 00002000 fd:01 130624                         /lib64/libdl-2.12.so
3650a02000-3650a03000 r--p 00002000 fd:01 130624                         /lib64/libdl-2.12.so
3650a03000-3650a04000 rw-p 00003000 fd:01 130624                         /lib64/libdl-2.12.so
3650c00000-3650c15000 r-xp 00000000 fd:01 130638                         /lib64/libz.so.1.2.3
3650c15000-3650e14000 ---p 00015000 fd:01 130638                         /lib64/libz.so.1.2.3
3650e14000-3650e15000 r--p 00014000 fd:01 130638                         /lib64/libz.so.1.2.3
3650e15000-3650e16000 rw-p 00015000 fd:01 130638                         /lib64/libz.so.1.2.3
3651000000-3651007000 r-xp 00000000 fd:01 132701                         /lib64/librt-2.12.so
3651007000-3651206000 ---p 00007000 fd:01 132701                         /lib64/librt-2.12.so
3651206000-3651207000 r--p 00006000 fd:01 132701                         /lib64/librt-2.12.so
3651207000-3651208000 rw-p 00007000 fd:01 132701                         /lib64/librt-2.12.so
3651800000-3651816000 r-xp 00000000 fd:01 133662                         /lib64/libgcc_s-4.4.7-20120601.so.1
3651816000-3651a15000 ---p 00016000 fd:01 133662                         /lib64/libgcc_s-4.4.7-20120601.so.1
3651a15000-3651a16000 rw-p 00015000 fd:01 133662                         /lib64/libgcc_s-4.4.7-20120601.so.1
3653000000-36530e8000 r-xp 00000000 fd:01 49938                          /usr/lib64/libstdc++.so.6.0.13
36530e8000-36532e8000 ---p 000e8000 fd:01 49938                          /usr/lib64/libstdc++.so.6.0.13
36532e8000-36532ef000 r--p 000e8000 fd:01 49938                          /usr/lib64/libstdc++.so.6.0.13
36532ef000-36532f1000 rw-p 000ef000 fd:01 49938                          /usr/lib64/libstdc++.so.6.0.13
36532f1000-3653306000 rw-p 00000000 00:00 0 
3659000000-3659098000 r-xp 00000000 fd:01 4478                           /usr/lib64/libfreetype.so.6.3.22
3659098000-3659297000 ---p 00098000 fd:01 4478                           /usr/lib64/libfreetype.so.6.3.22
3659297000-365929d000 rw-p 00097000 fd:01 4478                           /usr/lib64/libfreetype.so.6.3.22
365c200000-365c216000 r-xp 00000000 fd:01 137559                         /lib64/libnsl-2.12.so
365c216000-365c415000 ---p 00016000 fd:01 137559                         /lib64/libnsl-2.12.so
365c415000-365c416000 r--p 00015000 fd:01 137559                         /lib64/libnsl-2.12.so
365c416000-365c417000 rw-p 00016000 fd:01 137559                         /lib64/libnsl-2.12.so
365c417000-365c419000 rw-p 00000000 00:00 0 
2adb41423000-2adb41424000 rw-p 00000000 00:00 0 
2adb4143a000-2adb4143e000 rw-p 00000000 00:00 0 
2adb4143e000-2adb41e49000 r-xp 00000000 fd:01 23213                      /usr/lib/jvm/java-1.6.0-openjdk-1.6.0.0.x86_64/jre/lib/amd64/server/libjvm.so
2adb41e49000-2adb42049000 ---p 00a0b000 fd:01 23213                      /usr/lib/jvm/java-1.6.0-openjdk-1.6.0.0.x86_64/jre/lib/amd64/server/libjvm.so
2adb42049000-2adb420ea000 rw-p 00a0b000 fd:01 23213                      /usr/lib/jvm/java-1.6.0-openjdk-1.6.0.0.x86_64/jre/lib/amd64/server/libjvm.so
2adb420ea000-2adb42113000 rw-p 00000000 00:00 0 
2adb42129000-2adb421ac000 r-xp 00000000 fd:01 130627                     /lib64/libm-2.12.so
2adb421ac000-2adb423ab000 ---p 00083000 fd:01 130627                     /lib64/libm-2.12.so
2adb423ab000-2adb423ac000 r--p 00082000 fd:01 130627                     /lib64/libm-2.12.so
2adb423ac000-2adb423ad000 rw-p 00083000 fd:01 130627                     /lib64/libm-2.12.so
2adb423ad000-2adb423b0000 ---p 00000000 00:00 0 
2adb423b0000-2adb424ae000 rw-p 00000000 00:00 0 
2adb424ae000-2adb424bc000 r-xp 00000000 fd:01 23207                      /usr/lib/jvm/java-1.6.0-openjdk-1.6.0.0.x86_64/jre/lib/amd64/libverify.so
2adb424bc000-2adb426bc000 ---p 0000e000 fd:01 23207                      /usr/lib/jvm/java-1.6.0-openjdk-1.6.0.0.x86_64/jre/lib/amd64/libverify.so
2adb426bc000-2adb426be000 rw-p 0000e000 fd:01 23207                      /usr/lib/jvm/java-1.6.0-openjdk-1.6.0.0.x86_64/jre/lib/amd64/libverify.so
2adb426be000-2adb426eb000 r-xp 00000000 fd:01 23159                      /usr/lib/jvm/java-1.6.0-openjdk-1.6.0.0.x86_64/jre/lib/amd64/libjava.so
2adb426eb000-2adb428ea000 ---p 0002d000 fd:01 23159                      /usr/lib/jvm/java-1.6.0-openjdk-1.6.0.0.x86_64/jre/lib/amd64/libjava.so
2adb428ea000-2adb428ee000 rw-p 0002c000 fd:01 23159                      /usr/lib/jvm/java-1.6.0-openjdk-1.6.0.0.x86_64/jre/lib/amd64/libjava.so
2adb428ee000-2adb428ef000 r--p 00000000 00:00 0 
2adb428ef000-2adb428f0000 rw-p 00000000 00:00 0 
2adb428f0000-2adb42925000 r--s 00000000 fd:02 128540                     /var/db/nscd/passwd
2adb42925000-2adb4292d000 rw-s 00000000 fd:03 38                         /tmp/hsperfdata_dw07r324/11259
2adb4292d000-2adb42934000 r-xp 00000000 fd:01 23208                      /usr/lib/jvm/java-1.6.0-openjdk-1.6.0.0.x86_64/jre/lib/amd64/libzip.so
2adb42934000-2adb42b34000 ---p 00007000 fd:01 23208                      /usr/lib/jvm/java-1.6.0-openjdk-1.6.0.0.x86_64/jre/lib/amd64/libzip.so
2adb42b34000-2adb42b35000 rw-p 00007000 fd:01 23208                      /usr/lib/jvm/java-1.6.0-openjdk-1.6.0.0.x86_64/jre/lib/amd64/libzip.so
2adb44000000-2adb45452000 rw-p 00000000 00:00 0 
2adb45452000-2adb48000000 ---p 00000000 00:00 0 
2adb48000000-2adb48270000 rwxp 00000000 00:00 0 
2adb48270000-2adb4b000000 rw-p 00000000 00:00 0 
2adb4b000000-2adb4b00a000 rw-p 00000000 00:00 0 
2adb4b00a000-2adb4b0c0000 rw-p 00000000 00:00 0 
2adb4b0c0000-2adb4b0cb000 rw-p 00000000 00:00 0 
2adb4b0cb000-2adb4b113000 rw-p 00000000 00:00 0 
2adb4b113000-2adb4b475000 rw-p 00000000 00:00 0 
2adb4b475000-2adb4b4bd000 rw-p 00000000 00:00 0 
2adb4b4bd000-2adb4b4be000 ---p 00000000 00:00 0 
2adb4b4be000-2adb4b5be000 rw-p 00000000 00:00 0 
2adb4b5be000-2adb4b5bf000 ---p 00000000 00:00 0 
2adb4b5bf000-2adb4b6bf000 rw-p 00000000 00:00 0 
2adb4b6bf000-2adb4b6c0000 ---p 00000000 00:00 0 
2adb4b6c0000-2adb4b7c0000 rw-p 00000000 00:00 0 
2adb4b7c0000-2adb4b7c1000 ---p 00000000 00:00 0 
2adb4b7c1000-2adb4b8c1000 rw-p 00000000 00:00 0 
2adb4b8c1000-2adb4b8c2000 ---p 00000000 00:00 0 
2adb4b8c2000-2adb4b9c2000 rw-p 00000000 00:00 0 
2adb4b9c2000-2adb4b9c3000 ---p 00000000 00:00 0 
2adb4b9c3000-2adb4bac3000 rw-p 00000000 00:00 0 
2adb4bac3000-2adb4bac4000 ---p 00000000 00:00 0 
2adb4bac4000-2adb4bbc4000 rw-p 00000000 00:00 0 
2adb4bbc4000-2adb4bbc5000 ---p 00000000 00:00 0 
2adb4bbc5000-2adb4bcc5000 rw-p 00000000 00:00 0 
2adb4c000000-2adb4c021000 rw-p 00000000 00:00 0 
2adb4c021000-2adb50000000 ---p 00000000 00:00 0 
2adb54000000-2adb54021000 rw-p 00000000 00:00 0 
2adb54021000-2adb58000000 ---p 00000000 00:00 0 
2adb58000000-2adb5aea4000 rw-p 00000000 00:00 0 
2adb5aea4000-2adb5b03a000 r--s 01a15000 fd:01 23288                      /usr/lib/jvm/java-1.6.0-openjdk-1.6.0.0.x86_64/jre/lib/rt.jar
2adb5b03a000-2adb5bf20000 rw-p 00000000 00:00 0 
2adb5c000000-2adb5c021000 rw-p 00000000 00:00 0 
2adb5c021000-2adb60000000 ---p 00000000 00:00 0 
2adb60000000-2adb60d91000 rw-p 00000000 00:00 0 
2adb60d91000-2adb60d92000 ---p 00000000 00:00 0 
2adb60d92000-2adb60e92000 rw-p 00000000 00:00 0 
2adb64000000-2adb64021000 rw-p 00000000 00:00 0 
2adb64021000-2adb68000000 ---p 00000000 00:00 0 
2adb6c000000-2adb6c021000 rw-p 00000000 00:00 0 
2adb6c021000-2adb70000000 ---p 00000000 00:00 0 
2adb74000000-2adb74021000 rw-p 00000000 00:00 0 
2adb74021000-2adb78000000 ---p 00000000 00:00 0 
2adb7c000000-2adb7c021000 rw-p 00000000 00:00 0 
2adb7c021000-2adb80000000 ---p 00000000 00:00 0 
2adb84000000-2adb84021000 rw-p 00000000 00:00 0 
2adb84021000-2adb88000000 ---p 00000000 00:00 0 
2adb88000000-2adb88021000 rw-p 00000000 00:00 0 
2adb88021000-2adb8c000000 ---p 00000000 00:00 0 
2adb8c000000-2adb8c003000 ---p 00000000 00:00 0 
2adb8c003000-2adb8c101000 rw-p 00000000 00:00 0 
2adb8c101000-2adb8c104000 ---p 00000000 00:00 0 
2adb8c104000-2adb8c202000 rw-p 00000000 00:00 0 
2adb90000000-2adb90021000 rw-p 00000000 00:00 0 
2adb90021000-2adb94000000 ---p 00000000 00:00 0 
2adb94000000-2adb94021000 rw-p 00000000 00:00 0 
2adb94021000-2adb98000000 ---p 00000000 00:00 0 
2adb98000000-2adb9de91000 r--p 00000000 fd:01 49935                      /usr/lib/locale/locale-archive
2adb9de91000-2adb9de94000 ---p 00000000 00:00 0 
2adb9de94000-2adb9df92000 rw-p 00000000 00:00 0 
2adb9df92000-2adb9df95000 ---p 00000000 00:00 0 
2adb9df95000-2adb9e093000 rw-p 00000000 00:00 0 
2adb9e093000-2adb9e096000 ---p 00000000 00:00 0 
2adb9e096000-2adb9e194000 rw-p 00000000 00:00 0 
2adb9e194000-2adb9e197000 ---p 00000000 00:00 0 
2adb9e197000-2adb9e295000 rw-p 00000000 00:00 0 
2adb9e295000-2adb9e296000 ---p 00000000 00:00 0 
2adb9e296000-2adb9e396000 rw-p 00000000 00:00 0 
2adb9e396000-2adb9e398000 r--s 00009000 00:35 125760574                  /mmfs/automount/gpfs/homefs/sm/dw07r324/bin/GOAL-20140808/lib/jpf-boot.jar
2adb9e398000-2adb9e39b000 r--s 0000f000 fd:01 23233                      /usr/lib/jvm/java-1.6.0-openjdk-1.6.0.0.x86_64/jre/lib/ext/pulse-java.jar
2adb9e39b000-2adb9e3a4000 r--s 00065000 fd:01 23228                      /usr/lib/jvm/java-1.6.0-openjdk-1.6.0.0.x86_64/jre/lib/ext/gnome-java-bridge.jar
2adb9e3a4000-2adb9e3a6000 r--s 00009000 00:35 125760574                  /mmfs/automount/gpfs/homefs/sm/dw07r324/bin/GOAL-20140808/lib/jpf-boot.jar
2adb9e3a6000-2adb9e3aa000 r--s 0003c000 fd:01 14238                      /usr/lib/jvm/java-1.6.0-openjdk-1.6.0.0.x86_64/jre/lib/jsse.jar
2adb9e3aa000-2adb9e3af000 r--s 0002d000 00:35 125760577                  /mmfs/automount/gpfs/homefs/sm/dw07r324/bin/GOAL-20140808/lib/jpf.jar
2adb9e3af000-2adb9e3b1000 r--s 0000d000 00:35 125760571                  /mmfs/automount/gpfs/homefs/sm/dw07r324/bin/GOAL-20140808/lib/commons-logging.jar
2adb9e3b1000-2adb9e3b3000 r--s 00012000 00:35 125760576                  /mmfs/automount/gpfs/homefs/sm/dw07r324/bin/GOAL-20140808/lib/jpf-tools.jar
2adb9e3b3000-2adb9e3ba000 r--s 00039000 00:35 125760578                  /mmfs/automount/gpfs/homefs/sm/dw07r324/bin/GOAL-20140808/lib/jxp.jar
2adb9e3ba000-2adb9e3bc000 r--s 00004000 00:35 125760570                  /mmfs/automount/gpfs/homefs/sm/dw07r324/bin/GOAL-20140808/lib/AppleJavaExtensions.jar
2adb9e3bc000-2adb9e3c1000 r--s 0002a000 00:35 125760572                  /mmfs/automount/gpfs/homefs/sm/dw07r324/bin/GOAL-20140808/lib/gson-2.2.2.jar
2adb9e3c1000-2adb9e3c4000 r--s 0001a000 00:35 125760579                  /mmfs/automount/gpfs/homefs/sm/dw07r324/bin/GOAL-20140808/lib/minijdd_104.jar
2adb9e3c4000-2adb9e3e7000 r--s 0022d000 00:35 74219752                   /mmfs/automount/gpfs/homefs/sm/dw07r324/bin/GOAL-20140808/.jpf-shadow/org.svvrl.goal.core@2014.8.8.zip (deleted)
2adb9e3e7000-2adb9e48a000 r-xp 00000000 fd:01 13434                      /usr/lib/jvm/java-1.6.0-openjdk-1.6.0.0.x86_64/jre/lib/amd64/libawt.so
2adb9e48a000-2adb9e68a000 ---p 000a3000 fd:01 13434                      /usr/lib/jvm/java-1.6.0-openjdk-1.6.0.0.x86_64/jre/lib/amd64/libawt.so
2adb9e68a000-2adb9e696000 rw-p 000a3000 fd:01 13434                      /usr/lib/jvm/java-1.6.0-openjdk-1.6.0.0.x86_64/jre/lib/amd64/libawt.so
2adb9e696000-2adb9e6ba000 rw-p 00000000 00:00 0 
2adb9e6ba000-2adb9e6c0000 r-xp 00000000 fd:01 8525                       /usr/lib/jvm/java-1.6.0-openjdk-1.6.0.0.x86_64/jre/lib/amd64/headless/libmawt.so
2adb9e6c0000-2adb9e8bf000 ---p 00006000 fd:01 8525                       /usr/lib/jvm/java-1.6.0-openjdk-1.6.0.0.x86_64/jre/lib/amd64/headless/libmawt.so
2adb9e8bf000-2adb9e8c0000 rw-p 00005000 fd:01 8525                       /usr/lib/jvm/java-1.6.0-openjdk-1.6.0.0.x86_64/jre/lib/amd64/headless/libmawt.so
2adb9e8c0000-2adb9e8db000 r--s 0029a000 00:35 74747502                   /mmfs/automount/gpfs/homefs/sm/dw07r324/bin/GOAL-20140808/.jpf-shadow/org.svvrl.goal.gui@2014.8.8.zip
2adb9e8db000-2adb9e928000 r-xp 00000000 fd:01 13546                      /usr/lib/jvm/java-1.6.0-openjdk-1.6.0.0.x86_64/jre/lib/amd64/libfontmanager.so
2adb9e928000-2adb9eb28000 ---p 0004d000 fd:01 13546                      /usr/lib/jvm/java-1.6.0-openjdk-1.6.0.0.x86_64/jre/lib/amd64/libfontmanager.so
2adb9eb28000-2adb9eb2b000 rw-p 0004d000 fd:01 13546                      /usr/lib/jvm/java-1.6.0-openjdk-1.6.0.0.x86_64/jre/lib/amd64/libfontmanager.so
2adb9eb2b000-2adb9eb2e000 ---p 00000000 00:00 0 
2adb9eb2e000-2adb9ec2c000 rw-p 00000000 00:00 0 
2adb9ec2c000-2adb9ec33000 r--s 00000000 fd:02 1513                       /var/cache/fontconfig/12b26b760a24f8b4feb03ad48a333a72-le64.cache-3
2adb9ec33000-2adb9ec3c000 r--s 00000000 fd:02 1443                       /var/cache/fontconfig/b79f3aaa7d385a141ab53ec885cc22a8-le64.cache-3
2adb9ec3c000-2adb9ec40000 r--s 00000000 fd:02 1132                       /var/cache/fontconfig/87f5e051180a7a75f16eb6fe7dbd3749-le64.cache-3
2adb9ec40000-2adb9ec56000 r-xp 00000000 fd:01 23199                      /usr/lib/jvm/java-1.6.0-openjdk-1.6.0.0.x86_64/jre/lib/amd64/libnet.so
2adb9ec56000-2adb9ee55000 ---p 00016000 fd:01 23199                      /usr/lib/jvm/java-1.6.0-openjdk-1.6.0.0.x86_64/jre/lib/amd64/libnet.so
2adb9ee55000-2adb9ee56000 rw-p 00015000 fd:01 23199                      /usr/lib/jvm/java-1.6.0-openjdk-1.6.0.0.x86_64/jre/lib/amd64/libnet.so
2adb9ee56000-2adb9ee5e000 r-xp 00000000 fd:01 23200                      /usr/lib/jvm/java-1.6.0-openjdk-1.6.0.0.x86_64/jre/lib/amd64/libnio.so
2adb9ee5e000-2adb9f05d000 ---p 00008000 fd:01 23200                      /usr/lib/jvm/java-1.6.0-openjdk-1.6.0.0.x86_64/jre/lib/amd64/libnio.so
2adb9f05d000-2adb9f05e000 rw-p 00007000 fd:01 23200                      /usr/lib/jvm/java-1.6.0-openjdk-1.6.0.0.x86_64/jre/lib/amd64/libnio.so
2adb9f05e000-2adb9f065000 r--s 00000000 fd:02 1513                       /var/cache/fontconfig/12b26b760a24f8b4feb03ad48a333a72-le64.cache-3
2adb9f065000-2adb9f06e000 r--s 00000000 fd:02 1443                       /var/cache/fontconfig/b79f3aaa7d385a141ab53ec885cc22a8-le64.cache-3
2adb9f06e000-2adb9f072000 r--s 00000000 fd:02 1132                       /var/cache/fontconfig/87f5e051180a7a75f16eb6fe7dbd3749-le64.cache-3
2adb9f072000-2adb9f078000 r--s 0004b000 00:35 125951214                  /mmfs/automount/gpfs/homefs/sm/dw07r324/bin/GOAL-20140808/.jpf-shadow/org.svvrl.goal.cmd@2014.8.8.zip
2adb9f078000-2adb9f07a000 rw-p 00000000 00:00 0 
2adba0000000-2adba0021000 rw-p 00000000 00:00 0 
2adba0021000-2adba4000000 ---p 00000000 00:00 0 
2adba4000000-2adba4ce3000 rw-p 00000000 00:00 0 
2adba4ce3000-2adba8000000 ---p 00000000 00:00 0 
2adba8000000-2adba9221000 rw-p 00000000 00:00 0 
2adba9221000-2adbac000000 ---p 00000000 00:00 0 
2adbac000000-2adbac021000 rw-p 00000000 00:00 0 
2adbac021000-2adbb0000000 ---p 00000000 00:00 0 
2adbb0000000-2adbb0021000 rw-p 00000000 00:00 0 
2adbb0021000-2adbb4000000 ---p 00000000 00:00 0 
2adbb4000000-2adbb4021000 rw-p 00000000 00:00 0 
2adbb4021000-2adbb8000000 ---p 00000000 00:00 0 
7fff931f7000-7fff9322d000 rw-p 00000000 00:00 0                          [stack]
7fff93275000-7fff93276000 r-xp 00000000 00:00 0                          [vdso]
ffffffffff600000-ffffffffff601000 r-xp 00000000 00:00 0                  [vsyscall]

VM Arguments:
jvm_args: -Xmx1G -Xms1G -DapplicationRoot=/home/ubelix/sm/dw07r324/bin/GOAL-20140808 -Dorg.java.plugin.boot.pluginsRepositories=/home/ubelix/sm/dw07r324/bin/GOAL-20140808/plugins -Djpf.boot.config=/home/ubelix/sm/dw07r324/bin/GOAL-20140808/boot.properties -Dorg.apache.commons.logging.Log=org.apache.commons.logging.impl.SimpleLog -Dorg.apache.commons.logging.simplelog.log.org.java.plugin=fatal 
java_command: /home/ubelix/sm/dw07r324/bin/GOAL-20140808/lib/jpf-boot.jar complement -m piterman -eq -macc -sp -ro -r /scratch/local/8663605.1.all.q/test_set_s15/s15_t2.0_a0.9_078.gff
Launcher Type: SUN_STANDARD

Environment Variables:
CLASSPATH=/home/ubelix/sm/dw07r324/bin/GOAL-20140808:/home/ubelix/sm/dw07r324/bin/GOAL-20140808/plugins:/home/ubelix/sm/dw07r324/bin/GOAL-20140808/lib:
PATH=/scratch/local/8663605.1.all.q:/usr/lib64/qt-3.3/bin:/usr/local/bin:/bin:/usr/bin:/usr/local/sbin:/usr/sbin:/sbin:/usr/lpp/mmfs/bin:/home/ubelix/sm/dw07r324/bin/GOAL-20140808:/home/ubelix/sm/dw07r324/bin/gnu_time/bin:/usr/lpp/mmfs/bin
LD_LIBRARY_PATH=/usr/lib/jvm/java-1.6.0-openjdk-1.6.0.0.x86_64/jre/lib/amd64/server:/usr/lib/jvm/java-1.6.0-openjdk-1.6.0.0.x86_64/jre/lib/amd64:/usr/lib/jvm/java-1.6.0-openjdk-1.6.0.0.x86_64/jre/../lib/amd64
SHELL=/bin/bash

Signal Handlers:
SIGSEGV: [libjvm.so+0x870a40], sa_mask[0]=0x7ffbfeff, sa_flags=0x10000004
SIGBUS: [libjvm.so+0x870a40], sa_mask[0]=0x7ffbfeff, sa_flags=0x10000004
SIGFPE: [libjvm.so+0x719240], sa_mask[0]=0x7ffbfeff, sa_flags=0x10000004
SIGPIPE: [libjvm.so+0x719240], sa_mask[0]=0x7ffbfeff, sa_flags=0x10000004
SIGXFSZ: [libjvm.so+0x719240], sa_mask[0]=0x7ffbfeff, sa_flags=0x10000004
SIGILL: [libjvm.so+0x719240], sa_mask[0]=0x7ffbfeff, sa_flags=0x10000004
SIGUSR1: SIG_DFL, sa_mask[0]=0x00000000, sa_flags=0x00000000
SIGUSR2: [libjvm.so+0x718d60], sa_mask[0]=0x00000000, sa_flags=0x10000004
SIGHUP: [libjvm.so+0x71bdf0], sa_mask[0]=0x7ffbfeff, sa_flags=0x10000004
SIGINT: [libjvm.so+0x71bdf0], sa_mask[0]=0x7ffbfeff, sa_flags=0x10000004
SIGTERM: [libjvm.so+0x71bdf0], sa_mask[0]=0x7ffbfeff, sa_flags=0x10000004
SIGQUIT: [libjvm.so+0x71bdf0], sa_mask[0]=0x7ffbfeff, sa_flags=0x10000004


---------------  S Y S T E M  ---------------

OS:Red Hat Enterprise Linux ComputeNode release 6.5 (Santiago)

uname:Linux 2.6.32-431.29.2.el6.x86_64 #1 SMP Sun Jul 27 15:55:46 EDT 2014 x86_64
libc:glibc 2.12 NPTL 2.12 
rlimit: STACK infinity, CORE infinity, NPROC 127431, NOFILE 4096, AS 8388608k
load average:3.71 4.00 4.08

/proc/meminfo:
MemTotal:       16331612 kB
MemFree:         5029120 kB
Buffers:           12488 kB
Cached:          6054216 kB
SwapCached:           88 kB
Active:          2900056 kB
Inactive:        3721052 kB
Active(anon):     491080 kB
Inactive(anon):    63548 kB
Active(file):    2408976 kB
Inactive(file):  3657504 kB
Unevictable:     4082900 kB
Mlocked:         4082900 kB
SwapTotal:       8388604 kB
SwapFree:        8388380 kB
Dirty:                96 kB
Writeback:             0 kB
AnonPages:       4637592 kB
Mapped:            98960 kB
Shmem:               192 kB
Slab:             374388 kB
SReclaimable:     306892 kB
SUnreclaim:        67496 kB
KernelStack:        4720 kB
PageTables:        16848 kB
NFS_Unstable:          0 kB
Bounce:                0 kB
WritebackTmp:          0 kB
CommitLimit:    16554408 kB
Committed_AS:    6813816 kB
VmallocTotal:   34359738367 kB
VmallocUsed:      109412 kB
VmallocChunk:   34351234244 kB
HardwareCorrupted:     0 kB
AnonHugePages:         0 kB
HugePages_Total:       0
HugePages_Free:        0
HugePages_Rsvd:        0
HugePages_Surp:        0
Hugepagesize:       2048 kB
DirectMap4k:        9920 kB
DirectMap2M:     2086912 kB
DirectMap1G:    14680064 kB


CPU:total 8 (4 cores per cpu, 1 threads per core) family 16 model 2 stepping 3, cmov, cx8, fxsr, mmx, sse, sse2, sse3, popcnt, mmxext, 3dnowpref, lzcnt, sse4a, tsc, tscinvbit, tscinv

/proc/cpuinfo:
processor	: 0
vendor_id	: AuthenticAMD
cpu family	: 16
model		: 2
model name	: Quad-Core AMD Opteron(tm) Processor 2354
stepping	: 3
cpu MHz		: 2200.000
cache size	: 512 KB
physical id	: 0
siblings	: 4
core id		: 0
cpu cores	: 4
apicid		: 0
initial apicid	: 0
fpu		: yes
fpu_exception	: yes
cpuid level	: 5
wp		: yes
flags		: fpu vme de pse tsc msr pae mce cx8 apic sep mtrr pge mca cmov pat pse36 clflush mmx fxsr sse sse2 ht syscall nx mmxext fxsr_opt pdpe1gb rdtscp lm 3dnowext 3dnow constant_tsc rep_good nonstop_tsc extd_apicid pni monitor cx16 popcnt lahf_lm cmp_legacy svm extapic cr8_legacy abm sse4a misalignsse 3dnowprefetch osvw ibs npt lbrv svm_lock
bogomips	: 4422.88
TLB size	: 1024 4K pages
clflush size	: 64
cache_alignment	: 64
address sizes	: 48 bits physical, 48 bits virtual
power management: ts ttp tm stc 100mhzsteps hwpstate

processor	: 1
vendor_id	: AuthenticAMD
cpu family	: 16
model		: 2
model name	: Quad-Core AMD Opteron(tm) Processor 2354
stepping	: 3
cpu MHz		: 2200.000
cache size	: 512 KB
physical id	: 0
siblings	: 4
core id		: 1
cpu cores	: 4
apicid		: 1
initial apicid	: 1
fpu		: yes
fpu_exception	: yes
cpuid level	: 5
wp		: yes
flags		: fpu vme de pse tsc msr pae mce cx8 apic sep mtrr pge mca cmov pat pse36 clflush mmx fxsr sse sse2 ht syscall nx mmxext fxsr_opt pdpe1gb rdtscp lm 3dnowext 3dnow constant_tsc rep_good nonstop_tsc extd_apicid pni monitor cx16 popcnt lahf_lm cmp_legacy svm extapic cr8_legacy abm sse4a misalignsse 3dnowprefetch osvw ibs npt lbrv svm_lock
bogomips	: 4422.88
TLB size	: 1024 4K pages
clflush size	: 64
cache_alignment	: 64
address sizes	: 48 bits physical, 48 bits virtual
power management: ts ttp tm stc 100mhzsteps hwpstate

processor	: 2
vendor_id	: AuthenticAMD
cpu family	: 16
model		: 2
model name	: Quad-Core AMD Opteron(tm) Processor 2354
stepping	: 3
cpu MHz		: 2200.000
cache size	: 512 KB
physical id	: 0
siblings	: 4
core id		: 2
cpu cores	: 4
apicid		: 2
initial apicid	: 2
fpu		: yes
fpu_exception	: yes
cpuid level	: 5
wp		: yes
flags		: fpu vme de pse tsc msr pae mce cx8 apic sep mtrr pge mca cmov pat pse36 clflush mmx fxsr sse sse2 ht syscall nx mmxext fxsr_opt pdpe1gb rdtscp lm 3dnowext 3dnow constant_tsc rep_good nonstop_tsc extd_apicid pni monitor cx16 popcnt lahf_lm cmp_legacy svm extapic cr8_legacy abm sse4a misalignsse 3dnowprefetch osvw ibs npt lbrv svm_lock
bogomips	: 4422.88
TLB size	: 1024 4K pages
clflush size	: 64
cache_alignment	: 64
address sizes	: 48 bits physical, 48 bits virtual
power management: ts ttp tm stc 100mhzsteps hwpstate

processor	: 3
vendor_id	: AuthenticAMD
cpu family	: 16
model		: 2
model name	: Quad-Core AMD Opteron(tm) Processor 2354
stepping	: 3
cpu MHz		: 2200.000
cache size	: 512 KB
physical id	: 0
siblings	: 4
core id		: 3
cpu cores	: 4
apicid		: 3
initial apicid	: 3
fpu		: yes
fpu_exception	: yes
cpuid level	: 5
wp		: yes
flags		: fpu vme de pse tsc msr pae mce cx8 apic sep mtrr pge mca cmov pat pse36 clflush mmx fxsr sse sse2 ht syscall nx mmxext fxsr_opt pdpe1gb rdtscp lm 3dnowext 3dnow constant_tsc rep_good nonstop_tsc extd_apicid pni monitor cx16 popcnt lahf_lm cmp_legacy svm extapic cr8_legacy abm sse4a misalignsse 3dnowprefetch osvw ibs npt lbrv svm_lock
bogomips	: 4422.88
TLB size	: 1024 4K pages
clflush size	: 64
cache_alignment	: 64
address sizes	: 48 bits physical, 48 bits virtual
power management: ts ttp tm stc 100mhzsteps hwpstate

processor	: 4
vendor_id	: AuthenticAMD
cpu family	: 16
model		: 2
model name	: Quad-Core AMD Opteron(tm) Processor 2354
stepping	: 3
cpu MHz		: 2200.000
cache size	: 512 KB
physical id	: 1
siblings	: 4
core id		: 0
cpu cores	: 4
apicid		: 4
initial apicid	: 4
fpu		: yes
fpu_exception	: yes
cpuid level	: 5
wp		: yes
flags		: fpu vme de pse tsc msr pae mce cx8 apic sep mtrr pge mca cmov pat pse36 clflush mmx fxsr sse sse2 ht syscall nx mmxext fxsr_opt pdpe1gb rdtscp lm 3dnowext 3dnow constant_tsc rep_good nonstop_tsc extd_apicid pni monitor cx16 popcnt lahf_lm cmp_legacy svm extapic cr8_legacy abm sse4a misalignsse 3dnowprefetch osvw ibs npt lbrv svm_lock
bogomips	: 4422.23
TLB size	: 1024 4K pages
clflush size	: 64
cache_alignment	: 64
address sizes	: 48 bits physical, 48 bits virtual
power management: ts ttp tm stc 100mhzsteps hwpstate

processor	: 5
vendor_id	: AuthenticAMD
cpu family	: 16
model		: 2
model name	: Quad-Core AMD Opteron(tm) Processor 2354
stepping	: 3
cpu MHz		: 2200.000
cache size	: 512 KB
physical id	: 1
siblings	: 4
core id		: 1
cpu cores	: 4
apicid		: 5
initial apicid	: 5
fpu		: yes
fpu_exception	: yes
cpuid level	: 5
wp		: yes
flags		: fpu vme de pse tsc msr pae mce cx8 apic sep mtrr pge mca cmov pat pse36 clflush mmx fxsr sse sse2 ht syscall nx mmxext fxsr_opt pdpe1gb rdtscp lm 3dnowext 3dnow constant_tsc rep_good nonstop_tsc extd_apicid pni monitor cx16 popcnt lahf_lm cmp_legacy svm extapic cr8_legacy abm sse4a misalignsse 3dnowprefetch osvw ibs npt lbrv svm_lock
bogomips	: 4422.23
TLB size	: 1024 4K pages
clflush size	: 64
cache_alignment	: 64
address sizes	: 48 bits physical, 48 bits virtual
power management: ts ttp tm stc 100mhzsteps hwpstate

processor	: 6
vendor_id	: AuthenticAMD
cpu family	: 16
model		: 2
model name	: Quad-Core AMD Opteron(tm) Processor 2354
stepping	: 3
cpu MHz		: 2200.000
cache size	: 512 KB
physical id	: 1
siblings	: 4
core id		: 2
cpu cores	: 4
apicid		: 6
initial apicid	: 6
fpu		: yes
fpu_exception	: yes
cpuid level	: 5
wp		: yes
flags		: fpu vme de pse tsc msr pae mce cx8 apic sep mtrr pge mca cmov pat pse36 clflush mmx fxsr sse sse2 ht syscall nx mmxext fxsr_opt pdpe1gb rdtscp lm 3dnowext 3dnow constant_tsc rep_good nonstop_tsc extd_apicid pni monitor cx16 popcnt lahf_lm cmp_legacy svm extapic cr8_legacy abm sse4a misalignsse 3dnowprefetch osvw ibs npt lbrv svm_lock
bogomips	: 4422.23
TLB size	: 1024 4K pages
clflush size	: 64
cache_alignment	: 64
address sizes	: 48 bits physical, 48 bits virtual
power management: ts ttp tm stc 100mhzsteps hwpstate

processor	: 7
vendor_id	: AuthenticAMD
cpu family	: 16
model		: 2
model name	: Quad-Core AMD Opteron(tm) Processor 2354
stepping	: 3
cpu MHz		: 2200.000
cache size	: 512 KB
physical id	: 1
siblings	: 4
core id		: 3
cpu cores	: 4
apicid		: 7
initial apicid	: 7
fpu		: yes
fpu_exception	: yes
cpuid level	: 5
wp		: yes
flags		: fpu vme de pse tsc msr pae mce cx8 apic sep mtrr pge mca cmov pat pse36 clflush mmx fxsr sse sse2 ht syscall nx mmxext fxsr_opt pdpe1gb rdtscp lm 3dnowext 3dnow constant_tsc rep_good nonstop_tsc extd_apicid pni monitor cx16 popcnt lahf_lm cmp_legacy svm extapic cr8_legacy abm sse4a misalignsse 3dnowprefetch osvw ibs npt lbrv svm_lock
bogomips	: 4422.23
TLB size	: 1024 4K pages
clflush size	: 64
cache_alignment	: 64
address sizes	: 48 bits physical, 48 bits virtual
power management: ts ttp tm stc 100mhzsteps hwpstate



Memory: 4k page, physical 16331612k(5029120k free), swap 8388604k(8388380k free)

vm_info: OpenJDK 64-Bit Server VM (23.25-b01) for linux-amd64 JRE (1.6.0_32-b32), built on Aug 21 2014 11:15:48 by "mockbuild" with gcc 4.4.7 20120313 (Red Hat 4.4.7-4)

time: Tue Sep 23 09:55:11 2014
elapsed time: 8 seconds

