#
# A fatal error has been detected by the Java Runtime Environment:
#
#  SIGBUS (0x7) at pc=0x00002ad1d4c7e522, pid=23502, tid=47080701667072
#
# JRE version: 6.0_32-b32
# Java VM: OpenJDK 64-Bit Server VM (23.25-b01 mixed mode linux-amd64 compressed oops)
# Problematic frame:
# C  [libzip.so+0x4522]  ZIP_Lock+0x252
#
# Core dump written. Default location: /mmfs/automount/gpfs/homefs/sm/dw07r324/jobs/piterman.eq.macc.sp.ro.r/core or core.23502
#
# If you would like to submit a bug report, please include
# instructions how to reproduce the bug and visit:
#   http://icedtea.classpath.org/bugzilla
# The crash happened outside the Java Virtual Machine in native code.
# See problematic frame for where to report the bug.
#

---------------  T H R E A D  ---------------

Current thread (0x00002ad1d8008000):  JavaThread "main" [_thread_in_native, id=23503, stack(0x00002ad1d46fa000,0x00002ad1d47fb000)]

siginfo:si_signo=SIGBUS: si_errno=0, si_code=2 (BUS_ADRERR), si_addr=0x00002ad2230752b7

Registers:
RAX=0x00002ad1d966b2e0, RBX=0x00002ad22307529a, RCX=0x0000000020000000, RDX=0x0000000000000b21
RSP=0x00002ad1d47f8250, RBP=0x00002ad1d47f8290, RSI=0x0000000000000002, RDI=0x0000000000000002
R8 =0x00002ad1d8000088, R9 =0x0000000000000001, R10=0x0000000000000040, R11=0x00002ad1d3f2a660
R12=0x00002ad1d966b2e0, R13=0x00002ad1d90817f0, R14=0x00002ad1d47f8300, R15=0x00002ad1d966b2e0
RIP=0x00002ad1d4c7e522, EFLAGS=0x0000000000010206, CSGSFS=0x0000000000000033, ERR=0x0000000000000004
  TRAPNO=0x000000000000000e

Top of Stack: (sp=0x00002ad1d47f8250)
0x00002ad1d47f8250:   00002ad1d9077840 00002ad1d3e7405e
0x00002ad1d47f8260:   00000000000000b4 00002ad1d9064730
0x00002ad1d47f8270:   00002ad1d90817f0 0000000082f1e6bc
0x00002ad1d47f8280:   00002ad1d47f8300 000000000000002f
0x00002ad1d47f8290:   00002ad1d47f82e0 00002ad1d4c7eae2
0x00002ad1d47f82a0:   00002ad1d8008000 00002ad1d906baa0
0x00002ad1d47f82b0:   00002ad1d47f8320 00002ad1d80081d8
0x00002ad1d47f82c0:   00002ad1d47f8300 000000000000002f
0x00002ad1d47f82d0:   00002ad1d47f87d8 00002ad1d47f8300
0x00002ad1d47f82e0:   00002ad1d47f8740 00002ad1d4c7dae4
0x00002ad1d47f82f0:   0000002f01000000 00002ad1d90817f0
0x00002ad1d47f8300:   2f73657373616c63 727676732f67726f
0x00002ad1d47f8310:   632f6c616f672f6c 73656d614e2f646d
0x00002ad1d47f8320:   6f69736e65747845 007373616c632e6e
0x00002ad1d47f8330:   00000000b60e89e0 0000000400000000
0x00002ad1d47f8340:   00002ad1d8008b90 00002ad1d8024c70
0x00002ad1d47f8350:   00002ad1d47f8380 00002ad1d8008000
0x00002ad1d47f8360:   00000000b5cc4b00 000000000000001a
0x00002ad1d47f8370:   00002ad1d8008000 00000000b5cc4b00
0x00002ad1d47f8380:   00002ad1d47f83e0 00002ad1d3cbe5f2
0x00002ad1d47f8390:   00002ad1d8008000 00002ad100000000
0x00002ad1d47f83a0:   00002ad1d8008000 00002ad1b5fcf290
0x00002ad1d47f83b0:   00002ad1d80077d0 00000000000000bd
0x00002ad1d47f83c0:   0000000000000000 00002ad1d8008000
0x00002ad1d47f83d0:   00002ad1d47f8400 00002ad100000000
0x00002ad1d47f83e0:   00000000b5cc8c58 00002a0000000061
0x00002ad1d47f83f0:   00000000b5bdfef5 00000000f0c2b838
0x00002ad1d47f8400:   00002ad1d47f8400 00000000b5cc69cb
0x00002ad1d47f8410:   00002ad1d47f8460 00002ad1d8008b80
0x00002ad1d47f8420:   0000000000000000 0000000000000001
0x00002ad1d47f8430:   00002ad1d8008000 ffffffffffffffff
0x00002ad1d47f8440:   00002ad1d47f84b0 00002ad1d3c7aa03 

Instructions: (pc=0x00002ad1d4c7e522)
0x00002ad1d4c7e502:   00 00 00 00 00 48 c7 40 30 00 00 00 00 48 c7 40
0x00002ad1d4c7e512:   28 00 00 00 00 8b 5b 04 49 2b 5d 28 49 03 5d 18
0x00002ad1d4c7e522:   44 0f b6 73 1d 0f b6 43 1c 41 c1 e6 08 41 09 c6
0x00002ad1d4c7e532:   0f b6 43 1e 88 45 ce 0f b6 43 1f 88 45 cf 0f b6 

Register to memory mapping:

RAX=0x00002ad1d966b2e0 is an unknown value
RBX=0x00002ad22307529a is an unknown value
RCX=0x0000000020000000 is an unknown value
RDX=0x0000000000000b21 is an unknown value
RSP=0x00002ad1d47f8250 is pointing into the stack for thread: 0x00002ad1d8008000
RBP=0x00002ad1d47f8290 is pointing into the stack for thread: 0x00002ad1d8008000
RSI=0x0000000000000002 is an unknown value
RDI=0x0000000000000002 is an unknown value
R8 =0x00002ad1d8000088 is an unknown value
R9 =0x0000000000000001 is an unknown value
R10=0x0000000000000040 is an unknown value
R11=0x00002ad1d3f2a660: <offset 0x79f660> in /usr/lib/jvm/java-1.6.0-openjdk-1.6.0.0.x86_64/jre/lib/amd64/server/libjvm.so at 0x00002ad1d378b000
R12=0x00002ad1d966b2e0 is an unknown value
R13=0x00002ad1d90817f0 is an unknown value
R14=0x00002ad1d47f8300 is pointing into the stack for thread: 0x00002ad1d8008000
R15=0x00002ad1d966b2e0 is an unknown value


Stack: [0x00002ad1d46fa000,0x00002ad1d47fb000],  sp=0x00002ad1d47f8250,  free space=1016k
Native frames: (J=compiled Java code, j=interpreted, Vv=VM code, C=native code)
C  [libzip.so+0x4522]  ZIP_Lock+0x252
C  [libzip.so+0x4ae2]  ZIP_GetEntry+0xc2
C  [libzip.so+0x3ae4]  Java_java_util_zip_ZipFile_getEntry+0xc4
j  java.util.zip.ZipFile.getEntry(JLjava/lang/String;Z)J+0
j  java.util.zip.ZipFile.getEntry(Ljava/lang/String;)Ljava/util/zip/ZipEntry;+31
j  java.util.jar.JarFile.getEntry(Ljava/lang/String;)Ljava/util/zip/ZipEntry;+2
j  sun.net.www.protocol.jar.URLJarFile.getEntry(Ljava/lang/String;)Ljava/util/zip/ZipEntry;+2
j  sun.net.www.protocol.jar.JarURLConnection.connect()V+62
j  sun.net.www.protocol.jar.JarURLConnection.getInputStream()Ljava/io/InputStream;+1
j  sun.misc.URLClassPath$Loader.getResource(Ljava/lang/String;Z)Lsun/misc/Resource;+48
j  sun.misc.URLClassPath.getResource(Ljava/lang/String;Z)Lsun/misc/Resource;+53
j  java.net.URLClassLoader$1.run()Ljava/lang/Object;+26
v  ~StubRoutines::call_stub
V  [libjvm.so+0x537e3e]  AsyncGetCallTrace+0xd776e
V  [libjvm.so+0x536ad8]  AsyncGetCallTrace+0xd6408
V  [libjvm.so+0x597140]  JVM_DoPrivileged+0x400
j  java.security.AccessController.doPrivileged(Ljava/security/PrivilegedExceptionAction;Ljava/security/AccessControlContext;)Ljava/lang/Object;+0
j  java.net.URLClassLoader.findClass(Ljava/lang/String;)Ljava/lang/Class;+13
j  org.java.plugin.standard.StandardPluginClassLoader.loadLocalClass(Ljava/lang/String;ZLorg/java/plugin/standard/StandardPluginClassLoader;)Ljava/lang/Class;+97
j  org.java.plugin.standard.StandardPluginClassLoader.loadClass(Ljava/lang/String;Z)Ljava/lang/Class;+62
j  java.lang.ClassLoader.loadClass(Ljava/lang/String;)Ljava/lang/Class;+3
j  org.svvrl.goal.cmd.CmdPlugin.loadCommandExtensions(Lorg/java/plugin/PluginManager;Lorg/svvrl/goal/cmd/CmdPlugin;)V+80
j  org.svvrl.goal.cmd.CmdPlugin.loadExtensions()V+49
j  org.svvrl.goal.cmd.CommandRepository.initialize()V+0
j  org.svvrl.goal.cmd.CommandRepository.getCommand(Ljava/lang/String;Ljava/util/List;)Lorg/svvrl/goal/cmd/CommandExpression;+0
j  org.svvrl.goal.cmd.parser.CMDParser.cmd_expr()Lorg/svvrl/goal/cmd/Expression;+22
j  org.svvrl.goal.cmd.parser.CMDParser.instr()Lorg/svvrl/goal/cmd/Statement;+1140
j  org.svvrl.goal.cmd.CmdHandler.start([Ljava/lang/String;)V+150
j  org.svvrl.goal.core.CorePlugin.startApplication()V+30
j  org.java.plugin.boot.Boot.boot(Lorg/java/plugin/util/ExtendedProperties;ZLjava/lang/String;Lorg/java/plugin/boot/BootErrorHandler;[Ljava/lang/String;)Lorg/java/plugin/boot/Application;+354
j  org.java.plugin.boot.Boot.main([Ljava/lang/String;)V+162
v  ~StubRoutines::call_stub
V  [libjvm.so+0x537e3e]  AsyncGetCallTrace+0xd776e
V  [libjvm.so+0x536ad8]  AsyncGetCallTrace+0xd6408
V  [libjvm.so+0x5452a7]  JNI_CreateJavaVM+0x12e7
V  [libjvm.so+0x55a4eb]  JNI_CreateJavaVM+0x1652b
C  [java+0x374d]  JavaMain+0xd0d

Java frames: (J=compiled Java code, j=interpreted, Vv=VM code)
j  java.util.zip.ZipFile.getEntry(JLjava/lang/String;Z)J+0
j  java.util.zip.ZipFile.getEntry(Ljava/lang/String;)Ljava/util/zip/ZipEntry;+31
j  java.util.jar.JarFile.getEntry(Ljava/lang/String;)Ljava/util/zip/ZipEntry;+2
j  sun.net.www.protocol.jar.URLJarFile.getEntry(Ljava/lang/String;)Ljava/util/zip/ZipEntry;+2
j  sun.net.www.protocol.jar.JarURLConnection.connect()V+62
j  sun.net.www.protocol.jar.JarURLConnection.getInputStream()Ljava/io/InputStream;+1
j  sun.misc.URLClassPath$Loader.getResource(Ljava/lang/String;Z)Lsun/misc/Resource;+48
j  sun.misc.URLClassPath.getResource(Ljava/lang/String;Z)Lsun/misc/Resource;+53
j  java.net.URLClassLoader$1.run()Ljava/lang/Object;+26
v  ~StubRoutines::call_stub
j  java.security.AccessController.doPrivileged(Ljava/security/PrivilegedExceptionAction;Ljava/security/AccessControlContext;)Ljava/lang/Object;+0
j  java.net.URLClassLoader.findClass(Ljava/lang/String;)Ljava/lang/Class;+13
j  org.java.plugin.standard.StandardPluginClassLoader.loadLocalClass(Ljava/lang/String;ZLorg/java/plugin/standard/StandardPluginClassLoader;)Ljava/lang/Class;+97
j  org.java.plugin.standard.StandardPluginClassLoader.loadClass(Ljava/lang/String;Z)Ljava/lang/Class;+62
j  java.lang.ClassLoader.loadClass(Ljava/lang/String;)Ljava/lang/Class;+3
j  org.svvrl.goal.cmd.CmdPlugin.loadCommandExtensions(Lorg/java/plugin/PluginManager;Lorg/svvrl/goal/cmd/CmdPlugin;)V+80
j  org.svvrl.goal.cmd.CmdPlugin.loadExtensions()V+49
j  org.svvrl.goal.cmd.CommandRepository.initialize()V+0
j  org.svvrl.goal.cmd.CommandRepository.getCommand(Ljava/lang/String;Ljava/util/List;)Lorg/svvrl/goal/cmd/CommandExpression;+0
j  org.svvrl.goal.cmd.parser.CMDParser.cmd_expr()Lorg/svvrl/goal/cmd/Expression;+22
j  org.svvrl.goal.cmd.parser.CMDParser.instr()Lorg/svvrl/goal/cmd/Statement;+1140
j  org.svvrl.goal.cmd.CmdHandler.start([Ljava/lang/String;)V+150
j  org.svvrl.goal.core.CorePlugin.startApplication()V+30
j  org.java.plugin.boot.Boot.boot(Lorg/java/plugin/util/ExtendedProperties;ZLjava/lang/String;Lorg/java/plugin/boot/BootErrorHandler;[Ljava/lang/String;)Lorg/java/plugin/boot/Application;+354
j  org.java.plugin.boot.Boot.main([Ljava/lang/String;)V+162
v  ~StubRoutines::call_stub

---------------  P R O C E S S  ---------------

Java Threads: ( => current thread )
  0x00002ad1d8fdb000 JavaThread "Java2D Disposer" daemon [_thread_blocked, id=23520, stack(0x00002ad222b2b000,0x00002ad222c2c000)]
  0x00002ad1d8101800 JavaThread "Low Memory Detector" daemon [_thread_blocked, id=23518, stack(0x00002ad222194000,0x00002ad222295000)]
  0x00002ad1d80ff000 JavaThread "C2 CompilerThread1" daemon [_thread_blocked, id=23517, stack(0x00002ad222093000,0x00002ad222194000)]
  0x00002ad1d80fc800 JavaThread "C2 CompilerThread0" daemon [_thread_blocked, id=23516, stack(0x00002ad221f92000,0x00002ad222093000)]
  0x00002ad1d80fa000 JavaThread "Signal Dispatcher" daemon [_thread_blocked, id=23515, stack(0x00002ad221e91000,0x00002ad221f92000)]
  0x00002ad1d80ab800 JavaThread "Finalizer" daemon [_thread_blocked, id=23514, stack(0x00002ad210101000,0x00002ad210202000)]
  0x00002ad1d80a9800 JavaThread "Reference Handler" daemon [_thread_blocked, id=23513, stack(0x00002ad210000000,0x00002ad210101000)]
=>0x00002ad1d8008000 JavaThread "main" [_thread_in_native, id=23503, stack(0x00002ad1d46fa000,0x00002ad1d47fb000)]

Other Threads:
  0x00002ad1d809a800 VMThread [stack: 0x00002ad1f8d91000,0x00002ad1f8e92000] [id=23512]
  0x00002ad1d810c800 WatcherThread [stack: 0x00002ad222295000,0x00002ad222396000] [id=23519]

VM state:not at safepoint (normal execution)

VM Mutex/Monitor currently owned by a thread: None

Heap
 PSYoungGen      total 305856K, used 104992K [0x00000000eaab0000, 0x0000000100000000, 0x0000000100000000)
  eden space 262208K, 40% used [0x00000000eaab0000,0x00000000f1138108,0x00000000faac0000)
  from space 43648K, 0% used [0x00000000fd560000,0x00000000fd560000,0x0000000100000000)
  to   space 43648K, 0% used [0x00000000faac0000,0x00000000faac0000,0x00000000fd560000)
 ParOldGen       total 699072K, used 0K [0x00000000c0000000, 0x00000000eaab0000, 0x00000000eaab0000)
  object space 699072K, 0% used [0x00000000c0000000,0x00000000c0000000,0x00000000eaab0000)
 PSPermGen       total 21248K, used 11298K [0x00000000b5a00000, 0x00000000b6ec0000, 0x00000000c0000000)
  object space 21248K, 53% used [0x00000000b5a00000,0x00000000b6508a18,0x00000000b6ec0000)

Card table byte_map: [0x00002ad1dc000000,0x00002ad1dc254000] byte_map_base: 0x00002ad1dba53000

Polling page: 0x00002ad1d4c3b000

Code Cache  [0x00002ad1d4e82000, 0x00002ad1d50f2000, 0x00002ad1d7e82000)
 total_blobs=455 nmethods=175 adapters=233 free_code_cache=48220Kb largest_free_block=49357696

Compilation events (10 events):
Event: 2.239 Thread 0x00002ad1d80fc800 nmethod 166 0x00002ad1d4f68010 code [0x00002ad1d4f68160, 0x00002ad1d4f68508]
Event: 2.266 Thread 0x00002ad1d80ff000 nmethod 168 0x00002ad1d4f6e390 code [0x00002ad1d4f6e580, 0x00002ad1d4f6f0a8]
Event: 2.447 Thread 0x00002ad1d80fc800  169             java.lang.Character::toLowerCase (9 bytes)
Event: 2.447 Thread 0x00002ad1d80ff000  170             java.lang.CharacterDataLatin1::toLowerCase (39 bytes)
Event: 2.448 Thread 0x00002ad1d80ff000 nmethod 170 0x00002ad1d4f67d50 code [0x00002ad1d4f67e80, 0x00002ad1d4f67f38]
Event: 2.449 Thread 0x00002ad1d80fc800 nmethod 169 0x00002ad1d4f659d0 code [0x00002ad1d4f65b20, 0x00002ad1d4f65c78]
Event: 2.497 Thread 0x00002ad1d80ff000  171             java.lang.System::getSecurityManager (4 bytes)
Event: 2.498 Thread 0x00002ad1d80ff000 nmethod 171 0x00002ad1d4f657d0 code [0x00002ad1d4f65900, 0x00002ad1d4f65958]
Event: 2.531 Thread 0x00002ad1d80fc800  172             java.net.URL::getHost (5 bytes)
Event: 2.532 Thread 0x00002ad1d80fc800 nmethod 172 0x00002ad1d4f655d0 code [0x00002ad1d4f65700, 0x00002ad1d4f65758]

GC Heap History (0 events):
No events

Deoptimization events (10 events):
Event: 1.596 Thread 0x00002ad1d8008000 Uncommon trap -34 fr.pc 0x00002ad1d4f34bdc
Event: 1.597 Thread 0x00002ad1d8008000 Uncommon trap -34 fr.pc 0x00002ad1d4f34bdc
Event: 1.992 Thread 0x00002ad1d8008000 Uncommon trap -34 fr.pc 0x00002ad1d4f39958
Event: 2.124 Thread 0x00002ad1d8008000 Uncommon trap -34 fr.pc 0x00002ad1d4f39958
Event: 2.124 Thread 0x00002ad1d8008000 Uncommon trap -34 fr.pc 0x00002ad1d4f39958
Event: 2.124 Thread 0x00002ad1d8008000 Uncommon trap -34 fr.pc 0x00002ad1d4f39958
Event: 2.465 Thread 0x00002ad1d8008000 Uncommon trap -58 fr.pc 0x00002ad1d4f3c264
Event: 2.472 Thread 0x00002ad1d8008000 Uncommon trap -58 fr.pc 0x00002ad1d4f3c264
Event: 2.478 Thread 0x00002ad1d8008000 Uncommon trap -58 fr.pc 0x00002ad1d4f3c264
Event: 2.495 Thread 0x00002ad1d8008000 Uncommon trap -58 fr.pc 0x00002ad1d4f3c264

Internal exceptions (10 events):
Event: 2.503 Thread 0x00002ad1d8008000 Threw 0x00000000f0a8ecd8 at /builddir/build/BUILD/icedtea6-1.13.4/openjdk/hotspot/src/share/vm/classfile/systemDictionary.cpp:179
Event: 2.503 Thread 0x00002ad1d8008000 Threw 0x00000000f0a8f030 at /builddir/build/BUILD/icedtea6-1.13.4/openjdk/hotspot/src/share/vm/prims/jvm.cpp:1235
Event: 2.503 Thread 0x00002ad1d8008000 Threw 0x00000000f0a8f438 at /builddir/build/BUILD/icedtea6-1.13.4/openjdk/hotspot/src/share/vm/prims/jvm.cpp:1235
Event: 2.505 Thread 0x00002ad1d8008000 Threw 0x00000000f0aab450 at /builddir/build/BUILD/icedtea6-1.13.4/openjdk/hotspot/src/share/vm/classfile/systemDictionary.cpp:179
Event: 2.505 Thread 0x00002ad1d8008000 Threw 0x00000000f0aab7c8 at /builddir/build/BUILD/icedtea6-1.13.4/openjdk/hotspot/src/share/vm/prims/jvm.cpp:1235
Event: 2.505 Thread 0x00002ad1d8008000 Threw 0x00000000f0aabbf0 at /builddir/build/BUILD/icedtea6-1.13.4/openjdk/hotspot/src/share/vm/prims/jvm.cpp:1235
Event: 2.519 Thread 0x00002ad1d8008000 Threw 0x00000000f0b09010 at /builddir/build/BUILD/icedtea6-1.13.4/openjdk/hotspot/src/share/vm/classfile/systemDictionary.cpp:179
Event: 2.519 Thread 0x00002ad1d8008000 Threw 0x00000000f0b09368 at /builddir/build/BUILD/icedtea6-1.13.4/openjdk/hotspot/src/share/vm/prims/jvm.cpp:1235
Event: 2.519 Thread 0x00002ad1d8008000 Threw 0x00000000f0b09770 at /builddir/build/BUILD/icedtea6-1.13.4/openjdk/hotspot/src/share/vm/prims/jvm.cpp:1235
Event: 2.519 Thread 0x00002ad1d8008000 Threw 0x00000000f0b0b1e0 at /builddir/build/BUILD/icedtea6-1.13.4/openjdk/hotspot/src/share/vm/prims/jvm.cpp:1235

Events (10 events):
Event: 2.501 loading class 0x00002ad1d82fb6a0
Event: 2.501 loading class 0x00002ad1d82fb6a0 done
Event: 2.503 loading class 0x00002ad1d8302fc0
Event: 2.503 loading class 0x00002ad1d8302fc0 done
Event: 2.503 loading class 0x00002ad1d9366d80
Event: 2.503 loading class 0x00002ad1d9366d80 done
Event: 2.505 loading class 0x00002ad1d9351940
Event: 2.505 loading class 0x00002ad1d9351940 done
Event: 2.519 loading class 0x00002ad1d82fa320
Event: 2.519 loading class 0x00002ad1d82fa320 done


Dynamic libraries:
00400000-00409000 r-xp 00000000 fd:01 5993                               /usr/lib/jvm/java-1.6.0-openjdk-1.6.0.0.x86_64/jre/bin/java
00608000-0060a000 rw-p 00008000 fd:01 5993                               /usr/lib/jvm/java-1.6.0-openjdk-1.6.0.0.x86_64/jre/bin/java
00811000-00832000 rw-p 00000000 00:00 0                                  [heap]
b5a00000-b6ec0000 rw-p 00000000 00:00 0 
b6ec0000-c0000000 rw-p 00000000 00:00 0 
c0000000-100000000 rw-p 00000000 00:00 0 
364f800000-364f820000 r-xp 00000000 fd:01 130582                         /lib64/ld-2.12.so
364fa1f000-364fa20000 r--p 0001f000 fd:01 130582                         /lib64/ld-2.12.so
364fa20000-364fa21000 rw-p 00020000 fd:01 130582                         /lib64/ld-2.12.so
364fa21000-364fa22000 rw-p 00000000 00:00 0 
364fc00000-364fd8a000 r-xp 00000000 fd:01 130613                         /lib64/libc-2.12.so
364fd8a000-364ff8a000 ---p 0018a000 fd:01 130613                         /lib64/libc-2.12.so
364ff8a000-364ff8e000 r--p 0018a000 fd:01 130613                         /lib64/libc-2.12.so
364ff8e000-364ff8f000 rw-p 0018e000 fd:01 130613                         /lib64/libc-2.12.so
364ff8f000-364ff94000 rw-p 00000000 00:00 0 
3650000000-3650004000 r-xp 00000000 fd:01 13573                          /usr/lib/jvm/java-1.6.0-openjdk-1.6.0.0.x86_64/jre/lib/amd64/jli/libjli.so
3650004000-3650203000 ---p 00004000 fd:01 13573                          /usr/lib/jvm/java-1.6.0-openjdk-1.6.0.0.x86_64/jre/lib/amd64/jli/libjli.so
3650203000-3650204000 rw-p 00003000 fd:01 13573                          /usr/lib/jvm/java-1.6.0-openjdk-1.6.0.0.x86_64/jre/lib/amd64/jli/libjli.so
3650400000-3650417000 r-xp 00000000 fd:01 130636                         /lib64/libpthread-2.12.so
3650417000-3650617000 ---p 00017000 fd:01 130636                         /lib64/libpthread-2.12.so
3650617000-3650618000 r--p 00017000 fd:01 130636                         /lib64/libpthread-2.12.so
3650618000-3650619000 rw-p 00018000 fd:01 130636                         /lib64/libpthread-2.12.so
3650619000-365061d000 rw-p 00000000 00:00 0 
3650800000-3650802000 r-xp 00000000 fd:01 130624                         /lib64/libdl-2.12.so
3650802000-3650a02000 ---p 00002000 fd:01 130624                         /lib64/libdl-2.12.so
3650a02000-3650a03000 r--p 00002000 fd:01 130624                         /lib64/libdl-2.12.so
3650a03000-3650a04000 rw-p 00003000 fd:01 130624                         /lib64/libdl-2.12.so
3650c00000-3650c15000 r-xp 00000000 fd:01 130638                         /lib64/libz.so.1.2.3
3650c15000-3650e14000 ---p 00015000 fd:01 130638                         /lib64/libz.so.1.2.3
3650e14000-3650e15000 r--p 00014000 fd:01 130638                         /lib64/libz.so.1.2.3
3650e15000-3650e16000 rw-p 00015000 fd:01 130638                         /lib64/libz.so.1.2.3
3651000000-3651007000 r-xp 00000000 fd:01 132701                         /lib64/librt-2.12.so
3651007000-3651206000 ---p 00007000 fd:01 132701                         /lib64/librt-2.12.so
3651206000-3651207000 r--p 00006000 fd:01 132701                         /lib64/librt-2.12.so
3651207000-3651208000 rw-p 00007000 fd:01 132701                         /lib64/librt-2.12.so
3651800000-3651816000 r-xp 00000000 fd:01 133662                         /lib64/libgcc_s-4.4.7-20120601.so.1
3651816000-3651a15000 ---p 00016000 fd:01 133662                         /lib64/libgcc_s-4.4.7-20120601.so.1
3651a15000-3651a16000 rw-p 00015000 fd:01 133662                         /lib64/libgcc_s-4.4.7-20120601.so.1
3653000000-36530e8000 r-xp 00000000 fd:01 49938                          /usr/lib64/libstdc++.so.6.0.13
36530e8000-36532e8000 ---p 000e8000 fd:01 49938                          /usr/lib64/libstdc++.so.6.0.13
36532e8000-36532ef000 r--p 000e8000 fd:01 49938                          /usr/lib64/libstdc++.so.6.0.13
36532ef000-36532f1000 rw-p 000ef000 fd:01 49938                          /usr/lib64/libstdc++.so.6.0.13
36532f1000-3653306000 rw-p 00000000 00:00 0 
3659000000-3659098000 r-xp 00000000 fd:01 4478                           /usr/lib64/libfreetype.so.6.3.22
3659098000-3659297000 ---p 00098000 fd:01 4478                           /usr/lib64/libfreetype.so.6.3.22
3659297000-365929d000 rw-p 00097000 fd:01 4478                           /usr/lib64/libfreetype.so.6.3.22
365c200000-365c216000 r-xp 00000000 fd:01 137559                         /lib64/libnsl-2.12.so
365c216000-365c415000 ---p 00016000 fd:01 137559                         /lib64/libnsl-2.12.so
365c415000-365c416000 r--p 00015000 fd:01 137559                         /lib64/libnsl-2.12.so
365c416000-365c417000 rw-p 00016000 fd:01 137559                         /lib64/libnsl-2.12.so
365c417000-365c419000 rw-p 00000000 00:00 0 
2ad1d3770000-2ad1d3771000 rw-p 00000000 00:00 0 
2ad1d3787000-2ad1d378b000 rw-p 00000000 00:00 0 
2ad1d378b000-2ad1d4196000 r-xp 00000000 fd:01 23213                      /usr/lib/jvm/java-1.6.0-openjdk-1.6.0.0.x86_64/jre/lib/amd64/server/libjvm.so
2ad1d4196000-2ad1d4396000 ---p 00a0b000 fd:01 23213                      /usr/lib/jvm/java-1.6.0-openjdk-1.6.0.0.x86_64/jre/lib/amd64/server/libjvm.so
2ad1d4396000-2ad1d4437000 rw-p 00a0b000 fd:01 23213                      /usr/lib/jvm/java-1.6.0-openjdk-1.6.0.0.x86_64/jre/lib/amd64/server/libjvm.so
2ad1d4437000-2ad1d4460000 rw-p 00000000 00:00 0 
2ad1d4476000-2ad1d44f9000 r-xp 00000000 fd:01 130627                     /lib64/libm-2.12.so
2ad1d44f9000-2ad1d46f8000 ---p 00083000 fd:01 130627                     /lib64/libm-2.12.so
2ad1d46f8000-2ad1d46f9000 r--p 00082000 fd:01 130627                     /lib64/libm-2.12.so
2ad1d46f9000-2ad1d46fa000 rw-p 00083000 fd:01 130627                     /lib64/libm-2.12.so
2ad1d46fa000-2ad1d46fd000 ---p 00000000 00:00 0 
2ad1d46fd000-2ad1d47fb000 rw-p 00000000 00:00 0 
2ad1d47fb000-2ad1d4809000 r-xp 00000000 fd:01 23207                      /usr/lib/jvm/java-1.6.0-openjdk-1.6.0.0.x86_64/jre/lib/amd64/libverify.so
2ad1d4809000-2ad1d4a09000 ---p 0000e000 fd:01 23207                      /usr/lib/jvm/java-1.6.0-openjdk-1.6.0.0.x86_64/jre/lib/amd64/libverify.so
2ad1d4a09000-2ad1d4a0b000 rw-p 0000e000 fd:01 23207                      /usr/lib/jvm/java-1.6.0-openjdk-1.6.0.0.x86_64/jre/lib/amd64/libverify.so
2ad1d4a0b000-2ad1d4a38000 r-xp 00000000 fd:01 23159                      /usr/lib/jvm/java-1.6.0-openjdk-1.6.0.0.x86_64/jre/lib/amd64/libjava.so
2ad1d4a38000-2ad1d4c37000 ---p 0002d000 fd:01 23159                      /usr/lib/jvm/java-1.6.0-openjdk-1.6.0.0.x86_64/jre/lib/amd64/libjava.so
2ad1d4c37000-2ad1d4c3b000 rw-p 0002c000 fd:01 23159                      /usr/lib/jvm/java-1.6.0-openjdk-1.6.0.0.x86_64/jre/lib/amd64/libjava.so
2ad1d4c3b000-2ad1d4c3c000 r--p 00000000 00:00 0 
2ad1d4c3c000-2ad1d4c3d000 rw-p 00000000 00:00 0 
2ad1d4c3d000-2ad1d4c72000 r--s 00000000 fd:02 128540                     /var/db/nscd/passwd
2ad1d4c72000-2ad1d4c7a000 rw-s 00000000 fd:03 38                         /tmp/hsperfdata_dw07r324/23502
2ad1d4c7a000-2ad1d4c81000 r-xp 00000000 fd:01 23208                      /usr/lib/jvm/java-1.6.0-openjdk-1.6.0.0.x86_64/jre/lib/amd64/libzip.so
2ad1d4c81000-2ad1d4e81000 ---p 00007000 fd:01 23208                      /usr/lib/jvm/java-1.6.0-openjdk-1.6.0.0.x86_64/jre/lib/amd64/libzip.so
2ad1d4e81000-2ad1d4e82000 rw-p 00007000 fd:01 23208                      /usr/lib/jvm/java-1.6.0-openjdk-1.6.0.0.x86_64/jre/lib/amd64/libzip.so
2ad1d4e82000-2ad1d50f2000 rwxp 00000000 00:00 0 
2ad1d50f2000-2ad1d7e82000 rw-p 00000000 00:00 0 
2ad1d7e82000-2ad1d7e8c000 rw-p 00000000 00:00 0 
2ad1d7e8c000-2ad1d7f42000 rw-p 00000000 00:00 0 
2ad1d8000000-2ad1d967a000 rw-p 00000000 00:00 0 
2ad1d967a000-2ad1dc000000 ---p 00000000 00:00 0 
2ad1dc000000-2ad1dc00b000 rw-p 00000000 00:00 0 
2ad1dc00b000-2ad1dc053000 rw-p 00000000 00:00 0 
2ad1dc053000-2ad1dc3b5000 rw-p 00000000 00:00 0 
2ad1dc3b5000-2ad1dc3fd000 rw-p 00000000 00:00 0 
2ad1dc3fd000-2ad1dc3fe000 ---p 00000000 00:00 0 
2ad1dc3fe000-2ad1dc4fe000 rw-p 00000000 00:00 0 
2ad1dc4fe000-2ad1dc4ff000 ---p 00000000 00:00 0 
2ad1dc4ff000-2ad1dc5ff000 rw-p 00000000 00:00 0 
2ad1dc5ff000-2ad1dc600000 ---p 00000000 00:00 0 
2ad1dc600000-2ad1dc700000 rw-p 00000000 00:00 0 
2ad1dc700000-2ad1dc701000 ---p 00000000 00:00 0 
2ad1dc701000-2ad1dc801000 rw-p 00000000 00:00 0 
2ad1dc801000-2ad1dc802000 ---p 00000000 00:00 0 
2ad1dc802000-2ad1dc902000 rw-p 00000000 00:00 0 
2ad1dc902000-2ad1dc903000 ---p 00000000 00:00 0 
2ad1dc903000-2ad1dca03000 rw-p 00000000 00:00 0 
2ad1dca03000-2ad1dca04000 ---p 00000000 00:00 0 
2ad1dca04000-2ad1dcb04000 rw-p 00000000 00:00 0 
2ad1dcb04000-2ad1dcb05000 ---p 00000000 00:00 0 
2ad1dcb05000-2ad1dcc05000 rw-p 00000000 00:00 0 
2ad1e0000000-2ad1e0021000 rw-p 00000000 00:00 0 
2ad1e0021000-2ad1e4000000 ---p 00000000 00:00 0 
2ad1e4000000-2ad1e4021000 rw-p 00000000 00:00 0 
2ad1e4021000-2ad1e8000000 ---p 00000000 00:00 0 
2ad1e8000000-2ad1e8021000 rw-p 00000000 00:00 0 
2ad1e8021000-2ad1ec000000 ---p 00000000 00:00 0 
2ad1ec000000-2ad1ec021000 rw-p 00000000 00:00 0 
2ad1ec021000-2ad1f0000000 ---p 00000000 00:00 0 
2ad1f0000000-2ad1f2ea4000 rw-p 00000000 00:00 0 
2ad1f2ea4000-2ad1f303a000 r--s 01a15000 fd:01 23288                      /usr/lib/jvm/java-1.6.0-openjdk-1.6.0.0.x86_64/jre/lib/rt.jar
2ad1f303a000-2ad1f3f20000 rw-p 00000000 00:00 0 
2ad1f4000000-2ad1f4021000 rw-p 00000000 00:00 0 
2ad1f4021000-2ad1f8000000 ---p 00000000 00:00 0 
2ad1f8000000-2ad1f8d91000 rw-p 00000000 00:00 0 
2ad1f8d91000-2ad1f8d92000 ---p 00000000 00:00 0 
2ad1f8d92000-2ad1f8e92000 rw-p 00000000 00:00 0 
2ad1fc000000-2ad1fc021000 rw-p 00000000 00:00 0 
2ad1fc021000-2ad200000000 ---p 00000000 00:00 0 
2ad204000000-2ad204021000 rw-p 00000000 00:00 0 
2ad204021000-2ad208000000 ---p 00000000 00:00 0 
2ad208000000-2ad208021000 rw-p 00000000 00:00 0 
2ad208021000-2ad20c000000 ---p 00000000 00:00 0 
2ad20c000000-2ad20c021000 rw-p 00000000 00:00 0 
2ad20c021000-2ad210000000 ---p 00000000 00:00 0 
2ad210000000-2ad210003000 ---p 00000000 00:00 0 
2ad210003000-2ad210101000 rw-p 00000000 00:00 0 
2ad210101000-2ad210104000 ---p 00000000 00:00 0 
2ad210104000-2ad210202000 rw-p 00000000 00:00 0 
2ad214000000-2ad214021000 rw-p 00000000 00:00 0 
2ad214021000-2ad218000000 ---p 00000000 00:00 0 
2ad218000000-2ad218021000 rw-p 00000000 00:00 0 
2ad218021000-2ad21c000000 ---p 00000000 00:00 0 
2ad21c000000-2ad221e91000 r--p 00000000 fd:01 49935                      /usr/lib/locale/locale-archive
2ad221e91000-2ad221e94000 ---p 00000000 00:00 0 
2ad221e94000-2ad221f92000 rw-p 00000000 00:00 0 
2ad221f92000-2ad221f95000 ---p 00000000 00:00 0 
2ad221f95000-2ad222093000 rw-p 00000000 00:00 0 
2ad222093000-2ad222096000 ---p 00000000 00:00 0 
2ad222096000-2ad222194000 rw-p 00000000 00:00 0 
2ad222194000-2ad222197000 ---p 00000000 00:00 0 
2ad222197000-2ad222295000 rw-p 00000000 00:00 0 
2ad222295000-2ad222296000 ---p 00000000 00:00 0 
2ad222296000-2ad222396000 rw-p 00000000 00:00 0 
2ad222396000-2ad222398000 r--s 00009000 00:35 125760574                  /mmfs/automount/gpfs/homefs/sm/dw07r324/bin/GOAL-20140808/lib/jpf-boot.jar
2ad222398000-2ad22239b000 r--s 0000f000 fd:01 23233                      /usr/lib/jvm/java-1.6.0-openjdk-1.6.0.0.x86_64/jre/lib/ext/pulse-java.jar
2ad22239b000-2ad2223a4000 r--s 00065000 fd:01 23228                      /usr/lib/jvm/java-1.6.0-openjdk-1.6.0.0.x86_64/jre/lib/ext/gnome-java-bridge.jar
2ad2223a4000-2ad2223a6000 r--s 00009000 00:35 125760574                  /mmfs/automount/gpfs/homefs/sm/dw07r324/bin/GOAL-20140808/lib/jpf-boot.jar
2ad2223a6000-2ad2223aa000 r--s 0003c000 fd:01 14238                      /usr/lib/jvm/java-1.6.0-openjdk-1.6.0.0.x86_64/jre/lib/jsse.jar
2ad2223aa000-2ad2223af000 r--s 0002d000 00:35 125760577                  /mmfs/automount/gpfs/homefs/sm/dw07r324/bin/GOAL-20140808/lib/jpf.jar
2ad2223af000-2ad2223b1000 r--s 0000d000 00:35 125760571                  /mmfs/automount/gpfs/homefs/sm/dw07r324/bin/GOAL-20140808/lib/commons-logging.jar
2ad2223b1000-2ad2223b3000 r--s 00012000 00:35 125760576                  /mmfs/automount/gpfs/homefs/sm/dw07r324/bin/GOAL-20140808/lib/jpf-tools.jar
2ad2223b3000-2ad2223ba000 r--s 00039000 00:35 125760578                  /mmfs/automount/gpfs/homefs/sm/dw07r324/bin/GOAL-20140808/lib/jxp.jar
2ad2223ba000-2ad2223bc000 r--s 00004000 00:35 125760570                  /mmfs/automount/gpfs/homefs/sm/dw07r324/bin/GOAL-20140808/lib/AppleJavaExtensions.jar
2ad2223bc000-2ad2223c1000 r--s 0002a000 00:35 125760572                  /mmfs/automount/gpfs/homefs/sm/dw07r324/bin/GOAL-20140808/lib/gson-2.2.2.jar
2ad2223c1000-2ad2223c4000 r--s 0001a000 00:35 125760579                  /mmfs/automount/gpfs/homefs/sm/dw07r324/bin/GOAL-20140808/lib/minijdd_104.jar
2ad2223c4000-2ad2223e7000 r--s 0022d000 00:35 123311903                  /mmfs/automount/gpfs/homefs/sm/dw07r324/bin/GOAL-20140808/.jpf-shadow/org.svvrl.goal.core@2014.8.8.zip (deleted)
2ad2223e7000-2ad22248a000 r-xp 00000000 fd:01 13434                      /usr/lib/jvm/java-1.6.0-openjdk-1.6.0.0.x86_64/jre/lib/amd64/libawt.so
2ad22248a000-2ad22268a000 ---p 000a3000 fd:01 13434                      /usr/lib/jvm/java-1.6.0-openjdk-1.6.0.0.x86_64/jre/lib/amd64/libawt.so
2ad22268a000-2ad222696000 rw-p 000a3000 fd:01 13434                      /usr/lib/jvm/java-1.6.0-openjdk-1.6.0.0.x86_64/jre/lib/amd64/libawt.so
2ad222696000-2ad2226ba000 rw-p 00000000 00:00 0 
2ad2226ba000-2ad2226c0000 r-xp 00000000 fd:01 8525                       /usr/lib/jvm/java-1.6.0-openjdk-1.6.0.0.x86_64/jre/lib/amd64/headless/libmawt.so
2ad2226c0000-2ad2228bf000 ---p 00006000 fd:01 8525                       /usr/lib/jvm/java-1.6.0-openjdk-1.6.0.0.x86_64/jre/lib/amd64/headless/libmawt.so
2ad2228bf000-2ad2228c0000 rw-p 00005000 fd:01 8525                       /usr/lib/jvm/java-1.6.0-openjdk-1.6.0.0.x86_64/jre/lib/amd64/headless/libmawt.so
2ad2228c0000-2ad2228db000 r--s 0029a000 00:35 115393626                  /mmfs/automount/gpfs/homefs/sm/dw07r324/bin/GOAL-20140808/.jpf-shadow/org.svvrl.goal.gui@2014.8.8.zip
2ad2228db000-2ad222928000 r-xp 00000000 fd:01 13546                      /usr/lib/jvm/java-1.6.0-openjdk-1.6.0.0.x86_64/jre/lib/amd64/libfontmanager.so
2ad222928000-2ad222b28000 ---p 0004d000 fd:01 13546                      /usr/lib/jvm/java-1.6.0-openjdk-1.6.0.0.x86_64/jre/lib/amd64/libfontmanager.so
2ad222b28000-2ad222b2b000 rw-p 0004d000 fd:01 13546                      /usr/lib/jvm/java-1.6.0-openjdk-1.6.0.0.x86_64/jre/lib/amd64/libfontmanager.so
2ad222b2b000-2ad222b2e000 ---p 00000000 00:00 0 
2ad222b2e000-2ad222c2c000 rw-p 00000000 00:00 0 
2ad222c2c000-2ad222c33000 r--s 00000000 fd:02 1513                       /var/cache/fontconfig/12b26b760a24f8b4feb03ad48a333a72-le64.cache-3
2ad222c33000-2ad222c3c000 r--s 00000000 fd:02 1443                       /var/cache/fontconfig/b79f3aaa7d385a141ab53ec885cc22a8-le64.cache-3
2ad222c3c000-2ad222c40000 r--s 00000000 fd:02 1132                       /var/cache/fontconfig/87f5e051180a7a75f16eb6fe7dbd3749-le64.cache-3
2ad222c40000-2ad222c56000 r-xp 00000000 fd:01 23199                      /usr/lib/jvm/java-1.6.0-openjdk-1.6.0.0.x86_64/jre/lib/amd64/libnet.so
2ad222c56000-2ad222e55000 ---p 00016000 fd:01 23199                      /usr/lib/jvm/java-1.6.0-openjdk-1.6.0.0.x86_64/jre/lib/amd64/libnet.so
2ad222e55000-2ad222e56000 rw-p 00015000 fd:01 23199                      /usr/lib/jvm/java-1.6.0-openjdk-1.6.0.0.x86_64/jre/lib/amd64/libnet.so
2ad222e56000-2ad222e5e000 r-xp 00000000 fd:01 23200                      /usr/lib/jvm/java-1.6.0-openjdk-1.6.0.0.x86_64/jre/lib/amd64/libnio.so
2ad222e5e000-2ad22305d000 ---p 00008000 fd:01 23200                      /usr/lib/jvm/java-1.6.0-openjdk-1.6.0.0.x86_64/jre/lib/amd64/libnio.so
2ad22305d000-2ad22305e000 rw-p 00007000 fd:01 23200                      /usr/lib/jvm/java-1.6.0-openjdk-1.6.0.0.x86_64/jre/lib/amd64/libnio.so
2ad22305e000-2ad223065000 r--s 00000000 fd:02 1513                       /var/cache/fontconfig/12b26b760a24f8b4feb03ad48a333a72-le64.cache-3
2ad223065000-2ad22306e000 r--s 00000000 fd:02 1443                       /var/cache/fontconfig/b79f3aaa7d385a141ab53ec885cc22a8-le64.cache-3
2ad22306e000-2ad223072000 r--s 00000000 fd:02 1132                       /var/cache/fontconfig/87f5e051180a7a75f16eb6fe7dbd3749-le64.cache-3
2ad223072000-2ad223078000 r--s 0004b000 00:35 10874961                   /mmfs/automount/gpfs/homefs/sm/dw07r324/bin/GOAL-20140808/.jpf-shadow/org.svvrl.goal.cmd@2014.8.8.zip
2ad223078000-2ad22307a000 rw-p 00000000 00:00 0 
2ad224000000-2ad224021000 rw-p 00000000 00:00 0 
2ad224021000-2ad228000000 ---p 00000000 00:00 0 
2ad228000000-2ad228dfa000 rw-p 00000000 00:00 0 
2ad228dfa000-2ad22c000000 ---p 00000000 00:00 0 
2ad22c000000-2ad22d0bf000 rw-p 00000000 00:00 0 
2ad22d0bf000-2ad230000000 ---p 00000000 00:00 0 
2ad230000000-2ad230021000 rw-p 00000000 00:00 0 
2ad230021000-2ad234000000 ---p 00000000 00:00 0 
2ad234000000-2ad234021000 rw-p 00000000 00:00 0 
2ad234021000-2ad238000000 ---p 00000000 00:00 0 
2ad238000000-2ad238021000 rw-p 00000000 00:00 0 
2ad238021000-2ad23c000000 ---p 00000000 00:00 0 
7fff7cc00000-7fff7cc36000 rw-p 00000000 00:00 0                          [stack]
7fff7cdcf000-7fff7cdd0000 r-xp 00000000 00:00 0                          [vdso]
ffffffffff600000-ffffffffff601000 r-xp 00000000 00:00 0                  [vsyscall]

VM Arguments:
jvm_args: -Xmx1G -Xms1G -DapplicationRoot=/home/ubelix/sm/dw07r324/bin/GOAL-20140808 -Dorg.java.plugin.boot.pluginsRepositories=/home/ubelix/sm/dw07r324/bin/GOAL-20140808/plugins -Djpf.boot.config=/home/ubelix/sm/dw07r324/bin/GOAL-20140808/boot.properties -Dorg.apache.commons.logging.Log=org.apache.commons.logging.impl.SimpleLog -Dorg.apache.commons.logging.simplelog.log.org.java.plugin=fatal 
java_command: /home/ubelix/sm/dw07r324/bin/GOAL-20140808/lib/jpf-boot.jar complement -m piterman -eq -macc -sp -ro -r /scratch/local/8663605.1.all.q/test_set_s15/s15_t1.8_a0.8_044.gff
Launcher Type: SUN_STANDARD

Environment Variables:
CLASSPATH=/home/ubelix/sm/dw07r324/bin/GOAL-20140808:/home/ubelix/sm/dw07r324/bin/GOAL-20140808/plugins:/home/ubelix/sm/dw07r324/bin/GOAL-20140808/lib:
PATH=/scratch/local/8663605.1.all.q:/usr/lib64/qt-3.3/bin:/usr/local/bin:/bin:/usr/bin:/usr/local/sbin:/usr/sbin:/sbin:/usr/lpp/mmfs/bin:/home/ubelix/sm/dw07r324/bin/GOAL-20140808:/home/ubelix/sm/dw07r324/bin/gnu_time/bin:/usr/lpp/mmfs/bin
LD_LIBRARY_PATH=/usr/lib/jvm/java-1.6.0-openjdk-1.6.0.0.x86_64/jre/lib/amd64/server:/usr/lib/jvm/java-1.6.0-openjdk-1.6.0.0.x86_64/jre/lib/amd64:/usr/lib/jvm/java-1.6.0-openjdk-1.6.0.0.x86_64/jre/../lib/amd64
SHELL=/bin/bash

Signal Handlers:
SIGSEGV: [libjvm.so+0x870a40], sa_mask[0]=0x7ffbfeff, sa_flags=0x10000004
SIGBUS: [libjvm.so+0x870a40], sa_mask[0]=0x7ffbfeff, sa_flags=0x10000004
SIGFPE: [libjvm.so+0x719240], sa_mask[0]=0x7ffbfeff, sa_flags=0x10000004
SIGPIPE: [libjvm.so+0x719240], sa_mask[0]=0x7ffbfeff, sa_flags=0x10000004
SIGXFSZ: [libjvm.so+0x719240], sa_mask[0]=0x7ffbfeff, sa_flags=0x10000004
SIGILL: [libjvm.so+0x719240], sa_mask[0]=0x7ffbfeff, sa_flags=0x10000004
SIGUSR1: SIG_DFL, sa_mask[0]=0x00000000, sa_flags=0x00000000
SIGUSR2: [libjvm.so+0x718d60], sa_mask[0]=0x00000000, sa_flags=0x10000004
SIGHUP: [libjvm.so+0x71bdf0], sa_mask[0]=0x7ffbfeff, sa_flags=0x10000004
SIGINT: [libjvm.so+0x71bdf0], sa_mask[0]=0x7ffbfeff, sa_flags=0x10000004
SIGTERM: [libjvm.so+0x71bdf0], sa_mask[0]=0x7ffbfeff, sa_flags=0x10000004
SIGQUIT: [libjvm.so+0x71bdf0], sa_mask[0]=0x7ffbfeff, sa_flags=0x10000004


---------------  S Y S T E M  ---------------

OS:Red Hat Enterprise Linux ComputeNode release 6.5 (Santiago)

uname:Linux 2.6.32-431.29.2.el6.x86_64 #1 SMP Sun Jul 27 15:55:46 EDT 2014 x86_64
libc:glibc 2.12 NPTL 2.12 
rlimit: STACK infinity, CORE infinity, NPROC 127431, NOFILE 4096, AS 8388608k
load average:3.46 3.35 3.54

/proc/meminfo:
MemTotal:       16331612 kB
MemFree:         5088920 kB
Buffers:           13836 kB
Cached:          5991324 kB
SwapCached:           88 kB
Active:          2893712 kB
Inactive:        3668404 kB
Active(anon):     493608 kB
Inactive(anon):    63548 kB
Active(file):    2400104 kB
Inactive(file):  3604856 kB
Unevictable:     4082900 kB
Mlocked:         4082900 kB
SwapTotal:       8388604 kB
SwapFree:        8388380 kB
Dirty:                60 kB
Writeback:             0 kB
AnonPages:       4639840 kB
Mapped:            99052 kB
Shmem:               192 kB
Slab:             372388 kB
SReclaimable:     305100 kB
SUnreclaim:        67288 kB
KernelStack:        4712 kB
PageTables:        16864 kB
NFS_Unstable:          0 kB
Bounce:                0 kB
WritebackTmp:          0 kB
CommitLimit:    16554408 kB
Committed_AS:    6813812 kB
VmallocTotal:   34359738367 kB
VmallocUsed:      109412 kB
VmallocChunk:   34351234244 kB
HardwareCorrupted:     0 kB
AnonHugePages:         0 kB
HugePages_Total:       0
HugePages_Free:        0
HugePages_Rsvd:        0
HugePages_Surp:        0
Hugepagesize:       2048 kB
DirectMap4k:        9920 kB
DirectMap2M:     2086912 kB
DirectMap1G:    14680064 kB


CPU:total 8 (4 cores per cpu, 1 threads per core) family 16 model 2 stepping 3, cmov, cx8, fxsr, mmx, sse, sse2, sse3, popcnt, mmxext, 3dnowpref, lzcnt, sse4a, tsc, tscinvbit, tscinv

/proc/cpuinfo:
processor	: 0
vendor_id	: AuthenticAMD
cpu family	: 16
model		: 2
model name	: Quad-Core AMD Opteron(tm) Processor 2354
stepping	: 3
cpu MHz		: 2200.000
cache size	: 512 KB
physical id	: 0
siblings	: 4
core id		: 0
cpu cores	: 4
apicid		: 0
initial apicid	: 0
fpu		: yes
fpu_exception	: yes
cpuid level	: 5
wp		: yes
flags		: fpu vme de pse tsc msr pae mce cx8 apic sep mtrr pge mca cmov pat pse36 clflush mmx fxsr sse sse2 ht syscall nx mmxext fxsr_opt pdpe1gb rdtscp lm 3dnowext 3dnow constant_tsc rep_good nonstop_tsc extd_apicid pni monitor cx16 popcnt lahf_lm cmp_legacy svm extapic cr8_legacy abm sse4a misalignsse 3dnowprefetch osvw ibs npt lbrv svm_lock
bogomips	: 4422.88
TLB size	: 1024 4K pages
clflush size	: 64
cache_alignment	: 64
address sizes	: 48 bits physical, 48 bits virtual
power management: ts ttp tm stc 100mhzsteps hwpstate

processor	: 1
vendor_id	: AuthenticAMD
cpu family	: 16
model		: 2
model name	: Quad-Core AMD Opteron(tm) Processor 2354
stepping	: 3
cpu MHz		: 2200.000
cache size	: 512 KB
physical id	: 0
siblings	: 4
core id		: 1
cpu cores	: 4
apicid		: 1
initial apicid	: 1
fpu		: yes
fpu_exception	: yes
cpuid level	: 5
wp		: yes
flags		: fpu vme de pse tsc msr pae mce cx8 apic sep mtrr pge mca cmov pat pse36 clflush mmx fxsr sse sse2 ht syscall nx mmxext fxsr_opt pdpe1gb rdtscp lm 3dnowext 3dnow constant_tsc rep_good nonstop_tsc extd_apicid pni monitor cx16 popcnt lahf_lm cmp_legacy svm extapic cr8_legacy abm sse4a misalignsse 3dnowprefetch osvw ibs npt lbrv svm_lock
bogomips	: 4422.88
TLB size	: 1024 4K pages
clflush size	: 64
cache_alignment	: 64
address sizes	: 48 bits physical, 48 bits virtual
power management: ts ttp tm stc 100mhzsteps hwpstate

processor	: 2
vendor_id	: AuthenticAMD
cpu family	: 16
model		: 2
model name	: Quad-Core AMD Opteron(tm) Processor 2354
stepping	: 3
cpu MHz		: 2200.000
cache size	: 512 KB
physical id	: 0
siblings	: 4
core id		: 2
cpu cores	: 4
apicid		: 2
initial apicid	: 2
fpu		: yes
fpu_exception	: yes
cpuid level	: 5
wp		: yes
flags		: fpu vme de pse tsc msr pae mce cx8 apic sep mtrr pge mca cmov pat pse36 clflush mmx fxsr sse sse2 ht syscall nx mmxext fxsr_opt pdpe1gb rdtscp lm 3dnowext 3dnow constant_tsc rep_good nonstop_tsc extd_apicid pni monitor cx16 popcnt lahf_lm cmp_legacy svm extapic cr8_legacy abm sse4a misalignsse 3dnowprefetch osvw ibs npt lbrv svm_lock
bogomips	: 4422.88
TLB size	: 1024 4K pages
clflush size	: 64
cache_alignment	: 64
address sizes	: 48 bits physical, 48 bits virtual
power management: ts ttp tm stc 100mhzsteps hwpstate

processor	: 3
vendor_id	: AuthenticAMD
cpu family	: 16
model		: 2
model name	: Quad-Core AMD Opteron(tm) Processor 2354
stepping	: 3
cpu MHz		: 2200.000
cache size	: 512 KB
physical id	: 0
siblings	: 4
core id		: 3
cpu cores	: 4
apicid		: 3
initial apicid	: 3
fpu		: yes
fpu_exception	: yes
cpuid level	: 5
wp		: yes
flags		: fpu vme de pse tsc msr pae mce cx8 apic sep mtrr pge mca cmov pat pse36 clflush mmx fxsr sse sse2 ht syscall nx mmxext fxsr_opt pdpe1gb rdtscp lm 3dnowext 3dnow constant_tsc rep_good nonstop_tsc extd_apicid pni monitor cx16 popcnt lahf_lm cmp_legacy svm extapic cr8_legacy abm sse4a misalignsse 3dnowprefetch osvw ibs npt lbrv svm_lock
bogomips	: 4422.88
TLB size	: 1024 4K pages
clflush size	: 64
cache_alignment	: 64
address sizes	: 48 bits physical, 48 bits virtual
power management: ts ttp tm stc 100mhzsteps hwpstate

processor	: 4
vendor_id	: AuthenticAMD
cpu family	: 16
model		: 2
model name	: Quad-Core AMD Opteron(tm) Processor 2354
stepping	: 3
cpu MHz		: 2200.000
cache size	: 512 KB
physical id	: 1
siblings	: 4
core id		: 0
cpu cores	: 4
apicid		: 4
initial apicid	: 4
fpu		: yes
fpu_exception	: yes
cpuid level	: 5
wp		: yes
flags		: fpu vme de pse tsc msr pae mce cx8 apic sep mtrr pge mca cmov pat pse36 clflush mmx fxsr sse sse2 ht syscall nx mmxext fxsr_opt pdpe1gb rdtscp lm 3dnowext 3dnow constant_tsc rep_good nonstop_tsc extd_apicid pni monitor cx16 popcnt lahf_lm cmp_legacy svm extapic cr8_legacy abm sse4a misalignsse 3dnowprefetch osvw ibs npt lbrv svm_lock
bogomips	: 4422.23
TLB size	: 1024 4K pages
clflush size	: 64
cache_alignment	: 64
address sizes	: 48 bits physical, 48 bits virtual
power management: ts ttp tm stc 100mhzsteps hwpstate

processor	: 5
vendor_id	: AuthenticAMD
cpu family	: 16
model		: 2
model name	: Quad-Core AMD Opteron(tm) Processor 2354
stepping	: 3
cpu MHz		: 2200.000
cache size	: 512 KB
physical id	: 1
siblings	: 4
core id		: 1
cpu cores	: 4
apicid		: 5
initial apicid	: 5
fpu		: yes
fpu_exception	: yes
cpuid level	: 5
wp		: yes
flags		: fpu vme de pse tsc msr pae mce cx8 apic sep mtrr pge mca cmov pat pse36 clflush mmx fxsr sse sse2 ht syscall nx mmxext fxsr_opt pdpe1gb rdtscp lm 3dnowext 3dnow constant_tsc rep_good nonstop_tsc extd_apicid pni monitor cx16 popcnt lahf_lm cmp_legacy svm extapic cr8_legacy abm sse4a misalignsse 3dnowprefetch osvw ibs npt lbrv svm_lock
bogomips	: 4422.23
TLB size	: 1024 4K pages
clflush size	: 64
cache_alignment	: 64
address sizes	: 48 bits physical, 48 bits virtual
power management: ts ttp tm stc 100mhzsteps hwpstate

processor	: 6
vendor_id	: AuthenticAMD
cpu family	: 16
model		: 2
model name	: Quad-Core AMD Opteron(tm) Processor 2354
stepping	: 3
cpu MHz		: 2200.000
cache size	: 512 KB
physical id	: 1
siblings	: 4
core id		: 2
cpu cores	: 4
apicid		: 6
initial apicid	: 6
fpu		: yes
fpu_exception	: yes
cpuid level	: 5
wp		: yes
flags		: fpu vme de pse tsc msr pae mce cx8 apic sep mtrr pge mca cmov pat pse36 clflush mmx fxsr sse sse2 ht syscall nx mmxext fxsr_opt pdpe1gb rdtscp lm 3dnowext 3dnow constant_tsc rep_good nonstop_tsc extd_apicid pni monitor cx16 popcnt lahf_lm cmp_legacy svm extapic cr8_legacy abm sse4a misalignsse 3dnowprefetch osvw ibs npt lbrv svm_lock
bogomips	: 4422.23
TLB size	: 1024 4K pages
clflush size	: 64
cache_alignment	: 64
address sizes	: 48 bits physical, 48 bits virtual
power management: ts ttp tm stc 100mhzsteps hwpstate

processor	: 7
vendor_id	: AuthenticAMD
cpu family	: 16
model		: 2
model name	: Quad-Core AMD Opteron(tm) Processor 2354
stepping	: 3
cpu MHz		: 2200.000
cache size	: 512 KB
physical id	: 1
siblings	: 4
core id		: 3
cpu cores	: 4
apicid		: 7
initial apicid	: 7
fpu		: yes
fpu_exception	: yes
cpuid level	: 5
wp		: yes
flags		: fpu vme de pse tsc msr pae mce cx8 apic sep mtrr pge mca cmov pat pse36 clflush mmx fxsr sse sse2 ht syscall nx mmxext fxsr_opt pdpe1gb rdtscp lm 3dnowext 3dnow constant_tsc rep_good nonstop_tsc extd_apicid pni monitor cx16 popcnt lahf_lm cmp_legacy svm extapic cr8_legacy abm sse4a misalignsse 3dnowprefetch osvw ibs npt lbrv svm_lock
bogomips	: 4422.23
TLB size	: 1024 4K pages
clflush size	: 64
cache_alignment	: 64
address sizes	: 48 bits physical, 48 bits virtual
power management: ts ttp tm stc 100mhzsteps hwpstate



Memory: 4k page, physical 16331612k(5088920k free), swap 8388604k(8388380k free)

vm_info: OpenJDK 64-Bit Server VM (23.25-b01) for linux-amd64 JRE (1.6.0_32-b32), built on Aug 21 2014 11:15:48 by "mockbuild" with gcc 4.4.7 20120313 (Red Hat 4.4.7-4)

time: Tue Sep 23 07:40:50 2014
elapsed time: 3 seconds

