#
# A fatal error has been detected by the Java Runtime Environment:
#
#  SIGBUS (0x7) at pc=0x00002b9ec166b522, pid=19169, tid=47960844826368
#
# JRE version: 6.0_32-b32
# Java VM: OpenJDK 64-Bit Server VM (23.25-b01 mixed mode linux-amd64 compressed oops)
# Problematic frame:
# C  [libzip.so+0x4522]  ZIP_Lock+0x252
#
# Core dump written. Default location: /mmfs/automount/gpfs/homefs/sm/dw07r324/jobs/piterman.eq.macc.sp.ro.r/core or core.19169
#
# If you would like to submit a bug report, please include
# instructions how to reproduce the bug and visit:
#   http://icedtea.classpath.org/bugzilla
# The crash happened outside the Java Virtual Machine in native code.
# See problematic frame for where to report the bug.
#

---------------  T H R E A D  ---------------

Current thread (0x00002b9ec4008000):  JavaThread "main" [_thread_in_native, id=19170, stack(0x00002b9ec10e7000,0x00002b9ec11e8000)]

siginfo:si_signo=SIGBUS: si_errno=0, si_code=2 (BUS_ADRERR), si_addr=0x00002b9f123d6b49

Registers:
RAX=0x00002b9ec4a1cc30, RBX=0x00002b9f123d6b2c, RCX=0x0000000000000251, RDX=0x0000000000000250
RSP=0x00002b9ec11e4680, RBP=0x00002b9ec11e46c0, RSI=0x0000000000000040, RDI=0x00002b9ec4000020
R8 =0x00002b9ec4000088, R9 =0x0000000000000001, R10=0x0000000000000040, R11=0x00002b9ec0917660
R12=0x00002b9ec4a1cc30, R13=0x00002b9ec42ecbb0, R14=0x00002b9ec11e4730, R15=0x00002b9ec4a1cc30
RIP=0x00002b9ec166b522, EFLAGS=0x0000000000010202, CSGSFS=0x0000000000000033, ERR=0x0000000000000004
  TRAPNO=0x000000000000000e

Top of Stack: (sp=0x00002b9ec11e4680)
0x00002b9ec11e4680:   00002b9ec42eccd0 00002b9ec086105e
0x00002b9ec11e4690:   0000000000000500 00002b9ec42d68f4
0x00002b9ec11e46a0:   00002b9ec42ecbb0 000000000fbeedcf
0x00002b9ec11e46b0:   00002b9ec11e4730 000000000000003c
0x00002b9ec11e46c0:   00002b9ec11e4710 00002b9ec166bae2
0x00002b9ec11e46d0:   00002b9ec4008000 00002b9ec4312230
0x00002b9ec11e46e0:   00002b9ec11e4750 00002b9ec40081d8
0x00002b9ec11e46f0:   00002b9ec11e4730 000000000000003c
0x00002b9ec11e4700:   00002b9ec11e4c08 00002b9ec11e4730
0x00002b9ec11e4710:   00002b9ec11e4b70 00002b9ec166aae4
0x00002b9ec11e4720:   0000003c01005ff3 00002b9ec42ecbb0
0x00002b9ec11e4730:   2f73657373616c63 727676732f67726f
0x00002b9ec11e4740:   632f6c616f672f6c 69676f6c2f65726f
0x00002b9ec11e4750:   636966696e552f63 6378456e6f697461
0x00002b9ec11e4760:   632e6e6f69747065 000000007373616c
0x00002b9ec11e4770:   00002b9f1884ec20 00002b9ec4008000
0x00002b9ec11e4780:   00002b9ec11e47b0 00002b9ec4008000
0x00002b9ec11e4790:   00000000b5cc4b00 000000000000001a
0x00002b9ec11e47a0:   00002b9ec4008000 00000000b5cc4b00
0x00002b9ec11e47b0:   00002b9ec11e4810 00002b9ec06ab5f2
0x00002b9ec11e47c0:   00002b9ec4008000 00002b9ec11e47f0
0x00002b9ec11e47d0:   00002b9ec4008000 00002b9ec8005ff3
0x00002b9ec11e47e0:   0000000000000000 00000000000000bd
0x00002b9ec11e47f0:   0000000000000000 00002b9ec4008000
0x00002b9ec11e4800:   00002b9ec11e4800 00002b9e00000000
0x00002b9ec11e4810:   00000000b5cc8c58 00002b0000000061
0x00002b9ec11e4820:   00000000b5bdfef5 00000000ec08c098
0x00002b9ec11e4830:   00002b9ec11e4830 00000000b5cc69cb
0x00002b9ec11e4840:   00002b9ec11e4890 00002b9f1884ec10
0x00002b9ec11e4850:   0000000000000000 0000000000000001
0x00002b9ec11e4860:   00002b9ec4008000 ffffffffffffffff
0x00002b9ec11e4870:   00002b9ec11e48e0 00002b9ec0667a03 

Instructions: (pc=0x00002b9ec166b522)
0x00002b9ec166b502:   00 00 00 00 00 48 c7 40 30 00 00 00 00 48 c7 40
0x00002b9ec166b512:   28 00 00 00 00 8b 5b 04 49 2b 5d 28 49 03 5d 18
0x00002b9ec166b522:   44 0f b6 73 1d 0f b6 43 1c 41 c1 e6 08 41 09 c6
0x00002b9ec166b532:   0f b6 43 1e 88 45 ce 0f b6 43 1f 88 45 cf 0f b6 

Register to memory mapping:

RAX=0x00002b9ec4a1cc30 is an unknown value
RBX=0x00002b9f123d6b2c is an unknown value
RCX=0x0000000000000251 is an unknown value
RDX=0x0000000000000250 is an unknown value
RSP=0x00002b9ec11e4680 is pointing into the stack for thread: 0x00002b9ec4008000
RBP=0x00002b9ec11e46c0 is pointing into the stack for thread: 0x00002b9ec4008000
RSI=0x0000000000000040 is an unknown value
RDI=0x00002b9ec4000020 is an unknown value
R8 =0x00002b9ec4000088 is an unknown value
R9 =0x0000000000000001 is an unknown value
R10=0x0000000000000040 is an unknown value
R11=0x00002b9ec0917660: <offset 0x79f660> in /usr/lib/jvm/java-1.6.0-openjdk-1.6.0.0.x86_64/jre/lib/amd64/server/libjvm.so at 0x00002b9ec0178000
R12=0x00002b9ec4a1cc30 is an unknown value
R13=0x00002b9ec42ecbb0 is an unknown value
R14=0x00002b9ec11e4730 is pointing into the stack for thread: 0x00002b9ec4008000
R15=0x00002b9ec4a1cc30 is an unknown value


Stack: [0x00002b9ec10e7000,0x00002b9ec11e8000],  sp=0x00002b9ec11e4680,  free space=1013k
Native frames: (J=compiled Java code, j=interpreted, Vv=VM code, C=native code)
C  [libzip.so+0x4522]  ZIP_Lock+0x252
C  [libzip.so+0x4ae2]  ZIP_GetEntry+0xc2
C  [libzip.so+0x3ae4]  Java_java_util_zip_ZipFile_getEntry+0xc4
j  java.util.zip.ZipFile.getEntry(JLjava/lang/String;Z)J+0
j  java.util.zip.ZipFile.getEntry(Ljava/lang/String;)Ljava/util/zip/ZipEntry;+31
j  java.util.jar.JarFile.getEntry(Ljava/lang/String;)Ljava/util/zip/ZipEntry;+2
j  sun.net.www.protocol.jar.URLJarFile.getEntry(Ljava/lang/String;)Ljava/util/zip/ZipEntry;+2
j  sun.net.www.protocol.jar.JarURLConnection.connect()V+62
j  sun.net.www.protocol.jar.JarURLConnection.getInputStream()Ljava/io/InputStream;+1
j  sun.misc.URLClassPath$Loader.getResource(Ljava/lang/String;Z)Lsun/misc/Resource;+48
j  sun.misc.URLClassPath.getResource(Ljava/lang/String;Z)Lsun/misc/Resource;+53
j  java.net.URLClassLoader$1.run()Ljava/lang/Object;+26
v  ~StubRoutines::call_stub
V  [libjvm.so+0x537e3e]  AsyncGetCallTrace+0xd776e
V  [libjvm.so+0x536ad8]  AsyncGetCallTrace+0xd6408
V  [libjvm.so+0x597140]  JVM_DoPrivileged+0x400
j  java.security.AccessController.doPrivileged(Ljava/security/PrivilegedExceptionAction;Ljava/security/AccessControlContext;)Ljava/lang/Object;+0
j  java.net.URLClassLoader.findClass(Ljava/lang/String;)Ljava/lang/Class;+13
j  org.java.plugin.standard.StandardPluginClassLoader.loadLocalClass(Ljava/lang/String;ZLorg/java/plugin/standard/StandardPluginClassLoader;)Ljava/lang/Class;+97
j  org.java.plugin.standard.StandardPluginClassLoader.loadClass(Ljava/lang/String;Z)Ljava/lang/Class;+62
j  java.lang.ClassLoader.loadClass(Ljava/lang/String;)Ljava/lang/Class;+3
v  ~StubRoutines::call_stub
V  [libjvm.so+0x537e3e]  AsyncGetCallTrace+0xd776e
V  [libjvm.so+0x537222]  AsyncGetCallTrace+0xd6b52
V  [libjvm.so+0x5372f4]  AsyncGetCallTrace+0xd6c24
V  [libjvm.so+0x80084b]  JVM_handle_linux_signal+0xdf19b
V  [libjvm.so+0x800e0c]  JVM_handle_linux_signal+0xdf75c
V  [libjvm.so+0x802733]  JVM_handle_linux_signal+0xe1083
V  [libjvm.so+0x85c66f]  JVM_handle_linux_signal+0x13afbf
V  [libjvm.so+0x85e9ed]  JVM_handle_linux_signal+0x13d33d
V  [libjvm.so+0x8610f6]  JVM_handle_linux_signal+0x13fa46
V  [libjvm.so+0x8649bd]  JVM_handle_linux_signal+0x14330d
V  [libjvm.so+0x864e53]  JVM_handle_linux_signal+0x1437a3
V  [libjvm.so+0x4f7406]  AsyncGetCallTrace+0x96d36
V  [libjvm.so+0x5988c7]  JVM_GetClassDeclaredConstructors+0x1a7
j  java.lang.Class.getDeclaredConstructors0(Z)[Ljava/lang/reflect/Constructor;+0
j  java.lang.Class.privateGetDeclaredConstructors(Z)[Ljava/lang/reflect/Constructor;+87
j  java.lang.Class.getConstructor0([Ljava/lang/Class;I)Ljava/lang/reflect/Constructor;+10
j  java.lang.Class.newInstance()Ljava/lang/Object;+47
j  org.svvrl.goal.core.CorePlugin.loadFormulaRewriters()V+70
j  org.svvrl.goal.core.CorePlugin.initApplication(Lorg/java/plugin/util/ExtendedProperties;[Ljava/lang/String;)Lorg/java/plugin/boot/Application;+170
j  org.java.plugin.boot.DefaultApplicationInitializer.initApplication(Lorg/java/plugin/boot/BootErrorHandler;[Ljava/lang/String;)Lorg/java/plugin/boot/Application;+530
j  org.java.plugin.boot.Boot.initApplication(Lorg/java/plugin/boot/BootErrorHandler;Lorg/java/plugin/util/ExtendedProperties;[Ljava/lang/String;)Lorg/java/plugin/boot/Application;+157
j  org.java.plugin.boot.Boot.boot(Lorg/java/plugin/util/ExtendedProperties;ZLjava/lang/String;Lorg/java/plugin/boot/BootErrorHandler;[Ljava/lang/String;)Lorg/java/plugin/boot/Application;+338
j  org.java.plugin.boot.Boot.main([Ljava/lang/String;)V+162
v  ~StubRoutines::call_stub
V  [libjvm.so+0x537e3e]  AsyncGetCallTrace+0xd776e
V  [libjvm.so+0x536ad8]  AsyncGetCallTrace+0xd6408
V  [libjvm.so+0x5452a7]  JNI_CreateJavaVM+0x12e7
V  [libjvm.so+0x55a4eb]  JNI_CreateJavaVM+0x1652b
C  [java+0x374d]  JavaMain+0xd0d

Java frames: (J=compiled Java code, j=interpreted, Vv=VM code)
j  java.util.zip.ZipFile.getEntry(JLjava/lang/String;Z)J+0
j  java.util.zip.ZipFile.getEntry(Ljava/lang/String;)Ljava/util/zip/ZipEntry;+31
j  java.util.jar.JarFile.getEntry(Ljava/lang/String;)Ljava/util/zip/ZipEntry;+2
j  sun.net.www.protocol.jar.URLJarFile.getEntry(Ljava/lang/String;)Ljava/util/zip/ZipEntry;+2
j  sun.net.www.protocol.jar.JarURLConnection.connect()V+62
j  sun.net.www.protocol.jar.JarURLConnection.getInputStream()Ljava/io/InputStream;+1
j  sun.misc.URLClassPath$Loader.getResource(Ljava/lang/String;Z)Lsun/misc/Resource;+48
j  sun.misc.URLClassPath.getResource(Ljava/lang/String;Z)Lsun/misc/Resource;+53
j  java.net.URLClassLoader$1.run()Ljava/lang/Object;+26
v  ~StubRoutines::call_stub
j  java.security.AccessController.doPrivileged(Ljava/security/PrivilegedExceptionAction;Ljava/security/AccessControlContext;)Ljava/lang/Object;+0
j  java.net.URLClassLoader.findClass(Ljava/lang/String;)Ljava/lang/Class;+13
j  org.java.plugin.standard.StandardPluginClassLoader.loadLocalClass(Ljava/lang/String;ZLorg/java/plugin/standard/StandardPluginClassLoader;)Ljava/lang/Class;+97
j  org.java.plugin.standard.StandardPluginClassLoader.loadClass(Ljava/lang/String;Z)Ljava/lang/Class;+62
j  java.lang.ClassLoader.loadClass(Ljava/lang/String;)Ljava/lang/Class;+3
v  ~StubRoutines::call_stub
j  java.lang.Class.getDeclaredConstructors0(Z)[Ljava/lang/reflect/Constructor;+0
j  java.lang.Class.privateGetDeclaredConstructors(Z)[Ljava/lang/reflect/Constructor;+87
j  java.lang.Class.getConstructor0([Ljava/lang/Class;I)Ljava/lang/reflect/Constructor;+10
j  java.lang.Class.newInstance()Ljava/lang/Object;+47
j  org.svvrl.goal.core.CorePlugin.loadFormulaRewriters()V+70
j  org.svvrl.goal.core.CorePlugin.initApplication(Lorg/java/plugin/util/ExtendedProperties;[Ljava/lang/String;)Lorg/java/plugin/boot/Application;+170
j  org.java.plugin.boot.DefaultApplicationInitializer.initApplication(Lorg/java/plugin/boot/BootErrorHandler;[Ljava/lang/String;)Lorg/java/plugin/boot/Application;+530
j  org.java.plugin.boot.Boot.initApplication(Lorg/java/plugin/boot/BootErrorHandler;Lorg/java/plugin/util/ExtendedProperties;[Ljava/lang/String;)Lorg/java/plugin/boot/Application;+157
j  org.java.plugin.boot.Boot.boot(Lorg/java/plugin/util/ExtendedProperties;ZLjava/lang/String;Lorg/java/plugin/boot/BootErrorHandler;[Ljava/lang/String;)Lorg/java/plugin/boot/Application;+338
j  org.java.plugin.boot.Boot.main([Ljava/lang/String;)V+162
v  ~StubRoutines::call_stub

---------------  P R O C E S S  ---------------

Java Threads: ( => current thread )
  0x00002b9ec4101800 JavaThread "Low Memory Detector" daemon [_thread_blocked, id=19185, stack(0x00002b9f12194000,0x00002b9f12295000)]
  0x00002b9ec40ff000 JavaThread "C2 CompilerThread1" daemon [_thread_in_native, id=19184, stack(0x00002b9f12093000,0x00002b9f12194000)]
  0x00002b9ec40fc800 JavaThread "C2 CompilerThread0" daemon [_thread_in_native, id=19183, stack(0x00002b9f11f92000,0x00002b9f12093000)]
  0x00002b9ec40fa000 JavaThread "Signal Dispatcher" daemon [_thread_blocked, id=19182, stack(0x00002b9f11e91000,0x00002b9f11f92000)]
  0x00002b9ec40ab800 JavaThread "Finalizer" daemon [_thread_blocked, id=19181, stack(0x00002b9f00101000,0x00002b9f00202000)]
  0x00002b9ec40a9800 JavaThread "Reference Handler" daemon [_thread_blocked, id=19180, stack(0x00002b9f00000000,0x00002b9f00101000)]
=>0x00002b9ec4008000 JavaThread "main" [_thread_in_native, id=19170, stack(0x00002b9ec10e7000,0x00002b9ec11e8000)]

Other Threads:
  0x00002b9ec409a800 VMThread [stack: 0x00002b9ee4d91000,0x00002b9ee4e92000] [id=19179]
  0x00002b9ec410c800 WatcherThread [stack: 0x00002b9f12295000,0x00002b9f12396000] [id=19186]

VM state:not at safepoint (normal execution)

VM Mutex/Monitor currently owned by a thread: None

Heap
 PSYoungGen      total 305856K, used 26221K [0x00000000eaab0000, 0x0000000100000000, 0x0000000100000000)
  eden space 262208K, 10% used [0x00000000eaab0000,0x00000000ec44b5d8,0x00000000faac0000)
  from space 43648K, 0% used [0x00000000fd560000,0x00000000fd560000,0x0000000100000000)
  to   space 43648K, 0% used [0x00000000faac0000,0x00000000faac0000,0x00000000fd560000)
 ParOldGen       total 699072K, used 0K [0x00000000c0000000, 0x00000000eaab0000, 0x00000000eaab0000)
  object space 699072K, 0% used [0x00000000c0000000,0x00000000c0000000,0x00000000eaab0000)
 PSPermGen       total 21248K, used 7591K [0x00000000b5a00000, 0x00000000b6ec0000, 0x00000000c0000000)
  object space 21248K, 35% used [0x00000000b5a00000,0x00000000b6169e68,0x00000000b6ec0000)

Card table byte_map: [0x00002b9ecb0c0000,0x00002b9ecb314000] byte_map_base: 0x00002b9ecab13000

Polling page: 0x00002b9ec1628000

Code Cache  [0x00002b9ec8000000, 0x00002b9ec8270000, 0x00002b9ecb000000)
 total_blobs=331 nmethods=104 adapters=180 free_code_cache=48463Kb largest_free_block=49600960

Compilation events (10 events):
Event: 1.329 Thread 0x00002b9ec40fc800 nmethod 99 0x00002b9ec809bb10 code [0x00002b9ec809bc60, 0x00002b9ec809be98]
Event: 1.329 Thread 0x00002b9ec40fc800  100             java.lang.AbstractStringBuilder::append (40 bytes)
Event: 1.331 Thread 0x00002b9ec40fc800 nmethod 100 0x00002b9ec80aca90 code [0x00002b9ec80acbe0, 0x00002b9ec80acce8]
Event: 1.331 Thread 0x00002b9ec40fc800  101             org.java.plugin.registry.xml.ExtensionPointImpl$ParameterDefinitionImpl::getMultiplicity (8 bytes)
Event: 1.331 Thread 0x00002b9ec40fc800 nmethod 101 0x00002b9ec809b810 code [0x00002b9ec809b940, 0x00002b9ec809b9b8]
Event: 1.331 Thread 0x00002b9ec40fc800  102             org.java.plugin.registry.xml.ModelParameterDef::getMultiplicity (5 bytes)
Event: 1.332 Thread 0x00002b9ec40fc800 nmethod 102 0x00002b9ec809ca10 code [0x00002b9ec809cb40, 0x00002b9ec809cb98]
Event: 1.332 Thread 0x00002b9ec40fc800  103             java.io.UnixFileSystem::normalize (75 bytes)
Event: 1.336 Thread 0x00002b9ec40fc800 nmethod 103 0x00002b9ec80a0190 code [0x00002b9ec80a02e0, 0x00002b9ec80a0538]
Event: 1.336 Thread 0x00002b9ec40fc800  104   !         sun.nio.cs.US_ASCII$Decoder::decodeArrayLoop (241 bytes)

GC Heap History (0 events):
No events

Deoptimization events (9 events):
Event: 0.286 Thread 0x00002b9ec4008000 Uncommon trap -34 fr.pc 0x00002b9ec805ea30
Event: 0.287 Thread 0x00002b9ec4008000 Uncommon trap -34 fr.pc 0x00002b9ec805ea30
Event: 0.377 Thread 0x00002b9ec4008000 Uncommon trap -12 fr.pc 0x00002b9ec80652ec
Event: 1.002 Thread 0x00002b9ec4008000 Uncommon trap -58 fr.pc 0x00002b9ec807cca0
Event: 1.002 Thread 0x00002b9ec4008000 Uncommon trap -58 fr.pc 0x00002b9ec807cca0
Event: 1.002 Thread 0x00002b9ec4008000 Uncommon trap -58 fr.pc 0x00002b9ec807cca0
Event: 1.002 Thread 0x00002b9ec4008000 Uncommon trap -58 fr.pc 0x00002b9ec807cca0
Event: 1.176 Thread 0x00002b9ec4008000 Uncommon trap -34 fr.pc 0x00002b9ec805ea30
Event: 1.177 Thread 0x00002b9ec4008000 Uncommon trap -34 fr.pc 0x00002b9ec805ea30

Internal exceptions (10 events):
Event: 1.312 Thread 0x00002b9ec4008000 Threw 0x00000000ebfffdd8 at /builddir/build/BUILD/icedtea6-1.13.4/openjdk/hotspot/src/share/vm/prims/jvm.cpp:1235
Event: 1.313 Thread 0x00002b9ec4008000 Threw 0x00000000ec00c928 at /builddir/build/BUILD/icedtea6-1.13.4/openjdk/hotspot/src/share/vm/classfile/systemDictionary.cpp:179
Event: 1.313 Thread 0x00002b9ec4008000 Threw 0x00000000ec00cc90 at /builddir/build/BUILD/icedtea6-1.13.4/openjdk/hotspot/src/share/vm/prims/jvm.cpp:1235
Event: 1.313 Thread 0x00002b9ec4008000 Threw 0x00000000ec00d0a8 at /builddir/build/BUILD/icedtea6-1.13.4/openjdk/hotspot/src/share/vm/prims/jvm.cpp:1235
Event: 1.314 Thread 0x00002b9ec4008000 Threw 0x00000000ec012aa8 at /builddir/build/BUILD/icedtea6-1.13.4/openjdk/hotspot/src/share/vm/classfile/systemDictionary.cpp:179
Event: 1.314 Thread 0x00002b9ec4008000 Threw 0x00000000ec012e18 at /builddir/build/BUILD/icedtea6-1.13.4/openjdk/hotspot/src/share/vm/prims/jvm.cpp:1235
Event: 1.314 Thread 0x00002b9ec4008000 Threw 0x00000000ec013238 at /builddir/build/BUILD/icedtea6-1.13.4/openjdk/hotspot/src/share/vm/prims/jvm.cpp:1235
Event: 1.315 Thread 0x00002b9ec4008000 Threw 0x00000000ec016230 at /builddir/build/BUILD/icedtea6-1.13.4/openjdk/hotspot/src/share/vm/classfile/systemDictionary.cpp:179
Event: 1.315 Thread 0x00002b9ec4008000 Threw 0x00000000ec016780 at /builddir/build/BUILD/icedtea6-1.13.4/openjdk/hotspot/src/share/vm/prims/jvm.cpp:1235
Event: 1.315 Thread 0x00002b9ec4008000 Threw 0x00000000ec016d80 at /builddir/build/BUILD/icedtea6-1.13.4/openjdk/hotspot/src/share/vm/prims/jvm.cpp:1235

Events (10 events):
Event: 1.314 loading class 0x00002b9ec4943440
Event: 1.314 loading class 0x00002b9ec4943440 done
Event: 1.315 loading class 0x00002b9ec42ec980
Event: 1.315 loading class 0x00002b9ec42ec980 done
Event: 1.319 loading class 0x00002b9ec4131880
Event: 1.319 loading class 0x00002b9ec4131880 done
Event: 1.325 loading class 0x00002b9ec40a4210
Event: 1.325 loading class 0x00002b9ec40a4210 done
Event: 1.325 loading class 0x00002b9ec4239620
Event: 1.326 loading class 0x00002b9ec4239620 done


Dynamic libraries:
00400000-00409000 r-xp 00000000 fd:01 5993                               /usr/lib/jvm/java-1.6.0-openjdk-1.6.0.0.x86_64/jre/bin/java
00608000-0060a000 rw-p 00008000 fd:01 5993                               /usr/lib/jvm/java-1.6.0-openjdk-1.6.0.0.x86_64/jre/bin/java
00ed3000-00ef4000 rw-p 00000000 00:00 0                                  [heap]
b5a00000-b6ec0000 rw-p 00000000 00:00 0 
b6ec0000-c0000000 rw-p 00000000 00:00 0 
c0000000-100000000 rw-p 00000000 00:00 0 
364f800000-364f820000 r-xp 00000000 fd:01 130582                         /lib64/ld-2.12.so
364fa1f000-364fa20000 r--p 0001f000 fd:01 130582                         /lib64/ld-2.12.so
364fa20000-364fa21000 rw-p 00020000 fd:01 130582                         /lib64/ld-2.12.so
364fa21000-364fa22000 rw-p 00000000 00:00 0 
364fc00000-364fd8a000 r-xp 00000000 fd:01 130613                         /lib64/libc-2.12.so
364fd8a000-364ff8a000 ---p 0018a000 fd:01 130613                         /lib64/libc-2.12.so
364ff8a000-364ff8e000 r--p 0018a000 fd:01 130613                         /lib64/libc-2.12.so
364ff8e000-364ff8f000 rw-p 0018e000 fd:01 130613                         /lib64/libc-2.12.so
364ff8f000-364ff94000 rw-p 00000000 00:00 0 
3650000000-3650004000 r-xp 00000000 fd:01 13573                          /usr/lib/jvm/java-1.6.0-openjdk-1.6.0.0.x86_64/jre/lib/amd64/jli/libjli.so
3650004000-3650203000 ---p 00004000 fd:01 13573                          /usr/lib/jvm/java-1.6.0-openjdk-1.6.0.0.x86_64/jre/lib/amd64/jli/libjli.so
3650203000-3650204000 rw-p 00003000 fd:01 13573                          /usr/lib/jvm/java-1.6.0-openjdk-1.6.0.0.x86_64/jre/lib/amd64/jli/libjli.so
3650400000-3650417000 r-xp 00000000 fd:01 130636                         /lib64/libpthread-2.12.so
3650417000-3650617000 ---p 00017000 fd:01 130636                         /lib64/libpthread-2.12.so
3650617000-3650618000 r--p 00017000 fd:01 130636                         /lib64/libpthread-2.12.so
3650618000-3650619000 rw-p 00018000 fd:01 130636                         /lib64/libpthread-2.12.so
3650619000-365061d000 rw-p 00000000 00:00 0 
3650800000-3650802000 r-xp 00000000 fd:01 130624                         /lib64/libdl-2.12.so
3650802000-3650a02000 ---p 00002000 fd:01 130624                         /lib64/libdl-2.12.so
3650a02000-3650a03000 r--p 00002000 fd:01 130624                         /lib64/libdl-2.12.so
3650a03000-3650a04000 rw-p 00003000 fd:01 130624                         /lib64/libdl-2.12.so
3650c00000-3650c15000 r-xp 00000000 fd:01 130638                         /lib64/libz.so.1.2.3
3650c15000-3650e14000 ---p 00015000 fd:01 130638                         /lib64/libz.so.1.2.3
3650e14000-3650e15000 r--p 00014000 fd:01 130638                         /lib64/libz.so.1.2.3
3650e15000-3650e16000 rw-p 00015000 fd:01 130638                         /lib64/libz.so.1.2.3
3651000000-3651007000 r-xp 00000000 fd:01 132701                         /lib64/librt-2.12.so
3651007000-3651206000 ---p 00007000 fd:01 132701                         /lib64/librt-2.12.so
3651206000-3651207000 r--p 00006000 fd:01 132701                         /lib64/librt-2.12.so
3651207000-3651208000 rw-p 00007000 fd:01 132701                         /lib64/librt-2.12.so
3651800000-3651816000 r-xp 00000000 fd:01 133662                         /lib64/libgcc_s-4.4.7-20120601.so.1
3651816000-3651a15000 ---p 00016000 fd:01 133662                         /lib64/libgcc_s-4.4.7-20120601.so.1
3651a15000-3651a16000 rw-p 00015000 fd:01 133662                         /lib64/libgcc_s-4.4.7-20120601.so.1
3653000000-36530e8000 r-xp 00000000 fd:01 49938                          /usr/lib64/libstdc++.so.6.0.13
36530e8000-36532e8000 ---p 000e8000 fd:01 49938                          /usr/lib64/libstdc++.so.6.0.13
36532e8000-36532ef000 r--p 000e8000 fd:01 49938                          /usr/lib64/libstdc++.so.6.0.13
36532ef000-36532f1000 rw-p 000ef000 fd:01 49938                          /usr/lib64/libstdc++.so.6.0.13
36532f1000-3653306000 rw-p 00000000 00:00 0 
365c200000-365c216000 r-xp 00000000 fd:01 137559                         /lib64/libnsl-2.12.so
365c216000-365c415000 ---p 00016000 fd:01 137559                         /lib64/libnsl-2.12.so
365c415000-365c416000 r--p 00015000 fd:01 137559                         /lib64/libnsl-2.12.so
365c416000-365c417000 rw-p 00016000 fd:01 137559                         /lib64/libnsl-2.12.so
365c417000-365c419000 rw-p 00000000 00:00 0 
2b9ec015d000-2b9ec015e000 rw-p 00000000 00:00 0 
2b9ec0174000-2b9ec0178000 rw-p 00000000 00:00 0 
2b9ec0178000-2b9ec0b83000 r-xp 00000000 fd:01 23213                      /usr/lib/jvm/java-1.6.0-openjdk-1.6.0.0.x86_64/jre/lib/amd64/server/libjvm.so
2b9ec0b83000-2b9ec0d83000 ---p 00a0b000 fd:01 23213                      /usr/lib/jvm/java-1.6.0-openjdk-1.6.0.0.x86_64/jre/lib/amd64/server/libjvm.so
2b9ec0d83000-2b9ec0e24000 rw-p 00a0b000 fd:01 23213                      /usr/lib/jvm/java-1.6.0-openjdk-1.6.0.0.x86_64/jre/lib/amd64/server/libjvm.so
2b9ec0e24000-2b9ec0e4d000 rw-p 00000000 00:00 0 
2b9ec0e63000-2b9ec0ee6000 r-xp 00000000 fd:01 130627                     /lib64/libm-2.12.so
2b9ec0ee6000-2b9ec10e5000 ---p 00083000 fd:01 130627                     /lib64/libm-2.12.so
2b9ec10e5000-2b9ec10e6000 r--p 00082000 fd:01 130627                     /lib64/libm-2.12.so
2b9ec10e6000-2b9ec10e7000 rw-p 00083000 fd:01 130627                     /lib64/libm-2.12.so
2b9ec10e7000-2b9ec10ea000 ---p 00000000 00:00 0 
2b9ec10ea000-2b9ec11e8000 rw-p 00000000 00:00 0 
2b9ec11e8000-2b9ec11f6000 r-xp 00000000 fd:01 23207                      /usr/lib/jvm/java-1.6.0-openjdk-1.6.0.0.x86_64/jre/lib/amd64/libverify.so
2b9ec11f6000-2b9ec13f6000 ---p 0000e000 fd:01 23207                      /usr/lib/jvm/java-1.6.0-openjdk-1.6.0.0.x86_64/jre/lib/amd64/libverify.so
2b9ec13f6000-2b9ec13f8000 rw-p 0000e000 fd:01 23207                      /usr/lib/jvm/java-1.6.0-openjdk-1.6.0.0.x86_64/jre/lib/amd64/libverify.so
2b9ec13f8000-2b9ec1425000 r-xp 00000000 fd:01 23159                      /usr/lib/jvm/java-1.6.0-openjdk-1.6.0.0.x86_64/jre/lib/amd64/libjava.so
2b9ec1425000-2b9ec1624000 ---p 0002d000 fd:01 23159                      /usr/lib/jvm/java-1.6.0-openjdk-1.6.0.0.x86_64/jre/lib/amd64/libjava.so
2b9ec1624000-2b9ec1628000 rw-p 0002c000 fd:01 23159                      /usr/lib/jvm/java-1.6.0-openjdk-1.6.0.0.x86_64/jre/lib/amd64/libjava.so
2b9ec1628000-2b9ec1629000 r--p 00000000 00:00 0 
2b9ec1629000-2b9ec162a000 rw-p 00000000 00:00 0 
2b9ec162a000-2b9ec165f000 r--s 00000000 fd:02 128540                     /var/db/nscd/passwd
2b9ec165f000-2b9ec1667000 rw-s 00000000 fd:03 140                        /tmp/hsperfdata_dw07r324/19169
2b9ec1667000-2b9ec166e000 r-xp 00000000 fd:01 23208                      /usr/lib/jvm/java-1.6.0-openjdk-1.6.0.0.x86_64/jre/lib/amd64/libzip.so
2b9ec166e000-2b9ec186e000 ---p 00007000 fd:01 23208                      /usr/lib/jvm/java-1.6.0-openjdk-1.6.0.0.x86_64/jre/lib/amd64/libzip.so
2b9ec186e000-2b9ec186f000 rw-p 00007000 fd:01 23208                      /usr/lib/jvm/java-1.6.0-openjdk-1.6.0.0.x86_64/jre/lib/amd64/libzip.so
2b9ec4000000-2b9ec4a65000 rw-p 00000000 00:00 0 
2b9ec4a65000-2b9ec8000000 ---p 00000000 00:00 0 
2b9ec8000000-2b9ec8270000 rwxp 00000000 00:00 0 
2b9ec8270000-2b9ecb000000 rw-p 00000000 00:00 0 
2b9ecb000000-2b9ecb00a000 rw-p 00000000 00:00 0 
2b9ecb00a000-2b9ecb0c0000 rw-p 00000000 00:00 0 
2b9ecb0c0000-2b9ecb0cb000 rw-p 00000000 00:00 0 
2b9ecb0cb000-2b9ecb113000 rw-p 00000000 00:00 0 
2b9ecb113000-2b9ecb475000 rw-p 00000000 00:00 0 
2b9ecb475000-2b9ecb4bd000 rw-p 00000000 00:00 0 
2b9ecb4bd000-2b9ecb4be000 ---p 00000000 00:00 0 
2b9ecb4be000-2b9ecb5be000 rw-p 00000000 00:00 0 
2b9ecb5be000-2b9ecb5bf000 ---p 00000000 00:00 0 
2b9ecb5bf000-2b9ecb6bf000 rw-p 00000000 00:00 0 
2b9ecb6bf000-2b9ecb6c0000 ---p 00000000 00:00 0 
2b9ecb6c0000-2b9ecb7c0000 rw-p 00000000 00:00 0 
2b9ecb7c0000-2b9ecb7c1000 ---p 00000000 00:00 0 
2b9ecb7c1000-2b9ecb8c1000 rw-p 00000000 00:00 0 
2b9ecb8c1000-2b9ecb8c2000 ---p 00000000 00:00 0 
2b9ecb8c2000-2b9ecb9c2000 rw-p 00000000 00:00 0 
2b9ecb9c2000-2b9ecb9c3000 ---p 00000000 00:00 0 
2b9ecb9c3000-2b9ecbac3000 rw-p 00000000 00:00 0 
2b9ecbac3000-2b9ecbac4000 ---p 00000000 00:00 0 
2b9ecbac4000-2b9ecbbc4000 rw-p 00000000 00:00 0 
2b9ecbbc4000-2b9ecbbc5000 ---p 00000000 00:00 0 
2b9ecbbc5000-2b9ecbcc5000 rw-p 00000000 00:00 0 
2b9ecc000000-2b9ecc021000 rw-p 00000000 00:00 0 
2b9ecc021000-2b9ed0000000 ---p 00000000 00:00 0 
2b9ed0000000-2b9ed0021000 rw-p 00000000 00:00 0 
2b9ed0021000-2b9ed4000000 ---p 00000000 00:00 0 
2b9ed4000000-2b9ed4021000 rw-p 00000000 00:00 0 
2b9ed4021000-2b9ed8000000 ---p 00000000 00:00 0 
2b9ed8000000-2b9ed8021000 rw-p 00000000 00:00 0 
2b9ed8021000-2b9edc000000 ---p 00000000 00:00 0 
2b9edc000000-2b9edeea4000 rw-p 00000000 00:00 0 
2b9edeea4000-2b9edf03a000 r--s 01a15000 fd:01 23288                      /usr/lib/jvm/java-1.6.0-openjdk-1.6.0.0.x86_64/jre/lib/rt.jar
2b9edf03a000-2b9edff20000 rw-p 00000000 00:00 0 
2b9ee0000000-2b9ee0021000 rw-p 00000000 00:00 0 
2b9ee0021000-2b9ee4000000 ---p 00000000 00:00 0 
2b9ee4000000-2b9ee4d91000 rw-p 00000000 00:00 0 
2b9ee4d91000-2b9ee4d92000 ---p 00000000 00:00 0 
2b9ee4d92000-2b9ee4e92000 rw-p 00000000 00:00 0 
2b9ee8000000-2b9ee8021000 rw-p 00000000 00:00 0 
2b9ee8021000-2b9eec000000 ---p 00000000 00:00 0 
2b9ef0000000-2b9ef0021000 rw-p 00000000 00:00 0 
2b9ef0021000-2b9ef4000000 ---p 00000000 00:00 0 
2b9ef8000000-2b9ef8021000 rw-p 00000000 00:00 0 
2b9ef8021000-2b9efc000000 ---p 00000000 00:00 0 
2b9efc000000-2b9efc021000 rw-p 00000000 00:00 0 
2b9efc021000-2b9f00000000 ---p 00000000 00:00 0 
2b9f00000000-2b9f00003000 ---p 00000000 00:00 0 
2b9f00003000-2b9f00101000 rw-p 00000000 00:00 0 
2b9f00101000-2b9f00104000 ---p 00000000 00:00 0 
2b9f00104000-2b9f00202000 rw-p 00000000 00:00 0 
2b9f04000000-2b9f04021000 rw-p 00000000 00:00 0 
2b9f04021000-2b9f08000000 ---p 00000000 00:00 0 
2b9f08000000-2b9f08021000 rw-p 00000000 00:00 0 
2b9f08021000-2b9f0c000000 ---p 00000000 00:00 0 
2b9f0c000000-2b9f11e91000 r--p 00000000 fd:01 49935                      /usr/lib/locale/locale-archive
2b9f11e91000-2b9f11e94000 ---p 00000000 00:00 0 
2b9f11e94000-2b9f11f92000 rw-p 00000000 00:00 0 
2b9f11f92000-2b9f11f95000 ---p 00000000 00:00 0 
2b9f11f95000-2b9f12093000 rw-p 00000000 00:00 0 
2b9f12093000-2b9f12096000 ---p 00000000 00:00 0 
2b9f12096000-2b9f12194000 rw-p 00000000 00:00 0 
2b9f12194000-2b9f12197000 ---p 00000000 00:00 0 
2b9f12197000-2b9f12295000 rw-p 00000000 00:00 0 
2b9f12295000-2b9f12296000 ---p 00000000 00:00 0 
2b9f12296000-2b9f12396000 rw-p 00000000 00:00 0 
2b9f12396000-2b9f12398000 r--s 00009000 00:35 125760574                  /mmfs/automount/gpfs/homefs/sm/dw07r324/bin/GOAL-20140808/lib/jpf-boot.jar
2b9f12398000-2b9f1239b000 r--s 0000f000 fd:01 23233                      /usr/lib/jvm/java-1.6.0-openjdk-1.6.0.0.x86_64/jre/lib/ext/pulse-java.jar
2b9f1239b000-2b9f123a4000 r--s 00065000 fd:01 23228                      /usr/lib/jvm/java-1.6.0-openjdk-1.6.0.0.x86_64/jre/lib/ext/gnome-java-bridge.jar
2b9f123a4000-2b9f123a6000 r--s 00009000 00:35 125760574                  /mmfs/automount/gpfs/homefs/sm/dw07r324/bin/GOAL-20140808/lib/jpf-boot.jar
2b9f123a6000-2b9f123aa000 r--s 0003c000 fd:01 14238                      /usr/lib/jvm/java-1.6.0-openjdk-1.6.0.0.x86_64/jre/lib/jsse.jar
2b9f123aa000-2b9f123af000 r--s 0002d000 00:35 125760577                  /mmfs/automount/gpfs/homefs/sm/dw07r324/bin/GOAL-20140808/lib/jpf.jar
2b9f123af000-2b9f123b1000 r--s 0000d000 00:35 125760571                  /mmfs/automount/gpfs/homefs/sm/dw07r324/bin/GOAL-20140808/lib/commons-logging.jar
2b9f123b1000-2b9f123b3000 r--s 00012000 00:35 125760576                  /mmfs/automount/gpfs/homefs/sm/dw07r324/bin/GOAL-20140808/lib/jpf-tools.jar
2b9f123b3000-2b9f123ba000 r--s 00039000 00:35 125760578                  /mmfs/automount/gpfs/homefs/sm/dw07r324/bin/GOAL-20140808/lib/jxp.jar
2b9f123ba000-2b9f123bc000 r--s 00004000 00:35 125760570                  /mmfs/automount/gpfs/homefs/sm/dw07r324/bin/GOAL-20140808/lib/AppleJavaExtensions.jar
2b9f123bc000-2b9f123c1000 r--s 0002a000 00:35 125760572                  /mmfs/automount/gpfs/homefs/sm/dw07r324/bin/GOAL-20140808/lib/gson-2.2.2.jar
2b9f123c1000-2b9f123c4000 r--s 0001a000 00:35 125760579                  /mmfs/automount/gpfs/homefs/sm/dw07r324/bin/GOAL-20140808/lib/minijdd_104.jar
2b9f123c4000-2b9f123e7000 r--s 0022d000 00:35 42019432                   /mmfs/automount/gpfs/homefs/sm/dw07r324/bin/GOAL-20140808/.jpf-shadow/org.svvrl.goal.core@2014.8.8.zip
2b9f123e7000-2b9f1248a000 r-xp 00000000 fd:01 13434                      /usr/lib/jvm/java-1.6.0-openjdk-1.6.0.0.x86_64/jre/lib/amd64/libawt.so
2b9f1248a000-2b9f1268a000 ---p 000a3000 fd:01 13434                      /usr/lib/jvm/java-1.6.0-openjdk-1.6.0.0.x86_64/jre/lib/amd64/libawt.so
2b9f1268a000-2b9f12696000 rw-p 000a3000 fd:01 13434                      /usr/lib/jvm/java-1.6.0-openjdk-1.6.0.0.x86_64/jre/lib/amd64/libawt.so
2b9f12696000-2b9f126ba000 rw-p 00000000 00:00 0 
2b9f126ba000-2b9f126c0000 r-xp 00000000 fd:01 8525                       /usr/lib/jvm/java-1.6.0-openjdk-1.6.0.0.x86_64/jre/lib/amd64/headless/libmawt.so
2b9f126c0000-2b9f128bf000 ---p 00006000 fd:01 8525                       /usr/lib/jvm/java-1.6.0-openjdk-1.6.0.0.x86_64/jre/lib/amd64/headless/libmawt.so
2b9f128bf000-2b9f128c0000 rw-p 00005000 fd:01 8525                       /usr/lib/jvm/java-1.6.0-openjdk-1.6.0.0.x86_64/jre/lib/amd64/headless/libmawt.so
2b9f128c0000-2b9f128c1000 rw-p 00000000 00:00 0 
2b9f12a41000-2b9f12a42000 rw-p 00000000 00:00 0 
2b9f14000000-2b9f14021000 rw-p 00000000 00:00 0 
2b9f14021000-2b9f18000000 ---p 00000000 00:00 0 
2b9f18000000-2b9f18d54000 rw-p 00000000 00:00 0 
2b9f18d54000-2b9f1c000000 ---p 00000000 00:00 0 
2b9f1c000000-2b9f1ce7e000 rw-p 00000000 00:00 0 
2b9f1ce7e000-2b9f20000000 ---p 00000000 00:00 0 
2b9f20000000-2b9f20021000 rw-p 00000000 00:00 0 
2b9f20021000-2b9f24000000 ---p 00000000 00:00 0 
2b9f24000000-2b9f24021000 rw-p 00000000 00:00 0 
2b9f24021000-2b9f28000000 ---p 00000000 00:00 0 
7fff72c1b000-7fff72c51000 rw-p 00000000 00:00 0                          [stack]
7fff72daf000-7fff72db0000 r-xp 00000000 00:00 0                          [vdso]
ffffffffff600000-ffffffffff601000 r-xp 00000000 00:00 0                  [vsyscall]

VM Arguments:
jvm_args: -Xmx1G -Xms1G -DapplicationRoot=/home/ubelix/sm/dw07r324/bin/GOAL-20140808 -Dorg.java.plugin.boot.pluginsRepositories=/home/ubelix/sm/dw07r324/bin/GOAL-20140808/plugins -Djpf.boot.config=/home/ubelix/sm/dw07r324/bin/GOAL-20140808/boot.properties -Dorg.apache.commons.logging.Log=org.apache.commons.logging.impl.SimpleLog -Dorg.apache.commons.logging.simplelog.log.org.java.plugin=fatal 
java_command: /home/ubelix/sm/dw07r324/bin/GOAL-20140808/lib/jpf-boot.jar complement -m piterman -eq -macc -sp -ro -r /scratch/local/8663605.1.all.q/test_set_s15/s15_t1.0_a0.4_078.gff
Launcher Type: SUN_STANDARD

Environment Variables:
CLASSPATH=/home/ubelix/sm/dw07r324/bin/GOAL-20140808:/home/ubelix/sm/dw07r324/bin/GOAL-20140808/plugins:/home/ubelix/sm/dw07r324/bin/GOAL-20140808/lib:
PATH=/scratch/local/8663605.1.all.q:/usr/lib64/qt-3.3/bin:/usr/local/bin:/bin:/usr/bin:/usr/local/sbin:/usr/sbin:/sbin:/usr/lpp/mmfs/bin:/home/ubelix/sm/dw07r324/bin/GOAL-20140808:/home/ubelix/sm/dw07r324/bin/gnu_time/bin:/usr/lpp/mmfs/bin
LD_LIBRARY_PATH=/usr/lib/jvm/java-1.6.0-openjdk-1.6.0.0.x86_64/jre/lib/amd64/server:/usr/lib/jvm/java-1.6.0-openjdk-1.6.0.0.x86_64/jre/lib/amd64:/usr/lib/jvm/java-1.6.0-openjdk-1.6.0.0.x86_64/jre/../lib/amd64
SHELL=/bin/bash

Signal Handlers:
SIGSEGV: [libjvm.so+0x870a40], sa_mask[0]=0x7ffbfeff, sa_flags=0x10000004
SIGBUS: [libjvm.so+0x870a40], sa_mask[0]=0x7ffbfeff, sa_flags=0x10000004
SIGFPE: [libjvm.so+0x719240], sa_mask[0]=0x7ffbfeff, sa_flags=0x10000004
SIGPIPE: [libjvm.so+0x719240], sa_mask[0]=0x7ffbfeff, sa_flags=0x10000004
SIGXFSZ: [libjvm.so+0x719240], sa_mask[0]=0x7ffbfeff, sa_flags=0x10000004
SIGILL: [libjvm.so+0x719240], sa_mask[0]=0x7ffbfeff, sa_flags=0x10000004
SIGUSR1: SIG_DFL, sa_mask[0]=0x00000000, sa_flags=0x00000000
SIGUSR2: [libjvm.so+0x718d60], sa_mask[0]=0x00000000, sa_flags=0x10000004
SIGHUP: [libjvm.so+0x71bdf0], sa_mask[0]=0x7ffbfeff, sa_flags=0x10000004
SIGINT: [libjvm.so+0x71bdf0], sa_mask[0]=0x7ffbfeff, sa_flags=0x10000004
SIGTERM: [libjvm.so+0x71bdf0], sa_mask[0]=0x7ffbfeff, sa_flags=0x10000004
SIGQUIT: [libjvm.so+0x71bdf0], sa_mask[0]=0x7ffbfeff, sa_flags=0x10000004


---------------  S Y S T E M  ---------------

OS:Red Hat Enterprise Linux ComputeNode release 6.5 (Santiago)

uname:Linux 2.6.32-431.29.2.el6.x86_64 #1 SMP Sun Jul 27 15:55:46 EDT 2014 x86_64
libc:glibc 2.12 NPTL 2.12 
rlimit: STACK infinity, CORE infinity, NPROC 127431, NOFILE 4096, AS 8388608k
load average:4.94 4.48 3.96

/proc/meminfo:
MemTotal:       16331612 kB
MemFree:         5202000 kB
Buffers:           12304 kB
Cached:          5960448 kB
SwapCached:           88 kB
Active:          2773156 kB
Inactive:        3669676 kB
Active(anon):     406716 kB
Inactive(anon):    63556 kB
Active(file):    2366440 kB
Inactive(file):  3606120 kB
Unevictable:     4082900 kB
Mlocked:         4082900 kB
SwapTotal:       8388604 kB
SwapFree:        8388380 kB
Dirty:               132 kB
Writeback:             0 kB
AnonPages:       4553132 kB
Mapped:            98932 kB
Shmem:               192 kB
Slab:             378688 kB
SReclaimable:     311060 kB
SUnreclaim:        67628 kB
KernelStack:        4688 kB
PageTables:        17032 kB
NFS_Unstable:          0 kB
Bounce:                0 kB
WritebackTmp:          0 kB
CommitLimit:    16554408 kB
Committed_AS:    6814640 kB
VmallocTotal:   34359738367 kB
VmallocUsed:      108380 kB
VmallocChunk:   34351234244 kB
HardwareCorrupted:     0 kB
AnonHugePages:         0 kB
HugePages_Total:       0
HugePages_Free:        0
HugePages_Rsvd:        0
HugePages_Surp:        0
Hugepagesize:       2048 kB
DirectMap4k:        9920 kB
DirectMap2M:     2086912 kB
DirectMap1G:    14680064 kB


CPU:total 8 (4 cores per cpu, 1 threads per core) family 16 model 2 stepping 3, cmov, cx8, fxsr, mmx, sse, sse2, sse3, popcnt, mmxext, 3dnowpref, lzcnt, sse4a, tsc, tscinvbit, tscinv

/proc/cpuinfo:
processor	: 0
vendor_id	: AuthenticAMD
cpu family	: 16
model		: 2
model name	: Quad-Core AMD Opteron(tm) Processor 2354
stepping	: 3
cpu MHz		: 2200.000
cache size	: 512 KB
physical id	: 0
siblings	: 4
core id		: 0
cpu cores	: 4
apicid		: 0
initial apicid	: 0
fpu		: yes
fpu_exception	: yes
cpuid level	: 5
wp		: yes
flags		: fpu vme de pse tsc msr pae mce cx8 apic sep mtrr pge mca cmov pat pse36 clflush mmx fxsr sse sse2 ht syscall nx mmxext fxsr_opt pdpe1gb rdtscp lm 3dnowext 3dnow constant_tsc rep_good nonstop_tsc extd_apicid pni monitor cx16 popcnt lahf_lm cmp_legacy svm extapic cr8_legacy abm sse4a misalignsse 3dnowprefetch osvw ibs npt lbrv svm_lock
bogomips	: 4422.88
TLB size	: 1024 4K pages
clflush size	: 64
cache_alignment	: 64
address sizes	: 48 bits physical, 48 bits virtual
power management: ts ttp tm stc 100mhzsteps hwpstate

processor	: 1
vendor_id	: AuthenticAMD
cpu family	: 16
model		: 2
model name	: Quad-Core AMD Opteron(tm) Processor 2354
stepping	: 3
cpu MHz		: 2200.000
cache size	: 512 KB
physical id	: 0
siblings	: 4
core id		: 1
cpu cores	: 4
apicid		: 1
initial apicid	: 1
fpu		: yes
fpu_exception	: yes
cpuid level	: 5
wp		: yes
flags		: fpu vme de pse tsc msr pae mce cx8 apic sep mtrr pge mca cmov pat pse36 clflush mmx fxsr sse sse2 ht syscall nx mmxext fxsr_opt pdpe1gb rdtscp lm 3dnowext 3dnow constant_tsc rep_good nonstop_tsc extd_apicid pni monitor cx16 popcnt lahf_lm cmp_legacy svm extapic cr8_legacy abm sse4a misalignsse 3dnowprefetch osvw ibs npt lbrv svm_lock
bogomips	: 4422.88
TLB size	: 1024 4K pages
clflush size	: 64
cache_alignment	: 64
address sizes	: 48 bits physical, 48 bits virtual
power management: ts ttp tm stc 100mhzsteps hwpstate

processor	: 2
vendor_id	: AuthenticAMD
cpu family	: 16
model		: 2
model name	: Quad-Core AMD Opteron(tm) Processor 2354
stepping	: 3
cpu MHz		: 2200.000
cache size	: 512 KB
physical id	: 0
siblings	: 4
core id		: 2
cpu cores	: 4
apicid		: 2
initial apicid	: 2
fpu		: yes
fpu_exception	: yes
cpuid level	: 5
wp		: yes
flags		: fpu vme de pse tsc msr pae mce cx8 apic sep mtrr pge mca cmov pat pse36 clflush mmx fxsr sse sse2 ht syscall nx mmxext fxsr_opt pdpe1gb rdtscp lm 3dnowext 3dnow constant_tsc rep_good nonstop_tsc extd_apicid pni monitor cx16 popcnt lahf_lm cmp_legacy svm extapic cr8_legacy abm sse4a misalignsse 3dnowprefetch osvw ibs npt lbrv svm_lock
bogomips	: 4422.88
TLB size	: 1024 4K pages
clflush size	: 64
cache_alignment	: 64
address sizes	: 48 bits physical, 48 bits virtual
power management: ts ttp tm stc 100mhzsteps hwpstate

processor	: 3
vendor_id	: AuthenticAMD
cpu family	: 16
model		: 2
model name	: Quad-Core AMD Opteron(tm) Processor 2354
stepping	: 3
cpu MHz		: 2200.000
cache size	: 512 KB
physical id	: 0
siblings	: 4
core id		: 3
cpu cores	: 4
apicid		: 3
initial apicid	: 3
fpu		: yes
fpu_exception	: yes
cpuid level	: 5
wp		: yes
flags		: fpu vme de pse tsc msr pae mce cx8 apic sep mtrr pge mca cmov pat pse36 clflush mmx fxsr sse sse2 ht syscall nx mmxext fxsr_opt pdpe1gb rdtscp lm 3dnowext 3dnow constant_tsc rep_good nonstop_tsc extd_apicid pni monitor cx16 popcnt lahf_lm cmp_legacy svm extapic cr8_legacy abm sse4a misalignsse 3dnowprefetch osvw ibs npt lbrv svm_lock
bogomips	: 4422.88
TLB size	: 1024 4K pages
clflush size	: 64
cache_alignment	: 64
address sizes	: 48 bits physical, 48 bits virtual
power management: ts ttp tm stc 100mhzsteps hwpstate

processor	: 4
vendor_id	: AuthenticAMD
cpu family	: 16
model		: 2
model name	: Quad-Core AMD Opteron(tm) Processor 2354
stepping	: 3
cpu MHz		: 2200.000
cache size	: 512 KB
physical id	: 1
siblings	: 4
core id		: 0
cpu cores	: 4
apicid		: 4
initial apicid	: 4
fpu		: yes
fpu_exception	: yes
cpuid level	: 5
wp		: yes
flags		: fpu vme de pse tsc msr pae mce cx8 apic sep mtrr pge mca cmov pat pse36 clflush mmx fxsr sse sse2 ht syscall nx mmxext fxsr_opt pdpe1gb rdtscp lm 3dnowext 3dnow constant_tsc rep_good nonstop_tsc extd_apicid pni monitor cx16 popcnt lahf_lm cmp_legacy svm extapic cr8_legacy abm sse4a misalignsse 3dnowprefetch osvw ibs npt lbrv svm_lock
bogomips	: 4422.23
TLB size	: 1024 4K pages
clflush size	: 64
cache_alignment	: 64
address sizes	: 48 bits physical, 48 bits virtual
power management: ts ttp tm stc 100mhzsteps hwpstate

processor	: 5
vendor_id	: AuthenticAMD
cpu family	: 16
model		: 2
model name	: Quad-Core AMD Opteron(tm) Processor 2354
stepping	: 3
cpu MHz		: 2200.000
cache size	: 512 KB
physical id	: 1
siblings	: 4
core id		: 1
cpu cores	: 4
apicid		: 5
initial apicid	: 5
fpu		: yes
fpu_exception	: yes
cpuid level	: 5
wp		: yes
flags		: fpu vme de pse tsc msr pae mce cx8 apic sep mtrr pge mca cmov pat pse36 clflush mmx fxsr sse sse2 ht syscall nx mmxext fxsr_opt pdpe1gb rdtscp lm 3dnowext 3dnow constant_tsc rep_good nonstop_tsc extd_apicid pni monitor cx16 popcnt lahf_lm cmp_legacy svm extapic cr8_legacy abm sse4a misalignsse 3dnowprefetch osvw ibs npt lbrv svm_lock
bogomips	: 4422.23
TLB size	: 1024 4K pages
clflush size	: 64
cache_alignment	: 64
address sizes	: 48 bits physical, 48 bits virtual
power management: ts ttp tm stc 100mhzsteps hwpstate

processor	: 6
vendor_id	: AuthenticAMD
cpu family	: 16
model		: 2
model name	: Quad-Core AMD Opteron(tm) Processor 2354
stepping	: 3
cpu MHz		: 2200.000
cache size	: 512 KB
physical id	: 1
siblings	: 4
core id		: 2
cpu cores	: 4
apicid		: 6
initial apicid	: 6
fpu		: yes
fpu_exception	: yes
cpuid level	: 5
wp		: yes
flags		: fpu vme de pse tsc msr pae mce cx8 apic sep mtrr pge mca cmov pat pse36 clflush mmx fxsr sse sse2 ht syscall nx mmxext fxsr_opt pdpe1gb rdtscp lm 3dnowext 3dnow constant_tsc rep_good nonstop_tsc extd_apicid pni monitor cx16 popcnt lahf_lm cmp_legacy svm extapic cr8_legacy abm sse4a misalignsse 3dnowprefetch osvw ibs npt lbrv svm_lock
bogomips	: 4422.23
TLB size	: 1024 4K pages
clflush size	: 64
cache_alignment	: 64
address sizes	: 48 bits physical, 48 bits virtual
power management: ts ttp tm stc 100mhzsteps hwpstate

processor	: 7
vendor_id	: AuthenticAMD
cpu family	: 16
model		: 2
model name	: Quad-Core AMD Opteron(tm) Processor 2354
stepping	: 3
cpu MHz		: 2200.000
cache size	: 512 KB
physical id	: 1
siblings	: 4
core id		: 3
cpu cores	: 4
apicid		: 7
initial apicid	: 7
fpu		: yes
fpu_exception	: yes
cpuid level	: 5
wp		: yes
flags		: fpu vme de pse tsc msr pae mce cx8 apic sep mtrr pge mca cmov pat pse36 clflush mmx fxsr sse sse2 ht syscall nx mmxext fxsr_opt pdpe1gb rdtscp lm 3dnowext 3dnow constant_tsc rep_good nonstop_tsc extd_apicid pni monitor cx16 popcnt lahf_lm cmp_legacy svm extapic cr8_legacy abm sse4a misalignsse 3dnowprefetch osvw ibs npt lbrv svm_lock
bogomips	: 4422.23
TLB size	: 1024 4K pages
clflush size	: 64
cache_alignment	: 64
address sizes	: 48 bits physical, 48 bits virtual
power management: ts ttp tm stc 100mhzsteps hwpstate



Memory: 4k page, physical 16331612k(5202000k free), swap 8388604k(8388380k free)

vm_info: OpenJDK 64-Bit Server VM (23.25-b01) for linux-amd64 JRE (1.6.0_32-b32), built on Aug 21 2014 11:15:48 by "mockbuild" with gcc 4.4.7 20120313 (Red Hat 4.4.7-4)

time: Tue Sep 23 00:12:21 2014
elapsed time: 1 seconds

