#
# A fatal error has been detected by the Java Runtime Environment:
#
#  SIGBUS (0x7) at pc=0x00002b05f1584522, pid=6472, tid=47304519190272
#
# JRE version: 6.0_32-b32
# Java VM: OpenJDK 64-Bit Server VM (23.25-b01 mixed mode linux-amd64 compressed oops)
# Problematic frame:
# C  [libzip.so+0x4522]  ZIP_Lock+0x252
#
# Core dump written. Default location: /mmfs/automount/gpfs/homefs/sm/dw07r324/jobs/piterman.eq.macc.sp.ro.r/core or core.6472
#
# If you would like to submit a bug report, please include
# instructions how to reproduce the bug and visit:
#   http://icedtea.classpath.org/bugzilla
# The crash happened outside the Java Virtual Machine in native code.
# See problematic frame for where to report the bug.
#

---------------  T H R E A D  ---------------

Current thread (0x00002b05f4008000):  JavaThread "main" [_thread_in_native, id=6473, stack(0x00002b05f1000000,0x00002b05f1101000)]

siginfo:si_signo=SIGBUS: si_errno=0, si_code=2 (BUS_ADRERR), si_addr=0x00002b06363cddbf

Registers:
RAX=0x00002b05f46c36e0, RBX=0x00002b06363cdda2, RCX=0x0000000000000201, RDX=0x0000000000000200
RSP=0x00002b05f10fcfb0, RBP=0x00002b05f10fcff0, RSI=0x0000000000000040, RDI=0x00002b05f4000020
R8 =0x00002b05f4000088, R9 =0x0000000000000001, R10=0x0000000000000040, R11=0x00002b05f0830660
R12=0x00002b05f46c36e0, R13=0x00002b05f4343080, R14=0x00002b05f10fd060, R15=0x00002b05f46c36e0
RIP=0x00002b05f1584522, EFLAGS=0x0000000000010202, CSGSFS=0x0000000000000033, ERR=0x0000000000000004
  TRAPNO=0x000000000000000e

Top of Stack: (sp=0x00002b05f10fcfb0)
0x00002b05f10fcfb0:   00002b05f43431a0 00002b05f077a05e
0x00002b05f10fcfc0:   0000000000000370 00002b05f42ed824
0x00002b05f10fcfd0:   00002b05f4343080 000000002b550c25
0x00002b05f10fcfe0:   00002b05f10fd060 0000000000000034
0x00002b05f10fcff0:   00002b05f10fd040 00002b05f1584ae2
0x00002b05f10fd000:   00002b05f4008000 00002b05f43221c0
0x00002b05f10fd010:   00002744f10fd080 00002b05f40081d8
0x00002b05f10fd020:   00002b05f10fd060 0000000000000034
0x00002b05f10fd030:   00002b05f10fd538 00002b05f10fd060
0x00002b05f10fd040:   00002b05f10fd4a0 00002b05f1583ae4
0x00002b05f10fd050:   00000034010fd0d0 00002b05f4343080
0x00002b05f10fd060:   2f73657373616c63 727676732f67726f
0x00002b05f10fd070:   632f6c616f672f6c 2f7475612f65726f
0x00002b05f10fd080:   6d61472f656d6167 632e657461745365
0x00002b05f10fd090:   00002b007373616c 0000000400001389
0x00002b05f10fd0a0:   00002b05f46f6f78 00002b05f46f6f60
0x00002b05f10fd0b0:   00002b05f10fd0e0 00002b05f10fd170
0x00002b05f10fd0c0:   00002b05f4008000 0000000000000001
0x00002b05f10fd0d0:   00002b05f0956354 0000000000001389
0x00002b05f10fd0e0:   00002b05f10fd120 00002b05f084b437
0x00002b05f10fd0f0:   00002b05f10fd120 00002b05f084bb94
0x00002b05f10fd100:   00002b05f4008000 00002b05f10fd170
0x00002b05f10fd110:   00002b05f4008000 0000000000000001
0x00002b05f10fd120:   00002b05f10fd1d0 00002b05f076ef68
0x00002b05f10fd130:   00002b05f10fd100 00002b0500000000
0x00002b05f10fd140:   00002b05f10fd1d0 00002b05f04413f8
0x00002b05f10fd150:   00002b05f46eef40 00002b05f4007770
0x00002b05f10fd160:   0000000000000000 0000000000000000
0x00002b05f10fd170:   00002b05f4005960 00002b05f46f6f68
0x00002b05f10fd180:   0000000000000000 0000000000000001
0x00002b05f10fd190:   00002b05f4008000 ffffffffffffffff
0x00002b05f10fd1a0:   00002b05f10fd210 00002b05f0580a03 

Instructions: (pc=0x00002b05f1584522)
0x00002b05f1584502:   00 00 00 00 00 48 c7 40 30 00 00 00 00 48 c7 40
0x00002b05f1584512:   28 00 00 00 00 8b 5b 04 49 2b 5d 28 49 03 5d 18
0x00002b05f1584522:   44 0f b6 73 1d 0f b6 43 1c 41 c1 e6 08 41 09 c6
0x00002b05f1584532:   0f b6 43 1e 88 45 ce 0f b6 43 1f 88 45 cf 0f b6 

Register to memory mapping:

RAX=0x00002b05f46c36e0 is an unknown value
RBX=0x00002b06363cdda2 is an unknown value
RCX=0x0000000000000201 is an unknown value
RDX=0x0000000000000200 is an unknown value
RSP=0x00002b05f10fcfb0 is pointing into the stack for thread: 0x00002b05f4008000
RBP=0x00002b05f10fcff0 is pointing into the stack for thread: 0x00002b05f4008000
RSI=0x0000000000000040 is an unknown value
RDI=0x00002b05f4000020 is an unknown value
R8 =0x00002b05f4000088 is an unknown value
R9 =0x0000000000000001 is an unknown value
R10=0x0000000000000040 is an unknown value
R11=0x00002b05f0830660: <offset 0x79f660> in /usr/lib/jvm/java-1.6.0-openjdk-1.6.0.0.x86_64/jre/lib/amd64/server/libjvm.so at 0x00002b05f0091000
R12=0x00002b05f46c36e0 is an unknown value
R13=0x00002b05f4343080 is an unknown value
R14=0x00002b05f10fd060 is pointing into the stack for thread: 0x00002b05f4008000
R15=0x00002b05f46c36e0 is an unknown value


Stack: [0x00002b05f1000000,0x00002b05f1101000],  sp=0x00002b05f10fcfb0,  free space=1011k
Native frames: (J=compiled Java code, j=interpreted, Vv=VM code, C=native code)
C  [libzip.so+0x4522]  ZIP_Lock+0x252
C  [libzip.so+0x4ae2]  ZIP_GetEntry+0xc2
C  [libzip.so+0x3ae4]  Java_java_util_zip_ZipFile_getEntry+0xc4
j  java.util.zip.ZipFile.getEntry(JLjava/lang/String;Z)J+0
j  java.util.zip.ZipFile.getEntry(Ljava/lang/String;)Ljava/util/zip/ZipEntry;+31
j  java.util.jar.JarFile.getEntry(Ljava/lang/String;)Ljava/util/zip/ZipEntry;+2
j  sun.net.www.protocol.jar.URLJarFile.getEntry(Ljava/lang/String;)Ljava/util/zip/ZipEntry;+2
j  sun.net.www.protocol.jar.JarURLConnection.connect()V+62
j  sun.net.www.protocol.jar.JarURLConnection.getInputStream()Ljava/io/InputStream;+1
j  sun.misc.URLClassPath$Loader.getResource(Ljava/lang/String;Z)Lsun/misc/Resource;+48
j  sun.misc.URLClassPath.getResource(Ljava/lang/String;Z)Lsun/misc/Resource;+53
j  java.net.URLClassLoader$1.run()Ljava/lang/Object;+26
v  ~StubRoutines::call_stub
V  [libjvm.so+0x537e3e]  AsyncGetCallTrace+0xd776e
V  [libjvm.so+0x536ad8]  AsyncGetCallTrace+0xd6408
V  [libjvm.so+0x597140]  JVM_DoPrivileged+0x400
j  java.security.AccessController.doPrivileged(Ljava/security/PrivilegedExceptionAction;Ljava/security/AccessControlContext;)Ljava/lang/Object;+0
j  java.net.URLClassLoader.findClass(Ljava/lang/String;)Ljava/lang/Class;+13
j  org.java.plugin.standard.StandardPluginClassLoader.loadLocalClass(Ljava/lang/String;ZLorg/java/plugin/standard/StandardPluginClassLoader;)Ljava/lang/Class;+97
j  org.java.plugin.standard.StandardPluginClassLoader.loadPluginClass(Ljava/lang/String;ZZLorg/java/plugin/standard/StandardPluginClassLoader;Ljava/util/Set;)Ljava/lang/Class;+338
j  org.java.plugin.standard.StandardPluginClassLoader.loadClass(Ljava/lang/String;Z)Ljava/lang/Class;+197
j  java.lang.ClassLoader.loadClass(Ljava/lang/String;)Ljava/lang/Class;+3
v  ~StubRoutines::call_stub
V  [libjvm.so+0x537e3e]  AsyncGetCallTrace+0xd776e
V  [libjvm.so+0x537222]  AsyncGetCallTrace+0xd6b52
V  [libjvm.so+0x5372f4]  AsyncGetCallTrace+0xd6c24
V  [libjvm.so+0x80084b]  JVM_handle_linux_signal+0xdf19b
V  [libjvm.so+0x800e0c]  JVM_handle_linux_signal+0xdf75c
V  [libjvm.so+0x802733]  JVM_handle_linux_signal+0xe1083
V  [libjvm.so+0x85c66f]  JVM_handle_linux_signal+0x13afbf
V  [libjvm.so+0x85ed1e]  JVM_handle_linux_signal+0x13d66e
V  [libjvm.so+0x861d2e]  JVM_handle_linux_signal+0x14067e
V  [libjvm.so+0x8649bd]  JVM_handle_linux_signal+0x14330d
V  [libjvm.so+0x864e53]  JVM_handle_linux_signal+0x1437a3
V  [libjvm.so+0x4f7406]  AsyncGetCallTrace+0x96d36
V  [libjvm.so+0x4fb05f]  AsyncGetCallTrace+0x9a98f
V  [libjvm.so+0x4fb92a]  AsyncGetCallTrace+0x9b25a
V  [libjvm.so+0x533833]  AsyncGetCallTrace+0xd3163
j  org.svvrl.goal.core.io.GFFCodec.<init>()V+138
v  ~StubRoutines::call_stub
V  [libjvm.so+0x537e3e]  AsyncGetCallTrace+0xd776e
V  [libjvm.so+0x536ad8]  AsyncGetCallTrace+0xd6408
V  [libjvm.so+0x783da7]  JVM_handle_linux_signal+0x626f7
V  [libjvm.so+0x784a28]  JVM_handle_linux_signal+0x63378
V  [libjvm.so+0x58d342]  JVM_NewInstanceFromConstructor+0xe2
j  sun.reflect.NativeConstructorAccessorImpl.newInstance0(Ljava/lang/reflect/Constructor;[Ljava/lang/Object;)Ljava/lang/Object;+0
j  sun.reflect.NativeConstructorAccessorImpl.newInstance([Ljava/lang/Object;)Ljava/lang/Object;+72
j  sun.reflect.DelegatingConstructorAccessorImpl.newInstance([Ljava/lang/Object;)Ljava/lang/Object;+5
j  java.lang.reflect.Constructor.newInstance([Ljava/lang/Object;)Ljava/lang/Object;+91
j  java.lang.Class.newInstance()Ljava/lang/Object;+132
j  org.svvrl.goal.core.CorePlugin.newInstance(Ljava/lang/Class;)Ljava/lang/Object;+3
j  org.svvrl.goal.core.CorePlugin.loadCodecs()V+92
j  org.svvrl.goal.core.CorePlugin.initApplication(Lorg/java/plugin/util/ExtendedProperties;[Ljava/lang/String;)Lorg/java/plugin/boot/Application;+150
j  org.java.plugin.boot.DefaultApplicationInitializer.initApplication(Lorg/java/plugin/boot/BootErrorHandler;[Ljava/lang/String;)Lorg/java/plugin/boot/Application;+530
j  org.java.plugin.boot.Boot.initApplication(Lorg/java/plugin/boot/BootErrorHandler;Lorg/java/plugin/util/ExtendedProperties;[Ljava/lang/String;)Lorg/java/plugin/boot/Application;+157
j  org.java.plugin.boot.Boot.boot(Lorg/java/plugin/util/ExtendedProperties;ZLjava/lang/String;Lorg/java/plugin/boot/BootErrorHandler;[Ljava/lang/String;)Lorg/java/plugin/boot/Application;+338
j  org.java.plugin.boot.Boot.main([Ljava/lang/String;)V+162
v  ~StubRoutines::call_stub
V  [libjvm.so+0x537e3e]  AsyncGetCallTrace+0xd776e
V  [libjvm.so+0x536ad8]  AsyncGetCallTrace+0xd6408
V  [libjvm.so+0x5452a7]  JNI_CreateJavaVM+0x12e7
V  [libjvm.so+0x55a4eb]  JNI_CreateJavaVM+0x1652b
C  [java+0x374d]  JavaMain+0xd0d

Java frames: (J=compiled Java code, j=interpreted, Vv=VM code)
j  java.util.zip.ZipFile.getEntry(JLjava/lang/String;Z)J+0
j  java.util.zip.ZipFile.getEntry(Ljava/lang/String;)Ljava/util/zip/ZipEntry;+31
j  java.util.jar.JarFile.getEntry(Ljava/lang/String;)Ljava/util/zip/ZipEntry;+2
j  sun.net.www.protocol.jar.URLJarFile.getEntry(Ljava/lang/String;)Ljava/util/zip/ZipEntry;+2
j  sun.net.www.protocol.jar.JarURLConnection.connect()V+62
j  sun.net.www.protocol.jar.JarURLConnection.getInputStream()Ljava/io/InputStream;+1
j  sun.misc.URLClassPath$Loader.getResource(Ljava/lang/String;Z)Lsun/misc/Resource;+48
j  sun.misc.URLClassPath.getResource(Ljava/lang/String;Z)Lsun/misc/Resource;+53
j  java.net.URLClassLoader$1.run()Ljava/lang/Object;+26
v  ~StubRoutines::call_stub
j  java.security.AccessController.doPrivileged(Ljava/security/PrivilegedExceptionAction;Ljava/security/AccessControlContext;)Ljava/lang/Object;+0
j  java.net.URLClassLoader.findClass(Ljava/lang/String;)Ljava/lang/Class;+13
j  org.java.plugin.standard.StandardPluginClassLoader.loadLocalClass(Ljava/lang/String;ZLorg/java/plugin/standard/StandardPluginClassLoader;)Ljava/lang/Class;+97
j  org.java.plugin.standard.StandardPluginClassLoader.loadPluginClass(Ljava/lang/String;ZZLorg/java/plugin/standard/StandardPluginClassLoader;Ljava/util/Set;)Ljava/lang/Class;+338
j  org.java.plugin.standard.StandardPluginClassLoader.loadClass(Ljava/lang/String;Z)Ljava/lang/Class;+197
j  java.lang.ClassLoader.loadClass(Ljava/lang/String;)Ljava/lang/Class;+3
v  ~StubRoutines::call_stub
j  org.svvrl.goal.core.io.GFFCodec.<init>()V+138
v  ~StubRoutines::call_stub
j  sun.reflect.NativeConstructorAccessorImpl.newInstance0(Ljava/lang/reflect/Constructor;[Ljava/lang/Object;)Ljava/lang/Object;+0
j  sun.reflect.NativeConstructorAccessorImpl.newInstance([Ljava/lang/Object;)Ljava/lang/Object;+72
j  sun.reflect.DelegatingConstructorAccessorImpl.newInstance([Ljava/lang/Object;)Ljava/lang/Object;+5
j  java.lang.reflect.Constructor.newInstance([Ljava/lang/Object;)Ljava/lang/Object;+91
j  java.lang.Class.newInstance()Ljava/lang/Object;+132
j  org.svvrl.goal.core.CorePlugin.newInstance(Ljava/lang/Class;)Ljava/lang/Object;+3
j  org.svvrl.goal.core.CorePlugin.loadCodecs()V+92
j  org.svvrl.goal.core.CorePlugin.initApplication(Lorg/java/plugin/util/ExtendedProperties;[Ljava/lang/String;)Lorg/java/plugin/boot/Application;+150
j  org.java.plugin.boot.DefaultApplicationInitializer.initApplication(Lorg/java/plugin/boot/BootErrorHandler;[Ljava/lang/String;)Lorg/java/plugin/boot/Application;+530
j  org.java.plugin.boot.Boot.initApplication(Lorg/java/plugin/boot/BootErrorHandler;Lorg/java/plugin/util/ExtendedProperties;[Ljava/lang/String;)Lorg/java/plugin/boot/Application;+157
j  org.java.plugin.boot.Boot.boot(Lorg/java/plugin/util/ExtendedProperties;ZLjava/lang/String;Lorg/java/plugin/boot/BootErrorHandler;[Ljava/lang/String;)Lorg/java/plugin/boot/Application;+338
j  org.java.plugin.boot.Boot.main([Ljava/lang/String;)V+162
v  ~StubRoutines::call_stub

---------------  P R O C E S S  ---------------

Java Threads: ( => current thread )
  0x00002b05f4101800 JavaThread "Low Memory Detector" daemon [_thread_blocked, id=6488, stack(0x00002b0636194000,0x00002b0636295000)]
  0x00002b05f40ff000 JavaThread "C2 CompilerThread1" daemon [_thread_in_native, id=6487, stack(0x00002b0636093000,0x00002b0636194000)]
  0x00002b05f40fc800 JavaThread "C2 CompilerThread0" daemon [_thread_in_native, id=6486, stack(0x00002b0635f92000,0x00002b0636093000)]
  0x00002b05f40fa000 JavaThread "Signal Dispatcher" daemon [_thread_blocked, id=6485, stack(0x00002b0635e91000,0x00002b0635f92000)]
  0x00002b05f40ab800 JavaThread "Finalizer" daemon [_thread_blocked, id=6484, stack(0x00002b0620eb3000,0x00002b0620fb4000)]
  0x00002b05f40a9800 JavaThread "Reference Handler" daemon [_thread_blocked, id=6483, stack(0x00002b0620db2000,0x00002b0620eb3000)]
=>0x00002b05f4008000 JavaThread "main" [_thread_in_native, id=6473, stack(0x00002b05f1000000,0x00002b05f1101000)]

Other Threads:
  0x00002b05f409a800 VMThread [stack: 0x00002b0620cb1000,0x00002b0620db2000] [id=6482]
  0x00002b05f410c800 WatcherThread [stack: 0x00002b0636295000,0x00002b0636396000] [id=6489]

VM state:not at safepoint (normal execution)

VM Mutex/Monitor currently owned by a thread: None

Heap
 PSYoungGen      total 305856K, used 20977K [0x00000000eaab0000, 0x0000000100000000, 0x0000000100000000)
  eden space 262208K, 8% used [0x00000000eaab0000,0x00000000ebf2c418,0x00000000faac0000)
  from space 43648K, 0% used [0x00000000fd560000,0x00000000fd560000,0x0000000100000000)
  to   space 43648K, 0% used [0x00000000faac0000,0x00000000faac0000,0x00000000fd560000)
 ParOldGen       total 699072K, used 0K [0x00000000c0000000, 0x00000000eaab0000, 0x00000000eaab0000)
  object space 699072K, 0% used [0x00000000c0000000,0x00000000c0000000,0x00000000eaab0000)
 PSPermGen       total 21248K, used 6787K [0x00000000b5a00000, 0x00000000b6ec0000, 0x00000000c0000000)
  object space 21248K, 31% used [0x00000000b5a00000,0x00000000b60a0ee8,0x00000000b6ec0000)

Card table byte_map: [0x00002b05fb0c0000,0x00002b05fb314000] byte_map_base: 0x00002b05fab13000

Polling page: 0x00002b05f1541000

Code Cache  [0x00002b05f8000000, 0x00002b05f8270000, 0x00002b05fb000000)
 total_blobs=302 nmethods=87 adapters=168 free_code_cache=48544Kb largest_free_block=49694784

Compilation events (10 events):
Event: 0.995 Thread 0x00002b05f40fc800 nmethod 83 0x00002b05f8088d10 code [0x00002b05f8088e40, 0x00002b05f8088e98]
Event: 0.997 Thread 0x00002b05f40fc800   84             java.util.LinkedList$ListItr::hasNext (20 bytes)
Event: 0.998 Thread 0x00002b05f40fc800 nmethod 84 0x00002b05f8088ad0 code [0x00002b05f8088c00, 0x00002b05f8088c78]
Event: 1.003 Thread 0x00002b05f40fc800   85             java.util.Collections$UnmodifiableCollection$1::hasNext (10 bytes)
Event: 1.003 Thread 0x00002b05f40fc800 nmethod 85 0x00002b05f8088890 code [0x00002b05f80889e0, 0x00002b05f8088a58]
Event: 1.007 Thread 0x00002b05f40fc800   86             java.util.HashMap$HashIterator::hasNext (13 bytes)
Event: 1.008 Thread 0x00002b05f40fc800 nmethod 86 0x00002b05f8088690 code [0x00002b05f80887c0, 0x00002b05f8088818]
Event: 1.010 Thread 0x00002b05f40fc800   87             java.util.AbstractCollection::isEmpty (13 bytes)
Event: 1.011 Thread 0x00002b05f40fc800 nmethod 87 0x00002b05f8088450 code [0x00002b05f80885a0, 0x00002b05f8088618]
Event: 1.013 Thread 0x00002b05f40fc800   88             org.java.plugin.registry.xml.ExtensionImpl::validateParameters (408 bytes)

GC Heap History (0 events):
No events

Deoptimization events (9 events):
Event: 0.294 Thread 0x00002b05f4008000 Uncommon trap -34 fr.pc 0x00002b05f805ea30
Event: 0.296 Thread 0x00002b05f4008000 Uncommon trap -34 fr.pc 0x00002b05f805ea30
Event: 0.366 Thread 0x00002b05f4008000 Uncommon trap -12 fr.pc 0x00002b05f80652ec
Event: 0.979 Thread 0x00002b05f4008000 Uncommon trap -58 fr.pc 0x00002b05f807cca0
Event: 0.979 Thread 0x00002b05f4008000 Uncommon trap -58 fr.pc 0x00002b05f807cca0
Event: 0.979 Thread 0x00002b05f4008000 Uncommon trap -58 fr.pc 0x00002b05f807cca0
Event: 0.979 Thread 0x00002b05f4008000 Uncommon trap -58 fr.pc 0x00002b05f807cca0
Event: 1.134 Thread 0x00002b05f4008000 Uncommon trap -34 fr.pc 0x00002b05f805ea30
Event: 1.134 Thread 0x00002b05f4008000 Uncommon trap -34 fr.pc 0x00002b05f805ea30

Internal exceptions (10 events):
Event: 1.182 Thread 0x00002b05f4008000 Threw 0x00000000eb834bd8 at /builddir/build/BUILD/icedtea6-1.13.4/openjdk/hotspot/src/share/vm/prims/jvm.cpp:1235
Event: 1.188 Thread 0x00002b05f4008000 Threw 0x00000000eb88bcf8 at /builddir/build/BUILD/icedtea6-1.13.4/openjdk/hotspot/src/share/vm/classfile/systemDictionary.cpp:179
Event: 1.188 Thread 0x00002b05f4008000 Threw 0x00000000eb88c060 at /builddir/build/BUILD/icedtea6-1.13.4/openjdk/hotspot/src/share/vm/prims/jvm.cpp:1235
Event: 1.188 Thread 0x00002b05f4008000 Threw 0x00000000eb88c478 at /builddir/build/BUILD/icedtea6-1.13.4/openjdk/hotspot/src/share/vm/prims/jvm.cpp:1235
Event: 1.190 Thread 0x00002b05f4008000 Threw 0x00000000eb896bf8 at /builddir/build/BUILD/icedtea6-1.13.4/openjdk/hotspot/src/share/vm/classfile/systemDictionary.cpp:179
Event: 1.190 Thread 0x00002b05f4008000 Threw 0x00000000eb896f98 at /builddir/build/BUILD/icedtea6-1.13.4/openjdk/hotspot/src/share/vm/prims/jvm.cpp:1235
Event: 1.190 Thread 0x00002b05f4008000 Threw 0x00000000eb8973e8 at /builddir/build/BUILD/icedtea6-1.13.4/openjdk/hotspot/src/share/vm/prims/jvm.cpp:1235
Event: 1.196 Thread 0x00002b05f4008000 Threw 0x00000000eb8cf670 at /builddir/build/BUILD/icedtea6-1.13.4/openjdk/hotspot/src/share/vm/classfile/systemDictionary.cpp:179
Event: 1.196 Thread 0x00002b05f4008000 Threw 0x00000000eb8cf9d0 at /builddir/build/BUILD/icedtea6-1.13.4/openjdk/hotspot/src/share/vm/prims/jvm.cpp:1235
Event: 1.196 Thread 0x00002b05f4008000 Threw 0x00000000eb8cfde0 at /builddir/build/BUILD/icedtea6-1.13.4/openjdk/hotspot/src/share/vm/prims/jvm.cpp:1235

Events (10 events):
Event: 1.158 loading class 0x00002b05f44ab890
Event: 1.158 loading class 0x00002b05f44ab890 done
Event: 1.182 loading class 0x00002b05f44b4dc0
Event: 1.182 loading class 0x00002b05f44b4dc0 done
Event: 1.188 loading class 0x00002b05f4683680
Event: 1.188 loading class 0x00002b05f4683680 done
Event: 1.190 loading class 0x00002b05f45febc0
Event: 1.190 loading class 0x00002b05f45febc0 done
Event: 1.196 loading class 0x00002b05f46c3280
Event: 1.196 loading class 0x00002b05f46c3280 done


Dynamic libraries:
00400000-00409000 r-xp 00000000 fd:01 5993                               /usr/lib/jvm/java-1.6.0-openjdk-1.6.0.0.x86_64/jre/bin/java
00608000-0060a000 rw-p 00008000 fd:01 5993                               /usr/lib/jvm/java-1.6.0-openjdk-1.6.0.0.x86_64/jre/bin/java
00be4000-00c05000 rw-p 00000000 00:00 0                                  [heap]
b5a00000-b6ec0000 rw-p 00000000 00:00 0 
b6ec0000-c0000000 rw-p 00000000 00:00 0 
c0000000-100000000 rw-p 00000000 00:00 0 
364f800000-364f820000 r-xp 00000000 fd:01 130582                         /lib64/ld-2.12.so
364fa1f000-364fa20000 r--p 0001f000 fd:01 130582                         /lib64/ld-2.12.so
364fa20000-364fa21000 rw-p 00020000 fd:01 130582                         /lib64/ld-2.12.so
364fa21000-364fa22000 rw-p 00000000 00:00 0 
364fc00000-364fd8a000 r-xp 00000000 fd:01 130613                         /lib64/libc-2.12.so
364fd8a000-364ff8a000 ---p 0018a000 fd:01 130613                         /lib64/libc-2.12.so
364ff8a000-364ff8e000 r--p 0018a000 fd:01 130613                         /lib64/libc-2.12.so
364ff8e000-364ff8f000 rw-p 0018e000 fd:01 130613                         /lib64/libc-2.12.so
364ff8f000-364ff94000 rw-p 00000000 00:00 0 
3650000000-3650004000 r-xp 00000000 fd:01 13573                          /usr/lib/jvm/java-1.6.0-openjdk-1.6.0.0.x86_64/jre/lib/amd64/jli/libjli.so
3650004000-3650203000 ---p 00004000 fd:01 13573                          /usr/lib/jvm/java-1.6.0-openjdk-1.6.0.0.x86_64/jre/lib/amd64/jli/libjli.so
3650203000-3650204000 rw-p 00003000 fd:01 13573                          /usr/lib/jvm/java-1.6.0-openjdk-1.6.0.0.x86_64/jre/lib/amd64/jli/libjli.so
3650400000-3650417000 r-xp 00000000 fd:01 130636                         /lib64/libpthread-2.12.so
3650417000-3650617000 ---p 00017000 fd:01 130636                         /lib64/libpthread-2.12.so
3650617000-3650618000 r--p 00017000 fd:01 130636                         /lib64/libpthread-2.12.so
3650618000-3650619000 rw-p 00018000 fd:01 130636                         /lib64/libpthread-2.12.so
3650619000-365061d000 rw-p 00000000 00:00 0 
3650800000-3650802000 r-xp 00000000 fd:01 130624                         /lib64/libdl-2.12.so
3650802000-3650a02000 ---p 00002000 fd:01 130624                         /lib64/libdl-2.12.so
3650a02000-3650a03000 r--p 00002000 fd:01 130624                         /lib64/libdl-2.12.so
3650a03000-3650a04000 rw-p 00003000 fd:01 130624                         /lib64/libdl-2.12.so
3650c00000-3650c15000 r-xp 00000000 fd:01 130638                         /lib64/libz.so.1.2.3
3650c15000-3650e14000 ---p 00015000 fd:01 130638                         /lib64/libz.so.1.2.3
3650e14000-3650e15000 r--p 00014000 fd:01 130638                         /lib64/libz.so.1.2.3
3650e15000-3650e16000 rw-p 00015000 fd:01 130638                         /lib64/libz.so.1.2.3
3651000000-3651007000 r-xp 00000000 fd:01 132701                         /lib64/librt-2.12.so
3651007000-3651206000 ---p 00007000 fd:01 132701                         /lib64/librt-2.12.so
3651206000-3651207000 r--p 00006000 fd:01 132701                         /lib64/librt-2.12.so
3651207000-3651208000 rw-p 00007000 fd:01 132701                         /lib64/librt-2.12.so
3651800000-3651816000 r-xp 00000000 fd:01 133662                         /lib64/libgcc_s-4.4.7-20120601.so.1
3651816000-3651a15000 ---p 00016000 fd:01 133662                         /lib64/libgcc_s-4.4.7-20120601.so.1
3651a15000-3651a16000 rw-p 00015000 fd:01 133662                         /lib64/libgcc_s-4.4.7-20120601.so.1
3653000000-36530e8000 r-xp 00000000 fd:01 49938                          /usr/lib64/libstdc++.so.6.0.13
36530e8000-36532e8000 ---p 000e8000 fd:01 49938                          /usr/lib64/libstdc++.so.6.0.13
36532e8000-36532ef000 r--p 000e8000 fd:01 49938                          /usr/lib64/libstdc++.so.6.0.13
36532ef000-36532f1000 rw-p 000ef000 fd:01 49938                          /usr/lib64/libstdc++.so.6.0.13
36532f1000-3653306000 rw-p 00000000 00:00 0 
365c200000-365c216000 r-xp 00000000 fd:01 137559                         /lib64/libnsl-2.12.so
365c216000-365c415000 ---p 00016000 fd:01 137559                         /lib64/libnsl-2.12.so
365c415000-365c416000 r--p 00015000 fd:01 137559                         /lib64/libnsl-2.12.so
365c416000-365c417000 rw-p 00016000 fd:01 137559                         /lib64/libnsl-2.12.so
365c417000-365c419000 rw-p 00000000 00:00 0 
2b05f0076000-2b05f0077000 rw-p 00000000 00:00 0 
2b05f008d000-2b05f0091000 rw-p 00000000 00:00 0 
2b05f0091000-2b05f0a9c000 r-xp 00000000 fd:01 23213                      /usr/lib/jvm/java-1.6.0-openjdk-1.6.0.0.x86_64/jre/lib/amd64/server/libjvm.so
2b05f0a9c000-2b05f0c9c000 ---p 00a0b000 fd:01 23213                      /usr/lib/jvm/java-1.6.0-openjdk-1.6.0.0.x86_64/jre/lib/amd64/server/libjvm.so
2b05f0c9c000-2b05f0d3d000 rw-p 00a0b000 fd:01 23213                      /usr/lib/jvm/java-1.6.0-openjdk-1.6.0.0.x86_64/jre/lib/amd64/server/libjvm.so
2b05f0d3d000-2b05f0d66000 rw-p 00000000 00:00 0 
2b05f0d7c000-2b05f0dff000 r-xp 00000000 fd:01 130627                     /lib64/libm-2.12.so
2b05f0dff000-2b05f0ffe000 ---p 00083000 fd:01 130627                     /lib64/libm-2.12.so
2b05f0ffe000-2b05f0fff000 r--p 00082000 fd:01 130627                     /lib64/libm-2.12.so
2b05f0fff000-2b05f1000000 rw-p 00083000 fd:01 130627                     /lib64/libm-2.12.so
2b05f1000000-2b05f1003000 ---p 00000000 00:00 0 
2b05f1003000-2b05f1101000 rw-p 00000000 00:00 0 
2b05f1101000-2b05f110f000 r-xp 00000000 fd:01 23207                      /usr/lib/jvm/java-1.6.0-openjdk-1.6.0.0.x86_64/jre/lib/amd64/libverify.so
2b05f110f000-2b05f130f000 ---p 0000e000 fd:01 23207                      /usr/lib/jvm/java-1.6.0-openjdk-1.6.0.0.x86_64/jre/lib/amd64/libverify.so
2b05f130f000-2b05f1311000 rw-p 0000e000 fd:01 23207                      /usr/lib/jvm/java-1.6.0-openjdk-1.6.0.0.x86_64/jre/lib/amd64/libverify.so
2b05f1311000-2b05f133e000 r-xp 00000000 fd:01 23159                      /usr/lib/jvm/java-1.6.0-openjdk-1.6.0.0.x86_64/jre/lib/amd64/libjava.so
2b05f133e000-2b05f153d000 ---p 0002d000 fd:01 23159                      /usr/lib/jvm/java-1.6.0-openjdk-1.6.0.0.x86_64/jre/lib/amd64/libjava.so
2b05f153d000-2b05f1541000 rw-p 0002c000 fd:01 23159                      /usr/lib/jvm/java-1.6.0-openjdk-1.6.0.0.x86_64/jre/lib/amd64/libjava.so
2b05f1541000-2b05f1542000 r--p 00000000 00:00 0 
2b05f1542000-2b05f1543000 rw-p 00000000 00:00 0 
2b05f1543000-2b05f1578000 r--s 00000000 fd:02 128540                     /var/db/nscd/passwd
2b05f1578000-2b05f1580000 rw-s 00000000 fd:03 38                         /tmp/hsperfdata_dw07r324/6472
2b05f1580000-2b05f1587000 r-xp 00000000 fd:01 23208                      /usr/lib/jvm/java-1.6.0-openjdk-1.6.0.0.x86_64/jre/lib/amd64/libzip.so
2b05f1587000-2b05f1787000 ---p 00007000 fd:01 23208                      /usr/lib/jvm/java-1.6.0-openjdk-1.6.0.0.x86_64/jre/lib/amd64/libzip.so
2b05f1787000-2b05f1788000 rw-p 00007000 fd:01 23208                      /usr/lib/jvm/java-1.6.0-openjdk-1.6.0.0.x86_64/jre/lib/amd64/libzip.so
2b05f4000000-2b05f4704000 rw-p 00000000 00:00 0 
2b05f4704000-2b05f8000000 ---p 00000000 00:00 0 
2b05f8000000-2b05f8270000 rwxp 00000000 00:00 0 
2b05f8270000-2b05fb000000 rw-p 00000000 00:00 0 
2b05fb000000-2b05fb00a000 rw-p 00000000 00:00 0 
2b05fb00a000-2b05fb0c0000 rw-p 00000000 00:00 0 
2b05fb0c0000-2b05fb0cb000 rw-p 00000000 00:00 0 
2b05fb0cb000-2b05fb113000 rw-p 00000000 00:00 0 
2b05fb113000-2b05fb475000 rw-p 00000000 00:00 0 
2b05fb475000-2b05fb4bd000 rw-p 00000000 00:00 0 
2b05fb4bd000-2b05fb4be000 ---p 00000000 00:00 0 
2b05fb4be000-2b05fb5be000 rw-p 00000000 00:00 0 
2b05fb5be000-2b05fb5bf000 ---p 00000000 00:00 0 
2b05fb5bf000-2b05fb6bf000 rw-p 00000000 00:00 0 
2b05fb6bf000-2b05fb6c0000 ---p 00000000 00:00 0 
2b05fb6c0000-2b05fb7c0000 rw-p 00000000 00:00 0 
2b05fb7c0000-2b05fb7c1000 ---p 00000000 00:00 0 
2b05fb7c1000-2b05fb8c1000 rw-p 00000000 00:00 0 
2b05fb8c1000-2b05fb8c2000 ---p 00000000 00:00 0 
2b05fb8c2000-2b05fb9c2000 rw-p 00000000 00:00 0 
2b05fb9c2000-2b05fb9c3000 ---p 00000000 00:00 0 
2b05fb9c3000-2b05fbac3000 rw-p 00000000 00:00 0 
2b05fbac3000-2b05fbac4000 ---p 00000000 00:00 0 
2b05fbac4000-2b05fbbc4000 rw-p 00000000 00:00 0 
2b05fbbc4000-2b05fbbc5000 ---p 00000000 00:00 0 
2b05fbbc5000-2b05fbcc5000 rw-p 00000000 00:00 0 
2b05fc000000-2b05fc021000 rw-p 00000000 00:00 0 
2b05fc021000-2b0600000000 ---p 00000000 00:00 0 
2b0600000000-2b0600021000 rw-p 00000000 00:00 0 
2b0600021000-2b0604000000 ---p 00000000 00:00 0 
2b0604000000-2b0604021000 rw-p 00000000 00:00 0 
2b0604021000-2b0608000000 ---p 00000000 00:00 0 
2b0608000000-2b0608021000 rw-p 00000000 00:00 0 
2b0608021000-2b060c000000 ---p 00000000 00:00 0 
2b060c000000-2b060c021000 rw-p 00000000 00:00 0 
2b060c021000-2b0610000000 ---p 00000000 00:00 0 
2b0610000000-2b0610021000 rw-p 00000000 00:00 0 
2b0610021000-2b0614000000 ---p 00000000 00:00 0 
2b0614000000-2b0614021000 rw-p 00000000 00:00 0 
2b0614021000-2b0618000000 ---p 00000000 00:00 0 
2b0618000000-2b0618021000 rw-p 00000000 00:00 0 
2b0618021000-2b061c000000 ---p 00000000 00:00 0 
2b061c000000-2b061eea4000 rw-p 00000000 00:00 0 
2b061eea4000-2b061f03a000 r--s 01a15000 fd:01 23288                      /usr/lib/jvm/java-1.6.0-openjdk-1.6.0.0.x86_64/jre/lib/rt.jar
2b061f03a000-2b0620cb1000 rw-p 00000000 00:00 0 
2b0620cb1000-2b0620cb2000 ---p 00000000 00:00 0 
2b0620cb2000-2b0620db2000 rw-p 00000000 00:00 0 
2b0620db2000-2b0620db5000 ---p 00000000 00:00 0 
2b0620db5000-2b0620eb3000 rw-p 00000000 00:00 0 
2b0620eb3000-2b0620eb6000 ---p 00000000 00:00 0 
2b0620eb6000-2b0620fb4000 rw-p 00000000 00:00 0 
2b0624000000-2b0624021000 rw-p 00000000 00:00 0 
2b0624021000-2b0628000000 ---p 00000000 00:00 0 
2b0628000000-2b0628021000 rw-p 00000000 00:00 0 
2b0628021000-2b062c000000 ---p 00000000 00:00 0 
2b062c000000-2b062c021000 rw-p 00000000 00:00 0 
2b062c021000-2b0630000000 ---p 00000000 00:00 0 
2b0630000000-2b0635e91000 r--p 00000000 fd:01 49935                      /usr/lib/locale/locale-archive
2b0635e91000-2b0635e94000 ---p 00000000 00:00 0 
2b0635e94000-2b0635f92000 rw-p 00000000 00:00 0 
2b0635f92000-2b0635f95000 ---p 00000000 00:00 0 
2b0635f95000-2b0636093000 rw-p 00000000 00:00 0 
2b0636093000-2b0636096000 ---p 00000000 00:00 0 
2b0636096000-2b0636194000 rw-p 00000000 00:00 0 
2b0636194000-2b0636197000 ---p 00000000 00:00 0 
2b0636197000-2b0636295000 rw-p 00000000 00:00 0 
2b0636295000-2b0636296000 ---p 00000000 00:00 0 
2b0636296000-2b0636396000 rw-p 00000000 00:00 0 
2b0636396000-2b0636398000 r--s 00009000 00:35 125760574                  /mmfs/automount/gpfs/homefs/sm/dw07r324/bin/GOAL-20140808/lib/jpf-boot.jar
2b0636398000-2b063639b000 r--s 0000f000 fd:01 23233                      /usr/lib/jvm/java-1.6.0-openjdk-1.6.0.0.x86_64/jre/lib/ext/pulse-java.jar
2b063639b000-2b06363a4000 r--s 00065000 fd:01 23228                      /usr/lib/jvm/java-1.6.0-openjdk-1.6.0.0.x86_64/jre/lib/ext/gnome-java-bridge.jar
2b06363a4000-2b06363a6000 r--s 00009000 00:35 125760574                  /mmfs/automount/gpfs/homefs/sm/dw07r324/bin/GOAL-20140808/lib/jpf-boot.jar
2b06363a6000-2b06363aa000 r--s 0003c000 fd:01 14238                      /usr/lib/jvm/java-1.6.0-openjdk-1.6.0.0.x86_64/jre/lib/jsse.jar
2b06363aa000-2b06363af000 r--s 0002d000 00:35 125760577                  /mmfs/automount/gpfs/homefs/sm/dw07r324/bin/GOAL-20140808/lib/jpf.jar
2b06363af000-2b06363b1000 r--s 0000d000 00:35 125760571                  /mmfs/automount/gpfs/homefs/sm/dw07r324/bin/GOAL-20140808/lib/commons-logging.jar
2b06363b1000-2b06363b3000 r--s 00012000 00:35 125760576                  /mmfs/automount/gpfs/homefs/sm/dw07r324/bin/GOAL-20140808/lib/jpf-tools.jar
2b06363b3000-2b06363ba000 r--s 00039000 00:35 125760578                  /mmfs/automount/gpfs/homefs/sm/dw07r324/bin/GOAL-20140808/lib/jxp.jar
2b06363ba000-2b06363bc000 r--s 00004000 00:35 125760570                  /mmfs/automount/gpfs/homefs/sm/dw07r324/bin/GOAL-20140808/lib/AppleJavaExtensions.jar
2b06363bc000-2b06363c1000 r--s 0002a000 00:35 125760572                  /mmfs/automount/gpfs/homefs/sm/dw07r324/bin/GOAL-20140808/lib/gson-2.2.2.jar
2b06363c1000-2b06363c4000 r--s 0001a000 00:35 125760579                  /mmfs/automount/gpfs/homefs/sm/dw07r324/bin/GOAL-20140808/lib/minijdd_104.jar
2b06363c4000-2b06363e7000 r--s 0022d000 00:35 115393638                  /mmfs/automount/gpfs/homefs/sm/dw07r324/bin/GOAL-20140808/.jpf-shadow/org.svvrl.goal.core@2014.8.8.zip
2b06363e7000-2b063648a000 r-xp 00000000 fd:01 13434                      /usr/lib/jvm/java-1.6.0-openjdk-1.6.0.0.x86_64/jre/lib/amd64/libawt.so
2b063648a000-2b063668a000 ---p 000a3000 fd:01 13434                      /usr/lib/jvm/java-1.6.0-openjdk-1.6.0.0.x86_64/jre/lib/amd64/libawt.so
2b063668a000-2b0636696000 rw-p 000a3000 fd:01 13434                      /usr/lib/jvm/java-1.6.0-openjdk-1.6.0.0.x86_64/jre/lib/amd64/libawt.so
2b0636696000-2b06366ba000 rw-p 00000000 00:00 0 
2b06366ba000-2b06366c0000 r-xp 00000000 fd:01 8525                       /usr/lib/jvm/java-1.6.0-openjdk-1.6.0.0.x86_64/jre/lib/amd64/headless/libmawt.so
2b06366c0000-2b06368bf000 ---p 00006000 fd:01 8525                       /usr/lib/jvm/java-1.6.0-openjdk-1.6.0.0.x86_64/jre/lib/amd64/headless/libmawt.so
2b06368bf000-2b06368c0000 rw-p 00005000 fd:01 8525                       /usr/lib/jvm/java-1.6.0-openjdk-1.6.0.0.x86_64/jre/lib/amd64/headless/libmawt.so
2b06368c0000-2b06368c2000 rw-p 00000000 00:00 0 
2b0638000000-2b0638021000 rw-p 00000000 00:00 0 
2b0638021000-2b063c000000 ---p 00000000 00:00 0 
2b063c000000-2b063cd7e000 rw-p 00000000 00:00 0 
2b063cd7e000-2b0640000000 ---p 00000000 00:00 0 
2b0640000000-2b0640bf7000 rw-p 00000000 00:00 0 
2b0640bf7000-2b0644000000 ---p 00000000 00:00 0 
2b0644000000-2b0644021000 rw-p 00000000 00:00 0 
2b0644021000-2b0648000000 ---p 00000000 00:00 0 
2b0648000000-2b0648021000 rw-p 00000000 00:00 0 
2b0648021000-2b064c000000 ---p 00000000 00:00 0 
7fff4979e000-7fff497d4000 rw-p 00000000 00:00 0                          [stack]
7fff497ff000-7fff49800000 r-xp 00000000 00:00 0                          [vdso]
ffffffffff600000-ffffffffff601000 r-xp 00000000 00:00 0                  [vsyscall]

VM Arguments:
jvm_args: -Xmx1G -Xms1G -DapplicationRoot=/home/ubelix/sm/dw07r324/bin/GOAL-20140808 -Dorg.java.plugin.boot.pluginsRepositories=/home/ubelix/sm/dw07r324/bin/GOAL-20140808/plugins -Djpf.boot.config=/home/ubelix/sm/dw07r324/bin/GOAL-20140808/boot.properties -Dorg.apache.commons.logging.Log=org.apache.commons.logging.impl.SimpleLog -Dorg.apache.commons.logging.simplelog.log.org.java.plugin=fatal 
java_command: /home/ubelix/sm/dw07r324/bin/GOAL-20140808/lib/jpf-boot.jar complement -m piterman -eq -macc -sp -ro -r /scratch/local/8663605.1.all.q/test_set_s15/s15_t2.0_a0.6_056.gff
Launcher Type: SUN_STANDARD

Environment Variables:
CLASSPATH=/home/ubelix/sm/dw07r324/bin/GOAL-20140808:/home/ubelix/sm/dw07r324/bin/GOAL-20140808/plugins:/home/ubelix/sm/dw07r324/bin/GOAL-20140808/lib:
PATH=/scratch/local/8663605.1.all.q:/usr/lib64/qt-3.3/bin:/usr/local/bin:/bin:/usr/bin:/usr/local/sbin:/usr/sbin:/sbin:/usr/lpp/mmfs/bin:/home/ubelix/sm/dw07r324/bin/GOAL-20140808:/home/ubelix/sm/dw07r324/bin/gnu_time/bin:/usr/lpp/mmfs/bin
LD_LIBRARY_PATH=/usr/lib/jvm/java-1.6.0-openjdk-1.6.0.0.x86_64/jre/lib/amd64/server:/usr/lib/jvm/java-1.6.0-openjdk-1.6.0.0.x86_64/jre/lib/amd64:/usr/lib/jvm/java-1.6.0-openjdk-1.6.0.0.x86_64/jre/../lib/amd64
SHELL=/bin/bash

Signal Handlers:
SIGSEGV: [libjvm.so+0x870a40], sa_mask[0]=0x7ffbfeff, sa_flags=0x10000004
SIGBUS: [libjvm.so+0x870a40], sa_mask[0]=0x7ffbfeff, sa_flags=0x10000004
SIGFPE: [libjvm.so+0x719240], sa_mask[0]=0x7ffbfeff, sa_flags=0x10000004
SIGPIPE: [libjvm.so+0x719240], sa_mask[0]=0x7ffbfeff, sa_flags=0x10000004
SIGXFSZ: [libjvm.so+0x719240], sa_mask[0]=0x7ffbfeff, sa_flags=0x10000004
SIGILL: [libjvm.so+0x719240], sa_mask[0]=0x7ffbfeff, sa_flags=0x10000004
SIGUSR1: SIG_DFL, sa_mask[0]=0x00000000, sa_flags=0x00000000
SIGUSR2: [libjvm.so+0x718d60], sa_mask[0]=0x00000000, sa_flags=0x10000004
SIGHUP: [libjvm.so+0x71bdf0], sa_mask[0]=0x7ffbfeff, sa_flags=0x10000004
SIGINT: [libjvm.so+0x71bdf0], sa_mask[0]=0x7ffbfeff, sa_flags=0x10000004
SIGTERM: [libjvm.so+0x71bdf0], sa_mask[0]=0x7ffbfeff, sa_flags=0x10000004
SIGQUIT: [libjvm.so+0x71bdf0], sa_mask[0]=0x7ffbfeff, sa_flags=0x10000004


---------------  S Y S T E M  ---------------

OS:Red Hat Enterprise Linux ComputeNode release 6.5 (Santiago)

uname:Linux 2.6.32-431.29.2.el6.x86_64 #1 SMP Sun Jul 27 15:55:46 EDT 2014 x86_64
libc:glibc 2.12 NPTL 2.12 
rlimit: STACK infinity, CORE infinity, NPROC 127431, NOFILE 4096, AS 8388608k
load average:7.50 4.88 4.09

/proc/meminfo:
MemTotal:       16331612 kB
MemFree:         5032116 kB
Buffers:           13328 kB
Cached:          6134656 kB
SwapCached:           88 kB
Active:          2804728 kB
Inactive:        3807352 kB
Active(anon):     400740 kB
Inactive(anon):    63548 kB
Active(file):    2403988 kB
Inactive(file):  3743804 kB
Unevictable:     4082900 kB
Mlocked:         4082900 kB
SwapTotal:       8388604 kB
SwapFree:        8388380 kB
Dirty:              1760 kB
Writeback:             0 kB
AnonPages:       4547340 kB
Mapped:            98952 kB
Shmem:               192 kB
Slab:             377956 kB
SReclaimable:     309736 kB
SUnreclaim:        68220 kB
KernelStack:        4720 kB
PageTables:        16628 kB
NFS_Unstable:          0 kB
Bounce:                0 kB
WritebackTmp:          0 kB
CommitLimit:    16554408 kB
Committed_AS:    6814528 kB
VmallocTotal:   34359738367 kB
VmallocUsed:      109412 kB
VmallocChunk:   34351234244 kB
HardwareCorrupted:     0 kB
AnonHugePages:         0 kB
HugePages_Total:       0
HugePages_Free:        0
HugePages_Rsvd:        0
HugePages_Surp:        0
Hugepagesize:       2048 kB
DirectMap4k:        9920 kB
DirectMap2M:     2086912 kB
DirectMap1G:    14680064 kB


CPU:total 8 (4 cores per cpu, 1 threads per core) family 16 model 2 stepping 3, cmov, cx8, fxsr, mmx, sse, sse2, sse3, popcnt, mmxext, 3dnowpref, lzcnt, sse4a, tsc, tscinvbit, tscinv

/proc/cpuinfo:
processor	: 0
vendor_id	: AuthenticAMD
cpu family	: 16
model		: 2
model name	: Quad-Core AMD Opteron(tm) Processor 2354
stepping	: 3
cpu MHz		: 2200.000
cache size	: 512 KB
physical id	: 0
siblings	: 4
core id		: 0
cpu cores	: 4
apicid		: 0
initial apicid	: 0
fpu		: yes
fpu_exception	: yes
cpuid level	: 5
wp		: yes
flags		: fpu vme de pse tsc msr pae mce cx8 apic sep mtrr pge mca cmov pat pse36 clflush mmx fxsr sse sse2 ht syscall nx mmxext fxsr_opt pdpe1gb rdtscp lm 3dnowext 3dnow constant_tsc rep_good nonstop_tsc extd_apicid pni monitor cx16 popcnt lahf_lm cmp_legacy svm extapic cr8_legacy abm sse4a misalignsse 3dnowprefetch osvw ibs npt lbrv svm_lock
bogomips	: 4422.88
TLB size	: 1024 4K pages
clflush size	: 64
cache_alignment	: 64
address sizes	: 48 bits physical, 48 bits virtual
power management: ts ttp tm stc 100mhzsteps hwpstate

processor	: 1
vendor_id	: AuthenticAMD
cpu family	: 16
model		: 2
model name	: Quad-Core AMD Opteron(tm) Processor 2354
stepping	: 3
cpu MHz		: 2200.000
cache size	: 512 KB
physical id	: 0
siblings	: 4
core id		: 1
cpu cores	: 4
apicid		: 1
initial apicid	: 1
fpu		: yes
fpu_exception	: yes
cpuid level	: 5
wp		: yes
flags		: fpu vme de pse tsc msr pae mce cx8 apic sep mtrr pge mca cmov pat pse36 clflush mmx fxsr sse sse2 ht syscall nx mmxext fxsr_opt pdpe1gb rdtscp lm 3dnowext 3dnow constant_tsc rep_good nonstop_tsc extd_apicid pni monitor cx16 popcnt lahf_lm cmp_legacy svm extapic cr8_legacy abm sse4a misalignsse 3dnowprefetch osvw ibs npt lbrv svm_lock
bogomips	: 4422.88
TLB size	: 1024 4K pages
clflush size	: 64
cache_alignment	: 64
address sizes	: 48 bits physical, 48 bits virtual
power management: ts ttp tm stc 100mhzsteps hwpstate

processor	: 2
vendor_id	: AuthenticAMD
cpu family	: 16
model		: 2
model name	: Quad-Core AMD Opteron(tm) Processor 2354
stepping	: 3
cpu MHz		: 2200.000
cache size	: 512 KB
physical id	: 0
siblings	: 4
core id		: 2
cpu cores	: 4
apicid		: 2
initial apicid	: 2
fpu		: yes
fpu_exception	: yes
cpuid level	: 5
wp		: yes
flags		: fpu vme de pse tsc msr pae mce cx8 apic sep mtrr pge mca cmov pat pse36 clflush mmx fxsr sse sse2 ht syscall nx mmxext fxsr_opt pdpe1gb rdtscp lm 3dnowext 3dnow constant_tsc rep_good nonstop_tsc extd_apicid pni monitor cx16 popcnt lahf_lm cmp_legacy svm extapic cr8_legacy abm sse4a misalignsse 3dnowprefetch osvw ibs npt lbrv svm_lock
bogomips	: 4422.88
TLB size	: 1024 4K pages
clflush size	: 64
cache_alignment	: 64
address sizes	: 48 bits physical, 48 bits virtual
power management: ts ttp tm stc 100mhzsteps hwpstate

processor	: 3
vendor_id	: AuthenticAMD
cpu family	: 16
model		: 2
model name	: Quad-Core AMD Opteron(tm) Processor 2354
stepping	: 3
cpu MHz		: 2200.000
cache size	: 512 KB
physical id	: 0
siblings	: 4
core id		: 3
cpu cores	: 4
apicid		: 3
initial apicid	: 3
fpu		: yes
fpu_exception	: yes
cpuid level	: 5
wp		: yes
flags		: fpu vme de pse tsc msr pae mce cx8 apic sep mtrr pge mca cmov pat pse36 clflush mmx fxsr sse sse2 ht syscall nx mmxext fxsr_opt pdpe1gb rdtscp lm 3dnowext 3dnow constant_tsc rep_good nonstop_tsc extd_apicid pni monitor cx16 popcnt lahf_lm cmp_legacy svm extapic cr8_legacy abm sse4a misalignsse 3dnowprefetch osvw ibs npt lbrv svm_lock
bogomips	: 4422.88
TLB size	: 1024 4K pages
clflush size	: 64
cache_alignment	: 64
address sizes	: 48 bits physical, 48 bits virtual
power management: ts ttp tm stc 100mhzsteps hwpstate

processor	: 4
vendor_id	: AuthenticAMD
cpu family	: 16
model		: 2
model name	: Quad-Core AMD Opteron(tm) Processor 2354
stepping	: 3
cpu MHz		: 2200.000
cache size	: 512 KB
physical id	: 1
siblings	: 4
core id		: 0
cpu cores	: 4
apicid		: 4
initial apicid	: 4
fpu		: yes
fpu_exception	: yes
cpuid level	: 5
wp		: yes
flags		: fpu vme de pse tsc msr pae mce cx8 apic sep mtrr pge mca cmov pat pse36 clflush mmx fxsr sse sse2 ht syscall nx mmxext fxsr_opt pdpe1gb rdtscp lm 3dnowext 3dnow constant_tsc rep_good nonstop_tsc extd_apicid pni monitor cx16 popcnt lahf_lm cmp_legacy svm extapic cr8_legacy abm sse4a misalignsse 3dnowprefetch osvw ibs npt lbrv svm_lock
bogomips	: 4422.23
TLB size	: 1024 4K pages
clflush size	: 64
cache_alignment	: 64
address sizes	: 48 bits physical, 48 bits virtual
power management: ts ttp tm stc 100mhzsteps hwpstate

processor	: 5
vendor_id	: AuthenticAMD
cpu family	: 16
model		: 2
model name	: Quad-Core AMD Opteron(tm) Processor 2354
stepping	: 3
cpu MHz		: 2200.000
cache size	: 512 KB
physical id	: 1
siblings	: 4
core id		: 1
cpu cores	: 4
apicid		: 5
initial apicid	: 5
fpu		: yes
fpu_exception	: yes
cpuid level	: 5
wp		: yes
flags		: fpu vme de pse tsc msr pae mce cx8 apic sep mtrr pge mca cmov pat pse36 clflush mmx fxsr sse sse2 ht syscall nx mmxext fxsr_opt pdpe1gb rdtscp lm 3dnowext 3dnow constant_tsc rep_good nonstop_tsc extd_apicid pni monitor cx16 popcnt lahf_lm cmp_legacy svm extapic cr8_legacy abm sse4a misalignsse 3dnowprefetch osvw ibs npt lbrv svm_lock
bogomips	: 4422.23
TLB size	: 1024 4K pages
clflush size	: 64
cache_alignment	: 64
address sizes	: 48 bits physical, 48 bits virtual
power management: ts ttp tm stc 100mhzsteps hwpstate

processor	: 6
vendor_id	: AuthenticAMD
cpu family	: 16
model		: 2
model name	: Quad-Core AMD Opteron(tm) Processor 2354
stepping	: 3
cpu MHz		: 2200.000
cache size	: 512 KB
physical id	: 1
siblings	: 4
core id		: 2
cpu cores	: 4
apicid		: 6
initial apicid	: 6
fpu		: yes
fpu_exception	: yes
cpuid level	: 5
wp		: yes
flags		: fpu vme de pse tsc msr pae mce cx8 apic sep mtrr pge mca cmov pat pse36 clflush mmx fxsr sse sse2 ht syscall nx mmxext fxsr_opt pdpe1gb rdtscp lm 3dnowext 3dnow constant_tsc rep_good nonstop_tsc extd_apicid pni monitor cx16 popcnt lahf_lm cmp_legacy svm extapic cr8_legacy abm sse4a misalignsse 3dnowprefetch osvw ibs npt lbrv svm_lock
bogomips	: 4422.23
TLB size	: 1024 4K pages
clflush size	: 64
cache_alignment	: 64
address sizes	: 48 bits physical, 48 bits virtual
power management: ts ttp tm stc 100mhzsteps hwpstate

processor	: 7
vendor_id	: AuthenticAMD
cpu family	: 16
model		: 2
model name	: Quad-Core AMD Opteron(tm) Processor 2354
stepping	: 3
cpu MHz		: 2200.000
cache size	: 512 KB
physical id	: 1
siblings	: 4
core id		: 3
cpu cores	: 4
apicid		: 7
initial apicid	: 7
fpu		: yes
fpu_exception	: yes
cpuid level	: 5
wp		: yes
flags		: fpu vme de pse tsc msr pae mce cx8 apic sep mtrr pge mca cmov pat pse36 clflush mmx fxsr sse sse2 ht syscall nx mmxext fxsr_opt pdpe1gb rdtscp lm 3dnowext 3dnow constant_tsc rep_good nonstop_tsc extd_apicid pni monitor cx16 popcnt lahf_lm cmp_legacy svm extapic cr8_legacy abm sse4a misalignsse 3dnowprefetch osvw ibs npt lbrv svm_lock
bogomips	: 4422.23
TLB size	: 1024 4K pages
clflush size	: 64
cache_alignment	: 64
address sizes	: 48 bits physical, 48 bits virtual
power management: ts ttp tm stc 100mhzsteps hwpstate



Memory: 4k page, physical 16331612k(5031372k free), swap 8388604k(8388380k free)

vm_info: OpenJDK 64-Bit Server VM (23.25-b01) for linux-amd64 JRE (1.6.0_32-b32), built on Aug 21 2014 11:15:48 by "mockbuild" with gcc 4.4.7 20120313 (Red Hat 4.4.7-4)

time: Tue Sep 23 09:12:59 2014
elapsed time: 1 seconds

