#
# A fatal error has been detected by the Java Runtime Environment:
#
#  SIGBUS (0x7) at pc=0x00002ae2acc1e522, pid=23270, tid=47153044629248
#
# JRE version: 6.0_32-b32
# Java VM: OpenJDK 64-Bit Server VM (23.25-b01 mixed mode linux-amd64 compressed oops)
# Problematic frame:
# C  [libzip.so+0x4522]  ZIP_Lock+0x252
#
# Core dump written. Default location: /mmfs/automount/gpfs/homefs/sm/dw07r324/jobs/piterman.eq.macc.sp.ro.r/core or core.23270
#
# If you would like to submit a bug report, please include
# instructions how to reproduce the bug and visit:
#   http://icedtea.classpath.org/bugzilla
# The crash happened outside the Java Virtual Machine in native code.
# See problematic frame for where to report the bug.
#

---------------  T H R E A D  ---------------

Current thread (0x00002ae2b0008000):  JavaThread "main" [_thread_in_native, id=23271, stack(0x00002ae2ac69a000,0x00002ae2ac79b000)]

siginfo:si_signo=SIGBUS: si_errno=0, si_code=2 (BUS_ADRERR), si_addr=0x00002ae2f31da948

Registers:
RAX=0x00002ae2b18c9ca0, RBX=0x00002ae2f31da92b, RCX=0x0000000000000200, RDX=0x0000000000000601
RSP=0x00002ae2ac798250, RBP=0x00002ae2ac798290, RSI=0x0000000000000002, RDI=0x0000000000000002
R8 =0x00002ae2b0000088, R9 =0x0000000000000001, R10=0x0000000000000040, R11=0x00002ae2abeca660
R12=0x00002ae2b18c9ca0, R13=0x00002ae2b10fc550, R14=0x00002ae2ac798300, R15=0x00002ae2b18c9ca0
RIP=0x00002ae2acc1e522, EFLAGS=0x0000000000010206, CSGSFS=0x0000000000000033, ERR=0x0000000000000004
  TRAPNO=0x000000000000000e

Top of Stack: (sp=0x00002ae2ac798250)
0x00002ae2ac798250:   00002ae2b10f5780 00002ae2abe1405e
0x00002ae2ac798260:   00000000000000ab 00002ae2b10f4dd0
0x00002ae2ac798270:   00002ae2b10fc550 0000000092a396c4
0x00002ae2ac798280:   00002ae2ac798300 0000000000000033
0x00002ae2ac798290:   00002ae2ac7982e0 00002ae2acc1eae2
0x00002ae2ac7982a0:   00002ae2b0008000 00002ae2b10f5800
0x00002ae2ac7982b0:   00002ae2ac798320 00002ae2b00081d8
0x00002ae2ac7982c0:   00002ae2ac798300 0000000000000033
0x00002ae2ac7982d0:   00002ae2ac7987d8 00002ae2ac798300
0x00002ae2ac7982e0:   00002ae2ac798740 00002ae2acc1dae4
0x00002ae2ac7982f0:   0000003301000000 00002ae2b10fc550
0x00002ae2ac798300:   2f73657373616c63 727676732f67726f
0x00002ae2ac798310:   632f6c616f672f6c 6c756d69532f646d
0x00002ae2ac798320:   6574784564657461 6c632e6e6f69736e
0x00002ae2ac798330:   0000000000737361 0000000400000000
0x00002ae2ac798340:   00002ae2b0008b90 00002ae2b0024c70
0x00002ae2ac798350:   00002ae2ac798380 00002ae2b0008000
0x00002ae2ac798360:   00000000b5cc4b00 000000000000001a
0x00002ae2ac798370:   00002ae2b0008000 00000000b5cc4b00
0x00002ae2ac798380:   00002ae2ac7983e0 00002ae2abc5e5f2
0x00002ae2ac798390:   00002ae2b0008000 00002ae200000000
0x00002ae2ac7983a0:   00002ae2b0008000 00002ae2b5fcf290
0x00002ae2ac7983b0:   00002ae2b00077d0 00000000000000bd
0x00002ae2ac7983c0:   0000000000000000 00002ae2b0008000
0x00002ae2ac7983d0:   00002ae2ac798400 00002ae200000000
0x00002ae2ac7983e0:   00000000b5cc8c58 00002a0000000061
0x00002ae2ac7983f0:   00000000b5bdfef5 00000000f0cf6228
0x00002ae2ac798400:   00002ae2ac798400 00000000b5cc69cb
0x00002ae2ac798410:   00002ae2ac798460 00002ae2b0008b80
0x00002ae2ac798420:   0000000000000000 0000000000000001
0x00002ae2ac798430:   00002ae2b0008000 ffffffffffffffff
0x00002ae2ac798440:   00002ae2ac7984b0 00002ae2abc1aa03 

Instructions: (pc=0x00002ae2acc1e522)
0x00002ae2acc1e502:   00 00 00 00 00 48 c7 40 30 00 00 00 00 48 c7 40
0x00002ae2acc1e512:   28 00 00 00 00 8b 5b 04 49 2b 5d 28 49 03 5d 18
0x00002ae2acc1e522:   44 0f b6 73 1d 0f b6 43 1c 41 c1 e6 08 41 09 c6
0x00002ae2acc1e532:   0f b6 43 1e 88 45 ce 0f b6 43 1f 88 45 cf 0f b6 

Register to memory mapping:

RAX=0x00002ae2b18c9ca0 is an unknown value
RBX=0x00002ae2f31da92b is an unknown value
RCX=0x0000000000000200 is an unknown value
RDX=0x0000000000000601 is an unknown value
RSP=0x00002ae2ac798250 is pointing into the stack for thread: 0x00002ae2b0008000
RBP=0x00002ae2ac798290 is pointing into the stack for thread: 0x00002ae2b0008000
RSI=0x0000000000000002 is an unknown value
RDI=0x0000000000000002 is an unknown value
R8 =0x00002ae2b0000088 is an unknown value
R9 =0x0000000000000001 is an unknown value
R10=0x0000000000000040 is an unknown value
R11=0x00002ae2abeca660: <offset 0x79f660> in /usr/lib/jvm/java-1.6.0-openjdk-1.6.0.0.x86_64/jre/lib/amd64/server/libjvm.so at 0x00002ae2ab72b000
R12=0x00002ae2b18c9ca0 is an unknown value
R13=0x00002ae2b10fc550 is an unknown value
R14=0x00002ae2ac798300 is pointing into the stack for thread: 0x00002ae2b0008000
R15=0x00002ae2b18c9ca0 is an unknown value


Stack: [0x00002ae2ac69a000,0x00002ae2ac79b000],  sp=0x00002ae2ac798250,  free space=1016k
Native frames: (J=compiled Java code, j=interpreted, Vv=VM code, C=native code)
C  [libzip.so+0x4522]  ZIP_Lock+0x252
C  [libzip.so+0x4ae2]  ZIP_GetEntry+0xc2
C  [libzip.so+0x3ae4]  Java_java_util_zip_ZipFile_getEntry+0xc4
j  java.util.zip.ZipFile.getEntry(JLjava/lang/String;Z)J+0
j  java.util.zip.ZipFile.getEntry(Ljava/lang/String;)Ljava/util/zip/ZipEntry;+31
j  java.util.jar.JarFile.getEntry(Ljava/lang/String;)Ljava/util/zip/ZipEntry;+2
j  sun.net.www.protocol.jar.URLJarFile.getEntry(Ljava/lang/String;)Ljava/util/zip/ZipEntry;+2
j  sun.net.www.protocol.jar.JarURLConnection.connect()V+62
j  sun.net.www.protocol.jar.JarURLConnection.getInputStream()Ljava/io/InputStream;+1
j  sun.misc.URLClassPath$Loader.getResource(Ljava/lang/String;Z)Lsun/misc/Resource;+48
j  sun.misc.URLClassPath.getResource(Ljava/lang/String;Z)Lsun/misc/Resource;+53
j  java.net.URLClassLoader$1.run()Ljava/lang/Object;+26
v  ~StubRoutines::call_stub
V  [libjvm.so+0x537e3e]  AsyncGetCallTrace+0xd776e
V  [libjvm.so+0x536ad8]  AsyncGetCallTrace+0xd6408
V  [libjvm.so+0x597140]  JVM_DoPrivileged+0x400
j  java.security.AccessController.doPrivileged(Ljava/security/PrivilegedExceptionAction;Ljava/security/AccessControlContext;)Ljava/lang/Object;+0
j  java.net.URLClassLoader.findClass(Ljava/lang/String;)Ljava/lang/Class;+13
j  org.java.plugin.standard.StandardPluginClassLoader.loadLocalClass(Ljava/lang/String;ZLorg/java/plugin/standard/StandardPluginClassLoader;)Ljava/lang/Class;+97
j  org.java.plugin.standard.StandardPluginClassLoader.loadClass(Ljava/lang/String;Z)Ljava/lang/Class;+62
j  java.lang.ClassLoader.loadClass(Ljava/lang/String;)Ljava/lang/Class;+3
j  org.svvrl.goal.cmd.CmdPlugin.loadCommandExtensions(Lorg/java/plugin/PluginManager;Lorg/svvrl/goal/cmd/CmdPlugin;)V+80
j  org.svvrl.goal.cmd.CmdPlugin.loadExtensions()V+49
j  org.svvrl.goal.cmd.CommandRepository.initialize()V+0
j  org.svvrl.goal.cmd.CommandRepository.getCommand(Ljava/lang/String;Ljava/util/List;)Lorg/svvrl/goal/cmd/CommandExpression;+0
j  org.svvrl.goal.cmd.parser.CMDParser.cmd_expr()Lorg/svvrl/goal/cmd/Expression;+22
j  org.svvrl.goal.cmd.parser.CMDParser.instr()Lorg/svvrl/goal/cmd/Statement;+1140
j  org.svvrl.goal.cmd.CmdHandler.start([Ljava/lang/String;)V+150
j  org.svvrl.goal.core.CorePlugin.startApplication()V+30
j  org.java.plugin.boot.Boot.boot(Lorg/java/plugin/util/ExtendedProperties;ZLjava/lang/String;Lorg/java/plugin/boot/BootErrorHandler;[Ljava/lang/String;)Lorg/java/plugin/boot/Application;+354
j  org.java.plugin.boot.Boot.main([Ljava/lang/String;)V+162
v  ~StubRoutines::call_stub
V  [libjvm.so+0x537e3e]  AsyncGetCallTrace+0xd776e
V  [libjvm.so+0x536ad8]  AsyncGetCallTrace+0xd6408
V  [libjvm.so+0x5452a7]  JNI_CreateJavaVM+0x12e7
V  [libjvm.so+0x55a4eb]  JNI_CreateJavaVM+0x1652b
C  [java+0x374d]  JavaMain+0xd0d

Java frames: (J=compiled Java code, j=interpreted, Vv=VM code)
j  java.util.zip.ZipFile.getEntry(JLjava/lang/String;Z)J+0
j  java.util.zip.ZipFile.getEntry(Ljava/lang/String;)Ljava/util/zip/ZipEntry;+31
j  java.util.jar.JarFile.getEntry(Ljava/lang/String;)Ljava/util/zip/ZipEntry;+2
j  sun.net.www.protocol.jar.URLJarFile.getEntry(Ljava/lang/String;)Ljava/util/zip/ZipEntry;+2
j  sun.net.www.protocol.jar.JarURLConnection.connect()V+62
j  sun.net.www.protocol.jar.JarURLConnection.getInputStream()Ljava/io/InputStream;+1
j  sun.misc.URLClassPath$Loader.getResource(Ljava/lang/String;Z)Lsun/misc/Resource;+48
j  sun.misc.URLClassPath.getResource(Ljava/lang/String;Z)Lsun/misc/Resource;+53
j  java.net.URLClassLoader$1.run()Ljava/lang/Object;+26
v  ~StubRoutines::call_stub
j  java.security.AccessController.doPrivileged(Ljava/security/PrivilegedExceptionAction;Ljava/security/AccessControlContext;)Ljava/lang/Object;+0
j  java.net.URLClassLoader.findClass(Ljava/lang/String;)Ljava/lang/Class;+13
j  org.java.plugin.standard.StandardPluginClassLoader.loadLocalClass(Ljava/lang/String;ZLorg/java/plugin/standard/StandardPluginClassLoader;)Ljava/lang/Class;+97
j  org.java.plugin.standard.StandardPluginClassLoader.loadClass(Ljava/lang/String;Z)Ljava/lang/Class;+62
j  java.lang.ClassLoader.loadClass(Ljava/lang/String;)Ljava/lang/Class;+3
j  org.svvrl.goal.cmd.CmdPlugin.loadCommandExtensions(Lorg/java/plugin/PluginManager;Lorg/svvrl/goal/cmd/CmdPlugin;)V+80
j  org.svvrl.goal.cmd.CmdPlugin.loadExtensions()V+49
j  org.svvrl.goal.cmd.CommandRepository.initialize()V+0
j  org.svvrl.goal.cmd.CommandRepository.getCommand(Ljava/lang/String;Ljava/util/List;)Lorg/svvrl/goal/cmd/CommandExpression;+0
j  org.svvrl.goal.cmd.parser.CMDParser.cmd_expr()Lorg/svvrl/goal/cmd/Expression;+22
j  org.svvrl.goal.cmd.parser.CMDParser.instr()Lorg/svvrl/goal/cmd/Statement;+1140
j  org.svvrl.goal.cmd.CmdHandler.start([Ljava/lang/String;)V+150
j  org.svvrl.goal.core.CorePlugin.startApplication()V+30
j  org.java.plugin.boot.Boot.boot(Lorg/java/plugin/util/ExtendedProperties;ZLjava/lang/String;Lorg/java/plugin/boot/BootErrorHandler;[Ljava/lang/String;)Lorg/java/plugin/boot/Application;+354
j  org.java.plugin.boot.Boot.main([Ljava/lang/String;)V+162
v  ~StubRoutines::call_stub

---------------  P R O C E S S  ---------------

Java Threads: ( => current thread )
  0x00002ae2b106b000 JavaThread "Java2D Disposer" daemon [_thread_blocked, id=23288, stack(0x00002ae2f2c8f000,0x00002ae2f2d90000)]
  0x00002ae2b0101800 JavaThread "Low Memory Detector" daemon [_thread_blocked, id=23286, stack(0x00002ae2f2194000,0x00002ae2f2295000)]
  0x00002ae2b00ff000 JavaThread "C2 CompilerThread1" daemon [_thread_blocked, id=23285, stack(0x00002ae2f2093000,0x00002ae2f2194000)]
  0x00002ae2b00fc800 JavaThread "C2 CompilerThread0" daemon [_thread_blocked, id=23284, stack(0x00002ae2f1f92000,0x00002ae2f2093000)]
  0x00002ae2b00fa000 JavaThread "Signal Dispatcher" daemon [_thread_blocked, id=23283, stack(0x00002ae2f1e91000,0x00002ae2f1f92000)]
  0x00002ae2b00ab800 JavaThread "Finalizer" daemon [_thread_blocked, id=23282, stack(0x00002ae2dceb3000,0x00002ae2dcfb4000)]
  0x00002ae2b00a9800 JavaThread "Reference Handler" daemon [_thread_blocked, id=23281, stack(0x00002ae2dcdb2000,0x00002ae2dceb3000)]
=>0x00002ae2b0008000 JavaThread "main" [_thread_in_native, id=23271, stack(0x00002ae2ac69a000,0x00002ae2ac79b000)]

Other Threads:
  0x00002ae2b009a800 VMThread [stack: 0x00002ae2dccb1000,0x00002ae2dcdb2000] [id=23280]
  0x00002ae2b010c800 WatcherThread [stack: 0x00002ae2f2295000,0x00002ae2f2396000] [id=23287]

VM state:not at safepoint (normal execution)

VM Mutex/Monitor currently owned by a thread: None

Heap
 PSYoungGen      total 305856K, used 104988K [0x00000000eaab0000, 0x0000000100000000, 0x0000000100000000)
  eden space 262208K, 40% used [0x00000000eaab0000,0x00000000f1137170,0x00000000faac0000)
  from space 43648K, 0% used [0x00000000fd560000,0x00000000fd560000,0x0000000100000000)
  to   space 43648K, 0% used [0x00000000faac0000,0x00000000faac0000,0x00000000fd560000)
 ParOldGen       total 699072K, used 0K [0x00000000c0000000, 0x00000000eaab0000, 0x00000000eaab0000)
  object space 699072K, 0% used [0x00000000c0000000,0x00000000c0000000,0x00000000eaab0000)
 PSPermGen       total 21248K, used 11466K [0x00000000b5a00000, 0x00000000b6ec0000, 0x00000000c0000000)
  object space 21248K, 53% used [0x00000000b5a00000,0x00000000b6532b18,0x00000000b6ec0000)

Card table byte_map: [0x00002ae2b4000000,0x00002ae2b4254000] byte_map_base: 0x00002ae2b3a53000

Polling page: 0x00002ae2acbdb000

Code Cache  [0x00002ae2ace22000, 0x00002ae2ad092000, 0x00002ae2afe22000)
 total_blobs=455 nmethods=175 adapters=233 free_code_cache=48219Kb largest_free_block=49356544

Compilation events (10 events):
Event: 2.935 Thread 0x00002ae2b00fc800  168             java.lang.Character::toLowerCase (9 bytes)
Event: 2.935 Thread 0x00002ae2b00ff000  169             java.lang.CharacterDataLatin1::toLowerCase (39 bytes)
Event: 2.935 Thread 0x00002ae2b00ff000 nmethod 169 0x00002ae2acf081d0 code [0x00002ae2acf08300, 0x00002ae2acf083b8]
Event: 2.936 Thread 0x00002ae2b00fc800 nmethod 168 0x00002ae2acf05e50 code [0x00002ae2acf05fa0, 0x00002ae2acf060f8]
Event: 2.963 Thread 0x00002ae2b00ff000  170             java.lang.System::getSecurityManager (4 bytes)
Event: 2.964 Thread 0x00002ae2b00ff000 nmethod 170 0x00002ae2acf05c50 code [0x00002ae2acf05d80, 0x00002ae2acf05dd8]
Event: 3.016 Thread 0x00002ae2b00fc800  171             java.net.URL::getHost (5 bytes)
Event: 3.017 Thread 0x00002ae2b00fc800 nmethod 171 0x00002ae2acf05a50 code [0x00002ae2acf05b80, 0x00002ae2acf05bd8]
Event: 3.049 Thread 0x00002ae2b00ff000  172             java.lang.String::<init> (20 bytes)
Event: 3.049 Thread 0x00002ae2b00ff000 nmethod 172 0x00002ae2acf05850 code [0x00002ae2acf05980, 0x00002ae2acf059f8]

GC Heap History (0 events):
No events

Deoptimization events (10 events):
Event: 1.454 Thread 0x00002ae2b0008000 Uncommon trap -34 fr.pc 0x00002ae2acec319c
Event: 1.454 Thread 0x00002ae2b0008000 Uncommon trap -34 fr.pc 0x00002ae2acec319c
Event: 1.835 Thread 0x00002ae2b0008000 Uncommon trap -34 fr.pc 0x00002ae2aced7458
Event: 2.763 Thread 0x00002ae2b0008000 Uncommon trap -34 fr.pc 0x00002ae2aced7458
Event: 2.763 Thread 0x00002ae2b0008000 Uncommon trap -34 fr.pc 0x00002ae2aced7458
Event: 2.763 Thread 0x00002ae2b0008000 Uncommon trap -34 fr.pc 0x00002ae2aced7458
Event: 2.952 Thread 0x00002ae2b0008000 Uncommon trap -58 fr.pc 0x00002ae2acedba24
Event: 2.958 Thread 0x00002ae2b0008000 Uncommon trap -58 fr.pc 0x00002ae2acedba24
Event: 2.964 Thread 0x00002ae2b0008000 Uncommon trap -58 fr.pc 0x00002ae2acedba24
Event: 2.981 Thread 0x00002ae2b0008000 Uncommon trap -58 fr.pc 0x00002ae2acedba24

Internal exceptions (10 events):
Event: 2.989 Thread 0x00002ae2b0008000 Threw 0x00000000f0a3e670 at /builddir/build/BUILD/icedtea6-1.13.4/openjdk/hotspot/src/share/vm/classfile/systemDictionary.cpp:179
Event: 2.989 Thread 0x00002ae2b0008000 Threw 0x00000000f0a3e9c8 at /builddir/build/BUILD/icedtea6-1.13.4/openjdk/hotspot/src/share/vm/prims/jvm.cpp:1235
Event: 2.989 Thread 0x00002ae2b0008000 Threw 0x00000000f0a3edd0 at /builddir/build/BUILD/icedtea6-1.13.4/openjdk/hotspot/src/share/vm/prims/jvm.cpp:1235
Event: 2.990 Thread 0x00002ae2b0008000 Threw 0x00000000f0a5ade8 at /builddir/build/BUILD/icedtea6-1.13.4/openjdk/hotspot/src/share/vm/classfile/systemDictionary.cpp:179
Event: 2.990 Thread 0x00002ae2b0008000 Threw 0x00000000f0a5b160 at /builddir/build/BUILD/icedtea6-1.13.4/openjdk/hotspot/src/share/vm/prims/jvm.cpp:1235
Event: 2.990 Thread 0x00002ae2b0008000 Threw 0x00000000f0a5b588 at /builddir/build/BUILD/icedtea6-1.13.4/openjdk/hotspot/src/share/vm/prims/jvm.cpp:1235
Event: 3.003 Thread 0x00002ae2b0008000 Threw 0x00000000f0ab8958 at /builddir/build/BUILD/icedtea6-1.13.4/openjdk/hotspot/src/share/vm/classfile/systemDictionary.cpp:179
Event: 3.004 Thread 0x00002ae2b0008000 Threw 0x00000000f0ab8cb0 at /builddir/build/BUILD/icedtea6-1.13.4/openjdk/hotspot/src/share/vm/prims/jvm.cpp:1235
Event: 3.004 Thread 0x00002ae2b0008000 Threw 0x00000000f0ab90b8 at /builddir/build/BUILD/icedtea6-1.13.4/openjdk/hotspot/src/share/vm/prims/jvm.cpp:1235
Event: 3.004 Thread 0x00002ae2b0008000 Threw 0x00000000f0abab28 at /builddir/build/BUILD/icedtea6-1.13.4/openjdk/hotspot/src/share/vm/prims/jvm.cpp:1235

Events (10 events):
Event: 2.986 loading class 0x00002ae2b02d40b0
Event: 2.986 loading class 0x00002ae2b02d40b0 done
Event: 2.988 loading class 0x00002ae2b02d3c40
Event: 2.988 loading class 0x00002ae2b02d3c40 done
Event: 2.989 loading class 0x00002ae2b1401860
Event: 2.989 loading class 0x00002ae2b1401860 done
Event: 2.990 loading class 0x00002ae2b1416a40
Event: 2.990 loading class 0x00002ae2b1416a40 done
Event: 3.003 loading class 0x00002ae2b02ec310
Event: 3.003 loading class 0x00002ae2b02ec310 done


Dynamic libraries:
00400000-00409000 r-xp 00000000 fd:01 5993                               /usr/lib/jvm/java-1.6.0-openjdk-1.6.0.0.x86_64/jre/bin/java
00608000-0060a000 rw-p 00008000 fd:01 5993                               /usr/lib/jvm/java-1.6.0-openjdk-1.6.0.0.x86_64/jre/bin/java
01fb4000-01fd5000 rw-p 00000000 00:00 0                                  [heap]
b5a00000-b6ec0000 rw-p 00000000 00:00 0 
b6ec0000-c0000000 rw-p 00000000 00:00 0 
c0000000-100000000 rw-p 00000000 00:00 0 
364f800000-364f820000 r-xp 00000000 fd:01 130582                         /lib64/ld-2.12.so
364fa1f000-364fa20000 r--p 0001f000 fd:01 130582                         /lib64/ld-2.12.so
364fa20000-364fa21000 rw-p 00020000 fd:01 130582                         /lib64/ld-2.12.so
364fa21000-364fa22000 rw-p 00000000 00:00 0 
364fc00000-364fd8a000 r-xp 00000000 fd:01 130613                         /lib64/libc-2.12.so
364fd8a000-364ff8a000 ---p 0018a000 fd:01 130613                         /lib64/libc-2.12.so
364ff8a000-364ff8e000 r--p 0018a000 fd:01 130613                         /lib64/libc-2.12.so
364ff8e000-364ff8f000 rw-p 0018e000 fd:01 130613                         /lib64/libc-2.12.so
364ff8f000-364ff94000 rw-p 00000000 00:00 0 
3650000000-3650004000 r-xp 00000000 fd:01 13573                          /usr/lib/jvm/java-1.6.0-openjdk-1.6.0.0.x86_64/jre/lib/amd64/jli/libjli.so
3650004000-3650203000 ---p 00004000 fd:01 13573                          /usr/lib/jvm/java-1.6.0-openjdk-1.6.0.0.x86_64/jre/lib/amd64/jli/libjli.so
3650203000-3650204000 rw-p 00003000 fd:01 13573                          /usr/lib/jvm/java-1.6.0-openjdk-1.6.0.0.x86_64/jre/lib/amd64/jli/libjli.so
3650400000-3650417000 r-xp 00000000 fd:01 130636                         /lib64/libpthread-2.12.so
3650417000-3650617000 ---p 00017000 fd:01 130636                         /lib64/libpthread-2.12.so
3650617000-3650618000 r--p 00017000 fd:01 130636                         /lib64/libpthread-2.12.so
3650618000-3650619000 rw-p 00018000 fd:01 130636                         /lib64/libpthread-2.12.so
3650619000-365061d000 rw-p 00000000 00:00 0 
3650800000-3650802000 r-xp 00000000 fd:01 130624                         /lib64/libdl-2.12.so
3650802000-3650a02000 ---p 00002000 fd:01 130624                         /lib64/libdl-2.12.so
3650a02000-3650a03000 r--p 00002000 fd:01 130624                         /lib64/libdl-2.12.so
3650a03000-3650a04000 rw-p 00003000 fd:01 130624                         /lib64/libdl-2.12.so
3650c00000-3650c15000 r-xp 00000000 fd:01 130638                         /lib64/libz.so.1.2.3
3650c15000-3650e14000 ---p 00015000 fd:01 130638                         /lib64/libz.so.1.2.3
3650e14000-3650e15000 r--p 00014000 fd:01 130638                         /lib64/libz.so.1.2.3
3650e15000-3650e16000 rw-p 00015000 fd:01 130638                         /lib64/libz.so.1.2.3
3651000000-3651007000 r-xp 00000000 fd:01 132701                         /lib64/librt-2.12.so
3651007000-3651206000 ---p 00007000 fd:01 132701                         /lib64/librt-2.12.so
3651206000-3651207000 r--p 00006000 fd:01 132701                         /lib64/librt-2.12.so
3651207000-3651208000 rw-p 00007000 fd:01 132701                         /lib64/librt-2.12.so
3651800000-3651816000 r-xp 00000000 fd:01 133662                         /lib64/libgcc_s-4.4.7-20120601.so.1
3651816000-3651a15000 ---p 00016000 fd:01 133662                         /lib64/libgcc_s-4.4.7-20120601.so.1
3651a15000-3651a16000 rw-p 00015000 fd:01 133662                         /lib64/libgcc_s-4.4.7-20120601.so.1
3653000000-36530e8000 r-xp 00000000 fd:01 49938                          /usr/lib64/libstdc++.so.6.0.13
36530e8000-36532e8000 ---p 000e8000 fd:01 49938                          /usr/lib64/libstdc++.so.6.0.13
36532e8000-36532ef000 r--p 000e8000 fd:01 49938                          /usr/lib64/libstdc++.so.6.0.13
36532ef000-36532f1000 rw-p 000ef000 fd:01 49938                          /usr/lib64/libstdc++.so.6.0.13
36532f1000-3653306000 rw-p 00000000 00:00 0 
3659000000-3659098000 r-xp 00000000 fd:01 4478                           /usr/lib64/libfreetype.so.6.3.22
3659098000-3659297000 ---p 00098000 fd:01 4478                           /usr/lib64/libfreetype.so.6.3.22
3659297000-365929d000 rw-p 00097000 fd:01 4478                           /usr/lib64/libfreetype.so.6.3.22
365c200000-365c216000 r-xp 00000000 fd:01 137559                         /lib64/libnsl-2.12.so
365c216000-365c415000 ---p 00016000 fd:01 137559                         /lib64/libnsl-2.12.so
365c415000-365c416000 r--p 00015000 fd:01 137559                         /lib64/libnsl-2.12.so
365c416000-365c417000 rw-p 00016000 fd:01 137559                         /lib64/libnsl-2.12.so
365c417000-365c419000 rw-p 00000000 00:00 0 
2ae2ab710000-2ae2ab711000 rw-p 00000000 00:00 0 
2ae2ab727000-2ae2ab72b000 rw-p 00000000 00:00 0 
2ae2ab72b000-2ae2ac136000 r-xp 00000000 fd:01 23213                      /usr/lib/jvm/java-1.6.0-openjdk-1.6.0.0.x86_64/jre/lib/amd64/server/libjvm.so
2ae2ac136000-2ae2ac336000 ---p 00a0b000 fd:01 23213                      /usr/lib/jvm/java-1.6.0-openjdk-1.6.0.0.x86_64/jre/lib/amd64/server/libjvm.so
2ae2ac336000-2ae2ac3d7000 rw-p 00a0b000 fd:01 23213                      /usr/lib/jvm/java-1.6.0-openjdk-1.6.0.0.x86_64/jre/lib/amd64/server/libjvm.so
2ae2ac3d7000-2ae2ac400000 rw-p 00000000 00:00 0 
2ae2ac416000-2ae2ac499000 r-xp 00000000 fd:01 130627                     /lib64/libm-2.12.so
2ae2ac499000-2ae2ac698000 ---p 00083000 fd:01 130627                     /lib64/libm-2.12.so
2ae2ac698000-2ae2ac699000 r--p 00082000 fd:01 130627                     /lib64/libm-2.12.so
2ae2ac699000-2ae2ac69a000 rw-p 00083000 fd:01 130627                     /lib64/libm-2.12.so
2ae2ac69a000-2ae2ac69d000 ---p 00000000 00:00 0 
2ae2ac69d000-2ae2ac79b000 rw-p 00000000 00:00 0 
2ae2ac79b000-2ae2ac7a9000 r-xp 00000000 fd:01 23207                      /usr/lib/jvm/java-1.6.0-openjdk-1.6.0.0.x86_64/jre/lib/amd64/libverify.so
2ae2ac7a9000-2ae2ac9a9000 ---p 0000e000 fd:01 23207                      /usr/lib/jvm/java-1.6.0-openjdk-1.6.0.0.x86_64/jre/lib/amd64/libverify.so
2ae2ac9a9000-2ae2ac9ab000 rw-p 0000e000 fd:01 23207                      /usr/lib/jvm/java-1.6.0-openjdk-1.6.0.0.x86_64/jre/lib/amd64/libverify.so
2ae2ac9ab000-2ae2ac9d8000 r-xp 00000000 fd:01 23159                      /usr/lib/jvm/java-1.6.0-openjdk-1.6.0.0.x86_64/jre/lib/amd64/libjava.so
2ae2ac9d8000-2ae2acbd7000 ---p 0002d000 fd:01 23159                      /usr/lib/jvm/java-1.6.0-openjdk-1.6.0.0.x86_64/jre/lib/amd64/libjava.so
2ae2acbd7000-2ae2acbdb000 rw-p 0002c000 fd:01 23159                      /usr/lib/jvm/java-1.6.0-openjdk-1.6.0.0.x86_64/jre/lib/amd64/libjava.so
2ae2acbdb000-2ae2acbdc000 r--p 00000000 00:00 0 
2ae2acbdc000-2ae2acbdd000 rw-p 00000000 00:00 0 
2ae2acbdd000-2ae2acc12000 r--s 00000000 fd:02 128540                     /var/db/nscd/passwd
2ae2acc12000-2ae2acc1a000 rw-s 00000000 fd:03 38                         /tmp/hsperfdata_dw07r324/23270
2ae2acc1a000-2ae2acc21000 r-xp 00000000 fd:01 23208                      /usr/lib/jvm/java-1.6.0-openjdk-1.6.0.0.x86_64/jre/lib/amd64/libzip.so
2ae2acc21000-2ae2ace21000 ---p 00007000 fd:01 23208                      /usr/lib/jvm/java-1.6.0-openjdk-1.6.0.0.x86_64/jre/lib/amd64/libzip.so
2ae2ace21000-2ae2ace22000 rw-p 00007000 fd:01 23208                      /usr/lib/jvm/java-1.6.0-openjdk-1.6.0.0.x86_64/jre/lib/amd64/libzip.so
2ae2ace22000-2ae2ad092000 rwxp 00000000 00:00 0 
2ae2ad092000-2ae2afe22000 rw-p 00000000 00:00 0 
2ae2afe22000-2ae2afe2c000 rw-p 00000000 00:00 0 
2ae2afe2c000-2ae2afee2000 rw-p 00000000 00:00 0 
2ae2b0000000-2ae2b1918000 rw-p 00000000 00:00 0 
2ae2b1918000-2ae2b4000000 ---p 00000000 00:00 0 
2ae2b4000000-2ae2b400b000 rw-p 00000000 00:00 0 
2ae2b400b000-2ae2b4053000 rw-p 00000000 00:00 0 
2ae2b4053000-2ae2b43b5000 rw-p 00000000 00:00 0 
2ae2b43b5000-2ae2b43fd000 rw-p 00000000 00:00 0 
2ae2b43fd000-2ae2b43fe000 ---p 00000000 00:00 0 
2ae2b43fe000-2ae2b44fe000 rw-p 00000000 00:00 0 
2ae2b44fe000-2ae2b44ff000 ---p 00000000 00:00 0 
2ae2b44ff000-2ae2b45ff000 rw-p 00000000 00:00 0 
2ae2b45ff000-2ae2b4600000 ---p 00000000 00:00 0 
2ae2b4600000-2ae2b4700000 rw-p 00000000 00:00 0 
2ae2b4700000-2ae2b4701000 ---p 00000000 00:00 0 
2ae2b4701000-2ae2b4801000 rw-p 00000000 00:00 0 
2ae2b4801000-2ae2b4802000 ---p 00000000 00:00 0 
2ae2b4802000-2ae2b4902000 rw-p 00000000 00:00 0 
2ae2b4902000-2ae2b4903000 ---p 00000000 00:00 0 
2ae2b4903000-2ae2b4a03000 rw-p 00000000 00:00 0 
2ae2b4a03000-2ae2b4a04000 ---p 00000000 00:00 0 
2ae2b4a04000-2ae2b4b04000 rw-p 00000000 00:00 0 
2ae2b4b04000-2ae2b4b05000 ---p 00000000 00:00 0 
2ae2b4b05000-2ae2b4c05000 rw-p 00000000 00:00 0 
2ae2b8000000-2ae2b8021000 rw-p 00000000 00:00 0 
2ae2b8021000-2ae2bc000000 ---p 00000000 00:00 0 
2ae2bc000000-2ae2bc021000 rw-p 00000000 00:00 0 
2ae2bc021000-2ae2c0000000 ---p 00000000 00:00 0 
2ae2c0000000-2ae2c0021000 rw-p 00000000 00:00 0 
2ae2c0021000-2ae2c4000000 ---p 00000000 00:00 0 
2ae2c4000000-2ae2c4021000 rw-p 00000000 00:00 0 
2ae2c4021000-2ae2c8000000 ---p 00000000 00:00 0 
2ae2c8000000-2ae2c8021000 rw-p 00000000 00:00 0 
2ae2c8021000-2ae2cc000000 ---p 00000000 00:00 0 
2ae2cc000000-2ae2cc021000 rw-p 00000000 00:00 0 
2ae2cc021000-2ae2d0000000 ---p 00000000 00:00 0 
2ae2d0000000-2ae2d0021000 rw-p 00000000 00:00 0 
2ae2d0021000-2ae2d4000000 ---p 00000000 00:00 0 
2ae2d4000000-2ae2d4021000 rw-p 00000000 00:00 0 
2ae2d4021000-2ae2d8000000 ---p 00000000 00:00 0 
2ae2d8000000-2ae2daea4000 rw-p 00000000 00:00 0 
2ae2daea4000-2ae2db03a000 r--s 01a15000 fd:01 23288                      /usr/lib/jvm/java-1.6.0-openjdk-1.6.0.0.x86_64/jre/lib/rt.jar
2ae2db03a000-2ae2dccb1000 rw-p 00000000 00:00 0 
2ae2dccb1000-2ae2dccb2000 ---p 00000000 00:00 0 
2ae2dccb2000-2ae2dcdb2000 rw-p 00000000 00:00 0 
2ae2dcdb2000-2ae2dcdb5000 ---p 00000000 00:00 0 
2ae2dcdb5000-2ae2dceb3000 rw-p 00000000 00:00 0 
2ae2dceb3000-2ae2dceb6000 ---p 00000000 00:00 0 
2ae2dceb6000-2ae2dcfb4000 rw-p 00000000 00:00 0 
2ae2e0000000-2ae2e0021000 rw-p 00000000 00:00 0 
2ae2e0021000-2ae2e4000000 ---p 00000000 00:00 0 
2ae2e4000000-2ae2e4021000 rw-p 00000000 00:00 0 
2ae2e4021000-2ae2e8000000 ---p 00000000 00:00 0 
2ae2e8000000-2ae2e8021000 rw-p 00000000 00:00 0 
2ae2e8021000-2ae2ec000000 ---p 00000000 00:00 0 
2ae2ec000000-2ae2f1e91000 r--p 00000000 fd:01 49935                      /usr/lib/locale/locale-archive
2ae2f1e91000-2ae2f1e94000 ---p 00000000 00:00 0 
2ae2f1e94000-2ae2f1f92000 rw-p 00000000 00:00 0 
2ae2f1f92000-2ae2f1f95000 ---p 00000000 00:00 0 
2ae2f1f95000-2ae2f2093000 rw-p 00000000 00:00 0 
2ae2f2093000-2ae2f2096000 ---p 00000000 00:00 0 
2ae2f2096000-2ae2f2194000 rw-p 00000000 00:00 0 
2ae2f2194000-2ae2f2197000 ---p 00000000 00:00 0 
2ae2f2197000-2ae2f2295000 rw-p 00000000 00:00 0 
2ae2f2295000-2ae2f2296000 ---p 00000000 00:00 0 
2ae2f2296000-2ae2f2396000 rw-p 00000000 00:00 0 
2ae2f2396000-2ae2f2398000 r--s 00009000 00:35 125760574                  /mmfs/automount/gpfs/homefs/sm/dw07r324/bin/GOAL-20140808/lib/jpf-boot.jar
2ae2f2398000-2ae2f239b000 r--s 0000f000 fd:01 23233                      /usr/lib/jvm/java-1.6.0-openjdk-1.6.0.0.x86_64/jre/lib/ext/pulse-java.jar
2ae2f239b000-2ae2f23a4000 r--s 00065000 fd:01 23228                      /usr/lib/jvm/java-1.6.0-openjdk-1.6.0.0.x86_64/jre/lib/ext/gnome-java-bridge.jar
2ae2f23a4000-2ae2f23a6000 r--s 00009000 00:35 125760574                  /mmfs/automount/gpfs/homefs/sm/dw07r324/bin/GOAL-20140808/lib/jpf-boot.jar
2ae2f23a6000-2ae2f23aa000 r--s 0003c000 fd:01 14238                      /usr/lib/jvm/java-1.6.0-openjdk-1.6.0.0.x86_64/jre/lib/jsse.jar
2ae2f23aa000-2ae2f23af000 r--s 0002d000 00:35 125760577                  /mmfs/automount/gpfs/homefs/sm/dw07r324/bin/GOAL-20140808/lib/jpf.jar
2ae2f23af000-2ae2f23b1000 r--s 0000d000 00:35 125760571                  /mmfs/automount/gpfs/homefs/sm/dw07r324/bin/GOAL-20140808/lib/commons-logging.jar
2ae2f23b1000-2ae2f23b3000 r--s 00012000 00:35 125760576                  /mmfs/automount/gpfs/homefs/sm/dw07r324/bin/GOAL-20140808/lib/jpf-tools.jar
2ae2f23b3000-2ae2f23ba000 r--s 00039000 00:35 125760578                  /mmfs/automount/gpfs/homefs/sm/dw07r324/bin/GOAL-20140808/lib/jxp.jar
2ae2f23ba000-2ae2f23bc000 r--s 00004000 00:35 125760570                  /mmfs/automount/gpfs/homefs/sm/dw07r324/bin/GOAL-20140808/lib/AppleJavaExtensions.jar
2ae2f23bc000-2ae2f23c1000 r--s 0002a000 00:35 125760572                  /mmfs/automount/gpfs/homefs/sm/dw07r324/bin/GOAL-20140808/lib/gson-2.2.2.jar
2ae2f23c1000-2ae2f23c4000 r--s 0001a000 00:35 125760579                  /mmfs/automount/gpfs/homefs/sm/dw07r324/bin/GOAL-20140808/lib/minijdd_104.jar
2ae2f23c4000-2ae2f23e7000 r--s 0022d000 00:35 115393626                  /mmfs/automount/gpfs/homefs/sm/dw07r324/bin/GOAL-20140808/.jpf-shadow/org.svvrl.goal.core@2014.8.8.zip
2ae2f254b000-2ae2f25ee000 r-xp 00000000 fd:01 13434                      /usr/lib/jvm/java-1.6.0-openjdk-1.6.0.0.x86_64/jre/lib/amd64/libawt.so
2ae2f25ee000-2ae2f27ee000 ---p 000a3000 fd:01 13434                      /usr/lib/jvm/java-1.6.0-openjdk-1.6.0.0.x86_64/jre/lib/amd64/libawt.so
2ae2f27ee000-2ae2f27fa000 rw-p 000a3000 fd:01 13434                      /usr/lib/jvm/java-1.6.0-openjdk-1.6.0.0.x86_64/jre/lib/amd64/libawt.so
2ae2f27fa000-2ae2f281e000 rw-p 00000000 00:00 0 
2ae2f281e000-2ae2f2824000 r-xp 00000000 fd:01 8525                       /usr/lib/jvm/java-1.6.0-openjdk-1.6.0.0.x86_64/jre/lib/amd64/headless/libmawt.so
2ae2f2824000-2ae2f2a23000 ---p 00006000 fd:01 8525                       /usr/lib/jvm/java-1.6.0-openjdk-1.6.0.0.x86_64/jre/lib/amd64/headless/libmawt.so
2ae2f2a23000-2ae2f2a24000 rw-p 00005000 fd:01 8525                       /usr/lib/jvm/java-1.6.0-openjdk-1.6.0.0.x86_64/jre/lib/amd64/headless/libmawt.so
2ae2f2a24000-2ae2f2a3f000 r--s 0029a000 00:35 84777226                   /mmfs/automount/gpfs/homefs/sm/dw07r324/bin/GOAL-20140808/.jpf-shadow/org.svvrl.goal.gui@2014.8.8.zip
2ae2f2a3f000-2ae2f2a8c000 r-xp 00000000 fd:01 13546                      /usr/lib/jvm/java-1.6.0-openjdk-1.6.0.0.x86_64/jre/lib/amd64/libfontmanager.so
2ae2f2a8c000-2ae2f2c8c000 ---p 0004d000 fd:01 13546                      /usr/lib/jvm/java-1.6.0-openjdk-1.6.0.0.x86_64/jre/lib/amd64/libfontmanager.so
2ae2f2c8c000-2ae2f2c8f000 rw-p 0004d000 fd:01 13546                      /usr/lib/jvm/java-1.6.0-openjdk-1.6.0.0.x86_64/jre/lib/amd64/libfontmanager.so
2ae2f2c8f000-2ae2f2c92000 ---p 00000000 00:00 0 
2ae2f2c92000-2ae2f2d90000 rw-p 00000000 00:00 0 
2ae2f2d90000-2ae2f2d97000 r--s 00000000 fd:02 1513                       /var/cache/fontconfig/12b26b760a24f8b4feb03ad48a333a72-le64.cache-3
2ae2f2d97000-2ae2f2da0000 r--s 00000000 fd:02 1443                       /var/cache/fontconfig/b79f3aaa7d385a141ab53ec885cc22a8-le64.cache-3
2ae2f2da0000-2ae2f2da4000 r--s 00000000 fd:02 1132                       /var/cache/fontconfig/87f5e051180a7a75f16eb6fe7dbd3749-le64.cache-3
2ae2f2da4000-2ae2f2dba000 r-xp 00000000 fd:01 23199                      /usr/lib/jvm/java-1.6.0-openjdk-1.6.0.0.x86_64/jre/lib/amd64/libnet.so
2ae2f2dba000-2ae2f2fb9000 ---p 00016000 fd:01 23199                      /usr/lib/jvm/java-1.6.0-openjdk-1.6.0.0.x86_64/jre/lib/amd64/libnet.so
2ae2f2fb9000-2ae2f2fba000 rw-p 00015000 fd:01 23199                      /usr/lib/jvm/java-1.6.0-openjdk-1.6.0.0.x86_64/jre/lib/amd64/libnet.so
2ae2f2fba000-2ae2f2fc2000 r-xp 00000000 fd:01 23200                      /usr/lib/jvm/java-1.6.0-openjdk-1.6.0.0.x86_64/jre/lib/amd64/libnio.so
2ae2f2fc2000-2ae2f31c1000 ---p 00008000 fd:01 23200                      /usr/lib/jvm/java-1.6.0-openjdk-1.6.0.0.x86_64/jre/lib/amd64/libnio.so
2ae2f31c1000-2ae2f31c2000 rw-p 00007000 fd:01 23200                      /usr/lib/jvm/java-1.6.0-openjdk-1.6.0.0.x86_64/jre/lib/amd64/libnio.so
2ae2f31c2000-2ae2f31c9000 r--s 00000000 fd:02 1513                       /var/cache/fontconfig/12b26b760a24f8b4feb03ad48a333a72-le64.cache-3
2ae2f31c9000-2ae2f31d2000 r--s 00000000 fd:02 1443                       /var/cache/fontconfig/b79f3aaa7d385a141ab53ec885cc22a8-le64.cache-3
2ae2f31d2000-2ae2f31d6000 r--s 00000000 fd:02 1132                       /var/cache/fontconfig/87f5e051180a7a75f16eb6fe7dbd3749-le64.cache-3
2ae2f31d6000-2ae2f31dc000 r--s 0004b000 00:35 42019832                   /mmfs/automount/gpfs/homefs/sm/dw07r324/bin/GOAL-20140808/.jpf-shadow/org.svvrl.goal.cmd@2014.8.8.zip
2ae2f31dc000-2ae2f31de000 rw-p 00000000 00:00 0 
2ae2f4000000-2ae2f4021000 rw-p 00000000 00:00 0 
2ae2f4021000-2ae2f8000000 ---p 00000000 00:00 0 
2ae2f8000000-2ae2f9314000 rw-p 00000000 00:00 0 
2ae2f9314000-2ae2fc000000 ---p 00000000 00:00 0 
2ae2fc000000-2ae2fcbb6000 rw-p 00000000 00:00 0 
2ae2fcbb6000-2ae300000000 ---p 00000000 00:00 0 
2ae300000000-2ae300021000 rw-p 00000000 00:00 0 
2ae300021000-2ae304000000 ---p 00000000 00:00 0 
2ae304000000-2ae304021000 rw-p 00000000 00:00 0 
2ae304021000-2ae308000000 ---p 00000000 00:00 0 
2ae308000000-2ae308021000 rw-p 00000000 00:00 0 
2ae308021000-2ae30c000000 ---p 00000000 00:00 0 
7fff5da5c000-7fff5da93000 rw-p 00000000 00:00 0                          [stack]
7fff5dbff000-7fff5dc00000 r-xp 00000000 00:00 0                          [vdso]
ffffffffff600000-ffffffffff601000 r-xp 00000000 00:00 0                  [vsyscall]

VM Arguments:
jvm_args: -Xmx1G -Xms1G -DapplicationRoot=/home/ubelix/sm/dw07r324/bin/GOAL-20140808 -Dorg.java.plugin.boot.pluginsRepositories=/home/ubelix/sm/dw07r324/bin/GOAL-20140808/plugins -Djpf.boot.config=/home/ubelix/sm/dw07r324/bin/GOAL-20140808/boot.properties -Dorg.apache.commons.logging.Log=org.apache.commons.logging.impl.SimpleLog -Dorg.apache.commons.logging.simplelog.log.org.java.plugin=fatal 
java_command: /home/ubelix/sm/dw07r324/bin/GOAL-20140808/lib/jpf-boot.jar complement -m piterman -eq -macc -sp -ro -r /scratch/local/8663605.1.all.q/test_set_s15/s15_t1.6_a0.8_030.gff
Launcher Type: SUN_STANDARD

Environment Variables:
CLASSPATH=/home/ubelix/sm/dw07r324/bin/GOAL-20140808:/home/ubelix/sm/dw07r324/bin/GOAL-20140808/plugins:/home/ubelix/sm/dw07r324/bin/GOAL-20140808/lib:
PATH=/scratch/local/8663605.1.all.q:/usr/lib64/qt-3.3/bin:/usr/local/bin:/bin:/usr/bin:/usr/local/sbin:/usr/sbin:/sbin:/usr/lpp/mmfs/bin:/home/ubelix/sm/dw07r324/bin/GOAL-20140808:/home/ubelix/sm/dw07r324/bin/gnu_time/bin:/usr/lpp/mmfs/bin
LD_LIBRARY_PATH=/usr/lib/jvm/java-1.6.0-openjdk-1.6.0.0.x86_64/jre/lib/amd64/server:/usr/lib/jvm/java-1.6.0-openjdk-1.6.0.0.x86_64/jre/lib/amd64:/usr/lib/jvm/java-1.6.0-openjdk-1.6.0.0.x86_64/jre/../lib/amd64
SHELL=/bin/bash

Signal Handlers:
SIGSEGV: [libjvm.so+0x870a40], sa_mask[0]=0x7ffbfeff, sa_flags=0x10000004
SIGBUS: [libjvm.so+0x870a40], sa_mask[0]=0x7ffbfeff, sa_flags=0x10000004
SIGFPE: [libjvm.so+0x719240], sa_mask[0]=0x7ffbfeff, sa_flags=0x10000004
SIGPIPE: [libjvm.so+0x719240], sa_mask[0]=0x7ffbfeff, sa_flags=0x10000004
SIGXFSZ: [libjvm.so+0x719240], sa_mask[0]=0x7ffbfeff, sa_flags=0x10000004
SIGILL: [libjvm.so+0x719240], sa_mask[0]=0x7ffbfeff, sa_flags=0x10000004
SIGUSR1: SIG_DFL, sa_mask[0]=0x00000000, sa_flags=0x00000000
SIGUSR2: [libjvm.so+0x718d60], sa_mask[0]=0x00000000, sa_flags=0x10000004
SIGHUP: [libjvm.so+0x71bdf0], sa_mask[0]=0x7ffbfeff, sa_flags=0x10000004
SIGINT: [libjvm.so+0x71bdf0], sa_mask[0]=0x7ffbfeff, sa_flags=0x10000004
SIGTERM: [libjvm.so+0x71bdf0], sa_mask[0]=0x7ffbfeff, sa_flags=0x10000004
SIGQUIT: [libjvm.so+0x71bdf0], sa_mask[0]=0x7ffbfeff, sa_flags=0x10000004


---------------  S Y S T E M  ---------------

OS:Red Hat Enterprise Linux ComputeNode release 6.5 (Santiago)

uname:Linux 2.6.32-431.29.2.el6.x86_64 #1 SMP Sun Jul 27 15:55:46 EDT 2014 x86_64
libc:glibc 2.12 NPTL 2.12 
rlimit: STACK infinity, CORE infinity, NPROC 127431, NOFILE 4096, AS 8388608k
load average:3.56 3.66 3.60

/proc/meminfo:
MemTotal:       16331612 kB
MemFree:         5058168 kB
Buffers:           12768 kB
Cached:          6019228 kB
SwapCached:           88 kB
Active:          2888044 kB
Inactive:        3703024 kB
Active(anon):     495724 kB
Inactive(anon):    63548 kB
Active(file):    2392320 kB
Inactive(file):  3639476 kB
Unevictable:     4082900 kB
Mlocked:         4082900 kB
SwapTotal:       8388604 kB
SwapFree:        8388380 kB
Dirty:                88 kB
Writeback:             0 kB
AnonPages:       4642088 kB
Mapped:            99160 kB
Shmem:               192 kB
Slab:             373508 kB
SReclaimable:     306024 kB
SUnreclaim:        67484 kB
KernelStack:        4712 kB
PageTables:        16788 kB
NFS_Unstable:          0 kB
Bounce:                0 kB
WritebackTmp:          0 kB
CommitLimit:    16554408 kB
Committed_AS:    6813820 kB
VmallocTotal:   34359738367 kB
VmallocUsed:      109412 kB
VmallocChunk:   34351234244 kB
HardwareCorrupted:     0 kB
AnonHugePages:         0 kB
HugePages_Total:       0
HugePages_Free:        0
HugePages_Rsvd:        0
HugePages_Surp:        0
Hugepagesize:       2048 kB
DirectMap4k:        9920 kB
DirectMap2M:     2086912 kB
DirectMap1G:    14680064 kB


CPU:total 8 (4 cores per cpu, 1 threads per core) family 16 model 2 stepping 3, cmov, cx8, fxsr, mmx, sse, sse2, sse3, popcnt, mmxext, 3dnowpref, lzcnt, sse4a, tsc, tscinvbit, tscinv

/proc/cpuinfo:
processor	: 0
vendor_id	: AuthenticAMD
cpu family	: 16
model		: 2
model name	: Quad-Core AMD Opteron(tm) Processor 2354
stepping	: 3
cpu MHz		: 2200.000
cache size	: 512 KB
physical id	: 0
siblings	: 4
core id		: 0
cpu cores	: 4
apicid		: 0
initial apicid	: 0
fpu		: yes
fpu_exception	: yes
cpuid level	: 5
wp		: yes
flags		: fpu vme de pse tsc msr pae mce cx8 apic sep mtrr pge mca cmov pat pse36 clflush mmx fxsr sse sse2 ht syscall nx mmxext fxsr_opt pdpe1gb rdtscp lm 3dnowext 3dnow constant_tsc rep_good nonstop_tsc extd_apicid pni monitor cx16 popcnt lahf_lm cmp_legacy svm extapic cr8_legacy abm sse4a misalignsse 3dnowprefetch osvw ibs npt lbrv svm_lock
bogomips	: 4422.88
TLB size	: 1024 4K pages
clflush size	: 64
cache_alignment	: 64
address sizes	: 48 bits physical, 48 bits virtual
power management: ts ttp tm stc 100mhzsteps hwpstate

processor	: 1
vendor_id	: AuthenticAMD
cpu family	: 16
model		: 2
model name	: Quad-Core AMD Opteron(tm) Processor 2354
stepping	: 3
cpu MHz		: 2200.000
cache size	: 512 KB
physical id	: 0
siblings	: 4
core id		: 1
cpu cores	: 4
apicid		: 1
initial apicid	: 1
fpu		: yes
fpu_exception	: yes
cpuid level	: 5
wp		: yes
flags		: fpu vme de pse tsc msr pae mce cx8 apic sep mtrr pge mca cmov pat pse36 clflush mmx fxsr sse sse2 ht syscall nx mmxext fxsr_opt pdpe1gb rdtscp lm 3dnowext 3dnow constant_tsc rep_good nonstop_tsc extd_apicid pni monitor cx16 popcnt lahf_lm cmp_legacy svm extapic cr8_legacy abm sse4a misalignsse 3dnowprefetch osvw ibs npt lbrv svm_lock
bogomips	: 4422.88
TLB size	: 1024 4K pages
clflush size	: 64
cache_alignment	: 64
address sizes	: 48 bits physical, 48 bits virtual
power management: ts ttp tm stc 100mhzsteps hwpstate

processor	: 2
vendor_id	: AuthenticAMD
cpu family	: 16
model		: 2
model name	: Quad-Core AMD Opteron(tm) Processor 2354
stepping	: 3
cpu MHz		: 2200.000
cache size	: 512 KB
physical id	: 0
siblings	: 4
core id		: 2
cpu cores	: 4
apicid		: 2
initial apicid	: 2
fpu		: yes
fpu_exception	: yes
cpuid level	: 5
wp		: yes
flags		: fpu vme de pse tsc msr pae mce cx8 apic sep mtrr pge mca cmov pat pse36 clflush mmx fxsr sse sse2 ht syscall nx mmxext fxsr_opt pdpe1gb rdtscp lm 3dnowext 3dnow constant_tsc rep_good nonstop_tsc extd_apicid pni monitor cx16 popcnt lahf_lm cmp_legacy svm extapic cr8_legacy abm sse4a misalignsse 3dnowprefetch osvw ibs npt lbrv svm_lock
bogomips	: 4422.88
TLB size	: 1024 4K pages
clflush size	: 64
cache_alignment	: 64
address sizes	: 48 bits physical, 48 bits virtual
power management: ts ttp tm stc 100mhzsteps hwpstate

processor	: 3
vendor_id	: AuthenticAMD
cpu family	: 16
model		: 2
model name	: Quad-Core AMD Opteron(tm) Processor 2354
stepping	: 3
cpu MHz		: 2200.000
cache size	: 512 KB
physical id	: 0
siblings	: 4
core id		: 3
cpu cores	: 4
apicid		: 3
initial apicid	: 3
fpu		: yes
fpu_exception	: yes
cpuid level	: 5
wp		: yes
flags		: fpu vme de pse tsc msr pae mce cx8 apic sep mtrr pge mca cmov pat pse36 clflush mmx fxsr sse sse2 ht syscall nx mmxext fxsr_opt pdpe1gb rdtscp lm 3dnowext 3dnow constant_tsc rep_good nonstop_tsc extd_apicid pni monitor cx16 popcnt lahf_lm cmp_legacy svm extapic cr8_legacy abm sse4a misalignsse 3dnowprefetch osvw ibs npt lbrv svm_lock
bogomips	: 4422.88
TLB size	: 1024 4K pages
clflush size	: 64
cache_alignment	: 64
address sizes	: 48 bits physical, 48 bits virtual
power management: ts ttp tm stc 100mhzsteps hwpstate

processor	: 4
vendor_id	: AuthenticAMD
cpu family	: 16
model		: 2
model name	: Quad-Core AMD Opteron(tm) Processor 2354
stepping	: 3
cpu MHz		: 2200.000
cache size	: 512 KB
physical id	: 1
siblings	: 4
core id		: 0
cpu cores	: 4
apicid		: 4
initial apicid	: 4
fpu		: yes
fpu_exception	: yes
cpuid level	: 5
wp		: yes
flags		: fpu vme de pse tsc msr pae mce cx8 apic sep mtrr pge mca cmov pat pse36 clflush mmx fxsr sse sse2 ht syscall nx mmxext fxsr_opt pdpe1gb rdtscp lm 3dnowext 3dnow constant_tsc rep_good nonstop_tsc extd_apicid pni monitor cx16 popcnt lahf_lm cmp_legacy svm extapic cr8_legacy abm sse4a misalignsse 3dnowprefetch osvw ibs npt lbrv svm_lock
bogomips	: 4422.23
TLB size	: 1024 4K pages
clflush size	: 64
cache_alignment	: 64
address sizes	: 48 bits physical, 48 bits virtual
power management: ts ttp tm stc 100mhzsteps hwpstate

processor	: 5
vendor_id	: AuthenticAMD
cpu family	: 16
model		: 2
model name	: Quad-Core AMD Opteron(tm) Processor 2354
stepping	: 3
cpu MHz		: 2200.000
cache size	: 512 KB
physical id	: 1
siblings	: 4
core id		: 1
cpu cores	: 4
apicid		: 5
initial apicid	: 5
fpu		: yes
fpu_exception	: yes
cpuid level	: 5
wp		: yes
flags		: fpu vme de pse tsc msr pae mce cx8 apic sep mtrr pge mca cmov pat pse36 clflush mmx fxsr sse sse2 ht syscall nx mmxext fxsr_opt pdpe1gb rdtscp lm 3dnowext 3dnow constant_tsc rep_good nonstop_tsc extd_apicid pni monitor cx16 popcnt lahf_lm cmp_legacy svm extapic cr8_legacy abm sse4a misalignsse 3dnowprefetch osvw ibs npt lbrv svm_lock
bogomips	: 4422.23
TLB size	: 1024 4K pages
clflush size	: 64
cache_alignment	: 64
address sizes	: 48 bits physical, 48 bits virtual
power management: ts ttp tm stc 100mhzsteps hwpstate

processor	: 6
vendor_id	: AuthenticAMD
cpu family	: 16
model		: 2
model name	: Quad-Core AMD Opteron(tm) Processor 2354
stepping	: 3
cpu MHz		: 2200.000
cache size	: 512 KB
physical id	: 1
siblings	: 4
core id		: 2
cpu cores	: 4
apicid		: 6
initial apicid	: 6
fpu		: yes
fpu_exception	: yes
cpuid level	: 5
wp		: yes
flags		: fpu vme de pse tsc msr pae mce cx8 apic sep mtrr pge mca cmov pat pse36 clflush mmx fxsr sse sse2 ht syscall nx mmxext fxsr_opt pdpe1gb rdtscp lm 3dnowext 3dnow constant_tsc rep_good nonstop_tsc extd_apicid pni monitor cx16 popcnt lahf_lm cmp_legacy svm extapic cr8_legacy abm sse4a misalignsse 3dnowprefetch osvw ibs npt lbrv svm_lock
bogomips	: 4422.23
TLB size	: 1024 4K pages
clflush size	: 64
cache_alignment	: 64
address sizes	: 48 bits physical, 48 bits virtual
power management: ts ttp tm stc 100mhzsteps hwpstate

processor	: 7
vendor_id	: AuthenticAMD
cpu family	: 16
model		: 2
model name	: Quad-Core AMD Opteron(tm) Processor 2354
stepping	: 3
cpu MHz		: 2200.000
cache size	: 512 KB
physical id	: 1
siblings	: 4
core id		: 3
cpu cores	: 4
apicid		: 7
initial apicid	: 7
fpu		: yes
fpu_exception	: yes
cpuid level	: 5
wp		: yes
flags		: fpu vme de pse tsc msr pae mce cx8 apic sep mtrr pge mca cmov pat pse36 clflush mmx fxsr sse sse2 ht syscall nx mmxext fxsr_opt pdpe1gb rdtscp lm 3dnowext 3dnow constant_tsc rep_good nonstop_tsc extd_apicid pni monitor cx16 popcnt lahf_lm cmp_legacy svm extapic cr8_legacy abm sse4a misalignsse 3dnowprefetch osvw ibs npt lbrv svm_lock
bogomips	: 4422.23
TLB size	: 1024 4K pages
clflush size	: 64
cache_alignment	: 64
address sizes	: 48 bits physical, 48 bits virtual
power management: ts ttp tm stc 100mhzsteps hwpstate



Memory: 4k page, physical 16331612k(5058168k free), swap 8388604k(8388380k free)

vm_info: OpenJDK 64-Bit Server VM (23.25-b01) for linux-amd64 JRE (1.6.0_32-b32), built on Aug 21 2014 11:15:48 by "mockbuild" with gcc 4.4.7 20120313 (Red Hat 4.4.7-4)

time: Tue Sep 23 05:58:34 2014
elapsed time: 3 seconds

