#
# A fatal error has been detected by the Java Runtime Environment:
#
#  SIGBUS (0x7) at pc=0x00002abd48004522, pid=19539, tid=46992372315904
#
# JRE version: 6.0_32-b32
# Java VM: OpenJDK 64-Bit Server VM (23.25-b01 mixed mode linux-amd64 compressed oops)
# Problematic frame:
# C  [libzip.so+0x4522]  ZIP_Lock+0x252
#
# Core dump written. Default location: /mmfs/automount/gpfs/homefs/sm/dw07r324/jobs/piterman.eq.macc.sp.ro.r/core or core.19539
#
# If you would like to submit a bug report, please include
# instructions how to reproduce the bug and visit:
#   http://icedtea.classpath.org/bugzilla
# The crash happened outside the Java Virtual Machine in native code.
# See problematic frame for where to report the bug.
#

---------------  T H R E A D  ---------------

Current thread (0x00002abd44008000):  JavaThread "main" [_thread_in_native, id=19540, stack(0x00002abd4398b000,0x00002abd43a8c000)]

siginfo:si_signo=SIGBUS: si_errno=0, si_code=2 (BUS_ADRERR), si_addr=0x00002abd863c62d9

Registers:
RAX=0x00002abd442f98d0, RBX=0x00002abd863c62bc, RCX=0x00002abd442f98c0, RDX=0x00002abd44000040
RSP=0x00002abd43a88790, RBP=0x00002abd43a887d0, RSI=0x00002abd44000038, RDI=0x0000000000000000
R8 =0x0000000000000003, R9 =0x0000000000000fff, R10=0x0000000000000040, R11=0x00002abd431bb660
R12=0x00002abd442f98d0, R13=0x00002abd442f3250, R14=0x00002abd43a88840, R15=0x00002abd442f98d0
RIP=0x00002abd48004522, EFLAGS=0x0000000000010202, CSGSFS=0x0000000000000033, ERR=0x0000000000000004
  TRAPNO=0x000000000000000e

Top of Stack: (sp=0x00002abd43a88790)
0x00002abd43a88790:   00002abd442f3370 00002abd4310505e
0x00002abd43a887a0:   000000000000005a 00002abd442ee988
0x00002abd43a887b0:   00002abd442f3250 000000009f5cb6af
0x00002abd43a887c0:   00002abd43a88840 000000000000002c
0x00002abd43a887d0:   00002abd43a88820 00002abd48004ae2
0x00002abd43a887e0:   00002abd44008000 00002abd442f3150
0x00002abd43a887f0:   00002abd4406f680 00002abd440081d8
0x00002abd43a88800:   00002abd43a88840 000000000000002c
0x00002abd43a88810:   00002abd43a88d18 00002abd43a88840
0x00002abd43a88820:   00002abd43a88c80 00002abd48003ae4
0x00002abd43a88830:   0000002c01a88860 00002abd442f3250
0x00002abd43a88840:   2f73657373616c63 727676732f67726f
0x00002abd43a88850:   632f6c616f672f6c 666572502f65726f
0x00002abd43a88860:   632e65636e657265 00002a007373616c
0x00002abd43a88870:   00002abd44008000 0000000400000000
0x00002abd43a88880:   00002abd44008c10 00002abd440a0331
0x00002abd43a88890:   00002abd44008c30 00002abd44008000
0x00002abd43a888a0:   00002abd43a888c0 00002abd42f45e41
0x00002abd43a888b0:   00002abd44008000 00002abd44008c30
0x00002abd43a888c0:   00002abd43a888d0 00002abd432259f9
0x00002abd43a888d0:   00002abd43a88900 00002abd42dbde9a
0x00002abd43a888e0:   00002abd44008c18 00002abdffffffff
0x00002abd43a888f0:   00002abd44008c30 00002abd44008000
0x00002abd43a88900:   00002abd43a88930 00002abd43065749
0x00002abd43a88910:   00002abd43a889f0 00002abd43a889f0
0x00002abd43a88920:   00002abd43a889f0 00002abd44008000
0x00002abd43a88930:   00002abd43a889c0 00002abd430675c5
0x00002abd43a88940:   00002abd44008000 00002abd44008c00
0x00002abd43a88950:   0000000000000001 00002abd44008c00
0x00002abd43a88960:   0000000000000000 0000000000000001
0x00002abd43a88970:   00002abd44008000 ffffffffffffffff
0x00002abd43a88980:   00002abd43a889f0 00002abd42f0ba03 

Instructions: (pc=0x00002abd48004522)
0x00002abd48004502:   00 00 00 00 00 48 c7 40 30 00 00 00 00 48 c7 40
0x00002abd48004512:   28 00 00 00 00 8b 5b 04 49 2b 5d 28 49 03 5d 18
0x00002abd48004522:   44 0f b6 73 1d 0f b6 43 1c 41 c1 e6 08 41 09 c6
0x00002abd48004532:   0f b6 43 1e 88 45 ce 0f b6 43 1f 88 45 cf 0f b6 

Register to memory mapping:

RAX=0x00002abd442f98d0 is an unknown value
RBX=0x00002abd863c62bc is an unknown value
RCX=0x00002abd442f98c0 is an unknown value
RDX=0x00002abd44000040 is an unknown value
RSP=0x00002abd43a88790 is pointing into the stack for thread: 0x00002abd44008000
RBP=0x00002abd43a887d0 is pointing into the stack for thread: 0x00002abd44008000
RSI=0x00002abd44000038 is an unknown value
RDI=0x0000000000000000 is an unknown value
R8 =0x0000000000000003 is an unknown value
R9 =0x0000000000000fff is an unknown value
R10=0x0000000000000040 is an unknown value
R11=0x00002abd431bb660: <offset 0x79f660> in /usr/lib/jvm/java-1.6.0-openjdk-1.6.0.0.x86_64/jre/lib/amd64/server/libjvm.so at 0x00002abd42a1c000
R12=0x00002abd442f98d0 is an unknown value
R13=0x00002abd442f3250 is an unknown value
R14=0x00002abd43a88840 is pointing into the stack for thread: 0x00002abd44008000
R15=0x00002abd442f98d0 is an unknown value


Stack: [0x00002abd4398b000,0x00002abd43a8c000],  sp=0x00002abd43a88790,  free space=1013k
Native frames: (J=compiled Java code, j=interpreted, Vv=VM code, C=native code)
C  [libzip.so+0x4522]  ZIP_Lock+0x252
C  [libzip.so+0x4ae2]  ZIP_GetEntry+0xc2
C  [libzip.so+0x3ae4]  Java_java_util_zip_ZipFile_getEntry+0xc4
j  java.util.zip.ZipFile.getEntry(JLjava/lang/String;Z)J+0
j  java.util.zip.ZipFile.getEntry(Ljava/lang/String;)Ljava/util/zip/ZipEntry;+31
j  java.util.jar.JarFile.getEntry(Ljava/lang/String;)Ljava/util/zip/ZipEntry;+2
j  sun.net.www.protocol.jar.URLJarFile.getEntry(Ljava/lang/String;)Ljava/util/zip/ZipEntry;+2
j  sun.net.www.protocol.jar.JarURLConnection.connect()V+62
j  sun.net.www.protocol.jar.JarURLConnection.getInputStream()Ljava/io/InputStream;+1
j  sun.misc.URLClassPath$Loader.getResource(Ljava/lang/String;Z)Lsun/misc/Resource;+48
j  sun.misc.URLClassPath.getResource(Ljava/lang/String;Z)Lsun/misc/Resource;+53
j  java.net.URLClassLoader$1.run()Ljava/lang/Object;+26
v  ~StubRoutines::call_stub
V  [libjvm.so+0x537e3e]  AsyncGetCallTrace+0xd776e
V  [libjvm.so+0x536ad8]  AsyncGetCallTrace+0xd6408
V  [libjvm.so+0x597140]  JVM_DoPrivileged+0x400
j  java.security.AccessController.doPrivileged(Ljava/security/PrivilegedExceptionAction;Ljava/security/AccessControlContext;)Ljava/lang/Object;+0
j  java.net.URLClassLoader.findClass(Ljava/lang/String;)Ljava/lang/Class;+13
j  org.java.plugin.standard.StandardPluginClassLoader.loadLocalClass(Ljava/lang/String;ZLorg/java/plugin/standard/StandardPluginClassLoader;)Ljava/lang/Class;+97
j  org.java.plugin.standard.StandardPluginClassLoader.loadClass(Ljava/lang/String;Z)Ljava/lang/Class;+62
j  java.lang.ClassLoader.loadClass(Ljava/lang/String;)Ljava/lang/Class;+3
v  ~StubRoutines::call_stub
V  [libjvm.so+0x537e3e]  AsyncGetCallTrace+0xd776e
V  [libjvm.so+0x537222]  AsyncGetCallTrace+0xd6b52
V  [libjvm.so+0x5372f4]  AsyncGetCallTrace+0xd6c24
V  [libjvm.so+0x80084b]  JVM_handle_linux_signal+0xdf19b
V  [libjvm.so+0x800e0c]  JVM_handle_linux_signal+0xdf75c
V  [libjvm.so+0x802733]  JVM_handle_linux_signal+0xe1083
V  [libjvm.so+0x3ef00e]  ftell+0x3ef00e
V  [libjvm.so+0x64ef5e]  JVM_RaiseSignal+0xb153e
V  [libjvm.so+0x52f660]  AsyncGetCallTrace+0xcef90
j  org.svvrl.goal.core.CorePlugin.initApplication(Lorg/java/plugin/util/ExtendedProperties;[Ljava/lang/String;)Lorg/java/plugin/boot/Application;+146
j  org.java.plugin.boot.DefaultApplicationInitializer.initApplication(Lorg/java/plugin/boot/BootErrorHandler;[Ljava/lang/String;)Lorg/java/plugin/boot/Application;+530
j  org.java.plugin.boot.Boot.initApplication(Lorg/java/plugin/boot/BootErrorHandler;Lorg/java/plugin/util/ExtendedProperties;[Ljava/lang/String;)Lorg/java/plugin/boot/Application;+157
j  org.java.plugin.boot.Boot.boot(Lorg/java/plugin/util/ExtendedProperties;ZLjava/lang/String;Lorg/java/plugin/boot/BootErrorHandler;[Ljava/lang/String;)Lorg/java/plugin/boot/Application;+338
j  org.java.plugin.boot.Boot.main([Ljava/lang/String;)V+162
v  ~StubRoutines::call_stub
V  [libjvm.so+0x537e3e]  AsyncGetCallTrace+0xd776e
V  [libjvm.so+0x536ad8]  AsyncGetCallTrace+0xd6408
V  [libjvm.so+0x5452a7]  JNI_CreateJavaVM+0x12e7
V  [libjvm.so+0x55a4eb]  JNI_CreateJavaVM+0x1652b
C  [java+0x374d]  JavaMain+0xd0d

Java frames: (J=compiled Java code, j=interpreted, Vv=VM code)
j  java.util.zip.ZipFile.getEntry(JLjava/lang/String;Z)J+0
j  java.util.zip.ZipFile.getEntry(Ljava/lang/String;)Ljava/util/zip/ZipEntry;+31
j  java.util.jar.JarFile.getEntry(Ljava/lang/String;)Ljava/util/zip/ZipEntry;+2
j  sun.net.www.protocol.jar.URLJarFile.getEntry(Ljava/lang/String;)Ljava/util/zip/ZipEntry;+2
j  sun.net.www.protocol.jar.JarURLConnection.connect()V+62
j  sun.net.www.protocol.jar.JarURLConnection.getInputStream()Ljava/io/InputStream;+1
j  sun.misc.URLClassPath$Loader.getResource(Ljava/lang/String;Z)Lsun/misc/Resource;+48
j  sun.misc.URLClassPath.getResource(Ljava/lang/String;Z)Lsun/misc/Resource;+53
j  java.net.URLClassLoader$1.run()Ljava/lang/Object;+26
v  ~StubRoutines::call_stub
j  java.security.AccessController.doPrivileged(Ljava/security/PrivilegedExceptionAction;Ljava/security/AccessControlContext;)Ljava/lang/Object;+0
j  java.net.URLClassLoader.findClass(Ljava/lang/String;)Ljava/lang/Class;+13
j  org.java.plugin.standard.StandardPluginClassLoader.loadLocalClass(Ljava/lang/String;ZLorg/java/plugin/standard/StandardPluginClassLoader;)Ljava/lang/Class;+97
j  org.java.plugin.standard.StandardPluginClassLoader.loadClass(Ljava/lang/String;Z)Ljava/lang/Class;+62
j  java.lang.ClassLoader.loadClass(Ljava/lang/String;)Ljava/lang/Class;+3
v  ~StubRoutines::call_stub
j  org.svvrl.goal.core.CorePlugin.initApplication(Lorg/java/plugin/util/ExtendedProperties;[Ljava/lang/String;)Lorg/java/plugin/boot/Application;+146
j  org.java.plugin.boot.DefaultApplicationInitializer.initApplication(Lorg/java/plugin/boot/BootErrorHandler;[Ljava/lang/String;)Lorg/java/plugin/boot/Application;+530
j  org.java.plugin.boot.Boot.initApplication(Lorg/java/plugin/boot/BootErrorHandler;Lorg/java/plugin/util/ExtendedProperties;[Ljava/lang/String;)Lorg/java/plugin/boot/Application;+157
j  org.java.plugin.boot.Boot.boot(Lorg/java/plugin/util/ExtendedProperties;ZLjava/lang/String;Lorg/java/plugin/boot/BootErrorHandler;[Ljava/lang/String;)Lorg/java/plugin/boot/Application;+338
j  org.java.plugin.boot.Boot.main([Ljava/lang/String;)V+162
v  ~StubRoutines::call_stub

---------------  P R O C E S S  ---------------

Java Threads: ( => current thread )
  0x00002abd44101800 JavaThread "Low Memory Detector" daemon [_thread_blocked, id=19555, stack(0x00002abd86194000,0x00002abd86295000)]
  0x00002abd440ff000 JavaThread "C2 CompilerThread1" daemon [_thread_blocked, id=19554, stack(0x00002abd86093000,0x00002abd86194000)]
  0x00002abd440fc800 JavaThread "C2 CompilerThread0" daemon [_thread_blocked, id=19553, stack(0x00002abd85f92000,0x00002abd86093000)]
  0x00002abd440fa000 JavaThread "Signal Dispatcher" daemon [_thread_blocked, id=19552, stack(0x00002abd85e91000,0x00002abd85f92000)]
  0x00002abd440ab800 JavaThread "Finalizer" daemon [_thread_blocked, id=19551, stack(0x00002abd70f93000,0x00002abd71094000)]
  0x00002abd440a9800 JavaThread "Reference Handler" daemon [_thread_blocked, id=19550, stack(0x00002abd70e92000,0x00002abd70f93000)]
=>0x00002abd44008000 JavaThread "main" [_thread_in_native, id=19540, stack(0x00002abd4398b000,0x00002abd43a8c000)]

Other Threads:
  0x00002abd4409a800 VMThread [stack: 0x00002abd70d91000,0x00002abd70e92000] [id=19549]
  0x00002abd4410c800 WatcherThread [stack: 0x00002abd86295000,0x00002abd86396000] [id=19556]

VM state:not at safepoint (normal execution)

VM Mutex/Monitor currently owned by a thread: None

Heap
 PSYoungGen      total 305856K, used 20977K [0x00000000eaab0000, 0x0000000100000000, 0x0000000100000000)
  eden space 262208K, 8% used [0x00000000eaab0000,0x00000000ebf2c438,0x00000000faac0000)
  from space 43648K, 0% used [0x00000000fd560000,0x00000000fd560000,0x0000000100000000)
  to   space 43648K, 0% used [0x00000000faac0000,0x00000000faac0000,0x00000000fd560000)
 ParOldGen       total 699072K, used 0K [0x00000000c0000000, 0x00000000eaab0000, 0x00000000eaab0000)
  object space 699072K, 0% used [0x00000000c0000000,0x00000000c0000000,0x00000000eaab0000)
 PSPermGen       total 21248K, used 6041K [0x00000000b5a00000, 0x00000000b6ec0000, 0x00000000c0000000)
  object space 21248K, 28% used [0x00000000b5a00000,0x00000000b5fe6480,0x00000000b6ec0000)

Card table byte_map: [0x00002abd4b2c8000,0x00002abd4b51c000] byte_map_base: 0x00002abd4ad1b000

Polling page: 0x00002abd43ecc000

Code Cache  [0x00002abd48208000, 0x00002abd48478000, 0x00002abd4b208000)
 total_blobs=313 nmethods=103 adapters=163 free_code_cache=48388Kb largest_free_block=49493120

Compilation events (10 events):
Event: 3.366 Thread 0x00002abd440fc800 nmethod 98 0x00002abd482a6550 code [0x00002abd482a66a0, 0x00002abd482a6a78]
Event: 3.366 Thread 0x00002abd440fc800   99             java.util.LinkedList$ListItr::<init> (189 bytes)
Event: 3.370 Thread 0x00002abd440fc800 nmethod 99 0x00002abd482a6050 code [0x00002abd482a61a0, 0x00002abd482a63d8]
Event: 3.370 Thread 0x00002abd440fc800  100             java.lang.AbstractStringBuilder::append (40 bytes)
Event: 3.371 Thread 0x00002abd440fc800 nmethod 100 0x00002abd482a5cd0 code [0x00002abd482a5e20, 0x00002abd482a5f28]
Event: 3.371 Thread 0x00002abd440fc800  101             org.java.plugin.registry.xml.ExtensionPointImpl$ParameterDefinitionImpl::getMultiplicity (8 bytes)
Event: 3.372 Thread 0x00002abd440fc800 nmethod 101 0x00002abd48291710 code [0x00002abd48291840, 0x00002abd482918b8]
Event: 3.372 Thread 0x00002abd440fc800  102             org.java.plugin.registry.xml.ModelParameterDef::getMultiplicity (5 bytes)
Event: 3.372 Thread 0x00002abd440fc800 nmethod 102 0x00002abd482a6f50 code [0x00002abd482a7080, 0x00002abd482a70d8]
Event: 3.775 Thread 0x00002abd440ff000 nmethod 88 0x00002abd482bdd10 code [0x00002abd482be5a0, 0x00002abd482c4908]

GC Heap History (0 events):
No events

Deoptimization events (7 events):
Event: 2.342 Thread 0x00002abd44008000 Uncommon trap -34 fr.pc 0x00002abd48266a30
Event: 2.344 Thread 0x00002abd44008000 Uncommon trap -34 fr.pc 0x00002abd48266a30
Event: 2.442 Thread 0x00002abd44008000 Uncommon trap -12 fr.pc 0x00002abd4826d2ec
Event: 3.067 Thread 0x00002abd44008000 Uncommon trap -58 fr.pc 0x00002abd48284ca0
Event: 3.067 Thread 0x00002abd44008000 Uncommon trap -58 fr.pc 0x00002abd48284ca0
Event: 3.067 Thread 0x00002abd44008000 Uncommon trap -58 fr.pc 0x00002abd48284ca0
Event: 3.067 Thread 0x00002abd44008000 Uncommon trap -58 fr.pc 0x00002abd48284ca0

Internal exceptions (10 events):
Event: 4.013 Thread 0x00002abd44008000 Threw 0x00000000eb661360 at /builddir/build/BUILD/icedtea6-1.13.4/openjdk/hotspot/src/share/vm/prims/jvm.cpp:1235
Event: 4.014 Thread 0x00002abd44008000 Threw 0x00000000eb665a20 at /builddir/build/BUILD/icedtea6-1.13.4/openjdk/hotspot/src/share/vm/classfile/systemDictionary.cpp:179
Event: 4.014 Thread 0x00002abd44008000 Threw 0x00000000eb665df0 at /builddir/build/BUILD/icedtea6-1.13.4/openjdk/hotspot/src/share/vm/prims/jvm.cpp:1235
Event: 4.016 Thread 0x00002abd44008000 Threw 0x00000000eb66bfb8 at /builddir/build/BUILD/icedtea6-1.13.4/openjdk/hotspot/src/share/vm/classfile/systemDictionary.cpp:179
Event: 4.016 Thread 0x00002abd44008000 Threw 0x00000000eb66c2f8 at /builddir/build/BUILD/icedtea6-1.13.4/openjdk/hotspot/src/share/vm/prims/jvm.cpp:1235
Event: 4.016 Thread 0x00002abd44008000 Threw 0x00000000eb66c6e8 at /builddir/build/BUILD/icedtea6-1.13.4/openjdk/hotspot/src/share/vm/prims/jvm.cpp:1235
Event: 4.019 Thread 0x00002abd44008000 Threw 0x00000000eb683e38 at /builddir/build/BUILD/icedtea6-1.13.4/openjdk/hotspot/src/share/vm/classfile/systemDictionary.cpp:179
Event: 4.020 Thread 0x00002abd44008000 Threw 0x00000000eb684180 at /builddir/build/BUILD/icedtea6-1.13.4/openjdk/hotspot/src/share/vm/prims/jvm.cpp:1235
Event: 4.020 Thread 0x00002abd44008000 Threw 0x00000000eb6857d8 at /builddir/build/BUILD/icedtea6-1.13.4/openjdk/hotspot/src/share/vm/classfile/systemDictionary.cpp:179
Event: 4.020 Thread 0x00002abd44008000 Threw 0x00000000eb685b38 at /builddir/build/BUILD/icedtea6-1.13.4/openjdk/hotspot/src/share/vm/prims/jvm.cpp:1235

Events (10 events):
Event: 4.016 loading class 0x00002abd442ebd10
Event: 4.016 loading class 0x00002abd442ebd10 done
Event: 4.018 loading class 0x00002abd4411cb10
Event: 4.018 loading class 0x00002abd4411cb10 done
Event: 4.019 loading class 0x00002abd44198bc0
Event: 4.019 loading class 0x00002abd44198bc0 done
Event: 4.020 loading class 0x00002abd441aab70
Event: 4.020 loading class 0x00002abd441aab70 done
Event: 4.021 loading class 0x00002abd440a5090
Event: 4.021 loading class 0x00002abd440a5090 done


Dynamic libraries:
00400000-00409000 r-xp 00000000 fd:01 5993                               /usr/lib/jvm/java-1.6.0-openjdk-1.6.0.0.x86_64/jre/bin/java
00608000-0060a000 rw-p 00008000 fd:01 5993                               /usr/lib/jvm/java-1.6.0-openjdk-1.6.0.0.x86_64/jre/bin/java
0228e000-022af000 rw-p 00000000 00:00 0                                  [heap]
b5a00000-b6ec0000 rw-p 00000000 00:00 0 
b6ec0000-c0000000 rw-p 00000000 00:00 0 
c0000000-100000000 rw-p 00000000 00:00 0 
364f800000-364f820000 r-xp 00000000 fd:01 130582                         /lib64/ld-2.12.so
364fa1f000-364fa20000 r--p 0001f000 fd:01 130582                         /lib64/ld-2.12.so
364fa20000-364fa21000 rw-p 00020000 fd:01 130582                         /lib64/ld-2.12.so
364fa21000-364fa22000 rw-p 00000000 00:00 0 
364fc00000-364fd8a000 r-xp 00000000 fd:01 130613                         /lib64/libc-2.12.so
364fd8a000-364ff8a000 ---p 0018a000 fd:01 130613                         /lib64/libc-2.12.so
364ff8a000-364ff8e000 r--p 0018a000 fd:01 130613                         /lib64/libc-2.12.so
364ff8e000-364ff8f000 rw-p 0018e000 fd:01 130613                         /lib64/libc-2.12.so
364ff8f000-364ff94000 rw-p 00000000 00:00 0 
3650000000-3650004000 r-xp 00000000 fd:01 13573                          /usr/lib/jvm/java-1.6.0-openjdk-1.6.0.0.x86_64/jre/lib/amd64/jli/libjli.so
3650004000-3650203000 ---p 00004000 fd:01 13573                          /usr/lib/jvm/java-1.6.0-openjdk-1.6.0.0.x86_64/jre/lib/amd64/jli/libjli.so
3650203000-3650204000 rw-p 00003000 fd:01 13573                          /usr/lib/jvm/java-1.6.0-openjdk-1.6.0.0.x86_64/jre/lib/amd64/jli/libjli.so
3650400000-3650417000 r-xp 00000000 fd:01 130636                         /lib64/libpthread-2.12.so
3650417000-3650617000 ---p 00017000 fd:01 130636                         /lib64/libpthread-2.12.so
3650617000-3650618000 r--p 00017000 fd:01 130636                         /lib64/libpthread-2.12.so
3650618000-3650619000 rw-p 00018000 fd:01 130636                         /lib64/libpthread-2.12.so
3650619000-365061d000 rw-p 00000000 00:00 0 
3650800000-3650802000 r-xp 00000000 fd:01 130624                         /lib64/libdl-2.12.so
3650802000-3650a02000 ---p 00002000 fd:01 130624                         /lib64/libdl-2.12.so
3650a02000-3650a03000 r--p 00002000 fd:01 130624                         /lib64/libdl-2.12.so
3650a03000-3650a04000 rw-p 00003000 fd:01 130624                         /lib64/libdl-2.12.so
3650c00000-3650c15000 r-xp 00000000 fd:01 130638                         /lib64/libz.so.1.2.3
3650c15000-3650e14000 ---p 00015000 fd:01 130638                         /lib64/libz.so.1.2.3
3650e14000-3650e15000 r--p 00014000 fd:01 130638                         /lib64/libz.so.1.2.3
3650e15000-3650e16000 rw-p 00015000 fd:01 130638                         /lib64/libz.so.1.2.3
3651000000-3651007000 r-xp 00000000 fd:01 132701                         /lib64/librt-2.12.so
3651007000-3651206000 ---p 00007000 fd:01 132701                         /lib64/librt-2.12.so
3651206000-3651207000 r--p 00006000 fd:01 132701                         /lib64/librt-2.12.so
3651207000-3651208000 rw-p 00007000 fd:01 132701                         /lib64/librt-2.12.so
3651800000-3651816000 r-xp 00000000 fd:01 133662                         /lib64/libgcc_s-4.4.7-20120601.so.1
3651816000-3651a15000 ---p 00016000 fd:01 133662                         /lib64/libgcc_s-4.4.7-20120601.so.1
3651a15000-3651a16000 rw-p 00015000 fd:01 133662                         /lib64/libgcc_s-4.4.7-20120601.so.1
3653000000-36530e8000 r-xp 00000000 fd:01 49938                          /usr/lib64/libstdc++.so.6.0.13
36530e8000-36532e8000 ---p 000e8000 fd:01 49938                          /usr/lib64/libstdc++.so.6.0.13
36532e8000-36532ef000 r--p 000e8000 fd:01 49938                          /usr/lib64/libstdc++.so.6.0.13
36532ef000-36532f1000 rw-p 000ef000 fd:01 49938                          /usr/lib64/libstdc++.so.6.0.13
36532f1000-3653306000 rw-p 00000000 00:00 0 
365c200000-365c216000 r-xp 00000000 fd:01 137559                         /lib64/libnsl-2.12.so
365c216000-365c415000 ---p 00016000 fd:01 137559                         /lib64/libnsl-2.12.so
365c415000-365c416000 r--p 00015000 fd:01 137559                         /lib64/libnsl-2.12.so
365c416000-365c417000 rw-p 00016000 fd:01 137559                         /lib64/libnsl-2.12.so
365c417000-365c419000 rw-p 00000000 00:00 0 
2abd42a01000-2abd42a02000 rw-p 00000000 00:00 0 
2abd42a18000-2abd42a1c000 rw-p 00000000 00:00 0 
2abd42a1c000-2abd43427000 r-xp 00000000 fd:01 23213                      /usr/lib/jvm/java-1.6.0-openjdk-1.6.0.0.x86_64/jre/lib/amd64/server/libjvm.so
2abd43427000-2abd43627000 ---p 00a0b000 fd:01 23213                      /usr/lib/jvm/java-1.6.0-openjdk-1.6.0.0.x86_64/jre/lib/amd64/server/libjvm.so
2abd43627000-2abd436c8000 rw-p 00a0b000 fd:01 23213                      /usr/lib/jvm/java-1.6.0-openjdk-1.6.0.0.x86_64/jre/lib/amd64/server/libjvm.so
2abd436c8000-2abd436f1000 rw-p 00000000 00:00 0 
2abd43707000-2abd4378a000 r-xp 00000000 fd:01 130627                     /lib64/libm-2.12.so
2abd4378a000-2abd43989000 ---p 00083000 fd:01 130627                     /lib64/libm-2.12.so
2abd43989000-2abd4398a000 r--p 00082000 fd:01 130627                     /lib64/libm-2.12.so
2abd4398a000-2abd4398b000 rw-p 00083000 fd:01 130627                     /lib64/libm-2.12.so
2abd4398b000-2abd4398e000 ---p 00000000 00:00 0 
2abd4398e000-2abd43a8c000 rw-p 00000000 00:00 0 
2abd43a8c000-2abd43a9a000 r-xp 00000000 fd:01 23207                      /usr/lib/jvm/java-1.6.0-openjdk-1.6.0.0.x86_64/jre/lib/amd64/libverify.so
2abd43a9a000-2abd43c9a000 ---p 0000e000 fd:01 23207                      /usr/lib/jvm/java-1.6.0-openjdk-1.6.0.0.x86_64/jre/lib/amd64/libverify.so
2abd43c9a000-2abd43c9c000 rw-p 0000e000 fd:01 23207                      /usr/lib/jvm/java-1.6.0-openjdk-1.6.0.0.x86_64/jre/lib/amd64/libverify.so
2abd43c9c000-2abd43cc9000 r-xp 00000000 fd:01 23159                      /usr/lib/jvm/java-1.6.0-openjdk-1.6.0.0.x86_64/jre/lib/amd64/libjava.so
2abd43cc9000-2abd43ec8000 ---p 0002d000 fd:01 23159                      /usr/lib/jvm/java-1.6.0-openjdk-1.6.0.0.x86_64/jre/lib/amd64/libjava.so
2abd43ec8000-2abd43ecc000 rw-p 0002c000 fd:01 23159                      /usr/lib/jvm/java-1.6.0-openjdk-1.6.0.0.x86_64/jre/lib/amd64/libjava.so
2abd43ecc000-2abd43ecd000 r--p 00000000 00:00 0 
2abd43ecd000-2abd43ece000 rw-p 00000000 00:00 0 
2abd43ece000-2abd43f03000 r--s 00000000 fd:02 128540                     /var/db/nscd/passwd
2abd43f03000-2abd43f0b000 rw-s 00000000 fd:03 38                         /tmp/hsperfdata_dw07r324/19539
2abd44000000-2abd44345000 rw-p 00000000 00:00 0 
2abd44345000-2abd48000000 ---p 00000000 00:00 0 
2abd48000000-2abd48007000 r-xp 00000000 fd:01 23208                      /usr/lib/jvm/java-1.6.0-openjdk-1.6.0.0.x86_64/jre/lib/amd64/libzip.so
2abd48007000-2abd48207000 ---p 00007000 fd:01 23208                      /usr/lib/jvm/java-1.6.0-openjdk-1.6.0.0.x86_64/jre/lib/amd64/libzip.so
2abd48207000-2abd48208000 rw-p 00007000 fd:01 23208                      /usr/lib/jvm/java-1.6.0-openjdk-1.6.0.0.x86_64/jre/lib/amd64/libzip.so
2abd48208000-2abd48478000 rwxp 00000000 00:00 0 
2abd48478000-2abd4b208000 rw-p 00000000 00:00 0 
2abd4b208000-2abd4b212000 rw-p 00000000 00:00 0 
2abd4b212000-2abd4b2c8000 rw-p 00000000 00:00 0 
2abd4b2c8000-2abd4b2d3000 rw-p 00000000 00:00 0 
2abd4b2d3000-2abd4b31b000 rw-p 00000000 00:00 0 
2abd4b31b000-2abd4b67d000 rw-p 00000000 00:00 0 
2abd4b67d000-2abd4b6c5000 rw-p 00000000 00:00 0 
2abd4b6c5000-2abd4b6c6000 ---p 00000000 00:00 0 
2abd4b6c6000-2abd4b7c6000 rw-p 00000000 00:00 0 
2abd4b7c6000-2abd4b7c7000 ---p 00000000 00:00 0 
2abd4b7c7000-2abd4b8c7000 rw-p 00000000 00:00 0 
2abd4b8c7000-2abd4b8c8000 ---p 00000000 00:00 0 
2abd4b8c8000-2abd4b9c8000 rw-p 00000000 00:00 0 
2abd4b9c8000-2abd4b9c9000 ---p 00000000 00:00 0 
2abd4b9c9000-2abd4bac9000 rw-p 00000000 00:00 0 
2abd4bac9000-2abd4baca000 ---p 00000000 00:00 0 
2abd4baca000-2abd4bbca000 rw-p 00000000 00:00 0 
2abd4bbca000-2abd4bbcb000 ---p 00000000 00:00 0 
2abd4bbcb000-2abd4bccb000 rw-p 00000000 00:00 0 
2abd4bccb000-2abd4bccc000 ---p 00000000 00:00 0 
2abd4bccc000-2abd4bdcc000 rw-p 00000000 00:00 0 
2abd4bdcc000-2abd4bdcd000 ---p 00000000 00:00 0 
2abd4bdcd000-2abd4becd000 rw-p 00000000 00:00 0 
2abd4c000000-2abd4c021000 rw-p 00000000 00:00 0 
2abd4c021000-2abd50000000 ---p 00000000 00:00 0 
2abd50000000-2abd50021000 rw-p 00000000 00:00 0 
2abd50021000-2abd54000000 ---p 00000000 00:00 0 
2abd54000000-2abd54021000 rw-p 00000000 00:00 0 
2abd54021000-2abd58000000 ---p 00000000 00:00 0 
2abd58000000-2abd58021000 rw-p 00000000 00:00 0 
2abd58021000-2abd5c000000 ---p 00000000 00:00 0 
2abd5c000000-2abd5c021000 rw-p 00000000 00:00 0 
2abd5c021000-2abd60000000 ---p 00000000 00:00 0 
2abd60000000-2abd60021000 rw-p 00000000 00:00 0 
2abd60021000-2abd64000000 ---p 00000000 00:00 0 
2abd64000000-2abd66ea4000 rw-p 00000000 00:00 0 
2abd66ea4000-2abd6703a000 r--s 01a15000 fd:01 23288                      /usr/lib/jvm/java-1.6.0-openjdk-1.6.0.0.x86_64/jre/lib/rt.jar
2abd6703a000-2abd67f20000 rw-p 00000000 00:00 0 
2abd68000000-2abd68021000 rw-p 00000000 00:00 0 
2abd68021000-2abd6c000000 ---p 00000000 00:00 0 
2abd6c000000-2abd6c021000 rw-p 00000000 00:00 0 
2abd6c021000-2abd70000000 ---p 00000000 00:00 0 
2abd70000000-2abd70d91000 rw-p 00000000 00:00 0 
2abd70d91000-2abd70d92000 ---p 00000000 00:00 0 
2abd70d92000-2abd70e92000 rw-p 00000000 00:00 0 
2abd70e92000-2abd70e95000 ---p 00000000 00:00 0 
2abd70e95000-2abd70f93000 rw-p 00000000 00:00 0 
2abd70f93000-2abd70f96000 ---p 00000000 00:00 0 
2abd70f96000-2abd71094000 rw-p 00000000 00:00 0 
2abd74000000-2abd74021000 rw-p 00000000 00:00 0 
2abd74021000-2abd78000000 ---p 00000000 00:00 0 
2abd78000000-2abd78021000 rw-p 00000000 00:00 0 
2abd78021000-2abd7c000000 ---p 00000000 00:00 0 
2abd7c000000-2abd7c021000 rw-p 00000000 00:00 0 
2abd7c021000-2abd80000000 ---p 00000000 00:00 0 
2abd80000000-2abd85e91000 r--p 00000000 fd:01 49935                      /usr/lib/locale/locale-archive
2abd85e91000-2abd85e94000 ---p 00000000 00:00 0 
2abd85e94000-2abd85f92000 rw-p 00000000 00:00 0 
2abd85f92000-2abd85f95000 ---p 00000000 00:00 0 
2abd85f95000-2abd86093000 rw-p 00000000 00:00 0 
2abd86093000-2abd86096000 ---p 00000000 00:00 0 
2abd86096000-2abd86194000 rw-p 00000000 00:00 0 
2abd86194000-2abd86197000 ---p 00000000 00:00 0 
2abd86197000-2abd86295000 rw-p 00000000 00:00 0 
2abd86295000-2abd86296000 ---p 00000000 00:00 0 
2abd86296000-2abd86396000 rw-p 00000000 00:00 0 
2abd86396000-2abd86398000 r--s 00009000 00:35 125760574                  /mmfs/automount/gpfs/homefs/sm/dw07r324/bin/GOAL-20140808/lib/jpf-boot.jar
2abd86398000-2abd8639b000 r--s 0000f000 fd:01 23233                      /usr/lib/jvm/java-1.6.0-openjdk-1.6.0.0.x86_64/jre/lib/ext/pulse-java.jar
2abd8639b000-2abd863a4000 r--s 00065000 fd:01 23228                      /usr/lib/jvm/java-1.6.0-openjdk-1.6.0.0.x86_64/jre/lib/ext/gnome-java-bridge.jar
2abd863a4000-2abd863a6000 r--s 00009000 00:35 125760574                  /mmfs/automount/gpfs/homefs/sm/dw07r324/bin/GOAL-20140808/lib/jpf-boot.jar
2abd863a6000-2abd863aa000 r--s 0003c000 fd:01 14238                      /usr/lib/jvm/java-1.6.0-openjdk-1.6.0.0.x86_64/jre/lib/jsse.jar
2abd863aa000-2abd863af000 r--s 0002d000 00:35 125760577                  /mmfs/automount/gpfs/homefs/sm/dw07r324/bin/GOAL-20140808/lib/jpf.jar
2abd863af000-2abd863b1000 r--s 0000d000 00:35 125760571                  /mmfs/automount/gpfs/homefs/sm/dw07r324/bin/GOAL-20140808/lib/commons-logging.jar
2abd863b1000-2abd863b3000 r--s 00012000 00:35 125760576                  /mmfs/automount/gpfs/homefs/sm/dw07r324/bin/GOAL-20140808/lib/jpf-tools.jar
2abd863b3000-2abd863ba000 r--s 00039000 00:35 125760578                  /mmfs/automount/gpfs/homefs/sm/dw07r324/bin/GOAL-20140808/lib/jxp.jar
2abd863ba000-2abd863bc000 r--s 00004000 00:35 125760570                  /mmfs/automount/gpfs/homefs/sm/dw07r324/bin/GOAL-20140808/lib/AppleJavaExtensions.jar
2abd863bc000-2abd863c1000 r--s 0002a000 00:35 125760572                  /mmfs/automount/gpfs/homefs/sm/dw07r324/bin/GOAL-20140808/lib/gson-2.2.2.jar
2abd863c1000-2abd863c4000 r--s 0001a000 00:35 125760579                  /mmfs/automount/gpfs/homefs/sm/dw07r324/bin/GOAL-20140808/lib/minijdd_104.jar
2abd863c4000-2abd863e7000 r--s 0022d000 00:35 86888798                   /mmfs/automount/gpfs/homefs/sm/dw07r324/bin/GOAL-20140808/.jpf-shadow/org.svvrl.goal.core@2014.8.8.zip
2abd863e7000-2abd863e9000 rw-p 00000000 00:00 0 
2abd88000000-2abd88021000 rw-p 00000000 00:00 0 
2abd88021000-2abd8c000000 ---p 00000000 00:00 0 
2abd8c000000-2abd8ce22000 rw-p 00000000 00:00 0 
2abd8ce22000-2abd90000000 ---p 00000000 00:00 0 
2abd90000000-2abd911e0000 rw-p 00000000 00:00 0 
2abd911e0000-2abd94000000 ---p 00000000 00:00 0 
2abd94000000-2abd94021000 rw-p 00000000 00:00 0 
2abd94021000-2abd98000000 ---p 00000000 00:00 0 
2abd98000000-2abd98021000 rw-p 00000000 00:00 0 
2abd98021000-2abd9c000000 ---p 00000000 00:00 0 
7fffba59b000-7fffba5d1000 rw-p 00000000 00:00 0                          [stack]
7fffba5ff000-7fffba600000 r-xp 00000000 00:00 0                          [vdso]
ffffffffff600000-ffffffffff601000 r-xp 00000000 00:00 0                  [vsyscall]

VM Arguments:
jvm_args: -Xmx1G -Xms1G -DapplicationRoot=/home/ubelix/sm/dw07r324/bin/GOAL-20140808 -Dorg.java.plugin.boot.pluginsRepositories=/home/ubelix/sm/dw07r324/bin/GOAL-20140808/plugins -Djpf.boot.config=/home/ubelix/sm/dw07r324/bin/GOAL-20140808/boot.properties -Dorg.apache.commons.logging.Log=org.apache.commons.logging.impl.SimpleLog -Dorg.apache.commons.logging.simplelog.log.org.java.plugin=fatal 
java_command: /home/ubelix/sm/dw07r324/bin/GOAL-20140808/lib/jpf-boot.jar complement -m piterman -eq -macc -sp -ro -r /scratch/local/8663605.1.all.q/test_set_s15/s15_t2.2_a0.7_018.gff
Launcher Type: SUN_STANDARD

Environment Variables:
CLASSPATH=/home/ubelix/sm/dw07r324/bin/GOAL-20140808:/home/ubelix/sm/dw07r324/bin/GOAL-20140808/plugins:/home/ubelix/sm/dw07r324/bin/GOAL-20140808/lib:
PATH=/scratch/local/8663605.1.all.q:/usr/lib64/qt-3.3/bin:/usr/local/bin:/bin:/usr/bin:/usr/local/sbin:/usr/sbin:/sbin:/usr/lpp/mmfs/bin:/home/ubelix/sm/dw07r324/bin/GOAL-20140808:/home/ubelix/sm/dw07r324/bin/gnu_time/bin:/usr/lpp/mmfs/bin
LD_LIBRARY_PATH=/usr/lib/jvm/java-1.6.0-openjdk-1.6.0.0.x86_64/jre/lib/amd64/server:/usr/lib/jvm/java-1.6.0-openjdk-1.6.0.0.x86_64/jre/lib/amd64:/usr/lib/jvm/java-1.6.0-openjdk-1.6.0.0.x86_64/jre/../lib/amd64
SHELL=/bin/bash

Signal Handlers:
SIGSEGV: [libjvm.so+0x870a40], sa_mask[0]=0x7ffbfeff, sa_flags=0x10000004
SIGBUS: [libjvm.so+0x870a40], sa_mask[0]=0x7ffbfeff, sa_flags=0x10000004
SIGFPE: [libjvm.so+0x719240], sa_mask[0]=0x7ffbfeff, sa_flags=0x10000004
SIGPIPE: [libjvm.so+0x719240], sa_mask[0]=0x7ffbfeff, sa_flags=0x10000004
SIGXFSZ: [libjvm.so+0x719240], sa_mask[0]=0x7ffbfeff, sa_flags=0x10000004
SIGILL: [libjvm.so+0x719240], sa_mask[0]=0x7ffbfeff, sa_flags=0x10000004
SIGUSR1: SIG_DFL, sa_mask[0]=0x00000000, sa_flags=0x00000000
SIGUSR2: [libjvm.so+0x718d60], sa_mask[0]=0x00000000, sa_flags=0x10000004
SIGHUP: [libjvm.so+0x71bdf0], sa_mask[0]=0x7ffbfeff, sa_flags=0x10000004
SIGINT: [libjvm.so+0x71bdf0], sa_mask[0]=0x7ffbfeff, sa_flags=0x10000004
SIGTERM: [libjvm.so+0x71bdf0], sa_mask[0]=0x7ffbfeff, sa_flags=0x10000004
SIGQUIT: [libjvm.so+0x71bdf0], sa_mask[0]=0x7ffbfeff, sa_flags=0x10000004


---------------  S Y S T E M  ---------------

OS:Red Hat Enterprise Linux ComputeNode release 6.5 (Santiago)

uname:Linux 2.6.32-431.29.2.el6.x86_64 #1 SMP Sun Jul 27 15:55:46 EDT 2014 x86_64
libc:glibc 2.12 NPTL 2.12 
rlimit: STACK infinity, CORE infinity, NPROC 127431, NOFILE 4096, AS 8388608k
load average:3.99 3.99 3.71

/proc/meminfo:
MemTotal:       16331612 kB
MemFree:         5029500 kB
Buffers:           12576 kB
Cached:          6140232 kB
SwapCached:           88 kB
Active:          2814944 kB
Inactive:        3800624 kB
Active(anon):     399508 kB
Inactive(anon):    63452 kB
Active(file):    2415436 kB
Inactive(file):  3737172 kB
Unevictable:     4082900 kB
Mlocked:         4082900 kB
SwapTotal:       8388604 kB
SwapFree:        8388380 kB
Dirty:                88 kB
Writeback:             0 kB
AnonPages:       4545636 kB
Mapped:            99656 kB
Shmem:               192 kB
Slab:             377556 kB
SReclaimable:     309908 kB
SUnreclaim:        67648 kB
KernelStack:        4736 kB
PageTables:        17096 kB
NFS_Unstable:          0 kB
Bounce:                0 kB
WritebackTmp:          0 kB
CommitLimit:    16554408 kB
Committed_AS:    6817496 kB
VmallocTotal:   34359738367 kB
VmallocUsed:      109412 kB
VmallocChunk:   34351234244 kB
HardwareCorrupted:     0 kB
AnonHugePages:         0 kB
HugePages_Total:       0
HugePages_Free:        0
HugePages_Rsvd:        0
HugePages_Surp:        0
Hugepagesize:       2048 kB
DirectMap4k:        9920 kB
DirectMap2M:     2086912 kB
DirectMap1G:    14680064 kB


CPU:total 8 (4 cores per cpu, 1 threads per core) family 16 model 2 stepping 3, cmov, cx8, fxsr, mmx, sse, sse2, sse3, popcnt, mmxext, 3dnowpref, lzcnt, sse4a, tsc, tscinvbit, tscinv

/proc/cpuinfo:
processor	: 0
vendor_id	: AuthenticAMD
cpu family	: 16
model		: 2
model name	: Quad-Core AMD Opteron(tm) Processor 2354
stepping	: 3
cpu MHz		: 2200.000
cache size	: 512 KB
physical id	: 0
siblings	: 4
core id		: 0
cpu cores	: 4
apicid		: 0
initial apicid	: 0
fpu		: yes
fpu_exception	: yes
cpuid level	: 5
wp		: yes
flags		: fpu vme de pse tsc msr pae mce cx8 apic sep mtrr pge mca cmov pat pse36 clflush mmx fxsr sse sse2 ht syscall nx mmxext fxsr_opt pdpe1gb rdtscp lm 3dnowext 3dnow constant_tsc rep_good nonstop_tsc extd_apicid pni monitor cx16 popcnt lahf_lm cmp_legacy svm extapic cr8_legacy abm sse4a misalignsse 3dnowprefetch osvw ibs npt lbrv svm_lock
bogomips	: 4422.88
TLB size	: 1024 4K pages
clflush size	: 64
cache_alignment	: 64
address sizes	: 48 bits physical, 48 bits virtual
power management: ts ttp tm stc 100mhzsteps hwpstate

processor	: 1
vendor_id	: AuthenticAMD
cpu family	: 16
model		: 2
model name	: Quad-Core AMD Opteron(tm) Processor 2354
stepping	: 3
cpu MHz		: 2200.000
cache size	: 512 KB
physical id	: 0
siblings	: 4
core id		: 1
cpu cores	: 4
apicid		: 1
initial apicid	: 1
fpu		: yes
fpu_exception	: yes
cpuid level	: 5
wp		: yes
flags		: fpu vme de pse tsc msr pae mce cx8 apic sep mtrr pge mca cmov pat pse36 clflush mmx fxsr sse sse2 ht syscall nx mmxext fxsr_opt pdpe1gb rdtscp lm 3dnowext 3dnow constant_tsc rep_good nonstop_tsc extd_apicid pni monitor cx16 popcnt lahf_lm cmp_legacy svm extapic cr8_legacy abm sse4a misalignsse 3dnowprefetch osvw ibs npt lbrv svm_lock
bogomips	: 4422.88
TLB size	: 1024 4K pages
clflush size	: 64
cache_alignment	: 64
address sizes	: 48 bits physical, 48 bits virtual
power management: ts ttp tm stc 100mhzsteps hwpstate

processor	: 2
vendor_id	: AuthenticAMD
cpu family	: 16
model		: 2
model name	: Quad-Core AMD Opteron(tm) Processor 2354
stepping	: 3
cpu MHz		: 2200.000
cache size	: 512 KB
physical id	: 0
siblings	: 4
core id		: 2
cpu cores	: 4
apicid		: 2
initial apicid	: 2
fpu		: yes
fpu_exception	: yes
cpuid level	: 5
wp		: yes
flags		: fpu vme de pse tsc msr pae mce cx8 apic sep mtrr pge mca cmov pat pse36 clflush mmx fxsr sse sse2 ht syscall nx mmxext fxsr_opt pdpe1gb rdtscp lm 3dnowext 3dnow constant_tsc rep_good nonstop_tsc extd_apicid pni monitor cx16 popcnt lahf_lm cmp_legacy svm extapic cr8_legacy abm sse4a misalignsse 3dnowprefetch osvw ibs npt lbrv svm_lock
bogomips	: 4422.88
TLB size	: 1024 4K pages
clflush size	: 64
cache_alignment	: 64
address sizes	: 48 bits physical, 48 bits virtual
power management: ts ttp tm stc 100mhzsteps hwpstate

processor	: 3
vendor_id	: AuthenticAMD
cpu family	: 16
model		: 2
model name	: Quad-Core AMD Opteron(tm) Processor 2354
stepping	: 3
cpu MHz		: 2200.000
cache size	: 512 KB
physical id	: 0
siblings	: 4
core id		: 3
cpu cores	: 4
apicid		: 3
initial apicid	: 3
fpu		: yes
fpu_exception	: yes
cpuid level	: 5
wp		: yes
flags		: fpu vme de pse tsc msr pae mce cx8 apic sep mtrr pge mca cmov pat pse36 clflush mmx fxsr sse sse2 ht syscall nx mmxext fxsr_opt pdpe1gb rdtscp lm 3dnowext 3dnow constant_tsc rep_good nonstop_tsc extd_apicid pni monitor cx16 popcnt lahf_lm cmp_legacy svm extapic cr8_legacy abm sse4a misalignsse 3dnowprefetch osvw ibs npt lbrv svm_lock
bogomips	: 4422.88
TLB size	: 1024 4K pages
clflush size	: 64
cache_alignment	: 64
address sizes	: 48 bits physical, 48 bits virtual
power management: ts ttp tm stc 100mhzsteps hwpstate

processor	: 4
vendor_id	: AuthenticAMD
cpu family	: 16
model		: 2
model name	: Quad-Core AMD Opteron(tm) Processor 2354
stepping	: 3
cpu MHz		: 2200.000
cache size	: 512 KB
physical id	: 1
siblings	: 4
core id		: 0
cpu cores	: 4
apicid		: 4
initial apicid	: 4
fpu		: yes
fpu_exception	: yes
cpuid level	: 5
wp		: yes
flags		: fpu vme de pse tsc msr pae mce cx8 apic sep mtrr pge mca cmov pat pse36 clflush mmx fxsr sse sse2 ht syscall nx mmxext fxsr_opt pdpe1gb rdtscp lm 3dnowext 3dnow constant_tsc rep_good nonstop_tsc extd_apicid pni monitor cx16 popcnt lahf_lm cmp_legacy svm extapic cr8_legacy abm sse4a misalignsse 3dnowprefetch osvw ibs npt lbrv svm_lock
bogomips	: 4422.23
TLB size	: 1024 4K pages
clflush size	: 64
cache_alignment	: 64
address sizes	: 48 bits physical, 48 bits virtual
power management: ts ttp tm stc 100mhzsteps hwpstate

processor	: 5
vendor_id	: AuthenticAMD
cpu family	: 16
model		: 2
model name	: Quad-Core AMD Opteron(tm) Processor 2354
stepping	: 3
cpu MHz		: 2200.000
cache size	: 512 KB
physical id	: 1
siblings	: 4
core id		: 1
cpu cores	: 4
apicid		: 5
initial apicid	: 5
fpu		: yes
fpu_exception	: yes
cpuid level	: 5
wp		: yes
flags		: fpu vme de pse tsc msr pae mce cx8 apic sep mtrr pge mca cmov pat pse36 clflush mmx fxsr sse sse2 ht syscall nx mmxext fxsr_opt pdpe1gb rdtscp lm 3dnowext 3dnow constant_tsc rep_good nonstop_tsc extd_apicid pni monitor cx16 popcnt lahf_lm cmp_legacy svm extapic cr8_legacy abm sse4a misalignsse 3dnowprefetch osvw ibs npt lbrv svm_lock
bogomips	: 4422.23
TLB size	: 1024 4K pages
clflush size	: 64
cache_alignment	: 64
address sizes	: 48 bits physical, 48 bits virtual
power management: ts ttp tm stc 100mhzsteps hwpstate

processor	: 6
vendor_id	: AuthenticAMD
cpu family	: 16
model		: 2
model name	: Quad-Core AMD Opteron(tm) Processor 2354
stepping	: 3
cpu MHz		: 2200.000
cache size	: 512 KB
physical id	: 1
siblings	: 4
core id		: 2
cpu cores	: 4
apicid		: 6
initial apicid	: 6
fpu		: yes
fpu_exception	: yes
cpuid level	: 5
wp		: yes
flags		: fpu vme de pse tsc msr pae mce cx8 apic sep mtrr pge mca cmov pat pse36 clflush mmx fxsr sse sse2 ht syscall nx mmxext fxsr_opt pdpe1gb rdtscp lm 3dnowext 3dnow constant_tsc rep_good nonstop_tsc extd_apicid pni monitor cx16 popcnt lahf_lm cmp_legacy svm extapic cr8_legacy abm sse4a misalignsse 3dnowprefetch osvw ibs npt lbrv svm_lock
bogomips	: 4422.23
TLB size	: 1024 4K pages
clflush size	: 64
cache_alignment	: 64
address sizes	: 48 bits physical, 48 bits virtual
power management: ts ttp tm stc 100mhzsteps hwpstate

processor	: 7
vendor_id	: AuthenticAMD
cpu family	: 16
model		: 2
model name	: Quad-Core AMD Opteron(tm) Processor 2354
stepping	: 3
cpu MHz		: 2200.000
cache size	: 512 KB
physical id	: 1
siblings	: 4
core id		: 3
cpu cores	: 4
apicid		: 7
initial apicid	: 7
fpu		: yes
fpu_exception	: yes
cpuid level	: 5
wp		: yes
flags		: fpu vme de pse tsc msr pae mce cx8 apic sep mtrr pge mca cmov pat pse36 clflush mmx fxsr sse sse2 ht syscall nx mmxext fxsr_opt pdpe1gb rdtscp lm 3dnowext 3dnow constant_tsc rep_good nonstop_tsc extd_apicid pni monitor cx16 popcnt lahf_lm cmp_legacy svm extapic cr8_legacy abm sse4a misalignsse 3dnowprefetch osvw ibs npt lbrv svm_lock
bogomips	: 4422.23
TLB size	: 1024 4K pages
clflush size	: 64
cache_alignment	: 64
address sizes	: 48 bits physical, 48 bits virtual
power management: ts ttp tm stc 100mhzsteps hwpstate



Memory: 4k page, physical 16331612k(5029500k free), swap 8388604k(8388380k free)

vm_info: OpenJDK 64-Bit Server VM (23.25-b01) for linux-amd64 JRE (1.6.0_32-b32), built on Aug 21 2014 11:15:48 by "mockbuild" with gcc 4.4.7 20120313 (Red Hat 4.4.7-4)

time: Tue Sep 23 11:44:02 2014
elapsed time: 4 seconds

