#
# A fatal error has been detected by the Java Runtime Environment:
#
#  SIGBUS (0x7) at pc=0x00002af22703b522, pid=16315, tid=47219520272128
#
# JRE version: 6.0_32-b32
# Java VM: OpenJDK 64-Bit Server VM (23.25-b01 mixed mode linux-amd64 compressed oops)
# Problematic frame:
# C  [libzip.so+0x4522]  ZIP_Lock+0x252
#
# Core dump written. Default location: /mmfs/automount/gpfs/homefs/sm/dw07r324/jobs/piterman.eq.macc.sp.ro.r/core or core.16315
#
# If you would like to submit a bug report, please include
# instructions how to reproduce the bug and visit:
#   http://icedtea.classpath.org/bugzilla
# The crash happened outside the Java Virtual Machine in native code.
# See problematic frame for where to report the bug.
#

---------------  T H R E A D  ---------------

Current thread (0x00002af228008000):  JavaThread "main" [_thread_in_native, id=16316, stack(0x00002af226ab7000,0x00002af226bb8000)]

siginfo:si_signo=SIGBUS: si_errno=0, si_code=2 (BUS_ADRERR), si_addr=0x00002af2823c8500

Registers:
RAX=0x00002af2284bf7c0, RBX=0x00002af2823c84e3, RCX=0x0000000000000010, RDX=0x00000000000004e1
RSP=0x00002af226bb3e30, RBP=0x00002af226bb3e70, RSI=0x0000000000000002, RDI=0x0000000000000002
R8 =0x00002af228000088, R9 =0x0000000000000001, R10=0x0000000000000040, R11=0x00002af2262e7660
R12=0x00002af2284bf7c0, R13=0x00002af2282db680, R14=0x00002af226bb3ee0, R15=0x00002af2284bf7c0
RIP=0x00002af22703b522, EFLAGS=0x0000000000010202, CSGSFS=0x0000000000000033, ERR=0x0000000000000004
  TRAPNO=0x000000000000000e

Top of Stack: (sp=0x00002af226bb3e30)
0x00002af226bb3e30:   00002af2282db7a0 00002af22623105e
0x00002af226bb3e40:   0000000000000534 00002af2282dee24
0x00002af226bb3e50:   00002af2282db680 00000000cb0e9135
0x00002af226bb3e60:   00002af226bb3ee0 0000000000000031
0x00002af226bb3e70:   00002af226bb3ec0 00002af22703bae2
0x00002af226bb3e80:   00002af228008000 00002af2282da280
0x00002af226bb3e90:   00002af226bb3f00 00002af2280081d8
0x00002af226bb3ea0:   00002af226bb3ee0 0000000000000031
0x00002af226bb3eb0:   00002af226bb43b8 00002af226bb3ee0
0x00002af226bb3ec0:   00002af226bb4320 00002af22703aae4
0x00002af226bb3ed0:   0000003101008000 00002af2282db680
0x00002af226bb3ee0:   2f73657373616c63 727676732f67726f
0x00002af226bb3ef0:   632f6c616f672f6c 2f7475612f65726f
0x00002af226bb3f00:   7474656572745354 73616c632e636341
0x00002af226bb3f10:   00002af226bb0073 0000000400000000
0x00002af226bb3f20:   00002af28c74bab8 00000000eb815830
0x00002af226bb3f30:   00002af226bb3f60 00002af228008000
0x00002af226bb3f40:   00000000b5cc4b00 000000000000001a
0x00002af226bb3f50:   00002af228008000 00000000b5cc4b00
0x00002af226bb3f60:   00002af226bb3fc0 00002af22607b5f2
0x00002af226bb3f70:   00002af228008000 3432337237307764
0x00002af226bb3f80:   00002af228008000 3830343130322d4c
0x00002af226bb3f90:   2d66706a2e2f3830 00000000000000bd
0x00002af226bb3fa0:   0000000000000000 00002af228008000
0x00002af226bb3fb0:   00002af226bb4000 00002af200000000
0x00002af226bb3fc0:   00000000b5cc8c58 00002a0000000061
0x00002af226bb3fd0:   00000000b5bdfef5 00000000eb827cd8
0x00002af226bb3fe0:   00002af226bb3fe0 00000000b5cc69cb
0x00002af226bb3ff0:   00002af226bb4040 00002af28c74baa8
0x00002af226bb4000:   0000000000000000 0000000000000001
0x00002af226bb4010:   00002af228008000 ffffffffffffffff
0x00002af226bb4020:   00002af226bb4090 00002af226037a03 

Instructions: (pc=0x00002af22703b522)
0x00002af22703b502:   00 00 00 00 00 48 c7 40 30 00 00 00 00 48 c7 40
0x00002af22703b512:   28 00 00 00 00 8b 5b 04 49 2b 5d 28 49 03 5d 18
0x00002af22703b522:   44 0f b6 73 1d 0f b6 43 1c 41 c1 e6 08 41 09 c6
0x00002af22703b532:   0f b6 43 1e 88 45 ce 0f b6 43 1f 88 45 cf 0f b6 

Register to memory mapping:

RAX=0x00002af2284bf7c0 is an unknown value
RBX=0x00002af2823c84e3 is an unknown value
RCX=0x0000000000000010 is an unknown value
RDX=0x00000000000004e1 is an unknown value
RSP=0x00002af226bb3e30 is pointing into the stack for thread: 0x00002af228008000
RBP=0x00002af226bb3e70 is pointing into the stack for thread: 0x00002af228008000
RSI=0x0000000000000002 is an unknown value
RDI=0x0000000000000002 is an unknown value
R8 =0x00002af228000088 is an unknown value
R9 =0x0000000000000001 is an unknown value
R10=0x0000000000000040 is an unknown value
R11=0x00002af2262e7660: <offset 0x79f660> in /usr/lib/jvm/java-1.6.0-openjdk-1.6.0.0.x86_64/jre/lib/amd64/server/libjvm.so at 0x00002af225b48000
R12=0x00002af2284bf7c0 is an unknown value
R13=0x00002af2282db680 is an unknown value
R14=0x00002af226bb3ee0 is pointing into the stack for thread: 0x00002af228008000
R15=0x00002af2284bf7c0 is an unknown value


Stack: [0x00002af226ab7000,0x00002af226bb8000],  sp=0x00002af226bb3e30,  free space=1011k
Native frames: (J=compiled Java code, j=interpreted, Vv=VM code, C=native code)
C  [libzip.so+0x4522]  ZIP_Lock+0x252
C  [libzip.so+0x4ae2]  ZIP_GetEntry+0xc2
C  [libzip.so+0x3ae4]  Java_java_util_zip_ZipFile_getEntry+0xc4
j  java.util.zip.ZipFile.getEntry(JLjava/lang/String;Z)J+0
j  java.util.zip.ZipFile.getEntry(Ljava/lang/String;)Ljava/util/zip/ZipEntry;+31
j  java.util.jar.JarFile.getEntry(Ljava/lang/String;)Ljava/util/zip/ZipEntry;+2
j  sun.net.www.protocol.jar.URLJarFile.getEntry(Ljava/lang/String;)Ljava/util/zip/ZipEntry;+2
j  sun.net.www.protocol.jar.JarURLConnection.connect()V+62
j  sun.net.www.protocol.jar.JarURLConnection.getInputStream()Ljava/io/InputStream;+1
j  sun.misc.URLClassPath$Loader.getResource(Ljava/lang/String;Z)Lsun/misc/Resource;+48
j  sun.misc.URLClassPath.getResource(Ljava/lang/String;Z)Lsun/misc/Resource;+53
j  java.net.URLClassLoader$1.run()Ljava/lang/Object;+26
v  ~StubRoutines::call_stub
V  [libjvm.so+0x537e3e]  AsyncGetCallTrace+0xd776e
V  [libjvm.so+0x536ad8]  AsyncGetCallTrace+0xd6408
V  [libjvm.so+0x597140]  JVM_DoPrivileged+0x400
j  java.security.AccessController.doPrivileged(Ljava/security/PrivilegedExceptionAction;Ljava/security/AccessControlContext;)Ljava/lang/Object;+0
j  java.net.URLClassLoader.findClass(Ljava/lang/String;)Ljava/lang/Class;+13
j  org.java.plugin.standard.StandardPluginClassLoader.loadLocalClass(Ljava/lang/String;ZLorg/java/plugin/standard/StandardPluginClassLoader;)Ljava/lang/Class;+97
j  org.java.plugin.standard.StandardPluginClassLoader.loadClass(Ljava/lang/String;Z)Ljava/lang/Class;+62
j  java.lang.ClassLoader.loadClass(Ljava/lang/String;)Ljava/lang/Class;+3
v  ~StubRoutines::call_stub
V  [libjvm.so+0x537e3e]  AsyncGetCallTrace+0xd776e
V  [libjvm.so+0x537222]  AsyncGetCallTrace+0xd6b52
V  [libjvm.so+0x5372f4]  AsyncGetCallTrace+0xd6c24
V  [libjvm.so+0x80084b]  JVM_handle_linux_signal+0xdf19b
V  [libjvm.so+0x800e0c]  JVM_handle_linux_signal+0xdf75c
V  [libjvm.so+0x802733]  JVM_handle_linux_signal+0xe1083
V  [libjvm.so+0x85c66f]  JVM_handle_linux_signal+0x13afbf
V  [libjvm.so+0x7c6ec9]  JVM_handle_linux_signal+0xa5819
V  [libjvm.so+0x7c7a43]  JVM_handle_linux_signal+0xa6393
V  [libjvm.so+0x7c7acd]  JVM_handle_linux_signal+0xa641d
V  [libjvm.so+0x85e50a]  JVM_handle_linux_signal+0x13ce5a
V  [libjvm.so+0x8615d7]  JVM_handle_linux_signal+0x13ff27
V  [libjvm.so+0x8649bd]  JVM_handle_linux_signal+0x14330d
V  [libjvm.so+0x864e53]  JVM_handle_linux_signal+0x1437a3
V  [libjvm.so+0x4f7406]  AsyncGetCallTrace+0x96d36
V  [libjvm.so+0x4f70df]  AsyncGetCallTrace+0x96a0f
V  [libjvm.so+0x4fb05f]  AsyncGetCallTrace+0x9a98f
V  [libjvm.so+0x4fb92a]  AsyncGetCallTrace+0x9b25a
V  [libjvm.so+0x533833]  AsyncGetCallTrace+0xd3163
j  org.svvrl.goal.core.io.GFFCodec.<init>()V+87
v  ~StubRoutines::call_stub
V  [libjvm.so+0x537e3e]  AsyncGetCallTrace+0xd776e
V  [libjvm.so+0x536ad8]  AsyncGetCallTrace+0xd6408
V  [libjvm.so+0x783da7]  JVM_handle_linux_signal+0x626f7
V  [libjvm.so+0x784a28]  JVM_handle_linux_signal+0x63378
V  [libjvm.so+0x58d342]  JVM_NewInstanceFromConstructor+0xe2
j  sun.reflect.NativeConstructorAccessorImpl.newInstance0(Ljava/lang/reflect/Constructor;[Ljava/lang/Object;)Ljava/lang/Object;+0
j  sun.reflect.NativeConstructorAccessorImpl.newInstance([Ljava/lang/Object;)Ljava/lang/Object;+72
j  sun.reflect.DelegatingConstructorAccessorImpl.newInstance([Ljava/lang/Object;)Ljava/lang/Object;+5
j  java.lang.reflect.Constructor.newInstance([Ljava/lang/Object;)Ljava/lang/Object;+91
j  java.lang.Class.newInstance()Ljava/lang/Object;+132
j  org.svvrl.goal.core.CorePlugin.newInstance(Ljava/lang/Class;)Ljava/lang/Object;+3
j  org.svvrl.goal.core.CorePlugin.loadCodecs()V+92
j  org.svvrl.goal.core.CorePlugin.initApplication(Lorg/java/plugin/util/ExtendedProperties;[Ljava/lang/String;)Lorg/java/plugin/boot/Application;+150
j  org.java.plugin.boot.DefaultApplicationInitializer.initApplication(Lorg/java/plugin/boot/BootErrorHandler;[Ljava/lang/String;)Lorg/java/plugin/boot/Application;+530
j  org.java.plugin.boot.Boot.initApplication(Lorg/java/plugin/boot/BootErrorHandler;Lorg/java/plugin/util/ExtendedProperties;[Ljava/lang/String;)Lorg/java/plugin/boot/Application;+157
j  org.java.plugin.boot.Boot.boot(Lorg/java/plugin/util/ExtendedProperties;ZLjava/lang/String;Lorg/java/plugin/boot/BootErrorHandler;[Ljava/lang/String;)Lorg/java/plugin/boot/Application;+338
j  org.java.plugin.boot.Boot.main([Ljava/lang/String;)V+162
v  ~StubRoutines::call_stub
V  [libjvm.so+0x537e3e]  AsyncGetCallTrace+0xd776e
V  [libjvm.so+0x536ad8]  AsyncGetCallTrace+0xd6408
V  [libjvm.so+0x5452a7]  JNI_CreateJavaVM+0x12e7
V  [libjvm.so+0x55a4eb]  JNI_CreateJavaVM+0x1652b
C  [java+0x374d]  JavaMain+0xd0d

Java frames: (J=compiled Java code, j=interpreted, Vv=VM code)
j  java.util.zip.ZipFile.getEntry(JLjava/lang/String;Z)J+0
j  java.util.zip.ZipFile.getEntry(Ljava/lang/String;)Ljava/util/zip/ZipEntry;+31
j  java.util.jar.JarFile.getEntry(Ljava/lang/String;)Ljava/util/zip/ZipEntry;+2
j  sun.net.www.protocol.jar.URLJarFile.getEntry(Ljava/lang/String;)Ljava/util/zip/ZipEntry;+2
j  sun.net.www.protocol.jar.JarURLConnection.connect()V+62
j  sun.net.www.protocol.jar.JarURLConnection.getInputStream()Ljava/io/InputStream;+1
j  sun.misc.URLClassPath$Loader.getResource(Ljava/lang/String;Z)Lsun/misc/Resource;+48
j  sun.misc.URLClassPath.getResource(Ljava/lang/String;Z)Lsun/misc/Resource;+53
j  java.net.URLClassLoader$1.run()Ljava/lang/Object;+26
v  ~StubRoutines::call_stub
j  java.security.AccessController.doPrivileged(Ljava/security/PrivilegedExceptionAction;Ljava/security/AccessControlContext;)Ljava/lang/Object;+0
j  java.net.URLClassLoader.findClass(Ljava/lang/String;)Ljava/lang/Class;+13
j  org.java.plugin.standard.StandardPluginClassLoader.loadLocalClass(Ljava/lang/String;ZLorg/java/plugin/standard/StandardPluginClassLoader;)Ljava/lang/Class;+97
j  org.java.plugin.standard.StandardPluginClassLoader.loadClass(Ljava/lang/String;Z)Ljava/lang/Class;+62
j  java.lang.ClassLoader.loadClass(Ljava/lang/String;)Ljava/lang/Class;+3
v  ~StubRoutines::call_stub
j  org.svvrl.goal.core.io.GFFCodec.<init>()V+87
v  ~StubRoutines::call_stub
j  sun.reflect.NativeConstructorAccessorImpl.newInstance0(Ljava/lang/reflect/Constructor;[Ljava/lang/Object;)Ljava/lang/Object;+0
j  sun.reflect.NativeConstructorAccessorImpl.newInstance([Ljava/lang/Object;)Ljava/lang/Object;+72
j  sun.reflect.DelegatingConstructorAccessorImpl.newInstance([Ljava/lang/Object;)Ljava/lang/Object;+5
j  java.lang.reflect.Constructor.newInstance([Ljava/lang/Object;)Ljava/lang/Object;+91
j  java.lang.Class.newInstance()Ljava/lang/Object;+132
j  org.svvrl.goal.core.CorePlugin.newInstance(Ljava/lang/Class;)Ljava/lang/Object;+3
j  org.svvrl.goal.core.CorePlugin.loadCodecs()V+92
j  org.svvrl.goal.core.CorePlugin.initApplication(Lorg/java/plugin/util/ExtendedProperties;[Ljava/lang/String;)Lorg/java/plugin/boot/Application;+150
j  org.java.plugin.boot.DefaultApplicationInitializer.initApplication(Lorg/java/plugin/boot/BootErrorHandler;[Ljava/lang/String;)Lorg/java/plugin/boot/Application;+530
j  org.java.plugin.boot.Boot.initApplication(Lorg/java/plugin/boot/BootErrorHandler;Lorg/java/plugin/util/ExtendedProperties;[Ljava/lang/String;)Lorg/java/plugin/boot/Application;+157
j  org.java.plugin.boot.Boot.boot(Lorg/java/plugin/util/ExtendedProperties;ZLjava/lang/String;Lorg/java/plugin/boot/BootErrorHandler;[Ljava/lang/String;)Lorg/java/plugin/boot/Application;+338
j  org.java.plugin.boot.Boot.main([Ljava/lang/String;)V+162
v  ~StubRoutines::call_stub

---------------  P R O C E S S  ---------------

Java Threads: ( => current thread )
  0x00002af228101800 JavaThread "Low Memory Detector" daemon [_thread_blocked, id=16331, stack(0x00002af282194000,0x00002af282295000)]
  0x00002af2280ff000 JavaThread "C2 CompilerThread1" daemon [_thread_blocked, id=16330, stack(0x00002af282093000,0x00002af282194000)]
  0x00002af2280fc800 JavaThread "C2 CompilerThread0" daemon [_thread_blocked, id=16329, stack(0x00002af281f92000,0x00002af282093000)]
  0x00002af2280fa000 JavaThread "Signal Dispatcher" daemon [_thread_blocked, id=16328, stack(0x00002af281e91000,0x00002af281f92000)]
  0x00002af2280ab800 JavaThread "Finalizer" daemon [_thread_blocked, id=16327, stack(0x00002af270101000,0x00002af270202000)]
  0x00002af2280a9800 JavaThread "Reference Handler" daemon [_thread_blocked, id=16326, stack(0x00002af270000000,0x00002af270101000)]
=>0x00002af228008000 JavaThread "main" [_thread_in_native, id=16316, stack(0x00002af226ab7000,0x00002af226bb8000)]

Other Threads:
  0x00002af22809a800 VMThread [stack: 0x00002af23cd91000,0x00002af23ce92000] [id=16325]
  0x00002af22810c800 WatcherThread [stack: 0x00002af282295000,0x00002af282396000] [id=16332]

VM state:not at safepoint (normal execution)

VM Mutex/Monitor currently owned by a thread: None

Heap
 PSYoungGen      total 305856K, used 20977K [0x00000000eaab0000, 0x0000000100000000, 0x0000000100000000)
  eden space 262208K, 8% used [0x00000000eaab0000,0x00000000ebf2c418,0x00000000faac0000)
  from space 43648K, 0% used [0x00000000fd560000,0x00000000fd560000,0x0000000100000000)
  to   space 43648K, 0% used [0x00000000faac0000,0x00000000faac0000,0x00000000fd560000)
 ParOldGen       total 699072K, used 0K [0x00000000c0000000, 0x00000000eaab0000, 0x00000000eaab0000)
  object space 699072K, 0% used [0x00000000c0000000,0x00000000c0000000,0x00000000eaab0000)
 PSPermGen       total 21248K, used 6597K [0x00000000b5a00000, 0x00000000b6ec0000, 0x00000000c0000000)
  object space 21248K, 31% used [0x00000000b5a00000,0x00000000b6071610,0x00000000b6ec0000)

Card table byte_map: [0x00002af22f0c0000,0x00002af22f314000] byte_map_base: 0x00002af22eb13000

Polling page: 0x00002af226ff8000

Code Cache  [0x00002af22c000000, 0x00002af22c270000, 0x00002af22f000000)
 total_blobs=321 nmethods=106 adapters=168 free_code_cache=48372Kb largest_free_block=49492928

Compilation events (10 events):
Event: 1.868 Thread 0x00002af2280ff000 nmethod 101 0x00002af22c089f10 code [0x00002af22c08a040, 0x00002af22c08a0b8]
Event: 1.868 Thread 0x00002af2280ff000  102             org.java.plugin.registry.xml.ModelParameterDef::getMultiplicity (5 bytes)
Event: 1.868 Thread 0x00002af2280ff000 nmethod 102 0x00002af22c09ef10 code [0x00002af22c09f040, 0x00002af22c09f098]
Event: 2.232 Thread 0x00002af2280fc800 nmethod 88 0x00002af22c0b5d50 code [0x00002af22c0b65e0, 0x00002af22c0bc9c8]
Event: 5.268 Thread 0x00002af2280ff000  103             java.io.UnixFileSystem::normalize (75 bytes)
Event: 5.272 Thread 0x00002af2280ff000 nmethod 103 0x00002af22c09be10 code [0x00002af22c09bf60, 0x00002af22c09c1b8]
Event: 5.274 Thread 0x00002af2280fc800  104   !         sun.nio.cs.US_ASCII$Decoder::decodeArrayLoop (241 bytes)
Event: 5.290 Thread 0x00002af2280fc800 nmethod 104 0x00002af22c09c9d0 code [0x00002af22c09cb80, 0x00002af22c09d3c8]
Event: 5.307 Thread 0x00002af2280ff000  105             sun.net.www.ParseUtil::encodePath (336 bytes)
Event: 5.336 Thread 0x00002af2280ff000 nmethod 105 0x00002af22c0b1a10 code [0x00002af22c0b1c60, 0x00002af22c0b2c18]

GC Heap History (0 events):
No events

Deoptimization events (9 events):
Event: 0.841 Thread 0x00002af228008000 Uncommon trap -34 fr.pc 0x00002af22c05ea30
Event: 0.848 Thread 0x00002af228008000 Uncommon trap -34 fr.pc 0x00002af22c05ea30
Event: 0.920 Thread 0x00002af228008000 Uncommon trap -12 fr.pc 0x00002af22c0652ec
Event: 1.548 Thread 0x00002af228008000 Uncommon trap -58 fr.pc 0x00002af22c07cca0
Event: 1.548 Thread 0x00002af228008000 Uncommon trap -58 fr.pc 0x00002af22c07cca0
Event: 1.548 Thread 0x00002af228008000 Uncommon trap -58 fr.pc 0x00002af22c07cca0
Event: 1.549 Thread 0x00002af228008000 Uncommon trap -58 fr.pc 0x00002af22c07cca0
Event: 5.280 Thread 0x00002af228008000 Uncommon trap -34 fr.pc 0x00002af22c05ea30
Event: 5.281 Thread 0x00002af228008000 Uncommon trap -34 fr.pc 0x00002af22c05ea30

Internal exceptions (10 events):
Event: 5.299 Thread 0x00002af228008000 Threw 0x00000000eb73fda8 at /builddir/build/BUILD/icedtea6-1.13.4/openjdk/hotspot/src/share/vm/prims/jvm.cpp:1235
Event: 5.300 Thread 0x00002af228008000 Threw 0x00000000eb745778 at /builddir/build/BUILD/icedtea6-1.13.4/openjdk/hotspot/src/share/vm/classfile/systemDictionary.cpp:179
Event: 5.300 Thread 0x00002af228008000 Threw 0x00000000eb745ae8 at /builddir/build/BUILD/icedtea6-1.13.4/openjdk/hotspot/src/share/vm/prims/jvm.cpp:1235
Event: 5.300 Thread 0x00002af228008000 Threw 0x00000000eb745f08 at /builddir/build/BUILD/icedtea6-1.13.4/openjdk/hotspot/src/share/vm/prims/jvm.cpp:1235
Event: 5.302 Thread 0x00002af228008000 Threw 0x00000000eb74b908 at /builddir/build/BUILD/icedtea6-1.13.4/openjdk/hotspot/src/share/vm/classfile/systemDictionary.cpp:179
Event: 5.302 Thread 0x00002af228008000 Threw 0x00000000eb74bc78 at /builddir/build/BUILD/icedtea6-1.13.4/openjdk/hotspot/src/share/vm/prims/jvm.cpp:1235
Event: 5.302 Thread 0x00002af228008000 Threw 0x00000000eb74c098 at /builddir/build/BUILD/icedtea6-1.13.4/openjdk/hotspot/src/share/vm/prims/jvm.cpp:1235
Event: 5.303 Thread 0x00002af228008000 Threw 0x00000000eb751b18 at /builddir/build/BUILD/icedtea6-1.13.4/openjdk/hotspot/src/share/vm/classfile/systemDictionary.cpp:179
Event: 5.303 Thread 0x00002af228008000 Threw 0x00000000eb751e88 at /builddir/build/BUILD/icedtea6-1.13.4/openjdk/hotspot/src/share/vm/prims/jvm.cpp:1235
Event: 5.303 Thread 0x00002af228008000 Threw 0x00000000eb7522a8 at /builddir/build/BUILD/icedtea6-1.13.4/openjdk/hotspot/src/share/vm/prims/jvm.cpp:1235

Events (10 events):
Event: 5.299 loading class 0x00002af2282d17c0
Event: 5.299 loading class 0x00002af2282d17c0 done
Event: 5.299 loading class 0x00002af228358e90
Event: 5.299 loading class 0x00002af228358e90 done
Event: 5.300 loading class 0x00002af228388520
Event: 5.300 loading class 0x00002af228388520 done
Event: 5.302 loading class 0x00002af228388990
Event: 5.302 loading class 0x00002af228388990 done
Event: 5.303 loading class 0x00002af22838b440
Event: 5.303 loading class 0x00002af22838b440 done


Dynamic libraries:
00400000-00409000 r-xp 00000000 fd:01 5993                               /usr/lib/jvm/java-1.6.0-openjdk-1.6.0.0.x86_64/jre/bin/java
00608000-0060a000 rw-p 00008000 fd:01 5993                               /usr/lib/jvm/java-1.6.0-openjdk-1.6.0.0.x86_64/jre/bin/java
02009000-0202a000 rw-p 00000000 00:00 0                                  [heap]
b5a00000-b6ec0000 rw-p 00000000 00:00 0 
b6ec0000-c0000000 rw-p 00000000 00:00 0 
c0000000-100000000 rw-p 00000000 00:00 0 
364f800000-364f820000 r-xp 00000000 fd:01 130582                         /lib64/ld-2.12.so
364fa1f000-364fa20000 r--p 0001f000 fd:01 130582                         /lib64/ld-2.12.so
364fa20000-364fa21000 rw-p 00020000 fd:01 130582                         /lib64/ld-2.12.so
364fa21000-364fa22000 rw-p 00000000 00:00 0 
364fc00000-364fd8a000 r-xp 00000000 fd:01 130613                         /lib64/libc-2.12.so
364fd8a000-364ff8a000 ---p 0018a000 fd:01 130613                         /lib64/libc-2.12.so
364ff8a000-364ff8e000 r--p 0018a000 fd:01 130613                         /lib64/libc-2.12.so
364ff8e000-364ff8f000 rw-p 0018e000 fd:01 130613                         /lib64/libc-2.12.so
364ff8f000-364ff94000 rw-p 00000000 00:00 0 
3650000000-3650004000 r-xp 00000000 fd:01 13573                          /usr/lib/jvm/java-1.6.0-openjdk-1.6.0.0.x86_64/jre/lib/amd64/jli/libjli.so
3650004000-3650203000 ---p 00004000 fd:01 13573                          /usr/lib/jvm/java-1.6.0-openjdk-1.6.0.0.x86_64/jre/lib/amd64/jli/libjli.so
3650203000-3650204000 rw-p 00003000 fd:01 13573                          /usr/lib/jvm/java-1.6.0-openjdk-1.6.0.0.x86_64/jre/lib/amd64/jli/libjli.so
3650400000-3650417000 r-xp 00000000 fd:01 130636                         /lib64/libpthread-2.12.so
3650417000-3650617000 ---p 00017000 fd:01 130636                         /lib64/libpthread-2.12.so
3650617000-3650618000 r--p 00017000 fd:01 130636                         /lib64/libpthread-2.12.so
3650618000-3650619000 rw-p 00018000 fd:01 130636                         /lib64/libpthread-2.12.so
3650619000-365061d000 rw-p 00000000 00:00 0 
3650800000-3650802000 r-xp 00000000 fd:01 130624                         /lib64/libdl-2.12.so
3650802000-3650a02000 ---p 00002000 fd:01 130624                         /lib64/libdl-2.12.so
3650a02000-3650a03000 r--p 00002000 fd:01 130624                         /lib64/libdl-2.12.so
3650a03000-3650a04000 rw-p 00003000 fd:01 130624                         /lib64/libdl-2.12.so
3650c00000-3650c15000 r-xp 00000000 fd:01 130638                         /lib64/libz.so.1.2.3
3650c15000-3650e14000 ---p 00015000 fd:01 130638                         /lib64/libz.so.1.2.3
3650e14000-3650e15000 r--p 00014000 fd:01 130638                         /lib64/libz.so.1.2.3
3650e15000-3650e16000 rw-p 00015000 fd:01 130638                         /lib64/libz.so.1.2.3
3651000000-3651007000 r-xp 00000000 fd:01 132701                         /lib64/librt-2.12.so
3651007000-3651206000 ---p 00007000 fd:01 132701                         /lib64/librt-2.12.so
3651206000-3651207000 r--p 00006000 fd:01 132701                         /lib64/librt-2.12.so
3651207000-3651208000 rw-p 00007000 fd:01 132701                         /lib64/librt-2.12.so
3651800000-3651816000 r-xp 00000000 fd:01 133662                         /lib64/libgcc_s-4.4.7-20120601.so.1
3651816000-3651a15000 ---p 00016000 fd:01 133662                         /lib64/libgcc_s-4.4.7-20120601.so.1
3651a15000-3651a16000 rw-p 00015000 fd:01 133662                         /lib64/libgcc_s-4.4.7-20120601.so.1
3653000000-36530e8000 r-xp 00000000 fd:01 49938                          /usr/lib64/libstdc++.so.6.0.13
36530e8000-36532e8000 ---p 000e8000 fd:01 49938                          /usr/lib64/libstdc++.so.6.0.13
36532e8000-36532ef000 r--p 000e8000 fd:01 49938                          /usr/lib64/libstdc++.so.6.0.13
36532ef000-36532f1000 rw-p 000ef000 fd:01 49938                          /usr/lib64/libstdc++.so.6.0.13
36532f1000-3653306000 rw-p 00000000 00:00 0 
365c200000-365c216000 r-xp 00000000 fd:01 137559                         /lib64/libnsl-2.12.so
365c216000-365c415000 ---p 00016000 fd:01 137559                         /lib64/libnsl-2.12.so
365c415000-365c416000 r--p 00015000 fd:01 137559                         /lib64/libnsl-2.12.so
365c416000-365c417000 rw-p 00016000 fd:01 137559                         /lib64/libnsl-2.12.so
365c417000-365c419000 rw-p 00000000 00:00 0 
2af225b2d000-2af225b2e000 rw-p 00000000 00:00 0 
2af225b44000-2af225b48000 rw-p 00000000 00:00 0 
2af225b48000-2af226553000 r-xp 00000000 fd:01 23213                      /usr/lib/jvm/java-1.6.0-openjdk-1.6.0.0.x86_64/jre/lib/amd64/server/libjvm.so
2af226553000-2af226753000 ---p 00a0b000 fd:01 23213                      /usr/lib/jvm/java-1.6.0-openjdk-1.6.0.0.x86_64/jre/lib/amd64/server/libjvm.so
2af226753000-2af2267f4000 rw-p 00a0b000 fd:01 23213                      /usr/lib/jvm/java-1.6.0-openjdk-1.6.0.0.x86_64/jre/lib/amd64/server/libjvm.so
2af2267f4000-2af22681d000 rw-p 00000000 00:00 0 
2af226833000-2af2268b6000 r-xp 00000000 fd:01 130627                     /lib64/libm-2.12.so
2af2268b6000-2af226ab5000 ---p 00083000 fd:01 130627                     /lib64/libm-2.12.so
2af226ab5000-2af226ab6000 r--p 00082000 fd:01 130627                     /lib64/libm-2.12.so
2af226ab6000-2af226ab7000 rw-p 00083000 fd:01 130627                     /lib64/libm-2.12.so
2af226ab7000-2af226aba000 ---p 00000000 00:00 0 
2af226aba000-2af226bb8000 rw-p 00000000 00:00 0 
2af226bb8000-2af226bc6000 r-xp 00000000 fd:01 23207                      /usr/lib/jvm/java-1.6.0-openjdk-1.6.0.0.x86_64/jre/lib/amd64/libverify.so
2af226bc6000-2af226dc6000 ---p 0000e000 fd:01 23207                      /usr/lib/jvm/java-1.6.0-openjdk-1.6.0.0.x86_64/jre/lib/amd64/libverify.so
2af226dc6000-2af226dc8000 rw-p 0000e000 fd:01 23207                      /usr/lib/jvm/java-1.6.0-openjdk-1.6.0.0.x86_64/jre/lib/amd64/libverify.so
2af226dc8000-2af226df5000 r-xp 00000000 fd:01 23159                      /usr/lib/jvm/java-1.6.0-openjdk-1.6.0.0.x86_64/jre/lib/amd64/libjava.so
2af226df5000-2af226ff4000 ---p 0002d000 fd:01 23159                      /usr/lib/jvm/java-1.6.0-openjdk-1.6.0.0.x86_64/jre/lib/amd64/libjava.so
2af226ff4000-2af226ff8000 rw-p 0002c000 fd:01 23159                      /usr/lib/jvm/java-1.6.0-openjdk-1.6.0.0.x86_64/jre/lib/amd64/libjava.so
2af226ff8000-2af226ff9000 r--p 00000000 00:00 0 
2af226ff9000-2af226ffa000 rw-p 00000000 00:00 0 
2af226ffa000-2af22702f000 r--s 00000000 fd:02 128540                     /var/db/nscd/passwd
2af22702f000-2af227037000 rw-s 00000000 fd:03 38                         /tmp/hsperfdata_dw07r324/16315
2af227037000-2af22703e000 r-xp 00000000 fd:01 23208                      /usr/lib/jvm/java-1.6.0-openjdk-1.6.0.0.x86_64/jre/lib/amd64/libzip.so
2af22703e000-2af22723e000 ---p 00007000 fd:01 23208                      /usr/lib/jvm/java-1.6.0-openjdk-1.6.0.0.x86_64/jre/lib/amd64/libzip.so
2af22723e000-2af22723f000 rw-p 00007000 fd:01 23208                      /usr/lib/jvm/java-1.6.0-openjdk-1.6.0.0.x86_64/jre/lib/amd64/libzip.so
2af228000000-2af228501000 rw-p 00000000 00:00 0 
2af228501000-2af22c000000 ---p 00000000 00:00 0 
2af22c000000-2af22c270000 rwxp 00000000 00:00 0 
2af22c270000-2af22f000000 rw-p 00000000 00:00 0 
2af22f000000-2af22f00a000 rw-p 00000000 00:00 0 
2af22f00a000-2af22f0c0000 rw-p 00000000 00:00 0 
2af22f0c0000-2af22f0cb000 rw-p 00000000 00:00 0 
2af22f0cb000-2af22f113000 rw-p 00000000 00:00 0 
2af22f113000-2af22f475000 rw-p 00000000 00:00 0 
2af22f475000-2af22f4bd000 rw-p 00000000 00:00 0 
2af22f4bd000-2af22f4be000 ---p 00000000 00:00 0 
2af22f4be000-2af22f5be000 rw-p 00000000 00:00 0 
2af22f5be000-2af22f5bf000 ---p 00000000 00:00 0 
2af22f5bf000-2af22f6bf000 rw-p 00000000 00:00 0 
2af22f6bf000-2af22f6c0000 ---p 00000000 00:00 0 
2af22f6c0000-2af22f7c0000 rw-p 00000000 00:00 0 
2af22f7c0000-2af22f7c1000 ---p 00000000 00:00 0 
2af22f7c1000-2af22f8c1000 rw-p 00000000 00:00 0 
2af22f8c1000-2af22f8c2000 ---p 00000000 00:00 0 
2af22f8c2000-2af22f9c2000 rw-p 00000000 00:00 0 
2af22f9c2000-2af22f9c3000 ---p 00000000 00:00 0 
2af22f9c3000-2af22fac3000 rw-p 00000000 00:00 0 
2af22fac3000-2af22fac4000 ---p 00000000 00:00 0 
2af22fac4000-2af22fbc4000 rw-p 00000000 00:00 0 
2af22fbc4000-2af22fbc5000 ---p 00000000 00:00 0 
2af22fbc5000-2af22fcc5000 rw-p 00000000 00:00 0 
2af230000000-2af230021000 rw-p 00000000 00:00 0 
2af230021000-2af234000000 ---p 00000000 00:00 0 
2af234000000-2af236ea4000 rw-p 00000000 00:00 0 
2af236ea4000-2af23703a000 r--s 01a15000 fd:01 23288                      /usr/lib/jvm/java-1.6.0-openjdk-1.6.0.0.x86_64/jre/lib/rt.jar
2af23703a000-2af237f20000 rw-p 00000000 00:00 0 
2af238000000-2af238021000 rw-p 00000000 00:00 0 
2af238021000-2af23c000000 ---p 00000000 00:00 0 
2af23c000000-2af23cd91000 rw-p 00000000 00:00 0 
2af23cd91000-2af23cd92000 ---p 00000000 00:00 0 
2af23cd92000-2af23ce92000 rw-p 00000000 00:00 0 
2af240000000-2af240021000 rw-p 00000000 00:00 0 
2af240021000-2af244000000 ---p 00000000 00:00 0 
2af248000000-2af248021000 rw-p 00000000 00:00 0 
2af248021000-2af24c000000 ---p 00000000 00:00 0 
2af250000000-2af250021000 rw-p 00000000 00:00 0 
2af250021000-2af254000000 ---p 00000000 00:00 0 
2af258000000-2af258021000 rw-p 00000000 00:00 0 
2af258021000-2af25c000000 ---p 00000000 00:00 0 
2af260000000-2af260021000 rw-p 00000000 00:00 0 
2af260021000-2af264000000 ---p 00000000 00:00 0 
2af268000000-2af268021000 rw-p 00000000 00:00 0 
2af268021000-2af26c000000 ---p 00000000 00:00 0 
2af26c000000-2af26c021000 rw-p 00000000 00:00 0 
2af26c021000-2af270000000 ---p 00000000 00:00 0 
2af270000000-2af270003000 ---p 00000000 00:00 0 
2af270003000-2af270101000 rw-p 00000000 00:00 0 
2af270101000-2af270104000 ---p 00000000 00:00 0 
2af270104000-2af270202000 rw-p 00000000 00:00 0 
2af274000000-2af274021000 rw-p 00000000 00:00 0 
2af274021000-2af278000000 ---p 00000000 00:00 0 
2af278000000-2af278021000 rw-p 00000000 00:00 0 
2af278021000-2af27c000000 ---p 00000000 00:00 0 
2af27c000000-2af281e91000 r--p 00000000 fd:01 49935                      /usr/lib/locale/locale-archive
2af281e91000-2af281e94000 ---p 00000000 00:00 0 
2af281e94000-2af281f92000 rw-p 00000000 00:00 0 
2af281f92000-2af281f95000 ---p 00000000 00:00 0 
2af281f95000-2af282093000 rw-p 00000000 00:00 0 
2af282093000-2af282096000 ---p 00000000 00:00 0 
2af282096000-2af282194000 rw-p 00000000 00:00 0 
2af282194000-2af282197000 ---p 00000000 00:00 0 
2af282197000-2af282295000 rw-p 00000000 00:00 0 
2af282295000-2af282296000 ---p 00000000 00:00 0 
2af282296000-2af282396000 rw-p 00000000 00:00 0 
2af282396000-2af282398000 r--s 00009000 00:35 125760574                  /mmfs/automount/gpfs/homefs/sm/dw07r324/bin/GOAL-20140808/lib/jpf-boot.jar
2af282398000-2af28239b000 r--s 0000f000 fd:01 23233                      /usr/lib/jvm/java-1.6.0-openjdk-1.6.0.0.x86_64/jre/lib/ext/pulse-java.jar
2af28239b000-2af2823a4000 r--s 00065000 fd:01 23228                      /usr/lib/jvm/java-1.6.0-openjdk-1.6.0.0.x86_64/jre/lib/ext/gnome-java-bridge.jar
2af2823a4000-2af2823a6000 r--s 00009000 00:35 125760574                  /mmfs/automount/gpfs/homefs/sm/dw07r324/bin/GOAL-20140808/lib/jpf-boot.jar
2af2823a6000-2af2823aa000 r--s 0003c000 fd:01 14238                      /usr/lib/jvm/java-1.6.0-openjdk-1.6.0.0.x86_64/jre/lib/jsse.jar
2af2823aa000-2af2823af000 r--s 0002d000 00:35 125760577                  /mmfs/automount/gpfs/homefs/sm/dw07r324/bin/GOAL-20140808/lib/jpf.jar
2af2823af000-2af2823b1000 r--s 0000d000 00:35 125760571                  /mmfs/automount/gpfs/homefs/sm/dw07r324/bin/GOAL-20140808/lib/commons-logging.jar
2af2823b1000-2af2823b3000 r--s 00012000 00:35 125760576                  /mmfs/automount/gpfs/homefs/sm/dw07r324/bin/GOAL-20140808/lib/jpf-tools.jar
2af2823b3000-2af2823ba000 r--s 00039000 00:35 125760578                  /mmfs/automount/gpfs/homefs/sm/dw07r324/bin/GOAL-20140808/lib/jxp.jar
2af2823ba000-2af2823bc000 r--s 00004000 00:35 125760570                  /mmfs/automount/gpfs/homefs/sm/dw07r324/bin/GOAL-20140808/lib/AppleJavaExtensions.jar
2af2823bc000-2af2823c1000 r--s 0002a000 00:35 125760572                  /mmfs/automount/gpfs/homefs/sm/dw07r324/bin/GOAL-20140808/lib/gson-2.2.2.jar
2af2823c1000-2af2823c4000 r--s 0001a000 00:35 125760579                  /mmfs/automount/gpfs/homefs/sm/dw07r324/bin/GOAL-20140808/lib/minijdd_104.jar
2af2823c4000-2af2823e7000 r--s 0022d000 00:35 83941231                   /mmfs/automount/gpfs/homefs/sm/dw07r324/bin/GOAL-20140808/.jpf-shadow/org.svvrl.goal.core@2014.8.8.zip
2af2823e7000-2af28248a000 r-xp 00000000 fd:01 13434                      /usr/lib/jvm/java-1.6.0-openjdk-1.6.0.0.x86_64/jre/lib/amd64/libawt.so
2af28248a000-2af28268a000 ---p 000a3000 fd:01 13434                      /usr/lib/jvm/java-1.6.0-openjdk-1.6.0.0.x86_64/jre/lib/amd64/libawt.so
2af28268a000-2af282696000 rw-p 000a3000 fd:01 13434                      /usr/lib/jvm/java-1.6.0-openjdk-1.6.0.0.x86_64/jre/lib/amd64/libawt.so
2af282696000-2af2826ba000 rw-p 00000000 00:00 0 
2af2826ba000-2af2826c0000 r-xp 00000000 fd:01 8525                       /usr/lib/jvm/java-1.6.0-openjdk-1.6.0.0.x86_64/jre/lib/amd64/headless/libmawt.so
2af2826c0000-2af2828bf000 ---p 00006000 fd:01 8525                       /usr/lib/jvm/java-1.6.0-openjdk-1.6.0.0.x86_64/jre/lib/amd64/headless/libmawt.so
2af2828bf000-2af2828c0000 rw-p 00005000 fd:01 8525                       /usr/lib/jvm/java-1.6.0-openjdk-1.6.0.0.x86_64/jre/lib/amd64/headless/libmawt.so
2af2828c0000-2af2828c2000 rw-p 00000000 00:00 0 
2af284000000-2af284021000 rw-p 00000000 00:00 0 
2af284021000-2af288000000 ---p 00000000 00:00 0 
2af288000000-2af2892ed000 rw-p 00000000 00:00 0 
2af2892ed000-2af28c000000 ---p 00000000 00:00 0 
2af28c000000-2af28cd0b000 rw-p 00000000 00:00 0 
2af28cd0b000-2af290000000 ---p 00000000 00:00 0 
2af290000000-2af290021000 rw-p 00000000 00:00 0 
2af290021000-2af294000000 ---p 00000000 00:00 0 
2af294000000-2af294021000 rw-p 00000000 00:00 0 
2af294021000-2af298000000 ---p 00000000 00:00 0 
7fff17cff000-7fff17d36000 rw-p 00000000 00:00 0                          [stack]
7fff17d56000-7fff17d57000 r-xp 00000000 00:00 0                          [vdso]
ffffffffff600000-ffffffffff601000 r-xp 00000000 00:00 0                  [vsyscall]

VM Arguments:
jvm_args: -Xmx1G -Xms1G -DapplicationRoot=/home/ubelix/sm/dw07r324/bin/GOAL-20140808 -Dorg.java.plugin.boot.pluginsRepositories=/home/ubelix/sm/dw07r324/bin/GOAL-20140808/plugins -Djpf.boot.config=/home/ubelix/sm/dw07r324/bin/GOAL-20140808/boot.properties -Dorg.apache.commons.logging.Log=org.apache.commons.logging.impl.SimpleLog -Dorg.apache.commons.logging.simplelog.log.org.java.plugin=fatal 
java_command: /home/ubelix/sm/dw07r324/bin/GOAL-20140808/lib/jpf-boot.jar complement -m piterman -eq -macc -sp -ro -r /scratch/local/8663605.1.all.q/test_set_s15/s15_t2.0_a0.7_054.gff
Launcher Type: SUN_STANDARD

Environment Variables:
CLASSPATH=/home/ubelix/sm/dw07r324/bin/GOAL-20140808:/home/ubelix/sm/dw07r324/bin/GOAL-20140808/plugins:/home/ubelix/sm/dw07r324/bin/GOAL-20140808/lib:
PATH=/scratch/local/8663605.1.all.q:/usr/lib64/qt-3.3/bin:/usr/local/bin:/bin:/usr/bin:/usr/local/sbin:/usr/sbin:/sbin:/usr/lpp/mmfs/bin:/home/ubelix/sm/dw07r324/bin/GOAL-20140808:/home/ubelix/sm/dw07r324/bin/gnu_time/bin:/usr/lpp/mmfs/bin
LD_LIBRARY_PATH=/usr/lib/jvm/java-1.6.0-openjdk-1.6.0.0.x86_64/jre/lib/amd64/server:/usr/lib/jvm/java-1.6.0-openjdk-1.6.0.0.x86_64/jre/lib/amd64:/usr/lib/jvm/java-1.6.0-openjdk-1.6.0.0.x86_64/jre/../lib/amd64
SHELL=/bin/bash

Signal Handlers:
SIGSEGV: [libjvm.so+0x870a40], sa_mask[0]=0x7ffbfeff, sa_flags=0x10000004
SIGBUS: [libjvm.so+0x870a40], sa_mask[0]=0x7ffbfeff, sa_flags=0x10000004
SIGFPE: [libjvm.so+0x719240], sa_mask[0]=0x7ffbfeff, sa_flags=0x10000004
SIGPIPE: [libjvm.so+0x719240], sa_mask[0]=0x7ffbfeff, sa_flags=0x10000004
SIGXFSZ: [libjvm.so+0x719240], sa_mask[0]=0x7ffbfeff, sa_flags=0x10000004
SIGILL: [libjvm.so+0x719240], sa_mask[0]=0x7ffbfeff, sa_flags=0x10000004
SIGUSR1: SIG_DFL, sa_mask[0]=0x00000000, sa_flags=0x00000000
SIGUSR2: [libjvm.so+0x718d60], sa_mask[0]=0x00000000, sa_flags=0x10000004
SIGHUP: [libjvm.so+0x71bdf0], sa_mask[0]=0x7ffbfeff, sa_flags=0x10000004
SIGINT: [libjvm.so+0x71bdf0], sa_mask[0]=0x7ffbfeff, sa_flags=0x10000004
SIGTERM: [libjvm.so+0x71bdf0], sa_mask[0]=0x7ffbfeff, sa_flags=0x10000004
SIGQUIT: [libjvm.so+0x71bdf0], sa_mask[0]=0x7ffbfeff, sa_flags=0x10000004


---------------  S Y S T E M  ---------------

OS:Red Hat Enterprise Linux ComputeNode release 6.5 (Santiago)

uname:Linux 2.6.32-431.29.2.el6.x86_64 #1 SMP Sun Jul 27 15:55:46 EDT 2014 x86_64
libc:glibc 2.12 NPTL 2.12 
rlimit: STACK infinity, CORE infinity, NPROC 127431, NOFILE 4096, AS 8388608k
load average:3.35 3.64 3.83

/proc/meminfo:
MemTotal:       16331612 kB
MemFree:         5041944 kB
Buffers:           13328 kB
Cached:          6140164 kB
SwapCached:           88 kB
Active:          2794920 kB
Inactive:        3809336 kB
Active(anon):     387424 kB
Inactive(anon):    63548 kB
Active(file):    2407496 kB
Inactive(file):  3745788 kB
Unevictable:     4082900 kB
Mlocked:         4082900 kB
SwapTotal:       8388604 kB
SwapFree:        8388380 kB
Dirty:                76 kB
Writeback:             0 kB
AnonPages:       4533824 kB
Mapped:            98752 kB
Shmem:               192 kB
Slab:             376968 kB
SReclaimable:     309632 kB
SUnreclaim:        67336 kB
KernelStack:        4704 kB
PageTables:        16612 kB
NFS_Unstable:          0 kB
Bounce:                0 kB
WritebackTmp:          0 kB
CommitLimit:    16554408 kB
Committed_AS:    6812752 kB
VmallocTotal:   34359738367 kB
VmallocUsed:      109412 kB
VmallocChunk:   34351234244 kB
HardwareCorrupted:     0 kB
AnonHugePages:         0 kB
HugePages_Total:       0
HugePages_Free:        0
HugePages_Rsvd:        0
HugePages_Surp:        0
Hugepagesize:       2048 kB
DirectMap4k:        9920 kB
DirectMap2M:     2086912 kB
DirectMap1G:    14680064 kB


CPU:total 8 (4 cores per cpu, 1 threads per core) family 16 model 2 stepping 3, cmov, cx8, fxsr, mmx, sse, sse2, sse3, popcnt, mmxext, 3dnowpref, lzcnt, sse4a, tsc, tscinvbit, tscinv

/proc/cpuinfo:
processor	: 0
vendor_id	: AuthenticAMD
cpu family	: 16
model		: 2
model name	: Quad-Core AMD Opteron(tm) Processor 2354
stepping	: 3
cpu MHz		: 2200.000
cache size	: 512 KB
physical id	: 0
siblings	: 4
core id		: 0
cpu cores	: 4
apicid		: 0
initial apicid	: 0
fpu		: yes
fpu_exception	: yes
cpuid level	: 5
wp		: yes
flags		: fpu vme de pse tsc msr pae mce cx8 apic sep mtrr pge mca cmov pat pse36 clflush mmx fxsr sse sse2 ht syscall nx mmxext fxsr_opt pdpe1gb rdtscp lm 3dnowext 3dnow constant_tsc rep_good nonstop_tsc extd_apicid pni monitor cx16 popcnt lahf_lm cmp_legacy svm extapic cr8_legacy abm sse4a misalignsse 3dnowprefetch osvw ibs npt lbrv svm_lock
bogomips	: 4422.88
TLB size	: 1024 4K pages
clflush size	: 64
cache_alignment	: 64
address sizes	: 48 bits physical, 48 bits virtual
power management: ts ttp tm stc 100mhzsteps hwpstate

processor	: 1
vendor_id	: AuthenticAMD
cpu family	: 16
model		: 2
model name	: Quad-Core AMD Opteron(tm) Processor 2354
stepping	: 3
cpu MHz		: 2200.000
cache size	: 512 KB
physical id	: 0
siblings	: 4
core id		: 1
cpu cores	: 4
apicid		: 1
initial apicid	: 1
fpu		: yes
fpu_exception	: yes
cpuid level	: 5
wp		: yes
flags		: fpu vme de pse tsc msr pae mce cx8 apic sep mtrr pge mca cmov pat pse36 clflush mmx fxsr sse sse2 ht syscall nx mmxext fxsr_opt pdpe1gb rdtscp lm 3dnowext 3dnow constant_tsc rep_good nonstop_tsc extd_apicid pni monitor cx16 popcnt lahf_lm cmp_legacy svm extapic cr8_legacy abm sse4a misalignsse 3dnowprefetch osvw ibs npt lbrv svm_lock
bogomips	: 4422.88
TLB size	: 1024 4K pages
clflush size	: 64
cache_alignment	: 64
address sizes	: 48 bits physical, 48 bits virtual
power management: ts ttp tm stc 100mhzsteps hwpstate

processor	: 2
vendor_id	: AuthenticAMD
cpu family	: 16
model		: 2
model name	: Quad-Core AMD Opteron(tm) Processor 2354
stepping	: 3
cpu MHz		: 2200.000
cache size	: 512 KB
physical id	: 0
siblings	: 4
core id		: 2
cpu cores	: 4
apicid		: 2
initial apicid	: 2
fpu		: yes
fpu_exception	: yes
cpuid level	: 5
wp		: yes
flags		: fpu vme de pse tsc msr pae mce cx8 apic sep mtrr pge mca cmov pat pse36 clflush mmx fxsr sse sse2 ht syscall nx mmxext fxsr_opt pdpe1gb rdtscp lm 3dnowext 3dnow constant_tsc rep_good nonstop_tsc extd_apicid pni monitor cx16 popcnt lahf_lm cmp_legacy svm extapic cr8_legacy abm sse4a misalignsse 3dnowprefetch osvw ibs npt lbrv svm_lock
bogomips	: 4422.88
TLB size	: 1024 4K pages
clflush size	: 64
cache_alignment	: 64
address sizes	: 48 bits physical, 48 bits virtual
power management: ts ttp tm stc 100mhzsteps hwpstate

processor	: 3
vendor_id	: AuthenticAMD
cpu family	: 16
model		: 2
model name	: Quad-Core AMD Opteron(tm) Processor 2354
stepping	: 3
cpu MHz		: 2200.000
cache size	: 512 KB
physical id	: 0
siblings	: 4
core id		: 3
cpu cores	: 4
apicid		: 3
initial apicid	: 3
fpu		: yes
fpu_exception	: yes
cpuid level	: 5
wp		: yes
flags		: fpu vme de pse tsc msr pae mce cx8 apic sep mtrr pge mca cmov pat pse36 clflush mmx fxsr sse sse2 ht syscall nx mmxext fxsr_opt pdpe1gb rdtscp lm 3dnowext 3dnow constant_tsc rep_good nonstop_tsc extd_apicid pni monitor cx16 popcnt lahf_lm cmp_legacy svm extapic cr8_legacy abm sse4a misalignsse 3dnowprefetch osvw ibs npt lbrv svm_lock
bogomips	: 4422.88
TLB size	: 1024 4K pages
clflush size	: 64
cache_alignment	: 64
address sizes	: 48 bits physical, 48 bits virtual
power management: ts ttp tm stc 100mhzsteps hwpstate

processor	: 4
vendor_id	: AuthenticAMD
cpu family	: 16
model		: 2
model name	: Quad-Core AMD Opteron(tm) Processor 2354
stepping	: 3
cpu MHz		: 2200.000
cache size	: 512 KB
physical id	: 1
siblings	: 4
core id		: 0
cpu cores	: 4
apicid		: 4
initial apicid	: 4
fpu		: yes
fpu_exception	: yes
cpuid level	: 5
wp		: yes
flags		: fpu vme de pse tsc msr pae mce cx8 apic sep mtrr pge mca cmov pat pse36 clflush mmx fxsr sse sse2 ht syscall nx mmxext fxsr_opt pdpe1gb rdtscp lm 3dnowext 3dnow constant_tsc rep_good nonstop_tsc extd_apicid pni monitor cx16 popcnt lahf_lm cmp_legacy svm extapic cr8_legacy abm sse4a misalignsse 3dnowprefetch osvw ibs npt lbrv svm_lock
bogomips	: 4422.23
TLB size	: 1024 4K pages
clflush size	: 64
cache_alignment	: 64
address sizes	: 48 bits physical, 48 bits virtual
power management: ts ttp tm stc 100mhzsteps hwpstate

processor	: 5
vendor_id	: AuthenticAMD
cpu family	: 16
model		: 2
model name	: Quad-Core AMD Opteron(tm) Processor 2354
stepping	: 3
cpu MHz		: 2200.000
cache size	: 512 KB
physical id	: 1
siblings	: 4
core id		: 1
cpu cores	: 4
apicid		: 5
initial apicid	: 5
fpu		: yes
fpu_exception	: yes
cpuid level	: 5
wp		: yes
flags		: fpu vme de pse tsc msr pae mce cx8 apic sep mtrr pge mca cmov pat pse36 clflush mmx fxsr sse sse2 ht syscall nx mmxext fxsr_opt pdpe1gb rdtscp lm 3dnowext 3dnow constant_tsc rep_good nonstop_tsc extd_apicid pni monitor cx16 popcnt lahf_lm cmp_legacy svm extapic cr8_legacy abm sse4a misalignsse 3dnowprefetch osvw ibs npt lbrv svm_lock
bogomips	: 4422.23
TLB size	: 1024 4K pages
clflush size	: 64
cache_alignment	: 64
address sizes	: 48 bits physical, 48 bits virtual
power management: ts ttp tm stc 100mhzsteps hwpstate

processor	: 6
vendor_id	: AuthenticAMD
cpu family	: 16
model		: 2
model name	: Quad-Core AMD Opteron(tm) Processor 2354
stepping	: 3
cpu MHz		: 2200.000
cache size	: 512 KB
physical id	: 1
siblings	: 4
core id		: 2
cpu cores	: 4
apicid		: 6
initial apicid	: 6
fpu		: yes
fpu_exception	: yes
cpuid level	: 5
wp		: yes
flags		: fpu vme de pse tsc msr pae mce cx8 apic sep mtrr pge mca cmov pat pse36 clflush mmx fxsr sse sse2 ht syscall nx mmxext fxsr_opt pdpe1gb rdtscp lm 3dnowext 3dnow constant_tsc rep_good nonstop_tsc extd_apicid pni monitor cx16 popcnt lahf_lm cmp_legacy svm extapic cr8_legacy abm sse4a misalignsse 3dnowprefetch osvw ibs npt lbrv svm_lock
bogomips	: 4422.23
TLB size	: 1024 4K pages
clflush size	: 64
cache_alignment	: 64
address sizes	: 48 bits physical, 48 bits virtual
power management: ts ttp tm stc 100mhzsteps hwpstate

processor	: 7
vendor_id	: AuthenticAMD
cpu family	: 16
model		: 2
model name	: Quad-Core AMD Opteron(tm) Processor 2354
stepping	: 3
cpu MHz		: 2200.000
cache size	: 512 KB
physical id	: 1
siblings	: 4
core id		: 3
cpu cores	: 4
apicid		: 7
initial apicid	: 7
fpu		: yes
fpu_exception	: yes
cpuid level	: 5
wp		: yes
flags		: fpu vme de pse tsc msr pae mce cx8 apic sep mtrr pge mca cmov pat pse36 clflush mmx fxsr sse sse2 ht syscall nx mmxext fxsr_opt pdpe1gb rdtscp lm 3dnowext 3dnow constant_tsc rep_good nonstop_tsc extd_apicid pni monitor cx16 popcnt lahf_lm cmp_legacy svm extapic cr8_legacy abm sse4a misalignsse 3dnowprefetch osvw ibs npt lbrv svm_lock
bogomips	: 4422.23
TLB size	: 1024 4K pages
clflush size	: 64
cache_alignment	: 64
address sizes	: 48 bits physical, 48 bits virtual
power management: ts ttp tm stc 100mhzsteps hwpstate



Memory: 4k page, physical 16331612k(5041944k free), swap 8388604k(8388380k free)

vm_info: OpenJDK 64-Bit Server VM (23.25-b01) for linux-amd64 JRE (1.6.0_32-b32), built on Aug 21 2014 11:15:48 by "mockbuild" with gcc 4.4.7 20120313 (Red Hat 4.4.7-4)

time: Tue Sep 23 09:23:49 2014
elapsed time: 5 seconds

