#
# A fatal error has been detected by the Java Runtime Environment:
#
#  SIGBUS (0x7) at pc=0x00002b7aa0e93522, pid=26395, tid=47805680908032
#
# JRE version: 6.0_32-b32
# Java VM: OpenJDK 64-Bit Server VM (23.25-b01 mixed mode linux-amd64 compressed oops)
# Problematic frame:
# C  [libzip.so+0x4522]  ZIP_Lock+0x252
#
# Core dump written. Default location: /mmfs/automount/gpfs/homefs/sm/dw07r324/jobs/piterman.eq.macc.sp.ro.r/core or core.26395
#
# If you would like to submit a bug report, please include
# instructions how to reproduce the bug and visit:
#   http://icedtea.classpath.org/bugzilla
# The crash happened outside the Java Virtual Machine in native code.
# See problematic frame for where to report the bug.
#

---------------  T H R E A D  ---------------

Current thread (0x00002b7aa4008000):  JavaThread "main" [_thread_in_native, id=26396, stack(0x00002b7aa090f000,0x00002b7aa0a10000)]

siginfo:si_signo=SIGBUS: si_errno=0, si_code=2 (BUS_ADRERR), si_addr=0x00002b7ae7073330

Registers:
RAX=0x00002b7aa527f5d0, RBX=0x00002b7ae7073313, RCX=0x0000000000000041, RDX=0x0000000000000040
RSP=0x00002b7aa0a0d540, RBP=0x00002b7aa0a0d580, RSI=0x0000000000000040, RDI=0x00002b7aa4000020
R8 =0x00002b7aa4000088, R9 =0x0000000000000001, R10=0x0000000000000040, R11=0x00002b7aa013f660
R12=0x00002b7aa527f5d0, R13=0x00002b7aa4306f40, R14=0x00002b7aa0a0d5f0, R15=0x00002b7aa527f5d0
RIP=0x00002b7aa0e93522, EFLAGS=0x0000000000010202, CSGSFS=0x0000000000000033, ERR=0x0000000000000004
  TRAPNO=0x000000000000000e

Top of Stack: (sp=0x00002b7aa0a0d540)
0x00002b7aa0a0d540:   00002b7aa41804d0 00002b7aa008905e
0x00002b7aa0a0d550:   000000000000008f 00002b7aa417ce94
0x00002b7aa0a0d560:   00002b7aa4306f40 00000000b98d4855
0x00002b7aa0a0d570:   00002b7aa0a0d5f0 000000000000002b
0x00002b7aa0a0d580:   00002b7aa0a0d5d0 00002b7aa0e93ae2
0x00002b7aa0a0d590:   00002b7aa4008000 00002b7aa42f4b70
0x00002b7aa0a0d5a0:   00002b7aa0a0d610 00002b7aa40081d8
0x00002b7aa0a0d5b0:   00002b7aa0a0d5f0 000000000000002b
0x00002b7aa0a0d5c0:   00002b7aa0a0dac8 00002b7aa0a0d5f0
0x00002b7aa0a0d5d0:   00002b7aa0a0da30 00002b7aa0e92ae4
0x00002b7aa0a0d5e0:   0000002b01fd7670 00002b7aa4306f40
0x00002b7aa0a0d5f0:   2f73657373616c63 727676732f67726f
0x00002b7aa0a0d600:   632f6c616f672f6c 6148646d432f646d
0x00002b7aa0a0d610:   6c632e72656c646e 00002b7a00737361
0x00002b7aa0a0d620:   0000000000000000 0000000400000000
0x00002b7aa0a0d630:   00002b7aa4008b90 0000000000000000
0x00002b7aa0a0d640:   00002b7aa0a0d670 00002b7aa4008000
0x00002b7aa0a0d650:   00000000b5cc4b00 000000000000001a
0x00002b7aa0a0d660:   00002b7aa4008000 00000000b5cc4b00
0x00002b7aa0a0d670:   00002b7aa0a0d6d0 00002b7a9fed35f2
0x00002b7aa0a0d680:   00002b7aa4008000 00002b7ab5fce660
0x00002b7aa0a0d690:   00002b7aa4008000 000000364fc7a10b
0x00002b7aa0a0d6a0:   0000000000000001 00000000000000bd
0x00002b7aa0a0d6b0:   0000000000000000 00002b7aa4008000
0x00002b7aa0a0d6c0:   00002b7aa0a0d700 00002b7a00000000
0x00002b7aa0a0d6d0:   00000000b5cc8c58 00002b0000000061
0x00002b7aa0a0d6e0:   00000000b5bdfef5 00000000f0a78790
0x00002b7aa0a0d6f0:   00002b7aa0a0d6f0 00000000b5cc69cb
0x00002b7aa0a0d700:   00002b7aa0a0d750 00002b7aa4008b80
0x00002b7aa0a0d710:   0000000000000000 0000000000000001
0x00002b7aa0a0d720:   00002b7aa4008000 ffffffffffffffff
0x00002b7aa0a0d730:   00002b7aa0a0d7a0 00002b7a9fe8fa03 

Instructions: (pc=0x00002b7aa0e93522)
0x00002b7aa0e93502:   00 00 00 00 00 48 c7 40 30 00 00 00 00 48 c7 40
0x00002b7aa0e93512:   28 00 00 00 00 8b 5b 04 49 2b 5d 28 49 03 5d 18
0x00002b7aa0e93522:   44 0f b6 73 1d 0f b6 43 1c 41 c1 e6 08 41 09 c6
0x00002b7aa0e93532:   0f b6 43 1e 88 45 ce 0f b6 43 1f 88 45 cf 0f b6 

Register to memory mapping:

RAX=0x00002b7aa527f5d0 is an unknown value
RBX=0x00002b7ae7073313 is an unknown value
RCX=0x0000000000000041 is an unknown value
RDX=0x0000000000000040 is an unknown value
RSP=0x00002b7aa0a0d540 is pointing into the stack for thread: 0x00002b7aa4008000
RBP=0x00002b7aa0a0d580 is pointing into the stack for thread: 0x00002b7aa4008000
RSI=0x0000000000000040 is an unknown value
RDI=0x00002b7aa4000020 is an unknown value
R8 =0x00002b7aa4000088 is an unknown value
R9 =0x0000000000000001 is an unknown value
R10=0x0000000000000040 is an unknown value
R11=0x00002b7aa013f660: <offset 0x79f660> in /usr/lib/jvm/java-1.6.0-openjdk-1.6.0.0.x86_64/jre/lib/amd64/server/libjvm.so at 0x00002b7a9f9a0000
R12=0x00002b7aa527f5d0 is an unknown value
R13=0x00002b7aa4306f40 is an unknown value
R14=0x00002b7aa0a0d5f0 is pointing into the stack for thread: 0x00002b7aa4008000
R15=0x00002b7aa527f5d0 is an unknown value


Stack: [0x00002b7aa090f000,0x00002b7aa0a10000],  sp=0x00002b7aa0a0d540,  free space=1017k
Native frames: (J=compiled Java code, j=interpreted, Vv=VM code, C=native code)
C  [libzip.so+0x4522]  ZIP_Lock+0x252
C  [libzip.so+0x4ae2]  ZIP_GetEntry+0xc2
C  [libzip.so+0x3ae4]  Java_java_util_zip_ZipFile_getEntry+0xc4
j  java.util.zip.ZipFile.getEntry(JLjava/lang/String;Z)J+0
j  java.util.zip.ZipFile.getEntry(Ljava/lang/String;)Ljava/util/zip/ZipEntry;+31
j  java.util.jar.JarFile.getEntry(Ljava/lang/String;)Ljava/util/zip/ZipEntry;+2
j  sun.net.www.protocol.jar.URLJarFile.getEntry(Ljava/lang/String;)Ljava/util/zip/ZipEntry;+2
j  sun.net.www.protocol.jar.JarURLConnection.connect()V+62
j  sun.net.www.protocol.jar.JarURLConnection.getInputStream()Ljava/io/InputStream;+1
j  sun.misc.URLClassPath$Loader.getResource(Ljava/lang/String;Z)Lsun/misc/Resource;+48
j  sun.misc.URLClassPath.getResource(Ljava/lang/String;Z)Lsun/misc/Resource;+53
j  java.net.URLClassLoader$1.run()Ljava/lang/Object;+26
v  ~StubRoutines::call_stub
V  [libjvm.so+0x537e3e]  AsyncGetCallTrace+0xd776e
V  [libjvm.so+0x536ad8]  AsyncGetCallTrace+0xd6408
V  [libjvm.so+0x597140]  JVM_DoPrivileged+0x400
j  java.security.AccessController.doPrivileged(Ljava/security/PrivilegedExceptionAction;Ljava/security/AccessControlContext;)Ljava/lang/Object;+0
j  java.net.URLClassLoader.findClass(Ljava/lang/String;)Ljava/lang/Class;+13
j  org.java.plugin.standard.StandardPluginClassLoader.loadLocalClass(Ljava/lang/String;ZLorg/java/plugin/standard/StandardPluginClassLoader;)Ljava/lang/Class;+97
j  org.java.plugin.standard.StandardPluginClassLoader.loadClass(Ljava/lang/String;Z)Ljava/lang/Class;+62
j  java.lang.ClassLoader.loadClass(Ljava/lang/String;)Ljava/lang/Class;+3
j  org.svvrl.goal.core.CorePlugin.getConsoleHandler()Lorg/svvrl/goal/core/ConsoleHandler;+73
j  org.svvrl.goal.core.CorePlugin.startApplication()V+23
j  org.java.plugin.boot.Boot.boot(Lorg/java/plugin/util/ExtendedProperties;ZLjava/lang/String;Lorg/java/plugin/boot/BootErrorHandler;[Ljava/lang/String;)Lorg/java/plugin/boot/Application;+354
j  org.java.plugin.boot.Boot.main([Ljava/lang/String;)V+162
v  ~StubRoutines::call_stub
V  [libjvm.so+0x537e3e]  AsyncGetCallTrace+0xd776e
V  [libjvm.so+0x536ad8]  AsyncGetCallTrace+0xd6408
V  [libjvm.so+0x5452a7]  JNI_CreateJavaVM+0x12e7
V  [libjvm.so+0x55a4eb]  JNI_CreateJavaVM+0x1652b
C  [java+0x374d]  JavaMain+0xd0d

Java frames: (J=compiled Java code, j=interpreted, Vv=VM code)
j  java.util.zip.ZipFile.getEntry(JLjava/lang/String;Z)J+0
j  java.util.zip.ZipFile.getEntry(Ljava/lang/String;)Ljava/util/zip/ZipEntry;+31
j  java.util.jar.JarFile.getEntry(Ljava/lang/String;)Ljava/util/zip/ZipEntry;+2
j  sun.net.www.protocol.jar.URLJarFile.getEntry(Ljava/lang/String;)Ljava/util/zip/ZipEntry;+2
j  sun.net.www.protocol.jar.JarURLConnection.connect()V+62
j  sun.net.www.protocol.jar.JarURLConnection.getInputStream()Ljava/io/InputStream;+1
j  sun.misc.URLClassPath$Loader.getResource(Ljava/lang/String;Z)Lsun/misc/Resource;+48
j  sun.misc.URLClassPath.getResource(Ljava/lang/String;Z)Lsun/misc/Resource;+53
j  java.net.URLClassLoader$1.run()Ljava/lang/Object;+26
v  ~StubRoutines::call_stub
j  java.security.AccessController.doPrivileged(Ljava/security/PrivilegedExceptionAction;Ljava/security/AccessControlContext;)Ljava/lang/Object;+0
j  java.net.URLClassLoader.findClass(Ljava/lang/String;)Ljava/lang/Class;+13
j  org.java.plugin.standard.StandardPluginClassLoader.loadLocalClass(Ljava/lang/String;ZLorg/java/plugin/standard/StandardPluginClassLoader;)Ljava/lang/Class;+97
j  org.java.plugin.standard.StandardPluginClassLoader.loadClass(Ljava/lang/String;Z)Ljava/lang/Class;+62
j  java.lang.ClassLoader.loadClass(Ljava/lang/String;)Ljava/lang/Class;+3
j  org.svvrl.goal.core.CorePlugin.getConsoleHandler()Lorg/svvrl/goal/core/ConsoleHandler;+73
j  org.svvrl.goal.core.CorePlugin.startApplication()V+23
j  org.java.plugin.boot.Boot.boot(Lorg/java/plugin/util/ExtendedProperties;ZLjava/lang/String;Lorg/java/plugin/boot/BootErrorHandler;[Ljava/lang/String;)Lorg/java/plugin/boot/Application;+354
j  org.java.plugin.boot.Boot.main([Ljava/lang/String;)V+162
v  ~StubRoutines::call_stub

---------------  P R O C E S S  ---------------

Java Threads: ( => current thread )
  0x00002b7aa4231800 JavaThread "Java2D Disposer" daemon [_thread_blocked, id=26413, stack(0x00002b7ae6b2b000,0x00002b7ae6c2c000)]
  0x00002b7aa4101800 JavaThread "Low Memory Detector" daemon [_thread_blocked, id=26411, stack(0x00002b7ae6194000,0x00002b7ae6295000)]
  0x00002b7aa40ff000 JavaThread "C2 CompilerThread1" daemon [_thread_blocked, id=26410, stack(0x00002b7ae6093000,0x00002b7ae6194000)]
  0x00002b7aa40fc800 JavaThread "C2 CompilerThread0" daemon [_thread_blocked, id=26409, stack(0x00002b7ae5f92000,0x00002b7ae6093000)]
  0x00002b7aa40fa000 JavaThread "Signal Dispatcher" daemon [_thread_blocked, id=26408, stack(0x00002b7ae5e91000,0x00002b7ae5f92000)]
  0x00002b7aa40ab800 JavaThread "Finalizer" daemon [_thread_blocked, id=26407, stack(0x00002b7ad0eb3000,0x00002b7ad0fb4000)]
  0x00002b7aa40a9800 JavaThread "Reference Handler" daemon [_thread_blocked, id=26406, stack(0x00002b7ad0db2000,0x00002b7ad0eb3000)]
=>0x00002b7aa4008000 JavaThread "main" [_thread_in_native, id=26396, stack(0x00002b7aa090f000,0x00002b7aa0a10000)]

Other Threads:
  0x00002b7aa409a800 VMThread [stack: 0x00002b7ad0cb1000,0x00002b7ad0db2000] [id=26405]
  0x00002b7aa410c800 WatcherThread [stack: 0x00002b7ae6295000,0x00002b7ae6396000] [id=26412]

VM state:not at safepoint (normal execution)

VM Mutex/Monitor currently owned by a thread: None

Heap
 PSYoungGen      total 305856K, used 99718K [0x00000000eaab0000, 0x0000000100000000, 0x0000000100000000)
  eden space 262208K, 38% used [0x00000000eaab0000,0x00000000f0c11978,0x00000000faac0000)
  from space 43648K, 0% used [0x00000000fd560000,0x00000000fd560000,0x0000000100000000)
  to   space 43648K, 0% used [0x00000000faac0000,0x00000000faac0000,0x00000000fd560000)
 ParOldGen       total 699072K, used 0K [0x00000000c0000000, 0x00000000eaab0000, 0x00000000eaab0000)
  object space 699072K, 0% used [0x00000000c0000000,0x00000000c0000000,0x00000000eaab0000)
 PSPermGen       total 21248K, used 10963K [0x00000000b5a00000, 0x00000000b6ec0000, 0x00000000c0000000)
  object space 21248K, 51% used [0x00000000b5a00000,0x00000000b64b4ea0,0x00000000b6ec0000)

Card table byte_map: [0x00002b7aab0c0000,0x00002b7aab314000] byte_map_base: 0x00002b7aaab13000

Polling page: 0x00002b7aa0e50000

Code Cache  [0x00002b7aa8000000, 0x00002b7aa8270000, 0x00002b7aab000000)
 total_blobs=453 nmethods=173 adapters=233 free_code_cache=48220Kb largest_free_block=49355584

Compilation events (10 events):
Event: 5.866 Thread 0x00002b7aa40ff000 nmethod 166 0x00002b7aa80eb950 code [0x00002b7aa80ebb00, 0x00002b7aa80ec348]
Event: 5.875 Thread 0x00002b7aa40fc800 nmethod 165 0x00002b7aa80ecbd0 code [0x00002b7aa80ecdc0, 0x00002b7aa80ed8e8]
Event: 6.050 Thread 0x00002b7aa40ff000  167             java.lang.String::indexOf (7 bytes)
Event: 6.051 Thread 0x00002b7aa40ff000 nmethod 167 0x00002b7aa80e6ed0 code [0x00002b7aa80e7020, 0x00002b7aa80e7088]
Event: 7.912 Thread 0x00002b7aa40fc800  168             java.lang.System::getSecurityManager (4 bytes)
Event: 7.912 Thread 0x00002b7aa40fc800 nmethod 168 0x00002b7aa80e6cd0 code [0x00002b7aa80e6e00, 0x00002b7aa80e6e58]
Event: 8.221 Thread 0x00002b7aa40fc800  170             java.lang.CharacterDataLatin1::toLowerCase (39 bytes)
Event: 8.221 Thread 0x00002b7aa40ff000  169             java.lang.Character::toLowerCase (9 bytes)
Event: 8.222 Thread 0x00002b7aa40fc800 nmethod 170 0x00002b7aa80e6a50 code [0x00002b7aa80e6b80, 0x00002b7aa80e6c38]
Event: 8.223 Thread 0x00002b7aa40ff000 nmethod 169 0x00002b7aa80e6590 code [0x00002b7aa80e66e0, 0x00002b7aa80e6838]

GC Heap History (0 events):
No events

Deoptimization events (10 events):
Event: 3.607 Thread 0x00002b7aa4008000 Uncommon trap -34 fr.pc 0x00002b7aa809c45c
Event: 3.608 Thread 0x00002b7aa4008000 Uncommon trap -34 fr.pc 0x00002b7aa809c45c
Event: 4.061 Thread 0x00002b7aa4008000 Uncommon trap -34 fr.pc 0x00002b7aa80b4cd8
Event: 5.678 Thread 0x00002b7aa4008000 Uncommon trap -34 fr.pc 0x00002b7aa80b4cd8
Event: 5.678 Thread 0x00002b7aa4008000 Uncommon trap -34 fr.pc 0x00002b7aa80b4cd8
Event: 5.678 Thread 0x00002b7aa4008000 Uncommon trap -34 fr.pc 0x00002b7aa80b4cd8
Event: 8.216 Thread 0x00002b7aa4008000 Uncommon trap -58 fr.pc 0x00002b7aa80ba7e4
Event: 8.222 Thread 0x00002b7aa4008000 Uncommon trap -58 fr.pc 0x00002b7aa80ba7e4
Event: 8.227 Thread 0x00002b7aa4008000 Uncommon trap -58 fr.pc 0x00002b7aa80ba7e4
Event: 8.244 Thread 0x00002b7aa4008000 Uncommon trap -58 fr.pc 0x00002b7aa80ba7e4

Internal exceptions (10 events):
Event: 8.190 Thread 0x00002b7aa4008000 Threw 0x00000000f08a0170 at /builddir/build/BUILD/icedtea6-1.13.4/openjdk/hotspot/src/share/vm/prims/jvm.cpp:1235
Event: 8.191 Thread 0x00002b7aa4008000 Threw 0x00000000f08ba848 at /builddir/build/BUILD/icedtea6-1.13.4/openjdk/hotspot/src/share/vm/classfile/systemDictionary.cpp:179
Event: 8.191 Thread 0x00002b7aa4008000 Threw 0x00000000f08babd0 at /builddir/build/BUILD/icedtea6-1.13.4/openjdk/hotspot/src/share/vm/prims/jvm.cpp:1235
Event: 8.191 Thread 0x00002b7aa4008000 Threw 0x00000000f08bb008 at /builddir/build/BUILD/icedtea6-1.13.4/openjdk/hotspot/src/share/vm/prims/jvm.cpp:1235
Event: 8.192 Thread 0x00002b7aa4008000 Threw 0x00000000f08ca530 at /builddir/build/BUILD/icedtea6-1.13.4/openjdk/hotspot/src/share/vm/classfile/systemDictionary.cpp:179
Event: 8.192 Thread 0x00002b7aa4008000 Threw 0x00000000f08ca8b0 at /builddir/build/BUILD/icedtea6-1.13.4/openjdk/hotspot/src/share/vm/prims/jvm.cpp:1235
Event: 8.193 Thread 0x00002b7aa4008000 Threw 0x00000000f08cace0 at /builddir/build/BUILD/icedtea6-1.13.4/openjdk/hotspot/src/share/vm/prims/jvm.cpp:1235
Event: 8.193 Thread 0x00002b7aa4008000 Threw 0x00000000f08d86c0 at /builddir/build/BUILD/icedtea6-1.13.4/openjdk/hotspot/src/share/vm/classfile/systemDictionary.cpp:179
Event: 8.193 Thread 0x00002b7aa4008000 Threw 0x00000000f08d8c20 at /builddir/build/BUILD/icedtea6-1.13.4/openjdk/hotspot/src/share/vm/prims/jvm.cpp:1235
Event: 8.194 Thread 0x00002b7aa4008000 Threw 0x00000000f08d9230 at /builddir/build/BUILD/icedtea6-1.13.4/openjdk/hotspot/src/share/vm/prims/jvm.cpp:1235

Events (10 events):
Event: 8.227 Thread 0x00002b7aa4008000 DEOPT PACKING pc=0x00002b7aa80ba7e4 sp=0x00002b7aa0a0e4d0
Event: 8.227 Thread 0x00002b7aa4008000 DEOPT UNPACKING pc=0x00002b7aa8039145 sp=0x00002b7aa0a0e480 mode 2
Event: 8.242 loading class 0x00002b7aa46bba00
Event: 8.242 loading class 0x00002b7aa46bba00 done
Event: 8.242 loading class 0x00002b7aa46bbbd0
Event: 8.242 loading class 0x00002b7aa46bbc50
Event: 8.242 loading class 0x00002b7aa46bbc50 done
Event: 8.242 loading class 0x00002b7aa46bbbd0 done
Event: 8.244 Thread 0x00002b7aa4008000 DEOPT PACKING pc=0x00002b7aa80ba7e4 sp=0x00002b7aa0a0e500
Event: 8.244 Thread 0x00002b7aa4008000 DEOPT UNPACKING pc=0x00002b7aa8039145 sp=0x00002b7aa0a0e4b0 mode 2


Dynamic libraries:
00400000-00409000 r-xp 00000000 fd:01 5993                               /usr/lib/jvm/java-1.6.0-openjdk-1.6.0.0.x86_64/jre/bin/java
00608000-0060a000 rw-p 00008000 fd:01 5993                               /usr/lib/jvm/java-1.6.0-openjdk-1.6.0.0.x86_64/jre/bin/java
01a27000-01a48000 rw-p 00000000 00:00 0                                  [heap]
b5a00000-b6ec0000 rw-p 00000000 00:00 0 
b6ec0000-c0000000 rw-p 00000000 00:00 0 
c0000000-100000000 rw-p 00000000 00:00 0 
364f800000-364f820000 r-xp 00000000 fd:01 130582                         /lib64/ld-2.12.so
364fa1f000-364fa20000 r--p 0001f000 fd:01 130582                         /lib64/ld-2.12.so
364fa20000-364fa21000 rw-p 00020000 fd:01 130582                         /lib64/ld-2.12.so
364fa21000-364fa22000 rw-p 00000000 00:00 0 
364fc00000-364fd8a000 r-xp 00000000 fd:01 130613                         /lib64/libc-2.12.so
364fd8a000-364ff8a000 ---p 0018a000 fd:01 130613                         /lib64/libc-2.12.so
364ff8a000-364ff8e000 r--p 0018a000 fd:01 130613                         /lib64/libc-2.12.so
364ff8e000-364ff8f000 rw-p 0018e000 fd:01 130613                         /lib64/libc-2.12.so
364ff8f000-364ff94000 rw-p 00000000 00:00 0 
3650000000-3650004000 r-xp 00000000 fd:01 13573                          /usr/lib/jvm/java-1.6.0-openjdk-1.6.0.0.x86_64/jre/lib/amd64/jli/libjli.so
3650004000-3650203000 ---p 00004000 fd:01 13573                          /usr/lib/jvm/java-1.6.0-openjdk-1.6.0.0.x86_64/jre/lib/amd64/jli/libjli.so
3650203000-3650204000 rw-p 00003000 fd:01 13573                          /usr/lib/jvm/java-1.6.0-openjdk-1.6.0.0.x86_64/jre/lib/amd64/jli/libjli.so
3650400000-3650417000 r-xp 00000000 fd:01 130636                         /lib64/libpthread-2.12.so
3650417000-3650617000 ---p 00017000 fd:01 130636                         /lib64/libpthread-2.12.so
3650617000-3650618000 r--p 00017000 fd:01 130636                         /lib64/libpthread-2.12.so
3650618000-3650619000 rw-p 00018000 fd:01 130636                         /lib64/libpthread-2.12.so
3650619000-365061d000 rw-p 00000000 00:00 0 
3650800000-3650802000 r-xp 00000000 fd:01 130624                         /lib64/libdl-2.12.so
3650802000-3650a02000 ---p 00002000 fd:01 130624                         /lib64/libdl-2.12.so
3650a02000-3650a03000 r--p 00002000 fd:01 130624                         /lib64/libdl-2.12.so
3650a03000-3650a04000 rw-p 00003000 fd:01 130624                         /lib64/libdl-2.12.so
3650c00000-3650c15000 r-xp 00000000 fd:01 130638                         /lib64/libz.so.1.2.3
3650c15000-3650e14000 ---p 00015000 fd:01 130638                         /lib64/libz.so.1.2.3
3650e14000-3650e15000 r--p 00014000 fd:01 130638                         /lib64/libz.so.1.2.3
3650e15000-3650e16000 rw-p 00015000 fd:01 130638                         /lib64/libz.so.1.2.3
3651000000-3651007000 r-xp 00000000 fd:01 132701                         /lib64/librt-2.12.so
3651007000-3651206000 ---p 00007000 fd:01 132701                         /lib64/librt-2.12.so
3651206000-3651207000 r--p 00006000 fd:01 132701                         /lib64/librt-2.12.so
3651207000-3651208000 rw-p 00007000 fd:01 132701                         /lib64/librt-2.12.so
3651800000-3651816000 r-xp 00000000 fd:01 133662                         /lib64/libgcc_s-4.4.7-20120601.so.1
3651816000-3651a15000 ---p 00016000 fd:01 133662                         /lib64/libgcc_s-4.4.7-20120601.so.1
3651a15000-3651a16000 rw-p 00015000 fd:01 133662                         /lib64/libgcc_s-4.4.7-20120601.so.1
3653000000-36530e8000 r-xp 00000000 fd:01 49938                          /usr/lib64/libstdc++.so.6.0.13
36530e8000-36532e8000 ---p 000e8000 fd:01 49938                          /usr/lib64/libstdc++.so.6.0.13
36532e8000-36532ef000 r--p 000e8000 fd:01 49938                          /usr/lib64/libstdc++.so.6.0.13
36532ef000-36532f1000 rw-p 000ef000 fd:01 49938                          /usr/lib64/libstdc++.so.6.0.13
36532f1000-3653306000 rw-p 00000000 00:00 0 
3659000000-3659098000 r-xp 00000000 fd:01 4478                           /usr/lib64/libfreetype.so.6.3.22
3659098000-3659297000 ---p 00098000 fd:01 4478                           /usr/lib64/libfreetype.so.6.3.22
3659297000-365929d000 rw-p 00097000 fd:01 4478                           /usr/lib64/libfreetype.so.6.3.22
365c200000-365c216000 r-xp 00000000 fd:01 137559                         /lib64/libnsl-2.12.so
365c216000-365c415000 ---p 00016000 fd:01 137559                         /lib64/libnsl-2.12.so
365c415000-365c416000 r--p 00015000 fd:01 137559                         /lib64/libnsl-2.12.so
365c416000-365c417000 rw-p 00016000 fd:01 137559                         /lib64/libnsl-2.12.so
365c417000-365c419000 rw-p 00000000 00:00 0 
2b7a9f985000-2b7a9f986000 rw-p 00000000 00:00 0 
2b7a9f99c000-2b7a9f9a0000 rw-p 00000000 00:00 0 
2b7a9f9a0000-2b7aa03ab000 r-xp 00000000 fd:01 23213                      /usr/lib/jvm/java-1.6.0-openjdk-1.6.0.0.x86_64/jre/lib/amd64/server/libjvm.so
2b7aa03ab000-2b7aa05ab000 ---p 00a0b000 fd:01 23213                      /usr/lib/jvm/java-1.6.0-openjdk-1.6.0.0.x86_64/jre/lib/amd64/server/libjvm.so
2b7aa05ab000-2b7aa064c000 rw-p 00a0b000 fd:01 23213                      /usr/lib/jvm/java-1.6.0-openjdk-1.6.0.0.x86_64/jre/lib/amd64/server/libjvm.so
2b7aa064c000-2b7aa0675000 rw-p 00000000 00:00 0 
2b7aa068b000-2b7aa070e000 r-xp 00000000 fd:01 130627                     /lib64/libm-2.12.so
2b7aa070e000-2b7aa090d000 ---p 00083000 fd:01 130627                     /lib64/libm-2.12.so
2b7aa090d000-2b7aa090e000 r--p 00082000 fd:01 130627                     /lib64/libm-2.12.so
2b7aa090e000-2b7aa090f000 rw-p 00083000 fd:01 130627                     /lib64/libm-2.12.so
2b7aa090f000-2b7aa0912000 ---p 00000000 00:00 0 
2b7aa0912000-2b7aa0a10000 rw-p 00000000 00:00 0 
2b7aa0a10000-2b7aa0a1e000 r-xp 00000000 fd:01 23207                      /usr/lib/jvm/java-1.6.0-openjdk-1.6.0.0.x86_64/jre/lib/amd64/libverify.so
2b7aa0a1e000-2b7aa0c1e000 ---p 0000e000 fd:01 23207                      /usr/lib/jvm/java-1.6.0-openjdk-1.6.0.0.x86_64/jre/lib/amd64/libverify.so
2b7aa0c1e000-2b7aa0c20000 rw-p 0000e000 fd:01 23207                      /usr/lib/jvm/java-1.6.0-openjdk-1.6.0.0.x86_64/jre/lib/amd64/libverify.so
2b7aa0c20000-2b7aa0c4d000 r-xp 00000000 fd:01 23159                      /usr/lib/jvm/java-1.6.0-openjdk-1.6.0.0.x86_64/jre/lib/amd64/libjava.so
2b7aa0c4d000-2b7aa0e4c000 ---p 0002d000 fd:01 23159                      /usr/lib/jvm/java-1.6.0-openjdk-1.6.0.0.x86_64/jre/lib/amd64/libjava.so
2b7aa0e4c000-2b7aa0e50000 rw-p 0002c000 fd:01 23159                      /usr/lib/jvm/java-1.6.0-openjdk-1.6.0.0.x86_64/jre/lib/amd64/libjava.so
2b7aa0e50000-2b7aa0e51000 r--p 00000000 00:00 0 
2b7aa0e51000-2b7aa0e52000 rw-p 00000000 00:00 0 
2b7aa0e52000-2b7aa0e87000 r--s 00000000 fd:02 128540                     /var/db/nscd/passwd
2b7aa0e87000-2b7aa0e8f000 rw-s 00000000 fd:03 38                         /tmp/hsperfdata_dw07r324/26395
2b7aa0e8f000-2b7aa0e96000 r-xp 00000000 fd:01 23208                      /usr/lib/jvm/java-1.6.0-openjdk-1.6.0.0.x86_64/jre/lib/amd64/libzip.so
2b7aa0e96000-2b7aa1096000 ---p 00007000 fd:01 23208                      /usr/lib/jvm/java-1.6.0-openjdk-1.6.0.0.x86_64/jre/lib/amd64/libzip.so
2b7aa1096000-2b7aa1097000 rw-p 00007000 fd:01 23208                      /usr/lib/jvm/java-1.6.0-openjdk-1.6.0.0.x86_64/jre/lib/amd64/libzip.so
2b7aa4000000-2b7aa52a3000 rw-p 00000000 00:00 0 
2b7aa52a3000-2b7aa8000000 ---p 00000000 00:00 0 
2b7aa8000000-2b7aa8270000 rwxp 00000000 00:00 0 
2b7aa8270000-2b7aab000000 rw-p 00000000 00:00 0 
2b7aab000000-2b7aab00a000 rw-p 00000000 00:00 0 
2b7aab00a000-2b7aab0c0000 rw-p 00000000 00:00 0 
2b7aab0c0000-2b7aab0cb000 rw-p 00000000 00:00 0 
2b7aab0cb000-2b7aab113000 rw-p 00000000 00:00 0 
2b7aab113000-2b7aab475000 rw-p 00000000 00:00 0 
2b7aab475000-2b7aab4bd000 rw-p 00000000 00:00 0 
2b7aab4bd000-2b7aab4be000 ---p 00000000 00:00 0 
2b7aab4be000-2b7aab5be000 rw-p 00000000 00:00 0 
2b7aab5be000-2b7aab5bf000 ---p 00000000 00:00 0 
2b7aab5bf000-2b7aab6bf000 rw-p 00000000 00:00 0 
2b7aab6bf000-2b7aab6c0000 ---p 00000000 00:00 0 
2b7aab6c0000-2b7aab7c0000 rw-p 00000000 00:00 0 
2b7aab7c0000-2b7aab7c1000 ---p 00000000 00:00 0 
2b7aab7c1000-2b7aab8c1000 rw-p 00000000 00:00 0 
2b7aab8c1000-2b7aab8c2000 ---p 00000000 00:00 0 
2b7aab8c2000-2b7aab9c2000 rw-p 00000000 00:00 0 
2b7aab9c2000-2b7aab9c3000 ---p 00000000 00:00 0 
2b7aab9c3000-2b7aabac3000 rw-p 00000000 00:00 0 
2b7aabac3000-2b7aabac4000 ---p 00000000 00:00 0 
2b7aabac4000-2b7aabbc4000 rw-p 00000000 00:00 0 
2b7aabbc4000-2b7aabbc5000 ---p 00000000 00:00 0 
2b7aabbc5000-2b7aabcc5000 rw-p 00000000 00:00 0 
2b7aac000000-2b7aac021000 rw-p 00000000 00:00 0 
2b7aac021000-2b7ab0000000 ---p 00000000 00:00 0 
2b7ab0000000-2b7ab0021000 rw-p 00000000 00:00 0 
2b7ab0021000-2b7ab4000000 ---p 00000000 00:00 0 
2b7ab4000000-2b7ab4021000 rw-p 00000000 00:00 0 
2b7ab4021000-2b7ab8000000 ---p 00000000 00:00 0 
2b7ab8000000-2b7ab8021000 rw-p 00000000 00:00 0 
2b7ab8021000-2b7abc000000 ---p 00000000 00:00 0 
2b7abc000000-2b7abc021000 rw-p 00000000 00:00 0 
2b7abc021000-2b7ac0000000 ---p 00000000 00:00 0 
2b7ac0000000-2b7ac0021000 rw-p 00000000 00:00 0 
2b7ac0021000-2b7ac4000000 ---p 00000000 00:00 0 
2b7ac4000000-2b7ac4021000 rw-p 00000000 00:00 0 
2b7ac4021000-2b7ac8000000 ---p 00000000 00:00 0 
2b7ac8000000-2b7ac8021000 rw-p 00000000 00:00 0 
2b7ac8021000-2b7acc000000 ---p 00000000 00:00 0 
2b7acc000000-2b7aceea4000 rw-p 00000000 00:00 0 
2b7aceea4000-2b7acf03a000 r--s 01a15000 fd:01 23288                      /usr/lib/jvm/java-1.6.0-openjdk-1.6.0.0.x86_64/jre/lib/rt.jar
2b7acf03a000-2b7ad0cb1000 rw-p 00000000 00:00 0 
2b7ad0cb1000-2b7ad0cb2000 ---p 00000000 00:00 0 
2b7ad0cb2000-2b7ad0db2000 rw-p 00000000 00:00 0 
2b7ad0db2000-2b7ad0db5000 ---p 00000000 00:00 0 
2b7ad0db5000-2b7ad0eb3000 rw-p 00000000 00:00 0 
2b7ad0eb3000-2b7ad0eb6000 ---p 00000000 00:00 0 
2b7ad0eb6000-2b7ad0fb4000 rw-p 00000000 00:00 0 
2b7ad4000000-2b7ad4021000 rw-p 00000000 00:00 0 
2b7ad4021000-2b7ad8000000 ---p 00000000 00:00 0 
2b7ad8000000-2b7ad8021000 rw-p 00000000 00:00 0 
2b7ad8021000-2b7adc000000 ---p 00000000 00:00 0 
2b7adc000000-2b7adc021000 rw-p 00000000 00:00 0 
2b7adc021000-2b7ae0000000 ---p 00000000 00:00 0 
2b7ae0000000-2b7ae5e91000 r--p 00000000 fd:01 49935                      /usr/lib/locale/locale-archive
2b7ae5e91000-2b7ae5e94000 ---p 00000000 00:00 0 
2b7ae5e94000-2b7ae5f92000 rw-p 00000000 00:00 0 
2b7ae5f92000-2b7ae5f95000 ---p 00000000 00:00 0 
2b7ae5f95000-2b7ae6093000 rw-p 00000000 00:00 0 
2b7ae6093000-2b7ae6096000 ---p 00000000 00:00 0 
2b7ae6096000-2b7ae6194000 rw-p 00000000 00:00 0 
2b7ae6194000-2b7ae6197000 ---p 00000000 00:00 0 
2b7ae6197000-2b7ae6295000 rw-p 00000000 00:00 0 
2b7ae6295000-2b7ae6296000 ---p 00000000 00:00 0 
2b7ae6296000-2b7ae6396000 rw-p 00000000 00:00 0 
2b7ae6396000-2b7ae6398000 r--s 00009000 00:35 125760574                  /mmfs/automount/gpfs/homefs/sm/dw07r324/bin/GOAL-20140808/lib/jpf-boot.jar
2b7ae6398000-2b7ae639b000 r--s 0000f000 fd:01 23233                      /usr/lib/jvm/java-1.6.0-openjdk-1.6.0.0.x86_64/jre/lib/ext/pulse-java.jar
2b7ae639b000-2b7ae63a4000 r--s 00065000 fd:01 23228                      /usr/lib/jvm/java-1.6.0-openjdk-1.6.0.0.x86_64/jre/lib/ext/gnome-java-bridge.jar
2b7ae63a4000-2b7ae63a6000 r--s 00009000 00:35 125760574                  /mmfs/automount/gpfs/homefs/sm/dw07r324/bin/GOAL-20140808/lib/jpf-boot.jar
2b7ae63a6000-2b7ae63aa000 r--s 0003c000 fd:01 14238                      /usr/lib/jvm/java-1.6.0-openjdk-1.6.0.0.x86_64/jre/lib/jsse.jar
2b7ae63aa000-2b7ae63af000 r--s 0002d000 00:35 125760577                  /mmfs/automount/gpfs/homefs/sm/dw07r324/bin/GOAL-20140808/lib/jpf.jar
2b7ae63af000-2b7ae63b1000 r--s 0000d000 00:35 125760571                  /mmfs/automount/gpfs/homefs/sm/dw07r324/bin/GOAL-20140808/lib/commons-logging.jar
2b7ae63b1000-2b7ae63b3000 r--s 00012000 00:35 125760576                  /mmfs/automount/gpfs/homefs/sm/dw07r324/bin/GOAL-20140808/lib/jpf-tools.jar
2b7ae63b3000-2b7ae63ba000 r--s 00039000 00:35 125760578                  /mmfs/automount/gpfs/homefs/sm/dw07r324/bin/GOAL-20140808/lib/jxp.jar
2b7ae63ba000-2b7ae63bc000 r--s 00004000 00:35 125760570                  /mmfs/automount/gpfs/homefs/sm/dw07r324/bin/GOAL-20140808/lib/AppleJavaExtensions.jar
2b7ae63bc000-2b7ae63c1000 r--s 0002a000 00:35 125760572                  /mmfs/automount/gpfs/homefs/sm/dw07r324/bin/GOAL-20140808/lib/gson-2.2.2.jar
2b7ae63c1000-2b7ae63c4000 r--s 0001a000 00:35 125760579                  /mmfs/automount/gpfs/homefs/sm/dw07r324/bin/GOAL-20140808/lib/minijdd_104.jar
2b7ae63c4000-2b7ae63e7000 r--s 0022d000 00:35 119089039                  /mmfs/automount/gpfs/homefs/sm/dw07r324/bin/GOAL-20140808/.jpf-shadow/org.svvrl.goal.core@2014.8.8.zip (deleted)
2b7ae63e7000-2b7ae648a000 r-xp 00000000 fd:01 13434                      /usr/lib/jvm/java-1.6.0-openjdk-1.6.0.0.x86_64/jre/lib/amd64/libawt.so
2b7ae648a000-2b7ae668a000 ---p 000a3000 fd:01 13434                      /usr/lib/jvm/java-1.6.0-openjdk-1.6.0.0.x86_64/jre/lib/amd64/libawt.so
2b7ae668a000-2b7ae6696000 rw-p 000a3000 fd:01 13434                      /usr/lib/jvm/java-1.6.0-openjdk-1.6.0.0.x86_64/jre/lib/amd64/libawt.so
2b7ae6696000-2b7ae66ba000 rw-p 00000000 00:00 0 
2b7ae66ba000-2b7ae66c0000 r-xp 00000000 fd:01 8525                       /usr/lib/jvm/java-1.6.0-openjdk-1.6.0.0.x86_64/jre/lib/amd64/headless/libmawt.so
2b7ae66c0000-2b7ae68bf000 ---p 00006000 fd:01 8525                       /usr/lib/jvm/java-1.6.0-openjdk-1.6.0.0.x86_64/jre/lib/amd64/headless/libmawt.so
2b7ae68bf000-2b7ae68c0000 rw-p 00005000 fd:01 8525                       /usr/lib/jvm/java-1.6.0-openjdk-1.6.0.0.x86_64/jre/lib/amd64/headless/libmawt.so
2b7ae68c0000-2b7ae68db000 r--s 0029a000 00:35 35904512                   /mmfs/automount/gpfs/homefs/sm/dw07r324/bin/GOAL-20140808/.jpf-shadow/org.svvrl.goal.gui@2014.8.8.zip
2b7ae68db000-2b7ae6928000 r-xp 00000000 fd:01 13546                      /usr/lib/jvm/java-1.6.0-openjdk-1.6.0.0.x86_64/jre/lib/amd64/libfontmanager.so
2b7ae6928000-2b7ae6b28000 ---p 0004d000 fd:01 13546                      /usr/lib/jvm/java-1.6.0-openjdk-1.6.0.0.x86_64/jre/lib/amd64/libfontmanager.so
2b7ae6b28000-2b7ae6b2b000 rw-p 0004d000 fd:01 13546                      /usr/lib/jvm/java-1.6.0-openjdk-1.6.0.0.x86_64/jre/lib/amd64/libfontmanager.so
2b7ae6b2b000-2b7ae6b2e000 ---p 00000000 00:00 0 
2b7ae6b2e000-2b7ae6c2c000 rw-p 00000000 00:00 0 
2b7ae6c2c000-2b7ae6c33000 r--s 00000000 fd:02 1513                       /var/cache/fontconfig/12b26b760a24f8b4feb03ad48a333a72-le64.cache-3
2b7ae6c33000-2b7ae6c3c000 r--s 00000000 fd:02 1443                       /var/cache/fontconfig/b79f3aaa7d385a141ab53ec885cc22a8-le64.cache-3
2b7ae6c3c000-2b7ae6c40000 r--s 00000000 fd:02 1132                       /var/cache/fontconfig/87f5e051180a7a75f16eb6fe7dbd3749-le64.cache-3
2b7ae6c40000-2b7ae6c56000 r-xp 00000000 fd:01 23199                      /usr/lib/jvm/java-1.6.0-openjdk-1.6.0.0.x86_64/jre/lib/amd64/libnet.so
2b7ae6c56000-2b7ae6e55000 ---p 00016000 fd:01 23199                      /usr/lib/jvm/java-1.6.0-openjdk-1.6.0.0.x86_64/jre/lib/amd64/libnet.so
2b7ae6e55000-2b7ae6e56000 rw-p 00015000 fd:01 23199                      /usr/lib/jvm/java-1.6.0-openjdk-1.6.0.0.x86_64/jre/lib/amd64/libnet.so
2b7ae6e56000-2b7ae6e5e000 r-xp 00000000 fd:01 23200                      /usr/lib/jvm/java-1.6.0-openjdk-1.6.0.0.x86_64/jre/lib/amd64/libnio.so
2b7ae6e5e000-2b7ae705d000 ---p 00008000 fd:01 23200                      /usr/lib/jvm/java-1.6.0-openjdk-1.6.0.0.x86_64/jre/lib/amd64/libnio.so
2b7ae705d000-2b7ae705e000 rw-p 00007000 fd:01 23200                      /usr/lib/jvm/java-1.6.0-openjdk-1.6.0.0.x86_64/jre/lib/amd64/libnio.so
2b7ae705e000-2b7ae7065000 r--s 00000000 fd:02 1513                       /var/cache/fontconfig/12b26b760a24f8b4feb03ad48a333a72-le64.cache-3
2b7ae7065000-2b7ae706e000 r--s 00000000 fd:02 1443                       /var/cache/fontconfig/b79f3aaa7d385a141ab53ec885cc22a8-le64.cache-3
2b7ae706e000-2b7ae7072000 r--s 00000000 fd:02 1132                       /var/cache/fontconfig/87f5e051180a7a75f16eb6fe7dbd3749-le64.cache-3
2b7ae7072000-2b7ae7078000 r--s 0004b000 00:35 75495208                   /mmfs/automount/gpfs/homefs/sm/dw07r324/bin/GOAL-20140808/.jpf-shadow/org.svvrl.goal.cmd@2014.8.8.zip
2b7ae7078000-2b7ae707a000 rw-p 00000000 00:00 0 
2b7ae8000000-2b7ae8021000 rw-p 00000000 00:00 0 
2b7ae8021000-2b7aec000000 ---p 00000000 00:00 0 
2b7aec000000-2b7aeccbc000 rw-p 00000000 00:00 0 
2b7aeccbc000-2b7af0000000 ---p 00000000 00:00 0 
2b7af0000000-2b7af12da000 rw-p 00000000 00:00 0 
2b7af12da000-2b7af4000000 ---p 00000000 00:00 0 
2b7af4000000-2b7af4021000 rw-p 00000000 00:00 0 
2b7af4021000-2b7af8000000 ---p 00000000 00:00 0 
2b7af8000000-2b7af8021000 rw-p 00000000 00:00 0 
2b7af8021000-2b7afc000000 ---p 00000000 00:00 0 
2b7afc000000-2b7afc021000 rw-p 00000000 00:00 0 
2b7afc021000-2b7b00000000 ---p 00000000 00:00 0 
7fff09894000-7fff098ca000 rw-p 00000000 00:00 0                          [stack]
7fff099fe000-7fff099ff000 r-xp 00000000 00:00 0                          [vdso]
ffffffffff600000-ffffffffff601000 r-xp 00000000 00:00 0                  [vsyscall]

VM Arguments:
jvm_args: -Xmx1G -Xms1G -DapplicationRoot=/home/ubelix/sm/dw07r324/bin/GOAL-20140808 -Dorg.java.plugin.boot.pluginsRepositories=/home/ubelix/sm/dw07r324/bin/GOAL-20140808/plugins -Djpf.boot.config=/home/ubelix/sm/dw07r324/bin/GOAL-20140808/boot.properties -Dorg.apache.commons.logging.Log=org.apache.commons.logging.impl.SimpleLog -Dorg.apache.commons.logging.simplelog.log.org.java.plugin=fatal 
java_command: /home/ubelix/sm/dw07r324/bin/GOAL-20140808/lib/jpf-boot.jar complement -m piterman -eq -macc -sp -ro -r /scratch/local/8663605.1.all.q/test_set_s15/s15_t2.2_a0.1_024.gff
Launcher Type: SUN_STANDARD

Environment Variables:
CLASSPATH=/home/ubelix/sm/dw07r324/bin/GOAL-20140808:/home/ubelix/sm/dw07r324/bin/GOAL-20140808/plugins:/home/ubelix/sm/dw07r324/bin/GOAL-20140808/lib:
PATH=/scratch/local/8663605.1.all.q:/usr/lib64/qt-3.3/bin:/usr/local/bin:/bin:/usr/bin:/usr/local/sbin:/usr/sbin:/sbin:/usr/lpp/mmfs/bin:/home/ubelix/sm/dw07r324/bin/GOAL-20140808:/home/ubelix/sm/dw07r324/bin/gnu_time/bin:/usr/lpp/mmfs/bin
LD_LIBRARY_PATH=/usr/lib/jvm/java-1.6.0-openjdk-1.6.0.0.x86_64/jre/lib/amd64/server:/usr/lib/jvm/java-1.6.0-openjdk-1.6.0.0.x86_64/jre/lib/amd64:/usr/lib/jvm/java-1.6.0-openjdk-1.6.0.0.x86_64/jre/../lib/amd64
SHELL=/bin/bash

Signal Handlers:
SIGSEGV: [libjvm.so+0x870a40], sa_mask[0]=0x7ffbfeff, sa_flags=0x10000004
SIGBUS: [libjvm.so+0x870a40], sa_mask[0]=0x7ffbfeff, sa_flags=0x10000004
SIGFPE: [libjvm.so+0x719240], sa_mask[0]=0x7ffbfeff, sa_flags=0x10000004
SIGPIPE: [libjvm.so+0x719240], sa_mask[0]=0x7ffbfeff, sa_flags=0x10000004
SIGXFSZ: [libjvm.so+0x719240], sa_mask[0]=0x7ffbfeff, sa_flags=0x10000004
SIGILL: [libjvm.so+0x719240], sa_mask[0]=0x7ffbfeff, sa_flags=0x10000004
SIGUSR1: SIG_DFL, sa_mask[0]=0x00000000, sa_flags=0x00000000
SIGUSR2: [libjvm.so+0x718d60], sa_mask[0]=0x00000000, sa_flags=0x10000004
SIGHUP: [libjvm.so+0x71bdf0], sa_mask[0]=0x7ffbfeff, sa_flags=0x10000004
SIGINT: [libjvm.so+0x71bdf0], sa_mask[0]=0x7ffbfeff, sa_flags=0x10000004
SIGTERM: [libjvm.so+0x71bdf0], sa_mask[0]=0x7ffbfeff, sa_flags=0x10000004
SIGQUIT: [libjvm.so+0x71bdf0], sa_mask[0]=0x7ffbfeff, sa_flags=0x10000004


---------------  S Y S T E M  ---------------

OS:Red Hat Enterprise Linux ComputeNode release 6.5 (Santiago)

uname:Linux 2.6.32-431.29.2.el6.x86_64 #1 SMP Sun Jul 27 15:55:46 EDT 2014 x86_64
libc:glibc 2.12 NPTL 2.12 
rlimit: STACK infinity, CORE infinity, NPROC 127431, NOFILE 4096, AS 8388608k
load average:3.39 3.53 3.82

/proc/meminfo:
MemTotal:       16331612 kB
MemFree:         5032836 kB
Buffers:           14228 kB
Cached:          6050344 kB
SwapCached:           88 kB
Active:          2899460 kB
Inactive:        3716976 kB
Active(anon):     488608 kB
Inactive(anon):    63452 kB
Active(file):    2410852 kB
Inactive(file):  3653524 kB
Unevictable:     4082900 kB
Mlocked:         4082900 kB
SwapTotal:       8388604 kB
SwapFree:        8388380 kB
Dirty:                92 kB
Writeback:             0 kB
AnonPages:       4634716 kB
Mapped:            99012 kB
Shmem:               192 kB
Slab:             374160 kB
SReclaimable:     307128 kB
SUnreclaim:        67032 kB
KernelStack:        4712 kB
PageTables:        16852 kB
NFS_Unstable:          0 kB
Bounce:                0 kB
WritebackTmp:          0 kB
CommitLimit:    16554408 kB
Committed_AS:    6813812 kB
VmallocTotal:   34359738367 kB
VmallocUsed:      109412 kB
VmallocChunk:   34351234244 kB
HardwareCorrupted:     0 kB
AnonHugePages:         0 kB
HugePages_Total:       0
HugePages_Free:        0
HugePages_Rsvd:        0
HugePages_Surp:        0
Hugepagesize:       2048 kB
DirectMap4k:        9920 kB
DirectMap2M:     2086912 kB
DirectMap1G:    14680064 kB


CPU:total 8 (4 cores per cpu, 1 threads per core) family 16 model 2 stepping 3, cmov, cx8, fxsr, mmx, sse, sse2, sse3, popcnt, mmxext, 3dnowpref, lzcnt, sse4a, tsc, tscinvbit, tscinv

/proc/cpuinfo:
processor	: 0
vendor_id	: AuthenticAMD
cpu family	: 16
model		: 2
model name	: Quad-Core AMD Opteron(tm) Processor 2354
stepping	: 3
cpu MHz		: 2200.000
cache size	: 512 KB
physical id	: 0
siblings	: 4
core id		: 0
cpu cores	: 4
apicid		: 0
initial apicid	: 0
fpu		: yes
fpu_exception	: yes
cpuid level	: 5
wp		: yes
flags		: fpu vme de pse tsc msr pae mce cx8 apic sep mtrr pge mca cmov pat pse36 clflush mmx fxsr sse sse2 ht syscall nx mmxext fxsr_opt pdpe1gb rdtscp lm 3dnowext 3dnow constant_tsc rep_good nonstop_tsc extd_apicid pni monitor cx16 popcnt lahf_lm cmp_legacy svm extapic cr8_legacy abm sse4a misalignsse 3dnowprefetch osvw ibs npt lbrv svm_lock
bogomips	: 4422.88
TLB size	: 1024 4K pages
clflush size	: 64
cache_alignment	: 64
address sizes	: 48 bits physical, 48 bits virtual
power management: ts ttp tm stc 100mhzsteps hwpstate

processor	: 1
vendor_id	: AuthenticAMD
cpu family	: 16
model		: 2
model name	: Quad-Core AMD Opteron(tm) Processor 2354
stepping	: 3
cpu MHz		: 2200.000
cache size	: 512 KB
physical id	: 0
siblings	: 4
core id		: 1
cpu cores	: 4
apicid		: 1
initial apicid	: 1
fpu		: yes
fpu_exception	: yes
cpuid level	: 5
wp		: yes
flags		: fpu vme de pse tsc msr pae mce cx8 apic sep mtrr pge mca cmov pat pse36 clflush mmx fxsr sse sse2 ht syscall nx mmxext fxsr_opt pdpe1gb rdtscp lm 3dnowext 3dnow constant_tsc rep_good nonstop_tsc extd_apicid pni monitor cx16 popcnt lahf_lm cmp_legacy svm extapic cr8_legacy abm sse4a misalignsse 3dnowprefetch osvw ibs npt lbrv svm_lock
bogomips	: 4422.88
TLB size	: 1024 4K pages
clflush size	: 64
cache_alignment	: 64
address sizes	: 48 bits physical, 48 bits virtual
power management: ts ttp tm stc 100mhzsteps hwpstate

processor	: 2
vendor_id	: AuthenticAMD
cpu family	: 16
model		: 2
model name	: Quad-Core AMD Opteron(tm) Processor 2354
stepping	: 3
cpu MHz		: 2200.000
cache size	: 512 KB
physical id	: 0
siblings	: 4
core id		: 2
cpu cores	: 4
apicid		: 2
initial apicid	: 2
fpu		: yes
fpu_exception	: yes
cpuid level	: 5
wp		: yes
flags		: fpu vme de pse tsc msr pae mce cx8 apic sep mtrr pge mca cmov pat pse36 clflush mmx fxsr sse sse2 ht syscall nx mmxext fxsr_opt pdpe1gb rdtscp lm 3dnowext 3dnow constant_tsc rep_good nonstop_tsc extd_apicid pni monitor cx16 popcnt lahf_lm cmp_legacy svm extapic cr8_legacy abm sse4a misalignsse 3dnowprefetch osvw ibs npt lbrv svm_lock
bogomips	: 4422.88
TLB size	: 1024 4K pages
clflush size	: 64
cache_alignment	: 64
address sizes	: 48 bits physical, 48 bits virtual
power management: ts ttp tm stc 100mhzsteps hwpstate

processor	: 3
vendor_id	: AuthenticAMD
cpu family	: 16
model		: 2
model name	: Quad-Core AMD Opteron(tm) Processor 2354
stepping	: 3
cpu MHz		: 2200.000
cache size	: 512 KB
physical id	: 0
siblings	: 4
core id		: 3
cpu cores	: 4
apicid		: 3
initial apicid	: 3
fpu		: yes
fpu_exception	: yes
cpuid level	: 5
wp		: yes
flags		: fpu vme de pse tsc msr pae mce cx8 apic sep mtrr pge mca cmov pat pse36 clflush mmx fxsr sse sse2 ht syscall nx mmxext fxsr_opt pdpe1gb rdtscp lm 3dnowext 3dnow constant_tsc rep_good nonstop_tsc extd_apicid pni monitor cx16 popcnt lahf_lm cmp_legacy svm extapic cr8_legacy abm sse4a misalignsse 3dnowprefetch osvw ibs npt lbrv svm_lock
bogomips	: 4422.88
TLB size	: 1024 4K pages
clflush size	: 64
cache_alignment	: 64
address sizes	: 48 bits physical, 48 bits virtual
power management: ts ttp tm stc 100mhzsteps hwpstate

processor	: 4
vendor_id	: AuthenticAMD
cpu family	: 16
model		: 2
model name	: Quad-Core AMD Opteron(tm) Processor 2354
stepping	: 3
cpu MHz		: 2200.000
cache size	: 512 KB
physical id	: 1
siblings	: 4
core id		: 0
cpu cores	: 4
apicid		: 4
initial apicid	: 4
fpu		: yes
fpu_exception	: yes
cpuid level	: 5
wp		: yes
flags		: fpu vme de pse tsc msr pae mce cx8 apic sep mtrr pge mca cmov pat pse36 clflush mmx fxsr sse sse2 ht syscall nx mmxext fxsr_opt pdpe1gb rdtscp lm 3dnowext 3dnow constant_tsc rep_good nonstop_tsc extd_apicid pni monitor cx16 popcnt lahf_lm cmp_legacy svm extapic cr8_legacy abm sse4a misalignsse 3dnowprefetch osvw ibs npt lbrv svm_lock
bogomips	: 4422.23
TLB size	: 1024 4K pages
clflush size	: 64
cache_alignment	: 64
address sizes	: 48 bits physical, 48 bits virtual
power management: ts ttp tm stc 100mhzsteps hwpstate

processor	: 5
vendor_id	: AuthenticAMD
cpu family	: 16
model		: 2
model name	: Quad-Core AMD Opteron(tm) Processor 2354
stepping	: 3
cpu MHz		: 2200.000
cache size	: 512 KB
physical id	: 1
siblings	: 4
core id		: 1
cpu cores	: 4
apicid		: 5
initial apicid	: 5
fpu		: yes
fpu_exception	: yes
cpuid level	: 5
wp		: yes
flags		: fpu vme de pse tsc msr pae mce cx8 apic sep mtrr pge mca cmov pat pse36 clflush mmx fxsr sse sse2 ht syscall nx mmxext fxsr_opt pdpe1gb rdtscp lm 3dnowext 3dnow constant_tsc rep_good nonstop_tsc extd_apicid pni monitor cx16 popcnt lahf_lm cmp_legacy svm extapic cr8_legacy abm sse4a misalignsse 3dnowprefetch osvw ibs npt lbrv svm_lock
bogomips	: 4422.23
TLB size	: 1024 4K pages
clflush size	: 64
cache_alignment	: 64
address sizes	: 48 bits physical, 48 bits virtual
power management: ts ttp tm stc 100mhzsteps hwpstate

processor	: 6
vendor_id	: AuthenticAMD
cpu family	: 16
model		: 2
model name	: Quad-Core AMD Opteron(tm) Processor 2354
stepping	: 3
cpu MHz		: 2200.000
cache size	: 512 KB
physical id	: 1
siblings	: 4
core id		: 2
cpu cores	: 4
apicid		: 6
initial apicid	: 6
fpu		: yes
fpu_exception	: yes
cpuid level	: 5
wp		: yes
flags		: fpu vme de pse tsc msr pae mce cx8 apic sep mtrr pge mca cmov pat pse36 clflush mmx fxsr sse sse2 ht syscall nx mmxext fxsr_opt pdpe1gb rdtscp lm 3dnowext 3dnow constant_tsc rep_good nonstop_tsc extd_apicid pni monitor cx16 popcnt lahf_lm cmp_legacy svm extapic cr8_legacy abm sse4a misalignsse 3dnowprefetch osvw ibs npt lbrv svm_lock
bogomips	: 4422.23
TLB size	: 1024 4K pages
clflush size	: 64
cache_alignment	: 64
address sizes	: 48 bits physical, 48 bits virtual
power management: ts ttp tm stc 100mhzsteps hwpstate

processor	: 7
vendor_id	: AuthenticAMD
cpu family	: 16
model		: 2
model name	: Quad-Core AMD Opteron(tm) Processor 2354
stepping	: 3
cpu MHz		: 2200.000
cache size	: 512 KB
physical id	: 1
siblings	: 4
core id		: 3
cpu cores	: 4
apicid		: 7
initial apicid	: 7
fpu		: yes
fpu_exception	: yes
cpuid level	: 5
wp		: yes
flags		: fpu vme de pse tsc msr pae mce cx8 apic sep mtrr pge mca cmov pat pse36 clflush mmx fxsr sse sse2 ht syscall nx mmxext fxsr_opt pdpe1gb rdtscp lm 3dnowext 3dnow constant_tsc rep_good nonstop_tsc extd_apicid pni monitor cx16 popcnt lahf_lm cmp_legacy svm extapic cr8_legacy abm sse4a misalignsse 3dnowprefetch osvw ibs npt lbrv svm_lock
bogomips	: 4422.23
TLB size	: 1024 4K pages
clflush size	: 64
cache_alignment	: 64
address sizes	: 48 bits physical, 48 bits virtual
power management: ts ttp tm stc 100mhzsteps hwpstate



Memory: 4k page, physical 16331612k(5032836k free), swap 8388604k(8388380k free)

vm_info: OpenJDK 64-Bit Server VM (23.25-b01) for linux-amd64 JRE (1.6.0_32-b32), built on Aug 21 2014 11:15:48 by "mockbuild" with gcc 4.4.7 20120313 (Red Hat 4.4.7-4)

time: Tue Sep 23 10:13:33 2014
elapsed time: 8 seconds

