#
# A fatal error has been detected by the Java Runtime Environment:
#
#  SIGBUS (0x7) at pc=0x00002b03a3160522, pid=30178, tid=47294616291072
#
# JRE version: 6.0_32-b32
# Java VM: OpenJDK 64-Bit Server VM (23.25-b01 mixed mode linux-amd64 compressed oops)
# Problematic frame:
# C  [libzip.so+0x4522]  ZIP_Lock+0x252
#
# Core dump written. Default location: /mmfs/automount/gpfs/homefs/sm/dw07r324/jobs/piterman.eq.macc.sp.ro.r/core or core.30178
#
# If you would like to submit a bug report, please include
# instructions how to reproduce the bug and visit:
#   http://icedtea.classpath.org/bugzilla
# The crash happened outside the Java Virtual Machine in native code.
# See problematic frame for where to report the bug.
#

---------------  T H R E A D  ---------------

Current thread (0x00002b03a4008000):  JavaThread "main" [_thread_in_native, id=30179, stack(0x00002b03a2bdc000,0x00002b03a2cdd000)]

siginfo:si_signo=SIGBUS: si_errno=0, si_code=2 (BUS_ADRERR), si_addr=0x00002b03f4fe0330

Registers:
RAX=0x00002b03a5291760, RBX=0x00002b03f4fe0313, RCX=0x0000000000000251, RDX=0x0000000000000250
RSP=0x00002b03a2cda540, RBP=0x00002b03a2cda580, RSI=0x0000000000000040, RDI=0x00002b03a4000020
R8 =0x00002b03a4000088, R9 =0x0000000000000001, R10=0x0000000000000040, R11=0x00002b03a240c660
R12=0x00002b03a5291760, R13=0x00002b03a4f745d0, R14=0x00002b03a2cda5f0, R15=0x00002b03a5291760
RIP=0x00002b03a3160522, EFLAGS=0x0000000000010202, CSGSFS=0x0000000000000033, ERR=0x0000000000000004
  TRAPNO=0x000000000000000e

Top of Stack: (sp=0x00002b03a2cda540)
0x00002b03a2cda540:   00002b03a4f8d2c0 00002b03a235605e
0x00002b03a2cda550:   000000000000008f 00002b03a4f6c814
0x00002b03a2cda560:   00002b03a4f745d0 00000000b98d4855
0x00002b03a2cda570:   00002b03a2cda5f0 000000000000002b
0x00002b03a2cda580:   00002b03a2cda5d0 00002b03a3160ae2
0x00002b03a2cda590:   00002b03a4008000 00002b03a4f7cfb0
0x00002b03a2cda5a0:   00002b03a2cda610 00002b03a40081d8
0x00002b03a2cda5b0:   00002b03a2cda5f0 000000000000002b
0x00002b03a2cda5c0:   00002b03a2cdaac8 00002b03a2cda5f0
0x00002b03a2cda5d0:   00002b03a2cdaa30 00002b03a315fae4
0x00002b03a2cda5e0:   0000002b01fd73a8 00002b03a4f745d0
0x00002b03a2cda5f0:   2f73657373616c63 727676732f67726f
0x00002b03a2cda600:   632f6c616f672f6c 6148646d432f646d
0x00002b03a2cda610:   6c632e72656c646e 00002b0300737361
0x00002b03a2cda620:   0000000000000000 0000000400000000
0x00002b03a2cda630:   00002b03a4008b90 0000000000000000
0x00002b03a2cda640:   00002b03a2cda670 00002b03a4008000
0x00002b03a2cda650:   00000000b5cc4b00 000000000000001a
0x00002b03a2cda660:   00002b03a4008000 00000000b5cc4b00
0x00002b03a2cda670:   00002b03a2cda6d0 00002b03a21a05f2
0x00002b03a2cda680:   00002b03a4008000 00002b03b5fcd910
0x00002b03a2cda690:   00002b03a4008000 000000364fc7a10b
0x00002b03a2cda6a0:   0000000000000001 00000000000000bd
0x00002b03a2cda6b0:   0000000000000000 00002b03a4008000
0x00002b03a2cda6c0:   00002b03a2cda700 00002b0300000000
0x00002b03a2cda6d0:   00000000b5cc8c58 00002b0000000061
0x00002b03a2cda6e0:   00000000b5bdfef5 00000000f0a2d928
0x00002b03a2cda6f0:   00002b03a2cda6f0 00000000b5cc69cb
0x00002b03a2cda700:   00002b03a2cda750 00002b03a4008b80
0x00002b03a2cda710:   0000000000000000 0000000000000001
0x00002b03a2cda720:   00002b03a4008000 ffffffffffffffff
0x00002b03a2cda730:   00002b03a2cda7a0 00002b03a215ca03 

Instructions: (pc=0x00002b03a3160522)
0x00002b03a3160502:   00 00 00 00 00 48 c7 40 30 00 00 00 00 48 c7 40
0x00002b03a3160512:   28 00 00 00 00 8b 5b 04 49 2b 5d 28 49 03 5d 18
0x00002b03a3160522:   44 0f b6 73 1d 0f b6 43 1c 41 c1 e6 08 41 09 c6
0x00002b03a3160532:   0f b6 43 1e 88 45 ce 0f b6 43 1f 88 45 cf 0f b6 

Register to memory mapping:

RAX=0x00002b03a5291760 is an unknown value
RBX=0x00002b03f4fe0313 is an unknown value
RCX=0x0000000000000251 is an unknown value
RDX=0x0000000000000250 is an unknown value
RSP=0x00002b03a2cda540 is pointing into the stack for thread: 0x00002b03a4008000
RBP=0x00002b03a2cda580 is pointing into the stack for thread: 0x00002b03a4008000
RSI=0x0000000000000040 is an unknown value
RDI=0x00002b03a4000020 is an unknown value
R8 =0x00002b03a4000088 is an unknown value
R9 =0x0000000000000001 is an unknown value
R10=0x0000000000000040 is an unknown value
R11=0x00002b03a240c660: <offset 0x79f660> in /usr/lib/jvm/java-1.6.0-openjdk-1.6.0.0.x86_64/jre/lib/amd64/server/libjvm.so at 0x00002b03a1c6d000
R12=0x00002b03a5291760 is an unknown value
R13=0x00002b03a4f745d0 is an unknown value
R14=0x00002b03a2cda5f0 is pointing into the stack for thread: 0x00002b03a4008000
R15=0x00002b03a5291760 is an unknown value


Stack: [0x00002b03a2bdc000,0x00002b03a2cdd000],  sp=0x00002b03a2cda540,  free space=1017k
Native frames: (J=compiled Java code, j=interpreted, Vv=VM code, C=native code)
C  [libzip.so+0x4522]  ZIP_Lock+0x252
C  [libzip.so+0x4ae2]  ZIP_GetEntry+0xc2
C  [libzip.so+0x3ae4]  Java_java_util_zip_ZipFile_getEntry+0xc4
j  java.util.zip.ZipFile.getEntry(JLjava/lang/String;Z)J+0
j  java.util.zip.ZipFile.getEntry(Ljava/lang/String;)Ljava/util/zip/ZipEntry;+31
j  java.util.jar.JarFile.getEntry(Ljava/lang/String;)Ljava/util/zip/ZipEntry;+2
j  sun.net.www.protocol.jar.URLJarFile.getEntry(Ljava/lang/String;)Ljava/util/zip/ZipEntry;+2
j  sun.net.www.protocol.jar.JarURLConnection.connect()V+62
j  sun.net.www.protocol.jar.JarURLConnection.getInputStream()Ljava/io/InputStream;+1
j  sun.misc.URLClassPath$Loader.getResource(Ljava/lang/String;Z)Lsun/misc/Resource;+48
j  sun.misc.URLClassPath.getResource(Ljava/lang/String;Z)Lsun/misc/Resource;+53
j  java.net.URLClassLoader$1.run()Ljava/lang/Object;+26
v  ~StubRoutines::call_stub
V  [libjvm.so+0x537e3e]  AsyncGetCallTrace+0xd776e
V  [libjvm.so+0x536ad8]  AsyncGetCallTrace+0xd6408
V  [libjvm.so+0x597140]  JVM_DoPrivileged+0x400
j  java.security.AccessController.doPrivileged(Ljava/security/PrivilegedExceptionAction;Ljava/security/AccessControlContext;)Ljava/lang/Object;+0
j  java.net.URLClassLoader.findClass(Ljava/lang/String;)Ljava/lang/Class;+13
j  org.java.plugin.standard.StandardPluginClassLoader.loadLocalClass(Ljava/lang/String;ZLorg/java/plugin/standard/StandardPluginClassLoader;)Ljava/lang/Class;+97
j  org.java.plugin.standard.StandardPluginClassLoader.loadClass(Ljava/lang/String;Z)Ljava/lang/Class;+62
j  java.lang.ClassLoader.loadClass(Ljava/lang/String;)Ljava/lang/Class;+3
j  org.svvrl.goal.core.CorePlugin.getConsoleHandler()Lorg/svvrl/goal/core/ConsoleHandler;+73
j  org.svvrl.goal.core.CorePlugin.startApplication()V+23
j  org.java.plugin.boot.Boot.boot(Lorg/java/plugin/util/ExtendedProperties;ZLjava/lang/String;Lorg/java/plugin/boot/BootErrorHandler;[Ljava/lang/String;)Lorg/java/plugin/boot/Application;+354
j  org.java.plugin.boot.Boot.main([Ljava/lang/String;)V+162
v  ~StubRoutines::call_stub
V  [libjvm.so+0x537e3e]  AsyncGetCallTrace+0xd776e
V  [libjvm.so+0x536ad8]  AsyncGetCallTrace+0xd6408
V  [libjvm.so+0x5452a7]  JNI_CreateJavaVM+0x12e7
V  [libjvm.so+0x55a4eb]  JNI_CreateJavaVM+0x1652b
C  [java+0x374d]  JavaMain+0xd0d

Java frames: (J=compiled Java code, j=interpreted, Vv=VM code)
j  java.util.zip.ZipFile.getEntry(JLjava/lang/String;Z)J+0
j  java.util.zip.ZipFile.getEntry(Ljava/lang/String;)Ljava/util/zip/ZipEntry;+31
j  java.util.jar.JarFile.getEntry(Ljava/lang/String;)Ljava/util/zip/ZipEntry;+2
j  sun.net.www.protocol.jar.URLJarFile.getEntry(Ljava/lang/String;)Ljava/util/zip/ZipEntry;+2
j  sun.net.www.protocol.jar.JarURLConnection.connect()V+62
j  sun.net.www.protocol.jar.JarURLConnection.getInputStream()Ljava/io/InputStream;+1
j  sun.misc.URLClassPath$Loader.getResource(Ljava/lang/String;Z)Lsun/misc/Resource;+48
j  sun.misc.URLClassPath.getResource(Ljava/lang/String;Z)Lsun/misc/Resource;+53
j  java.net.URLClassLoader$1.run()Ljava/lang/Object;+26
v  ~StubRoutines::call_stub
j  java.security.AccessController.doPrivileged(Ljava/security/PrivilegedExceptionAction;Ljava/security/AccessControlContext;)Ljava/lang/Object;+0
j  java.net.URLClassLoader.findClass(Ljava/lang/String;)Ljava/lang/Class;+13
j  org.java.plugin.standard.StandardPluginClassLoader.loadLocalClass(Ljava/lang/String;ZLorg/java/plugin/standard/StandardPluginClassLoader;)Ljava/lang/Class;+97
j  org.java.plugin.standard.StandardPluginClassLoader.loadClass(Ljava/lang/String;Z)Ljava/lang/Class;+62
j  java.lang.ClassLoader.loadClass(Ljava/lang/String;)Ljava/lang/Class;+3
j  org.svvrl.goal.core.CorePlugin.getConsoleHandler()Lorg/svvrl/goal/core/ConsoleHandler;+73
j  org.svvrl.goal.core.CorePlugin.startApplication()V+23
j  org.java.plugin.boot.Boot.boot(Lorg/java/plugin/util/ExtendedProperties;ZLjava/lang/String;Lorg/java/plugin/boot/BootErrorHandler;[Ljava/lang/String;)Lorg/java/plugin/boot/Application;+354
j  org.java.plugin.boot.Boot.main([Ljava/lang/String;)V+162
v  ~StubRoutines::call_stub

---------------  P R O C E S S  ---------------

Java Threads: ( => current thread )
  0x00002b03a4203800 JavaThread "Java2D Disposer" daemon [_thread_blocked, id=30199, stack(0x00002b03f4a98000,0x00002b03f4b99000)]
  0x00002b03a4101800 JavaThread "Low Memory Detector" daemon [_thread_blocked, id=30194, stack(0x00002b03f4101000,0x00002b03f4202000)]
  0x00002b03a40ff000 JavaThread "C2 CompilerThread1" daemon [_thread_blocked, id=30193, stack(0x00002b03f4000000,0x00002b03f4101000)]
  0x00002b03a40fc800 JavaThread "C2 CompilerThread0" daemon [_thread_blocked, id=30192, stack(0x00002b03e9f92000,0x00002b03ea093000)]
  0x00002b03a40fa000 JavaThread "Signal Dispatcher" daemon [_thread_blocked, id=30191, stack(0x00002b03e9e91000,0x00002b03e9f92000)]
  0x00002b03a40ab800 JavaThread "Finalizer" daemon [_thread_blocked, id=30190, stack(0x00002b03d8101000,0x00002b03d8202000)]
  0x00002b03a40a9800 JavaThread "Reference Handler" daemon [_thread_blocked, id=30189, stack(0x00002b03d8000000,0x00002b03d8101000)]
=>0x00002b03a4008000 JavaThread "main" [_thread_in_native, id=30179, stack(0x00002b03a2bdc000,0x00002b03a2cdd000)]

Other Threads:
  0x00002b03a409a800 VMThread [stack: 0x00002b03c4d91000,0x00002b03c4e92000] [id=30188]
  0x00002b03a410c800 WatcherThread [stack: 0x00002b03f4202000,0x00002b03f4303000] [id=30195]

VM state:not at safepoint (normal execution)

VM Mutex/Monitor currently owned by a thread: None

Heap
 PSYoungGen      total 305856K, used 99749K [0x00000000eaab0000, 0x0000000100000000, 0x0000000100000000)
  eden space 262208K, 38% used [0x00000000eaab0000,0x00000000f0c19460,0x00000000faac0000)
  from space 43648K, 0% used [0x00000000fd560000,0x00000000fd560000,0x0000000100000000)
  to   space 43648K, 0% used [0x00000000faac0000,0x00000000faac0000,0x00000000fd560000)
 ParOldGen       total 699072K, used 0K [0x00000000c0000000, 0x00000000eaab0000, 0x00000000eaab0000)
  object space 699072K, 0% used [0x00000000c0000000,0x00000000c0000000,0x00000000eaab0000)
 PSPermGen       total 21248K, used 10967K [0x00000000b5a00000, 0x00000000b6ec0000, 0x00000000c0000000)
  object space 21248K, 51% used [0x00000000b5a00000,0x00000000b64b5e00,0x00000000b6ec0000)

Card table byte_map: [0x00002b03ab0c0000,0x00002b03ab314000] byte_map_base: 0x00002b03aab13000

Polling page: 0x00002b03a311d000

Code Cache  [0x00002b03a8000000, 0x00002b03a8270000, 0x00002b03ab000000)
 total_blobs=454 nmethods=174 adapters=233 free_code_cache=48221Kb largest_free_block=49358016

Compilation events (10 events):
Event: 6.181 Thread 0x00002b03a40fc800 nmethod 167 0x00002b03a80e6110 code [0x00002b03a80e6260, 0x00002b03a80e6608]
Event: 6.181 Thread 0x00002b03a40fc800  168             java.lang.String::indexOf (7 bytes)
Event: 6.182 Thread 0x00002b03a40fc800 nmethod 168 0x00002b03a80e5ed0 code [0x00002b03a80e6020, 0x00002b03a80e6088]
Event: 6.187 Thread 0x00002b03a40ff000 nmethod 165 0x00002b03a80ec250 code [0x00002b03a80ec440, 0x00002b03a80ecf68]
Event: 6.287 Thread 0x00002b03a40fc800  169             java.lang.Character::toLowerCase (9 bytes)
Event: 6.287 Thread 0x00002b03a40ff000  170             java.lang.CharacterDataLatin1::toLowerCase (39 bytes)
Event: 6.288 Thread 0x00002b03a40ff000 nmethod 170 0x00002b03a80e5c10 code [0x00002b03a80e5d40, 0x00002b03a80e5df8]
Event: 6.289 Thread 0x00002b03a40fc800 nmethod 169 0x00002b03a80e3890 code [0x00002b03a80e39e0, 0x00002b03a80e3b38]
Event: 6.502 Thread 0x00002b03a40ff000  171             java.lang.System::getSecurityManager (4 bytes)
Event: 6.502 Thread 0x00002b03a40ff000 nmethod 171 0x00002b03a80e3690 code [0x00002b03a80e37c0, 0x00002b03a80e3818]

GC Heap History (0 events):
No events

Deoptimization events (10 events):
Event: 4.170 Thread 0x00002b03a4008000 Uncommon trap -34 fr.pc 0x00002b03a80a005c
Event: 4.171 Thread 0x00002b03a4008000 Uncommon trap -34 fr.pc 0x00002b03a80a005c
Event: 4.553 Thread 0x00002b03a4008000 Uncommon trap -34 fr.pc 0x00002b03a80af218
Event: 5.964 Thread 0x00002b03a4008000 Uncommon trap -34 fr.pc 0x00002b03a80af218
Event: 5.964 Thread 0x00002b03a4008000 Uncommon trap -34 fr.pc 0x00002b03a80af218
Event: 5.964 Thread 0x00002b03a4008000 Uncommon trap -34 fr.pc 0x00002b03a80af218
Event: 6.305 Thread 0x00002b03a4008000 Uncommon trap -58 fr.pc 0x00002b03a80d135c
Event: 6.310 Thread 0x00002b03a4008000 Uncommon trap -58 fr.pc 0x00002b03a80d135c
Event: 6.503 Thread 0x00002b03a4008000 Uncommon trap -58 fr.pc 0x00002b03a80d135c
Event: 6.519 Thread 0x00002b03a4008000 Uncommon trap -58 fr.pc 0x00002b03a80d135c

Internal exceptions (10 events):
Event: 6.281 Thread 0x00002b03a4008000 Threw 0x00000000f0855280 at /builddir/build/BUILD/icedtea6-1.13.4/openjdk/hotspot/src/share/vm/prims/jvm.cpp:1235
Event: 6.283 Thread 0x00002b03a4008000 Threw 0x00000000f086f958 at /builddir/build/BUILD/icedtea6-1.13.4/openjdk/hotspot/src/share/vm/classfile/systemDictionary.cpp:179
Event: 6.283 Thread 0x00002b03a4008000 Threw 0x00000000f086fce0 at /builddir/build/BUILD/icedtea6-1.13.4/openjdk/hotspot/src/share/vm/prims/jvm.cpp:1235
Event: 6.283 Thread 0x00002b03a4008000 Threw 0x00000000f0870118 at /builddir/build/BUILD/icedtea6-1.13.4/openjdk/hotspot/src/share/vm/prims/jvm.cpp:1235
Event: 6.284 Thread 0x00002b03a4008000 Threw 0x00000000f087f640 at /builddir/build/BUILD/icedtea6-1.13.4/openjdk/hotspot/src/share/vm/classfile/systemDictionary.cpp:179
Event: 6.284 Thread 0x00002b03a4008000 Threw 0x00000000f087f9c0 at /builddir/build/BUILD/icedtea6-1.13.4/openjdk/hotspot/src/share/vm/prims/jvm.cpp:1235
Event: 6.284 Thread 0x00002b03a4008000 Threw 0x00000000f087fdf0 at /builddir/build/BUILD/icedtea6-1.13.4/openjdk/hotspot/src/share/vm/prims/jvm.cpp:1235
Event: 6.285 Thread 0x00002b03a4008000 Threw 0x00000000f088d7d0 at /builddir/build/BUILD/icedtea6-1.13.4/openjdk/hotspot/src/share/vm/classfile/systemDictionary.cpp:179
Event: 6.285 Thread 0x00002b03a4008000 Threw 0x00000000f088dd30 at /builddir/build/BUILD/icedtea6-1.13.4/openjdk/hotspot/src/share/vm/prims/jvm.cpp:1235
Event: 6.285 Thread 0x00002b03a4008000 Threw 0x00000000f088e340 at /builddir/build/BUILD/icedtea6-1.13.4/openjdk/hotspot/src/share/vm/prims/jvm.cpp:1235

Events (10 events):
Event: 6.503 Thread 0x00002b03a4008000 DEOPT PACKING pc=0x00002b03a80d135c sp=0x00002b03a2cdb4d0
Event: 6.503 Thread 0x00002b03a4008000 DEOPT UNPACKING pc=0x00002b03a8039145 sp=0x00002b03a2cdb480 mode 2
Event: 6.517 loading class 0x00002b03a461b990
Event: 6.517 loading class 0x00002b03a461b990 done
Event: 6.517 loading class 0x00002b03a461bb60
Event: 6.517 loading class 0x00002b03a461bbe0
Event: 6.517 loading class 0x00002b03a461bbe0 done
Event: 6.517 loading class 0x00002b03a461bb60 done
Event: 6.519 Thread 0x00002b03a4008000 DEOPT PACKING pc=0x00002b03a80d135c sp=0x00002b03a2cdb500
Event: 6.519 Thread 0x00002b03a4008000 DEOPT UNPACKING pc=0x00002b03a8039145 sp=0x00002b03a2cdb4b0 mode 2


Dynamic libraries:
00400000-00409000 r-xp 00000000 fd:01 5993                               /usr/lib/jvm/java-1.6.0-openjdk-1.6.0.0.x86_64/jre/bin/java
00608000-0060a000 rw-p 00008000 fd:01 5993                               /usr/lib/jvm/java-1.6.0-openjdk-1.6.0.0.x86_64/jre/bin/java
01a65000-01a86000 rw-p 00000000 00:00 0                                  [heap]
b5a00000-b6ec0000 rw-p 00000000 00:00 0 
b6ec0000-c0000000 rw-p 00000000 00:00 0 
c0000000-100000000 rw-p 00000000 00:00 0 
364f800000-364f820000 r-xp 00000000 fd:01 130582                         /lib64/ld-2.12.so
364fa1f000-364fa20000 r--p 0001f000 fd:01 130582                         /lib64/ld-2.12.so
364fa20000-364fa21000 rw-p 00020000 fd:01 130582                         /lib64/ld-2.12.so
364fa21000-364fa22000 rw-p 00000000 00:00 0 
364fc00000-364fd8a000 r-xp 00000000 fd:01 130613                         /lib64/libc-2.12.so
364fd8a000-364ff8a000 ---p 0018a000 fd:01 130613                         /lib64/libc-2.12.so
364ff8a000-364ff8e000 r--p 0018a000 fd:01 130613                         /lib64/libc-2.12.so
364ff8e000-364ff8f000 rw-p 0018e000 fd:01 130613                         /lib64/libc-2.12.so
364ff8f000-364ff94000 rw-p 00000000 00:00 0 
3650000000-3650004000 r-xp 00000000 fd:01 13573                          /usr/lib/jvm/java-1.6.0-openjdk-1.6.0.0.x86_64/jre/lib/amd64/jli/libjli.so
3650004000-3650203000 ---p 00004000 fd:01 13573                          /usr/lib/jvm/java-1.6.0-openjdk-1.6.0.0.x86_64/jre/lib/amd64/jli/libjli.so
3650203000-3650204000 rw-p 00003000 fd:01 13573                          /usr/lib/jvm/java-1.6.0-openjdk-1.6.0.0.x86_64/jre/lib/amd64/jli/libjli.so
3650400000-3650417000 r-xp 00000000 fd:01 130636                         /lib64/libpthread-2.12.so
3650417000-3650617000 ---p 00017000 fd:01 130636                         /lib64/libpthread-2.12.so
3650617000-3650618000 r--p 00017000 fd:01 130636                         /lib64/libpthread-2.12.so
3650618000-3650619000 rw-p 00018000 fd:01 130636                         /lib64/libpthread-2.12.so
3650619000-365061d000 rw-p 00000000 00:00 0 
3650800000-3650802000 r-xp 00000000 fd:01 130624                         /lib64/libdl-2.12.so
3650802000-3650a02000 ---p 00002000 fd:01 130624                         /lib64/libdl-2.12.so
3650a02000-3650a03000 r--p 00002000 fd:01 130624                         /lib64/libdl-2.12.so
3650a03000-3650a04000 rw-p 00003000 fd:01 130624                         /lib64/libdl-2.12.so
3650c00000-3650c15000 r-xp 00000000 fd:01 130638                         /lib64/libz.so.1.2.3
3650c15000-3650e14000 ---p 00015000 fd:01 130638                         /lib64/libz.so.1.2.3
3650e14000-3650e15000 r--p 00014000 fd:01 130638                         /lib64/libz.so.1.2.3
3650e15000-3650e16000 rw-p 00015000 fd:01 130638                         /lib64/libz.so.1.2.3
3651000000-3651007000 r-xp 00000000 fd:01 132701                         /lib64/librt-2.12.so
3651007000-3651206000 ---p 00007000 fd:01 132701                         /lib64/librt-2.12.so
3651206000-3651207000 r--p 00006000 fd:01 132701                         /lib64/librt-2.12.so
3651207000-3651208000 rw-p 00007000 fd:01 132701                         /lib64/librt-2.12.so
3651800000-3651816000 r-xp 00000000 fd:01 133662                         /lib64/libgcc_s-4.4.7-20120601.so.1
3651816000-3651a15000 ---p 00016000 fd:01 133662                         /lib64/libgcc_s-4.4.7-20120601.so.1
3651a15000-3651a16000 rw-p 00015000 fd:01 133662                         /lib64/libgcc_s-4.4.7-20120601.so.1
3653000000-36530e8000 r-xp 00000000 fd:01 49938                          /usr/lib64/libstdc++.so.6.0.13
36530e8000-36532e8000 ---p 000e8000 fd:01 49938                          /usr/lib64/libstdc++.so.6.0.13
36532e8000-36532ef000 r--p 000e8000 fd:01 49938                          /usr/lib64/libstdc++.so.6.0.13
36532ef000-36532f1000 rw-p 000ef000 fd:01 49938                          /usr/lib64/libstdc++.so.6.0.13
36532f1000-3653306000 rw-p 00000000 00:00 0 
3659000000-3659098000 r-xp 00000000 fd:01 4478                           /usr/lib64/libfreetype.so.6.3.22
3659098000-3659297000 ---p 00098000 fd:01 4478                           /usr/lib64/libfreetype.so.6.3.22
3659297000-365929d000 rw-p 00097000 fd:01 4478                           /usr/lib64/libfreetype.so.6.3.22
365c200000-365c216000 r-xp 00000000 fd:01 137559                         /lib64/libnsl-2.12.so
365c216000-365c415000 ---p 00016000 fd:01 137559                         /lib64/libnsl-2.12.so
365c415000-365c416000 r--p 00015000 fd:01 137559                         /lib64/libnsl-2.12.so
365c416000-365c417000 rw-p 00016000 fd:01 137559                         /lib64/libnsl-2.12.so
365c417000-365c419000 rw-p 00000000 00:00 0 
2b03a1c52000-2b03a1c53000 rw-p 00000000 00:00 0 
2b03a1c69000-2b03a1c6d000 rw-p 00000000 00:00 0 
2b03a1c6d000-2b03a2678000 r-xp 00000000 fd:01 23213                      /usr/lib/jvm/java-1.6.0-openjdk-1.6.0.0.x86_64/jre/lib/amd64/server/libjvm.so
2b03a2678000-2b03a2878000 ---p 00a0b000 fd:01 23213                      /usr/lib/jvm/java-1.6.0-openjdk-1.6.0.0.x86_64/jre/lib/amd64/server/libjvm.so
2b03a2878000-2b03a2919000 rw-p 00a0b000 fd:01 23213                      /usr/lib/jvm/java-1.6.0-openjdk-1.6.0.0.x86_64/jre/lib/amd64/server/libjvm.so
2b03a2919000-2b03a2942000 rw-p 00000000 00:00 0 
2b03a2958000-2b03a29db000 r-xp 00000000 fd:01 130627                     /lib64/libm-2.12.so
2b03a29db000-2b03a2bda000 ---p 00083000 fd:01 130627                     /lib64/libm-2.12.so
2b03a2bda000-2b03a2bdb000 r--p 00082000 fd:01 130627                     /lib64/libm-2.12.so
2b03a2bdb000-2b03a2bdc000 rw-p 00083000 fd:01 130627                     /lib64/libm-2.12.so
2b03a2bdc000-2b03a2bdf000 ---p 00000000 00:00 0 
2b03a2bdf000-2b03a2cdd000 rw-p 00000000 00:00 0 
2b03a2cdd000-2b03a2ceb000 r-xp 00000000 fd:01 23207                      /usr/lib/jvm/java-1.6.0-openjdk-1.6.0.0.x86_64/jre/lib/amd64/libverify.so
2b03a2ceb000-2b03a2eeb000 ---p 0000e000 fd:01 23207                      /usr/lib/jvm/java-1.6.0-openjdk-1.6.0.0.x86_64/jre/lib/amd64/libverify.so
2b03a2eeb000-2b03a2eed000 rw-p 0000e000 fd:01 23207                      /usr/lib/jvm/java-1.6.0-openjdk-1.6.0.0.x86_64/jre/lib/amd64/libverify.so
2b03a2eed000-2b03a2f1a000 r-xp 00000000 fd:01 23159                      /usr/lib/jvm/java-1.6.0-openjdk-1.6.0.0.x86_64/jre/lib/amd64/libjava.so
2b03a2f1a000-2b03a3119000 ---p 0002d000 fd:01 23159                      /usr/lib/jvm/java-1.6.0-openjdk-1.6.0.0.x86_64/jre/lib/amd64/libjava.so
2b03a3119000-2b03a311d000 rw-p 0002c000 fd:01 23159                      /usr/lib/jvm/java-1.6.0-openjdk-1.6.0.0.x86_64/jre/lib/amd64/libjava.so
2b03a311d000-2b03a311e000 r--p 00000000 00:00 0 
2b03a311e000-2b03a311f000 rw-p 00000000 00:00 0 
2b03a311f000-2b03a3154000 r--s 00000000 fd:02 128540                     /var/db/nscd/passwd
2b03a3154000-2b03a315c000 rw-s 00000000 fd:03 38                         /tmp/hsperfdata_dw07r324/30178
2b03a315c000-2b03a3163000 r-xp 00000000 fd:01 23208                      /usr/lib/jvm/java-1.6.0-openjdk-1.6.0.0.x86_64/jre/lib/amd64/libzip.so
2b03a3163000-2b03a3363000 ---p 00007000 fd:01 23208                      /usr/lib/jvm/java-1.6.0-openjdk-1.6.0.0.x86_64/jre/lib/amd64/libzip.so
2b03a3363000-2b03a3364000 rw-p 00007000 fd:01 23208                      /usr/lib/jvm/java-1.6.0-openjdk-1.6.0.0.x86_64/jre/lib/amd64/libzip.so
2b03a4000000-2b03a52aa000 rw-p 00000000 00:00 0 
2b03a52aa000-2b03a8000000 ---p 00000000 00:00 0 
2b03a8000000-2b03a8270000 rwxp 00000000 00:00 0 
2b03a8270000-2b03ab000000 rw-p 00000000 00:00 0 
2b03ab000000-2b03ab00a000 rw-p 00000000 00:00 0 
2b03ab00a000-2b03ab0c0000 rw-p 00000000 00:00 0 
2b03ab0c0000-2b03ab0cb000 rw-p 00000000 00:00 0 
2b03ab0cb000-2b03ab113000 rw-p 00000000 00:00 0 
2b03ab113000-2b03ab475000 rw-p 00000000 00:00 0 
2b03ab475000-2b03ab4bd000 rw-p 00000000 00:00 0 
2b03ab4bd000-2b03ab4be000 ---p 00000000 00:00 0 
2b03ab4be000-2b03ab5be000 rw-p 00000000 00:00 0 
2b03ab5be000-2b03ab5bf000 ---p 00000000 00:00 0 
2b03ab5bf000-2b03ab6bf000 rw-p 00000000 00:00 0 
2b03ab6bf000-2b03ab6c0000 ---p 00000000 00:00 0 
2b03ab6c0000-2b03ab7c0000 rw-p 00000000 00:00 0 
2b03ab7c0000-2b03ab7c1000 ---p 00000000 00:00 0 
2b03ab7c1000-2b03ab8c1000 rw-p 00000000 00:00 0 
2b03ab8c1000-2b03ab8c2000 ---p 00000000 00:00 0 
2b03ab8c2000-2b03ab9c2000 rw-p 00000000 00:00 0 
2b03ab9c2000-2b03ab9c3000 ---p 00000000 00:00 0 
2b03ab9c3000-2b03abac3000 rw-p 00000000 00:00 0 
2b03abac3000-2b03abac4000 ---p 00000000 00:00 0 
2b03abac4000-2b03abbc4000 rw-p 00000000 00:00 0 
2b03abbc4000-2b03abbc5000 ---p 00000000 00:00 0 
2b03abbc5000-2b03abcc5000 rw-p 00000000 00:00 0 
2b03ac000000-2b03ac021000 rw-p 00000000 00:00 0 
2b03ac021000-2b03b0000000 ---p 00000000 00:00 0 
2b03b0000000-2b03b0021000 rw-p 00000000 00:00 0 
2b03b0021000-2b03b4000000 ---p 00000000 00:00 0 
2b03b4000000-2b03b4021000 rw-p 00000000 00:00 0 
2b03b4021000-2b03b8000000 ---p 00000000 00:00 0 
2b03b8000000-2b03b8021000 rw-p 00000000 00:00 0 
2b03b8021000-2b03bc000000 ---p 00000000 00:00 0 
2b03bc000000-2b03beea4000 rw-p 00000000 00:00 0 
2b03beea4000-2b03bf03a000 r--s 01a15000 fd:01 23288                      /usr/lib/jvm/java-1.6.0-openjdk-1.6.0.0.x86_64/jre/lib/rt.jar
2b03bf03a000-2b03bff20000 rw-p 00000000 00:00 0 
2b03c0000000-2b03c0021000 rw-p 00000000 00:00 0 
2b03c0021000-2b03c4000000 ---p 00000000 00:00 0 
2b03c4000000-2b03c4d91000 rw-p 00000000 00:00 0 
2b03c4d91000-2b03c4d92000 ---p 00000000 00:00 0 
2b03c4d92000-2b03c4e92000 rw-p 00000000 00:00 0 
2b03c8000000-2b03c8021000 rw-p 00000000 00:00 0 
2b03c8021000-2b03cc000000 ---p 00000000 00:00 0 
2b03d0000000-2b03d0021000 rw-p 00000000 00:00 0 
2b03d0021000-2b03d4000000 ---p 00000000 00:00 0 
2b03d4000000-2b03d4021000 rw-p 00000000 00:00 0 
2b03d4021000-2b03d8000000 ---p 00000000 00:00 0 
2b03d8000000-2b03d8003000 ---p 00000000 00:00 0 
2b03d8003000-2b03d8101000 rw-p 00000000 00:00 0 
2b03d8101000-2b03d8104000 ---p 00000000 00:00 0 
2b03d8104000-2b03d8202000 rw-p 00000000 00:00 0 
2b03dc000000-2b03dc021000 rw-p 00000000 00:00 0 
2b03dc021000-2b03e0000000 ---p 00000000 00:00 0 
2b03e0000000-2b03e0021000 rw-p 00000000 00:00 0 
2b03e0021000-2b03e4000000 ---p 00000000 00:00 0 
2b03e4000000-2b03e9e91000 r--p 00000000 fd:01 49935                      /usr/lib/locale/locale-archive
2b03e9e91000-2b03e9e94000 ---p 00000000 00:00 0 
2b03e9e94000-2b03e9f92000 rw-p 00000000 00:00 0 
2b03e9f92000-2b03e9f95000 ---p 00000000 00:00 0 
2b03e9f95000-2b03ea093000 rw-p 00000000 00:00 0 
2b03ec000000-2b03ec021000 rw-p 00000000 00:00 0 
2b03ec021000-2b03f0000000 ---p 00000000 00:00 0 
2b03f0000000-2b03f1259000 rw-p 00000000 00:00 0 
2b03f1259000-2b03f4000000 ---p 00000000 00:00 0 
2b03f4000000-2b03f4003000 ---p 00000000 00:00 0 
2b03f4003000-2b03f4101000 rw-p 00000000 00:00 0 
2b03f4101000-2b03f4104000 ---p 00000000 00:00 0 
2b03f4104000-2b03f4202000 rw-p 00000000 00:00 0 
2b03f4202000-2b03f4203000 ---p 00000000 00:00 0 
2b03f4203000-2b03f4303000 rw-p 00000000 00:00 0 
2b03f4303000-2b03f4305000 r--s 00009000 00:35 125760574                  /mmfs/automount/gpfs/homefs/sm/dw07r324/bin/GOAL-20140808/lib/jpf-boot.jar
2b03f4305000-2b03f4308000 r--s 0000f000 fd:01 23233                      /usr/lib/jvm/java-1.6.0-openjdk-1.6.0.0.x86_64/jre/lib/ext/pulse-java.jar
2b03f4308000-2b03f4311000 r--s 00065000 fd:01 23228                      /usr/lib/jvm/java-1.6.0-openjdk-1.6.0.0.x86_64/jre/lib/ext/gnome-java-bridge.jar
2b03f4311000-2b03f4313000 r--s 00009000 00:35 125760574                  /mmfs/automount/gpfs/homefs/sm/dw07r324/bin/GOAL-20140808/lib/jpf-boot.jar
2b03f4313000-2b03f4317000 r--s 0003c000 fd:01 14238                      /usr/lib/jvm/java-1.6.0-openjdk-1.6.0.0.x86_64/jre/lib/jsse.jar
2b03f4317000-2b03f431c000 r--s 0002d000 00:35 125760577                  /mmfs/automount/gpfs/homefs/sm/dw07r324/bin/GOAL-20140808/lib/jpf.jar
2b03f431c000-2b03f431e000 r--s 0000d000 00:35 125760571                  /mmfs/automount/gpfs/homefs/sm/dw07r324/bin/GOAL-20140808/lib/commons-logging.jar
2b03f431e000-2b03f4320000 r--s 00012000 00:35 125760576                  /mmfs/automount/gpfs/homefs/sm/dw07r324/bin/GOAL-20140808/lib/jpf-tools.jar
2b03f4320000-2b03f4327000 r--s 00039000 00:35 125760578                  /mmfs/automount/gpfs/homefs/sm/dw07r324/bin/GOAL-20140808/lib/jxp.jar
2b03f4327000-2b03f4329000 r--s 00004000 00:35 125760570                  /mmfs/automount/gpfs/homefs/sm/dw07r324/bin/GOAL-20140808/lib/AppleJavaExtensions.jar
2b03f4329000-2b03f432e000 r--s 0002a000 00:35 125760572                  /mmfs/automount/gpfs/homefs/sm/dw07r324/bin/GOAL-20140808/lib/gson-2.2.2.jar
2b03f432e000-2b03f4331000 r--s 0001a000 00:35 125760579                  /mmfs/automount/gpfs/homefs/sm/dw07r324/bin/GOAL-20140808/lib/minijdd_104.jar
2b03f4331000-2b03f4354000 r--s 0022d000 00:35 11622834                   /mmfs/automount/gpfs/homefs/sm/dw07r324/bin/GOAL-20140808/.jpf-shadow/org.svvrl.goal.core@2014.8.8.zip (deleted)
2b03f4354000-2b03f43f7000 r-xp 00000000 fd:01 13434                      /usr/lib/jvm/java-1.6.0-openjdk-1.6.0.0.x86_64/jre/lib/amd64/libawt.so
2b03f43f7000-2b03f45f7000 ---p 000a3000 fd:01 13434                      /usr/lib/jvm/java-1.6.0-openjdk-1.6.0.0.x86_64/jre/lib/amd64/libawt.so
2b03f45f7000-2b03f4603000 rw-p 000a3000 fd:01 13434                      /usr/lib/jvm/java-1.6.0-openjdk-1.6.0.0.x86_64/jre/lib/amd64/libawt.so
2b03f4603000-2b03f4627000 rw-p 00000000 00:00 0 
2b03f4627000-2b03f462d000 r-xp 00000000 fd:01 8525                       /usr/lib/jvm/java-1.6.0-openjdk-1.6.0.0.x86_64/jre/lib/amd64/headless/libmawt.so
2b03f462d000-2b03f482c000 ---p 00006000 fd:01 8525                       /usr/lib/jvm/java-1.6.0-openjdk-1.6.0.0.x86_64/jre/lib/amd64/headless/libmawt.so
2b03f482c000-2b03f482d000 rw-p 00005000 fd:01 8525                       /usr/lib/jvm/java-1.6.0-openjdk-1.6.0.0.x86_64/jre/lib/amd64/headless/libmawt.so
2b03f482d000-2b03f4848000 r--s 0029a000 00:35 125423293                  /mmfs/automount/gpfs/homefs/sm/dw07r324/bin/GOAL-20140808/.jpf-shadow/org.svvrl.goal.gui@2014.8.8.zip
2b03f4848000-2b03f4895000 r-xp 00000000 fd:01 13546                      /usr/lib/jvm/java-1.6.0-openjdk-1.6.0.0.x86_64/jre/lib/amd64/libfontmanager.so
2b03f4895000-2b03f4a95000 ---p 0004d000 fd:01 13546                      /usr/lib/jvm/java-1.6.0-openjdk-1.6.0.0.x86_64/jre/lib/amd64/libfontmanager.so
2b03f4a95000-2b03f4a98000 rw-p 0004d000 fd:01 13546                      /usr/lib/jvm/java-1.6.0-openjdk-1.6.0.0.x86_64/jre/lib/amd64/libfontmanager.so
2b03f4a98000-2b03f4a9b000 ---p 00000000 00:00 0 
2b03f4a9b000-2b03f4b99000 rw-p 00000000 00:00 0 
2b03f4b99000-2b03f4ba0000 r--s 00000000 fd:02 1513                       /var/cache/fontconfig/12b26b760a24f8b4feb03ad48a333a72-le64.cache-3
2b03f4ba0000-2b03f4ba9000 r--s 00000000 fd:02 1443                       /var/cache/fontconfig/b79f3aaa7d385a141ab53ec885cc22a8-le64.cache-3
2b03f4ba9000-2b03f4bad000 r--s 00000000 fd:02 1132                       /var/cache/fontconfig/87f5e051180a7a75f16eb6fe7dbd3749-le64.cache-3
2b03f4bad000-2b03f4bc3000 r-xp 00000000 fd:01 23199                      /usr/lib/jvm/java-1.6.0-openjdk-1.6.0.0.x86_64/jre/lib/amd64/libnet.so
2b03f4bc3000-2b03f4dc2000 ---p 00016000 fd:01 23199                      /usr/lib/jvm/java-1.6.0-openjdk-1.6.0.0.x86_64/jre/lib/amd64/libnet.so
2b03f4dc2000-2b03f4dc3000 rw-p 00015000 fd:01 23199                      /usr/lib/jvm/java-1.6.0-openjdk-1.6.0.0.x86_64/jre/lib/amd64/libnet.so
2b03f4dc3000-2b03f4dcb000 r-xp 00000000 fd:01 23200                      /usr/lib/jvm/java-1.6.0-openjdk-1.6.0.0.x86_64/jre/lib/amd64/libnio.so
2b03f4dcb000-2b03f4fca000 ---p 00008000 fd:01 23200                      /usr/lib/jvm/java-1.6.0-openjdk-1.6.0.0.x86_64/jre/lib/amd64/libnio.so
2b03f4fca000-2b03f4fcb000 rw-p 00007000 fd:01 23200                      /usr/lib/jvm/java-1.6.0-openjdk-1.6.0.0.x86_64/jre/lib/amd64/libnio.so
2b03f4fcb000-2b03f4fd2000 r--s 00000000 fd:02 1513                       /var/cache/fontconfig/12b26b760a24f8b4feb03ad48a333a72-le64.cache-3
2b03f4fd2000-2b03f4fdb000 r--s 00000000 fd:02 1443                       /var/cache/fontconfig/b79f3aaa7d385a141ab53ec885cc22a8-le64.cache-3
2b03f4fdb000-2b03f4fdf000 r--s 00000000 fd:02 1132                       /var/cache/fontconfig/87f5e051180a7a75f16eb6fe7dbd3749-le64.cache-3
2b03f4fdf000-2b03f4fe5000 r--s 0004b000 00:35 50465638                   /mmfs/automount/gpfs/homefs/sm/dw07r324/bin/GOAL-20140808/.jpf-shadow/org.svvrl.goal.cmd@2014.8.8.zip
2b03f4fe5000-2b03f4fe7000 rw-p 00000000 00:00 0 
2b03f8000000-2b03f8cd3000 rw-p 00000000 00:00 0 
2b03f8cd3000-2b03fc000000 ---p 00000000 00:00 0 
2b03fc000000-2b03fc021000 rw-p 00000000 00:00 0 
2b03fc021000-2b0400000000 ---p 00000000 00:00 0 
2b0400000000-2b0400021000 rw-p 00000000 00:00 0 
2b0400021000-2b0404000000 ---p 00000000 00:00 0 
2b0404000000-2b0404021000 rw-p 00000000 00:00 0 
2b0404021000-2b0408000000 ---p 00000000 00:00 0 
7fffcd092000-7fffcd0c8000 rw-p 00000000 00:00 0                          [stack]
7fffcd174000-7fffcd175000 r-xp 00000000 00:00 0                          [vdso]
ffffffffff600000-ffffffffff601000 r-xp 00000000 00:00 0                  [vsyscall]

VM Arguments:
jvm_args: -Xmx1G -Xms1G -DapplicationRoot=/home/ubelix/sm/dw07r324/bin/GOAL-20140808 -Dorg.java.plugin.boot.pluginsRepositories=/home/ubelix/sm/dw07r324/bin/GOAL-20140808/plugins -Djpf.boot.config=/home/ubelix/sm/dw07r324/bin/GOAL-20140808/boot.properties -Dorg.apache.commons.logging.Log=org.apache.commons.logging.impl.SimpleLog -Dorg.apache.commons.logging.simplelog.log.org.java.plugin=fatal 
java_command: /home/ubelix/sm/dw07r324/bin/GOAL-20140808/lib/jpf-boot.jar complement -m piterman -eq -macc -sp -ro -r /scratch/local/8663605.1.all.q/test_set_s15/s15_t2.0_a0.8_067.gff
Launcher Type: SUN_STANDARD

Environment Variables:
CLASSPATH=/home/ubelix/sm/dw07r324/bin/GOAL-20140808:/home/ubelix/sm/dw07r324/bin/GOAL-20140808/plugins:/home/ubelix/sm/dw07r324/bin/GOAL-20140808/lib:
PATH=/scratch/local/8663605.1.all.q:/usr/lib64/qt-3.3/bin:/usr/local/bin:/bin:/usr/bin:/usr/local/sbin:/usr/sbin:/sbin:/usr/lpp/mmfs/bin:/home/ubelix/sm/dw07r324/bin/GOAL-20140808:/home/ubelix/sm/dw07r324/bin/gnu_time/bin:/usr/lpp/mmfs/bin
LD_LIBRARY_PATH=/usr/lib/jvm/java-1.6.0-openjdk-1.6.0.0.x86_64/jre/lib/amd64/server:/usr/lib/jvm/java-1.6.0-openjdk-1.6.0.0.x86_64/jre/lib/amd64:/usr/lib/jvm/java-1.6.0-openjdk-1.6.0.0.x86_64/jre/../lib/amd64
SHELL=/bin/bash

Signal Handlers:
SIGSEGV: [libjvm.so+0x870a40], sa_mask[0]=0x7ffbfeff, sa_flags=0x10000004
SIGBUS: [libjvm.so+0x870a40], sa_mask[0]=0x7ffbfeff, sa_flags=0x10000004
SIGFPE: [libjvm.so+0x719240], sa_mask[0]=0x7ffbfeff, sa_flags=0x10000004
SIGPIPE: [libjvm.so+0x719240], sa_mask[0]=0x7ffbfeff, sa_flags=0x10000004
SIGXFSZ: [libjvm.so+0x719240], sa_mask[0]=0x7ffbfeff, sa_flags=0x10000004
SIGILL: [libjvm.so+0x719240], sa_mask[0]=0x7ffbfeff, sa_flags=0x10000004
SIGUSR1: SIG_DFL, sa_mask[0]=0x00000000, sa_flags=0x00000000
SIGUSR2: [libjvm.so+0x718d60], sa_mask[0]=0x00000000, sa_flags=0x10000004
SIGHUP: [libjvm.so+0x71bdf0], sa_mask[0]=0x7ffbfeff, sa_flags=0x10000004
SIGINT: [libjvm.so+0x71bdf0], sa_mask[0]=0x7ffbfeff, sa_flags=0x10000004
SIGTERM: [libjvm.so+0x71bdf0], sa_mask[0]=0x7ffbfeff, sa_flags=0x10000004
SIGQUIT: [libjvm.so+0x71bdf0], sa_mask[0]=0x7ffbfeff, sa_flags=0x10000004


---------------  S Y S T E M  ---------------

OS:Red Hat Enterprise Linux ComputeNode release 6.5 (Santiago)

uname:Linux 2.6.32-431.29.2.el6.x86_64 #1 SMP Sun Jul 27 15:55:46 EDT 2014 x86_64
libc:glibc 2.12 NPTL 2.12 
rlimit: STACK infinity, CORE infinity, NPROC 127431, NOFILE 4096, AS 8388608k
load average:5.66 4.58 4.36

/proc/meminfo:
MemTotal:       16331612 kB
MemFree:         4902680 kB
Buffers:            5180 kB
Cached:          6085192 kB
SwapCached:           88 kB
Active:          2993240 kB
Inactive:        3750636 kB
Active(anon):     590148 kB
Inactive(anon):    63548 kB
Active(file):    2403092 kB
Inactive(file):  3687088 kB
Unevictable:     4082900 kB
Mlocked:         4082900 kB
SwapTotal:       8388604 kB
SwapFree:        8388380 kB
Dirty:             41916 kB
Writeback:             0 kB
AnonPages:       4736472 kB
Mapped:           106104 kB
Shmem:               192 kB
Slab:             376244 kB
SReclaimable:     308196 kB
SUnreclaim:        68048 kB
KernelStack:        4752 kB
PageTables:        18028 kB
NFS_Unstable:          0 kB
Bounce:                0 kB
WritebackTmp:          0 kB
CommitLimit:    16554408 kB
Committed_AS:    6918776 kB
VmallocTotal:   34359738367 kB
VmallocUsed:      109412 kB
VmallocChunk:   34351234244 kB
HardwareCorrupted:     0 kB
AnonHugePages:         0 kB
HugePages_Total:       0
HugePages_Free:        0
HugePages_Rsvd:        0
HugePages_Surp:        0
Hugepagesize:       2048 kB
DirectMap4k:        9920 kB
DirectMap2M:     2086912 kB
DirectMap1G:    14680064 kB


CPU:total 8 (4 cores per cpu, 1 threads per core) family 16 model 2 stepping 3, cmov, cx8, fxsr, mmx, sse, sse2, sse3, popcnt, mmxext, 3dnowpref, lzcnt, sse4a, tsc, tscinvbit, tscinv

/proc/cpuinfo:
processor	: 0
vendor_id	: AuthenticAMD
cpu family	: 16
model		: 2
model name	: Quad-Core AMD Opteron(tm) Processor 2354
stepping	: 3
cpu MHz		: 2200.000
cache size	: 512 KB
physical id	: 0
siblings	: 4
core id		: 0
cpu cores	: 4
apicid		: 0
initial apicid	: 0
fpu		: yes
fpu_exception	: yes
cpuid level	: 5
wp		: yes
flags		: fpu vme de pse tsc msr pae mce cx8 apic sep mtrr pge mca cmov pat pse36 clflush mmx fxsr sse sse2 ht syscall nx mmxext fxsr_opt pdpe1gb rdtscp lm 3dnowext 3dnow constant_tsc rep_good nonstop_tsc extd_apicid pni monitor cx16 popcnt lahf_lm cmp_legacy svm extapic cr8_legacy abm sse4a misalignsse 3dnowprefetch osvw ibs npt lbrv svm_lock
bogomips	: 4422.88
TLB size	: 1024 4K pages
clflush size	: 64
cache_alignment	: 64
address sizes	: 48 bits physical, 48 bits virtual
power management: ts ttp tm stc 100mhzsteps hwpstate

processor	: 1
vendor_id	: AuthenticAMD
cpu family	: 16
model		: 2
model name	: Quad-Core AMD Opteron(tm) Processor 2354
stepping	: 3
cpu MHz		: 2200.000
cache size	: 512 KB
physical id	: 0
siblings	: 4
core id		: 1
cpu cores	: 4
apicid		: 1
initial apicid	: 1
fpu		: yes
fpu_exception	: yes
cpuid level	: 5
wp		: yes
flags		: fpu vme de pse tsc msr pae mce cx8 apic sep mtrr pge mca cmov pat pse36 clflush mmx fxsr sse sse2 ht syscall nx mmxext fxsr_opt pdpe1gb rdtscp lm 3dnowext 3dnow constant_tsc rep_good nonstop_tsc extd_apicid pni monitor cx16 popcnt lahf_lm cmp_legacy svm extapic cr8_legacy abm sse4a misalignsse 3dnowprefetch osvw ibs npt lbrv svm_lock
bogomips	: 4422.88
TLB size	: 1024 4K pages
clflush size	: 64
cache_alignment	: 64
address sizes	: 48 bits physical, 48 bits virtual
power management: ts ttp tm stc 100mhzsteps hwpstate

processor	: 2
vendor_id	: AuthenticAMD
cpu family	: 16
model		: 2
model name	: Quad-Core AMD Opteron(tm) Processor 2354
stepping	: 3
cpu MHz		: 2200.000
cache size	: 512 KB
physical id	: 0
siblings	: 4
core id		: 2
cpu cores	: 4
apicid		: 2
initial apicid	: 2
fpu		: yes
fpu_exception	: yes
cpuid level	: 5
wp		: yes
flags		: fpu vme de pse tsc msr pae mce cx8 apic sep mtrr pge mca cmov pat pse36 clflush mmx fxsr sse sse2 ht syscall nx mmxext fxsr_opt pdpe1gb rdtscp lm 3dnowext 3dnow constant_tsc rep_good nonstop_tsc extd_apicid pni monitor cx16 popcnt lahf_lm cmp_legacy svm extapic cr8_legacy abm sse4a misalignsse 3dnowprefetch osvw ibs npt lbrv svm_lock
bogomips	: 4422.88
TLB size	: 1024 4K pages
clflush size	: 64
cache_alignment	: 64
address sizes	: 48 bits physical, 48 bits virtual
power management: ts ttp tm stc 100mhzsteps hwpstate

processor	: 3
vendor_id	: AuthenticAMD
cpu family	: 16
model		: 2
model name	: Quad-Core AMD Opteron(tm) Processor 2354
stepping	: 3
cpu MHz		: 2200.000
cache size	: 512 KB
physical id	: 0
siblings	: 4
core id		: 3
cpu cores	: 4
apicid		: 3
initial apicid	: 3
fpu		: yes
fpu_exception	: yes
cpuid level	: 5
wp		: yes
flags		: fpu vme de pse tsc msr pae mce cx8 apic sep mtrr pge mca cmov pat pse36 clflush mmx fxsr sse sse2 ht syscall nx mmxext fxsr_opt pdpe1gb rdtscp lm 3dnowext 3dnow constant_tsc rep_good nonstop_tsc extd_apicid pni monitor cx16 popcnt lahf_lm cmp_legacy svm extapic cr8_legacy abm sse4a misalignsse 3dnowprefetch osvw ibs npt lbrv svm_lock
bogomips	: 4422.88
TLB size	: 1024 4K pages
clflush size	: 64
cache_alignment	: 64
address sizes	: 48 bits physical, 48 bits virtual
power management: ts ttp tm stc 100mhzsteps hwpstate

processor	: 4
vendor_id	: AuthenticAMD
cpu family	: 16
model		: 2
model name	: Quad-Core AMD Opteron(tm) Processor 2354
stepping	: 3
cpu MHz		: 2200.000
cache size	: 512 KB
physical id	: 1
siblings	: 4
core id		: 0
cpu cores	: 4
apicid		: 4
initial apicid	: 4
fpu		: yes
fpu_exception	: yes
cpuid level	: 5
wp		: yes
flags		: fpu vme de pse tsc msr pae mce cx8 apic sep mtrr pge mca cmov pat pse36 clflush mmx fxsr sse sse2 ht syscall nx mmxext fxsr_opt pdpe1gb rdtscp lm 3dnowext 3dnow constant_tsc rep_good nonstop_tsc extd_apicid pni monitor cx16 popcnt lahf_lm cmp_legacy svm extapic cr8_legacy abm sse4a misalignsse 3dnowprefetch osvw ibs npt lbrv svm_lock
bogomips	: 4422.23
TLB size	: 1024 4K pages
clflush size	: 64
cache_alignment	: 64
address sizes	: 48 bits physical, 48 bits virtual
power management: ts ttp tm stc 100mhzsteps hwpstate

processor	: 5
vendor_id	: AuthenticAMD
cpu family	: 16
model		: 2
model name	: Quad-Core AMD Opteron(tm) Processor 2354
stepping	: 3
cpu MHz		: 2200.000
cache size	: 512 KB
physical id	: 1
siblings	: 4
core id		: 1
cpu cores	: 4
apicid		: 5
initial apicid	: 5
fpu		: yes
fpu_exception	: yes
cpuid level	: 5
wp		: yes
flags		: fpu vme de pse tsc msr pae mce cx8 apic sep mtrr pge mca cmov pat pse36 clflush mmx fxsr sse sse2 ht syscall nx mmxext fxsr_opt pdpe1gb rdtscp lm 3dnowext 3dnow constant_tsc rep_good nonstop_tsc extd_apicid pni monitor cx16 popcnt lahf_lm cmp_legacy svm extapic cr8_legacy abm sse4a misalignsse 3dnowprefetch osvw ibs npt lbrv svm_lock
bogomips	: 4422.23
TLB size	: 1024 4K pages
clflush size	: 64
cache_alignment	: 64
address sizes	: 48 bits physical, 48 bits virtual
power management: ts ttp tm stc 100mhzsteps hwpstate

processor	: 6
vendor_id	: AuthenticAMD
cpu family	: 16
model		: 2
model name	: Quad-Core AMD Opteron(tm) Processor 2354
stepping	: 3
cpu MHz		: 2200.000
cache size	: 512 KB
physical id	: 1
siblings	: 4
core id		: 2
cpu cores	: 4
apicid		: 6
initial apicid	: 6
fpu		: yes
fpu_exception	: yes
cpuid level	: 5
wp		: yes
flags		: fpu vme de pse tsc msr pae mce cx8 apic sep mtrr pge mca cmov pat pse36 clflush mmx fxsr sse sse2 ht syscall nx mmxext fxsr_opt pdpe1gb rdtscp lm 3dnowext 3dnow constant_tsc rep_good nonstop_tsc extd_apicid pni monitor cx16 popcnt lahf_lm cmp_legacy svm extapic cr8_legacy abm sse4a misalignsse 3dnowprefetch osvw ibs npt lbrv svm_lock
bogomips	: 4422.23
TLB size	: 1024 4K pages
clflush size	: 64
cache_alignment	: 64
address sizes	: 48 bits physical, 48 bits virtual
power management: ts ttp tm stc 100mhzsteps hwpstate

processor	: 7
vendor_id	: AuthenticAMD
cpu family	: 16
model		: 2
model name	: Quad-Core AMD Opteron(tm) Processor 2354
stepping	: 3
cpu MHz		: 2200.000
cache size	: 512 KB
physical id	: 1
siblings	: 4
core id		: 3
cpu cores	: 4
apicid		: 7
initial apicid	: 7
fpu		: yes
fpu_exception	: yes
cpuid level	: 5
wp		: yes
flags		: fpu vme de pse tsc msr pae mce cx8 apic sep mtrr pge mca cmov pat pse36 clflush mmx fxsr sse sse2 ht syscall nx mmxext fxsr_opt pdpe1gb rdtscp lm 3dnowext 3dnow constant_tsc rep_good nonstop_tsc extd_apicid pni monitor cx16 popcnt lahf_lm cmp_legacy svm extapic cr8_legacy abm sse4a misalignsse 3dnowprefetch osvw ibs npt lbrv svm_lock
bogomips	: 4422.23
TLB size	: 1024 4K pages
clflush size	: 64
cache_alignment	: 64
address sizes	: 48 bits physical, 48 bits virtual
power management: ts ttp tm stc 100mhzsteps hwpstate



Memory: 4k page, physical 16331612k(4902680k free), swap 8388604k(8388380k free)

vm_info: OpenJDK 64-Bit Server VM (23.25-b01) for linux-amd64 JRE (1.6.0_32-b32), built on Aug 21 2014 11:15:48 by "mockbuild" with gcc 4.4.7 20120313 (Red Hat 4.4.7-4)

time: Tue Sep 23 09:39:12 2014
elapsed time: 7 seconds

