#
# A fatal error has been detected by the Java Runtime Environment:
#
#  SIGBUS (0x7) at pc=0x00002afe71f25522, pid=8136, tid=47272317032192
#
# JRE version: 6.0_32-b32
# Java VM: OpenJDK 64-Bit Server VM (23.25-b01 mixed mode linux-amd64 compressed oops)
# Problematic frame:
# C  [libzip.so+0x4522]  ZIP_Lock+0x252
#
# Core dump written. Default location: /mmfs/automount/gpfs/homefs/sm/dw07r324/jobs/piterman.eq.macc.sp.ro.r/core or core.8136
#
# If you would like to submit a bug report, please include
# instructions how to reproduce the bug and visit:
#   http://icedtea.classpath.org/bugzilla
# The crash happened outside the Java Virtual Machine in native code.
# See problematic frame for where to report the bug.
#

---------------  T H R E A D  ---------------

Current thread (0x00002afe74008000):  JavaThread "main" [_thread_in_native, id=8137, stack(0x00002afe719a1000,0x00002afe71aa2000)]

siginfo:si_signo=SIGBUS: si_errno=0, si_code=2 (BUS_ADRERR), si_addr=0x00002afeb3077035

Registers:
RAX=0x00002afe756a6630, RBX=0x00002afeb3077018, RCX=0x00000000000001d1, RDX=0x00000000000001d0
RSP=0x00002afe71a9f250, RBP=0x00002afe71a9f290, RSI=0x0000000000000040, RDI=0x00002afe74000020
R8 =0x00002afe74000088, R9 =0x0000000000000001, R10=0x0000000000000040, R11=0x00002afe711d1660
R12=0x00002afe756a6630, R13=0x00002afe74f787e0, R14=0x00002afe71a9f300, R15=0x00002afe756a6630
RIP=0x00002afe71f25522, EFLAGS=0x0000000000010206, CSGSFS=0x0000000000000033, ERR=0x0000000000000004
  TRAPNO=0x000000000000000e

Top of Stack: (sp=0x00002afe71a9f250)
0x00002afe71a9f250:   00002afe7418d010 00002afe7111b05e
0x00002afe71a9f260:   00000000000000b5 00002afe7418ce0c
0x00002afe71a9f270:   00002afe74f787e0 00000000e0849c9c
0x00002afe71a9f280:   00002afe71a9f300 000000000000002e
0x00002afe71a9f290:   00002afe71a9f2e0 00002afe71f25ae2
0x00002afe71a9f2a0:   00002afe74008000 00002afe7529b160
0x00002afe71a9f2b0:   00002afe71a9f320 00002afe740081d8
0x00002afe71a9f2c0:   00002afe71a9f300 000000000000002e
0x00002afe71a9f2d0:   00002afe71a9f7d8 00002afe71a9f300
0x00002afe71a9f2e0:   00002afe71a9f740 00002afe71f24ae4
0x00002afe71a9f2f0:   0000002e01000000 00002afe74f787e0
0x00002afe71a9f300:   2f73657373616c63 727676732f67726f
0x00002afe71a9f310:   632f6c616f672f6c 45747365542f646d
0x00002afe71a9f320:   6e6f69736e657478 00007373616c632e
0x00002afe71a9f330:   00000000b60e8b30 0000000400000000
0x00002afe71a9f340:   00002afe74008b90 00002afe74024c70
0x00002afe71a9f350:   00002afe71a9f380 00002afe74008000
0x00002afe71a9f360:   00000000b5cc4b00 000000000000001a
0x00002afe71a9f370:   00002afe74008000 00000000b5cc4b00
0x00002afe71a9f380:   00002afe71a9f3e0 00002afe70f655f2
0x00002afe71a9f390:   00002afe74008000 00002afe00000000
0x00002afe71a9f3a0:   00002afe74008000 00002afeb5fcf558
0x00002afe71a9f3b0:   00002afe740077d0 00000000000000bd
0x00002afe71a9f3c0:   0000000000000000 00002afe74008000
0x00002afe71a9f3d0:   00002afe71a9f400 00002afe00000000
0x00002afe71a9f3e0:   00000000b5cc8c58 00002a0000000061
0x00002afe71a9f3f0:   00000000b5bdfef5 00000000f0c2a5e8
0x00002afe71a9f400:   00002afe71a9f400 00000000b5cc69cb
0x00002afe71a9f410:   00002afe71a9f460 00002afe74008b80
0x00002afe71a9f420:   0000000000000000 0000000000000001
0x00002afe71a9f430:   00002afe74008000 ffffffffffffffff
0x00002afe71a9f440:   00002afe71a9f4b0 00002afe70f21a03 

Instructions: (pc=0x00002afe71f25522)
0x00002afe71f25502:   00 00 00 00 00 48 c7 40 30 00 00 00 00 48 c7 40
0x00002afe71f25512:   28 00 00 00 00 8b 5b 04 49 2b 5d 28 49 03 5d 18
0x00002afe71f25522:   44 0f b6 73 1d 0f b6 43 1c 41 c1 e6 08 41 09 c6
0x00002afe71f25532:   0f b6 43 1e 88 45 ce 0f b6 43 1f 88 45 cf 0f b6 

Register to memory mapping:

RAX=0x00002afe756a6630 is an unknown value
RBX=0x00002afeb3077018 is an unknown value
RCX=0x00000000000001d1 is an unknown value
RDX=0x00000000000001d0 is an unknown value
RSP=0x00002afe71a9f250 is pointing into the stack for thread: 0x00002afe74008000
RBP=0x00002afe71a9f290 is pointing into the stack for thread: 0x00002afe74008000
RSI=0x0000000000000040 is an unknown value
RDI=0x00002afe74000020 is an unknown value
R8 =0x00002afe74000088 is an unknown value
R9 =0x0000000000000001 is an unknown value
R10=0x0000000000000040 is an unknown value
R11=0x00002afe711d1660: <offset 0x79f660> in /usr/lib/jvm/java-1.6.0-openjdk-1.6.0.0.x86_64/jre/lib/amd64/server/libjvm.so at 0x00002afe70a32000
R12=0x00002afe756a6630 is an unknown value
R13=0x00002afe74f787e0 is an unknown value
R14=0x00002afe71a9f300 is pointing into the stack for thread: 0x00002afe74008000
R15=0x00002afe756a6630 is an unknown value


Stack: [0x00002afe719a1000,0x00002afe71aa2000],  sp=0x00002afe71a9f250,  free space=1016k
Native frames: (J=compiled Java code, j=interpreted, Vv=VM code, C=native code)
C  [libzip.so+0x4522]  ZIP_Lock+0x252
C  [libzip.so+0x4ae2]  ZIP_GetEntry+0xc2
C  [libzip.so+0x3ae4]  Java_java_util_zip_ZipFile_getEntry+0xc4
j  java.util.zip.ZipFile.getEntry(JLjava/lang/String;Z)J+0
j  java.util.zip.ZipFile.getEntry(Ljava/lang/String;)Ljava/util/zip/ZipEntry;+31
j  java.util.jar.JarFile.getEntry(Ljava/lang/String;)Ljava/util/zip/ZipEntry;+2
j  sun.net.www.protocol.jar.URLJarFile.getEntry(Ljava/lang/String;)Ljava/util/zip/ZipEntry;+2
j  sun.net.www.protocol.jar.JarURLConnection.connect()V+62
j  sun.net.www.protocol.jar.JarURLConnection.getInputStream()Ljava/io/InputStream;+1
j  sun.misc.URLClassPath$Loader.getResource(Ljava/lang/String;Z)Lsun/misc/Resource;+48
j  sun.misc.URLClassPath.getResource(Ljava/lang/String;Z)Lsun/misc/Resource;+53
j  java.net.URLClassLoader$1.run()Ljava/lang/Object;+26
v  ~StubRoutines::call_stub
V  [libjvm.so+0x537e3e]  AsyncGetCallTrace+0xd776e
V  [libjvm.so+0x536ad8]  AsyncGetCallTrace+0xd6408
V  [libjvm.so+0x597140]  JVM_DoPrivileged+0x400
j  java.security.AccessController.doPrivileged(Ljava/security/PrivilegedExceptionAction;Ljava/security/AccessControlContext;)Ljava/lang/Object;+0
j  java.net.URLClassLoader.findClass(Ljava/lang/String;)Ljava/lang/Class;+13
j  org.java.plugin.standard.StandardPluginClassLoader.loadLocalClass(Ljava/lang/String;ZLorg/java/plugin/standard/StandardPluginClassLoader;)Ljava/lang/Class;+97
j  org.java.plugin.standard.StandardPluginClassLoader.loadClass(Ljava/lang/String;Z)Ljava/lang/Class;+62
j  java.lang.ClassLoader.loadClass(Ljava/lang/String;)Ljava/lang/Class;+3
j  org.svvrl.goal.cmd.CmdPlugin.loadCommandExtensions(Lorg/java/plugin/PluginManager;Lorg/svvrl/goal/cmd/CmdPlugin;)V+80
j  org.svvrl.goal.cmd.CmdPlugin.loadExtensions()V+49
j  org.svvrl.goal.cmd.CommandRepository.initialize()V+0
j  org.svvrl.goal.cmd.CommandRepository.getCommand(Ljava/lang/String;Ljava/util/List;)Lorg/svvrl/goal/cmd/CommandExpression;+0
j  org.svvrl.goal.cmd.parser.CMDParser.cmd_expr()Lorg/svvrl/goal/cmd/Expression;+22
j  org.svvrl.goal.cmd.parser.CMDParser.instr()Lorg/svvrl/goal/cmd/Statement;+1140
j  org.svvrl.goal.cmd.CmdHandler.start([Ljava/lang/String;)V+150
j  org.svvrl.goal.core.CorePlugin.startApplication()V+30
j  org.java.plugin.boot.Boot.boot(Lorg/java/plugin/util/ExtendedProperties;ZLjava/lang/String;Lorg/java/plugin/boot/BootErrorHandler;[Ljava/lang/String;)Lorg/java/plugin/boot/Application;+354
j  org.java.plugin.boot.Boot.main([Ljava/lang/String;)V+162
v  ~StubRoutines::call_stub
V  [libjvm.so+0x537e3e]  AsyncGetCallTrace+0xd776e
V  [libjvm.so+0x536ad8]  AsyncGetCallTrace+0xd6408
V  [libjvm.so+0x5452a7]  JNI_CreateJavaVM+0x12e7
V  [libjvm.so+0x55a4eb]  JNI_CreateJavaVM+0x1652b
C  [java+0x374d]  JavaMain+0xd0d

Java frames: (J=compiled Java code, j=interpreted, Vv=VM code)
j  java.util.zip.ZipFile.getEntry(JLjava/lang/String;Z)J+0
j  java.util.zip.ZipFile.getEntry(Ljava/lang/String;)Ljava/util/zip/ZipEntry;+31
j  java.util.jar.JarFile.getEntry(Ljava/lang/String;)Ljava/util/zip/ZipEntry;+2
j  sun.net.www.protocol.jar.URLJarFile.getEntry(Ljava/lang/String;)Ljava/util/zip/ZipEntry;+2
j  sun.net.www.protocol.jar.JarURLConnection.connect()V+62
j  sun.net.www.protocol.jar.JarURLConnection.getInputStream()Ljava/io/InputStream;+1
j  sun.misc.URLClassPath$Loader.getResource(Ljava/lang/String;Z)Lsun/misc/Resource;+48
j  sun.misc.URLClassPath.getResource(Ljava/lang/String;Z)Lsun/misc/Resource;+53
j  java.net.URLClassLoader$1.run()Ljava/lang/Object;+26
v  ~StubRoutines::call_stub
j  java.security.AccessController.doPrivileged(Ljava/security/PrivilegedExceptionAction;Ljava/security/AccessControlContext;)Ljava/lang/Object;+0
j  java.net.URLClassLoader.findClass(Ljava/lang/String;)Ljava/lang/Class;+13
j  org.java.plugin.standard.StandardPluginClassLoader.loadLocalClass(Ljava/lang/String;ZLorg/java/plugin/standard/StandardPluginClassLoader;)Ljava/lang/Class;+97
j  org.java.plugin.standard.StandardPluginClassLoader.loadClass(Ljava/lang/String;Z)Ljava/lang/Class;+62
j  java.lang.ClassLoader.loadClass(Ljava/lang/String;)Ljava/lang/Class;+3
j  org.svvrl.goal.cmd.CmdPlugin.loadCommandExtensions(Lorg/java/plugin/PluginManager;Lorg/svvrl/goal/cmd/CmdPlugin;)V+80
j  org.svvrl.goal.cmd.CmdPlugin.loadExtensions()V+49
j  org.svvrl.goal.cmd.CommandRepository.initialize()V+0
j  org.svvrl.goal.cmd.CommandRepository.getCommand(Ljava/lang/String;Ljava/util/List;)Lorg/svvrl/goal/cmd/CommandExpression;+0
j  org.svvrl.goal.cmd.parser.CMDParser.cmd_expr()Lorg/svvrl/goal/cmd/Expression;+22
j  org.svvrl.goal.cmd.parser.CMDParser.instr()Lorg/svvrl/goal/cmd/Statement;+1140
j  org.svvrl.goal.cmd.CmdHandler.start([Ljava/lang/String;)V+150
j  org.svvrl.goal.core.CorePlugin.startApplication()V+30
j  org.java.plugin.boot.Boot.boot(Lorg/java/plugin/util/ExtendedProperties;ZLjava/lang/String;Lorg/java/plugin/boot/BootErrorHandler;[Ljava/lang/String;)Lorg/java/plugin/boot/Application;+354
j  org.java.plugin.boot.Boot.main([Ljava/lang/String;)V+162
v  ~StubRoutines::call_stub

---------------  P R O C E S S  ---------------

Java Threads: ( => current thread )
  0x00002afe741b3800 JavaThread "Java2D Disposer" daemon [_thread_blocked, id=8904, stack(0x00002afeb2b2b000,0x00002afeb2c2c000)]
  0x00002afe74101800 JavaThread "Low Memory Detector" daemon [_thread_blocked, id=8153, stack(0x00002afeb2194000,0x00002afeb2295000)]
  0x00002afe740ff000 JavaThread "C2 CompilerThread1" daemon [_thread_blocked, id=8152, stack(0x00002afeb2093000,0x00002afeb2194000)]
  0x00002afe740fc800 JavaThread "C2 CompilerThread0" daemon [_thread_blocked, id=8151, stack(0x00002afeb1f92000,0x00002afeb2093000)]
  0x00002afe740fa000 JavaThread "Signal Dispatcher" daemon [_thread_blocked, id=8150, stack(0x00002afeb1e91000,0x00002afeb1f92000)]
  0x00002afe740ab800 JavaThread "Finalizer" daemon [_thread_blocked, id=8148, stack(0x00002afe9cf93000,0x00002afe9d094000)]
  0x00002afe740a9800 JavaThread "Reference Handler" daemon [_thread_blocked, id=8147, stack(0x00002afe9ce92000,0x00002afe9cf93000)]
=>0x00002afe74008000 JavaThread "main" [_thread_in_native, id=8137, stack(0x00002afe719a1000,0x00002afe71aa2000)]

Other Threads:
  0x00002afe7409a800 VMThread [stack: 0x00002afe9cd91000,0x00002afe9ce92000] [id=8146]
  0x00002afe7410c800 WatcherThread [stack: 0x00002afeb2295000,0x00002afeb2396000] [id=8154]

VM state:not at safepoint (normal execution)

VM Mutex/Monitor currently owned by a thread: None

Heap
 PSYoungGen      total 305856K, used 104994K [0x00000000eaab0000, 0x0000000100000000, 0x0000000100000000)
  eden space 262208K, 40% used [0x00000000eaab0000,0x00000000f1138bf0,0x00000000faac0000)
  from space 43648K, 0% used [0x00000000fd560000,0x00000000fd560000,0x0000000100000000)
  to   space 43648K, 0% used [0x00000000faac0000,0x00000000faac0000,0x00000000fd560000)
 ParOldGen       total 699072K, used 0K [0x00000000c0000000, 0x00000000eaab0000, 0x00000000eaab0000)
  object space 699072K, 0% used [0x00000000c0000000,0x00000000c0000000,0x00000000eaab0000)
 PSPermGen       total 21248K, used 11379K [0x00000000b5a00000, 0x00000000b6ec0000, 0x00000000c0000000)
  object space 21248K, 53% used [0x00000000b5a00000,0x00000000b651cc28,0x00000000b6ec0000)

Card table byte_map: [0x00002afe7b0c0000,0x00002afe7b314000] byte_map_base: 0x00002afe7ab13000

Polling page: 0x00002afe71ee2000

Code Cache  [0x00002afe78000000, 0x00002afe78270000, 0x00002afe7b000000)
 total_blobs=453 nmethods=173 adapters=233 free_code_cache=48223Kb largest_free_block=49360512

Compilation events (10 events):
Event: 6.362 Thread 0x00002afe740ff000 nmethod 166 0x00002afe780ea610 code [0x00002afe780ea7c0, 0x00002afe780eb008]
Event: 6.372 Thread 0x00002afe740fc800 nmethod 165 0x00002afe780eb890 code [0x00002afe780eba80, 0x00002afe780ec5a8]
Event: 6.380 Thread 0x00002afe740ff000  167             java.lang.String::indexOf (7 bytes)
Event: 6.381 Thread 0x00002afe740ff000 nmethod 167 0x00002afe780e5b90 code [0x00002afe780e5ce0, 0x00002afe780e5d48]
Event: 6.471 Thread 0x00002afe740ff000  169             java.lang.CharacterDataLatin1::toLowerCase (39 bytes)
Event: 6.471 Thread 0x00002afe740fc800  168             java.lang.Character::toLowerCase (9 bytes)
Event: 6.472 Thread 0x00002afe740ff000 nmethod 169 0x00002afe780e5910 code [0x00002afe780e5a40, 0x00002afe780e5af8]
Event: 6.473 Thread 0x00002afe740fc800 nmethod 168 0x00002afe780e54d0 code [0x00002afe780e5620, 0x00002afe780e5778]
Event: 6.531 Thread 0x00002afe740ff000  170             java.net.URL::getHost (5 bytes)
Event: 6.532 Thread 0x00002afe740ff000 nmethod 170 0x00002afe780e5250 code [0x00002afe780e5380, 0x00002afe780e53d8]

GC Heap History (0 events):
No events

Deoptimization events (10 events):
Event: 1.649 Thread 0x00002afe74008000 Uncommon trap -34 fr.pc 0x00002afe7807091c
Event: 1.649 Thread 0x00002afe74008000 Uncommon trap -34 fr.pc 0x00002afe7807091c
Event: 2.064 Thread 0x00002afe74008000 Uncommon trap -34 fr.pc 0x00002afe780bb418
Event: 6.181 Thread 0x00002afe74008000 Uncommon trap -34 fr.pc 0x00002afe780bb418
Event: 6.181 Thread 0x00002afe74008000 Uncommon trap -34 fr.pc 0x00002afe780bb418
Event: 6.181 Thread 0x00002afe74008000 Uncommon trap -34 fr.pc 0x00002afe780bb418
Event: 6.473 Thread 0x00002afe74008000 Uncommon trap -58 fr.pc 0x00002afe780b5c64
Event: 6.479 Thread 0x00002afe74008000 Uncommon trap -58 fr.pc 0x00002afe780b5c64
Event: 6.484 Thread 0x00002afe74008000 Uncommon trap -58 fr.pc 0x00002afe780b5c64
Event: 6.499 Thread 0x00002afe74008000 Uncommon trap -58 fr.pc 0x00002afe780b5c64

Internal exceptions (10 events):
Event: 6.506 Thread 0x00002afe74008000 Threw 0x00000000f09f27c8 at /builddir/build/BUILD/icedtea6-1.13.4/openjdk/hotspot/src/share/vm/classfile/systemDictionary.cpp:179
Event: 6.506 Thread 0x00002afe74008000 Threw 0x00000000f09f2b20 at /builddir/build/BUILD/icedtea6-1.13.4/openjdk/hotspot/src/share/vm/prims/jvm.cpp:1235
Event: 6.506 Thread 0x00002afe74008000 Threw 0x00000000f09f2f28 at /builddir/build/BUILD/icedtea6-1.13.4/openjdk/hotspot/src/share/vm/prims/jvm.cpp:1235
Event: 6.507 Thread 0x00002afe74008000 Threw 0x00000000f0a0ef40 at /builddir/build/BUILD/icedtea6-1.13.4/openjdk/hotspot/src/share/vm/classfile/systemDictionary.cpp:179
Event: 6.507 Thread 0x00002afe74008000 Threw 0x00000000f0a0f2b8 at /builddir/build/BUILD/icedtea6-1.13.4/openjdk/hotspot/src/share/vm/prims/jvm.cpp:1235
Event: 6.507 Thread 0x00002afe74008000 Threw 0x00000000f0a0f6e0 at /builddir/build/BUILD/icedtea6-1.13.4/openjdk/hotspot/src/share/vm/prims/jvm.cpp:1235
Event: 6.519 Thread 0x00002afe74008000 Threw 0x00000000f0a6cab0 at /builddir/build/BUILD/icedtea6-1.13.4/openjdk/hotspot/src/share/vm/classfile/systemDictionary.cpp:179
Event: 6.519 Thread 0x00002afe74008000 Threw 0x00000000f0a6ce08 at /builddir/build/BUILD/icedtea6-1.13.4/openjdk/hotspot/src/share/vm/prims/jvm.cpp:1235
Event: 6.519 Thread 0x00002afe74008000 Threw 0x00000000f0a6d210 at /builddir/build/BUILD/icedtea6-1.13.4/openjdk/hotspot/src/share/vm/prims/jvm.cpp:1235
Event: 6.519 Thread 0x00002afe74008000 Threw 0x00000000f0a6ec80 at /builddir/build/BUILD/icedtea6-1.13.4/openjdk/hotspot/src/share/vm/prims/jvm.cpp:1235

Events (10 events):
Event: 6.503 loading class 0x00002afe742f3ae0
Event: 6.503 loading class 0x00002afe742f3ae0 done
Event: 6.505 loading class 0x00002afe742fb260
Event: 6.505 loading class 0x00002afe742fb260 done
Event: 6.506 loading class 0x00002afe74f78890
Event: 6.506 loading class 0x00002afe74f78890 done
Event: 6.507 loading class 0x00002afe752a5f50
Event: 6.507 loading class 0x00002afe752a5f50 done
Event: 6.519 loading class 0x00002afe742f3ca0
Event: 6.519 loading class 0x00002afe742f3ca0 done


Dynamic libraries:
00400000-00409000 r-xp 00000000 fd:01 5993                               /usr/lib/jvm/java-1.6.0-openjdk-1.6.0.0.x86_64/jre/bin/java
00608000-0060a000 rw-p 00008000 fd:01 5993                               /usr/lib/jvm/java-1.6.0-openjdk-1.6.0.0.x86_64/jre/bin/java
00ecb000-00eec000 rw-p 00000000 00:00 0                                  [heap]
b5a00000-b6ec0000 rw-p 00000000 00:00 0 
b6ec0000-c0000000 rw-p 00000000 00:00 0 
c0000000-100000000 rw-p 00000000 00:00 0 
364f800000-364f820000 r-xp 00000000 fd:01 130582                         /lib64/ld-2.12.so
364fa1f000-364fa20000 r--p 0001f000 fd:01 130582                         /lib64/ld-2.12.so
364fa20000-364fa21000 rw-p 00020000 fd:01 130582                         /lib64/ld-2.12.so
364fa21000-364fa22000 rw-p 00000000 00:00 0 
364fc00000-364fd8a000 r-xp 00000000 fd:01 130613                         /lib64/libc-2.12.so
364fd8a000-364ff8a000 ---p 0018a000 fd:01 130613                         /lib64/libc-2.12.so
364ff8a000-364ff8e000 r--p 0018a000 fd:01 130613                         /lib64/libc-2.12.so
364ff8e000-364ff8f000 rw-p 0018e000 fd:01 130613                         /lib64/libc-2.12.so
364ff8f000-364ff94000 rw-p 00000000 00:00 0 
3650000000-3650004000 r-xp 00000000 fd:01 13573                          /usr/lib/jvm/java-1.6.0-openjdk-1.6.0.0.x86_64/jre/lib/amd64/jli/libjli.so
3650004000-3650203000 ---p 00004000 fd:01 13573                          /usr/lib/jvm/java-1.6.0-openjdk-1.6.0.0.x86_64/jre/lib/amd64/jli/libjli.so
3650203000-3650204000 rw-p 00003000 fd:01 13573                          /usr/lib/jvm/java-1.6.0-openjdk-1.6.0.0.x86_64/jre/lib/amd64/jli/libjli.so
3650400000-3650417000 r-xp 00000000 fd:01 130636                         /lib64/libpthread-2.12.so
3650417000-3650617000 ---p 00017000 fd:01 130636                         /lib64/libpthread-2.12.so
3650617000-3650618000 r--p 00017000 fd:01 130636                         /lib64/libpthread-2.12.so
3650618000-3650619000 rw-p 00018000 fd:01 130636                         /lib64/libpthread-2.12.so
3650619000-365061d000 rw-p 00000000 00:00 0 
3650800000-3650802000 r-xp 00000000 fd:01 130624                         /lib64/libdl-2.12.so
3650802000-3650a02000 ---p 00002000 fd:01 130624                         /lib64/libdl-2.12.so
3650a02000-3650a03000 r--p 00002000 fd:01 130624                         /lib64/libdl-2.12.so
3650a03000-3650a04000 rw-p 00003000 fd:01 130624                         /lib64/libdl-2.12.so
3650c00000-3650c15000 r-xp 00000000 fd:01 130638                         /lib64/libz.so.1.2.3
3650c15000-3650e14000 ---p 00015000 fd:01 130638                         /lib64/libz.so.1.2.3
3650e14000-3650e15000 r--p 00014000 fd:01 130638                         /lib64/libz.so.1.2.3
3650e15000-3650e16000 rw-p 00015000 fd:01 130638                         /lib64/libz.so.1.2.3
3651000000-3651007000 r-xp 00000000 fd:01 132701                         /lib64/librt-2.12.so
3651007000-3651206000 ---p 00007000 fd:01 132701                         /lib64/librt-2.12.so
3651206000-3651207000 r--p 00006000 fd:01 132701                         /lib64/librt-2.12.so
3651207000-3651208000 rw-p 00007000 fd:01 132701                         /lib64/librt-2.12.so
3651800000-3651816000 r-xp 00000000 fd:01 133662                         /lib64/libgcc_s-4.4.7-20120601.so.1
3651816000-3651a15000 ---p 00016000 fd:01 133662                         /lib64/libgcc_s-4.4.7-20120601.so.1
3651a15000-3651a16000 rw-p 00015000 fd:01 133662                         /lib64/libgcc_s-4.4.7-20120601.so.1
3653000000-36530e8000 r-xp 00000000 fd:01 49938                          /usr/lib64/libstdc++.so.6.0.13
36530e8000-36532e8000 ---p 000e8000 fd:01 49938                          /usr/lib64/libstdc++.so.6.0.13
36532e8000-36532ef000 r--p 000e8000 fd:01 49938                          /usr/lib64/libstdc++.so.6.0.13
36532ef000-36532f1000 rw-p 000ef000 fd:01 49938                          /usr/lib64/libstdc++.so.6.0.13
36532f1000-3653306000 rw-p 00000000 00:00 0 
3659000000-3659098000 r-xp 00000000 fd:01 4478                           /usr/lib64/libfreetype.so.6.3.22
3659098000-3659297000 ---p 00098000 fd:01 4478                           /usr/lib64/libfreetype.so.6.3.22
3659297000-365929d000 rw-p 00097000 fd:01 4478                           /usr/lib64/libfreetype.so.6.3.22
365c200000-365c216000 r-xp 00000000 fd:01 137559                         /lib64/libnsl-2.12.so
365c216000-365c415000 ---p 00016000 fd:01 137559                         /lib64/libnsl-2.12.so
365c415000-365c416000 r--p 00015000 fd:01 137559                         /lib64/libnsl-2.12.so
365c416000-365c417000 rw-p 00016000 fd:01 137559                         /lib64/libnsl-2.12.so
365c417000-365c419000 rw-p 00000000 00:00 0 
2afe70a17000-2afe70a18000 rw-p 00000000 00:00 0 
2afe70a2e000-2afe70a32000 rw-p 00000000 00:00 0 
2afe70a32000-2afe7143d000 r-xp 00000000 fd:01 23213                      /usr/lib/jvm/java-1.6.0-openjdk-1.6.0.0.x86_64/jre/lib/amd64/server/libjvm.so
2afe7143d000-2afe7163d000 ---p 00a0b000 fd:01 23213                      /usr/lib/jvm/java-1.6.0-openjdk-1.6.0.0.x86_64/jre/lib/amd64/server/libjvm.so
2afe7163d000-2afe716de000 rw-p 00a0b000 fd:01 23213                      /usr/lib/jvm/java-1.6.0-openjdk-1.6.0.0.x86_64/jre/lib/amd64/server/libjvm.so
2afe716de000-2afe71707000 rw-p 00000000 00:00 0 
2afe7171d000-2afe717a0000 r-xp 00000000 fd:01 130627                     /lib64/libm-2.12.so
2afe717a0000-2afe7199f000 ---p 00083000 fd:01 130627                     /lib64/libm-2.12.so
2afe7199f000-2afe719a0000 r--p 00082000 fd:01 130627                     /lib64/libm-2.12.so
2afe719a0000-2afe719a1000 rw-p 00083000 fd:01 130627                     /lib64/libm-2.12.so
2afe719a1000-2afe719a4000 ---p 00000000 00:00 0 
2afe719a4000-2afe71aa2000 rw-p 00000000 00:00 0 
2afe71aa2000-2afe71ab0000 r-xp 00000000 fd:01 23207                      /usr/lib/jvm/java-1.6.0-openjdk-1.6.0.0.x86_64/jre/lib/amd64/libverify.so
2afe71ab0000-2afe71cb0000 ---p 0000e000 fd:01 23207                      /usr/lib/jvm/java-1.6.0-openjdk-1.6.0.0.x86_64/jre/lib/amd64/libverify.so
2afe71cb0000-2afe71cb2000 rw-p 0000e000 fd:01 23207                      /usr/lib/jvm/java-1.6.0-openjdk-1.6.0.0.x86_64/jre/lib/amd64/libverify.so
2afe71cb2000-2afe71cdf000 r-xp 00000000 fd:01 23159                      /usr/lib/jvm/java-1.6.0-openjdk-1.6.0.0.x86_64/jre/lib/amd64/libjava.so
2afe71cdf000-2afe71ede000 ---p 0002d000 fd:01 23159                      /usr/lib/jvm/java-1.6.0-openjdk-1.6.0.0.x86_64/jre/lib/amd64/libjava.so
2afe71ede000-2afe71ee2000 rw-p 0002c000 fd:01 23159                      /usr/lib/jvm/java-1.6.0-openjdk-1.6.0.0.x86_64/jre/lib/amd64/libjava.so
2afe71ee2000-2afe71ee3000 r--p 00000000 00:00 0 
2afe71ee3000-2afe71ee4000 rw-p 00000000 00:00 0 
2afe71ee4000-2afe71f19000 r--s 00000000 fd:02 128540                     /var/db/nscd/passwd
2afe71f19000-2afe71f21000 rw-s 00000000 fd:03 38                         /tmp/hsperfdata_dw07r324/8136
2afe71f21000-2afe71f28000 r-xp 00000000 fd:01 23208                      /usr/lib/jvm/java-1.6.0-openjdk-1.6.0.0.x86_64/jre/lib/amd64/libzip.so
2afe71f28000-2afe72128000 ---p 00007000 fd:01 23208                      /usr/lib/jvm/java-1.6.0-openjdk-1.6.0.0.x86_64/jre/lib/amd64/libzip.so
2afe72128000-2afe72129000 rw-p 00007000 fd:01 23208                      /usr/lib/jvm/java-1.6.0-openjdk-1.6.0.0.x86_64/jre/lib/amd64/libzip.so
2afe74000000-2afe756c9000 rw-p 00000000 00:00 0 
2afe756c9000-2afe78000000 ---p 00000000 00:00 0 
2afe78000000-2afe78270000 rwxp 00000000 00:00 0 
2afe78270000-2afe7b000000 rw-p 00000000 00:00 0 
2afe7b000000-2afe7b00a000 rw-p 00000000 00:00 0 
2afe7b00a000-2afe7b0c0000 rw-p 00000000 00:00 0 
2afe7b0c0000-2afe7b0cb000 rw-p 00000000 00:00 0 
2afe7b0cb000-2afe7b113000 rw-p 00000000 00:00 0 
2afe7b113000-2afe7b475000 rw-p 00000000 00:00 0 
2afe7b475000-2afe7b4bd000 rw-p 00000000 00:00 0 
2afe7b4bd000-2afe7b4be000 ---p 00000000 00:00 0 
2afe7b4be000-2afe7b5be000 rw-p 00000000 00:00 0 
2afe7b5be000-2afe7b5bf000 ---p 00000000 00:00 0 
2afe7b5bf000-2afe7b6bf000 rw-p 00000000 00:00 0 
2afe7b6bf000-2afe7b6c0000 ---p 00000000 00:00 0 
2afe7b6c0000-2afe7b7c0000 rw-p 00000000 00:00 0 
2afe7b7c0000-2afe7b7c1000 ---p 00000000 00:00 0 
2afe7b7c1000-2afe7b8c1000 rw-p 00000000 00:00 0 
2afe7b8c1000-2afe7b8c2000 ---p 00000000 00:00 0 
2afe7b8c2000-2afe7b9c2000 rw-p 00000000 00:00 0 
2afe7b9c2000-2afe7b9c3000 ---p 00000000 00:00 0 
2afe7b9c3000-2afe7bac3000 rw-p 00000000 00:00 0 
2afe7bac3000-2afe7bac4000 ---p 00000000 00:00 0 
2afe7bac4000-2afe7bbc4000 rw-p 00000000 00:00 0 
2afe7bbc4000-2afe7bbc5000 ---p 00000000 00:00 0 
2afe7bbc5000-2afe7bcc5000 rw-p 00000000 00:00 0 
2afe7c000000-2afe7c021000 rw-p 00000000 00:00 0 
2afe7c021000-2afe80000000 ---p 00000000 00:00 0 
2afe80000000-2afe80021000 rw-p 00000000 00:00 0 
2afe80021000-2afe84000000 ---p 00000000 00:00 0 
2afe84000000-2afe84021000 rw-p 00000000 00:00 0 
2afe84021000-2afe88000000 ---p 00000000 00:00 0 
2afe88000000-2afe88021000 rw-p 00000000 00:00 0 
2afe88021000-2afe8c000000 ---p 00000000 00:00 0 
2afe8c000000-2afe8eea4000 rw-p 00000000 00:00 0 
2afe8eea4000-2afe8f03a000 r--s 01a15000 fd:01 23288                      /usr/lib/jvm/java-1.6.0-openjdk-1.6.0.0.x86_64/jre/lib/rt.jar
2afe8f03a000-2afe8ff20000 rw-p 00000000 00:00 0 
2afe90000000-2afe90021000 rw-p 00000000 00:00 0 
2afe90021000-2afe94000000 ---p 00000000 00:00 0 
2afe94000000-2afe94021000 rw-p 00000000 00:00 0 
2afe94021000-2afe98000000 ---p 00000000 00:00 0 
2afe98000000-2afe98021000 rw-p 00000000 00:00 0 
2afe98021000-2afe9c000000 ---p 00000000 00:00 0 
2afe9c000000-2afe9cd91000 rw-p 00000000 00:00 0 
2afe9cd91000-2afe9cd92000 ---p 00000000 00:00 0 
2afe9cd92000-2afe9ce92000 rw-p 00000000 00:00 0 
2afe9ce92000-2afe9ce95000 ---p 00000000 00:00 0 
2afe9ce95000-2afe9cf93000 rw-p 00000000 00:00 0 
2afe9cf93000-2afe9cf96000 ---p 00000000 00:00 0 
2afe9cf96000-2afe9d094000 rw-p 00000000 00:00 0 
2afea0000000-2afea0021000 rw-p 00000000 00:00 0 
2afea0021000-2afea4000000 ---p 00000000 00:00 0 
2afea4000000-2afea4021000 rw-p 00000000 00:00 0 
2afea4021000-2afea8000000 ---p 00000000 00:00 0 
2afea8000000-2afea8021000 rw-p 00000000 00:00 0 
2afea8021000-2afeac000000 ---p 00000000 00:00 0 
2afeac000000-2afeb1e91000 r--p 00000000 fd:01 49935                      /usr/lib/locale/locale-archive
2afeb1e91000-2afeb1e94000 ---p 00000000 00:00 0 
2afeb1e94000-2afeb1f92000 rw-p 00000000 00:00 0 
2afeb1f92000-2afeb1f95000 ---p 00000000 00:00 0 
2afeb1f95000-2afeb2093000 rw-p 00000000 00:00 0 
2afeb2093000-2afeb2096000 ---p 00000000 00:00 0 
2afeb2096000-2afeb2194000 rw-p 00000000 00:00 0 
2afeb2194000-2afeb2197000 ---p 00000000 00:00 0 
2afeb2197000-2afeb2295000 rw-p 00000000 00:00 0 
2afeb2295000-2afeb2296000 ---p 00000000 00:00 0 
2afeb2296000-2afeb2396000 rw-p 00000000 00:00 0 
2afeb2396000-2afeb2398000 r--s 00009000 00:35 125760574                  /mmfs/automount/gpfs/homefs/sm/dw07r324/bin/GOAL-20140808/lib/jpf-boot.jar
2afeb2398000-2afeb239b000 r--s 0000f000 fd:01 23233                      /usr/lib/jvm/java-1.6.0-openjdk-1.6.0.0.x86_64/jre/lib/ext/pulse-java.jar
2afeb239b000-2afeb23a4000 r--s 00065000 fd:01 23228                      /usr/lib/jvm/java-1.6.0-openjdk-1.6.0.0.x86_64/jre/lib/ext/gnome-java-bridge.jar
2afeb23a4000-2afeb23a6000 r--s 00009000 00:35 125760574                  /mmfs/automount/gpfs/homefs/sm/dw07r324/bin/GOAL-20140808/lib/jpf-boot.jar
2afeb23a6000-2afeb23aa000 r--s 0003c000 fd:01 14238                      /usr/lib/jvm/java-1.6.0-openjdk-1.6.0.0.x86_64/jre/lib/jsse.jar
2afeb23aa000-2afeb23af000 r--s 0002d000 00:35 125760577                  /mmfs/automount/gpfs/homefs/sm/dw07r324/bin/GOAL-20140808/lib/jpf.jar
2afeb23af000-2afeb23b1000 r--s 0000d000 00:35 125760571                  /mmfs/automount/gpfs/homefs/sm/dw07r324/bin/GOAL-20140808/lib/commons-logging.jar
2afeb23b1000-2afeb23b3000 r--s 00012000 00:35 125760576                  /mmfs/automount/gpfs/homefs/sm/dw07r324/bin/GOAL-20140808/lib/jpf-tools.jar
2afeb23b3000-2afeb23ba000 r--s 00039000 00:35 125760578                  /mmfs/automount/gpfs/homefs/sm/dw07r324/bin/GOAL-20140808/lib/jxp.jar
2afeb23ba000-2afeb23bc000 r--s 00004000 00:35 125760570                  /mmfs/automount/gpfs/homefs/sm/dw07r324/bin/GOAL-20140808/lib/AppleJavaExtensions.jar
2afeb23bc000-2afeb23c1000 r--s 0002a000 00:35 125760572                  /mmfs/automount/gpfs/homefs/sm/dw07r324/bin/GOAL-20140808/lib/gson-2.2.2.jar
2afeb23c1000-2afeb23c4000 r--s 0001a000 00:35 125760579                  /mmfs/automount/gpfs/homefs/sm/dw07r324/bin/GOAL-20140808/lib/minijdd_104.jar
2afeb23c4000-2afeb23e7000 r--s 0022d000 00:35 123311792                  /mmfs/automount/gpfs/homefs/sm/dw07r324/bin/GOAL-20140808/.jpf-shadow/org.svvrl.goal.core@2014.8.8.zip (deleted)
2afeb23e7000-2afeb248a000 r-xp 00000000 fd:01 13434                      /usr/lib/jvm/java-1.6.0-openjdk-1.6.0.0.x86_64/jre/lib/amd64/libawt.so
2afeb248a000-2afeb268a000 ---p 000a3000 fd:01 13434                      /usr/lib/jvm/java-1.6.0-openjdk-1.6.0.0.x86_64/jre/lib/amd64/libawt.so
2afeb268a000-2afeb2696000 rw-p 000a3000 fd:01 13434                      /usr/lib/jvm/java-1.6.0-openjdk-1.6.0.0.x86_64/jre/lib/amd64/libawt.so
2afeb2696000-2afeb26ba000 rw-p 00000000 00:00 0 
2afeb26ba000-2afeb26c0000 r-xp 00000000 fd:01 8525                       /usr/lib/jvm/java-1.6.0-openjdk-1.6.0.0.x86_64/jre/lib/amd64/headless/libmawt.so
2afeb26c0000-2afeb28bf000 ---p 00006000 fd:01 8525                       /usr/lib/jvm/java-1.6.0-openjdk-1.6.0.0.x86_64/jre/lib/amd64/headless/libmawt.so
2afeb28bf000-2afeb28c0000 rw-p 00005000 fd:01 8525                       /usr/lib/jvm/java-1.6.0-openjdk-1.6.0.0.x86_64/jre/lib/amd64/headless/libmawt.so
2afeb28c0000-2afeb28db000 r--s 0029a000 00:35 111390643                  /mmfs/automount/gpfs/homefs/sm/dw07r324/bin/GOAL-20140808/.jpf-shadow/org.svvrl.goal.gui@2014.8.8.zip
2afeb28db000-2afeb2928000 r-xp 00000000 fd:01 13546                      /usr/lib/jvm/java-1.6.0-openjdk-1.6.0.0.x86_64/jre/lib/amd64/libfontmanager.so
2afeb2928000-2afeb2b28000 ---p 0004d000 fd:01 13546                      /usr/lib/jvm/java-1.6.0-openjdk-1.6.0.0.x86_64/jre/lib/amd64/libfontmanager.so
2afeb2b28000-2afeb2b2b000 rw-p 0004d000 fd:01 13546                      /usr/lib/jvm/java-1.6.0-openjdk-1.6.0.0.x86_64/jre/lib/amd64/libfontmanager.so
2afeb2b2b000-2afeb2b2e000 ---p 00000000 00:00 0 
2afeb2b2e000-2afeb2c2c000 rw-p 00000000 00:00 0 
2afeb2c2c000-2afeb2c33000 r--s 00000000 fd:02 1513                       /var/cache/fontconfig/12b26b760a24f8b4feb03ad48a333a72-le64.cache-3
2afeb2c33000-2afeb2c3c000 r--s 00000000 fd:02 1443                       /var/cache/fontconfig/b79f3aaa7d385a141ab53ec885cc22a8-le64.cache-3
2afeb2c3c000-2afeb2c40000 r--s 00000000 fd:02 1132                       /var/cache/fontconfig/87f5e051180a7a75f16eb6fe7dbd3749-le64.cache-3
2afeb2c40000-2afeb2c56000 r-xp 00000000 fd:01 23199                      /usr/lib/jvm/java-1.6.0-openjdk-1.6.0.0.x86_64/jre/lib/amd64/libnet.so
2afeb2c56000-2afeb2e55000 ---p 00016000 fd:01 23199                      /usr/lib/jvm/java-1.6.0-openjdk-1.6.0.0.x86_64/jre/lib/amd64/libnet.so
2afeb2e55000-2afeb2e56000 rw-p 00015000 fd:01 23199                      /usr/lib/jvm/java-1.6.0-openjdk-1.6.0.0.x86_64/jre/lib/amd64/libnet.so
2afeb2e56000-2afeb2e5e000 r-xp 00000000 fd:01 23200                      /usr/lib/jvm/java-1.6.0-openjdk-1.6.0.0.x86_64/jre/lib/amd64/libnio.so
2afeb2e5e000-2afeb305d000 ---p 00008000 fd:01 23200                      /usr/lib/jvm/java-1.6.0-openjdk-1.6.0.0.x86_64/jre/lib/amd64/libnio.so
2afeb305d000-2afeb305e000 rw-p 00007000 fd:01 23200                      /usr/lib/jvm/java-1.6.0-openjdk-1.6.0.0.x86_64/jre/lib/amd64/libnio.so
2afeb305e000-2afeb3065000 r--s 00000000 fd:02 1513                       /var/cache/fontconfig/12b26b760a24f8b4feb03ad48a333a72-le64.cache-3
2afeb3065000-2afeb306e000 r--s 00000000 fd:02 1443                       /var/cache/fontconfig/b79f3aaa7d385a141ab53ec885cc22a8-le64.cache-3
2afeb306e000-2afeb3072000 r--s 00000000 fd:02 1132                       /var/cache/fontconfig/87f5e051180a7a75f16eb6fe7dbd3749-le64.cache-3
2afeb3072000-2afeb3078000 r--s 0004b000 00:35 8235535                    /mmfs/automount/gpfs/homefs/sm/dw07r324/bin/GOAL-20140808/.jpf-shadow/org.svvrl.goal.cmd@2014.8.8.zip
2afeb3078000-2afeb307a000 rw-p 00000000 00:00 0 
2afeb4000000-2afeb4021000 rw-p 00000000 00:00 0 
2afeb4021000-2afeb8000000 ---p 00000000 00:00 0 
2afeb8000000-2afeb8e67000 rw-p 00000000 00:00 0 
2afeb8e67000-2afebc000000 ---p 00000000 00:00 0 
2afebc000000-2afebd099000 rw-p 00000000 00:00 0 
2afebd099000-2afec0000000 ---p 00000000 00:00 0 
2afec0000000-2afec0021000 rw-p 00000000 00:00 0 
2afec0021000-2afec4000000 ---p 00000000 00:00 0 
2afec4000000-2afec4021000 rw-p 00000000 00:00 0 
2afec4021000-2afec8000000 ---p 00000000 00:00 0 
2afec8000000-2afec8021000 rw-p 00000000 00:00 0 
2afec8021000-2afecc000000 ---p 00000000 00:00 0 
7fff887b7000-7fff887ed000 rw-p 00000000 00:00 0                          [stack]
7fff887ff000-7fff88800000 r-xp 00000000 00:00 0                          [vdso]
ffffffffff600000-ffffffffff601000 r-xp 00000000 00:00 0                  [vsyscall]

VM Arguments:
jvm_args: -Xmx1G -Xms1G -DapplicationRoot=/home/ubelix/sm/dw07r324/bin/GOAL-20140808 -Dorg.java.plugin.boot.pluginsRepositories=/home/ubelix/sm/dw07r324/bin/GOAL-20140808/plugins -Djpf.boot.config=/home/ubelix/sm/dw07r324/bin/GOAL-20140808/boot.properties -Dorg.apache.commons.logging.Log=org.apache.commons.logging.impl.SimpleLog -Dorg.apache.commons.logging.simplelog.log.org.java.plugin=fatal 
java_command: /home/ubelix/sm/dw07r324/bin/GOAL-20140808/lib/jpf-boot.jar complement -m piterman -eq -macc -sp -ro -r /scratch/local/8663605.1.all.q/test_set_s15/s15_t2.4_a0.7_068.gff
Launcher Type: SUN_STANDARD

Environment Variables:
CLASSPATH=/home/ubelix/sm/dw07r324/bin/GOAL-20140808:/home/ubelix/sm/dw07r324/bin/GOAL-20140808/plugins:/home/ubelix/sm/dw07r324/bin/GOAL-20140808/lib:
PATH=/scratch/local/8663605.1.all.q:/usr/lib64/qt-3.3/bin:/usr/local/bin:/bin:/usr/bin:/usr/local/sbin:/usr/sbin:/sbin:/usr/lpp/mmfs/bin:/home/ubelix/sm/dw07r324/bin/GOAL-20140808:/home/ubelix/sm/dw07r324/bin/gnu_time/bin:/usr/lpp/mmfs/bin
LD_LIBRARY_PATH=/usr/lib/jvm/java-1.6.0-openjdk-1.6.0.0.x86_64/jre/lib/amd64/server:/usr/lib/jvm/java-1.6.0-openjdk-1.6.0.0.x86_64/jre/lib/amd64:/usr/lib/jvm/java-1.6.0-openjdk-1.6.0.0.x86_64/jre/../lib/amd64
SHELL=/bin/bash

Signal Handlers:
SIGSEGV: [libjvm.so+0x870a40], sa_mask[0]=0x7ffbfeff, sa_flags=0x10000004
SIGBUS: [libjvm.so+0x870a40], sa_mask[0]=0x7ffbfeff, sa_flags=0x10000004
SIGFPE: [libjvm.so+0x719240], sa_mask[0]=0x7ffbfeff, sa_flags=0x10000004
SIGPIPE: [libjvm.so+0x719240], sa_mask[0]=0x7ffbfeff, sa_flags=0x10000004
SIGXFSZ: [libjvm.so+0x719240], sa_mask[0]=0x7ffbfeff, sa_flags=0x10000004
SIGILL: [libjvm.so+0x719240], sa_mask[0]=0x7ffbfeff, sa_flags=0x10000004
SIGUSR1: SIG_DFL, sa_mask[0]=0x00000000, sa_flags=0x00000000
SIGUSR2: [libjvm.so+0x718d60], sa_mask[0]=0x00000000, sa_flags=0x10000004
SIGHUP: [libjvm.so+0x71bdf0], sa_mask[0]=0x7ffbfeff, sa_flags=0x10000004
SIGINT: [libjvm.so+0x71bdf0], sa_mask[0]=0x7ffbfeff, sa_flags=0x10000004
SIGTERM: [libjvm.so+0x71bdf0], sa_mask[0]=0x7ffbfeff, sa_flags=0x10000004
SIGQUIT: [libjvm.so+0x71bdf0], sa_mask[0]=0x7ffbfeff, sa_flags=0x10000004


---------------  S Y S T E M  ---------------

OS:Red Hat Enterprise Linux ComputeNode release 6.5 (Santiago)

uname:Linux 2.6.32-431.29.2.el6.x86_64 #1 SMP Sun Jul 27 15:55:46 EDT 2014 x86_64
libc:glibc 2.12 NPTL 2.12 
rlimit: STACK infinity, CORE infinity, NPROC 127431, NOFILE 4096, AS 8388608k
load average:5.90 5.16 4.48

/proc/meminfo:
MemTotal:       16331612 kB
MemFree:         4728496 kB
Buffers:            8856 kB
Cached:          6250012 kB
SwapCached:           88 kB
Active:          2978704 kB
Inactive:        3926728 kB
Active(anon):     583188 kB
Inactive(anon):    63452 kB
Active(file):    2395516 kB
Inactive(file):  3863276 kB
Unevictable:     4082900 kB
Mlocked:         4082900 kB
SwapTotal:       8388604 kB
SwapFree:        8388380 kB
Dirty:              9980 kB
Writeback:             0 kB
AnonPages:       4729140 kB
Mapped:           127040 kB
Shmem:               192 kB
Slab:             386020 kB
SReclaimable:     317244 kB
SUnreclaim:        68776 kB
KernelStack:        4744 kB
PageTables:        18184 kB
NFS_Unstable:          0 kB
Bounce:                0 kB
WritebackTmp:          0 kB
CommitLimit:    16554408 kB
Committed_AS:    6909608 kB
VmallocTotal:   34359738367 kB
VmallocUsed:      109412 kB
VmallocChunk:   34351234244 kB
HardwareCorrupted:     0 kB
AnonHugePages:         0 kB
HugePages_Total:       0
HugePages_Free:        0
HugePages_Rsvd:        0
HugePages_Surp:        0
Hugepagesize:       2048 kB
DirectMap4k:        9920 kB
DirectMap2M:     2086912 kB
DirectMap1G:    14680064 kB


CPU:total 8 (4 cores per cpu, 1 threads per core) family 16 model 2 stepping 3, cmov, cx8, fxsr, mmx, sse, sse2, sse3, popcnt, mmxext, 3dnowpref, lzcnt, sse4a, tsc, tscinvbit, tscinv

/proc/cpuinfo:
processor	: 0
vendor_id	: AuthenticAMD
cpu family	: 16
model		: 2
model name	: Quad-Core AMD Opteron(tm) Processor 2354
stepping	: 3
cpu MHz		: 2200.000
cache size	: 512 KB
physical id	: 0
siblings	: 4
core id		: 0
cpu cores	: 4
apicid		: 0
initial apicid	: 0
fpu		: yes
fpu_exception	: yes
cpuid level	: 5
wp		: yes
flags		: fpu vme de pse tsc msr pae mce cx8 apic sep mtrr pge mca cmov pat pse36 clflush mmx fxsr sse sse2 ht syscall nx mmxext fxsr_opt pdpe1gb rdtscp lm 3dnowext 3dnow constant_tsc rep_good nonstop_tsc extd_apicid pni monitor cx16 popcnt lahf_lm cmp_legacy svm extapic cr8_legacy abm sse4a misalignsse 3dnowprefetch osvw ibs npt lbrv svm_lock
bogomips	: 4422.88
TLB size	: 1024 4K pages
clflush size	: 64
cache_alignment	: 64
address sizes	: 48 bits physical, 48 bits virtual
power management: ts ttp tm stc 100mhzsteps hwpstate

processor	: 1
vendor_id	: AuthenticAMD
cpu family	: 16
model		: 2
model name	: Quad-Core AMD Opteron(tm) Processor 2354
stepping	: 3
cpu MHz		: 2200.000
cache size	: 512 KB
physical id	: 0
siblings	: 4
core id		: 1
cpu cores	: 4
apicid		: 1
initial apicid	: 1
fpu		: yes
fpu_exception	: yes
cpuid level	: 5
wp		: yes
flags		: fpu vme de pse tsc msr pae mce cx8 apic sep mtrr pge mca cmov pat pse36 clflush mmx fxsr sse sse2 ht syscall nx mmxext fxsr_opt pdpe1gb rdtscp lm 3dnowext 3dnow constant_tsc rep_good nonstop_tsc extd_apicid pni monitor cx16 popcnt lahf_lm cmp_legacy svm extapic cr8_legacy abm sse4a misalignsse 3dnowprefetch osvw ibs npt lbrv svm_lock
bogomips	: 4422.88
TLB size	: 1024 4K pages
clflush size	: 64
cache_alignment	: 64
address sizes	: 48 bits physical, 48 bits virtual
power management: ts ttp tm stc 100mhzsteps hwpstate

processor	: 2
vendor_id	: AuthenticAMD
cpu family	: 16
model		: 2
model name	: Quad-Core AMD Opteron(tm) Processor 2354
stepping	: 3
cpu MHz		: 2200.000
cache size	: 512 KB
physical id	: 0
siblings	: 4
core id		: 2
cpu cores	: 4
apicid		: 2
initial apicid	: 2
fpu		: yes
fpu_exception	: yes
cpuid level	: 5
wp		: yes
flags		: fpu vme de pse tsc msr pae mce cx8 apic sep mtrr pge mca cmov pat pse36 clflush mmx fxsr sse sse2 ht syscall nx mmxext fxsr_opt pdpe1gb rdtscp lm 3dnowext 3dnow constant_tsc rep_good nonstop_tsc extd_apicid pni monitor cx16 popcnt lahf_lm cmp_legacy svm extapic cr8_legacy abm sse4a misalignsse 3dnowprefetch osvw ibs npt lbrv svm_lock
bogomips	: 4422.88
TLB size	: 1024 4K pages
clflush size	: 64
cache_alignment	: 64
address sizes	: 48 bits physical, 48 bits virtual
power management: ts ttp tm stc 100mhzsteps hwpstate

processor	: 3
vendor_id	: AuthenticAMD
cpu family	: 16
model		: 2
model name	: Quad-Core AMD Opteron(tm) Processor 2354
stepping	: 3
cpu MHz		: 2200.000
cache size	: 512 KB
physical id	: 0
siblings	: 4
core id		: 3
cpu cores	: 4
apicid		: 3
initial apicid	: 3
fpu		: yes
fpu_exception	: yes
cpuid level	: 5
wp		: yes
flags		: fpu vme de pse tsc msr pae mce cx8 apic sep mtrr pge mca cmov pat pse36 clflush mmx fxsr sse sse2 ht syscall nx mmxext fxsr_opt pdpe1gb rdtscp lm 3dnowext 3dnow constant_tsc rep_good nonstop_tsc extd_apicid pni monitor cx16 popcnt lahf_lm cmp_legacy svm extapic cr8_legacy abm sse4a misalignsse 3dnowprefetch osvw ibs npt lbrv svm_lock
bogomips	: 4422.88
TLB size	: 1024 4K pages
clflush size	: 64
cache_alignment	: 64
address sizes	: 48 bits physical, 48 bits virtual
power management: ts ttp tm stc 100mhzsteps hwpstate

processor	: 4
vendor_id	: AuthenticAMD
cpu family	: 16
model		: 2
model name	: Quad-Core AMD Opteron(tm) Processor 2354
stepping	: 3
cpu MHz		: 2200.000
cache size	: 512 KB
physical id	: 1
siblings	: 4
core id		: 0
cpu cores	: 4
apicid		: 4
initial apicid	: 4
fpu		: yes
fpu_exception	: yes
cpuid level	: 5
wp		: yes
flags		: fpu vme de pse tsc msr pae mce cx8 apic sep mtrr pge mca cmov pat pse36 clflush mmx fxsr sse sse2 ht syscall nx mmxext fxsr_opt pdpe1gb rdtscp lm 3dnowext 3dnow constant_tsc rep_good nonstop_tsc extd_apicid pni monitor cx16 popcnt lahf_lm cmp_legacy svm extapic cr8_legacy abm sse4a misalignsse 3dnowprefetch osvw ibs npt lbrv svm_lock
bogomips	: 4422.23
TLB size	: 1024 4K pages
clflush size	: 64
cache_alignment	: 64
address sizes	: 48 bits physical, 48 bits virtual
power management: ts ttp tm stc 100mhzsteps hwpstate

processor	: 5
vendor_id	: AuthenticAMD
cpu family	: 16
model		: 2
model name	: Quad-Core AMD Opteron(tm) Processor 2354
stepping	: 3
cpu MHz		: 2200.000
cache size	: 512 KB
physical id	: 1
siblings	: 4
core id		: 1
cpu cores	: 4
apicid		: 5
initial apicid	: 5
fpu		: yes
fpu_exception	: yes
cpuid level	: 5
wp		: yes
flags		: fpu vme de pse tsc msr pae mce cx8 apic sep mtrr pge mca cmov pat pse36 clflush mmx fxsr sse sse2 ht syscall nx mmxext fxsr_opt pdpe1gb rdtscp lm 3dnowext 3dnow constant_tsc rep_good nonstop_tsc extd_apicid pni monitor cx16 popcnt lahf_lm cmp_legacy svm extapic cr8_legacy abm sse4a misalignsse 3dnowprefetch osvw ibs npt lbrv svm_lock
bogomips	: 4422.23
TLB size	: 1024 4K pages
clflush size	: 64
cache_alignment	: 64
address sizes	: 48 bits physical, 48 bits virtual
power management: ts ttp tm stc 100mhzsteps hwpstate

processor	: 6
vendor_id	: AuthenticAMD
cpu family	: 16
model		: 2
model name	: Quad-Core AMD Opteron(tm) Processor 2354
stepping	: 3
cpu MHz		: 2200.000
cache size	: 512 KB
physical id	: 1
siblings	: 4
core id		: 2
cpu cores	: 4
apicid		: 6
initial apicid	: 6
fpu		: yes
fpu_exception	: yes
cpuid level	: 5
wp		: yes
flags		: fpu vme de pse tsc msr pae mce cx8 apic sep mtrr pge mca cmov pat pse36 clflush mmx fxsr sse sse2 ht syscall nx mmxext fxsr_opt pdpe1gb rdtscp lm 3dnowext 3dnow constant_tsc rep_good nonstop_tsc extd_apicid pni monitor cx16 popcnt lahf_lm cmp_legacy svm extapic cr8_legacy abm sse4a misalignsse 3dnowprefetch osvw ibs npt lbrv svm_lock
bogomips	: 4422.23
TLB size	: 1024 4K pages
clflush size	: 64
cache_alignment	: 64
address sizes	: 48 bits physical, 48 bits virtual
power management: ts ttp tm stc 100mhzsteps hwpstate

processor	: 7
vendor_id	: AuthenticAMD
cpu family	: 16
model		: 2
model name	: Quad-Core AMD Opteron(tm) Processor 2354
stepping	: 3
cpu MHz		: 2200.000
cache size	: 512 KB
physical id	: 1
siblings	: 4
core id		: 3
cpu cores	: 4
apicid		: 7
initial apicid	: 7
fpu		: yes
fpu_exception	: yes
cpuid level	: 5
wp		: yes
flags		: fpu vme de pse tsc msr pae mce cx8 apic sep mtrr pge mca cmov pat pse36 clflush mmx fxsr sse sse2 ht syscall nx mmxext fxsr_opt pdpe1gb rdtscp lm 3dnowext 3dnow constant_tsc rep_good nonstop_tsc extd_apicid pni monitor cx16 popcnt lahf_lm cmp_legacy svm extapic cr8_legacy abm sse4a misalignsse 3dnowprefetch osvw ibs npt lbrv svm_lock
bogomips	: 4422.23
TLB size	: 1024 4K pages
clflush size	: 64
cache_alignment	: 64
address sizes	: 48 bits physical, 48 bits virtual
power management: ts ttp tm stc 100mhzsteps hwpstate



Memory: 4k page, physical 16331612k(4727504k free), swap 8388604k(8388380k free)

vm_info: OpenJDK 64-Bit Server VM (23.25-b01) for linux-amd64 JRE (1.6.0_32-b32), built on Aug 21 2014 11:15:48 by "mockbuild" with gcc 4.4.7 20120313 (Red Hat 4.4.7-4)

time: Tue Sep 23 13:46:00 2014
elapsed time: 6 seconds

