#
# A fatal error has been detected by the Java Runtime Environment:
#
#  SIGBUS (0x7) at pc=0x00002b5c3a88f522, pid=14522, tid=47675114305280
#
# JRE version: 6.0_32-b32
# Java VM: OpenJDK 64-Bit Server VM (23.25-b01 mixed mode linux-amd64 compressed oops)
# Problematic frame:
# C  [libzip.so+0x4522]  ZIP_Lock+0x252
#
# Core dump written. Default location: /mmfs/automount/gpfs/homefs/sm/dw07r324/jobs/piterman.eq.macc.sp.ro.r/core or core.14522
#
# If you would like to submit a bug report, please include
# instructions how to reproduce the bug and visit:
#   http://icedtea.classpath.org/bugzilla
# The crash happened outside the Java Virtual Machine in native code.
# See problematic frame for where to report the bug.
#

---------------  T H R E A D  ---------------

Current thread (0x00002b5c3c008000):  JavaThread "main" [_thread_in_native, id=14523, stack(0x00002b5c3a30b000,0x00002b5c3a40c000)]

siginfo:si_signo=SIGBUS: si_errno=0, si_code=2 (BUS_ADRERR), si_addr=0x00002b5c7e3d66f9

Registers:
RAX=0x00002b5c3ca1ce80, RBX=0x00002b5c7e3d66dc, RCX=0x0000000000000002, RDX=0x00000000000001c1
RSP=0x00002b5c3a4086e0, RBP=0x00002b5c3a408720, RSI=0x0000000000000001, RDI=0x0000000000000001
R8 =0x00002b5c3c000088, R9 =0x0000000000000001, R10=0x0000000000000040, R11=0x00002b5c39b3b660
R12=0x00002b5c3ca1ce80, R13=0x00002b5c3c2db540, R14=0x00002b5c3a408790, R15=0x00002b5c3ca1ce80
RIP=0x00002b5c3a88f522, EFLAGS=0x0000000000010202, CSGSFS=0x0000000000000033, ERR=0x0000000000000004
  TRAPNO=0x000000000000000e

Top of Stack: (sp=0x00002b5c3a4086e0)
0x00002b5c3a4086e0:   00002b5c3c2db660 00002b5c39a8505e
0x00002b5c3a4086f0:   00000000000003b8 00002b5c3c2d6880
0x00002b5c3a408700:   00002b5c3c2db540 00000000d3745d65
0x00002b5c3a408710:   00002b5c3a408790 0000000000000041
0x00002b5c3a408720:   00002b5c3a408770 00002b5c3a88fae2
0x00002b5c3a408730:   00002b5c3c008000 00002b5c3c2db200
0x00002b5c3a408740:   00002b5c3a4087b0 00002b5c3c0081d8
0x00002b5c3a408750:   00002b5c3a408790 0000000000000041
0x00002b5c3a408760:   00002b5c3a408c68 00002b5c3a408790
0x00002b5c3a408770:   00002b5c3a408bd0 00002b5c3a88eae4
0x00002b5c3a408780:   0000004101008c30 00002b5c3c2db540
0x00002b5c3a408790:   2f73657373616c63 727676732f67726f
0x00002b5c3a4087a0:   632f6c616f672f6c 69676f6c2f65726f
0x00002b5c3a4087b0:   6c756d726f462f63 6574697277655261
0x00002b5c3a4087c0:   7469736f70655272 73616c632e79726f
0x00002b5c3a4087d0:   00002b5c3c000073 00002b5c3a409930
0x00002b5c3a4087e0:   00002b5c3a408810 00002b5c3c008000
0x00002b5c3a4087f0:   00000000b5cc4b00 000000000000001a
0x00002b5c3a408800:   00002b5c3c008000 00000000b5cc4b00
0x00002b5c3a408810:   00002b5c3a408870 00002b5c398cf5f2
0x00002b5c3a408820:   00002b5c3c008000 00000000b5a02d70
0x00002b5c3a408830:   00002b5c3c008000 00002b5c00000000
0x00002b5c3a408840:   00002b5c3c008c08 00000000000000bd
0x00002b5c3a408850:   0000000000000000 00002b5c3c008000
0x00002b5c3a408860:   00002b5c3a408800 00002b5c00000000
0x00002b5c3a408870:   00000000b5cc8c58 00002b0000000061
0x00002b5c3a408880:   00000000b5bdfef5 00000000ec805e50
0x00002b5c3a408890:   00002b5c3a408890 00000000b5cc69cb
0x00002b5c3a4088a0:   00002b5c3a4088f0 00002b5c3c008c00
0x00002b5c3a4088b0:   0000000000000000 0000000000000001
0x00002b5c3a4088c0:   00002b5c3c008000 ffffffffffffffff
0x00002b5c3a4088d0:   00002b5c3a408940 00002b5c3988ba03 

Instructions: (pc=0x00002b5c3a88f522)
0x00002b5c3a88f502:   00 00 00 00 00 48 c7 40 30 00 00 00 00 48 c7 40
0x00002b5c3a88f512:   28 00 00 00 00 8b 5b 04 49 2b 5d 28 49 03 5d 18
0x00002b5c3a88f522:   44 0f b6 73 1d 0f b6 43 1c 41 c1 e6 08 41 09 c6
0x00002b5c3a88f532:   0f b6 43 1e 88 45 ce 0f b6 43 1f 88 45 cf 0f b6 

Register to memory mapping:

RAX=0x00002b5c3ca1ce80 is an unknown value
RBX=0x00002b5c7e3d66dc is an unknown value
RCX=0x0000000000000002 is an unknown value
RDX=0x00000000000001c1 is an unknown value
RSP=0x00002b5c3a4086e0 is pointing into the stack for thread: 0x00002b5c3c008000
RBP=0x00002b5c3a408720 is pointing into the stack for thread: 0x00002b5c3c008000
RSI=0x0000000000000001 is an unknown value
RDI=0x0000000000000001 is an unknown value
R8 =0x00002b5c3c000088 is an unknown value
R9 =0x0000000000000001 is an unknown value
R10=0x0000000000000040 is an unknown value
R11=0x00002b5c39b3b660: <offset 0x79f660> in /usr/lib/jvm/java-1.6.0-openjdk-1.6.0.0.x86_64/jre/lib/amd64/server/libjvm.so at 0x00002b5c3939c000
R12=0x00002b5c3ca1ce80 is an unknown value
R13=0x00002b5c3c2db540 is an unknown value
R14=0x00002b5c3a408790 is pointing into the stack for thread: 0x00002b5c3c008000
R15=0x00002b5c3ca1ce80 is an unknown value


Stack: [0x00002b5c3a30b000,0x00002b5c3a40c000],  sp=0x00002b5c3a4086e0,  free space=1013k
Native frames: (J=compiled Java code, j=interpreted, Vv=VM code, C=native code)
C  [libzip.so+0x4522]  ZIP_Lock+0x252
C  [libzip.so+0x4ae2]  ZIP_GetEntry+0xc2
C  [libzip.so+0x3ae4]  Java_java_util_zip_ZipFile_getEntry+0xc4
j  java.util.zip.ZipFile.getEntry(JLjava/lang/String;Z)J+0
j  java.util.zip.ZipFile.getEntry(Ljava/lang/String;)Ljava/util/zip/ZipEntry;+31
j  java.util.jar.JarFile.getEntry(Ljava/lang/String;)Ljava/util/zip/ZipEntry;+2
j  sun.net.www.protocol.jar.URLJarFile.getEntry(Ljava/lang/String;)Ljava/util/zip/ZipEntry;+2
j  sun.net.www.protocol.jar.JarURLConnection.connect()V+62
j  sun.net.www.protocol.jar.JarURLConnection.getInputStream()Ljava/io/InputStream;+1
j  sun.misc.URLClassPath$Loader.getResource(Ljava/lang/String;Z)Lsun/misc/Resource;+48
j  sun.misc.URLClassPath.getResource(Ljava/lang/String;Z)Lsun/misc/Resource;+53
j  java.net.URLClassLoader$1.run()Ljava/lang/Object;+26
v  ~StubRoutines::call_stub
V  [libjvm.so+0x537e3e]  AsyncGetCallTrace+0xd776e
V  [libjvm.so+0x536ad8]  AsyncGetCallTrace+0xd6408
V  [libjvm.so+0x597140]  JVM_DoPrivileged+0x400
j  java.security.AccessController.doPrivileged(Ljava/security/PrivilegedExceptionAction;Ljava/security/AccessControlContext;)Ljava/lang/Object;+0
j  java.net.URLClassLoader.findClass(Ljava/lang/String;)Ljava/lang/Class;+13
j  org.java.plugin.standard.StandardPluginClassLoader.loadLocalClass(Ljava/lang/String;ZLorg/java/plugin/standard/StandardPluginClassLoader;)Ljava/lang/Class;+97
j  org.java.plugin.standard.StandardPluginClassLoader.loadClass(Ljava/lang/String;Z)Ljava/lang/Class;+62
j  java.lang.ClassLoader.loadClass(Ljava/lang/String;)Ljava/lang/Class;+3
v  ~StubRoutines::call_stub
V  [libjvm.so+0x537e3e]  AsyncGetCallTrace+0xd776e
V  [libjvm.so+0x537222]  AsyncGetCallTrace+0xd6b52
V  [libjvm.so+0x5372f4]  AsyncGetCallTrace+0xd6c24
V  [libjvm.so+0x80084b]  JVM_handle_linux_signal+0xdf19b
V  [libjvm.so+0x800e0c]  JVM_handle_linux_signal+0xdf75c
V  [libjvm.so+0x802733]  JVM_handle_linux_signal+0xe1083
V  [libjvm.so+0x3ef00e]  ftell+0x3ef00e
V  [libjvm.so+0x64ef5e]  JVM_RaiseSignal+0xb153e
V  [libjvm.so+0x52f660]  AsyncGetCallTrace+0xcef90
j  org.svvrl.goal.core.CorePlugin.loadFormulaRewriters()V+121
j  org.svvrl.goal.core.CorePlugin.initApplication(Lorg/java/plugin/util/ExtendedProperties;[Ljava/lang/String;)Lorg/java/plugin/boot/Application;+170
j  org.java.plugin.boot.DefaultApplicationInitializer.initApplication(Lorg/java/plugin/boot/BootErrorHandler;[Ljava/lang/String;)Lorg/java/plugin/boot/Application;+530
j  org.java.plugin.boot.Boot.initApplication(Lorg/java/plugin/boot/BootErrorHandler;Lorg/java/plugin/util/ExtendedProperties;[Ljava/lang/String;)Lorg/java/plugin/boot/Application;+157
j  org.java.plugin.boot.Boot.boot(Lorg/java/plugin/util/ExtendedProperties;ZLjava/lang/String;Lorg/java/plugin/boot/BootErrorHandler;[Ljava/lang/String;)Lorg/java/plugin/boot/Application;+338
j  org.java.plugin.boot.Boot.main([Ljava/lang/String;)V+162
v  ~StubRoutines::call_stub
V  [libjvm.so+0x537e3e]  AsyncGetCallTrace+0xd776e
V  [libjvm.so+0x536ad8]  AsyncGetCallTrace+0xd6408
V  [libjvm.so+0x5452a7]  JNI_CreateJavaVM+0x12e7
V  [libjvm.so+0x55a4eb]  JNI_CreateJavaVM+0x1652b
C  [java+0x374d]  JavaMain+0xd0d

Java frames: (J=compiled Java code, j=interpreted, Vv=VM code)
j  java.util.zip.ZipFile.getEntry(JLjava/lang/String;Z)J+0
j  java.util.zip.ZipFile.getEntry(Ljava/lang/String;)Ljava/util/zip/ZipEntry;+31
j  java.util.jar.JarFile.getEntry(Ljava/lang/String;)Ljava/util/zip/ZipEntry;+2
j  sun.net.www.protocol.jar.URLJarFile.getEntry(Ljava/lang/String;)Ljava/util/zip/ZipEntry;+2
j  sun.net.www.protocol.jar.JarURLConnection.connect()V+62
j  sun.net.www.protocol.jar.JarURLConnection.getInputStream()Ljava/io/InputStream;+1
j  sun.misc.URLClassPath$Loader.getResource(Ljava/lang/String;Z)Lsun/misc/Resource;+48
j  sun.misc.URLClassPath.getResource(Ljava/lang/String;Z)Lsun/misc/Resource;+53
j  java.net.URLClassLoader$1.run()Ljava/lang/Object;+26
v  ~StubRoutines::call_stub
j  java.security.AccessController.doPrivileged(Ljava/security/PrivilegedExceptionAction;Ljava/security/AccessControlContext;)Ljava/lang/Object;+0
j  java.net.URLClassLoader.findClass(Ljava/lang/String;)Ljava/lang/Class;+13
j  org.java.plugin.standard.StandardPluginClassLoader.loadLocalClass(Ljava/lang/String;ZLorg/java/plugin/standard/StandardPluginClassLoader;)Ljava/lang/Class;+97
j  org.java.plugin.standard.StandardPluginClassLoader.loadClass(Ljava/lang/String;Z)Ljava/lang/Class;+62
j  java.lang.ClassLoader.loadClass(Ljava/lang/String;)Ljava/lang/Class;+3
v  ~StubRoutines::call_stub
j  org.svvrl.goal.core.CorePlugin.loadFormulaRewriters()V+121
j  org.svvrl.goal.core.CorePlugin.initApplication(Lorg/java/plugin/util/ExtendedProperties;[Ljava/lang/String;)Lorg/java/plugin/boot/Application;+170
j  org.java.plugin.boot.DefaultApplicationInitializer.initApplication(Lorg/java/plugin/boot/BootErrorHandler;[Ljava/lang/String;)Lorg/java/plugin/boot/Application;+530
j  org.java.plugin.boot.Boot.initApplication(Lorg/java/plugin/boot/BootErrorHandler;Lorg/java/plugin/util/ExtendedProperties;[Ljava/lang/String;)Lorg/java/plugin/boot/Application;+157
j  org.java.plugin.boot.Boot.boot(Lorg/java/plugin/util/ExtendedProperties;ZLjava/lang/String;Lorg/java/plugin/boot/BootErrorHandler;[Ljava/lang/String;)Lorg/java/plugin/boot/Application;+338
j  org.java.plugin.boot.Boot.main([Ljava/lang/String;)V+162
v  ~StubRoutines::call_stub

---------------  P R O C E S S  ---------------

Java Threads: ( => current thread )
  0x00002b5c3c101800 JavaThread "Low Memory Detector" daemon [_thread_blocked, id=14538, stack(0x00002b5c7e194000,0x00002b5c7e295000)]
  0x00002b5c3c0ff000 JavaThread "C2 CompilerThread1" daemon [_thread_in_native, id=14537, stack(0x00002b5c7e093000,0x00002b5c7e194000)]
  0x00002b5c3c0fc800 JavaThread "C2 CompilerThread0" daemon [_thread_blocked, id=14536, stack(0x00002b5c7df92000,0x00002b5c7e093000)]
  0x00002b5c3c0fa000 JavaThread "Signal Dispatcher" daemon [_thread_blocked, id=14535, stack(0x00002b5c7de91000,0x00002b5c7df92000)]
  0x00002b5c3c0ab800 JavaThread "Finalizer" daemon [_thread_blocked, id=14534, stack(0x00002b5c68f93000,0x00002b5c69094000)]
  0x00002b5c3c0a9800 JavaThread "Reference Handler" daemon [_thread_blocked, id=14533, stack(0x00002b5c68e92000,0x00002b5c68f93000)]
=>0x00002b5c3c008000 JavaThread "main" [_thread_in_native, id=14523, stack(0x00002b5c3a30b000,0x00002b5c3a40c000)]

Other Threads:
  0x00002b5c3c09a800 VMThread [stack: 0x00002b5c68d91000,0x00002b5c68e92000] [id=14532]
  0x00002b5c3c10c800 WatcherThread [stack: 0x00002b5c7e295000,0x00002b5c7e396000] [id=14539]

VM state:not at safepoint (normal execution)

VM Mutex/Monitor currently owned by a thread: None

Heap
 PSYoungGen      total 305856K, used 31481K [0x00000000eaab0000, 0x0000000100000000, 0x0000000100000000)
  eden space 262208K, 12% used [0x00000000eaab0000,0x00000000ec96e668,0x00000000faac0000)
  from space 43648K, 0% used [0x00000000fd560000,0x00000000fd560000,0x0000000100000000)
  to   space 43648K, 0% used [0x00000000faac0000,0x00000000faac0000,0x00000000fd560000)
 ParOldGen       total 699072K, used 0K [0x00000000c0000000, 0x00000000eaab0000, 0x00000000eaab0000)
  object space 699072K, 0% used [0x00000000c0000000,0x00000000c0000000,0x00000000eaab0000)
 PSPermGen       total 21248K, used 7702K [0x00000000b5a00000, 0x00000000b6ec0000, 0x00000000c0000000)
  object space 21248K, 36% used [0x00000000b5a00000,0x00000000b61858d8,0x00000000b6ec0000)

Card table byte_map: [0x00002b5c430c0000,0x00002b5c43314000] byte_map_base: 0x00002b5c42b13000

Polling page: 0x00002b5c3a84c000

Code Cache  [0x00002b5c40000000, 0x00002b5c40270000, 0x00002b5c43000000)
 total_blobs=336 nmethods=107 adapters=182 free_code_cache=48451Kb largest_free_block=49591936

Compilation events (10 events):
Event: 1.531 Thread 0x00002b5c3c0fc800  103             java.io.UnixFileSystem::normalize (75 bytes)
Event: 1.535 Thread 0x00002b5c3c0fc800 nmethod 103 0x00002b5c4009ca50 code [0x00002b5c4009cba0, 0x00002b5c4009cdf8]
Event: 1.535 Thread 0x00002b5c3c0fc800  104   !         sun.nio.cs.US_ASCII$Decoder::decodeArrayLoop (241 bytes)
Event: 1.553 Thread 0x00002b5c3c0fc800 nmethod 104 0x00002b5c4009e610 code [0x00002b5c4009e7c0, 0x00002b5c4009f008]
Event: 1.553 Thread 0x00002b5c3c0fc800  105             sun.net.www.ParseUtil::encodePath (336 bytes)
Event: 1.582 Thread 0x00002b5c3c0fc800 nmethod 105 0x00002b5c400b2d50 code [0x00002b5c400b2fa0, 0x00002b5c400b3f58]
Event: 1.582 Thread 0x00002b5c3c0fc800  106             java.util.HashMap::put (126 bytes)
Event: 1.591 Thread 0x00002b5c3c0fc800 nmethod 106 0x00002b5c4009b8d0 code [0x00002b5c4009baa0, 0x00002b5c4009bfc0]
Event: 1.591 Thread 0x00002b5c3c0fc800  107             java.util.HashMap::getEntry (79 bytes)
Event: 1.595 Thread 0x00002b5c3c0fc800 nmethod 107 0x00002b5c400b0dd0 code [0x00002b5c400b0f40, 0x00002b5c400b11d8]

GC Heap History (0 events):
No events

Deoptimization events (10 events):
Event: 0.273 Thread 0x00002b5c3c008000 Uncommon trap -34 fr.pc 0x00002b5c4005ea30
Event: 0.274 Thread 0x00002b5c3c008000 Uncommon trap -34 fr.pc 0x00002b5c4005ea30
Event: 0.610 Thread 0x00002b5c3c008000 Uncommon trap -12 fr.pc 0x00002b5c400652ec
Event: 1.215 Thread 0x00002b5c3c008000 Uncommon trap -58 fr.pc 0x00002b5c4007cca0
Event: 1.216 Thread 0x00002b5c3c008000 Uncommon trap -58 fr.pc 0x00002b5c4007cca0
Event: 1.216 Thread 0x00002b5c3c008000 Uncommon trap -58 fr.pc 0x00002b5c4007cca0
Event: 1.216 Thread 0x00002b5c3c008000 Uncommon trap -58 fr.pc 0x00002b5c4007cca0
Event: 1.424 Thread 0x00002b5c3c008000 Uncommon trap -34 fr.pc 0x00002b5c4005ea30
Event: 1.424 Thread 0x00002b5c3c008000 Uncommon trap -34 fr.pc 0x00002b5c4005ea30
Event: 1.591 Thread 0x00002b5c3c008000 Uncommon trap -83 fr.pc 0x00002b5c4009be7c

Internal exceptions (10 events):
Event: 1.554 Thread 0x00002b5c3c008000 Threw 0x00000000ec0132f0 at /builddir/build/BUILD/icedtea6-1.13.4/openjdk/hotspot/src/share/vm/prims/jvm.cpp:1235
Event: 1.555 Thread 0x00002b5c3c008000 Threw 0x00000000ec0162e8 at /builddir/build/BUILD/icedtea6-1.13.4/openjdk/hotspot/src/share/vm/classfile/systemDictionary.cpp:179
Event: 1.555 Thread 0x00002b5c3c008000 Threw 0x00000000ec016838 at /builddir/build/BUILD/icedtea6-1.13.4/openjdk/hotspot/src/share/vm/prims/jvm.cpp:1235
Event: 1.555 Thread 0x00002b5c3c008000 Threw 0x00000000ec016e38 at /builddir/build/BUILD/icedtea6-1.13.4/openjdk/hotspot/src/share/vm/prims/jvm.cpp:1235
Event: 1.576 Thread 0x00002b5c3c008000 Threw 0x00000000ec09a548 at /builddir/build/BUILD/icedtea6-1.13.4/openjdk/hotspot/src/share/vm/classfile/systemDictionary.cpp:179
Event: 1.576 Thread 0x00002b5c3c008000 Threw 0x00000000ec09a8d8 at /builddir/build/BUILD/icedtea6-1.13.4/openjdk/hotspot/src/share/vm/prims/jvm.cpp:1235
Event: 1.576 Thread 0x00002b5c3c008000 Threw 0x00000000ec09ad18 at /builddir/build/BUILD/icedtea6-1.13.4/openjdk/hotspot/src/share/vm/prims/jvm.cpp:1235
Event: 1.577 Thread 0x00002b5c3c008000 Threw 0x00000000ec0a0e28 at /builddir/build/BUILD/icedtea6-1.13.4/openjdk/hotspot/src/share/vm/classfile/systemDictionary.cpp:179
Event: 1.577 Thread 0x00002b5c3c008000 Threw 0x00000000ec0a11c0 at /builddir/build/BUILD/icedtea6-1.13.4/openjdk/hotspot/src/share/vm/prims/jvm.cpp:1235
Event: 1.577 Thread 0x00002b5c3c008000 Threw 0x00000000ec0a1608 at /builddir/build/BUILD/icedtea6-1.13.4/openjdk/hotspot/src/share/vm/prims/jvm.cpp:1235

Events (10 events):
Event: 1.564 loading class 0x00002b5c3c0a4210
Event: 1.564 loading class 0x00002b5c3c0a4210 done
Event: 1.564 loading class 0x00002b5c3c239240
Event: 1.564 loading class 0x00002b5c3c239240 done
Event: 1.576 loading class 0x00002b5c3c9efeb0
Event: 1.576 loading class 0x00002b5c3c9efeb0 done
Event: 1.577 loading class 0x00002b5c3c9eff00
Event: 1.577 loading class 0x00002b5c3c9eff00 done
Event: 1.591 Thread 0x00002b5c3c008000 DEOPT PACKING pc=0x00002b5c4009be7c sp=0x00002b5c3a409aa0
Event: 1.591 Thread 0x00002b5c3c008000 DEOPT UNPACKING pc=0x00002b5c40039145 sp=0x00002b5c3a409a68 mode 2


Dynamic libraries:
00400000-00409000 r-xp 00000000 fd:01 5993                               /usr/lib/jvm/java-1.6.0-openjdk-1.6.0.0.x86_64/jre/bin/java
00608000-0060a000 rw-p 00008000 fd:01 5993                               /usr/lib/jvm/java-1.6.0-openjdk-1.6.0.0.x86_64/jre/bin/java
019a5000-019c6000 rw-p 00000000 00:00 0                                  [heap]
b5a00000-b6ec0000 rw-p 00000000 00:00 0 
b6ec0000-c0000000 rw-p 00000000 00:00 0 
c0000000-100000000 rw-p 00000000 00:00 0 
364f800000-364f820000 r-xp 00000000 fd:01 130582                         /lib64/ld-2.12.so
364fa1f000-364fa20000 r--p 0001f000 fd:01 130582                         /lib64/ld-2.12.so
364fa20000-364fa21000 rw-p 00020000 fd:01 130582                         /lib64/ld-2.12.so
364fa21000-364fa22000 rw-p 00000000 00:00 0 
364fc00000-364fd8a000 r-xp 00000000 fd:01 130613                         /lib64/libc-2.12.so
364fd8a000-364ff8a000 ---p 0018a000 fd:01 130613                         /lib64/libc-2.12.so
364ff8a000-364ff8e000 r--p 0018a000 fd:01 130613                         /lib64/libc-2.12.so
364ff8e000-364ff8f000 rw-p 0018e000 fd:01 130613                         /lib64/libc-2.12.so
364ff8f000-364ff94000 rw-p 00000000 00:00 0 
3650000000-3650004000 r-xp 00000000 fd:01 13573                          /usr/lib/jvm/java-1.6.0-openjdk-1.6.0.0.x86_64/jre/lib/amd64/jli/libjli.so
3650004000-3650203000 ---p 00004000 fd:01 13573                          /usr/lib/jvm/java-1.6.0-openjdk-1.6.0.0.x86_64/jre/lib/amd64/jli/libjli.so
3650203000-3650204000 rw-p 00003000 fd:01 13573                          /usr/lib/jvm/java-1.6.0-openjdk-1.6.0.0.x86_64/jre/lib/amd64/jli/libjli.so
3650400000-3650417000 r-xp 00000000 fd:01 130636                         /lib64/libpthread-2.12.so
3650417000-3650617000 ---p 00017000 fd:01 130636                         /lib64/libpthread-2.12.so
3650617000-3650618000 r--p 00017000 fd:01 130636                         /lib64/libpthread-2.12.so
3650618000-3650619000 rw-p 00018000 fd:01 130636                         /lib64/libpthread-2.12.so
3650619000-365061d000 rw-p 00000000 00:00 0 
3650800000-3650802000 r-xp 00000000 fd:01 130624                         /lib64/libdl-2.12.so
3650802000-3650a02000 ---p 00002000 fd:01 130624                         /lib64/libdl-2.12.so
3650a02000-3650a03000 r--p 00002000 fd:01 130624                         /lib64/libdl-2.12.so
3650a03000-3650a04000 rw-p 00003000 fd:01 130624                         /lib64/libdl-2.12.so
3650c00000-3650c15000 r-xp 00000000 fd:01 130638                         /lib64/libz.so.1.2.3
3650c15000-3650e14000 ---p 00015000 fd:01 130638                         /lib64/libz.so.1.2.3
3650e14000-3650e15000 r--p 00014000 fd:01 130638                         /lib64/libz.so.1.2.3
3650e15000-3650e16000 rw-p 00015000 fd:01 130638                         /lib64/libz.so.1.2.3
3651000000-3651007000 r-xp 00000000 fd:01 132701                         /lib64/librt-2.12.so
3651007000-3651206000 ---p 00007000 fd:01 132701                         /lib64/librt-2.12.so
3651206000-3651207000 r--p 00006000 fd:01 132701                         /lib64/librt-2.12.so
3651207000-3651208000 rw-p 00007000 fd:01 132701                         /lib64/librt-2.12.so
3651800000-3651816000 r-xp 00000000 fd:01 133662                         /lib64/libgcc_s-4.4.7-20120601.so.1
3651816000-3651a15000 ---p 00016000 fd:01 133662                         /lib64/libgcc_s-4.4.7-20120601.so.1
3651a15000-3651a16000 rw-p 00015000 fd:01 133662                         /lib64/libgcc_s-4.4.7-20120601.so.1
3653000000-36530e8000 r-xp 00000000 fd:01 49938                          /usr/lib64/libstdc++.so.6.0.13
36530e8000-36532e8000 ---p 000e8000 fd:01 49938                          /usr/lib64/libstdc++.so.6.0.13
36532e8000-36532ef000 r--p 000e8000 fd:01 49938                          /usr/lib64/libstdc++.so.6.0.13
36532ef000-36532f1000 rw-p 000ef000 fd:01 49938                          /usr/lib64/libstdc++.so.6.0.13
36532f1000-3653306000 rw-p 00000000 00:00 0 
365c200000-365c216000 r-xp 00000000 fd:01 137559                         /lib64/libnsl-2.12.so
365c216000-365c415000 ---p 00016000 fd:01 137559                         /lib64/libnsl-2.12.so
365c415000-365c416000 r--p 00015000 fd:01 137559                         /lib64/libnsl-2.12.so
365c416000-365c417000 rw-p 00016000 fd:01 137559                         /lib64/libnsl-2.12.so
365c417000-365c419000 rw-p 00000000 00:00 0 
2b5c39381000-2b5c39382000 rw-p 00000000 00:00 0 
2b5c39398000-2b5c3939c000 rw-p 00000000 00:00 0 
2b5c3939c000-2b5c39da7000 r-xp 00000000 fd:01 23213                      /usr/lib/jvm/java-1.6.0-openjdk-1.6.0.0.x86_64/jre/lib/amd64/server/libjvm.so
2b5c39da7000-2b5c39fa7000 ---p 00a0b000 fd:01 23213                      /usr/lib/jvm/java-1.6.0-openjdk-1.6.0.0.x86_64/jre/lib/amd64/server/libjvm.so
2b5c39fa7000-2b5c3a048000 rw-p 00a0b000 fd:01 23213                      /usr/lib/jvm/java-1.6.0-openjdk-1.6.0.0.x86_64/jre/lib/amd64/server/libjvm.so
2b5c3a048000-2b5c3a071000 rw-p 00000000 00:00 0 
2b5c3a087000-2b5c3a10a000 r-xp 00000000 fd:01 130627                     /lib64/libm-2.12.so
2b5c3a10a000-2b5c3a309000 ---p 00083000 fd:01 130627                     /lib64/libm-2.12.so
2b5c3a309000-2b5c3a30a000 r--p 00082000 fd:01 130627                     /lib64/libm-2.12.so
2b5c3a30a000-2b5c3a30b000 rw-p 00083000 fd:01 130627                     /lib64/libm-2.12.so
2b5c3a30b000-2b5c3a30e000 ---p 00000000 00:00 0 
2b5c3a30e000-2b5c3a40c000 rw-p 00000000 00:00 0 
2b5c3a40c000-2b5c3a41a000 r-xp 00000000 fd:01 23207                      /usr/lib/jvm/java-1.6.0-openjdk-1.6.0.0.x86_64/jre/lib/amd64/libverify.so
2b5c3a41a000-2b5c3a61a000 ---p 0000e000 fd:01 23207                      /usr/lib/jvm/java-1.6.0-openjdk-1.6.0.0.x86_64/jre/lib/amd64/libverify.so
2b5c3a61a000-2b5c3a61c000 rw-p 0000e000 fd:01 23207                      /usr/lib/jvm/java-1.6.0-openjdk-1.6.0.0.x86_64/jre/lib/amd64/libverify.so
2b5c3a61c000-2b5c3a649000 r-xp 00000000 fd:01 23159                      /usr/lib/jvm/java-1.6.0-openjdk-1.6.0.0.x86_64/jre/lib/amd64/libjava.so
2b5c3a649000-2b5c3a848000 ---p 0002d000 fd:01 23159                      /usr/lib/jvm/java-1.6.0-openjdk-1.6.0.0.x86_64/jre/lib/amd64/libjava.so
2b5c3a848000-2b5c3a84c000 rw-p 0002c000 fd:01 23159                      /usr/lib/jvm/java-1.6.0-openjdk-1.6.0.0.x86_64/jre/lib/amd64/libjava.so
2b5c3a84c000-2b5c3a84d000 r--p 00000000 00:00 0 
2b5c3a84d000-2b5c3a84e000 rw-p 00000000 00:00 0 
2b5c3a84e000-2b5c3a883000 r--s 00000000 fd:02 128540                     /var/db/nscd/passwd
2b5c3a883000-2b5c3a88b000 rw-s 00000000 fd:03 38                         /tmp/hsperfdata_dw07r324/14522
2b5c3a88b000-2b5c3a892000 r-xp 00000000 fd:01 23208                      /usr/lib/jvm/java-1.6.0-openjdk-1.6.0.0.x86_64/jre/lib/amd64/libzip.so
2b5c3a892000-2b5c3aa92000 ---p 00007000 fd:01 23208                      /usr/lib/jvm/java-1.6.0-openjdk-1.6.0.0.x86_64/jre/lib/amd64/libzip.so
2b5c3aa92000-2b5c3aa93000 rw-p 00007000 fd:01 23208                      /usr/lib/jvm/java-1.6.0-openjdk-1.6.0.0.x86_64/jre/lib/amd64/libzip.so
2b5c3c000000-2b5c3ca9a000 rw-p 00000000 00:00 0 
2b5c3ca9a000-2b5c40000000 ---p 00000000 00:00 0 
2b5c40000000-2b5c40270000 rwxp 00000000 00:00 0 
2b5c40270000-2b5c43000000 rw-p 00000000 00:00 0 
2b5c43000000-2b5c4300a000 rw-p 00000000 00:00 0 
2b5c4300a000-2b5c430c0000 rw-p 00000000 00:00 0 
2b5c430c0000-2b5c430cb000 rw-p 00000000 00:00 0 
2b5c430cb000-2b5c43113000 rw-p 00000000 00:00 0 
2b5c43113000-2b5c43475000 rw-p 00000000 00:00 0 
2b5c43475000-2b5c434bd000 rw-p 00000000 00:00 0 
2b5c434bd000-2b5c434be000 ---p 00000000 00:00 0 
2b5c434be000-2b5c435be000 rw-p 00000000 00:00 0 
2b5c435be000-2b5c435bf000 ---p 00000000 00:00 0 
2b5c435bf000-2b5c436bf000 rw-p 00000000 00:00 0 
2b5c436bf000-2b5c436c0000 ---p 00000000 00:00 0 
2b5c436c0000-2b5c437c0000 rw-p 00000000 00:00 0 
2b5c437c0000-2b5c437c1000 ---p 00000000 00:00 0 
2b5c437c1000-2b5c438c1000 rw-p 00000000 00:00 0 
2b5c438c1000-2b5c438c2000 ---p 00000000 00:00 0 
2b5c438c2000-2b5c439c2000 rw-p 00000000 00:00 0 
2b5c439c2000-2b5c439c3000 ---p 00000000 00:00 0 
2b5c439c3000-2b5c43ac3000 rw-p 00000000 00:00 0 
2b5c43ac3000-2b5c43ac4000 ---p 00000000 00:00 0 
2b5c43ac4000-2b5c43bc4000 rw-p 00000000 00:00 0 
2b5c43bc4000-2b5c43bc5000 ---p 00000000 00:00 0 
2b5c43bc5000-2b5c43cc5000 rw-p 00000000 00:00 0 
2b5c44000000-2b5c44021000 rw-p 00000000 00:00 0 
2b5c44021000-2b5c48000000 ---p 00000000 00:00 0 
2b5c48000000-2b5c48021000 rw-p 00000000 00:00 0 
2b5c48021000-2b5c4c000000 ---p 00000000 00:00 0 
2b5c4c000000-2b5c4c021000 rw-p 00000000 00:00 0 
2b5c4c021000-2b5c50000000 ---p 00000000 00:00 0 
2b5c50000000-2b5c50021000 rw-p 00000000 00:00 0 
2b5c50021000-2b5c54000000 ---p 00000000 00:00 0 
2b5c54000000-2b5c56ea4000 rw-p 00000000 00:00 0 
2b5c56ea4000-2b5c5703a000 r--s 01a15000 fd:01 23288                      /usr/lib/jvm/java-1.6.0-openjdk-1.6.0.0.x86_64/jre/lib/rt.jar
2b5c5703a000-2b5c57f20000 rw-p 00000000 00:00 0 
2b5c58000000-2b5c58021000 rw-p 00000000 00:00 0 
2b5c58021000-2b5c5c000000 ---p 00000000 00:00 0 
2b5c5c000000-2b5c5c021000 rw-p 00000000 00:00 0 
2b5c5c021000-2b5c60000000 ---p 00000000 00:00 0 
2b5c60000000-2b5c60021000 rw-p 00000000 00:00 0 
2b5c60021000-2b5c64000000 ---p 00000000 00:00 0 
2b5c64000000-2b5c64021000 rw-p 00000000 00:00 0 
2b5c64021000-2b5c68000000 ---p 00000000 00:00 0 
2b5c68000000-2b5c68d91000 rw-p 00000000 00:00 0 
2b5c68d91000-2b5c68d92000 ---p 00000000 00:00 0 
2b5c68d92000-2b5c68e92000 rw-p 00000000 00:00 0 
2b5c68e92000-2b5c68e95000 ---p 00000000 00:00 0 
2b5c68e95000-2b5c68f93000 rw-p 00000000 00:00 0 
2b5c68f93000-2b5c68f96000 ---p 00000000 00:00 0 
2b5c68f96000-2b5c69094000 rw-p 00000000 00:00 0 
2b5c6c000000-2b5c6c021000 rw-p 00000000 00:00 0 
2b5c6c021000-2b5c70000000 ---p 00000000 00:00 0 
2b5c70000000-2b5c70021000 rw-p 00000000 00:00 0 
2b5c70021000-2b5c74000000 ---p 00000000 00:00 0 
2b5c74000000-2b5c74021000 rw-p 00000000 00:00 0 
2b5c74021000-2b5c78000000 ---p 00000000 00:00 0 
2b5c78000000-2b5c7de91000 r--p 00000000 fd:01 49935                      /usr/lib/locale/locale-archive
2b5c7de91000-2b5c7de94000 ---p 00000000 00:00 0 
2b5c7de94000-2b5c7df92000 rw-p 00000000 00:00 0 
2b5c7df92000-2b5c7df95000 ---p 00000000 00:00 0 
2b5c7df95000-2b5c7e093000 rw-p 00000000 00:00 0 
2b5c7e093000-2b5c7e096000 ---p 00000000 00:00 0 
2b5c7e096000-2b5c7e194000 rw-p 00000000 00:00 0 
2b5c7e194000-2b5c7e197000 ---p 00000000 00:00 0 
2b5c7e197000-2b5c7e295000 rw-p 00000000 00:00 0 
2b5c7e295000-2b5c7e296000 ---p 00000000 00:00 0 
2b5c7e296000-2b5c7e396000 rw-p 00000000 00:00 0 
2b5c7e396000-2b5c7e398000 r--s 00009000 00:35 125760574                  /mmfs/automount/gpfs/homefs/sm/dw07r324/bin/GOAL-20140808/lib/jpf-boot.jar
2b5c7e398000-2b5c7e39b000 r--s 0000f000 fd:01 23233                      /usr/lib/jvm/java-1.6.0-openjdk-1.6.0.0.x86_64/jre/lib/ext/pulse-java.jar
2b5c7e39b000-2b5c7e3a4000 r--s 00065000 fd:01 23228                      /usr/lib/jvm/java-1.6.0-openjdk-1.6.0.0.x86_64/jre/lib/ext/gnome-java-bridge.jar
2b5c7e3a4000-2b5c7e3a6000 r--s 00009000 00:35 125760574                  /mmfs/automount/gpfs/homefs/sm/dw07r324/bin/GOAL-20140808/lib/jpf-boot.jar
2b5c7e3a6000-2b5c7e3aa000 r--s 0003c000 fd:01 14238                      /usr/lib/jvm/java-1.6.0-openjdk-1.6.0.0.x86_64/jre/lib/jsse.jar
2b5c7e3aa000-2b5c7e3af000 r--s 0002d000 00:35 125760577                  /mmfs/automount/gpfs/homefs/sm/dw07r324/bin/GOAL-20140808/lib/jpf.jar
2b5c7e3af000-2b5c7e3b1000 r--s 0000d000 00:35 125760571                  /mmfs/automount/gpfs/homefs/sm/dw07r324/bin/GOAL-20140808/lib/commons-logging.jar
2b5c7e3b1000-2b5c7e3b3000 r--s 00012000 00:35 125760576                  /mmfs/automount/gpfs/homefs/sm/dw07r324/bin/GOAL-20140808/lib/jpf-tools.jar
2b5c7e3b3000-2b5c7e3ba000 r--s 00039000 00:35 125760578                  /mmfs/automount/gpfs/homefs/sm/dw07r324/bin/GOAL-20140808/lib/jxp.jar
2b5c7e3ba000-2b5c7e3bc000 r--s 00004000 00:35 125760570                  /mmfs/automount/gpfs/homefs/sm/dw07r324/bin/GOAL-20140808/lib/AppleJavaExtensions.jar
2b5c7e3bc000-2b5c7e3c1000 r--s 0002a000 00:35 125760572                  /mmfs/automount/gpfs/homefs/sm/dw07r324/bin/GOAL-20140808/lib/gson-2.2.2.jar
2b5c7e3c1000-2b5c7e3c4000 r--s 0001a000 00:35 125760579                  /mmfs/automount/gpfs/homefs/sm/dw07r324/bin/GOAL-20140808/lib/minijdd_104.jar
2b5c7e3c4000-2b5c7e3e7000 r--s 0022d000 00:35 127534688                  /mmfs/automount/gpfs/homefs/sm/dw07r324/bin/GOAL-20140808/.jpf-shadow/org.svvrl.goal.core@2014.8.8.zip
2b5c7e3e7000-2b5c7e48a000 r-xp 00000000 fd:01 13434                      /usr/lib/jvm/java-1.6.0-openjdk-1.6.0.0.x86_64/jre/lib/amd64/libawt.so
2b5c7e48a000-2b5c7e68a000 ---p 000a3000 fd:01 13434                      /usr/lib/jvm/java-1.6.0-openjdk-1.6.0.0.x86_64/jre/lib/amd64/libawt.so
2b5c7e68a000-2b5c7e696000 rw-p 000a3000 fd:01 13434                      /usr/lib/jvm/java-1.6.0-openjdk-1.6.0.0.x86_64/jre/lib/amd64/libawt.so
2b5c7e696000-2b5c7e6ba000 rw-p 00000000 00:00 0 
2b5c7e6ba000-2b5c7e6c0000 r-xp 00000000 fd:01 8525                       /usr/lib/jvm/java-1.6.0-openjdk-1.6.0.0.x86_64/jre/lib/amd64/headless/libmawt.so
2b5c7e6c0000-2b5c7e8bf000 ---p 00006000 fd:01 8525                       /usr/lib/jvm/java-1.6.0-openjdk-1.6.0.0.x86_64/jre/lib/amd64/headless/libmawt.so
2b5c7e8bf000-2b5c7e8c0000 rw-p 00005000 fd:01 8525                       /usr/lib/jvm/java-1.6.0-openjdk-1.6.0.0.x86_64/jre/lib/amd64/headless/libmawt.so
2b5c7e8c0000-2b5c7e8c2000 rw-p 00000000 00:00 0 
2b5c80000000-2b5c80021000 rw-p 00000000 00:00 0 
2b5c80021000-2b5c84000000 ---p 00000000 00:00 0 
2b5c84000000-2b5c84e1e000 rw-p 00000000 00:00 0 
2b5c84e1e000-2b5c88000000 ---p 00000000 00:00 0 
2b5c88000000-2b5c88fa7000 rw-p 00000000 00:00 0 
2b5c88fa7000-2b5c8c000000 ---p 00000000 00:00 0 
2b5c8c000000-2b5c8c021000 rw-p 00000000 00:00 0 
2b5c8c021000-2b5c90000000 ---p 00000000 00:00 0 
2b5c90000000-2b5c90021000 rw-p 00000000 00:00 0 
2b5c90021000-2b5c94000000 ---p 00000000 00:00 0 
7fff1dff3000-7fff1e02a000 rw-p 00000000 00:00 0                          [stack]
7fff1e0d2000-7fff1e0d3000 r-xp 00000000 00:00 0                          [vdso]
ffffffffff600000-ffffffffff601000 r-xp 00000000 00:00 0                  [vsyscall]

VM Arguments:
jvm_args: -Xmx1G -Xms1G -DapplicationRoot=/home/ubelix/sm/dw07r324/bin/GOAL-20140808 -Dorg.java.plugin.boot.pluginsRepositories=/home/ubelix/sm/dw07r324/bin/GOAL-20140808/plugins -Djpf.boot.config=/home/ubelix/sm/dw07r324/bin/GOAL-20140808/boot.properties -Dorg.apache.commons.logging.Log=org.apache.commons.logging.impl.SimpleLog -Dorg.apache.commons.logging.simplelog.log.org.java.plugin=fatal 
java_command: /home/ubelix/sm/dw07r324/bin/GOAL-20140808/lib/jpf-boot.jar complement -m piterman -eq -macc -sp -ro -r /scratch/local/8663605.1.all.q/test_set_s15/s15_t2.4_a0.8_014.gff
Launcher Type: SUN_STANDARD

Environment Variables:
CLASSPATH=/home/ubelix/sm/dw07r324/bin/GOAL-20140808:/home/ubelix/sm/dw07r324/bin/GOAL-20140808/plugins:/home/ubelix/sm/dw07r324/bin/GOAL-20140808/lib:
PATH=/scratch/local/8663605.1.all.q:/usr/lib64/qt-3.3/bin:/usr/local/bin:/bin:/usr/bin:/usr/local/sbin:/usr/sbin:/sbin:/usr/lpp/mmfs/bin:/home/ubelix/sm/dw07r324/bin/GOAL-20140808:/home/ubelix/sm/dw07r324/bin/gnu_time/bin:/usr/lpp/mmfs/bin
LD_LIBRARY_PATH=/usr/lib/jvm/java-1.6.0-openjdk-1.6.0.0.x86_64/jre/lib/amd64/server:/usr/lib/jvm/java-1.6.0-openjdk-1.6.0.0.x86_64/jre/lib/amd64:/usr/lib/jvm/java-1.6.0-openjdk-1.6.0.0.x86_64/jre/../lib/amd64
SHELL=/bin/bash

Signal Handlers:
SIGSEGV: [libjvm.so+0x870a40], sa_mask[0]=0x7ffbfeff, sa_flags=0x10000004
SIGBUS: [libjvm.so+0x870a40], sa_mask[0]=0x7ffbfeff, sa_flags=0x10000004
SIGFPE: [libjvm.so+0x719240], sa_mask[0]=0x7ffbfeff, sa_flags=0x10000004
SIGPIPE: [libjvm.so+0x719240], sa_mask[0]=0x7ffbfeff, sa_flags=0x10000004
SIGXFSZ: [libjvm.so+0x719240], sa_mask[0]=0x7ffbfeff, sa_flags=0x10000004
SIGILL: [libjvm.so+0x719240], sa_mask[0]=0x7ffbfeff, sa_flags=0x10000004
SIGUSR1: SIG_DFL, sa_mask[0]=0x00000000, sa_flags=0x00000000
SIGUSR2: [libjvm.so+0x718d60], sa_mask[0]=0x00000000, sa_flags=0x10000004
SIGHUP: [libjvm.so+0x71bdf0], sa_mask[0]=0x7ffbfeff, sa_flags=0x10000004
SIGINT: [libjvm.so+0x71bdf0], sa_mask[0]=0x7ffbfeff, sa_flags=0x10000004
SIGTERM: [libjvm.so+0x71bdf0], sa_mask[0]=0x7ffbfeff, sa_flags=0x10000004
SIGQUIT: [libjvm.so+0x71bdf0], sa_mask[0]=0x7ffbfeff, sa_flags=0x10000004


---------------  S Y S T E M  ---------------

OS:Red Hat Enterprise Linux ComputeNode release 6.5 (Santiago)

uname:Linux 2.6.32-431.29.2.el6.x86_64 #1 SMP Sun Jul 27 15:55:46 EDT 2014 x86_64
libc:glibc 2.12 NPTL 2.12 
rlimit: STACK infinity, CORE infinity, NPROC 127431, NOFILE 4096, AS 8388608k
load average:3.30 4.70 4.54

/proc/meminfo:
MemTotal:       16331612 kB
MemFree:         4929492 kB
Buffers:           12828 kB
Cached:          6216484 kB
SwapCached:           88 kB
Active:          2819692 kB
Inactive:        3889512 kB
Active(anon):     416640 kB
Inactive(anon):    63452 kB
Active(file):    2403052 kB
Inactive(file):  3826060 kB
Unevictable:     4082900 kB
Mlocked:         4082900 kB
SwapTotal:       8388604 kB
SwapFree:        8388380 kB
Dirty:               120 kB
Writeback:             0 kB
AnonPages:       4563024 kB
Mapped:           119672 kB
Shmem:               192 kB
Slab:             384064 kB
SReclaimable:     316424 kB
SUnreclaim:        67640 kB
KernelStack:        4712 kB
PageTables:        16628 kB
NFS_Unstable:          0 kB
Bounce:                0 kB
WritebackTmp:          0 kB
CommitLimit:    16554408 kB
Committed_AS:    6812660 kB
VmallocTotal:   34359738367 kB
VmallocUsed:      109412 kB
VmallocChunk:   34351234244 kB
HardwareCorrupted:     0 kB
AnonHugePages:         0 kB
HugePages_Total:       0
HugePages_Free:        0
HugePages_Rsvd:        0
HugePages_Surp:        0
Hugepagesize:       2048 kB
DirectMap4k:        9920 kB
DirectMap2M:     2086912 kB
DirectMap1G:    14680064 kB


CPU:total 8 (4 cores per cpu, 1 threads per core) family 16 model 2 stepping 3, cmov, cx8, fxsr, mmx, sse, sse2, sse3, popcnt, mmxext, 3dnowpref, lzcnt, sse4a, tsc, tscinvbit, tscinv

/proc/cpuinfo:
processor	: 0
vendor_id	: AuthenticAMD
cpu family	: 16
model		: 2
model name	: Quad-Core AMD Opteron(tm) Processor 2354
stepping	: 3
cpu MHz		: 2200.000
cache size	: 512 KB
physical id	: 0
siblings	: 4
core id		: 0
cpu cores	: 4
apicid		: 0
initial apicid	: 0
fpu		: yes
fpu_exception	: yes
cpuid level	: 5
wp		: yes
flags		: fpu vme de pse tsc msr pae mce cx8 apic sep mtrr pge mca cmov pat pse36 clflush mmx fxsr sse sse2 ht syscall nx mmxext fxsr_opt pdpe1gb rdtscp lm 3dnowext 3dnow constant_tsc rep_good nonstop_tsc extd_apicid pni monitor cx16 popcnt lahf_lm cmp_legacy svm extapic cr8_legacy abm sse4a misalignsse 3dnowprefetch osvw ibs npt lbrv svm_lock
bogomips	: 4422.88
TLB size	: 1024 4K pages
clflush size	: 64
cache_alignment	: 64
address sizes	: 48 bits physical, 48 bits virtual
power management: ts ttp tm stc 100mhzsteps hwpstate

processor	: 1
vendor_id	: AuthenticAMD
cpu family	: 16
model		: 2
model name	: Quad-Core AMD Opteron(tm) Processor 2354
stepping	: 3
cpu MHz		: 2200.000
cache size	: 512 KB
physical id	: 0
siblings	: 4
core id		: 1
cpu cores	: 4
apicid		: 1
initial apicid	: 1
fpu		: yes
fpu_exception	: yes
cpuid level	: 5
wp		: yes
flags		: fpu vme de pse tsc msr pae mce cx8 apic sep mtrr pge mca cmov pat pse36 clflush mmx fxsr sse sse2 ht syscall nx mmxext fxsr_opt pdpe1gb rdtscp lm 3dnowext 3dnow constant_tsc rep_good nonstop_tsc extd_apicid pni monitor cx16 popcnt lahf_lm cmp_legacy svm extapic cr8_legacy abm sse4a misalignsse 3dnowprefetch osvw ibs npt lbrv svm_lock
bogomips	: 4422.88
TLB size	: 1024 4K pages
clflush size	: 64
cache_alignment	: 64
address sizes	: 48 bits physical, 48 bits virtual
power management: ts ttp tm stc 100mhzsteps hwpstate

processor	: 2
vendor_id	: AuthenticAMD
cpu family	: 16
model		: 2
model name	: Quad-Core AMD Opteron(tm) Processor 2354
stepping	: 3
cpu MHz		: 2200.000
cache size	: 512 KB
physical id	: 0
siblings	: 4
core id		: 2
cpu cores	: 4
apicid		: 2
initial apicid	: 2
fpu		: yes
fpu_exception	: yes
cpuid level	: 5
wp		: yes
flags		: fpu vme de pse tsc msr pae mce cx8 apic sep mtrr pge mca cmov pat pse36 clflush mmx fxsr sse sse2 ht syscall nx mmxext fxsr_opt pdpe1gb rdtscp lm 3dnowext 3dnow constant_tsc rep_good nonstop_tsc extd_apicid pni monitor cx16 popcnt lahf_lm cmp_legacy svm extapic cr8_legacy abm sse4a misalignsse 3dnowprefetch osvw ibs npt lbrv svm_lock
bogomips	: 4422.88
TLB size	: 1024 4K pages
clflush size	: 64
cache_alignment	: 64
address sizes	: 48 bits physical, 48 bits virtual
power management: ts ttp tm stc 100mhzsteps hwpstate

processor	: 3
vendor_id	: AuthenticAMD
cpu family	: 16
model		: 2
model name	: Quad-Core AMD Opteron(tm) Processor 2354
stepping	: 3
cpu MHz		: 2200.000
cache size	: 512 KB
physical id	: 0
siblings	: 4
core id		: 3
cpu cores	: 4
apicid		: 3
initial apicid	: 3
fpu		: yes
fpu_exception	: yes
cpuid level	: 5
wp		: yes
flags		: fpu vme de pse tsc msr pae mce cx8 apic sep mtrr pge mca cmov pat pse36 clflush mmx fxsr sse sse2 ht syscall nx mmxext fxsr_opt pdpe1gb rdtscp lm 3dnowext 3dnow constant_tsc rep_good nonstop_tsc extd_apicid pni monitor cx16 popcnt lahf_lm cmp_legacy svm extapic cr8_legacy abm sse4a misalignsse 3dnowprefetch osvw ibs npt lbrv svm_lock
bogomips	: 4422.88
TLB size	: 1024 4K pages
clflush size	: 64
cache_alignment	: 64
address sizes	: 48 bits physical, 48 bits virtual
power management: ts ttp tm stc 100mhzsteps hwpstate

processor	: 4
vendor_id	: AuthenticAMD
cpu family	: 16
model		: 2
model name	: Quad-Core AMD Opteron(tm) Processor 2354
stepping	: 3
cpu MHz		: 2200.000
cache size	: 512 KB
physical id	: 1
siblings	: 4
core id		: 0
cpu cores	: 4
apicid		: 4
initial apicid	: 4
fpu		: yes
fpu_exception	: yes
cpuid level	: 5
wp		: yes
flags		: fpu vme de pse tsc msr pae mce cx8 apic sep mtrr pge mca cmov pat pse36 clflush mmx fxsr sse sse2 ht syscall nx mmxext fxsr_opt pdpe1gb rdtscp lm 3dnowext 3dnow constant_tsc rep_good nonstop_tsc extd_apicid pni monitor cx16 popcnt lahf_lm cmp_legacy svm extapic cr8_legacy abm sse4a misalignsse 3dnowprefetch osvw ibs npt lbrv svm_lock
bogomips	: 4422.23
TLB size	: 1024 4K pages
clflush size	: 64
cache_alignment	: 64
address sizes	: 48 bits physical, 48 bits virtual
power management: ts ttp tm stc 100mhzsteps hwpstate

processor	: 5
vendor_id	: AuthenticAMD
cpu family	: 16
model		: 2
model name	: Quad-Core AMD Opteron(tm) Processor 2354
stepping	: 3
cpu MHz		: 2200.000
cache size	: 512 KB
physical id	: 1
siblings	: 4
core id		: 1
cpu cores	: 4
apicid		: 5
initial apicid	: 5
fpu		: yes
fpu_exception	: yes
cpuid level	: 5
wp		: yes
flags		: fpu vme de pse tsc msr pae mce cx8 apic sep mtrr pge mca cmov pat pse36 clflush mmx fxsr sse sse2 ht syscall nx mmxext fxsr_opt pdpe1gb rdtscp lm 3dnowext 3dnow constant_tsc rep_good nonstop_tsc extd_apicid pni monitor cx16 popcnt lahf_lm cmp_legacy svm extapic cr8_legacy abm sse4a misalignsse 3dnowprefetch osvw ibs npt lbrv svm_lock
bogomips	: 4422.23
TLB size	: 1024 4K pages
clflush size	: 64
cache_alignment	: 64
address sizes	: 48 bits physical, 48 bits virtual
power management: ts ttp tm stc 100mhzsteps hwpstate

processor	: 6
vendor_id	: AuthenticAMD
cpu family	: 16
model		: 2
model name	: Quad-Core AMD Opteron(tm) Processor 2354
stepping	: 3
cpu MHz		: 2200.000
cache size	: 512 KB
physical id	: 1
siblings	: 4
core id		: 2
cpu cores	: 4
apicid		: 6
initial apicid	: 6
fpu		: yes
fpu_exception	: yes
cpuid level	: 5
wp		: yes
flags		: fpu vme de pse tsc msr pae mce cx8 apic sep mtrr pge mca cmov pat pse36 clflush mmx fxsr sse sse2 ht syscall nx mmxext fxsr_opt pdpe1gb rdtscp lm 3dnowext 3dnow constant_tsc rep_good nonstop_tsc extd_apicid pni monitor cx16 popcnt lahf_lm cmp_legacy svm extapic cr8_legacy abm sse4a misalignsse 3dnowprefetch osvw ibs npt lbrv svm_lock
bogomips	: 4422.23
TLB size	: 1024 4K pages
clflush size	: 64
cache_alignment	: 64
address sizes	: 48 bits physical, 48 bits virtual
power management: ts ttp tm stc 100mhzsteps hwpstate

processor	: 7
vendor_id	: AuthenticAMD
cpu family	: 16
model		: 2
model name	: Quad-Core AMD Opteron(tm) Processor 2354
stepping	: 3
cpu MHz		: 2200.000
cache size	: 512 KB
physical id	: 1
siblings	: 4
core id		: 3
cpu cores	: 4
apicid		: 7
initial apicid	: 7
fpu		: yes
fpu_exception	: yes
cpuid level	: 5
wp		: yes
flags		: fpu vme de pse tsc msr pae mce cx8 apic sep mtrr pge mca cmov pat pse36 clflush mmx fxsr sse sse2 ht syscall nx mmxext fxsr_opt pdpe1gb rdtscp lm 3dnowext 3dnow constant_tsc rep_good nonstop_tsc extd_apicid pni monitor cx16 popcnt lahf_lm cmp_legacy svm extapic cr8_legacy abm sse4a misalignsse 3dnowprefetch osvw ibs npt lbrv svm_lock
bogomips	: 4422.23
TLB size	: 1024 4K pages
clflush size	: 64
cache_alignment	: 64
address sizes	: 48 bits physical, 48 bits virtual
power management: ts ttp tm stc 100mhzsteps hwpstate



Memory: 4k page, physical 16331612k(4929492k free), swap 8388604k(8388380k free)

vm_info: OpenJDK 64-Bit Server VM (23.25-b01) for linux-amd64 JRE (1.6.0_32-b32), built on Aug 21 2014 11:15:48 by "mockbuild" with gcc 4.4.7 20120313 (Red Hat 4.4.7-4)

time: Tue Sep 23 13:50:25 2014
elapsed time: 1 seconds

