#
# A fatal error has been detected by the Java Runtime Environment:
#
#  SIGBUS (0x7) at pc=0x00002b99c5833522, pid=9012, tid=47939438966528
#
# JRE version: 6.0_32-b32
# Java VM: OpenJDK 64-Bit Server VM (23.25-b01 mixed mode linux-amd64 compressed oops)
# Problematic frame:
# C  [libzip.so+0x4522]  ZIP_Lock+0x252
#
# Core dump written. Default location: /mmfs/automount/gpfs/homefs/sm/dw07r324/jobs/piterman.eq.macc.sp.ro.r/core or core.9012
#
# If you would like to submit a bug report, please include
# instructions how to reproduce the bug and visit:
#   http://icedtea.classpath.org/bugzilla
# The crash happened outside the Java Virtual Machine in native code.
# See problematic frame for where to report the bug.
#

---------------  T H R E A D  ---------------

Current thread (0x00002b99c8008000):  JavaThread "main" [_thread_in_native, id=9013, stack(0x00002b99c52af000,0x00002b99c53b0000)]

siginfo:si_signo=SIGBUS: si_errno=0, si_code=2 (BUS_ADRERR), si_addr=0x00002b9a0e3d4372

Registers:
RAX=0x00002b99c881dc90, RBX=0x00002b9a0e3d4355, RCX=0x0000000000000531, RDX=0x0000000000000530
RSP=0x00002b99c53ad430, RBP=0x00002b99c53ad470, RSI=0x0000000000000040, RDI=0x00002b99c8000020
R8 =0x00002b99c8000088, R9 =0x0000000000000001, R10=0x0000000000000040, R11=0x00002b99c4adf660
R12=0x00002b99c881dc90, R13=0x00002b99c82e0c30, R14=0x00002b99c53ad4e0, R15=0x00002b99c881dc90
RIP=0x00002b99c5833522, EFLAGS=0x0000000000010206, CSGSFS=0x0000000000000033, ERR=0x0000000000000004
  TRAPNO=0x000000000000000e

Top of Stack: (sp=0x00002b99c53ad430)
0x00002b99c53ad430:   00002b99c82eb280 00002b99c4a2905e
0x00002b99c53ad440:   00000000000003a8 00002b99c82e63d0
0x00002b99c53ad450:   00002b99c82e0c30 00000000cd149136
0x00002b99c53ad460:   00002b99c53ad4e0 000000000000002d
0x00002b99c53ad470:   00002b99c53ad4c0 00002b99c5833ae2
0x00002b99c53ad480:   00002b99c8008000 00002b99c82eb180
0x00002b99c53ad490:   00002744c53ad500 00002b99c80081d8
0x00002b99c53ad4a0:   00002b99c53ad4e0 000000000000002d
0x00002b99c53ad4b0:   00002b99c53ad9b8 00002b99c53ad4e0
0x00002b99c53ad4c0:   00002b99c53ad920 00002b99c5832ae4
0x00002b99c53ad4d0:   0000002d01008000 00002b99c82e0c30
0x00002b99c53ad4e0:   2f73657373616c63 727676732f67726f
0x00002b99c53ad4f0:   632f6c616f672f6c 502f6f692f65726f
0x00002b99c53ad500:   2e6365646f43474e 0000007373616c63
0x00002b99c53ad510:   000000000000000a 0000000400000004
0x00002b99c53ad520:   00002b99c8008b90 00002b99c4a28fff
0x00002b99c53ad530:   00002b99c53ad560 00002b99c53ad5f0
0x00002b99c53ad540:   00002b99c8008000 0000000000000001
0x00002b99c53ad550:   00002b99c4c05354 0000000000001389
0x00002b99c53ad560:   00002b99c53ad5a0 00002b99c4afa437
0x00002b99c53ad570:   00002b99c53ad5a0 00002b99c4afab94
0x00002b99c53ad580:   00002b99c8008000 00002b99c53ad5f0
0x00002b99c53ad590:   00002b99c8008000 0000000000000001
0x00002b99c53ad5a0:   00002b99c53ad650 00002b99c4a1df68
0x00002b99c53ad5b0:   00002b99c53ad600 00002b9900000000
0x00002b99c53ad5c0:   00002b99c53ad650 00002b99c46f03f8
0x00002b99c53ad5d0:   00002b99c8008750 00002b99c8007770
0x00002b99c53ad5e0:   0000000000000000 0000000000000000
0x00002b99c53ad5f0:   00002b99c8005960 00002b99c8008b80
0x00002b99c53ad600:   0000000000000000 0000000000000001
0x00002b99c53ad610:   00002b99c8008000 ffffffffffffffff
0x00002b99c53ad620:   00002b99c53ad690 00002b99c482fa03 

Instructions: (pc=0x00002b99c5833522)
0x00002b99c5833502:   00 00 00 00 00 48 c7 40 30 00 00 00 00 48 c7 40
0x00002b99c5833512:   28 00 00 00 00 8b 5b 04 49 2b 5d 28 49 03 5d 18
0x00002b99c5833522:   44 0f b6 73 1d 0f b6 43 1c 41 c1 e6 08 41 09 c6
0x00002b99c5833532:   0f b6 43 1e 88 45 ce 0f b6 43 1f 88 45 cf 0f b6 

Register to memory mapping:

RAX=0x00002b99c881dc90 is an unknown value
RBX=0x00002b9a0e3d4355 is an unknown value
RCX=0x0000000000000531 is an unknown value
RDX=0x0000000000000530 is an unknown value
RSP=0x00002b99c53ad430 is pointing into the stack for thread: 0x00002b99c8008000
RBP=0x00002b99c53ad470 is pointing into the stack for thread: 0x00002b99c8008000
RSI=0x0000000000000040 is an unknown value
RDI=0x00002b99c8000020 is an unknown value
R8 =0x00002b99c8000088 is an unknown value
R9 =0x0000000000000001 is an unknown value
R10=0x0000000000000040 is an unknown value
R11=0x00002b99c4adf660: <offset 0x79f660> in /usr/lib/jvm/java-1.6.0-openjdk-1.6.0.0.x86_64/jre/lib/amd64/server/libjvm.so at 0x00002b99c4340000
R12=0x00002b99c881dc90 is an unknown value
R13=0x00002b99c82e0c30 is an unknown value
R14=0x00002b99c53ad4e0 is pointing into the stack for thread: 0x00002b99c8008000
R15=0x00002b99c881dc90 is an unknown value


Stack: [0x00002b99c52af000,0x00002b99c53b0000],  sp=0x00002b99c53ad430,  free space=1017k
Native frames: (J=compiled Java code, j=interpreted, Vv=VM code, C=native code)
C  [libzip.so+0x4522]  ZIP_Lock+0x252
C  [libzip.so+0x4ae2]  ZIP_GetEntry+0xc2
C  [libzip.so+0x3ae4]  Java_java_util_zip_ZipFile_getEntry+0xc4
j  java.util.zip.ZipFile.getEntry(JLjava/lang/String;Z)J+0
j  java.util.zip.ZipFile.getEntry(Ljava/lang/String;)Ljava/util/zip/ZipEntry;+31
j  java.util.jar.JarFile.getEntry(Ljava/lang/String;)Ljava/util/zip/ZipEntry;+2
j  sun.net.www.protocol.jar.URLJarFile.getEntry(Ljava/lang/String;)Ljava/util/zip/ZipEntry;+2
j  sun.net.www.protocol.jar.JarURLConnection.connect()V+62
j  sun.net.www.protocol.jar.JarURLConnection.getInputStream()Ljava/io/InputStream;+1
j  sun.misc.URLClassPath$Loader.getResource(Ljava/lang/String;Z)Lsun/misc/Resource;+48
j  sun.misc.URLClassPath.getResource(Ljava/lang/String;Z)Lsun/misc/Resource;+53
j  java.net.URLClassLoader$1.run()Ljava/lang/Object;+26
v  ~StubRoutines::call_stub
V  [libjvm.so+0x537e3e]  AsyncGetCallTrace+0xd776e
V  [libjvm.so+0x536ad8]  AsyncGetCallTrace+0xd6408
V  [libjvm.so+0x597140]  JVM_DoPrivileged+0x400
j  java.security.AccessController.doPrivileged(Ljava/security/PrivilegedExceptionAction;Ljava/security/AccessControlContext;)Ljava/lang/Object;+0
j  java.net.URLClassLoader.findClass(Ljava/lang/String;)Ljava/lang/Class;+13
j  org.java.plugin.standard.StandardPluginClassLoader.loadLocalClass(Ljava/lang/String;ZLorg/java/plugin/standard/StandardPluginClassLoader;)Ljava/lang/Class;+97
j  org.java.plugin.standard.StandardPluginClassLoader.loadClass(Ljava/lang/String;Z)Ljava/lang/Class;+62
j  java.lang.ClassLoader.loadClass(Ljava/lang/String;)Ljava/lang/Class;+3
j  org.svvrl.goal.core.CorePlugin.loadCodecs()V+63
j  org.svvrl.goal.core.CorePlugin.initApplication(Lorg/java/plugin/util/ExtendedProperties;[Ljava/lang/String;)Lorg/java/plugin/boot/Application;+150
j  org.java.plugin.boot.DefaultApplicationInitializer.initApplication(Lorg/java/plugin/boot/BootErrorHandler;[Ljava/lang/String;)Lorg/java/plugin/boot/Application;+530
j  org.java.plugin.boot.Boot.initApplication(Lorg/java/plugin/boot/BootErrorHandler;Lorg/java/plugin/util/ExtendedProperties;[Ljava/lang/String;)Lorg/java/plugin/boot/Application;+157
j  org.java.plugin.boot.Boot.boot(Lorg/java/plugin/util/ExtendedProperties;ZLjava/lang/String;Lorg/java/plugin/boot/BootErrorHandler;[Ljava/lang/String;)Lorg/java/plugin/boot/Application;+338
j  org.java.plugin.boot.Boot.main([Ljava/lang/String;)V+162
v  ~StubRoutines::call_stub
V  [libjvm.so+0x537e3e]  AsyncGetCallTrace+0xd776e
V  [libjvm.so+0x536ad8]  AsyncGetCallTrace+0xd6408
V  [libjvm.so+0x5452a7]  JNI_CreateJavaVM+0x12e7
V  [libjvm.so+0x55a4eb]  JNI_CreateJavaVM+0x1652b
C  [java+0x374d]  JavaMain+0xd0d

Java frames: (J=compiled Java code, j=interpreted, Vv=VM code)
j  java.util.zip.ZipFile.getEntry(JLjava/lang/String;Z)J+0
j  java.util.zip.ZipFile.getEntry(Ljava/lang/String;)Ljava/util/zip/ZipEntry;+31
j  java.util.jar.JarFile.getEntry(Ljava/lang/String;)Ljava/util/zip/ZipEntry;+2
j  sun.net.www.protocol.jar.URLJarFile.getEntry(Ljava/lang/String;)Ljava/util/zip/ZipEntry;+2
j  sun.net.www.protocol.jar.JarURLConnection.connect()V+62
j  sun.net.www.protocol.jar.JarURLConnection.getInputStream()Ljava/io/InputStream;+1
j  sun.misc.URLClassPath$Loader.getResource(Ljava/lang/String;Z)Lsun/misc/Resource;+48
j  sun.misc.URLClassPath.getResource(Ljava/lang/String;Z)Lsun/misc/Resource;+53
j  java.net.URLClassLoader$1.run()Ljava/lang/Object;+26
v  ~StubRoutines::call_stub
j  java.security.AccessController.doPrivileged(Ljava/security/PrivilegedExceptionAction;Ljava/security/AccessControlContext;)Ljava/lang/Object;+0
j  java.net.URLClassLoader.findClass(Ljava/lang/String;)Ljava/lang/Class;+13
j  org.java.plugin.standard.StandardPluginClassLoader.loadLocalClass(Ljava/lang/String;ZLorg/java/plugin/standard/StandardPluginClassLoader;)Ljava/lang/Class;+97
j  org.java.plugin.standard.StandardPluginClassLoader.loadClass(Ljava/lang/String;Z)Ljava/lang/Class;+62
j  java.lang.ClassLoader.loadClass(Ljava/lang/String;)Ljava/lang/Class;+3
j  org.svvrl.goal.core.CorePlugin.loadCodecs()V+63
j  org.svvrl.goal.core.CorePlugin.initApplication(Lorg/java/plugin/util/ExtendedProperties;[Ljava/lang/String;)Lorg/java/plugin/boot/Application;+150
j  org.java.plugin.boot.DefaultApplicationInitializer.initApplication(Lorg/java/plugin/boot/BootErrorHandler;[Ljava/lang/String;)Lorg/java/plugin/boot/Application;+530
j  org.java.plugin.boot.Boot.initApplication(Lorg/java/plugin/boot/BootErrorHandler;Lorg/java/plugin/util/ExtendedProperties;[Ljava/lang/String;)Lorg/java/plugin/boot/Application;+157
j  org.java.plugin.boot.Boot.boot(Lorg/java/plugin/util/ExtendedProperties;ZLjava/lang/String;Lorg/java/plugin/boot/BootErrorHandler;[Ljava/lang/String;)Lorg/java/plugin/boot/Application;+338
j  org.java.plugin.boot.Boot.main([Ljava/lang/String;)V+162
v  ~StubRoutines::call_stub

---------------  P R O C E S S  ---------------

Java Threads: ( => current thread )
  0x00002b99c8101800 JavaThread "Low Memory Detector" daemon [_thread_blocked, id=9028, stack(0x00002b9a0e194000,0x00002b9a0e295000)]
  0x00002b99c80ff000 JavaThread "C2 CompilerThread1" daemon [_thread_in_native, id=9027, stack(0x00002b9a0e093000,0x00002b9a0e194000)]
  0x00002b99c80fc800 JavaThread "C2 CompilerThread0" daemon [_thread_in_native, id=9026, stack(0x00002b9a0df92000,0x00002b9a0e093000)]
  0x00002b99c80fa000 JavaThread "Signal Dispatcher" daemon [_thread_blocked, id=9025, stack(0x00002b9a0de91000,0x00002b9a0df92000)]
  0x00002b99c80ab800 JavaThread "Finalizer" daemon [_thread_blocked, id=9024, stack(0x00002b99fc101000,0x00002b99fc202000)]
  0x00002b99c80a9800 JavaThread "Reference Handler" daemon [_thread_blocked, id=9023, stack(0x00002b99fc000000,0x00002b99fc101000)]
=>0x00002b99c8008000 JavaThread "main" [_thread_in_native, id=9013, stack(0x00002b99c52af000,0x00002b99c53b0000)]

Other Threads:
  0x00002b99c809a800 VMThread [stack: 0x00002b99f0d91000,0x00002b99f0e92000] [id=9022]
  0x00002b99c810c800 WatcherThread [stack: 0x00002b9a0e295000,0x00002b9a0e396000] [id=9029]

VM state:not at safepoint (normal execution)

VM Mutex/Monitor currently owned by a thread: None

Heap
 PSYoungGen      total 305856K, used 20977K [0x00000000eaab0000, 0x0000000100000000, 0x0000000100000000)
  eden space 262208K, 8% used [0x00000000eaab0000,0x00000000ebf2c418,0x00000000faac0000)
  from space 43648K, 0% used [0x00000000fd560000,0x00000000fd560000,0x0000000100000000)
  to   space 43648K, 0% used [0x00000000faac0000,0x00000000faac0000,0x00000000fd560000)
 ParOldGen       total 699072K, used 0K [0x00000000c0000000, 0x00000000eaab0000, 0x00000000eaab0000)
  object space 699072K, 0% used [0x00000000c0000000,0x00000000c0000000,0x00000000eaab0000)
 PSPermGen       total 21248K, used 7087K [0x00000000b5a00000, 0x00000000b6ec0000, 0x00000000c0000000)
  object space 21248K, 33% used [0x00000000b5a00000,0x00000000b60ebc68,0x00000000b6ec0000)

Card table byte_map: [0x00002b99cf0c0000,0x00002b99cf314000] byte_map_base: 0x00002b99ceb13000

Polling page: 0x00002b99c57f0000

Code Cache  [0x00002b99cc000000, 0x00002b99cc270000, 0x00002b99cf000000)
 total_blobs=313 nmethods=90 adapters=176 free_code_cache=48497Kb largest_free_block=49635584

Compilation events (10 events):
Event: 1.018 Thread 0x00002b99c80fc800 nmethod 86 0x00002b99cc0887d0 code [0x00002b99cc088900, 0x00002b99cc088958]
Event: 1.020 Thread 0x00002b99c80fc800   87             java.util.AbstractCollection::isEmpty (13 bytes)
Event: 1.021 Thread 0x00002b99c80fc800 nmethod 87 0x00002b99cc088590 code [0x00002b99cc0886e0, 0x00002b99cc088758]
Event: 1.023 Thread 0x00002b99c80fc800   88             org.java.plugin.registry.xml.ExtensionImpl::validateParameters (408 bytes)
Event: 1.212 Thread 0x00002b99c80ff000 nmethod 82 0x00002b99cc0a0a10 code [0x00002b99cc0a0f80, 0x00002b99cc0a4560]
Event: 1.212 Thread 0x00002b99c80ff000   89             java.util.LinkedList::addAll (10 bytes)
Event: 1.219 Thread 0x00002b99c80ff000 nmethod 89 0x00002b99cc08abd0 code [0x00002b99cc08ad60, 0x00002b99cc08b188]
Event: 1.219 Thread 0x00002b99c80ff000   90             java.util.LinkedList::addAll (172 bytes)
Event: 1.226 Thread 0x00002b99c80ff000 nmethod 90 0x00002b99cc06b510 code [0x00002b99cc06b6a0, 0x00002b99cc06bb18]
Event: 1.226 Thread 0x00002b99c80ff000   91             org.java.plugin.registry.xml.ExtensionImpl$ParameterImpl::getDefinition (301 bytes)

GC Heap History (0 events):
No events

Deoptimization events (9 events):
Event: 0.271 Thread 0x00002b99c8008000 Uncommon trap -34 fr.pc 0x00002b99cc05ea30
Event: 0.271 Thread 0x00002b99c8008000 Uncommon trap -34 fr.pc 0x00002b99cc05ea30
Event: 0.364 Thread 0x00002b99c8008000 Uncommon trap -12 fr.pc 0x00002b99cc0652ec
Event: 0.988 Thread 0x00002b99c8008000 Uncommon trap -58 fr.pc 0x00002b99cc07cca0
Event: 0.988 Thread 0x00002b99c8008000 Uncommon trap -58 fr.pc 0x00002b99cc07cca0
Event: 0.988 Thread 0x00002b99c8008000 Uncommon trap -58 fr.pc 0x00002b99cc07cca0
Event: 0.988 Thread 0x00002b99c8008000 Uncommon trap -58 fr.pc 0x00002b99cc07cca0
Event: 1.142 Thread 0x00002b99c8008000 Uncommon trap -34 fr.pc 0x00002b99cc05ea30
Event: 1.142 Thread 0x00002b99c8008000 Uncommon trap -34 fr.pc 0x00002b99cc05ea30

Internal exceptions (10 events):
Event: 1.198 Thread 0x00002b99c8008000 Threw 0x00000000eb88c590 at /builddir/build/BUILD/icedtea6-1.13.4/openjdk/hotspot/src/share/vm/prims/jvm.cpp:1235
Event: 1.200 Thread 0x00002b99c8008000 Threw 0x00000000eb896d10 at /builddir/build/BUILD/icedtea6-1.13.4/openjdk/hotspot/src/share/vm/classfile/systemDictionary.cpp:179
Event: 1.200 Thread 0x00002b99c8008000 Threw 0x00000000eb8970b0 at /builddir/build/BUILD/icedtea6-1.13.4/openjdk/hotspot/src/share/vm/prims/jvm.cpp:1235
Event: 1.200 Thread 0x00002b99c8008000 Threw 0x00000000eb897500 at /builddir/build/BUILD/icedtea6-1.13.4/openjdk/hotspot/src/share/vm/prims/jvm.cpp:1235
Event: 1.206 Thread 0x00002b99c8008000 Threw 0x00000000eb8cf788 at /builddir/build/BUILD/icedtea6-1.13.4/openjdk/hotspot/src/share/vm/classfile/systemDictionary.cpp:179
Event: 1.206 Thread 0x00002b99c8008000 Threw 0x00000000eb8cfae8 at /builddir/build/BUILD/icedtea6-1.13.4/openjdk/hotspot/src/share/vm/prims/jvm.cpp:1235
Event: 1.206 Thread 0x00002b99c8008000 Threw 0x00000000eb8cfef8 at /builddir/build/BUILD/icedtea6-1.13.4/openjdk/hotspot/src/share/vm/prims/jvm.cpp:1235
Event: 1.216 Thread 0x00002b99c8008000 Threw 0x00000000eb915e48 at /builddir/build/BUILD/icedtea6-1.13.4/openjdk/hotspot/src/share/vm/classfile/systemDictionary.cpp:179
Event: 1.217 Thread 0x00002b99c8008000 Threw 0x00000000eb9161a0 at /builddir/build/BUILD/icedtea6-1.13.4/openjdk/hotspot/src/share/vm/prims/jvm.cpp:1235
Event: 1.217 Thread 0x00002b99c8008000 Threw 0x00000000eb9165a8 at /builddir/build/BUILD/icedtea6-1.13.4/openjdk/hotspot/src/share/vm/prims/jvm.cpp:1235

Events (10 events):
Event: 1.222 loading class 0x00002b99c8428e70
Event: 1.222 loading class 0x00002b99c8428e70 done
Event: 1.222 loading class 0x00002b99c84359f0
Event: 1.222 loading class 0x00002b99c880d490
Event: 1.222 loading class 0x00002b99c880e080
Event: 1.222 loading class 0x00002b99c880e080 done
Event: 1.222 loading class 0x00002b99c880d490 done
Event: 1.223 loading class 0x00002b99c84359f0 done
Event: 1.223 loading class 0x00002b99c87d06f0
Event: 1.223 loading class 0x00002b99c87d06f0 done


Dynamic libraries:
00400000-00409000 r-xp 00000000 fd:01 5993                               /usr/lib/jvm/java-1.6.0-openjdk-1.6.0.0.x86_64/jre/bin/java
00608000-0060a000 rw-p 00008000 fd:01 5993                               /usr/lib/jvm/java-1.6.0-openjdk-1.6.0.0.x86_64/jre/bin/java
01973000-01994000 rw-p 00000000 00:00 0                                  [heap]
b5a00000-b6ec0000 rw-p 00000000 00:00 0 
b6ec0000-c0000000 rw-p 00000000 00:00 0 
c0000000-100000000 rw-p 00000000 00:00 0 
364f800000-364f820000 r-xp 00000000 fd:01 130582                         /lib64/ld-2.12.so
364fa1f000-364fa20000 r--p 0001f000 fd:01 130582                         /lib64/ld-2.12.so
364fa20000-364fa21000 rw-p 00020000 fd:01 130582                         /lib64/ld-2.12.so
364fa21000-364fa22000 rw-p 00000000 00:00 0 
364fc00000-364fd8a000 r-xp 00000000 fd:01 130613                         /lib64/libc-2.12.so
364fd8a000-364ff8a000 ---p 0018a000 fd:01 130613                         /lib64/libc-2.12.so
364ff8a000-364ff8e000 r--p 0018a000 fd:01 130613                         /lib64/libc-2.12.so
364ff8e000-364ff8f000 rw-p 0018e000 fd:01 130613                         /lib64/libc-2.12.so
364ff8f000-364ff94000 rw-p 00000000 00:00 0 
3650000000-3650004000 r-xp 00000000 fd:01 13573                          /usr/lib/jvm/java-1.6.0-openjdk-1.6.0.0.x86_64/jre/lib/amd64/jli/libjli.so
3650004000-3650203000 ---p 00004000 fd:01 13573                          /usr/lib/jvm/java-1.6.0-openjdk-1.6.0.0.x86_64/jre/lib/amd64/jli/libjli.so
3650203000-3650204000 rw-p 00003000 fd:01 13573                          /usr/lib/jvm/java-1.6.0-openjdk-1.6.0.0.x86_64/jre/lib/amd64/jli/libjli.so
3650400000-3650417000 r-xp 00000000 fd:01 130636                         /lib64/libpthread-2.12.so
3650417000-3650617000 ---p 00017000 fd:01 130636                         /lib64/libpthread-2.12.so
3650617000-3650618000 r--p 00017000 fd:01 130636                         /lib64/libpthread-2.12.so
3650618000-3650619000 rw-p 00018000 fd:01 130636                         /lib64/libpthread-2.12.so
3650619000-365061d000 rw-p 00000000 00:00 0 
3650800000-3650802000 r-xp 00000000 fd:01 130624                         /lib64/libdl-2.12.so
3650802000-3650a02000 ---p 00002000 fd:01 130624                         /lib64/libdl-2.12.so
3650a02000-3650a03000 r--p 00002000 fd:01 130624                         /lib64/libdl-2.12.so
3650a03000-3650a04000 rw-p 00003000 fd:01 130624                         /lib64/libdl-2.12.so
3650c00000-3650c15000 r-xp 00000000 fd:01 130638                         /lib64/libz.so.1.2.3
3650c15000-3650e14000 ---p 00015000 fd:01 130638                         /lib64/libz.so.1.2.3
3650e14000-3650e15000 r--p 00014000 fd:01 130638                         /lib64/libz.so.1.2.3
3650e15000-3650e16000 rw-p 00015000 fd:01 130638                         /lib64/libz.so.1.2.3
3651000000-3651007000 r-xp 00000000 fd:01 132701                         /lib64/librt-2.12.so
3651007000-3651206000 ---p 00007000 fd:01 132701                         /lib64/librt-2.12.so
3651206000-3651207000 r--p 00006000 fd:01 132701                         /lib64/librt-2.12.so
3651207000-3651208000 rw-p 00007000 fd:01 132701                         /lib64/librt-2.12.so
3651800000-3651816000 r-xp 00000000 fd:01 133662                         /lib64/libgcc_s-4.4.7-20120601.so.1
3651816000-3651a15000 ---p 00016000 fd:01 133662                         /lib64/libgcc_s-4.4.7-20120601.so.1
3651a15000-3651a16000 rw-p 00015000 fd:01 133662                         /lib64/libgcc_s-4.4.7-20120601.so.1
3653000000-36530e8000 r-xp 00000000 fd:01 49938                          /usr/lib64/libstdc++.so.6.0.13
36530e8000-36532e8000 ---p 000e8000 fd:01 49938                          /usr/lib64/libstdc++.so.6.0.13
36532e8000-36532ef000 r--p 000e8000 fd:01 49938                          /usr/lib64/libstdc++.so.6.0.13
36532ef000-36532f1000 rw-p 000ef000 fd:01 49938                          /usr/lib64/libstdc++.so.6.0.13
36532f1000-3653306000 rw-p 00000000 00:00 0 
365c200000-365c216000 r-xp 00000000 fd:01 137559                         /lib64/libnsl-2.12.so
365c216000-365c415000 ---p 00016000 fd:01 137559                         /lib64/libnsl-2.12.so
365c415000-365c416000 r--p 00015000 fd:01 137559                         /lib64/libnsl-2.12.so
365c416000-365c417000 rw-p 00016000 fd:01 137559                         /lib64/libnsl-2.12.so
365c417000-365c419000 rw-p 00000000 00:00 0 
2b99c4325000-2b99c4326000 rw-p 00000000 00:00 0 
2b99c433c000-2b99c4340000 rw-p 00000000 00:00 0 
2b99c4340000-2b99c4d4b000 r-xp 00000000 fd:01 23213                      /usr/lib/jvm/java-1.6.0-openjdk-1.6.0.0.x86_64/jre/lib/amd64/server/libjvm.so
2b99c4d4b000-2b99c4f4b000 ---p 00a0b000 fd:01 23213                      /usr/lib/jvm/java-1.6.0-openjdk-1.6.0.0.x86_64/jre/lib/amd64/server/libjvm.so
2b99c4f4b000-2b99c4fec000 rw-p 00a0b000 fd:01 23213                      /usr/lib/jvm/java-1.6.0-openjdk-1.6.0.0.x86_64/jre/lib/amd64/server/libjvm.so
2b99c4fec000-2b99c5015000 rw-p 00000000 00:00 0 
2b99c502b000-2b99c50ae000 r-xp 00000000 fd:01 130627                     /lib64/libm-2.12.so
2b99c50ae000-2b99c52ad000 ---p 00083000 fd:01 130627                     /lib64/libm-2.12.so
2b99c52ad000-2b99c52ae000 r--p 00082000 fd:01 130627                     /lib64/libm-2.12.so
2b99c52ae000-2b99c52af000 rw-p 00083000 fd:01 130627                     /lib64/libm-2.12.so
2b99c52af000-2b99c52b2000 ---p 00000000 00:00 0 
2b99c52b2000-2b99c53b0000 rw-p 00000000 00:00 0 
2b99c53b0000-2b99c53be000 r-xp 00000000 fd:01 23207                      /usr/lib/jvm/java-1.6.0-openjdk-1.6.0.0.x86_64/jre/lib/amd64/libverify.so
2b99c53be000-2b99c55be000 ---p 0000e000 fd:01 23207                      /usr/lib/jvm/java-1.6.0-openjdk-1.6.0.0.x86_64/jre/lib/amd64/libverify.so
2b99c55be000-2b99c55c0000 rw-p 0000e000 fd:01 23207                      /usr/lib/jvm/java-1.6.0-openjdk-1.6.0.0.x86_64/jre/lib/amd64/libverify.so
2b99c55c0000-2b99c55ed000 r-xp 00000000 fd:01 23159                      /usr/lib/jvm/java-1.6.0-openjdk-1.6.0.0.x86_64/jre/lib/amd64/libjava.so
2b99c55ed000-2b99c57ec000 ---p 0002d000 fd:01 23159                      /usr/lib/jvm/java-1.6.0-openjdk-1.6.0.0.x86_64/jre/lib/amd64/libjava.so
2b99c57ec000-2b99c57f0000 rw-p 0002c000 fd:01 23159                      /usr/lib/jvm/java-1.6.0-openjdk-1.6.0.0.x86_64/jre/lib/amd64/libjava.so
2b99c57f0000-2b99c57f1000 r--p 00000000 00:00 0 
2b99c57f1000-2b99c57f2000 rw-p 00000000 00:00 0 
2b99c57f2000-2b99c5827000 r--s 00000000 fd:02 128540                     /var/db/nscd/passwd
2b99c5827000-2b99c582f000 rw-s 00000000 fd:03 38                         /tmp/hsperfdata_dw07r324/9012
2b99c582f000-2b99c5836000 r-xp 00000000 fd:01 23208                      /usr/lib/jvm/java-1.6.0-openjdk-1.6.0.0.x86_64/jre/lib/amd64/libzip.so
2b99c5836000-2b99c5a36000 ---p 00007000 fd:01 23208                      /usr/lib/jvm/java-1.6.0-openjdk-1.6.0.0.x86_64/jre/lib/amd64/libzip.so
2b99c5a36000-2b99c5a37000 rw-p 00007000 fd:01 23208                      /usr/lib/jvm/java-1.6.0-openjdk-1.6.0.0.x86_64/jre/lib/amd64/libzip.so
2b99c8000000-2b99c884e000 rw-p 00000000 00:00 0 
2b99c884e000-2b99cc000000 ---p 00000000 00:00 0 
2b99cc000000-2b99cc270000 rwxp 00000000 00:00 0 
2b99cc270000-2b99cf000000 rw-p 00000000 00:00 0 
2b99cf000000-2b99cf00a000 rw-p 00000000 00:00 0 
2b99cf00a000-2b99cf0c0000 rw-p 00000000 00:00 0 
2b99cf0c0000-2b99cf0cb000 rw-p 00000000 00:00 0 
2b99cf0cb000-2b99cf113000 rw-p 00000000 00:00 0 
2b99cf113000-2b99cf475000 rw-p 00000000 00:00 0 
2b99cf475000-2b99cf4bd000 rw-p 00000000 00:00 0 
2b99cf4bd000-2b99cf4be000 ---p 00000000 00:00 0 
2b99cf4be000-2b99cf5be000 rw-p 00000000 00:00 0 
2b99cf5be000-2b99cf5bf000 ---p 00000000 00:00 0 
2b99cf5bf000-2b99cf6bf000 rw-p 00000000 00:00 0 
2b99cf6bf000-2b99cf6c0000 ---p 00000000 00:00 0 
2b99cf6c0000-2b99cf7c0000 rw-p 00000000 00:00 0 
2b99cf7c0000-2b99cf7c1000 ---p 00000000 00:00 0 
2b99cf7c1000-2b99cf8c1000 rw-p 00000000 00:00 0 
2b99cf8c1000-2b99cf8c2000 ---p 00000000 00:00 0 
2b99cf8c2000-2b99cf9c2000 rw-p 00000000 00:00 0 
2b99cf9c2000-2b99cf9c3000 ---p 00000000 00:00 0 
2b99cf9c3000-2b99cfac3000 rw-p 00000000 00:00 0 
2b99cfac3000-2b99cfac4000 ---p 00000000 00:00 0 
2b99cfac4000-2b99cfbc4000 rw-p 00000000 00:00 0 
2b99cfbc4000-2b99cfbc5000 ---p 00000000 00:00 0 
2b99cfbc5000-2b99cfcc5000 rw-p 00000000 00:00 0 
2b99d0000000-2b99d0021000 rw-p 00000000 00:00 0 
2b99d0021000-2b99d4000000 ---p 00000000 00:00 0 
2b99d4000000-2b99d4021000 rw-p 00000000 00:00 0 
2b99d4021000-2b99d8000000 ---p 00000000 00:00 0 
2b99d8000000-2b99d8021000 rw-p 00000000 00:00 0 
2b99d8021000-2b99dc000000 ---p 00000000 00:00 0 
2b99dc000000-2b99dc021000 rw-p 00000000 00:00 0 
2b99dc021000-2b99e0000000 ---p 00000000 00:00 0 
2b99e0000000-2b99e0021000 rw-p 00000000 00:00 0 
2b99e0021000-2b99e4000000 ---p 00000000 00:00 0 
2b99e4000000-2b99e4021000 rw-p 00000000 00:00 0 
2b99e4021000-2b99e8000000 ---p 00000000 00:00 0 
2b99e8000000-2b99eaea4000 rw-p 00000000 00:00 0 
2b99eaea4000-2b99eb03a000 r--s 01a15000 fd:01 23288                      /usr/lib/jvm/java-1.6.0-openjdk-1.6.0.0.x86_64/jre/lib/rt.jar
2b99eb03a000-2b99ebf20000 rw-p 00000000 00:00 0 
2b99ec000000-2b99ec021000 rw-p 00000000 00:00 0 
2b99ec021000-2b99f0000000 ---p 00000000 00:00 0 
2b99f0000000-2b99f0d91000 rw-p 00000000 00:00 0 
2b99f0d91000-2b99f0d92000 ---p 00000000 00:00 0 
2b99f0d92000-2b99f0e92000 rw-p 00000000 00:00 0 
2b99f4000000-2b99f4021000 rw-p 00000000 00:00 0 
2b99f4021000-2b99f8000000 ---p 00000000 00:00 0 
2b99f8000000-2b99f8021000 rw-p 00000000 00:00 0 
2b99f8021000-2b99fc000000 ---p 00000000 00:00 0 
2b99fc000000-2b99fc003000 ---p 00000000 00:00 0 
2b99fc003000-2b99fc101000 rw-p 00000000 00:00 0 
2b99fc101000-2b99fc104000 ---p 00000000 00:00 0 
2b99fc104000-2b99fc202000 rw-p 00000000 00:00 0 
2b9a00000000-2b9a00021000 rw-p 00000000 00:00 0 
2b9a00021000-2b9a04000000 ---p 00000000 00:00 0 
2b9a04000000-2b9a04021000 rw-p 00000000 00:00 0 
2b9a04021000-2b9a08000000 ---p 00000000 00:00 0 
2b9a08000000-2b9a0de91000 r--p 00000000 fd:01 49935                      /usr/lib/locale/locale-archive
2b9a0de91000-2b9a0de94000 ---p 00000000 00:00 0 
2b9a0de94000-2b9a0df92000 rw-p 00000000 00:00 0 
2b9a0df92000-2b9a0df95000 ---p 00000000 00:00 0 
2b9a0df95000-2b9a0e093000 rw-p 00000000 00:00 0 
2b9a0e093000-2b9a0e096000 ---p 00000000 00:00 0 
2b9a0e096000-2b9a0e194000 rw-p 00000000 00:00 0 
2b9a0e194000-2b9a0e197000 ---p 00000000 00:00 0 
2b9a0e197000-2b9a0e295000 rw-p 00000000 00:00 0 
2b9a0e295000-2b9a0e296000 ---p 00000000 00:00 0 
2b9a0e296000-2b9a0e396000 rw-p 00000000 00:00 0 
2b9a0e396000-2b9a0e398000 r--s 00009000 00:35 125760574                  /mmfs/automount/gpfs/homefs/sm/dw07r324/bin/GOAL-20140808/lib/jpf-boot.jar
2b9a0e398000-2b9a0e39b000 r--s 0000f000 fd:01 23233                      /usr/lib/jvm/java-1.6.0-openjdk-1.6.0.0.x86_64/jre/lib/ext/pulse-java.jar
2b9a0e39b000-2b9a0e3a4000 r--s 00065000 fd:01 23228                      /usr/lib/jvm/java-1.6.0-openjdk-1.6.0.0.x86_64/jre/lib/ext/gnome-java-bridge.jar
2b9a0e3a4000-2b9a0e3a6000 r--s 00009000 00:35 125760574                  /mmfs/automount/gpfs/homefs/sm/dw07r324/bin/GOAL-20140808/lib/jpf-boot.jar
2b9a0e3a6000-2b9a0e3aa000 r--s 0003c000 fd:01 14238                      /usr/lib/jvm/java-1.6.0-openjdk-1.6.0.0.x86_64/jre/lib/jsse.jar
2b9a0e3aa000-2b9a0e3af000 r--s 0002d000 00:35 125760577                  /mmfs/automount/gpfs/homefs/sm/dw07r324/bin/GOAL-20140808/lib/jpf.jar
2b9a0e3af000-2b9a0e3b1000 r--s 0000d000 00:35 125760571                  /mmfs/automount/gpfs/homefs/sm/dw07r324/bin/GOAL-20140808/lib/commons-logging.jar
2b9a0e3b1000-2b9a0e3b3000 r--s 00012000 00:35 125760576                  /mmfs/automount/gpfs/homefs/sm/dw07r324/bin/GOAL-20140808/lib/jpf-tools.jar
2b9a0e3b3000-2b9a0e3ba000 r--s 00039000 00:35 125760578                  /mmfs/automount/gpfs/homefs/sm/dw07r324/bin/GOAL-20140808/lib/jxp.jar
2b9a0e3ba000-2b9a0e3bc000 r--s 00004000 00:35 125760570                  /mmfs/automount/gpfs/homefs/sm/dw07r324/bin/GOAL-20140808/lib/AppleJavaExtensions.jar
2b9a0e3bc000-2b9a0e3c1000 r--s 0002a000 00:35 125760572                  /mmfs/automount/gpfs/homefs/sm/dw07r324/bin/GOAL-20140808/lib/gson-2.2.2.jar
2b9a0e3c1000-2b9a0e3c4000 r--s 0001a000 00:35 125760579                  /mmfs/automount/gpfs/homefs/sm/dw07r324/bin/GOAL-20140808/lib/minijdd_104.jar
2b9a0e3c4000-2b9a0e3e7000 r--s 0022d000 00:35 7708030                    /mmfs/automount/gpfs/homefs/sm/dw07r324/bin/GOAL-20140808/.jpf-shadow/org.svvrl.goal.core@2014.8.8.zip
2b9a0e3e7000-2b9a0e48a000 r-xp 00000000 fd:01 13434                      /usr/lib/jvm/java-1.6.0-openjdk-1.6.0.0.x86_64/jre/lib/amd64/libawt.so
2b9a0e48a000-2b9a0e68a000 ---p 000a3000 fd:01 13434                      /usr/lib/jvm/java-1.6.0-openjdk-1.6.0.0.x86_64/jre/lib/amd64/libawt.so
2b9a0e68a000-2b9a0e696000 rw-p 000a3000 fd:01 13434                      /usr/lib/jvm/java-1.6.0-openjdk-1.6.0.0.x86_64/jre/lib/amd64/libawt.so
2b9a0e696000-2b9a0e6ba000 rw-p 00000000 00:00 0 
2b9a0e6ba000-2b9a0e6c0000 r-xp 00000000 fd:01 8525                       /usr/lib/jvm/java-1.6.0-openjdk-1.6.0.0.x86_64/jre/lib/amd64/headless/libmawt.so
2b9a0e6c0000-2b9a0e8bf000 ---p 00006000 fd:01 8525                       /usr/lib/jvm/java-1.6.0-openjdk-1.6.0.0.x86_64/jre/lib/amd64/headless/libmawt.so
2b9a0e8bf000-2b9a0e8c0000 rw-p 00005000 fd:01 8525                       /usr/lib/jvm/java-1.6.0-openjdk-1.6.0.0.x86_64/jre/lib/amd64/headless/libmawt.so
2b9a0e8c0000-2b9a0ea35000 rw-p 00000000 00:00 0 
2b9a10000000-2b9a10021000 rw-p 00000000 00:00 0 
2b9a10021000-2b9a14000000 ---p 00000000 00:00 0 
2b9a14000000-2b9a14f6f000 rw-p 00000000 00:00 0 
2b9a14f6f000-2b9a18000000 ---p 00000000 00:00 0 
2b9a18000000-2b9a18be8000 rw-p 00000000 00:00 0 
2b9a18be8000-2b9a1c000000 ---p 00000000 00:00 0 
2b9a1c000000-2b9a1c021000 rw-p 00000000 00:00 0 
2b9a1c021000-2b9a20000000 ---p 00000000 00:00 0 
2b9a20000000-2b9a20021000 rw-p 00000000 00:00 0 
2b9a20021000-2b9a24000000 ---p 00000000 00:00 0 
7ffff3c73000-7ffff3caa000 rw-p 00000000 00:00 0                          [stack]
7ffff3da8000-7ffff3da9000 r-xp 00000000 00:00 0                          [vdso]
ffffffffff600000-ffffffffff601000 r-xp 00000000 00:00 0                  [vsyscall]

VM Arguments:
jvm_args: -Xmx1G -Xms1G -DapplicationRoot=/home/ubelix/sm/dw07r324/bin/GOAL-20140808 -Dorg.java.plugin.boot.pluginsRepositories=/home/ubelix/sm/dw07r324/bin/GOAL-20140808/plugins -Djpf.boot.config=/home/ubelix/sm/dw07r324/bin/GOAL-20140808/boot.properties -Dorg.apache.commons.logging.Log=org.apache.commons.logging.impl.SimpleLog -Dorg.apache.commons.logging.simplelog.log.org.java.plugin=fatal 
java_command: /home/ubelix/sm/dw07r324/bin/GOAL-20140808/lib/jpf-boot.jar complement -m piterman -eq -macc -sp -ro -r /scratch/local/8663605.1.all.q/test_set_s15/s15_t1.8_a0.3_073.gff
Launcher Type: SUN_STANDARD

Environment Variables:
CLASSPATH=/home/ubelix/sm/dw07r324/bin/GOAL-20140808:/home/ubelix/sm/dw07r324/bin/GOAL-20140808/plugins:/home/ubelix/sm/dw07r324/bin/GOAL-20140808/lib:
PATH=/scratch/local/8663605.1.all.q:/usr/lib64/qt-3.3/bin:/usr/local/bin:/bin:/usr/bin:/usr/local/sbin:/usr/sbin:/sbin:/usr/lpp/mmfs/bin:/home/ubelix/sm/dw07r324/bin/GOAL-20140808:/home/ubelix/sm/dw07r324/bin/gnu_time/bin:/usr/lpp/mmfs/bin
LD_LIBRARY_PATH=/usr/lib/jvm/java-1.6.0-openjdk-1.6.0.0.x86_64/jre/lib/amd64/server:/usr/lib/jvm/java-1.6.0-openjdk-1.6.0.0.x86_64/jre/lib/amd64:/usr/lib/jvm/java-1.6.0-openjdk-1.6.0.0.x86_64/jre/../lib/amd64
SHELL=/bin/bash

Signal Handlers:
SIGSEGV: [libjvm.so+0x870a40], sa_mask[0]=0x7ffbfeff, sa_flags=0x10000004
SIGBUS: [libjvm.so+0x870a40], sa_mask[0]=0x7ffbfeff, sa_flags=0x10000004
SIGFPE: [libjvm.so+0x719240], sa_mask[0]=0x7ffbfeff, sa_flags=0x10000004
SIGPIPE: [libjvm.so+0x719240], sa_mask[0]=0x7ffbfeff, sa_flags=0x10000004
SIGXFSZ: [libjvm.so+0x719240], sa_mask[0]=0x7ffbfeff, sa_flags=0x10000004
SIGILL: [libjvm.so+0x719240], sa_mask[0]=0x7ffbfeff, sa_flags=0x10000004
SIGUSR1: SIG_DFL, sa_mask[0]=0x00000000, sa_flags=0x00000000
SIGUSR2: [libjvm.so+0x718d60], sa_mask[0]=0x00000000, sa_flags=0x10000004
SIGHUP: [libjvm.so+0x71bdf0], sa_mask[0]=0x7ffbfeff, sa_flags=0x10000004
SIGINT: [libjvm.so+0x71bdf0], sa_mask[0]=0x7ffbfeff, sa_flags=0x10000004
SIGTERM: [libjvm.so+0x71bdf0], sa_mask[0]=0x7ffbfeff, sa_flags=0x10000004
SIGQUIT: [libjvm.so+0x71bdf0], sa_mask[0]=0x7ffbfeff, sa_flags=0x10000004


---------------  S Y S T E M  ---------------

OS:Red Hat Enterprise Linux ComputeNode release 6.5 (Santiago)

uname:Linux 2.6.32-431.29.2.el6.x86_64 #1 SMP Sun Jul 27 15:55:46 EDT 2014 x86_64
libc:glibc 2.12 NPTL 2.12 
rlimit: STACK infinity, CORE infinity, NPROC 127431, NOFILE 4096, AS 8388608k
load average:3.50 3.54 3.65

/proc/meminfo:
MemTotal:       16331612 kB
MemFree:         5150752 kB
Buffers:           13224 kB
Cached:          6021164 kB
SwapCached:           88 kB
Active:          2798760 kB
Inactive:        3700976 kB
Active(anon):     402004 kB
Inactive(anon):    63548 kB
Active(file):    2396756 kB
Inactive(file):  3637428 kB
Unevictable:     4082900 kB
Mlocked:         4082900 kB
SwapTotal:       8388604 kB
SwapFree:        8388380 kB
Dirty:                80 kB
Writeback:             0 kB
AnonPages:       4548500 kB
Mapped:            98560 kB
Shmem:               192 kB
Slab:             372328 kB
SReclaimable:     304884 kB
SUnreclaim:        67444 kB
KernelStack:        4704 kB
PageTables:        16516 kB
NFS_Unstable:          0 kB
Bounce:                0 kB
WritebackTmp:          0 kB
CommitLimit:    16554408 kB
Committed_AS:    6812764 kB
VmallocTotal:   34359738367 kB
VmallocUsed:      109412 kB
VmallocChunk:   34351234244 kB
HardwareCorrupted:     0 kB
AnonHugePages:         0 kB
HugePages_Total:       0
HugePages_Free:        0
HugePages_Rsvd:        0
HugePages_Surp:        0
Hugepagesize:       2048 kB
DirectMap4k:        9920 kB
DirectMap2M:     2086912 kB
DirectMap1G:    14680064 kB


CPU:total 8 (4 cores per cpu, 1 threads per core) family 16 model 2 stepping 3, cmov, cx8, fxsr, mmx, sse, sse2, sse3, popcnt, mmxext, 3dnowpref, lzcnt, sse4a, tsc, tscinvbit, tscinv

/proc/cpuinfo:
processor	: 0
vendor_id	: AuthenticAMD
cpu family	: 16
model		: 2
model name	: Quad-Core AMD Opteron(tm) Processor 2354
stepping	: 3
cpu MHz		: 2200.000
cache size	: 512 KB
physical id	: 0
siblings	: 4
core id		: 0
cpu cores	: 4
apicid		: 0
initial apicid	: 0
fpu		: yes
fpu_exception	: yes
cpuid level	: 5
wp		: yes
flags		: fpu vme de pse tsc msr pae mce cx8 apic sep mtrr pge mca cmov pat pse36 clflush mmx fxsr sse sse2 ht syscall nx mmxext fxsr_opt pdpe1gb rdtscp lm 3dnowext 3dnow constant_tsc rep_good nonstop_tsc extd_apicid pni monitor cx16 popcnt lahf_lm cmp_legacy svm extapic cr8_legacy abm sse4a misalignsse 3dnowprefetch osvw ibs npt lbrv svm_lock
bogomips	: 4422.88
TLB size	: 1024 4K pages
clflush size	: 64
cache_alignment	: 64
address sizes	: 48 bits physical, 48 bits virtual
power management: ts ttp tm stc 100mhzsteps hwpstate

processor	: 1
vendor_id	: AuthenticAMD
cpu family	: 16
model		: 2
model name	: Quad-Core AMD Opteron(tm) Processor 2354
stepping	: 3
cpu MHz		: 2200.000
cache size	: 512 KB
physical id	: 0
siblings	: 4
core id		: 1
cpu cores	: 4
apicid		: 1
initial apicid	: 1
fpu		: yes
fpu_exception	: yes
cpuid level	: 5
wp		: yes
flags		: fpu vme de pse tsc msr pae mce cx8 apic sep mtrr pge mca cmov pat pse36 clflush mmx fxsr sse sse2 ht syscall nx mmxext fxsr_opt pdpe1gb rdtscp lm 3dnowext 3dnow constant_tsc rep_good nonstop_tsc extd_apicid pni monitor cx16 popcnt lahf_lm cmp_legacy svm extapic cr8_legacy abm sse4a misalignsse 3dnowprefetch osvw ibs npt lbrv svm_lock
bogomips	: 4422.88
TLB size	: 1024 4K pages
clflush size	: 64
cache_alignment	: 64
address sizes	: 48 bits physical, 48 bits virtual
power management: ts ttp tm stc 100mhzsteps hwpstate

processor	: 2
vendor_id	: AuthenticAMD
cpu family	: 16
model		: 2
model name	: Quad-Core AMD Opteron(tm) Processor 2354
stepping	: 3
cpu MHz		: 2200.000
cache size	: 512 KB
physical id	: 0
siblings	: 4
core id		: 2
cpu cores	: 4
apicid		: 2
initial apicid	: 2
fpu		: yes
fpu_exception	: yes
cpuid level	: 5
wp		: yes
flags		: fpu vme de pse tsc msr pae mce cx8 apic sep mtrr pge mca cmov pat pse36 clflush mmx fxsr sse sse2 ht syscall nx mmxext fxsr_opt pdpe1gb rdtscp lm 3dnowext 3dnow constant_tsc rep_good nonstop_tsc extd_apicid pni monitor cx16 popcnt lahf_lm cmp_legacy svm extapic cr8_legacy abm sse4a misalignsse 3dnowprefetch osvw ibs npt lbrv svm_lock
bogomips	: 4422.88
TLB size	: 1024 4K pages
clflush size	: 64
cache_alignment	: 64
address sizes	: 48 bits physical, 48 bits virtual
power management: ts ttp tm stc 100mhzsteps hwpstate

processor	: 3
vendor_id	: AuthenticAMD
cpu family	: 16
model		: 2
model name	: Quad-Core AMD Opteron(tm) Processor 2354
stepping	: 3
cpu MHz		: 2200.000
cache size	: 512 KB
physical id	: 0
siblings	: 4
core id		: 3
cpu cores	: 4
apicid		: 3
initial apicid	: 3
fpu		: yes
fpu_exception	: yes
cpuid level	: 5
wp		: yes
flags		: fpu vme de pse tsc msr pae mce cx8 apic sep mtrr pge mca cmov pat pse36 clflush mmx fxsr sse sse2 ht syscall nx mmxext fxsr_opt pdpe1gb rdtscp lm 3dnowext 3dnow constant_tsc rep_good nonstop_tsc extd_apicid pni monitor cx16 popcnt lahf_lm cmp_legacy svm extapic cr8_legacy abm sse4a misalignsse 3dnowprefetch osvw ibs npt lbrv svm_lock
bogomips	: 4422.88
TLB size	: 1024 4K pages
clflush size	: 64
cache_alignment	: 64
address sizes	: 48 bits physical, 48 bits virtual
power management: ts ttp tm stc 100mhzsteps hwpstate

processor	: 4
vendor_id	: AuthenticAMD
cpu family	: 16
model		: 2
model name	: Quad-Core AMD Opteron(tm) Processor 2354
stepping	: 3
cpu MHz		: 2200.000
cache size	: 512 KB
physical id	: 1
siblings	: 4
core id		: 0
cpu cores	: 4
apicid		: 4
initial apicid	: 4
fpu		: yes
fpu_exception	: yes
cpuid level	: 5
wp		: yes
flags		: fpu vme de pse tsc msr pae mce cx8 apic sep mtrr pge mca cmov pat pse36 clflush mmx fxsr sse sse2 ht syscall nx mmxext fxsr_opt pdpe1gb rdtscp lm 3dnowext 3dnow constant_tsc rep_good nonstop_tsc extd_apicid pni monitor cx16 popcnt lahf_lm cmp_legacy svm extapic cr8_legacy abm sse4a misalignsse 3dnowprefetch osvw ibs npt lbrv svm_lock
bogomips	: 4422.23
TLB size	: 1024 4K pages
clflush size	: 64
cache_alignment	: 64
address sizes	: 48 bits physical, 48 bits virtual
power management: ts ttp tm stc 100mhzsteps hwpstate

processor	: 5
vendor_id	: AuthenticAMD
cpu family	: 16
model		: 2
model name	: Quad-Core AMD Opteron(tm) Processor 2354
stepping	: 3
cpu MHz		: 2200.000
cache size	: 512 KB
physical id	: 1
siblings	: 4
core id		: 1
cpu cores	: 4
apicid		: 5
initial apicid	: 5
fpu		: yes
fpu_exception	: yes
cpuid level	: 5
wp		: yes
flags		: fpu vme de pse tsc msr pae mce cx8 apic sep mtrr pge mca cmov pat pse36 clflush mmx fxsr sse sse2 ht syscall nx mmxext fxsr_opt pdpe1gb rdtscp lm 3dnowext 3dnow constant_tsc rep_good nonstop_tsc extd_apicid pni monitor cx16 popcnt lahf_lm cmp_legacy svm extapic cr8_legacy abm sse4a misalignsse 3dnowprefetch osvw ibs npt lbrv svm_lock
bogomips	: 4422.23
TLB size	: 1024 4K pages
clflush size	: 64
cache_alignment	: 64
address sizes	: 48 bits physical, 48 bits virtual
power management: ts ttp tm stc 100mhzsteps hwpstate

processor	: 6
vendor_id	: AuthenticAMD
cpu family	: 16
model		: 2
model name	: Quad-Core AMD Opteron(tm) Processor 2354
stepping	: 3
cpu MHz		: 2200.000
cache size	: 512 KB
physical id	: 1
siblings	: 4
core id		: 2
cpu cores	: 4
apicid		: 6
initial apicid	: 6
fpu		: yes
fpu_exception	: yes
cpuid level	: 5
wp		: yes
flags		: fpu vme de pse tsc msr pae mce cx8 apic sep mtrr pge mca cmov pat pse36 clflush mmx fxsr sse sse2 ht syscall nx mmxext fxsr_opt pdpe1gb rdtscp lm 3dnowext 3dnow constant_tsc rep_good nonstop_tsc extd_apicid pni monitor cx16 popcnt lahf_lm cmp_legacy svm extapic cr8_legacy abm sse4a misalignsse 3dnowprefetch osvw ibs npt lbrv svm_lock
bogomips	: 4422.23
TLB size	: 1024 4K pages
clflush size	: 64
cache_alignment	: 64
address sizes	: 48 bits physical, 48 bits virtual
power management: ts ttp tm stc 100mhzsteps hwpstate

processor	: 7
vendor_id	: AuthenticAMD
cpu family	: 16
model		: 2
model name	: Quad-Core AMD Opteron(tm) Processor 2354
stepping	: 3
cpu MHz		: 2200.000
cache size	: 512 KB
physical id	: 1
siblings	: 4
core id		: 3
cpu cores	: 4
apicid		: 7
initial apicid	: 7
fpu		: yes
fpu_exception	: yes
cpuid level	: 5
wp		: yes
flags		: fpu vme de pse tsc msr pae mce cx8 apic sep mtrr pge mca cmov pat pse36 clflush mmx fxsr sse sse2 ht syscall nx mmxext fxsr_opt pdpe1gb rdtscp lm 3dnowext 3dnow constant_tsc rep_good nonstop_tsc extd_apicid pni monitor cx16 popcnt lahf_lm cmp_legacy svm extapic cr8_legacy abm sse4a misalignsse 3dnowprefetch osvw ibs npt lbrv svm_lock
bogomips	: 4422.23
TLB size	: 1024 4K pages
clflush size	: 64
cache_alignment	: 64
address sizes	: 48 bits physical, 48 bits virtual
power management: ts ttp tm stc 100mhzsteps hwpstate



Memory: 4k page, physical 16331612k(5150752k free), swap 8388604k(8388380k free)

vm_info: OpenJDK 64-Bit Server VM (23.25-b01) for linux-amd64 JRE (1.6.0_32-b32), built on Aug 21 2014 11:15:48 by "mockbuild" with gcc 4.4.7 20120313 (Red Hat 4.4.7-4)

time: Tue Sep 23 06:52:54 2014
elapsed time: 1 seconds

