#
# A fatal error has been detected by the Java Runtime Environment:
#
#  SIGBUS (0x7) at pc=0x00002b81a0992522, pid=16904, tid=47835740432128
#
# JRE version: 6.0_32-b32
# Java VM: OpenJDK 64-Bit Server VM (23.25-b01 mixed mode linux-amd64 compressed oops)
# Problematic frame:
# C  [libzip.so+0x4522]  ZIP_Lock+0x252
#
# Core dump written. Default location: /mmfs/automount/gpfs/homefs/sm/dw07r324/jobs/piterman.eq.macc.sp.ro.r/core or core.16904
#
# If you would like to submit a bug report, please include
# instructions how to reproduce the bug and visit:
#   http://icedtea.classpath.org/bugzilla
# The crash happened outside the Java Virtual Machine in native code.
# See problematic frame for where to report the bug.
#

---------------  T H R E A D  ---------------

Current thread (0x00002b81a4008000):  JavaThread "main" [_thread_in_native, id=16905, stack(0x00002b81a040e000,0x00002b81a050f000)]

siginfo:si_signo=SIGBUS: si_errno=0, si_code=2 (BUS_ADRERR), si_addr=0x00002b81f63d3ea2

Registers:
RAX=0x00002b81a475e310, RBX=0x00002b81f63d3e85, RCX=0x00000000000007f1, RDX=0x00000000000007f0
RSP=0x00002b81a050c430, RBP=0x00002b81a050c470, RSI=0x0000000000000040, RDI=0x00002b81a4000020
R8 =0x00002b81a4000088, R9 =0x0000000000000001, R10=0x0000000000000040, R11=0x00002b819fc3e660
R12=0x00002b81a475e310, R13=0x00002b81a42e3450, R14=0x00002b81a050c4e0, R15=0x00002b81a475e310
RIP=0x00002b81a0992522, EFLAGS=0x0000000000010202, CSGSFS=0x0000000000000033, ERR=0x0000000000000004
  TRAPNO=0x000000000000000e

Top of Stack: (sp=0x00002b81a050c430)
0x00002b81a050c430:   00002b81a42e3570 00002b819fb8805e
0x00002b81a050c440:   000000000000027b 00002b81a42e0314
0x00002b81a050c450:   00002b81a42e3450 000000007beb9699
0x00002b81a050c460:   00002b81a050c4e0 000000000000002e
0x00002b81a050c470:   00002b81a050c4c0 00002b81a0992ae2
0x00002b81a050c480:   00002b81a4008000 00002b81a42e31a0
0x00002b81a050c490:   00002b81a050c500 00002b81a40081d8
0x00002b81a050c4a0:   00002b81a050c4e0 000000000000002e
0x00002b81a050c4b0:   00002b81a050c9b8 00002b81a050c4e0
0x00002b81a050c4c0:   00002b81a050c920 00002b81a0991ae4
0x00002b81a050c4d0:   0000002e0150c500 00002b81a42e3450
0x00002b81a050c4e0:   2f73657373616c63 727676732f67726f
0x00002b81a050c4f0:   632f6c616f672f6c 4a2f6f692f65726f
0x00002b81a050c500:   6365646f43474550 00007373616c632e
0x00002b81a050c510:   00002b81a4008000 00000004a40077d0
0x00002b81a050c520:   00002b81a4008b90 00002b81a4008bb0
0x00002b81a050c530:   00002b81a050c560 00002b81a4008000
0x00002b81a050c540:   00000000b5cc4b00 000000000000001a
0x00002b81a050c550:   00002b81a4008000 00000000b5cc4b00
0x00002b81a050c560:   00002b81a050c5c0 00002b819f9d25f2
0x00002b81a050c570:   00002b81a4008000 0000000000000006
0x00002b81a050c580:   00002b81a4008000 00002b81b5fcf290
0x00002b81a050c590:   00000000b5b8e4d1 00000000000000bd
0x00002b81a050c5a0:   0000000000000000 00002b81a4008000
0x00002b81a050c5b0:   00002b81a050c600 00002b8100000000
0x00002b81a050c5c0:   00000000b5cc8c58 00002b0000000061
0x00002b81a050c5d0:   00000000b5bdfef5 00000000eba0a3e8
0x00002b81a050c5e0:   00002b81a050c5e0 00000000b5cc69cb
0x00002b81a050c5f0:   00002b81a050c640 00002b81a4008b80
0x00002b81a050c600:   0000000000000000 0000000000000001
0x00002b81a050c610:   00002b81a4008000 ffffffffffffffff
0x00002b81a050c620:   00002b81a050c690 00002b819f98ea03 

Instructions: (pc=0x00002b81a0992522)
0x00002b81a0992502:   00 00 00 00 00 48 c7 40 30 00 00 00 00 48 c7 40
0x00002b81a0992512:   28 00 00 00 00 8b 5b 04 49 2b 5d 28 49 03 5d 18
0x00002b81a0992522:   44 0f b6 73 1d 0f b6 43 1c 41 c1 e6 08 41 09 c6
0x00002b81a0992532:   0f b6 43 1e 88 45 ce 0f b6 43 1f 88 45 cf 0f b6 

Register to memory mapping:

RAX=0x00002b81a475e310 is an unknown value
RBX=0x00002b81f63d3e85 is an unknown value
RCX=0x00000000000007f1 is an unknown value
RDX=0x00000000000007f0 is an unknown value
RSP=0x00002b81a050c430 is pointing into the stack for thread: 0x00002b81a4008000
RBP=0x00002b81a050c470 is pointing into the stack for thread: 0x00002b81a4008000
RSI=0x0000000000000040 is an unknown value
RDI=0x00002b81a4000020 is an unknown value
R8 =0x00002b81a4000088 is an unknown value
R9 =0x0000000000000001 is an unknown value
R10=0x0000000000000040 is an unknown value
R11=0x00002b819fc3e660: <offset 0x79f660> in /usr/lib/jvm/java-1.6.0-openjdk-1.6.0.0.x86_64/jre/lib/amd64/server/libjvm.so at 0x00002b819f49f000
R12=0x00002b81a475e310 is an unknown value
R13=0x00002b81a42e3450 is an unknown value
R14=0x00002b81a050c4e0 is pointing into the stack for thread: 0x00002b81a4008000
R15=0x00002b81a475e310 is an unknown value


Stack: [0x00002b81a040e000,0x00002b81a050f000],  sp=0x00002b81a050c430,  free space=1017k
Native frames: (J=compiled Java code, j=interpreted, Vv=VM code, C=native code)
C  [libzip.so+0x4522]  ZIP_Lock+0x252
C  [libzip.so+0x4ae2]  ZIP_GetEntry+0xc2
C  [libzip.so+0x3ae4]  Java_java_util_zip_ZipFile_getEntry+0xc4
j  java.util.zip.ZipFile.getEntry(JLjava/lang/String;Z)J+0
j  java.util.zip.ZipFile.getEntry(Ljava/lang/String;)Ljava/util/zip/ZipEntry;+31
j  java.util.jar.JarFile.getEntry(Ljava/lang/String;)Ljava/util/zip/ZipEntry;+2
j  sun.net.www.protocol.jar.URLJarFile.getEntry(Ljava/lang/String;)Ljava/util/zip/ZipEntry;+2
j  sun.net.www.protocol.jar.JarURLConnection.connect()V+62
j  sun.net.www.protocol.jar.JarURLConnection.getInputStream()Ljava/io/InputStream;+1
j  sun.misc.URLClassPath$Loader.getResource(Ljava/lang/String;Z)Lsun/misc/Resource;+48
j  sun.misc.URLClassPath.getResource(Ljava/lang/String;Z)Lsun/misc/Resource;+53
j  java.net.URLClassLoader$1.run()Ljava/lang/Object;+26
v  ~StubRoutines::call_stub
V  [libjvm.so+0x537e3e]  AsyncGetCallTrace+0xd776e
V  [libjvm.so+0x536ad8]  AsyncGetCallTrace+0xd6408
V  [libjvm.so+0x597140]  JVM_DoPrivileged+0x400
j  java.security.AccessController.doPrivileged(Ljava/security/PrivilegedExceptionAction;Ljava/security/AccessControlContext;)Ljava/lang/Object;+0
j  java.net.URLClassLoader.findClass(Ljava/lang/String;)Ljava/lang/Class;+13
j  org.java.plugin.standard.StandardPluginClassLoader.loadLocalClass(Ljava/lang/String;ZLorg/java/plugin/standard/StandardPluginClassLoader;)Ljava/lang/Class;+97
j  org.java.plugin.standard.StandardPluginClassLoader.loadClass(Ljava/lang/String;Z)Ljava/lang/Class;+62
j  java.lang.ClassLoader.loadClass(Ljava/lang/String;)Ljava/lang/Class;+3
j  org.svvrl.goal.core.CorePlugin.loadCodecs()V+63
j  org.svvrl.goal.core.CorePlugin.initApplication(Lorg/java/plugin/util/ExtendedProperties;[Ljava/lang/String;)Lorg/java/plugin/boot/Application;+150
j  org.java.plugin.boot.DefaultApplicationInitializer.initApplication(Lorg/java/plugin/boot/BootErrorHandler;[Ljava/lang/String;)Lorg/java/plugin/boot/Application;+530
j  org.java.plugin.boot.Boot.initApplication(Lorg/java/plugin/boot/BootErrorHandler;Lorg/java/plugin/util/ExtendedProperties;[Ljava/lang/String;)Lorg/java/plugin/boot/Application;+157
j  org.java.plugin.boot.Boot.boot(Lorg/java/plugin/util/ExtendedProperties;ZLjava/lang/String;Lorg/java/plugin/boot/BootErrorHandler;[Ljava/lang/String;)Lorg/java/plugin/boot/Application;+338
j  org.java.plugin.boot.Boot.main([Ljava/lang/String;)V+162
v  ~StubRoutines::call_stub
V  [libjvm.so+0x537e3e]  AsyncGetCallTrace+0xd776e
V  [libjvm.so+0x536ad8]  AsyncGetCallTrace+0xd6408
V  [libjvm.so+0x5452a7]  JNI_CreateJavaVM+0x12e7
V  [libjvm.so+0x55a4eb]  JNI_CreateJavaVM+0x1652b
C  [java+0x374d]  JavaMain+0xd0d

Java frames: (J=compiled Java code, j=interpreted, Vv=VM code)
j  java.util.zip.ZipFile.getEntry(JLjava/lang/String;Z)J+0
j  java.util.zip.ZipFile.getEntry(Ljava/lang/String;)Ljava/util/zip/ZipEntry;+31
j  java.util.jar.JarFile.getEntry(Ljava/lang/String;)Ljava/util/zip/ZipEntry;+2
j  sun.net.www.protocol.jar.URLJarFile.getEntry(Ljava/lang/String;)Ljava/util/zip/ZipEntry;+2
j  sun.net.www.protocol.jar.JarURLConnection.connect()V+62
j  sun.net.www.protocol.jar.JarURLConnection.getInputStream()Ljava/io/InputStream;+1
j  sun.misc.URLClassPath$Loader.getResource(Ljava/lang/String;Z)Lsun/misc/Resource;+48
j  sun.misc.URLClassPath.getResource(Ljava/lang/String;Z)Lsun/misc/Resource;+53
j  java.net.URLClassLoader$1.run()Ljava/lang/Object;+26
v  ~StubRoutines::call_stub
j  java.security.AccessController.doPrivileged(Ljava/security/PrivilegedExceptionAction;Ljava/security/AccessControlContext;)Ljava/lang/Object;+0
j  java.net.URLClassLoader.findClass(Ljava/lang/String;)Ljava/lang/Class;+13
j  org.java.plugin.standard.StandardPluginClassLoader.loadLocalClass(Ljava/lang/String;ZLorg/java/plugin/standard/StandardPluginClassLoader;)Ljava/lang/Class;+97
j  org.java.plugin.standard.StandardPluginClassLoader.loadClass(Ljava/lang/String;Z)Ljava/lang/Class;+62
j  java.lang.ClassLoader.loadClass(Ljava/lang/String;)Ljava/lang/Class;+3
j  org.svvrl.goal.core.CorePlugin.loadCodecs()V+63
j  org.svvrl.goal.core.CorePlugin.initApplication(Lorg/java/plugin/util/ExtendedProperties;[Ljava/lang/String;)Lorg/java/plugin/boot/Application;+150
j  org.java.plugin.boot.DefaultApplicationInitializer.initApplication(Lorg/java/plugin/boot/BootErrorHandler;[Ljava/lang/String;)Lorg/java/plugin/boot/Application;+530
j  org.java.plugin.boot.Boot.initApplication(Lorg/java/plugin/boot/BootErrorHandler;Lorg/java/plugin/util/ExtendedProperties;[Ljava/lang/String;)Lorg/java/plugin/boot/Application;+157
j  org.java.plugin.boot.Boot.boot(Lorg/java/plugin/util/ExtendedProperties;ZLjava/lang/String;Lorg/java/plugin/boot/BootErrorHandler;[Ljava/lang/String;)Lorg/java/plugin/boot/Application;+338
j  org.java.plugin.boot.Boot.main([Ljava/lang/String;)V+162
v  ~StubRoutines::call_stub

---------------  P R O C E S S  ---------------

Java Threads: ( => current thread )
  0x00002b81a4101800 JavaThread "Low Memory Detector" daemon [_thread_blocked, id=16920, stack(0x00002b81f6194000,0x00002b81f6295000)]
  0x00002b81a40ff000 JavaThread "C2 CompilerThread1" daemon [_thread_blocked, id=16919, stack(0x00002b81f6093000,0x00002b81f6194000)]
  0x00002b81a40fc800 JavaThread "C2 CompilerThread0" daemon [_thread_in_native, id=16918, stack(0x00002b81f5f92000,0x00002b81f6093000)]
  0x00002b81a40fa000 JavaThread "Signal Dispatcher" daemon [_thread_blocked, id=16917, stack(0x00002b81f5e91000,0x00002b81f5f92000)]
  0x00002b81a40ab800 JavaThread "Finalizer" daemon [_thread_blocked, id=16916, stack(0x00002b81bcf93000,0x00002b81bd094000)]
  0x00002b81a40a9800 JavaThread "Reference Handler" daemon [_thread_blocked, id=16915, stack(0x00002b81bce92000,0x00002b81bcf93000)]
=>0x00002b81a4008000 JavaThread "main" [_thread_in_native, id=16905, stack(0x00002b81a040e000,0x00002b81a050f000)]

Other Threads:
  0x00002b81a409a800 VMThread [stack: 0x00002b81bcd91000,0x00002b81bce92000] [id=16914]
  0x00002b81a410c800 WatcherThread [stack: 0x00002b81f6295000,0x00002b81f6396000] [id=16921]

VM state:not at safepoint (normal execution)

VM Mutex/Monitor currently owned by a thread: None

Heap
 PSYoungGen      total 305856K, used 20977K [0x00000000eaab0000, 0x0000000100000000, 0x0000000100000000)
  eden space 262208K, 8% used [0x00000000eaab0000,0x00000000ebf2c418,0x00000000faac0000)
  from space 43648K, 0% used [0x00000000fd560000,0x00000000fd560000,0x0000000100000000)
  to   space 43648K, 0% used [0x00000000faac0000,0x00000000faac0000,0x00000000fd560000)
 ParOldGen       total 699072K, used 0K [0x00000000c0000000, 0x00000000eaab0000, 0x00000000eaab0000)
  object space 699072K, 0% used [0x00000000c0000000,0x00000000c0000000,0x00000000eaab0000)
 PSPermGen       total 21248K, used 7238K [0x00000000b5a00000, 0x00000000b6ec0000, 0x00000000c0000000)
  object space 21248K, 34% used [0x00000000b5a00000,0x00000000b6111968,0x00000000b6ec0000)

Card table byte_map: [0x00002b81a3c56000,0x00002b81a3eaa000] byte_map_base: 0x00002b81a36a9000

Polling page: 0x00002b81a094f000

Code Cache  [0x00002b81a0b96000, 0x00002b81a0e06000, 0x00002b81a3b96000)
 total_blobs=331 nmethods=106 adapters=178 free_code_cache=48455Kb largest_free_block=49598016

Compilation events (10 events):
Event: 2.014 Thread 0x00002b81a40ff000  102             org.java.plugin.registry.xml.ModelParameterDef::getMultiplicity (5 bytes)
Event: 2.014 Thread 0x00002b81a40ff000 nmethod 102 0x00002b81a0c34510 code [0x00002b81a0c34640, 0x00002b81a0c34698]
Event: 2.014 Thread 0x00002b81a40ff000  103             java.io.UnixFileSystem::normalize (75 bytes)
Event: 2.019 Thread 0x00002b81a40ff000 nmethod 103 0x00002b81a0c36390 code [0x00002b81a0c364e0, 0x00002b81a0c36738]
Event: 2.019 Thread 0x00002b81a40ff000  104   !         sun.nio.cs.US_ASCII$Decoder::decodeArrayLoop (241 bytes)
Event: 2.037 Thread 0x00002b81a40ff000 nmethod 104 0x00002b81a0c350d0 code [0x00002b81a0c35280, 0x00002b81a0c35ac8]
Event: 2.037 Thread 0x00002b81a40ff000  105             sun.net.www.ParseUtil::encodePath (336 bytes)
Event: 2.066 Thread 0x00002b81a40ff000 nmethod 105 0x00002b81a0c47590 code [0x00002b81a0c477e0, 0x00002b81a0c48798]
Event: 2.066 Thread 0x00002b81a40ff000  106             java.util.HashMap::put (126 bytes)
Event: 2.075 Thread 0x00002b81a40ff000 nmethod 106 0x00002b81a0c44b90 code [0x00002b81a0c44d60, 0x00002b81a0c45280]

GC Heap History (0 events):
No events

Deoptimization events (9 events):
Event: 0.907 Thread 0x00002b81a4008000 Uncommon trap -34 fr.pc 0x00002b81a0bf4a30
Event: 1.021 Thread 0x00002b81a4008000 Uncommon trap -34 fr.pc 0x00002b81a0bf4a30
Event: 1.096 Thread 0x00002b81a4008000 Uncommon trap -12 fr.pc 0x00002b81a0bfb2ec
Event: 1.704 Thread 0x00002b81a4008000 Uncommon trap -58 fr.pc 0x00002b81a0c12ca0
Event: 1.704 Thread 0x00002b81a4008000 Uncommon trap -58 fr.pc 0x00002b81a0c12ca0
Event: 1.704 Thread 0x00002b81a4008000 Uncommon trap -58 fr.pc 0x00002b81a0c12ca0
Event: 1.704 Thread 0x00002b81a4008000 Uncommon trap -58 fr.pc 0x00002b81a0c12ca0
Event: 2.000 Thread 0x00002b81a4008000 Uncommon trap -34 fr.pc 0x00002b81a0bf4a30
Event: 2.000 Thread 0x00002b81a4008000 Uncommon trap -34 fr.pc 0x00002b81a0bf4a30

Internal exceptions (10 events):
Event: 2.059 Thread 0x00002b81a4008000 Threw 0x00000000eb8cfef8 at /builddir/build/BUILD/icedtea6-1.13.4/openjdk/hotspot/src/share/vm/prims/jvm.cpp:1235
Event: 2.068 Thread 0x00002b81a4008000 Threw 0x00000000eb915e48 at /builddir/build/BUILD/icedtea6-1.13.4/openjdk/hotspot/src/share/vm/classfile/systemDictionary.cpp:179
Event: 2.068 Thread 0x00002b81a4008000 Threw 0x00000000eb9161a0 at /builddir/build/BUILD/icedtea6-1.13.4/openjdk/hotspot/src/share/vm/prims/jvm.cpp:1235
Event: 2.069 Thread 0x00002b81a4008000 Threw 0x00000000eb9165a8 at /builddir/build/BUILD/icedtea6-1.13.4/openjdk/hotspot/src/share/vm/prims/jvm.cpp:1235
Event: 2.085 Thread 0x00002b81a4008000 Threw 0x00000000eb98d210 at /builddir/build/BUILD/icedtea6-1.13.4/openjdk/hotspot/src/share/vm/classfile/systemDictionary.cpp:179
Event: 2.085 Thread 0x00002b81a4008000 Threw 0x00000000eb98d568 at /builddir/build/BUILD/icedtea6-1.13.4/openjdk/hotspot/src/share/vm/prims/jvm.cpp:1235
Event: 2.085 Thread 0x00002b81a4008000 Threw 0x00000000eb98d970 at /builddir/build/BUILD/icedtea6-1.13.4/openjdk/hotspot/src/share/vm/prims/jvm.cpp:1235
Event: 2.093 Thread 0x00002b81a4008000 Threw 0x00000000eb9d4aa0 at /builddir/build/BUILD/icedtea6-1.13.4/openjdk/hotspot/src/share/vm/classfile/systemDictionary.cpp:179
Event: 2.093 Thread 0x00002b81a4008000 Threw 0x00000000eb9d4e18 at /builddir/build/BUILD/icedtea6-1.13.4/openjdk/hotspot/src/share/vm/prims/jvm.cpp:1235
Event: 2.093 Thread 0x00002b81a4008000 Threw 0x00000000eb9d5240 at /builddir/build/BUILD/icedtea6-1.13.4/openjdk/hotspot/src/share/vm/prims/jvm.cpp:1235

Events (10 events):
Event: 2.074 loading class 0x00002b81a468d350 done
Event: 2.074 loading class 0x00002b81a4385a40 done
Event: 2.075 loading class 0x00002b81a46505b0
Event: 2.075 loading class 0x00002b81a46505b0 done
Event: 2.082 loading class 0x00002b81a469e0a0
Event: 2.082 loading class 0x00002b81a469e0a0 done
Event: 2.085 loading class 0x00002b81a46df390
Event: 2.085 loading class 0x00002b81a46df390 done
Event: 2.093 loading class 0x00002b81a4739dc0
Event: 2.093 loading class 0x00002b81a4739dc0 done


Dynamic libraries:
00400000-00409000 r-xp 00000000 fd:01 5993                               /usr/lib/jvm/java-1.6.0-openjdk-1.6.0.0.x86_64/jre/bin/java
00608000-0060a000 rw-p 00008000 fd:01 5993                               /usr/lib/jvm/java-1.6.0-openjdk-1.6.0.0.x86_64/jre/bin/java
01737000-01758000 rw-p 00000000 00:00 0                                  [heap]
b5a00000-b6ec0000 rw-p 00000000 00:00 0 
b6ec0000-c0000000 rw-p 00000000 00:00 0 
c0000000-100000000 rw-p 00000000 00:00 0 
364f800000-364f820000 r-xp 00000000 fd:01 130582                         /lib64/ld-2.12.so
364fa1f000-364fa20000 r--p 0001f000 fd:01 130582                         /lib64/ld-2.12.so
364fa20000-364fa21000 rw-p 00020000 fd:01 130582                         /lib64/ld-2.12.so
364fa21000-364fa22000 rw-p 00000000 00:00 0 
364fc00000-364fd8a000 r-xp 00000000 fd:01 130613                         /lib64/libc-2.12.so
364fd8a000-364ff8a000 ---p 0018a000 fd:01 130613                         /lib64/libc-2.12.so
364ff8a000-364ff8e000 r--p 0018a000 fd:01 130613                         /lib64/libc-2.12.so
364ff8e000-364ff8f000 rw-p 0018e000 fd:01 130613                         /lib64/libc-2.12.so
364ff8f000-364ff94000 rw-p 00000000 00:00 0 
3650000000-3650004000 r-xp 00000000 fd:01 13573                          /usr/lib/jvm/java-1.6.0-openjdk-1.6.0.0.x86_64/jre/lib/amd64/jli/libjli.so
3650004000-3650203000 ---p 00004000 fd:01 13573                          /usr/lib/jvm/java-1.6.0-openjdk-1.6.0.0.x86_64/jre/lib/amd64/jli/libjli.so
3650203000-3650204000 rw-p 00003000 fd:01 13573                          /usr/lib/jvm/java-1.6.0-openjdk-1.6.0.0.x86_64/jre/lib/amd64/jli/libjli.so
3650400000-3650417000 r-xp 00000000 fd:01 130636                         /lib64/libpthread-2.12.so
3650417000-3650617000 ---p 00017000 fd:01 130636                         /lib64/libpthread-2.12.so
3650617000-3650618000 r--p 00017000 fd:01 130636                         /lib64/libpthread-2.12.so
3650618000-3650619000 rw-p 00018000 fd:01 130636                         /lib64/libpthread-2.12.so
3650619000-365061d000 rw-p 00000000 00:00 0 
3650800000-3650802000 r-xp 00000000 fd:01 130624                         /lib64/libdl-2.12.so
3650802000-3650a02000 ---p 00002000 fd:01 130624                         /lib64/libdl-2.12.so
3650a02000-3650a03000 r--p 00002000 fd:01 130624                         /lib64/libdl-2.12.so
3650a03000-3650a04000 rw-p 00003000 fd:01 130624                         /lib64/libdl-2.12.so
3650c00000-3650c15000 r-xp 00000000 fd:01 130638                         /lib64/libz.so.1.2.3
3650c15000-3650e14000 ---p 00015000 fd:01 130638                         /lib64/libz.so.1.2.3
3650e14000-3650e15000 r--p 00014000 fd:01 130638                         /lib64/libz.so.1.2.3
3650e15000-3650e16000 rw-p 00015000 fd:01 130638                         /lib64/libz.so.1.2.3
3651000000-3651007000 r-xp 00000000 fd:01 132701                         /lib64/librt-2.12.so
3651007000-3651206000 ---p 00007000 fd:01 132701                         /lib64/librt-2.12.so
3651206000-3651207000 r--p 00006000 fd:01 132701                         /lib64/librt-2.12.so
3651207000-3651208000 rw-p 00007000 fd:01 132701                         /lib64/librt-2.12.so
3651800000-3651816000 r-xp 00000000 fd:01 133662                         /lib64/libgcc_s-4.4.7-20120601.so.1
3651816000-3651a15000 ---p 00016000 fd:01 133662                         /lib64/libgcc_s-4.4.7-20120601.so.1
3651a15000-3651a16000 rw-p 00015000 fd:01 133662                         /lib64/libgcc_s-4.4.7-20120601.so.1
3653000000-36530e8000 r-xp 00000000 fd:01 49938                          /usr/lib64/libstdc++.so.6.0.13
36530e8000-36532e8000 ---p 000e8000 fd:01 49938                          /usr/lib64/libstdc++.so.6.0.13
36532e8000-36532ef000 r--p 000e8000 fd:01 49938                          /usr/lib64/libstdc++.so.6.0.13
36532ef000-36532f1000 rw-p 000ef000 fd:01 49938                          /usr/lib64/libstdc++.so.6.0.13
36532f1000-3653306000 rw-p 00000000 00:00 0 
365c200000-365c216000 r-xp 00000000 fd:01 137559                         /lib64/libnsl-2.12.so
365c216000-365c415000 ---p 00016000 fd:01 137559                         /lib64/libnsl-2.12.so
365c415000-365c416000 r--p 00015000 fd:01 137559                         /lib64/libnsl-2.12.so
365c416000-365c417000 rw-p 00016000 fd:01 137559                         /lib64/libnsl-2.12.so
365c417000-365c419000 rw-p 00000000 00:00 0 
2b819f484000-2b819f485000 rw-p 00000000 00:00 0 
2b819f49b000-2b819f49f000 rw-p 00000000 00:00 0 
2b819f49f000-2b819feaa000 r-xp 00000000 fd:01 23213                      /usr/lib/jvm/java-1.6.0-openjdk-1.6.0.0.x86_64/jre/lib/amd64/server/libjvm.so
2b819feaa000-2b81a00aa000 ---p 00a0b000 fd:01 23213                      /usr/lib/jvm/java-1.6.0-openjdk-1.6.0.0.x86_64/jre/lib/amd64/server/libjvm.so
2b81a00aa000-2b81a014b000 rw-p 00a0b000 fd:01 23213                      /usr/lib/jvm/java-1.6.0-openjdk-1.6.0.0.x86_64/jre/lib/amd64/server/libjvm.so
2b81a014b000-2b81a0174000 rw-p 00000000 00:00 0 
2b81a018a000-2b81a020d000 r-xp 00000000 fd:01 130627                     /lib64/libm-2.12.so
2b81a020d000-2b81a040c000 ---p 00083000 fd:01 130627                     /lib64/libm-2.12.so
2b81a040c000-2b81a040d000 r--p 00082000 fd:01 130627                     /lib64/libm-2.12.so
2b81a040d000-2b81a040e000 rw-p 00083000 fd:01 130627                     /lib64/libm-2.12.so
2b81a040e000-2b81a0411000 ---p 00000000 00:00 0 
2b81a0411000-2b81a050f000 rw-p 00000000 00:00 0 
2b81a050f000-2b81a051d000 r-xp 00000000 fd:01 23207                      /usr/lib/jvm/java-1.6.0-openjdk-1.6.0.0.x86_64/jre/lib/amd64/libverify.so
2b81a051d000-2b81a071d000 ---p 0000e000 fd:01 23207                      /usr/lib/jvm/java-1.6.0-openjdk-1.6.0.0.x86_64/jre/lib/amd64/libverify.so
2b81a071d000-2b81a071f000 rw-p 0000e000 fd:01 23207                      /usr/lib/jvm/java-1.6.0-openjdk-1.6.0.0.x86_64/jre/lib/amd64/libverify.so
2b81a071f000-2b81a074c000 r-xp 00000000 fd:01 23159                      /usr/lib/jvm/java-1.6.0-openjdk-1.6.0.0.x86_64/jre/lib/amd64/libjava.so
2b81a074c000-2b81a094b000 ---p 0002d000 fd:01 23159                      /usr/lib/jvm/java-1.6.0-openjdk-1.6.0.0.x86_64/jre/lib/amd64/libjava.so
2b81a094b000-2b81a094f000 rw-p 0002c000 fd:01 23159                      /usr/lib/jvm/java-1.6.0-openjdk-1.6.0.0.x86_64/jre/lib/amd64/libjava.so
2b81a094f000-2b81a0950000 r--p 00000000 00:00 0 
2b81a0950000-2b81a0951000 rw-p 00000000 00:00 0 
2b81a0951000-2b81a0986000 r--s 00000000 fd:02 128540                     /var/db/nscd/passwd
2b81a0986000-2b81a098e000 rw-s 00000000 fd:03 38                         /tmp/hsperfdata_dw07r324/16904
2b81a098e000-2b81a0995000 r-xp 00000000 fd:01 23208                      /usr/lib/jvm/java-1.6.0-openjdk-1.6.0.0.x86_64/jre/lib/amd64/libzip.so
2b81a0995000-2b81a0b95000 ---p 00007000 fd:01 23208                      /usr/lib/jvm/java-1.6.0-openjdk-1.6.0.0.x86_64/jre/lib/amd64/libzip.so
2b81a0b95000-2b81a0b96000 rw-p 00007000 fd:01 23208                      /usr/lib/jvm/java-1.6.0-openjdk-1.6.0.0.x86_64/jre/lib/amd64/libzip.so
2b81a0b96000-2b81a0e06000 rwxp 00000000 00:00 0 
2b81a0e06000-2b81a3b96000 rw-p 00000000 00:00 0 
2b81a3b96000-2b81a3ba0000 rw-p 00000000 00:00 0 
2b81a3ba0000-2b81a3c56000 rw-p 00000000 00:00 0 
2b81a3c56000-2b81a3c61000 rw-p 00000000 00:00 0 
2b81a3c61000-2b81a3ca9000 rw-p 00000000 00:00 0 
2b81a3ca9000-2b81a4000000 rw-p 00000000 00:00 0 
2b81a4000000-2b81a4782000 rw-p 00000000 00:00 0 
2b81a4782000-2b81a8000000 ---p 00000000 00:00 0 
2b81a8000000-2b81a800b000 rw-p 00000000 00:00 0 
2b81a800b000-2b81a8053000 rw-p 00000000 00:00 0 
2b81a8053000-2b81a8054000 ---p 00000000 00:00 0 
2b81a8054000-2b81a8154000 rw-p 00000000 00:00 0 
2b81a8154000-2b81a8155000 ---p 00000000 00:00 0 
2b81a8155000-2b81a8255000 rw-p 00000000 00:00 0 
2b81a8255000-2b81a8256000 ---p 00000000 00:00 0 
2b81a8256000-2b81a8356000 rw-p 00000000 00:00 0 
2b81a8356000-2b81a8357000 ---p 00000000 00:00 0 
2b81a8357000-2b81a8457000 rw-p 00000000 00:00 0 
2b81a8457000-2b81a8458000 ---p 00000000 00:00 0 
2b81a8458000-2b81a8558000 rw-p 00000000 00:00 0 
2b81a8558000-2b81a8559000 ---p 00000000 00:00 0 
2b81a8559000-2b81a8659000 rw-p 00000000 00:00 0 
2b81a8659000-2b81a865a000 ---p 00000000 00:00 0 
2b81a865a000-2b81a875a000 rw-p 00000000 00:00 0 
2b81a875a000-2b81a875b000 ---p 00000000 00:00 0 
2b81a875b000-2b81a885b000 rw-p 00000000 00:00 0 
2b81ac000000-2b81ac021000 rw-p 00000000 00:00 0 
2b81ac021000-2b81b0000000 ---p 00000000 00:00 0 
2b81b0000000-2b81b0021000 rw-p 00000000 00:00 0 
2b81b0021000-2b81b4000000 ---p 00000000 00:00 0 
2b81b4000000-2b81b6ea4000 rw-p 00000000 00:00 0 
2b81b6ea4000-2b81b703a000 r--s 01a15000 fd:01 23288                      /usr/lib/jvm/java-1.6.0-openjdk-1.6.0.0.x86_64/jre/lib/rt.jar
2b81b703a000-2b81b7f20000 rw-p 00000000 00:00 0 
2b81b8000000-2b81b8021000 rw-p 00000000 00:00 0 
2b81b8021000-2b81bc000000 ---p 00000000 00:00 0 
2b81bc000000-2b81bcd91000 rw-p 00000000 00:00 0 
2b81bcd91000-2b81bcd92000 ---p 00000000 00:00 0 
2b81bcd92000-2b81bce92000 rw-p 00000000 00:00 0 
2b81bce92000-2b81bce95000 ---p 00000000 00:00 0 
2b81bce95000-2b81bcf93000 rw-p 00000000 00:00 0 
2b81bcf93000-2b81bcf96000 ---p 00000000 00:00 0 
2b81bcf96000-2b81bd094000 rw-p 00000000 00:00 0 
2b81c0000000-2b81c0021000 rw-p 00000000 00:00 0 
2b81c0021000-2b81c4000000 ---p 00000000 00:00 0 
2b81c8000000-2b81c8021000 rw-p 00000000 00:00 0 
2b81c8021000-2b81cc000000 ---p 00000000 00:00 0 
2b81d0000000-2b81d0021000 rw-p 00000000 00:00 0 
2b81d0021000-2b81d4000000 ---p 00000000 00:00 0 
2b81d8000000-2b81d8021000 rw-p 00000000 00:00 0 
2b81d8021000-2b81dc000000 ---p 00000000 00:00 0 
2b81e0000000-2b81e0021000 rw-p 00000000 00:00 0 
2b81e0021000-2b81e4000000 ---p 00000000 00:00 0 
2b81e4000000-2b81e4021000 rw-p 00000000 00:00 0 
2b81e4021000-2b81e8000000 ---p 00000000 00:00 0 
2b81e8000000-2b81e8021000 rw-p 00000000 00:00 0 
2b81e8021000-2b81ec000000 ---p 00000000 00:00 0 
2b81ec000000-2b81ec021000 rw-p 00000000 00:00 0 
2b81ec021000-2b81f0000000 ---p 00000000 00:00 0 
2b81f0000000-2b81f5e91000 r--p 00000000 fd:01 49935                      /usr/lib/locale/locale-archive
2b81f5e91000-2b81f5e94000 ---p 00000000 00:00 0 
2b81f5e94000-2b81f5f92000 rw-p 00000000 00:00 0 
2b81f5f92000-2b81f5f95000 ---p 00000000 00:00 0 
2b81f5f95000-2b81f6093000 rw-p 00000000 00:00 0 
2b81f6093000-2b81f6096000 ---p 00000000 00:00 0 
2b81f6096000-2b81f6194000 rw-p 00000000 00:00 0 
2b81f6194000-2b81f6197000 ---p 00000000 00:00 0 
2b81f6197000-2b81f6295000 rw-p 00000000 00:00 0 
2b81f6295000-2b81f6296000 ---p 00000000 00:00 0 
2b81f6296000-2b81f6396000 rw-p 00000000 00:00 0 
2b81f6396000-2b81f6398000 r--s 00009000 00:35 125760574                  /mmfs/automount/gpfs/homefs/sm/dw07r324/bin/GOAL-20140808/lib/jpf-boot.jar
2b81f6398000-2b81f639b000 r--s 0000f000 fd:01 23233                      /usr/lib/jvm/java-1.6.0-openjdk-1.6.0.0.x86_64/jre/lib/ext/pulse-java.jar
2b81f639b000-2b81f63a4000 r--s 00065000 fd:01 23228                      /usr/lib/jvm/java-1.6.0-openjdk-1.6.0.0.x86_64/jre/lib/ext/gnome-java-bridge.jar
2b81f63a4000-2b81f63a6000 r--s 00009000 00:35 125760574                  /mmfs/automount/gpfs/homefs/sm/dw07r324/bin/GOAL-20140808/lib/jpf-boot.jar
2b81f63a6000-2b81f63aa000 r--s 0003c000 fd:01 14238                      /usr/lib/jvm/java-1.6.0-openjdk-1.6.0.0.x86_64/jre/lib/jsse.jar
2b81f63aa000-2b81f63af000 r--s 0002d000 00:35 125760577                  /mmfs/automount/gpfs/homefs/sm/dw07r324/bin/GOAL-20140808/lib/jpf.jar
2b81f63af000-2b81f63b1000 r--s 0000d000 00:35 125760571                  /mmfs/automount/gpfs/homefs/sm/dw07r324/bin/GOAL-20140808/lib/commons-logging.jar
2b81f63b1000-2b81f63b3000 r--s 00012000 00:35 125760576                  /mmfs/automount/gpfs/homefs/sm/dw07r324/bin/GOAL-20140808/lib/jpf-tools.jar
2b81f63b3000-2b81f63ba000 r--s 00039000 00:35 125760578                  /mmfs/automount/gpfs/homefs/sm/dw07r324/bin/GOAL-20140808/lib/jxp.jar
2b81f63ba000-2b81f63bc000 r--s 00004000 00:35 125760570                  /mmfs/automount/gpfs/homefs/sm/dw07r324/bin/GOAL-20140808/lib/AppleJavaExtensions.jar
2b81f63bc000-2b81f63c1000 r--s 0002a000 00:35 125760572                  /mmfs/automount/gpfs/homefs/sm/dw07r324/bin/GOAL-20140808/lib/gson-2.2.2.jar
2b81f63c1000-2b81f63c4000 r--s 0001a000 00:35 125760579                  /mmfs/automount/gpfs/homefs/sm/dw07r324/bin/GOAL-20140808/lib/minijdd_104.jar
2b81f63c4000-2b81f63e7000 r--s 0022d000 00:35 78970849                   /mmfs/automount/gpfs/homefs/sm/dw07r324/bin/GOAL-20140808/.jpf-shadow/org.svvrl.goal.core@2014.8.8.zip
2b81f63e7000-2b81f648a000 r-xp 00000000 fd:01 13434                      /usr/lib/jvm/java-1.6.0-openjdk-1.6.0.0.x86_64/jre/lib/amd64/libawt.so
2b81f648a000-2b81f668a000 ---p 000a3000 fd:01 13434                      /usr/lib/jvm/java-1.6.0-openjdk-1.6.0.0.x86_64/jre/lib/amd64/libawt.so
2b81f668a000-2b81f6696000 rw-p 000a3000 fd:01 13434                      /usr/lib/jvm/java-1.6.0-openjdk-1.6.0.0.x86_64/jre/lib/amd64/libawt.so
2b81f6696000-2b81f66ba000 rw-p 00000000 00:00 0 
2b81f66ba000-2b81f66c0000 r-xp 00000000 fd:01 8525                       /usr/lib/jvm/java-1.6.0-openjdk-1.6.0.0.x86_64/jre/lib/amd64/headless/libmawt.so
2b81f66c0000-2b81f68bf000 ---p 00006000 fd:01 8525                       /usr/lib/jvm/java-1.6.0-openjdk-1.6.0.0.x86_64/jre/lib/amd64/headless/libmawt.so
2b81f68bf000-2b81f68c0000 rw-p 00005000 fd:01 8525                       /usr/lib/jvm/java-1.6.0-openjdk-1.6.0.0.x86_64/jre/lib/amd64/headless/libmawt.so
2b81f68c0000-2b81f68c2000 rw-p 00000000 00:00 0 
2b81f8000000-2b81f8021000 rw-p 00000000 00:00 0 
2b81f8021000-2b81fc000000 ---p 00000000 00:00 0 
2b81fc000000-2b81fd165000 rw-p 00000000 00:00 0 
2b81fd165000-2b8200000000 ---p 00000000 00:00 0 
2b8200000000-2b8200c83000 rw-p 00000000 00:00 0 
2b8200c83000-2b8204000000 ---p 00000000 00:00 0 
2b8204000000-2b8204021000 rw-p 00000000 00:00 0 
2b8204021000-2b8208000000 ---p 00000000 00:00 0 
2b8208000000-2b8208021000 rw-p 00000000 00:00 0 
2b8208021000-2b820c000000 ---p 00000000 00:00 0 
7fff20100000-7fff20136000 rw-p 00000000 00:00 0                          [stack]
7fff20180000-7fff20181000 r-xp 00000000 00:00 0                          [vdso]
ffffffffff600000-ffffffffff601000 r-xp 00000000 00:00 0                  [vsyscall]

VM Arguments:
jvm_args: -Xmx1G -Xms1G -DapplicationRoot=/home/ubelix/sm/dw07r324/bin/GOAL-20140808 -Dorg.java.plugin.boot.pluginsRepositories=/home/ubelix/sm/dw07r324/bin/GOAL-20140808/plugins -Djpf.boot.config=/home/ubelix/sm/dw07r324/bin/GOAL-20140808/boot.properties -Dorg.apache.commons.logging.Log=org.apache.commons.logging.impl.SimpleLog -Dorg.apache.commons.logging.simplelog.log.org.java.plugin=fatal 
java_command: /home/ubelix/sm/dw07r324/bin/GOAL-20140808/lib/jpf-boot.jar complement -m piterman -eq -macc -sp -ro -r /scratch/local/8663605.1.all.q/test_set_s15/s15_t2.4_a0.8_026.gff
Launcher Type: SUN_STANDARD

Environment Variables:
CLASSPATH=/home/ubelix/sm/dw07r324/bin/GOAL-20140808:/home/ubelix/sm/dw07r324/bin/GOAL-20140808/plugins:/home/ubelix/sm/dw07r324/bin/GOAL-20140808/lib:
PATH=/scratch/local/8663605.1.all.q:/usr/lib64/qt-3.3/bin:/usr/local/bin:/bin:/usr/bin:/usr/local/sbin:/usr/sbin:/sbin:/usr/lpp/mmfs/bin:/home/ubelix/sm/dw07r324/bin/GOAL-20140808:/home/ubelix/sm/dw07r324/bin/gnu_time/bin:/usr/lpp/mmfs/bin
LD_LIBRARY_PATH=/usr/lib/jvm/java-1.6.0-openjdk-1.6.0.0.x86_64/jre/lib/amd64/server:/usr/lib/jvm/java-1.6.0-openjdk-1.6.0.0.x86_64/jre/lib/amd64:/usr/lib/jvm/java-1.6.0-openjdk-1.6.0.0.x86_64/jre/../lib/amd64
SHELL=/bin/bash

Signal Handlers:
SIGSEGV: [libjvm.so+0x870a40], sa_mask[0]=0x7ffbfeff, sa_flags=0x10000004
SIGBUS: [libjvm.so+0x870a40], sa_mask[0]=0x7ffbfeff, sa_flags=0x10000004
SIGFPE: [libjvm.so+0x719240], sa_mask[0]=0x7ffbfeff, sa_flags=0x10000004
SIGPIPE: [libjvm.so+0x719240], sa_mask[0]=0x7ffbfeff, sa_flags=0x10000004
SIGXFSZ: [libjvm.so+0x719240], sa_mask[0]=0x7ffbfeff, sa_flags=0x10000004
SIGILL: [libjvm.so+0x719240], sa_mask[0]=0x7ffbfeff, sa_flags=0x10000004
SIGUSR1: SIG_DFL, sa_mask[0]=0x00000000, sa_flags=0x00000000
SIGUSR2: [libjvm.so+0x718d60], sa_mask[0]=0x00000000, sa_flags=0x10000004
SIGHUP: [libjvm.so+0x71bdf0], sa_mask[0]=0x7ffbfeff, sa_flags=0x10000004
SIGINT: [libjvm.so+0x71bdf0], sa_mask[0]=0x7ffbfeff, sa_flags=0x10000004
SIGTERM: [libjvm.so+0x71bdf0], sa_mask[0]=0x7ffbfeff, sa_flags=0x10000004
SIGQUIT: [libjvm.so+0x71bdf0], sa_mask[0]=0x7ffbfeff, sa_flags=0x10000004


---------------  S Y S T E M  ---------------

OS:Red Hat Enterprise Linux ComputeNode release 6.5 (Santiago)

uname:Linux 2.6.32-431.29.2.el6.x86_64 #1 SMP Sun Jul 27 15:55:46 EDT 2014 x86_64
libc:glibc 2.12 NPTL 2.12 
rlimit: STACK infinity, CORE infinity, NPROC 127431, NOFILE 4096, AS 8388608k
load average:5.00 5.08 4.69

/proc/meminfo:
MemTotal:       16331612 kB
MemFree:         4995056 kB
Buffers:           12048 kB
Cached:          6163800 kB
SwapCached:           88 kB
Active:          2807676 kB
Inactive:        3836540 kB
Active(anon):     405148 kB
Inactive(anon):    63452 kB
Active(file):    2402528 kB
Inactive(file):  3773088 kB
Unevictable:     4082900 kB
Mlocked:         4082900 kB
SwapTotal:       8388604 kB
SwapFree:        8388380 kB
Dirty:              5340 kB
Writeback:             0 kB
AnonPages:       4551808 kB
Mapped:           119720 kB
Shmem:               192 kB
Slab:             383268 kB
SReclaimable:     314704 kB
SUnreclaim:        68564 kB
KernelStack:        4720 kB
PageTables:        16588 kB
NFS_Unstable:          0 kB
Bounce:                0 kB
WritebackTmp:          0 kB
CommitLimit:    16554408 kB
Committed_AS:    6813020 kB
VmallocTotal:   34359738367 kB
VmallocUsed:      109412 kB
VmallocChunk:   34351234244 kB
HardwareCorrupted:     0 kB
AnonHugePages:         0 kB
HugePages_Total:       0
HugePages_Free:        0
HugePages_Rsvd:        0
HugePages_Surp:        0
Hugepagesize:       2048 kB
DirectMap4k:        9920 kB
DirectMap2M:     2086912 kB
DirectMap1G:    14680064 kB


CPU:total 8 (4 cores per cpu, 1 threads per core) family 16 model 2 stepping 3, cmov, cx8, fxsr, mmx, sse, sse2, sse3, popcnt, mmxext, 3dnowpref, lzcnt, sse4a, tsc, tscinvbit, tscinv

/proc/cpuinfo:
processor	: 0
vendor_id	: AuthenticAMD
cpu family	: 16
model		: 2
model name	: Quad-Core AMD Opteron(tm) Processor 2354
stepping	: 3
cpu MHz		: 2200.000
cache size	: 512 KB
physical id	: 0
siblings	: 4
core id		: 0
cpu cores	: 4
apicid		: 0
initial apicid	: 0
fpu		: yes
fpu_exception	: yes
cpuid level	: 5
wp		: yes
flags		: fpu vme de pse tsc msr pae mce cx8 apic sep mtrr pge mca cmov pat pse36 clflush mmx fxsr sse sse2 ht syscall nx mmxext fxsr_opt pdpe1gb rdtscp lm 3dnowext 3dnow constant_tsc rep_good nonstop_tsc extd_apicid pni monitor cx16 popcnt lahf_lm cmp_legacy svm extapic cr8_legacy abm sse4a misalignsse 3dnowprefetch osvw ibs npt lbrv svm_lock
bogomips	: 4422.88
TLB size	: 1024 4K pages
clflush size	: 64
cache_alignment	: 64
address sizes	: 48 bits physical, 48 bits virtual
power management: ts ttp tm stc 100mhzsteps hwpstate

processor	: 1
vendor_id	: AuthenticAMD
cpu family	: 16
model		: 2
model name	: Quad-Core AMD Opteron(tm) Processor 2354
stepping	: 3
cpu MHz		: 2200.000
cache size	: 512 KB
physical id	: 0
siblings	: 4
core id		: 1
cpu cores	: 4
apicid		: 1
initial apicid	: 1
fpu		: yes
fpu_exception	: yes
cpuid level	: 5
wp		: yes
flags		: fpu vme de pse tsc msr pae mce cx8 apic sep mtrr pge mca cmov pat pse36 clflush mmx fxsr sse sse2 ht syscall nx mmxext fxsr_opt pdpe1gb rdtscp lm 3dnowext 3dnow constant_tsc rep_good nonstop_tsc extd_apicid pni monitor cx16 popcnt lahf_lm cmp_legacy svm extapic cr8_legacy abm sse4a misalignsse 3dnowprefetch osvw ibs npt lbrv svm_lock
bogomips	: 4422.88
TLB size	: 1024 4K pages
clflush size	: 64
cache_alignment	: 64
address sizes	: 48 bits physical, 48 bits virtual
power management: ts ttp tm stc 100mhzsteps hwpstate

processor	: 2
vendor_id	: AuthenticAMD
cpu family	: 16
model		: 2
model name	: Quad-Core AMD Opteron(tm) Processor 2354
stepping	: 3
cpu MHz		: 2200.000
cache size	: 512 KB
physical id	: 0
siblings	: 4
core id		: 2
cpu cores	: 4
apicid		: 2
initial apicid	: 2
fpu		: yes
fpu_exception	: yes
cpuid level	: 5
wp		: yes
flags		: fpu vme de pse tsc msr pae mce cx8 apic sep mtrr pge mca cmov pat pse36 clflush mmx fxsr sse sse2 ht syscall nx mmxext fxsr_opt pdpe1gb rdtscp lm 3dnowext 3dnow constant_tsc rep_good nonstop_tsc extd_apicid pni monitor cx16 popcnt lahf_lm cmp_legacy svm extapic cr8_legacy abm sse4a misalignsse 3dnowprefetch osvw ibs npt lbrv svm_lock
bogomips	: 4422.88
TLB size	: 1024 4K pages
clflush size	: 64
cache_alignment	: 64
address sizes	: 48 bits physical, 48 bits virtual
power management: ts ttp tm stc 100mhzsteps hwpstate

processor	: 3
vendor_id	: AuthenticAMD
cpu family	: 16
model		: 2
model name	: Quad-Core AMD Opteron(tm) Processor 2354
stepping	: 3
cpu MHz		: 2200.000
cache size	: 512 KB
physical id	: 0
siblings	: 4
core id		: 3
cpu cores	: 4
apicid		: 3
initial apicid	: 3
fpu		: yes
fpu_exception	: yes
cpuid level	: 5
wp		: yes
flags		: fpu vme de pse tsc msr pae mce cx8 apic sep mtrr pge mca cmov pat pse36 clflush mmx fxsr sse sse2 ht syscall nx mmxext fxsr_opt pdpe1gb rdtscp lm 3dnowext 3dnow constant_tsc rep_good nonstop_tsc extd_apicid pni monitor cx16 popcnt lahf_lm cmp_legacy svm extapic cr8_legacy abm sse4a misalignsse 3dnowprefetch osvw ibs npt lbrv svm_lock
bogomips	: 4422.88
TLB size	: 1024 4K pages
clflush size	: 64
cache_alignment	: 64
address sizes	: 48 bits physical, 48 bits virtual
power management: ts ttp tm stc 100mhzsteps hwpstate

processor	: 4
vendor_id	: AuthenticAMD
cpu family	: 16
model		: 2
model name	: Quad-Core AMD Opteron(tm) Processor 2354
stepping	: 3
cpu MHz		: 2200.000
cache size	: 512 KB
physical id	: 1
siblings	: 4
core id		: 0
cpu cores	: 4
apicid		: 4
initial apicid	: 4
fpu		: yes
fpu_exception	: yes
cpuid level	: 5
wp		: yes
flags		: fpu vme de pse tsc msr pae mce cx8 apic sep mtrr pge mca cmov pat pse36 clflush mmx fxsr sse sse2 ht syscall nx mmxext fxsr_opt pdpe1gb rdtscp lm 3dnowext 3dnow constant_tsc rep_good nonstop_tsc extd_apicid pni monitor cx16 popcnt lahf_lm cmp_legacy svm extapic cr8_legacy abm sse4a misalignsse 3dnowprefetch osvw ibs npt lbrv svm_lock
bogomips	: 4422.23
TLB size	: 1024 4K pages
clflush size	: 64
cache_alignment	: 64
address sizes	: 48 bits physical, 48 bits virtual
power management: ts ttp tm stc 100mhzsteps hwpstate

processor	: 5
vendor_id	: AuthenticAMD
cpu family	: 16
model		: 2
model name	: Quad-Core AMD Opteron(tm) Processor 2354
stepping	: 3
cpu MHz		: 2200.000
cache size	: 512 KB
physical id	: 1
siblings	: 4
core id		: 1
cpu cores	: 4
apicid		: 5
initial apicid	: 5
fpu		: yes
fpu_exception	: yes
cpuid level	: 5
wp		: yes
flags		: fpu vme de pse tsc msr pae mce cx8 apic sep mtrr pge mca cmov pat pse36 clflush mmx fxsr sse sse2 ht syscall nx mmxext fxsr_opt pdpe1gb rdtscp lm 3dnowext 3dnow constant_tsc rep_good nonstop_tsc extd_apicid pni monitor cx16 popcnt lahf_lm cmp_legacy svm extapic cr8_legacy abm sse4a misalignsse 3dnowprefetch osvw ibs npt lbrv svm_lock
bogomips	: 4422.23
TLB size	: 1024 4K pages
clflush size	: 64
cache_alignment	: 64
address sizes	: 48 bits physical, 48 bits virtual
power management: ts ttp tm stc 100mhzsteps hwpstate

processor	: 6
vendor_id	: AuthenticAMD
cpu family	: 16
model		: 2
model name	: Quad-Core AMD Opteron(tm) Processor 2354
stepping	: 3
cpu MHz		: 2200.000
cache size	: 512 KB
physical id	: 1
siblings	: 4
core id		: 2
cpu cores	: 4
apicid		: 6
initial apicid	: 6
fpu		: yes
fpu_exception	: yes
cpuid level	: 5
wp		: yes
flags		: fpu vme de pse tsc msr pae mce cx8 apic sep mtrr pge mca cmov pat pse36 clflush mmx fxsr sse sse2 ht syscall nx mmxext fxsr_opt pdpe1gb rdtscp lm 3dnowext 3dnow constant_tsc rep_good nonstop_tsc extd_apicid pni monitor cx16 popcnt lahf_lm cmp_legacy svm extapic cr8_legacy abm sse4a misalignsse 3dnowprefetch osvw ibs npt lbrv svm_lock
bogomips	: 4422.23
TLB size	: 1024 4K pages
clflush size	: 64
cache_alignment	: 64
address sizes	: 48 bits physical, 48 bits virtual
power management: ts ttp tm stc 100mhzsteps hwpstate

processor	: 7
vendor_id	: AuthenticAMD
cpu family	: 16
model		: 2
model name	: Quad-Core AMD Opteron(tm) Processor 2354
stepping	: 3
cpu MHz		: 2200.000
cache size	: 512 KB
physical id	: 1
siblings	: 4
core id		: 3
cpu cores	: 4
apicid		: 7
initial apicid	: 7
fpu		: yes
fpu_exception	: yes
cpuid level	: 5
wp		: yes
flags		: fpu vme de pse tsc msr pae mce cx8 apic sep mtrr pge mca cmov pat pse36 clflush mmx fxsr sse sse2 ht syscall nx mmxext fxsr_opt pdpe1gb rdtscp lm 3dnowext 3dnow constant_tsc rep_good nonstop_tsc extd_apicid pni monitor cx16 popcnt lahf_lm cmp_legacy svm extapic cr8_legacy abm sse4a misalignsse 3dnowprefetch osvw ibs npt lbrv svm_lock
bogomips	: 4422.23
TLB size	: 1024 4K pages
clflush size	: 64
cache_alignment	: 64
address sizes	: 48 bits physical, 48 bits virtual
power management: ts ttp tm stc 100mhzsteps hwpstate



Memory: 4k page, physical 16331612k(4995056k free), swap 8388604k(8388380k free)

vm_info: OpenJDK 64-Bit Server VM (23.25-b01) for linux-amd64 JRE (1.6.0_32-b32), built on Aug 21 2014 11:15:48 by "mockbuild" with gcc 4.4.7 20120313 (Red Hat 4.4.7-4)

time: Tue Sep 23 13:51:36 2014
elapsed time: 2 seconds

