#
# A fatal error has been detected by the Java Runtime Environment:
#
#  SIGBUS (0x7) at pc=0x00002b36bae08522, pid=28019, tid=47514058770176
#
# JRE version: 6.0_32-b32
# Java VM: OpenJDK 64-Bit Server VM (23.25-b01 mixed mode linux-amd64 compressed oops)
# Problematic frame:
# C  [libzip.so+0x4522]  ZIP_Lock+0x252
#
# Core dump written. Default location: /mmfs/automount/gpfs/homefs/sm/dw07r324/jobs/piterman.eq.macc.sp.ro.r/core or core.28019
#
# If you would like to submit a bug report, please include
# instructions how to reproduce the bug and visit:
#   http://icedtea.classpath.org/bugzilla
# The crash happened outside the Java Virtual Machine in native code.
# See problematic frame for where to report the bug.
#

---------------  T H R E A D  ---------------

Current thread (0x00002b36bc008000):  JavaThread "main" [_thread_in_native, id=28020, stack(0x00002b36ba884000,0x00002b36ba985000)]

siginfo:si_signo=SIGBUS: si_errno=0, si_code=2 (BUS_ADRERR), si_addr=0x00002b36fe3c89c9

Registers:
RAX=0x00002b36bc641ad0, RBX=0x00002b36fe3c89ac, RCX=0x0000000000000008, RDX=0x00000000000011a1
RSP=0x00002b36ba981070, RBP=0x00002b36ba9810b0, RSI=0x0000000000000003, RDI=0x0000000000000003
R8 =0x00002b36bc000088, R9 =0x0000000000000001, R10=0x0000000000000040, R11=0x00002b36ba0b4660
R12=0x00002b36bc641ad0, R13=0x00002b36bc312540, R14=0x00002b36ba981120, R15=0x00002b36bc641ad0
RIP=0x00002b36bae08522, EFLAGS=0x0000000000010206, CSGSFS=0x0000000000000033, ERR=0x0000000000000004
  TRAPNO=0x000000000000000e

Top of Stack: (sp=0x00002b36ba981070)
0x00002b36ba981070:   00002b36bc2db390 00002b36b9ffe05e
0x00002b36ba981080:   000000000000047c 00002b36bc2d4e24
0x00002b36ba981090:   00002b36bc312540 00000000440829f0
0x00002b36ba9810a0:   00002b36ba981120 0000000000000036
0x00002b36ba9810b0:   00002b36ba981100 00002b36bae08ae2
0x00002b36ba9810c0:   00002b36bc008000 00002b36bc2db190
0x00002b36ba9810d0:   00002744ba981140 00002b36bc0081d8
0x00002b36ba9810e0:   00002b36ba981120 0000000000000036
0x00002b36ba9810f0:   00002b36ba9815f8 00002b36ba981120
0x00002b36ba981100:   00002b36ba981560 00002b36bae07ae4
0x00002b36ba981110:   0000003601981190 00002b36bc312540
0x00002b36ba981120:   2f73657373616c63 727676732f67726f
0x00002b36ba981130:   632f6c616f672f6c 2f7475612f65726f
0x00002b36ba981140:   41746c412f746c61 6e6f74616d6f7475
0x00002b36ba981150:   00007373616c632e 0000000400001389
0x00002b36ba981160:   00002b36bc008da0 00002b36bc008d88
0x00002b36ba981170:   00002b36ba9811a0 00002b36ba981230
0x00002b36ba981180:   00002b36bc008000 0000000000000001
0x00002b36ba981190:   00002b36ba1da354 0000000000001389
0x00002b36ba9811a0:   00002b36ba9811e0 00002b36ba0cf437
0x00002b36ba9811b0:   00002b36ba9811e0 00002b36ba0cfb94
0x00002b36ba9811c0:   00002b36bc008000 00002b36ba981230
0x00002b36ba9811d0:   00002b36bc008000 0000000000000001
0x00002b36ba9811e0:   00002b36ba981290 00002b36b9ff2f68
0x00002b36ba9811f0:   00002b36ba981200 00002b3600000000
0x00002b36ba981200:   00002b36ba981290 00002b36b9cc53f8
0x00002b36ba981210:   00002b37087831f0 00002b36bc007770
0x00002b36ba981220:   0000000000000000 0000000000000000
0x00002b36ba981230:   00002b36bc005960 00002b36bc008d90
0x00002b36ba981240:   0000000000000000 0000000000000001
0x00002b36ba981250:   00002b36bc008000 ffffffffffffffff
0x00002b36ba981260:   00002b36ba9812d0 00002b36b9e04a03 

Instructions: (pc=0x00002b36bae08522)
0x00002b36bae08502:   00 00 00 00 00 48 c7 40 30 00 00 00 00 48 c7 40
0x00002b36bae08512:   28 00 00 00 00 8b 5b 04 49 2b 5d 28 49 03 5d 18
0x00002b36bae08522:   44 0f b6 73 1d 0f b6 43 1c 41 c1 e6 08 41 09 c6
0x00002b36bae08532:   0f b6 43 1e 88 45 ce 0f b6 43 1f 88 45 cf 0f b6 

Register to memory mapping:

RAX=0x00002b36bc641ad0 is an unknown value
RBX=0x00002b36fe3c89ac is an unknown value
RCX=0x0000000000000008 is an unknown value
RDX=0x00000000000011a1 is an unknown value
RSP=0x00002b36ba981070 is pointing into the stack for thread: 0x00002b36bc008000
RBP=0x00002b36ba9810b0 is pointing into the stack for thread: 0x00002b36bc008000
RSI=0x0000000000000003 is an unknown value
RDI=0x0000000000000003 is an unknown value
R8 =0x00002b36bc000088 is an unknown value
R9 =0x0000000000000001 is an unknown value
R10=0x0000000000000040 is an unknown value
R11=0x00002b36ba0b4660: <offset 0x79f660> in /usr/lib/jvm/java-1.6.0-openjdk-1.6.0.0.x86_64/jre/lib/amd64/server/libjvm.so at 0x00002b36b9915000
R12=0x00002b36bc641ad0 is an unknown value
R13=0x00002b36bc312540 is an unknown value
R14=0x00002b36ba981120 is pointing into the stack for thread: 0x00002b36bc008000
R15=0x00002b36bc641ad0 is an unknown value


Stack: [0x00002b36ba884000,0x00002b36ba985000],  sp=0x00002b36ba981070,  free space=1012k
Native frames: (J=compiled Java code, j=interpreted, Vv=VM code, C=native code)
C  [libzip.so+0x4522]  ZIP_Lock+0x252
C  [libzip.so+0x4ae2]  ZIP_GetEntry+0xc2
C  [libzip.so+0x3ae4]  Java_java_util_zip_ZipFile_getEntry+0xc4
j  java.util.zip.ZipFile.getEntry(JLjava/lang/String;Z)J+0
j  java.util.zip.ZipFile.getEntry(Ljava/lang/String;)Ljava/util/zip/ZipEntry;+31
j  java.util.jar.JarFile.getEntry(Ljava/lang/String;)Ljava/util/zip/ZipEntry;+2
j  sun.net.www.protocol.jar.URLJarFile.getEntry(Ljava/lang/String;)Ljava/util/zip/ZipEntry;+2
j  sun.net.www.protocol.jar.JarURLConnection.connect()V+62
j  sun.net.www.protocol.jar.JarURLConnection.getInputStream()Ljava/io/InputStream;+1
j  sun.misc.URLClassPath$Loader.getResource(Ljava/lang/String;Z)Lsun/misc/Resource;+48
j  sun.misc.URLClassPath.getResource(Ljava/lang/String;Z)Lsun/misc/Resource;+53
j  java.net.URLClassLoader$1.run()Ljava/lang/Object;+26
v  ~StubRoutines::call_stub
V  [libjvm.so+0x537e3e]  AsyncGetCallTrace+0xd776e
V  [libjvm.so+0x536ad8]  AsyncGetCallTrace+0xd6408
V  [libjvm.so+0x597140]  JVM_DoPrivileged+0x400
j  java.security.AccessController.doPrivileged(Ljava/security/PrivilegedExceptionAction;Ljava/security/AccessControlContext;)Ljava/lang/Object;+0
j  java.net.URLClassLoader.findClass(Ljava/lang/String;)Ljava/lang/Class;+13
j  org.java.plugin.standard.StandardPluginClassLoader.loadLocalClass(Ljava/lang/String;ZLorg/java/plugin/standard/StandardPluginClassLoader;)Ljava/lang/Class;+97
j  org.java.plugin.standard.StandardPluginClassLoader.loadClass(Ljava/lang/String;Z)Ljava/lang/Class;+62
j  java.lang.ClassLoader.loadClass(Ljava/lang/String;)Ljava/lang/Class;+3
v  ~StubRoutines::call_stub
V  [libjvm.so+0x537e3e]  AsyncGetCallTrace+0xd776e
V  [libjvm.so+0x537222]  AsyncGetCallTrace+0xd6b52
V  [libjvm.so+0x5372f4]  AsyncGetCallTrace+0xd6c24
V  [libjvm.so+0x80084b]  JVM_handle_linux_signal+0xdf19b
V  [libjvm.so+0x800e0c]  JVM_handle_linux_signal+0xdf75c
V  [libjvm.so+0x802733]  JVM_handle_linux_signal+0xe1083
V  [libjvm.so+0x85c66f]  JVM_handle_linux_signal+0x13afbf
V  [libjvm.so+0x85ed1e]  JVM_handle_linux_signal+0x13d66e
V  [libjvm.so+0x861d2e]  JVM_handle_linux_signal+0x14067e
V  [libjvm.so+0x8649bd]  JVM_handle_linux_signal+0x14330d
V  [libjvm.so+0x864e53]  JVM_handle_linux_signal+0x1437a3
V  [libjvm.so+0x4f7406]  AsyncGetCallTrace+0x96d36
V  [libjvm.so+0x4fb05f]  AsyncGetCallTrace+0x9a98f
V  [libjvm.so+0x4fb92a]  AsyncGetCallTrace+0x9b25a
V  [libjvm.so+0x533833]  AsyncGetCallTrace+0xd3163
j  org.svvrl.goal.core.io.GFFCodec.<init>()V+121
v  ~StubRoutines::call_stub
V  [libjvm.so+0x537e3e]  AsyncGetCallTrace+0xd776e
V  [libjvm.so+0x536ad8]  AsyncGetCallTrace+0xd6408
V  [libjvm.so+0x783da7]  JVM_handle_linux_signal+0x626f7
V  [libjvm.so+0x784a28]  JVM_handle_linux_signal+0x63378
V  [libjvm.so+0x58d342]  JVM_NewInstanceFromConstructor+0xe2
j  sun.reflect.NativeConstructorAccessorImpl.newInstance0(Ljava/lang/reflect/Constructor;[Ljava/lang/Object;)Ljava/lang/Object;+0
j  sun.reflect.NativeConstructorAccessorImpl.newInstance([Ljava/lang/Object;)Ljava/lang/Object;+72
j  sun.reflect.DelegatingConstructorAccessorImpl.newInstance([Ljava/lang/Object;)Ljava/lang/Object;+5
j  java.lang.reflect.Constructor.newInstance([Ljava/lang/Object;)Ljava/lang/Object;+91
j  java.lang.Class.newInstance()Ljava/lang/Object;+132
j  org.svvrl.goal.core.CorePlugin.newInstance(Ljava/lang/Class;)Ljava/lang/Object;+3
j  org.svvrl.goal.core.CorePlugin.loadCodecs()V+92
j  org.svvrl.goal.core.CorePlugin.initApplication(Lorg/java/plugin/util/ExtendedProperties;[Ljava/lang/String;)Lorg/java/plugin/boot/Application;+150
j  org.java.plugin.boot.DefaultApplicationInitializer.initApplication(Lorg/java/plugin/boot/BootErrorHandler;[Ljava/lang/String;)Lorg/java/plugin/boot/Application;+530
j  org.java.plugin.boot.Boot.initApplication(Lorg/java/plugin/boot/BootErrorHandler;Lorg/java/plugin/util/ExtendedProperties;[Ljava/lang/String;)Lorg/java/plugin/boot/Application;+157
j  org.java.plugin.boot.Boot.boot(Lorg/java/plugin/util/ExtendedProperties;ZLjava/lang/String;Lorg/java/plugin/boot/BootErrorHandler;[Ljava/lang/String;)Lorg/java/plugin/boot/Application;+338
j  org.java.plugin.boot.Boot.main([Ljava/lang/String;)V+162
v  ~StubRoutines::call_stub
V  [libjvm.so+0x537e3e]  AsyncGetCallTrace+0xd776e
V  [libjvm.so+0x536ad8]  AsyncGetCallTrace+0xd6408
V  [libjvm.so+0x5452a7]  JNI_CreateJavaVM+0x12e7
V  [libjvm.so+0x55a4eb]  JNI_CreateJavaVM+0x1652b
C  [java+0x374d]  JavaMain+0xd0d

Java frames: (J=compiled Java code, j=interpreted, Vv=VM code)
j  java.util.zip.ZipFile.getEntry(JLjava/lang/String;Z)J+0
j  java.util.zip.ZipFile.getEntry(Ljava/lang/String;)Ljava/util/zip/ZipEntry;+31
j  java.util.jar.JarFile.getEntry(Ljava/lang/String;)Ljava/util/zip/ZipEntry;+2
j  sun.net.www.protocol.jar.URLJarFile.getEntry(Ljava/lang/String;)Ljava/util/zip/ZipEntry;+2
j  sun.net.www.protocol.jar.JarURLConnection.connect()V+62
j  sun.net.www.protocol.jar.JarURLConnection.getInputStream()Ljava/io/InputStream;+1
j  sun.misc.URLClassPath$Loader.getResource(Ljava/lang/String;Z)Lsun/misc/Resource;+48
j  sun.misc.URLClassPath.getResource(Ljava/lang/String;Z)Lsun/misc/Resource;+53
j  java.net.URLClassLoader$1.run()Ljava/lang/Object;+26
v  ~StubRoutines::call_stub
j  java.security.AccessController.doPrivileged(Ljava/security/PrivilegedExceptionAction;Ljava/security/AccessControlContext;)Ljava/lang/Object;+0
j  java.net.URLClassLoader.findClass(Ljava/lang/String;)Ljava/lang/Class;+13
j  org.java.plugin.standard.StandardPluginClassLoader.loadLocalClass(Ljava/lang/String;ZLorg/java/plugin/standard/StandardPluginClassLoader;)Ljava/lang/Class;+97
j  org.java.plugin.standard.StandardPluginClassLoader.loadClass(Ljava/lang/String;Z)Ljava/lang/Class;+62
j  java.lang.ClassLoader.loadClass(Ljava/lang/String;)Ljava/lang/Class;+3
v  ~StubRoutines::call_stub
j  org.svvrl.goal.core.io.GFFCodec.<init>()V+121
v  ~StubRoutines::call_stub
j  sun.reflect.NativeConstructorAccessorImpl.newInstance0(Ljava/lang/reflect/Constructor;[Ljava/lang/Object;)Ljava/lang/Object;+0
j  sun.reflect.NativeConstructorAccessorImpl.newInstance([Ljava/lang/Object;)Ljava/lang/Object;+72
j  sun.reflect.DelegatingConstructorAccessorImpl.newInstance([Ljava/lang/Object;)Ljava/lang/Object;+5
j  java.lang.reflect.Constructor.newInstance([Ljava/lang/Object;)Ljava/lang/Object;+91
j  java.lang.Class.newInstance()Ljava/lang/Object;+132
j  org.svvrl.goal.core.CorePlugin.newInstance(Ljava/lang/Class;)Ljava/lang/Object;+3
j  org.svvrl.goal.core.CorePlugin.loadCodecs()V+92
j  org.svvrl.goal.core.CorePlugin.initApplication(Lorg/java/plugin/util/ExtendedProperties;[Ljava/lang/String;)Lorg/java/plugin/boot/Application;+150
j  org.java.plugin.boot.DefaultApplicationInitializer.initApplication(Lorg/java/plugin/boot/BootErrorHandler;[Ljava/lang/String;)Lorg/java/plugin/boot/Application;+530
j  org.java.plugin.boot.Boot.initApplication(Lorg/java/plugin/boot/BootErrorHandler;Lorg/java/plugin/util/ExtendedProperties;[Ljava/lang/String;)Lorg/java/plugin/boot/Application;+157
j  org.java.plugin.boot.Boot.boot(Lorg/java/plugin/util/ExtendedProperties;ZLjava/lang/String;Lorg/java/plugin/boot/BootErrorHandler;[Ljava/lang/String;)Lorg/java/plugin/boot/Application;+338
j  org.java.plugin.boot.Boot.main([Ljava/lang/String;)V+162
v  ~StubRoutines::call_stub

---------------  P R O C E S S  ---------------

Java Threads: ( => current thread )
  0x00002b36bc101800 JavaThread "Low Memory Detector" daemon [_thread_blocked, id=28037, stack(0x00002b36fe194000,0x00002b36fe295000)]
  0x00002b36bc0ff000 JavaThread "C2 CompilerThread1" daemon [_thread_in_native, id=28036, stack(0x00002b36fe093000,0x00002b36fe194000)]
  0x00002b36bc0fc800 JavaThread "C2 CompilerThread0" daemon [_thread_in_native, id=28035, stack(0x00002b36fdf92000,0x00002b36fe093000)]
  0x00002b36bc0fa000 JavaThread "Signal Dispatcher" daemon [_thread_blocked, id=28034, stack(0x00002b36fde91000,0x00002b36fdf92000)]
  0x00002b36bc0ab800 JavaThread "Finalizer" daemon [_thread_blocked, id=28032, stack(0x00002b36e8eb3000,0x00002b36e8fb4000)]
  0x00002b36bc0a9800 JavaThread "Reference Handler" daemon [_thread_blocked, id=28031, stack(0x00002b36e8db2000,0x00002b36e8eb3000)]
=>0x00002b36bc008000 JavaThread "main" [_thread_in_native, id=28020, stack(0x00002b36ba884000,0x00002b36ba985000)]

Other Threads:
  0x00002b36bc09a800 VMThread [stack: 0x00002b36e8cb1000,0x00002b36e8db2000] [id=28030]
  0x00002b36bc10c800 WatcherThread [stack: 0x00002b36fe295000,0x00002b36fe396000] [id=28038]

VM state:not at safepoint (normal execution)

VM Mutex/Monitor currently owned by a thread: None

Heap
 PSYoungGen      total 305856K, used 20976K [0x00000000eaab0000, 0x0000000100000000, 0x0000000100000000)
  eden space 262208K, 8% used [0x00000000eaab0000,0x00000000ebf2c3f0,0x00000000faac0000)
  from space 43648K, 0% used [0x00000000fd560000,0x00000000fd560000,0x0000000100000000)
  to   space 43648K, 0% used [0x00000000faac0000,0x00000000faac0000,0x00000000fd560000)
 ParOldGen       total 699072K, used 0K [0x00000000c0000000, 0x00000000eaab0000, 0x00000000eaab0000)
  object space 699072K, 0% used [0x00000000c0000000,0x00000000c0000000,0x00000000eaab0000)
 PSPermGen       total 21248K, used 6777K [0x00000000b5a00000, 0x00000000b6ec0000, 0x00000000c0000000)
  object space 21248K, 31% used [0x00000000b5a00000,0x00000000b609e718,0x00000000b6ec0000)

Card table byte_map: [0x00002b36c30c0000,0x00002b36c3314000] byte_map_base: 0x00002b36c2b13000

Polling page: 0x00002b36badc5000

Code Cache  [0x00002b36c0000000, 0x00002b36c0270000, 0x00002b36c3000000)
 total_blobs=318 nmethods=103 adapters=168 free_code_cache=48475Kb largest_free_block=49613376

Compilation events (10 events):
Event: 2.106 Thread 0x00002b36bc0ff000 nmethod 98 0x00002b36c009c150 code [0x00002b36c009c2a0, 0x00002b36c009c678]
Event: 2.106 Thread 0x00002b36bc0ff000   99             java.util.LinkedList$ListItr::<init> (189 bytes)
Event: 2.110 Thread 0x00002b36bc0ff000 nmethod 99 0x00002b36c009bc50 code [0x00002b36c009bda0, 0x00002b36c009bfd8]
Event: 2.110 Thread 0x00002b36bc0ff000  100             java.lang.AbstractStringBuilder::append (40 bytes)
Event: 2.112 Thread 0x00002b36bc0ff000 nmethod 100 0x00002b36c009b8d0 code [0x00002b36c009ba20, 0x00002b36c009bb28]
Event: 2.112 Thread 0x00002b36bc0ff000  101             org.java.plugin.registry.xml.ExtensionPointImpl$ParameterDefinitionImpl::getMultiplicity (8 bytes)
Event: 2.112 Thread 0x00002b36bc0ff000 nmethod 101 0x00002b36c009e250 code [0x00002b36c009e380, 0x00002b36c009e3f8]
Event: 2.112 Thread 0x00002b36bc0ff000  102             org.java.plugin.registry.xml.ModelParameterDef::getMultiplicity (5 bytes)
Event: 2.112 Thread 0x00002b36bc0ff000 nmethod 102 0x00002b36c009e050 code [0x00002b36c009e180, 0x00002b36c009e1d8]
Event: 2.112 Thread 0x00002b36bc0ff000  103             java.io.UnixFileSystem::normalize (75 bytes)

GC Heap History (0 events):
No events

Deoptimization events (9 events):
Event: 1.106 Thread 0x00002b36bc008000 Uncommon trap -34 fr.pc 0x00002b36c005ea30
Event: 1.107 Thread 0x00002b36bc008000 Uncommon trap -34 fr.pc 0x00002b36c005ea30
Event: 1.179 Thread 0x00002b36bc008000 Uncommon trap -12 fr.pc 0x00002b36c00652ec
Event: 1.785 Thread 0x00002b36bc008000 Uncommon trap -58 fr.pc 0x00002b36c007cca0
Event: 1.785 Thread 0x00002b36bc008000 Uncommon trap -58 fr.pc 0x00002b36c007cca0
Event: 1.786 Thread 0x00002b36bc008000 Uncommon trap -58 fr.pc 0x00002b36c007cca0
Event: 1.786 Thread 0x00002b36bc008000 Uncommon trap -58 fr.pc 0x00002b36c007cca0
Event: 2.018 Thread 0x00002b36bc008000 Uncommon trap -34 fr.pc 0x00002b36c005ea30
Event: 2.018 Thread 0x00002b36bc008000 Uncommon trap -34 fr.pc 0x00002b36c005ea30

Internal exceptions (10 events):
Event: 2.047 Thread 0x00002b36bc008000 Threw 0x00000000eb751b80 at /builddir/build/BUILD/icedtea6-1.13.4/openjdk/hotspot/src/share/vm/prims/jvm.cpp:1235
Event: 2.072 Thread 0x00002b36bc008000 Threw 0x00000000eb833c28 at /builddir/build/BUILD/icedtea6-1.13.4/openjdk/hotspot/src/share/vm/classfile/systemDictionary.cpp:179
Event: 2.072 Thread 0x00002b36bc008000 Threw 0x00000000eb833f80 at /builddir/build/BUILD/icedtea6-1.13.4/openjdk/hotspot/src/share/vm/prims/jvm.cpp:1235
Event: 2.072 Thread 0x00002b36bc008000 Threw 0x00000000eb834388 at /builddir/build/BUILD/icedtea6-1.13.4/openjdk/hotspot/src/share/vm/prims/jvm.cpp:1235
Event: 2.080 Thread 0x00002b36bc008000 Threw 0x00000000eb88b4a8 at /builddir/build/BUILD/icedtea6-1.13.4/openjdk/hotspot/src/share/vm/classfile/systemDictionary.cpp:179
Event: 2.080 Thread 0x00002b36bc008000 Threw 0x00000000eb88b810 at /builddir/build/BUILD/icedtea6-1.13.4/openjdk/hotspot/src/share/vm/prims/jvm.cpp:1235
Event: 2.081 Thread 0x00002b36bc008000 Threw 0x00000000eb88bc28 at /builddir/build/BUILD/icedtea6-1.13.4/openjdk/hotspot/src/share/vm/prims/jvm.cpp:1235
Event: 2.084 Thread 0x00002b36bc008000 Threw 0x00000000eb8963a8 at /builddir/build/BUILD/icedtea6-1.13.4/openjdk/hotspot/src/share/vm/classfile/systemDictionary.cpp:179
Event: 2.084 Thread 0x00002b36bc008000 Threw 0x00000000eb896748 at /builddir/build/BUILD/icedtea6-1.13.4/openjdk/hotspot/src/share/vm/prims/jvm.cpp:1235
Event: 2.084 Thread 0x00002b36bc008000 Threw 0x00000000eb896b98 at /builddir/build/BUILD/icedtea6-1.13.4/openjdk/hotspot/src/share/vm/prims/jvm.cpp:1235

Events (10 events):
Event: 2.045 loading class 0x00002b36bc448dd0
Event: 2.045 loading class 0x00002b36bc448dd0 done
Event: 2.046 loading class 0x00002b36bc44b880
Event: 2.046 loading class 0x00002b36bc44b880 done
Event: 2.072 loading class 0x00002b36bc44bbf0
Event: 2.072 loading class 0x00002b36bc44bbf0 done
Event: 2.080 loading class 0x00002b36bc5e6c90
Event: 2.080 loading class 0x00002b36bc5e6c90 done
Event: 2.084 loading class 0x00002b36bc5dbd90
Event: 2.084 loading class 0x00002b36bc5dbd90 done


Dynamic libraries:
00400000-00409000 r-xp 00000000 fd:01 5993                               /usr/lib/jvm/java-1.6.0-openjdk-1.6.0.0.x86_64/jre/bin/java
00608000-0060a000 rw-p 00008000 fd:01 5993                               /usr/lib/jvm/java-1.6.0-openjdk-1.6.0.0.x86_64/jre/bin/java
022e2000-02303000 rw-p 00000000 00:00 0                                  [heap]
b5a00000-b6ec0000 rw-p 00000000 00:00 0 
b6ec0000-c0000000 rw-p 00000000 00:00 0 
c0000000-100000000 rw-p 00000000 00:00 0 
364f800000-364f820000 r-xp 00000000 fd:01 130582                         /lib64/ld-2.12.so
364fa1f000-364fa20000 r--p 0001f000 fd:01 130582                         /lib64/ld-2.12.so
364fa20000-364fa21000 rw-p 00020000 fd:01 130582                         /lib64/ld-2.12.so
364fa21000-364fa22000 rw-p 00000000 00:00 0 
364fc00000-364fd8a000 r-xp 00000000 fd:01 130613                         /lib64/libc-2.12.so
364fd8a000-364ff8a000 ---p 0018a000 fd:01 130613                         /lib64/libc-2.12.so
364ff8a000-364ff8e000 r--p 0018a000 fd:01 130613                         /lib64/libc-2.12.so
364ff8e000-364ff8f000 rw-p 0018e000 fd:01 130613                         /lib64/libc-2.12.so
364ff8f000-364ff94000 rw-p 00000000 00:00 0 
3650000000-3650004000 r-xp 00000000 fd:01 13573                          /usr/lib/jvm/java-1.6.0-openjdk-1.6.0.0.x86_64/jre/lib/amd64/jli/libjli.so
3650004000-3650203000 ---p 00004000 fd:01 13573                          /usr/lib/jvm/java-1.6.0-openjdk-1.6.0.0.x86_64/jre/lib/amd64/jli/libjli.so
3650203000-3650204000 rw-p 00003000 fd:01 13573                          /usr/lib/jvm/java-1.6.0-openjdk-1.6.0.0.x86_64/jre/lib/amd64/jli/libjli.so
3650400000-3650417000 r-xp 00000000 fd:01 130636                         /lib64/libpthread-2.12.so
3650417000-3650617000 ---p 00017000 fd:01 130636                         /lib64/libpthread-2.12.so
3650617000-3650618000 r--p 00017000 fd:01 130636                         /lib64/libpthread-2.12.so
3650618000-3650619000 rw-p 00018000 fd:01 130636                         /lib64/libpthread-2.12.so
3650619000-365061d000 rw-p 00000000 00:00 0 
3650800000-3650802000 r-xp 00000000 fd:01 130624                         /lib64/libdl-2.12.so
3650802000-3650a02000 ---p 00002000 fd:01 130624                         /lib64/libdl-2.12.so
3650a02000-3650a03000 r--p 00002000 fd:01 130624                         /lib64/libdl-2.12.so
3650a03000-3650a04000 rw-p 00003000 fd:01 130624                         /lib64/libdl-2.12.so
3650c00000-3650c15000 r-xp 00000000 fd:01 130638                         /lib64/libz.so.1.2.3
3650c15000-3650e14000 ---p 00015000 fd:01 130638                         /lib64/libz.so.1.2.3
3650e14000-3650e15000 r--p 00014000 fd:01 130638                         /lib64/libz.so.1.2.3
3650e15000-3650e16000 rw-p 00015000 fd:01 130638                         /lib64/libz.so.1.2.3
3651000000-3651007000 r-xp 00000000 fd:01 132701                         /lib64/librt-2.12.so
3651007000-3651206000 ---p 00007000 fd:01 132701                         /lib64/librt-2.12.so
3651206000-3651207000 r--p 00006000 fd:01 132701                         /lib64/librt-2.12.so
3651207000-3651208000 rw-p 00007000 fd:01 132701                         /lib64/librt-2.12.so
3651800000-3651816000 r-xp 00000000 fd:01 133662                         /lib64/libgcc_s-4.4.7-20120601.so.1
3651816000-3651a15000 ---p 00016000 fd:01 133662                         /lib64/libgcc_s-4.4.7-20120601.so.1
3651a15000-3651a16000 rw-p 00015000 fd:01 133662                         /lib64/libgcc_s-4.4.7-20120601.so.1
3653000000-36530e8000 r-xp 00000000 fd:01 49938                          /usr/lib64/libstdc++.so.6.0.13
36530e8000-36532e8000 ---p 000e8000 fd:01 49938                          /usr/lib64/libstdc++.so.6.0.13
36532e8000-36532ef000 r--p 000e8000 fd:01 49938                          /usr/lib64/libstdc++.so.6.0.13
36532ef000-36532f1000 rw-p 000ef000 fd:01 49938                          /usr/lib64/libstdc++.so.6.0.13
36532f1000-3653306000 rw-p 00000000 00:00 0 
365c200000-365c216000 r-xp 00000000 fd:01 137559                         /lib64/libnsl-2.12.so
365c216000-365c415000 ---p 00016000 fd:01 137559                         /lib64/libnsl-2.12.so
365c415000-365c416000 r--p 00015000 fd:01 137559                         /lib64/libnsl-2.12.so
365c416000-365c417000 rw-p 00016000 fd:01 137559                         /lib64/libnsl-2.12.so
365c417000-365c419000 rw-p 00000000 00:00 0 
2b36b98fa000-2b36b98fb000 rw-p 00000000 00:00 0 
2b36b9911000-2b36b9915000 rw-p 00000000 00:00 0 
2b36b9915000-2b36ba320000 r-xp 00000000 fd:01 23213                      /usr/lib/jvm/java-1.6.0-openjdk-1.6.0.0.x86_64/jre/lib/amd64/server/libjvm.so
2b36ba320000-2b36ba520000 ---p 00a0b000 fd:01 23213                      /usr/lib/jvm/java-1.6.0-openjdk-1.6.0.0.x86_64/jre/lib/amd64/server/libjvm.so
2b36ba520000-2b36ba5c1000 rw-p 00a0b000 fd:01 23213                      /usr/lib/jvm/java-1.6.0-openjdk-1.6.0.0.x86_64/jre/lib/amd64/server/libjvm.so
2b36ba5c1000-2b36ba5ea000 rw-p 00000000 00:00 0 
2b36ba600000-2b36ba683000 r-xp 00000000 fd:01 130627                     /lib64/libm-2.12.so
2b36ba683000-2b36ba882000 ---p 00083000 fd:01 130627                     /lib64/libm-2.12.so
2b36ba882000-2b36ba883000 r--p 00082000 fd:01 130627                     /lib64/libm-2.12.so
2b36ba883000-2b36ba884000 rw-p 00083000 fd:01 130627                     /lib64/libm-2.12.so
2b36ba884000-2b36ba887000 ---p 00000000 00:00 0 
2b36ba887000-2b36ba985000 rw-p 00000000 00:00 0 
2b36ba985000-2b36ba993000 r-xp 00000000 fd:01 23207                      /usr/lib/jvm/java-1.6.0-openjdk-1.6.0.0.x86_64/jre/lib/amd64/libverify.so
2b36ba993000-2b36bab93000 ---p 0000e000 fd:01 23207                      /usr/lib/jvm/java-1.6.0-openjdk-1.6.0.0.x86_64/jre/lib/amd64/libverify.so
2b36bab93000-2b36bab95000 rw-p 0000e000 fd:01 23207                      /usr/lib/jvm/java-1.6.0-openjdk-1.6.0.0.x86_64/jre/lib/amd64/libverify.so
2b36bab95000-2b36babc2000 r-xp 00000000 fd:01 23159                      /usr/lib/jvm/java-1.6.0-openjdk-1.6.0.0.x86_64/jre/lib/amd64/libjava.so
2b36babc2000-2b36badc1000 ---p 0002d000 fd:01 23159                      /usr/lib/jvm/java-1.6.0-openjdk-1.6.0.0.x86_64/jre/lib/amd64/libjava.so
2b36badc1000-2b36badc5000 rw-p 0002c000 fd:01 23159                      /usr/lib/jvm/java-1.6.0-openjdk-1.6.0.0.x86_64/jre/lib/amd64/libjava.so
2b36badc5000-2b36badc6000 r--p 00000000 00:00 0 
2b36badc6000-2b36badc7000 rw-p 00000000 00:00 0 
2b36badc7000-2b36badfc000 r--s 00000000 fd:02 128540                     /var/db/nscd/passwd
2b36badfc000-2b36bae04000 rw-s 00000000 fd:03 38                         /tmp/hsperfdata_dw07r324/28019
2b36bae04000-2b36bae0b000 r-xp 00000000 fd:01 23208                      /usr/lib/jvm/java-1.6.0-openjdk-1.6.0.0.x86_64/jre/lib/amd64/libzip.so
2b36bae0b000-2b36bb00b000 ---p 00007000 fd:01 23208                      /usr/lib/jvm/java-1.6.0-openjdk-1.6.0.0.x86_64/jre/lib/amd64/libzip.so
2b36bb00b000-2b36bb00c000 rw-p 00007000 fd:01 23208                      /usr/lib/jvm/java-1.6.0-openjdk-1.6.0.0.x86_64/jre/lib/amd64/libzip.so
2b36bc000000-2b36bc64f000 rw-p 00000000 00:00 0 
2b36bc64f000-2b36c0000000 ---p 00000000 00:00 0 
2b36c0000000-2b36c0270000 rwxp 00000000 00:00 0 
2b36c0270000-2b36c3000000 rw-p 00000000 00:00 0 
2b36c3000000-2b36c300a000 rw-p 00000000 00:00 0 
2b36c300a000-2b36c30c0000 rw-p 00000000 00:00 0 
2b36c30c0000-2b36c30cb000 rw-p 00000000 00:00 0 
2b36c30cb000-2b36c3113000 rw-p 00000000 00:00 0 
2b36c3113000-2b36c3475000 rw-p 00000000 00:00 0 
2b36c3475000-2b36c34bd000 rw-p 00000000 00:00 0 
2b36c34bd000-2b36c34be000 ---p 00000000 00:00 0 
2b36c34be000-2b36c35be000 rw-p 00000000 00:00 0 
2b36c35be000-2b36c35bf000 ---p 00000000 00:00 0 
2b36c35bf000-2b36c36bf000 rw-p 00000000 00:00 0 
2b36c36bf000-2b36c36c0000 ---p 00000000 00:00 0 
2b36c36c0000-2b36c37c0000 rw-p 00000000 00:00 0 
2b36c37c0000-2b36c37c1000 ---p 00000000 00:00 0 
2b36c37c1000-2b36c38c1000 rw-p 00000000 00:00 0 
2b36c38c1000-2b36c38c2000 ---p 00000000 00:00 0 
2b36c38c2000-2b36c39c2000 rw-p 00000000 00:00 0 
2b36c39c2000-2b36c39c3000 ---p 00000000 00:00 0 
2b36c39c3000-2b36c3ac3000 rw-p 00000000 00:00 0 
2b36c3ac3000-2b36c3ac4000 ---p 00000000 00:00 0 
2b36c3ac4000-2b36c3bc4000 rw-p 00000000 00:00 0 
2b36c3bc4000-2b36c3bc5000 ---p 00000000 00:00 0 
2b36c3bc5000-2b36c3cc5000 rw-p 00000000 00:00 0 
2b36c4000000-2b36c4021000 rw-p 00000000 00:00 0 
2b36c4021000-2b36c8000000 ---p 00000000 00:00 0 
2b36c8000000-2b36c8021000 rw-p 00000000 00:00 0 
2b36c8021000-2b36cc000000 ---p 00000000 00:00 0 
2b36cc000000-2b36cc021000 rw-p 00000000 00:00 0 
2b36cc021000-2b36d0000000 ---p 00000000 00:00 0 
2b36d0000000-2b36d0021000 rw-p 00000000 00:00 0 
2b36d0021000-2b36d4000000 ---p 00000000 00:00 0 
2b36d4000000-2b36d4021000 rw-p 00000000 00:00 0 
2b36d4021000-2b36d8000000 ---p 00000000 00:00 0 
2b36d8000000-2b36d8021000 rw-p 00000000 00:00 0 
2b36d8021000-2b36dc000000 ---p 00000000 00:00 0 
2b36dc000000-2b36dc021000 rw-p 00000000 00:00 0 
2b36dc021000-2b36e0000000 ---p 00000000 00:00 0 
2b36e0000000-2b36e0021000 rw-p 00000000 00:00 0 
2b36e0021000-2b36e4000000 ---p 00000000 00:00 0 
2b36e4000000-2b36e6ea4000 rw-p 00000000 00:00 0 
2b36e6ea4000-2b36e703a000 r--s 01a15000 fd:01 23288                      /usr/lib/jvm/java-1.6.0-openjdk-1.6.0.0.x86_64/jre/lib/rt.jar
2b36e703a000-2b36e8cb1000 rw-p 00000000 00:00 0 
2b36e8cb1000-2b36e8cb2000 ---p 00000000 00:00 0 
2b36e8cb2000-2b36e8db2000 rw-p 00000000 00:00 0 
2b36e8db2000-2b36e8db5000 ---p 00000000 00:00 0 
2b36e8db5000-2b36e8eb3000 rw-p 00000000 00:00 0 
2b36e8eb3000-2b36e8eb6000 ---p 00000000 00:00 0 
2b36e8eb6000-2b36e8fb4000 rw-p 00000000 00:00 0 
2b36ec000000-2b36ec021000 rw-p 00000000 00:00 0 
2b36ec021000-2b36f0000000 ---p 00000000 00:00 0 
2b36f0000000-2b36f0021000 rw-p 00000000 00:00 0 
2b36f0021000-2b36f4000000 ---p 00000000 00:00 0 
2b36f4000000-2b36f4021000 rw-p 00000000 00:00 0 
2b36f4021000-2b36f8000000 ---p 00000000 00:00 0 
2b36f8000000-2b36fde91000 r--p 00000000 fd:01 49935                      /usr/lib/locale/locale-archive
2b36fde91000-2b36fde94000 ---p 00000000 00:00 0 
2b36fde94000-2b36fdf92000 rw-p 00000000 00:00 0 
2b36fdf92000-2b36fdf95000 ---p 00000000 00:00 0 
2b36fdf95000-2b36fe093000 rw-p 00000000 00:00 0 
2b36fe093000-2b36fe096000 ---p 00000000 00:00 0 
2b36fe096000-2b36fe194000 rw-p 00000000 00:00 0 
2b36fe194000-2b36fe197000 ---p 00000000 00:00 0 
2b36fe197000-2b36fe295000 rw-p 00000000 00:00 0 
2b36fe295000-2b36fe296000 ---p 00000000 00:00 0 
2b36fe296000-2b36fe396000 rw-p 00000000 00:00 0 
2b36fe396000-2b36fe398000 r--s 00009000 00:35 125760574                  /mmfs/automount/gpfs/homefs/sm/dw07r324/bin/GOAL-20140808/lib/jpf-boot.jar
2b36fe398000-2b36fe39b000 r--s 0000f000 fd:01 23233                      /usr/lib/jvm/java-1.6.0-openjdk-1.6.0.0.x86_64/jre/lib/ext/pulse-java.jar
2b36fe39b000-2b36fe3a4000 r--s 00065000 fd:01 23228                      /usr/lib/jvm/java-1.6.0-openjdk-1.6.0.0.x86_64/jre/lib/ext/gnome-java-bridge.jar
2b36fe3a4000-2b36fe3a6000 r--s 00009000 00:35 125760574                  /mmfs/automount/gpfs/homefs/sm/dw07r324/bin/GOAL-20140808/lib/jpf-boot.jar
2b36fe3a6000-2b36fe3aa000 r--s 0003c000 fd:01 14238                      /usr/lib/jvm/java-1.6.0-openjdk-1.6.0.0.x86_64/jre/lib/jsse.jar
2b36fe3aa000-2b36fe3af000 r--s 0002d000 00:35 125760577                  /mmfs/automount/gpfs/homefs/sm/dw07r324/bin/GOAL-20140808/lib/jpf.jar
2b36fe3af000-2b36fe3b1000 r--s 0000d000 00:35 125760571                  /mmfs/automount/gpfs/homefs/sm/dw07r324/bin/GOAL-20140808/lib/commons-logging.jar
2b36fe3b1000-2b36fe3b3000 r--s 00012000 00:35 125760576                  /mmfs/automount/gpfs/homefs/sm/dw07r324/bin/GOAL-20140808/lib/jpf-tools.jar
2b36fe3b3000-2b36fe3ba000 r--s 00039000 00:35 125760578                  /mmfs/automount/gpfs/homefs/sm/dw07r324/bin/GOAL-20140808/lib/jxp.jar
2b36fe3ba000-2b36fe3bc000 r--s 00004000 00:35 125760570                  /mmfs/automount/gpfs/homefs/sm/dw07r324/bin/GOAL-20140808/lib/AppleJavaExtensions.jar
2b36fe3bc000-2b36fe3c1000 r--s 0002a000 00:35 125760572                  /mmfs/automount/gpfs/homefs/sm/dw07r324/bin/GOAL-20140808/lib/gson-2.2.2.jar
2b36fe3c1000-2b36fe3c4000 r--s 0001a000 00:35 125760579                  /mmfs/automount/gpfs/homefs/sm/dw07r324/bin/GOAL-20140808/lib/minijdd_104.jar
2b36fe3c4000-2b36fe3e7000 r--s 0022d000 00:35 119089039                  /mmfs/automount/gpfs/homefs/sm/dw07r324/bin/GOAL-20140808/.jpf-shadow/org.svvrl.goal.core@2014.8.8.zip
2b36fe3e7000-2b36fe48a000 r-xp 00000000 fd:01 13434                      /usr/lib/jvm/java-1.6.0-openjdk-1.6.0.0.x86_64/jre/lib/amd64/libawt.so
2b36fe48a000-2b36fe68a000 ---p 000a3000 fd:01 13434                      /usr/lib/jvm/java-1.6.0-openjdk-1.6.0.0.x86_64/jre/lib/amd64/libawt.so
2b36fe68a000-2b36fe696000 rw-p 000a3000 fd:01 13434                      /usr/lib/jvm/java-1.6.0-openjdk-1.6.0.0.x86_64/jre/lib/amd64/libawt.so
2b36fe696000-2b36fe6ba000 rw-p 00000000 00:00 0 
2b36fe6ba000-2b36fe6c0000 r-xp 00000000 fd:01 8525                       /usr/lib/jvm/java-1.6.0-openjdk-1.6.0.0.x86_64/jre/lib/amd64/headless/libmawt.so
2b36fe6c0000-2b36fe8bf000 ---p 00006000 fd:01 8525                       /usr/lib/jvm/java-1.6.0-openjdk-1.6.0.0.x86_64/jre/lib/amd64/headless/libmawt.so
2b36fe8bf000-2b36fe8c0000 rw-p 00005000 fd:01 8525                       /usr/lib/jvm/java-1.6.0-openjdk-1.6.0.0.x86_64/jre/lib/amd64/headless/libmawt.so
2b36fe8c0000-2b36fe8c1000 rw-p 00000000 00:00 0 
2b36fea38000-2b36fea39000 rw-p 00000000 00:00 0 
2b3700000000-2b3700021000 rw-p 00000000 00:00 0 
2b3700021000-2b3704000000 ---p 00000000 00:00 0 
2b3704000000-2b3704fa1000 rw-p 00000000 00:00 0 
2b3704fa1000-2b3708000000 ---p 00000000 00:00 0 
2b3708000000-2b3708c84000 rw-p 00000000 00:00 0 
2b3708c84000-2b370c000000 ---p 00000000 00:00 0 
2b370c000000-2b370c021000 rw-p 00000000 00:00 0 
2b370c021000-2b3710000000 ---p 00000000 00:00 0 
2b3710000000-2b3710021000 rw-p 00000000 00:00 0 
2b3710021000-2b3714000000 ---p 00000000 00:00 0 
7fff4ba32000-7fff4ba69000 rw-p 00000000 00:00 0                          [stack]
7fff4bbff000-7fff4bc00000 r-xp 00000000 00:00 0                          [vdso]
ffffffffff600000-ffffffffff601000 r-xp 00000000 00:00 0                  [vsyscall]

VM Arguments:
jvm_args: -Xmx1G -Xms1G -DapplicationRoot=/home/ubelix/sm/dw07r324/bin/GOAL-20140808 -Dorg.java.plugin.boot.pluginsRepositories=/home/ubelix/sm/dw07r324/bin/GOAL-20140808/plugins -Djpf.boot.config=/home/ubelix/sm/dw07r324/bin/GOAL-20140808/boot.properties -Dorg.apache.commons.logging.Log=org.apache.commons.logging.impl.SimpleLog -Dorg.apache.commons.logging.simplelog.log.org.java.plugin=fatal 
java_command: /home/ubelix/sm/dw07r324/bin/GOAL-20140808/lib/jpf-boot.jar complement -m piterman -eq -macc -sp -ro -r /scratch/local/8663605.1.all.q/test_set_s15/s15_t2.2_a0.1_031.gff
Launcher Type: SUN_STANDARD

Environment Variables:
CLASSPATH=/home/ubelix/sm/dw07r324/bin/GOAL-20140808:/home/ubelix/sm/dw07r324/bin/GOAL-20140808/plugins:/home/ubelix/sm/dw07r324/bin/GOAL-20140808/lib:
PATH=/scratch/local/8663605.1.all.q:/usr/lib64/qt-3.3/bin:/usr/local/bin:/bin:/usr/bin:/usr/local/sbin:/usr/sbin:/sbin:/usr/lpp/mmfs/bin:/home/ubelix/sm/dw07r324/bin/GOAL-20140808:/home/ubelix/sm/dw07r324/bin/gnu_time/bin:/usr/lpp/mmfs/bin
LD_LIBRARY_PATH=/usr/lib/jvm/java-1.6.0-openjdk-1.6.0.0.x86_64/jre/lib/amd64/server:/usr/lib/jvm/java-1.6.0-openjdk-1.6.0.0.x86_64/jre/lib/amd64:/usr/lib/jvm/java-1.6.0-openjdk-1.6.0.0.x86_64/jre/../lib/amd64
SHELL=/bin/bash

Signal Handlers:
SIGSEGV: [libjvm.so+0x870a40], sa_mask[0]=0x7ffbfeff, sa_flags=0x10000004
SIGBUS: [libjvm.so+0x870a40], sa_mask[0]=0x7ffbfeff, sa_flags=0x10000004
SIGFPE: [libjvm.so+0x719240], sa_mask[0]=0x7ffbfeff, sa_flags=0x10000004
SIGPIPE: [libjvm.so+0x719240], sa_mask[0]=0x7ffbfeff, sa_flags=0x10000004
SIGXFSZ: [libjvm.so+0x719240], sa_mask[0]=0x7ffbfeff, sa_flags=0x10000004
SIGILL: [libjvm.so+0x719240], sa_mask[0]=0x7ffbfeff, sa_flags=0x10000004
SIGUSR1: SIG_DFL, sa_mask[0]=0x00000000, sa_flags=0x00000000
SIGUSR2: [libjvm.so+0x718d60], sa_mask[0]=0x00000000, sa_flags=0x10000004
SIGHUP: [libjvm.so+0x71bdf0], sa_mask[0]=0x7ffbfeff, sa_flags=0x10000004
SIGINT: [libjvm.so+0x71bdf0], sa_mask[0]=0x7ffbfeff, sa_flags=0x10000004
SIGTERM: [libjvm.so+0x71bdf0], sa_mask[0]=0x7ffbfeff, sa_flags=0x10000004
SIGQUIT: [libjvm.so+0x71bdf0], sa_mask[0]=0x7ffbfeff, sa_flags=0x10000004


---------------  S Y S T E M  ---------------

OS:Red Hat Enterprise Linux ComputeNode release 6.5 (Santiago)

uname:Linux 2.6.32-431.29.2.el6.x86_64 #1 SMP Sun Jul 27 15:55:46 EDT 2014 x86_64
libc:glibc 2.12 NPTL 2.12 
rlimit: STACK infinity, CORE infinity, NPROC 127431, NOFILE 4096, AS 8388608k
load average:6.21 4.67 4.21

/proc/meminfo:
MemTotal:       16331612 kB
MemFree:         4926848 kB
Buffers:           10304 kB
Cached:          6144324 kB
SwapCached:           88 kB
Active:          2903196 kB
Inactive:        3811832 kB
Active(anon):     497144 kB
Inactive(anon):    63452 kB
Active(file):    2406052 kB
Inactive(file):  3748380 kB
Unevictable:     4082900 kB
Mlocked:         4082900 kB
SwapTotal:       8388604 kB
SwapFree:        8388380 kB
Dirty:              2212 kB
Writeback:             0 kB
AnonPages:       4643296 kB
Mapped:           105628 kB
Shmem:               192 kB
Slab:             378872 kB
SReclaimable:     310364 kB
SUnreclaim:        68508 kB
KernelStack:        4752 kB
PageTables:        17536 kB
NFS_Unstable:          0 kB
Bounce:                0 kB
WritebackTmp:          0 kB
CommitLimit:    16554408 kB
Committed_AS:    6910440 kB
VmallocTotal:   34359738367 kB
VmallocUsed:      109412 kB
VmallocChunk:   34351234244 kB
HardwareCorrupted:     0 kB
AnonHugePages:         0 kB
HugePages_Total:       0
HugePages_Free:        0
HugePages_Rsvd:        0
HugePages_Surp:        0
Hugepagesize:       2048 kB
DirectMap4k:        9920 kB
DirectMap2M:     2086912 kB
DirectMap1G:    14680064 kB


CPU:total 8 (4 cores per cpu, 1 threads per core) family 16 model 2 stepping 3, cmov, cx8, fxsr, mmx, sse, sse2, sse3, popcnt, mmxext, 3dnowpref, lzcnt, sse4a, tsc, tscinvbit, tscinv

/proc/cpuinfo:
processor	: 0
vendor_id	: AuthenticAMD
cpu family	: 16
model		: 2
model name	: Quad-Core AMD Opteron(tm) Processor 2354
stepping	: 3
cpu MHz		: 2200.000
cache size	: 512 KB
physical id	: 0
siblings	: 4
core id		: 0
cpu cores	: 4
apicid		: 0
initial apicid	: 0
fpu		: yes
fpu_exception	: yes
cpuid level	: 5
wp		: yes
flags		: fpu vme de pse tsc msr pae mce cx8 apic sep mtrr pge mca cmov pat pse36 clflush mmx fxsr sse sse2 ht syscall nx mmxext fxsr_opt pdpe1gb rdtscp lm 3dnowext 3dnow constant_tsc rep_good nonstop_tsc extd_apicid pni monitor cx16 popcnt lahf_lm cmp_legacy svm extapic cr8_legacy abm sse4a misalignsse 3dnowprefetch osvw ibs npt lbrv svm_lock
bogomips	: 4422.88
TLB size	: 1024 4K pages
clflush size	: 64
cache_alignment	: 64
address sizes	: 48 bits physical, 48 bits virtual
power management: ts ttp tm stc 100mhzsteps hwpstate

processor	: 1
vendor_id	: AuthenticAMD
cpu family	: 16
model		: 2
model name	: Quad-Core AMD Opteron(tm) Processor 2354
stepping	: 3
cpu MHz		: 2200.000
cache size	: 512 KB
physical id	: 0
siblings	: 4
core id		: 1
cpu cores	: 4
apicid		: 1
initial apicid	: 1
fpu		: yes
fpu_exception	: yes
cpuid level	: 5
wp		: yes
flags		: fpu vme de pse tsc msr pae mce cx8 apic sep mtrr pge mca cmov pat pse36 clflush mmx fxsr sse sse2 ht syscall nx mmxext fxsr_opt pdpe1gb rdtscp lm 3dnowext 3dnow constant_tsc rep_good nonstop_tsc extd_apicid pni monitor cx16 popcnt lahf_lm cmp_legacy svm extapic cr8_legacy abm sse4a misalignsse 3dnowprefetch osvw ibs npt lbrv svm_lock
bogomips	: 4422.88
TLB size	: 1024 4K pages
clflush size	: 64
cache_alignment	: 64
address sizes	: 48 bits physical, 48 bits virtual
power management: ts ttp tm stc 100mhzsteps hwpstate

processor	: 2
vendor_id	: AuthenticAMD
cpu family	: 16
model		: 2
model name	: Quad-Core AMD Opteron(tm) Processor 2354
stepping	: 3
cpu MHz		: 2200.000
cache size	: 512 KB
physical id	: 0
siblings	: 4
core id		: 2
cpu cores	: 4
apicid		: 2
initial apicid	: 2
fpu		: yes
fpu_exception	: yes
cpuid level	: 5
wp		: yes
flags		: fpu vme de pse tsc msr pae mce cx8 apic sep mtrr pge mca cmov pat pse36 clflush mmx fxsr sse sse2 ht syscall nx mmxext fxsr_opt pdpe1gb rdtscp lm 3dnowext 3dnow constant_tsc rep_good nonstop_tsc extd_apicid pni monitor cx16 popcnt lahf_lm cmp_legacy svm extapic cr8_legacy abm sse4a misalignsse 3dnowprefetch osvw ibs npt lbrv svm_lock
bogomips	: 4422.88
TLB size	: 1024 4K pages
clflush size	: 64
cache_alignment	: 64
address sizes	: 48 bits physical, 48 bits virtual
power management: ts ttp tm stc 100mhzsteps hwpstate

processor	: 3
vendor_id	: AuthenticAMD
cpu family	: 16
model		: 2
model name	: Quad-Core AMD Opteron(tm) Processor 2354
stepping	: 3
cpu MHz		: 2200.000
cache size	: 512 KB
physical id	: 0
siblings	: 4
core id		: 3
cpu cores	: 4
apicid		: 3
initial apicid	: 3
fpu		: yes
fpu_exception	: yes
cpuid level	: 5
wp		: yes
flags		: fpu vme de pse tsc msr pae mce cx8 apic sep mtrr pge mca cmov pat pse36 clflush mmx fxsr sse sse2 ht syscall nx mmxext fxsr_opt pdpe1gb rdtscp lm 3dnowext 3dnow constant_tsc rep_good nonstop_tsc extd_apicid pni monitor cx16 popcnt lahf_lm cmp_legacy svm extapic cr8_legacy abm sse4a misalignsse 3dnowprefetch osvw ibs npt lbrv svm_lock
bogomips	: 4422.88
TLB size	: 1024 4K pages
clflush size	: 64
cache_alignment	: 64
address sizes	: 48 bits physical, 48 bits virtual
power management: ts ttp tm stc 100mhzsteps hwpstate

processor	: 4
vendor_id	: AuthenticAMD
cpu family	: 16
model		: 2
model name	: Quad-Core AMD Opteron(tm) Processor 2354
stepping	: 3
cpu MHz		: 2200.000
cache size	: 512 KB
physical id	: 1
siblings	: 4
core id		: 0
cpu cores	: 4
apicid		: 4
initial apicid	: 4
fpu		: yes
fpu_exception	: yes
cpuid level	: 5
wp		: yes
flags		: fpu vme de pse tsc msr pae mce cx8 apic sep mtrr pge mca cmov pat pse36 clflush mmx fxsr sse sse2 ht syscall nx mmxext fxsr_opt pdpe1gb rdtscp lm 3dnowext 3dnow constant_tsc rep_good nonstop_tsc extd_apicid pni monitor cx16 popcnt lahf_lm cmp_legacy svm extapic cr8_legacy abm sse4a misalignsse 3dnowprefetch osvw ibs npt lbrv svm_lock
bogomips	: 4422.23
TLB size	: 1024 4K pages
clflush size	: 64
cache_alignment	: 64
address sizes	: 48 bits physical, 48 bits virtual
power management: ts ttp tm stc 100mhzsteps hwpstate

processor	: 5
vendor_id	: AuthenticAMD
cpu family	: 16
model		: 2
model name	: Quad-Core AMD Opteron(tm) Processor 2354
stepping	: 3
cpu MHz		: 2200.000
cache size	: 512 KB
physical id	: 1
siblings	: 4
core id		: 1
cpu cores	: 4
apicid		: 5
initial apicid	: 5
fpu		: yes
fpu_exception	: yes
cpuid level	: 5
wp		: yes
flags		: fpu vme de pse tsc msr pae mce cx8 apic sep mtrr pge mca cmov pat pse36 clflush mmx fxsr sse sse2 ht syscall nx mmxext fxsr_opt pdpe1gb rdtscp lm 3dnowext 3dnow constant_tsc rep_good nonstop_tsc extd_apicid pni monitor cx16 popcnt lahf_lm cmp_legacy svm extapic cr8_legacy abm sse4a misalignsse 3dnowprefetch osvw ibs npt lbrv svm_lock
bogomips	: 4422.23
TLB size	: 1024 4K pages
clflush size	: 64
cache_alignment	: 64
address sizes	: 48 bits physical, 48 bits virtual
power management: ts ttp tm stc 100mhzsteps hwpstate

processor	: 6
vendor_id	: AuthenticAMD
cpu family	: 16
model		: 2
model name	: Quad-Core AMD Opteron(tm) Processor 2354
stepping	: 3
cpu MHz		: 2200.000
cache size	: 512 KB
physical id	: 1
siblings	: 4
core id		: 2
cpu cores	: 4
apicid		: 6
initial apicid	: 6
fpu		: yes
fpu_exception	: yes
cpuid level	: 5
wp		: yes
flags		: fpu vme de pse tsc msr pae mce cx8 apic sep mtrr pge mca cmov pat pse36 clflush mmx fxsr sse sse2 ht syscall nx mmxext fxsr_opt pdpe1gb rdtscp lm 3dnowext 3dnow constant_tsc rep_good nonstop_tsc extd_apicid pni monitor cx16 popcnt lahf_lm cmp_legacy svm extapic cr8_legacy abm sse4a misalignsse 3dnowprefetch osvw ibs npt lbrv svm_lock
bogomips	: 4422.23
TLB size	: 1024 4K pages
clflush size	: 64
cache_alignment	: 64
address sizes	: 48 bits physical, 48 bits virtual
power management: ts ttp tm stc 100mhzsteps hwpstate

processor	: 7
vendor_id	: AuthenticAMD
cpu family	: 16
model		: 2
model name	: Quad-Core AMD Opteron(tm) Processor 2354
stepping	: 3
cpu MHz		: 2200.000
cache size	: 512 KB
physical id	: 1
siblings	: 4
core id		: 3
cpu cores	: 4
apicid		: 7
initial apicid	: 7
fpu		: yes
fpu_exception	: yes
cpuid level	: 5
wp		: yes
flags		: fpu vme de pse tsc msr pae mce cx8 apic sep mtrr pge mca cmov pat pse36 clflush mmx fxsr sse sse2 ht syscall nx mmxext fxsr_opt pdpe1gb rdtscp lm 3dnowext 3dnow constant_tsc rep_good nonstop_tsc extd_apicid pni monitor cx16 popcnt lahf_lm cmp_legacy svm extapic cr8_legacy abm sse4a misalignsse 3dnowprefetch osvw ibs npt lbrv svm_lock
bogomips	: 4422.23
TLB size	: 1024 4K pages
clflush size	: 64
cache_alignment	: 64
address sizes	: 48 bits physical, 48 bits virtual
power management: ts ttp tm stc 100mhzsteps hwpstate



Memory: 4k page, physical 16331612k(4926848k free), swap 8388604k(8388380k free)

vm_info: OpenJDK 64-Bit Server VM (23.25-b01) for linux-amd64 JRE (1.6.0_32-b32), built on Aug 21 2014 11:15:48 by "mockbuild" with gcc 4.4.7 20120313 (Red Hat 4.4.7-4)

time: Tue Sep 23 10:14:42 2014
elapsed time: 2 seconds

