#
# A fatal error has been detected by the Java Runtime Environment:
#
#  SIGBUS (0x7) at pc=0x00002ba79275d522, pid=15786, tid=47998711994112
#
# JRE version: 6.0_32-b32
# Java VM: OpenJDK 64-Bit Server VM (23.25-b01 mixed mode linux-amd64 compressed oops)
# Problematic frame:
# C  [libzip.so+0x4522]  ZIP_Lock+0x252
#
# Core dump written. Default location: /mmfs/automount/gpfs/homefs/sm/dw07r324/jobs/piterman.eq.macc.sp.ro.r/core or core.15786
#
# If you would like to submit a bug report, please include
# instructions how to reproduce the bug and visit:
#   http://icedtea.classpath.org/bugzilla
# The crash happened outside the Java Virtual Machine in native code.
# See problematic frame for where to report the bug.
#

---------------  T H R E A D  ---------------

Current thread (0x00002ba794008000):  JavaThread "main" [_thread_in_native, id=15787, stack(0x00002ba7921d9000,0x00002ba7922da000)]

siginfo:si_signo=SIGBUS: si_errno=0, si_code=2 (BUS_ADRERR), si_addr=0x00002ba7e23c6270

Registers:
RAX=0x00002ba7942f0120, RBX=0x00002ba7e23c6253, RCX=0x0000000000002000, RDX=0x00000000000024c1
RSP=0x00002ba7922d6470, RBP=0x00002ba7922d64b0, RSI=0x0000000000000003, RDI=0x0000000000000003
R8 =0x00002ba794000088, R9 =0x0000000000000001, R10=0x0000000000000040, R11=0x00002ba791a09660
R12=0x00002ba7942f0120, R13=0x00002ba7942d2ff0, R14=0x00002ba7922d6520, R15=0x00002ba7942f0120
RIP=0x00002ba79275d522, EFLAGS=0x0000000000010206, CSGSFS=0x0000000000000033, ERR=0x0000000000000004
  TRAPNO=0x000000000000000e

Top of Stack: (sp=0x00002ba7922d6470)
0x00002ba7922d6470:   00002ba79433ac10 00002ba79195305e
0x00002ba7922d6480:   00000000000004de 00002ba7942faa4c
0x00002ba7922d6490:   00002ba7942d2ff0 0000000039b1f8ac
0x00002ba7922d64a0:   00002ba7922d6520 000000000000003b
0x00002ba7922d64b0:   00002ba7922d6500 00002ba79275dae2
0x00002ba7922d64c0:   00002ba794008000 00002ba794319e90
0x00002ba7922d64d0:   00002ba7922d6540 00002ba7940081d8
0x00002ba7922d64e0:   00002ba7922d6520 000000000000003b
0x00002ba7922d64f0:   00002ba7922d69f8 00002ba7922d6520
0x00002ba7922d6500:   00002ba7922d6960 00002ba79275cae4
0x00002ba7922d6510:   0000003b01000000 00002ba7942d2ff0
0x00002ba7922d6520:   2f73657373616c63 727676732f67726f
0x00002ba7922d6530:   632f6c616f672f6c 75536f4e2f65726f
0x00002ba7922d6540:   7265666572506863 6563784565636e65
0x00002ba7922d6550:   6c632e6e6f697470 0000000400737361
0x00002ba7922d6560:   00002ba794008e70 00002ba794008e58
0x00002ba7922d6570:   00002ba7922d65a0 00002ba794008000
0x00002ba7922d6580:   00000000b5cc4b00 000000000000001a
0x00002ba7922d6590:   00002ba794008000 00000000b5cc4b00
0x00002ba7922d65a0:   00002ba7922d6600 00002ba79179d5f2
0x00002ba7922d65b0:   00002ba794008000 00002ba794008e58
0x00002ba7922d65c0:   00002ba794008000 00000067ffffffff
0x00002ba7922d65d0:   00002ba7922d6600 00000000000000bd
0x00002ba7922d65e0:   0000000000000000 00002ba794008000
0x00002ba7922d65f0:   00002ba7922d6600 00002ba700000000
0x00002ba7922d6600:   00000000b5cc8c58 00002b0000000061
0x00002ba7922d6610:   00002ba7000000a7 00000000eb6a6088
0x00002ba7922d6620:   00002ba7922d6620 00000000b5cc69cb
0x00002ba7922d6630:   00002ba7922d6680 00002ba794008e60
0x00002ba7922d6640:   0000000000000000 0000000000000001
0x00002ba7922d6650:   00002ba794008000 ffffffffffffffff
0x00002ba7922d6660:   00002ba7922d66d0 00002ba791759a03 

Instructions: (pc=0x00002ba79275d522)
0x00002ba79275d502:   00 00 00 00 00 48 c7 40 30 00 00 00 00 48 c7 40
0x00002ba79275d512:   28 00 00 00 00 8b 5b 04 49 2b 5d 28 49 03 5d 18
0x00002ba79275d522:   44 0f b6 73 1d 0f b6 43 1c 41 c1 e6 08 41 09 c6
0x00002ba79275d532:   0f b6 43 1e 88 45 ce 0f b6 43 1f 88 45 cf 0f b6 

Register to memory mapping:

RAX=0x00002ba7942f0120 is an unknown value
RBX=0x00002ba7e23c6253 is an unknown value
RCX=0x0000000000002000 is an unknown value
RDX=0x00000000000024c1 is an unknown value
RSP=0x00002ba7922d6470 is pointing into the stack for thread: 0x00002ba794008000
RBP=0x00002ba7922d64b0 is pointing into the stack for thread: 0x00002ba794008000
RSI=0x0000000000000003 is an unknown value
RDI=0x0000000000000003 is an unknown value
R8 =0x00002ba794000088 is an unknown value
R9 =0x0000000000000001 is an unknown value
R10=0x0000000000000040 is an unknown value
R11=0x00002ba791a09660: <offset 0x79f660> in /usr/lib/jvm/java-1.6.0-openjdk-1.6.0.0.x86_64/jre/lib/amd64/server/libjvm.so at 0x00002ba79126a000
R12=0x00002ba7942f0120 is an unknown value
R13=0x00002ba7942d2ff0 is an unknown value
R14=0x00002ba7922d6520 is pointing into the stack for thread: 0x00002ba794008000
R15=0x00002ba7942f0120 is an unknown value


Stack: [0x00002ba7921d9000,0x00002ba7922da000],  sp=0x00002ba7922d6470,  free space=1013k
Native frames: (J=compiled Java code, j=interpreted, Vv=VM code, C=native code)
C  [libzip.so+0x4522]  ZIP_Lock+0x252
C  [libzip.so+0x4ae2]  ZIP_GetEntry+0xc2
C  [libzip.so+0x3ae4]  Java_java_util_zip_ZipFile_getEntry+0xc4
j  java.util.zip.ZipFile.getEntry(JLjava/lang/String;Z)J+0
j  java.util.zip.ZipFile.getEntry(Ljava/lang/String;)Ljava/util/zip/ZipEntry;+31
j  java.util.jar.JarFile.getEntry(Ljava/lang/String;)Ljava/util/zip/ZipEntry;+2
j  sun.net.www.protocol.jar.URLJarFile.getEntry(Ljava/lang/String;)Ljava/util/zip/ZipEntry;+2
j  sun.net.www.protocol.jar.JarURLConnection.connect()V+62
j  sun.net.www.protocol.jar.JarURLConnection.getInputStream()Ljava/io/InputStream;+1
j  sun.misc.URLClassPath$Loader.getResource(Ljava/lang/String;Z)Lsun/misc/Resource;+48
j  sun.misc.URLClassPath.getResource(Ljava/lang/String;Z)Lsun/misc/Resource;+53
j  java.net.URLClassLoader$1.run()Ljava/lang/Object;+26
v  ~StubRoutines::call_stub
V  [libjvm.so+0x537e3e]  AsyncGetCallTrace+0xd776e
V  [libjvm.so+0x536ad8]  AsyncGetCallTrace+0xd6408
V  [libjvm.so+0x597140]  JVM_DoPrivileged+0x400
j  java.security.AccessController.doPrivileged(Ljava/security/PrivilegedExceptionAction;Ljava/security/AccessControlContext;)Ljava/lang/Object;+0
j  java.net.URLClassLoader.findClass(Ljava/lang/String;)Ljava/lang/Class;+13
j  org.java.plugin.standard.StandardPluginClassLoader.loadLocalClass(Ljava/lang/String;ZLorg/java/plugin/standard/StandardPluginClassLoader;)Ljava/lang/Class;+97
j  org.java.plugin.standard.StandardPluginClassLoader.loadClass(Ljava/lang/String;Z)Ljava/lang/Class;+62
j  java.lang.ClassLoader.loadClass(Ljava/lang/String;)Ljava/lang/Class;+3
v  ~StubRoutines::call_stub
V  [libjvm.so+0x537e3e]  AsyncGetCallTrace+0xd776e
V  [libjvm.so+0x537222]  AsyncGetCallTrace+0xd6b52
V  [libjvm.so+0x5372f4]  AsyncGetCallTrace+0xd6c24
V  [libjvm.so+0x80084b]  JVM_handle_linux_signal+0xdf19b
V  [libjvm.so+0x800e0c]  JVM_handle_linux_signal+0xdf75c
V  [libjvm.so+0x802733]  JVM_handle_linux_signal+0xe1083
V  [libjvm.so+0x85c66f]  JVM_handle_linux_signal+0x13afbf
V  [libjvm.so+0x86597c]  JVM_handle_linux_signal+0x1442cc
V  [libjvm.so+0x861908]  JVM_handle_linux_signal+0x140258
V  [libjvm.so+0x8649bd]  JVM_handle_linux_signal+0x14330d
V  [libjvm.so+0x864e53]  JVM_handle_linux_signal+0x1437a3
V  [libjvm.so+0x4f7406]  AsyncGetCallTrace+0x96d36
V  [libjvm.so+0x4fb05f]  AsyncGetCallTrace+0x9a98f
V  [libjvm.so+0x4fb92a]  AsyncGetCallTrace+0x9b25a
V  [libjvm.so+0x64b5f6]  JVM_RaiseSignal+0xadbd6
V  [libjvm.so+0x64f038]  JVM_RaiseSignal+0xb1618
V  [libjvm.so+0x52f660]  AsyncGetCallTrace+0xcef90
j  org.svvrl.goal.core.CorePlugin.initApplication(Lorg/java/plugin/util/ExtendedProperties;[Ljava/lang/String;)Lorg/java/plugin/boot/Application;+146
j  org.java.plugin.boot.DefaultApplicationInitializer.initApplication(Lorg/java/plugin/boot/BootErrorHandler;[Ljava/lang/String;)Lorg/java/plugin/boot/Application;+530
j  org.java.plugin.boot.Boot.initApplication(Lorg/java/plugin/boot/BootErrorHandler;Lorg/java/plugin/util/ExtendedProperties;[Ljava/lang/String;)Lorg/java/plugin/boot/Application;+157
j  org.java.plugin.boot.Boot.boot(Lorg/java/plugin/util/ExtendedProperties;ZLjava/lang/String;Lorg/java/plugin/boot/BootErrorHandler;[Ljava/lang/String;)Lorg/java/plugin/boot/Application;+338
j  org.java.plugin.boot.Boot.main([Ljava/lang/String;)V+162
v  ~StubRoutines::call_stub
V  [libjvm.so+0x537e3e]  AsyncGetCallTrace+0xd776e
V  [libjvm.so+0x536ad8]  AsyncGetCallTrace+0xd6408
V  [libjvm.so+0x5452a7]  JNI_CreateJavaVM+0x12e7
V  [libjvm.so+0x55a4eb]  JNI_CreateJavaVM+0x1652b
C  [java+0x374d]  JavaMain+0xd0d

Java frames: (J=compiled Java code, j=interpreted, Vv=VM code)
j  java.util.zip.ZipFile.getEntry(JLjava/lang/String;Z)J+0
j  java.util.zip.ZipFile.getEntry(Ljava/lang/String;)Ljava/util/zip/ZipEntry;+31
j  java.util.jar.JarFile.getEntry(Ljava/lang/String;)Ljava/util/zip/ZipEntry;+2
j  sun.net.www.protocol.jar.URLJarFile.getEntry(Ljava/lang/String;)Ljava/util/zip/ZipEntry;+2
j  sun.net.www.protocol.jar.JarURLConnection.connect()V+62
j  sun.net.www.protocol.jar.JarURLConnection.getInputStream()Ljava/io/InputStream;+1
j  sun.misc.URLClassPath$Loader.getResource(Ljava/lang/String;Z)Lsun/misc/Resource;+48
j  sun.misc.URLClassPath.getResource(Ljava/lang/String;Z)Lsun/misc/Resource;+53
j  java.net.URLClassLoader$1.run()Ljava/lang/Object;+26
v  ~StubRoutines::call_stub
j  java.security.AccessController.doPrivileged(Ljava/security/PrivilegedExceptionAction;Ljava/security/AccessControlContext;)Ljava/lang/Object;+0
j  java.net.URLClassLoader.findClass(Ljava/lang/String;)Ljava/lang/Class;+13
j  org.java.plugin.standard.StandardPluginClassLoader.loadLocalClass(Ljava/lang/String;ZLorg/java/plugin/standard/StandardPluginClassLoader;)Ljava/lang/Class;+97
j  org.java.plugin.standard.StandardPluginClassLoader.loadClass(Ljava/lang/String;Z)Ljava/lang/Class;+62
j  java.lang.ClassLoader.loadClass(Ljava/lang/String;)Ljava/lang/Class;+3
v  ~StubRoutines::call_stub
j  org.svvrl.goal.core.CorePlugin.initApplication(Lorg/java/plugin/util/ExtendedProperties;[Ljava/lang/String;)Lorg/java/plugin/boot/Application;+146
j  org.java.plugin.boot.DefaultApplicationInitializer.initApplication(Lorg/java/plugin/boot/BootErrorHandler;[Ljava/lang/String;)Lorg/java/plugin/boot/Application;+530
j  org.java.plugin.boot.Boot.initApplication(Lorg/java/plugin/boot/BootErrorHandler;Lorg/java/plugin/util/ExtendedProperties;[Ljava/lang/String;)Lorg/java/plugin/boot/Application;+157
j  org.java.plugin.boot.Boot.boot(Lorg/java/plugin/util/ExtendedProperties;ZLjava/lang/String;Lorg/java/plugin/boot/BootErrorHandler;[Ljava/lang/String;)Lorg/java/plugin/boot/Application;+338
j  org.java.plugin.boot.Boot.main([Ljava/lang/String;)V+162
v  ~StubRoutines::call_stub

---------------  P R O C E S S  ---------------

Java Threads: ( => current thread )
  0x00002ba794101800 JavaThread "Low Memory Detector" daemon [_thread_blocked, id=15802, stack(0x00002ba7e2194000,0x00002ba7e2295000)]
  0x00002ba7940ff000 JavaThread "C2 CompilerThread1" daemon [_thread_blocked, id=15801, stack(0x00002ba7e2093000,0x00002ba7e2194000)]
  0x00002ba7940fc800 JavaThread "C2 CompilerThread0" daemon [_thread_blocked, id=15800, stack(0x00002ba7e1f92000,0x00002ba7e2093000)]
  0x00002ba7940fa000 JavaThread "Signal Dispatcher" daemon [_thread_blocked, id=15799, stack(0x00002ba7e1e91000,0x00002ba7e1f92000)]
  0x00002ba7940ab800 JavaThread "Finalizer" daemon [_thread_blocked, id=15798, stack(0x00002ba7d0101000,0x00002ba7d0202000)]
  0x00002ba7940a9800 JavaThread "Reference Handler" daemon [_thread_blocked, id=15797, stack(0x00002ba7d0000000,0x00002ba7d0101000)]
=>0x00002ba794008000 JavaThread "main" [_thread_in_native, id=15787, stack(0x00002ba7921d9000,0x00002ba7922da000)]

Other Threads:
  0x00002ba79409a800 VMThread [stack: 0x00002ba7b4d91000,0x00002ba7b4e92000] [id=15796]
  0x00002ba79410c800 WatcherThread [stack: 0x00002ba7e2295000,0x00002ba7e2396000] [id=15803]

VM state:not at safepoint (normal execution)

VM Mutex/Monitor currently owned by a thread: None

Heap
 PSYoungGen      total 305856K, used 20977K [0x00000000eaab0000, 0x0000000100000000, 0x0000000100000000)
  eden space 262208K, 8% used [0x00000000eaab0000,0x00000000ebf2c418,0x00000000faac0000)
  from space 43648K, 0% used [0x00000000fd560000,0x00000000fd560000,0x0000000100000000)
  to   space 43648K, 0% used [0x00000000faac0000,0x00000000faac0000,0x00000000fd560000)
 ParOldGen       total 699072K, used 0K [0x00000000c0000000, 0x00000000eaab0000, 0x00000000eaab0000)
  object space 699072K, 0% used [0x00000000c0000000,0x00000000c0000000,0x00000000eaab0000)
 PSPermGen       total 21248K, used 6066K [0x00000000b5a00000, 0x00000000b6ec0000, 0x00000000c0000000)
  object space 21248K, 28% used [0x00000000b5a00000,0x00000000b5fecbf8,0x00000000b6ec0000)

Card table byte_map: [0x00002ba79b0c0000,0x00002ba79b314000] byte_map_base: 0x00002ba79ab13000

Polling page: 0x00002ba79271a000

Code Cache  [0x00002ba798000000, 0x00002ba798270000, 0x00002ba79b000000)
 total_blobs=314 nmethods=104 adapters=163 free_code_cache=48386Kb largest_free_block=49492480

Compilation events (10 events):
Event: 1.311 Thread 0x00002ba7940ff000 nmethod 99 0x00002ba79809e1d0 code [0x00002ba79809e320, 0x00002ba79809e558]
Event: 1.311 Thread 0x00002ba7940ff000  100             java.lang.AbstractStringBuilder::append (40 bytes)
Event: 1.313 Thread 0x00002ba7940ff000 nmethod 100 0x00002ba79809de50 code [0x00002ba79809dfa0, 0x00002ba79809e0a8]
Event: 1.313 Thread 0x00002ba7940ff000  101             org.java.plugin.registry.xml.ExtensionPointImpl$ParameterDefinitionImpl::getMultiplicity (8 bytes)
Event: 1.313 Thread 0x00002ba7940ff000 nmethod 101 0x00002ba798089fd0 code [0x00002ba79808a100, 0x00002ba79808a178]
Event: 1.313 Thread 0x00002ba7940ff000  102             org.java.plugin.registry.xml.ModelParameterDef::getMultiplicity (5 bytes)
Event: 1.313 Thread 0x00002ba7940ff000 nmethod 102 0x00002ba79809f0d0 code [0x00002ba79809f200, 0x00002ba79809f258]
Event: 1.657 Thread 0x00002ba7940fc800 nmethod 88 0x00002ba7980b5f10 code [0x00002ba7980b67a0, 0x00002ba7980bcb88]
Event: 1.953 Thread 0x00002ba7940ff000  103             java.io.UnixFileSystem::normalize (75 bytes)
Event: 1.958 Thread 0x00002ba7940ff000 nmethod 103 0x00002ba79809bfd0 code [0x00002ba79809c120, 0x00002ba79809c378]

GC Heap History (0 events):
No events

Deoptimization events (7 events):
Event: 0.280 Thread 0x00002ba794008000 Uncommon trap -34 fr.pc 0x00002ba79805ea30
Event: 0.281 Thread 0x00002ba794008000 Uncommon trap -34 fr.pc 0x00002ba79805ea30
Event: 0.382 Thread 0x00002ba794008000 Uncommon trap -12 fr.pc 0x00002ba7980652ec
Event: 0.996 Thread 0x00002ba794008000 Uncommon trap -58 fr.pc 0x00002ba79807cca0
Event: 0.996 Thread 0x00002ba794008000 Uncommon trap -58 fr.pc 0x00002ba79807cca0
Event: 0.996 Thread 0x00002ba794008000 Uncommon trap -58 fr.pc 0x00002ba79807cca0
Event: 0.996 Thread 0x00002ba794008000 Uncommon trap -58 fr.pc 0x00002ba79807cca0

Internal exceptions (10 events):
Event: 1.940 Thread 0x00002ba794008000 Threw 0x00000000eb661458 at /builddir/build/BUILD/icedtea6-1.13.4/openjdk/hotspot/src/share/vm/prims/jvm.cpp:1235
Event: 1.941 Thread 0x00002ba794008000 Threw 0x00000000eb665b18 at /builddir/build/BUILD/icedtea6-1.13.4/openjdk/hotspot/src/share/vm/classfile/systemDictionary.cpp:179
Event: 1.941 Thread 0x00002ba794008000 Threw 0x00000000eb665ee8 at /builddir/build/BUILD/icedtea6-1.13.4/openjdk/hotspot/src/share/vm/prims/jvm.cpp:1235
Event: 1.943 Thread 0x00002ba794008000 Threw 0x00000000eb66c0b0 at /builddir/build/BUILD/icedtea6-1.13.4/openjdk/hotspot/src/share/vm/classfile/systemDictionary.cpp:179
Event: 1.943 Thread 0x00002ba794008000 Threw 0x00000000eb66c3f0 at /builddir/build/BUILD/icedtea6-1.13.4/openjdk/hotspot/src/share/vm/prims/jvm.cpp:1235
Event: 1.943 Thread 0x00002ba794008000 Threw 0x00000000eb66c7e0 at /builddir/build/BUILD/icedtea6-1.13.4/openjdk/hotspot/src/share/vm/prims/jvm.cpp:1235
Event: 1.947 Thread 0x00002ba794008000 Threw 0x00000000eb683f30 at /builddir/build/BUILD/icedtea6-1.13.4/openjdk/hotspot/src/share/vm/classfile/systemDictionary.cpp:179
Event: 1.947 Thread 0x00002ba794008000 Threw 0x00000000eb684278 at /builddir/build/BUILD/icedtea6-1.13.4/openjdk/hotspot/src/share/vm/prims/jvm.cpp:1235
Event: 1.947 Thread 0x00002ba794008000 Threw 0x00000000eb6858d0 at /builddir/build/BUILD/icedtea6-1.13.4/openjdk/hotspot/src/share/vm/classfile/systemDictionary.cpp:179
Event: 1.947 Thread 0x00002ba794008000 Threw 0x00000000eb685c30 at /builddir/build/BUILD/icedtea6-1.13.4/openjdk/hotspot/src/share/vm/prims/jvm.cpp:1235

Events (10 events):
Event: 1.943 loading class 0x00002ba7942d32e0
Event: 1.943 loading class 0x00002ba7942d32e0 done
Event: 1.945 loading class 0x00002ba79411c720
Event: 1.945 loading class 0x00002ba79411c720 done
Event: 1.947 loading class 0x00002ba7941a7480
Event: 1.947 loading class 0x00002ba7941a7480 done
Event: 1.947 loading class 0x00002ba7941aa7a0
Event: 1.947 loading class 0x00002ba7941aa7a0 done
Event: 1.948 loading class 0x00002ba7940a5090
Event: 1.948 loading class 0x00002ba7940a5090 done


Dynamic libraries:
00400000-00409000 r-xp 00000000 fd:01 5993                               /usr/lib/jvm/java-1.6.0-openjdk-1.6.0.0.x86_64/jre/bin/java
00608000-0060a000 rw-p 00008000 fd:01 5993                               /usr/lib/jvm/java-1.6.0-openjdk-1.6.0.0.x86_64/jre/bin/java
02527000-02548000 rw-p 00000000 00:00 0                                  [heap]
b5a00000-b6ec0000 rw-p 00000000 00:00 0 
b6ec0000-c0000000 rw-p 00000000 00:00 0 
c0000000-100000000 rw-p 00000000 00:00 0 
364f800000-364f820000 r-xp 00000000 fd:01 130582                         /lib64/ld-2.12.so
364fa1f000-364fa20000 r--p 0001f000 fd:01 130582                         /lib64/ld-2.12.so
364fa20000-364fa21000 rw-p 00020000 fd:01 130582                         /lib64/ld-2.12.so
364fa21000-364fa22000 rw-p 00000000 00:00 0 
364fc00000-364fd8a000 r-xp 00000000 fd:01 130613                         /lib64/libc-2.12.so
364fd8a000-364ff8a000 ---p 0018a000 fd:01 130613                         /lib64/libc-2.12.so
364ff8a000-364ff8e000 r--p 0018a000 fd:01 130613                         /lib64/libc-2.12.so
364ff8e000-364ff8f000 rw-p 0018e000 fd:01 130613                         /lib64/libc-2.12.so
364ff8f000-364ff94000 rw-p 00000000 00:00 0 
3650000000-3650004000 r-xp 00000000 fd:01 13573                          /usr/lib/jvm/java-1.6.0-openjdk-1.6.0.0.x86_64/jre/lib/amd64/jli/libjli.so
3650004000-3650203000 ---p 00004000 fd:01 13573                          /usr/lib/jvm/java-1.6.0-openjdk-1.6.0.0.x86_64/jre/lib/amd64/jli/libjli.so
3650203000-3650204000 rw-p 00003000 fd:01 13573                          /usr/lib/jvm/java-1.6.0-openjdk-1.6.0.0.x86_64/jre/lib/amd64/jli/libjli.so
3650400000-3650417000 r-xp 00000000 fd:01 130636                         /lib64/libpthread-2.12.so
3650417000-3650617000 ---p 00017000 fd:01 130636                         /lib64/libpthread-2.12.so
3650617000-3650618000 r--p 00017000 fd:01 130636                         /lib64/libpthread-2.12.so
3650618000-3650619000 rw-p 00018000 fd:01 130636                         /lib64/libpthread-2.12.so
3650619000-365061d000 rw-p 00000000 00:00 0 
3650800000-3650802000 r-xp 00000000 fd:01 130624                         /lib64/libdl-2.12.so
3650802000-3650a02000 ---p 00002000 fd:01 130624                         /lib64/libdl-2.12.so
3650a02000-3650a03000 r--p 00002000 fd:01 130624                         /lib64/libdl-2.12.so
3650a03000-3650a04000 rw-p 00003000 fd:01 130624                         /lib64/libdl-2.12.so
3650c00000-3650c15000 r-xp 00000000 fd:01 130638                         /lib64/libz.so.1.2.3
3650c15000-3650e14000 ---p 00015000 fd:01 130638                         /lib64/libz.so.1.2.3
3650e14000-3650e15000 r--p 00014000 fd:01 130638                         /lib64/libz.so.1.2.3
3650e15000-3650e16000 rw-p 00015000 fd:01 130638                         /lib64/libz.so.1.2.3
3651000000-3651007000 r-xp 00000000 fd:01 132701                         /lib64/librt-2.12.so
3651007000-3651206000 ---p 00007000 fd:01 132701                         /lib64/librt-2.12.so
3651206000-3651207000 r--p 00006000 fd:01 132701                         /lib64/librt-2.12.so
3651207000-3651208000 rw-p 00007000 fd:01 132701                         /lib64/librt-2.12.so
3651800000-3651816000 r-xp 00000000 fd:01 133662                         /lib64/libgcc_s-4.4.7-20120601.so.1
3651816000-3651a15000 ---p 00016000 fd:01 133662                         /lib64/libgcc_s-4.4.7-20120601.so.1
3651a15000-3651a16000 rw-p 00015000 fd:01 133662                         /lib64/libgcc_s-4.4.7-20120601.so.1
3653000000-36530e8000 r-xp 00000000 fd:01 49938                          /usr/lib64/libstdc++.so.6.0.13
36530e8000-36532e8000 ---p 000e8000 fd:01 49938                          /usr/lib64/libstdc++.so.6.0.13
36532e8000-36532ef000 r--p 000e8000 fd:01 49938                          /usr/lib64/libstdc++.so.6.0.13
36532ef000-36532f1000 rw-p 000ef000 fd:01 49938                          /usr/lib64/libstdc++.so.6.0.13
36532f1000-3653306000 rw-p 00000000 00:00 0 
365c200000-365c216000 r-xp 00000000 fd:01 137559                         /lib64/libnsl-2.12.so
365c216000-365c415000 ---p 00016000 fd:01 137559                         /lib64/libnsl-2.12.so
365c415000-365c416000 r--p 00015000 fd:01 137559                         /lib64/libnsl-2.12.so
365c416000-365c417000 rw-p 00016000 fd:01 137559                         /lib64/libnsl-2.12.so
365c417000-365c419000 rw-p 00000000 00:00 0 
2ba79124f000-2ba791250000 rw-p 00000000 00:00 0 
2ba791266000-2ba79126a000 rw-p 00000000 00:00 0 
2ba79126a000-2ba791c75000 r-xp 00000000 fd:01 23213                      /usr/lib/jvm/java-1.6.0-openjdk-1.6.0.0.x86_64/jre/lib/amd64/server/libjvm.so
2ba791c75000-2ba791e75000 ---p 00a0b000 fd:01 23213                      /usr/lib/jvm/java-1.6.0-openjdk-1.6.0.0.x86_64/jre/lib/amd64/server/libjvm.so
2ba791e75000-2ba791f16000 rw-p 00a0b000 fd:01 23213                      /usr/lib/jvm/java-1.6.0-openjdk-1.6.0.0.x86_64/jre/lib/amd64/server/libjvm.so
2ba791f16000-2ba791f3f000 rw-p 00000000 00:00 0 
2ba791f55000-2ba791fd8000 r-xp 00000000 fd:01 130627                     /lib64/libm-2.12.so
2ba791fd8000-2ba7921d7000 ---p 00083000 fd:01 130627                     /lib64/libm-2.12.so
2ba7921d7000-2ba7921d8000 r--p 00082000 fd:01 130627                     /lib64/libm-2.12.so
2ba7921d8000-2ba7921d9000 rw-p 00083000 fd:01 130627                     /lib64/libm-2.12.so
2ba7921d9000-2ba7921dc000 ---p 00000000 00:00 0 
2ba7921dc000-2ba7922da000 rw-p 00000000 00:00 0 
2ba7922da000-2ba7922e8000 r-xp 00000000 fd:01 23207                      /usr/lib/jvm/java-1.6.0-openjdk-1.6.0.0.x86_64/jre/lib/amd64/libverify.so
2ba7922e8000-2ba7924e8000 ---p 0000e000 fd:01 23207                      /usr/lib/jvm/java-1.6.0-openjdk-1.6.0.0.x86_64/jre/lib/amd64/libverify.so
2ba7924e8000-2ba7924ea000 rw-p 0000e000 fd:01 23207                      /usr/lib/jvm/java-1.6.0-openjdk-1.6.0.0.x86_64/jre/lib/amd64/libverify.so
2ba7924ea000-2ba792517000 r-xp 00000000 fd:01 23159                      /usr/lib/jvm/java-1.6.0-openjdk-1.6.0.0.x86_64/jre/lib/amd64/libjava.so
2ba792517000-2ba792716000 ---p 0002d000 fd:01 23159                      /usr/lib/jvm/java-1.6.0-openjdk-1.6.0.0.x86_64/jre/lib/amd64/libjava.so
2ba792716000-2ba79271a000 rw-p 0002c000 fd:01 23159                      /usr/lib/jvm/java-1.6.0-openjdk-1.6.0.0.x86_64/jre/lib/amd64/libjava.so
2ba79271a000-2ba79271b000 r--p 00000000 00:00 0 
2ba79271b000-2ba79271c000 rw-p 00000000 00:00 0 
2ba79271c000-2ba792751000 r--s 00000000 fd:02 128540                     /var/db/nscd/passwd
2ba792751000-2ba792759000 rw-s 00000000 fd:03 38                         /tmp/hsperfdata_dw07r324/15786
2ba792759000-2ba792760000 r-xp 00000000 fd:01 23208                      /usr/lib/jvm/java-1.6.0-openjdk-1.6.0.0.x86_64/jre/lib/amd64/libzip.so
2ba792760000-2ba792960000 ---p 00007000 fd:01 23208                      /usr/lib/jvm/java-1.6.0-openjdk-1.6.0.0.x86_64/jre/lib/amd64/libzip.so
2ba792960000-2ba792961000 rw-p 00007000 fd:01 23208                      /usr/lib/jvm/java-1.6.0-openjdk-1.6.0.0.x86_64/jre/lib/amd64/libzip.so
2ba794000000-2ba79433c000 rw-p 00000000 00:00 0 
2ba79433c000-2ba798000000 ---p 00000000 00:00 0 
2ba798000000-2ba798270000 rwxp 00000000 00:00 0 
2ba798270000-2ba79b000000 rw-p 00000000 00:00 0 
2ba79b000000-2ba79b00a000 rw-p 00000000 00:00 0 
2ba79b00a000-2ba79b0c0000 rw-p 00000000 00:00 0 
2ba79b0c0000-2ba79b0cb000 rw-p 00000000 00:00 0 
2ba79b0cb000-2ba79b113000 rw-p 00000000 00:00 0 
2ba79b113000-2ba79b475000 rw-p 00000000 00:00 0 
2ba79b475000-2ba79b4bd000 rw-p 00000000 00:00 0 
2ba79b4bd000-2ba79b4be000 ---p 00000000 00:00 0 
2ba79b4be000-2ba79b5be000 rw-p 00000000 00:00 0 
2ba79b5be000-2ba79b5bf000 ---p 00000000 00:00 0 
2ba79b5bf000-2ba79b6bf000 rw-p 00000000 00:00 0 
2ba79b6bf000-2ba79b6c0000 ---p 00000000 00:00 0 
2ba79b6c0000-2ba79b7c0000 rw-p 00000000 00:00 0 
2ba79b7c0000-2ba79b7c1000 ---p 00000000 00:00 0 
2ba79b7c1000-2ba79b8c1000 rw-p 00000000 00:00 0 
2ba79b8c1000-2ba79b8c2000 ---p 00000000 00:00 0 
2ba79b8c2000-2ba79b9c2000 rw-p 00000000 00:00 0 
2ba79b9c2000-2ba79b9c3000 ---p 00000000 00:00 0 
2ba79b9c3000-2ba79bac3000 rw-p 00000000 00:00 0 
2ba79bac3000-2ba79bac4000 ---p 00000000 00:00 0 
2ba79bac4000-2ba79bbc4000 rw-p 00000000 00:00 0 
2ba79bbc4000-2ba79bbc5000 ---p 00000000 00:00 0 
2ba79bbc5000-2ba79bcc5000 rw-p 00000000 00:00 0 
2ba79c000000-2ba79c021000 rw-p 00000000 00:00 0 
2ba79c021000-2ba7a0000000 ---p 00000000 00:00 0 
2ba7a0000000-2ba7a0021000 rw-p 00000000 00:00 0 
2ba7a0021000-2ba7a4000000 ---p 00000000 00:00 0 
2ba7a4000000-2ba7a4021000 rw-p 00000000 00:00 0 
2ba7a4021000-2ba7a8000000 ---p 00000000 00:00 0 
2ba7a8000000-2ba7a8021000 rw-p 00000000 00:00 0 
2ba7a8021000-2ba7ac000000 ---p 00000000 00:00 0 
2ba7ac000000-2ba7aeea4000 rw-p 00000000 00:00 0 
2ba7aeea4000-2ba7af03a000 r--s 01a15000 fd:01 23288                      /usr/lib/jvm/java-1.6.0-openjdk-1.6.0.0.x86_64/jre/lib/rt.jar
2ba7af03a000-2ba7aff20000 rw-p 00000000 00:00 0 
2ba7b0000000-2ba7b0021000 rw-p 00000000 00:00 0 
2ba7b0021000-2ba7b4000000 ---p 00000000 00:00 0 
2ba7b4000000-2ba7b4d91000 rw-p 00000000 00:00 0 
2ba7b4d91000-2ba7b4d92000 ---p 00000000 00:00 0 
2ba7b4d92000-2ba7b4e92000 rw-p 00000000 00:00 0 
2ba7b8000000-2ba7b8021000 rw-p 00000000 00:00 0 
2ba7b8021000-2ba7bc000000 ---p 00000000 00:00 0 
2ba7c0000000-2ba7c0021000 rw-p 00000000 00:00 0 
2ba7c0021000-2ba7c4000000 ---p 00000000 00:00 0 
2ba7c8000000-2ba7c8021000 rw-p 00000000 00:00 0 
2ba7c8021000-2ba7cc000000 ---p 00000000 00:00 0 
2ba7cc000000-2ba7cc021000 rw-p 00000000 00:00 0 
2ba7cc021000-2ba7d0000000 ---p 00000000 00:00 0 
2ba7d0000000-2ba7d0003000 ---p 00000000 00:00 0 
2ba7d0003000-2ba7d0101000 rw-p 00000000 00:00 0 
2ba7d0101000-2ba7d0104000 ---p 00000000 00:00 0 
2ba7d0104000-2ba7d0202000 rw-p 00000000 00:00 0 
2ba7d4000000-2ba7d4021000 rw-p 00000000 00:00 0 
2ba7d4021000-2ba7d8000000 ---p 00000000 00:00 0 
2ba7d8000000-2ba7d8021000 rw-p 00000000 00:00 0 
2ba7d8021000-2ba7dc000000 ---p 00000000 00:00 0 
2ba7dc000000-2ba7e1e91000 r--p 00000000 fd:01 49935                      /usr/lib/locale/locale-archive
2ba7e1e91000-2ba7e1e94000 ---p 00000000 00:00 0 
2ba7e1e94000-2ba7e1f92000 rw-p 00000000 00:00 0 
2ba7e1f92000-2ba7e1f95000 ---p 00000000 00:00 0 
2ba7e1f95000-2ba7e2093000 rw-p 00000000 00:00 0 
2ba7e2093000-2ba7e2096000 ---p 00000000 00:00 0 
2ba7e2096000-2ba7e2194000 rw-p 00000000 00:00 0 
2ba7e2194000-2ba7e2197000 ---p 00000000 00:00 0 
2ba7e2197000-2ba7e2295000 rw-p 00000000 00:00 0 
2ba7e2295000-2ba7e2296000 ---p 00000000 00:00 0 
2ba7e2296000-2ba7e2396000 rw-p 00000000 00:00 0 
2ba7e2396000-2ba7e2398000 r--s 00009000 00:35 125760574                  /mmfs/automount/gpfs/homefs/sm/dw07r324/bin/GOAL-20140808/lib/jpf-boot.jar
2ba7e2398000-2ba7e239b000 r--s 0000f000 fd:01 23233                      /usr/lib/jvm/java-1.6.0-openjdk-1.6.0.0.x86_64/jre/lib/ext/pulse-java.jar
2ba7e239b000-2ba7e23a4000 r--s 00065000 fd:01 23228                      /usr/lib/jvm/java-1.6.0-openjdk-1.6.0.0.x86_64/jre/lib/ext/gnome-java-bridge.jar
2ba7e23a4000-2ba7e23a6000 r--s 00009000 00:35 125760574                  /mmfs/automount/gpfs/homefs/sm/dw07r324/bin/GOAL-20140808/lib/jpf-boot.jar
2ba7e23a6000-2ba7e23aa000 r--s 0003c000 fd:01 14238                      /usr/lib/jvm/java-1.6.0-openjdk-1.6.0.0.x86_64/jre/lib/jsse.jar
2ba7e23aa000-2ba7e23af000 r--s 0002d000 00:35 125760577                  /mmfs/automount/gpfs/homefs/sm/dw07r324/bin/GOAL-20140808/lib/jpf.jar
2ba7e23af000-2ba7e23b1000 r--s 0000d000 00:35 125760571                  /mmfs/automount/gpfs/homefs/sm/dw07r324/bin/GOAL-20140808/lib/commons-logging.jar
2ba7e23b1000-2ba7e23b3000 r--s 00012000 00:35 125760576                  /mmfs/automount/gpfs/homefs/sm/dw07r324/bin/GOAL-20140808/lib/jpf-tools.jar
2ba7e23b3000-2ba7e23ba000 r--s 00039000 00:35 125760578                  /mmfs/automount/gpfs/homefs/sm/dw07r324/bin/GOAL-20140808/lib/jxp.jar
2ba7e23ba000-2ba7e23bc000 r--s 00004000 00:35 125760570                  /mmfs/automount/gpfs/homefs/sm/dw07r324/bin/GOAL-20140808/lib/AppleJavaExtensions.jar
2ba7e23bc000-2ba7e23c1000 r--s 0002a000 00:35 125760572                  /mmfs/automount/gpfs/homefs/sm/dw07r324/bin/GOAL-20140808/lib/gson-2.2.2.jar
2ba7e23c1000-2ba7e23c4000 r--s 0001a000 00:35 125760579                  /mmfs/automount/gpfs/homefs/sm/dw07r324/bin/GOAL-20140808/lib/minijdd_104.jar
2ba7e23c4000-2ba7e23e7000 r--s 0022d000 00:35 91859130                   /mmfs/automount/gpfs/homefs/sm/dw07r324/bin/GOAL-20140808/.jpf-shadow/org.svvrl.goal.core@2014.8.8.zip
2ba7e23e7000-2ba7e23e9000 rw-p 00000000 00:00 0 
2ba7e4000000-2ba7e4021000 rw-p 00000000 00:00 0 
2ba7e4021000-2ba7e8000000 ---p 00000000 00:00 0 
2ba7e8000000-2ba7e92bd000 rw-p 00000000 00:00 0 
2ba7e92bd000-2ba7ec000000 ---p 00000000 00:00 0 
2ba7ec000000-2ba7ecce1000 rw-p 00000000 00:00 0 
2ba7ecce1000-2ba7f0000000 ---p 00000000 00:00 0 
2ba7f0000000-2ba7f0021000 rw-p 00000000 00:00 0 
2ba7f0021000-2ba7f4000000 ---p 00000000 00:00 0 
2ba7f4000000-2ba7f4021000 rw-p 00000000 00:00 0 
2ba7f4021000-2ba7f8000000 ---p 00000000 00:00 0 
7ffff153f000-7ffff1575000 rw-p 00000000 00:00 0                          [stack]
7ffff15fc000-7ffff15fd000 r-xp 00000000 00:00 0                          [vdso]
ffffffffff600000-ffffffffff601000 r-xp 00000000 00:00 0                  [vsyscall]

VM Arguments:
jvm_args: -Xmx1G -Xms1G -DapplicationRoot=/home/ubelix/sm/dw07r324/bin/GOAL-20140808 -Dorg.java.plugin.boot.pluginsRepositories=/home/ubelix/sm/dw07r324/bin/GOAL-20140808/plugins -Djpf.boot.config=/home/ubelix/sm/dw07r324/bin/GOAL-20140808/boot.properties -Dorg.apache.commons.logging.Log=org.apache.commons.logging.impl.SimpleLog -Dorg.apache.commons.logging.simplelog.log.org.java.plugin=fatal 
java_command: /home/ubelix/sm/dw07r324/bin/GOAL-20140808/lib/jpf-boot.jar complement -m piterman -eq -macc -sp -ro -r /scratch/local/8663605.1.all.q/test_set_s15/s15_t2.2_a0.9_027.gff
Launcher Type: SUN_STANDARD

Environment Variables:
CLASSPATH=/home/ubelix/sm/dw07r324/bin/GOAL-20140808:/home/ubelix/sm/dw07r324/bin/GOAL-20140808/plugins:/home/ubelix/sm/dw07r324/bin/GOAL-20140808/lib:
PATH=/scratch/local/8663605.1.all.q:/usr/lib64/qt-3.3/bin:/usr/local/bin:/bin:/usr/bin:/usr/local/sbin:/usr/sbin:/sbin:/usr/lpp/mmfs/bin:/home/ubelix/sm/dw07r324/bin/GOAL-20140808:/home/ubelix/sm/dw07r324/bin/gnu_time/bin:/usr/lpp/mmfs/bin
LD_LIBRARY_PATH=/usr/lib/jvm/java-1.6.0-openjdk-1.6.0.0.x86_64/jre/lib/amd64/server:/usr/lib/jvm/java-1.6.0-openjdk-1.6.0.0.x86_64/jre/lib/amd64:/usr/lib/jvm/java-1.6.0-openjdk-1.6.0.0.x86_64/jre/../lib/amd64
SHELL=/bin/bash

Signal Handlers:
SIGSEGV: [libjvm.so+0x870a40], sa_mask[0]=0x7ffbfeff, sa_flags=0x10000004
SIGBUS: [libjvm.so+0x870a40], sa_mask[0]=0x7ffbfeff, sa_flags=0x10000004
SIGFPE: [libjvm.so+0x719240], sa_mask[0]=0x7ffbfeff, sa_flags=0x10000004
SIGPIPE: [libjvm.so+0x719240], sa_mask[0]=0x7ffbfeff, sa_flags=0x10000004
SIGXFSZ: [libjvm.so+0x719240], sa_mask[0]=0x7ffbfeff, sa_flags=0x10000004
SIGILL: [libjvm.so+0x719240], sa_mask[0]=0x7ffbfeff, sa_flags=0x10000004
SIGUSR1: SIG_DFL, sa_mask[0]=0x00000000, sa_flags=0x00000000
SIGUSR2: [libjvm.so+0x718d60], sa_mask[0]=0x00000000, sa_flags=0x10000004
SIGHUP: [libjvm.so+0x71bdf0], sa_mask[0]=0x7ffbfeff, sa_flags=0x10000004
SIGINT: [libjvm.so+0x71bdf0], sa_mask[0]=0x7ffbfeff, sa_flags=0x10000004
SIGTERM: [libjvm.so+0x71bdf0], sa_mask[0]=0x7ffbfeff, sa_flags=0x10000004
SIGQUIT: [libjvm.so+0x71bdf0], sa_mask[0]=0x7ffbfeff, sa_flags=0x10000004


---------------  S Y S T E M  ---------------

OS:Red Hat Enterprise Linux ComputeNode release 6.5 (Santiago)

uname:Linux 2.6.32-431.29.2.el6.x86_64 #1 SMP Sun Jul 27 15:55:46 EDT 2014 x86_64
libc:glibc 2.12 NPTL 2.12 
rlimit: STACK infinity, CORE infinity, NPROC 127431, NOFILE 4096, AS 8388608k
load average:3.31 3.54 3.79

/proc/meminfo:
MemTotal:       16331612 kB
MemFree:         4971404 kB
Buffers:           12840 kB
Cached:          6196076 kB
SwapCached:           88 kB
Active:          2790268 kB
Inactive:        3878536 kB
Active(anon):     396640 kB
Inactive(anon):    63452 kB
Active(file):    2393628 kB
Inactive(file):  3815084 kB
Unevictable:     4082900 kB
Mlocked:         4082900 kB
SwapTotal:       8388604 kB
SwapFree:        8388380 kB
Dirty:                68 kB
Writeback:             0 kB
AnonPages:       4542904 kB
Mapped:           119252 kB
Shmem:               192 kB
Slab:             381864 kB
SReclaimable:     314752 kB
SUnreclaim:        67112 kB
KernelStack:        4704 kB
PageTables:        16568 kB
NFS_Unstable:          0 kB
Bounce:                0 kB
WritebackTmp:          0 kB
CommitLimit:    16554408 kB
Committed_AS:    6812176 kB
VmallocTotal:   34359738367 kB
VmallocUsed:      109412 kB
VmallocChunk:   34351234244 kB
HardwareCorrupted:     0 kB
AnonHugePages:         0 kB
HugePages_Total:       0
HugePages_Free:        0
HugePages_Rsvd:        0
HugePages_Surp:        0
Hugepagesize:       2048 kB
DirectMap4k:        9920 kB
DirectMap2M:     2086912 kB
DirectMap1G:    14680064 kB


CPU:total 8 (4 cores per cpu, 1 threads per core) family 16 model 2 stepping 3, cmov, cx8, fxsr, mmx, sse, sse2, sse3, popcnt, mmxext, 3dnowpref, lzcnt, sse4a, tsc, tscinvbit, tscinv

/proc/cpuinfo:
processor	: 0
vendor_id	: AuthenticAMD
cpu family	: 16
model		: 2
model name	: Quad-Core AMD Opteron(tm) Processor 2354
stepping	: 3
cpu MHz		: 2200.000
cache size	: 512 KB
physical id	: 0
siblings	: 4
core id		: 0
cpu cores	: 4
apicid		: 0
initial apicid	: 0
fpu		: yes
fpu_exception	: yes
cpuid level	: 5
wp		: yes
flags		: fpu vme de pse tsc msr pae mce cx8 apic sep mtrr pge mca cmov pat pse36 clflush mmx fxsr sse sse2 ht syscall nx mmxext fxsr_opt pdpe1gb rdtscp lm 3dnowext 3dnow constant_tsc rep_good nonstop_tsc extd_apicid pni monitor cx16 popcnt lahf_lm cmp_legacy svm extapic cr8_legacy abm sse4a misalignsse 3dnowprefetch osvw ibs npt lbrv svm_lock
bogomips	: 4422.88
TLB size	: 1024 4K pages
clflush size	: 64
cache_alignment	: 64
address sizes	: 48 bits physical, 48 bits virtual
power management: ts ttp tm stc 100mhzsteps hwpstate

processor	: 1
vendor_id	: AuthenticAMD
cpu family	: 16
model		: 2
model name	: Quad-Core AMD Opteron(tm) Processor 2354
stepping	: 3
cpu MHz		: 2200.000
cache size	: 512 KB
physical id	: 0
siblings	: 4
core id		: 1
cpu cores	: 4
apicid		: 1
initial apicid	: 1
fpu		: yes
fpu_exception	: yes
cpuid level	: 5
wp		: yes
flags		: fpu vme de pse tsc msr pae mce cx8 apic sep mtrr pge mca cmov pat pse36 clflush mmx fxsr sse sse2 ht syscall nx mmxext fxsr_opt pdpe1gb rdtscp lm 3dnowext 3dnow constant_tsc rep_good nonstop_tsc extd_apicid pni monitor cx16 popcnt lahf_lm cmp_legacy svm extapic cr8_legacy abm sse4a misalignsse 3dnowprefetch osvw ibs npt lbrv svm_lock
bogomips	: 4422.88
TLB size	: 1024 4K pages
clflush size	: 64
cache_alignment	: 64
address sizes	: 48 bits physical, 48 bits virtual
power management: ts ttp tm stc 100mhzsteps hwpstate

processor	: 2
vendor_id	: AuthenticAMD
cpu family	: 16
model		: 2
model name	: Quad-Core AMD Opteron(tm) Processor 2354
stepping	: 3
cpu MHz		: 2200.000
cache size	: 512 KB
physical id	: 0
siblings	: 4
core id		: 2
cpu cores	: 4
apicid		: 2
initial apicid	: 2
fpu		: yes
fpu_exception	: yes
cpuid level	: 5
wp		: yes
flags		: fpu vme de pse tsc msr pae mce cx8 apic sep mtrr pge mca cmov pat pse36 clflush mmx fxsr sse sse2 ht syscall nx mmxext fxsr_opt pdpe1gb rdtscp lm 3dnowext 3dnow constant_tsc rep_good nonstop_tsc extd_apicid pni monitor cx16 popcnt lahf_lm cmp_legacy svm extapic cr8_legacy abm sse4a misalignsse 3dnowprefetch osvw ibs npt lbrv svm_lock
bogomips	: 4422.88
TLB size	: 1024 4K pages
clflush size	: 64
cache_alignment	: 64
address sizes	: 48 bits physical, 48 bits virtual
power management: ts ttp tm stc 100mhzsteps hwpstate

processor	: 3
vendor_id	: AuthenticAMD
cpu family	: 16
model		: 2
model name	: Quad-Core AMD Opteron(tm) Processor 2354
stepping	: 3
cpu MHz		: 2200.000
cache size	: 512 KB
physical id	: 0
siblings	: 4
core id		: 3
cpu cores	: 4
apicid		: 3
initial apicid	: 3
fpu		: yes
fpu_exception	: yes
cpuid level	: 5
wp		: yes
flags		: fpu vme de pse tsc msr pae mce cx8 apic sep mtrr pge mca cmov pat pse36 clflush mmx fxsr sse sse2 ht syscall nx mmxext fxsr_opt pdpe1gb rdtscp lm 3dnowext 3dnow constant_tsc rep_good nonstop_tsc extd_apicid pni monitor cx16 popcnt lahf_lm cmp_legacy svm extapic cr8_legacy abm sse4a misalignsse 3dnowprefetch osvw ibs npt lbrv svm_lock
bogomips	: 4422.88
TLB size	: 1024 4K pages
clflush size	: 64
cache_alignment	: 64
address sizes	: 48 bits physical, 48 bits virtual
power management: ts ttp tm stc 100mhzsteps hwpstate

processor	: 4
vendor_id	: AuthenticAMD
cpu family	: 16
model		: 2
model name	: Quad-Core AMD Opteron(tm) Processor 2354
stepping	: 3
cpu MHz		: 2200.000
cache size	: 512 KB
physical id	: 1
siblings	: 4
core id		: 0
cpu cores	: 4
apicid		: 4
initial apicid	: 4
fpu		: yes
fpu_exception	: yes
cpuid level	: 5
wp		: yes
flags		: fpu vme de pse tsc msr pae mce cx8 apic sep mtrr pge mca cmov pat pse36 clflush mmx fxsr sse sse2 ht syscall nx mmxext fxsr_opt pdpe1gb rdtscp lm 3dnowext 3dnow constant_tsc rep_good nonstop_tsc extd_apicid pni monitor cx16 popcnt lahf_lm cmp_legacy svm extapic cr8_legacy abm sse4a misalignsse 3dnowprefetch osvw ibs npt lbrv svm_lock
bogomips	: 4422.23
TLB size	: 1024 4K pages
clflush size	: 64
cache_alignment	: 64
address sizes	: 48 bits physical, 48 bits virtual
power management: ts ttp tm stc 100mhzsteps hwpstate

processor	: 5
vendor_id	: AuthenticAMD
cpu family	: 16
model		: 2
model name	: Quad-Core AMD Opteron(tm) Processor 2354
stepping	: 3
cpu MHz		: 2200.000
cache size	: 512 KB
physical id	: 1
siblings	: 4
core id		: 1
cpu cores	: 4
apicid		: 5
initial apicid	: 5
fpu		: yes
fpu_exception	: yes
cpuid level	: 5
wp		: yes
flags		: fpu vme de pse tsc msr pae mce cx8 apic sep mtrr pge mca cmov pat pse36 clflush mmx fxsr sse sse2 ht syscall nx mmxext fxsr_opt pdpe1gb rdtscp lm 3dnowext 3dnow constant_tsc rep_good nonstop_tsc extd_apicid pni monitor cx16 popcnt lahf_lm cmp_legacy svm extapic cr8_legacy abm sse4a misalignsse 3dnowprefetch osvw ibs npt lbrv svm_lock
bogomips	: 4422.23
TLB size	: 1024 4K pages
clflush size	: 64
cache_alignment	: 64
address sizes	: 48 bits physical, 48 bits virtual
power management: ts ttp tm stc 100mhzsteps hwpstate

processor	: 6
vendor_id	: AuthenticAMD
cpu family	: 16
model		: 2
model name	: Quad-Core AMD Opteron(tm) Processor 2354
stepping	: 3
cpu MHz		: 2200.000
cache size	: 512 KB
physical id	: 1
siblings	: 4
core id		: 2
cpu cores	: 4
apicid		: 6
initial apicid	: 6
fpu		: yes
fpu_exception	: yes
cpuid level	: 5
wp		: yes
flags		: fpu vme de pse tsc msr pae mce cx8 apic sep mtrr pge mca cmov pat pse36 clflush mmx fxsr sse sse2 ht syscall nx mmxext fxsr_opt pdpe1gb rdtscp lm 3dnowext 3dnow constant_tsc rep_good nonstop_tsc extd_apicid pni monitor cx16 popcnt lahf_lm cmp_legacy svm extapic cr8_legacy abm sse4a misalignsse 3dnowprefetch osvw ibs npt lbrv svm_lock
bogomips	: 4422.23
TLB size	: 1024 4K pages
clflush size	: 64
cache_alignment	: 64
address sizes	: 48 bits physical, 48 bits virtual
power management: ts ttp tm stc 100mhzsteps hwpstate

processor	: 7
vendor_id	: AuthenticAMD
cpu family	: 16
model		: 2
model name	: Quad-Core AMD Opteron(tm) Processor 2354
stepping	: 3
cpu MHz		: 2200.000
cache size	: 512 KB
physical id	: 1
siblings	: 4
core id		: 3
cpu cores	: 4
apicid		: 7
initial apicid	: 7
fpu		: yes
fpu_exception	: yes
cpuid level	: 5
wp		: yes
flags		: fpu vme de pse tsc msr pae mce cx8 apic sep mtrr pge mca cmov pat pse36 clflush mmx fxsr sse sse2 ht syscall nx mmxext fxsr_opt pdpe1gb rdtscp lm 3dnowext 3dnow constant_tsc rep_good nonstop_tsc extd_apicid pni monitor cx16 popcnt lahf_lm cmp_legacy svm extapic cr8_legacy abm sse4a misalignsse 3dnowprefetch osvw ibs npt lbrv svm_lock
bogomips	: 4422.23
TLB size	: 1024 4K pages
clflush size	: 64
cache_alignment	: 64
address sizes	: 48 bits physical, 48 bits virtual
power management: ts ttp tm stc 100mhzsteps hwpstate



Memory: 4k page, physical 16331612k(4971404k free), swap 8388604k(8388380k free)

vm_info: OpenJDK 64-Bit Server VM (23.25-b01) for linux-amd64 JRE (1.6.0_32-b32), built on Aug 21 2014 11:15:48 by "mockbuild" with gcc 4.4.7 20120313 (Red Hat 4.4.7-4)

time: Tue Sep 23 12:16:19 2014
elapsed time: 2 seconds

