#
# A fatal error has been detected by the Java Runtime Environment:
#
#  SIGBUS (0x7) at pc=0x00002ac72e240522, pid=15990, tid=47034956236544
#
# JRE version: 6.0_32-b32
# Java VM: OpenJDK 64-Bit Server VM (23.25-b01 mixed mode linux-amd64 compressed oops)
# Problematic frame:
# C  [libzip.so+0x4522]  ZIP_Lock+0x252
#
# Core dump written. Default location: /mmfs/automount/gpfs/homefs/sm/dw07r324/jobs/piterman.eq.macc.sp.ro.r/core or core.15990
#
# If you would like to submit a bug report, please include
# instructions how to reproduce the bug and visit:
#   http://icedtea.classpath.org/bugzilla
# The crash happened outside the Java Virtual Machine in native code.
# See problematic frame for where to report the bug.
#

---------------  T H R E A D  ---------------

Current thread (0x00002ac730008000):  JavaThread "main" [_thread_in_native, id=15991, stack(0x00002ac72dcbc000,0x00002ac72ddbd000)]

siginfo:si_signo=SIGBUS: si_errno=0, si_code=2 (BUS_ADRERR), si_addr=0x00002ac7723d7773

Registers:
RAX=0x00002ac730bf8920, RBX=0x00002ac7723d7756, RCX=0x0000000008000000, RDX=0x0000000000000361
RSP=0x00002ac72ddba420, RBP=0x00002ac72ddba460, RSI=0x0000000000000001, RDI=0x0000000000000001
R8 =0x00002ac730000088, R9 =0x0000000000000001, R10=0x0000000000000040, R11=0x00002ac72d4ec660
R12=0x00002ac730bf8920, R13=0x00002ac730325d60, R14=0x00002ac72ddba4d0, R15=0x00002ac730bf8920
RIP=0x00002ac72e240522, EFLAGS=0x0000000000010206, CSGSFS=0x0000000000000033, ERR=0x0000000000000004
  TRAPNO=0x000000000000000e

Top of Stack: (sp=0x00002ac72ddba420)
0x00002ac72ddba420:   00002ac73035af60 00002ac72d43605e
0x00002ac72ddba430:   00000000000004d1 00002ac73033830c
0x00002ac72ddba440:   00002ac730325d60 000000001bb6f071
0x00002ac72ddba450:   00002ac72ddba4d0 0000000000000032
0x00002ac72ddba460:   00002ac72ddba4b0 00002ac72e240ae2
0x00002ac72ddba470:   00002ac730008000 00002ac73033a250
0x00002ac72ddba480:   00002ac72ddba4f0 00002ac7300081d8
0x00002ac72ddba490:   00002ac72ddba4d0 0000000000000032
0x00002ac72ddba4a0:   00002ac72ddba9a8 00002ac72ddba4d0
0x00002ac72ddba4b0:   00002ac72ddba910 00002ac72e23fae4
0x00002ac72ddba4c0:   0000003201000000 00002ac730325d60
0x00002ac72ddba4d0:   2f73657373616c63 727676732f67726f
0x00002ac72ddba4e0:   632f6c616f672f6c 69676f6c2f65726f
0x00002ac72ddba4f0:   48452f6c746c2f63 616c632e30303032
0x00002ac72ddba500:   00002ac72d007373 000000042d18b081
0x00002ac72ddba510:   00002ac730008b90 00002ac730b74560
0x00002ac72ddba520:   00002ac72ddba550 00002ac730008000
0x00002ac72ddba530:   00000000b5cc4b00 000000000000001a
0x00002ac72ddba540:   00002ac730008000 00000000b5cc4b00
0x00002ac72ddba550:   00002ac72ddba5b0 00002ac72d2805f2
0x00002ac72ddba560:   00002ac730008000 0000000000000000
0x00002ac72ddba570:   00002ac730008000 00000000b5fcf290
0x00002ac72ddba580:   00000000b5fcf290 00000000000000bd
0x00002ac72ddba590:   0000000000000000 00002ac730008000
0x00002ac72ddba5a0:   00002ac72ddba600 00002ac700000000
0x00002ac72ddba5b0:   00000000b5cc8c58 00002a0000000061
0x00002ac72ddba5c0:   00000000b5bdfef5 00000000ef4641b8
0x00002ac72ddba5d0:   00002ac72ddba5d0 00000000b5cc69cb
0x00002ac72ddba5e0:   00002ac72ddba630 00002ac730008b80
0x00002ac72ddba5f0:   0000000000000000 0000000000000001
0x00002ac72ddba600:   00002ac730008000 ffffffffffffffff
0x00002ac72ddba610:   00002ac72ddba680 00002ac72d23ca03 

Instructions: (pc=0x00002ac72e240522)
0x00002ac72e240502:   00 00 00 00 00 48 c7 40 30 00 00 00 00 48 c7 40
0x00002ac72e240512:   28 00 00 00 00 8b 5b 04 49 2b 5d 28 49 03 5d 18
0x00002ac72e240522:   44 0f b6 73 1d 0f b6 43 1c 41 c1 e6 08 41 09 c6
0x00002ac72e240532:   0f b6 43 1e 88 45 ce 0f b6 43 1f 88 45 cf 0f b6 

Register to memory mapping:

RAX=0x00002ac730bf8920 is an unknown value
RBX=0x00002ac7723d7756 is an unknown value
RCX=0x0000000008000000 is an unknown value
RDX=0x0000000000000361 is an unknown value
RSP=0x00002ac72ddba420 is pointing into the stack for thread: 0x00002ac730008000
RBP=0x00002ac72ddba460 is pointing into the stack for thread: 0x00002ac730008000
RSI=0x0000000000000001 is an unknown value
RDI=0x0000000000000001 is an unknown value
R8 =0x00002ac730000088 is an unknown value
R9 =0x0000000000000001 is an unknown value
R10=0x0000000000000040 is an unknown value
R11=0x00002ac72d4ec660: <offset 0x79f660> in /usr/lib/jvm/java-1.6.0-openjdk-1.6.0.0.x86_64/jre/lib/amd64/server/libjvm.so at 0x00002ac72cd4d000
R12=0x00002ac730bf8920 is an unknown value
R13=0x00002ac730325d60 is an unknown value
R14=0x00002ac72ddba4d0 is pointing into the stack for thread: 0x00002ac730008000
R15=0x00002ac730bf8920 is an unknown value


Stack: [0x00002ac72dcbc000,0x00002ac72ddbd000],  sp=0x00002ac72ddba420,  free space=1017k
Native frames: (J=compiled Java code, j=interpreted, Vv=VM code, C=native code)
C  [libzip.so+0x4522]  ZIP_Lock+0x252
C  [libzip.so+0x4ae2]  ZIP_GetEntry+0xc2
C  [libzip.so+0x3ae4]  Java_java_util_zip_ZipFile_getEntry+0xc4
j  java.util.zip.ZipFile.getEntry(JLjava/lang/String;Z)J+0
j  java.util.zip.ZipFile.getEntry(Ljava/lang/String;)Ljava/util/zip/ZipEntry;+31
j  java.util.jar.JarFile.getEntry(Ljava/lang/String;)Ljava/util/zip/ZipEntry;+2
j  sun.net.www.protocol.jar.URLJarFile.getEntry(Ljava/lang/String;)Ljava/util/zip/ZipEntry;+2
j  sun.net.www.protocol.jar.JarURLConnection.connect()V+62
j  sun.net.www.protocol.jar.JarURLConnection.getInputStream()Ljava/io/InputStream;+1
j  sun.misc.URLClassPath$Loader.getResource(Ljava/lang/String;Z)Lsun/misc/Resource;+48
j  sun.misc.URLClassPath.getResource(Ljava/lang/String;Z)Lsun/misc/Resource;+53
j  java.net.URLClassLoader$1.run()Ljava/lang/Object;+26
v  ~StubRoutines::call_stub
V  [libjvm.so+0x537e3e]  AsyncGetCallTrace+0xd776e
V  [libjvm.so+0x536ad8]  AsyncGetCallTrace+0xd6408
V  [libjvm.so+0x597140]  JVM_DoPrivileged+0x400
j  java.security.AccessController.doPrivileged(Ljava/security/PrivilegedExceptionAction;Ljava/security/AccessControlContext;)Ljava/lang/Object;+0
j  java.net.URLClassLoader.findClass(Ljava/lang/String;)Ljava/lang/Class;+13
j  org.java.plugin.standard.StandardPluginClassLoader.loadLocalClass(Ljava/lang/String;ZLorg/java/plugin/standard/StandardPluginClassLoader;)Ljava/lang/Class;+97
j  org.java.plugin.standard.StandardPluginClassLoader.loadClass(Ljava/lang/String;Z)Ljava/lang/Class;+62
j  java.lang.ClassLoader.loadClass(Ljava/lang/String;)Ljava/lang/Class;+3
j  org.svvrl.goal.core.CorePlugin.loadFormulaRewriters()V+63
j  org.svvrl.goal.core.CorePlugin.initApplication(Lorg/java/plugin/util/ExtendedProperties;[Ljava/lang/String;)Lorg/java/plugin/boot/Application;+170
j  org.java.plugin.boot.DefaultApplicationInitializer.initApplication(Lorg/java/plugin/boot/BootErrorHandler;[Ljava/lang/String;)Lorg/java/plugin/boot/Application;+530
j  org.java.plugin.boot.Boot.initApplication(Lorg/java/plugin/boot/BootErrorHandler;Lorg/java/plugin/util/ExtendedProperties;[Ljava/lang/String;)Lorg/java/plugin/boot/Application;+157
j  org.java.plugin.boot.Boot.boot(Lorg/java/plugin/util/ExtendedProperties;ZLjava/lang/String;Lorg/java/plugin/boot/BootErrorHandler;[Ljava/lang/String;)Lorg/java/plugin/boot/Application;+338
j  org.java.plugin.boot.Boot.main([Ljava/lang/String;)V+162
v  ~StubRoutines::call_stub
V  [libjvm.so+0x537e3e]  AsyncGetCallTrace+0xd776e
V  [libjvm.so+0x536ad8]  AsyncGetCallTrace+0xd6408
V  [libjvm.so+0x5452a7]  JNI_CreateJavaVM+0x12e7
V  [libjvm.so+0x55a4eb]  JNI_CreateJavaVM+0x1652b
C  [java+0x374d]  JavaMain+0xd0d

Java frames: (J=compiled Java code, j=interpreted, Vv=VM code)
j  java.util.zip.ZipFile.getEntry(JLjava/lang/String;Z)J+0
j  java.util.zip.ZipFile.getEntry(Ljava/lang/String;)Ljava/util/zip/ZipEntry;+31
j  java.util.jar.JarFile.getEntry(Ljava/lang/String;)Ljava/util/zip/ZipEntry;+2
j  sun.net.www.protocol.jar.URLJarFile.getEntry(Ljava/lang/String;)Ljava/util/zip/ZipEntry;+2
j  sun.net.www.protocol.jar.JarURLConnection.connect()V+62
j  sun.net.www.protocol.jar.JarURLConnection.getInputStream()Ljava/io/InputStream;+1
j  sun.misc.URLClassPath$Loader.getResource(Ljava/lang/String;Z)Lsun/misc/Resource;+48
j  sun.misc.URLClassPath.getResource(Ljava/lang/String;Z)Lsun/misc/Resource;+53
j  java.net.URLClassLoader$1.run()Ljava/lang/Object;+26
v  ~StubRoutines::call_stub
j  java.security.AccessController.doPrivileged(Ljava/security/PrivilegedExceptionAction;Ljava/security/AccessControlContext;)Ljava/lang/Object;+0
j  java.net.URLClassLoader.findClass(Ljava/lang/String;)Ljava/lang/Class;+13
j  org.java.plugin.standard.StandardPluginClassLoader.loadLocalClass(Ljava/lang/String;ZLorg/java/plugin/standard/StandardPluginClassLoader;)Ljava/lang/Class;+97
j  org.java.plugin.standard.StandardPluginClassLoader.loadClass(Ljava/lang/String;Z)Ljava/lang/Class;+62
j  java.lang.ClassLoader.loadClass(Ljava/lang/String;)Ljava/lang/Class;+3
j  org.svvrl.goal.core.CorePlugin.loadFormulaRewriters()V+63
j  org.svvrl.goal.core.CorePlugin.initApplication(Lorg/java/plugin/util/ExtendedProperties;[Ljava/lang/String;)Lorg/java/plugin/boot/Application;+170
j  org.java.plugin.boot.DefaultApplicationInitializer.initApplication(Lorg/java/plugin/boot/BootErrorHandler;[Ljava/lang/String;)Lorg/java/plugin/boot/Application;+530
j  org.java.plugin.boot.Boot.initApplication(Lorg/java/plugin/boot/BootErrorHandler;Lorg/java/plugin/util/ExtendedProperties;[Ljava/lang/String;)Lorg/java/plugin/boot/Application;+157
j  org.java.plugin.boot.Boot.boot(Lorg/java/plugin/util/ExtendedProperties;ZLjava/lang/String;Lorg/java/plugin/boot/BootErrorHandler;[Ljava/lang/String;)Lorg/java/plugin/boot/Application;+338
j  org.java.plugin.boot.Boot.main([Ljava/lang/String;)V+162
v  ~StubRoutines::call_stub

---------------  P R O C E S S  ---------------

Java Threads: ( => current thread )
  0x00002ac730101800 JavaThread "Low Memory Detector" daemon [_thread_blocked, id=16008, stack(0x00002ac772194000,0x00002ac772295000)]
  0x00002ac7300ff000 JavaThread "C2 CompilerThread1" daemon [_thread_blocked, id=16007, stack(0x00002ac772093000,0x00002ac772194000)]
  0x00002ac7300fc800 JavaThread "C2 CompilerThread0" daemon [_thread_blocked, id=16006, stack(0x00002ac771f92000,0x00002ac772093000)]
  0x00002ac7300fa000 JavaThread "Signal Dispatcher" daemon [_thread_blocked, id=16005, stack(0x00002ac771e91000,0x00002ac771f92000)]
  0x00002ac7300ab800 JavaThread "Finalizer" daemon [_thread_blocked, id=16004, stack(0x00002ac75cf93000,0x00002ac75d094000)]
  0x00002ac7300a9800 JavaThread "Reference Handler" daemon [_thread_blocked, id=16003, stack(0x00002ac75ce92000,0x00002ac75cf93000)]
=>0x00002ac730008000 JavaThread "main" [_thread_in_native, id=15991, stack(0x00002ac72dcbc000,0x00002ac72ddbd000)]

Other Threads:
  0x00002ac73009a800 VMThread [stack: 0x00002ac75cd91000,0x00002ac75ce92000] [id=16002]
  0x00002ac73010c800 WatcherThread [stack: 0x00002ac772295000,0x00002ac772396000] [id=16009]

VM state:not at safepoint (normal execution)

VM Mutex/Monitor currently owned by a thread: None

Heap
 PSYoungGen      total 305856K, used 78767K [0x00000000eaab0000, 0x0000000100000000, 0x0000000100000000)
  eden space 262208K, 30% used [0x00000000eaab0000,0x00000000ef79bc40,0x00000000faac0000)
  from space 43648K, 0% used [0x00000000fd560000,0x00000000fd560000,0x0000000100000000)
  to   space 43648K, 0% used [0x00000000faac0000,0x00000000faac0000,0x00000000fd560000)
 ParOldGen       total 699072K, used 0K [0x00000000c0000000, 0x00000000eaab0000, 0x00000000eaab0000)
  object space 699072K, 0% used [0x00000000c0000000,0x00000000c0000000,0x00000000eaab0000)
 PSPermGen       total 21248K, used 8068K [0x00000000b5a00000, 0x00000000b6ec0000, 0x00000000c0000000)
  object space 21248K, 37% used [0x00000000b5a00000,0x00000000b61e10c8,0x00000000b6ec0000)

Card table byte_map: [0x00002ac7370c0000,0x00002ac737314000] byte_map_base: 0x00002ac736b13000

Polling page: 0x00002ac72e1fd000

Code Cache  [0x00002ac734000000, 0x00002ac734270000, 0x00002ac737000000)
 total_blobs=371 nmethods=142 adapters=182 free_code_cache=48306Kb largest_free_block=49410368

Compilation events (10 events):
Event: 1.604 Thread 0x00002ac7300ff000 nmethod 136 0x00002ac7340bc290 code [0x00002ac7340bc3c0, 0x00002ac7340bc418]
Event: 1.613 Thread 0x00002ac7300fc800 nmethod 88 0x00002ac7340c9fd0 code [0x00002ac7340ca860, 0x00002ac7340d0c48]
Event: 1.614 Thread 0x00002ac7300ff000  138             org.svvrl.goal.core.logic.ltl.LTLAnd::getPrecedence (2 bytes)
Event: 1.614 Thread 0x00002ac7300ff000 nmethod 138 0x00002ac7340bbcd0 code [0x00002ac7340bbe00, 0x00002ac7340bbe58]
Event: 1.619 Thread 0x00002ac7300fc800  139             java.util.HashMap$Entry::getKey (5 bytes)
Event: 1.619 Thread 0x00002ac7300fc800 nmethod 139 0x00002ac7340bbad0 code [0x00002ac7340bbc00, 0x00002ac7340bbc58]
Event: 1.631 Thread 0x00002ac7300ff000  140             org.svvrl.goal.core.logic.ltl.LTLBinary::<init> (25 bytes)
Event: 1.631 Thread 0x00002ac7300ff000 nmethod 140 0x00002ac7340bb8d0 code [0x00002ac7340bba00, 0x00002ac7340bba78]
Event: 1.631 Thread 0x00002ac7300fc800  141             java.util.HashMap::containsKey (14 bytes)
Event: 1.637 Thread 0x00002ac7300fc800 nmethod 141 0x00002ac7340bd390 code [0x00002ac7340bd500, 0x00002ac7340bd8d8]

GC Heap History (0 events):
No events

Deoptimization events (10 events):
Event: 1.129 Thread 0x00002ac730008000 Uncommon trap -34 fr.pc 0x00002ac73405ea30
Event: 1.129 Thread 0x00002ac730008000 Uncommon trap -34 fr.pc 0x00002ac73405ea30
Event: 1.475 Thread 0x00002ac730008000 Uncommon trap -34 fr.pc 0x00002ac7340ac5c8
Event: 1.476 Thread 0x00002ac730008000 Uncommon trap -34 fr.pc 0x00002ac7340ac5c8
Event: 1.476 Thread 0x00002ac730008000 Uncommon trap -34 fr.pc 0x00002ac7340ac5c8
Event: 1.476 Thread 0x00002ac730008000 Uncommon trap -34 fr.pc 0x00002ac7340ac5c8
Event: 1.476 Thread 0x00002ac730008000 Uncommon trap -34 fr.pc 0x00002ac7340aa45c
Event: 1.476 Thread 0x00002ac730008000 Uncommon trap -34 fr.pc 0x00002ac7340aa45c
Event: 1.477 Thread 0x00002ac730008000 Uncommon trap -34 fr.pc 0x00002ac7340aa45c
Event: 1.477 Thread 0x00002ac730008000 Uncommon trap -34 fr.pc 0x00002ac7340aa45c

Internal exceptions (10 events):
Event: 1.290 Thread 0x00002ac730008000 Threw 0x00000000ec09ab48 at /builddir/build/BUILD/icedtea6-1.13.4/openjdk/hotspot/src/share/vm/prims/jvm.cpp:1235
Event: 1.291 Thread 0x00002ac730008000 Threw 0x00000000ec0a0c58 at /builddir/build/BUILD/icedtea6-1.13.4/openjdk/hotspot/src/share/vm/classfile/systemDictionary.cpp:179
Event: 1.291 Thread 0x00002ac730008000 Threw 0x00000000ec0a0ff0 at /builddir/build/BUILD/icedtea6-1.13.4/openjdk/hotspot/src/share/vm/prims/jvm.cpp:1235
Event: 1.291 Thread 0x00002ac730008000 Threw 0x00000000ec0a1438 at /builddir/build/BUILD/icedtea6-1.13.4/openjdk/hotspot/src/share/vm/prims/jvm.cpp:1235
Event: 1.321 Thread 0x00002ac730008000 Threw 0x00000000ec80a470 at /builddir/build/BUILD/icedtea6-1.13.4/openjdk/hotspot/src/share/vm/classfile/systemDictionary.cpp:179
Event: 1.321 Thread 0x00002ac730008000 Threw 0x00000000ec80a7f0 at /builddir/build/BUILD/icedtea6-1.13.4/openjdk/hotspot/src/share/vm/prims/jvm.cpp:1235
Event: 1.321 Thread 0x00002ac730008000 Threw 0x00000000ec80ac20 at /builddir/build/BUILD/icedtea6-1.13.4/openjdk/hotspot/src/share/vm/prims/jvm.cpp:1235
Event: 1.332 Thread 0x00002ac730008000 Threw 0x00000000ec86abd8 at /builddir/build/BUILD/icedtea6-1.13.4/openjdk/hotspot/src/share/vm/classfile/systemDictionary.cpp:179
Event: 1.332 Thread 0x00002ac730008000 Threw 0x00000000ec86af70 at /builddir/build/BUILD/icedtea6-1.13.4/openjdk/hotspot/src/share/vm/prims/jvm.cpp:1235
Event: 1.332 Thread 0x00002ac730008000 Threw 0x00000000ec86b3b8 at /builddir/build/BUILD/icedtea6-1.13.4/openjdk/hotspot/src/share/vm/prims/jvm.cpp:1235

Events (10 events):
Event: 1.476 Thread 0x00002ac730008000 DEOPT PACKING pc=0x00002ac7340ac5c8 sp=0x00002ac72ddbad10
Event: 1.476 Thread 0x00002ac730008000 DEOPT UNPACKING pc=0x00002ac734039145 sp=0x00002ac72ddbacd8 mode 2
Event: 1.476 Thread 0x00002ac730008000 DEOPT PACKING pc=0x00002ac7340aa45c sp=0x00002ac72ddbab20
Event: 1.476 Thread 0x00002ac730008000 DEOPT UNPACKING pc=0x00002ac734039145 sp=0x00002ac72ddbaad8 mode 2
Event: 1.476 Thread 0x00002ac730008000 DEOPT PACKING pc=0x00002ac7340aa45c sp=0x00002ac72ddbab20
Event: 1.476 Thread 0x00002ac730008000 DEOPT UNPACKING pc=0x00002ac734039145 sp=0x00002ac72ddbaad8 mode 2
Event: 1.477 Thread 0x00002ac730008000 DEOPT PACKING pc=0x00002ac7340aa45c sp=0x00002ac72ddbab20
Event: 1.477 Thread 0x00002ac730008000 DEOPT UNPACKING pc=0x00002ac734039145 sp=0x00002ac72ddbaad8 mode 2
Event: 1.477 Thread 0x00002ac730008000 DEOPT PACKING pc=0x00002ac7340aa45c sp=0x00002ac72ddbab20
Event: 1.477 Thread 0x00002ac730008000 DEOPT UNPACKING pc=0x00002ac734039145 sp=0x00002ac72ddbaad8 mode 2


Dynamic libraries:
00400000-00409000 r-xp 00000000 fd:01 5993                               /usr/lib/jvm/java-1.6.0-openjdk-1.6.0.0.x86_64/jre/bin/java
00608000-0060a000 rw-p 00008000 fd:01 5993                               /usr/lib/jvm/java-1.6.0-openjdk-1.6.0.0.x86_64/jre/bin/java
02420000-02441000 rw-p 00000000 00:00 0                                  [heap]
b5a00000-b6ec0000 rw-p 00000000 00:00 0 
b6ec0000-c0000000 rw-p 00000000 00:00 0 
c0000000-100000000 rw-p 00000000 00:00 0 
364f800000-364f820000 r-xp 00000000 fd:01 130582                         /lib64/ld-2.12.so
364fa1f000-364fa20000 r--p 0001f000 fd:01 130582                         /lib64/ld-2.12.so
364fa20000-364fa21000 rw-p 00020000 fd:01 130582                         /lib64/ld-2.12.so
364fa21000-364fa22000 rw-p 00000000 00:00 0 
364fc00000-364fd8a000 r-xp 00000000 fd:01 130613                         /lib64/libc-2.12.so
364fd8a000-364ff8a000 ---p 0018a000 fd:01 130613                         /lib64/libc-2.12.so
364ff8a000-364ff8e000 r--p 0018a000 fd:01 130613                         /lib64/libc-2.12.so
364ff8e000-364ff8f000 rw-p 0018e000 fd:01 130613                         /lib64/libc-2.12.so
364ff8f000-364ff94000 rw-p 00000000 00:00 0 
3650000000-3650004000 r-xp 00000000 fd:01 13573                          /usr/lib/jvm/java-1.6.0-openjdk-1.6.0.0.x86_64/jre/lib/amd64/jli/libjli.so
3650004000-3650203000 ---p 00004000 fd:01 13573                          /usr/lib/jvm/java-1.6.0-openjdk-1.6.0.0.x86_64/jre/lib/amd64/jli/libjli.so
3650203000-3650204000 rw-p 00003000 fd:01 13573                          /usr/lib/jvm/java-1.6.0-openjdk-1.6.0.0.x86_64/jre/lib/amd64/jli/libjli.so
3650400000-3650417000 r-xp 00000000 fd:01 130636                         /lib64/libpthread-2.12.so
3650417000-3650617000 ---p 00017000 fd:01 130636                         /lib64/libpthread-2.12.so
3650617000-3650618000 r--p 00017000 fd:01 130636                         /lib64/libpthread-2.12.so
3650618000-3650619000 rw-p 00018000 fd:01 130636                         /lib64/libpthread-2.12.so
3650619000-365061d000 rw-p 00000000 00:00 0 
3650800000-3650802000 r-xp 00000000 fd:01 130624                         /lib64/libdl-2.12.so
3650802000-3650a02000 ---p 00002000 fd:01 130624                         /lib64/libdl-2.12.so
3650a02000-3650a03000 r--p 00002000 fd:01 130624                         /lib64/libdl-2.12.so
3650a03000-3650a04000 rw-p 00003000 fd:01 130624                         /lib64/libdl-2.12.so
3650c00000-3650c15000 r-xp 00000000 fd:01 130638                         /lib64/libz.so.1.2.3
3650c15000-3650e14000 ---p 00015000 fd:01 130638                         /lib64/libz.so.1.2.3
3650e14000-3650e15000 r--p 00014000 fd:01 130638                         /lib64/libz.so.1.2.3
3650e15000-3650e16000 rw-p 00015000 fd:01 130638                         /lib64/libz.so.1.2.3
3651000000-3651007000 r-xp 00000000 fd:01 132701                         /lib64/librt-2.12.so
3651007000-3651206000 ---p 00007000 fd:01 132701                         /lib64/librt-2.12.so
3651206000-3651207000 r--p 00006000 fd:01 132701                         /lib64/librt-2.12.so
3651207000-3651208000 rw-p 00007000 fd:01 132701                         /lib64/librt-2.12.so
3651800000-3651816000 r-xp 00000000 fd:01 133662                         /lib64/libgcc_s-4.4.7-20120601.so.1
3651816000-3651a15000 ---p 00016000 fd:01 133662                         /lib64/libgcc_s-4.4.7-20120601.so.1
3651a15000-3651a16000 rw-p 00015000 fd:01 133662                         /lib64/libgcc_s-4.4.7-20120601.so.1
3653000000-36530e8000 r-xp 00000000 fd:01 49938                          /usr/lib64/libstdc++.so.6.0.13
36530e8000-36532e8000 ---p 000e8000 fd:01 49938                          /usr/lib64/libstdc++.so.6.0.13
36532e8000-36532ef000 r--p 000e8000 fd:01 49938                          /usr/lib64/libstdc++.so.6.0.13
36532ef000-36532f1000 rw-p 000ef000 fd:01 49938                          /usr/lib64/libstdc++.so.6.0.13
36532f1000-3653306000 rw-p 00000000 00:00 0 
365c200000-365c216000 r-xp 00000000 fd:01 137559                         /lib64/libnsl-2.12.so
365c216000-365c415000 ---p 00016000 fd:01 137559                         /lib64/libnsl-2.12.so
365c415000-365c416000 r--p 00015000 fd:01 137559                         /lib64/libnsl-2.12.so
365c416000-365c417000 rw-p 00016000 fd:01 137559                         /lib64/libnsl-2.12.so
365c417000-365c419000 rw-p 00000000 00:00 0 
2ac72cd32000-2ac72cd33000 rw-p 00000000 00:00 0 
2ac72cd49000-2ac72cd4d000 rw-p 00000000 00:00 0 
2ac72cd4d000-2ac72d758000 r-xp 00000000 fd:01 23213                      /usr/lib/jvm/java-1.6.0-openjdk-1.6.0.0.x86_64/jre/lib/amd64/server/libjvm.so
2ac72d758000-2ac72d958000 ---p 00a0b000 fd:01 23213                      /usr/lib/jvm/java-1.6.0-openjdk-1.6.0.0.x86_64/jre/lib/amd64/server/libjvm.so
2ac72d958000-2ac72d9f9000 rw-p 00a0b000 fd:01 23213                      /usr/lib/jvm/java-1.6.0-openjdk-1.6.0.0.x86_64/jre/lib/amd64/server/libjvm.so
2ac72d9f9000-2ac72da22000 rw-p 00000000 00:00 0 
2ac72da38000-2ac72dabb000 r-xp 00000000 fd:01 130627                     /lib64/libm-2.12.so
2ac72dabb000-2ac72dcba000 ---p 00083000 fd:01 130627                     /lib64/libm-2.12.so
2ac72dcba000-2ac72dcbb000 r--p 00082000 fd:01 130627                     /lib64/libm-2.12.so
2ac72dcbb000-2ac72dcbc000 rw-p 00083000 fd:01 130627                     /lib64/libm-2.12.so
2ac72dcbc000-2ac72dcbf000 ---p 00000000 00:00 0 
2ac72dcbf000-2ac72ddbd000 rw-p 00000000 00:00 0 
2ac72ddbd000-2ac72ddcb000 r-xp 00000000 fd:01 23207                      /usr/lib/jvm/java-1.6.0-openjdk-1.6.0.0.x86_64/jre/lib/amd64/libverify.so
2ac72ddcb000-2ac72dfcb000 ---p 0000e000 fd:01 23207                      /usr/lib/jvm/java-1.6.0-openjdk-1.6.0.0.x86_64/jre/lib/amd64/libverify.so
2ac72dfcb000-2ac72dfcd000 rw-p 0000e000 fd:01 23207                      /usr/lib/jvm/java-1.6.0-openjdk-1.6.0.0.x86_64/jre/lib/amd64/libverify.so
2ac72dfcd000-2ac72dffa000 r-xp 00000000 fd:01 23159                      /usr/lib/jvm/java-1.6.0-openjdk-1.6.0.0.x86_64/jre/lib/amd64/libjava.so
2ac72dffa000-2ac72e1f9000 ---p 0002d000 fd:01 23159                      /usr/lib/jvm/java-1.6.0-openjdk-1.6.0.0.x86_64/jre/lib/amd64/libjava.so
2ac72e1f9000-2ac72e1fd000 rw-p 0002c000 fd:01 23159                      /usr/lib/jvm/java-1.6.0-openjdk-1.6.0.0.x86_64/jre/lib/amd64/libjava.so
2ac72e1fd000-2ac72e1fe000 r--p 00000000 00:00 0 
2ac72e1fe000-2ac72e1ff000 rw-p 00000000 00:00 0 
2ac72e1ff000-2ac72e234000 r--s 00000000 fd:02 128540                     /var/db/nscd/passwd
2ac72e234000-2ac72e23c000 rw-s 00000000 fd:03 38                         /tmp/hsperfdata_dw07r324/15990
2ac72e23c000-2ac72e243000 r-xp 00000000 fd:01 23208                      /usr/lib/jvm/java-1.6.0-openjdk-1.6.0.0.x86_64/jre/lib/amd64/libzip.so
2ac72e243000-2ac72e443000 ---p 00007000 fd:01 23208                      /usr/lib/jvm/java-1.6.0-openjdk-1.6.0.0.x86_64/jre/lib/amd64/libzip.so
2ac72e443000-2ac72e444000 rw-p 00007000 fd:01 23208                      /usr/lib/jvm/java-1.6.0-openjdk-1.6.0.0.x86_64/jre/lib/amd64/libzip.so
2ac730000000-2ac730cdd000 rw-p 00000000 00:00 0 
2ac730cdd000-2ac734000000 ---p 00000000 00:00 0 
2ac734000000-2ac734270000 rwxp 00000000 00:00 0 
2ac734270000-2ac737000000 rw-p 00000000 00:00 0 
2ac737000000-2ac73700a000 rw-p 00000000 00:00 0 
2ac73700a000-2ac7370c0000 rw-p 00000000 00:00 0 
2ac7370c0000-2ac7370cb000 rw-p 00000000 00:00 0 
2ac7370cb000-2ac737113000 rw-p 00000000 00:00 0 
2ac737113000-2ac737475000 rw-p 00000000 00:00 0 
2ac737475000-2ac7374bd000 rw-p 00000000 00:00 0 
2ac7374bd000-2ac7374be000 ---p 00000000 00:00 0 
2ac7374be000-2ac7375be000 rw-p 00000000 00:00 0 
2ac7375be000-2ac7375bf000 ---p 00000000 00:00 0 
2ac7375bf000-2ac7376bf000 rw-p 00000000 00:00 0 
2ac7376bf000-2ac7376c0000 ---p 00000000 00:00 0 
2ac7376c0000-2ac7377c0000 rw-p 00000000 00:00 0 
2ac7377c0000-2ac7377c1000 ---p 00000000 00:00 0 
2ac7377c1000-2ac7378c1000 rw-p 00000000 00:00 0 
2ac7378c1000-2ac7378c2000 ---p 00000000 00:00 0 
2ac7378c2000-2ac7379c2000 rw-p 00000000 00:00 0 
2ac7379c2000-2ac7379c3000 ---p 00000000 00:00 0 
2ac7379c3000-2ac737ac3000 rw-p 00000000 00:00 0 
2ac737ac3000-2ac737ac4000 ---p 00000000 00:00 0 
2ac737ac4000-2ac737bc4000 rw-p 00000000 00:00 0 
2ac737bc4000-2ac737bc5000 ---p 00000000 00:00 0 
2ac737bc5000-2ac737cc5000 rw-p 00000000 00:00 0 
2ac738000000-2ac738021000 rw-p 00000000 00:00 0 
2ac738021000-2ac73c000000 ---p 00000000 00:00 0 
2ac73c000000-2ac73c021000 rw-p 00000000 00:00 0 
2ac73c021000-2ac740000000 ---p 00000000 00:00 0 
2ac740000000-2ac740021000 rw-p 00000000 00:00 0 
2ac740021000-2ac744000000 ---p 00000000 00:00 0 
2ac744000000-2ac744021000 rw-p 00000000 00:00 0 
2ac744021000-2ac748000000 ---p 00000000 00:00 0 
2ac748000000-2ac74aea4000 rw-p 00000000 00:00 0 
2ac74aea4000-2ac74b03a000 r--s 01a15000 fd:01 23288                      /usr/lib/jvm/java-1.6.0-openjdk-1.6.0.0.x86_64/jre/lib/rt.jar
2ac74b03a000-2ac74bf20000 rw-p 00000000 00:00 0 
2ac74c000000-2ac74c021000 rw-p 00000000 00:00 0 
2ac74c021000-2ac750000000 ---p 00000000 00:00 0 
2ac750000000-2ac750021000 rw-p 00000000 00:00 0 
2ac750021000-2ac754000000 ---p 00000000 00:00 0 
2ac754000000-2ac754021000 rw-p 00000000 00:00 0 
2ac754021000-2ac758000000 ---p 00000000 00:00 0 
2ac758000000-2ac758021000 rw-p 00000000 00:00 0 
2ac758021000-2ac75c000000 ---p 00000000 00:00 0 
2ac75c000000-2ac75cd91000 rw-p 00000000 00:00 0 
2ac75cd91000-2ac75cd92000 ---p 00000000 00:00 0 
2ac75cd92000-2ac75ce92000 rw-p 00000000 00:00 0 
2ac75ce92000-2ac75ce95000 ---p 00000000 00:00 0 
2ac75ce95000-2ac75cf93000 rw-p 00000000 00:00 0 
2ac75cf93000-2ac75cf96000 ---p 00000000 00:00 0 
2ac75cf96000-2ac75d094000 rw-p 00000000 00:00 0 
2ac760000000-2ac760021000 rw-p 00000000 00:00 0 
2ac760021000-2ac764000000 ---p 00000000 00:00 0 
2ac764000000-2ac764021000 rw-p 00000000 00:00 0 
2ac764021000-2ac768000000 ---p 00000000 00:00 0 
2ac768000000-2ac768021000 rw-p 00000000 00:00 0 
2ac768021000-2ac76c000000 ---p 00000000 00:00 0 
2ac76c000000-2ac771e91000 r--p 00000000 fd:01 49935                      /usr/lib/locale/locale-archive
2ac771e91000-2ac771e94000 ---p 00000000 00:00 0 
2ac771e94000-2ac771f92000 rw-p 00000000 00:00 0 
2ac771f92000-2ac771f95000 ---p 00000000 00:00 0 
2ac771f95000-2ac772093000 rw-p 00000000 00:00 0 
2ac772093000-2ac772096000 ---p 00000000 00:00 0 
2ac772096000-2ac772194000 rw-p 00000000 00:00 0 
2ac772194000-2ac772197000 ---p 00000000 00:00 0 
2ac772197000-2ac772295000 rw-p 00000000 00:00 0 
2ac772295000-2ac772296000 ---p 00000000 00:00 0 
2ac772296000-2ac772396000 rw-p 00000000 00:00 0 
2ac772396000-2ac772398000 r--s 00009000 00:35 125760574                  /mmfs/automount/gpfs/homefs/sm/dw07r324/bin/GOAL-20140808/lib/jpf-boot.jar
2ac772398000-2ac77239b000 r--s 0000f000 fd:01 23233                      /usr/lib/jvm/java-1.6.0-openjdk-1.6.0.0.x86_64/jre/lib/ext/pulse-java.jar
2ac77239b000-2ac7723a4000 r--s 00065000 fd:01 23228                      /usr/lib/jvm/java-1.6.0-openjdk-1.6.0.0.x86_64/jre/lib/ext/gnome-java-bridge.jar
2ac7723a4000-2ac7723a6000 r--s 00009000 00:35 125760574                  /mmfs/automount/gpfs/homefs/sm/dw07r324/bin/GOAL-20140808/lib/jpf-boot.jar
2ac7723a6000-2ac7723aa000 r--s 0003c000 fd:01 14238                      /usr/lib/jvm/java-1.6.0-openjdk-1.6.0.0.x86_64/jre/lib/jsse.jar
2ac7723aa000-2ac7723af000 r--s 0002d000 00:35 125760577                  /mmfs/automount/gpfs/homefs/sm/dw07r324/bin/GOAL-20140808/lib/jpf.jar
2ac7723af000-2ac7723b1000 r--s 0000d000 00:35 125760571                  /mmfs/automount/gpfs/homefs/sm/dw07r324/bin/GOAL-20140808/lib/commons-logging.jar
2ac7723b1000-2ac7723b3000 r--s 00012000 00:35 125760576                  /mmfs/automount/gpfs/homefs/sm/dw07r324/bin/GOAL-20140808/lib/jpf-tools.jar
2ac7723b3000-2ac7723ba000 r--s 00039000 00:35 125760578                  /mmfs/automount/gpfs/homefs/sm/dw07r324/bin/GOAL-20140808/lib/jxp.jar
2ac7723ba000-2ac7723bc000 r--s 00004000 00:35 125760570                  /mmfs/automount/gpfs/homefs/sm/dw07r324/bin/GOAL-20140808/lib/AppleJavaExtensions.jar
2ac7723bc000-2ac7723c1000 r--s 0002a000 00:35 125760572                  /mmfs/automount/gpfs/homefs/sm/dw07r324/bin/GOAL-20140808/lib/gson-2.2.2.jar
2ac7723c1000-2ac7723c4000 r--s 0001a000 00:35 125760579                  /mmfs/automount/gpfs/homefs/sm/dw07r324/bin/GOAL-20140808/lib/minijdd_104.jar
2ac7723c4000-2ac7723e7000 r--s 0022d000 00:35 115393601                  /mmfs/automount/gpfs/homefs/sm/dw07r324/bin/GOAL-20140808/.jpf-shadow/org.svvrl.goal.core@2014.8.8.zip
2ac77254b000-2ac7725ee000 r-xp 00000000 fd:01 13434                      /usr/lib/jvm/java-1.6.0-openjdk-1.6.0.0.x86_64/jre/lib/amd64/libawt.so
2ac7725ee000-2ac7727ee000 ---p 000a3000 fd:01 13434                      /usr/lib/jvm/java-1.6.0-openjdk-1.6.0.0.x86_64/jre/lib/amd64/libawt.so
2ac7727ee000-2ac7727fa000 rw-p 000a3000 fd:01 13434                      /usr/lib/jvm/java-1.6.0-openjdk-1.6.0.0.x86_64/jre/lib/amd64/libawt.so
2ac7727fa000-2ac77281e000 rw-p 00000000 00:00 0 
2ac77281e000-2ac772824000 r-xp 00000000 fd:01 8525                       /usr/lib/jvm/java-1.6.0-openjdk-1.6.0.0.x86_64/jre/lib/amd64/headless/libmawt.so
2ac772824000-2ac772a23000 ---p 00006000 fd:01 8525                       /usr/lib/jvm/java-1.6.0-openjdk-1.6.0.0.x86_64/jre/lib/amd64/headless/libmawt.so
2ac772a23000-2ac772a24000 rw-p 00005000 fd:01 8525                       /usr/lib/jvm/java-1.6.0-openjdk-1.6.0.0.x86_64/jre/lib/amd64/headless/libmawt.so
2ac772a24000-2ac772a26000 rw-p 00000000 00:00 0 
2ac774000000-2ac774021000 rw-p 00000000 00:00 0 
2ac774021000-2ac778000000 ---p 00000000 00:00 0 
2ac778000000-2ac779284000 rw-p 00000000 00:00 0 
2ac779284000-2ac77c000000 ---p 00000000 00:00 0 
2ac77c000000-2ac77cc0d000 rw-p 00000000 00:00 0 
2ac77cc0d000-2ac780000000 ---p 00000000 00:00 0 
2ac780000000-2ac780021000 rw-p 00000000 00:00 0 
2ac780021000-2ac784000000 ---p 00000000 00:00 0 
2ac784000000-2ac784021000 rw-p 00000000 00:00 0 
2ac784021000-2ac788000000 ---p 00000000 00:00 0 
7fffb14e4000-7fffb151a000 rw-p 00000000 00:00 0                          [stack]
7fffb15c6000-7fffb15c7000 r-xp 00000000 00:00 0                          [vdso]
ffffffffff600000-ffffffffff601000 r-xp 00000000 00:00 0                  [vsyscall]

VM Arguments:
jvm_args: -Xmx1G -Xms1G -DapplicationRoot=/home/ubelix/sm/dw07r324/bin/GOAL-20140808 -Dorg.java.plugin.boot.pluginsRepositories=/home/ubelix/sm/dw07r324/bin/GOAL-20140808/plugins -Djpf.boot.config=/home/ubelix/sm/dw07r324/bin/GOAL-20140808/boot.properties -Dorg.apache.commons.logging.Log=org.apache.commons.logging.impl.SimpleLog -Dorg.apache.commons.logging.simplelog.log.org.java.plugin=fatal 
java_command: /home/ubelix/sm/dw07r324/bin/GOAL-20140808/lib/jpf-boot.jar complement -m piterman -eq -macc -sp -ro -r /scratch/local/8663605.1.all.q/test_set_s15/s15_t1.4_a0.7_006.gff
Launcher Type: SUN_STANDARD

Environment Variables:
CLASSPATH=/home/ubelix/sm/dw07r324/bin/GOAL-20140808:/home/ubelix/sm/dw07r324/bin/GOAL-20140808/plugins:/home/ubelix/sm/dw07r324/bin/GOAL-20140808/lib:
PATH=/scratch/local/8663605.1.all.q:/usr/lib64/qt-3.3/bin:/usr/local/bin:/bin:/usr/bin:/usr/local/sbin:/usr/sbin:/sbin:/usr/lpp/mmfs/bin:/home/ubelix/sm/dw07r324/bin/GOAL-20140808:/home/ubelix/sm/dw07r324/bin/gnu_time/bin:/usr/lpp/mmfs/bin
LD_LIBRARY_PATH=/usr/lib/jvm/java-1.6.0-openjdk-1.6.0.0.x86_64/jre/lib/amd64/server:/usr/lib/jvm/java-1.6.0-openjdk-1.6.0.0.x86_64/jre/lib/amd64:/usr/lib/jvm/java-1.6.0-openjdk-1.6.0.0.x86_64/jre/../lib/amd64
SHELL=/bin/bash

Signal Handlers:
SIGSEGV: [libjvm.so+0x870a40], sa_mask[0]=0x7ffbfeff, sa_flags=0x10000004
SIGBUS: [libjvm.so+0x870a40], sa_mask[0]=0x7ffbfeff, sa_flags=0x10000004
SIGFPE: [libjvm.so+0x719240], sa_mask[0]=0x7ffbfeff, sa_flags=0x10000004
SIGPIPE: [libjvm.so+0x719240], sa_mask[0]=0x7ffbfeff, sa_flags=0x10000004
SIGXFSZ: [libjvm.so+0x719240], sa_mask[0]=0x7ffbfeff, sa_flags=0x10000004
SIGILL: [libjvm.so+0x719240], sa_mask[0]=0x7ffbfeff, sa_flags=0x10000004
SIGUSR1: SIG_DFL, sa_mask[0]=0x00000000, sa_flags=0x00000000
SIGUSR2: [libjvm.so+0x718d60], sa_mask[0]=0x00000000, sa_flags=0x10000004
SIGHUP: [libjvm.so+0x71bdf0], sa_mask[0]=0x7ffbfeff, sa_flags=0x10000004
SIGINT: [libjvm.so+0x71bdf0], sa_mask[0]=0x7ffbfeff, sa_flags=0x10000004
SIGTERM: [libjvm.so+0x71bdf0], sa_mask[0]=0x7ffbfeff, sa_flags=0x10000004
SIGQUIT: [libjvm.so+0x71bdf0], sa_mask[0]=0x7ffbfeff, sa_flags=0x10000004


---------------  S Y S T E M  ---------------

OS:Red Hat Enterprise Linux ComputeNode release 6.5 (Santiago)

uname:Linux 2.6.32-431.29.2.el6.x86_64 #1 SMP Sun Jul 27 15:55:46 EDT 2014 x86_64
libc:glibc 2.12 NPTL 2.12 
rlimit: STACK infinity, CORE infinity, NPROC 127431, NOFILE 4096, AS 8388608k
load average:5.48 5.05 4.41

/proc/meminfo:
MemTotal:       16331612 kB
MemFree:         5089740 kB
Buffers:           12436 kB
Cached:          6015584 kB
SwapCached:           88 kB
Active:          2848272 kB
Inactive:        3708952 kB
Active(anon):     465848 kB
Inactive(anon):    63548 kB
Active(file):    2382424 kB
Inactive(file):  3645404 kB
Unevictable:     4082900 kB
Mlocked:         4082900 kB
SwapTotal:       8388604 kB
SwapFree:        8388380 kB
Dirty:              2848 kB
Writeback:             0 kB
AnonPages:       4612360 kB
Mapped:            99892 kB
Shmem:               192 kB
Slab:             375468 kB
SReclaimable:     307180 kB
SUnreclaim:        68288 kB
KernelStack:        4736 kB
PageTables:        17184 kB
NFS_Unstable:          0 kB
Bounce:                0 kB
WritebackTmp:          0 kB
CommitLimit:    16554408 kB
Committed_AS:    6817696 kB
VmallocTotal:   34359738367 kB
VmallocUsed:      109412 kB
VmallocChunk:   34351234244 kB
HardwareCorrupted:     0 kB
AnonHugePages:         0 kB
HugePages_Total:       0
HugePages_Free:        0
HugePages_Rsvd:        0
HugePages_Surp:        0
Hugepagesize:       2048 kB
DirectMap4k:        9920 kB
DirectMap2M:     2086912 kB
DirectMap1G:    14680064 kB


CPU:total 8 (4 cores per cpu, 1 threads per core) family 16 model 2 stepping 3, cmov, cx8, fxsr, mmx, sse, sse2, sse3, popcnt, mmxext, 3dnowpref, lzcnt, sse4a, tsc, tscinvbit, tscinv

/proc/cpuinfo:
processor	: 0
vendor_id	: AuthenticAMD
cpu family	: 16
model		: 2
model name	: Quad-Core AMD Opteron(tm) Processor 2354
stepping	: 3
cpu MHz		: 2200.000
cache size	: 512 KB
physical id	: 0
siblings	: 4
core id		: 0
cpu cores	: 4
apicid		: 0
initial apicid	: 0
fpu		: yes
fpu_exception	: yes
cpuid level	: 5
wp		: yes
flags		: fpu vme de pse tsc msr pae mce cx8 apic sep mtrr pge mca cmov pat pse36 clflush mmx fxsr sse sse2 ht syscall nx mmxext fxsr_opt pdpe1gb rdtscp lm 3dnowext 3dnow constant_tsc rep_good nonstop_tsc extd_apicid pni monitor cx16 popcnt lahf_lm cmp_legacy svm extapic cr8_legacy abm sse4a misalignsse 3dnowprefetch osvw ibs npt lbrv svm_lock
bogomips	: 4422.88
TLB size	: 1024 4K pages
clflush size	: 64
cache_alignment	: 64
address sizes	: 48 bits physical, 48 bits virtual
power management: ts ttp tm stc 100mhzsteps hwpstate

processor	: 1
vendor_id	: AuthenticAMD
cpu family	: 16
model		: 2
model name	: Quad-Core AMD Opteron(tm) Processor 2354
stepping	: 3
cpu MHz		: 2200.000
cache size	: 512 KB
physical id	: 0
siblings	: 4
core id		: 1
cpu cores	: 4
apicid		: 1
initial apicid	: 1
fpu		: yes
fpu_exception	: yes
cpuid level	: 5
wp		: yes
flags		: fpu vme de pse tsc msr pae mce cx8 apic sep mtrr pge mca cmov pat pse36 clflush mmx fxsr sse sse2 ht syscall nx mmxext fxsr_opt pdpe1gb rdtscp lm 3dnowext 3dnow constant_tsc rep_good nonstop_tsc extd_apicid pni monitor cx16 popcnt lahf_lm cmp_legacy svm extapic cr8_legacy abm sse4a misalignsse 3dnowprefetch osvw ibs npt lbrv svm_lock
bogomips	: 4422.88
TLB size	: 1024 4K pages
clflush size	: 64
cache_alignment	: 64
address sizes	: 48 bits physical, 48 bits virtual
power management: ts ttp tm stc 100mhzsteps hwpstate

processor	: 2
vendor_id	: AuthenticAMD
cpu family	: 16
model		: 2
model name	: Quad-Core AMD Opteron(tm) Processor 2354
stepping	: 3
cpu MHz		: 2200.000
cache size	: 512 KB
physical id	: 0
siblings	: 4
core id		: 2
cpu cores	: 4
apicid		: 2
initial apicid	: 2
fpu		: yes
fpu_exception	: yes
cpuid level	: 5
wp		: yes
flags		: fpu vme de pse tsc msr pae mce cx8 apic sep mtrr pge mca cmov pat pse36 clflush mmx fxsr sse sse2 ht syscall nx mmxext fxsr_opt pdpe1gb rdtscp lm 3dnowext 3dnow constant_tsc rep_good nonstop_tsc extd_apicid pni monitor cx16 popcnt lahf_lm cmp_legacy svm extapic cr8_legacy abm sse4a misalignsse 3dnowprefetch osvw ibs npt lbrv svm_lock
bogomips	: 4422.88
TLB size	: 1024 4K pages
clflush size	: 64
cache_alignment	: 64
address sizes	: 48 bits physical, 48 bits virtual
power management: ts ttp tm stc 100mhzsteps hwpstate

processor	: 3
vendor_id	: AuthenticAMD
cpu family	: 16
model		: 2
model name	: Quad-Core AMD Opteron(tm) Processor 2354
stepping	: 3
cpu MHz		: 2200.000
cache size	: 512 KB
physical id	: 0
siblings	: 4
core id		: 3
cpu cores	: 4
apicid		: 3
initial apicid	: 3
fpu		: yes
fpu_exception	: yes
cpuid level	: 5
wp		: yes
flags		: fpu vme de pse tsc msr pae mce cx8 apic sep mtrr pge mca cmov pat pse36 clflush mmx fxsr sse sse2 ht syscall nx mmxext fxsr_opt pdpe1gb rdtscp lm 3dnowext 3dnow constant_tsc rep_good nonstop_tsc extd_apicid pni monitor cx16 popcnt lahf_lm cmp_legacy svm extapic cr8_legacy abm sse4a misalignsse 3dnowprefetch osvw ibs npt lbrv svm_lock
bogomips	: 4422.88
TLB size	: 1024 4K pages
clflush size	: 64
cache_alignment	: 64
address sizes	: 48 bits physical, 48 bits virtual
power management: ts ttp tm stc 100mhzsteps hwpstate

processor	: 4
vendor_id	: AuthenticAMD
cpu family	: 16
model		: 2
model name	: Quad-Core AMD Opteron(tm) Processor 2354
stepping	: 3
cpu MHz		: 2200.000
cache size	: 512 KB
physical id	: 1
siblings	: 4
core id		: 0
cpu cores	: 4
apicid		: 4
initial apicid	: 4
fpu		: yes
fpu_exception	: yes
cpuid level	: 5
wp		: yes
flags		: fpu vme de pse tsc msr pae mce cx8 apic sep mtrr pge mca cmov pat pse36 clflush mmx fxsr sse sse2 ht syscall nx mmxext fxsr_opt pdpe1gb rdtscp lm 3dnowext 3dnow constant_tsc rep_good nonstop_tsc extd_apicid pni monitor cx16 popcnt lahf_lm cmp_legacy svm extapic cr8_legacy abm sse4a misalignsse 3dnowprefetch osvw ibs npt lbrv svm_lock
bogomips	: 4422.23
TLB size	: 1024 4K pages
clflush size	: 64
cache_alignment	: 64
address sizes	: 48 bits physical, 48 bits virtual
power management: ts ttp tm stc 100mhzsteps hwpstate

processor	: 5
vendor_id	: AuthenticAMD
cpu family	: 16
model		: 2
model name	: Quad-Core AMD Opteron(tm) Processor 2354
stepping	: 3
cpu MHz		: 2200.000
cache size	: 512 KB
physical id	: 1
siblings	: 4
core id		: 1
cpu cores	: 4
apicid		: 5
initial apicid	: 5
fpu		: yes
fpu_exception	: yes
cpuid level	: 5
wp		: yes
flags		: fpu vme de pse tsc msr pae mce cx8 apic sep mtrr pge mca cmov pat pse36 clflush mmx fxsr sse sse2 ht syscall nx mmxext fxsr_opt pdpe1gb rdtscp lm 3dnowext 3dnow constant_tsc rep_good nonstop_tsc extd_apicid pni monitor cx16 popcnt lahf_lm cmp_legacy svm extapic cr8_legacy abm sse4a misalignsse 3dnowprefetch osvw ibs npt lbrv svm_lock
bogomips	: 4422.23
TLB size	: 1024 4K pages
clflush size	: 64
cache_alignment	: 64
address sizes	: 48 bits physical, 48 bits virtual
power management: ts ttp tm stc 100mhzsteps hwpstate

processor	: 6
vendor_id	: AuthenticAMD
cpu family	: 16
model		: 2
model name	: Quad-Core AMD Opteron(tm) Processor 2354
stepping	: 3
cpu MHz		: 2200.000
cache size	: 512 KB
physical id	: 1
siblings	: 4
core id		: 2
cpu cores	: 4
apicid		: 6
initial apicid	: 6
fpu		: yes
fpu_exception	: yes
cpuid level	: 5
wp		: yes
flags		: fpu vme de pse tsc msr pae mce cx8 apic sep mtrr pge mca cmov pat pse36 clflush mmx fxsr sse sse2 ht syscall nx mmxext fxsr_opt pdpe1gb rdtscp lm 3dnowext 3dnow constant_tsc rep_good nonstop_tsc extd_apicid pni monitor cx16 popcnt lahf_lm cmp_legacy svm extapic cr8_legacy abm sse4a misalignsse 3dnowprefetch osvw ibs npt lbrv svm_lock
bogomips	: 4422.23
TLB size	: 1024 4K pages
clflush size	: 64
cache_alignment	: 64
address sizes	: 48 bits physical, 48 bits virtual
power management: ts ttp tm stc 100mhzsteps hwpstate

processor	: 7
vendor_id	: AuthenticAMD
cpu family	: 16
model		: 2
model name	: Quad-Core AMD Opteron(tm) Processor 2354
stepping	: 3
cpu MHz		: 2200.000
cache size	: 512 KB
physical id	: 1
siblings	: 4
core id		: 3
cpu cores	: 4
apicid		: 7
initial apicid	: 7
fpu		: yes
fpu_exception	: yes
cpuid level	: 5
wp		: yes
flags		: fpu vme de pse tsc msr pae mce cx8 apic sep mtrr pge mca cmov pat pse36 clflush mmx fxsr sse sse2 ht syscall nx mmxext fxsr_opt pdpe1gb rdtscp lm 3dnowext 3dnow constant_tsc rep_good nonstop_tsc extd_apicid pni monitor cx16 popcnt lahf_lm cmp_legacy svm extapic cr8_legacy abm sse4a misalignsse 3dnowprefetch osvw ibs npt lbrv svm_lock
bogomips	: 4422.23
TLB size	: 1024 4K pages
clflush size	: 64
cache_alignment	: 64
address sizes	: 48 bits physical, 48 bits virtual
power management: ts ttp tm stc 100mhzsteps hwpstate



Memory: 4k page, physical 16331612k(5089740k free), swap 8388604k(8388380k free)

vm_info: OpenJDK 64-Bit Server VM (23.25-b01) for linux-amd64 JRE (1.6.0_32-b32), built on Aug 21 2014 11:15:48 by "mockbuild" with gcc 4.4.7 20120313 (Red Hat 4.4.7-4)

time: Tue Sep 23 04:02:05 2014
elapsed time: 1 seconds

