#
# A fatal error has been detected by the Java Runtime Environment:
#
#  SIGBUS (0x7) at pc=0x00002af2474ab522, pid=19372, tid=47220061796096
#
# JRE version: 6.0_32-b32
# Java VM: OpenJDK 64-Bit Server VM (23.25-b01 mixed mode linux-amd64 compressed oops)
# Problematic frame:
# C  [libzip.so+0x4522]  ZIP_Lock+0x252
#
# Core dump written. Default location: /mmfs/automount/gpfs/homefs/sm/dw07r324/jobs/piterman.eq.macc.sp.ro.r/core or core.19372
#
# If you would like to submit a bug report, please include
# instructions how to reproduce the bug and visit:
#   http://icedtea.classpath.org/bugzilla
# The crash happened outside the Java Virtual Machine in native code.
# See problematic frame for where to report the bug.
#

---------------  T H R E A D  ---------------

Current thread (0x00002af248008000):  JavaThread "main" [_thread_in_native, id=19373, stack(0x00002af246f27000,0x00002af247028000)]

siginfo:si_signo=SIGBUS: si_errno=0, si_code=2 (BUS_ADRERR), si_addr=0x00002af28a3da691

Registers:
RAX=0x00002af248a50b20, RBX=0x00002af28a3da674, RCX=0x0000000000004000, RDX=0x0000000000000091
RSP=0x00002af247025420, RBP=0x00002af247025460, RSI=0x0000000000000000, RDI=0x0000000000000000
R8 =0x00002af248000088, R9 =0x0000000000000001, R10=0x0000000000000040, R11=0x00002af246757660
R12=0x00002af248a50b20, R13=0x00002af2482db9c0, R14=0x00002af2470254d0, R15=0x00002af248a50b20
RIP=0x00002af2474ab522, EFLAGS=0x0000000000010206, CSGSFS=0x0000000000000033, ERR=0x0000000000000004
  TRAPNO=0x000000000000000e

Top of Stack: (sp=0x00002af247025420)
0x00002af247025420:   00002af2482dbae0 00002af2466a105e
0x00002af247025430:   0000000000000509 00002af2482e2030
0x00002af247025440:   00002af2482db9c0 00000000e836e184
0x00002af247025450:   00002af2470254d0 000000000000003b
0x00002af247025460:   00002af2470254b0 00002af2474abae2
0x00002af247025470:   00002af248008000 00002af24823dad0
0x00002af247025480:   00002af2470254f0 00002af2480081d8
0x00002af247025490:   00002af2470254d0 000000000000003b
0x00002af2470254a0:   00002af2470259a8 00002af2470254d0
0x00002af2470254b0:   00002af247025910 00002af2474aaae4
0x00002af2470254c0:   0000003b01025560 00002af2482db9c0
0x00002af2470254d0:   2f73657373616c63 727676732f67726f
0x00002af2470254e0:   632f6c616f672f6c 69676f6c2f65726f
0x00002af2470254f0:   512f6c7470712f63 6c706d69534c5450
0x00002af247025500:   6c632e7265696669 0000000400737361
0x00002af247025510:   00002af248008b90 00002af248008000
0x00002af247025520:   00002af247025550 00002af248008000
0x00002af247025530:   00000000b5cc4b00 000000000000001a
0x00002af247025540:   00002af248008000 00000000b5cc4b00
0x00002af247025550:   00002af2470255b0 00002af2464eb5f2
0x00002af247025560:   00002af248008000 00002af246602be4
0x00002af247025570:   00002af248008000 00002af2b5fcfed0
0x00002af247025580:   47025a4448008b38 00000000000000bd
0x00002af247025590:   0000000000000000 00002af248008000
0x00002af2470255a0:   00002af247025600 00002af200000000
0x00002af2470255b0:   00000000b5cc8c58 00002a0000000061
0x00002af2470255c0:   00000000b5bdfef5 00000000ef463cf8
0x00002af2470255d0:   00002af2470255d0 00000000b5cc69cb
0x00002af2470255e0:   00002af247025630 00002af248008b80
0x00002af2470255f0:   0000000000000000 0000000000000001
0x00002af247025600:   00002af248008000 ffffffffffffffff
0x00002af247025610:   00002af247025680 00002af2464a7a03 

Instructions: (pc=0x00002af2474ab522)
0x00002af2474ab502:   00 00 00 00 00 48 c7 40 30 00 00 00 00 48 c7 40
0x00002af2474ab512:   28 00 00 00 00 8b 5b 04 49 2b 5d 28 49 03 5d 18
0x00002af2474ab522:   44 0f b6 73 1d 0f b6 43 1c 41 c1 e6 08 41 09 c6
0x00002af2474ab532:   0f b6 43 1e 88 45 ce 0f b6 43 1f 88 45 cf 0f b6 

Register to memory mapping:

RAX=0x00002af248a50b20 is an unknown value
RBX=0x00002af28a3da674 is an unknown value
RCX=0x0000000000004000 is an unknown value
RDX=0x0000000000000091 is an unknown value
RSP=0x00002af247025420 is pointing into the stack for thread: 0x00002af248008000
RBP=0x00002af247025460 is pointing into the stack for thread: 0x00002af248008000
RSI=0x0000000000000000 is an unknown value
RDI=0x0000000000000000 is an unknown value
R8 =0x00002af248000088 is an unknown value
R9 =0x0000000000000001 is an unknown value
R10=0x0000000000000040 is an unknown value
R11=0x00002af246757660: <offset 0x79f660> in /usr/lib/jvm/java-1.6.0-openjdk-1.6.0.0.x86_64/jre/lib/amd64/server/libjvm.so at 0x00002af245fb8000
R12=0x00002af248a50b20 is an unknown value
R13=0x00002af2482db9c0 is an unknown value
R14=0x00002af2470254d0 is pointing into the stack for thread: 0x00002af248008000
R15=0x00002af248a50b20 is an unknown value


Stack: [0x00002af246f27000,0x00002af247028000],  sp=0x00002af247025420,  free space=1017k
Native frames: (J=compiled Java code, j=interpreted, Vv=VM code, C=native code)
C  [libzip.so+0x4522]  ZIP_Lock+0x252
C  [libzip.so+0x4ae2]  ZIP_GetEntry+0xc2
C  [libzip.so+0x3ae4]  Java_java_util_zip_ZipFile_getEntry+0xc4
j  java.util.zip.ZipFile.getEntry(JLjava/lang/String;Z)J+0
j  java.util.zip.ZipFile.getEntry(Ljava/lang/String;)Ljava/util/zip/ZipEntry;+31
j  java.util.jar.JarFile.getEntry(Ljava/lang/String;)Ljava/util/zip/ZipEntry;+2
j  sun.net.www.protocol.jar.URLJarFile.getEntry(Ljava/lang/String;)Ljava/util/zip/ZipEntry;+2
j  sun.net.www.protocol.jar.JarURLConnection.connect()V+62
j  sun.net.www.protocol.jar.JarURLConnection.getInputStream()Ljava/io/InputStream;+1
j  sun.misc.URLClassPath$Loader.getResource(Ljava/lang/String;Z)Lsun/misc/Resource;+48
j  sun.misc.URLClassPath.getResource(Ljava/lang/String;Z)Lsun/misc/Resource;+53
j  java.net.URLClassLoader$1.run()Ljava/lang/Object;+26
v  ~StubRoutines::call_stub
V  [libjvm.so+0x537e3e]  AsyncGetCallTrace+0xd776e
V  [libjvm.so+0x536ad8]  AsyncGetCallTrace+0xd6408
V  [libjvm.so+0x597140]  JVM_DoPrivileged+0x400
j  java.security.AccessController.doPrivileged(Ljava/security/PrivilegedExceptionAction;Ljava/security/AccessControlContext;)Ljava/lang/Object;+0
j  java.net.URLClassLoader.findClass(Ljava/lang/String;)Ljava/lang/Class;+13
j  org.java.plugin.standard.StandardPluginClassLoader.loadLocalClass(Ljava/lang/String;ZLorg/java/plugin/standard/StandardPluginClassLoader;)Ljava/lang/Class;+97
j  org.java.plugin.standard.StandardPluginClassLoader.loadClass(Ljava/lang/String;Z)Ljava/lang/Class;+62
j  java.lang.ClassLoader.loadClass(Ljava/lang/String;)Ljava/lang/Class;+3
j  org.svvrl.goal.core.CorePlugin.loadFormulaRewriters()V+63
j  org.svvrl.goal.core.CorePlugin.initApplication(Lorg/java/plugin/util/ExtendedProperties;[Ljava/lang/String;)Lorg/java/plugin/boot/Application;+170
j  org.java.plugin.boot.DefaultApplicationInitializer.initApplication(Lorg/java/plugin/boot/BootErrorHandler;[Ljava/lang/String;)Lorg/java/plugin/boot/Application;+530
j  org.java.plugin.boot.Boot.initApplication(Lorg/java/plugin/boot/BootErrorHandler;Lorg/java/plugin/util/ExtendedProperties;[Ljava/lang/String;)Lorg/java/plugin/boot/Application;+157
j  org.java.plugin.boot.Boot.boot(Lorg/java/plugin/util/ExtendedProperties;ZLjava/lang/String;Lorg/java/plugin/boot/BootErrorHandler;[Ljava/lang/String;)Lorg/java/plugin/boot/Application;+338
j  org.java.plugin.boot.Boot.main([Ljava/lang/String;)V+162
v  ~StubRoutines::call_stub
V  [libjvm.so+0x537e3e]  AsyncGetCallTrace+0xd776e
V  [libjvm.so+0x536ad8]  AsyncGetCallTrace+0xd6408
V  [libjvm.so+0x5452a7]  JNI_CreateJavaVM+0x12e7
V  [libjvm.so+0x55a4eb]  JNI_CreateJavaVM+0x1652b
C  [java+0x374d]  JavaMain+0xd0d

Java frames: (J=compiled Java code, j=interpreted, Vv=VM code)
j  java.util.zip.ZipFile.getEntry(JLjava/lang/String;Z)J+0
j  java.util.zip.ZipFile.getEntry(Ljava/lang/String;)Ljava/util/zip/ZipEntry;+31
j  java.util.jar.JarFile.getEntry(Ljava/lang/String;)Ljava/util/zip/ZipEntry;+2
j  sun.net.www.protocol.jar.URLJarFile.getEntry(Ljava/lang/String;)Ljava/util/zip/ZipEntry;+2
j  sun.net.www.protocol.jar.JarURLConnection.connect()V+62
j  sun.net.www.protocol.jar.JarURLConnection.getInputStream()Ljava/io/InputStream;+1
j  sun.misc.URLClassPath$Loader.getResource(Ljava/lang/String;Z)Lsun/misc/Resource;+48
j  sun.misc.URLClassPath.getResource(Ljava/lang/String;Z)Lsun/misc/Resource;+53
j  java.net.URLClassLoader$1.run()Ljava/lang/Object;+26
v  ~StubRoutines::call_stub
j  java.security.AccessController.doPrivileged(Ljava/security/PrivilegedExceptionAction;Ljava/security/AccessControlContext;)Ljava/lang/Object;+0
j  java.net.URLClassLoader.findClass(Ljava/lang/String;)Ljava/lang/Class;+13
j  org.java.plugin.standard.StandardPluginClassLoader.loadLocalClass(Ljava/lang/String;ZLorg/java/plugin/standard/StandardPluginClassLoader;)Ljava/lang/Class;+97
j  org.java.plugin.standard.StandardPluginClassLoader.loadClass(Ljava/lang/String;Z)Ljava/lang/Class;+62
j  java.lang.ClassLoader.loadClass(Ljava/lang/String;)Ljava/lang/Class;+3
j  org.svvrl.goal.core.CorePlugin.loadFormulaRewriters()V+63
j  org.svvrl.goal.core.CorePlugin.initApplication(Lorg/java/plugin/util/ExtendedProperties;[Ljava/lang/String;)Lorg/java/plugin/boot/Application;+170
j  org.java.plugin.boot.DefaultApplicationInitializer.initApplication(Lorg/java/plugin/boot/BootErrorHandler;[Ljava/lang/String;)Lorg/java/plugin/boot/Application;+530
j  org.java.plugin.boot.Boot.initApplication(Lorg/java/plugin/boot/BootErrorHandler;Lorg/java/plugin/util/ExtendedProperties;[Ljava/lang/String;)Lorg/java/plugin/boot/Application;+157
j  org.java.plugin.boot.Boot.boot(Lorg/java/plugin/util/ExtendedProperties;ZLjava/lang/String;Lorg/java/plugin/boot/BootErrorHandler;[Ljava/lang/String;)Lorg/java/plugin/boot/Application;+338
j  org.java.plugin.boot.Boot.main([Ljava/lang/String;)V+162
v  ~StubRoutines::call_stub

---------------  P R O C E S S  ---------------

Java Threads: ( => current thread )
  0x00002af248101800 JavaThread "Low Memory Detector" daemon [_thread_blocked, id=19388, stack(0x00002af28a194000,0x00002af28a295000)]
  0x00002af2480ff000 JavaThread "C2 CompilerThread1" daemon [_thread_blocked, id=19387, stack(0x00002af28a093000,0x00002af28a194000)]
  0x00002af2480fc800 JavaThread "C2 CompilerThread0" daemon [_thread_blocked, id=19386, stack(0x00002af289f92000,0x00002af28a093000)]
  0x00002af2480fa000 JavaThread "Signal Dispatcher" daemon [_thread_blocked, id=19385, stack(0x00002af289e91000,0x00002af289f92000)]
  0x00002af2480ab800 JavaThread "Finalizer" daemon [_thread_blocked, id=19384, stack(0x00002af274f93000,0x00002af275094000)]
  0x00002af2480a9800 JavaThread "Reference Handler" daemon [_thread_blocked, id=19383, stack(0x00002af274e92000,0x00002af274f93000)]
=>0x00002af248008000 JavaThread "main" [_thread_in_native, id=19373, stack(0x00002af246f27000,0x00002af247028000)]

Other Threads:
  0x00002af24809a800 VMThread [stack: 0x00002af274d91000,0x00002af274e92000] [id=19382]
  0x00002af24810c800 WatcherThread [stack: 0x00002af28a295000,0x00002af28a396000] [id=19389]

VM state:not at safepoint (normal execution)

VM Mutex/Monitor currently owned by a thread: None

Heap
 PSYoungGen      total 305856K, used 78736K [0x00000000eaab0000, 0x0000000100000000, 0x0000000100000000)
  eden space 262208K, 30% used [0x00000000eaab0000,0x00000000ef7941e8,0x00000000faac0000)
  from space 43648K, 0% used [0x00000000fd560000,0x00000000fd560000,0x0000000100000000)
  to   space 43648K, 0% used [0x00000000faac0000,0x00000000faac0000,0x00000000fd560000)
 ParOldGen       total 699072K, used 0K [0x00000000c0000000, 0x00000000eaab0000, 0x00000000eaab0000)
  object space 699072K, 0% used [0x00000000c0000000,0x00000000c0000000,0x00000000eaab0000)
 PSPermGen       total 21248K, used 8073K [0x00000000b5a00000, 0x00000000b6ec0000, 0x00000000c0000000)
  object space 21248K, 37% used [0x00000000b5a00000,0x00000000b61e27a0,0x00000000b6ec0000)

Card table byte_map: [0x00002af24f0c0000,0x00002af24f314000] byte_map_base: 0x00002af24eb13000

Polling page: 0x00002af247468000

Code Cache  [0x00002af24c000000, 0x00002af24c270000, 0x00002af24f000000)
 total_blobs=371 nmethods=142 adapters=182 free_code_cache=48306Kb largest_free_block=49429504

Compilation events (10 events):
Event: 5.915 Thread 0x00002af2480fc800  136             org.svvrl.goal.core.logic.ltl.LTL::<init> (5 bytes)
Event: 5.915 Thread 0x00002af2480fc800 nmethod 136 0x00002af24c0c37d0 code [0x00002af24c0c3900, 0x00002af24c0c3958]
Event: 5.926 Thread 0x00002af2480ff000  138             org.svvrl.goal.core.logic.ltl.LTLAnd::getPrecedence (2 bytes)
Event: 5.926 Thread 0x00002af2480ff000 nmethod 138 0x00002af24c0c1e90 code [0x00002af24c0c1fc0, 0x00002af24c0c2018]
Event: 5.931 Thread 0x00002af2480fc800  139             java.util.HashMap$Entry::getKey (5 bytes)
Event: 5.931 Thread 0x00002af2480fc800 nmethod 139 0x00002af24c0c2090 code [0x00002af24c0c21c0, 0x00002af24c0c2218]
Event: 5.942 Thread 0x00002af2480ff000  140             org.svvrl.goal.core.logic.ltl.LTLBinary::<init> (25 bytes)
Event: 5.943 Thread 0x00002af2480ff000 nmethod 140 0x00002af24c0b23d0 code [0x00002af24c0b2500, 0x00002af24c0b2578]
Event: 5.943 Thread 0x00002af2480fc800  141             java.util.HashMap::containsKey (14 bytes)
Event: 5.949 Thread 0x00002af2480fc800 nmethod 141 0x00002af24c0b1b50 code [0x00002af24c0b1cc0, 0x00002af24c0b2098]

GC Heap History (0 events):
No events

Deoptimization events (10 events):
Event: 5.461 Thread 0x00002af248008000 Uncommon trap -34 fr.pc 0x00002af24c05ea30
Event: 5.612 Thread 0x00002af248008000 Uncommon trap -83 fr.pc 0x00002af24c0b2f3c
Event: 5.779 Thread 0x00002af248008000 Uncommon trap -34 fr.pc 0x00002af24c0b125c
Event: 5.780 Thread 0x00002af248008000 Uncommon trap -34 fr.pc 0x00002af24c0b125c
Event: 5.780 Thread 0x00002af248008000 Uncommon trap -34 fr.pc 0x00002af24c0b125c
Event: 5.780 Thread 0x00002af248008000 Uncommon trap -34 fr.pc 0x00002af24c0b125c
Event: 6.618 Thread 0x00002af248008000 Uncommon trap -34 fr.pc 0x00002af24c0b8918
Event: 6.619 Thread 0x00002af248008000 Uncommon trap -34 fr.pc 0x00002af24c0b8918
Event: 6.619 Thread 0x00002af248008000 Uncommon trap -34 fr.pc 0x00002af24c0b8918
Event: 6.619 Thread 0x00002af248008000 Uncommon trap -34 fr.pc 0x00002af24c0b8918

Internal exceptions (10 events):
Event: 5.629 Thread 0x00002af248008000 Threw 0x00000000ec80ebb8 at /builddir/build/BUILD/icedtea6-1.13.4/openjdk/hotspot/src/share/vm/prims/jvm.cpp:1235
Event: 5.630 Thread 0x00002af248008000 Threw 0x00000000ec80efe8 at /builddir/build/BUILD/icedtea6-1.13.4/openjdk/hotspot/src/share/vm/prims/jvm.cpp:1235
Event: 5.640 Thread 0x00002af248008000 Threw 0x00000000ec86efa0 at /builddir/build/BUILD/icedtea6-1.13.4/openjdk/hotspot/src/share/vm/classfile/systemDictionary.cpp:179
Event: 5.640 Thread 0x00002af248008000 Threw 0x00000000ec86f338 at /builddir/build/BUILD/icedtea6-1.13.4/openjdk/hotspot/src/share/vm/prims/jvm.cpp:1235
Event: 5.640 Thread 0x00002af248008000 Threw 0x00000000ec86f780 at /builddir/build/BUILD/icedtea6-1.13.4/openjdk/hotspot/src/share/vm/prims/jvm.cpp:1235
Event: 6.618 Thread 0x00002af248008000 Threw 0x00000000ef45e880 at /builddir/build/BUILD/icedtea6-1.13.4/openjdk/hotspot/src/share/vm/prims/jni.cpp:716
Event: 6.618 Thread 0x00002af248008000 Threw 0x00000000ef45eba0 at /builddir/build/BUILD/icedtea6-1.13.4/openjdk/hotspot/src/share/vm/prims/jvm.cpp:1235
Event: 6.618 Thread 0x00002af248008000 Threw 0x00000000ef45ee28 at /builddir/build/BUILD/icedtea6-1.13.4/openjdk/hotspot/src/share/vm/classfile/systemDictionary.cpp:179
Event: 6.618 Thread 0x00002af248008000 Threw 0x00000000ef45f180 at /builddir/build/BUILD/icedtea6-1.13.4/openjdk/hotspot/src/share/vm/prims/jvm.cpp:1235
Event: 6.618 Thread 0x00002af248008000 Threw 0x00000000ef45f588 at /builddir/build/BUILD/icedtea6-1.13.4/openjdk/hotspot/src/share/vm/prims/jvm.cpp:1235

Events (10 events):
Event: 6.618 loading class 0x00002af248a504a0
Event: 6.618 loading class 0x00002af248a504a0 done
Event: 6.619 Thread 0x00002af248008000 DEOPT PACKING pc=0x00002af24c0b8918 sp=0x00002af2470264e0
Event: 6.619 Thread 0x00002af248008000 DEOPT UNPACKING pc=0x00002af24c039145 sp=0x00002af2470264a8 mode 2
Event: 6.619 Thread 0x00002af248008000 DEOPT PACKING pc=0x00002af24c0b8918 sp=0x00002af2470264f0
Event: 6.619 Thread 0x00002af248008000 DEOPT UNPACKING pc=0x00002af24c039145 sp=0x00002af2470264b8 mode 2
Event: 6.619 Thread 0x00002af248008000 DEOPT PACKING pc=0x00002af24c0b8918 sp=0x00002af2470264f0
Event: 6.619 Thread 0x00002af248008000 DEOPT UNPACKING pc=0x00002af24c039145 sp=0x00002af2470264b8 mode 2
Event: 6.619 Thread 0x00002af248008000 DEOPT PACKING pc=0x00002af24c0b8918 sp=0x00002af2470264f0
Event: 6.619 Thread 0x00002af248008000 DEOPT UNPACKING pc=0x00002af24c039145 sp=0x00002af2470264b8 mode 2


Dynamic libraries:
00400000-00409000 r-xp 00000000 fd:01 5993                               /usr/lib/jvm/java-1.6.0-openjdk-1.6.0.0.x86_64/jre/bin/java
00608000-0060a000 rw-p 00008000 fd:01 5993                               /usr/lib/jvm/java-1.6.0-openjdk-1.6.0.0.x86_64/jre/bin/java
00bbf000-00be0000 rw-p 00000000 00:00 0                                  [heap]
b5a00000-b6ec0000 rw-p 00000000 00:00 0 
b6ec0000-c0000000 rw-p 00000000 00:00 0 
c0000000-100000000 rw-p 00000000 00:00 0 
364f800000-364f820000 r-xp 00000000 fd:01 130582                         /lib64/ld-2.12.so
364fa1f000-364fa20000 r--p 0001f000 fd:01 130582                         /lib64/ld-2.12.so
364fa20000-364fa21000 rw-p 00020000 fd:01 130582                         /lib64/ld-2.12.so
364fa21000-364fa22000 rw-p 00000000 00:00 0 
364fc00000-364fd8a000 r-xp 00000000 fd:01 130613                         /lib64/libc-2.12.so
364fd8a000-364ff8a000 ---p 0018a000 fd:01 130613                         /lib64/libc-2.12.so
364ff8a000-364ff8e000 r--p 0018a000 fd:01 130613                         /lib64/libc-2.12.so
364ff8e000-364ff8f000 rw-p 0018e000 fd:01 130613                         /lib64/libc-2.12.so
364ff8f000-364ff94000 rw-p 00000000 00:00 0 
3650000000-3650004000 r-xp 00000000 fd:01 13573                          /usr/lib/jvm/java-1.6.0-openjdk-1.6.0.0.x86_64/jre/lib/amd64/jli/libjli.so
3650004000-3650203000 ---p 00004000 fd:01 13573                          /usr/lib/jvm/java-1.6.0-openjdk-1.6.0.0.x86_64/jre/lib/amd64/jli/libjli.so
3650203000-3650204000 rw-p 00003000 fd:01 13573                          /usr/lib/jvm/java-1.6.0-openjdk-1.6.0.0.x86_64/jre/lib/amd64/jli/libjli.so
3650400000-3650417000 r-xp 00000000 fd:01 130636                         /lib64/libpthread-2.12.so
3650417000-3650617000 ---p 00017000 fd:01 130636                         /lib64/libpthread-2.12.so
3650617000-3650618000 r--p 00017000 fd:01 130636                         /lib64/libpthread-2.12.so
3650618000-3650619000 rw-p 00018000 fd:01 130636                         /lib64/libpthread-2.12.so
3650619000-365061d000 rw-p 00000000 00:00 0 
3650800000-3650802000 r-xp 00000000 fd:01 130624                         /lib64/libdl-2.12.so
3650802000-3650a02000 ---p 00002000 fd:01 130624                         /lib64/libdl-2.12.so
3650a02000-3650a03000 r--p 00002000 fd:01 130624                         /lib64/libdl-2.12.so
3650a03000-3650a04000 rw-p 00003000 fd:01 130624                         /lib64/libdl-2.12.so
3650c00000-3650c15000 r-xp 00000000 fd:01 130638                         /lib64/libz.so.1.2.3
3650c15000-3650e14000 ---p 00015000 fd:01 130638                         /lib64/libz.so.1.2.3
3650e14000-3650e15000 r--p 00014000 fd:01 130638                         /lib64/libz.so.1.2.3
3650e15000-3650e16000 rw-p 00015000 fd:01 130638                         /lib64/libz.so.1.2.3
3651000000-3651007000 r-xp 00000000 fd:01 132701                         /lib64/librt-2.12.so
3651007000-3651206000 ---p 00007000 fd:01 132701                         /lib64/librt-2.12.so
3651206000-3651207000 r--p 00006000 fd:01 132701                         /lib64/librt-2.12.so
3651207000-3651208000 rw-p 00007000 fd:01 132701                         /lib64/librt-2.12.so
3651800000-3651816000 r-xp 00000000 fd:01 133662                         /lib64/libgcc_s-4.4.7-20120601.so.1
3651816000-3651a15000 ---p 00016000 fd:01 133662                         /lib64/libgcc_s-4.4.7-20120601.so.1
3651a15000-3651a16000 rw-p 00015000 fd:01 133662                         /lib64/libgcc_s-4.4.7-20120601.so.1
3653000000-36530e8000 r-xp 00000000 fd:01 49938                          /usr/lib64/libstdc++.so.6.0.13
36530e8000-36532e8000 ---p 000e8000 fd:01 49938                          /usr/lib64/libstdc++.so.6.0.13
36532e8000-36532ef000 r--p 000e8000 fd:01 49938                          /usr/lib64/libstdc++.so.6.0.13
36532ef000-36532f1000 rw-p 000ef000 fd:01 49938                          /usr/lib64/libstdc++.so.6.0.13
36532f1000-3653306000 rw-p 00000000 00:00 0 
365c200000-365c216000 r-xp 00000000 fd:01 137559                         /lib64/libnsl-2.12.so
365c216000-365c415000 ---p 00016000 fd:01 137559                         /lib64/libnsl-2.12.so
365c415000-365c416000 r--p 00015000 fd:01 137559                         /lib64/libnsl-2.12.so
365c416000-365c417000 rw-p 00016000 fd:01 137559                         /lib64/libnsl-2.12.so
365c417000-365c419000 rw-p 00000000 00:00 0 
2af245f9d000-2af245f9e000 rw-p 00000000 00:00 0 
2af245fb4000-2af245fb8000 rw-p 00000000 00:00 0 
2af245fb8000-2af2469c3000 r-xp 00000000 fd:01 23213                      /usr/lib/jvm/java-1.6.0-openjdk-1.6.0.0.x86_64/jre/lib/amd64/server/libjvm.so
2af2469c3000-2af246bc3000 ---p 00a0b000 fd:01 23213                      /usr/lib/jvm/java-1.6.0-openjdk-1.6.0.0.x86_64/jre/lib/amd64/server/libjvm.so
2af246bc3000-2af246c64000 rw-p 00a0b000 fd:01 23213                      /usr/lib/jvm/java-1.6.0-openjdk-1.6.0.0.x86_64/jre/lib/amd64/server/libjvm.so
2af246c64000-2af246c8d000 rw-p 00000000 00:00 0 
2af246ca3000-2af246d26000 r-xp 00000000 fd:01 130627                     /lib64/libm-2.12.so
2af246d26000-2af246f25000 ---p 00083000 fd:01 130627                     /lib64/libm-2.12.so
2af246f25000-2af246f26000 r--p 00082000 fd:01 130627                     /lib64/libm-2.12.so
2af246f26000-2af246f27000 rw-p 00083000 fd:01 130627                     /lib64/libm-2.12.so
2af246f27000-2af246f2a000 ---p 00000000 00:00 0 
2af246f2a000-2af247028000 rw-p 00000000 00:00 0 
2af247028000-2af247036000 r-xp 00000000 fd:01 23207                      /usr/lib/jvm/java-1.6.0-openjdk-1.6.0.0.x86_64/jre/lib/amd64/libverify.so
2af247036000-2af247236000 ---p 0000e000 fd:01 23207                      /usr/lib/jvm/java-1.6.0-openjdk-1.6.0.0.x86_64/jre/lib/amd64/libverify.so
2af247236000-2af247238000 rw-p 0000e000 fd:01 23207                      /usr/lib/jvm/java-1.6.0-openjdk-1.6.0.0.x86_64/jre/lib/amd64/libverify.so
2af247238000-2af247265000 r-xp 00000000 fd:01 23159                      /usr/lib/jvm/java-1.6.0-openjdk-1.6.0.0.x86_64/jre/lib/amd64/libjava.so
2af247265000-2af247464000 ---p 0002d000 fd:01 23159                      /usr/lib/jvm/java-1.6.0-openjdk-1.6.0.0.x86_64/jre/lib/amd64/libjava.so
2af247464000-2af247468000 rw-p 0002c000 fd:01 23159                      /usr/lib/jvm/java-1.6.0-openjdk-1.6.0.0.x86_64/jre/lib/amd64/libjava.so
2af247468000-2af247469000 r--p 00000000 00:00 0 
2af247469000-2af24746a000 rw-p 00000000 00:00 0 
2af24746a000-2af24749f000 r--s 00000000 fd:02 128540                     /var/db/nscd/passwd
2af24749f000-2af2474a7000 rw-s 00000000 fd:03 38                         /tmp/hsperfdata_dw07r324/19372
2af2474a7000-2af2474ae000 r-xp 00000000 fd:01 23208                      /usr/lib/jvm/java-1.6.0-openjdk-1.6.0.0.x86_64/jre/lib/amd64/libzip.so
2af2474ae000-2af2476ae000 ---p 00007000 fd:01 23208                      /usr/lib/jvm/java-1.6.0-openjdk-1.6.0.0.x86_64/jre/lib/amd64/libzip.so
2af2476ae000-2af2476af000 rw-p 00007000 fd:01 23208                      /usr/lib/jvm/java-1.6.0-openjdk-1.6.0.0.x86_64/jre/lib/amd64/libzip.so
2af248000000-2af248b38000 rw-p 00000000 00:00 0 
2af248b38000-2af24c000000 ---p 00000000 00:00 0 
2af24c000000-2af24c270000 rwxp 00000000 00:00 0 
2af24c270000-2af24f000000 rw-p 00000000 00:00 0 
2af24f000000-2af24f00a000 rw-p 00000000 00:00 0 
2af24f00a000-2af24f0c0000 rw-p 00000000 00:00 0 
2af24f0c0000-2af24f0cb000 rw-p 00000000 00:00 0 
2af24f0cb000-2af24f113000 rw-p 00000000 00:00 0 
2af24f113000-2af24f475000 rw-p 00000000 00:00 0 
2af24f475000-2af24f4bd000 rw-p 00000000 00:00 0 
2af24f4bd000-2af24f4be000 ---p 00000000 00:00 0 
2af24f4be000-2af24f5be000 rw-p 00000000 00:00 0 
2af24f5be000-2af24f5bf000 ---p 00000000 00:00 0 
2af24f5bf000-2af24f6bf000 rw-p 00000000 00:00 0 
2af24f6bf000-2af24f6c0000 ---p 00000000 00:00 0 
2af24f6c0000-2af24f7c0000 rw-p 00000000 00:00 0 
2af24f7c0000-2af24f7c1000 ---p 00000000 00:00 0 
2af24f7c1000-2af24f8c1000 rw-p 00000000 00:00 0 
2af24f8c1000-2af24f8c2000 ---p 00000000 00:00 0 
2af24f8c2000-2af24f9c2000 rw-p 00000000 00:00 0 
2af24f9c2000-2af24f9c3000 ---p 00000000 00:00 0 
2af24f9c3000-2af24fac3000 rw-p 00000000 00:00 0 
2af24fac3000-2af24fac4000 ---p 00000000 00:00 0 
2af24fac4000-2af24fbc4000 rw-p 00000000 00:00 0 
2af24fbc4000-2af24fbc5000 ---p 00000000 00:00 0 
2af24fbc5000-2af24fcc5000 rw-p 00000000 00:00 0 
2af250000000-2af250021000 rw-p 00000000 00:00 0 
2af250021000-2af254000000 ---p 00000000 00:00 0 
2af254000000-2af254021000 rw-p 00000000 00:00 0 
2af254021000-2af258000000 ---p 00000000 00:00 0 
2af258000000-2af258021000 rw-p 00000000 00:00 0 
2af258021000-2af25c000000 ---p 00000000 00:00 0 
2af25c000000-2af25c021000 rw-p 00000000 00:00 0 
2af25c021000-2af260000000 ---p 00000000 00:00 0 
2af260000000-2af262ea4000 rw-p 00000000 00:00 0 
2af262ea4000-2af26303a000 r--s 01a15000 fd:01 23288                      /usr/lib/jvm/java-1.6.0-openjdk-1.6.0.0.x86_64/jre/lib/rt.jar
2af26303a000-2af263f20000 rw-p 00000000 00:00 0 
2af264000000-2af264021000 rw-p 00000000 00:00 0 
2af264021000-2af268000000 ---p 00000000 00:00 0 
2af268000000-2af268021000 rw-p 00000000 00:00 0 
2af268021000-2af26c000000 ---p 00000000 00:00 0 
2af26c000000-2af26c021000 rw-p 00000000 00:00 0 
2af26c021000-2af270000000 ---p 00000000 00:00 0 
2af270000000-2af270021000 rw-p 00000000 00:00 0 
2af270021000-2af274000000 ---p 00000000 00:00 0 
2af274000000-2af274d91000 rw-p 00000000 00:00 0 
2af274d91000-2af274d92000 ---p 00000000 00:00 0 
2af274d92000-2af274e92000 rw-p 00000000 00:00 0 
2af274e92000-2af274e95000 ---p 00000000 00:00 0 
2af274e95000-2af274f93000 rw-p 00000000 00:00 0 
2af274f93000-2af274f96000 ---p 00000000 00:00 0 
2af274f96000-2af275094000 rw-p 00000000 00:00 0 
2af278000000-2af278021000 rw-p 00000000 00:00 0 
2af278021000-2af27c000000 ---p 00000000 00:00 0 
2af27c000000-2af27c021000 rw-p 00000000 00:00 0 
2af27c021000-2af280000000 ---p 00000000 00:00 0 
2af280000000-2af280021000 rw-p 00000000 00:00 0 
2af280021000-2af284000000 ---p 00000000 00:00 0 
2af284000000-2af289e91000 r--p 00000000 fd:01 49935                      /usr/lib/locale/locale-archive
2af289e91000-2af289e94000 ---p 00000000 00:00 0 
2af289e94000-2af289f92000 rw-p 00000000 00:00 0 
2af289f92000-2af289f95000 ---p 00000000 00:00 0 
2af289f95000-2af28a093000 rw-p 00000000 00:00 0 
2af28a093000-2af28a096000 ---p 00000000 00:00 0 
2af28a096000-2af28a194000 rw-p 00000000 00:00 0 
2af28a194000-2af28a197000 ---p 00000000 00:00 0 
2af28a197000-2af28a295000 rw-p 00000000 00:00 0 
2af28a295000-2af28a296000 ---p 00000000 00:00 0 
2af28a296000-2af28a396000 rw-p 00000000 00:00 0 
2af28a396000-2af28a398000 r--s 00009000 00:35 125760574                  /mmfs/automount/gpfs/homefs/sm/dw07r324/bin/GOAL-20140808/lib/jpf-boot.jar
2af28a398000-2af28a39b000 r--s 0000f000 fd:01 23233                      /usr/lib/jvm/java-1.6.0-openjdk-1.6.0.0.x86_64/jre/lib/ext/pulse-java.jar
2af28a39b000-2af28a3a4000 r--s 00065000 fd:01 23228                      /usr/lib/jvm/java-1.6.0-openjdk-1.6.0.0.x86_64/jre/lib/ext/gnome-java-bridge.jar
2af28a3a4000-2af28a3a6000 r--s 00009000 00:35 125760574                  /mmfs/automount/gpfs/homefs/sm/dw07r324/bin/GOAL-20140808/lib/jpf-boot.jar
2af28a3a6000-2af28a3aa000 r--s 0003c000 fd:01 14238                      /usr/lib/jvm/java-1.6.0-openjdk-1.6.0.0.x86_64/jre/lib/jsse.jar
2af28a3aa000-2af28a3af000 r--s 0002d000 00:35 125760577                  /mmfs/automount/gpfs/homefs/sm/dw07r324/bin/GOAL-20140808/lib/jpf.jar
2af28a3af000-2af28a3b1000 r--s 0000d000 00:35 125760571                  /mmfs/automount/gpfs/homefs/sm/dw07r324/bin/GOAL-20140808/lib/commons-logging.jar
2af28a3b1000-2af28a3b3000 r--s 00012000 00:35 125760576                  /mmfs/automount/gpfs/homefs/sm/dw07r324/bin/GOAL-20140808/lib/jpf-tools.jar
2af28a3b3000-2af28a3ba000 r--s 00039000 00:35 125760578                  /mmfs/automount/gpfs/homefs/sm/dw07r324/bin/GOAL-20140808/lib/jxp.jar
2af28a3ba000-2af28a3bc000 r--s 00004000 00:35 125760570                  /mmfs/automount/gpfs/homefs/sm/dw07r324/bin/GOAL-20140808/lib/AppleJavaExtensions.jar
2af28a3bc000-2af28a3c1000 r--s 0002a000 00:35 125760572                  /mmfs/automount/gpfs/homefs/sm/dw07r324/bin/GOAL-20140808/lib/gson-2.2.2.jar
2af28a3c1000-2af28a3c4000 r--s 0001a000 00:35 125760579                  /mmfs/automount/gpfs/homefs/sm/dw07r324/bin/GOAL-20140808/lib/minijdd_104.jar
2af28a3c4000-2af28a3e7000 r--s 0022d000 00:35 122256173                  /mmfs/automount/gpfs/homefs/sm/dw07r324/bin/GOAL-20140808/.jpf-shadow/org.svvrl.goal.core@2014.8.8.zip
2af28a3e7000-2af28a48a000 r-xp 00000000 fd:01 13434                      /usr/lib/jvm/java-1.6.0-openjdk-1.6.0.0.x86_64/jre/lib/amd64/libawt.so
2af28a48a000-2af28a68a000 ---p 000a3000 fd:01 13434                      /usr/lib/jvm/java-1.6.0-openjdk-1.6.0.0.x86_64/jre/lib/amd64/libawt.so
2af28a68a000-2af28a696000 rw-p 000a3000 fd:01 13434                      /usr/lib/jvm/java-1.6.0-openjdk-1.6.0.0.x86_64/jre/lib/amd64/libawt.so
2af28a696000-2af28a6ba000 rw-p 00000000 00:00 0 
2af28a6ba000-2af28a6c0000 r-xp 00000000 fd:01 8525                       /usr/lib/jvm/java-1.6.0-openjdk-1.6.0.0.x86_64/jre/lib/amd64/headless/libmawt.so
2af28a6c0000-2af28a8bf000 ---p 00006000 fd:01 8525                       /usr/lib/jvm/java-1.6.0-openjdk-1.6.0.0.x86_64/jre/lib/amd64/headless/libmawt.so
2af28a8bf000-2af28a8c0000 rw-p 00005000 fd:01 8525                       /usr/lib/jvm/java-1.6.0-openjdk-1.6.0.0.x86_64/jre/lib/amd64/headless/libmawt.so
2af28a8c0000-2af28a8c2000 rw-p 00000000 00:00 0 
2af28c000000-2af28c021000 rw-p 00000000 00:00 0 
2af28c021000-2af290000000 ---p 00000000 00:00 0 
2af290000000-2af291393000 rw-p 00000000 00:00 0 
2af291393000-2af294000000 ---p 00000000 00:00 0 
2af294000000-2af294cd4000 rw-p 00000000 00:00 0 
2af294cd4000-2af298000000 ---p 00000000 00:00 0 
2af298000000-2af298021000 rw-p 00000000 00:00 0 
2af298021000-2af29c000000 ---p 00000000 00:00 0 
2af29c000000-2af29c021000 rw-p 00000000 00:00 0 
2af29c021000-2af2a0000000 ---p 00000000 00:00 0 
7fff97d26000-7fff97d5c000 rw-p 00000000 00:00 0                          [stack]
7fff97dff000-7fff97e00000 r-xp 00000000 00:00 0                          [vdso]
ffffffffff600000-ffffffffff601000 r-xp 00000000 00:00 0                  [vsyscall]

VM Arguments:
jvm_args: -Xmx1G -Xms1G -DapplicationRoot=/home/ubelix/sm/dw07r324/bin/GOAL-20140808 -Dorg.java.plugin.boot.pluginsRepositories=/home/ubelix/sm/dw07r324/bin/GOAL-20140808/plugins -Djpf.boot.config=/home/ubelix/sm/dw07r324/bin/GOAL-20140808/boot.properties -Dorg.apache.commons.logging.Log=org.apache.commons.logging.impl.SimpleLog -Dorg.apache.commons.logging.simplelog.log.org.java.plugin=fatal 
java_command: /home/ubelix/sm/dw07r324/bin/GOAL-20140808/lib/jpf-boot.jar complement -m piterman -eq -macc -sp -ro -r /scratch/local/8663605.1.all.q/test_set_s15/s15_t1.8_a0.1_048.gff
Launcher Type: SUN_STANDARD

Environment Variables:
CLASSPATH=/home/ubelix/sm/dw07r324/bin/GOAL-20140808:/home/ubelix/sm/dw07r324/bin/GOAL-20140808/plugins:/home/ubelix/sm/dw07r324/bin/GOAL-20140808/lib:
PATH=/scratch/local/8663605.1.all.q:/usr/lib64/qt-3.3/bin:/usr/local/bin:/bin:/usr/bin:/usr/local/sbin:/usr/sbin:/sbin:/usr/lpp/mmfs/bin:/home/ubelix/sm/dw07r324/bin/GOAL-20140808:/home/ubelix/sm/dw07r324/bin/gnu_time/bin:/usr/lpp/mmfs/bin
LD_LIBRARY_PATH=/usr/lib/jvm/java-1.6.0-openjdk-1.6.0.0.x86_64/jre/lib/amd64/server:/usr/lib/jvm/java-1.6.0-openjdk-1.6.0.0.x86_64/jre/lib/amd64:/usr/lib/jvm/java-1.6.0-openjdk-1.6.0.0.x86_64/jre/../lib/amd64
SHELL=/bin/bash

Signal Handlers:
SIGSEGV: [libjvm.so+0x870a40], sa_mask[0]=0x7ffbfeff, sa_flags=0x10000004
SIGBUS: [libjvm.so+0x870a40], sa_mask[0]=0x7ffbfeff, sa_flags=0x10000004
SIGFPE: [libjvm.so+0x719240], sa_mask[0]=0x7ffbfeff, sa_flags=0x10000004
SIGPIPE: [libjvm.so+0x719240], sa_mask[0]=0x7ffbfeff, sa_flags=0x10000004
SIGXFSZ: [libjvm.so+0x719240], sa_mask[0]=0x7ffbfeff, sa_flags=0x10000004
SIGILL: [libjvm.so+0x719240], sa_mask[0]=0x7ffbfeff, sa_flags=0x10000004
SIGUSR1: SIG_DFL, sa_mask[0]=0x00000000, sa_flags=0x00000000
SIGUSR2: [libjvm.so+0x718d60], sa_mask[0]=0x00000000, sa_flags=0x10000004
SIGHUP: [libjvm.so+0x71bdf0], sa_mask[0]=0x7ffbfeff, sa_flags=0x10000004
SIGINT: [libjvm.so+0x71bdf0], sa_mask[0]=0x7ffbfeff, sa_flags=0x10000004
SIGTERM: [libjvm.so+0x71bdf0], sa_mask[0]=0x7ffbfeff, sa_flags=0x10000004
SIGQUIT: [libjvm.so+0x71bdf0], sa_mask[0]=0x7ffbfeff, sa_flags=0x10000004


---------------  S Y S T E M  ---------------

OS:Red Hat Enterprise Linux ComputeNode release 6.5 (Santiago)

uname:Linux 2.6.32-431.29.2.el6.x86_64 #1 SMP Sun Jul 27 15:55:46 EDT 2014 x86_64
libc:glibc 2.12 NPTL 2.12 
rlimit: STACK infinity, CORE infinity, NPROC 127431, NOFILE 4096, AS 8388608k
load average:3.53 3.62 3.59

/proc/meminfo:
MemTotal:       16331612 kB
MemFree:         5020504 kB
Buffers:           14800 kB
Cached:          6089672 kB
SwapCached:           88 kB
Active:          2855792 kB
Inactive:        3772836 kB
Active(anon):     460820 kB
Inactive(anon):    63548 kB
Active(file):    2394972 kB
Inactive(file):  3709288 kB
Unevictable:     4082900 kB
Mlocked:         4082900 kB
SwapTotal:       8388604 kB
SwapFree:        8388380 kB
Dirty:                96 kB
Writeback:             0 kB
AnonPages:       4607048 kB
Mapped:            98800 kB
Shmem:               192 kB
Slab:             374364 kB
SReclaimable:     307008 kB
SUnreclaim:        67356 kB
KernelStack:        4704 kB
PageTables:        16744 kB
NFS_Unstable:          0 kB
Bounce:                0 kB
WritebackTmp:          0 kB
CommitLimit:    16554408 kB
Committed_AS:    6812748 kB
VmallocTotal:   34359738367 kB
VmallocUsed:      109412 kB
VmallocChunk:   34351234244 kB
HardwareCorrupted:     0 kB
AnonHugePages:         0 kB
HugePages_Total:       0
HugePages_Free:        0
HugePages_Rsvd:        0
HugePages_Surp:        0
Hugepagesize:       2048 kB
DirectMap4k:        9920 kB
DirectMap2M:     2086912 kB
DirectMap1G:    14680064 kB


CPU:total 8 (4 cores per cpu, 1 threads per core) family 16 model 2 stepping 3, cmov, cx8, fxsr, mmx, sse, sse2, sse3, popcnt, mmxext, 3dnowpref, lzcnt, sse4a, tsc, tscinvbit, tscinv

/proc/cpuinfo:
processor	: 0
vendor_id	: AuthenticAMD
cpu family	: 16
model		: 2
model name	: Quad-Core AMD Opteron(tm) Processor 2354
stepping	: 3
cpu MHz		: 2200.000
cache size	: 512 KB
physical id	: 0
siblings	: 4
core id		: 0
cpu cores	: 4
apicid		: 0
initial apicid	: 0
fpu		: yes
fpu_exception	: yes
cpuid level	: 5
wp		: yes
flags		: fpu vme de pse tsc msr pae mce cx8 apic sep mtrr pge mca cmov pat pse36 clflush mmx fxsr sse sse2 ht syscall nx mmxext fxsr_opt pdpe1gb rdtscp lm 3dnowext 3dnow constant_tsc rep_good nonstop_tsc extd_apicid pni monitor cx16 popcnt lahf_lm cmp_legacy svm extapic cr8_legacy abm sse4a misalignsse 3dnowprefetch osvw ibs npt lbrv svm_lock
bogomips	: 4422.88
TLB size	: 1024 4K pages
clflush size	: 64
cache_alignment	: 64
address sizes	: 48 bits physical, 48 bits virtual
power management: ts ttp tm stc 100mhzsteps hwpstate

processor	: 1
vendor_id	: AuthenticAMD
cpu family	: 16
model		: 2
model name	: Quad-Core AMD Opteron(tm) Processor 2354
stepping	: 3
cpu MHz		: 2200.000
cache size	: 512 KB
physical id	: 0
siblings	: 4
core id		: 1
cpu cores	: 4
apicid		: 1
initial apicid	: 1
fpu		: yes
fpu_exception	: yes
cpuid level	: 5
wp		: yes
flags		: fpu vme de pse tsc msr pae mce cx8 apic sep mtrr pge mca cmov pat pse36 clflush mmx fxsr sse sse2 ht syscall nx mmxext fxsr_opt pdpe1gb rdtscp lm 3dnowext 3dnow constant_tsc rep_good nonstop_tsc extd_apicid pni monitor cx16 popcnt lahf_lm cmp_legacy svm extapic cr8_legacy abm sse4a misalignsse 3dnowprefetch osvw ibs npt lbrv svm_lock
bogomips	: 4422.88
TLB size	: 1024 4K pages
clflush size	: 64
cache_alignment	: 64
address sizes	: 48 bits physical, 48 bits virtual
power management: ts ttp tm stc 100mhzsteps hwpstate

processor	: 2
vendor_id	: AuthenticAMD
cpu family	: 16
model		: 2
model name	: Quad-Core AMD Opteron(tm) Processor 2354
stepping	: 3
cpu MHz		: 2200.000
cache size	: 512 KB
physical id	: 0
siblings	: 4
core id		: 2
cpu cores	: 4
apicid		: 2
initial apicid	: 2
fpu		: yes
fpu_exception	: yes
cpuid level	: 5
wp		: yes
flags		: fpu vme de pse tsc msr pae mce cx8 apic sep mtrr pge mca cmov pat pse36 clflush mmx fxsr sse sse2 ht syscall nx mmxext fxsr_opt pdpe1gb rdtscp lm 3dnowext 3dnow constant_tsc rep_good nonstop_tsc extd_apicid pni monitor cx16 popcnt lahf_lm cmp_legacy svm extapic cr8_legacy abm sse4a misalignsse 3dnowprefetch osvw ibs npt lbrv svm_lock
bogomips	: 4422.88
TLB size	: 1024 4K pages
clflush size	: 64
cache_alignment	: 64
address sizes	: 48 bits physical, 48 bits virtual
power management: ts ttp tm stc 100mhzsteps hwpstate

processor	: 3
vendor_id	: AuthenticAMD
cpu family	: 16
model		: 2
model name	: Quad-Core AMD Opteron(tm) Processor 2354
stepping	: 3
cpu MHz		: 2200.000
cache size	: 512 KB
physical id	: 0
siblings	: 4
core id		: 3
cpu cores	: 4
apicid		: 3
initial apicid	: 3
fpu		: yes
fpu_exception	: yes
cpuid level	: 5
wp		: yes
flags		: fpu vme de pse tsc msr pae mce cx8 apic sep mtrr pge mca cmov pat pse36 clflush mmx fxsr sse sse2 ht syscall nx mmxext fxsr_opt pdpe1gb rdtscp lm 3dnowext 3dnow constant_tsc rep_good nonstop_tsc extd_apicid pni monitor cx16 popcnt lahf_lm cmp_legacy svm extapic cr8_legacy abm sse4a misalignsse 3dnowprefetch osvw ibs npt lbrv svm_lock
bogomips	: 4422.88
TLB size	: 1024 4K pages
clflush size	: 64
cache_alignment	: 64
address sizes	: 48 bits physical, 48 bits virtual
power management: ts ttp tm stc 100mhzsteps hwpstate

processor	: 4
vendor_id	: AuthenticAMD
cpu family	: 16
model		: 2
model name	: Quad-Core AMD Opteron(tm) Processor 2354
stepping	: 3
cpu MHz		: 2200.000
cache size	: 512 KB
physical id	: 1
siblings	: 4
core id		: 0
cpu cores	: 4
apicid		: 4
initial apicid	: 4
fpu		: yes
fpu_exception	: yes
cpuid level	: 5
wp		: yes
flags		: fpu vme de pse tsc msr pae mce cx8 apic sep mtrr pge mca cmov pat pse36 clflush mmx fxsr sse sse2 ht syscall nx mmxext fxsr_opt pdpe1gb rdtscp lm 3dnowext 3dnow constant_tsc rep_good nonstop_tsc extd_apicid pni monitor cx16 popcnt lahf_lm cmp_legacy svm extapic cr8_legacy abm sse4a misalignsse 3dnowprefetch osvw ibs npt lbrv svm_lock
bogomips	: 4422.23
TLB size	: 1024 4K pages
clflush size	: 64
cache_alignment	: 64
address sizes	: 48 bits physical, 48 bits virtual
power management: ts ttp tm stc 100mhzsteps hwpstate

processor	: 5
vendor_id	: AuthenticAMD
cpu family	: 16
model		: 2
model name	: Quad-Core AMD Opteron(tm) Processor 2354
stepping	: 3
cpu MHz		: 2200.000
cache size	: 512 KB
physical id	: 1
siblings	: 4
core id		: 1
cpu cores	: 4
apicid		: 5
initial apicid	: 5
fpu		: yes
fpu_exception	: yes
cpuid level	: 5
wp		: yes
flags		: fpu vme de pse tsc msr pae mce cx8 apic sep mtrr pge mca cmov pat pse36 clflush mmx fxsr sse sse2 ht syscall nx mmxext fxsr_opt pdpe1gb rdtscp lm 3dnowext 3dnow constant_tsc rep_good nonstop_tsc extd_apicid pni monitor cx16 popcnt lahf_lm cmp_legacy svm extapic cr8_legacy abm sse4a misalignsse 3dnowprefetch osvw ibs npt lbrv svm_lock
bogomips	: 4422.23
TLB size	: 1024 4K pages
clflush size	: 64
cache_alignment	: 64
address sizes	: 48 bits physical, 48 bits virtual
power management: ts ttp tm stc 100mhzsteps hwpstate

processor	: 6
vendor_id	: AuthenticAMD
cpu family	: 16
model		: 2
model name	: Quad-Core AMD Opteron(tm) Processor 2354
stepping	: 3
cpu MHz		: 2200.000
cache size	: 512 KB
physical id	: 1
siblings	: 4
core id		: 2
cpu cores	: 4
apicid		: 6
initial apicid	: 6
fpu		: yes
fpu_exception	: yes
cpuid level	: 5
wp		: yes
flags		: fpu vme de pse tsc msr pae mce cx8 apic sep mtrr pge mca cmov pat pse36 clflush mmx fxsr sse sse2 ht syscall nx mmxext fxsr_opt pdpe1gb rdtscp lm 3dnowext 3dnow constant_tsc rep_good nonstop_tsc extd_apicid pni monitor cx16 popcnt lahf_lm cmp_legacy svm extapic cr8_legacy abm sse4a misalignsse 3dnowprefetch osvw ibs npt lbrv svm_lock
bogomips	: 4422.23
TLB size	: 1024 4K pages
clflush size	: 64
cache_alignment	: 64
address sizes	: 48 bits physical, 48 bits virtual
power management: ts ttp tm stc 100mhzsteps hwpstate

processor	: 7
vendor_id	: AuthenticAMD
cpu family	: 16
model		: 2
model name	: Quad-Core AMD Opteron(tm) Processor 2354
stepping	: 3
cpu MHz		: 2200.000
cache size	: 512 KB
physical id	: 1
siblings	: 4
core id		: 3
cpu cores	: 4
apicid		: 7
initial apicid	: 7
fpu		: yes
fpu_exception	: yes
cpuid level	: 5
wp		: yes
flags		: fpu vme de pse tsc msr pae mce cx8 apic sep mtrr pge mca cmov pat pse36 clflush mmx fxsr sse sse2 ht syscall nx mmxext fxsr_opt pdpe1gb rdtscp lm 3dnowext 3dnow constant_tsc rep_good nonstop_tsc extd_apicid pni monitor cx16 popcnt lahf_lm cmp_legacy svm extapic cr8_legacy abm sse4a misalignsse 3dnowprefetch osvw ibs npt lbrv svm_lock
bogomips	: 4422.23
TLB size	: 1024 4K pages
clflush size	: 64
cache_alignment	: 64
address sizes	: 48 bits physical, 48 bits virtual
power management: ts ttp tm stc 100mhzsteps hwpstate



Memory: 4k page, physical 16331612k(5020504k free), swap 8388604k(8388380k free)

vm_info: OpenJDK 64-Bit Server VM (23.25-b01) for linux-amd64 JRE (1.6.0_32-b32), built on Aug 21 2014 11:15:48 by "mockbuild" with gcc 4.4.7 20120313 (Red Hat 4.4.7-4)

time: Tue Sep 23 06:27:11 2014
elapsed time: 6 seconds

