#
# A fatal error has been detected by the Java Runtime Environment:
#
#  SIGBUS (0x7) at pc=0x00002af0bb92c522, pid=3433, tid=47213422741248
#
# JRE version: 6.0_32-b32
# Java VM: OpenJDK 64-Bit Server VM (23.25-b01 mixed mode linux-amd64 compressed oops)
# Problematic frame:
# C  [libzip.so+0x4522]  ZIP_Lock+0x252
#
# Core dump written. Default location: /mmfs/automount/gpfs/homefs/sm/dw07r324/jobs/piterman.eq.macc.sp.ro.r/core or core.3433
#
# If you would like to submit a bug report, please include
# instructions how to reproduce the bug and visit:
#   http://icedtea.classpath.org/bugzilla
# The crash happened outside the Java Virtual Machine in native code.
# See problematic frame for where to report the bug.
#

---------------  T H R E A D  ---------------

Current thread (0x00002af0bc008000):  JavaThread "main" [_thread_in_native, id=3434, stack(0x00002af0bb3a8000,0x00002af0bb4a9000)]

siginfo:si_signo=SIGBUS: si_errno=0, si_code=2 (BUS_ADRERR), si_addr=0x00002af0fe3d66f9

Registers:
RAX=0x00002af0bca457e0, RBX=0x00002af0fe3d66dc, RCX=0x0000000000000020, RDX=0x0000000000000201
RSP=0x00002af0bb4a56e0, RBP=0x00002af0bb4a5720, RSI=0x0000000000000001, RDI=0x0000000000000001
R8 =0x00002af0bc000088, R9 =0x0000000000000001, R10=0x0000000000000040, R11=0x00002af0babd8660
R12=0x00002af0bca457e0, R13=0x00002af0bc30a620, R14=0x00002af0bb4a5790, R15=0x00002af0bca457e0
RIP=0x00002af0bb92c522, EFLAGS=0x0000000000010202, CSGSFS=0x0000000000000033, ERR=0x0000000000000004
  TRAPNO=0x000000000000000e

Top of Stack: (sp=0x00002af0bb4a56e0)
0x00002af0bb4a56e0:   00002af0bc2e31c0 00002af0bab2205e
0x00002af0bb4a56f0:   00000000000003b8 00002af0bc2de870
0x00002af0bb4a5700:   00002af0bc30a620 00000000d3745d65
0x00002af0bb4a5710:   00002af0bb4a5790 0000000000000041
0x00002af0bb4a5720:   00002af0bb4a5770 00002af0bb92cae2
0x00002af0bb4a5730:   00002af0bc008000 00002af0bc2d8e20
0x00002af0bb4a5740:   00002af0bb4a57b0 00002af0bc0081d8
0x00002af0bb4a5750:   00002af0bb4a5790 0000000000000041
0x00002af0bb4a5760:   00002af0bb4a5c68 00002af0bb4a5790
0x00002af0bb4a5770:   00002af0bb4a5bd0 00002af0bb92bae4
0x00002af0bb4a5780:   00000041010f2db0 00002af0bc30a620
0x00002af0bb4a5790:   2f73657373616c63 727676732f67726f
0x00002af0bb4a57a0:   632f6c616f672f6c 69676f6c2f65726f
0x00002af0bb4a57b0:   6c756d726f462f63 6574697277655261
0x00002af0bb4a57c0:   7469736f70655272 73616c632e79726f
0x00002af0bb4a57d0:   00002af0bc000073 00002af0c0005ff3
0x00002af0bb4a57e0:   00002af0bb4a5810 00002af0bc008000
0x00002af0bb4a57f0:   00000000b5cc4b00 000000000000001a
0x00002af0bb4a5800:   00002af0bc008000 00000000b5cc4b00
0x00002af0bb4a5810:   00002af0bb4a5870 00002af0ba96c5f2
0x00002af0bb4a5820:   00002af0bc008000 00002af000000000
0x00002af0bb4a5830:   00002af0bc008000 00002af000000000
0x00002af0bb4a5840:   00000000b5bb3700 00000000000000bd
0x00002af0bb4a5850:   0000000000000000 00002af0bc008000
0x00002af0bb4a5860:   00002af0bb4a5800 00002af000000000
0x00002af0bb4a5870:   00000000b5cc8c58 00002a0000000061
0x00002af0bb4a5880:   00000000b5bdfef5 00000000ec805d58
0x00002af0bb4a5890:   00002af0bb4a5890 00000000b5cc69cb
0x00002af0bb4a58a0:   00002af0bb4a58f0 00002af0bc008c00
0x00002af0bb4a58b0:   0000000000000000 0000000000000001
0x00002af0bb4a58c0:   00002af0bc008000 ffffffffffffffff
0x00002af0bb4a58d0:   00002af0bb4a5940 00002af0ba928a03 

Instructions: (pc=0x00002af0bb92c522)
0x00002af0bb92c502:   00 00 00 00 00 48 c7 40 30 00 00 00 00 48 c7 40
0x00002af0bb92c512:   28 00 00 00 00 8b 5b 04 49 2b 5d 28 49 03 5d 18
0x00002af0bb92c522:   44 0f b6 73 1d 0f b6 43 1c 41 c1 e6 08 41 09 c6
0x00002af0bb92c532:   0f b6 43 1e 88 45 ce 0f b6 43 1f 88 45 cf 0f b6 

Register to memory mapping:

RAX=0x00002af0bca457e0 is an unknown value
RBX=0x00002af0fe3d66dc is an unknown value
RCX=0x0000000000000020 is an unknown value
RDX=0x0000000000000201 is an unknown value
RSP=0x00002af0bb4a56e0 is pointing into the stack for thread: 0x00002af0bc008000
RBP=0x00002af0bb4a5720 is pointing into the stack for thread: 0x00002af0bc008000
RSI=0x0000000000000001 is an unknown value
RDI=0x0000000000000001 is an unknown value
R8 =0x00002af0bc000088 is an unknown value
R9 =0x0000000000000001 is an unknown value
R10=0x0000000000000040 is an unknown value
R11=0x00002af0babd8660: <offset 0x79f660> in /usr/lib/jvm/java-1.6.0-openjdk-1.6.0.0.x86_64/jre/lib/amd64/server/libjvm.so at 0x00002af0ba439000
R12=0x00002af0bca457e0 is an unknown value
R13=0x00002af0bc30a620 is an unknown value
R14=0x00002af0bb4a5790 is pointing into the stack for thread: 0x00002af0bc008000
R15=0x00002af0bca457e0 is an unknown value


Stack: [0x00002af0bb3a8000,0x00002af0bb4a9000],  sp=0x00002af0bb4a56e0,  free space=1013k
Native frames: (J=compiled Java code, j=interpreted, Vv=VM code, C=native code)
C  [libzip.so+0x4522]  ZIP_Lock+0x252
C  [libzip.so+0x4ae2]  ZIP_GetEntry+0xc2
C  [libzip.so+0x3ae4]  Java_java_util_zip_ZipFile_getEntry+0xc4
j  java.util.zip.ZipFile.getEntry(JLjava/lang/String;Z)J+0
j  java.util.zip.ZipFile.getEntry(Ljava/lang/String;)Ljava/util/zip/ZipEntry;+31
j  java.util.jar.JarFile.getEntry(Ljava/lang/String;)Ljava/util/zip/ZipEntry;+2
j  sun.net.www.protocol.jar.URLJarFile.getEntry(Ljava/lang/String;)Ljava/util/zip/ZipEntry;+2
j  sun.net.www.protocol.jar.JarURLConnection.connect()V+62
j  sun.net.www.protocol.jar.JarURLConnection.getInputStream()Ljava/io/InputStream;+1
j  sun.misc.URLClassPath$Loader.getResource(Ljava/lang/String;Z)Lsun/misc/Resource;+48
j  sun.misc.URLClassPath.getResource(Ljava/lang/String;Z)Lsun/misc/Resource;+53
j  java.net.URLClassLoader$1.run()Ljava/lang/Object;+26
v  ~StubRoutines::call_stub
V  [libjvm.so+0x537e3e]  AsyncGetCallTrace+0xd776e
V  [libjvm.so+0x536ad8]  AsyncGetCallTrace+0xd6408
V  [libjvm.so+0x597140]  JVM_DoPrivileged+0x400
j  java.security.AccessController.doPrivileged(Ljava/security/PrivilegedExceptionAction;Ljava/security/AccessControlContext;)Ljava/lang/Object;+0
j  java.net.URLClassLoader.findClass(Ljava/lang/String;)Ljava/lang/Class;+13
j  org.java.plugin.standard.StandardPluginClassLoader.loadLocalClass(Ljava/lang/String;ZLorg/java/plugin/standard/StandardPluginClassLoader;)Ljava/lang/Class;+97
j  org.java.plugin.standard.StandardPluginClassLoader.loadClass(Ljava/lang/String;Z)Ljava/lang/Class;+62
j  java.lang.ClassLoader.loadClass(Ljava/lang/String;)Ljava/lang/Class;+3
v  ~StubRoutines::call_stub
V  [libjvm.so+0x537e3e]  AsyncGetCallTrace+0xd776e
V  [libjvm.so+0x537222]  AsyncGetCallTrace+0xd6b52
V  [libjvm.so+0x5372f4]  AsyncGetCallTrace+0xd6c24
V  [libjvm.so+0x80084b]  JVM_handle_linux_signal+0xdf19b
V  [libjvm.so+0x800e0c]  JVM_handle_linux_signal+0xdf75c
V  [libjvm.so+0x802733]  JVM_handle_linux_signal+0xe1083
V  [libjvm.so+0x3ef00e]  ftell+0x3ef00e
V  [libjvm.so+0x64ef5e]  JVM_RaiseSignal+0xb153e
V  [libjvm.so+0x52f660]  AsyncGetCallTrace+0xcef90
j  org.svvrl.goal.core.CorePlugin.loadFormulaRewriters()V+121
j  org.svvrl.goal.core.CorePlugin.initApplication(Lorg/java/plugin/util/ExtendedProperties;[Ljava/lang/String;)Lorg/java/plugin/boot/Application;+170
j  org.java.plugin.boot.DefaultApplicationInitializer.initApplication(Lorg/java/plugin/boot/BootErrorHandler;[Ljava/lang/String;)Lorg/java/plugin/boot/Application;+530
j  org.java.plugin.boot.Boot.initApplication(Lorg/java/plugin/boot/BootErrorHandler;Lorg/java/plugin/util/ExtendedProperties;[Ljava/lang/String;)Lorg/java/plugin/boot/Application;+157
j  org.java.plugin.boot.Boot.boot(Lorg/java/plugin/util/ExtendedProperties;ZLjava/lang/String;Lorg/java/plugin/boot/BootErrorHandler;[Ljava/lang/String;)Lorg/java/plugin/boot/Application;+338
j  org.java.plugin.boot.Boot.main([Ljava/lang/String;)V+162
v  ~StubRoutines::call_stub
V  [libjvm.so+0x537e3e]  AsyncGetCallTrace+0xd776e
V  [libjvm.so+0x536ad8]  AsyncGetCallTrace+0xd6408
V  [libjvm.so+0x5452a7]  JNI_CreateJavaVM+0x12e7
V  [libjvm.so+0x55a4eb]  JNI_CreateJavaVM+0x1652b
C  [java+0x374d]  JavaMain+0xd0d

Java frames: (J=compiled Java code, j=interpreted, Vv=VM code)
j  java.util.zip.ZipFile.getEntry(JLjava/lang/String;Z)J+0
j  java.util.zip.ZipFile.getEntry(Ljava/lang/String;)Ljava/util/zip/ZipEntry;+31
j  java.util.jar.JarFile.getEntry(Ljava/lang/String;)Ljava/util/zip/ZipEntry;+2
j  sun.net.www.protocol.jar.URLJarFile.getEntry(Ljava/lang/String;)Ljava/util/zip/ZipEntry;+2
j  sun.net.www.protocol.jar.JarURLConnection.connect()V+62
j  sun.net.www.protocol.jar.JarURLConnection.getInputStream()Ljava/io/InputStream;+1
j  sun.misc.URLClassPath$Loader.getResource(Ljava/lang/String;Z)Lsun/misc/Resource;+48
j  sun.misc.URLClassPath.getResource(Ljava/lang/String;Z)Lsun/misc/Resource;+53
j  java.net.URLClassLoader$1.run()Ljava/lang/Object;+26
v  ~StubRoutines::call_stub
j  java.security.AccessController.doPrivileged(Ljava/security/PrivilegedExceptionAction;Ljava/security/AccessControlContext;)Ljava/lang/Object;+0
j  java.net.URLClassLoader.findClass(Ljava/lang/String;)Ljava/lang/Class;+13
j  org.java.plugin.standard.StandardPluginClassLoader.loadLocalClass(Ljava/lang/String;ZLorg/java/plugin/standard/StandardPluginClassLoader;)Ljava/lang/Class;+97
j  org.java.plugin.standard.StandardPluginClassLoader.loadClass(Ljava/lang/String;Z)Ljava/lang/Class;+62
j  java.lang.ClassLoader.loadClass(Ljava/lang/String;)Ljava/lang/Class;+3
v  ~StubRoutines::call_stub
j  org.svvrl.goal.core.CorePlugin.loadFormulaRewriters()V+121
j  org.svvrl.goal.core.CorePlugin.initApplication(Lorg/java/plugin/util/ExtendedProperties;[Ljava/lang/String;)Lorg/java/plugin/boot/Application;+170
j  org.java.plugin.boot.DefaultApplicationInitializer.initApplication(Lorg/java/plugin/boot/BootErrorHandler;[Ljava/lang/String;)Lorg/java/plugin/boot/Application;+530
j  org.java.plugin.boot.Boot.initApplication(Lorg/java/plugin/boot/BootErrorHandler;Lorg/java/plugin/util/ExtendedProperties;[Ljava/lang/String;)Lorg/java/plugin/boot/Application;+157
j  org.java.plugin.boot.Boot.boot(Lorg/java/plugin/util/ExtendedProperties;ZLjava/lang/String;Lorg/java/plugin/boot/BootErrorHandler;[Ljava/lang/String;)Lorg/java/plugin/boot/Application;+338
j  org.java.plugin.boot.Boot.main([Ljava/lang/String;)V+162
v  ~StubRoutines::call_stub

---------------  P R O C E S S  ---------------

Java Threads: ( => current thread )
  0x00002af0bc101800 JavaThread "Low Memory Detector" daemon [_thread_blocked, id=3449, stack(0x00002af0fe194000,0x00002af0fe295000)]
  0x00002af0bc0ff000 JavaThread "C2 CompilerThread1" daemon [_thread_in_native, id=3448, stack(0x00002af0fe093000,0x00002af0fe194000)]
  0x00002af0bc0fc800 JavaThread "C2 CompilerThread0" daemon [_thread_in_native, id=3447, stack(0x00002af0fdf92000,0x00002af0fe093000)]
  0x00002af0bc0fa000 JavaThread "Signal Dispatcher" daemon [_thread_blocked, id=3446, stack(0x00002af0fde91000,0x00002af0fdf92000)]
  0x00002af0bc0ab800 JavaThread "Finalizer" daemon [_thread_blocked, id=3445, stack(0x00002af0e8eb3000,0x00002af0e8fb4000)]
  0x00002af0bc0a9800 JavaThread "Reference Handler" daemon [_thread_blocked, id=3444, stack(0x00002af0e8db2000,0x00002af0e8eb3000)]
=>0x00002af0bc008000 JavaThread "main" [_thread_in_native, id=3434, stack(0x00002af0bb3a8000,0x00002af0bb4a9000)]

Other Threads:
  0x00002af0bc09a800 VMThread [stack: 0x00002af0e8cb1000,0x00002af0e8db2000] [id=3443]
  0x00002af0bc10c800 WatcherThread [stack: 0x00002af0fe295000,0x00002af0fe396000] [id=3450]

VM state:not at safepoint (normal execution)

VM Mutex/Monitor currently owned by a thread: None

Heap
 PSYoungGen      total 305856K, used 31481K [0x00000000eaab0000, 0x0000000100000000, 0x0000000100000000)
  eden space 262208K, 12% used [0x00000000eaab0000,0x00000000ec96e570,0x00000000faac0000)
  from space 43648K, 0% used [0x00000000fd560000,0x00000000fd560000,0x0000000100000000)
  to   space 43648K, 0% used [0x00000000faac0000,0x00000000faac0000,0x00000000fd560000)
 ParOldGen       total 699072K, used 0K [0x00000000c0000000, 0x00000000eaab0000, 0x00000000eaab0000)
  object space 699072K, 0% used [0x00000000c0000000,0x00000000c0000000,0x00000000eaab0000)
 PSPermGen       total 21248K, used 7702K [0x00000000b5a00000, 0x00000000b6ec0000, 0x00000000c0000000)
  object space 21248K, 36% used [0x00000000b5a00000,0x00000000b61858d8,0x00000000b6ec0000)

Card table byte_map: [0x00002af0c30c0000,0x00002af0c3314000] byte_map_base: 0x00002af0c2b13000

Polling page: 0x00002af0bb8e9000

Code Cache  [0x00002af0c0000000, 0x00002af0c0270000, 0x00002af0c3000000)
 total_blobs=334 nmethods=105 adapters=182 free_code_cache=48455Kb largest_free_block=49587776

Compilation events (10 events):
Event: 1.454 Thread 0x00002af0bc0ff000 nmethod 100 0x00002af0c00aca50 code [0x00002af0c00acba0, 0x00002af0c00acca8]
Event: 1.454 Thread 0x00002af0bc0ff000  101             org.java.plugin.registry.xml.ExtensionPointImpl$ParameterDefinitionImpl::getMultiplicity (8 bytes)
Event: 1.454 Thread 0x00002af0bc0ff000 nmethod 101 0x00002af0c009c950 code [0x00002af0c009ca80, 0x00002af0c009caf8]
Event: 1.454 Thread 0x00002af0bc0ff000  102             org.java.plugin.registry.xml.ModelParameterDef::getMultiplicity (5 bytes)
Event: 1.454 Thread 0x00002af0bc0ff000 nmethod 102 0x00002af0c00ac850 code [0x00002af0c00ac980, 0x00002af0c00ac9d8]
Event: 1.454 Thread 0x00002af0bc0ff000  103             java.io.UnixFileSystem::normalize (75 bytes)
Event: 1.459 Thread 0x00002af0bc0ff000 nmethod 103 0x00002af0c00aa9d0 code [0x00002af0c00aab20, 0x00002af0c00aad78]
Event: 1.459 Thread 0x00002af0bc0ff000  104   !         sun.nio.cs.US_ASCII$Decoder::decodeArrayLoop (241 bytes)
Event: 1.477 Thread 0x00002af0bc0ff000 nmethod 104 0x00002af0c009d050 code [0x00002af0c009d200, 0x00002af0c009da48]
Event: 1.477 Thread 0x00002af0bc0ff000  105             sun.net.www.ParseUtil::encodePath (336 bytes)

GC Heap History (0 events):
No events

Deoptimization events (9 events):
Event: 0.306 Thread 0x00002af0bc008000 Uncommon trap -34 fr.pc 0x00002af0c005ea30
Event: 0.308 Thread 0x00002af0bc008000 Uncommon trap -34 fr.pc 0x00002af0c005ea30
Event: 0.467 Thread 0x00002af0bc008000 Uncommon trap -12 fr.pc 0x00002af0c006546c
Event: 1.080 Thread 0x00002af0bc008000 Uncommon trap -58 fr.pc 0x00002af0c0085920
Event: 1.080 Thread 0x00002af0bc008000 Uncommon trap -58 fr.pc 0x00002af0c0085920
Event: 1.081 Thread 0x00002af0bc008000 Uncommon trap -58 fr.pc 0x00002af0c0085920
Event: 1.081 Thread 0x00002af0bc008000 Uncommon trap -58 fr.pc 0x00002af0c0085920
Event: 1.304 Thread 0x00002af0bc008000 Uncommon trap -34 fr.pc 0x00002af0c005ea30
Event: 1.304 Thread 0x00002af0bc008000 Uncommon trap -34 fr.pc 0x00002af0c005ea30

Internal exceptions (10 events):
Event: 1.432 Thread 0x00002af0bc008000 Threw 0x00000000ec013120 at /builddir/build/BUILD/icedtea6-1.13.4/openjdk/hotspot/src/share/vm/prims/jvm.cpp:1235
Event: 1.433 Thread 0x00002af0bc008000 Threw 0x00000000ec016118 at /builddir/build/BUILD/icedtea6-1.13.4/openjdk/hotspot/src/share/vm/classfile/systemDictionary.cpp:179
Event: 1.433 Thread 0x00002af0bc008000 Threw 0x00000000ec016668 at /builddir/build/BUILD/icedtea6-1.13.4/openjdk/hotspot/src/share/vm/prims/jvm.cpp:1235
Event: 1.433 Thread 0x00002af0bc008000 Threw 0x00000000ec016c68 at /builddir/build/BUILD/icedtea6-1.13.4/openjdk/hotspot/src/share/vm/prims/jvm.cpp:1235
Event: 1.456 Thread 0x00002af0bc008000 Threw 0x00000000ec09a378 at /builddir/build/BUILD/icedtea6-1.13.4/openjdk/hotspot/src/share/vm/classfile/systemDictionary.cpp:179
Event: 1.456 Thread 0x00002af0bc008000 Threw 0x00000000ec09a708 at /builddir/build/BUILD/icedtea6-1.13.4/openjdk/hotspot/src/share/vm/prims/jvm.cpp:1235
Event: 1.456 Thread 0x00002af0bc008000 Threw 0x00000000ec09ab48 at /builddir/build/BUILD/icedtea6-1.13.4/openjdk/hotspot/src/share/vm/prims/jvm.cpp:1235
Event: 1.457 Thread 0x00002af0bc008000 Threw 0x00000000ec0a0c58 at /builddir/build/BUILD/icedtea6-1.13.4/openjdk/hotspot/src/share/vm/classfile/systemDictionary.cpp:179
Event: 1.457 Thread 0x00002af0bc008000 Threw 0x00000000ec0a0ff0 at /builddir/build/BUILD/icedtea6-1.13.4/openjdk/hotspot/src/share/vm/prims/jvm.cpp:1235
Event: 1.457 Thread 0x00002af0bc008000 Threw 0x00000000ec0a1438 at /builddir/build/BUILD/icedtea6-1.13.4/openjdk/hotspot/src/share/vm/prims/jvm.cpp:1235

Events (10 events):
Event: 1.436 loading class 0x00002af0bc131880
Event: 1.437 loading class 0x00002af0bc131880 done
Event: 1.442 loading class 0x00002af0bc0a4210
Event: 1.442 loading class 0x00002af0bc0a4210 done
Event: 1.443 loading class 0x00002af0bc241630
Event: 1.443 loading class 0x00002af0bc241630 done
Event: 1.456 loading class 0x00002af0bca181f0
Event: 1.456 loading class 0x00002af0bca181f0 done
Event: 1.457 loading class 0x00002af0bca18240
Event: 1.457 loading class 0x00002af0bca18240 done


Dynamic libraries:
00400000-00409000 r-xp 00000000 fd:01 5993                               /usr/lib/jvm/java-1.6.0-openjdk-1.6.0.0.x86_64/jre/bin/java
00608000-0060a000 rw-p 00008000 fd:01 5993                               /usr/lib/jvm/java-1.6.0-openjdk-1.6.0.0.x86_64/jre/bin/java
02414000-02435000 rw-p 00000000 00:00 0                                  [heap]
b5a00000-b6ec0000 rw-p 00000000 00:00 0 
b6ec0000-c0000000 rw-p 00000000 00:00 0 
c0000000-100000000 rw-p 00000000 00:00 0 
364f800000-364f820000 r-xp 00000000 fd:01 130582                         /lib64/ld-2.12.so
364fa1f000-364fa20000 r--p 0001f000 fd:01 130582                         /lib64/ld-2.12.so
364fa20000-364fa21000 rw-p 00020000 fd:01 130582                         /lib64/ld-2.12.so
364fa21000-364fa22000 rw-p 00000000 00:00 0 
364fc00000-364fd8a000 r-xp 00000000 fd:01 130613                         /lib64/libc-2.12.so
364fd8a000-364ff8a000 ---p 0018a000 fd:01 130613                         /lib64/libc-2.12.so
364ff8a000-364ff8e000 r--p 0018a000 fd:01 130613                         /lib64/libc-2.12.so
364ff8e000-364ff8f000 rw-p 0018e000 fd:01 130613                         /lib64/libc-2.12.so
364ff8f000-364ff94000 rw-p 00000000 00:00 0 
3650000000-3650004000 r-xp 00000000 fd:01 13573                          /usr/lib/jvm/java-1.6.0-openjdk-1.6.0.0.x86_64/jre/lib/amd64/jli/libjli.so
3650004000-3650203000 ---p 00004000 fd:01 13573                          /usr/lib/jvm/java-1.6.0-openjdk-1.6.0.0.x86_64/jre/lib/amd64/jli/libjli.so
3650203000-3650204000 rw-p 00003000 fd:01 13573                          /usr/lib/jvm/java-1.6.0-openjdk-1.6.0.0.x86_64/jre/lib/amd64/jli/libjli.so
3650400000-3650417000 r-xp 00000000 fd:01 130636                         /lib64/libpthread-2.12.so
3650417000-3650617000 ---p 00017000 fd:01 130636                         /lib64/libpthread-2.12.so
3650617000-3650618000 r--p 00017000 fd:01 130636                         /lib64/libpthread-2.12.so
3650618000-3650619000 rw-p 00018000 fd:01 130636                         /lib64/libpthread-2.12.so
3650619000-365061d000 rw-p 00000000 00:00 0 
3650800000-3650802000 r-xp 00000000 fd:01 130624                         /lib64/libdl-2.12.so
3650802000-3650a02000 ---p 00002000 fd:01 130624                         /lib64/libdl-2.12.so
3650a02000-3650a03000 r--p 00002000 fd:01 130624                         /lib64/libdl-2.12.so
3650a03000-3650a04000 rw-p 00003000 fd:01 130624                         /lib64/libdl-2.12.so
3650c00000-3650c15000 r-xp 00000000 fd:01 130638                         /lib64/libz.so.1.2.3
3650c15000-3650e14000 ---p 00015000 fd:01 130638                         /lib64/libz.so.1.2.3
3650e14000-3650e15000 r--p 00014000 fd:01 130638                         /lib64/libz.so.1.2.3
3650e15000-3650e16000 rw-p 00015000 fd:01 130638                         /lib64/libz.so.1.2.3
3651000000-3651007000 r-xp 00000000 fd:01 132701                         /lib64/librt-2.12.so
3651007000-3651206000 ---p 00007000 fd:01 132701                         /lib64/librt-2.12.so
3651206000-3651207000 r--p 00006000 fd:01 132701                         /lib64/librt-2.12.so
3651207000-3651208000 rw-p 00007000 fd:01 132701                         /lib64/librt-2.12.so
3651800000-3651816000 r-xp 00000000 fd:01 133662                         /lib64/libgcc_s-4.4.7-20120601.so.1
3651816000-3651a15000 ---p 00016000 fd:01 133662                         /lib64/libgcc_s-4.4.7-20120601.so.1
3651a15000-3651a16000 rw-p 00015000 fd:01 133662                         /lib64/libgcc_s-4.4.7-20120601.so.1
3653000000-36530e8000 r-xp 00000000 fd:01 49938                          /usr/lib64/libstdc++.so.6.0.13
36530e8000-36532e8000 ---p 000e8000 fd:01 49938                          /usr/lib64/libstdc++.so.6.0.13
36532e8000-36532ef000 r--p 000e8000 fd:01 49938                          /usr/lib64/libstdc++.so.6.0.13
36532ef000-36532f1000 rw-p 000ef000 fd:01 49938                          /usr/lib64/libstdc++.so.6.0.13
36532f1000-3653306000 rw-p 00000000 00:00 0 
365c200000-365c216000 r-xp 00000000 fd:01 137559                         /lib64/libnsl-2.12.so
365c216000-365c415000 ---p 00016000 fd:01 137559                         /lib64/libnsl-2.12.so
365c415000-365c416000 r--p 00015000 fd:01 137559                         /lib64/libnsl-2.12.so
365c416000-365c417000 rw-p 00016000 fd:01 137559                         /lib64/libnsl-2.12.so
365c417000-365c419000 rw-p 00000000 00:00 0 
2af0ba41e000-2af0ba41f000 rw-p 00000000 00:00 0 
2af0ba435000-2af0ba439000 rw-p 00000000 00:00 0 
2af0ba439000-2af0bae44000 r-xp 00000000 fd:01 23213                      /usr/lib/jvm/java-1.6.0-openjdk-1.6.0.0.x86_64/jre/lib/amd64/server/libjvm.so
2af0bae44000-2af0bb044000 ---p 00a0b000 fd:01 23213                      /usr/lib/jvm/java-1.6.0-openjdk-1.6.0.0.x86_64/jre/lib/amd64/server/libjvm.so
2af0bb044000-2af0bb0e5000 rw-p 00a0b000 fd:01 23213                      /usr/lib/jvm/java-1.6.0-openjdk-1.6.0.0.x86_64/jre/lib/amd64/server/libjvm.so
2af0bb0e5000-2af0bb10e000 rw-p 00000000 00:00 0 
2af0bb124000-2af0bb1a7000 r-xp 00000000 fd:01 130627                     /lib64/libm-2.12.so
2af0bb1a7000-2af0bb3a6000 ---p 00083000 fd:01 130627                     /lib64/libm-2.12.so
2af0bb3a6000-2af0bb3a7000 r--p 00082000 fd:01 130627                     /lib64/libm-2.12.so
2af0bb3a7000-2af0bb3a8000 rw-p 00083000 fd:01 130627                     /lib64/libm-2.12.so
2af0bb3a8000-2af0bb3ab000 ---p 00000000 00:00 0 
2af0bb3ab000-2af0bb4a9000 rw-p 00000000 00:00 0 
2af0bb4a9000-2af0bb4b7000 r-xp 00000000 fd:01 23207                      /usr/lib/jvm/java-1.6.0-openjdk-1.6.0.0.x86_64/jre/lib/amd64/libverify.so
2af0bb4b7000-2af0bb6b7000 ---p 0000e000 fd:01 23207                      /usr/lib/jvm/java-1.6.0-openjdk-1.6.0.0.x86_64/jre/lib/amd64/libverify.so
2af0bb6b7000-2af0bb6b9000 rw-p 0000e000 fd:01 23207                      /usr/lib/jvm/java-1.6.0-openjdk-1.6.0.0.x86_64/jre/lib/amd64/libverify.so
2af0bb6b9000-2af0bb6e6000 r-xp 00000000 fd:01 23159                      /usr/lib/jvm/java-1.6.0-openjdk-1.6.0.0.x86_64/jre/lib/amd64/libjava.so
2af0bb6e6000-2af0bb8e5000 ---p 0002d000 fd:01 23159                      /usr/lib/jvm/java-1.6.0-openjdk-1.6.0.0.x86_64/jre/lib/amd64/libjava.so
2af0bb8e5000-2af0bb8e9000 rw-p 0002c000 fd:01 23159                      /usr/lib/jvm/java-1.6.0-openjdk-1.6.0.0.x86_64/jre/lib/amd64/libjava.so
2af0bb8e9000-2af0bb8ea000 r--p 00000000 00:00 0 
2af0bb8ea000-2af0bb8eb000 rw-p 00000000 00:00 0 
2af0bb8eb000-2af0bb920000 r--s 00000000 fd:02 128540                     /var/db/nscd/passwd
2af0bb920000-2af0bb928000 rw-s 00000000 fd:03 38                         /tmp/hsperfdata_dw07r324/3433
2af0bb928000-2af0bb92f000 r-xp 00000000 fd:01 23208                      /usr/lib/jvm/java-1.6.0-openjdk-1.6.0.0.x86_64/jre/lib/amd64/libzip.so
2af0bb92f000-2af0bbb2f000 ---p 00007000 fd:01 23208                      /usr/lib/jvm/java-1.6.0-openjdk-1.6.0.0.x86_64/jre/lib/amd64/libzip.so
2af0bbb2f000-2af0bbb30000 rw-p 00007000 fd:01 23208                      /usr/lib/jvm/java-1.6.0-openjdk-1.6.0.0.x86_64/jre/lib/amd64/libzip.so
2af0bc000000-2af0bcac2000 rw-p 00000000 00:00 0 
2af0bcac2000-2af0c0000000 ---p 00000000 00:00 0 
2af0c0000000-2af0c0270000 rwxp 00000000 00:00 0 
2af0c0270000-2af0c3000000 rw-p 00000000 00:00 0 
2af0c3000000-2af0c300a000 rw-p 00000000 00:00 0 
2af0c300a000-2af0c30c0000 rw-p 00000000 00:00 0 
2af0c30c0000-2af0c30cb000 rw-p 00000000 00:00 0 
2af0c30cb000-2af0c3113000 rw-p 00000000 00:00 0 
2af0c3113000-2af0c3475000 rw-p 00000000 00:00 0 
2af0c3475000-2af0c34bd000 rw-p 00000000 00:00 0 
2af0c34bd000-2af0c34be000 ---p 00000000 00:00 0 
2af0c34be000-2af0c35be000 rw-p 00000000 00:00 0 
2af0c35be000-2af0c35bf000 ---p 00000000 00:00 0 
2af0c35bf000-2af0c36bf000 rw-p 00000000 00:00 0 
2af0c36bf000-2af0c36c0000 ---p 00000000 00:00 0 
2af0c36c0000-2af0c37c0000 rw-p 00000000 00:00 0 
2af0c37c0000-2af0c37c1000 ---p 00000000 00:00 0 
2af0c37c1000-2af0c38c1000 rw-p 00000000 00:00 0 
2af0c38c1000-2af0c38c2000 ---p 00000000 00:00 0 
2af0c38c2000-2af0c39c2000 rw-p 00000000 00:00 0 
2af0c39c2000-2af0c39c3000 ---p 00000000 00:00 0 
2af0c39c3000-2af0c3ac3000 rw-p 00000000 00:00 0 
2af0c3ac3000-2af0c3ac4000 ---p 00000000 00:00 0 
2af0c3ac4000-2af0c3bc4000 rw-p 00000000 00:00 0 
2af0c3bc4000-2af0c3bc5000 ---p 00000000 00:00 0 
2af0c3bc5000-2af0c3cc5000 rw-p 00000000 00:00 0 
2af0c4000000-2af0c4021000 rw-p 00000000 00:00 0 
2af0c4021000-2af0c8000000 ---p 00000000 00:00 0 
2af0c8000000-2af0c8021000 rw-p 00000000 00:00 0 
2af0c8021000-2af0cc000000 ---p 00000000 00:00 0 
2af0cc000000-2af0cc021000 rw-p 00000000 00:00 0 
2af0cc021000-2af0d0000000 ---p 00000000 00:00 0 
2af0d0000000-2af0d0021000 rw-p 00000000 00:00 0 
2af0d0021000-2af0d4000000 ---p 00000000 00:00 0 
2af0d4000000-2af0d4021000 rw-p 00000000 00:00 0 
2af0d4021000-2af0d8000000 ---p 00000000 00:00 0 
2af0d8000000-2af0d8021000 rw-p 00000000 00:00 0 
2af0d8021000-2af0dc000000 ---p 00000000 00:00 0 
2af0dc000000-2af0dc021000 rw-p 00000000 00:00 0 
2af0dc021000-2af0e0000000 ---p 00000000 00:00 0 
2af0e0000000-2af0e0021000 rw-p 00000000 00:00 0 
2af0e0021000-2af0e4000000 ---p 00000000 00:00 0 
2af0e4000000-2af0e6ea4000 rw-p 00000000 00:00 0 
2af0e6ea4000-2af0e703a000 r--s 01a15000 fd:01 23288                      /usr/lib/jvm/java-1.6.0-openjdk-1.6.0.0.x86_64/jre/lib/rt.jar
2af0e703a000-2af0e8cb1000 rw-p 00000000 00:00 0 
2af0e8cb1000-2af0e8cb2000 ---p 00000000 00:00 0 
2af0e8cb2000-2af0e8db2000 rw-p 00000000 00:00 0 
2af0e8db2000-2af0e8db5000 ---p 00000000 00:00 0 
2af0e8db5000-2af0e8eb3000 rw-p 00000000 00:00 0 
2af0e8eb3000-2af0e8eb6000 ---p 00000000 00:00 0 
2af0e8eb6000-2af0e8fb4000 rw-p 00000000 00:00 0 
2af0ec000000-2af0ec021000 rw-p 00000000 00:00 0 
2af0ec021000-2af0f0000000 ---p 00000000 00:00 0 
2af0f0000000-2af0f0021000 rw-p 00000000 00:00 0 
2af0f0021000-2af0f4000000 ---p 00000000 00:00 0 
2af0f4000000-2af0f4021000 rw-p 00000000 00:00 0 
2af0f4021000-2af0f8000000 ---p 00000000 00:00 0 
2af0f8000000-2af0fde91000 r--p 00000000 fd:01 49935                      /usr/lib/locale/locale-archive
2af0fde91000-2af0fde94000 ---p 00000000 00:00 0 
2af0fde94000-2af0fdf92000 rw-p 00000000 00:00 0 
2af0fdf92000-2af0fdf95000 ---p 00000000 00:00 0 
2af0fdf95000-2af0fe093000 rw-p 00000000 00:00 0 
2af0fe093000-2af0fe096000 ---p 00000000 00:00 0 
2af0fe096000-2af0fe194000 rw-p 00000000 00:00 0 
2af0fe194000-2af0fe197000 ---p 00000000 00:00 0 
2af0fe197000-2af0fe295000 rw-p 00000000 00:00 0 
2af0fe295000-2af0fe296000 ---p 00000000 00:00 0 
2af0fe296000-2af0fe396000 rw-p 00000000 00:00 0 
2af0fe396000-2af0fe398000 r--s 00009000 00:35 125760574                  /mmfs/automount/gpfs/homefs/sm/dw07r324/bin/GOAL-20140808/lib/jpf-boot.jar
2af0fe398000-2af0fe39b000 r--s 0000f000 fd:01 23233                      /usr/lib/jvm/java-1.6.0-openjdk-1.6.0.0.x86_64/jre/lib/ext/pulse-java.jar
2af0fe39b000-2af0fe3a4000 r--s 00065000 fd:01 23228                      /usr/lib/jvm/java-1.6.0-openjdk-1.6.0.0.x86_64/jre/lib/ext/gnome-java-bridge.jar
2af0fe3a4000-2af0fe3a6000 r--s 00009000 00:35 125760574                  /mmfs/automount/gpfs/homefs/sm/dw07r324/bin/GOAL-20140808/lib/jpf-boot.jar
2af0fe3a6000-2af0fe3aa000 r--s 0003c000 fd:01 14238                      /usr/lib/jvm/java-1.6.0-openjdk-1.6.0.0.x86_64/jre/lib/jsse.jar
2af0fe3aa000-2af0fe3af000 r--s 0002d000 00:35 125760577                  /mmfs/automount/gpfs/homefs/sm/dw07r324/bin/GOAL-20140808/lib/jpf.jar
2af0fe3af000-2af0fe3b1000 r--s 0000d000 00:35 125760571                  /mmfs/automount/gpfs/homefs/sm/dw07r324/bin/GOAL-20140808/lib/commons-logging.jar
2af0fe3b1000-2af0fe3b3000 r--s 00012000 00:35 125760576                  /mmfs/automount/gpfs/homefs/sm/dw07r324/bin/GOAL-20140808/lib/jpf-tools.jar
2af0fe3b3000-2af0fe3ba000 r--s 00039000 00:35 125760578                  /mmfs/automount/gpfs/homefs/sm/dw07r324/bin/GOAL-20140808/lib/jxp.jar
2af0fe3ba000-2af0fe3bc000 r--s 00004000 00:35 125760570                  /mmfs/automount/gpfs/homefs/sm/dw07r324/bin/GOAL-20140808/lib/AppleJavaExtensions.jar
2af0fe3bc000-2af0fe3c1000 r--s 0002a000 00:35 125760572                  /mmfs/automount/gpfs/homefs/sm/dw07r324/bin/GOAL-20140808/lib/gson-2.2.2.jar
2af0fe3c1000-2af0fe3c4000 r--s 0001a000 00:35 125760579                  /mmfs/automount/gpfs/homefs/sm/dw07r324/bin/GOAL-20140808/lib/minijdd_104.jar
2af0fe3c4000-2af0fe3e7000 r--s 0022d000 00:35 101141425                  /mmfs/automount/gpfs/homefs/sm/dw07r324/bin/GOAL-20140808/.jpf-shadow/org.svvrl.goal.core@2014.8.8.zip
2af0fe3e7000-2af0fe48a000 r-xp 00000000 fd:01 13434                      /usr/lib/jvm/java-1.6.0-openjdk-1.6.0.0.x86_64/jre/lib/amd64/libawt.so
2af0fe48a000-2af0fe68a000 ---p 000a3000 fd:01 13434                      /usr/lib/jvm/java-1.6.0-openjdk-1.6.0.0.x86_64/jre/lib/amd64/libawt.so
2af0fe68a000-2af0fe696000 rw-p 000a3000 fd:01 13434                      /usr/lib/jvm/java-1.6.0-openjdk-1.6.0.0.x86_64/jre/lib/amd64/libawt.so
2af0fe696000-2af0fe6ba000 rw-p 00000000 00:00 0 
2af0fe6ba000-2af0fe6c0000 r-xp 00000000 fd:01 8525                       /usr/lib/jvm/java-1.6.0-openjdk-1.6.0.0.x86_64/jre/lib/amd64/headless/libmawt.so
2af0fe6c0000-2af0fe8bf000 ---p 00006000 fd:01 8525                       /usr/lib/jvm/java-1.6.0-openjdk-1.6.0.0.x86_64/jre/lib/amd64/headless/libmawt.so
2af0fe8bf000-2af0fe8c0000 rw-p 00005000 fd:01 8525                       /usr/lib/jvm/java-1.6.0-openjdk-1.6.0.0.x86_64/jre/lib/amd64/headless/libmawt.so
2af0fe8c0000-2af0fe8c1000 rw-p 00000000 00:00 0 
2af0fea46000-2af0fea47000 rw-p 00000000 00:00 0 
2af100000000-2af100021000 rw-p 00000000 00:00 0 
2af100021000-2af104000000 ---p 00000000 00:00 0 
2af104000000-2af104f9e000 rw-p 00000000 00:00 0 
2af104f9e000-2af108000000 ---p 00000000 00:00 0 
2af108000000-2af108c3e000 rw-p 00000000 00:00 0 
2af108c3e000-2af10c000000 ---p 00000000 00:00 0 
2af10c000000-2af10c021000 rw-p 00000000 00:00 0 
2af10c021000-2af110000000 ---p 00000000 00:00 0 
2af110000000-2af110021000 rw-p 00000000 00:00 0 
2af110021000-2af114000000 ---p 00000000 00:00 0 
7fffa2a5e000-7fffa2a94000 rw-p 00000000 00:00 0                          [stack]
7fffa2bff000-7fffa2c00000 r-xp 00000000 00:00 0                          [vdso]
ffffffffff600000-ffffffffff601000 r-xp 00000000 00:00 0                  [vsyscall]

VM Arguments:
jvm_args: -Xmx1G -Xms1G -DapplicationRoot=/home/ubelix/sm/dw07r324/bin/GOAL-20140808 -Dorg.java.plugin.boot.pluginsRepositories=/home/ubelix/sm/dw07r324/bin/GOAL-20140808/plugins -Djpf.boot.config=/home/ubelix/sm/dw07r324/bin/GOAL-20140808/boot.properties -Dorg.apache.commons.logging.Log=org.apache.commons.logging.impl.SimpleLog -Dorg.apache.commons.logging.simplelog.log.org.java.plugin=fatal 
java_command: /home/ubelix/sm/dw07r324/bin/GOAL-20140808/lib/jpf-boot.jar complement -m piterman -eq -macc -sp -ro -r /scratch/local/8663605.1.all.q/test_set_s15/s15_t2.4_a0.7_033.gff
Launcher Type: SUN_STANDARD

Environment Variables:
CLASSPATH=/home/ubelix/sm/dw07r324/bin/GOAL-20140808:/home/ubelix/sm/dw07r324/bin/GOAL-20140808/plugins:/home/ubelix/sm/dw07r324/bin/GOAL-20140808/lib:
PATH=/scratch/local/8663605.1.all.q:/usr/lib64/qt-3.3/bin:/usr/local/bin:/bin:/usr/bin:/usr/local/sbin:/usr/sbin:/sbin:/usr/lpp/mmfs/bin:/home/ubelix/sm/dw07r324/bin/GOAL-20140808:/home/ubelix/sm/dw07r324/bin/gnu_time/bin:/usr/lpp/mmfs/bin
LD_LIBRARY_PATH=/usr/lib/jvm/java-1.6.0-openjdk-1.6.0.0.x86_64/jre/lib/amd64/server:/usr/lib/jvm/java-1.6.0-openjdk-1.6.0.0.x86_64/jre/lib/amd64:/usr/lib/jvm/java-1.6.0-openjdk-1.6.0.0.x86_64/jre/../lib/amd64
SHELL=/bin/bash

Signal Handlers:
SIGSEGV: [libjvm.so+0x870a40], sa_mask[0]=0x7ffbfeff, sa_flags=0x10000004
SIGBUS: [libjvm.so+0x870a40], sa_mask[0]=0x7ffbfeff, sa_flags=0x10000004
SIGFPE: [libjvm.so+0x719240], sa_mask[0]=0x7ffbfeff, sa_flags=0x10000004
SIGPIPE: [libjvm.so+0x719240], sa_mask[0]=0x7ffbfeff, sa_flags=0x10000004
SIGXFSZ: [libjvm.so+0x719240], sa_mask[0]=0x7ffbfeff, sa_flags=0x10000004
SIGILL: [libjvm.so+0x719240], sa_mask[0]=0x7ffbfeff, sa_flags=0x10000004
SIGUSR1: SIG_DFL, sa_mask[0]=0x00000000, sa_flags=0x00000000
SIGUSR2: [libjvm.so+0x718d60], sa_mask[0]=0x00000000, sa_flags=0x10000004
SIGHUP: [libjvm.so+0x71bdf0], sa_mask[0]=0x7ffbfeff, sa_flags=0x10000004
SIGINT: [libjvm.so+0x71bdf0], sa_mask[0]=0x7ffbfeff, sa_flags=0x10000004
SIGTERM: [libjvm.so+0x71bdf0], sa_mask[0]=0x7ffbfeff, sa_flags=0x10000004
SIGQUIT: [libjvm.so+0x71bdf0], sa_mask[0]=0x7ffbfeff, sa_flags=0x10000004


---------------  S Y S T E M  ---------------

OS:Red Hat Enterprise Linux ComputeNode release 6.5 (Santiago)

uname:Linux 2.6.32-431.29.2.el6.x86_64 #1 SMP Sun Jul 27 15:55:46 EDT 2014 x86_64
libc:glibc 2.12 NPTL 2.12 
rlimit: STACK infinity, CORE infinity, NPROC 127431, NOFILE 4096, AS 8388608k
load average:4.02 4.16 4.04

/proc/meminfo:
MemTotal:       16331612 kB
MemFree:         4948164 kB
Buffers:           12460 kB
Cached:          6197048 kB
SwapCached:           88 kB
Active:          2818064 kB
Inactive:        3872676 kB
Active(anon):     417972 kB
Inactive(anon):    63452 kB
Active(file):    2400092 kB
Inactive(file):  3809224 kB
Unevictable:     4082900 kB
Mlocked:         4082900 kB
SwapTotal:       8388604 kB
SwapFree:        8388380 kB
Dirty:                76 kB
Writeback:             0 kB
AnonPages:       4564612 kB
Mapped:           120880 kB
Shmem:               192 kB
Slab:             383344 kB
SReclaimable:     315508 kB
SUnreclaim:        67836 kB
KernelStack:        4736 kB
PageTables:        17048 kB
NFS_Unstable:          0 kB
Bounce:                0 kB
WritebackTmp:          0 kB
CommitLimit:    16554408 kB
Committed_AS:    6817588 kB
VmallocTotal:   34359738367 kB
VmallocUsed:      109412 kB
VmallocChunk:   34351234244 kB
HardwareCorrupted:     0 kB
AnonHugePages:         0 kB
HugePages_Total:       0
HugePages_Free:        0
HugePages_Rsvd:        0
HugePages_Surp:        0
Hugepagesize:       2048 kB
DirectMap4k:        9920 kB
DirectMap2M:     2086912 kB
DirectMap1G:    14680064 kB


CPU:total 8 (4 cores per cpu, 1 threads per core) family 16 model 2 stepping 3, cmov, cx8, fxsr, mmx, sse, sse2, sse3, popcnt, mmxext, 3dnowpref, lzcnt, sse4a, tsc, tscinvbit, tscinv

/proc/cpuinfo:
processor	: 0
vendor_id	: AuthenticAMD
cpu family	: 16
model		: 2
model name	: Quad-Core AMD Opteron(tm) Processor 2354
stepping	: 3
cpu MHz		: 2200.000
cache size	: 512 KB
physical id	: 0
siblings	: 4
core id		: 0
cpu cores	: 4
apicid		: 0
initial apicid	: 0
fpu		: yes
fpu_exception	: yes
cpuid level	: 5
wp		: yes
flags		: fpu vme de pse tsc msr pae mce cx8 apic sep mtrr pge mca cmov pat pse36 clflush mmx fxsr sse sse2 ht syscall nx mmxext fxsr_opt pdpe1gb rdtscp lm 3dnowext 3dnow constant_tsc rep_good nonstop_tsc extd_apicid pni monitor cx16 popcnt lahf_lm cmp_legacy svm extapic cr8_legacy abm sse4a misalignsse 3dnowprefetch osvw ibs npt lbrv svm_lock
bogomips	: 4422.88
TLB size	: 1024 4K pages
clflush size	: 64
cache_alignment	: 64
address sizes	: 48 bits physical, 48 bits virtual
power management: ts ttp tm stc 100mhzsteps hwpstate

processor	: 1
vendor_id	: AuthenticAMD
cpu family	: 16
model		: 2
model name	: Quad-Core AMD Opteron(tm) Processor 2354
stepping	: 3
cpu MHz		: 2200.000
cache size	: 512 KB
physical id	: 0
siblings	: 4
core id		: 1
cpu cores	: 4
apicid		: 1
initial apicid	: 1
fpu		: yes
fpu_exception	: yes
cpuid level	: 5
wp		: yes
flags		: fpu vme de pse tsc msr pae mce cx8 apic sep mtrr pge mca cmov pat pse36 clflush mmx fxsr sse sse2 ht syscall nx mmxext fxsr_opt pdpe1gb rdtscp lm 3dnowext 3dnow constant_tsc rep_good nonstop_tsc extd_apicid pni monitor cx16 popcnt lahf_lm cmp_legacy svm extapic cr8_legacy abm sse4a misalignsse 3dnowprefetch osvw ibs npt lbrv svm_lock
bogomips	: 4422.88
TLB size	: 1024 4K pages
clflush size	: 64
cache_alignment	: 64
address sizes	: 48 bits physical, 48 bits virtual
power management: ts ttp tm stc 100mhzsteps hwpstate

processor	: 2
vendor_id	: AuthenticAMD
cpu family	: 16
model		: 2
model name	: Quad-Core AMD Opteron(tm) Processor 2354
stepping	: 3
cpu MHz		: 2200.000
cache size	: 512 KB
physical id	: 0
siblings	: 4
core id		: 2
cpu cores	: 4
apicid		: 2
initial apicid	: 2
fpu		: yes
fpu_exception	: yes
cpuid level	: 5
wp		: yes
flags		: fpu vme de pse tsc msr pae mce cx8 apic sep mtrr pge mca cmov pat pse36 clflush mmx fxsr sse sse2 ht syscall nx mmxext fxsr_opt pdpe1gb rdtscp lm 3dnowext 3dnow constant_tsc rep_good nonstop_tsc extd_apicid pni monitor cx16 popcnt lahf_lm cmp_legacy svm extapic cr8_legacy abm sse4a misalignsse 3dnowprefetch osvw ibs npt lbrv svm_lock
bogomips	: 4422.88
TLB size	: 1024 4K pages
clflush size	: 64
cache_alignment	: 64
address sizes	: 48 bits physical, 48 bits virtual
power management: ts ttp tm stc 100mhzsteps hwpstate

processor	: 3
vendor_id	: AuthenticAMD
cpu family	: 16
model		: 2
model name	: Quad-Core AMD Opteron(tm) Processor 2354
stepping	: 3
cpu MHz		: 2200.000
cache size	: 512 KB
physical id	: 0
siblings	: 4
core id		: 3
cpu cores	: 4
apicid		: 3
initial apicid	: 3
fpu		: yes
fpu_exception	: yes
cpuid level	: 5
wp		: yes
flags		: fpu vme de pse tsc msr pae mce cx8 apic sep mtrr pge mca cmov pat pse36 clflush mmx fxsr sse sse2 ht syscall nx mmxext fxsr_opt pdpe1gb rdtscp lm 3dnowext 3dnow constant_tsc rep_good nonstop_tsc extd_apicid pni monitor cx16 popcnt lahf_lm cmp_legacy svm extapic cr8_legacy abm sse4a misalignsse 3dnowprefetch osvw ibs npt lbrv svm_lock
bogomips	: 4422.88
TLB size	: 1024 4K pages
clflush size	: 64
cache_alignment	: 64
address sizes	: 48 bits physical, 48 bits virtual
power management: ts ttp tm stc 100mhzsteps hwpstate

processor	: 4
vendor_id	: AuthenticAMD
cpu family	: 16
model		: 2
model name	: Quad-Core AMD Opteron(tm) Processor 2354
stepping	: 3
cpu MHz		: 2200.000
cache size	: 512 KB
physical id	: 1
siblings	: 4
core id		: 0
cpu cores	: 4
apicid		: 4
initial apicid	: 4
fpu		: yes
fpu_exception	: yes
cpuid level	: 5
wp		: yes
flags		: fpu vme de pse tsc msr pae mce cx8 apic sep mtrr pge mca cmov pat pse36 clflush mmx fxsr sse sse2 ht syscall nx mmxext fxsr_opt pdpe1gb rdtscp lm 3dnowext 3dnow constant_tsc rep_good nonstop_tsc extd_apicid pni monitor cx16 popcnt lahf_lm cmp_legacy svm extapic cr8_legacy abm sse4a misalignsse 3dnowprefetch osvw ibs npt lbrv svm_lock
bogomips	: 4422.23
TLB size	: 1024 4K pages
clflush size	: 64
cache_alignment	: 64
address sizes	: 48 bits physical, 48 bits virtual
power management: ts ttp tm stc 100mhzsteps hwpstate

processor	: 5
vendor_id	: AuthenticAMD
cpu family	: 16
model		: 2
model name	: Quad-Core AMD Opteron(tm) Processor 2354
stepping	: 3
cpu MHz		: 2200.000
cache size	: 512 KB
physical id	: 1
siblings	: 4
core id		: 1
cpu cores	: 4
apicid		: 5
initial apicid	: 5
fpu		: yes
fpu_exception	: yes
cpuid level	: 5
wp		: yes
flags		: fpu vme de pse tsc msr pae mce cx8 apic sep mtrr pge mca cmov pat pse36 clflush mmx fxsr sse sse2 ht syscall nx mmxext fxsr_opt pdpe1gb rdtscp lm 3dnowext 3dnow constant_tsc rep_good nonstop_tsc extd_apicid pni monitor cx16 popcnt lahf_lm cmp_legacy svm extapic cr8_legacy abm sse4a misalignsse 3dnowprefetch osvw ibs npt lbrv svm_lock
bogomips	: 4422.23
TLB size	: 1024 4K pages
clflush size	: 64
cache_alignment	: 64
address sizes	: 48 bits physical, 48 bits virtual
power management: ts ttp tm stc 100mhzsteps hwpstate

processor	: 6
vendor_id	: AuthenticAMD
cpu family	: 16
model		: 2
model name	: Quad-Core AMD Opteron(tm) Processor 2354
stepping	: 3
cpu MHz		: 2200.000
cache size	: 512 KB
physical id	: 1
siblings	: 4
core id		: 2
cpu cores	: 4
apicid		: 6
initial apicid	: 6
fpu		: yes
fpu_exception	: yes
cpuid level	: 5
wp		: yes
flags		: fpu vme de pse tsc msr pae mce cx8 apic sep mtrr pge mca cmov pat pse36 clflush mmx fxsr sse sse2 ht syscall nx mmxext fxsr_opt pdpe1gb rdtscp lm 3dnowext 3dnow constant_tsc rep_good nonstop_tsc extd_apicid pni monitor cx16 popcnt lahf_lm cmp_legacy svm extapic cr8_legacy abm sse4a misalignsse 3dnowprefetch osvw ibs npt lbrv svm_lock
bogomips	: 4422.23
TLB size	: 1024 4K pages
clflush size	: 64
cache_alignment	: 64
address sizes	: 48 bits physical, 48 bits virtual
power management: ts ttp tm stc 100mhzsteps hwpstate

processor	: 7
vendor_id	: AuthenticAMD
cpu family	: 16
model		: 2
model name	: Quad-Core AMD Opteron(tm) Processor 2354
stepping	: 3
cpu MHz		: 2200.000
cache size	: 512 KB
physical id	: 1
siblings	: 4
core id		: 3
cpu cores	: 4
apicid		: 7
initial apicid	: 7
fpu		: yes
fpu_exception	: yes
cpuid level	: 5
wp		: yes
flags		: fpu vme de pse tsc msr pae mce cx8 apic sep mtrr pge mca cmov pat pse36 clflush mmx fxsr sse sse2 ht syscall nx mmxext fxsr_opt pdpe1gb rdtscp lm 3dnowext 3dnow constant_tsc rep_good nonstop_tsc extd_apicid pni monitor cx16 popcnt lahf_lm cmp_legacy svm extapic cr8_legacy abm sse4a misalignsse 3dnowprefetch osvw ibs npt lbrv svm_lock
bogomips	: 4422.23
TLB size	: 1024 4K pages
clflush size	: 64
cache_alignment	: 64
address sizes	: 48 bits physical, 48 bits virtual
power management: ts ttp tm stc 100mhzsteps hwpstate



Memory: 4k page, physical 16331612k(4948164k free), swap 8388604k(8388380k free)

vm_info: OpenJDK 64-Bit Server VM (23.25-b01) for linux-amd64 JRE (1.6.0_32-b32), built on Aug 21 2014 11:15:48 by "mockbuild" with gcc 4.4.7 20120313 (Red Hat 4.4.7-4)

time: Tue Sep 23 13:42:21 2014
elapsed time: 1 seconds

