#
# A fatal error has been detected by the Java Runtime Environment:
#
#  SIGBUS (0x7) at pc=0x00002aac4c483522, pid=18392, tid=46919429150464
#
# JRE version: 6.0_32-b32
# Java VM: OpenJDK 64-Bit Server VM (23.25-b01 mixed mode linux-amd64 compressed oops)
# Problematic frame:
# C  [libzip.so+0x4522]  ZIP_Lock+0x252
#
# Core dump written. Default location: /mmfs/automount/gpfs/homefs/sm/dw07r324/jobs/piterman.eq.macc.sp.ro.r/core or core.18392
#
# If you would like to submit a bug report, please include
# instructions how to reproduce the bug and visit:
#   http://icedtea.classpath.org/bugzilla
# The crash happened outside the Java Virtual Machine in native code.
# See problematic frame for where to report the bug.
#

---------------  T H R E A D  ---------------

Current thread (0x00002aac48008000):  JavaThread "main" [_thread_in_native, id=18393, stack(0x00002aac47d85000,0x00002aac47e86000)]

siginfo:si_signo=SIGBUS: si_errno=0, si_code=2 (BUS_ADRERR), si_addr=0x00002aac8f076be5

Registers:
RAX=0x00002aac497e0080, RBX=0x00002aac8f076bc8, RCX=0x0000000000000721, RDX=0x0000000000000720
RSP=0x00002aac47e83240, RBP=0x00002aac47e83280, RSI=0x0000000000000040, RDI=0x00002aac48000020
R8 =0x00002aac48000088, R9 =0x0000000000000001, R10=0x0000000000000040, R11=0x00002aac475b5660
R12=0x00002aac497e0080, R13=0x00002aac48229e60, R14=0x00002aac47e832f0, R15=0x00002aac497e0080
RIP=0x00002aac4c483522, EFLAGS=0x0000000000010202, CSGSFS=0x0000000000000033, ERR=0x0000000000000004
  TRAPNO=0x000000000000000e

Top of Stack: (sp=0x00002aac47e83240)
0x00002aac47e83240:   00002aac48228e10 00002aac474ff05e
0x00002aac47e83250:   00000000000000aa 00002aac482268e8
0x00002aac47e83260:   00002aac48229e60 00000000f803c4ec
0x00002aac47e83270:   00002aac47e832f0 0000000000000039
0x00002aac47e83280:   00002aac47e832d0 00002aac4c483ae2
0x00002aac47e83290:   00002aac48008000 00002aac492819b0
0x00002aac47e832a0:   00002aac47e83310 00002aac480081d8
0x00002aac47e832b0:   00002aac47e832f0 0000000000000039
0x00002aac47e832c0:   00002aac47e837c8 00002aac47e832f0
0x00002aac47e832d0:   00002aac47e83730 00002aac4c482ae4
0x00002aac47e832e0:   0000003901e83340 00002aac48229e60
0x00002aac47e832f0:   2f73657373616c63 727676732f67726f
0x00002aac47e83300:   632f6c616f672f6c 6563696c532f646d
0x00002aac47e83310:   656d656c706d6f43 736e65747845746e
0x00002aac47e83320:   73616c632e6e6f69 0000000447250073
0x00002aac47e83330:   00002aac48008b90 00002aac497efd10
0x00002aac47e83340:   00002aac47e83370 00002aac48008000
0x00002aac47e83350:   00000000b5cc4b00 000000000000001a
0x00002aac47e83360:   00002aac48008000 00000000b5cc4b00
0x00002aac47e83370:   00002aac47e833d0 00002aac473495f2
0x00002aac47e83380:   00002aac48008000 00002aac47411984
0x00002aac47e83390:   00002aac48008000 00002aacb5fcd910
0x00002aac47e833a0:   00002aacb5fcf290 00000000000000bd
0x00002aac47e833b0:   0000000000000000 00002aac48008000
0x00002aac47e833c0:   00002aac47e83400 00002aac00000000
0x00002aac47e833d0:   00000000b5cc8c58 00002a0000000061
0x00002aac47e833e0:   00000000b5bdfef5 00000000f0da5fb8
0x00002aac47e833f0:   00002aac47e833f0 00000000b5cc69cb
0x00002aac47e83400:   00002aac47e83450 00002aac48008b80
0x00002aac47e83410:   0000000000000000 0000000000000001
0x00002aac47e83420:   00002aac48008000 ffffffffffffffff
0x00002aac47e83430:   00002aac47e834a0 00002aac47305a03 

Instructions: (pc=0x00002aac4c483522)
0x00002aac4c483502:   00 00 00 00 00 48 c7 40 30 00 00 00 00 48 c7 40
0x00002aac4c483512:   28 00 00 00 00 8b 5b 04 49 2b 5d 28 49 03 5d 18
0x00002aac4c483522:   44 0f b6 73 1d 0f b6 43 1c 41 c1 e6 08 41 09 c6
0x00002aac4c483532:   0f b6 43 1e 88 45 ce 0f b6 43 1f 88 45 cf 0f b6 

Register to memory mapping:

RAX=0x00002aac497e0080 is an unknown value
RBX=0x00002aac8f076bc8 is an unknown value
RCX=0x0000000000000721 is an unknown value
RDX=0x0000000000000720 is an unknown value
RSP=0x00002aac47e83240 is pointing into the stack for thread: 0x00002aac48008000
RBP=0x00002aac47e83280 is pointing into the stack for thread: 0x00002aac48008000
RSI=0x0000000000000040 is an unknown value
RDI=0x00002aac48000020 is an unknown value
R8 =0x00002aac48000088 is an unknown value
R9 =0x0000000000000001 is an unknown value
R10=0x0000000000000040 is an unknown value
R11=0x00002aac475b5660: <offset 0x79f660> in /usr/lib/jvm/java-1.6.0-openjdk-1.6.0.0.x86_64/jre/lib/amd64/server/libjvm.so at 0x00002aac46e16000
R12=0x00002aac497e0080 is an unknown value
R13=0x00002aac48229e60 is an unknown value
R14=0x00002aac47e832f0 is pointing into the stack for thread: 0x00002aac48008000
R15=0x00002aac497e0080 is an unknown value


Stack: [0x00002aac47d85000,0x00002aac47e86000],  sp=0x00002aac47e83240,  free space=1016k
Native frames: (J=compiled Java code, j=interpreted, Vv=VM code, C=native code)
C  [libzip.so+0x4522]  ZIP_Lock+0x252
C  [libzip.so+0x4ae2]  ZIP_GetEntry+0xc2
C  [libzip.so+0x3ae4]  Java_java_util_zip_ZipFile_getEntry+0xc4
j  java.util.zip.ZipFile.getEntry(JLjava/lang/String;Z)J+0
j  java.util.zip.ZipFile.getEntry(Ljava/lang/String;)Ljava/util/zip/ZipEntry;+31
j  java.util.jar.JarFile.getEntry(Ljava/lang/String;)Ljava/util/zip/ZipEntry;+2
j  sun.net.www.protocol.jar.URLJarFile.getEntry(Ljava/lang/String;)Ljava/util/zip/ZipEntry;+2
j  sun.net.www.protocol.jar.JarURLConnection.connect()V+62
j  sun.net.www.protocol.jar.JarURLConnection.getInputStream()Ljava/io/InputStream;+1
j  sun.misc.URLClassPath$Loader.getResource(Ljava/lang/String;Z)Lsun/misc/Resource;+48
j  sun.misc.URLClassPath.getResource(Ljava/lang/String;Z)Lsun/misc/Resource;+53
j  java.net.URLClassLoader$1.run()Ljava/lang/Object;+26
v  ~StubRoutines::call_stub
V  [libjvm.so+0x537e3e]  AsyncGetCallTrace+0xd776e
V  [libjvm.so+0x536ad8]  AsyncGetCallTrace+0xd6408
V  [libjvm.so+0x597140]  JVM_DoPrivileged+0x400
j  java.security.AccessController.doPrivileged(Ljava/security/PrivilegedExceptionAction;Ljava/security/AccessControlContext;)Ljava/lang/Object;+0
j  java.net.URLClassLoader.findClass(Ljava/lang/String;)Ljava/lang/Class;+13
j  org.java.plugin.standard.StandardPluginClassLoader.loadLocalClass(Ljava/lang/String;ZLorg/java/plugin/standard/StandardPluginClassLoader;)Ljava/lang/Class;+97
j  org.java.plugin.standard.StandardPluginClassLoader.loadClass(Ljava/lang/String;Z)Ljava/lang/Class;+62
j  java.lang.ClassLoader.loadClass(Ljava/lang/String;)Ljava/lang/Class;+3
j  org.svvrl.goal.cmd.CmdPlugin.loadComplementCommands(Lorg/java/plugin/PluginManager;Lorg/svvrl/goal/cmd/CmdPlugin;)V+80
j  org.svvrl.goal.cmd.CmdPlugin.loadExtensions()V+54
j  org.svvrl.goal.cmd.CommandRepository.initialize()V+0
j  org.svvrl.goal.cmd.CommandRepository.getCommand(Ljava/lang/String;Ljava/util/List;)Lorg/svvrl/goal/cmd/CommandExpression;+0
j  org.svvrl.goal.cmd.parser.CMDParser.cmd_expr()Lorg/svvrl/goal/cmd/Expression;+22
j  org.svvrl.goal.cmd.parser.CMDParser.instr()Lorg/svvrl/goal/cmd/Statement;+1140
j  org.svvrl.goal.cmd.CmdHandler.start([Ljava/lang/String;)V+150
j  org.svvrl.goal.core.CorePlugin.startApplication()V+30
j  org.java.plugin.boot.Boot.boot(Lorg/java/plugin/util/ExtendedProperties;ZLjava/lang/String;Lorg/java/plugin/boot/BootErrorHandler;[Ljava/lang/String;)Lorg/java/plugin/boot/Application;+354
j  org.java.plugin.boot.Boot.main([Ljava/lang/String;)V+162
v  ~StubRoutines::call_stub
V  [libjvm.so+0x537e3e]  AsyncGetCallTrace+0xd776e
V  [libjvm.so+0x536ad8]  AsyncGetCallTrace+0xd6408
V  [libjvm.so+0x5452a7]  JNI_CreateJavaVM+0x12e7
V  [libjvm.so+0x55a4eb]  JNI_CreateJavaVM+0x1652b
C  [java+0x374d]  JavaMain+0xd0d

Java frames: (J=compiled Java code, j=interpreted, Vv=VM code)
j  java.util.zip.ZipFile.getEntry(JLjava/lang/String;Z)J+0
j  java.util.zip.ZipFile.getEntry(Ljava/lang/String;)Ljava/util/zip/ZipEntry;+31
j  java.util.jar.JarFile.getEntry(Ljava/lang/String;)Ljava/util/zip/ZipEntry;+2
j  sun.net.www.protocol.jar.URLJarFile.getEntry(Ljava/lang/String;)Ljava/util/zip/ZipEntry;+2
j  sun.net.www.protocol.jar.JarURLConnection.connect()V+62
j  sun.net.www.protocol.jar.JarURLConnection.getInputStream()Ljava/io/InputStream;+1
j  sun.misc.URLClassPath$Loader.getResource(Ljava/lang/String;Z)Lsun/misc/Resource;+48
j  sun.misc.URLClassPath.getResource(Ljava/lang/String;Z)Lsun/misc/Resource;+53
j  java.net.URLClassLoader$1.run()Ljava/lang/Object;+26
v  ~StubRoutines::call_stub
j  java.security.AccessController.doPrivileged(Ljava/security/PrivilegedExceptionAction;Ljava/security/AccessControlContext;)Ljava/lang/Object;+0
j  java.net.URLClassLoader.findClass(Ljava/lang/String;)Ljava/lang/Class;+13
j  org.java.plugin.standard.StandardPluginClassLoader.loadLocalClass(Ljava/lang/String;ZLorg/java/plugin/standard/StandardPluginClassLoader;)Ljava/lang/Class;+97
j  org.java.plugin.standard.StandardPluginClassLoader.loadClass(Ljava/lang/String;Z)Ljava/lang/Class;+62
j  java.lang.ClassLoader.loadClass(Ljava/lang/String;)Ljava/lang/Class;+3
j  org.svvrl.goal.cmd.CmdPlugin.loadComplementCommands(Lorg/java/plugin/PluginManager;Lorg/svvrl/goal/cmd/CmdPlugin;)V+80
j  org.svvrl.goal.cmd.CmdPlugin.loadExtensions()V+54
j  org.svvrl.goal.cmd.CommandRepository.initialize()V+0
j  org.svvrl.goal.cmd.CommandRepository.getCommand(Ljava/lang/String;Ljava/util/List;)Lorg/svvrl/goal/cmd/CommandExpression;+0
j  org.svvrl.goal.cmd.parser.CMDParser.cmd_expr()Lorg/svvrl/goal/cmd/Expression;+22
j  org.svvrl.goal.cmd.parser.CMDParser.instr()Lorg/svvrl/goal/cmd/Statement;+1140
j  org.svvrl.goal.cmd.CmdHandler.start([Ljava/lang/String;)V+150
j  org.svvrl.goal.core.CorePlugin.startApplication()V+30
j  org.java.plugin.boot.Boot.boot(Lorg/java/plugin/util/ExtendedProperties;ZLjava/lang/String;Lorg/java/plugin/boot/BootErrorHandler;[Ljava/lang/String;)Lorg/java/plugin/boot/Application;+354
j  org.java.plugin.boot.Boot.main([Ljava/lang/String;)V+162
v  ~StubRoutines::call_stub

---------------  P R O C E S S  ---------------

Java Threads: ( => current thread )
  0x00002aac48144000 JavaThread "Java2D Disposer" daemon [_thread_blocked, id=18412, stack(0x00002aac8eb2b000,0x00002aac8ec2c000)]
  0x00002aac48101800 JavaThread "Low Memory Detector" daemon [_thread_blocked, id=18408, stack(0x00002aac8e194000,0x00002aac8e295000)]
  0x00002aac480ff000 JavaThread "C2 CompilerThread1" daemon [_thread_blocked, id=18407, stack(0x00002aac8e093000,0x00002aac8e194000)]
  0x00002aac480fc800 JavaThread "C2 CompilerThread0" daemon [_thread_blocked, id=18406, stack(0x00002aac8df92000,0x00002aac8e093000)]
  0x00002aac480fa000 JavaThread "Signal Dispatcher" daemon [_thread_blocked, id=18405, stack(0x00002aac8de91000,0x00002aac8df92000)]
  0x00002aac480ab800 JavaThread "Finalizer" daemon [_thread_blocked, id=18404, stack(0x00002aac78eb3000,0x00002aac78fb4000)]
  0x00002aac480a9800 JavaThread "Reference Handler" daemon [_thread_blocked, id=18403, stack(0x00002aac78db2000,0x00002aac78eb3000)]
=>0x00002aac48008000 JavaThread "main" [_thread_in_native, id=18393, stack(0x00002aac47d85000,0x00002aac47e86000)]

Other Threads:
  0x00002aac4809a800 VMThread [stack: 0x00002aac78cb1000,0x00002aac78db2000] [id=18402]
  0x00002aac4810c800 WatcherThread [stack: 0x00002aac8e295000,0x00002aac8e396000] [id=18409]

VM state:not at safepoint (normal execution)

VM Mutex/Monitor currently owned by a thread: None

Heap
 PSYoungGen      total 305856K, used 104967K [0x00000000eaab0000, 0x0000000100000000, 0x0000000100000000)
  eden space 262208K, 40% used [0x00000000eaab0000,0x00000000f1131ca8,0x00000000faac0000)
  from space 43648K, 0% used [0x00000000fd560000,0x00000000fd560000,0x0000000100000000)
  to   space 43648K, 0% used [0x00000000faac0000,0x00000000faac0000,0x00000000fd560000)
 ParOldGen       total 699072K, used 0K [0x00000000c0000000, 0x00000000eaab0000, 0x00000000eaab0000)
  object space 699072K, 0% used [0x00000000c0000000,0x00000000c0000000,0x00000000eaab0000)
 PSPermGen       total 21248K, used 11554K [0x00000000b5a00000, 0x00000000b6ec0000, 0x00000000c0000000)
  object space 21248K, 54% used [0x00000000b5a00000,0x00000000b6548820,0x00000000b6ec0000)

Card table byte_map: [0x00002aac4f747000,0x00002aac4f99b000] byte_map_base: 0x00002aac4f19a000

Polling page: 0x00002aac4c440000

Code Cache  [0x00002aac4c687000, 0x00002aac4c8f7000, 0x00002aac4f687000)
 total_blobs=458 nmethods=178 adapters=233 free_code_cache=48212Kb largest_free_block=49335104

Compilation events (10 events):
Event: 8.091 Thread 0x00002aac480fc800 nmethod 171 0x00002aac4c76ad10 code [0x00002aac4c76ae40, 0x00002aac4c76aef8]
Event: 8.091 Thread 0x00002aac480ff000 nmethod 170 0x00002aac4c76a8d0 code [0x00002aac4c76aa20, 0x00002aac4c76ab78]
Event: 8.315 Thread 0x00002aac480fc800  172             java.net.URL::getHost (5 bytes)
Event: 8.315 Thread 0x00002aac480fc800 nmethod 172 0x00002aac4c76a6d0 code [0x00002aac4c76a800, 0x00002aac4c76a858]
Event: 8.349 Thread 0x00002aac480ff000  173             java.lang.String::<init> (20 bytes)
Event: 8.349 Thread 0x00002aac480ff000 nmethod 173 0x00002aac4c76a4d0 code [0x00002aac4c76a600, 0x00002aac4c76a678]
Event: 8.377 Thread 0x00002aac480fc800  174             java.lang.Character::toLowerCase (6 bytes)
Event: 8.377 Thread 0x00002aac480ff000  175             java.lang.String::toLowerCase (436 bytes)
Event: 8.378 Thread 0x00002aac480fc800 nmethod 174 0x00002aac4c76a1d0 code [0x00002aac4c76a320, 0x00002aac4c76a3d8]
Event: 8.401 Thread 0x00002aac480ff000 nmethod 175 0x00002aac4c778a10 code [0x00002aac4c778c20, 0x00002aac4c779920]

GC Heap History (0 events):
No events

Deoptimization events (10 events):
Event: 3.573 Thread 0x00002aac48008000 Uncommon trap -34 fr.pc 0x00002aac4c73681c
Event: 3.573 Thread 0x00002aac48008000 Uncommon trap -34 fr.pc 0x00002aac4c73681c
Event: 3.956 Thread 0x00002aac48008000 Uncommon trap -34 fr.pc 0x00002aac4c7405d8
Event: 6.425 Thread 0x00002aac48008000 Uncommon trap -34 fr.pc 0x00002aac4c7405d8
Event: 6.425 Thread 0x00002aac48008000 Uncommon trap -34 fr.pc 0x00002aac4c7405d8
Event: 6.425 Thread 0x00002aac48008000 Uncommon trap -34 fr.pc 0x00002aac4c7405d8
Event: 8.103 Thread 0x00002aac48008000 Uncommon trap -58 fr.pc 0x00002aac4c749624
Event: 8.108 Thread 0x00002aac48008000 Uncommon trap -58 fr.pc 0x00002aac4c749624
Event: 8.114 Thread 0x00002aac48008000 Uncommon trap -58 fr.pc 0x00002aac4c749624
Event: 8.131 Thread 0x00002aac48008000 Uncommon trap -58 fr.pc 0x00002aac4c749624

Internal exceptions (10 events):
Event: 8.504 Thread 0x00002aac48008000 Threw 0x00000000f0d9dcb0 at /builddir/build/BUILD/icedtea6-1.13.4/openjdk/hotspot/src/share/vm/classfile/systemDictionary.cpp:179
Event: 8.504 Thread 0x00002aac48008000 Threw 0x00000000f0d9e028 at /builddir/build/BUILD/icedtea6-1.13.4/openjdk/hotspot/src/share/vm/prims/jvm.cpp:1235
Event: 8.504 Thread 0x00002aac48008000 Threw 0x00000000f0d9e450 at /builddir/build/BUILD/icedtea6-1.13.4/openjdk/hotspot/src/share/vm/prims/jvm.cpp:1235
Event: 8.505 Thread 0x00002aac48008000 Threw 0x00000000f0d9f9f8 at /builddir/build/BUILD/icedtea6-1.13.4/openjdk/hotspot/src/share/vm/prims/jvm.cpp:1235
Event: 8.505 Thread 0x00002aac48008000 Threw 0x00000000f0da0208 at /builddir/build/BUILD/icedtea6-1.13.4/openjdk/hotspot/src/share/vm/classfile/systemDictionary.cpp:179
Event: 8.505 Thread 0x00002aac48008000 Threw 0x00000000f0da0560 at /builddir/build/BUILD/icedtea6-1.13.4/openjdk/hotspot/src/share/vm/prims/jvm.cpp:1235
Event: 8.505 Thread 0x00002aac48008000 Threw 0x00000000f0da0968 at /builddir/build/BUILD/icedtea6-1.13.4/openjdk/hotspot/src/share/vm/prims/jvm.cpp:1235
Event: 8.626 Thread 0x00002aac48008000 Threw 0x00000000f0da3ab0 at /builddir/build/BUILD/icedtea6-1.13.4/openjdk/hotspot/src/share/vm/classfile/systemDictionary.cpp:179
Event: 8.626 Thread 0x00002aac48008000 Threw 0x00000000f0da4008 at /builddir/build/BUILD/icedtea6-1.13.4/openjdk/hotspot/src/share/vm/prims/jvm.cpp:1235
Event: 8.626 Thread 0x00002aac48008000 Threw 0x00000000f0da4610 at /builddir/build/BUILD/icedtea6-1.13.4/openjdk/hotspot/src/share/vm/prims/jvm.cpp:1235

Events (10 events):
Event: 8.303 loading class 0x00002aac482e3b80
Event: 8.303 loading class 0x00002aac482e3b80 done
Event: 8.369 loading class 0x00002aac48380ab0
Event: 8.369 loading class 0x00002aac48380ab0 done
Event: 8.504 loading class 0x00002aac492b8a00
Event: 8.504 loading class 0x00002aac492b8a00 done
Event: 8.505 loading class 0x00002aac492c5ed0
Event: 8.505 loading class 0x00002aac492c5ed0 done
Event: 8.626 loading class 0x00002aac497896d0
Event: 8.626 loading class 0x00002aac497896d0 done


Dynamic libraries:
00400000-00409000 r-xp 00000000 fd:01 5993                               /usr/lib/jvm/java-1.6.0-openjdk-1.6.0.0.x86_64/jre/bin/java
00608000-0060a000 rw-p 00008000 fd:01 5993                               /usr/lib/jvm/java-1.6.0-openjdk-1.6.0.0.x86_64/jre/bin/java
01628000-01649000 rw-p 00000000 00:00 0                                  [heap]
b5a00000-b6ec0000 rw-p 00000000 00:00 0 
b6ec0000-c0000000 rw-p 00000000 00:00 0 
c0000000-100000000 rw-p 00000000 00:00 0 
364f800000-364f820000 r-xp 00000000 fd:01 130582                         /lib64/ld-2.12.so
364fa1f000-364fa20000 r--p 0001f000 fd:01 130582                         /lib64/ld-2.12.so
364fa20000-364fa21000 rw-p 00020000 fd:01 130582                         /lib64/ld-2.12.so
364fa21000-364fa22000 rw-p 00000000 00:00 0 
364fc00000-364fd8a000 r-xp 00000000 fd:01 130613                         /lib64/libc-2.12.so
364fd8a000-364ff8a000 ---p 0018a000 fd:01 130613                         /lib64/libc-2.12.so
364ff8a000-364ff8e000 r--p 0018a000 fd:01 130613                         /lib64/libc-2.12.so
364ff8e000-364ff8f000 rw-p 0018e000 fd:01 130613                         /lib64/libc-2.12.so
364ff8f000-364ff94000 rw-p 00000000 00:00 0 
3650000000-3650004000 r-xp 00000000 fd:01 13573                          /usr/lib/jvm/java-1.6.0-openjdk-1.6.0.0.x86_64/jre/lib/amd64/jli/libjli.so
3650004000-3650203000 ---p 00004000 fd:01 13573                          /usr/lib/jvm/java-1.6.0-openjdk-1.6.0.0.x86_64/jre/lib/amd64/jli/libjli.so
3650203000-3650204000 rw-p 00003000 fd:01 13573                          /usr/lib/jvm/java-1.6.0-openjdk-1.6.0.0.x86_64/jre/lib/amd64/jli/libjli.so
3650400000-3650417000 r-xp 00000000 fd:01 130636                         /lib64/libpthread-2.12.so
3650417000-3650617000 ---p 00017000 fd:01 130636                         /lib64/libpthread-2.12.so
3650617000-3650618000 r--p 00017000 fd:01 130636                         /lib64/libpthread-2.12.so
3650618000-3650619000 rw-p 00018000 fd:01 130636                         /lib64/libpthread-2.12.so
3650619000-365061d000 rw-p 00000000 00:00 0 
3650800000-3650802000 r-xp 00000000 fd:01 130624                         /lib64/libdl-2.12.so
3650802000-3650a02000 ---p 00002000 fd:01 130624                         /lib64/libdl-2.12.so
3650a02000-3650a03000 r--p 00002000 fd:01 130624                         /lib64/libdl-2.12.so
3650a03000-3650a04000 rw-p 00003000 fd:01 130624                         /lib64/libdl-2.12.so
3650c00000-3650c15000 r-xp 00000000 fd:01 130638                         /lib64/libz.so.1.2.3
3650c15000-3650e14000 ---p 00015000 fd:01 130638                         /lib64/libz.so.1.2.3
3650e14000-3650e15000 r--p 00014000 fd:01 130638                         /lib64/libz.so.1.2.3
3650e15000-3650e16000 rw-p 00015000 fd:01 130638                         /lib64/libz.so.1.2.3
3651000000-3651007000 r-xp 00000000 fd:01 132701                         /lib64/librt-2.12.so
3651007000-3651206000 ---p 00007000 fd:01 132701                         /lib64/librt-2.12.so
3651206000-3651207000 r--p 00006000 fd:01 132701                         /lib64/librt-2.12.so
3651207000-3651208000 rw-p 00007000 fd:01 132701                         /lib64/librt-2.12.so
3651800000-3651816000 r-xp 00000000 fd:01 133662                         /lib64/libgcc_s-4.4.7-20120601.so.1
3651816000-3651a15000 ---p 00016000 fd:01 133662                         /lib64/libgcc_s-4.4.7-20120601.so.1
3651a15000-3651a16000 rw-p 00015000 fd:01 133662                         /lib64/libgcc_s-4.4.7-20120601.so.1
3653000000-36530e8000 r-xp 00000000 fd:01 49938                          /usr/lib64/libstdc++.so.6.0.13
36530e8000-36532e8000 ---p 000e8000 fd:01 49938                          /usr/lib64/libstdc++.so.6.0.13
36532e8000-36532ef000 r--p 000e8000 fd:01 49938                          /usr/lib64/libstdc++.so.6.0.13
36532ef000-36532f1000 rw-p 000ef000 fd:01 49938                          /usr/lib64/libstdc++.so.6.0.13
36532f1000-3653306000 rw-p 00000000 00:00 0 
3659000000-3659098000 r-xp 00000000 fd:01 4478                           /usr/lib64/libfreetype.so.6.3.22
3659098000-3659297000 ---p 00098000 fd:01 4478                           /usr/lib64/libfreetype.so.6.3.22
3659297000-365929d000 rw-p 00097000 fd:01 4478                           /usr/lib64/libfreetype.so.6.3.22
365c200000-365c216000 r-xp 00000000 fd:01 137559                         /lib64/libnsl-2.12.so
365c216000-365c415000 ---p 00016000 fd:01 137559                         /lib64/libnsl-2.12.so
365c415000-365c416000 r--p 00015000 fd:01 137559                         /lib64/libnsl-2.12.so
365c416000-365c417000 rw-p 00016000 fd:01 137559                         /lib64/libnsl-2.12.so
365c417000-365c419000 rw-p 00000000 00:00 0 
2aac46dfb000-2aac46dfc000 rw-p 00000000 00:00 0 
2aac46e12000-2aac46e16000 rw-p 00000000 00:00 0 
2aac46e16000-2aac47821000 r-xp 00000000 fd:01 23213                      /usr/lib/jvm/java-1.6.0-openjdk-1.6.0.0.x86_64/jre/lib/amd64/server/libjvm.so
2aac47821000-2aac47a21000 ---p 00a0b000 fd:01 23213                      /usr/lib/jvm/java-1.6.0-openjdk-1.6.0.0.x86_64/jre/lib/amd64/server/libjvm.so
2aac47a21000-2aac47ac2000 rw-p 00a0b000 fd:01 23213                      /usr/lib/jvm/java-1.6.0-openjdk-1.6.0.0.x86_64/jre/lib/amd64/server/libjvm.so
2aac47ac2000-2aac47aeb000 rw-p 00000000 00:00 0 
2aac47b01000-2aac47b84000 r-xp 00000000 fd:01 130627                     /lib64/libm-2.12.so
2aac47b84000-2aac47d83000 ---p 00083000 fd:01 130627                     /lib64/libm-2.12.so
2aac47d83000-2aac47d84000 r--p 00082000 fd:01 130627                     /lib64/libm-2.12.so
2aac47d84000-2aac47d85000 rw-p 00083000 fd:01 130627                     /lib64/libm-2.12.so
2aac47d85000-2aac47d88000 ---p 00000000 00:00 0 
2aac47d88000-2aac47e86000 rw-p 00000000 00:00 0 
2aac48000000-2aac49830000 rw-p 00000000 00:00 0 
2aac49830000-2aac4c000000 ---p 00000000 00:00 0 
2aac4c000000-2aac4c00e000 r-xp 00000000 fd:01 23207                      /usr/lib/jvm/java-1.6.0-openjdk-1.6.0.0.x86_64/jre/lib/amd64/libverify.so
2aac4c00e000-2aac4c20e000 ---p 0000e000 fd:01 23207                      /usr/lib/jvm/java-1.6.0-openjdk-1.6.0.0.x86_64/jre/lib/amd64/libverify.so
2aac4c20e000-2aac4c210000 rw-p 0000e000 fd:01 23207                      /usr/lib/jvm/java-1.6.0-openjdk-1.6.0.0.x86_64/jre/lib/amd64/libverify.so
2aac4c210000-2aac4c23d000 r-xp 00000000 fd:01 23159                      /usr/lib/jvm/java-1.6.0-openjdk-1.6.0.0.x86_64/jre/lib/amd64/libjava.so
2aac4c23d000-2aac4c43c000 ---p 0002d000 fd:01 23159                      /usr/lib/jvm/java-1.6.0-openjdk-1.6.0.0.x86_64/jre/lib/amd64/libjava.so
2aac4c43c000-2aac4c440000 rw-p 0002c000 fd:01 23159                      /usr/lib/jvm/java-1.6.0-openjdk-1.6.0.0.x86_64/jre/lib/amd64/libjava.so
2aac4c440000-2aac4c441000 r--p 00000000 00:00 0 
2aac4c441000-2aac4c442000 rw-p 00000000 00:00 0 
2aac4c442000-2aac4c477000 r--s 00000000 fd:02 128540                     /var/db/nscd/passwd
2aac4c477000-2aac4c47f000 rw-s 00000000 fd:03 38                         /tmp/hsperfdata_dw07r324/18392
2aac4c47f000-2aac4c486000 r-xp 00000000 fd:01 23208                      /usr/lib/jvm/java-1.6.0-openjdk-1.6.0.0.x86_64/jre/lib/amd64/libzip.so
2aac4c486000-2aac4c686000 ---p 00007000 fd:01 23208                      /usr/lib/jvm/java-1.6.0-openjdk-1.6.0.0.x86_64/jre/lib/amd64/libzip.so
2aac4c686000-2aac4c687000 rw-p 00007000 fd:01 23208                      /usr/lib/jvm/java-1.6.0-openjdk-1.6.0.0.x86_64/jre/lib/amd64/libzip.so
2aac4c687000-2aac4c8f7000 rwxp 00000000 00:00 0 
2aac4c8f7000-2aac4f687000 rw-p 00000000 00:00 0 
2aac4f687000-2aac4f691000 rw-p 00000000 00:00 0 
2aac4f691000-2aac4f747000 rw-p 00000000 00:00 0 
2aac4f747000-2aac4f752000 rw-p 00000000 00:00 0 
2aac4f752000-2aac4f79a000 rw-p 00000000 00:00 0 
2aac4f79a000-2aac4fafc000 rw-p 00000000 00:00 0 
2aac4fafc000-2aac4fb44000 rw-p 00000000 00:00 0 
2aac4fb44000-2aac4fb45000 ---p 00000000 00:00 0 
2aac4fb45000-2aac4fc45000 rw-p 00000000 00:00 0 
2aac4fc45000-2aac4fc46000 ---p 00000000 00:00 0 
2aac4fc46000-2aac4fd46000 rw-p 00000000 00:00 0 
2aac4fd46000-2aac4fd47000 ---p 00000000 00:00 0 
2aac4fd47000-2aac4fe47000 rw-p 00000000 00:00 0 
2aac4fe47000-2aac4fe48000 ---p 00000000 00:00 0 
2aac4fe48000-2aac4ff48000 rw-p 00000000 00:00 0 
2aac4ff48000-2aac4ff49000 ---p 00000000 00:00 0 
2aac4ff49000-2aac50049000 rw-p 00000000 00:00 0 
2aac50049000-2aac5004a000 ---p 00000000 00:00 0 
2aac5004a000-2aac5014a000 rw-p 00000000 00:00 0 
2aac5014a000-2aac5014b000 ---p 00000000 00:00 0 
2aac5014b000-2aac5024b000 rw-p 00000000 00:00 0 
2aac5024b000-2aac5024c000 ---p 00000000 00:00 0 
2aac5024c000-2aac5034c000 rw-p 00000000 00:00 0 
2aac54000000-2aac54021000 rw-p 00000000 00:00 0 
2aac54021000-2aac58000000 ---p 00000000 00:00 0 
2aac58000000-2aac58021000 rw-p 00000000 00:00 0 
2aac58021000-2aac5c000000 ---p 00000000 00:00 0 
2aac5c000000-2aac5c021000 rw-p 00000000 00:00 0 
2aac5c021000-2aac60000000 ---p 00000000 00:00 0 
2aac60000000-2aac60021000 rw-p 00000000 00:00 0 
2aac60021000-2aac64000000 ---p 00000000 00:00 0 
2aac64000000-2aac64021000 rw-p 00000000 00:00 0 
2aac64021000-2aac68000000 ---p 00000000 00:00 0 
2aac68000000-2aac68021000 rw-p 00000000 00:00 0 
2aac68021000-2aac6c000000 ---p 00000000 00:00 0 
2aac6c000000-2aac6c021000 rw-p 00000000 00:00 0 
2aac6c021000-2aac70000000 ---p 00000000 00:00 0 
2aac70000000-2aac70021000 rw-p 00000000 00:00 0 
2aac70021000-2aac74000000 ---p 00000000 00:00 0 
2aac74000000-2aac76ea4000 rw-p 00000000 00:00 0 
2aac76ea4000-2aac7703a000 r--s 01a15000 fd:01 23288                      /usr/lib/jvm/java-1.6.0-openjdk-1.6.0.0.x86_64/jre/lib/rt.jar
2aac7703a000-2aac78cb1000 rw-p 00000000 00:00 0 
2aac78cb1000-2aac78cb2000 ---p 00000000 00:00 0 
2aac78cb2000-2aac78db2000 rw-p 00000000 00:00 0 
2aac78db2000-2aac78db5000 ---p 00000000 00:00 0 
2aac78db5000-2aac78eb3000 rw-p 00000000 00:00 0 
2aac78eb3000-2aac78eb6000 ---p 00000000 00:00 0 
2aac78eb6000-2aac78fb4000 rw-p 00000000 00:00 0 
2aac7c000000-2aac7c021000 rw-p 00000000 00:00 0 
2aac7c021000-2aac80000000 ---p 00000000 00:00 0 
2aac80000000-2aac80021000 rw-p 00000000 00:00 0 
2aac80021000-2aac84000000 ---p 00000000 00:00 0 
2aac84000000-2aac84021000 rw-p 00000000 00:00 0 
2aac84021000-2aac88000000 ---p 00000000 00:00 0 
2aac88000000-2aac8de91000 r--p 00000000 fd:01 49935                      /usr/lib/locale/locale-archive
2aac8de91000-2aac8de94000 ---p 00000000 00:00 0 
2aac8de94000-2aac8df92000 rw-p 00000000 00:00 0 
2aac8df92000-2aac8df95000 ---p 00000000 00:00 0 
2aac8df95000-2aac8e093000 rw-p 00000000 00:00 0 
2aac8e093000-2aac8e096000 ---p 00000000 00:00 0 
2aac8e096000-2aac8e194000 rw-p 00000000 00:00 0 
2aac8e194000-2aac8e197000 ---p 00000000 00:00 0 
2aac8e197000-2aac8e295000 rw-p 00000000 00:00 0 
2aac8e295000-2aac8e296000 ---p 00000000 00:00 0 
2aac8e296000-2aac8e396000 rw-p 00000000 00:00 0 
2aac8e396000-2aac8e398000 r--s 00009000 00:35 125760574                  /mmfs/automount/gpfs/homefs/sm/dw07r324/bin/GOAL-20140808/lib/jpf-boot.jar
2aac8e398000-2aac8e39b000 r--s 0000f000 fd:01 23233                      /usr/lib/jvm/java-1.6.0-openjdk-1.6.0.0.x86_64/jre/lib/ext/pulse-java.jar
2aac8e39b000-2aac8e3a4000 r--s 00065000 fd:01 23228                      /usr/lib/jvm/java-1.6.0-openjdk-1.6.0.0.x86_64/jre/lib/ext/gnome-java-bridge.jar
2aac8e3a4000-2aac8e3a6000 r--s 00009000 00:35 125760574                  /mmfs/automount/gpfs/homefs/sm/dw07r324/bin/GOAL-20140808/lib/jpf-boot.jar
2aac8e3a6000-2aac8e3aa000 r--s 0003c000 fd:01 14238                      /usr/lib/jvm/java-1.6.0-openjdk-1.6.0.0.x86_64/jre/lib/jsse.jar
2aac8e3aa000-2aac8e3af000 r--s 0002d000 00:35 125760577                  /mmfs/automount/gpfs/homefs/sm/dw07r324/bin/GOAL-20140808/lib/jpf.jar
2aac8e3af000-2aac8e3b1000 r--s 0000d000 00:35 125760571                  /mmfs/automount/gpfs/homefs/sm/dw07r324/bin/GOAL-20140808/lib/commons-logging.jar
2aac8e3b1000-2aac8e3b3000 r--s 00012000 00:35 125760576                  /mmfs/automount/gpfs/homefs/sm/dw07r324/bin/GOAL-20140808/lib/jpf-tools.jar
2aac8e3b3000-2aac8e3ba000 r--s 00039000 00:35 125760578                  /mmfs/automount/gpfs/homefs/sm/dw07r324/bin/GOAL-20140808/lib/jxp.jar
2aac8e3ba000-2aac8e3bc000 r--s 00004000 00:35 125760570                  /mmfs/automount/gpfs/homefs/sm/dw07r324/bin/GOAL-20140808/lib/AppleJavaExtensions.jar
2aac8e3bc000-2aac8e3c1000 r--s 0002a000 00:35 125760572                  /mmfs/automount/gpfs/homefs/sm/dw07r324/bin/GOAL-20140808/lib/gson-2.2.2.jar
2aac8e3c1000-2aac8e3c4000 r--s 0001a000 00:35 125760579                  /mmfs/automount/gpfs/homefs/sm/dw07r324/bin/GOAL-20140808/lib/minijdd_104.jar
2aac8e3c4000-2aac8e3e7000 r--s 0022d000 00:35 39568611                   /mmfs/automount/gpfs/homefs/sm/dw07r324/bin/GOAL-20140808/.jpf-shadow/org.svvrl.goal.core@2014.8.8.zip (deleted)
2aac8e3e7000-2aac8e48a000 r-xp 00000000 fd:01 13434                      /usr/lib/jvm/java-1.6.0-openjdk-1.6.0.0.x86_64/jre/lib/amd64/libawt.so
2aac8e48a000-2aac8e68a000 ---p 000a3000 fd:01 13434                      /usr/lib/jvm/java-1.6.0-openjdk-1.6.0.0.x86_64/jre/lib/amd64/libawt.so
2aac8e68a000-2aac8e696000 rw-p 000a3000 fd:01 13434                      /usr/lib/jvm/java-1.6.0-openjdk-1.6.0.0.x86_64/jre/lib/amd64/libawt.so
2aac8e696000-2aac8e6ba000 rw-p 00000000 00:00 0 
2aac8e6ba000-2aac8e6c0000 r-xp 00000000 fd:01 8525                       /usr/lib/jvm/java-1.6.0-openjdk-1.6.0.0.x86_64/jre/lib/amd64/headless/libmawt.so
2aac8e6c0000-2aac8e8bf000 ---p 00006000 fd:01 8525                       /usr/lib/jvm/java-1.6.0-openjdk-1.6.0.0.x86_64/jre/lib/amd64/headless/libmawt.so
2aac8e8bf000-2aac8e8c0000 rw-p 00005000 fd:01 8525                       /usr/lib/jvm/java-1.6.0-openjdk-1.6.0.0.x86_64/jre/lib/amd64/headless/libmawt.so
2aac8e8c0000-2aac8e8db000 r--s 0029a000 00:35 39568652                   /mmfs/automount/gpfs/homefs/sm/dw07r324/bin/GOAL-20140808/.jpf-shadow/org.svvrl.goal.gui@2014.8.8.zip (deleted)
2aac8e8db000-2aac8e928000 r-xp 00000000 fd:01 13546                      /usr/lib/jvm/java-1.6.0-openjdk-1.6.0.0.x86_64/jre/lib/amd64/libfontmanager.so
2aac8e928000-2aac8eb28000 ---p 0004d000 fd:01 13546                      /usr/lib/jvm/java-1.6.0-openjdk-1.6.0.0.x86_64/jre/lib/amd64/libfontmanager.so
2aac8eb28000-2aac8eb2b000 rw-p 0004d000 fd:01 13546                      /usr/lib/jvm/java-1.6.0-openjdk-1.6.0.0.x86_64/jre/lib/amd64/libfontmanager.so
2aac8eb2b000-2aac8eb2e000 ---p 00000000 00:00 0 
2aac8eb2e000-2aac8ec2c000 rw-p 00000000 00:00 0 
2aac8ec2c000-2aac8ec33000 r--s 00000000 fd:02 1513                       /var/cache/fontconfig/12b26b760a24f8b4feb03ad48a333a72-le64.cache-3
2aac8ec33000-2aac8ec3c000 r--s 00000000 fd:02 1443                       /var/cache/fontconfig/b79f3aaa7d385a141ab53ec885cc22a8-le64.cache-3
2aac8ec3c000-2aac8ec40000 r--s 00000000 fd:02 1132                       /var/cache/fontconfig/87f5e051180a7a75f16eb6fe7dbd3749-le64.cache-3
2aac8ec40000-2aac8ec56000 r-xp 00000000 fd:01 23199                      /usr/lib/jvm/java-1.6.0-openjdk-1.6.0.0.x86_64/jre/lib/amd64/libnet.so
2aac8ec56000-2aac8ee55000 ---p 00016000 fd:01 23199                      /usr/lib/jvm/java-1.6.0-openjdk-1.6.0.0.x86_64/jre/lib/amd64/libnet.so
2aac8ee55000-2aac8ee56000 rw-p 00015000 fd:01 23199                      /usr/lib/jvm/java-1.6.0-openjdk-1.6.0.0.x86_64/jre/lib/amd64/libnet.so
2aac8ee56000-2aac8ee5e000 r-xp 00000000 fd:01 23200                      /usr/lib/jvm/java-1.6.0-openjdk-1.6.0.0.x86_64/jre/lib/amd64/libnio.so
2aac8ee5e000-2aac8f05d000 ---p 00008000 fd:01 23200                      /usr/lib/jvm/java-1.6.0-openjdk-1.6.0.0.x86_64/jre/lib/amd64/libnio.so
2aac8f05d000-2aac8f05e000 rw-p 00007000 fd:01 23200                      /usr/lib/jvm/java-1.6.0-openjdk-1.6.0.0.x86_64/jre/lib/amd64/libnio.so
2aac8f05e000-2aac8f065000 r--s 00000000 fd:02 1513                       /var/cache/fontconfig/12b26b760a24f8b4feb03ad48a333a72-le64.cache-3
2aac8f065000-2aac8f06e000 r--s 00000000 fd:02 1443                       /var/cache/fontconfig/b79f3aaa7d385a141ab53ec885cc22a8-le64.cache-3
2aac8f06e000-2aac8f072000 r--s 00000000 fd:02 1132                       /var/cache/fontconfig/87f5e051180a7a75f16eb6fe7dbd3749-le64.cache-3
2aac8f072000-2aac8f078000 r--s 0004b000 00:35 39568653                   /mmfs/automount/gpfs/homefs/sm/dw07r324/bin/GOAL-20140808/.jpf-shadow/org.svvrl.goal.cmd@2014.8.8.zip
2aac8f078000-2aac8f07a000 rw-p 00000000 00:00 0 
2aac90000000-2aac90021000 rw-p 00000000 00:00 0 
2aac90021000-2aac94000000 ---p 00000000 00:00 0 
2aac94000000-2aac94d20000 rw-p 00000000 00:00 0 
2aac94d20000-2aac98000000 ---p 00000000 00:00 0 
2aac98000000-2aac9928d000 rw-p 00000000 00:00 0 
2aac9928d000-2aac9c000000 ---p 00000000 00:00 0 
2aac9c000000-2aac9c021000 rw-p 00000000 00:00 0 
2aac9c021000-2aaca0000000 ---p 00000000 00:00 0 
2aaca0000000-2aaca0021000 rw-p 00000000 00:00 0 
2aaca0021000-2aaca4000000 ---p 00000000 00:00 0 
2aaca4000000-2aaca4021000 rw-p 00000000 00:00 0 
2aaca4021000-2aaca8000000 ---p 00000000 00:00 0 
7fff799d1000-7fff79a07000 rw-p 00000000 00:00 0                          [stack]
7fff79b8d000-7fff79b8e000 r-xp 00000000 00:00 0                          [vdso]
ffffffffff600000-ffffffffff601000 r-xp 00000000 00:00 0                  [vsyscall]

VM Arguments:
jvm_args: -Xmx1G -Xms1G -DapplicationRoot=/home/ubelix/sm/dw07r324/bin/GOAL-20140808 -Dorg.java.plugin.boot.pluginsRepositories=/home/ubelix/sm/dw07r324/bin/GOAL-20140808/plugins -Djpf.boot.config=/home/ubelix/sm/dw07r324/bin/GOAL-20140808/boot.properties -Dorg.apache.commons.logging.Log=org.apache.commons.logging.impl.SimpleLog -Dorg.apache.commons.logging.simplelog.log.org.java.plugin=fatal 
java_command: /home/ubelix/sm/dw07r324/bin/GOAL-20140808/lib/jpf-boot.jar complement -m piterman -eq -macc -sp -ro -r /scratch/local/8663605.1.all.q/test_set_s15/s15_t2.6_a0.7_011.gff
Launcher Type: SUN_STANDARD

Environment Variables:
CLASSPATH=/home/ubelix/sm/dw07r324/bin/GOAL-20140808:/home/ubelix/sm/dw07r324/bin/GOAL-20140808/plugins:/home/ubelix/sm/dw07r324/bin/GOAL-20140808/lib:
PATH=/scratch/local/8663605.1.all.q:/usr/lib64/qt-3.3/bin:/usr/local/bin:/bin:/usr/bin:/usr/local/sbin:/usr/sbin:/sbin:/usr/lpp/mmfs/bin:/home/ubelix/sm/dw07r324/bin/GOAL-20140808:/home/ubelix/sm/dw07r324/bin/gnu_time/bin:/usr/lpp/mmfs/bin
LD_LIBRARY_PATH=/usr/lib/jvm/java-1.6.0-openjdk-1.6.0.0.x86_64/jre/lib/amd64/server:/usr/lib/jvm/java-1.6.0-openjdk-1.6.0.0.x86_64/jre/lib/amd64:/usr/lib/jvm/java-1.6.0-openjdk-1.6.0.0.x86_64/jre/../lib/amd64
SHELL=/bin/bash

Signal Handlers:
SIGSEGV: [libjvm.so+0x870a40], sa_mask[0]=0x7ffbfeff, sa_flags=0x10000004
SIGBUS: [libjvm.so+0x870a40], sa_mask[0]=0x7ffbfeff, sa_flags=0x10000004
SIGFPE: [libjvm.so+0x719240], sa_mask[0]=0x7ffbfeff, sa_flags=0x10000004
SIGPIPE: [libjvm.so+0x719240], sa_mask[0]=0x7ffbfeff, sa_flags=0x10000004
SIGXFSZ: [libjvm.so+0x719240], sa_mask[0]=0x7ffbfeff, sa_flags=0x10000004
SIGILL: [libjvm.so+0x719240], sa_mask[0]=0x7ffbfeff, sa_flags=0x10000004
SIGUSR1: SIG_DFL, sa_mask[0]=0x00000000, sa_flags=0x00000000
SIGUSR2: [libjvm.so+0x718d60], sa_mask[0]=0x00000000, sa_flags=0x10000004
SIGHUP: [libjvm.so+0x71bdf0], sa_mask[0]=0x7ffbfeff, sa_flags=0x10000004
SIGINT: [libjvm.so+0x71bdf0], sa_mask[0]=0x7ffbfeff, sa_flags=0x10000004
SIGTERM: [libjvm.so+0x71bdf0], sa_mask[0]=0x7ffbfeff, sa_flags=0x10000004
SIGQUIT: [libjvm.so+0x71bdf0], sa_mask[0]=0x7ffbfeff, sa_flags=0x10000004


---------------  S Y S T E M  ---------------

OS:Red Hat Enterprise Linux ComputeNode release 6.5 (Santiago)

uname:Linux 2.6.32-431.29.2.el6.x86_64 #1 SMP Sun Jul 27 15:55:46 EDT 2014 x86_64
libc:glibc 2.12 NPTL 2.12 
rlimit: STACK infinity, CORE infinity, NPROC 127431, NOFILE 4096, AS 8388608k
load average:2.79 3.05 3.43

/proc/meminfo:
MemTotal:       16331612 kB
MemFree:         4202216 kB
Buffers:           14632 kB
Cached:          6576368 kB
SwapCached:           88 kB
Active:          3321060 kB
Inactive:        4091176 kB
Active(anon):     758044 kB
Inactive(anon):    63452 kB
Active(file):    2563016 kB
Inactive(file):  4027724 kB
Unevictable:     4082900 kB
Mlocked:         4082900 kB
SwapTotal:       8388604 kB
SwapFree:        8388380 kB
Dirty:            115444 kB
Writeback:             0 kB
AnonPages:       4904180 kB
Mapped:           235984 kB
Shmem:               192 kB
Slab:             407496 kB
SReclaimable:     331604 kB
SUnreclaim:        75892 kB
KernelStack:        4928 kB
PageTables:        18656 kB
NFS_Unstable:          0 kB
Bounce:                0 kB
WritebackTmp:          0 kB
CommitLimit:    16554408 kB
Committed_AS:    7188488 kB
VmallocTotal:   34359738367 kB
VmallocUsed:      109412 kB
VmallocChunk:   34351234244 kB
HardwareCorrupted:     0 kB
AnonHugePages:         0 kB
HugePages_Total:       0
HugePages_Free:        0
HugePages_Rsvd:        0
HugePages_Surp:        0
Hugepagesize:       2048 kB
DirectMap4k:        9920 kB
DirectMap2M:     2086912 kB
DirectMap1G:    14680064 kB


CPU:total 8 (4 cores per cpu, 1 threads per core) family 16 model 2 stepping 3, cmov, cx8, fxsr, mmx, sse, sse2, sse3, popcnt, mmxext, 3dnowpref, lzcnt, sse4a, tsc, tscinvbit, tscinv

/proc/cpuinfo:
processor	: 0
vendor_id	: AuthenticAMD
cpu family	: 16
model		: 2
model name	: Quad-Core AMD Opteron(tm) Processor 2354
stepping	: 3
cpu MHz		: 2200.000
cache size	: 512 KB
physical id	: 0
siblings	: 4
core id		: 0
cpu cores	: 4
apicid		: 0
initial apicid	: 0
fpu		: yes
fpu_exception	: yes
cpuid level	: 5
wp		: yes
flags		: fpu vme de pse tsc msr pae mce cx8 apic sep mtrr pge mca cmov pat pse36 clflush mmx fxsr sse sse2 ht syscall nx mmxext fxsr_opt pdpe1gb rdtscp lm 3dnowext 3dnow constant_tsc rep_good nonstop_tsc extd_apicid pni monitor cx16 popcnt lahf_lm cmp_legacy svm extapic cr8_legacy abm sse4a misalignsse 3dnowprefetch osvw ibs npt lbrv svm_lock
bogomips	: 4422.88
TLB size	: 1024 4K pages
clflush size	: 64
cache_alignment	: 64
address sizes	: 48 bits physical, 48 bits virtual
power management: ts ttp tm stc 100mhzsteps hwpstate

processor	: 1
vendor_id	: AuthenticAMD
cpu family	: 16
model		: 2
model name	: Quad-Core AMD Opteron(tm) Processor 2354
stepping	: 3
cpu MHz		: 2200.000
cache size	: 512 KB
physical id	: 0
siblings	: 4
core id		: 1
cpu cores	: 4
apicid		: 1
initial apicid	: 1
fpu		: yes
fpu_exception	: yes
cpuid level	: 5
wp		: yes
flags		: fpu vme de pse tsc msr pae mce cx8 apic sep mtrr pge mca cmov pat pse36 clflush mmx fxsr sse sse2 ht syscall nx mmxext fxsr_opt pdpe1gb rdtscp lm 3dnowext 3dnow constant_tsc rep_good nonstop_tsc extd_apicid pni monitor cx16 popcnt lahf_lm cmp_legacy svm extapic cr8_legacy abm sse4a misalignsse 3dnowprefetch osvw ibs npt lbrv svm_lock
bogomips	: 4422.88
TLB size	: 1024 4K pages
clflush size	: 64
cache_alignment	: 64
address sizes	: 48 bits physical, 48 bits virtual
power management: ts ttp tm stc 100mhzsteps hwpstate

processor	: 2
vendor_id	: AuthenticAMD
cpu family	: 16
model		: 2
model name	: Quad-Core AMD Opteron(tm) Processor 2354
stepping	: 3
cpu MHz		: 2200.000
cache size	: 512 KB
physical id	: 0
siblings	: 4
core id		: 2
cpu cores	: 4
apicid		: 2
initial apicid	: 2
fpu		: yes
fpu_exception	: yes
cpuid level	: 5
wp		: yes
flags		: fpu vme de pse tsc msr pae mce cx8 apic sep mtrr pge mca cmov pat pse36 clflush mmx fxsr sse sse2 ht syscall nx mmxext fxsr_opt pdpe1gb rdtscp lm 3dnowext 3dnow constant_tsc rep_good nonstop_tsc extd_apicid pni monitor cx16 popcnt lahf_lm cmp_legacy svm extapic cr8_legacy abm sse4a misalignsse 3dnowprefetch osvw ibs npt lbrv svm_lock
bogomips	: 4422.88
TLB size	: 1024 4K pages
clflush size	: 64
cache_alignment	: 64
address sizes	: 48 bits physical, 48 bits virtual
power management: ts ttp tm stc 100mhzsteps hwpstate

processor	: 3
vendor_id	: AuthenticAMD
cpu family	: 16
model		: 2
model name	: Quad-Core AMD Opteron(tm) Processor 2354
stepping	: 3
cpu MHz		: 2200.000
cache size	: 512 KB
physical id	: 0
siblings	: 4
core id		: 3
cpu cores	: 4
apicid		: 3
initial apicid	: 3
fpu		: yes
fpu_exception	: yes
cpuid level	: 5
wp		: yes
flags		: fpu vme de pse tsc msr pae mce cx8 apic sep mtrr pge mca cmov pat pse36 clflush mmx fxsr sse sse2 ht syscall nx mmxext fxsr_opt pdpe1gb rdtscp lm 3dnowext 3dnow constant_tsc rep_good nonstop_tsc extd_apicid pni monitor cx16 popcnt lahf_lm cmp_legacy svm extapic cr8_legacy abm sse4a misalignsse 3dnowprefetch osvw ibs npt lbrv svm_lock
bogomips	: 4422.88
TLB size	: 1024 4K pages
clflush size	: 64
cache_alignment	: 64
address sizes	: 48 bits physical, 48 bits virtual
power management: ts ttp tm stc 100mhzsteps hwpstate

processor	: 4
vendor_id	: AuthenticAMD
cpu family	: 16
model		: 2
model name	: Quad-Core AMD Opteron(tm) Processor 2354
stepping	: 3
cpu MHz		: 2200.000
cache size	: 512 KB
physical id	: 1
siblings	: 4
core id		: 0
cpu cores	: 4
apicid		: 4
initial apicid	: 4
fpu		: yes
fpu_exception	: yes
cpuid level	: 5
wp		: yes
flags		: fpu vme de pse tsc msr pae mce cx8 apic sep mtrr pge mca cmov pat pse36 clflush mmx fxsr sse sse2 ht syscall nx mmxext fxsr_opt pdpe1gb rdtscp lm 3dnowext 3dnow constant_tsc rep_good nonstop_tsc extd_apicid pni monitor cx16 popcnt lahf_lm cmp_legacy svm extapic cr8_legacy abm sse4a misalignsse 3dnowprefetch osvw ibs npt lbrv svm_lock
bogomips	: 4422.23
TLB size	: 1024 4K pages
clflush size	: 64
cache_alignment	: 64
address sizes	: 48 bits physical, 48 bits virtual
power management: ts ttp tm stc 100mhzsteps hwpstate

processor	: 5
vendor_id	: AuthenticAMD
cpu family	: 16
model		: 2
model name	: Quad-Core AMD Opteron(tm) Processor 2354
stepping	: 3
cpu MHz		: 2200.000
cache size	: 512 KB
physical id	: 1
siblings	: 4
core id		: 1
cpu cores	: 4
apicid		: 5
initial apicid	: 5
fpu		: yes
fpu_exception	: yes
cpuid level	: 5
wp		: yes
flags		: fpu vme de pse tsc msr pae mce cx8 apic sep mtrr pge mca cmov pat pse36 clflush mmx fxsr sse sse2 ht syscall nx mmxext fxsr_opt pdpe1gb rdtscp lm 3dnowext 3dnow constant_tsc rep_good nonstop_tsc extd_apicid pni monitor cx16 popcnt lahf_lm cmp_legacy svm extapic cr8_legacy abm sse4a misalignsse 3dnowprefetch osvw ibs npt lbrv svm_lock
bogomips	: 4422.23
TLB size	: 1024 4K pages
clflush size	: 64
cache_alignment	: 64
address sizes	: 48 bits physical, 48 bits virtual
power management: ts ttp tm stc 100mhzsteps hwpstate

processor	: 6
vendor_id	: AuthenticAMD
cpu family	: 16
model		: 2
model name	: Quad-Core AMD Opteron(tm) Processor 2354
stepping	: 3
cpu MHz		: 2200.000
cache size	: 512 KB
physical id	: 1
siblings	: 4
core id		: 2
cpu cores	: 4
apicid		: 6
initial apicid	: 6
fpu		: yes
fpu_exception	: yes
cpuid level	: 5
wp		: yes
flags		: fpu vme de pse tsc msr pae mce cx8 apic sep mtrr pge mca cmov pat pse36 clflush mmx fxsr sse sse2 ht syscall nx mmxext fxsr_opt pdpe1gb rdtscp lm 3dnowext 3dnow constant_tsc rep_good nonstop_tsc extd_apicid pni monitor cx16 popcnt lahf_lm cmp_legacy svm extapic cr8_legacy abm sse4a misalignsse 3dnowprefetch osvw ibs npt lbrv svm_lock
bogomips	: 4422.23
TLB size	: 1024 4K pages
clflush size	: 64
cache_alignment	: 64
address sizes	: 48 bits physical, 48 bits virtual
power management: ts ttp tm stc 100mhzsteps hwpstate

processor	: 7
vendor_id	: AuthenticAMD
cpu family	: 16
model		: 2
model name	: Quad-Core AMD Opteron(tm) Processor 2354
stepping	: 3
cpu MHz		: 2200.000
cache size	: 512 KB
physical id	: 1
siblings	: 4
core id		: 3
cpu cores	: 4
apicid		: 7
initial apicid	: 7
fpu		: yes
fpu_exception	: yes
cpuid level	: 5
wp		: yes
flags		: fpu vme de pse tsc msr pae mce cx8 apic sep mtrr pge mca cmov pat pse36 clflush mmx fxsr sse sse2 ht syscall nx mmxext fxsr_opt pdpe1gb rdtscp lm 3dnowext 3dnow constant_tsc rep_good nonstop_tsc extd_apicid pni monitor cx16 popcnt lahf_lm cmp_legacy svm extapic cr8_legacy abm sse4a misalignsse 3dnowprefetch osvw ibs npt lbrv svm_lock
bogomips	: 4422.23
TLB size	: 1024 4K pages
clflush size	: 64
cache_alignment	: 64
address sizes	: 48 bits physical, 48 bits virtual
power management: ts ttp tm stc 100mhzsteps hwpstate



Memory: 4k page, physical 16331612k(4202216k free), swap 8388604k(8388380k free)

vm_info: OpenJDK 64-Bit Server VM (23.25-b01) for linux-amd64 JRE (1.6.0_32-b32), built on Aug 21 2014 11:15:48 by "mockbuild" with gcc 4.4.7 20120313 (Red Hat 4.4.7-4)

time: Tue Sep 23 15:27:19 2014
elapsed time: 8 seconds

