# Starting date:             2014-12-15 13:50:48
# Cluster job name:          rank.tr.ro.15_04_of_10
# Cluster job ID:            181156
# Cluster node:              hnode08
# Cluster queue:             mpi.q
# Complementation algorithm: rank -tr -ro
# Data:                      15.04_of_10.tar.gz
# Memory limit (Java heap):  1G
# Timeout (CPU time):        600s
states	t_out	m_out	real_t	tcpu_t	ucpu_t	scpu_t	dt	da	file
NA	Y	N	597.509	601.561	600.578	0.983	1.6	0.4	s15_t1.6_a0.4_001.gff
11775	N	N	9.635	15.629	15.241	0.388	1.6	0.4	s15_t1.6_a0.4_002.gff
1878	N	N	6.445	7.761	7.484	0.277	1.6	0.4	s15_t1.6_a0.4_003.gff
NA	Y	N	556.218	601.913	600.630	1.283	1.6	0.4	s15_t1.6_a0.4_004.gff
NA	Y	N	573.775	601.885	598.757	3.128	1.6	0.4	s15_t1.6_a0.4_005.gff
NA	Y	N	303.065	602.511	601.129	1.382	1.6	0.4	s15_t1.6_a0.4_006.gff
NA	Y	N	351.662	601.988	600.704	1.284	1.6	0.4	s15_t1.6_a0.4_007.gff
NA	Y	N	384.229	602.283	600.776	1.507	1.6	0.4	s15_t1.6_a0.4_008.gff
3824	N	N	9.444	15.557	15.217	0.340	1.6	0.4	s15_t1.6_a0.4_009.gff
NA	Y	N	534.611	601.928	600.258	1.670	1.6	0.4	s15_t1.6_a0.4_010.gff
NA	Y	N	553.460	601.819	600.571	1.248	1.6	0.4	s15_t1.6_a0.4_011.gff
NA	Y	N	335.520	602.250	600.927	1.323	1.6	0.4	s15_t1.6_a0.4_012.gff
47853	N	N	112.962	149.995	149.021	0.974	1.6	0.4	s15_t1.6_a0.4_013.gff
NA	Y	N	313.529	601.951	600.419	1.532	1.6	0.4	s15_t1.6_a0.4_014.gff
NA	N	Y	180.290	291.758	289.463	2.295	1.6	0.4	s15_t1.6_a0.4_015.gff
NA	Y	N	334.110	601.545	600.327	1.218	1.6	0.4	s15_t1.6_a0.4_016.gff
NA	Y	N	578.586	601.667	600.463	1.204	1.6	0.4	s15_t1.6_a0.4_017.gff
NA	Y	N	555.676	601.723	600.505	1.218	1.6	0.4	s15_t1.6_a0.4_018.gff
NA	N	Y	159.814	224.180	222.105	2.075	1.6	0.4	s15_t1.6_a0.4_019.gff
NA	Y	N	479.438	601.347	600.158	1.189	1.6	0.4	s15_t1.6_a0.4_020.gff
NA	Y	N	350.761	601.611	600.303	1.308	1.6	0.4	s15_t1.6_a0.4_021.gff
30839	N	N	34.358	44.015	43.435	0.580	1.6	0.4	s15_t1.6_a0.4_022.gff
50405	N	N	131.264	161.265	159.640	1.625	1.6	0.4	s15_t1.6_a0.4_023.gff
NA	Y	N	376.040	601.922	600.115	1.807	1.6	0.4	s15_t1.6_a0.4_024.gff
2729	N	N	4.359	7.655	7.362	0.293	1.6	0.4	s15_t1.6_a0.4_025.gff
NA	Y	N	409.824	601.943	600.437	1.506	1.6	0.4	s15_t1.6_a0.4_026.gff
NA	Y	N	545.953	602.006	600.809	1.197	1.6	0.4	s15_t1.6_a0.4_027.gff
NA	Y	N	505.022	602.100	600.918	1.182	1.6	0.4	s15_t1.6_a0.4_028.gff
NA	Y	N	523.611	602.018	600.861	1.157	1.6	0.4	s15_t1.6_a0.4_029.gff
25753	N	N	66.295	78.112	77.386	0.726	1.6	0.4	s15_t1.6_a0.4_030.gff
NA	Y	N	448.007	601.729	600.537	1.192	1.6	0.4	s15_t1.6_a0.4_031.gff
NA	Y	N	534.183	601.966	599.565	2.401	1.6	0.4	s15_t1.6_a0.4_032.gff
67262	N	N	132.785	160.072	159.044	1.028	1.6	0.4	s15_t1.6_a0.4_033.gff
NA	Y	N	334.304	602.877	601.314	1.563	1.6	0.4	s15_t1.6_a0.4_034.gff
39202	N	N	87.169	105.232	104.359	0.873	1.6	0.4	s15_t1.6_a0.4_035.gff
NA	Y	N	534.802	601.764	600.264	1.500	1.6	0.4	s15_t1.6_a0.4_036.gff
58196	N	N	126.424	164.432	162.422	2.010	1.6	0.4	s15_t1.6_a0.4_037.gff
NA	Y	N	334.443	602.321	600.733	1.588	1.6	0.4	s15_t1.6_a0.4_038.gff
9158	N	N	12.610	19.638	19.232	0.406	1.6	0.4	s15_t1.6_a0.4_039.gff
9892	N	N	13.775	20.323	19.976	0.347	1.6	0.4	s15_t1.6_a0.4_040.gff
18371	N	N	37.609	47.314	46.741	0.573	1.6	0.4	s15_t1.6_a0.4_041.gff
NA	Y	N	561.175	602.013	600.622	1.391	1.6	0.4	s15_t1.6_a0.4_042.gff
18064	N	N	30.713	39.317	38.752	0.565	1.6	0.4	s15_t1.6_a0.4_043.gff
NA	Y	N	601.224	601.460	600.737	0.723	1.6	0.4	s15_t1.6_a0.4_044.gff
NA	Y	N	477.829	602.122	600.853	1.269	1.6	0.4	s15_t1.6_a0.4_045.gff
NA	Y	N	557.968	601.849	599.835	2.014	1.6	0.4	s15_t1.6_a0.4_046.gff
NA	Y	N	500.716	602.069	600.722	1.347	1.6	0.4	s15_t1.6_a0.4_047.gff
NA	Y	N	482.338	602.194	600.972	1.222	1.6	0.4	s15_t1.6_a0.4_048.gff
21530	N	N	27.221	36.897	36.394	0.503	1.6	0.4	s15_t1.6_a0.4_049.gff
NA	Y	N	406.462	602.376	601.208	1.168	1.6	0.4	s15_t1.6_a0.4_050.gff
NA	Y	N	589.969	601.734	600.490	1.244	1.6	0.4	s15_t1.6_a0.4_051.gff
NA	N	Y	178.557	251.990	250.589	1.401	1.6	0.4	s15_t1.6_a0.4_052.gff
NA	Y	N	339.396	602.423	601.032	1.391	1.6	0.4	s15_t1.6_a0.4_053.gff
12952	N	N	15.361	22.616	22.203	0.413	1.6	0.4	s15_t1.6_a0.4_054.gff
NA	Y	N	584.051	601.940	600.856	1.084	1.6	0.4	s15_t1.6_a0.4_055.gff
NA	Y	N	528.274	602.399	601.042	1.357	1.6	0.4	s15_t1.6_a0.4_056.gff
NA	Y	N	228.697	602.501	601.003	1.498	1.6	0.4	s15_t1.6_a0.4_057.gff
NA	Y	N	346.392	602.203	600.744	1.459	1.6	0.4	s15_t1.6_a0.4_058.gff
NA	Y	N	559.964	601.851	600.345	1.506	1.6	0.4	s15_t1.6_a0.4_059.gff
NA	Y	N	490.623	602.074	600.771	1.303	1.6	0.4	s15_t1.6_a0.4_060.gff
NA	Y	N	553.595	601.926	600.578	1.348	1.6	0.4	s15_t1.6_a0.4_061.gff
NA	Y	N	559.144	601.943	600.063	1.880	1.6	0.4	s15_t1.6_a0.4_062.gff
NA	Y	N	545.456	601.968	600.717	1.251	1.6	0.4	s15_t1.6_a0.4_063.gff
61195	N	N	74.888	96.218	95.397	0.821	1.6	0.4	s15_t1.6_a0.4_064.gff
NA	N	Y	171.763	220.600	217.780	2.820	1.6	0.4	s15_t1.6_a0.4_065.gff
NA	Y	N	312.403	602.495	601.113	1.382	1.6	0.4	s15_t1.6_a0.4_066.gff
NA	Y	N	550.385	601.739	600.645	1.094	1.6	0.4	s15_t1.6_a0.4_067.gff
NA	Y	N	338.496	602.552	601.022	1.530	1.6	0.4	s15_t1.6_a0.4_068.gff
NA	Y	N	349.275	602.264	600.869	1.395	1.6	0.4	s15_t1.6_a0.4_069.gff
NA	Y	N	312.424	602.217	600.891	1.326	1.6	0.4	s15_t1.6_a0.4_070.gff
NA	Y	N	222.530	603.037	601.690	1.347	1.6	0.4	s15_t1.6_a0.4_071.gff
34793	N	N	67.279	80.901	80.145	0.756	1.6	0.4	s15_t1.6_a0.4_072.gff
NA	Y	N	599.518	601.712	600.669	1.043	1.6	0.4	s15_t1.6_a0.4_073.gff
NA	Y	N	552.155	602.142	600.691	1.451	1.6	0.4	s15_t1.6_a0.4_074.gff
NA	Y	N	263.699	602.686	601.218	1.468	1.6	0.4	s15_t1.6_a0.4_075.gff
NA	Y	N	248.671	603.259	601.535	1.724	1.6	0.4	s15_t1.6_a0.4_076.gff
6177	N	N	9.618	16.030	15.684	0.346	1.6	0.4	s15_t1.6_a0.4_077.gff
60933	N	N	127.951	166.111	165.100	1.011	1.6	0.4	s15_t1.6_a0.4_078.gff
NA	N	Y	162.923	208.156	205.846	2.310	1.6	0.4	s15_t1.6_a0.4_079.gff
NA	Y	N	514.982	601.964	600.607	1.357	1.6	0.4	s15_t1.6_a0.4_080.gff
38738	N	N	81.393	104.128	103.246	0.882	1.6	0.4	s15_t1.6_a0.4_081.gff
NA	Y	N	295.399	602.003	600.744	1.259	1.6	0.4	s15_t1.6_a0.4_082.gff
NA	Y	N	590.640	602.246	601.009	1.237	1.6	0.4	s15_t1.6_a0.4_083.gff
NA	Y	N	498.544	602.112	600.740	1.372	1.6	0.4	s15_t1.6_a0.4_084.gff
NA	Y	N	385.979	602.276	600.765	1.511	1.6	0.4	s15_t1.6_a0.4_085.gff
NA	Y	N	227.940	603.127	601.579	1.548	1.6	0.4	s15_t1.6_a0.4_086.gff
NA	Y	N	552.056	602.215	600.909	1.306	1.6	0.4	s15_t1.6_a0.4_087.gff
3563	N	N	5.178	9.278	8.998	0.280	1.6	0.4	s15_t1.6_a0.4_088.gff
32945	N	N	65.261	80.717	79.932	0.785	1.6	0.4	s15_t1.6_a0.4_089.gff
NA	Y	N	244.612	602.596	601.219	1.377	1.6	0.4	s15_t1.6_a0.4_090.gff
NA	Y	N	319.801	602.303	600.902	1.401	1.6	0.4	s15_t1.6_a0.4_091.gff
NA	Y	N	584.723	602.005	600.632	1.373	1.6	0.4	s15_t1.6_a0.4_092.gff
6798	N	N	12.248	18.618	18.210	0.408	1.6	0.4	s15_t1.6_a0.4_093.gff
NA	Y	N	345.679	601.912	600.756	1.156	1.6	0.4	s15_t1.6_a0.4_094.gff
NA	Y	N	576.450	602.227	600.834	1.393	1.6	0.4	s15_t1.6_a0.4_095.gff
NA	Y	N	354.582	602.719	601.161	1.558	1.6	0.4	s15_t1.6_a0.4_096.gff
NA	Y	N	322.629	603.266	601.631	1.635	1.6	0.4	s15_t1.6_a0.4_097.gff
NA	Y	N	563.483	601.974	599.146	2.828	1.6	0.4	s15_t1.6_a0.4_098.gff
NA	Y	N	435.982	602.038	600.723	1.315	1.6	0.4	s15_t1.6_a0.4_099.gff
12636	N	N	13.735	20.636	20.237	0.399	1.6	0.4	s15_t1.6_a0.4_100.gff
2333	N	N	4.011	7.012	6.726	0.286	1.6	0.5	s15_t1.6_a0.5_001.gff
13034	N	N	15.451	22.649	22.238	0.411	1.6	0.5	s15_t1.6_a0.5_002.gff
23099	N	N	35.157	45.815	45.228	0.587	1.6	0.5	s15_t1.6_a0.5_003.gff
22211	N	N	29.504	40.438	39.849	0.589	1.6	0.5	s15_t1.6_a0.5_004.gff
30364	N	N	45.397	55.887	55.217	0.670	1.6	0.5	s15_t1.6_a0.5_005.gff
16533	N	N	29.169	39.157	38.600	0.557	1.6	0.5	s15_t1.6_a0.5_006.gff
9737	N	N	16.133	22.462	22.070	0.392	1.6	0.5	s15_t1.6_a0.5_007.gff
909	N	N	3.096	5.658	5.391	0.267	1.6	0.5	s15_t1.6_a0.5_008.gff
22576	N	N	64.272	78.363	77.569	0.794	1.6	0.5	s15_t1.6_a0.5_009.gff
9345	N	N	18.007	25.499	25.082	0.417	1.6	0.5	s15_t1.6_a0.5_010.gff
52027	N	N	109.329	139.654	138.747	0.907	1.6	0.5	s15_t1.6_a0.5_011.gff
10357	N	N	16.244	23.706	23.286	0.420	1.6	0.5	s15_t1.6_a0.5_012.gff
2371	N	N	5.205	9.649	9.341	0.308	1.6	0.5	s15_t1.6_a0.5_013.gff
37595	N	N	82.246	100.389	99.487	0.902	1.6	0.5	s15_t1.6_a0.5_014.gff
NA	Y	N	258.238	603.241	601.902	1.339	1.6	0.5	s15_t1.6_a0.5_015.gff
10752	N	N	19.792	27.345	26.933	0.412	1.6	0.5	s15_t1.6_a0.5_016.gff
9289	N	N	10.880	16.755	16.408	0.347	1.6	0.5	s15_t1.6_a0.5_017.gff
1783	N	N	3.656	6.699	6.440	0.259	1.6	0.5	s15_t1.6_a0.5_018.gff
3495	N	N	11.529	17.910	17.534	0.376	1.6	0.5	s15_t1.6_a0.5_019.gff
2871	N	N	5.014	9.193	8.890	0.303	1.6	0.5	s15_t1.6_a0.5_020.gff
19247	N	N	20.773	29.060	28.578	0.482	1.6	0.5	s15_t1.6_a0.5_021.gff
13137	N	N	14.196	20.939	20.561	0.378	1.6	0.5	s15_t1.6_a0.5_022.gff
3242	N	N	6.224	10.769	10.496	0.273	1.6	0.5	s15_t1.6_a0.5_023.gff
10467	N	N	14.582	23.382	22.965	0.417	1.6	0.5	s15_t1.6_a0.5_024.gff
30478	N	N	55.135	69.951	69.262	0.689	1.6	0.5	s15_t1.6_a0.5_025.gff
6024	N	N	9.081	15.644	15.281	0.363	1.6	0.5	s15_t1.6_a0.5_026.gff
5750	N	N	6.898	11.504	11.165	0.339	1.6	0.5	s15_t1.6_a0.5_027.gff
1444	N	N	3.219	5.903	5.682	0.221	1.6	0.5	s15_t1.6_a0.5_028.gff
1293	N	N	3.244	6.101	5.848	0.253	1.6	0.5	s15_t1.6_a0.5_029.gff
NA	Y	N	237.247	602.471	600.870	1.601	1.6	0.5	s15_t1.6_a0.5_030.gff
914	N	N	3.687	6.322	6.052	0.270	1.6	0.5	s15_t1.6_a0.5_031.gff
13900	N	N	15.811	23.926	23.475	0.451	1.6	0.5	s15_t1.6_a0.5_032.gff
372	N	N	2.022	4.129	3.929	0.200	1.6	0.5	s15_t1.6_a0.5_033.gff
6275	N	N	11.564	18.442	18.061	0.381	1.6	0.5	s15_t1.6_a0.5_034.gff
34266	N	N	65.673	81.258	80.440	0.818	1.6	0.5	s15_t1.6_a0.5_035.gff
5271	N	N	6.868	11.069	10.753	0.316	1.6	0.5	s15_t1.6_a0.5_036.gff
19089	N	N	19.837	28.168	27.689	0.479	1.6	0.5	s15_t1.6_a0.5_037.gff
29748	N	N	46.164	55.189	54.622	0.567	1.6	0.5	s15_t1.6_a0.5_038.gff
10668	N	N	21.862	31.785	31.291	0.494	1.6	0.5	s15_t1.6_a0.5_039.gff
8300	N	N	11.419	17.994	17.641	0.353	1.6	0.5	s15_t1.6_a0.5_040.gff
11834	N	N	12.467	19.131	18.770	0.361	1.6	0.5	s15_t1.6_a0.5_041.gff
224	N	N	1.686	3.203	3.031	0.172	1.6	0.5	s15_t1.6_a0.5_042.gff
22270	N	N	45.663	57.503	56.850	0.653	1.6	0.5	s15_t1.6_a0.5_043.gff
NA	Y	N	240.107	602.262	600.759	1.503	1.6	0.5	s15_t1.6_a0.5_044.gff
26437	N	N	82.125	100.694	99.805	0.889	1.6	0.5	s15_t1.6_a0.5_045.gff
11816	N	N	17.131	24.391	23.933	0.458	1.6	0.5	s15_t1.6_a0.5_046.gff
2322	N	N	4.873	8.331	8.062	0.269	1.6	0.5	s15_t1.6_a0.5_047.gff
7775	N	N	10.781	17.216	16.863	0.353	1.6	0.5	s15_t1.6_a0.5_048.gff
NA	N	Y	247.361	550.296	547.745	2.551	1.6	0.5	s15_t1.6_a0.5_049.gff
5627	N	N	7.707	12.141	11.814	0.327	1.6	0.5	s15_t1.6_a0.5_050.gff
8991	N	N	14.809	22.057	21.655	0.402	1.6	0.5	s15_t1.6_a0.5_051.gff
3781	N	N	5.647	9.655	9.358	0.297	1.6	0.5	s15_t1.6_a0.5_052.gff
26385	N	N	107.610	127.126	126.203	0.923	1.6	0.5	s15_t1.6_a0.5_053.gff
9407	N	N	12.246	19.465	19.070	0.395	1.6	0.5	s15_t1.6_a0.5_054.gff
NA	Y	N	294.493	602.294	601.049	1.245	1.6	0.5	s15_t1.6_a0.5_055.gff
10941	N	N	13.761	20.711	20.353	0.358	1.6	0.5	s15_t1.6_a0.5_056.gff
48200	N	N	97.858	127.396	126.472	0.924	1.6	0.5	s15_t1.6_a0.5_057.gff
648	N	N	3.006	5.489	5.237	0.252	1.6	0.5	s15_t1.6_a0.5_058.gff
4003	N	N	6.424	10.677	10.344	0.333	1.6	0.5	s15_t1.6_a0.5_059.gff
428	N	N	1.989	3.975	3.763	0.212	1.6	0.5	s15_t1.6_a0.5_060.gff
86907	N	N	122.835	155.310	154.239	1.071	1.6	0.5	s15_t1.6_a0.5_061.gff
1918	N	N	4.371	7.551	7.285	0.266	1.6	0.5	s15_t1.6_a0.5_062.gff
48435	N	N	92.933	121.672	120.763	0.909	1.6	0.5	s15_t1.6_a0.5_063.gff
18859	N	N	26.103	35.328	34.793	0.535	1.6	0.5	s15_t1.6_a0.5_064.gff
55851	N	N	132.629	178.548	177.538	1.010	1.6	0.5	s15_t1.6_a0.5_065.gff
39027	N	N	79.346	95.224	94.356	0.868	1.6	0.5	s15_t1.6_a0.5_066.gff
47627	N	N	124.215	164.975	164.003	0.972	1.6	0.5	s15_t1.6_a0.5_067.gff
10895	N	N	14.076	20.878	20.518	0.360	1.6	0.5	s15_t1.6_a0.5_068.gff
5443	N	N	7.690	13.961	13.585	0.376	1.6	0.5	s15_t1.6_a0.5_069.gff
8236	N	N	12.493	20.450	20.070	0.380	1.6	0.5	s15_t1.6_a0.5_070.gff
73996	N	N	115.992	146.842	145.852	0.990	1.6	0.5	s15_t1.6_a0.5_071.gff
1250	N	N	3.388	6.019	5.760	0.259	1.6	0.5	s15_t1.6_a0.5_072.gff
20929	N	N	26.975	36.236	35.661	0.575	1.6	0.5	s15_t1.6_a0.5_073.gff
26615	N	N	52.140	64.546	63.936	0.610	1.6	0.5	s15_t1.6_a0.5_074.gff
NA	Y	N	209.240	603.176	601.490	1.686	1.6	0.5	s15_t1.6_a0.5_075.gff
7066	N	N	9.052	15.515	15.125	0.390	1.6	0.5	s15_t1.6_a0.5_076.gff
17967	N	N	21.623	29.278	28.824	0.454	1.6	0.5	s15_t1.6_a0.5_077.gff
10366	N	N	14.033	21.716	21.322	0.394	1.6	0.5	s15_t1.6_a0.5_078.gff
39061	N	N	98.603	123.573	122.729	0.844	1.6	0.5	s15_t1.6_a0.5_079.gff
4869	N	N	9.539	15.292	14.958	0.334	1.6	0.5	s15_t1.6_a0.5_080.gff
1128	N	N	3.052	5.867	5.615	0.252	1.6	0.5	s15_t1.6_a0.5_081.gff
24362	N	N	36.745	46.653	46.085	0.568	1.6	0.5	s15_t1.6_a0.5_082.gff
46015	N	N	60.739	72.795	72.055	0.740	1.6	0.5	s15_t1.6_a0.5_083.gff
22229	N	N	35.148	42.724	42.220	0.504	1.6	0.5	s15_t1.6_a0.5_084.gff
11652	N	N	20.523	28.454	27.946	0.508	1.6	0.5	s15_t1.6_a0.5_085.gff
14580	N	N	27.754	36.325	35.837	0.488	1.6	0.5	s15_t1.6_a0.5_086.gff
NA	Y	N	249.789	602.408	601.058	1.350	1.6	0.5	s15_t1.6_a0.5_087.gff
9268	N	N	18.334	25.402	24.970	0.432	1.6	0.5	s15_t1.6_a0.5_088.gff
38488	N	N	178.914	367.918	364.168	3.750	1.6	0.5	s15_t1.6_a0.5_089.gff
NA	Y	N	232.758	602.407	600.707	1.700	1.6	0.5	s15_t1.6_a0.5_090.gff
45107	N	N	85.720	108.175	107.292	0.883	1.6	0.5	s15_t1.6_a0.5_091.gff
10321	N	N	16.519	24.985	24.621	0.364	1.6	0.5	s15_t1.6_a0.5_092.gff
36127	N	N	114.953	140.342	139.369	0.973	1.6	0.5	s15_t1.6_a0.5_093.gff
45436	N	N	94.201	117.585	116.661	0.924	1.6	0.5	s15_t1.6_a0.5_094.gff
3960	N	N	9.438	16.513	16.148	0.365	1.6	0.5	s15_t1.6_a0.5_095.gff
NA	N	Y	201.105	428.219	426.803	1.416	1.6	0.5	s15_t1.6_a0.5_096.gff
NA	N	Y	147.509	197.164	196.206	0.958	1.6	0.5	s15_t1.6_a0.5_097.gff
NA	Y	N	211.900	602.472	600.901	1.571	1.6	0.5	s15_t1.6_a0.5_098.gff
2252	N	N	4.929	8.375	8.090	0.285	1.6	0.5	s15_t1.6_a0.5_099.gff
19989	N	N	18.035	26.037	25.599	0.438	1.6	0.5	s15_t1.6_a0.5_100.gff
1556	N	N	3.461	6.653	6.388	0.265	1.6	0.6	s15_t1.6_a0.6_001.gff
7056	N	N	10.989	17.132	16.774	0.358	1.6	0.6	s15_t1.6_a0.6_002.gff
533	N	N	2.259	4.659	4.420	0.239	1.6	0.6	s15_t1.6_a0.6_003.gff
1212	N	N	3.161	5.982	5.709	0.273	1.6	0.6	s15_t1.6_a0.6_004.gff
10607	N	N	16.191	25.217	24.792	0.425	1.6	0.6	s15_t1.6_a0.6_005.gff
1184	N	N	2.712	5.136	4.887	0.249	1.6	0.6	s15_t1.6_a0.6_006.gff
5939	N	N	9.750	16.225	15.829	0.396	1.6	0.6	s15_t1.6_a0.6_007.gff
14211	N	N	28.191	36.380	35.821	0.559	1.6	0.6	s15_t1.6_a0.6_008.gff
1632	N	N	3.879	6.797	6.499	0.298	1.6	0.6	s15_t1.6_a0.6_009.gff
8810	N	N	10.752	17.292	16.897	0.395	1.6	0.6	s15_t1.6_a0.6_010.gff
15693	N	N	18.727	26.566	26.149	0.417	1.6	0.6	s15_t1.6_a0.6_011.gff
17463	N	N	29.131	40.039	39.472	0.567	1.6	0.6	s15_t1.6_a0.6_012.gff
6583	N	N	9.233	15.055	14.714	0.341	1.6	0.6	s15_t1.6_a0.6_013.gff
1246	N	N	3.757	6.483	6.211	0.272	1.6	0.6	s15_t1.6_a0.6_014.gff
1530	N	N	3.265	6.083	5.839	0.244	1.6	0.6	s15_t1.6_a0.6_015.gff
600	N	N	2.527	4.929	4.665	0.264	1.6	0.6	s15_t1.6_a0.6_016.gff
6490	N	N	8.416	14.682	14.348	0.334	1.6	0.6	s15_t1.6_a0.6_017.gff
2387	N	N	4.526	7.848	7.586	0.262	1.6	0.6	s15_t1.6_a0.6_018.gff
11877	N	N	15.679	23.153	22.738	0.415	1.6	0.6	s15_t1.6_a0.6_019.gff
327	N	N	2.102	4.099	3.901	0.198	1.6	0.6	s15_t1.6_a0.6_020.gff
5535	N	N	9.363	16.068	15.725	0.343	1.6	0.6	s15_t1.6_a0.6_021.gff
1286	N	N	3.776	6.748	6.491	0.257	1.6	0.6	s15_t1.6_a0.6_022.gff
522	N	N	2.659	5.217	4.950	0.267	1.6	0.6	s15_t1.6_a0.6_023.gff
14829	N	N	16.398	23.953	23.566	0.387	1.6	0.6	s15_t1.6_a0.6_024.gff
708	N	N	2.405	4.881	4.615	0.266	1.6	0.6	s15_t1.6_a0.6_025.gff
1604	N	N	3.278	6.338	6.084	0.254	1.6	0.6	s15_t1.6_a0.6_026.gff
9287	N	N	15.789	22.755	22.387	0.368	1.6	0.6	s15_t1.6_a0.6_027.gff
3410	N	N	6.682	10.501	10.176	0.325	1.6	0.6	s15_t1.6_a0.6_028.gff
646	N	N	2.669	5.252	5.030	0.222	1.6	0.6	s15_t1.6_a0.6_029.gff
3330	N	N	4.527	7.657	7.385	0.272	1.6	0.6	s15_t1.6_a0.6_030.gff
1423	N	N	4.213	7.125	6.846	0.279	1.6	0.6	s15_t1.6_a0.6_031.gff
4075	N	N	7.031	11.593	11.271	0.322	1.6	0.6	s15_t1.6_a0.6_032.gff
6007	N	N	10.990	17.698	17.308	0.390	1.6	0.6	s15_t1.6_a0.6_033.gff
1309	N	N	3.944	6.849	6.596	0.253	1.6	0.6	s15_t1.6_a0.6_034.gff
665	N	N	2.698	5.273	4.999	0.274	1.6	0.6	s15_t1.6_a0.6_035.gff
730	N	N	2.532	4.836	4.585	0.251	1.6	0.6	s15_t1.6_a0.6_036.gff
13137	N	N	14.575	21.934	21.518	0.416	1.6	0.6	s15_t1.6_a0.6_037.gff
4478	N	N	10.780	16.709	16.339	0.370	1.6	0.6	s15_t1.6_a0.6_038.gff
2153	N	N	4.912	9.183	8.876	0.307	1.6	0.6	s15_t1.6_a0.6_039.gff
2616	N	N	4.257	7.276	7.005	0.271	1.6	0.6	s15_t1.6_a0.6_040.gff
4311	N	N	5.745	9.835	9.521	0.314	1.6	0.6	s15_t1.6_a0.6_041.gff
12558	N	N	19.272	28.495	28.043	0.452	1.6	0.6	s15_t1.6_a0.6_042.gff
6008	N	N	10.491	16.392	16.026	0.366	1.6	0.6	s15_t1.6_a0.6_043.gff
404	N	N	2.472	4.738	4.504	0.234	1.6	0.6	s15_t1.6_a0.6_044.gff
5271	N	N	9.964	16.657	16.312	0.345	1.6	0.6	s15_t1.6_a0.6_045.gff
2605	N	N	10.045	16.386	16.021	0.365	1.6	0.6	s15_t1.6_a0.6_046.gff
4163	N	N	8.025	14.050	13.709	0.341	1.6	0.6	s15_t1.6_a0.6_047.gff
26592	N	N	37.054	47.445	46.847	0.598	1.6	0.6	s15_t1.6_a0.6_048.gff
170	N	N	1.828	3.454	3.267	0.187	1.6	0.6	s15_t1.6_a0.6_049.gff
701	N	N	2.594	5.258	5.026	0.232	1.6	0.6	s15_t1.6_a0.6_050.gff
2286	N	N	4.028	7.345	7.087	0.258	1.6	0.6	s15_t1.6_a0.6_051.gff
12017	N	N	15.652	23.993	23.634	0.359	1.6	0.6	s15_t1.6_a0.6_052.gff
4253	N	N	7.152	11.846	11.495	0.351	1.6	0.6	s15_t1.6_a0.6_053.gff
765	N	N	2.371	4.657	4.411	0.246	1.6	0.6	s15_t1.6_a0.6_054.gff
1139	N	N	3.897	7.181	6.917	0.264	1.6	0.6	s15_t1.6_a0.6_055.gff
479	N	N	2.027	4.017	3.807	0.210	1.6	0.6	s15_t1.6_a0.6_056.gff
6002	N	N	8.834	13.595	13.259	0.336	1.6	0.6	s15_t1.6_a0.6_057.gff
537	N	N	2.527	4.763	4.522	0.241	1.6	0.6	s15_t1.6_a0.6_058.gff
7171	N	N	10.287	16.918	16.557	0.361	1.6	0.6	s15_t1.6_a0.6_059.gff
7692	N	N	11.010	17.351	16.971	0.380	1.6	0.6	s15_t1.6_a0.6_060.gff
264	N	N	1.867	3.559	3.376	0.183	1.6	0.6	s15_t1.6_a0.6_061.gff
4169	N	N	6.240	10.486	10.201	0.285	1.6	0.6	s15_t1.6_a0.6_062.gff
10505	N	N	13.858	20.235	19.858	0.377	1.6	0.6	s15_t1.6_a0.6_063.gff
7889	N	N	13.750	21.478	21.089	0.389	1.6	0.6	s15_t1.6_a0.6_064.gff
4297	N	N	6.175	10.172	9.889	0.283	1.6	0.6	s15_t1.6_a0.6_065.gff
1801	N	N	4.140	7.316	7.057	0.259	1.6	0.6	s15_t1.6_a0.6_066.gff
290	N	N	2.009	3.950	3.748	0.202	1.6	0.6	s15_t1.6_a0.6_067.gff
2886	N	N	5.596	10.108	9.776	0.332	1.6	0.6	s15_t1.6_a0.6_068.gff
5088	N	N	8.243	14.370	14.045	0.325	1.6	0.6	s15_t1.6_a0.6_069.gff
3085	N	N	4.844	8.166	7.891	0.275	1.6	0.6	s15_t1.6_a0.6_070.gff
3663	N	N	7.037	13.230	12.916	0.314	1.6	0.6	s15_t1.6_a0.6_071.gff
378	N	N	2.076	4.326	4.113	0.213	1.6	0.6	s15_t1.6_a0.6_072.gff
191	N	N	1.889	3.590	3.414	0.176	1.6	0.6	s15_t1.6_a0.6_073.gff
508	N	N	2.255	4.487	4.263	0.224	1.6	0.6	s15_t1.6_a0.6_074.gff
2193	N	N	4.029	7.133	6.889	0.244	1.6	0.6	s15_t1.6_a0.6_075.gff
3104	N	N	5.348	9.708	9.405	0.303	1.6	0.6	s15_t1.6_a0.6_076.gff
11717	N	N	29.432	37.753	37.257	0.496	1.6	0.6	s15_t1.6_a0.6_077.gff
7157	N	N	12.412	20.357	20.005	0.352	1.6	0.6	s15_t1.6_a0.6_078.gff
4031	N	N	7.233	11.809	11.505	0.304	1.6	0.6	s15_t1.6_a0.6_079.gff
13216	N	N	14.497	22.344	21.977	0.367	1.6	0.6	s15_t1.6_a0.6_080.gff
11368	N	N	21.638	29.843	29.362	0.481	1.6	0.6	s15_t1.6_a0.6_081.gff
512	N	N	2.937	5.522	5.294	0.228	1.6	0.6	s15_t1.6_a0.6_082.gff
16	N	N	1.339	2.434	2.287	0.147	1.6	0.6	s15_t1.6_a0.6_083.gff
1078	N	N	3.498	6.443	6.176	0.267	1.6	0.6	s15_t1.6_a0.6_084.gff
20873	N	N	22.358	30.845	30.352	0.493	1.6	0.6	s15_t1.6_a0.6_085.gff
884	N	N	3.018	5.863	5.598	0.265	1.6	0.6	s15_t1.6_a0.6_086.gff
1947	N	N	3.235	6.183	5.940	0.243	1.6	0.6	s15_t1.6_a0.6_087.gff
5510	N	N	8.102	13.357	13.038	0.319	1.6	0.6	s15_t1.6_a0.6_088.gff
11052	N	N	13.784	20.979	20.555	0.424	1.6	0.6	s15_t1.6_a0.6_089.gff
8088	N	N	9.115	15.165	14.826	0.339	1.6	0.6	s15_t1.6_a0.6_090.gff
1751	N	N	3.680	6.828	6.563	0.265	1.6	0.6	s15_t1.6_a0.6_091.gff
12585	N	N	14.138	22.633	22.189	0.444	1.6	0.6	s15_t1.6_a0.6_092.gff
948	N	N	2.755	5.117	4.856	0.261	1.6	0.6	s15_t1.6_a0.6_093.gff
714	N	N	2.488	4.889	4.640	0.249	1.6	0.6	s15_t1.6_a0.6_094.gff
3125	N	N	5.703	9.995	9.707	0.288	1.6	0.6	s15_t1.6_a0.6_095.gff
1879	N	N	3.553	6.559	6.306	0.253	1.6	0.6	s15_t1.6_a0.6_096.gff
1031	N	N	3.658	5.613	5.359	0.254	1.6	0.6	s15_t1.6_a0.6_097.gff
2004	N	N	4.381	7.325	7.084	0.241	1.6	0.6	s15_t1.6_a0.6_098.gff
129	N	N	1.707	3.266	3.101	0.165	1.6	0.6	s15_t1.6_a0.6_099.gff
405	N	N	2.073	4.141	3.927	0.214	1.6	0.6	s15_t1.6_a0.6_100.gff
757	N	N	2.855	5.466	5.208	0.258	1.6	0.7	s15_t1.6_a0.7_001.gff
372	N	N	1.978	4.143	3.964	0.179	1.6	0.7	s15_t1.6_a0.7_002.gff
168	N	N	1.658	3.208	3.036	0.172	1.6	0.7	s15_t1.6_a0.7_003.gff
801	N	N	2.806	5.265	5.029	0.236	1.6	0.7	s15_t1.6_a0.7_004.gff
507	N	N	2.297	4.737	4.496	0.241	1.6	0.7	s15_t1.6_a0.7_005.gff
1149	N	N	2.920	5.676	5.431	0.245	1.6	0.7	s15_t1.6_a0.7_006.gff
1052	N	N	3.173	5.913	5.651	0.262	1.6	0.7	s15_t1.6_a0.7_007.gff
922	N	N	2.835	5.384	5.110	0.274	1.6	0.7	s15_t1.6_a0.7_008.gff
257	N	N	2.096	4.159	3.939	0.220	1.6	0.7	s15_t1.6_a0.7_009.gff
166	N	N	1.727	3.400	3.234	0.166	1.6	0.7	s15_t1.6_a0.7_010.gff
335	N	N	1.908	3.942	3.764	0.178	1.6	0.7	s15_t1.6_a0.7_011.gff
167	N	N	1.670	3.210	3.051	0.159	1.6	0.7	s15_t1.6_a0.7_012.gff
697	N	N	2.528	4.967	4.732	0.235	1.6	0.7	s15_t1.6_a0.7_013.gff
104	N	N	1.545	2.895	2.757	0.138	1.6	0.7	s15_t1.6_a0.7_014.gff
926	N	N	2.725	5.119	4.880	0.239	1.6	0.7	s15_t1.6_a0.7_015.gff
397	N	N	1.982	4.046	3.857	0.189	1.6	0.7	s15_t1.6_a0.7_016.gff
207	N	N	1.725	3.394	3.241	0.153	1.6	0.7	s15_t1.6_a0.7_017.gff
367	N	N	2.023	4.076	3.893	0.183	1.6	0.7	s15_t1.6_a0.7_018.gff
662	N	N	2.564	4.983	4.728	0.255	1.6	0.7	s15_t1.6_a0.7_019.gff
1637	N	N	3.297	6.056	5.827	0.229	1.6	0.7	s15_t1.6_a0.7_020.gff
2090	N	N	4.014	7.434	7.157	0.277	1.6	0.7	s15_t1.6_a0.7_021.gff
1656	N	N	3.602	6.336	6.084	0.252	1.6	0.7	s15_t1.6_a0.7_022.gff
602	N	N	2.308	4.632	4.392	0.240	1.6	0.7	s15_t1.6_a0.7_023.gff
63	N	N	1.607	3.074	2.913	0.161	1.6	0.7	s15_t1.6_a0.7_024.gff
173	N	N	1.817	3.565	3.408	0.157	1.6	0.7	s15_t1.6_a0.7_025.gff
1084	N	N	3.049	5.840	5.590	0.250	1.6	0.7	s15_t1.6_a0.7_026.gff
232	N	N	1.911	3.885	3.703	0.182	1.6	0.7	s15_t1.6_a0.7_027.gff
646	N	N	2.450	5.122	4.841	0.281	1.6	0.7	s15_t1.6_a0.7_028.gff
1263	N	N	3.281	6.070	5.821	0.249	1.6	0.7	s15_t1.6_a0.7_029.gff
394	N	N	2.131	4.285	4.095	0.190	1.6	0.7	s15_t1.6_a0.7_030.gff
212	N	N	1.731	3.478	3.310	0.168	1.6	0.7	s15_t1.6_a0.7_031.gff
702	N	N	2.606	5.179	4.946	0.233	1.6	0.7	s15_t1.6_a0.7_032.gff
43	N	N	1.381	2.523	2.414	0.109	1.6	0.7	s15_t1.6_a0.7_033.gff
1228	N	N	3.192	6.002	5.734	0.268	1.6	0.7	s15_t1.6_a0.7_034.gff
242	N	N	1.871	3.836	3.654	0.182	1.6	0.7	s15_t1.6_a0.7_035.gff
329	N	N	1.972	3.984	3.795	0.189	1.6	0.7	s15_t1.6_a0.7_036.gff
219	N	N	1.743	3.541	3.366	0.175	1.6	0.7	s15_t1.6_a0.7_037.gff
940	N	N	2.827	5.168	4.913	0.255	1.6	0.7	s15_t1.6_a0.7_038.gff
218	N	N	1.840	3.638	3.477	0.161	1.6	0.7	s15_t1.6_a0.7_039.gff
204	N	N	1.798	3.652	3.497	0.155	1.6	0.7	s15_t1.6_a0.7_040.gff
149	N	N	1.590	3.066	2.920	0.146	1.6	0.7	s15_t1.6_a0.7_041.gff
459	N	N	2.050	4.212	4.005	0.207	1.6	0.7	s15_t1.6_a0.7_042.gff
293	N	N	2.358	3.820	3.602	0.218	1.6	0.7	s15_t1.6_a0.7_043.gff
682	N	N	2.332	4.497	4.282	0.215	1.6	0.7	s15_t1.6_a0.7_044.gff
396	N	N	2.081	4.267	4.066	0.201	1.6	0.7	s15_t1.6_a0.7_045.gff
353	N	N	1.873	3.811	3.648	0.163	1.6	0.7	s15_t1.6_a0.7_046.gff
1803	N	N	3.841	6.890	6.594	0.296	1.6	0.7	s15_t1.6_a0.7_047.gff
256	N	N	1.894	3.891	3.716	0.175	1.6	0.7	s15_t1.6_a0.7_048.gff
483	N	N	2.298	4.708	4.477	0.231	1.6	0.7	s15_t1.6_a0.7_049.gff
373	N	N	2.114	4.283	4.045	0.238	1.6	0.7	s15_t1.6_a0.7_050.gff
603	N	N	2.332	4.683	4.432	0.251	1.6	0.7	s15_t1.6_a0.7_051.gff
1479	N	N	3.569	6.421	6.178	0.243	1.6	0.7	s15_t1.6_a0.7_052.gff
506	N	N	2.453	4.601	4.349	0.252	1.6	0.7	s15_t1.6_a0.7_053.gff
562	N	N	2.420	4.907	4.660	0.247	1.6	0.7	s15_t1.6_a0.7_054.gff
315	N	N	2.010	4.115	3.941	0.174	1.6	0.7	s15_t1.6_a0.7_055.gff
235	N	N	1.929	4.002	3.837	0.165	1.6	0.7	s15_t1.6_a0.7_056.gff
1098	N	N	2.959	5.471	5.213	0.258	1.6	0.7	s15_t1.6_a0.7_057.gff
268	N	N	1.961	3.897	3.710	0.187	1.6	0.7	s15_t1.6_a0.7_058.gff
530	N	N	2.372	4.712	4.481	0.231	1.6	0.7	s15_t1.6_a0.7_059.gff
1210	N	N	3.050	5.693	5.439	0.254	1.6	0.7	s15_t1.6_a0.7_060.gff
234	N	N	1.961	3.981	3.766	0.215	1.6	0.7	s15_t1.6_a0.7_061.gff
484	N	N	2.233	4.601	4.385	0.216	1.6	0.7	s15_t1.6_a0.7_062.gff
351	N	N	2.116	4.272	4.080	0.192	1.6	0.7	s15_t1.6_a0.7_063.gff
833	N	N	2.565	4.938	4.713	0.225	1.6	0.7	s15_t1.6_a0.7_064.gff
193	N	N	1.739	3.276	3.137	0.139	1.6	0.7	s15_t1.6_a0.7_065.gff
256	N	N	2.004	3.808	3.625	0.183	1.6	0.7	s15_t1.6_a0.7_066.gff
960	N	N	2.920	5.557	5.302	0.255	1.6	0.7	s15_t1.6_a0.7_067.gff
864	N	N	2.889	5.495	5.249	0.246	1.6	0.7	s15_t1.6_a0.7_068.gff
243	N	N	1.835	3.691	3.499	0.192	1.6	0.7	s15_t1.6_a0.7_069.gff
1517	N	N	2.974	5.731	5.501	0.230	1.6	0.7	s15_t1.6_a0.7_070.gff
144	N	N	1.641	3.154	3.016	0.138	1.6	0.7	s15_t1.6_a0.7_071.gff
2007	N	N	4.480	7.489	7.235	0.254	1.6	0.7	s15_t1.6_a0.7_072.gff
133	N	N	1.574	2.936	2.779	0.157	1.6	0.7	s15_t1.6_a0.7_073.gff
669	N	N	2.683	5.210	4.983	0.227	1.6	0.7	s15_t1.6_a0.7_074.gff
993	N	N	3.130	6.432	6.171	0.261	1.6	0.7	s15_t1.6_a0.7_075.gff
206	N	N	1.823	3.298	3.125	0.173	1.6	0.7	s15_t1.6_a0.7_076.gff
388	N	N	2.084	4.161	3.977	0.184	1.6	0.7	s15_t1.6_a0.7_077.gff
2431	N	N	4.752	8.476	8.186	0.290	1.6	0.7	s15_t1.6_a0.7_078.gff
48	N	N	1.577	3.054	2.912	0.142	1.6	0.7	s15_t1.6_a0.7_079.gff
512	N	N	2.163	4.292	4.081	0.211	1.6	0.7	s15_t1.6_a0.7_080.gff
467	N	N	2.132	4.415	4.213	0.202	1.6	0.7	s15_t1.6_a0.7_081.gff
616	N	N	2.745	5.319	5.072	0.247	1.6	0.7	s15_t1.6_a0.7_082.gff
1905	N	N	4.106	7.074	6.796	0.278	1.6	0.7	s15_t1.6_a0.7_083.gff
3251	N	N	5.525	9.948	9.639	0.309	1.6	0.7	s15_t1.6_a0.7_084.gff
1055	N	N	2.980	5.687	5.436	0.251	1.6	0.7	s15_t1.6_a0.7_085.gff
219	N	N	2.079	4.101	3.894	0.207	1.6	0.7	s15_t1.6_a0.7_086.gff
693	N	N	2.719	5.327	5.056	0.271	1.6	0.7	s15_t1.6_a0.7_087.gff
1679	N	N	3.637	6.729	6.442	0.287	1.6	0.7	s15_t1.6_a0.7_088.gff
654	N	N	2.393	4.879	4.634	0.245	1.6	0.7	s15_t1.6_a0.7_089.gff
331	N	N	1.978	3.965	3.766	0.199	1.6	0.7	s15_t1.6_a0.7_090.gff
1517	N	N	3.663	6.582	6.326	0.256	1.6	0.7	s15_t1.6_a0.7_091.gff
1203	N	N	2.808	5.425	5.179	0.246	1.6	0.7	s15_t1.6_a0.7_092.gff
146	N	N	1.685	3.314	3.124	0.190	1.6	0.7	s15_t1.6_a0.7_093.gff
1533	N	N	3.934	7.508	7.233	0.275	1.6	0.7	s15_t1.6_a0.7_094.gff
480	N	N	2.428	4.916	4.677	0.239	1.6	0.7	s15_t1.6_a0.7_095.gff
330	N	N	2.041	4.215	4.022	0.193	1.6	0.7	s15_t1.6_a0.7_096.gff
113	N	N	1.614	3.138	2.998	0.140	1.6	0.7	s15_t1.6_a0.7_097.gff
811	N	N	2.660	5.274	4.995	0.279	1.6	0.7	s15_t1.6_a0.7_098.gff
2	N	N	1.311	2.385	2.234	0.151	1.6	0.7	s15_t1.6_a0.7_099.gff
389	N	N	2.125	4.415	4.201	0.214	1.6	0.7	s15_t1.6_a0.7_100.gff
1277	N	N	3.009	6.246	5.991	0.255	1.6	0.8	s15_t1.6_a0.8_001.gff
489	N	N	2.288	4.398	4.181	0.217	1.6	0.8	s15_t1.6_a0.8_002.gff
297	N	N	1.990	4.084	3.862	0.222	1.6	0.8	s15_t1.6_a0.8_003.gff
338	N	N	2.163	4.475	4.202	0.273	1.6	0.8	s15_t1.6_a0.8_004.gff
146	N	N	1.589	2.984	2.827	0.157	1.6	0.8	s15_t1.6_a0.8_005.gff
331	N	N	2.039	4.136	3.948	0.188	1.6	0.8	s15_t1.6_a0.8_006.gff
52	N	N	1.494	2.751	2.600	0.151	1.6	0.8	s15_t1.6_a0.8_007.gff
303	N	N	1.915	3.870	3.686	0.184	1.6	0.8	s15_t1.6_a0.8_008.gff
107	N	N	1.546	2.909	2.749	0.160	1.6	0.8	s15_t1.6_a0.8_009.gff
412	N	N	2.118	4.388	4.199	0.189	1.6	0.8	s15_t1.6_a0.8_010.gff
910	N	N	3.038	5.818	5.553	0.265	1.6	0.8	s15_t1.6_a0.8_011.gff
282	N	N	1.978	3.906	3.705	0.201	1.6	0.8	s15_t1.6_a0.8_012.gff
705	N	N	2.686	5.298	5.022	0.276	1.6	0.8	s15_t1.6_a0.8_013.gff
299	N	N	1.918	3.820	3.640	0.180	1.6	0.8	s15_t1.6_a0.8_014.gff
115	N	N	1.613	3.066	2.926	0.140	1.6	0.8	s15_t1.6_a0.8_015.gff
268	N	N	1.993	4.048	3.850	0.198	1.6	0.8	s15_t1.6_a0.8_016.gff
383	N	N	2.011	4.102	3.906	0.196	1.6	0.8	s15_t1.6_a0.8_017.gff
297	N	N	1.899	3.843	3.671	0.172	1.6	0.8	s15_t1.6_a0.8_018.gff
133	N	N	1.580	2.917	2.775	0.142	1.6	0.8	s15_t1.6_a0.8_019.gff
391	N	N	2.037	4.131	3.942	0.189	1.6	0.8	s15_t1.6_a0.8_020.gff
660	N	N	2.723	5.375	5.124	0.251	1.6	0.8	s15_t1.6_a0.8_021.gff
1786	N	N	3.598	6.584	6.337	0.247	1.6	0.8	s15_t1.6_a0.8_022.gff
301	N	N	1.983	3.960	3.785	0.175	1.6	0.8	s15_t1.6_a0.8_023.gff
41	N	N	1.414	2.590	2.442	0.148	1.6	0.8	s15_t1.6_a0.8_024.gff
100	N	N	1.601	3.077	2.926	0.151	1.6	0.8	s15_t1.6_a0.8_025.gff
304	N	N	1.960	3.928	3.749	0.179	1.6	0.8	s15_t1.6_a0.8_026.gff
318	N	N	1.904	3.762	3.589	0.173	1.6	0.8	s15_t1.6_a0.8_027.gff
222	N	N	1.781	3.491	3.308	0.183	1.6	0.8	s15_t1.6_a0.8_028.gff
53	N	N	1.386	2.575	2.453	0.122	1.6	0.8	s15_t1.6_a0.8_029.gff
306	N	N	1.970	4.037	3.831	0.206	1.6	0.8	s15_t1.6_a0.8_030.gff
528	N	N	2.442	4.965	4.727	0.238	1.6	0.8	s15_t1.6_a0.8_031.gff
299	N	N	1.878	3.810	3.617	0.193	1.6	0.8	s15_t1.6_a0.8_032.gff
225	N	N	2.088	3.780	3.614	0.166	1.6	0.8	s15_t1.6_a0.8_033.gff
592	N	N	2.259	4.597	4.367	0.230	1.6	0.8	s15_t1.6_a0.8_034.gff
254	N	N	1.813	3.681	3.499	0.182	1.6	0.8	s15_t1.6_a0.8_035.gff
360	N	N	2.102	4.260	4.055	0.205	1.6	0.8	s15_t1.6_a0.8_036.gff
476	N	N	2.359	4.928	4.679	0.249	1.6	0.8	s15_t1.6_a0.8_037.gff
215	N	N	1.901	3.886	3.699	0.187	1.6	0.8	s15_t1.6_a0.8_038.gff
659	N	N	2.462	5.066	4.834	0.232	1.6	0.8	s15_t1.6_a0.8_039.gff
57	N	N	1.479	2.774	2.627	0.147	1.6	0.8	s15_t1.6_a0.8_040.gff
88	N	N	1.535	2.838	2.696	0.142	1.6	0.8	s15_t1.6_a0.8_041.gff
385	N	N	2.053	4.006	3.803	0.203	1.6	0.8	s15_t1.6_a0.8_042.gff
344	N	N	2.134	4.338	4.129	0.209	1.6	0.8	s15_t1.6_a0.8_043.gff
147	N	N	1.783	3.239	3.080	0.159	1.6	0.8	s15_t1.6_a0.8_044.gff
208	N	N	1.762	3.577	3.412	0.165	1.6	0.8	s15_t1.6_a0.8_045.gff
68	N	N	1.564	2.887	2.723	0.164	1.6	0.8	s15_t1.6_a0.8_046.gff
288	N	N	1.903	3.834	3.625	0.209	1.6	0.8	s15_t1.6_a0.8_047.gff
231	N	N	1.764	3.525	3.358	0.167	1.6	0.8	s15_t1.6_a0.8_048.gff
128	N	N	1.604	2.963	2.811	0.152	1.6	0.8	s15_t1.6_a0.8_049.gff
380	N	N	2.402	4.437	4.215	0.222	1.6	0.8	s15_t1.6_a0.8_050.gff
59	N	N	1.513	2.710	2.569	0.141	1.6	0.8	s15_t1.6_a0.8_051.gff
264	N	N	1.869	3.800	3.625	0.175	1.6	0.8	s15_t1.6_a0.8_052.gff
99	N	N	1.541	2.851	2.702	0.149	1.6	0.8	s15_t1.6_a0.8_053.gff
227	N	N	1.822	3.563	3.391	0.172	1.6	0.8	s15_t1.6_a0.8_054.gff
233	N	N	1.947	3.654	3.489	0.165	1.6	0.8	s15_t1.6_a0.8_055.gff
209	N	N	1.820	3.698	3.538	0.160	1.6	0.8	s15_t1.6_a0.8_056.gff
92	N	N	1.504	2.860	2.740	0.120	1.6	0.8	s15_t1.6_a0.8_057.gff
99	N	N	1.480	2.678	2.548	0.130	1.6	0.8	s15_t1.6_a0.8_058.gff
157	N	N	1.995	3.313	3.156	0.157	1.6	0.8	s15_t1.6_a0.8_059.gff
234	N	N	1.878	3.867	3.689	0.178	1.6	0.8	s15_t1.6_a0.8_060.gff
232	N	N	1.904	3.511	3.335	0.176	1.6	0.8	s15_t1.6_a0.8_061.gff
882	N	N	4.296	5.513	5.281	0.232	1.6	0.8	s15_t1.6_a0.8_062.gff
153	N	N	1.799	3.526	3.338	0.188	1.6	0.8	s15_t1.6_a0.8_063.gff
74	N	N	1.528	2.849	2.681	0.168	1.6	0.8	s15_t1.6_a0.8_064.gff
152	N	N	2.921	3.279	3.099	0.180	1.6	0.8	s15_t1.6_a0.8_065.gff
165	N	N	1.642	3.215	3.056	0.159	1.6	0.8	s15_t1.6_a0.8_066.gff
611	N	N	2.460	4.999	4.752	0.247	1.6	0.8	s15_t1.6_a0.8_067.gff
271	N	N	1.923	3.984	3.786	0.198	1.6	0.8	s15_t1.6_a0.8_068.gff
360	N	N	2.101	4.250	4.043	0.207	1.6	0.8	s15_t1.6_a0.8_069.gff
552	N	N	2.367	4.896	4.637	0.259	1.6	0.8	s15_t1.6_a0.8_070.gff
134	N	N	1.707	3.221	3.058	0.163	1.6	0.8	s15_t1.6_a0.8_071.gff
520	N	N	2.146	4.375	4.163	0.212	1.6	0.8	s15_t1.6_a0.8_072.gff
276	N	N	1.868	3.685	3.501	0.184	1.6	0.8	s15_t1.6_a0.8_073.gff
212	N	N	1.782	3.466	3.291	0.175	1.6	0.8	s15_t1.6_a0.8_074.gff
162	N	N	1.823	3.168	2.996	0.172	1.6	0.8	s15_t1.6_a0.8_075.gff
241	N	N	1.857	3.653	3.477	0.176	1.6	0.8	s15_t1.6_a0.8_076.gff
239	N	N	1.833	3.769	3.610	0.159	1.6	0.8	s15_t1.6_a0.8_077.gff
415	N	N	2.101	4.253	4.042	0.211	1.6	0.8	s15_t1.6_a0.8_078.gff
414	N	N	1.984	4.139	3.964	0.175	1.6	0.8	s15_t1.6_a0.8_079.gff
214	N	N	1.837	3.682	3.496	0.186	1.6	0.8	s15_t1.6_a0.8_080.gff
94	N	N	1.640	3.114	2.954	0.160	1.6	0.8	s15_t1.6_a0.8_081.gff
406	N	N	2.001	4.151	3.981	0.170	1.6	0.8	s15_t1.6_a0.8_082.gff
57	N	N	1.448	2.669	2.547	0.122	1.6	0.8	s15_t1.6_a0.8_083.gff
655	N	N	2.720	5.457	5.218	0.239	1.6	0.8	s15_t1.6_a0.8_084.gff
217	N	N	1.779	3.507	3.358	0.149	1.6	0.8	s15_t1.6_a0.8_085.gff
733	N	N	2.311	4.672	4.441	0.231	1.6	0.8	s15_t1.6_a0.8_086.gff
264	N	N	1.937	3.630	3.436	0.194	1.6	0.8	s15_t1.6_a0.8_087.gff
305	N	N	1.968	4.076	3.884	0.192	1.6	0.8	s15_t1.6_a0.8_088.gff
232	N	N	1.962	4.016	3.827	0.189	1.6	0.8	s15_t1.6_a0.8_089.gff
270	N	N	1.884	3.770	3.584	0.186	1.6	0.8	s15_t1.6_a0.8_090.gff
566	N	N	2.343	4.941	4.712	0.229	1.6	0.8	s15_t1.6_a0.8_091.gff
106	N	N	1.515	2.848	2.687	0.161	1.6	0.8	s15_t1.6_a0.8_092.gff
74	N	N	1.474	2.726	2.581	0.145	1.6	0.8	s15_t1.6_a0.8_093.gff
377	N	N	2.014	4.099	3.873	0.226	1.6	0.8	s15_t1.6_a0.8_094.gff
212	N	N	1.785	3.464	3.295	0.169	1.6	0.8	s15_t1.6_a0.8_095.gff
125	N	N	1.542	2.892	2.757	0.135	1.6	0.8	s15_t1.6_a0.8_096.gff
334	N	N	1.984	4.084	3.889	0.195	1.6	0.8	s15_t1.6_a0.8_097.gff
288	N	N	1.918	3.951	3.770	0.181	1.6	0.8	s15_t1.6_a0.8_098.gff
140	N	N	1.620	3.130	2.983	0.147	1.6	0.8	s15_t1.6_a0.8_099.gff
54	N	N	1.419	2.581	2.443	0.138	1.6	0.8	s15_t1.6_a0.8_100.gff
169	N	N	1.687	3.269	3.120	0.149	1.6	0.9	s15_t1.6_a0.9_001.gff
130	N	N	1.603	2.926	2.763	0.163	1.6	0.9	s15_t1.6_a0.9_002.gff
112	N	N	1.493	2.679	2.526	0.153	1.6	0.9	s15_t1.6_a0.9_003.gff
95	N	N	1.448	2.613	2.502	0.111	1.6	0.9	s15_t1.6_a0.9_004.gff
118	N	N	1.760	3.110	2.942	0.168	1.6	0.9	s15_t1.6_a0.9_005.gff
57	N	N	1.425	2.640	2.495	0.145	1.6	0.9	s15_t1.6_a0.9_006.gff
126	N	N	1.553	2.914	2.762	0.152	1.6	0.9	s15_t1.6_a0.9_007.gff
210	N	N	1.742	3.430	3.276	0.154	1.6	0.9	s15_t1.6_a0.9_008.gff
175	N	N	1.686	3.267	3.110	0.157	1.6	0.9	s15_t1.6_a0.9_009.gff
146	N	N	1.576	2.999	2.848	0.151	1.6	0.9	s15_t1.6_a0.9_010.gff
197	N	N	1.771	3.489	3.329	0.160	1.6	0.9	s15_t1.6_a0.9_011.gff
81	N	N	1.471	2.721	2.578	0.143	1.6	0.9	s15_t1.6_a0.9_012.gff
115	N	N	1.601	3.077	2.926	0.151	1.6	0.9	s15_t1.6_a0.9_013.gff
225	N	N	1.797	3.563	3.382	0.181	1.6	0.9	s15_t1.6_a0.9_014.gff
117	N	N	1.626	3.047	2.876	0.171	1.6	0.9	s15_t1.6_a0.9_015.gff
248	N	N	1.893	3.805	3.618	0.187	1.6	0.9	s15_t1.6_a0.9_016.gff
148	N	N	1.570	2.996	2.853	0.143	1.6	0.9	s15_t1.6_a0.9_017.gff
122	N	N	1.560	2.986	2.847	0.139	1.6	0.9	s15_t1.6_a0.9_018.gff
149	N	N	1.628	3.090	2.958	0.132	1.6	0.9	s15_t1.6_a0.9_019.gff
228	N	N	1.788	3.404	3.217	0.187	1.6	0.9	s15_t1.6_a0.9_020.gff
151	N	N	1.627	3.179	3.035	0.144	1.6	0.9	s15_t1.6_a0.9_021.gff
128	N	N	1.630	3.010	2.853	0.157	1.6	0.9	s15_t1.6_a0.9_022.gff
295	N	N	1.762	3.475	3.322	0.153	1.6	0.9	s15_t1.6_a0.9_023.gff
111	N	N	1.604	3.105	2.931	0.174	1.6	0.9	s15_t1.6_a0.9_024.gff
97	N	N	1.609	2.899	2.723	0.176	1.6	0.9	s15_t1.6_a0.9_025.gff
80	N	N	1.511	2.877	2.733	0.144	1.6	0.9	s15_t1.6_a0.9_026.gff
185	N	N	1.676	3.181	3.029	0.152	1.6	0.9	s15_t1.6_a0.9_027.gff
203	N	N	1.715	3.364	3.212	0.152	1.6	0.9	s15_t1.6_a0.9_028.gff
298	N	N	1.874	3.787	3.613	0.174	1.6	0.9	s15_t1.6_a0.9_029.gff
196	N	N	1.747	3.339	3.183	0.156	1.6	0.9	s15_t1.6_a0.9_030.gff
309	N	N	1.967	3.994	3.805	0.189	1.6	0.9	s15_t1.6_a0.9_031.gff
167	N	N	1.676	3.254	3.105	0.149	1.6	0.9	s15_t1.6_a0.9_032.gff
380	N	N	2.104	4.205	3.977	0.228	1.6	0.9	s15_t1.6_a0.9_033.gff
265	N	N	1.868	3.763	3.580	0.183	1.6	0.9	s15_t1.6_a0.9_034.gff
351	N	N	1.932	3.930	3.725	0.205	1.6	0.9	s15_t1.6_a0.9_035.gff
212	N	N	1.824	3.579	3.412	0.167	1.6	0.9	s15_t1.6_a0.9_036.gff
358	N	N	2.037	4.185	3.996	0.189	1.6	0.9	s15_t1.6_a0.9_037.gff
91	N	N	1.543	2.857	2.718	0.139	1.6	0.9	s15_t1.6_a0.9_038.gff
341	N	N	1.946	3.910	3.727	0.183	1.6	0.9	s15_t1.6_a0.9_039.gff
135	N	N	1.677	3.225	3.061	0.164	1.6	0.9	s15_t1.6_a0.9_040.gff
109	N	N	1.583	2.966	2.808	0.158	1.6	0.9	s15_t1.6_a0.9_041.gff
130	N	N	1.569	2.980	2.851	0.129	1.6	0.9	s15_t1.6_a0.9_042.gff
85	N	N	1.511	2.803	2.656	0.147	1.6	0.9	s15_t1.6_a0.9_043.gff
546	N	N	2.303	4.844	4.592	0.252	1.6	0.9	s15_t1.6_a0.9_044.gff
39	N	N	1.457	2.617	2.469	0.148	1.6	0.9	s15_t1.6_a0.9_045.gff
266	N	N	1.920	3.633	3.432	0.201	1.6	0.9	s15_t1.6_a0.9_046.gff
215	N	N	1.726	3.393	3.222	0.171	1.6	0.9	s15_t1.6_a0.9_047.gff
85	N	N	1.499	2.753	2.624	0.129	1.6	0.9	s15_t1.6_a0.9_048.gff
369	N	N	1.971	3.929	3.729	0.200	1.6	0.9	s15_t1.6_a0.9_049.gff
195	N	N	1.758	3.385	3.192	0.193	1.6	0.9	s15_t1.6_a0.9_050.gff
310	N	N	1.838	3.690	3.519	0.171	1.6	0.9	s15_t1.6_a0.9_051.gff
213	N	N	1.882	3.689	3.508	0.181	1.6	0.9	s15_t1.6_a0.9_052.gff
129	N	N	1.576	2.926	2.789	0.137	1.6	0.9	s15_t1.6_a0.9_053.gff
244	N	N	1.803	3.558	3.379	0.179	1.6	0.9	s15_t1.6_a0.9_054.gff
241	N	N	1.816	3.508	3.335	0.173	1.6	0.9	s15_t1.6_a0.9_055.gff
56	N	N	1.400	2.532	2.420	0.112	1.6	0.9	s15_t1.6_a0.9_056.gff
183	N	N	1.765	3.466	3.302	0.164	1.6	0.9	s15_t1.6_a0.9_057.gff
248	N	N	1.863	3.536	3.381	0.155	1.6	0.9	s15_t1.6_a0.9_058.gff
134	N	N	1.648	3.162	2.996	0.166	1.6	0.9	s15_t1.6_a0.9_059.gff
263	N	N	1.885	3.702	3.518	0.184	1.6	0.9	s15_t1.6_a0.9_060.gff
351	N	N	2.092	4.284	4.088	0.196	1.6	0.9	s15_t1.6_a0.9_061.gff
64	N	N	1.465	2.645	2.519	0.126	1.6	0.9	s15_t1.6_a0.9_062.gff
419	N	N	2.032	4.119	3.880	0.239	1.6	0.9	s15_t1.6_a0.9_063.gff
300	N	N	1.830	3.693	3.502	0.191	1.6	0.9	s15_t1.6_a0.9_064.gff
546	N	N	2.003	4.022	3.853	0.169	1.6	0.9	s15_t1.6_a0.9_065.gff
79	N	N	1.474	2.712	2.568	0.144	1.6	0.9	s15_t1.6_a0.9_066.gff
156	N	N	1.609	3.143	3.013	0.130	1.6	0.9	s15_t1.6_a0.9_067.gff
143	N	N	1.665	3.225	3.062	0.163	1.6	0.9	s15_t1.6_a0.9_068.gff
108	N	N	1.507	2.778	2.652	0.126	1.6	0.9	s15_t1.6_a0.9_069.gff
167	N	N	1.723	3.132	2.979	0.153	1.6	0.9	s15_t1.6_a0.9_070.gff
108	N	N	1.573	2.966	2.834	0.132	1.6	0.9	s15_t1.6_a0.9_071.gff
229	N	N	1.760	3.386	3.206	0.180	1.6	0.9	s15_t1.6_a0.9_072.gff
340	N	N	2.062	4.100	3.859	0.241	1.6	0.9	s15_t1.6_a0.9_073.gff
449	N	N	2.198	4.526	4.304	0.222	1.6	0.9	s15_t1.6_a0.9_074.gff
252	N	N	1.781	3.470	3.283	0.187	1.6	0.9	s15_t1.6_a0.9_075.gff
40	N	N	1.450	2.588	2.441	0.147	1.6	0.9	s15_t1.6_a0.9_076.gff
280	N	N	1.826	3.681	3.511	0.170	1.6	0.9	s15_t1.6_a0.9_077.gff
280	N	N	1.892	3.720	3.552	0.168	1.6	0.9	s15_t1.6_a0.9_078.gff
122	N	N	1.540	2.941	2.814	0.127	1.6	0.9	s15_t1.6_a0.9_079.gff
289	N	N	1.809	3.589	3.418	0.171	1.6	0.9	s15_t1.6_a0.9_080.gff
147	N	N	2.053	3.319	3.154	0.165	1.6	0.9	s15_t1.6_a0.9_081.gff
206	N	N	1.784	3.487	3.315	0.172	1.6	0.9	s15_t1.6_a0.9_082.gff
303	N	N	1.906	3.894	3.714	0.180	1.6	0.9	s15_t1.6_a0.9_083.gff
203	N	N	1.783	3.507	3.327	0.180	1.6	0.9	s15_t1.6_a0.9_084.gff
126	N	N	1.580	2.946	2.807	0.139	1.6	0.9	s15_t1.6_a0.9_085.gff
254	N	N	1.772	3.471	3.306	0.165	1.6	0.9	s15_t1.6_a0.9_086.gff
276	N	N	1.901	3.847	3.648	0.199	1.6	0.9	s15_t1.6_a0.9_087.gff
209	N	N	1.681	3.271	3.110	0.161	1.6	0.9	s15_t1.6_a0.9_088.gff
181	N	N	1.763	3.426	3.250	0.176	1.6	0.9	s15_t1.6_a0.9_089.gff
83	N	N	1.518	2.828	2.694	0.134	1.6	0.9	s15_t1.6_a0.9_090.gff
104	N	N	1.634	3.133	2.978	0.155	1.6	0.9	s15_t1.6_a0.9_091.gff
102	N	N	1.606	3.080	2.922	0.158	1.6	0.9	s15_t1.6_a0.9_092.gff
190	N	N	1.786	3.497	3.318	0.179	1.6	0.9	s15_t1.6_a0.9_093.gff
132	N	N	1.592	2.892	2.745	0.147	1.6	0.9	s15_t1.6_a0.9_094.gff
79	N	N	1.512	2.787	2.651	0.136	1.6	0.9	s15_t1.6_a0.9_095.gff
391	N	N	1.941	3.880	3.694	0.186	1.6	0.9	s15_t1.6_a0.9_096.gff
242	N	N	1.832	3.641	3.441	0.200	1.6	0.9	s15_t1.6_a0.9_097.gff
190	N	N	1.726	3.377	3.201	0.176	1.6	0.9	s15_t1.6_a0.9_098.gff
324	N	N	1.902	3.756	3.574	0.182	1.6	0.9	s15_t1.6_a0.9_099.gff
121	N	N	1.637	3.091	2.932	0.159	1.6	0.9	s15_t1.6_a0.9_100.gff
160	N	N	1.579	2.926	2.773	0.153	1.6	1.0	s15_t1.6_a1.0_001.gff
41	N	N	1.394	2.591	2.431	0.160	1.6	1.0	s15_t1.6_a1.0_002.gff
55	N	N	1.420	2.598	2.454	0.144	1.6	1.0	s15_t1.6_a1.0_003.gff
78	N	N	1.435	2.644	2.505	0.139	1.6	1.0	s15_t1.6_a1.0_004.gff
81	N	N	1.456	2.722	2.570	0.152	1.6	1.0	s15_t1.6_a1.0_005.gff
97	N	N	1.456	2.729	2.614	0.115	1.6	1.0	s15_t1.6_a1.0_006.gff
151	N	N	1.506	2.765	2.627	0.138	1.6	1.0	s15_t1.6_a1.0_007.gff
100	N	N	1.446	2.670	2.528	0.142	1.6	1.0	s15_t1.6_a1.0_008.gff
104	N	N	1.452	2.717	2.590	0.127	1.6	1.0	s15_t1.6_a1.0_009.gff
87	N	N	1.485	2.690	2.531	0.159	1.6	1.0	s15_t1.6_a1.0_010.gff
71	N	N	1.418	2.631	2.479	0.152	1.6	1.0	s15_t1.6_a1.0_011.gff
88	N	N	1.420	2.627	2.491	0.136	1.6	1.0	s15_t1.6_a1.0_012.gff
64	N	N	1.534	2.590	2.434	0.156	1.6	1.0	s15_t1.6_a1.0_013.gff
59	N	N	1.398	2.575	2.442	0.133	1.6	1.0	s15_t1.6_a1.0_014.gff
92	N	N	1.458	2.660	2.513	0.147	1.6	1.0	s15_t1.6_a1.0_015.gff
79	N	N	1.422	2.640	2.508	0.132	1.6	1.0	s15_t1.6_a1.0_016.gff
43	N	N	1.369	2.522	2.386	0.136	1.6	1.0	s15_t1.6_a1.0_017.gff
131	N	N	1.487	2.826	2.681	0.145	1.6	1.0	s15_t1.6_a1.0_018.gff
74	N	N	1.424	2.660	2.521	0.139	1.6	1.0	s15_t1.6_a1.0_019.gff
81	N	N	1.453	2.604	2.479	0.125	1.6	1.0	s15_t1.6_a1.0_020.gff
47	N	N	1.365	2.498	2.362	0.136	1.6	1.0	s15_t1.6_a1.0_021.gff
72	N	N	1.408	2.590	2.458	0.132	1.6	1.0	s15_t1.6_a1.0_022.gff
76	N	N	1.429	2.646	2.520	0.126	1.6	1.0	s15_t1.6_a1.0_023.gff
117	N	N	1.488	2.798	2.649	0.149	1.6	1.0	s15_t1.6_a1.0_024.gff
152	N	N	1.571	2.871	2.707	0.164	1.6	1.0	s15_t1.6_a1.0_025.gff
99	N	N	1.429	2.651	2.526	0.125	1.6	1.0	s15_t1.6_a1.0_026.gff
138	N	N	1.487	2.810	2.670	0.140	1.6	1.0	s15_t1.6_a1.0_027.gff
101	N	N	1.423	2.553	2.416	0.137	1.6	1.0	s15_t1.6_a1.0_028.gff
77	N	N	1.414	2.581	2.436	0.145	1.6	1.0	s15_t1.6_a1.0_029.gff
36	N	N	1.388	2.494	2.347	0.147	1.6	1.0	s15_t1.6_a1.0_030.gff
44	N	N	1.402	2.549	2.403	0.146	1.6	1.0	s15_t1.6_a1.0_031.gff
91	N	N	1.421	2.641	2.506	0.135	1.6	1.0	s15_t1.6_a1.0_032.gff
80	N	N	1.426	2.601	2.460	0.141	1.6	1.0	s15_t1.6_a1.0_033.gff
86	N	N	1.424	2.633	2.491	0.142	1.6	1.0	s15_t1.6_a1.0_034.gff
103	N	N	1.493	2.717	2.578	0.139	1.6	1.0	s15_t1.6_a1.0_035.gff
116	N	N	1.462	2.704	2.554	0.150	1.6	1.0	s15_t1.6_a1.0_036.gff
41	N	N	1.357	2.500	2.369	0.131	1.6	1.0	s15_t1.6_a1.0_037.gff
128	N	N	1.486	2.777	2.640	0.137	1.6	1.0	s15_t1.6_a1.0_038.gff
18	N	N	1.334	2.480	2.359	0.121	1.6	1.0	s15_t1.6_a1.0_039.gff
40	N	N	1.412	2.533	2.374	0.159	1.6	1.0	s15_t1.6_a1.0_040.gff
52	N	N	1.374	2.518	2.396	0.122	1.6	1.0	s15_t1.6_a1.0_041.gff
74	N	N	1.395	2.509	2.368	0.141	1.6	1.0	s15_t1.6_a1.0_042.gff
60	N	N	1.375	2.528	2.375	0.153	1.6	1.0	s15_t1.6_a1.0_043.gff
54	N	N	1.426	2.549	2.401	0.148	1.6	1.0	s15_t1.6_a1.0_044.gff
62	N	N	1.406	2.607	2.463	0.144	1.6	1.0	s15_t1.6_a1.0_045.gff
131	N	N	1.499	2.843	2.691	0.152	1.6	1.0	s15_t1.6_a1.0_046.gff
167	N	N	1.534	2.856	2.717	0.139	1.6	1.0	s15_t1.6_a1.0_047.gff
38	N	N	1.382	2.539	2.405	0.134	1.6	1.0	s15_t1.6_a1.0_048.gff
174	N	N	1.568	2.909	2.760	0.149	1.6	1.0	s15_t1.6_a1.0_049.gff
72	N	N	1.408	2.609	2.452	0.157	1.6	1.0	s15_t1.6_a1.0_050.gff
71	N	N	1.413	2.622	2.483	0.139	1.6	1.0	s15_t1.6_a1.0_051.gff
143	N	N	1.533	2.839	2.684	0.155	1.6	1.0	s15_t1.6_a1.0_052.gff
65	N	N	1.411	2.611	2.470	0.141	1.6	1.0	s15_t1.6_a1.0_053.gff
44	N	N	1.415	2.559	2.412	0.147	1.6	1.0	s15_t1.6_a1.0_054.gff
190	N	N	1.533	2.858	2.724	0.134	1.6	1.0	s15_t1.6_a1.0_055.gff
75	N	N	1.434	2.672	2.535	0.137	1.6	1.0	s15_t1.6_a1.0_056.gff
141	N	N	1.494	2.803	2.648	0.155	1.6	1.0	s15_t1.6_a1.0_057.gff
90	N	N	1.430	2.605	2.460	0.145	1.6	1.0	s15_t1.6_a1.0_058.gff
102	N	N	1.501	2.714	2.556	0.158	1.6	1.0	s15_t1.6_a1.0_059.gff
63	N	N	1.411	2.614	2.486	0.128	1.6	1.0	s15_t1.6_a1.0_060.gff
82	N	N	1.419	2.653	2.520	0.133	1.6	1.0	s15_t1.6_a1.0_061.gff
61	N	N	1.386	2.529	2.402	0.127	1.6	1.0	s15_t1.6_a1.0_062.gff
82	N	N	1.410	2.584	2.452	0.132	1.6	1.0	s15_t1.6_a1.0_063.gff
64	N	N	1.400	2.524	2.381	0.143	1.6	1.0	s15_t1.6_a1.0_064.gff
87	N	N	1.424	2.566	2.442	0.124	1.6	1.0	s15_t1.6_a1.0_065.gff
47	N	N	1.393	2.581	2.448	0.133	1.6	1.0	s15_t1.6_a1.0_066.gff
96	N	N	1.447	2.674	2.546	0.128	1.6	1.0	s15_t1.6_a1.0_067.gff
51	N	N	1.406	2.584	2.462	0.122	1.6	1.0	s15_t1.6_a1.0_068.gff
134	N	N	1.540	2.840	2.698	0.142	1.6	1.0	s15_t1.6_a1.0_069.gff
125	N	N	1.525	2.826	2.704	0.122	1.6	1.0	s15_t1.6_a1.0_070.gff
82	N	N	1.544	2.673	2.540	0.133	1.6	1.0	s15_t1.6_a1.0_071.gff
78	N	N	1.405	2.598	2.479	0.119	1.6	1.0	s15_t1.6_a1.0_072.gff
56	N	N	1.403	2.619	2.486	0.133	1.6	1.0	s15_t1.6_a1.0_073.gff
54	N	N	1.413	2.497	2.351	0.146	1.6	1.0	s15_t1.6_a1.0_074.gff
62	N	N	1.390	2.494	2.364	0.130	1.6	1.0	s15_t1.6_a1.0_075.gff
55	N	N	1.367	2.543	2.414	0.129	1.6	1.0	s15_t1.6_a1.0_076.gff
132	N	N	1.490	2.828	2.667	0.161	1.6	1.0	s15_t1.6_a1.0_077.gff
135	N	N	1.489	2.790	2.636	0.154	1.6	1.0	s15_t1.6_a1.0_078.gff
100	N	N	1.498	2.683	2.519	0.164	1.6	1.0	s15_t1.6_a1.0_079.gff
28	N	N	1.364	2.548	2.398	0.150	1.6	1.0	s15_t1.6_a1.0_080.gff
167	N	N	1.511	2.834	2.710	0.124	1.6	1.0	s15_t1.6_a1.0_081.gff
77	N	N	1.431	2.633	2.484	0.149	1.6	1.0	s15_t1.6_a1.0_082.gff
64	N	N	1.379	2.568	2.441	0.127	1.6	1.0	s15_t1.6_a1.0_083.gff
117	N	N	1.498	2.740	2.589	0.151	1.6	1.0	s15_t1.6_a1.0_084.gff
43	N	N	1.366	2.501	2.357	0.144	1.6	1.0	s15_t1.6_a1.0_085.gff
16	N	N	1.321	2.442	2.313	0.129	1.6	1.0	s15_t1.6_a1.0_086.gff
168	N	N	1.503	2.806	2.663	0.143	1.6	1.0	s15_t1.6_a1.0_087.gff
49	N	N	1.359	2.480	2.349	0.131	1.6	1.0	s15_t1.6_a1.0_088.gff
120	N	N	1.523	2.763	2.609	0.154	1.6	1.0	s15_t1.6_a1.0_089.gff
67	N	N	1.427	2.634	2.504	0.130	1.6	1.0	s15_t1.6_a1.0_090.gff
70	N	N	1.431	2.648	2.504	0.144	1.6	1.0	s15_t1.6_a1.0_091.gff
56	N	N	1.409	2.562	2.430	0.132	1.6	1.0	s15_t1.6_a1.0_092.gff
93	N	N	1.438	2.595	2.462	0.133	1.6	1.0	s15_t1.6_a1.0_093.gff
61	N	N	1.432	2.659	2.505	0.154	1.6	1.0	s15_t1.6_a1.0_094.gff
134	N	N	1.506	2.794	2.649	0.145	1.6	1.0	s15_t1.6_a1.0_095.gff
98	N	N	1.484	2.740	2.585	0.155	1.6	1.0	s15_t1.6_a1.0_096.gff
100	N	N	1.470	2.732	2.589	0.143	1.6	1.0	s15_t1.6_a1.0_097.gff
58	N	N	1.409	2.514	2.384	0.130	1.6	1.0	s15_t1.6_a1.0_098.gff
65	N	N	1.454	2.605	2.454	0.151	1.6	1.0	s15_t1.6_a1.0_099.gff
88	N	N	1.427	2.619	2.481	0.138	1.6	1.0	s15_t1.6_a1.0_100.gff
NA	Y	N	593.576	602.323	601.227	1.096	1.8	0.1	s15_t1.8_a0.1_001.gff
NA	Y	N	599.345	601.913	600.997	0.916	1.8	0.1	s15_t1.8_a0.1_002.gff
NA	Y	N	591.592	602.198	601.110	1.088	1.8	0.1	s15_t1.8_a0.1_003.gff
NA	Y	N	598.495	601.715	600.695	1.020	1.8	0.1	s15_t1.8_a0.1_004.gff
NA	Y	N	597.726	601.916	601.023	0.893	1.8	0.1	s15_t1.8_a0.1_005.gff
NA	Y	N	589.652	602.119	600.979	1.140	1.8	0.1	s15_t1.8_a0.1_006.gff
NA	Y	N	591.202	602.337	601.125	1.212	1.8	0.1	s15_t1.8_a0.1_007.gff
NA	Y	N	600.068	601.716	600.870	0.846	1.8	0.1	s15_t1.8_a0.1_008.gff
NA	Y	N	596.893	602.232	601.232	1.000	1.8	0.1	s15_t1.8_a0.1_009.gff
NA	Y	N	521.246	602.193	600.880	1.313	1.8	0.1	s15_t1.8_a0.1_010.gff
NA	Y	N	598.138	601.657	600.618	1.039	1.8	0.1	s15_t1.8_a0.1_011.gff
NA	Y	N	500.543	601.883	600.677	1.206	1.8	0.1	s15_t1.8_a0.1_012.gff
NA	Y	N	596.921	601.995	601.061	0.934	1.8	0.1	s15_t1.8_a0.1_013.gff
NA	Y	N	589.033	602.220	601.063	1.157	1.8	0.1	s15_t1.8_a0.1_014.gff
NA	Y	N	593.969	602.113	600.969	1.144	1.8	0.1	s15_t1.8_a0.1_015.gff
NA	Y	N	594.554	602.068	601.048	1.020	1.8	0.1	s15_t1.8_a0.1_016.gff
NA	Y	N	594.960	601.888	600.933	0.955	1.8	0.1	s15_t1.8_a0.1_017.gff
NA	Y	N	585.897	602.143	600.922	1.221	1.8	0.1	s15_t1.8_a0.1_018.gff
NA	Y	N	600.176	601.722	600.900	0.822	1.8	0.1	s15_t1.8_a0.1_019.gff
NA	Y	N	599.950	601.768	600.937	0.831	1.8	0.1	s15_t1.8_a0.1_020.gff
NA	Y	N	576.120	602.165	600.725	1.440	1.8	0.1	s15_t1.8_a0.1_021.gff
NA	Y	N	598.639	601.998	600.952	1.046	1.8	0.1	s15_t1.8_a0.1_022.gff
NA	Y	N	601.596	601.695	600.902	0.793	1.8	0.1	s15_t1.8_a0.1_023.gff
NA	Y	N	592.387	601.795	600.731	1.064	1.8	0.1	s15_t1.8_a0.1_024.gff
NA	Y	N	588.973	601.899	600.696	1.203	1.8	0.1	s15_t1.8_a0.1_025.gff
NA	Y	N	596.220	602.286	601.082	1.204	1.8	0.1	s15_t1.8_a0.1_026.gff
NA	Y	N	594.473	602.201	601.090	1.111	1.8	0.1	s15_t1.8_a0.1_027.gff
NA	Y	N	596.583	601.705	600.521	1.184	1.8	0.1	s15_t1.8_a0.1_028.gff
NA	Y	N	590.742	602.334	601.209	1.125	1.8	0.1	s15_t1.8_a0.1_029.gff
NA	Y	N	599.859	601.569	600.530	1.039	1.8	0.1	s15_t1.8_a0.1_030.gff
NA	Y	N	599.144	601.925	600.983	0.942	1.8	0.1	s15_t1.8_a0.1_031.gff
NA	Y	N	600.320	601.597	600.643	0.954	1.8	0.1	s15_t1.8_a0.1_032.gff
NA	Y	N	603.216	601.429	600.796	0.633	1.8	0.1	s15_t1.8_a0.1_033.gff
NA	Y	N	568.690	601.723	600.561	1.162	1.8	0.1	s15_t1.8_a0.1_034.gff
NA	Y	N	594.627	601.776	600.663	1.113	1.8	0.1	s15_t1.8_a0.1_035.gff
42147	N	N	72.076	91.771	90.915	0.856	1.8	0.1	s15_t1.8_a0.1_036.gff
NA	Y	N	602.398	601.536	600.715	0.821	1.8	0.1	s15_t1.8_a0.1_037.gff
NA	Y	N	579.582	602.260	600.968	1.292	1.8	0.1	s15_t1.8_a0.1_038.gff
NA	Y	N	584.199	602.247	600.780	1.467	1.8	0.1	s15_t1.8_a0.1_039.gff
NA	Y	N	575.378	601.795	600.105	1.690	1.8	0.1	s15_t1.8_a0.1_040.gff
NA	Y	N	589.318	601.926	600.728	1.198	1.8	0.1	s15_t1.8_a0.1_041.gff
NA	Y	N	570.693	601.929	600.626	1.303	1.8	0.1	s15_t1.8_a0.1_042.gff
NA	Y	N	586.983	601.519	600.408	1.111	1.8	0.1	s15_t1.8_a0.1_043.gff
NA	Y	N	585.778	602.340	601.126	1.214	1.8	0.1	s15_t1.8_a0.1_044.gff
NA	Y	N	589.244	602.240	600.990	1.250	1.8	0.1	s15_t1.8_a0.1_045.gff
NA	Y	N	594.972	601.897	600.810	1.087	1.8	0.1	s15_t1.8_a0.1_046.gff
NA	Y	N	573.375	601.742	600.577	1.165	1.8	0.1	s15_t1.8_a0.1_047.gff
NA	Y	N	591.784	601.941	600.620	1.321	1.8	0.1	s15_t1.8_a0.1_048.gff
NA	Y	N	591.878	601.805	600.599	1.206	1.8	0.1	s15_t1.8_a0.1_049.gff
NA	Y	N	586.849	601.678	600.559	1.119	1.8	0.1	s15_t1.8_a0.1_050.gff
NA	Y	N	594.389	601.945	600.721	1.224	1.8	0.1	s15_t1.8_a0.1_051.gff
NA	Y	N	595.558	601.861	600.737	1.124	1.8	0.1	s15_t1.8_a0.1_052.gff
NA	Y	N	592.244	601.907	600.725	1.182	1.8	0.1	s15_t1.8_a0.1_053.gff
NA	Y	N	578.416	601.687	600.510	1.177	1.8	0.1	s15_t1.8_a0.1_054.gff
NA	Y	N	567.408	601.821	600.653	1.168	1.8	0.1	s15_t1.8_a0.1_055.gff
NA	Y	N	589.190	602.050	600.954	1.096	1.8	0.1	s15_t1.8_a0.1_056.gff
NA	Y	N	585.088	601.888	600.564	1.324	1.8	0.1	s15_t1.8_a0.1_057.gff
NA	Y	N	598.501	601.588	600.490	1.098	1.8	0.1	s15_t1.8_a0.1_058.gff
NA	Y	N	593.491	601.719	600.537	1.182	1.8	0.1	s15_t1.8_a0.1_059.gff
NA	Y	N	594.154	601.866	600.662	1.204	1.8	0.1	s15_t1.8_a0.1_060.gff
NA	Y	N	603.371	601.456	600.661	0.795	1.8	0.1	s15_t1.8_a0.1_061.gff
NA	Y	N	462.245	602.116	600.672	1.444	1.8	0.1	s15_t1.8_a0.1_062.gff
NA	Y	N	599.171	601.891	600.941	0.950	1.8	0.1	s15_t1.8_a0.1_063.gff
NA	Y	N	594.073	601.709	600.575	1.134	1.8	0.1	s15_t1.8_a0.1_064.gff
NA	Y	N	598.880	601.854	600.832	1.022	1.8	0.1	s15_t1.8_a0.1_065.gff
NA	Y	N	594.777	601.839	600.614	1.225	1.8	0.1	s15_t1.8_a0.1_066.gff
NA	Y	N	598.421	601.565	600.491	1.074	1.8	0.1	s15_t1.8_a0.1_067.gff
NA	Y	N	595.478	601.799	600.611	1.188	1.8	0.1	s15_t1.8_a0.1_068.gff
NA	Y	N	584.079	601.966	600.619	1.347	1.8	0.1	s15_t1.8_a0.1_069.gff
NA	Y	N	600.055	601.860	601.048	0.812	1.8	0.1	s15_t1.8_a0.1_070.gff
NA	Y	N	583.099	602.469	601.213	1.256	1.8	0.1	s15_t1.8_a0.1_071.gff
NA	Y	N	596.750	601.769	600.792	0.977	1.8	0.1	s15_t1.8_a0.1_072.gff
NA	Y	N	601.734	601.908	601.105	0.803	1.8	0.1	s15_t1.8_a0.1_073.gff
NA	Y	N	601.681	601.812	601.021	0.791	1.8	0.1	s15_t1.8_a0.1_074.gff
NA	Y	N	602.755	601.974	601.086	0.888	1.8	0.1	s15_t1.8_a0.1_075.gff
NA	Y	N	599.253	602.071	601.092	0.979	1.8	0.1	s15_t1.8_a0.1_076.gff
NA	Y	N	525.835	601.823	600.653	1.170	1.8	0.1	s15_t1.8_a0.1_077.gff
NA	Y	N	586.809	602.255	601.041	1.214	1.8	0.1	s15_t1.8_a0.1_078.gff
NA	Y	N	600.488	602.013	601.142	0.871	1.8	0.1	s15_t1.8_a0.1_079.gff
NA	Y	N	572.747	601.748	600.693	1.055	1.8	0.1	s15_t1.8_a0.1_080.gff
NA	Y	N	583.741	601.639	600.497	1.142	1.8	0.1	s15_t1.8_a0.1_081.gff
NA	Y	N	586.626	602.117	600.823	1.294	1.8	0.1	s15_t1.8_a0.1_082.gff
NA	Y	N	585.765	602.112	600.964	1.148	1.8	0.1	s15_t1.8_a0.1_083.gff
NA	Y	N	602.393	602.102	601.255	0.847	1.8	0.1	s15_t1.8_a0.1_084.gff
NA	Y	N	598.567	601.873	600.901	0.972	1.8	0.1	s15_t1.8_a0.1_085.gff
NA	Y	N	595.094	602.025	600.996	1.029	1.8	0.1	s15_t1.8_a0.1_086.gff
NA	Y	N	589.998	602.048	600.943	1.105	1.8	0.1	s15_t1.8_a0.1_087.gff
NA	Y	N	584.421	601.777	600.455	1.322	1.8	0.1	s15_t1.8_a0.1_088.gff
NA	Y	N	596.851	602.052	601.092	0.960	1.8	0.1	s15_t1.8_a0.1_089.gff
NA	Y	N	528.137	601.863	600.633	1.230	1.8	0.1	s15_t1.8_a0.1_090.gff
NA	Y	N	587.683	602.171	600.851	1.320	1.8	0.1	s15_t1.8_a0.1_091.gff
NA	Y	N	590.263	601.841	600.690	1.151	1.8	0.1	s15_t1.8_a0.1_092.gff
NA	Y	N	594.346	601.868	600.667	1.201	1.8	0.1	s15_t1.8_a0.1_093.gff
NA	Y	N	598.067	601.960	601.009	0.951	1.8	0.1	s15_t1.8_a0.1_094.gff
NA	Y	N	597.699	602.267	601.241	1.026	1.8	0.1	s15_t1.8_a0.1_095.gff
NA	Y	N	587.841	602.184	600.950	1.234	1.8	0.1	s15_t1.8_a0.1_096.gff
NA	Y	N	601.945	601.621	600.910	0.711	1.8	0.1	s15_t1.8_a0.1_097.gff
NA	Y	N	601.241	602.009	601.256	0.753	1.8	0.1	s15_t1.8_a0.1_098.gff
NA	Y	N	600.872	601.767	600.948	0.819	1.8	0.1	s15_t1.8_a0.1_099.gff
NA	Y	N	596.519	601.933	601.029	0.904	1.8	0.1	s15_t1.8_a0.1_100.gff
NA	Y	N	596.926	602.101	601.086	1.015	1.8	0.2	s15_t1.8_a0.2_001.gff
NA	Y	N	593.434	601.986	600.935	1.051	1.8	0.2	s15_t1.8_a0.2_002.gff
NA	Y	N	598.752	601.555	600.510	1.045	1.8	0.2	s15_t1.8_a0.2_003.gff
NA	Y	N	593.523	601.793	600.587	1.206	1.8	0.2	s15_t1.8_a0.2_004.gff
NA	Y	N	461.566	601.841	600.504	1.337	1.8	0.2	s15_t1.8_a0.2_005.gff
NA	Y	N	596.010	601.990	601.075	0.915	1.8	0.2	s15_t1.8_a0.2_006.gff
NA	Y	N	598.462	602.007	600.855	1.152	1.8	0.2	s15_t1.8_a0.2_007.gff
NA	Y	N	590.909	601.973	600.567	1.406	1.8	0.2	s15_t1.8_a0.2_008.gff
NA	Y	N	578.492	601.747	599.117	2.630	1.8	0.2	s15_t1.8_a0.2_009.gff
NA	Y	N	593.412	601.987	600.821	1.166	1.8	0.2	s15_t1.8_a0.2_010.gff
NA	Y	N	584.352	602.130	600.685	1.445	1.8	0.2	s15_t1.8_a0.2_011.gff
NA	Y	N	595.893	601.783	600.649	1.134	1.8	0.2	s15_t1.8_a0.2_012.gff
NA	Y	N	568.990	601.814	600.590	1.224	1.8	0.2	s15_t1.8_a0.2_013.gff
NA	Y	N	571.898	601.890	600.306	1.584	1.8	0.2	s15_t1.8_a0.2_014.gff
NA	Y	N	568.433	601.782	600.776	1.006	1.8	0.2	s15_t1.8_a0.2_015.gff
NA	Y	N	582.417	602.064	600.839	1.225	1.8	0.2	s15_t1.8_a0.2_016.gff
NA	Y	N	582.742	601.923	600.373	1.550	1.8	0.2	s15_t1.8_a0.2_017.gff
NA	Y	N	583.058	601.966	600.801	1.165	1.8	0.2	s15_t1.8_a0.2_018.gff
NA	Y	N	600.992	601.436	600.748	0.688	1.8	0.2	s15_t1.8_a0.2_019.gff
NA	Y	N	481.135	602.089	600.620	1.469	1.8	0.2	s15_t1.8_a0.2_020.gff
NA	Y	N	581.686	601.870	600.482	1.388	1.8	0.2	s15_t1.8_a0.2_021.gff
NA	Y	N	585.054	601.940	600.931	1.009	1.8	0.2	s15_t1.8_a0.2_022.gff
NA	Y	N	583.207	602.040	600.746	1.294	1.8	0.2	s15_t1.8_a0.2_023.gff
NA	Y	N	581.546	601.741	600.527	1.214	1.8	0.2	s15_t1.8_a0.2_024.gff
NA	Y	N	583.512	601.939	600.720	1.219	1.8	0.2	s15_t1.8_a0.2_025.gff
NA	Y	N	583.698	601.969	600.852	1.117	1.8	0.2	s15_t1.8_a0.2_026.gff
NA	Y	N	593.478	601.770	600.763	1.007	1.8	0.2	s15_t1.8_a0.2_027.gff
NA	Y	N	588.038	601.815	600.688	1.127	1.8	0.2	s15_t1.8_a0.2_028.gff
NA	Y	N	602.886	601.482	600.758	0.724	1.8	0.2	s15_t1.8_a0.2_029.gff
NA	Y	N	493.735	601.939	600.698	1.241	1.8	0.2	s15_t1.8_a0.2_030.gff
NA	Y	N	581.115	601.992	600.404	1.588	1.8	0.2	s15_t1.8_a0.2_031.gff
NA	Y	N	579.705	601.825	600.245	1.580	1.8	0.2	s15_t1.8_a0.2_032.gff
NA	Y	N	577.130	601.655	600.150	1.505	1.8	0.2	s15_t1.8_a0.2_033.gff
NA	Y	N	325.458	602.337	601.016	1.321	1.8	0.2	s15_t1.8_a0.2_034.gff
NA	Y	N	577.089	602.096	600.966	1.130	1.8	0.2	s15_t1.8_a0.2_035.gff
NA	Y	N	562.762	601.824	600.627	1.197	1.8	0.2	s15_t1.8_a0.2_036.gff
NA	Y	N	581.603	601.942	600.593	1.349	1.8	0.2	s15_t1.8_a0.2_037.gff
NA	Y	N	584.117	601.961	600.780	1.181	1.8	0.2	s15_t1.8_a0.2_038.gff
NA	Y	N	573.685	601.976	600.281	1.695	1.8	0.2	s15_t1.8_a0.2_039.gff
NA	Y	N	574.458	602.074	600.619	1.455	1.8	0.2	s15_t1.8_a0.2_040.gff
NA	Y	N	582.235	602.035	600.785	1.250	1.8	0.2	s15_t1.8_a0.2_041.gff
NA	Y	N	407.380	602.137	600.955	1.182	1.8	0.2	s15_t1.8_a0.2_042.gff
NA	Y	N	599.830	601.511	600.550	0.961	1.8	0.2	s15_t1.8_a0.2_043.gff
NA	Y	N	560.279	601.832	600.707	1.125	1.8	0.2	s15_t1.8_a0.2_044.gff
NA	Y	N	597.819	601.496	600.322	1.174	1.8	0.2	s15_t1.8_a0.2_045.gff
NA	Y	N	577.535	602.094	600.795	1.299	1.8	0.2	s15_t1.8_a0.2_046.gff
NA	Y	N	579.851	602.038	600.771	1.267	1.8	0.2	s15_t1.8_a0.2_047.gff
NA	Y	N	584.759	601.956	600.960	0.996	1.8	0.2	s15_t1.8_a0.2_048.gff
NA	Y	N	529.605	601.749	600.163	1.586	1.8	0.2	s15_t1.8_a0.2_049.gff
NA	Y	N	597.097	601.428	600.054	1.374	1.8	0.2	s15_t1.8_a0.2_050.gff
NA	Y	N	415.082	602.222	601.028	1.194	1.8	0.2	s15_t1.8_a0.2_051.gff
NA	Y	N	600.531	601.516	600.868	0.648	1.8	0.2	s15_t1.8_a0.2_052.gff
NA	Y	N	580.820	602.100	600.899	1.201	1.8	0.2	s15_t1.8_a0.2_053.gff
NA	Y	N	585.409	601.871	600.926	0.945	1.8	0.2	s15_t1.8_a0.2_054.gff
NA	Y	N	545.790	601.866	600.340	1.526	1.8	0.2	s15_t1.8_a0.2_055.gff
NA	Y	N	583.181	601.881	600.618	1.263	1.8	0.2	s15_t1.8_a0.2_056.gff
NA	Y	N	584.538	601.973	600.965	1.008	1.8	0.2	s15_t1.8_a0.2_057.gff
NA	Y	N	579.407	602.505	601.285	1.220	1.8	0.2	s15_t1.8_a0.2_058.gff
NA	Y	N	584.129	602.349	601.315	1.034	1.8	0.2	s15_t1.8_a0.2_059.gff
NA	Y	N	580.018	602.075	600.867	1.208	1.8	0.2	s15_t1.8_a0.2_060.gff
NA	Y	N	589.452	601.624	600.329	1.295	1.8	0.2	s15_t1.8_a0.2_061.gff
NA	Y	N	581.832	602.087	600.972	1.115	1.8	0.2	s15_t1.8_a0.2_062.gff
NA	Y	N	579.286	602.181	601.101	1.080	1.8	0.2	s15_t1.8_a0.2_063.gff
NA	Y	N	583.168	602.133	601.048	1.085	1.8	0.2	s15_t1.8_a0.2_064.gff
NA	Y	N	599.676	601.555	600.685	0.870	1.8	0.2	s15_t1.8_a0.2_065.gff
NA	Y	N	460.612	602.733	601.237	1.496	1.8	0.2	s15_t1.8_a0.2_066.gff
NA	Y	N	579.628	602.194	600.901	1.293	1.8	0.2	s15_t1.8_a0.2_067.gff
NA	Y	N	589.984	601.789	600.907	0.882	1.8	0.2	s15_t1.8_a0.2_068.gff
NA	Y	N	570.864	602.209	600.937	1.272	1.8	0.2	s15_t1.8_a0.2_069.gff
NA	Y	N	575.947	602.262	601.143	1.119	1.8	0.2	s15_t1.8_a0.2_070.gff
NA	Y	N	587.286	601.749	600.734	1.015	1.8	0.2	s15_t1.8_a0.2_071.gff
NA	Y	N	526.453	601.817	600.160	1.657	1.8	0.2	s15_t1.8_a0.2_072.gff
NA	Y	N	574.118	602.191	600.755	1.436	1.8	0.2	s15_t1.8_a0.2_073.gff
NA	Y	N	576.869	602.070	600.644	1.426	1.8	0.2	s15_t1.8_a0.2_074.gff
NA	Y	N	431.743	602.028	600.679	1.349	1.8	0.2	s15_t1.8_a0.2_075.gff
NA	Y	N	579.975	602.123	601.002	1.121	1.8	0.2	s15_t1.8_a0.2_076.gff
NA	Y	N	579.744	602.050	600.759	1.291	1.8	0.2	s15_t1.8_a0.2_077.gff
NA	Y	N	582.282	601.808	600.131	1.677	1.8	0.2	s15_t1.8_a0.2_078.gff
NA	Y	N	366.539	602.156	600.630	1.526	1.8	0.2	s15_t1.8_a0.2_079.gff
NA	Y	N	560.104	601.649	597.417	4.232	1.8	0.2	s15_t1.8_a0.2_080.gff
NA	Y	N	580.322	601.933	600.716	1.217	1.8	0.2	s15_t1.8_a0.2_081.gff
NA	Y	N	585.551	601.996	601.023	0.973	1.8	0.2	s15_t1.8_a0.2_082.gff
NA	Y	N	584.988	601.765	600.065	1.700	1.8	0.2	s15_t1.8_a0.2_083.gff
NA	Y	N	592.624	601.501	600.326	1.175	1.8	0.2	s15_t1.8_a0.2_084.gff
NA	Y	N	585.587	601.908	600.644	1.264	1.8	0.2	s15_t1.8_a0.2_085.gff
NA	Y	N	473.429	601.867	600.674	1.193	1.8	0.2	s15_t1.8_a0.2_086.gff
NA	Y	N	596.868	601.616	600.702	0.914	1.8	0.2	s15_t1.8_a0.2_087.gff
NA	Y	N	576.804	601.658	600.040	1.618	1.8	0.2	s15_t1.8_a0.2_088.gff
NA	Y	N	582.528	601.952	600.443	1.509	1.8	0.2	s15_t1.8_a0.2_089.gff
NA	Y	N	405.492	602.257	601.000	1.257	1.8	0.2	s15_t1.8_a0.2_090.gff
NA	Y	N	601.917	601.174	599.982	1.192	1.8	0.2	s15_t1.8_a0.2_091.gff
NA	Y	N	581.764	602.062	600.817	1.245	1.8	0.2	s15_t1.8_a0.2_092.gff
NA	Y	N	584.266	601.619	600.332	1.287	1.8	0.2	s15_t1.8_a0.2_093.gff
NA	Y	N	603.595	601.413	600.776	0.637	1.8	0.2	s15_t1.8_a0.2_094.gff
NA	Y	N	597.801	601.708	600.918	0.790	1.8	0.2	s15_t1.8_a0.2_095.gff
NA	Y	N	588.803	601.930	600.674	1.256	1.8	0.2	s15_t1.8_a0.2_096.gff
NA	Y	N	583.490	601.961	600.463	1.498	1.8	0.2	s15_t1.8_a0.2_097.gff
NA	Y	N	593.071	601.691	600.676	1.015	1.8	0.2	s15_t1.8_a0.2_098.gff
NA	Y	N	555.707	601.844	600.254	1.590	1.8	0.2	s15_t1.8_a0.2_099.gff
NA	Y	N	421.420	602.045	600.692	1.353	1.8	0.2	s15_t1.8_a0.2_100.gff
NA	Y	N	589.551	601.949	600.846	1.103	1.8	0.3	s15_t1.8_a0.3_001.gff
NA	Y	N	530.089	601.935	600.474	1.461	1.8	0.3	s15_t1.8_a0.3_002.gff
NA	Y	N	590.952	601.653	600.615	1.038	1.8	0.3	s15_t1.8_a0.3_003.gff
NA	Y	N	585.808	601.849	600.638	1.211	1.8	0.3	s15_t1.8_a0.3_004.gff
NA	Y	N	555.990	601.955	600.108	1.847	1.8	0.3	s15_t1.8_a0.3_005.gff
NA	Y	N	581.941	602.150	600.225	1.925	1.8	0.3	s15_t1.8_a0.3_006.gff
NA	Y	N	454.958	602.177	600.732	1.445	1.8	0.3	s15_t1.8_a0.3_007.gff
NA	Y	N	392.121	602.297	600.789	1.508	1.8	0.3	s15_t1.8_a0.3_008.gff
NA	Y	N	584.712	601.928	600.921	1.007	1.8	0.3	s15_t1.8_a0.3_009.gff
NA	Y	N	464.508	602.002	600.909	1.093	1.8	0.3	s15_t1.8_a0.3_010.gff
NA	Y	N	582.787	601.978	600.863	1.115	1.8	0.3	s15_t1.8_a0.3_011.gff
NA	Y	N	584.549	602.144	600.647	1.497	1.8	0.3	s15_t1.8_a0.3_012.gff
NA	Y	N	598.949	601.562	600.693	0.869	1.8	0.3	s15_t1.8_a0.3_013.gff
43775	N	N	105.231	133.560	132.427	1.133	1.8	0.3	s15_t1.8_a0.3_014.gff
NA	Y	N	582.895	602.016	600.931	1.085	1.8	0.3	s15_t1.8_a0.3_015.gff
NA	Y	N	486.214	602.076	600.688	1.388	1.8	0.3	s15_t1.8_a0.3_016.gff
NA	Y	N	433.724	601.881	600.319	1.562	1.8	0.3	s15_t1.8_a0.3_017.gff
NA	Y	N	558.032	601.623	599.283	2.340	1.8	0.3	s15_t1.8_a0.3_018.gff
NA	Y	N	585.764	601.991	600.897	1.094	1.8	0.3	s15_t1.8_a0.3_019.gff
NA	Y	N	301.245	603.237	601.756	1.481	1.8	0.3	s15_t1.8_a0.3_020.gff
NA	Y	N	577.984	602.139	600.940	1.199	1.8	0.3	s15_t1.8_a0.3_021.gff
NA	Y	N	499.410	602.066	600.809	1.257	1.8	0.3	s15_t1.8_a0.3_022.gff
NA	Y	N	289.270	602.328	600.975	1.353	1.8	0.3	s15_t1.8_a0.3_023.gff
NA	Y	N	438.827	602.000	600.261	1.739	1.8	0.3	s15_t1.8_a0.3_024.gff
NA	Y	N	579.538	602.021	600.767	1.254	1.8	0.3	s15_t1.8_a0.3_025.gff
NA	Y	N	547.333	602.157	600.972	1.185	1.8	0.3	s15_t1.8_a0.3_026.gff
NA	Y	N	536.940	601.963	600.738	1.225	1.8	0.3	s15_t1.8_a0.3_027.gff
30550	N	N	48.424	58.448	57.812	0.636	1.8	0.3	s15_t1.8_a0.3_028.gff
NA	Y	N	590.513	601.840	600.839	1.001	1.8	0.3	s15_t1.8_a0.3_029.gff
NA	Y	N	596.839	601.600	600.649	0.951	1.8	0.3	s15_t1.8_a0.3_030.gff
NA	Y	N	570.293	601.872	599.893	1.979	1.8	0.3	s15_t1.8_a0.3_031.gff
NA	Y	N	584.018	601.958	600.865	1.093	1.8	0.3	s15_t1.8_a0.3_032.gff
NA	Y	N	329.772	602.159	600.996	1.163	1.8	0.3	s15_t1.8_a0.3_033.gff
NA	Y	N	388.951	602.537	601.046	1.491	1.8	0.3	s15_t1.8_a0.3_034.gff
NA	Y	N	491.542	602.027	600.766	1.261	1.8	0.3	s15_t1.8_a0.3_035.gff
NA	Y	N	581.254	601.588	600.337	1.251	1.8	0.3	s15_t1.8_a0.3_036.gff
NA	Y	N	550.624	602.030	599.545	2.485	1.8	0.3	s15_t1.8_a0.3_037.gff
NA	N	Y	228.318	510.232	506.893	3.339	1.8	0.3	s15_t1.8_a0.3_038.gff
NA	Y	N	554.407	601.878	600.508	1.370	1.8	0.3	s15_t1.8_a0.3_039.gff
NA	Y	N	455.792	601.955	600.495	1.460	1.8	0.3	s15_t1.8_a0.3_040.gff
NA	Y	N	565.831	601.848	599.768	2.080	1.8	0.3	s15_t1.8_a0.3_041.gff
NA	Y	N	580.241	602.283	600.976	1.307	1.8	0.3	s15_t1.8_a0.3_042.gff
NA	Y	N	581.256	602.001	600.838	1.163	1.8	0.3	s15_t1.8_a0.3_043.gff
NA	Y	N	583.902	602.081	600.833	1.248	1.8	0.3	s15_t1.8_a0.3_044.gff
NA	Y	N	280.982	602.535	601.192	1.343	1.8	0.3	s15_t1.8_a0.3_045.gff
NA	Y	N	418.562	602.574	601.395	1.179	1.8	0.3	s15_t1.8_a0.3_046.gff
NA	Y	N	580.156	602.003	600.668	1.335	1.8	0.3	s15_t1.8_a0.3_047.gff
NA	Y	N	550.289	601.622	599.996	1.626	1.8	0.3	s15_t1.8_a0.3_048.gff
NA	Y	N	532.515	602.110	600.800	1.310	1.8	0.3	s15_t1.8_a0.3_049.gff
NA	Y	N	560.705	601.897	599.715	2.182	1.8	0.3	s15_t1.8_a0.3_050.gff
NA	Y	N	558.479	601.779	600.563	1.216	1.8	0.3	s15_t1.8_a0.3_051.gff
NA	Y	N	595.724	601.629	600.310	1.319	1.8	0.3	s15_t1.8_a0.3_052.gff
NA	Y	N	576.388	602.307	600.993	1.314	1.8	0.3	s15_t1.8_a0.3_053.gff
NA	Y	N	584.247	602.165	600.789	1.376	1.8	0.3	s15_t1.8_a0.3_054.gff
NA	Y	N	488.447	601.894	600.546	1.348	1.8	0.3	s15_t1.8_a0.3_055.gff
NA	Y	N	530.185	602.391	600.960	1.431	1.8	0.3	s15_t1.8_a0.3_056.gff
NA	Y	N	582.259	602.264	601.026	1.238	1.8	0.3	s15_t1.8_a0.3_057.gff
NA	Y	N	594.367	601.684	600.137	1.547	1.8	0.3	s15_t1.8_a0.3_058.gff
NA	Y	N	595.385	601.822	600.940	0.882	1.8	0.3	s15_t1.8_a0.3_059.gff
NA	Y	N	600.832	601.611	600.540	1.071	1.8	0.3	s15_t1.8_a0.3_060.gff
NA	Y	N	577.929	601.784	600.264	1.520	1.8	0.3	s15_t1.8_a0.3_061.gff
NA	Y	N	560.410	601.830	600.557	1.273	1.8	0.3	s15_t1.8_a0.3_062.gff
NA	Y	N	497.872	601.941	600.730	1.211	1.8	0.3	s15_t1.8_a0.3_063.gff
NA	Y	N	520.331	602.021	600.772	1.249	1.8	0.3	s15_t1.8_a0.3_064.gff
NA	Y	N	596.399	601.830	600.940	0.890	1.8	0.3	s15_t1.8_a0.3_065.gff
NA	Y	N	510.241	601.901	600.666	1.235	1.8	0.3	s15_t1.8_a0.3_066.gff
NA	Y	N	369.254	602.265	600.965	1.300	1.8	0.3	s15_t1.8_a0.3_067.gff
NA	Y	N	520.082	601.937	600.694	1.243	1.8	0.3	s15_t1.8_a0.3_068.gff
NA	Y	N	592.869	601.926	600.964	0.962	1.8	0.3	s15_t1.8_a0.3_069.gff
NA	Y	N	241.424	602.324	601.004	1.320	1.8	0.3	s15_t1.8_a0.3_070.gff
NA	Y	N	534.728	602.096	600.763	1.333	1.8	0.3	s15_t1.8_a0.3_071.gff
NA	Y	N	589.722	601.888	600.605	1.283	1.8	0.3	s15_t1.8_a0.3_072.gff
NA	Y	N	563.744	601.869	600.394	1.475	1.8	0.3	s15_t1.8_a0.3_073.gff
NA	Y	N	360.578	602.944	601.597	1.347	1.8	0.3	s15_t1.8_a0.3_074.gff
NA	Y	N	579.625	602.367	600.978	1.389	1.8	0.3	s15_t1.8_a0.3_075.gff
15884	N	N	21.264	30.462	29.895	0.567	1.8	0.3	s15_t1.8_a0.3_076.gff
NA	Y	N	549.090	601.916	600.591	1.325	1.8	0.3	s15_t1.8_a0.3_077.gff
NA	Y	N	503.942	602.079	599.598	2.481	1.8	0.3	s15_t1.8_a0.3_078.gff
NA	Y	N	591.243	602.072	601.111	0.961	1.8	0.3	s15_t1.8_a0.3_079.gff
NA	Y	N	585.450	602.201	601.136	1.065	1.8	0.3	s15_t1.8_a0.3_080.gff
NA	Y	N	408.546	602.336	599.428	2.908	1.8	0.3	s15_t1.8_a0.3_081.gff
NA	Y	N	576.233	602.415	601.021	1.394	1.8	0.3	s15_t1.8_a0.3_082.gff
NA	Y	N	434.553	602.147	600.787	1.360	1.8	0.3	s15_t1.8_a0.3_083.gff
NA	Y	N	584.058	602.174	600.792	1.382	1.8	0.3	s15_t1.8_a0.3_084.gff
NA	Y	N	573.761	602.070	600.722	1.348	1.8	0.3	s15_t1.8_a0.3_085.gff
NA	Y	N	581.241	602.281	600.966	1.315	1.8	0.3	s15_t1.8_a0.3_086.gff
NA	Y	N	584.390	602.268	601.221	1.047	1.8	0.3	s15_t1.8_a0.3_087.gff
NA	Y	N	583.410	602.164	601.064	1.100	1.8	0.3	s15_t1.8_a0.3_088.gff
NA	Y	N	324.255	602.138	600.828	1.310	1.8	0.3	s15_t1.8_a0.3_089.gff
NA	Y	N	424.031	602.337	600.908	1.429	1.8	0.3	s15_t1.8_a0.3_090.gff
NA	Y	N	342.818	602.384	600.801	1.583	1.8	0.3	s15_t1.8_a0.3_091.gff
NA	Y	N	358.862	602.181	600.897	1.284	1.8	0.3	s15_t1.8_a0.3_092.gff
NA	Y	N	416.209	602.061	600.691	1.370	1.8	0.3	s15_t1.8_a0.3_093.gff
NA	Y	N	591.812	602.001	600.977	1.024	1.8	0.3	s15_t1.8_a0.3_094.gff
NA	Y	N	597.647	601.682	600.648	1.034	1.8	0.3	s15_t1.8_a0.3_095.gff
NA	Y	N	445.534	601.840	600.641	1.199	1.8	0.3	s15_t1.8_a0.3_096.gff
NA	Y	N	194.814	603.144	601.591	1.553	1.8	0.3	s15_t1.8_a0.3_097.gff
NA	Y	N	578.136	602.532	601.067	1.465	1.8	0.3	s15_t1.8_a0.3_098.gff
NA	Y	N	556.115	601.802	600.453	1.349	1.8	0.3	s15_t1.8_a0.3_099.gff
NA	Y	N	445.722	602.202	600.845	1.357	1.8	0.3	s15_t1.8_a0.3_100.gff
NA	Y	N	574.549	602.412	600.863	1.549	1.8	0.4	s15_t1.8_a0.4_001.gff
NA	Y	N	540.643	602.147	600.875	1.272	1.8	0.4	s15_t1.8_a0.4_002.gff
26046	N	N	46.604	58.267	57.557	0.710	1.8	0.4	s15_t1.8_a0.4_003.gff
NA	Y	N	592.094	601.995	600.895	1.100	1.8	0.4	s15_t1.8_a0.4_004.gff
NA	Y	N	586.287	602.463	601.253	1.210	1.8	0.4	s15_t1.8_a0.4_005.gff
NA	Y	N	554.549	601.951	599.065	2.886	1.8	0.4	s15_t1.8_a0.4_006.gff
NA	Y	N	551.950	601.891	600.609	1.282	1.8	0.4	s15_t1.8_a0.4_007.gff
NA	Y	N	423.636	602.465	600.856	1.609	1.8	0.4	s15_t1.8_a0.4_008.gff
NA	Y	N	594.457	601.886	600.556	1.330	1.8	0.4	s15_t1.8_a0.4_009.gff
NA	Y	N	327.383	602.535	600.955	1.580	1.8	0.4	s15_t1.8_a0.4_010.gff
NA	Y	N	581.471	602.244	600.862	1.382	1.8	0.4	s15_t1.8_a0.4_011.gff
NA	Y	N	545.722	601.872	600.660	1.212	1.8	0.4	s15_t1.8_a0.4_012.gff
NA	Y	N	392.828	602.268	600.780	1.488	1.8	0.4	s15_t1.8_a0.4_013.gff
NA	Y	N	600.092	601.691	600.748	0.943	1.8	0.4	s15_t1.8_a0.4_014.gff
NA	Y	N	448.366	602.109	600.762	1.347	1.8	0.4	s15_t1.8_a0.4_015.gff
NA	Y	N	432.533	602.365	600.810	1.555	1.8	0.4	s15_t1.8_a0.4_016.gff
NA	Y	N	424.236	602.036	600.501	1.535	1.8	0.4	s15_t1.8_a0.4_017.gff
NA	Y	N	396.275	602.351	600.952	1.399	1.8	0.4	s15_t1.8_a0.4_018.gff
52321	N	N	82.657	101.320	100.461	0.859	1.8	0.4	s15_t1.8_a0.4_019.gff
NA	Y	N	443.563	601.881	600.601	1.280	1.8	0.4	s15_t1.8_a0.4_020.gff
NA	Y	N	326.848	602.255	600.677	1.578	1.8	0.4	s15_t1.8_a0.4_021.gff
31653	N	N	53.488	64.521	63.846	0.675	1.8	0.4	s15_t1.8_a0.4_022.gff
NA	Y	N	354.631	602.485	600.872	1.613	1.8	0.4	s15_t1.8_a0.4_023.gff
43024	N	N	71.723	90.114	89.177	0.937	1.8	0.4	s15_t1.8_a0.4_024.gff
NA	Y	N	398.045	602.118	600.875	1.243	1.8	0.4	s15_t1.8_a0.4_025.gff
NA	Y	N	551.030	601.955	598.491	3.464	1.8	0.4	s15_t1.8_a0.4_026.gff
NA	Y	N	567.639	601.919	600.610	1.309	1.8	0.4	s15_t1.8_a0.4_027.gff
NA	Y	N	465.509	602.232	600.780	1.452	1.8	0.4	s15_t1.8_a0.4_028.gff
32133	N	N	62.204	75.225	74.426	0.799	1.8	0.4	s15_t1.8_a0.4_029.gff
NA	Y	N	229.489	602.994	599.697	3.297	1.8	0.4	s15_t1.8_a0.4_030.gff
9792	N	N	14.956	23.319	22.934	0.385	1.8	0.4	s15_t1.8_a0.4_031.gff
NA	Y	N	176.408	602.618	601.220	1.398	1.8	0.4	s15_t1.8_a0.4_032.gff
NA	Y	N	599.356	601.696	600.741	0.955	1.8	0.4	s15_t1.8_a0.4_033.gff
NA	Y	N	452.357	602.339	601.123	1.216	1.8	0.4	s15_t1.8_a0.4_034.gff
NA	Y	N	539.506	601.919	600.673	1.246	1.8	0.4	s15_t1.8_a0.4_035.gff
NA	Y	N	200.204	602.589	601.311	1.278	1.8	0.4	s15_t1.8_a0.4_036.gff
NA	Y	N	581.498	602.375	601.060	1.315	1.8	0.4	s15_t1.8_a0.4_037.gff
48742	N	N	123.543	180.503	179.090	1.413	1.8	0.4	s15_t1.8_a0.4_038.gff
NA	Y	N	597.882	601.631	600.558	1.073	1.8	0.4	s15_t1.8_a0.4_039.gff
NA	Y	N	262.373	602.763	601.347	1.416	1.8	0.4	s15_t1.8_a0.4_040.gff
NA	Y	N	580.259	602.248	600.968	1.280	1.8	0.4	s15_t1.8_a0.4_041.gff
366	N	N	2.257	4.226	4.036	0.190	1.8	0.4	s15_t1.8_a0.4_042.gff
NA	Y	N	548.851	601.993	600.665	1.328	1.8	0.4	s15_t1.8_a0.4_043.gff
NA	Y	N	535.493	601.855	600.620	1.235	1.8	0.4	s15_t1.8_a0.4_044.gff
NA	Y	N	489.101	602.243	600.879	1.364	1.8	0.4	s15_t1.8_a0.4_045.gff
NA	Y	N	269.517	602.276	600.991	1.285	1.8	0.4	s15_t1.8_a0.4_046.gff
NA	Y	N	238.041	602.308	600.939	1.369	1.8	0.4	s15_t1.8_a0.4_047.gff
NA	Y	N	314.206	602.074	600.604	1.470	1.8	0.4	s15_t1.8_a0.4_048.gff
NA	Y	N	414.081	602.213	600.894	1.319	1.8	0.4	s15_t1.8_a0.4_049.gff
NA	Y	N	463.144	602.059	600.788	1.271	1.8	0.4	s15_t1.8_a0.4_050.gff
NA	Y	N	583.341	601.843	600.298	1.545	1.8	0.4	s15_t1.8_a0.4_051.gff
NA	Y	N	408.369	601.997	600.251	1.746	1.8	0.4	s15_t1.8_a0.4_052.gff
NA	Y	N	449.607	602.057	600.932	1.125	1.8	0.4	s15_t1.8_a0.4_053.gff
NA	Y	N	509.415	602.112	600.121	1.991	1.8	0.4	s15_t1.8_a0.4_054.gff
18005	N	N	74.892	88.230	87.469	0.761	1.8	0.4	s15_t1.8_a0.4_055.gff
NA	Y	N	416.907	602.013	600.269	1.744	1.8	0.4	s15_t1.8_a0.4_056.gff
NA	Y	N	495.615	601.929	600.292	1.637	1.8	0.4	s15_t1.8_a0.4_057.gff
NA	Y	N	560.700	601.955	600.430	1.525	1.8	0.4	s15_t1.8_a0.4_058.gff
9083	N	N	13.641	20.671	20.299	0.372	1.8	0.4	s15_t1.8_a0.4_059.gff
NA	Y	N	397.905	602.139	600.933	1.206	1.8	0.4	s15_t1.8_a0.4_060.gff
NA	Y	N	526.742	601.890	600.188	1.702	1.8	0.4	s15_t1.8_a0.4_061.gff
NA	Y	N	572.410	601.875	600.074	1.801	1.8	0.4	s15_t1.8_a0.4_062.gff
NA	Y	N	472.951	602.337	601.074	1.263	1.8	0.4	s15_t1.8_a0.4_063.gff
NA	Y	N	502.857	602.191	600.824	1.367	1.8	0.4	s15_t1.8_a0.4_064.gff
NA	Y	N	314.300	602.112	600.536	1.576	1.8	0.4	s15_t1.8_a0.4_065.gff
NA	Y	N	386.435	602.137	600.557	1.580	1.8	0.4	s15_t1.8_a0.4_066.gff
NA	Y	N	375.650	602.343	600.809	1.534	1.8	0.4	s15_t1.8_a0.4_067.gff
NA	Y	N	517.507	601.930	600.251	1.679	1.8	0.4	s15_t1.8_a0.4_068.gff
NA	Y	N	289.977	602.158	600.850	1.308	1.8	0.4	s15_t1.8_a0.4_069.gff
NA	Y	N	576.507	601.810	600.247	1.563	1.8	0.4	s15_t1.8_a0.4_070.gff
NA	Y	N	524.232	601.897	600.482	1.415	1.8	0.4	s15_t1.8_a0.4_071.gff
NA	Y	N	554.977	601.887	600.598	1.289	1.8	0.4	s15_t1.8_a0.4_072.gff
NA	Y	N	487.142	601.903	600.128	1.775	1.8	0.4	s15_t1.8_a0.4_073.gff
NA	Y	N	549.097	602.106	600.141	1.965	1.8	0.4	s15_t1.8_a0.4_074.gff
NA	Y	N	574.457	601.874	599.963	1.911	1.8	0.4	s15_t1.8_a0.4_075.gff
15146	N	N	24.058	32.394	31.881	0.513	1.8	0.4	s15_t1.8_a0.4_076.gff
NA	Y	N	464.794	602.024	600.723	1.301	1.8	0.4	s15_t1.8_a0.4_077.gff
NA	Y	N	213.941	602.514	600.701	1.813	1.8	0.4	s15_t1.8_a0.4_078.gff
2174	N	N	4.371	8.218	7.911	0.307	1.8	0.4	s15_t1.8_a0.4_079.gff
NA	Y	N	523.292	601.929	600.057	1.872	1.8	0.4	s15_t1.8_a0.4_080.gff
NA	Y	N	384.617	602.299	600.581	1.718	1.8	0.4	s15_t1.8_a0.4_081.gff
NA	Y	N	428.275	602.187	600.733	1.454	1.8	0.4	s15_t1.8_a0.4_082.gff
NA	Y	N	337.567	602.580	601.005	1.575	1.8	0.4	s15_t1.8_a0.4_083.gff
NA	Y	N	597.157	601.619	600.701	0.918	1.8	0.4	s15_t1.8_a0.4_084.gff
NA	Y	N	579.183	602.013	600.439	1.574	1.8	0.4	s15_t1.8_a0.4_085.gff
NA	Y	N	410.557	602.390	600.779	1.611	1.8	0.4	s15_t1.8_a0.4_086.gff
NA	Y	N	593.588	601.855	600.822	1.033	1.8	0.4	s15_t1.8_a0.4_087.gff
NA	Y	N	401.158	602.407	600.877	1.530	1.8	0.4	s15_t1.8_a0.4_088.gff
NA	Y	N	480.711	602.238	600.504	1.734	1.8	0.4	s15_t1.8_a0.4_089.gff
NA	Y	N	336.795	602.630	601.225	1.405	1.8	0.4	s15_t1.8_a0.4_090.gff
NA	Y	N	342.266	602.234	600.848	1.386	1.8	0.4	s15_t1.8_a0.4_091.gff
NA	Y	N	416.827	602.193	600.852	1.341	1.8	0.4	s15_t1.8_a0.4_092.gff
NA	Y	N	591.778	602.375	601.166	1.209	1.8	0.4	s15_t1.8_a0.4_093.gff
NA	Y	N	407.840	602.172	600.638	1.534	1.8	0.4	s15_t1.8_a0.4_094.gff
NA	Y	N	479.980	601.950	600.216	1.734	1.8	0.4	s15_t1.8_a0.4_095.gff
NA	Y	N	335.450	602.441	601.001	1.440	1.8	0.4	s15_t1.8_a0.4_096.gff
NA	Y	N	549.565	601.734	599.228	2.506	1.8	0.4	s15_t1.8_a0.4_097.gff
NA	Y	N	465.888	602.458	600.957	1.501	1.8	0.4	s15_t1.8_a0.4_098.gff
NA	Y	N	415.568	602.134	600.740	1.394	1.8	0.4	s15_t1.8_a0.4_099.gff
NA	Y	N	444.080	602.067	600.812	1.255	1.8	0.4	s15_t1.8_a0.4_100.gff
