# Starting date:             2014-12-15 13:50:49
# Cluster job name:          rank.tr.ro.15_05_of_10
# Cluster job ID:            181157
# Cluster node:              hnode22
# Cluster queue:             mpi.q
# Complementation algorithm: rank -tr -ro
# Data:                      15.05_of_10.tar.gz
# Memory limit (Java heap):  1G
# Timeout (CPU time):        600s
states	t_out	m_out	real_t	tcpu_t	ucpu_t	scpu_t	dt	da	file
NA	Y	N	293.432	602.903	601.438	1.465	1.8	0.5	s15_t1.8_a0.5_001.gff
3311	N	N	6.093	10.829	10.515	0.314	1.8	0.5	s15_t1.8_a0.5_002.gff
3885	N	N	6.571	10.543	10.230	0.313	1.8	0.5	s15_t1.8_a0.5_003.gff
NA	Y	N	232.661	603.402	602.034	1.368	1.8	0.5	s15_t1.8_a0.5_004.gff
NA	Y	N	285.071	602.540	601.246	1.294	1.8	0.5	s15_t1.8_a0.5_005.gff
51619	N	N	151.803	204.541	203.499	1.042	1.8	0.5	s15_t1.8_a0.5_006.gff
NA	Y	N	259.616	603.023	601.492	1.531	1.8	0.5	s15_t1.8_a0.5_007.gff
10743	N	N	20.867	28.574	28.156	0.418	1.8	0.5	s15_t1.8_a0.5_008.gff
20273	N	N	30.944	40.298	39.700	0.598	1.8	0.5	s15_t1.8_a0.5_009.gff
6986	N	N	12.102	19.818	19.437	0.381	1.8	0.5	s15_t1.8_a0.5_010.gff
9735	N	N	15.022	23.324	22.955	0.369	1.8	0.5	s15_t1.8_a0.5_011.gff
14191	N	N	28.884	38.332	37.782	0.550	1.8	0.5	s15_t1.8_a0.5_012.gff
24693	N	N	39.485	50.192	49.554	0.638	1.8	0.5	s15_t1.8_a0.5_013.gff
NA	Y	N	255.088	602.899	601.447	1.452	1.8	0.5	s15_t1.8_a0.5_014.gff
12706	N	N	18.683	25.876	25.471	0.405	1.8	0.5	s15_t1.8_a0.5_015.gff
5176	N	N	9.835	15.541	15.199	0.342	1.8	0.5	s15_t1.8_a0.5_016.gff
NA	Y	N	234.852	603.733	602.412	1.321	1.8	0.5	s15_t1.8_a0.5_017.gff
6856	N	N	17.595	25.125	24.739	0.386	1.8	0.5	s15_t1.8_a0.5_018.gff
23016	N	N	71.833	85.587	84.829	0.758	1.8	0.5	s15_t1.8_a0.5_019.gff
45415	N	N	136.633	168.678	167.642	1.036	1.8	0.5	s15_t1.8_a0.5_020.gff
NA	Y	N	289.155	602.416	601.147	1.269	1.8	0.5	s15_t1.8_a0.5_021.gff
19907	N	N	51.539	60.333	59.704	0.629	1.8	0.5	s15_t1.8_a0.5_022.gff
31246	N	N	103.872	121.491	120.636	0.855	1.8	0.5	s15_t1.8_a0.5_023.gff
28078	N	N	33.851	42.861	42.274	0.587	1.8	0.5	s15_t1.8_a0.5_024.gff
38648	N	N	52.296	63.951	63.230	0.721	1.8	0.5	s15_t1.8_a0.5_025.gff
4985	N	N	10.373	15.971	15.620	0.351	1.8	0.5	s15_t1.8_a0.5_026.gff
11859	N	N	23.266	31.412	30.967	0.445	1.8	0.5	s15_t1.8_a0.5_027.gff
7957	N	N	15.508	21.664	21.278	0.386	1.8	0.5	s15_t1.8_a0.5_028.gff
NA	Y	N	238.100	602.471	601.275	1.196	1.8	0.5	s15_t1.8_a0.5_029.gff
19783	N	N	22.914	30.937	30.475	0.462	1.8	0.5	s15_t1.8_a0.5_030.gff
NA	Y	N	232.186	602.887	601.453	1.434	1.8	0.5	s15_t1.8_a0.5_031.gff
13029	N	N	27.004	35.752	35.300	0.452	1.8	0.5	s15_t1.8_a0.5_032.gff
NA	N	Y	234.528	510.012	506.910	3.102	1.8	0.5	s15_t1.8_a0.5_033.gff
4095	N	N	7.408	11.961	11.653	0.308	1.8	0.5	s15_t1.8_a0.5_034.gff
NA	Y	N	270.139	602.541	601.305	1.236	1.8	0.5	s15_t1.8_a0.5_035.gff
50337	N	N	135.879	188.806	187.834	0.972	1.8	0.5	s15_t1.8_a0.5_036.gff
23584	N	N	48.532	59.737	59.093	0.644	1.8	0.5	s15_t1.8_a0.5_037.gff
14908	N	N	21.685	29.694	29.226	0.468	1.8	0.5	s15_t1.8_a0.5_038.gff
5524	N	N	8.119	13.952	13.631	0.321	1.8	0.5	s15_t1.8_a0.5_039.gff
34610	N	N	81.018	97.975	97.096	0.879	1.8	0.5	s15_t1.8_a0.5_040.gff
20196	N	N	58.701	70.476	69.801	0.675	1.8	0.5	s15_t1.8_a0.5_041.gff
31153	N	N	72.137	84.241	83.482	0.759	1.8	0.5	s15_t1.8_a0.5_042.gff
NA	Y	N	223.779	602.690	601.254	1.436	1.8	0.5	s15_t1.8_a0.5_043.gff
7808	N	N	13.673	20.354	19.990	0.364	1.8	0.5	s15_t1.8_a0.5_044.gff
NA	Y	N	296.867	602.815	601.425	1.390	1.8	0.5	s15_t1.8_a0.5_045.gff
14071	N	N	45.171	54.647	54.090	0.557	1.8	0.5	s15_t1.8_a0.5_046.gff
NA	Y	N	225.250	603.368	601.750	1.618	1.8	0.5	s15_t1.8_a0.5_047.gff
7022	N	N	13.897	21.836	21.481	0.355	1.8	0.5	s15_t1.8_a0.5_048.gff
25195	N	N	34.983	43.383	42.809	0.574	1.8	0.5	s15_t1.8_a0.5_049.gff
477	N	N	2.443	4.872	4.644	0.228	1.8	0.5	s15_t1.8_a0.5_050.gff
NA	Y	N	269.605	602.261	601.109	1.152	1.8	0.5	s15_t1.8_a0.5_051.gff
4958	N	N	8.886	14.708	14.381	0.327	1.8	0.5	s15_t1.8_a0.5_052.gff
NA	Y	N	221.163	602.661	601.210	1.451	1.8	0.5	s15_t1.8_a0.5_053.gff
6903	N	N	12.148	17.847	17.484	0.363	1.8	0.5	s15_t1.8_a0.5_054.gff
2944	N	N	5.463	9.706	9.414	0.292	1.8	0.5	s15_t1.8_a0.5_055.gff
66998	N	N	135.268	168.713	167.592	1.121	1.8	0.5	s15_t1.8_a0.5_056.gff
12764	N	N	20.729	29.740	29.297	0.443	1.8	0.5	s15_t1.8_a0.5_057.gff
30813	N	N	37.398	46.577	45.987	0.590	1.8	0.5	s15_t1.8_a0.5_058.gff
17745	N	N	54.625	65.931	65.298	0.633	1.8	0.5	s15_t1.8_a0.5_059.gff
22397	N	N	66.300	82.174	81.382	0.792	1.8	0.5	s15_t1.8_a0.5_060.gff
3769	N	N	7.149	11.327	11.051	0.276	1.8	0.5	s15_t1.8_a0.5_061.gff
2564	N	N	5.666	10.390	10.079	0.311	1.8	0.5	s15_t1.8_a0.5_062.gff
53539	N	N	143.987	171.924	171.002	0.922	1.8	0.5	s15_t1.8_a0.5_063.gff
52339	N	N	114.903	144.995	144.073	0.922	1.8	0.5	s15_t1.8_a0.5_064.gff
NA	Y	N	286.080	603.452	601.935	1.517	1.8	0.5	s15_t1.8_a0.5_065.gff
21102	N	N	73.266	88.481	87.752	0.729	1.8	0.5	s15_t1.8_a0.5_066.gff
16572	N	N	23.232	31.156	30.702	0.454	1.8	0.5	s15_t1.8_a0.5_067.gff
51689	N	N	92.568	118.063	117.232	0.831	1.8	0.5	s15_t1.8_a0.5_068.gff
21866	N	N	48.660	59.112	58.484	0.628	1.8	0.5	s15_t1.8_a0.5_069.gff
15422	N	N	26.070	36.137	35.578	0.559	1.8	0.5	s15_t1.8_a0.5_070.gff
9287	N	N	11.995	18.100	17.721	0.379	1.8	0.5	s15_t1.8_a0.5_071.gff
30444	N	N	84.339	100.399	99.575	0.824	1.8	0.5	s15_t1.8_a0.5_072.gff
10116	N	N	11.266	16.857	16.477	0.380	1.8	0.5	s15_t1.8_a0.5_073.gff
NA	Y	N	268.936	603.015	601.493	1.522	1.8	0.5	s15_t1.8_a0.5_074.gff
NA	Y	N	280.759	602.794	601.435	1.359	1.8	0.5	s15_t1.8_a0.5_075.gff
13411	N	N	17.326	24.255	23.843	0.412	1.8	0.5	s15_t1.8_a0.5_076.gff
25724	N	N	49.488	59.918	59.295	0.623	1.8	0.5	s15_t1.8_a0.5_077.gff
19955	N	N	26.540	34.939	34.393	0.546	1.8	0.5	s15_t1.8_a0.5_078.gff
24330	N	N	64.578	77.197	76.467	0.730	1.8	0.5	s15_t1.8_a0.5_079.gff
6199	N	N	14.213	21.439	21.058	0.381	1.8	0.5	s15_t1.8_a0.5_080.gff
6667	N	N	17.017	25.059	24.684	0.375	1.8	0.5	s15_t1.8_a0.5_081.gff
14968	N	N	25.772	34.872	34.376	0.496	1.8	0.5	s15_t1.8_a0.5_082.gff
NA	Y	N	229.639	602.622	600.832	1.790	1.8	0.5	s15_t1.8_a0.5_083.gff
17890	N	N	90.470	111.206	110.291	0.915	1.8	0.5	s15_t1.8_a0.5_084.gff
NA	Y	N	305.534	603.046	601.544	1.502	1.8	0.5	s15_t1.8_a0.5_085.gff
26131	N	N	67.783	82.022	81.231	0.791	1.8	0.5	s15_t1.8_a0.5_086.gff
2587	N	N	5.512	10.218	9.924	0.294	1.8	0.5	s15_t1.8_a0.5_087.gff
44217	N	N	134.265	177.709	176.751	0.958	1.8	0.5	s15_t1.8_a0.5_088.gff
16024	N	N	23.471	32.971	32.484	0.487	1.8	0.5	s15_t1.8_a0.5_089.gff
35114	N	N	69.055	83.723	82.871	0.852	1.8	0.5	s15_t1.8_a0.5_090.gff
26517	N	N	76.249	91.243	90.439	0.804	1.8	0.5	s15_t1.8_a0.5_091.gff
22140	N	N	48.406	60.430	59.739	0.691	1.8	0.5	s15_t1.8_a0.5_092.gff
7634	N	N	16.222	22.348	21.962	0.386	1.8	0.5	s15_t1.8_a0.5_093.gff
18792	N	N	31.498	40.748	40.197	0.551	1.8	0.5	s15_t1.8_a0.5_094.gff
15066	N	N	14.761	21.691	21.324	0.367	1.8	0.5	s15_t1.8_a0.5_095.gff
2	N	N	1.334	2.425	2.289	0.136	1.8	0.5	s15_t1.8_a0.5_096.gff
8448	N	N	14.743	23.073	22.684	0.389	1.8	0.5	s15_t1.8_a0.5_097.gff
66184	N	N	147.494	178.959	177.978	0.981	1.8	0.5	s15_t1.8_a0.5_098.gff
29386	N	N	65.859	80.785	79.937	0.848	1.8	0.5	s15_t1.8_a0.5_099.gff
NA	Y	N	231.463	602.669	601.299	1.370	1.8	0.5	s15_t1.8_a0.5_100.gff
5591	N	N	14.766	21.476	21.111	0.365	1.8	0.6	s15_t1.8_a0.6_001.gff
4477	N	N	7.002	11.518	11.190	0.328	1.8	0.6	s15_t1.8_a0.6_002.gff
3022	N	N	7.313	11.106	10.788	0.318	1.8	0.6	s15_t1.8_a0.6_003.gff
6827	N	N	10.882	16.989	16.599	0.390	1.8	0.6	s15_t1.8_a0.6_004.gff
2466	N	N	5.332	9.381	9.067	0.314	1.8	0.6	s15_t1.8_a0.6_005.gff
4023	N	N	6.704	10.629	10.311	0.318	1.8	0.6	s15_t1.8_a0.6_006.gff
2257	N	N	4.613	7.954	7.659	0.295	1.8	0.6	s15_t1.8_a0.6_007.gff
4676	N	N	6.737	11.137	10.809	0.328	1.8	0.6	s15_t1.8_a0.6_008.gff
18455	N	N	37.979	48.558	48.022	0.536	1.8	0.6	s15_t1.8_a0.6_009.gff
1456	N	N	3.543	6.213	5.953	0.260	1.8	0.6	s15_t1.8_a0.6_010.gff
3785	N	N	7.741	12.847	12.513	0.334	1.8	0.6	s15_t1.8_a0.6_011.gff
1898	N	N	4.662	7.800	7.539	0.261	1.8	0.6	s15_t1.8_a0.6_012.gff
2113	N	N	4.195	7.178	6.894	0.284	1.8	0.6	s15_t1.8_a0.6_013.gff
3313	N	N	5.324	9.716	9.426	0.290	1.8	0.6	s15_t1.8_a0.6_014.gff
5218	N	N	11.257	17.783	17.419	0.364	1.8	0.6	s15_t1.8_a0.6_015.gff
9930	N	N	18.462	26.152	25.744	0.408	1.8	0.6	s15_t1.8_a0.6_016.gff
5966	N	N	11.629	18.447	18.080	0.367	1.8	0.6	s15_t1.8_a0.6_017.gff
1191	N	N	4.810	7.942	7.658	0.284	1.8	0.6	s15_t1.8_a0.6_018.gff
36897	N	N	87.665	111.562	110.737	0.825	1.8	0.6	s15_t1.8_a0.6_019.gff
2962	N	N	5.987	10.478	10.166	0.312	1.8	0.6	s15_t1.8_a0.6_020.gff
1145	N	N	3.140	6.090	5.839	0.251	1.8	0.6	s15_t1.8_a0.6_021.gff
934	N	N	3.559	6.243	5.965	0.278	1.8	0.6	s15_t1.8_a0.6_022.gff
1582	N	N	3.628	6.454	6.204	0.250	1.8	0.6	s15_t1.8_a0.6_023.gff
3317	N	N	6.186	10.242	9.924	0.318	1.8	0.6	s15_t1.8_a0.6_024.gff
556	N	N	2.582	5.116	4.849	0.267	1.8	0.6	s15_t1.8_a0.6_025.gff
4580	N	N	6.471	10.386	10.094	0.292	1.8	0.6	s15_t1.8_a0.6_026.gff
22596	N	N	34.927	45.933	45.308	0.625	1.8	0.6	s15_t1.8_a0.6_027.gff
7815	N	N	8.925	14.614	14.294	0.320	1.8	0.6	s15_t1.8_a0.6_028.gff
1839	N	N	4.745	7.778	7.492	0.286	1.8	0.6	s15_t1.8_a0.6_029.gff
1313	N	N	3.564	6.231	5.972	0.259	1.8	0.6	s15_t1.8_a0.6_030.gff
912	N	N	2.595	5.204	4.976	0.228	1.8	0.6	s15_t1.8_a0.6_031.gff
10485	N	N	14.008	20.543	20.202	0.341	1.8	0.6	s15_t1.8_a0.6_032.gff
1239	N	N	3.903	7.513	7.247	0.266	1.8	0.6	s15_t1.8_a0.6_033.gff
2152	N	N	5.326	9.680	9.404	0.276	1.8	0.6	s15_t1.8_a0.6_034.gff
2490	N	N	4.424	7.543	7.247	0.296	1.8	0.6	s15_t1.8_a0.6_035.gff
19742	N	N	45.302	57.073	56.442	0.631	1.8	0.6	s15_t1.8_a0.6_036.gff
16789	N	N	31.506	40.871	40.354	0.517	1.8	0.6	s15_t1.8_a0.6_037.gff
3696	N	N	6.745	10.814	10.487	0.327	1.8	0.6	s15_t1.8_a0.6_038.gff
2884	N	N	5.662	9.992	9.690	0.302	1.8	0.6	s15_t1.8_a0.6_039.gff
2642	N	N	5.037	9.270	8.973	0.297	1.8	0.6	s15_t1.8_a0.6_040.gff
16493	N	N	25.284	34.031	33.550	0.481	1.8	0.6	s15_t1.8_a0.6_041.gff
6000	N	N	11.908	18.759	18.385	0.374	1.8	0.6	s15_t1.8_a0.6_042.gff
1157	N	N	4.711	7.865	7.597	0.268	1.8	0.6	s15_t1.8_a0.6_043.gff
11610	N	N	17.602	24.232	23.800	0.432	1.8	0.6	s15_t1.8_a0.6_044.gff
32589	N	N	57.808	72.024	71.293	0.731	1.8	0.6	s15_t1.8_a0.6_045.gff
8681	N	N	15.577	22.471	22.050	0.421	1.8	0.6	s15_t1.8_a0.6_046.gff
20796	N	N	38.451	48.204	47.576	0.628	1.8	0.6	s15_t1.8_a0.6_047.gff
25204	N	N	33.342	43.594	43.016	0.578	1.8	0.6	s15_t1.8_a0.6_048.gff
825	N	N	2.868	5.170	4.930	0.240	1.8	0.6	s15_t1.8_a0.6_049.gff
8258	N	N	12.143	18.167	17.785	0.382	1.8	0.6	s15_t1.8_a0.6_050.gff
1904	N	N	4.460	7.151	6.912	0.239	1.8	0.6	s15_t1.8_a0.6_051.gff
796	N	N	4.232	5.229	4.962	0.267	1.8	0.6	s15_t1.8_a0.6_052.gff
927	N	N	2.862	5.335	5.075	0.260	1.8	0.6	s15_t1.8_a0.6_053.gff
4546	N	N	7.303	11.660	11.370	0.290	1.8	0.6	s15_t1.8_a0.6_054.gff
3925	N	N	5.888	10.221	9.925	0.296	1.8	0.6	s15_t1.8_a0.6_055.gff
6692	N	N	11.943	19.665	19.324	0.341	1.8	0.6	s15_t1.8_a0.6_056.gff
16392	N	N	25.637	35.302	34.768	0.534	1.8	0.6	s15_t1.8_a0.6_057.gff
1981	N	N	4.417	7.409	7.141	0.268	1.8	0.6	s15_t1.8_a0.6_058.gff
15728	N	N	31.358	40.979	40.427	0.552	1.8	0.6	s15_t1.8_a0.6_059.gff
3904	N	N	7.577	13.180	12.861	0.319	1.8	0.6	s15_t1.8_a0.6_060.gff
13147	N	N	21.096	28.896	28.410	0.486	1.8	0.6	s15_t1.8_a0.6_061.gff
16566	N	N	28.978	37.635	37.169	0.466	1.8	0.6	s15_t1.8_a0.6_062.gff
1719	N	N	4.846	8.118	7.862	0.256	1.8	0.6	s15_t1.8_a0.6_063.gff
3108	N	N	5.329	10.154	9.860	0.294	1.8	0.6	s15_t1.8_a0.6_064.gff
4362	N	N	6.206	10.264	9.977	0.287	1.8	0.6	s15_t1.8_a0.6_065.gff
1381	N	N	3.451	6.199	5.942	0.257	1.8	0.6	s15_t1.8_a0.6_066.gff
11795	N	N	13.021	19.880	19.537	0.343	1.8	0.6	s15_t1.8_a0.6_067.gff
4716	N	N	6.488	10.504	10.213	0.291	1.8	0.6	s15_t1.8_a0.6_068.gff
11559	N	N	22.965	30.380	29.940	0.440	1.8	0.6	s15_t1.8_a0.6_069.gff
10195	N	N	13.322	20.899	20.557	0.342	1.8	0.6	s15_t1.8_a0.6_070.gff
8120	N	N	21.747	29.616	29.155	0.461	1.8	0.6	s15_t1.8_a0.6_071.gff
7110	N	N	15.402	22.001	21.618	0.383	1.8	0.6	s15_t1.8_a0.6_072.gff
5665	N	N	9.222	14.652	14.305	0.347	1.8	0.6	s15_t1.8_a0.6_073.gff
3170	N	N	6.262	10.740	10.459	0.281	1.8	0.6	s15_t1.8_a0.6_074.gff
9714	N	N	25.138	33.709	33.265	0.444	1.8	0.6	s15_t1.8_a0.6_075.gff
1458	N	N	3.545	6.409	6.184	0.225	1.8	0.6	s15_t1.8_a0.6_076.gff
18889	N	N	22.550	30.398	29.980	0.418	1.8	0.6	s15_t1.8_a0.6_077.gff
28646	N	N	31.253	40.471	39.973	0.498	1.8	0.6	s15_t1.8_a0.6_078.gff
3659	N	N	6.600	10.753	10.457	0.296	1.8	0.6	s15_t1.8_a0.6_079.gff
2514	N	N	5.595	9.747	9.426	0.321	1.8	0.6	s15_t1.8_a0.6_080.gff
3842	N	N	7.368	11.647	11.347	0.300	1.8	0.6	s15_t1.8_a0.6_081.gff
4233	N	N	6.781	10.898	10.585	0.313	1.8	0.6	s15_t1.8_a0.6_082.gff
10159	N	N	17.406	24.116	23.755	0.361	1.8	0.6	s15_t1.8_a0.6_083.gff
3054	N	N	6.566	10.492	10.179	0.313	1.8	0.6	s15_t1.8_a0.6_084.gff
7904	N	N	10.766	16.866	16.505	0.361	1.8	0.6	s15_t1.8_a0.6_085.gff
4678	N	N	7.673	11.867	11.527	0.340	1.8	0.6	s15_t1.8_a0.6_086.gff
7913	N	N	14.433	20.531	20.173	0.358	1.8	0.6	s15_t1.8_a0.6_087.gff
4087	N	N	6.060	10.141	9.826	0.315	1.8	0.6	s15_t1.8_a0.6_088.gff
10955	N	N	28.126	37.440	36.927	0.513	1.8	0.6	s15_t1.8_a0.6_089.gff
2055	N	N	5.505	7.932	7.652	0.280	1.8	0.6	s15_t1.8_a0.6_090.gff
11766	N	N	16.213	23.736	23.336	0.400	1.8	0.6	s15_t1.8_a0.6_091.gff
8241	N	N	16.030	22.352	22.008	0.344	1.8	0.6	s15_t1.8_a0.6_092.gff
5060	N	N	9.030	13.907	13.594	0.313	1.8	0.6	s15_t1.8_a0.6_093.gff
3152	N	N	6.020	9.836	9.574	0.262	1.8	0.6	s15_t1.8_a0.6_094.gff
3379	N	N	5.977	11.371	11.034	0.337	1.8	0.6	s15_t1.8_a0.6_095.gff
6860	N	N	16.758	24.584	24.226	0.358	1.8	0.6	s15_t1.8_a0.6_096.gff
1134	N	N	2.889	5.678	5.453	0.225	1.8	0.6	s15_t1.8_a0.6_097.gff
20826	N	N	24.692	32.808	32.349	0.459	1.8	0.6	s15_t1.8_a0.6_098.gff
17203	N	N	24.006	33.063	32.575	0.488	1.8	0.6	s15_t1.8_a0.6_099.gff
11746	N	N	19.145	27.428	26.990	0.438	1.8	0.6	s15_t1.8_a0.6_100.gff
253	N	N	1.893	3.702	3.509	0.193	1.8	0.7	s15_t1.8_a0.7_001.gff
590	N	N	2.531	4.853	4.622	0.231	1.8	0.7	s15_t1.8_a0.7_002.gff
134	N	N	1.560	3.029	2.879	0.150	1.8	0.7	s15_t1.8_a0.7_003.gff
255	N	N	1.867	3.706	3.524	0.182	1.8	0.7	s15_t1.8_a0.7_004.gff
811	N	N	2.653	4.885	4.651	0.234	1.8	0.7	s15_t1.8_a0.7_005.gff
1261	N	N	3.121	5.660	5.423	0.237	1.8	0.7	s15_t1.8_a0.7_006.gff
962	N	N	2.773	5.228	4.999	0.229	1.8	0.7	s15_t1.8_a0.7_007.gff
519	N	N	2.173	4.448	4.237	0.211	1.8	0.7	s15_t1.8_a0.7_008.gff
1244	N	N	3.042	5.636	5.418	0.218	1.8	0.7	s15_t1.8_a0.7_009.gff
613	N	N	2.335	4.766	4.523	0.243	1.8	0.7	s15_t1.8_a0.7_010.gff
408	N	N	2.181	4.329	4.108	0.221	1.8	0.7	s15_t1.8_a0.7_011.gff
841	N	N	2.801	5.062	4.868	0.194	1.8	0.7	s15_t1.8_a0.7_012.gff
432	N	N	2.020	4.098	3.947	0.151	1.8	0.7	s15_t1.8_a0.7_013.gff
948	N	N	3.919	5.499	5.263	0.236	1.8	0.7	s15_t1.8_a0.7_014.gff
778	N	N	2.872	5.396	5.170	0.226	1.8	0.7	s15_t1.8_a0.7_015.gff
355	N	N	2.384	4.745	4.506	0.239	1.8	0.7	s15_t1.8_a0.7_016.gff
792	N	N	2.857	5.365	5.119	0.246	1.8	0.7	s15_t1.8_a0.7_017.gff
420	N	N	2.229	4.406	4.198	0.208	1.8	0.7	s15_t1.8_a0.7_018.gff
446	N	N	2.296	4.731	4.473	0.258	1.8	0.7	s15_t1.8_a0.7_019.gff
667	N	N	2.838	4.953	4.710	0.243	1.8	0.7	s15_t1.8_a0.7_020.gff
72	N	N	1.572	2.956	2.813	0.143	1.8	0.7	s15_t1.8_a0.7_021.gff
121	N	N	1.609	3.049	2.902	0.147	1.8	0.7	s15_t1.8_a0.7_022.gff
575	N	N	2.484	4.819	4.563	0.256	1.8	0.7	s15_t1.8_a0.7_023.gff
576	N	N	2.691	4.678	4.460	0.218	1.8	0.7	s15_t1.8_a0.7_024.gff
1204	N	N	2.996	5.720	5.465	0.255	1.8	0.7	s15_t1.8_a0.7_025.gff
429	N	N	2.175	4.359	4.141	0.218	1.8	0.7	s15_t1.8_a0.7_026.gff
1101	N	N	2.843	5.439	5.200	0.239	1.8	0.7	s15_t1.8_a0.7_027.gff
751	N	N	2.487	4.841	4.597	0.244	1.8	0.7	s15_t1.8_a0.7_028.gff
191	N	N	1.775	3.521	3.347	0.174	1.8	0.7	s15_t1.8_a0.7_029.gff
83	N	N	1.533	2.820	2.683	0.137	1.8	0.7	s15_t1.8_a0.7_030.gff
243	N	N	1.977	3.898	3.711	0.187	1.8	0.7	s15_t1.8_a0.7_031.gff
3611	N	N	5.717	10.212	9.896	0.316	1.8	0.7	s15_t1.8_a0.7_032.gff
577	N	N	2.523	4.774	4.549	0.225	1.8	0.7	s15_t1.8_a0.7_033.gff
510	N	N	2.370	4.770	4.545	0.225	1.8	0.7	s15_t1.8_a0.7_034.gff
275	N	N	2.028	4.074	3.893	0.181	1.8	0.7	s15_t1.8_a0.7_035.gff
962	N	N	2.729	5.324	5.097	0.227	1.8	0.7	s15_t1.8_a0.7_036.gff
214	N	N	1.785	3.589	3.427	0.162	1.8	0.7	s15_t1.8_a0.7_037.gff
186	N	N	1.756	3.447	3.273	0.174	1.8	0.7	s15_t1.8_a0.7_038.gff
541	N	N	2.468	4.871	4.633	0.238	1.8	0.7	s15_t1.8_a0.7_039.gff
1179	N	N	3.531	6.409	6.184	0.225	1.8	0.7	s15_t1.8_a0.7_040.gff
1089	N	N	3.253	6.056	5.825	0.231	1.8	0.7	s15_t1.8_a0.7_041.gff
215	N	N	1.908	3.809	3.613	0.196	1.8	0.7	s15_t1.8_a0.7_042.gff
1090	N	N	3.095	5.843	5.610	0.233	1.8	0.7	s15_t1.8_a0.7_043.gff
533	N	N	2.266	4.477	4.259	0.218	1.8	0.7	s15_t1.8_a0.7_044.gff
100	N	N	1.546	2.839	2.686	0.153	1.8	0.7	s15_t1.8_a0.7_045.gff
340	N	N	1.922	3.886	3.700	0.186	1.8	0.7	s15_t1.8_a0.7_046.gff
337	N	N	2.084	4.223	4.019	0.204	1.8	0.7	s15_t1.8_a0.7_047.gff
385	N	N	2.212	4.326	4.102	0.224	1.8	0.7	s15_t1.8_a0.7_048.gff
743	N	N	2.813	5.338	5.113	0.225	1.8	0.7	s15_t1.8_a0.7_049.gff
665	N	N	3.014	5.388	5.153	0.235	1.8	0.7	s15_t1.8_a0.7_050.gff
113	N	N	1.575	3.008	2.884	0.124	1.8	0.7	s15_t1.8_a0.7_051.gff
225	N	N	1.857	3.693	3.524	0.169	1.8	0.7	s15_t1.8_a0.7_052.gff
123	N	N	1.648	3.166	3.018	0.148	1.8	0.7	s15_t1.8_a0.7_053.gff
649	N	N	2.655	5.097	4.874	0.223	1.8	0.7	s15_t1.8_a0.7_054.gff
585	N	N	2.672	5.230	4.991	0.239	1.8	0.7	s15_t1.8_a0.7_055.gff
2068	N	N	4.830	8.095	7.839	0.256	1.8	0.7	s15_t1.8_a0.7_056.gff
1088	N	N	3.304	6.053	5.788	0.265	1.8	0.7	s15_t1.8_a0.7_057.gff
1280	N	N	3.788	6.607	6.325	0.282	1.8	0.7	s15_t1.8_a0.7_058.gff
740	N	N	2.750	5.137	4.870	0.267	1.8	0.7	s15_t1.8_a0.7_059.gff
826	N	N	3.010	5.476	5.227	0.249	1.8	0.7	s15_t1.8_a0.7_060.gff
1432	N	N	3.691	6.628	6.365	0.263	1.8	0.7	s15_t1.8_a0.7_061.gff
215	N	N	1.853	3.720	3.541	0.179	1.8	0.7	s15_t1.8_a0.7_062.gff
568	N	N	2.274	4.595	4.372	0.223	1.8	0.7	s15_t1.8_a0.7_063.gff
1029	N	N	3.391	6.017	5.724	0.293	1.8	0.7	s15_t1.8_a0.7_064.gff
470	N	N	2.358	4.832	4.604	0.228	1.8	0.7	s15_t1.8_a0.7_065.gff
859	N	N	2.844	5.194	4.934	0.260	1.8	0.7	s15_t1.8_a0.7_066.gff
646	N	N	2.586	4.923	4.662	0.261	1.8	0.7	s15_t1.8_a0.7_067.gff
1233	N	N	3.399	6.178	5.930	0.248	1.8	0.7	s15_t1.8_a0.7_068.gff
1321	N	N	3.180	5.807	5.545	0.262	1.8	0.7	s15_t1.8_a0.7_069.gff
925	N	N	3.095	5.758	5.495	0.263	1.8	0.7	s15_t1.8_a0.7_070.gff
220	N	N	1.790	3.539	3.384	0.155	1.8	0.7	s15_t1.8_a0.7_071.gff
350	N	N	2.029	4.037	3.836	0.201	1.8	0.7	s15_t1.8_a0.7_072.gff
168	N	N	1.804	3.549	3.363	0.186	1.8	0.7	s15_t1.8_a0.7_073.gff
1120	N	N	2.989	5.491	5.246	0.245	1.8	0.7	s15_t1.8_a0.7_074.gff
131	N	N	1.586	2.972	2.843	0.129	1.8	0.7	s15_t1.8_a0.7_075.gff
202	N	N	1.674	3.194	3.043	0.151	1.8	0.7	s15_t1.8_a0.7_076.gff
575	N	N	2.569	4.825	4.591	0.234	1.8	0.7	s15_t1.8_a0.7_077.gff
1265	N	N	3.194	5.874	5.632	0.242	1.8	0.7	s15_t1.8_a0.7_078.gff
220	N	N	1.783	3.524	3.350	0.174	1.8	0.7	s15_t1.8_a0.7_079.gff
850	N	N	2.695	5.149	4.907	0.242	1.8	0.7	s15_t1.8_a0.7_080.gff
396	N	N	2.153	4.323	4.116	0.207	1.8	0.7	s15_t1.8_a0.7_081.gff
1719	N	N	4.023	7.108	6.862	0.246	1.8	0.7	s15_t1.8_a0.7_082.gff
613	N	N	2.437	4.831	4.602	0.229	1.8	0.7	s15_t1.8_a0.7_083.gff
495	N	N	2.236	4.450	4.224	0.226	1.8	0.7	s15_t1.8_a0.7_084.gff
1045	N	N	3.282	6.064	5.819	0.245	1.8	0.7	s15_t1.8_a0.7_085.gff
1905	N	N	4.278	7.480	7.224	0.256	1.8	0.7	s15_t1.8_a0.7_086.gff
204	N	N	1.792	3.615	3.448	0.167	1.8	0.7	s15_t1.8_a0.7_087.gff
891	N	N	2.938	5.397	5.130	0.267	1.8	0.7	s15_t1.8_a0.7_088.gff
410	N	N	2.165	4.437	4.213	0.224	1.8	0.7	s15_t1.8_a0.7_089.gff
458	N	N	2.484	4.723	4.465	0.258	1.8	0.7	s15_t1.8_a0.7_090.gff
197	N	N	1.797	3.531	3.361	0.170	1.8	0.7	s15_t1.8_a0.7_091.gff
1518	N	N	4.050	6.783	6.556	0.227	1.8	0.7	s15_t1.8_a0.7_092.gff
528	N	N	2.370	4.817	4.580	0.237	1.8	0.7	s15_t1.8_a0.7_093.gff
988	N	N	2.876	5.216	4.956	0.260	1.8	0.7	s15_t1.8_a0.7_094.gff
684	N	N	2.582	4.986	4.755	0.231	1.8	0.7	s15_t1.8_a0.7_095.gff
866	N	N	2.781	5.331	5.100	0.231	1.8	0.7	s15_t1.8_a0.7_096.gff
1434	N	N	3.372	6.114	5.860	0.254	1.8	0.7	s15_t1.8_a0.7_097.gff
714	N	N	2.667	5.191	4.946	0.245	1.8	0.7	s15_t1.8_a0.7_098.gff
811	N	N	2.836	5.047	4.831	0.216	1.8	0.7	s15_t1.8_a0.7_099.gff
387	N	N	2.131	4.317	4.109	0.208	1.8	0.7	s15_t1.8_a0.7_100.gff
292	N	N	1.864	3.724	3.564	0.160	1.8	0.8	s15_t1.8_a0.8_001.gff
269	N	N	1.951	3.903	3.717	0.186	1.8	0.8	s15_t1.8_a0.8_002.gff
240	N	N	1.888	3.767	3.575	0.192	1.8	0.8	s15_t1.8_a0.8_003.gff
310	N	N	2.109	4.124	3.904	0.220	1.8	0.8	s15_t1.8_a0.8_004.gff
58	N	N	1.465	2.650	2.516	0.134	1.8	0.8	s15_t1.8_a0.8_005.gff
113	N	N	1.659	3.265	3.097	0.168	1.8	0.8	s15_t1.8_a0.8_006.gff
171	N	N	1.811	3.586	3.397	0.189	1.8	0.8	s15_t1.8_a0.8_007.gff
217	N	N	1.846	3.746	3.567	0.179	1.8	0.8	s15_t1.8_a0.8_008.gff
272	N	N	1.942	3.921	3.733	0.188	1.8	0.8	s15_t1.8_a0.8_009.gff
423	N	N	2.042	4.154	3.957	0.197	1.8	0.8	s15_t1.8_a0.8_010.gff
167	N	N	1.801	3.579	3.387	0.192	1.8	0.8	s15_t1.8_a0.8_011.gff
269	N	N	1.949	3.900	3.709	0.191	1.8	0.8	s15_t1.8_a0.8_012.gff
512	N	N	2.396	4.871	4.615	0.256	1.8	0.8	s15_t1.8_a0.8_013.gff
270	N	N	1.958	3.960	3.765	0.195	1.8	0.8	s15_t1.8_a0.8_014.gff
515	N	N	2.350	4.515	4.277	0.238	1.8	0.8	s15_t1.8_a0.8_015.gff
90	N	N	1.550	2.951	2.827	0.124	1.8	0.8	s15_t1.8_a0.8_016.gff
322	N	N	1.997	3.985	3.817	0.168	1.8	0.8	s15_t1.8_a0.8_017.gff
401	N	N	2.253	4.456	4.215	0.241	1.8	0.8	s15_t1.8_a0.8_018.gff
268	N	N	1.880	3.795	3.615	0.180	1.8	0.8	s15_t1.8_a0.8_019.gff
183	N	N	1.698	3.241	3.088	0.153	1.8	0.8	s15_t1.8_a0.8_020.gff
121	N	N	1.698	3.279	3.109	0.170	1.8	0.8	s15_t1.8_a0.8_021.gff
287	N	N	2.011	4.058	3.867	0.191	1.8	0.8	s15_t1.8_a0.8_022.gff
297	N	N	2.074	4.131	3.924	0.207	1.8	0.8	s15_t1.8_a0.8_023.gff
74	N	N	1.518	2.787	2.654	0.133	1.8	0.8	s15_t1.8_a0.8_024.gff
104	N	N	1.669	3.176	3.016	0.160	1.8	0.8	s15_t1.8_a0.8_025.gff
272	N	N	1.966	3.936	3.742	0.194	1.8	0.8	s15_t1.8_a0.8_026.gff
290	N	N	1.982	3.876	3.674	0.202	1.8	0.8	s15_t1.8_a0.8_027.gff
152	N	N	1.637	3.146	2.988	0.158	1.8	0.8	s15_t1.8_a0.8_028.gff
231	N	N	1.906	3.815	3.619	0.196	1.8	0.8	s15_t1.8_a0.8_029.gff
215	N	N	1.848	3.504	3.337	0.167	1.8	0.8	s15_t1.8_a0.8_030.gff
291	N	N	1.875	3.782	3.612	0.170	1.8	0.8	s15_t1.8_a0.8_031.gff
188	N	N	1.740	3.380	3.201	0.179	1.8	0.8	s15_t1.8_a0.8_032.gff
72	N	N	1.523	2.788	2.655	0.133	1.8	0.8	s15_t1.8_a0.8_033.gff
388	N	N	2.108	4.272	4.073	0.199	1.8	0.8	s15_t1.8_a0.8_034.gff
496	N	N	2.357	4.550	4.325	0.225	1.8	0.8	s15_t1.8_a0.8_035.gff
361	N	N	2.057	4.005	3.805	0.200	1.8	0.8	s15_t1.8_a0.8_036.gff
341	N	N	1.987	4.016	3.832	0.184	1.8	0.8	s15_t1.8_a0.8_037.gff
614	N	N	2.380	4.821	4.588	0.233	1.8	0.8	s15_t1.8_a0.8_038.gff
685	N	N	2.536	4.735	4.493	0.242	1.8	0.8	s15_t1.8_a0.8_039.gff
233	N	N	1.858	3.734	3.572	0.162	1.8	0.8	s15_t1.8_a0.8_040.gff
103	N	N	1.620	3.053	2.898	0.155	1.8	0.8	s15_t1.8_a0.8_041.gff
81	N	N	1.788	2.947	2.773	0.174	1.8	0.8	s15_t1.8_a0.8_042.gff
164	N	N	1.644	3.129	2.966	0.163	1.8	0.8	s15_t1.8_a0.8_043.gff
124	N	N	1.607	3.058	2.932	0.126	1.8	0.8	s15_t1.8_a0.8_044.gff
437	N	N	2.099	4.157	3.926	0.231	1.8	0.8	s15_t1.8_a0.8_045.gff
367	N	N	1.996	3.946	3.740	0.206	1.8	0.8	s15_t1.8_a0.8_046.gff
247	N	N	1.850	3.682	3.501	0.181	1.8	0.8	s15_t1.8_a0.8_047.gff
317	N	N	2.005	3.996	3.790	0.206	1.8	0.8	s15_t1.8_a0.8_048.gff
384	N	N	2.336	4.434	4.242	0.192	1.8	0.8	s15_t1.8_a0.8_049.gff
431	N	N	2.211	4.478	4.259	0.219	1.8	0.8	s15_t1.8_a0.8_050.gff
453	N	N	2.098	4.158	3.968	0.190	1.8	0.8	s15_t1.8_a0.8_051.gff
156	N	N	1.678	3.241	3.086	0.155	1.8	0.8	s15_t1.8_a0.8_052.gff
62	N	N	1.478	2.632	2.479	0.153	1.8	0.8	s15_t1.8_a0.8_053.gff
161	N	N	1.675	3.212	3.063	0.149	1.8	0.8	s15_t1.8_a0.8_054.gff
425	N	N	2.503	4.626	4.398	0.228	1.8	0.8	s15_t1.8_a0.8_055.gff
163	N	N	1.692	3.241	3.094	0.147	1.8	0.8	s15_t1.8_a0.8_056.gff
107	N	N	1.615	3.054	2.911	0.143	1.8	0.8	s15_t1.8_a0.8_057.gff
329	N	N	3.269	3.870	3.683	0.187	1.8	0.8	s15_t1.8_a0.8_058.gff
663	N	N	2.554	5.120	4.840	0.280	1.8	0.8	s15_t1.8_a0.8_059.gff
453	N	N	2.225	4.444	4.213	0.231	1.8	0.8	s15_t1.8_a0.8_060.gff
393	N	N	2.063	4.239	4.021	0.218	1.8	0.8	s15_t1.8_a0.8_061.gff
292	N	N	1.933	3.897	3.734	0.163	1.8	0.8	s15_t1.8_a0.8_062.gff
272	N	N	1.968	3.854	3.652	0.202	1.8	0.8	s15_t1.8_a0.8_063.gff
287	N	N	2.024	4.111	3.929	0.182	1.8	0.8	s15_t1.8_a0.8_064.gff
99	N	N	1.568	2.975	2.825	0.150	1.8	0.8	s15_t1.8_a0.8_065.gff
124	N	N	1.645	3.143	2.975	0.168	1.8	0.8	s15_t1.8_a0.8_066.gff
152	N	N	1.660	3.127	2.961	0.166	1.8	0.8	s15_t1.8_a0.8_067.gff
460	N	N	2.197	4.415	4.194	0.221	1.8	0.8	s15_t1.8_a0.8_068.gff
381	N	N	2.271	4.489	4.271	0.218	1.8	0.8	s15_t1.8_a0.8_069.gff
242	N	N	1.869	3.700	3.541	0.159	1.8	0.8	s15_t1.8_a0.8_070.gff
522	N	N	2.350	4.566	4.347	0.219	1.8	0.8	s15_t1.8_a0.8_071.gff
139	N	N	1.950	3.175	3.018	0.157	1.8	0.8	s15_t1.8_a0.8_072.gff
509	N	N	2.267	4.558	4.312	0.246	1.8	0.8	s15_t1.8_a0.8_073.gff
118	N	N	1.598	3.030	2.902	0.128	1.8	0.8	s15_t1.8_a0.8_074.gff
513	N	N	2.348	4.787	4.536	0.251	1.8	0.8	s15_t1.8_a0.8_075.gff
198	N	N	1.804	3.579	3.414	0.165	1.8	0.8	s15_t1.8_a0.8_076.gff
304	N	N	2.280	3.997	3.805	0.192	1.8	0.8	s15_t1.8_a0.8_077.gff
36	N	N	1.447	2.563	2.446	0.117	1.8	0.8	s15_t1.8_a0.8_078.gff
360	N	N	2.126	4.296	4.080	0.216	1.8	0.8	s15_t1.8_a0.8_079.gff
82	N	N	1.616	3.110	2.968	0.142	1.8	0.8	s15_t1.8_a0.8_080.gff
102	N	N	1.653	3.161	2.988	0.173	1.8	0.8	s15_t1.8_a0.8_081.gff
138	N	N	1.648	3.137	2.975	0.162	1.8	0.8	s15_t1.8_a0.8_082.gff
329	N	N	2.019	4.015	3.820	0.195	1.8	0.8	s15_t1.8_a0.8_083.gff
246	N	N	1.978	3.967	3.778	0.189	1.8	0.8	s15_t1.8_a0.8_084.gff
350	N	N	2.070	4.110	3.895	0.215	1.8	0.8	s15_t1.8_a0.8_085.gff
79	N	N	1.516	2.772	2.614	0.158	1.8	0.8	s15_t1.8_a0.8_086.gff
326	N	N	1.957	3.915	3.740	0.175	1.8	0.8	s15_t1.8_a0.8_087.gff
297	N	N	1.895	3.715	3.524	0.191	1.8	0.8	s15_t1.8_a0.8_088.gff
153	N	N	1.690	3.208	3.025	0.183	1.8	0.8	s15_t1.8_a0.8_089.gff
284	N	N	1.973	4.020	3.827	0.193	1.8	0.8	s15_t1.8_a0.8_090.gff
274	N	N	2.138	3.917	3.727	0.190	1.8	0.8	s15_t1.8_a0.8_091.gff
87	N	N	1.626	2.961	2.793	0.168	1.8	0.8	s15_t1.8_a0.8_092.gff
185	N	N	1.693	3.277	3.135	0.142	1.8	0.8	s15_t1.8_a0.8_093.gff
191	N	N	1.752	3.395	3.232	0.163	1.8	0.8	s15_t1.8_a0.8_094.gff
106	N	N	1.610	3.040	2.872	0.168	1.8	0.8	s15_t1.8_a0.8_095.gff
347	N	N	2.013	4.092	3.882	0.210	1.8	0.8	s15_t1.8_a0.8_096.gff
249	N	N	1.905	3.869	3.661	0.208	1.8	0.8	s15_t1.8_a0.8_097.gff
456	N	N	2.421	4.535	4.311	0.224	1.8	0.8	s15_t1.8_a0.8_098.gff
144	N	N	1.770	3.508	3.336	0.172	1.8	0.8	s15_t1.8_a0.8_099.gff
306	N	N	2.043	3.957	3.737	0.220	1.8	0.8	s15_t1.8_a0.8_100.gff
111	N	N	1.562	2.934	2.785	0.149	1.8	0.9	s15_t1.8_a0.9_001.gff
76	N	N	1.516	2.828	2.694	0.134	1.8	0.9	s15_t1.8_a0.9_002.gff
212	N	N	1.762	3.401	3.226	0.175	1.8	0.9	s15_t1.8_a0.9_003.gff
105	N	N	1.633	3.083	2.937	0.146	1.8	0.9	s15_t1.8_a0.9_004.gff
235	N	N	1.777	3.459	3.287	0.172	1.8	0.9	s15_t1.8_a0.9_005.gff
207	N	N	1.777	3.476	3.298	0.178	1.8	0.9	s15_t1.8_a0.9_006.gff
103	N	N	1.551	2.863	2.718	0.145	1.8	0.9	s15_t1.8_a0.9_007.gff
143	N	N	1.674	3.153	3.021	0.132	1.8	0.9	s15_t1.8_a0.9_008.gff
170	N	N	1.704	3.221	3.064	0.157	1.8	0.9	s15_t1.8_a0.9_009.gff
504	N	N	2.266	4.632	4.409	0.223	1.8	0.9	s15_t1.8_a0.9_010.gff
173	N	N	1.751	3.340	3.197	0.143	1.8	0.9	s15_t1.8_a0.9_011.gff
108	N	N	1.573	2.858	2.723	0.135	1.8	0.9	s15_t1.8_a0.9_012.gff
44	N	N	1.419	2.564	2.415	0.149	1.8	0.9	s15_t1.8_a0.9_013.gff
125	N	N	1.605	2.999	2.848	0.151	1.8	0.9	s15_t1.8_a0.9_014.gff
235	N	N	1.945	3.878	3.661	0.217	1.8	0.9	s15_t1.8_a0.9_015.gff
177	N	N	1.706	3.293	3.125	0.168	1.8	0.9	s15_t1.8_a0.9_016.gff
358	N	N	1.983	3.934	3.738	0.196	1.8	0.9	s15_t1.8_a0.9_017.gff
118	N	N	1.568	2.898	2.750	0.148	1.8	0.9	s15_t1.8_a0.9_018.gff
88	N	N	1.563	2.887	2.730	0.157	1.8	0.9	s15_t1.8_a0.9_019.gff
146	N	N	1.718	3.302	3.114	0.188	1.8	0.9	s15_t1.8_a0.9_020.gff
132	N	N	1.576	2.969	2.821	0.148	1.8	0.9	s15_t1.8_a0.9_021.gff
259	N	N	1.837	3.687	3.510	0.177	1.8	0.9	s15_t1.8_a0.9_022.gff
131	N	N	1.630	3.093	2.951	0.142	1.8	0.9	s15_t1.8_a0.9_023.gff
128	N	N	1.590	2.998	2.855	0.143	1.8	0.9	s15_t1.8_a0.9_024.gff
181	N	N	1.676	3.185	3.019	0.166	1.8	0.9	s15_t1.8_a0.9_025.gff
350	N	N	1.922	3.758	3.557	0.201	1.8	0.9	s15_t1.8_a0.9_026.gff
109	N	N	1.600	3.032	2.881	0.151	1.8	0.9	s15_t1.8_a0.9_027.gff
384	N	N	2.015	4.049	3.850	0.199	1.8	0.9	s15_t1.8_a0.9_028.gff
82	N	N	1.470	2.696	2.559	0.137	1.8	0.9	s15_t1.8_a0.9_029.gff
114	N	N	1.592	3.038	2.883	0.155	1.8	0.9	s15_t1.8_a0.9_030.gff
264	N	N	1.880	3.690	3.502	0.188	1.8	0.9	s15_t1.8_a0.9_031.gff
312	N	N	1.914	3.751	3.564	0.187	1.8	0.9	s15_t1.8_a0.9_032.gff
116	N	N	1.531	2.880	2.737	0.143	1.8	0.9	s15_t1.8_a0.9_033.gff
133	N	N	1.604	3.026	2.877	0.149	1.8	0.9	s15_t1.8_a0.9_034.gff
90	N	N	1.549	2.888	2.729	0.159	1.8	0.9	s15_t1.8_a0.9_035.gff
133	N	N	1.599	3.035	2.880	0.155	1.8	0.9	s15_t1.8_a0.9_036.gff
264	N	N	1.854	3.641	3.486	0.155	1.8	0.9	s15_t1.8_a0.9_037.gff
101	N	N	1.550	2.945	2.787	0.158	1.8	0.9	s15_t1.8_a0.9_038.gff
157	N	N	1.616	3.057	2.929	0.128	1.8	0.9	s15_t1.8_a0.9_039.gff
71	N	N	1.519	2.853	2.724	0.129	1.8	0.9	s15_t1.8_a0.9_040.gff
136	N	N	1.578	2.893	2.741	0.152	1.8	0.9	s15_t1.8_a0.9_041.gff
107	N	N	1.593	2.996	2.853	0.143	1.8	0.9	s15_t1.8_a0.9_042.gff
73	N	N	1.454	2.617	2.505	0.112	1.8	0.9	s15_t1.8_a0.9_043.gff
109	N	N	1.539	2.821	2.679	0.142	1.8	0.9	s15_t1.8_a0.9_044.gff
179	N	N	1.723	3.284	3.152	0.132	1.8	0.9	s15_t1.8_a0.9_045.gff
69	N	N	1.501	2.747	2.601	0.146	1.8	0.9	s15_t1.8_a0.9_046.gff
235	N	N	1.791	3.503	3.354	0.149	1.8	0.9	s15_t1.8_a0.9_047.gff
207	N	N	1.743	3.404	3.227	0.177	1.8	0.9	s15_t1.8_a0.9_048.gff
51	N	N	1.427	2.580	2.432	0.148	1.8	0.9	s15_t1.8_a0.9_049.gff
126	N	N	1.665	3.154	3.015	0.139	1.8	0.9	s15_t1.8_a0.9_050.gff
189	N	N	2.057	3.510	3.339	0.171	1.8	0.9	s15_t1.8_a0.9_051.gff
190	N	N	1.784	3.451	3.296	0.155	1.8	0.9	s15_t1.8_a0.9_052.gff
280	N	N	1.847	3.665	3.489	0.176	1.8	0.9	s15_t1.8_a0.9_053.gff
211	N	N	1.757	3.402	3.235	0.167	1.8	0.9	s15_t1.8_a0.9_054.gff
275	N	N	1.929	3.796	3.619	0.177	1.8	0.9	s15_t1.8_a0.9_055.gff
99	N	N	1.576	2.972	2.834	0.138	1.8	0.9	s15_t1.8_a0.9_056.gff
75	N	N	1.460	2.623	2.484	0.139	1.8	0.9	s15_t1.8_a0.9_057.gff
474	N	N	2.389	4.856	4.615	0.241	1.8	0.9	s15_t1.8_a0.9_058.gff
153	N	N	3.827	3.214	3.050	0.164	1.8	0.9	s15_t1.8_a0.9_059.gff
262	N	N	1.860	3.714	3.528	0.186	1.8	0.9	s15_t1.8_a0.9_060.gff
218	N	N	1.732	3.298	3.131	0.167	1.8	0.9	s15_t1.8_a0.9_061.gff
149	N	N	1.738	3.062	2.904	0.158	1.8	0.9	s15_t1.8_a0.9_062.gff
142	N	N	1.656	3.116	2.950	0.166	1.8	0.9	s15_t1.8_a0.9_063.gff
118	N	N	1.624	3.040	2.887	0.153	1.8	0.9	s15_t1.8_a0.9_064.gff
198	N	N	1.653	3.137	2.993	0.144	1.8	0.9	s15_t1.8_a0.9_065.gff
96	N	N	1.540	2.845	2.703	0.142	1.8	0.9	s15_t1.8_a0.9_066.gff
221	N	N	1.773	3.418	3.228	0.190	1.8	0.9	s15_t1.8_a0.9_067.gff
324	N	N	1.980	3.870	3.671	0.199	1.8	0.9	s15_t1.8_a0.9_068.gff
159	N	N	1.675	3.156	3.001	0.155	1.8	0.9	s15_t1.8_a0.9_069.gff
239	N	N	1.825	3.485	3.294	0.191	1.8	0.9	s15_t1.8_a0.9_070.gff
168	N	N	1.656	3.142	2.988	0.154	1.8	0.9	s15_t1.8_a0.9_071.gff
51	N	N	1.413	2.527	2.381	0.146	1.8	0.9	s15_t1.8_a0.9_072.gff
169	N	N	1.721	3.237	3.091	0.146	1.8	0.9	s15_t1.8_a0.9_073.gff
200	N	N	1.800	3.464	3.298	0.166	1.8	0.9	s15_t1.8_a0.9_074.gff
98	N	N	1.530	2.763	2.623	0.140	1.8	0.9	s15_t1.8_a0.9_075.gff
172	N	N	1.695	3.187	3.019	0.168	1.8	0.9	s15_t1.8_a0.9_076.gff
165	N	N	1.694	3.215	3.050	0.165	1.8	0.9	s15_t1.8_a0.9_077.gff
103	N	N	1.529	2.733	2.602	0.131	1.8	0.9	s15_t1.8_a0.9_078.gff
123	N	N	1.684	3.152	2.971	0.181	1.8	0.9	s15_t1.8_a0.9_079.gff
235	N	N	1.837	3.578	3.404	0.174	1.8	0.9	s15_t1.8_a0.9_080.gff
320	N	N	3.272	3.716	3.552	0.164	1.8	0.9	s15_t1.8_a0.9_081.gff
197	N	N	1.772	3.444	3.265	0.179	1.8	0.9	s15_t1.8_a0.9_082.gff
91	N	N	1.581	2.969	2.807	0.162	1.8	0.9	s15_t1.8_a0.9_083.gff
236	N	N	1.832	3.595	3.420	0.175	1.8	0.9	s15_t1.8_a0.9_084.gff
62	N	N	1.612	2.757	2.587	0.170	1.8	0.9	s15_t1.8_a0.9_085.gff
125	N	N	1.558	2.921	2.762	0.159	1.8	0.9	s15_t1.8_a0.9_086.gff
135	N	N	1.636	3.108	2.968	0.140	1.8	0.9	s15_t1.8_a0.9_087.gff
137	N	N	1.633	3.123	2.977	0.146	1.8	0.9	s15_t1.8_a0.9_088.gff
175	N	N	1.871	3.321	3.148	0.173	1.8	0.9	s15_t1.8_a0.9_089.gff
270	N	N	1.838	3.589	3.397	0.192	1.8	0.9	s15_t1.8_a0.9_090.gff
201	N	N	1.862	3.594	3.425	0.169	1.8	0.9	s15_t1.8_a0.9_091.gff
114	N	N	1.573	2.844	2.711	0.133	1.8	0.9	s15_t1.8_a0.9_092.gff
148	N	N	1.644	3.086	2.943	0.143	1.8	0.9	s15_t1.8_a0.9_093.gff
407	N	N	2.065	4.121	3.921	0.200	1.8	0.9	s15_t1.8_a0.9_094.gff
101	N	N	1.507	2.761	2.622	0.139	1.8	0.9	s15_t1.8_a0.9_095.gff
156	N	N	1.644	3.097	2.933	0.164	1.8	0.9	s15_t1.8_a0.9_096.gff
42	N	N	1.412	2.584	2.450	0.134	1.8	0.9	s15_t1.8_a0.9_097.gff
100	N	N	1.569	2.953	2.818	0.135	1.8	0.9	s15_t1.8_a0.9_098.gff
177	N	N	1.718	3.266	3.092	0.174	1.8	0.9	s15_t1.8_a0.9_099.gff
178	N	N	1.682	3.163	3.022	0.141	1.8	0.9	s15_t1.8_a0.9_100.gff
77	N	N	1.435	2.563	2.432	0.131	1.8	1.0	s15_t1.8_a1.0_001.gff
49	N	N	1.402	2.501	2.373	0.128	1.8	1.0	s15_t1.8_a1.0_002.gff
54	N	N	1.397	2.493	2.359	0.134	1.8	1.0	s15_t1.8_a1.0_003.gff
56	N	N	1.502	2.475	2.331	0.144	1.8	1.0	s15_t1.8_a1.0_004.gff
38	N	N	1.373	2.459	2.342	0.117	1.8	1.0	s15_t1.8_a1.0_005.gff
23	N	N	1.560	2.437	2.308	0.129	1.8	1.0	s15_t1.8_a1.0_006.gff
161	N	N	1.531	2.774	2.631	0.143	1.8	1.0	s15_t1.8_a1.0_007.gff
61	N	N	1.398	2.505	2.367	0.138	1.8	1.0	s15_t1.8_a1.0_008.gff
35	N	N	1.383	2.476	2.334	0.142	1.8	1.0	s15_t1.8_a1.0_009.gff
47	N	N	1.387	2.493	2.370	0.123	1.8	1.0	s15_t1.8_a1.0_010.gff
37	N	N	1.366	2.432	2.306	0.126	1.8	1.0	s15_t1.8_a1.0_011.gff
109	N	N	2.025	2.654	2.513	0.141	1.8	1.0	s15_t1.8_a1.0_012.gff
30	N	N	1.369	2.408	2.272	0.136	1.8	1.0	s15_t1.8_a1.0_013.gff
39	N	N	1.381	2.448	2.299	0.149	1.8	1.0	s15_t1.8_a1.0_014.gff
119	N	N	1.470	2.681	2.545	0.136	1.8	1.0	s15_t1.8_a1.0_015.gff
124	N	N	1.477	2.699	2.579	0.120	1.8	1.0	s15_t1.8_a1.0_016.gff
37	N	N	1.356	2.403	2.268	0.135	1.8	1.0	s15_t1.8_a1.0_017.gff
78	N	N	1.417	2.561	2.414	0.147	1.8	1.0	s15_t1.8_a1.0_018.gff
42	N	N	1.381	2.465	2.327	0.138	1.8	1.0	s15_t1.8_a1.0_019.gff
42	N	N	1.379	2.483	2.338	0.145	1.8	1.0	s15_t1.8_a1.0_020.gff
99	N	N	1.461	2.627	2.491	0.136	1.8	1.0	s15_t1.8_a1.0_021.gff
69	N	N	1.509	2.626	2.487	0.139	1.8	1.0	s15_t1.8_a1.0_022.gff
61	N	N	1.408	2.508	2.382	0.126	1.8	1.0	s15_t1.8_a1.0_023.gff
109	N	N	1.460	2.638	2.503	0.135	1.8	1.0	s15_t1.8_a1.0_024.gff
146	N	N	1.517	2.732	2.603	0.129	1.8	1.0	s15_t1.8_a1.0_025.gff
29	N	N	1.351	2.444	2.308	0.136	1.8	1.0	s15_t1.8_a1.0_026.gff
96	N	N	1.455	2.615	2.473	0.142	1.8	1.0	s15_t1.8_a1.0_027.gff
88	N	N	1.447	2.606	2.457	0.149	1.8	1.0	s15_t1.8_a1.0_028.gff
55	N	N	1.389	2.529	2.404	0.125	1.8	1.0	s15_t1.8_a1.0_029.gff
52	N	N	1.378	2.477	2.349	0.128	1.8	1.0	s15_t1.8_a1.0_030.gff
17	N	N	1.321	2.402	2.269	0.133	1.8	1.0	s15_t1.8_a1.0_031.gff
48	N	N	1.372	2.473	2.336	0.137	1.8	1.0	s15_t1.8_a1.0_032.gff
123	N	N	1.486	2.703	2.568	0.135	1.8	1.0	s15_t1.8_a1.0_033.gff
135	N	N	1.494	2.695	2.560	0.135	1.8	1.0	s15_t1.8_a1.0_034.gff
37	N	N	1.366	2.444	2.298	0.146	1.8	1.0	s15_t1.8_a1.0_035.gff
42	N	N	1.467	2.424	2.301	0.123	1.8	1.0	s15_t1.8_a1.0_036.gff
65	N	N	1.396	2.505	2.368	0.137	1.8	1.0	s15_t1.8_a1.0_037.gff
44	N	N	1.368	2.514	2.398	0.116	1.8	1.0	s15_t1.8_a1.0_038.gff
47	N	N	1.377	2.509	2.379	0.130	1.8	1.0	s15_t1.8_a1.0_039.gff
47	N	N	1.382	2.514	2.368	0.146	1.8	1.0	s15_t1.8_a1.0_040.gff
59	N	N	1.377	2.480	2.342	0.138	1.8	1.0	s15_t1.8_a1.0_041.gff
51	N	N	1.369	2.477	2.337	0.140	1.8	1.0	s15_t1.8_a1.0_042.gff
94	N	N	1.443	2.649	2.518	0.131	1.8	1.0	s15_t1.8_a1.0_043.gff
75	N	N	1.422	2.609	2.472	0.137	1.8	1.0	s15_t1.8_a1.0_044.gff
81	N	N	1.413	2.569	2.441	0.128	1.8	1.0	s15_t1.8_a1.0_045.gff
94	N	N	1.419	2.594	2.460	0.134	1.8	1.0	s15_t1.8_a1.0_046.gff
59	N	N	1.403	2.542	2.423	0.119	1.8	1.0	s15_t1.8_a1.0_047.gff
43	N	N	1.364	2.449	2.334	0.115	1.8	1.0	s15_t1.8_a1.0_048.gff
56	N	N	1.384	2.498	2.363	0.135	1.8	1.0	s15_t1.8_a1.0_049.gff
37	N	N	1.362	2.474	2.332	0.142	1.8	1.0	s15_t1.8_a1.0_050.gff
65	N	N	1.412	2.518	2.401	0.117	1.8	1.0	s15_t1.8_a1.0_051.gff
34	N	N	1.353	2.463	2.329	0.134	1.8	1.0	s15_t1.8_a1.0_052.gff
45	N	N	1.361	2.477	2.346	0.131	1.8	1.0	s15_t1.8_a1.0_053.gff
33	N	N	1.354	2.431	2.310	0.121	1.8	1.0	s15_t1.8_a1.0_054.gff
60	N	N	1.400	2.551	2.427	0.124	1.8	1.0	s15_t1.8_a1.0_055.gff
43	N	N	1.367	2.480	2.364	0.116	1.8	1.0	s15_t1.8_a1.0_056.gff
63	N	N	1.400	2.511	2.373	0.138	1.8	1.0	s15_t1.8_a1.0_057.gff
37	N	N	1.363	2.475	2.365	0.110	1.8	1.0	s15_t1.8_a1.0_058.gff
22	N	N	1.327	2.385	2.258	0.127	1.8	1.0	s15_t1.8_a1.0_059.gff
29	N	N	1.342	2.396	2.240	0.156	1.8	1.0	s15_t1.8_a1.0_060.gff
89	N	N	1.435	2.596	2.459	0.137	1.8	1.0	s15_t1.8_a1.0_061.gff
61	N	N	1.399	2.510	2.388	0.122	1.8	1.0	s15_t1.8_a1.0_062.gff
87	N	N	1.447	2.642	2.500	0.142	1.8	1.0	s15_t1.8_a1.0_063.gff
95	N	N	1.439	2.640	2.506	0.134	1.8	1.0	s15_t1.8_a1.0_064.gff
30	N	N	2.204	2.465	2.339	0.126	1.8	1.0	s15_t1.8_a1.0_065.gff
84	N	N	1.417	2.559	2.443	0.116	1.8	1.0	s15_t1.8_a1.0_066.gff
64	N	N	1.417	2.562	2.436	0.126	1.8	1.0	s15_t1.8_a1.0_067.gff
68	N	N	1.411	2.565	2.436	0.129	1.8	1.0	s15_t1.8_a1.0_068.gff
77	N	N	1.421	2.622	2.497	0.125	1.8	1.0	s15_t1.8_a1.0_069.gff
30	N	N	1.342	2.404	2.258	0.146	1.8	1.0	s15_t1.8_a1.0_070.gff
125	N	N	1.471	2.739	2.601	0.138	1.8	1.0	s15_t1.8_a1.0_071.gff
68	N	N	1.418	2.541	2.414	0.127	1.8	1.0	s15_t1.8_a1.0_072.gff
83	N	N	1.434	2.642	2.524	0.118	1.8	1.0	s15_t1.8_a1.0_073.gff
50	N	N	1.368	2.467	2.331	0.136	1.8	1.0	s15_t1.8_a1.0_074.gff
35	N	N	1.340	2.419	2.287	0.132	1.8	1.0	s15_t1.8_a1.0_075.gff
37	N	N	1.363	2.505	2.372	0.133	1.8	1.0	s15_t1.8_a1.0_076.gff
49	N	N	1.368	2.497	2.390	0.107	1.8	1.0	s15_t1.8_a1.0_077.gff
101	N	N	1.440	2.617	2.496	0.121	1.8	1.0	s15_t1.8_a1.0_078.gff
49	N	N	1.372	2.476	2.339	0.137	1.8	1.0	s15_t1.8_a1.0_079.gff
84	N	N	1.436	2.608	2.468	0.140	1.8	1.0	s15_t1.8_a1.0_080.gff
35	N	N	1.355	2.453	2.334	0.119	1.8	1.0	s15_t1.8_a1.0_081.gff
79	N	N	1.793	2.584	2.456	0.128	1.8	1.0	s15_t1.8_a1.0_082.gff
49	N	N	1.366	2.468	2.353	0.115	1.8	1.0	s15_t1.8_a1.0_083.gff
98	N	N	1.437	2.618	2.487	0.131	1.8	1.0	s15_t1.8_a1.0_084.gff
48	N	N	1.365	2.476	2.346	0.130	1.8	1.0	s15_t1.8_a1.0_085.gff
42	N	N	1.517	2.499	2.355	0.144	1.8	1.0	s15_t1.8_a1.0_086.gff
61	N	N	1.400	2.514	2.385	0.129	1.8	1.0	s15_t1.8_a1.0_087.gff
59	N	N	1.385	2.505	2.374	0.131	1.8	1.0	s15_t1.8_a1.0_088.gff
62	N	N	1.416	2.558	2.427	0.131	1.8	1.0	s15_t1.8_a1.0_089.gff
131	N	N	1.467	2.679	2.541	0.138	1.8	1.0	s15_t1.8_a1.0_090.gff
53	N	N	1.378	2.501	2.363	0.138	1.8	1.0	s15_t1.8_a1.0_091.gff
38	N	N	1.370	2.470	2.336	0.134	1.8	1.0	s15_t1.8_a1.0_092.gff
43	N	N	1.488	2.479	2.331	0.148	1.8	1.0	s15_t1.8_a1.0_093.gff
70	N	N	1.413	2.557	2.412	0.145	1.8	1.0	s15_t1.8_a1.0_094.gff
49	N	N	1.383	2.515	2.381	0.134	1.8	1.0	s15_t1.8_a1.0_095.gff
85	N	N	1.434	2.610	2.475	0.135	1.8	1.0	s15_t1.8_a1.0_096.gff
84	N	N	1.438	2.606	2.477	0.129	1.8	1.0	s15_t1.8_a1.0_097.gff
66	N	N	1.420	2.541	2.414	0.127	1.8	1.0	s15_t1.8_a1.0_098.gff
53	N	N	1.374	2.487	2.345	0.142	1.8	1.0	s15_t1.8_a1.0_099.gff
101	N	N	1.432	2.570	2.438	0.132	1.8	1.0	s15_t1.8_a1.0_100.gff
NA	Y	N	600.118	601.648	600.949	0.699	2.0	0.1	s15_t2.0_a0.1_001.gff
NA	Y	N	579.442	602.082	600.853	1.229	2.0	0.1	s15_t2.0_a0.1_002.gff
NA	Y	N	573.199	602.246	600.873	1.373	2.0	0.1	s15_t2.0_a0.1_003.gff
NA	Y	N	581.841	602.014	600.879	1.135	2.0	0.1	s15_t2.0_a0.1_004.gff
NA	Y	N	579.612	602.037	600.923	1.114	2.0	0.1	s15_t2.0_a0.1_005.gff
NA	Y	N	564.531	601.821	600.655	1.166	2.0	0.1	s15_t2.0_a0.1_006.gff
NA	Y	N	591.767	601.731	600.875	0.856	2.0	0.1	s15_t2.0_a0.1_007.gff
NA	Y	N	589.359	601.762	600.846	0.916	2.0	0.1	s15_t2.0_a0.1_008.gff
NA	Y	N	583.024	602.029	600.920	1.109	2.0	0.1	s15_t2.0_a0.1_009.gff
NA	Y	N	584.572	601.928	600.865	1.063	2.0	0.1	s15_t2.0_a0.1_010.gff
NA	Y	N	584.314	601.958	600.926	1.032	2.0	0.1	s15_t2.0_a0.1_011.gff
NA	Y	N	523.497	601.957	600.904	1.053	2.0	0.1	s15_t2.0_a0.1_012.gff
NA	Y	N	567.776	601.900	600.738	1.162	2.0	0.1	s15_t2.0_a0.1_013.gff
NA	Y	N	581.110	601.648	600.576	1.072	2.0	0.1	s15_t2.0_a0.1_014.gff
NA	Y	N	583.937	601.897	600.799	1.098	2.0	0.1	s15_t2.0_a0.1_015.gff
NA	Y	N	583.267	602.018	600.673	1.345	2.0	0.1	s15_t2.0_a0.1_016.gff
NA	Y	N	589.675	601.727	600.829	0.898	2.0	0.1	s15_t2.0_a0.1_017.gff
NA	Y	N	581.381	602.088	600.756	1.332	2.0	0.1	s15_t2.0_a0.1_018.gff
NA	Y	N	585.613	601.873	600.744	1.129	2.0	0.1	s15_t2.0_a0.1_019.gff
NA	Y	N	601.193	601.502	600.823	0.679	2.0	0.1	s15_t2.0_a0.1_020.gff
NA	Y	N	589.465	601.777	600.792	0.985	2.0	0.1	s15_t2.0_a0.1_021.gff
NA	Y	N	592.264	601.745	600.785	0.960	2.0	0.1	s15_t2.0_a0.1_022.gff
NA	Y	N	586.035	601.849	600.910	0.939	2.0	0.1	s15_t2.0_a0.1_023.gff
NA	Y	N	589.201	601.862	600.760	1.102	2.0	0.1	s15_t2.0_a0.1_024.gff
NA	Y	N	580.103	602.035	600.820	1.215	2.0	0.1	s15_t2.0_a0.1_025.gff
NA	Y	N	588.513	601.866	600.810	1.056	2.0	0.1	s15_t2.0_a0.1_026.gff
NA	Y	N	591.260	601.764	600.830	0.934	2.0	0.1	s15_t2.0_a0.1_027.gff
NA	Y	N	588.069	601.862	600.952	0.910	2.0	0.1	s15_t2.0_a0.1_028.gff
NA	Y	N	584.636	601.955	600.898	1.057	2.0	0.1	s15_t2.0_a0.1_029.gff
NA	Y	N	595.228	601.655	600.854	0.801	2.0	0.1	s15_t2.0_a0.1_030.gff
NA	Y	N	588.918	601.761	600.571	1.190	2.0	0.1	s15_t2.0_a0.1_031.gff
NA	Y	N	598.585	601.540	600.758	0.782	2.0	0.1	s15_t2.0_a0.1_032.gff
NA	Y	N	584.726	602.008	600.822	1.186	2.0	0.1	s15_t2.0_a0.1_033.gff
NA	Y	N	585.346	601.964	600.885	1.079	2.0	0.1	s15_t2.0_a0.1_034.gff
NA	Y	N	593.811	601.646	600.822	0.824	2.0	0.1	s15_t2.0_a0.1_035.gff
NA	Y	N	587.671	601.899	600.785	1.114	2.0	0.1	s15_t2.0_a0.1_036.gff
NA	Y	N	589.824	601.892	600.968	0.924	2.0	0.1	s15_t2.0_a0.1_037.gff
NA	Y	N	581.494	602.003	600.771	1.232	2.0	0.1	s15_t2.0_a0.1_038.gff
NA	Y	N	579.688	602.096	600.772	1.324	2.0	0.1	s15_t2.0_a0.1_039.gff
NA	Y	N	586.291	601.987	601.074	0.913	2.0	0.1	s15_t2.0_a0.1_040.gff
NA	Y	N	577.225	602.086	600.648	1.438	2.0	0.1	s15_t2.0_a0.1_041.gff
NA	Y	N	586.943	601.786	600.775	1.011	2.0	0.1	s15_t2.0_a0.1_042.gff
NA	Y	N	564.542	601.831	598.299	3.532	2.0	0.1	s15_t2.0_a0.1_043.gff
NA	Y	N	581.332	602.013	600.738	1.275	2.0	0.1	s15_t2.0_a0.1_044.gff
NA	Y	N	585.660	601.869	600.867	1.002	2.0	0.1	s15_t2.0_a0.1_045.gff
NA	Y	N	587.559	601.809	600.656	1.153	2.0	0.1	s15_t2.0_a0.1_046.gff
NA	Y	N	598.066	601.498	600.868	0.630	2.0	0.1	s15_t2.0_a0.1_047.gff
NA	Y	N	597.815	601.579	600.864	0.715	2.0	0.1	s15_t2.0_a0.1_048.gff
NA	Y	N	586.639	601.781	600.800	0.981	2.0	0.1	s15_t2.0_a0.1_049.gff
NA	Y	N	600.102	601.467	600.758	0.709	2.0	0.1	s15_t2.0_a0.1_050.gff
NA	Y	N	601.057	601.446	600.781	0.665	2.0	0.1	s15_t2.0_a0.1_051.gff
NA	Y	N	586.608	601.871	600.715	1.156	2.0	0.1	s15_t2.0_a0.1_052.gff
NA	Y	N	583.824	602.075	600.998	1.077	2.0	0.1	s15_t2.0_a0.1_053.gff
NA	Y	N	557.840	601.915	600.784	1.131	2.0	0.1	s15_t2.0_a0.1_054.gff
NA	Y	N	459.892	602.102	600.911	1.191	2.0	0.1	s15_t2.0_a0.1_055.gff
NA	Y	N	350.195	602.217	601.101	1.116	2.0	0.1	s15_t2.0_a0.1_056.gff
NA	Y	N	581.465	601.718	600.476	1.242	2.0	0.1	s15_t2.0_a0.1_057.gff
NA	Y	N	564.139	601.800	600.675	1.125	2.0	0.1	s15_t2.0_a0.1_058.gff
NA	Y	N	586.619	601.901	600.856	1.045	2.0	0.1	s15_t2.0_a0.1_059.gff
NA	Y	N	583.726	601.900	600.724	1.176	2.0	0.1	s15_t2.0_a0.1_060.gff
NA	Y	N	594.299	601.647	600.616	1.031	2.0	0.1	s15_t2.0_a0.1_061.gff
NA	Y	N	585.257	601.963	600.904	1.059	2.0	0.1	s15_t2.0_a0.1_062.gff
NA	Y	N	577.440	602.200	600.955	1.245	2.0	0.1	s15_t2.0_a0.1_063.gff
NA	Y	N	580.835	602.084	600.963	1.121	2.0	0.1	s15_t2.0_a0.1_064.gff
NA	Y	N	578.541	602.231	601.070	1.161	2.0	0.1	s15_t2.0_a0.1_065.gff
NA	Y	N	585.674	602.228	601.214	1.014	2.0	0.1	s15_t2.0_a0.1_066.gff
NA	Y	N	587.056	601.847	600.783	1.064	2.0	0.1	s15_t2.0_a0.1_067.gff
NA	Y	N	599.293	601.492	600.661	0.831	2.0	0.1	s15_t2.0_a0.1_068.gff
NA	Y	N	581.799	602.011	601.016	0.995	2.0	0.1	s15_t2.0_a0.1_069.gff
NA	Y	N	583.235	602.048	600.777	1.271	2.0	0.1	s15_t2.0_a0.1_070.gff
NA	Y	N	576.384	601.783	600.378	1.405	2.0	0.1	s15_t2.0_a0.1_071.gff
NA	Y	N	586.156	601.946	600.932	1.014	2.0	0.1	s15_t2.0_a0.1_072.gff
NA	Y	N	568.343	601.846	600.814	1.032	2.0	0.1	s15_t2.0_a0.1_073.gff
NA	Y	N	580.166	602.177	601.082	1.095	2.0	0.1	s15_t2.0_a0.1_074.gff
NA	Y	N	583.298	602.102	601.024	1.078	2.0	0.1	s15_t2.0_a0.1_075.gff
NA	Y	N	582.144	601.971	600.864	1.107	2.0	0.1	s15_t2.0_a0.1_076.gff
NA	Y	N	583.616	601.904	600.918	0.986	2.0	0.1	s15_t2.0_a0.1_077.gff
NA	Y	N	590.159	601.680	600.898	0.782	2.0	0.1	s15_t2.0_a0.1_078.gff
NA	Y	N	589.985	601.734	600.825	0.909	2.0	0.1	s15_t2.0_a0.1_079.gff
NA	Y	N	594.254	601.598	600.885	0.713	2.0	0.1	s15_t2.0_a0.1_080.gff
NA	Y	N	588.256	601.750	600.612	1.138	2.0	0.1	s15_t2.0_a0.1_081.gff
NA	Y	N	577.748	602.014	600.714	1.300	2.0	0.1	s15_t2.0_a0.1_082.gff
NA	Y	N	578.840	602.330	601.098	1.232	2.0	0.1	s15_t2.0_a0.1_083.gff
NA	Y	N	602.990	601.419	600.793	0.626	2.0	0.1	s15_t2.0_a0.1_084.gff
NA	Y	N	596.092	601.611	600.836	0.775	2.0	0.1	s15_t2.0_a0.1_085.gff
NA	Y	N	566.858	601.809	600.769	1.040	2.0	0.1	s15_t2.0_a0.1_086.gff
NA	Y	N	585.092	601.918	600.740	1.178	2.0	0.1	s15_t2.0_a0.1_087.gff
NA	Y	N	577.939	602.114	600.965	1.149	2.0	0.1	s15_t2.0_a0.1_088.gff
NA	Y	N	583.264	602.005	600.992	1.013	2.0	0.1	s15_t2.0_a0.1_089.gff
NA	Y	N	602.440	601.414	600.805	0.609	2.0	0.1	s15_t2.0_a0.1_090.gff
NA	Y	N	579.025	601.984	600.727	1.257	2.0	0.1	s15_t2.0_a0.1_091.gff
NA	Y	N	594.006	601.640	600.778	0.862	2.0	0.1	s15_t2.0_a0.1_092.gff
NA	Y	N	591.839	601.798	600.829	0.969	2.0	0.1	s15_t2.0_a0.1_093.gff
NA	Y	N	578.556	601.766	600.629	1.137	2.0	0.1	s15_t2.0_a0.1_094.gff
NA	Y	N	574.072	601.969	600.526	1.443	2.0	0.1	s15_t2.0_a0.1_095.gff
NA	Y	N	583.256	601.749	600.579	1.170	2.0	0.1	s15_t2.0_a0.1_096.gff
NA	Y	N	585.673	601.886	600.757	1.129	2.0	0.1	s15_t2.0_a0.1_097.gff
NA	Y	N	596.982	601.517	600.798	0.719	2.0	0.1	s15_t2.0_a0.1_098.gff
NA	Y	N	589.761	601.717	600.818	0.899	2.0	0.1	s15_t2.0_a0.1_099.gff
NA	Y	N	581.131	601.729	600.637	1.092	2.0	0.1	s15_t2.0_a0.1_100.gff
NA	Y	N	592.987	601.769	600.703	1.066	2.0	0.2	s15_t2.0_a0.2_001.gff
NA	Y	N	579.598	602.048	600.896	1.152	2.0	0.2	s15_t2.0_a0.2_002.gff
NA	Y	N	581.305	602.048	600.836	1.212	2.0	0.2	s15_t2.0_a0.2_003.gff
NA	Y	N	574.099	602.167	600.747	1.420	2.0	0.2	s15_t2.0_a0.2_004.gff
NA	Y	N	591.751	601.613	600.760	0.853	2.0	0.2	s15_t2.0_a0.2_005.gff
NA	Y	N	578.568	602.024	600.757	1.267	2.0	0.2	s15_t2.0_a0.2_006.gff
NA	Y	N	556.183	601.884	600.663	1.221	2.0	0.2	s15_t2.0_a0.2_007.gff
NA	Y	N	578.993	602.036	600.997	1.039	2.0	0.2	s15_t2.0_a0.2_008.gff
NA	Y	N	578.285	602.111	600.936	1.175	2.0	0.2	s15_t2.0_a0.2_009.gff
NA	Y	N	566.062	601.715	600.369	1.346	2.0	0.2	s15_t2.0_a0.2_010.gff
NA	Y	N	401.147	602.330	601.102	1.228	2.0	0.2	s15_t2.0_a0.2_011.gff
NA	Y	N	580.585	602.124	600.786	1.338	2.0	0.2	s15_t2.0_a0.2_012.gff
NA	Y	N	575.066	601.825	600.678	1.147	2.0	0.2	s15_t2.0_a0.2_013.gff
NA	Y	N	587.372	601.862	600.836	1.026	2.0	0.2	s15_t2.0_a0.2_014.gff
NA	Y	N	563.819	601.878	600.171	1.707	2.0	0.2	s15_t2.0_a0.2_015.gff
NA	Y	N	582.829	601.931	600.634	1.297	2.0	0.2	s15_t2.0_a0.2_016.gff
NA	Y	N	597.944	601.585	600.671	0.914	2.0	0.2	s15_t2.0_a0.2_017.gff
NA	Y	N	584.756	601.910	600.654	1.256	2.0	0.2	s15_t2.0_a0.2_018.gff
NA	Y	N	598.374	601.545	600.725	0.820	2.0	0.2	s15_t2.0_a0.2_019.gff
NA	Y	N	589.762	601.866	600.980	0.886	2.0	0.2	s15_t2.0_a0.2_020.gff
NA	Y	N	571.359	601.902	600.731	1.171	2.0	0.2	s15_t2.0_a0.2_021.gff
NA	Y	N	595.590	601.548	600.843	0.705	2.0	0.2	s15_t2.0_a0.2_022.gff
NA	Y	N	594.470	601.694	600.924	0.770	2.0	0.2	s15_t2.0_a0.2_023.gff
NA	Y	N	579.111	602.044	600.980	1.064	2.0	0.2	s15_t2.0_a0.2_024.gff
NA	Y	N	583.597	601.927	600.748	1.179	2.0	0.2	s15_t2.0_a0.2_025.gff
NA	Y	N	579.952	601.787	599.643	2.144	2.0	0.2	s15_t2.0_a0.2_026.gff
NA	Y	N	585.248	601.897	600.784	1.113	2.0	0.2	s15_t2.0_a0.2_027.gff
NA	Y	N	323.837	602.285	601.128	1.157	2.0	0.2	s15_t2.0_a0.2_028.gff
NA	Y	N	423.527	602.290	601.135	1.155	2.0	0.2	s15_t2.0_a0.2_029.gff
NA	Y	N	584.080	602.078	600.987	1.091	2.0	0.2	s15_t2.0_a0.2_030.gff
NA	Y	N	573.882	602.322	601.176	1.146	2.0	0.2	s15_t2.0_a0.2_031.gff
NA	Y	N	584.315	601.820	600.824	0.996	2.0	0.2	s15_t2.0_a0.2_032.gff
NA	Y	N	570.307	601.767	599.798	1.969	2.0	0.2	s15_t2.0_a0.2_033.gff
NA	Y	N	581.523	602.045	600.706	1.339	2.0	0.2	s15_t2.0_a0.2_034.gff
NA	Y	N	591.730	601.720	600.680	1.040	2.0	0.2	s15_t2.0_a0.2_035.gff
NA	Y	N	588.158	601.649	600.342	1.307	2.0	0.2	s15_t2.0_a0.2_036.gff
NA	Y	N	580.609	602.057	600.902	1.155	2.0	0.2	s15_t2.0_a0.2_037.gff
NA	Y	N	579.335	602.058	601.004	1.054	2.0	0.2	s15_t2.0_a0.2_038.gff
NA	Y	N	600.524	601.505	600.802	0.703	2.0	0.2	s15_t2.0_a0.2_039.gff
NA	Y	N	588.487	601.859	600.704	1.155	2.0	0.2	s15_t2.0_a0.2_040.gff
NA	Y	N	590.372	601.782	600.788	0.994	2.0	0.2	s15_t2.0_a0.2_041.gff
NA	Y	N	586.203	601.972	600.993	0.979	2.0	0.2	s15_t2.0_a0.2_042.gff
NA	Y	N	591.898	601.767	600.841	0.926	2.0	0.2	s15_t2.0_a0.2_043.gff
NA	Y	N	598.141	601.771	600.737	1.034	2.0	0.2	s15_t2.0_a0.2_044.gff
NA	Y	N	574.424	601.606	600.454	1.152	2.0	0.2	s15_t2.0_a0.2_045.gff
NA	Y	N	558.802	601.913	600.318	1.595	2.0	0.2	s15_t2.0_a0.2_046.gff
NA	Y	N	585.040	602.078	600.907	1.171	2.0	0.2	s15_t2.0_a0.2_047.gff
NA	Y	N	390.535	602.226	601.046	1.180	2.0	0.2	s15_t2.0_a0.2_048.gff
NA	Y	N	588.450	601.807	600.906	0.901	2.0	0.2	s15_t2.0_a0.2_049.gff
NA	Y	N	474.626	602.196	600.448	1.748	2.0	0.2	s15_t2.0_a0.2_050.gff
NA	Y	N	584.764	601.934	600.907	1.027	2.0	0.2	s15_t2.0_a0.2_051.gff
NA	Y	N	447.533	602.029	600.146	1.883	2.0	0.2	s15_t2.0_a0.2_052.gff
NA	Y	N	587.582	601.804	600.632	1.172	2.0	0.2	s15_t2.0_a0.2_053.gff
NA	Y	N	592.805	601.661	600.800	0.861	2.0	0.2	s15_t2.0_a0.2_054.gff
NA	Y	N	558.107	601.862	600.734	1.128	2.0	0.2	s15_t2.0_a0.2_055.gff
NA	Y	N	591.238	601.712	600.815	0.897	2.0	0.2	s15_t2.0_a0.2_056.gff
NA	Y	N	602.657	601.505	600.830	0.675	2.0	0.2	s15_t2.0_a0.2_057.gff
NA	Y	N	591.619	601.803	600.821	0.982	2.0	0.2	s15_t2.0_a0.2_058.gff
NA	Y	N	582.859	601.867	600.755	1.112	2.0	0.2	s15_t2.0_a0.2_059.gff
NA	Y	N	582.670	601.995	600.900	1.095	2.0	0.2	s15_t2.0_a0.2_060.gff
NA	Y	N	583.107	601.958	600.919	1.039	2.0	0.2	s15_t2.0_a0.2_061.gff
NA	Y	N	581.706	601.895	600.733	1.162	2.0	0.2	s15_t2.0_a0.2_062.gff
NA	Y	N	584.220	601.770	600.371	1.399	2.0	0.2	s15_t2.0_a0.2_063.gff
NA	Y	N	587.647	601.980	600.902	1.078	2.0	0.2	s15_t2.0_a0.2_064.gff
NA	Y	N	582.358	602.021	600.859	1.162	2.0	0.2	s15_t2.0_a0.2_065.gff
NA	Y	N	586.298	601.895	600.937	0.958	2.0	0.2	s15_t2.0_a0.2_066.gff
NA	Y	N	584.938	601.899	600.767	1.132	2.0	0.2	s15_t2.0_a0.2_067.gff
NA	Y	N	581.288	601.942	600.668	1.274	2.0	0.2	s15_t2.0_a0.2_068.gff
NA	Y	N	524.622	601.925	600.777	1.148	2.0	0.2	s15_t2.0_a0.2_069.gff
NA	Y	N	579.289	601.683	600.443	1.240	2.0	0.2	s15_t2.0_a0.2_070.gff
NA	Y	N	558.967	601.935	600.818	1.117	2.0	0.2	s15_t2.0_a0.2_071.gff
NA	Y	N	569.222	601.860	600.772	1.088	2.0	0.2	s15_t2.0_a0.2_072.gff
NA	Y	N	585.242	601.852	600.962	0.890	2.0	0.2	s15_t2.0_a0.2_073.gff
NA	Y	N	581.147	601.952	600.684	1.268	2.0	0.2	s15_t2.0_a0.2_074.gff
NA	Y	N	578.569	602.030	600.848	1.182	2.0	0.2	s15_t2.0_a0.2_075.gff
NA	Y	N	594.286	601.641	600.617	1.024	2.0	0.2	s15_t2.0_a0.2_076.gff
NA	Y	N	588.235	601.814	600.649	1.165	2.0	0.2	s15_t2.0_a0.2_077.gff
NA	Y	N	584.458	601.960	600.709	1.251	2.0	0.2	s15_t2.0_a0.2_078.gff
NA	Y	N	581.621	602.037	600.905	1.132	2.0	0.2	s15_t2.0_a0.2_079.gff
NA	Y	N	581.512	602.077	600.877	1.200	2.0	0.2	s15_t2.0_a0.2_080.gff
NA	Y	N	589.640	601.707	600.723	0.984	2.0	0.2	s15_t2.0_a0.2_081.gff
NA	Y	N	580.993	601.962	600.861	1.101	2.0	0.2	s15_t2.0_a0.2_082.gff
NA	Y	N	584.948	601.941	600.834	1.107	2.0	0.2	s15_t2.0_a0.2_083.gff
NA	Y	N	584.625	601.972	601.034	0.938	2.0	0.2	s15_t2.0_a0.2_084.gff
NA	Y	N	585.734	601.827	600.538	1.289	2.0	0.2	s15_t2.0_a0.2_085.gff
NA	Y	N	584.704	601.874	600.913	0.961	2.0	0.2	s15_t2.0_a0.2_086.gff
NA	Y	N	586.427	601.831	600.917	0.914	2.0	0.2	s15_t2.0_a0.2_087.gff
NA	Y	N	584.312	602.009	601.075	0.934	2.0	0.2	s15_t2.0_a0.2_088.gff
NA	Y	N	579.879	602.007	600.900	1.107	2.0	0.2	s15_t2.0_a0.2_089.gff
NA	Y	N	583.354	601.898	600.787	1.111	2.0	0.2	s15_t2.0_a0.2_090.gff
NA	Y	N	580.511	602.006	600.831	1.175	2.0	0.2	s15_t2.0_a0.2_091.gff
NA	Y	N	583.975	601.896	600.614	1.282	2.0	0.2	s15_t2.0_a0.2_092.gff
NA	Y	N	577.838	602.150	601.053	1.097	2.0	0.2	s15_t2.0_a0.2_093.gff
NA	Y	N	577.371	602.069	600.789	1.280	2.0	0.2	s15_t2.0_a0.2_094.gff
NA	Y	N	578.913	602.090	600.569	1.521	2.0	0.2	s15_t2.0_a0.2_095.gff
NA	Y	N	598.573	601.550	600.541	1.009	2.0	0.2	s15_t2.0_a0.2_096.gff
NA	Y	N	566.196	601.664	600.203	1.461	2.0	0.2	s15_t2.0_a0.2_097.gff
NA	Y	N	596.047	601.568	600.636	0.932	2.0	0.2	s15_t2.0_a0.2_098.gff
NA	Y	N	582.105	601.931	600.620	1.311	2.0	0.2	s15_t2.0_a0.2_099.gff
NA	Y	N	578.077	602.135	601.002	1.133	2.0	0.2	s15_t2.0_a0.2_100.gff
NA	Y	N	570.475	601.772	600.646	1.126	2.0	0.3	s15_t2.0_a0.3_001.gff
NA	Y	N	396.293	602.127	600.620	1.507	2.0	0.3	s15_t2.0_a0.3_002.gff
NA	Y	N	520.016	601.999	600.696	1.303	2.0	0.3	s15_t2.0_a0.3_003.gff
NA	Y	N	559.207	601.677	599.842	1.835	2.0	0.3	s15_t2.0_a0.3_004.gff
NA	Y	N	529.308	601.938	600.718	1.220	2.0	0.3	s15_t2.0_a0.3_005.gff
NA	Y	N	585.163	602.085	601.154	0.931	2.0	0.3	s15_t2.0_a0.3_006.gff
NA	Y	N	472.296	602.023	600.784	1.239	2.0	0.3	s15_t2.0_a0.3_007.gff
NA	Y	N	587.759	601.833	600.716	1.117	2.0	0.3	s15_t2.0_a0.3_008.gff
NA	Y	N	580.174	601.924	600.777	1.147	2.0	0.3	s15_t2.0_a0.3_009.gff
NA	Y	N	489.043	602.203	600.948	1.255	2.0	0.3	s15_t2.0_a0.3_010.gff
NA	Y	N	552.779	601.665	600.583	1.082	2.0	0.3	s15_t2.0_a0.3_011.gff
NA	Y	N	578.873	602.545	601.289	1.256	2.0	0.3	s15_t2.0_a0.3_012.gff
NA	Y	N	584.108	601.941	600.901	1.040	2.0	0.3	s15_t2.0_a0.3_013.gff
NA	Y	N	381.990	602.172	600.944	1.228	2.0	0.3	s15_t2.0_a0.3_014.gff
NA	Y	N	593.637	601.662	600.542	1.120	2.0	0.3	s15_t2.0_a0.3_015.gff
NA	Y	N	580.898	602.148	600.812	1.336	2.0	0.3	s15_t2.0_a0.3_016.gff
NA	Y	N	583.371	601.900	600.492	1.408	2.0	0.3	s15_t2.0_a0.3_017.gff
NA	Y	N	589.990	601.744	600.713	1.031	2.0	0.3	s15_t2.0_a0.3_018.gff
NA	Y	N	581.350	601.927	600.669	1.258	2.0	0.3	s15_t2.0_a0.3_019.gff
NA	Y	N	586.150	601.682	600.402	1.280	2.0	0.3	s15_t2.0_a0.3_020.gff
NA	Y	N	491.141	601.862	600.685	1.177	2.0	0.3	s15_t2.0_a0.3_021.gff
NA	Y	N	373.737	602.095	600.912	1.183	2.0	0.3	s15_t2.0_a0.3_022.gff
NA	Y	N	564.635	601.850	600.693	1.157	2.0	0.3	s15_t2.0_a0.3_023.gff
NA	Y	N	577.998	602.119	600.925	1.194	2.0	0.3	s15_t2.0_a0.3_024.gff
NA	Y	N	599.318	601.668	600.804	0.864	2.0	0.3	s15_t2.0_a0.3_025.gff
NA	Y	N	550.467	601.977	600.283	1.694	2.0	0.3	s15_t2.0_a0.3_026.gff
NA	Y	N	584.604	601.870	600.729	1.141	2.0	0.3	s15_t2.0_a0.3_027.gff
NA	Y	N	565.321	601.805	599.725	2.080	2.0	0.3	s15_t2.0_a0.3_028.gff
NA	Y	N	508.014	601.945	600.844	1.101	2.0	0.3	s15_t2.0_a0.3_029.gff
NA	Y	N	576.083	602.123	600.821	1.302	2.0	0.3	s15_t2.0_a0.3_030.gff
NA	Y	N	493.804	602.072	600.997	1.075	2.0	0.3	s15_t2.0_a0.3_031.gff
NA	Y	N	590.934	601.808	600.505	1.303	2.0	0.3	s15_t2.0_a0.3_032.gff
NA	Y	N	577.168	601.935	600.651	1.284	2.0	0.3	s15_t2.0_a0.3_033.gff
NA	Y	N	526.035	601.823	600.618	1.205	2.0	0.3	s15_t2.0_a0.3_034.gff
NA	Y	N	549.274	601.970	600.894	1.076	2.0	0.3	s15_t2.0_a0.3_035.gff
NA	Y	N	468.640	601.840	600.606	1.234	2.0	0.3	s15_t2.0_a0.3_036.gff
NA	Y	N	411.766	602.135	600.925	1.210	2.0	0.3	s15_t2.0_a0.3_037.gff
NA	Y	N	363.317	602.017	600.839	1.178	2.0	0.3	s15_t2.0_a0.3_038.gff
NA	Y	N	424.340	602.271	601.047	1.224	2.0	0.3	s15_t2.0_a0.3_039.gff
NA	Y	N	558.375	601.845	600.712	1.133	2.0	0.3	s15_t2.0_a0.3_040.gff
NA	Y	N	582.271	602.043	600.866	1.177	2.0	0.3	s15_t2.0_a0.3_041.gff
NA	Y	N	330.489	602.112	600.804	1.308	2.0	0.3	s15_t2.0_a0.3_042.gff
NA	Y	N	587.382	601.912	600.704	1.208	2.0	0.3	s15_t2.0_a0.3_043.gff
NA	Y	N	596.090	601.776	600.813	0.963	2.0	0.3	s15_t2.0_a0.3_044.gff
NA	Y	N	389.452	602.204	601.031	1.173	2.0	0.3	s15_t2.0_a0.3_045.gff
NA	Y	N	592.394	601.912	600.911	1.001	2.0	0.3	s15_t2.0_a0.3_046.gff
NA	Y	N	592.906	601.658	600.828	0.830	2.0	0.3	s15_t2.0_a0.3_047.gff
NA	Y	N	580.701	601.881	600.611	1.270	2.0	0.3	s15_t2.0_a0.3_048.gff
NA	Y	N	589.740	602.082	600.699	1.383	2.0	0.3	s15_t2.0_a0.3_049.gff
NA	Y	N	492.011	602.059	600.809	1.250	2.0	0.3	s15_t2.0_a0.3_050.gff
NA	Y	N	579.023	601.608	600.364	1.244	2.0	0.3	s15_t2.0_a0.3_051.gff
NA	Y	N	584.941	601.981	600.845	1.136	2.0	0.3	s15_t2.0_a0.3_052.gff
NA	Y	N	587.709	602.448	601.421	1.027	2.0	0.3	s15_t2.0_a0.3_053.gff
NA	Y	N	473.248	602.069	600.878	1.191	2.0	0.3	s15_t2.0_a0.3_054.gff
NA	Y	N	593.425	601.706	600.733	0.973	2.0	0.3	s15_t2.0_a0.3_055.gff
NA	Y	N	595.132	601.630	600.877	0.753	2.0	0.3	s15_t2.0_a0.3_056.gff
NA	Y	N	582.819	601.905	600.816	1.089	2.0	0.3	s15_t2.0_a0.3_057.gff
NA	Y	N	468.736	602.305	600.959	1.346	2.0	0.3	s15_t2.0_a0.3_058.gff
NA	Y	N	578.190	602.133	600.901	1.232	2.0	0.3	s15_t2.0_a0.3_059.gff
NA	Y	N	561.430	601.943	600.832	1.111	2.0	0.3	s15_t2.0_a0.3_060.gff
NA	Y	N	583.502	601.936	600.696	1.240	2.0	0.3	s15_t2.0_a0.3_061.gff
NA	Y	N	399.713	602.144	601.018	1.126	2.0	0.3	s15_t2.0_a0.3_062.gff
NA	Y	N	431.008	602.864	601.562	1.302	2.0	0.3	s15_t2.0_a0.3_063.gff
NA	Y	N	581.961	602.007	600.900	1.107	2.0	0.3	s15_t2.0_a0.3_064.gff
NA	Y	N	489.231	602.070	600.911	1.159	2.0	0.3	s15_t2.0_a0.3_065.gff
NA	Y	N	374.721	602.097	600.933	1.164	2.0	0.3	s15_t2.0_a0.3_066.gff
NA	Y	N	543.365	601.881	600.177	1.704	2.0	0.3	s15_t2.0_a0.3_067.gff
NA	Y	N	504.943	602.061	600.872	1.189	2.0	0.3	s15_t2.0_a0.3_068.gff
NA	Y	N	585.747	601.963	600.954	1.009	2.0	0.3	s15_t2.0_a0.3_069.gff
NA	Y	N	425.136	602.209	600.678	1.531	2.0	0.3	s15_t2.0_a0.3_070.gff
NA	Y	N	593.362	601.903	601.124	0.779	2.0	0.3	s15_t2.0_a0.3_071.gff
NA	Y	N	584.060	601.692	600.559	1.133	2.0	0.3	s15_t2.0_a0.3_072.gff
NA	Y	N	581.390	601.983	601.043	0.940	2.0	0.3	s15_t2.0_a0.3_073.gff
NA	Y	N	576.220	602.149	600.995	1.154	2.0	0.3	s15_t2.0_a0.3_074.gff
NA	Y	N	577.187	601.957	600.751	1.206	2.0	0.3	s15_t2.0_a0.3_075.gff
NA	Y	N	526.728	601.894	600.781	1.113	2.0	0.3	s15_t2.0_a0.3_076.gff
NA	Y	N	582.491	602.083	601.025	1.058	2.0	0.3	s15_t2.0_a0.3_077.gff
NA	Y	N	562.082	601.912	600.758	1.154	2.0	0.3	s15_t2.0_a0.3_078.gff
NA	Y	N	598.924	601.471	600.818	0.653	2.0	0.3	s15_t2.0_a0.3_079.gff
NA	Y	N	591.184	602.005	600.778	1.227	2.0	0.3	s15_t2.0_a0.3_080.gff
NA	Y	N	598.218	601.630	600.666	0.964	2.0	0.3	s15_t2.0_a0.3_081.gff
NA	Y	N	552.913	601.792	599.702	2.090	2.0	0.3	s15_t2.0_a0.3_082.gff
NA	Y	N	579.646	602.147	600.956	1.191	2.0	0.3	s15_t2.0_a0.3_083.gff
NA	Y	N	579.967	602.040	600.945	1.095	2.0	0.3	s15_t2.0_a0.3_084.gff
NA	Y	N	580.153	602.059	600.789	1.270	2.0	0.3	s15_t2.0_a0.3_085.gff
NA	Y	N	469.508	602.132	600.867	1.265	2.0	0.3	s15_t2.0_a0.3_086.gff
NA	Y	N	579.533	601.992	600.975	1.017	2.0	0.3	s15_t2.0_a0.3_087.gff
NA	Y	N	582.020	601.878	600.824	1.054	2.0	0.3	s15_t2.0_a0.3_088.gff
NA	Y	N	582.628	601.959	600.939	1.020	2.0	0.3	s15_t2.0_a0.3_089.gff
NA	Y	N	585.542	601.916	600.927	0.989	2.0	0.3	s15_t2.0_a0.3_090.gff
NA	Y	N	587.573	601.702	600.398	1.304	2.0	0.3	s15_t2.0_a0.3_091.gff
NA	Y	N	577.944	602.117	600.938	1.179	2.0	0.3	s15_t2.0_a0.3_092.gff
NA	Y	N	421.234	602.164	600.935	1.229	2.0	0.3	s15_t2.0_a0.3_093.gff
NA	Y	N	586.071	601.675	600.324	1.351	2.0	0.3	s15_t2.0_a0.3_094.gff
NA	Y	N	551.700	601.933	600.016	1.917	2.0	0.3	s15_t2.0_a0.3_095.gff
NA	Y	N	530.194	601.963	600.744	1.219	2.0	0.3	s15_t2.0_a0.3_096.gff
NA	Y	N	579.796	602.037	600.889	1.148	2.0	0.3	s15_t2.0_a0.3_097.gff
NA	Y	N	298.053	602.393	601.181	1.212	2.0	0.3	s15_t2.0_a0.3_098.gff
NA	Y	N	584.389	601.808	600.413	1.395	2.0	0.3	s15_t2.0_a0.3_099.gff
NA	Y	N	589.316	601.750	600.583	1.167	2.0	0.3	s15_t2.0_a0.3_100.gff
NA	Y	N	395.175	602.293	601.125	1.168	2.0	0.4	s15_t2.0_a0.4_001.gff
NA	Y	N	375.931	602.592	600.205	2.387	2.0	0.4	s15_t2.0_a0.4_002.gff
NA	Y	N	497.795	601.971	600.765	1.206	2.0	0.4	s15_t2.0_a0.4_003.gff
NA	Y	N	550.414	601.818	599.492	2.326	2.0	0.4	s15_t2.0_a0.4_004.gff
NA	Y	N	444.930	601.854	600.786	1.068	2.0	0.4	s15_t2.0_a0.4_005.gff
NA	Y	N	438.419	602.180	600.986	1.194	2.0	0.4	s15_t2.0_a0.4_006.gff
NA	Y	N	387.081	601.952	600.849	1.103	2.0	0.4	s15_t2.0_a0.4_007.gff
NA	Y	N	582.936	602.058	601.053	1.005	2.0	0.4	s15_t2.0_a0.4_008.gff
NA	Y	N	452.884	602.217	601.013	1.204	2.0	0.4	s15_t2.0_a0.4_009.gff
NA	Y	N	415.393	602.253	600.837	1.416	2.0	0.4	s15_t2.0_a0.4_010.gff
NA	Y	N	440.582	602.234	600.939	1.295	2.0	0.4	s15_t2.0_a0.4_011.gff
NA	Y	N	596.806	601.615	600.628	0.987	2.0	0.4	s15_t2.0_a0.4_012.gff
NA	Y	N	567.150	601.878	599.782	2.096	2.0	0.4	s15_t2.0_a0.4_013.gff
NA	Y	N	529.229	601.901	600.670	1.231	2.0	0.4	s15_t2.0_a0.4_014.gff
NA	Y	N	413.772	602.229	601.104	1.125	2.0	0.4	s15_t2.0_a0.4_015.gff
NA	Y	N	578.189	601.965	600.435	1.530	2.0	0.4	s15_t2.0_a0.4_016.gff
NA	Y	N	513.877	601.835	600.471	1.364	2.0	0.4	s15_t2.0_a0.4_017.gff
NA	Y	N	453.219	602.155	600.975	1.180	2.0	0.4	s15_t2.0_a0.4_018.gff
NA	Y	N	373.249	602.098	601.039	1.059	2.0	0.4	s15_t2.0_a0.4_019.gff
NA	Y	N	343.205	602.315	601.101	1.214	2.0	0.4	s15_t2.0_a0.4_020.gff
NA	Y	N	276.254	602.500	601.310	1.190	2.0	0.4	s15_t2.0_a0.4_021.gff
NA	Y	N	584.418	601.948	600.922	1.026	2.0	0.4	s15_t2.0_a0.4_022.gff
NA	Y	N	447.295	602.365	601.119	1.246	2.0	0.4	s15_t2.0_a0.4_023.gff
NA	Y	N	580.509	601.981	600.898	1.083	2.0	0.4	s15_t2.0_a0.4_024.gff
NA	Y	N	565.146	601.821	600.100	1.721	2.0	0.4	s15_t2.0_a0.4_025.gff
NA	Y	N	353.219	602.121	600.936	1.185	2.0	0.4	s15_t2.0_a0.4_026.gff
NA	Y	N	387.548	602.117	600.979	1.138	2.0	0.4	s15_t2.0_a0.4_027.gff
NA	Y	N	597.162	601.507	600.578	0.929	2.0	0.4	s15_t2.0_a0.4_028.gff
NA	Y	N	449.259	601.889	600.771	1.118	2.0	0.4	s15_t2.0_a0.4_029.gff
NA	Y	N	444.893	601.931	600.740	1.191	2.0	0.4	s15_t2.0_a0.4_030.gff
NA	Y	N	352.234	602.103	600.915	1.188	2.0	0.4	s15_t2.0_a0.4_031.gff
NA	Y	N	589.187	601.730	600.373	1.357	2.0	0.4	s15_t2.0_a0.4_032.gff
NA	Y	N	397.363	602.218	601.067	1.151	2.0	0.4	s15_t2.0_a0.4_033.gff
NA	Y	N	501.275	602.156	600.761	1.395	2.0	0.4	s15_t2.0_a0.4_034.gff
NA	Y	N	372.240	602.381	601.041	1.340	2.0	0.4	s15_t2.0_a0.4_035.gff
NA	Y	N	481.564	601.960	600.854	1.106	2.0	0.4	s15_t2.0_a0.4_036.gff
NA	Y	N	222.187	602.578	601.191	1.387	2.0	0.4	s15_t2.0_a0.4_037.gff
NA	Y	N	518.200	601.827	600.614	1.213	2.0	0.4	s15_t2.0_a0.4_038.gff
NA	Y	N	362.264	602.144	600.837	1.307	2.0	0.4	s15_t2.0_a0.4_039.gff
NA	Y	N	505.039	601.966	600.878	1.088	2.0	0.4	s15_t2.0_a0.4_040.gff
NA	Y	N	314.398	602.602	601.246	1.356	2.0	0.4	s15_t2.0_a0.4_041.gff
NA	Y	N	441.417	602.173	600.780	1.393	2.0	0.4	s15_t2.0_a0.4_042.gff
NA	Y	N	555.509	601.876	599.818	2.058	2.0	0.4	s15_t2.0_a0.4_043.gff
NA	Y	N	553.833	601.759	600.701	1.058	2.0	0.4	s15_t2.0_a0.4_044.gff
NA	Y	N	384.744	602.316	600.814	1.502	2.0	0.4	s15_t2.0_a0.4_045.gff
NA	N	Y	189.881	435.653	434.422	1.231	2.0	0.4	s15_t2.0_a0.4_046.gff
NA	Y	N	333.373	602.363	601.010	1.353	2.0	0.4	s15_t2.0_a0.4_047.gff
NA	Y	N	599.322	601.494	600.622	0.872	2.0	0.4	s15_t2.0_a0.4_048.gff
NA	Y	N	357.444	602.061	600.326	1.735	2.0	0.4	s15_t2.0_a0.4_049.gff
NA	Y	N	584.496	601.870	600.638	1.232	2.0	0.4	s15_t2.0_a0.4_050.gff
NA	Y	N	588.471	601.554	600.337	1.217	2.0	0.4	s15_t2.0_a0.4_051.gff
NA	Y	N	436.141	602.301	600.844	1.457	2.0	0.4	s15_t2.0_a0.4_052.gff
NA	Y	N	273.994	602.652	601.307	1.345	2.0	0.4	s15_t2.0_a0.4_053.gff
NA	Y	N	559.815	602.016	599.444	2.572	2.0	0.4	s15_t2.0_a0.4_054.gff
NA	Y	N	354.101	602.728	601.281	1.447	2.0	0.4	s15_t2.0_a0.4_055.gff
NA	Y	N	437.840	602.175	600.793	1.382	2.0	0.4	s15_t2.0_a0.4_056.gff
NA	Y	N	597.396	601.606	600.553	1.053	2.0	0.4	s15_t2.0_a0.4_057.gff
NA	Y	N	486.027	601.768	600.456	1.312	2.0	0.4	s15_t2.0_a0.4_058.gff
NA	Y	N	559.998	601.828	600.385	1.443	2.0	0.4	s15_t2.0_a0.4_059.gff
NA	Y	N	584.611	601.920	600.883	1.037	2.0	0.4	s15_t2.0_a0.4_060.gff
NA	Y	N	276.828	602.529	601.083	1.446	2.0	0.4	s15_t2.0_a0.4_061.gff
NA	Y	N	593.405	601.586	600.795	0.791	2.0	0.4	s15_t2.0_a0.4_062.gff
NA	Y	N	553.863	601.828	599.867	1.961	2.0	0.4	s15_t2.0_a0.4_063.gff
NA	Y	N	585.838	601.790	600.591	1.199	2.0	0.4	s15_t2.0_a0.4_064.gff
NA	Y	N	407.043	602.159	600.961	1.198	2.0	0.4	s15_t2.0_a0.4_065.gff
NA	Y	N	299.295	602.305	601.130	1.175	2.0	0.4	s15_t2.0_a0.4_066.gff
NA	Y	N	451.360	602.036	600.882	1.154	2.0	0.4	s15_t2.0_a0.4_067.gff
48109	N	N	109.307	134.855	133.987	0.868	2.0	0.4	s15_t2.0_a0.4_068.gff
NA	Y	N	409.912	602.167	600.969	1.198	2.0	0.4	s15_t2.0_a0.4_069.gff
NA	Y	N	488.810	601.879	600.656	1.223	2.0	0.4	s15_t2.0_a0.4_070.gff
NA	Y	N	527.724	602.423	600.863	1.560	2.0	0.4	s15_t2.0_a0.4_071.gff
NA	Y	N	352.338	602.565	601.223	1.342	2.0	0.4	s15_t2.0_a0.4_072.gff
NA	Y	N	584.858	601.850	600.896	0.954	2.0	0.4	s15_t2.0_a0.4_073.gff
NA	Y	N	579.775	601.986	600.919	1.067	2.0	0.4	s15_t2.0_a0.4_074.gff
NA	Y	N	294.308	602.283	600.933	1.350	2.0	0.4	s15_t2.0_a0.4_075.gff
NA	Y	N	522.906	601.671	600.570	1.101	2.0	0.4	s15_t2.0_a0.4_076.gff
NA	Y	N	435.558	602.066	600.819	1.247	2.0	0.4	s15_t2.0_a0.4_077.gff
NA	Y	N	328.600	602.482	601.135	1.347	2.0	0.4	s15_t2.0_a0.4_078.gff
NA	Y	N	438.537	602.085	600.937	1.148	2.0	0.4	s15_t2.0_a0.4_079.gff
NA	Y	N	444.712	601.876	600.798	1.078	2.0	0.4	s15_t2.0_a0.4_080.gff
NA	Y	N	528.080	601.937	600.754	1.183	2.0	0.4	s15_t2.0_a0.4_081.gff
NA	N	Y	153.586	207.127	206.159	0.968	2.0	0.4	s15_t2.0_a0.4_082.gff
NA	Y	N	200.095	602.350	601.181	1.169	2.0	0.4	s15_t2.0_a0.4_083.gff
NA	Y	N	297.271	602.012	600.953	1.059	2.0	0.4	s15_t2.0_a0.4_084.gff
NA	Y	N	587.931	601.842	600.622	1.220	2.0	0.4	s15_t2.0_a0.4_085.gff
NA	Y	N	434.948	602.070	600.961	1.109	2.0	0.4	s15_t2.0_a0.4_086.gff
NA	Y	N	557.495	601.926	600.788	1.138	2.0	0.4	s15_t2.0_a0.4_087.gff
NA	Y	N	529.741	601.900	600.482	1.418	2.0	0.4	s15_t2.0_a0.4_088.gff
NA	Y	N	552.583	601.811	600.638	1.173	2.0	0.4	s15_t2.0_a0.4_089.gff
NA	Y	N	457.022	601.917	600.568	1.349	2.0	0.4	s15_t2.0_a0.4_090.gff
NA	Y	N	372.897	602.112	600.944	1.168	2.0	0.4	s15_t2.0_a0.4_091.gff
NA	Y	N	324.863	602.433	600.009	2.424	2.0	0.4	s15_t2.0_a0.4_092.gff
NA	Y	N	308.947	602.686	601.324	1.362	2.0	0.4	s15_t2.0_a0.4_093.gff
NA	Y	N	403.739	602.314	601.108	1.206	2.0	0.4	s15_t2.0_a0.4_094.gff
NA	Y	N	406.660	602.191	600.930	1.261	2.0	0.4	s15_t2.0_a0.4_095.gff
NA	Y	N	485.108	601.978	600.625	1.353	2.0	0.4	s15_t2.0_a0.4_096.gff
NA	Y	N	582.022	601.802	600.484	1.318	2.0	0.4	s15_t2.0_a0.4_097.gff
NA	Y	N	558.940	602.058	600.343	1.715	2.0	0.4	s15_t2.0_a0.4_098.gff
NA	Y	N	334.544	602.433	601.150	1.283	2.0	0.4	s15_t2.0_a0.4_099.gff
58238	N	N	104.627	131.397	130.527	0.870	2.0	0.4	s15_t2.0_a0.4_100.gff
NA	Y	N	229.167	602.490	601.178	1.312	2.0	0.5	s15_t2.0_a0.5_001.gff
46021	N	N	68.788	83.815	83.058	0.757	2.0	0.5	s15_t2.0_a0.5_002.gff
23027	N	N	48.187	57.524	56.909	0.615	2.0	0.5	s15_t2.0_a0.5_003.gff
32848	N	N	110.232	135.323	133.510	1.813	2.0	0.5	s15_t2.0_a0.5_004.gff
53820	N	N	134.638	182.255	181.277	0.978	2.0	0.5	s15_t2.0_a0.5_005.gff
NA	Y	N	214.727	603.070	601.508	1.562	2.0	0.5	s15_t2.0_a0.5_006.gff
NA	Y	N	205.066	602.454	601.142	1.312	2.0	0.5	s15_t2.0_a0.5_007.gff
42840	N	N	116.539	139.490	138.593	0.897	2.0	0.5	s15_t2.0_a0.5_008.gff
39056	N	N	91.055	110.584	109.759	0.825	2.0	0.5	s15_t2.0_a0.5_009.gff
6331	N	N	10.484	16.360	15.998	0.362	2.0	0.5	s15_t2.0_a0.5_010.gff
39025	N	N	111.415	135.694	134.798	0.896	2.0	0.5	s15_t2.0_a0.5_011.gff
63389	N	N	126.682	160.130	159.201	0.929	2.0	0.5	s15_t2.0_a0.5_012.gff
NA	Y	N	313.831	602.260	600.142	2.118	2.0	0.5	s15_t2.0_a0.5_013.gff
NA	Y	N	218.431	602.229	600.962	1.267	2.0	0.5	s15_t2.0_a0.5_014.gff
26578	N	N	85.618	102.090	101.304	0.786	2.0	0.5	s15_t2.0_a0.5_015.gff
NA	Y	N	245.933	602.498	601.226	1.272	2.0	0.5	s15_t2.0_a0.5_016.gff
3060	N	N	6.676	10.956	10.640	0.316	2.0	0.5	s15_t2.0_a0.5_017.gff
19395	N	N	72.121	86.081	85.319	0.762	2.0	0.5	s15_t2.0_a0.5_018.gff
4737	N	N	14.847	21.218	20.847	0.371	2.0	0.5	s15_t2.0_a0.5_019.gff
50004	N	N	117.443	145.221	144.226	0.995	2.0	0.5	s15_t2.0_a0.5_020.gff
32738	N	N	68.390	83.163	82.339	0.824	2.0	0.5	s15_t2.0_a0.5_021.gff
NA	Y	N	232.989	602.259	600.834	1.425	2.0	0.5	s15_t2.0_a0.5_022.gff
31586	N	N	94.392	116.380	115.543	0.837	2.0	0.5	s15_t2.0_a0.5_023.gff
76322	N	N	156.460	203.369	202.408	0.961	2.0	0.5	s15_t2.0_a0.5_024.gff
32138	N	N	173.723	213.202	212.170	1.032	2.0	0.5	s15_t2.0_a0.5_025.gff
23034	N	N	95.243	114.048	113.190	0.858	2.0	0.5	s15_t2.0_a0.5_026.gff
2356	N	N	5.247	9.328	9.041	0.287	2.0	0.5	s15_t2.0_a0.5_027.gff
24445	N	N	58.195	69.970	69.291	0.679	2.0	0.5	s15_t2.0_a0.5_028.gff
NA	Y	N	220.375	603.010	601.595	1.415	2.0	0.5	s15_t2.0_a0.5_029.gff
NA	Y	N	234.902	602.548	601.168	1.380	2.0	0.5	s15_t2.0_a0.5_030.gff
13910	N	N	17.866	24.872	24.501	0.371	2.0	0.5	s15_t2.0_a0.5_031.gff
44066	N	N	109.861	131.693	130.816	0.877	2.0	0.5	s15_t2.0_a0.5_032.gff
21003	N	N	96.914	113.756	112.890	0.866	2.0	0.5	s15_t2.0_a0.5_033.gff
37523	N	N	115.140	148.026	146.135	1.891	2.0	0.5	s15_t2.0_a0.5_034.gff
59814	N	N	152.275	183.070	182.150	0.920	2.0	0.5	s15_t2.0_a0.5_035.gff
20268	N	N	32.157	41.485	40.924	0.561	2.0	0.5	s15_t2.0_a0.5_036.gff
61152	N	N	95.417	115.703	114.828	0.875	2.0	0.5	s15_t2.0_a0.5_037.gff
16533	N	N	23.532	31.345	30.897	0.448	2.0	0.5	s15_t2.0_a0.5_038.gff
14714	N	N	24.144	33.403	32.920	0.483	2.0	0.5	s15_t2.0_a0.5_039.gff
NA	Y	N	224.351	602.775	601.250	1.525	2.0	0.5	s15_t2.0_a0.5_040.gff
34689	N	N	102.163	123.556	122.371	1.185	2.0	0.5	s15_t2.0_a0.5_041.gff
34085	N	N	76.071	90.840	90.006	0.834	2.0	0.5	s15_t2.0_a0.5_042.gff
15997	N	N	16.911	23.912	23.495	0.417	2.0	0.5	s15_t2.0_a0.5_043.gff
9956	N	N	18.758	26.025	25.632	0.393	2.0	0.5	s15_t2.0_a0.5_044.gff
6297	N	N	8.915	15.192	14.834	0.358	2.0	0.5	s15_t2.0_a0.5_045.gff
39987	N	N	71.681	86.842	85.996	0.846	2.0	0.5	s15_t2.0_a0.5_046.gff
NA	N	Y	223.013	376.037	373.319	2.718	2.0	0.5	s15_t2.0_a0.5_047.gff
22713	N	N	77.623	94.507	93.671	0.836	2.0	0.5	s15_t2.0_a0.5_048.gff
6347	N	N	16.481	22.254	21.890	0.364	2.0	0.5	s15_t2.0_a0.5_049.gff
12640	N	N	14.852	21.352	20.954	0.398	2.0	0.5	s15_t2.0_a0.5_050.gff
48163	N	N	99.763	122.986	122.060	0.926	2.0	0.5	s15_t2.0_a0.5_051.gff
41286	N	N	181.747	238.113	235.938	2.175	2.0	0.5	s15_t2.0_a0.5_052.gff
20872	N	N	46.079	55.814	55.229	0.585	2.0	0.5	s15_t2.0_a0.5_053.gff
22578	N	N	37.453	46.282	45.768	0.514	2.0	0.5	s15_t2.0_a0.5_054.gff
9404	N	N	13.709	20.613	20.256	0.357	2.0	0.5	s15_t2.0_a0.5_055.gff
13397	N	N	32.403	42.503	41.995	0.508	2.0	0.5	s15_t2.0_a0.5_056.gff
11151	N	N	18.945	26.131	25.748	0.383	2.0	0.5	s15_t2.0_a0.5_057.gff
10870	N	N	23.740	32.412	31.912	0.500	2.0	0.5	s15_t2.0_a0.5_058.gff
42529	N	N	89.945	112.999	112.104	0.895	2.0	0.5	s15_t2.0_a0.5_059.gff
4978	N	N	12.332	18.075	17.750	0.325	2.0	0.5	s15_t2.0_a0.5_060.gff
40980	N	N	117.169	141.077	140.220	0.857	2.0	0.5	s15_t2.0_a0.5_061.gff
5689	N	N	13.580	19.474	19.152	0.322	2.0	0.5	s15_t2.0_a0.5_062.gff
32752	N	N	108.687	134.740	133.087	1.653	2.0	0.5	s15_t2.0_a0.5_063.gff
NA	N	Y	157.883	215.421	212.986	2.435	2.0	0.5	s15_t2.0_a0.5_064.gff
NA	Y	N	253.368	603.139	601.522	1.617	2.0	0.5	s15_t2.0_a0.5_065.gff
6763	N	N	10.744	16.737	16.396	0.341	2.0	0.5	s15_t2.0_a0.5_066.gff
22770	N	N	39.559	50.137	49.540	0.597	2.0	0.5	s15_t2.0_a0.5_067.gff
8845	N	N	13.928	20.201	19.861	0.340	2.0	0.5	s15_t2.0_a0.5_068.gff
NA	Y	N	216.298	602.683	601.371	1.312	2.0	0.5	s15_t2.0_a0.5_069.gff
5680	N	N	8.085	14.004	13.659	0.345	2.0	0.5	s15_t2.0_a0.5_070.gff
NA	Y	N	246.630	602.627	601.280	1.347	2.0	0.5	s15_t2.0_a0.5_071.gff
6263	N	N	10.626	16.044	15.681	0.363	2.0	0.5	s15_t2.0_a0.5_072.gff
7819	N	N	16.213	23.157	22.770	0.387	2.0	0.5	s15_t2.0_a0.5_073.gff
12845	N	N	56.070	65.214	64.687	0.527	2.0	0.5	s15_t2.0_a0.5_074.gff
45395	N	N	87.627	104.782	103.912	0.870	2.0	0.5	s15_t2.0_a0.5_075.gff
51253	N	N	85.558	102.289	101.513	0.776	2.0	0.5	s15_t2.0_a0.5_076.gff
NA	N	Y	201.327	385.855	383.259	2.596	2.0	0.5	s15_t2.0_a0.5_077.gff
60812	N	N	123.282	150.683	149.767	0.916	2.0	0.5	s15_t2.0_a0.5_078.gff
NA	Y	N	244.821	603.086	601.686	1.400	2.0	0.5	s15_t2.0_a0.5_079.gff
3020	N	N	10.261	16.058	15.745	0.313	2.0	0.5	s15_t2.0_a0.5_080.gff
4918	N	N	13.635	19.907	19.552	0.355	2.0	0.5	s15_t2.0_a0.5_081.gff
NA	Y	N	204.521	602.773	601.300	1.473	2.0	0.5	s15_t2.0_a0.5_082.gff
25754	N	N	60.812	72.966	72.200	0.766	2.0	0.5	s15_t2.0_a0.5_083.gff
39318	N	N	116.568	138.636	137.741	0.895	2.0	0.5	s15_t2.0_a0.5_084.gff
27807	N	N	82.988	99.134	98.275	0.859	2.0	0.5	s15_t2.0_a0.5_085.gff
NA	Y	N	259.028	602.377	601.078	1.299	2.0	0.5	s15_t2.0_a0.5_086.gff
30033	N	N	107.260	125.772	124.914	0.858	2.0	0.5	s15_t2.0_a0.5_087.gff
13208	N	N	27.778	34.109	33.667	0.442	2.0	0.5	s15_t2.0_a0.5_088.gff
NA	Y	N	242.562	602.363	601.122	1.241	2.0	0.5	s15_t2.0_a0.5_089.gff
NA	Y	N	244.208	602.378	601.124	1.254	2.0	0.5	s15_t2.0_a0.5_090.gff
NA	Y	N	229.797	602.489	601.239	1.250	2.0	0.5	s15_t2.0_a0.5_091.gff
7479	N	N	12.245	18.167	17.789	0.378	2.0	0.5	s15_t2.0_a0.5_092.gff
31766	N	N	74.975	90.181	89.318	0.863	2.0	0.5	s15_t2.0_a0.5_093.gff
10500	N	N	18.640	25.054	24.672	0.382	2.0	0.5	s15_t2.0_a0.5_094.gff
34565	N	N	43.782	53.616	52.956	0.660	2.0	0.5	s15_t2.0_a0.5_095.gff
NA	N	Y	190.282	425.141	422.184	2.957	2.0	0.5	s15_t2.0_a0.5_096.gff
12045	N	N	22.338	29.590	29.142	0.448	2.0	0.5	s15_t2.0_a0.5_097.gff
51709	N	N	130.672	156.620	155.699	0.921	2.0	0.5	s15_t2.0_a0.5_098.gff
52024	N	N	136.237	166.254	165.271	0.983	2.0	0.5	s15_t2.0_a0.5_099.gff
24652	N	N	46.061	53.062	52.439	0.623	2.0	0.5	s15_t2.0_a0.5_100.gff
